Date,Open,High,Low,Close,Volume,Adj Close
2012-05-04,19.68,20.00,19.23,19.42,118700,19.42
2012-05-03,20.12,20.15,19.53,19.83,65000,19.83
2012-05-02,19.85,20.21,19.75,20.12,151000,20.12
2012-05-01,19.75,20.62,19.75,20.08,103200,20.08
2012-04-30,20.03,20.07,19.60,19.69,67000,19.69
2012-04-27,19.62,20.05,19.16,20.04,150700,20.04
2012-04-26,19.49,19.90,19.45,19.53,33100,19.53
2012-04-25,19.54,20.00,19.46,19.50,101500,19.50
2012-04-24,18.88,19.37,18.69,19.26,134600,19.26
2012-04-23,19.08,19.08,18.67,18.84,92600,18.84
2012-04-20,19.39,19.94,19.34,19.44,159300,19.44
2012-04-19,19.22,19.66,19.03,19.22,92000,19.22
2012-04-18,19.56,19.64,18.89,19.25,103700,19.25
2012-04-17,19.07,19.81,18.98,19.73,164700,19.73
2012-04-16,18.75,18.89,18.48,18.86,60700,18.86
2012-04-13,18.73,18.83,18.51,18.62,69900,18.62
2012-04-12,18.80,19.15,18.73,18.88,59300,18.88
2012-04-11,18.82,18.87,18.50,18.85,86400,18.85
2012-04-10,18.57,18.72,18.46,18.60,152000,18.60
2012-04-09,17.98,18.69,17.88,18.57,91600,18.57
2012-04-05,17.96,18.46,17.95,18.41,78200,18.41
2012-04-04,18.30,18.30,17.85,18.07,69600,18.07
2012-04-03,18.74,18.83,18.52,18.61,116700,18.61
2012-04-02,18.54,18.78,18.27,18.75,80800,18.75
2012-03-30,18.80,18.80,18.50,18.70,94200,18.70
2012-03-29,18.61,18.93,18.58,18.77,75800,18.77
2012-03-28,18.82,18.82,18.54,18.79,87300,18.79
2012-03-27,18.97,19.01,18.75,18.76,70800,18.76
2012-03-26,18.76,19.40,18.65,18.98,195600,18.98
2012-03-23,18.28,18.54,18.14,18.50,60900,18.50
2012-03-22,18.19,18.48,17.96,18.32,144000,18.32
2012-03-21,18.28,18.65,18.28,18.41,54000,18.41
2012-03-20,18.37,18.44,18.06,18.25,58600,18.25
2012-03-19,18.25,18.75,18.22,18.55,105300,18.55
2012-03-16,18.55,18.65,18.02,18.30,196100,18.30
2012-03-15,18.53,18.63,18.18,18.50,134100,18.50
2012-03-14,18.80,18.80,18.37,18.52,93900,18.52
2012-03-13,18.80,18.96,18.61,18.87,153300,18.87
2012-03-12,18.57,18.98,18.50,18.69,108500,18.69
2012-03-09,18.40,18.59,18.24,18.55,202000,18.55
2012-03-08,18.13,18.47,18.10,18.43,138000,18.43
2012-03-07,18.00,18.25,17.92,18.11,100600,18.11
2012-03-06,17.68,18.22,17.50,18.10,133500,18.10
2012-03-05,17.78,18.09,17.67,17.98,64000,17.98
2012-03-02,17.88,18.22,17.57,18.00,140400,18.00
2012-03-01,17.70,18.48,17.70,17.85,85000,17.85
2012-02-29,18.00,18.37,17.50,17.53,61200,17.53
2012-02-28,18.16,18.80,17.89,18.00,123800,18.00
2012-02-27,18.24,18.41,17.37,18.08,88600,18.08
2012-02-24,19.00,19.00,18.42,18.44,42700,18.44
2012-02-23,18.47,18.99,18.32,18.96,72500,18.96
2012-02-22,18.56,18.65,18.39,18.48,29000,18.48
2012-02-21,18.66,18.98,18.45,18.53,133300,18.53
2012-02-17,19.37,19.37,18.29,18.45,89400,18.45
2012-02-16,18.67,19.36,18.53,19.31,135100,19.31
2012-02-15,18.80,19.02,18.56,18.65,283900,18.65
2012-02-14,19.87,19.91,18.95,19.25,233700,19.25
2012-02-13,19.89,20.64,19.75,20.47,170700,20.47
2012-02-10,18.30,20.25,18.30,19.53,249000,19.53
2012-02-09,17.98,18.05,17.71,17.87,239400,17.87
2012-02-08,17.72,18.04,17.39,17.88,62600,17.88
2012-02-07,17.82,18.10,17.59,17.72,86800,17.72
2012-02-06,18.12,18.21,17.62,17.82,89000,17.82
2012-02-03,16.91,18.51,16.89,18.31,609400,18.31
2012-02-02,16.51,17.10,16.51,16.84,62300,16.84
2012-02-01,16.38,16.72,16.32,16.56,78800,16.56
2012-01-31,16.63,16.70,16.18,16.22,74600,16.22
2012-01-30,16.39,16.83,16.35,16.42,53400,16.42
2012-01-27,16.71,17.03,16.50,16.62,58300,16.62
2012-01-26,16.71,16.83,16.47,16.72,61600,16.72
2012-01-25,16.55,17.02,16.44,16.75,33900,16.75
2012-01-24,16.42,16.63,16.32,16.52,70600,16.52
2012-01-23,16.77,16.94,16.48,16.52,41200,16.52
2012-01-20,16.59,16.87,16.42,16.81,156900,16.81
2012-01-19,16.74,16.82,16.35,16.55,142300,16.55
2012-01-18,15.75,16.76,15.63,16.73,100200,16.73
2012-01-17,15.63,15.65,15.44,15.65,58500,15.65
2012-01-13,14.84,15.60,14.77,15.42,65000,15.42
2012-01-12,15.02,15.33,14.55,15.08,100800,15.08
2012-01-11,14.73,15.15,14.56,14.92,48400,14.92
2012-01-10,14.82,15.07,14.67,14.82,61600,14.82
2012-01-09,14.96,14.96,14.25,14.63,65200,14.63
2012-01-06,14.68,15.03,14.49,14.92,57100,14.92
2012-01-05,14.71,14.84,14.26,14.74,55400,14.74
2012-01-04,14.76,15.15,14.63,14.82,53400,14.82
2012-01-03,15.43,15.43,14.71,14.82,101900,14.82
2011-12-30,15.07,15.39,14.84,14.88,67700,14.88
2011-12-29,14.90,15.26,14.90,15.13,46600,15.13
2011-12-28,15.37,15.37,14.76,14.80,38900,14.80
2011-12-27,15.22,15.52,14.87,15.41,49100,15.41
2011-12-23,15.40,15.40,14.87,15.34,87200,15.34
2011-12-22,15.51,15.83,15.21,15.31,67400,15.31
2011-12-21,16.93,16.93,15.19,15.31,131500,15.31
2011-12-20,16.24,17.17,16.19,17.08,81400,17.08
2011-12-19,16.45,16.90,15.62,15.69,80500,15.69
2011-12-16,16.64,17.33,16.14,16.26,87300,16.26
2011-12-15,16.08,16.51,15.46,16.50,89000,16.50
2011-12-14,16.45,16.54,15.30,15.75,135800,15.75
2011-12-13,17.24,17.35,16.56,16.58,75000,16.58
2011-12-12,16.57,17.09,16.35,17.05,75900,17.05
2011-12-09,16.08,17.06,16.04,16.87,103500,16.87
2011-12-08,16.61,16.78,15.96,16.04,94900,16.04
2011-12-07,16.65,16.93,16.02,16.82,68900,16.82
2011-12-06,17.14,17.14,16.31,16.79,66000,16.79
2011-12-05,16.95,17.42,16.71,17.15,212200,17.15
2011-12-02,16.52,16.71,16.21,16.58,60900,16.58
2011-12-01,15.90,16.61,15.61,16.20,81600,16.20
2011-11-30,15.56,16.21,15.56,16.01,205500,16.01
2011-11-29,14.91,15.17,14.57,14.73,71100,14.73
2011-11-28,14.01,15.14,13.86,14.92,144000,14.92
2011-11-25,13.63,13.79,13.20,13.20,26300,13.20
2011-11-23,14.38,14.38,13.67,13.73,90700,13.73
2011-11-22,14.90,15.05,14.44,14.58,52100,14.58
2011-11-21,15.09,15.14,14.70,14.96,66300,14.96
2011-11-18,15.85,15.88,15.28,15.49,44200,15.49
2011-11-17,16.32,16.36,15.67,15.84,61200,15.84
2011-11-16,16.26,16.93,16.26,16.34,120600,16.34
2011-11-15,16.40,16.61,16.13,16.53,122600,16.53
2011-11-14,16.35,16.51,16.23,16.42,105800,16.42
2011-11-11,15.96,16.56,15.96,16.45,127500,16.45
2011-11-10,15.65,15.97,15.24,15.72,36200,15.72
2011-11-09,15.79,16.23,15.29,15.30,81800,15.30
2011-11-08,16.37,16.54,15.79,16.39,75100,16.39
2011-11-07,16.05,16.32,15.49,16.19,54200,16.19
2011-11-04,15.99,16.67,15.99,16.10,48200,16.10
2011-11-03,14.92,15.76,14.47,15.68,92600,15.68
2011-11-02,14.94,15.07,14.46,14.69,111300,14.69
2011-11-01,15.09,15.53,14.49,14.59,101100,14.59
2011-10-31,16.02,16.07,15.58,15.86,81500,15.86
2011-10-28,16.10,16.44,15.93,16.30,117800,16.30
2011-10-27,15.69,16.31,15.43,16.20,140800,16.20
2011-10-26,15.22,15.25,14.44,15.08,77600,15.08
2011-10-25,16.06,16.22,14.84,14.94,81700,14.94
2011-10-24,15.59,16.39,15.59,16.20,152800,16.20
2011-10-21,14.92,15.54,14.74,15.53,87700,15.53
2011-10-20,14.58,14.78,13.83,14.72,49600,14.72
2011-10-19,15.22,15.34,14.46,14.56,46200,14.56
2011-10-18,14.81,15.43,14.21,15.28,70000,15.28
2011-10-17,16.14,16.14,14.63,14.69,87000,14.69
2011-10-14,15.73,16.36,15.62,16.31,51300,16.31
2011-10-13,15.26,15.74,15.20,15.51,49500,15.51
2011-10-12,14.94,15.57,14.94,15.42,94300,15.42
2011-10-11,14.80,15.02,14.57,14.78,56300,14.78
2011-10-10,14.58,15.00,14.30,14.93,92600,14.93
2011-10-07,14.77,14.87,14.02,14.25,74700,14.25
2011-10-06,14.14,14.78,14.06,14.74,86000,14.74
2011-10-05,13.78,14.37,13.78,14.24,153400,14.24
2011-10-04,11.63,14.02,11.53,13.87,179400,13.87
2011-10-03,12.75,13.15,11.64,11.66,134100,11.66
2011-09-30,12.47,13.52,12.40,12.89,194300,12.89
2011-09-29,13.28,13.41,12.30,12.72,123500,12.72
2011-09-28,13.29,13.29,12.75,12.90,194000,12.90
2011-09-27,13.26,13.45,12.98,13.30,257300,13.30
2011-09-26,12.95,12.97,12.37,12.93,46500,12.93
2011-09-23,12.71,13.16,12.50,12.84,73700,12.84
2011-09-22,12.47,13.12,12.29,12.72,157000,12.72
2011-09-21,14.03,14.19,12.92,12.97,149300,12.97
2011-09-20,14.90,14.90,13.96,13.97,85500,13.97
2011-09-19,14.64,14.97,14.43,14.72,42200,14.72
2011-09-16,15.05,15.07,14.63,15.00,92900,15.00
2011-09-15,15.01,15.28,14.74,14.93,175500,14.93
2011-09-14,15.00,15.17,14.58,14.92,84300,14.92
2011-09-13,15.13,15.13,14.56,14.91,74100,14.91
2011-09-12,13.94,15.09,13.91,15.09,120700,15.09
2011-09-09,14.96,14.96,14.00,14.22,99400,14.22
2011-09-08,15.99,16.26,14.97,15.10,103200,15.10
2011-09-07,15.17,16.19,15.14,16.09,141700,16.09
2011-09-06,14.53,14.88,14.37,14.83,151100,14.83
2011-09-02,14.87,15.54,14.87,15.10,114900,15.10
2011-09-01,15.91,16.24,15.16,15.30,191500,15.30
2011-08-31,15.83,15.93,15.42,15.86,209600,15.86
2011-08-30,15.31,15.88,14.83,15.69,484300,15.69
2011-08-29,13.74,15.72,13.69,15.43,249000,15.43
2011-08-26,12.37,13.55,12.37,13.53,77000,13.53
2011-08-25,13.28,13.28,12.38,12.40,118500,12.40
2011-08-24,12.19,13.25,12.07,13.17,91800,13.17
2011-08-23,11.55,12.28,11.50,12.27,142500,12.27
2011-08-22,11.49,11.67,11.30,11.46,81800,11.46
2011-08-19,11.25,12.03,11.03,11.15,133100,11.15
2011-08-18,12.10,12.10,11.31,11.46,134300,11.46
2011-08-17,13.44,13.44,12.41,12.49,91900,12.49
2011-08-16,13.35,13.57,12.97,13.36,76300,13.36
2011-08-15,13.53,13.79,13.44,13.52,93100,13.52
2011-08-12,13.74,13.74,12.92,13.43,61100,13.43
2011-08-11,12.71,14.03,12.56,13.58,104300,13.58
2011-08-10,13.02,13.49,12.41,12.55,91600,12.55
2011-08-09,13.34,13.62,11.99,13.37,175800,13.37
2011-08-08,14.09,14.84,12.95,12.95,138100,12.95
2011-08-05,15.15,15.22,13.72,14.50,116900,14.50
2011-08-04,16.23,16.34,14.80,14.94,159200,14.94
2011-08-03,15.90,16.03,15.20,15.97,90500,15.97
2011-08-02,15.87,16.48,15.81,15.82,65100,15.82
2011-08-01,16.47,16.64,15.85,16.00,192300,16.00
2011-07-29,16.18,16.50,16.03,16.32,97300,16.32
2011-07-28,16.34,16.60,16.25,16.45,67800,16.45
2011-07-27,16.31,16.43,15.91,16.29,70800,16.29
2011-07-26,16.91,16.91,16.26,16.40,109600,16.40
2011-07-25,17.18,17.46,16.86,16.93,48800,16.93
2011-07-22,17.81,17.81,17.25,17.39,122900,17.39
2011-07-21,18.00,18.14,17.72,17.74,92600,17.74
2011-07-20,18.09,18.20,17.72,17.96,90700,17.96
2011-07-19,16.78,18.27,16.78,18.17,226700,18.17
2011-07-18,16.74,16.90,16.20,16.60,42200,16.60
2011-07-15,16.50,16.81,16.24,16.76,82400,16.76
2011-07-14,17.34,17.42,16.34,16.46,122900,16.46
2011-07-13,16.84,17.54,16.84,17.34,70200,17.34
2011-07-12,16.95,17.29,16.56,16.67,69200,16.67
2011-07-11,17.32,17.45,16.84,16.95,51700,16.95
2011-07-08,17.45,17.60,17.07,17.56,52800,17.56
2011-07-07,17.44,17.68,17.35,17.65,97500,17.65
2011-07-06,17.28,17.53,16.98,17.32,123800,17.32
2011-07-05,17.28,17.33,17.14,17.25,87400,17.25
2011-07-01,17.51,17.51,17.00,17.33,84600,17.33
2011-06-30,17.25,17.73,17.25,17.49,175800,17.49
2011-06-29,17.75,17.75,17.21,17.23,63300,17.23
2011-06-28,17.28,17.91,17.25,17.65,265100,17.65
2011-06-27,16.94,17.40,16.87,17.28,145000,17.28
2011-06-24,17.03,17.28,16.60,16.98,346700,16.98
2011-06-23,16.66,17.25,16.64,17.10,73400,17.10
2011-06-22,16.80,17.15,16.80,16.92,85300,16.92
2011-06-21,16.02,17.14,16.02,16.95,167500,16.95
2011-06-20,15.67,16.18,15.41,15.90,128900,15.90
2011-06-17,17.00,17.18,15.67,15.75,218000,15.75
2011-06-16,16.60,17.06,16.47,17.02,132200,17.02
2011-06-15,16.55,16.81,16.45,16.59,106100,16.59
2011-06-14,16.08,16.88,16.08,16.76,179800,16.76
2011-06-13,15.62,16.23,15.60,15.96,90500,15.96
2011-06-10,15.95,15.95,15.16,15.62,102100,15.62
2011-06-09,15.69,16.13,15.69,16.00,77000,16.00
2011-06-08,15.80,15.88,15.32,15.69,102900,15.69
2011-06-07,15.39,16.27,15.24,15.89,88100,15.89
2011-06-06,14.82,17.68,13.23,15.31,138200,15.31
2011-06-03,15.76,16.00,15.59,15.61,59300,15.61
2011-06-02,16.04,16.26,15.87,16.01,53500,16.01
2011-06-01,16.73,16.74,16.00,16.08,306000,16.08
2011-05-31,17.15,17.33,16.74,16.80,173100,16.80
2011-05-27,17.21,17.32,17.06,17.25,62700,17.25
2011-05-26,16.92,17.31,16.92,17.19,139300,17.19
2011-05-25,16.55,17.05,16.55,17.00,74800,17.00
2011-05-24,16.90,16.94,16.45,16.66,85000,16.66
2011-05-23,17.20,17.28,16.67,16.79,84200,16.79
2011-05-20,17.61,17.84,17.43,17.46,84300,17.46
2011-05-19,17.85,18.00,17.57,17.74,75900,17.74
2011-05-18,17.32,18.00,17.29,17.79,112600,17.79
2011-05-17,17.18,17.37,17.00,17.31,175100,17.31
2011-05-16,17.29,17.75,17.07,17.31,171400,17.31
2011-05-13,17.96,18.52,17.26,17.34,125600,17.34
2011-05-12,19.50,19.57,17.65,17.95,255000,17.95
2011-05-11,18.12,19.73,17.98,19.54,146200,19.54
2011-05-10,18.24,19.08,18.01,18.23,210800,18.23
2011-05-09,17.02,18.29,17.00,18.20,141000,18.20
2011-05-06,15.40,17.92,15.39,17.37,248100,17.37
2011-05-05,15.09,15.17,14.67,14.79,96200,14.79
2011-05-04,14.99,15.33,14.67,15.21,75000,15.21
2011-05-03,15.30,15.58,14.86,15.01,106000,15.01
2011-05-02,15.67,15.84,15.30,15.32,65000,15.32
2011-04-29,14.86,15.76,14.43,15.68,77000,15.68
2011-04-28,14.65,14.84,14.44,14.84,30500,14.84
2011-04-27,14.78,14.89,14.50,14.58,47000,14.58
2011-04-26,15.07,15.24,14.74,14.77,88700,14.77
2011-04-25,15.19,15.30,14.90,15.00,30800,15.00
2011-04-21,15.18,15.25,15.08,15.24,59800,15.24
2011-04-20,15.23,15.47,15.01,15.18,53800,15.18
2011-04-19,14.79,15.10,14.67,15.00,51200,15.00
2011-04-18,14.70,14.80,14.45,14.74,55600,14.74
2011-04-15,14.43,14.92,14.42,14.88,62000,14.88
2011-04-14,14.44,14.55,14.31,14.48,67700,14.48
2011-04-13,14.55,14.61,14.45,14.51,74100,14.51
2011-04-12,14.36,14.54,14.35,14.49,67600,14.49
2011-04-11,14.41,14.53,14.08,14.43,66000,14.43
2011-04-08,14.60,14.68,14.40,14.41,65100,14.41
2011-04-07,14.68,14.83,14.49,14.50,64300,14.50
2011-04-06,14.69,14.73,14.43,14.63,93100,14.63
2011-04-05,14.22,14.72,14.22,14.63,95900,14.63
2011-04-04,14.34,14.55,14.20,14.26,55200,14.26
2011-04-01,14.65,14.66,14.18,14.25,101800,14.25
2011-03-31,14.10,14.63,14.05,14.57,64300,14.57
2011-03-30,14.15,14.25,14.05,14.11,63900,14.11
2011-03-29,14.20,14.43,13.99,14.11,67000,14.11
2011-03-28,14.01,14.27,14.01,14.21,79400,14.21
2011-03-25,14.02,14.20,13.87,13.99,107800,13.99
2011-03-24,14.09,14.18,13.84,13.97,184600,13.97
2011-03-23,13.97,14.24,13.86,14.05,146600,14.05
2011-03-22,14.00,14.07,13.76,14.03,85000,14.03
2011-03-21,14.72,14.89,13.78,14.00,160200,14.00
2011-03-18,14.50,14.50,14.13,14.46,245100,14.46
2011-03-17,14.57,14.57,14.23,14.29,99500,14.29
2011-03-16,14.09,14.56,13.99,14.18,157100,14.18
2011-03-15,14.00,14.62,13.84,14.26,175000,14.26
2011-03-14,13.55,14.60,13.54,14.46,277700,14.46
2011-03-11,12.66,13.79,12.52,13.74,156900,13.74
2011-03-10,12.95,12.95,12.58,12.75,95000,12.75
2011-03-09,13.26,13.44,13.02,13.27,74300,13.27
2011-03-08,12.18,13.48,12.13,13.26,167600,13.26
2011-03-07,12.07,12.42,11.57,12.22,66200,12.22
2011-03-04,11.98,12.05,11.72,12.02,62200,12.02
2011-03-03,11.44,12.09,11.33,12.02,53500,12.02
2011-03-02,11.37,11.52,10.97,11.34,85300,11.34
2011-03-01,11.47,11.87,11.32,11.42,64300,11.42
2011-02-28,12.02,12.02,11.27,11.45,147900,11.45
2011-02-25,12.09,12.15,11.85,11.97,356000,11.97
2011-02-24,12.33,12.56,11.87,11.98,209400,11.98
2011-02-23,12.35,12.57,12.17,12.24,77000,12.24
2011-02-22,11.89,12.49,11.89,12.32,114500,12.32
2011-02-18,12.14,12.14,11.77,12.10,54300,12.10
2011-02-17,12.10,12.15,11.98,12.08,55700,12.08
2011-02-16,11.79,12.22,11.57,12.19,189900,12.19
2011-02-15,11.61,11.94,11.41,11.76,309000,11.76
2011-02-14,10.68,11.64,10.62,11.61,122600,11.61
2011-02-11,11.03,11.05,10.37,10.87,110200,10.87
2011-02-10,11.77,12.67,11.02,11.04,156100,11.04
2011-02-09,10.46,10.70,10.27,10.62,30600,10.62
2011-02-08,10.42,10.57,10.25,10.45,48800,10.45
2011-02-07,9.87,10.55,9.87,10.38,24800,10.38
2011-02-04,10.22,10.22,9.84,9.89,59600,9.89
2011-02-03,10.57,10.62,10.20,10.26,29400,10.26
2011-02-02,10.60,10.83,10.43,10.63,38700,10.63
2011-02-01,10.07,10.71,9.91,10.67,37300,10.67
2011-01-31,9.98,10.25,9.79,9.98,34100,9.98
2011-01-28,10.74,10.83,9.83,9.90,66400,9.90
2011-01-27,10.83,10.98,10.71,10.79,43500,10.79
2011-01-26,10.55,10.91,10.40,10.86,36700,10.86
2011-01-25,10.79,10.83,10.45,10.54,35400,10.54
2011-01-24,10.96,11.09,10.70,10.89,21000,10.89
2011-01-21,10.87,11.24,10.87,10.99,48700,10.99
2011-01-20,11.06,11.14,10.59,10.82,51400,10.82
2011-01-19,12.14,12.14,11.03,11.05,43300,11.05
2011-01-18,11.44,12.09,11.31,12.08,48500,12.08
2011-01-14,11.45,11.55,11.16,11.52,46300,11.52
2011-01-13,12.18,12.18,11.46,11.46,43400,11.46
2011-01-12,11.98,12.15,11.55,12.13,36600,12.13
2011-01-11,11.69,11.90,11.62,11.85,47600,11.85
2011-01-10,12.11,12.30,11.63,11.67,78600,11.67
2011-01-07,12.07,12.42,11.83,12.16,41000,12.16
2011-01-06,11.76,12.03,11.60,12.02,80800,12.02
2011-01-05,11.53,11.79,11.41,11.79,35000,11.79
2011-01-04,11.78,11.86,11.41,11.61,44900,11.61
2011-01-03,11.52,11.89,11.43,11.78,48000,11.78
2010-12-31,11.14,11.52,11.09,11.39,35600,11.39
2010-12-30,10.88,11.25,10.77,11.22,69200,11.22
2010-12-29,10.84,11.07,10.75,10.92,40900,10.92
2010-12-28,10.58,10.95,10.46,10.84,37100,10.84
2010-12-27,10.84,10.84,10.45,10.63,37100,10.63
2010-12-23,11.04,11.22,10.57,10.83,59500,10.83
2010-12-22,11.81,11.89,10.93,11.06,88300,11.06
2010-12-21,12.88,13.08,11.74,11.82,160000,11.82
2010-12-20,12.00,12.95,12.00,12.84,127800,12.84
2010-12-17,11.52,12.23,11.52,12.04,128600,12.04
2010-12-16,10.87,11.73,10.87,11.55,81100,11.55
2010-12-15,11.35,11.76,11.29,11.39,65300,11.39
2010-12-14,11.05,11.42,10.93,11.33,75400,11.33
2010-12-13,11.81,11.81,10.94,10.96,158400,10.96
2010-12-10,11.83,11.84,11.45,11.81,37700,11.81
2010-12-09,11.50,11.89,11.25,11.85,50400,11.85
2010-12-08,11.00,11.50,10.82,11.44,127300,11.44
2010-12-07,10.81,11.00,10.68,10.97,36100,10.97
2010-12-06,10.48,10.80,10.29,10.71,42600,10.71
2010-12-03,9.95,10.52,9.93,10.52,116200,10.52
2010-12-02,9.63,10.01,9.59,10.00,159300,10.00
2010-12-01,9.74,9.81,9.62,9.65,49700,9.65
2010-11-30,9.66,9.66,9.43,9.55,55600,9.55
2010-11-29,9.85,9.85,9.52,9.77,28800,9.77
2010-11-26,9.91,10.14,9.91,9.94,17200,9.94
2010-11-24,9.91,10.25,9.87,10.01,63600,10.01
2010-11-23,9.74,9.90,9.54,9.83,60200,9.83
2010-11-22,9.57,9.87,9.32,9.85,48900,9.85
2010-11-19,9.77,9.80,9.46,9.65,76100,9.65
2010-11-18,9.66,9.89,9.62,9.76,71700,9.76
2010-11-17,9.72,9.80,9.13,9.55,75100,9.55
2010-11-16,10.20,10.20,9.57,9.68,72300,9.68
2010-11-15,10.82,10.85,10.20,10.34,103400,10.34
2010-11-12,10.90,10.98,10.53,10.76,42800,10.76
2010-11-11,11.19,11.19,10.54,10.97,56200,10.97
2010-11-10,11.03,11.34,10.82,11.29,39200,11.29
2010-11-09,10.92,11.11,10.71,10.98,67400,10.98
2010-11-08,10.48,10.94,10.01,10.86,58300,10.86
2010-11-05,11.50,11.50,10.47,10.52,55200,10.52
2010-11-04,10.95,11.40,10.87,11.18,68400,11.18
2010-11-03,10.69,10.94,10.52,10.88,113700,10.88
2010-11-02,10.25,10.70,10.23,10.69,65400,10.69
2010-11-01,10.46,10.49,9.98,10.10,50900,10.10
2010-10-29,9.92,10.46,9.91,10.40,91400,10.40
2010-10-28,9.76,10.00,9.65,9.97,67000,9.97
2010-10-27,9.68,9.73,9.44,9.64,56800,9.64
2010-10-26,9.59,9.83,9.59,9.80,36500,9.80
2010-10-25,9.66,9.87,9.56,9.65,59600,9.65
2010-10-22,9.22,9.56,9.22,9.56,156000,9.56
2010-10-21,9.28,9.48,9.06,9.20,42400,9.20
2010-10-20,9.30,9.50,9.21,9.22,32300,9.22
2010-10-19,9.52,9.60,9.13,9.22,61800,9.22
2010-10-18,9.56,9.72,9.42,9.71,57000,9.71
2010-10-15,9.57,9.58,9.42,9.56,99300,9.56
2010-10-14,9.49,9.55,9.28,9.49,56600,9.49
2010-10-13,9.54,9.62,9.45,9.52,129300,9.52
2010-10-12,9.33,9.51,9.23,9.45,64200,9.45
2010-10-11,9.50,9.50,9.31,9.40,52700,9.40
2010-10-08,9.38,9.62,9.20,9.54,67300,9.54
2010-10-07,9.69,9.78,9.38,9.39,92400,9.39
2010-10-06,9.48,9.62,9.36,9.59,90000,9.59
2010-10-05,9.32,9.53,9.32,9.48,133200,9.48
2010-10-04,9.36,9.49,9.13,9.25,101100,9.25
2010-10-01,9.36,9.72,9.34,9.42,87700,9.42
2010-09-30,9.41,9.55,9.15,9.28,97700,9.28
2010-09-29,9.32,9.41,9.12,9.30,100100,9.30
2010-09-28,9.37,9.46,9.07,9.40,118800,9.40
2010-09-27,9.02,9.39,8.94,9.33,126400,9.33
2010-09-24,9.52,9.52,8.96,9.05,102500,9.05
2010-09-23,9.39,9.65,9.30,9.42,78000,9.42
2010-09-22,9.55,9.62,9.40,9.46,70000,9.46
2010-09-21,9.90,9.90,9.41,9.57,68500,9.57
2010-09-20,9.43,9.97,9.43,9.94,92400,9.94
2010-09-17,9.27,9.55,9.21,9.43,129000,9.43
2010-09-16,9.08,9.24,9.03,9.21,93200,9.21
2010-09-15,8.98,9.14,8.94,9.12,37500,9.12
2010-09-14,9.04,9.04,8.95,9.00,60500,9.00
2010-09-13,8.84,9.13,8.75,9.05,84600,9.05
2010-09-10,8.58,8.71,8.52,8.71,46500,8.71
2010-09-09,8.50,8.62,8.41,8.57,61100,8.57
2010-09-08,8.08,8.50,8.03,8.35,64600,8.35
2010-09-07,7.99,8.13,7.93,8.03,51600,8.03
2010-09-03,8.10,8.10,7.81,8.00,69000,8.00
2010-09-02,8.14,8.15,7.92,8.01,74000,8.01
2010-09-01,8.03,8.14,7.86,8.09,45200,8.09
2010-08-31,7.84,7.94,7.78,7.87,62300,7.87
2010-08-30,7.67,8.01,7.63,7.85,62900,7.85
2010-08-27,7.36,7.75,7.23,7.73,112200,7.73
2010-08-26,7.29,7.34,7.14,7.27,57900,7.27
2010-08-25,7.10,7.25,7.04,7.24,58200,7.24
2010-08-24,7.14,7.33,7.08,7.14,81300,7.14
2010-08-23,7.16,7.33,6.99,7.30,124300,7.30
2010-08-20,7.09,7.43,7.00,7.07,100500,7.07
2010-08-19,7.93,7.95,7.12,7.14,99300,7.14
2010-08-18,8.34,8.34,7.96,7.99,50300,7.99
2010-08-17,8.00,8.55,7.91,8.35,93200,8.35
2010-08-16,7.30,8.00,7.30,7.98,77400,7.98
2010-08-13,6.97,7.48,6.97,7.37,55900,7.37
2010-08-12,6.86,7.03,6.86,6.98,89800,6.98
2010-08-11,7.14,7.15,6.94,6.98,65400,6.98
2010-08-10,7.27,7.50,7.05,7.33,55200,7.33
2010-08-09,7.55,7.55,7.31,7.38,50800,7.38
2010-08-06,7.03,7.62,7.03,7.47,53000,7.47
2010-08-05,7.06,7.16,7.01,7.07,48000,7.07
2010-08-04,7.09,7.19,7.06,7.10,60000,7.10
2010-08-03,7.19,7.27,7.06,7.06,27200,7.06
2010-08-02,7.24,7.31,7.14,7.25,46500,7.25
2010-07-30,7.00,7.22,6.99,7.07,56300,7.07
2010-07-29,7.40,7.40,7.01,7.13,42700,7.13
2010-07-28,7.72,7.72,7.31,7.32,47500,7.32
2010-07-27,7.88,7.91,7.69,7.77,48000,7.77
2010-07-26,7.76,7.81,7.64,7.79,65900,7.79
2010-07-23,7.40,7.73,7.34,7.69,94400,7.69
2010-07-22,7.40,7.50,7.39,7.46,71600,7.46
2010-07-21,7.66,7.73,7.26,7.26,38200,7.26
2010-07-20,7.11,7.59,6.99,7.58,56900,7.58
2010-07-19,6.99,7.25,6.97,7.23,43000,7.23
2010-07-16,7.32,7.32,6.90,6.98,96800,6.98
2010-07-15,7.51,7.58,7.16,7.38,68300,7.38
2010-07-14,7.40,7.59,7.34,7.51,97600,7.51
2010-07-13,7.13,7.50,7.00,7.45,122900,7.45
2010-07-12,7.12,7.27,6.99,6.99,45500,6.99
2010-07-09,7.18,7.30,7.06,7.16,77400,7.16
2010-07-08,7.30,7.40,7.01,7.21,44200,7.21
2010-07-07,7.01,7.29,6.99,7.28,87600,7.28
2010-07-06,7.09,7.34,6.85,6.96,206900,6.96
2010-07-02,6.93,7.12,6.88,7.03,78200,7.03
2010-07-01,6.54,6.90,6.42,6.89,119600,6.89
2010-06-30,6.73,6.87,6.49,6.50,49500,6.50
2010-06-29,6.96,6.96,6.66,6.71,102600,6.71
2010-06-28,7.13,7.13,7.00,7.00,42100,7.00
2010-06-25,7.22,7.39,7.01,7.16,185300,7.16
2010-06-24,7.25,7.34,7.13,7.20,56700,7.20
2010-06-23,7.38,7.66,7.30,7.32,661800,7.32
2010-06-22,7.65,7.73,7.38,7.41,40400,7.41
2010-06-21,8.00,8.09,7.50,7.60,50600,7.60
2010-06-18,7.89,7.94,7.78,7.93,106900,7.93
2010-06-17,7.95,7.95,7.63,7.83,29600,7.83
2010-06-16,8.03,8.07,7.77,7.87,85900,7.87
2010-06-15,7.73,8.12,7.61,8.09,108400,8.09
2010-06-14,7.87,7.99,7.65,7.68,93200,7.68
2010-06-11,7.48,7.80,7.44,7.76,124500,7.76
2010-06-10,7.27,7.64,7.11,7.61,153500,7.61
2010-06-09,7.18,7.24,7.00,7.15,160000,7.15
2010-06-08,7.03,7.13,6.84,7.08,100400,7.08
2010-06-07,7.14,7.19,6.94,6.97,117600,6.97
2010-06-04,7.14,7.49,6.98,7.06,185200,7.06
2010-06-03,7.31,7.52,7.17,7.49,121600,7.49
2010-06-02,6.83,7.35,6.80,7.33,157500,7.33
2010-06-01,6.64,6.89,6.53,6.81,100900,6.81
2010-05-28,6.52,6.65,6.43,6.61,136200,6.61
2010-05-27,6.41,6.66,6.36,6.56,139000,6.56
2010-05-26,6.40,6.57,6.23,6.34,75400,6.34
2010-05-25,6.16,6.37,6.02,6.36,151000,6.36
2010-05-24,6.50,6.60,6.33,6.48,101900,6.48
2010-05-21,6.73,6.83,6.42,6.56,128500,6.56
2010-05-20,7.13,7.21,6.78,6.85,117200,6.85
2010-05-19,7.31,7.48,7.10,7.33,69200,7.33
2010-05-18,7.63,7.65,7.32,7.37,52900,7.37
2010-05-17,7.78,7.80,7.11,7.50,73300,7.50
2010-05-14,7.64,7.86,7.47,7.71,136200,7.71
2010-05-13,7.31,7.78,7.30,7.72,129500,7.72
2010-05-12,7.50,7.59,7.31,7.35,289000,7.35
2010-05-11,7.25,7.54,7.01,7.49,98700,7.49
2010-05-10,7.53,7.65,7.18,7.35,181000,7.35
2010-05-07,7.94,7.98,7.08,7.10,222400,7.10
2010-05-06,8.00,8.23,7.32,8.03,293100,8.03
2010-05-05,8.89,8.98,8.75,8.89,92900,8.89
2010-05-04,9.24,9.25,8.81,8.90,64600,8.90
2010-05-03,9.13,9.31,9.00,9.30,54300,9.30
2010-04-30,9.58,9.58,9.10,9.10,125000,9.10
2010-04-29,9.37,9.59,9.16,9.56,41400,9.56
2010-04-28,9.64,9.64,9.31,9.31,32300,9.31
2010-04-27,9.95,9.98,9.57,9.60,97200,9.60
2010-04-26,9.89,10.15,9.84,9.98,73400,9.98
2010-04-23,9.53,10.12,9.49,9.92,579500,9.92
2010-04-22,9.26,9.54,9.26,9.54,38600,9.54
2010-04-21,9.26,9.39,9.24,9.37,22100,9.37
2010-04-20,9.23,9.38,9.11,9.27,57400,9.27
2010-04-19,9.37,9.39,9.04,9.18,31700,9.18
2010-04-16,9.45,9.54,9.33,9.40,76000,9.40
2010-04-15,9.38,9.50,9.24,9.45,35700,9.45
2010-04-14,9.24,9.50,9.24,9.37,64700,9.37
2010-04-13,9.36,9.36,8.97,9.22,50100,9.22
2010-04-12,9.63,9.63,9.30,9.40,54300,9.40
2010-04-09,9.92,9.92,9.46,9.63,71400,9.63
2010-04-08,9.93,10.01,9.90,9.92,70100,9.92
2010-04-07,9.91,10.04,9.91,9.99,65700,9.99
2010-04-06,9.76,10.05,9.76,9.95,62200,9.95
2010-04-05,9.94,10.07,9.82,10.00,46000,10.00
2010-04-01,9.96,9.98,9.75,9.93,121700,9.93
2010-03-31,9.82,9.98,9.82,9.88,46000,9.88
2010-03-30,9.96,9.96,9.75,9.89,53400,9.89
2010-03-29,9.73,9.99,9.73,9.96,62700,9.96
2010-03-26,9.75,9.85,9.65,9.71,37700,9.71
2010-03-25,9.79,9.98,9.67,9.68,68200,9.68
2010-03-24,9.80,9.90,9.65,9.76,51900,9.76
2010-03-23,9.85,9.95,9.70,9.84,100900,9.84
2010-03-22,9.77,9.90,9.66,9.85,51100,9.85
2010-03-19,9.84,9.90,9.70,9.85,143000,9.85
2010-03-18,9.47,9.84,9.47,9.77,65000,9.77
2010-03-17,9.43,9.61,9.41,9.50,90500,9.50
2010-03-16,9.17,9.45,9.13,9.43,88500,9.43
2010-03-15,9.05,9.25,8.94,9.16,63500,9.16
2010-03-12,8.90,9.10,8.90,9.05,87900,9.05
2010-03-11,8.62,8.89,8.61,8.88,77700,8.88
2010-03-10,8.65,8.84,8.64,8.69,31200,8.69
2010-03-09,8.80,8.91,8.64,8.68,35900,8.68
2010-03-08,8.74,8.87,8.65,8.81,257400,8.81
2010-03-05,8.71,8.89,8.71,8.76,65800,8.76
2010-03-04,8.63,8.78,8.56,8.69,32700,8.69
2010-03-03,8.71,8.81,8.45,8.58,63200,8.58
2010-03-02,8.59,8.85,8.54,8.67,94100,8.67
2010-03-01,8.78,8.89,8.48,8.56,71900,8.56
2010-02-26,8.73,8.87,8.64,8.71,74600,8.71
2010-02-25,8.45,8.73,8.37,8.71,41500,8.71
2010-02-24,8.60,8.65,8.51,8.58,44400,8.58
2010-02-23,8.51,8.61,8.33,8.59,72000,8.59
2010-02-22,8.72,8.74,8.53,8.55,45500,8.55
2010-02-19,8.73,8.85,8.63,8.71,102900,8.71
2010-02-18,8.83,8.98,8.64,8.74,73900,8.74
2010-02-17,8.31,9.03,8.25,8.83,274800,8.83
2010-02-16,8.23,8.44,8.05,8.31,125100,8.31
2010-02-12,8.19,8.31,8.11,8.20,130300,8.20
2010-02-11,7.82,8.32,7.75,8.32,66500,8.32
2010-02-10,7.73,7.92,7.66,7.87,44300,7.87
2010-02-09,7.63,7.80,7.49,7.73,40500,7.73
2010-02-08,7.64,7.67,7.51,7.53,58900,7.53
2010-02-05,7.56,7.75,7.10,7.67,85200,7.67
2010-02-04,7.93,7.93,7.50,7.55,266100,7.55
2010-02-03,8.18,8.18,7.78,8.03,132500,8.03
2010-02-02,8.17,8.33,8.06,8.21,76900,8.21
2010-02-01,7.96,8.25,7.89,8.19,313000,8.19
2010-01-29,8.32,8.35,7.83,7.95,70200,7.95
2010-01-28,8.58,8.58,8.12,8.29,75300,8.29
2010-01-27,8.07,8.82,8.01,8.55,314500,8.55
2010-01-26,8.74,8.88,8.07,8.14,120800,8.14
2010-01-25,8.83,8.88,8.65,8.74,122400,8.74
2010-01-22,8.91,9.12,8.57,8.76,63500,8.76
2010-01-21,9.43,9.52,8.84,8.89,40300,8.89
2010-01-20,9.45,9.51,9.29,9.44,112400,9.44
2010-01-19,9.00,9.59,8.94,9.54,319200,9.54
2010-01-15,9.72,9.72,8.92,8.95,148000,8.95
2010-01-14,9.58,9.87,9.35,9.67,60100,9.67
2010-01-13,9.54,9.65,9.47,9.59,50700,9.59
2010-01-12,9.49,9.62,9.43,9.53,66200,9.53
2010-01-11,9.80,9.90,9.50,9.56,56100,9.56
2010-01-08,9.70,10.00,9.69,9.77,47100,9.77
2010-01-07,9.59,9.94,9.35,9.76,55200,9.76
2010-01-06,9.60,9.82,9.50,9.60,64700,9.60
2010-01-05,10.35,10.35,9.50,9.64,126500,9.64
2010-01-04,10.50,10.67,10.21,10.35,62500,10.35
2009-12-31,10.29,10.64,10.04,10.35,61100,10.35
2009-12-30,10.23,10.26,9.92,10.26,47500,10.26
2009-12-29,9.97,10.31,9.93,10.25,62300,10.25
2009-12-28,9.82,10.00,9.70,9.98,43200,9.98
2009-12-24,9.77,9.94,9.68,9.81,21500,9.81
2009-12-23,9.62,9.91,9.53,9.75,76400,9.75
2009-12-22,9.78,9.98,9.50,9.53,66600,9.53
2009-12-21,9.81,9.85,9.50,9.79,97700,9.79
2009-12-18,9.53,10.00,9.37,9.91,234900,9.91
2009-12-17,9.39,9.51,9.26,9.42,37600,9.42
2009-12-16,9.48,9.66,9.39,9.48,84500,9.48
2009-12-15,9.02,9.54,9.02,9.37,103900,9.37
2009-12-14,8.95,9.18,8.73,9.02,34800,9.02
2009-12-11,8.81,9.08,8.65,8.90,59500,8.90
2009-12-10,8.83,9.04,8.74,8.78,85700,8.78
2009-12-09,8.90,9.10,8.75,8.82,90100,8.82
2009-12-08,8.87,9.00,8.68,9.00,46400,9.00
2009-12-07,8.75,9.00,8.75,8.96,29700,8.96
2009-12-04,8.15,8.92,8.04,8.70,85300,8.70
2009-12-03,8.12,8.17,7.85,7.96,59700,7.96
2009-12-02,8.00,8.40,7.90,8.11,114500,8.11
2009-12-01,7.90,8.04,7.82,8.01,89400,8.01
2009-11-30,7.45,7.84,7.22,7.80,107500,7.80
2009-11-27,7.55,7.73,7.49,7.49,35300,7.49
2009-11-25,8.05,8.14,7.86,7.88,22200,7.88
2009-11-24,7.98,8.07,7.85,8.00,32400,8.00
2009-11-23,8.15,8.25,7.96,7.99,47300,7.99
2009-11-20,7.86,8.06,7.69,7.99,46900,7.99
2009-11-19,8.19,8.27,7.88,7.91,54900,7.91
2009-11-18,8.69,8.69,8.02,8.29,65600,8.29
2009-11-17,8.59,8.78,8.44,8.66,36900,8.66
2009-11-16,8.44,8.70,8.32,8.61,55300,8.61
2009-11-13,7.96,8.34,7.85,8.34,66400,8.34
2009-11-12,8.87,8.87,7.79,7.90,125000,7.90
2009-11-11,9.00,9.05,8.64,8.92,65200,8.92
2009-11-10,8.82,9.09,8.81,8.95,92900,8.95
2009-11-09,9.14,9.48,8.61,8.86,53300,8.86
2009-11-06,9.07,9.07,8.74,9.02,23800,9.02
2009-11-05,8.89,9.31,8.69,9.18,63500,9.18
2009-11-04,8.93,9.07,8.76,8.76,56400,8.76
2009-11-03,8.82,9.05,8.72,8.88,85600,8.88
2009-11-02,9.03,9.03,8.60,8.91,41700,8.91
2009-10-30,8.74,9.12,8.57,8.99,71900,8.99
2009-10-29,8.79,8.97,8.53,8.87,47400,8.87
2009-10-28,9.15,9.33,8.69,8.70,49400,8.70
2009-10-27,9.27,9.37,9.19,9.20,33400,9.20
2009-10-26,9.58,9.73,9.10,9.28,88700,9.28
2009-10-23,9.57,9.64,9.20,9.52,97700,9.52
2009-10-22,8.99,9.50,8.77,9.49,74200,9.49
2009-10-21,8.95,9.51,8.95,9.03,72400,9.03
2009-10-20,8.94,9.15,8.58,9.00,92700,9.00
2009-10-19,9.08,9.36,8.99,9.02,49400,9.02
2009-10-16,8.99,9.38,8.86,9.02,92200,9.02
2009-10-15,9.42,9.42,9.00,9.05,57600,9.05
2009-10-14,9.40,9.52,9.11,9.52,94300,9.52
2009-10-13,8.96,9.39,8.90,9.35,38500,9.35
2009-10-12,9.00,9.09,8.70,9.00,41600,9.00
2009-10-09,9.10,9.43,8.72,8.98,46800,8.98
2009-10-08,8.86,9.28,8.74,9.12,89800,9.12
2009-10-07,8.67,8.83,8.61,8.81,30800,8.81
2009-10-06,8.50,8.95,8.40,8.74,62100,8.74
2009-10-05,8.36,8.50,8.27,8.49,41900,8.49
2009-10-02,8.16,8.50,8.16,8.31,106200,8.31
2009-10-01,8.30,8.47,8.04,8.29,123900,8.29
2009-09-30,8.28,8.50,7.98,8.42,98400,8.42
2009-09-29,8.44,8.45,8.02,8.29,51500,8.29
2009-09-28,7.97,8.50,7.90,8.42,62000,8.42
2009-09-25,8.29,8.29,7.75,7.90,79800,7.90
2009-09-24,8.36,8.46,8.25,8.29,77000,8.29
2009-09-23,8.44,8.55,8.07,8.36,70300,8.36
2009-09-22,8.35,8.50,8.12,8.40,73000,8.40
2009-09-21,8.31,8.35,8.14,8.25,37100,8.25
2009-09-18,8.20,8.55,7.95,8.44,93100,8.44
2009-09-17,8.03,8.22,7.87,8.18,41200,8.18
2009-09-16,7.30,8.15,7.25,8.06,92200,8.06
2009-09-15,7.43,7.50,7.06,7.29,58100,7.29
2009-09-14,7.31,7.54,7.30,7.46,44200,7.46
2009-09-11,7.30,7.52,7.30,7.35,26900,7.35
2009-09-10,7.66,7.78,7.18,7.31,235400,7.31
2009-09-09,7.36,7.72,7.10,7.66,51100,7.66
2009-09-08,7.99,7.99,7.22,7.36,83700,7.36
2009-09-04,8.05,8.08,7.61,7.93,102100,7.93
2009-09-03,7.50,8.05,7.43,8.05,64400,8.05
2009-09-02,8.15,8.15,7.42,7.46,65800,7.46
2009-09-01,8.00,8.53,7.92,8.20,110600,8.20
2009-08-31,8.14,8.16,7.88,8.08,76700,8.08
2009-08-28,8.32,8.34,7.83,8.14,63900,8.14
2009-08-27,8.10,8.29,8.04,8.26,25200,8.26
2009-08-26,8.11,8.20,8.02,8.15,31700,8.15
2009-08-25,8.16,8.17,8.03,8.13,23600,8.13
2009-08-24,8.10,8.20,7.93,8.12,62300,8.12
2009-08-21,8.10,8.15,7.90,8.06,136600,8.06
2009-08-20,7.86,8.05,7.85,7.99,67400,7.99
2009-08-19,7.47,7.98,7.46,7.98,74800,7.98
2009-08-18,7.40,7.99,7.30,7.62,119800,7.62
2009-08-17,6.99,7.60,6.97,7.34,111500,7.34
2009-08-14,7.45,7.57,6.88,7.16,127200,7.16
2009-08-13,7.48,7.48,7.17,7.44,52700,7.44
2009-08-12,6.89,7.61,6.70,7.39,123800,7.39
2009-08-11,7.53,7.61,6.75,6.93,187400,6.93
2009-08-10,7.96,7.96,7.22,7.60,138900,7.60
2009-08-07,7.50,8.22,7.50,8.05,237700,8.05
2009-08-06,7.51,7.71,7.11,7.22,78700,7.22
2009-08-05,7.80,7.82,7.33,7.49,52900,7.49
2009-08-04,7.44,8.11,7.44,7.85,64300,7.85
2009-08-03,7.92,8.05,7.47,7.53,104300,7.53
2009-07-31,7.85,8.00,7.85,7.86,81700,7.86
2009-07-30,8.06,8.25,7.84,7.90,89600,7.90
2009-07-29,7.88,8.03,7.88,7.96,41200,7.96
2009-07-28,7.79,8.04,7.62,7.99,31300,7.99
2009-07-27,8.01,8.09,7.83,7.87,67500,7.87
2009-07-24,8.00,8.19,7.85,8.00,99900,8.00
2009-07-23,8.12,8.31,8.01,8.08,129600,8.08
2009-07-22,8.03,8.35,7.94,8.15,253200,8.15
2009-07-21,8.15,8.22,7.88,8.10,48100,8.10
2009-07-20,8.10,8.14,7.95,8.10,80500,8.10
2009-07-17,8.12,8.19,7.90,8.03,77600,8.03
2009-07-16,7.97,8.23,7.97,8.15,74400,8.15
2009-07-15,8.07,8.24,8.02,8.05,106500,8.05
2009-07-14,7.94,8.07,7.80,7.93,72700,7.93
2009-07-13,7.76,8.00,7.40,7.93,99100,7.93
2009-07-10,7.55,7.75,7.33,7.73,79100,7.73
2009-07-09,8.00,8.00,7.50,7.62,66700,7.62
2009-07-08,8.00,8.00,7.71,7.94,101200,7.94
2009-07-07,8.02,8.03,7.89,7.95,74500,7.95
2009-07-06,7.71,8.03,7.61,7.99,103400,7.99
2009-07-02,8.12,8.17,7.89,7.89,154800,7.89
2009-07-01,8.22,8.48,8.11,8.31,57100,8.31
2009-06-30,8.25,8.25,8.01,8.12,65000,8.12
2009-06-29,8.62,8.62,7.97,8.21,141500,8.21
2009-06-26,8.24,8.89,7.90,8.87,954200,8.87
2009-06-25,7.84,8.31,7.80,8.12,96900,8.12
2009-06-24,8.04,8.07,7.86,7.90,64000,7.90
2009-06-23,8.22,8.22,7.89,7.94,83300,7.94
2009-06-22,8.40,8.48,7.95,8.00,120000,8.00
2009-06-19,8.35,8.78,8.35,8.45,105700,8.45
2009-06-18,8.12,8.34,7.91,8.26,76600,8.26
2009-06-17,7.64,8.36,7.64,8.16,140600,8.16
2009-06-16,7.76,7.85,7.49,7.66,106000,7.66
2009-06-15,7.74,7.82,6.82,7.64,107000,7.64
2009-06-12,7.17,7.72,6.97,7.69,86600,7.69
2009-06-11,6.63,7.49,6.63,7.28,61800,7.28
2009-06-10,7.08,7.08,6.47,6.63,97000,6.63
2009-06-09,7.35,7.36,6.99,7.03,27900,7.03
2009-06-08,7.13,7.60,6.80,7.32,77700,7.32
2009-06-05,7.28,7.33,6.79,7.27,68500,7.27
2009-06-04,7.22,7.28,6.95,7.22,44300,7.22
2009-06-03,7.25,7.25,6.78,7.18,55200,7.18
2009-06-02,7.42,7.49,7.12,7.29,107600,7.29
2009-06-01,7.96,7.98,7.26,7.54,106100,7.54
2009-05-29,7.25,7.98,7.01,7.97,421900,7.97
2009-05-28,7.14,7.47,6.78,7.26,96300,7.26
2009-05-27,7.42,7.42,7.17,7.19,85600,7.19
2009-05-26,6.92,7.50,6.89,7.50,96000,7.50
2009-05-22,6.56,7.00,6.45,6.98,109800,6.98
2009-05-21,6.66,6.66,6.32,6.53,90400,6.53
2009-05-20,6.78,6.98,6.59,6.73,94200,6.73
2009-05-19,6.02,6.85,5.78,6.74,63100,6.74
2009-05-18,5.67,6.05,5.63,6.02,70100,6.02
2009-05-15,5.66,5.69,5.48,5.57,68800,5.57
2009-05-14,5.54,5.74,5.44,5.68,36800,5.68
2009-05-13,5.59,5.59,5.38,5.49,60200,5.49
2009-05-12,5.82,5.82,5.55,5.72,59800,5.72
2009-05-11,5.95,5.95,5.77,5.79,63800,5.79
2009-05-08,5.39,6.29,5.39,6.13,105100,6.13
2009-05-07,6.11,6.17,5.19,5.27,51700,5.27
2009-05-06,6.07,6.22,5.87,6.00,81300,6.00
2009-05-05,5.94,6.09,5.78,6.01,98200,6.01
2009-05-04,6.35,6.59,5.81,5.97,66800,5.97
2009-05-01,6.46,6.56,6.19,6.23,27600,6.23
2009-04-30,6.71,6.71,6.45,6.46,30100,6.46
2009-04-29,6.55,6.90,6.49,6.65,45500,6.65
2009-04-28,6.43,6.62,6.35,6.50,44800,6.50
2009-04-27,6.35,6.75,6.29,6.49,138400,6.49
2009-04-24,6.58,6.68,6.40,6.49,179400,6.49
2009-04-23,6.40,6.63,6.31,6.50,281600,6.50
2009-04-22,6.26,6.50,6.25,6.40,200500,6.40
2009-04-21,5.85,6.57,5.85,6.36,102500,6.36
2009-04-20,5.90,6.00,5.74,5.88,69700,5.88
2009-04-17,6.24,6.28,6.00,6.09,155400,6.09
2009-04-16,6.11,6.29,6.00,6.23,37900,6.23
2009-04-15,5.54,6.05,5.52,6.05,74400,6.05
2009-04-14,5.36,5.76,5.30,5.60,85600,5.60
2009-04-13,5.33,5.50,5.02,5.49,54300,5.49
2009-04-09,5.47,5.50,5.29,5.40,88100,5.40
2009-04-08,5.10,5.50,5.08,5.35,82600,5.35
2009-04-07,4.56,5.16,4.56,5.08,105400,5.08
2009-04-06,4.69,4.69,4.42,4.56,46600,4.56
2009-04-03,4.75,4.76,4.39,4.76,220400,4.76
2009-04-02,4.95,5.03,4.68,4.76,147000,4.76
2009-04-01,4.56,4.91,3.96,4.83,119500,4.83
2009-03-31,4.29,4.74,4.26,4.65,57700,4.65
2009-03-30,4.10,4.24,3.78,4.20,97100,4.20
2009-03-27,4.80,4.86,4.25,4.29,96600,4.29
2009-03-26,4.62,5.07,4.62,4.91,101700,4.91
2009-03-25,4.69,4.86,4.38,4.58,63800,4.58
2009-03-24,5.02,5.12,4.63,4.63,91600,4.63
2009-03-23,5.07,5.27,5.00,5.13,61100,5.13
2009-03-20,5.15,5.19,4.84,4.84,92800,4.84
2009-03-19,5.01,5.16,5.00,5.11,41000,5.11
2009-03-18,4.35,4.94,4.34,4.93,70300,4.93
2009-03-17,4.04,4.44,3.97,4.38,51400,4.38
2009-03-16,4.36,4.42,4.01,4.03,99800,4.03
2009-03-13,4.02,4.37,3.99,4.29,47400,4.29
2009-03-12,3.75,4.12,3.70,4.01,226000,4.01
2009-03-11,4.00,4.10,3.03,3.79,910200,3.79
2009-03-10,3.87,4.05,3.87,4.00,108400,4.00
2009-03-09,3.80,3.85,3.65,3.77,206600,3.77
2009-03-06,3.63,3.83,3.59,3.79,361300,3.79
2009-03-05,3.85,4.00,3.51,3.59,334500,3.59
2009-03-04,4.37,4.42,3.80,3.99,234500,3.99
2009-03-03,4.48,4.48,4.20,4.28,59100,4.28
2009-03-02,4.53,4.79,4.38,4.44,68400,4.44
2009-02-27,4.46,4.68,4.42,4.61,55900,4.61
2009-02-26,4.56,4.61,4.46,4.54,66500,4.54
2009-02-25,5.05,5.05,4.51,4.52,89500,4.52
2009-02-24,4.74,5.14,4.55,5.12,56500,5.12
2009-02-23,5.01,5.15,4.65,4.67,58300,4.67
2009-02-20,5.03,5.10,4.89,4.93,100900,4.93
2009-02-19,5.02,5.31,4.91,5.13,85900,5.13
2009-02-18,4.90,5.33,4.84,4.84,270100,4.84
2009-02-17,5.19,5.27,4.66,4.79,192500,4.79
2009-02-13,5.60,5.77,5.01,5.30,101700,5.30
2009-02-12,5.29,5.29,4.80,5.11,138300,5.11
2009-02-11,5.92,5.92,5.32,5.38,73400,5.38
2009-02-10,6.00,6.12,5.90,5.92,92800,5.92
2009-02-09,6.04,6.25,5.84,6.03,43800,6.03
2009-02-06,6.15,6.37,6.00,6.06,89600,6.06
2009-02-05,5.97,6.24,5.89,6.15,27100,6.15
2009-02-04,6.04,6.04,5.70,6.01,90200,6.01
2009-02-03,6.32,6.32,5.93,6.01,63800,6.01
2009-02-02,5.88,6.23,5.80,6.23,147900,6.23
2009-01-30,5.88,6.55,5.88,6.01,148200,6.01
2009-01-29,5.66,5.93,5.54,5.82,89000,5.82
2009-01-28,4.90,5.98,4.90,5.76,139200,5.76
2009-01-27,4.92,5.03,4.63,4.90,34800,4.90
2009-01-26,4.64,5.02,4.53,4.91,41800,4.91
2009-01-23,4.14,4.57,3.98,4.52,72000,4.52
2009-01-22,4.56,4.67,4.16,4.17,109900,4.17
2009-01-21,5.23,5.35,4.66,4.67,76300,4.67
2009-01-20,5.42,5.42,5.12,5.15,68800,5.15
2009-01-16,5.46,5.52,5.22,5.50,52200,5.50
2009-01-15,5.71,5.71,4.50,5.41,268000,5.41
2009-01-14,6.05,6.14,5.71,5.92,61900,5.92
2009-01-13,6.11,6.47,6.10,6.17,47900,6.17
2009-01-12,6.17,6.34,5.92,6.11,38700,6.11
2009-01-09,6.78,6.78,6.15,6.15,53700,6.15
2009-01-08,6.55,6.81,6.46,6.80,23200,6.80
2009-01-07,6.93,7.04,6.48,6.58,90500,6.58
2009-01-06,6.02,7.10,6.00,6.93,131300,6.93
2009-01-05,5.81,5.97,5.65,5.95,63300,5.95
2009-01-02,5.90,5.98,5.69,5.85,54000,5.85
2008-12-31,5.61,5.81,5.25,5.75,138000,5.75
2008-12-30,5.39,5.64,5.29,5.57,38700,5.57
2008-12-29,5.95,5.95,5.26,5.34,90200,5.34
2008-12-26,6.41,6.41,5.60,6.00,185800,6.00
2008-12-24,5.90,6.32,5.90,6.28,19500,6.28
2008-12-23,6.29,6.37,5.79,5.88,95700,5.88
2008-12-22,7.00,7.00,5.88,6.23,157600,6.23
2008-12-19,5.97,7.00,5.81,7.00,323600,7.00
2008-12-18,6.16,6.16,5.68,5.73,126400,5.73
2008-12-17,6.10,6.32,5.86,6.13,85800,6.13
2008-12-16,5.56,6.11,5.46,6.09,91700,6.09
2008-12-15,5.72,6.14,5.38,5.51,132500,5.51
2008-12-12,5.22,5.84,5.01,5.76,109400,5.76
2008-12-11,5.84,6.07,5.15,5.23,65300,5.23
2008-12-10,5.49,6.06,5.35,5.94,43200,5.94
2008-12-09,5.99,5.99,5.07,5.33,67700,5.33
2008-12-08,5.00,6.35,5.00,6.01,102700,6.01
2008-12-05,4.20,4.94,4.05,4.94,99700,4.94
2008-12-04,4.52,4.69,4.10,4.22,52500,4.22
2008-12-03,4.51,4.86,4.40,4.58,146400,4.58
2008-12-02,4.42,4.69,4.32,4.65,156000,4.65
2008-12-01,4.71,4.72,4.33,4.36,88700,4.36
2008-11-28,5.00,5.00,4.68,4.82,97300,4.82
2008-11-26,4.41,5.03,4.24,5.03,96000,5.03
2008-11-25,4.40,4.55,4.19,4.47,85000,4.47
2008-11-24,4.27,4.49,4.09,4.36,209900,4.36
2008-11-21,3.21,4.16,3.20,4.14,200200,4.14
2008-11-20,3.33,3.35,3.13,3.13,291300,3.13
2008-11-19,4.16,4.16,3.28,3.33,212500,3.33
2008-11-18,4.79,4.79,3.86,4.15,206300,4.15
2008-11-17,5.03,5.13,4.73,4.75,55400,4.75
2008-11-14,5.40,5.40,5.05,5.05,47700,5.05
2008-11-13,5.32,5.57,4.94,5.55,216800,5.55
2008-11-12,5.48,5.56,5.14,5.33,72600,5.33
2008-11-11,5.81,6.02,5.51,5.51,127500,5.51
2008-11-10,6.48,6.55,5.82,5.82,256700,5.82
2008-11-07,6.31,6.75,5.94,6.28,262400,6.28
2008-11-06,5.35,5.75,5.18,5.69,133000,5.69
2008-11-05,5.45,5.61,5.32,5.33,72000,5.33
2008-11-04,5.40,5.72,5.34,5.50,113100,5.50
2008-11-03,5.37,5.37,4.88,5.35,136700,5.35
2008-10-31,5.30,5.57,5.17,5.37,112200,5.37
2008-10-30,4.95,5.51,4.95,5.37,129500,5.37
2008-10-29,4.60,4.93,4.59,4.86,91800,4.86
2008-10-28,4.56,4.61,4.33,4.50,121100,4.50
2008-10-27,4.96,4.96,4.45,4.45,53500,4.45
2008-10-24,5.11,5.19,4.93,4.93,50500,4.93
2008-10-23,5.81,5.91,5.26,5.40,49700,5.40
2008-10-22,6.25,6.25,5.62,5.74,75800,5.74
2008-10-21,6.30,6.71,6.30,6.31,96500,6.31
2008-10-20,6.29,6.63,6.29,6.44,146900,6.44
2008-10-17,6.77,6.81,6.14,6.15,194500,6.15
2008-10-16,6.09,7.01,5.83,6.89,156600,6.89
2008-10-15,6.93,7.08,5.95,5.95,148700,5.95
2008-10-14,7.57,7.74,6.80,7.02,136300,7.02
2008-10-13,6.78,7.44,6.70,7.44,39900,7.44
2008-10-10,6.06,6.56,5.74,6.49,137900,6.49
2008-10-09,6.79,6.96,6.24,6.24,188400,6.24
2008-10-08,7.47,7.47,6.78,6.82,359500,6.82
2008-10-07,8.31,8.48,7.69,7.69,165100,7.69
2008-10-06,8.54,8.57,7.85,8.25,209100,8.25
2008-10-03,9.10,9.26,8.51,8.53,153200,8.53
2008-10-02,9.03,9.26,8.99,8.99,158600,8.99
2008-10-01,9.39,9.40,9.08,9.16,167500,9.16
2008-09-30,9.09,9.52,9.09,9.39,173000,9.39
2008-09-29,9.25,9.49,8.92,8.98,167100,8.98
2008-09-26,8.95,9.38,8.64,9.33,125900,9.33
2008-09-25,8.85,9.26,8.76,9.04,160400,9.04
2008-09-24,9.23,9.49,8.84,8.85,149200,8.85
2008-09-23,9.46,9.70,9.16,9.24,152300,9.24
2008-09-22,9.60,9.69,9.32,9.44,176700,9.44
2008-09-19,9.64,10.11,9.34,9.55,462600,9.55
2008-09-18,9.18,9.46,9.00,9.46,378700,9.46
2008-09-17,9.21,9.31,8.86,8.99,277000,8.99
2008-09-16,9.05,9.59,8.82,9.50,467600,9.50
2008-09-15,9.89,10.09,9.46,9.47,86600,9.47
2008-09-12,9.86,10.15,9.80,9.94,110100,9.94
2008-09-11,9.30,9.99,9.26,9.96,159100,9.96
2008-09-10,9.30,9.50,9.29,9.34,147400,9.34
2008-09-09,9.40,9.53,9.23,9.28,164600,9.28
2008-09-08,9.61,9.82,9.26,9.39,328100,9.39
2008-09-05,9.31,9.62,9.28,9.34,200400,9.34
2008-09-04,9.52,9.65,9.29,9.30,231800,9.30
2008-09-03,9.45,9.95,9.43,9.52,272200,9.52
2008-09-02,9.62,10.14,9.33,9.41,338100,9.41
2008-08-29,9.65,10.02,9.59,9.64,145000,9.64
2008-08-28,9.05,9.71,9.05,9.65,346400,9.65
2008-08-27,9.15,9.47,8.78,9.27,320500,9.27
2008-08-26,8.68,9.28,8.59,9.03,369900,9.03
2008-08-25,7.86,8.59,7.86,8.50,224300,8.50
2008-08-22,7.87,8.18,7.78,8.10,295500,8.10
2008-08-21,7.28,7.94,7.28,7.81,306900,7.81
2008-08-20,7.52,7.81,7.36,7.57,168600,7.57
2008-08-19,7.68,7.73,7.36,7.44,150800,7.44
2008-08-18,8.43,8.47,7.56,7.86,450200,7.86
2008-08-15,7.90,8.53,7.50,8.46,468000,8.46
2008-08-14,7.07,7.80,7.07,7.75,1293800,7.75
2008-08-13,7.00,7.18,6.92,7.04,488300,7.04
2008-08-12,7.02,7.18,6.90,7.00,352900,7.00
2008-08-11,7.12,7.45,6.81,6.98,501500,6.98
2008-08-08,9.31,9.50,6.50,7.19,1064900,7.19
2008-08-07,10.28,10.65,10.28,10.46,79900,10.46
2008-08-06,10.23,10.88,10.01,10.40,97100,10.40
2008-08-05,10.20,10.29,9.85,10.23,65000,10.23
2008-08-04,10.08,10.23,9.94,10.06,123800,10.06
2008-08-01,10.52,10.55,10.01,10.06,150300,10.06
2008-07-31,10.64,10.89,10.46,10.46,83100,10.46
2008-07-30,11.21,11.21,10.34,10.75,100700,10.75
2008-07-29,11.39,11.39,11.23,11.24,307800,11.24
2008-07-28,11.93,11.93,10.82,11.35,76700,11.35
2008-07-25,11.76,12.19,11.63,12.00,78400,12.00
2008-07-24,11.98,12.14,11.57,11.64,90200,11.64
2008-07-23,11.91,12.25,11.80,11.90,92400,11.90
2008-07-22,12.07,12.30,11.82,12.00,135900,12.00
2008-07-21,12.25,12.45,12.05,12.25,128800,12.25
2008-07-18,11.58,12.40,11.33,12.26,246500,12.26
2008-07-17,11.36,11.65,11.28,11.65,135600,11.65
2008-07-16,10.98,11.57,10.82,11.32,202800,11.32
2008-07-15,10.51,11.11,10.30,10.93,143200,10.93
2008-07-14,10.98,10.98,10.10,10.70,84500,10.70
2008-07-11,10.66,11.00,10.30,10.85,141500,10.85
2008-07-10,10.54,11.00,10.21,10.80,79400,10.80
2008-07-09,10.83,10.90,10.53,10.53,93000,10.53
2008-07-08,9.88,10.89,9.76,10.81,186300,10.81
2008-07-07,10.19,10.31,9.69,9.86,241300,9.86
2008-07-03,10.42,10.42,10.04,10.10,109100,10.10
2008-07-02,10.74,10.94,10.37,10.42,195200,10.42
2008-07-01,11.14,11.14,10.40,10.79,255400,10.79
2008-06-30,11.97,11.97,11.17,11.23,161800,11.23
2008-06-27,12.09,12.24,11.57,11.99,429200,11.99
2008-06-26,12.07,12.20,11.65,12.05,147300,12.05
2008-06-25,12.14,12.43,12.13,12.21,89700,12.21
2008-06-24,12.31,12.58,12.06,12.19,159900,12.19
2008-06-23,12.16,12.54,12.13,12.38,157600,12.38
2008-06-20,12.01,12.48,12.00,12.17,253100,12.17
2008-06-19,12.24,12.44,11.98,12.13,229900,12.13
2008-06-18,11.99,12.41,11.98,12.20,190700,12.20
2008-06-17,11.50,12.18,11.26,12.00,148800,12.00
2008-06-16,11.18,11.52,10.99,11.52,69300,11.52
2008-06-13,10.67,11.39,10.61,11.20,149900,11.20
2008-06-12,10.76,11.00,10.50,10.70,89000,10.70
2008-06-11,10.95,11.00,10.70,10.76,160900,10.76
2008-06-10,11.42,11.42,10.92,11.04,144300,11.04
2008-06-09,11.75,11.75,11.43,11.57,97100,11.57
2008-06-06,12.00,12.05,11.38,11.75,189200,11.75
2008-06-05,11.99,12.42,11.66,12.01,308300,12.01
2008-06-04,11.88,12.01,11.54,12.00,200600,12.00
2008-06-03,11.72,12.27,11.55,11.76,210900,11.76
2008-06-02,11.66,11.74,11.28,11.67,367200,11.67
2008-05-30,11.75,12.16,11.51,11.66,262000,11.66
2008-05-29,11.84,12.13,11.35,11.70,452400,11.70
2008-05-28,12.76,12.80,11.69,11.81,396800,11.81
2008-05-27,12.44,13.00,12.20,13.00,76400,13.00
2008-05-23,12.12,12.65,12.04,12.52,94200,12.52
2008-05-22,12.28,12.41,12.10,12.16,47100,12.16
2008-05-21,12.43,12.67,12.26,12.26,80400,12.26
2008-05-20,12.53,12.56,12.30,12.41,29100,12.41
2008-05-19,12.61,12.82,12.45,12.55,92400,12.55
2008-05-16,12.95,12.99,12.48,12.73,98900,12.73
2008-05-15,12.65,13.00,12.46,12.94,101200,12.94
2008-05-14,12.43,13.10,12.43,12.72,82700,12.72
2008-05-13,12.96,12.96,11.82,12.53,129500,12.53
2008-05-12,12.99,13.08,12.09,12.99,97600,12.99
2008-05-09,12.94,13.50,12.51,12.83,195200,12.83
2008-05-08,12.62,12.71,12.36,12.47,71900,12.47
2008-05-07,12.57,13.03,12.34,12.74,405900,12.74
2008-05-06,12.18,12.67,11.94,12.62,98900,12.62
2008-05-05,12.12,12.23,11.81,12.07,320200,12.07
2008-05-02,12.07,12.41,11.77,12.24,198800,12.24
2008-05-01,11.65,12.13,11.54,12.09,95400,12.09
2008-04-30,11.53,11.83,11.30,11.68,110900,11.68
2008-04-29,11.46,11.73,11.09,11.71,162200,11.71
2008-04-28,12.19,12.20,10.94,11.50,197300,11.50
2008-04-25,11.19,11.57,10.95,11.31,85600,11.31
2008-04-24,10.97,11.40,10.64,11.22,198900,11.22
2008-04-23,10.73,11.87,10.56,11.01,203400,11.01
2008-04-22,10.65,11.09,10.02,10.75,355000,10.75
2008-04-21,10.45,10.82,10.37,10.73,48600,10.73
2008-04-18,10.79,10.86,10.30,10.57,123800,10.57
2008-04-17,10.41,10.78,10.13,10.60,105800,10.60
2008-04-16,9.94,10.63,9.93,10.63,156200,10.63
2008-04-15,9.77,9.95,9.53,9.87,76700,9.87
2008-04-14,9.58,9.99,9.53,9.80,87000,9.80
2008-04-11,10.15,10.19,9.57,9.66,113400,9.66
2008-04-10,10.11,10.54,10.10,10.36,189800,10.36
2008-04-09,10.60,10.82,10.00,10.02,358800,10.02
2008-04-08,11.39,11.40,10.62,10.64,225100,10.64
2008-04-07,12.11,12.11,11.37,11.44,344600,11.44
2008-04-04,12.16,12.26,11.90,12.12,212100,12.12
2008-04-03,12.19,12.48,12.01,12.24,122200,12.24
2008-04-02,12.73,12.73,12.05,12.40,112800,12.40
2008-04-01,12.45,12.72,12.09,12.72,198700,12.72
2008-03-31,12.70,12.70,11.82,12.55,190000,12.55
2008-03-28,12.94,13.12,12.44,12.60,123300,12.60
2008-03-27,13.69,13.69,13.02,13.08,93100,13.08
2008-03-26,13.36,14.02,13.23,13.82,106800,13.82
2008-03-25,13.52,13.52,13.16,13.40,98800,13.40
2008-03-24,12.68,14.00,12.38,13.67,204600,13.67
2008-03-20,12.10,13.01,11.86,12.96,224200,12.96
2008-03-19,12.72,12.73,11.70,12.00,150900,12.00
2008-03-18,13.03,13.03,12.31,12.51,259200,12.51
2008-03-17,13.52,13.64,12.01,12.55,179100,12.55
2008-03-14,15.02,15.51,13.68,14.15,153300,14.15
2008-03-13,14.94,15.03,14.73,14.92,203800,14.92
2008-03-12,14.89,15.25,14.39,15.06,258900,15.06
2008-03-11,14.30,15.38,13.95,14.84,282800,14.84
2008-03-10,13.10,14.64,12.78,14.00,212700,14.00
2008-03-07,13.00,13.74,12.91,13.02,57100,13.02
2008-03-06,13.67,13.99,13.02,13.02,78100,13.02
2008-03-05,13.36,13.88,13.24,13.66,66700,13.66
2008-03-04,13.22,13.49,13.17,13.23,169200,13.23
2008-03-03,13.02,13.44,12.77,13.33,84000,13.33
2008-02-29,13.00,13.98,12.68,12.93,255000,12.93
2008-02-28,14.39,14.50,12.10,12.90,330700,12.90
2008-02-27,14.35,14.76,14.11,14.44,85200,14.44
2008-02-26,14.37,14.90,14.31,14.58,97300,14.58
2008-02-25,14.13,14.82,14.11,14.47,88300,14.47
2008-02-22,14.72,14.72,13.59,14.05,83800,14.05
2008-02-21,14.77,14.97,14.53,14.73,88300,14.73
2008-02-20,14.96,15.06,14.61,14.75,98800,14.75
2008-02-19,15.20,15.86,14.99,15.10,155600,15.10
2008-02-15,14.85,15.19,14.85,15.06,304100,15.06
2008-02-14,15.21,15.21,14.68,14.93,141500,14.93
2008-02-13,15.22,15.22,14.56,15.00,144600,15.00
2008-02-12,17.21,17.21,14.64,14.93,247800,14.93
2008-02-11,16.89,16.92,15.97,16.24,63100,16.24
2008-02-08,17.00,17.20,16.17,16.99,137900,16.99
2008-02-07,15.55,17.78,15.40,17.07,399500,17.07
2008-02-06,15.16,15.92,15.16,15.52,67700,15.52
2008-02-05,14.70,15.27,14.48,15.15,197100,15.15
2008-02-04,15.02,15.20,14.87,14.95,50800,14.95
2008-02-01,15.36,15.36,14.62,15.02,92900,15.02
2008-01-31,15.37,15.67,15.00,15.35,101200,15.35
2008-01-30,15.66,16.49,15.56,15.58,91400,15.58
2008-01-29,15.50,15.86,15.19,15.86,84900,15.86
2008-01-28,15.19,15.66,14.87,15.66,68800,15.66
2008-01-25,15.35,15.79,15.18,15.25,66200,15.25
2008-01-24,15.35,15.63,14.76,15.16,48200,15.16
2008-01-23,14.64,15.35,14.40,15.35,103100,15.35
2008-01-22,14.37,14.98,14.27,14.82,72900,14.82
2008-01-18,15.00,15.31,14.88,14.93,121600,14.93
2008-01-17,15.18,15.50,15.00,15.15,154000,15.15
2008-01-16,15.34,15.36,15.02,15.02,56900,15.02
2008-01-15,16.51,16.51,15.13,15.52,112400,15.52
2008-01-14,16.90,17.07,16.47,16.70,71600,16.70
2008-01-11,16.79,18.00,16.50,16.85,254600,16.85
2008-01-10,16.68,17.16,16.65,16.99,122700,16.99
2008-01-09,16.00,17.00,16.00,17.00,145000,17.00
2008-01-08,14.70,17.13,14.64,16.30,204500,16.30
2008-01-07,15.57,15.97,13.98,14.53,300000,14.53
2008-01-04,17.20,17.29,15.74,15.78,131100,15.78
2008-01-03,18.70,18.70,17.28,17.55,182700,17.55
2008-01-02,19.71,19.74,17.89,18.78,163500,18.78
2007-12-31,19.47,19.84,19.00,19.62,107600,19.62
2007-12-28,20.00,20.71,19.16,19.45,121700,19.45
2007-12-27,20.38,20.39,19.81,19.92,236400,19.92
2007-12-26,19.19,20.34,18.77,20.00,351400,20.00
2007-12-24,19.16,19.94,19.16,19.27,89600,19.27
2007-12-21,17.97,19.21,17.41,19.01,208500,19.01
2007-12-20,18.53,18.75,17.32,17.57,287000,17.57
2007-12-19,17.21,18.68,17.21,18.50,336300,18.50
2007-12-18,17.25,17.25,16.90,17.19,118700,17.19
2007-12-17,17.32,17.32,16.75,17.10,154800,17.10
2007-12-14,16.00,17.48,16.00,17.03,169200,17.03
2007-12-13,16.02,16.13,16.00,16.03,87900,16.03
2007-12-12,16.36,16.36,15.64,16.08,229900,16.08
2007-12-11,16.75,16.79,16.00,16.03,119600,16.03
2007-12-10,16.35,16.90,16.35,16.60,140700,16.60
2007-12-07,15.99,17.03,15.99,16.60,368900,16.60
2007-12-06,16.75,16.75,15.91,16.00,1777200,16.00
2007-12-05,17.22,17.99,16.65,16.90,180900,16.90
2007-12-04,17.31,17.55,17.04,17.22,79100,17.22
2007-12-03,17.42,17.69,16.49,17.31,87500,17.31
2007-11-30,17.25,17.98,16.87,17.20,80300,17.20
2007-11-29,17.03,17.03,16.31,16.93,30700,16.93
2007-11-28,16.36,17.03,16.17,16.98,62700,16.98
2007-11-27,16.73,17.73,16.06,16.19,120800,16.19
2007-11-26,16.69,17.25,16.41,16.73,81000,16.73
2007-11-23,16.35,17.03,16.32,16.68,28800,16.68
2007-11-21,17.06,17.40,16.21,16.37,53300,16.37
2007-11-20,17.29,17.45,16.51,17.06,69400,17.06
2007-11-19,16.67,17.60,16.62,17.29,76200,17.29
2007-11-16,16.73,17.10,16.25,16.78,93600,16.78
2007-11-15,17.55,18.03,16.08,16.73,76200,16.73
2007-11-14,18.36,18.66,18.10,18.20,65200,18.20
2007-11-13,18.41,19.10,17.79,18.07,169000,18.07
2007-11-12,18.68,19.21,18.20,18.27,68900,18.27
2007-11-09,18.20,18.95,17.36,18.38,83700,18.38
2007-11-08,18.09,18.60,17.26,18.29,57200,18.29
2007-11-07,18.60,18.67,17.78,17.87,65700,17.87
2007-11-06,17.79,18.94,17.60,18.78,161700,18.78
2007-11-05,17.68,18.00,17.25,17.79,62500,17.79
2007-11-02,18.34,18.34,17.65,17.85,106800,17.85
2007-11-01,17.90,19.45,17.42,18.00,189100,18.00
2007-10-31,16.35,18.13,16.05,17.98,294200,17.98
2007-10-30,15.05,16.69,15.05,16.10,508400,16.10
2007-10-29,14.76,16.05,14.76,15.01,166500,15.01
2007-10-26,13.55,13.95,13.55,13.78,35500,13.78
2007-10-25,13.48,13.48,12.46,13.37,23300,13.37
2007-10-24,13.83,14.60,12.90,13.41,30100,13.41
2007-10-23,13.22,14.09,13.22,13.91,40700,13.91
2007-10-22,13.17,13.31,12.90,13.09,26900,13.09
2007-10-19,13.51,13.51,13.10,13.31,40700,13.31
2007-10-18,13.83,13.84,13.53,13.57,30800,13.57
2007-10-17,13.90,13.95,13.71,13.89,22200,13.89
2007-10-16,14.18,14.25,13.82,13.85,59900,13.85
2007-10-15,13.55,14.16,13.53,14.06,29700,14.06
2007-10-12,13.93,14.00,13.51,13.51,67800,13.51
2007-10-11,13.85,14.26,13.82,13.93,115700,13.93
2007-10-10,13.80,14.07,13.77,13.92,44400,13.92
2007-10-09,14.31,14.31,13.80,13.88,50400,13.88
2007-10-08,13.69,14.21,13.69,14.21,20400,14.21
2007-10-05,13.58,13.83,13.22,13.78,42000,13.78
2007-10-04,13.39,13.89,13.26,13.46,22400,13.46
2007-10-03,12.94,13.88,12.94,13.28,145100,13.28
2007-10-02,12.33,13.10,12.33,12.94,161700,12.94
2007-10-01,12.07,12.40,12.05,12.29,118300,12.29
2007-09-28,12.02,12.47,11.85,12.07,741700,12.07
2007-09-27,12.70,12.94,12.06,12.07,112600,12.07
2007-09-26,12.60,12.93,12.50,12.81,61400,12.81
2007-09-25,12.56,12.56,12.42,12.51,19800,12.51
2007-09-24,12.70,13.24,12.40,12.51,139800,12.51
2007-09-21,12.39,13.74,12.27,12.70,58100,12.70
2007-09-20,12.38,12.49,12.16,12.26,9500,12.26
2007-09-19,12.28,12.44,12.15,12.44,7100,12.44
2007-09-18,12.22,12.37,12.10,12.37,33600,12.37
2007-09-17,13.08,13.08,11.74,12.25,87200,12.25
2007-09-14,13.25,13.25,12.59,13.15,11500,13.15
2007-09-13,13.19,13.33,13.19,13.21,3700,13.21
2007-09-12,13.56,13.56,13.20,13.20,7000,13.20
2007-09-11,13.80,13.85,13.20,13.50,32400,13.50
2007-09-10,13.82,13.95,13.73,13.81,6200,13.81
2007-09-07,14.30,14.30,13.30,13.94,33600,13.94
2007-09-06,14.02,14.69,13.90,14.38,103900,14.38
2007-09-05,13.77,14.20,13.77,14.08,28300,14.08
2007-09-04,13.30,14.23,13.20,13.71,66500,13.71
2007-08-31,13.42,13.46,13.25,13.35,10700,13.35
2007-08-30,13.45,13.47,13.25,13.40,28100,13.40
2007-08-29,13.68,13.70,13.37,13.37,25700,13.37
2007-08-28,13.25,13.65,13.25,13.63,91400,13.63
2007-08-27,13.67,13.67,13.11,13.35,24900,13.35
2007-08-24,13.15,13.63,13.11,13.53,22700,13.53
2007-08-23,12.58,13.48,12.47,13.05,12800,13.05
2007-08-22,12.00,12.50,12.00,12.43,8100,12.43
2007-08-21,11.95,12.15,11.95,12.00,12600,12.00
2007-08-20,11.75,11.85,11.75,11.84,7000,11.84
2007-08-17,11.60,12.00,11.51,11.89,13700,11.89
2007-08-16,11.52,11.52,11.50,11.50,4900,11.50
2007-08-15,11.55,11.55,11.40,11.55,26300,11.55
2007-08-14,11.70,11.73,11.45,11.50,129800,11.50
2007-08-13,12.01,12.10,11.49,11.80,143400,11.80
2007-08-10,12.20,12.25,12.10,12.10,62400,12.10
2007-08-09,12.60,12.69,12.15,12.28,227200,12.28
2007-08-08,12.00,13.06,11.90,12.72,100800,12.72
2007-08-07,10.60,12.10,10.40,11.92,340500,11.92
2007-08-06,11.85,11.88,10.90,10.90,108000,10.90
2007-08-03,12.45,12.45,11.51,11.90,73500,11.90
2007-08-02,12.40,12.52,12.26,12.51,18900,12.51
2007-08-01,12.50,12.50,12.20,12.37,44100,12.37
2007-07-31,12.75,12.75,12.28,12.50,36100,12.50
2007-07-30,12.45,12.80,12.45,12.78,72500,12.78
2007-07-27,12.45,12.53,12.07,12.48,40000,12.48
2007-07-26,12.55,12.55,12.32,12.52,35300,12.52
