Date,Open,High,Low,Close,Volume,Adj Close
2012-05-04,20.75,20.81,20.59,20.77,13900,20.77
2012-05-03,20.85,20.85,20.52,20.66,11000,20.66
2012-05-02,21.02,21.02,20.86,20.87,11000,20.87
2012-05-01,21.01,21.14,21.00,21.03,19100,21.03
2012-04-30,21.00,21.06,20.97,21.05,13000,21.05
2012-04-27,21.50,23.16,21.09,21.09,20900,21.09
2012-04-26,21.08,21.15,21.01,21.15,13100,21.15
2012-04-25,21.09,21.09,20.98,21.07,35500,21.07
2012-04-24,20.98,21.00,20.92,21.00,26300,21.00
2012-04-23,21.00,21.00,20.73,20.92,7500,20.92
2012-04-20,21.15,21.17,21.13,21.13,3500,21.13
2012-04-19,21.25,21.25,21.12,21.12,1600,21.12
2012-04-18,21.20,21.22,21.14,21.17,4300,21.17
2012-04-17,21.21,21.42,21.21,21.25,8200,21.25
2012-04-16,21.20,21.36,21.20,21.33,900,21.33
2012-04-13,21.56,21.56,21.56,21.56,000,21.56
2012-04-12,21.34,21.56,21.34,21.56,2800,21.56
2012-04-11,21.43,21.43,21.43,21.43,400,21.43
2012-04-10,21.30,21.30,21.13,21.18,2200,21.18
2012-04-09,21.25,21.46,21.22,21.44,104200,21.44
2012-04-05,21.11,21.37,21.11,21.37,1800,21.37
2012-04-04,21.55,21.55,21.44,21.44,600,21.44
2012-04-03,21.48,21.58,21.47,21.50,4600,21.50
2012-04-02,21.51,21.51,21.51,21.51,300,21.51
2012-03-30,21.22,21.50,21.22,21.44,1500,21.44
2012-03-29,21.50,21.50,21.42,21.42,2300,21.42
2012-03-28,21.32,21.34,21.32,21.34,500,21.34
2012-03-27,21.31,21.42,21.31,21.42,7900,21.42
2012-03-26,21.22,21.45,21.22,21.45,3800,21.45
2012-03-23,21.20,21.39,21.17,21.33,6500,21.33
2012-03-22,21.47,21.47,21.20,21.24,9000,21.24
2012-03-21,21.62,21.65,21.51,21.52,3700,21.52
2012-03-20,21.62,21.69,21.56,21.67,3700,21.67
2012-03-19,21.51,21.80,21.51,21.80,500,21.80
2012-03-16,21.65,21.70,21.51,21.65,31600,21.65
2012-03-15,21.71,21.71,21.71,21.71,000,21.71
2012-03-14,21.82,21.90,21.56,21.71,9600,21.71
2012-03-13,21.74,21.88,21.74,21.84,2400,21.84
2012-03-12,21.69,21.89,21.69,21.89,1000,21.89
2012-03-09,21.90,21.90,21.81,21.86,5500,21.86
2012-03-08,21.72,21.72,21.67,21.69,2700,21.69
2012-03-07,21.50,21.62,21.50,21.54,1200,21.54
2012-03-06,21.88,21.90,21.50,21.51,20000,21.51
2012-03-05,21.87,21.90,21.77,21.80,11900,21.80
2012-03-02,22.00,22.00,21.98,21.99,9200,21.99
2012-03-01,22.14,22.14,22.00,22.01,54000,22.01
2012-02-29,22.13,22.15,22.07,22.07,3000,22.07
2012-02-28,21.93,22.10,21.93,22.10,1800,22.10
2012-02-27,22.13,22.13,21.99,22.06,5900,22.06
2012-02-24,22.04,22.25,22.04,22.13,23800,22.13
2012-02-23,21.96,22.19,21.81,22.00,7200,22.00
2012-02-22,22.01,22.11,21.70,22.11,18300,22.11
2012-02-21,22.09,22.14,22.01,22.07,4600,22.07
2012-02-17,22.05,22.13,21.79,22.13,5000,22.13
2012-02-16,21.75,22.23,21.74,22.03,26800,22.03
2012-02-15,21.85,21.85,21.85,21.85,400,21.85
2012-02-14,22.14,22.14,21.73,21.97,2000,21.97
2012-02-13,22.35,22.35,21.78,22.12,7500,22.12
2012-02-10,21.85,21.85,21.81,21.81,1800,21.81
2012-02-09,21.91,21.98,21.81,21.94,3700,21.94
2012-02-08,22.05,22.12,22.04,22.05,1600,22.05
2012-02-07,22.20,22.20,21.95,22.09,5700,22.09
2012-02-06,22.36,22.36,22.15,22.23,7700,22.23
2012-02-03,22.18,22.43,22.18,22.37,14300,22.37
2012-02-02,21.87,22.15,21.77,22.06,4400,22.06
2012-02-01,21.84,22.06,21.84,21.98,2900,21.98
2012-01-31,21.98,21.98,21.75,21.75,3800,21.75
2012-01-30,21.70,21.77,21.70,21.77,15100,21.77
2012-01-27,21.60,21.98,21.60,21.85,8300,21.85
2012-01-26,21.87,21.87,21.61,21.80,1500,21.80
2012-01-25,21.50,21.83,21.50,21.83,9600,21.83
2012-01-24,21.50,21.60,21.42,21.52,3500,21.52
2012-01-23,21.42,21.75,21.42,21.49,15700,21.49
2012-01-20,21.50,21.56,21.48,21.50,5100,21.50
2012-01-19,21.46,21.52,21.46,21.52,6600,21.52
2012-01-18,21.30,21.46,21.30,21.46,5200,21.46
2012-01-17,21.07,21.30,21.07,21.15,21100,21.15
2012-01-13,20.79,20.88,20.75,20.75,8400,20.75
2012-01-12,20.79,20.89,20.79,20.89,4400,20.89
2012-01-11,20.75,20.77,20.70,20.70,7400,20.70
2012-01-10,21.04,21.04,20.69,20.81,7100,20.81
2012-01-09,20.42,20.54,20.42,20.47,21200,20.47
2012-01-06,20.14,20.35,20.14,20.33,800,20.33
2012-01-05,20.25,20.31,20.25,20.28,2300,20.28
2012-01-04,20.20,20.25,20.20,20.25,5200,20.25
2012-01-03,19.91,20.24,19.91,20.21,9100,20.21
2011-12-30,20.05,20.15,20.02,20.12,12800,20.12
2011-12-29,19.95,20.07,19.90,19.95,14000,19.95
2011-12-28,20.16,20.18,19.93,19.96,7000,19.96
2011-12-27,20.28,20.28,20.12,20.18,8200,20.18
2011-12-23,20.12,20.28,20.12,20.28,7000,20.28
2011-12-22,20.48,20.48,20.20,20.21,9500,20.21
2011-12-21,20.33,20.58,20.18,20.28,13900,20.28
2011-12-20,23.20,23.49,23.20,23.47,42700,20.19
2011-12-19,23.40,23.41,23.29,23.29,6400,20.04
2011-12-16,23.69,23.69,23.51,23.58,37000,20.28
2011-12-15,23.26,23.26,23.11,23.17,35800,19.93
2011-12-14,23.18,23.18,22.70,23.00,5400,19.79
2011-12-13,23.25,23.27,23.24,23.24,1900,19.99
2011-12-12,23.60,23.60,23.30,23.42,7900,20.15
2011-12-09,23.80,23.80,23.65,23.71,2500,20.40
2011-12-08,23.76,23.77,23.63,23.69,2500,20.38
2011-12-07,24.07,24.07,23.98,24.02,1900,20.66
2011-12-06,24.07,24.20,24.07,24.15,5700,20.77
2011-12-05,24.33,24.33,24.11,24.12,2800,20.75
2011-12-02,24.25,24.25,24.09,24.12,8400,20.75
2011-12-01,24.07,24.16,24.07,24.16,3100,20.78
2011-11-30,23.90,23.99,23.88,23.97,12900,20.62
2011-11-29,23.79,23.87,23.78,23.83,3300,20.50
2011-11-28,23.80,23.89,23.74,23.76,16900,20.44
2011-11-25,23.61,23.70,23.61,23.70,14900,20.39
2011-11-23,23.55,23.62,23.50,23.58,19100,20.28
2011-11-22,23.56,23.69,23.56,23.61,3600,20.31
2011-11-21,23.93,23.93,23.58,23.67,34600,20.36
2011-11-18,24.26,24.26,24.01,24.06,37000,20.70
2011-11-17,24.65,24.65,24.26,24.32,7000,20.92
2011-11-16,24.30,24.54,24.30,24.46,1500,21.04
2011-11-15,24.50,24.50,24.40,24.50,16900,21.08
2011-11-14,24.74,24.80,24.62,24.67,5700,21.22
2011-11-11,24.72,24.91,24.72,24.91,12100,21.43
2011-11-10,24.51,24.57,24.50,24.50,5200,21.08
2011-11-09,24.64,24.75,24.56,24.56,5200,21.13
2011-11-08,24.96,25.21,24.96,25.14,1800,21.63
2011-11-07,25.16,25.25,25.16,25.24,500,21.71
2011-11-04,25.17,25.25,25.15,25.18,2300,21.66
2011-11-03,25.22,25.27,25.18,25.23,1500,21.70
2011-11-02,25.17,25.17,25.12,25.12,1000,21.61
2011-11-01,25.00,25.08,25.00,25.07,7800,21.57
2011-10-31,25.33,25.49,25.33,25.45,8900,21.89
2011-10-28,25.58,25.58,25.40,25.53,3200,21.96
2011-10-27,25.25,25.39,25.19,25.32,6300,21.78
2011-10-26,24.98,25.09,24.86,25.00,14200,21.51
2011-10-25,25.00,25.00,24.98,24.98,2500,21.49
2011-10-24,24.85,25.00,24.85,24.94,5100,21.45
2011-10-21,24.78,24.87,24.76,24.78,4700,21.32
2011-10-20,24.75,24.92,24.68,24.75,9500,21.29
2011-10-19,25.20,25.20,25.10,25.10,2800,21.59
2011-10-18,25.10,25.24,25.07,25.24,2600,21.71
2011-10-17,25.40,25.40,25.16,25.17,2700,21.65
2011-10-14,25.38,25.39,25.19,25.28,5000,21.75
2011-10-13,25.12,25.16,25.06,25.07,2600,21.57
2011-10-12,25.15,25.35,25.15,25.25,5200,21.72
2011-10-11,25.12,25.20,25.06,25.10,58300,21.59
2011-10-10,25.15,25.41,25.15,25.41,65200,21.86
2011-10-07,25.19,25.29,25.15,25.15,7600,21.64
2011-10-06,25.08,25.18,25.07,25.15,16000,21.64
2011-10-05,24.89,25.04,24.89,25.04,8700,21.54
2011-10-04,24.75,25.04,24.75,24.99,2800,21.50
2011-10-03,25.04,25.04,24.86,24.86,2000,21.39
2011-09-30,25.19,25.19,24.85,24.85,4100,21.38
2011-09-29,24.99,25.59,24.93,25.17,24000,21.65
2011-09-28,25.08,25.23,25.00,25.00,15900,21.51
2011-09-27,25.08,25.20,25.08,25.13,4700,21.62
2011-09-26,24.78,24.80,24.60,24.60,4100,21.16
2011-09-23,25.06,25.06,24.59,24.88,9700,21.40
2011-09-22,25.00,25.00,24.50,24.61,85300,21.17
2011-09-21,25.45,25.50,25.39,25.40,11600,21.85
2011-09-20,25.63,25.76,25.59,25.70,6700,22.11
2011-09-19,25.78,25.86,25.60,25.76,20200,22.16
2011-09-16,26.10,26.16,25.95,25.95,1600,22.32
2011-09-15,25.64,26.00,25.37,25.99,96900,22.36
2011-09-14,25.80,25.94,25.77,25.86,30600,22.25
2011-09-13,25.96,26.10,25.88,26.02,92600,22.38
2011-09-12,26.01,26.17,26.00,26.03,25000,22.39
2011-09-09,26.40,26.45,26.11,26.42,239100,22.73
2011-09-08,26.58,26.64,26.54,26.54,3900,22.83
2011-09-07,26.60,26.82,26.60,26.74,10100,23.00
2011-09-06,26.57,26.75,26.57,26.67,8700,22.94
2011-09-02,26.79,26.91,26.79,26.86,28200,23.11
2011-09-01,26.81,26.86,26.79,26.80,9500,23.05
2011-08-31,26.70,26.91,26.69,26.82,5200,23.07
2011-08-30,26.79,26.80,26.66,26.66,5600,22.93
2011-08-29,26.67,26.72,26.58,26.72,8400,22.99
2011-08-26,26.54,26.70,26.54,26.70,5200,22.97
2011-08-25,26.63,26.78,26.50,26.69,14200,22.96
2011-08-24,26.73,26.77,26.68,26.71,6300,22.98
2011-08-23,26.82,27.02,26.82,27.00,13800,23.23
2011-08-22,26.79,26.89,26.79,26.83,5300,23.08
2011-08-19,26.66,26.94,26.57,26.80,5500,23.05
2011-08-18,27.02,27.02,26.73,26.74,22500,23.00
2011-08-17,27.11,27.20,27.11,27.11,3500,23.32
2011-08-16,27.25,27.25,27.13,27.13,16700,23.34
2011-08-15,27.14,27.34,27.14,27.33,21800,23.51
2011-08-12,27.26,27.26,27.13,27.15,7900,23.36
2011-08-11,27.24,27.31,27.24,27.26,2100,23.45
2011-08-10,27.10,27.30,27.10,27.20,5300,23.40
2011-08-09,27.10,27.26,27.09,27.09,20900,23.30
2011-08-08,27.24,27.33,27.09,27.12,23300,23.33
2011-08-05,27.48,27.60,27.39,27.42,42600,23.59
2011-08-04,27.57,27.60,27.36,27.45,21400,23.61
2011-08-03,27.70,27.79,27.65,27.79,8100,23.91
2011-08-02,27.90,27.90,27.62,27.72,22300,23.85
2011-08-01,27.95,27.95,27.85,27.93,3700,24.03
2011-07-29,27.90,27.97,27.88,27.91,18700,24.01
2011-07-28,27.98,27.98,27.93,27.96,2400,24.05
2011-07-27,27.97,27.99,27.85,27.85,8100,23.96
2011-07-26,27.80,27.95,27.80,27.85,14100,23.96
2011-07-25,27.77,27.79,27.74,27.75,2100,23.87
2011-07-22,27.78,27.80,27.72,27.76,1500,23.88
2011-07-21,27.65,27.69,27.63,27.66,2500,23.79
2011-07-20,27.89,27.89,27.61,27.71,3300,23.84
2011-07-19,27.52,27.73,27.52,27.70,8100,23.83
2011-07-18,27.56,27.62,27.50,27.52,4000,23.67
2011-07-15,27.65,27.65,27.56,27.57,1300,23.72
2011-07-14,27.63,27.65,27.60,27.65,1000,23.79
2011-07-13,27.55,27.62,27.55,27.62,2300,23.76
2011-07-12,27.51,27.56,27.48,27.53,8000,23.68
2011-07-11,27.65,27.67,27.56,27.65,7300,23.79
2011-07-08,27.66,27.77,27.66,27.73,11100,23.85
2011-07-07,27.69,27.77,27.66,27.67,15000,23.80
2011-07-06,27.73,27.75,27.60,27.60,3300,23.74
2011-07-05,27.64,27.69,27.62,27.65,9100,23.79
2011-07-01,27.49,27.62,27.49,27.55,16900,23.70
2011-06-30,27.45,27.46,27.38,27.43,1700,23.60
2011-06-29,27.24,27.24,27.24,27.24,100,23.43
2011-06-28,27.21,27.21,27.21,27.21,1000,23.41
2011-06-27,27.19,27.19,27.15,27.19,4400,23.39
2011-06-24,27.16,27.22,27.16,27.22,1000,23.42
2011-06-23,27.27,27.27,27.15,27.23,7300,23.42
2011-06-22,27.23,27.33,27.23,27.23,1300,23.42
2011-06-21,27.23,27.30,27.22,27.22,12700,23.42
2011-06-20,27.35,27.35,27.14,27.18,6900,23.38
2011-06-17,27.04,27.33,27.04,27.29,4500,23.48
2011-06-16,27.22,27.22,27.14,27.16,14800,23.36
2011-06-15,27.29,27.33,27.25,27.25,4700,23.44
2011-06-14,27.30,27.39,27.30,27.37,9200,23.54
2011-06-13,27.22,27.29,27.22,27.28,1300,23.47
2011-06-10,27.35,27.35,27.25,27.29,4600,23.48
2011-06-09,27.33,27.35,27.30,27.35,2400,23.53
2011-06-08,27.38,27.39,27.26,27.32,2000,23.50
2011-06-07,27.35,27.39,27.25,27.26,5000,23.45
2011-06-06,27.24,27.30,27.22,27.30,18500,23.48
2011-06-03,27.17,27.25,27.16,27.25,2900,23.44
2011-06-02,27.13,27.22,27.13,27.19,6100,23.39
2011-06-01,27.20,27.22,27.13,27.15,3000,23.36
2011-05-31,27.05,27.11,26.98,27.11,137500,23.32
2011-05-27,26.92,27.04,26.92,27.04,9200,23.26
2011-05-26,26.94,26.94,26.94,26.94,200,23.18
2011-05-25,26.88,26.88,26.83,26.84,5200,23.09
2011-05-24,26.88,26.94,26.86,26.92,5100,23.16
2011-05-23,26.95,26.95,26.81,26.89,7800,23.13
2011-05-20,27.00,27.05,27.00,27.04,6300,23.26
2011-05-19,27.00,27.09,26.98,27.05,6400,23.27
2011-05-18,26.76,27.02,26.76,26.98,1300,23.21
2011-05-17,26.90,26.97,26.88,26.94,7600,23.18
2011-05-16,26.98,26.98,26.85,26.85,3100,23.10
2011-05-13,27.00,27.03,26.99,27.02,4800,23.24
2011-05-12,26.95,27.07,26.95,27.02,23000,23.24
2011-05-11,27.13,27.17,27.09,27.09,2000,23.30
2011-05-10,27.10,27.18,27.09,27.18,2200,23.38
2011-05-09,27.10,27.20,27.09,27.17,3300,23.37
2011-05-06,27.01,27.15,27.01,27.01,2500,23.24
2011-05-05,27.02,27.15,26.99,27.06,40600,23.28
2011-05-04,27.36,27.36,27.16,27.18,28000,23.38
2011-05-03,27.26,27.57,27.20,27.28,5900,23.47
2011-05-02,27.51,27.51,27.35,27.37,33000,23.54
2011-04-29,27.25,27.48,27.25,27.42,7500,23.59
2011-04-28,27.21,27.32,27.21,27.27,2600,23.46
2011-04-27,27.21,27.29,27.17,27.27,12200,23.46
2011-04-26,27.25,27.25,27.10,27.21,3600,23.41
2011-04-25,26.85,27.24,26.85,27.18,8900,23.38
2011-04-21,27.46,27.46,27.22,27.32,2700,23.50
2011-04-20,27.15,27.28,27.15,27.27,4500,23.46
2011-04-19,27.15,27.22,27.10,27.16,4000,23.36
2011-04-18,27.03,27.15,27.03,27.13,20200,23.34
2011-04-15,27.22,27.26,27.18,27.26,4900,23.45
2011-04-14,27.11,27.15,27.05,27.15,7600,23.36
2011-04-13,27.10,27.14,27.05,27.13,8700,23.34
2011-04-12,27.20,27.23,27.11,27.15,7300,23.36
2011-04-11,27.27,27.27,27.17,27.18,34900,23.38
2011-04-08,27.41,27.50,27.29,27.32,21300,23.50
2011-04-07,27.40,27.40,27.31,27.34,5500,23.52
2011-04-06,27.36,27.37,27.29,27.33,2900,23.51
2011-04-05,27.26,27.33,27.17,27.23,6700,23.42
2011-04-04,27.23,27.23,27.10,27.10,6200,23.31
2011-04-01,27.45,27.45,27.06,27.08,11100,23.30
2011-03-31,27.10,27.15,27.01,27.05,11000,23.27
2011-03-30,26.92,26.99,26.88,26.94,20800,23.18
2011-03-29,26.91,27.00,26.83,26.90,6200,23.14
2011-03-28,26.86,26.89,26.82,26.88,6000,23.12
2011-03-25,26.89,26.99,26.85,26.85,11300,23.10
2011-03-24,26.93,26.93,26.84,26.93,11200,23.17
2011-03-23,26.80,26.92,26.80,26.91,13100,23.15
2011-03-22,26.75,26.76,26.70,26.73,2100,22.99
2011-03-21,26.70,26.73,26.63,26.73,18200,22.99
2011-03-18,26.57,26.66,26.57,26.66,5100,22.93
2011-03-17,26.65,26.65,26.53,26.56,9700,22.85
2011-03-16,26.55,26.65,26.51,26.65,9500,22.93
2011-03-15,26.42,26.58,26.42,26.50,16500,22.80
2011-03-14,26.59,26.67,26.55,26.66,7400,22.93
2011-03-11,26.52,26.60,26.43,26.56,26100,22.85
2011-03-10,26.54,26.55,26.50,26.50,4000,22.80
2011-03-09,26.69,26.80,26.60,26.72,33800,22.99
2011-03-08,26.72,26.74,26.63,26.74,14900,23.00
2011-03-07,26.66,26.75,26.60,26.69,3000,22.96
2011-03-04,26.71,26.80,26.67,26.67,5900,22.94
2011-03-03,26.74,26.79,26.72,26.72,3900,22.99
2011-03-02,26.75,26.79,26.67,26.78,32900,23.04
2011-03-01,26.74,26.76,26.64,26.76,12200,23.02
2011-02-28,26.69,26.69,26.50,26.58,14300,22.87
2011-02-25,26.50,26.52,26.40,26.52,8000,22.81
2011-02-24,26.36,26.41,26.30,26.41,12300,22.72
2011-02-23,26.49,26.60,26.49,26.57,8900,22.86
2011-02-22,26.55,26.59,26.43,26.54,17300,22.83
2011-02-18,26.46,26.59,26.46,26.59,12100,22.87
2011-02-17,26.39,26.45,26.38,26.45,9500,22.75
2011-02-16,26.44,26.44,26.33,26.36,18300,22.68
2011-02-15,26.35,26.43,26.32,26.41,5100,22.72
2011-02-14,26.23,26.42,26.23,26.39,21500,22.70
2011-02-11,26.28,26.29,26.16,26.19,6100,22.53
2011-02-10,26.18,26.34,26.08,26.23,6500,22.56
2011-02-09,26.35,26.40,26.28,26.34,33700,22.66
2011-02-08,26.46,26.47,26.38,26.46,26800,22.76
2011-02-07,26.25,26.37,26.25,26.31,28500,22.63
2011-02-04,26.17,26.29,26.17,26.29,14100,22.62
2011-02-03,26.26,26.26,26.17,26.20,11200,22.54
2011-02-02,26.22,26.29,26.17,26.21,2100,22.55
2011-02-01,25.98,26.30,25.98,26.16,123600,22.50
2011-01-31,25.92,26.05,25.81,26.04,9000,22.40
2011-01-28,26.17,26.17,25.99,26.00,3700,22.37
2011-01-27,26.07,26.19,26.07,26.12,6500,22.47
2011-01-26,26.12,26.17,26.03,26.05,13100,22.41
2011-01-25,26.00,26.03,25.91,26.00,2600,22.37
2011-01-24,26.06,26.10,26.00,26.05,9200,22.41
2011-01-21,26.03,26.12,26.02,26.03,43400,22.39
2011-01-20,26.01,26.16,25.42,26.09,14400,22.44
2011-01-19,26.16,26.18,26.10,26.14,14300,22.49
2011-01-18,26.16,26.25,26.15,26.20,6800,22.54
2011-01-14,26.16,26.32,26.16,26.32,5700,22.64
2011-01-13,26.32,26.39,26.31,26.38,2000,22.69
2011-01-12,26.30,26.45,26.30,26.45,24000,22.75
2011-01-11,26.27,26.37,26.23,26.26,25400,22.59
2011-01-10,26.21,26.21,26.10,26.13,13800,22.48
2011-01-07,26.15,26.23,26.11,26.22,22300,22.56
2011-01-06,26.24,26.25,26.17,26.18,38200,22.52
2011-01-05,26.28,26.28,26.17,26.20,3700,22.54
2011-01-04,26.46,26.46,26.30,26.40,3900,22.71
2011-01-03,26.66,26.67,26.52,26.52,2700,22.81
2010-12-31,26.94,26.94,26.57,26.58,6700,22.87
2010-12-30,26.42,26.52,26.41,26.46,18400,22.76
2010-12-29,26.33,26.41,26.33,26.38,10300,22.69
2010-12-28,26.34,26.40,26.27,26.40,12700,22.71
2010-12-27,26.21,26.22,26.20,26.22,1900,22.56
2010-12-23,26.32,26.32,26.17,26.25,1700,22.58
2010-12-22,26.21,26.33,26.21,26.28,6000,22.61
2010-12-21,26.45,26.55,26.45,26.54,25800,22.83
2010-12-20,26.43,26.43,26.27,26.31,2400,22.63
2010-12-17,26.24,26.35,26.20,26.20,3900,22.54
2010-12-16,26.40,26.40,26.34,26.34,900,22.66
2010-12-15,26.39,26.44,26.21,26.28,40900,22.61
2010-12-14,26.59,26.68,26.57,26.59,27000,22.87
2010-12-13,26.49,26.54,26.48,26.52,10600,22.81
2010-12-10,26.58,26.58,26.51,26.51,3500,22.81
2010-12-09,26.38,26.41,26.38,26.41,800,22.72
2010-12-08,26.55,26.55,26.47,26.48,5000,22.78
2010-12-07,26.75,26.75,26.67,26.67,6600,22.94
2010-12-06,26.68,26.69,26.58,26.69,1000,22.96
2010-12-03,26.48,26.68,26.48,26.68,2700,22.95
2010-12-02,26.38,26.57,26.28,26.57,40200,22.86
2010-12-01,26.34,26.46,26.32,26.38,27000,22.69
2010-11-30,25.94,26.08,25.91,26.02,18700,22.38
2010-11-29,25.91,26.00,25.88,25.90,16200,22.28
2010-11-26,26.04,26.04,26.04,26.04,300,22.40
2010-11-24,26.08,26.21,26.06,26.12,19300,22.47
2010-11-23,26.13,26.13,25.96,25.96,41700,22.33
2010-11-22,26.28,26.33,26.19,26.32,12200,22.64
2010-11-19,26.27,26.29,26.20,26.28,4100,22.61
2010-11-18,26.41,26.41,26.28,26.38,2900,22.69
2010-11-17,26.10,26.11,26.05,26.10,3700,22.45
2010-11-16,26.30,26.30,26.00,26.10,12700,22.45
2010-11-15,26.39,26.40,26.24,26.33,6500,22.65
2010-11-12,26.65,26.65,26.37,26.45,8600,22.75
2010-11-11,26.88,26.88,26.72,26.77,7300,23.03
2010-11-10,26.79,26.87,26.79,26.86,2400,23.11
2010-11-09,26.94,27.00,26.66,26.72,31600,22.99
2010-11-08,26.93,26.94,26.80,26.94,15300,23.18
2010-11-05,27.16,27.16,27.01,27.05,11300,23.27
2010-11-04,27.13,27.14,27.00,27.10,12500,23.31
2010-11-03,26.90,26.90,26.85,26.87,3500,23.11
2010-11-02,26.85,26.90,26.78,26.90,3100,23.14
2010-11-01,26.76,26.80,26.76,26.78,3200,23.04
2010-10-29,26.72,26.79,26.69,26.76,2800,23.02
2010-10-28,26.61,26.75,26.56,26.73,36200,22.99
2010-10-27,26.67,26.72,26.62,26.65,5900,22.93
2010-10-26,26.82,26.82,26.69,26.69,16400,22.96
2010-10-25,26.72,26.83,26.72,26.83,9000,23.08
2010-10-22,26.70,26.71,26.64,26.66,3400,22.93
2010-10-21,26.80,26.84,26.71,26.75,21600,23.01
2010-10-20,26.69,26.91,26.69,26.89,27200,23.13
2010-10-19,26.68,26.69,26.56,26.62,7000,22.90
2010-10-18,26.70,26.86,26.68,26.86,9600,23.11
2010-10-15,26.98,26.98,26.77,26.89,18900,23.13
2010-10-14,26.93,26.94,26.75,26.84,17800,23.09
2010-10-13,26.68,26.76,26.66,26.76,7400,23.02
2010-10-12,26.60,26.71,26.55,26.68,18000,22.95
2010-10-11,26.79,26.79,26.64,26.72,29700,22.99
2010-10-08,26.82,26.86,26.66,26.80,7900,23.05
2010-10-07,26.82,26.94,26.78,26.78,2300,23.04
2010-10-06,26.69,26.78,26.69,26.75,5700,23.01
2010-10-05,26.65,26.72,26.59,26.72,6100,22.99
2010-10-04,26.70,26.70,26.56,26.63,20400,22.91
2010-10-01,26.60,26.74,26.60,26.74,9300,23.00
2010-09-30,26.45,26.51,26.39,26.46,10400,22.76
2010-09-29,26.49,26.49,26.34,26.45,3500,22.75
2010-09-28,26.25,26.36,26.25,26.34,6600,22.66
2010-09-27,26.33,26.39,26.27,26.39,7300,22.70
2010-09-24,26.21,26.32,26.20,26.28,17200,22.61
2010-09-23,26.00,26.01,25.94,26.01,20000,22.38
2010-09-22,26.07,26.10,25.98,26.10,18300,22.45
2010-09-21,25.90,26.13,25.89,26.06,6600,22.42
2010-09-20,25.97,26.02,25.86,25.98,9900,22.35
2010-09-17,25.78,25.90,25.76,25.90,6300,22.28
2010-09-16,25.59,25.69,25.56,25.69,3100,22.10
2010-09-15,25.65,25.65,25.55,25.57,3900,22.00
2010-09-14,25.45,25.70,25.45,25.70,3000,22.11
2010-09-13,25.50,25.54,25.49,25.54,2000,21.97
2010-09-10,25.39,25.42,25.39,25.41,3600,21.86
2010-09-09,25.43,25.50,25.43,25.50,8700,21.94
2010-09-08,25.30,25.40,25.29,25.40,4900,21.85
2010-09-07,25.36,25.36,25.20,25.22,7600,21.70
2010-09-03,25.40,25.41,25.33,25.37,3200,21.82
2010-09-02,25.27,25.36,25.23,25.36,5500,21.82
2010-09-01,25.21,25.36,25.21,25.36,1100,21.82
2010-08-31,24.73,25.20,24.73,25.19,11300,21.67
2010-08-30,25.19,25.20,25.09,25.17,4800,21.65
2010-08-27,25.14,25.24,25.14,25.16,31300,21.64
2010-08-26,25.10,25.30,25.10,25.10,24700,21.59
2010-08-25,24.90,25.14,24.90,25.10,4300,21.59
2010-08-24,25.09,25.24,25.08,25.19,6500,21.67
2010-08-23,25.33,25.34,25.22,25.23,2300,21.70
2010-08-20,25.24,25.35,25.23,25.34,3000,21.80
2010-08-19,25.28,25.42,25.27,25.40,227300,21.85
2010-08-18,25.31,25.39,25.29,25.36,10100,21.82
2010-08-17,25.21,25.37,25.21,25.29,26600,21.76
2010-08-16,25.05,25.23,25.05,25.22,25600,21.70
2010-08-13,25.06,25.25,25.06,25.17,11000,21.65
2010-08-12,25.06,25.18,25.04,25.14,12300,21.63
2010-08-11,25.14,25.21,25.00,25.08,53800,21.57
2010-08-10,25.34,25.42,25.25,25.38,34800,21.83
2010-08-09,25.43,25.58,25.41,25.53,16500,21.96
2010-08-06,25.60,25.61,25.55,25.61,4800,22.03
2010-08-05,25.48,25.51,25.39,25.51,9500,21.94
2010-08-04,25.56,25.58,25.25,25.50,20100,21.94
2010-08-03,25.37,25.53,25.34,25.53,16600,21.96
2010-08-02,25.14,25.52,25.14,25.46,51000,21.90
2010-07-30,25.35,25.38,25.24,25.32,12300,21.78
2010-07-29,25.12,25.33,25.11,25.28,6700,21.75
2010-07-28,25.23,25.23,25.06,25.06,1900,21.56
2010-07-27,25.11,25.23,25.10,25.23,23000,21.70
2010-07-26,25.05,25.19,25.05,25.11,10200,21.60
2010-07-23,24.98,24.98,24.98,24.98,900,21.49
2010-07-22,25.02,25.06,24.99,25.06,29900,21.56
2010-07-21,24.82,24.93,24.82,24.84,2800,21.37
2010-07-20,24.86,24.91,24.55,24.83,36200,21.36
2010-07-19,24.99,24.99,24.74,24.86,18000,21.39
2010-07-16,25.02,25.02,24.94,24.95,3000,21.46
2010-07-15,25.39,25.39,25.15,25.29,3200,21.76
2010-07-14,25.26,25.26,25.05,25.24,3100,21.71
2010-07-13,25.11,25.22,25.11,25.16,6000,21.64
2010-07-12,25.17,25.19,24.97,25.05,5200,21.55
2010-07-09,25.04,25.26,25.04,25.13,2200,21.62
2010-07-08,24.98,25.13,24.94,25.13,5300,21.62
2010-07-07,25.02,25.13,24.93,25.13,5300,21.62
2010-07-06,25.01,25.18,24.98,25.08,4300,21.57
2010-07-02,25.08,25.24,25.08,25.15,4000,21.64
2010-07-01,25.22,25.22,24.98,25.02,6900,21.52
2010-06-30,25.04,25.23,25.04,25.05,2900,21.55
2010-06-29,25.28,25.28,25.00,25.03,13300,21.53
2010-06-28,25.24,25.38,25.24,25.26,8400,21.73
2010-06-25,25.35,25.52,25.35,25.48,2400,21.92
2010-06-24,25.01,25.33,25.01,25.28,5200,21.75
2010-06-23,25.30,25.32,25.17,25.24,8200,21.71
2010-06-22,25.49,25.49,25.36,25.44,11500,21.88
2010-06-21,25.62,25.74,25.58,25.60,7300,22.02
2010-06-18,25.32,25.56,25.32,25.56,19900,21.99
2010-06-17,25.39,25.41,25.28,25.37,6300,21.82
2010-06-16,25.18,25.33,25.18,25.24,1600,21.71
2010-06-15,25.27,25.39,25.15,25.39,3400,21.84
2010-06-14,25.61,25.61,25.14,25.31,8800,21.77
2010-06-11,25.08,25.14,25.00,25.06,6100,21.56
2010-06-10,25.65,25.65,24.99,25.09,3400,21.58
2010-06-09,25.01,25.02,24.85,24.85,7700,21.38
2010-06-08,24.75,24.98,24.75,24.98,15700,21.49
2010-06-07,24.95,24.95,24.79,24.85,5600,21.38
2010-06-04,24.99,24.99,24.78,24.94,5700,21.45
2010-06-03,25.09,25.20,25.05,25.20,11900,21.68
2010-06-02,25.00,25.09,24.84,25.09,22300,21.58
2010-06-01,24.61,25.06,24.61,25.00,16500,21.51
2010-05-28,25.12,25.27,25.12,25.22,5800,21.70
2010-05-27,24.77,25.25,24.77,25.25,15500,21.72
2010-05-26,24.62,24.87,24.62,24.75,19600,21.29
2010-05-25,24.45,24.60,24.31,24.57,28500,21.14
2010-05-24,24.89,24.99,24.71,24.96,14600,21.47
2010-05-21,24.75,25.02,24.71,25.02,19300,21.52
2010-05-20,24.90,24.90,24.50,24.68,54100,21.23
2010-05-19,25.36,25.38,25.09,25.09,28300,21.58
2010-05-18,25.78,25.78,25.51,25.68,56500,22.09
2010-05-17,25.63,25.79,25.37,25.55,51900,21.98
2010-05-14,25.94,25.97,25.78,25.90,28500,22.28
2010-05-13,26.00,26.07,25.97,26.06,2900,22.42
2010-05-12,25.96,26.07,25.96,26.04,9400,22.40
2010-05-11,26.05,26.05,25.75,26.00,18000,22.37
2010-05-10,26.01,26.12,26.01,26.06,5600,22.42
2010-05-07,25.61,25.70,25.61,25.62,9000,22.04
2010-05-06,25.77,25.77,25.56,25.56,18800,21.99
2010-05-05,25.93,25.98,25.76,25.76,14000,22.16
2010-05-04,26.37,26.37,25.97,26.13,32400,22.48
2010-05-03,26.42,26.44,26.27,26.42,10400,22.73
2010-04-30,26.50,26.50,26.27,26.46,10500,22.76
2010-04-29,26.38,26.40,26.25,26.27,2700,22.60
2010-04-28,26.24,26.34,26.20,26.31,12800,22.63
2010-04-27,26.45,26.45,26.26,26.31,8200,22.63
2010-04-26,26.35,26.54,26.34,26.49,16200,22.79
2010-04-23,26.40,26.42,26.32,26.42,5900,22.73
2010-04-22,26.40,26.40,26.26,26.26,12400,22.59
2010-04-21,26.42,26.55,26.30,26.40,19300,22.71
2010-04-20,26.44,26.44,26.33,26.41,8900,22.72
2010-04-19,26.09,26.32,26.09,26.32,17500,22.64
2010-04-16,26.51,26.51,26.35,26.40,13200,22.71
2010-04-15,26.28,26.51,26.28,26.49,14600,22.79
2010-04-14,26.35,26.43,26.27,26.43,6100,22.74
2010-04-13,26.41,26.41,26.28,26.28,5200,22.61
2010-04-12,26.21,27.49,26.20,26.29,278900,22.62
2010-04-09,26.57,26.99,26.44,26.56,9100,22.85
2010-04-08,26.45,26.45,25.95,26.44,18000,22.74
2010-04-07,26.40,26.40,26.30,26.35,5500,22.67
2010-04-06,26.43,26.44,26.36,26.42,8600,22.73
2010-04-05,26.45,26.45,26.36,26.44,9900,22.74
2010-04-01,26.18,26.23,26.07,26.17,25900,22.51
2010-03-31,26.18,26.23,26.02,26.15,19200,22.50
2010-03-30,26.08,26.13,26.00,26.13,12400,22.48
2010-03-29,25.99,26.12,25.96,26.11,18800,22.46
2010-03-26,25.95,25.98,25.67,25.98,2300,22.35
2010-03-25,25.61,25.92,25.61,25.71,26300,22.12
2010-03-24,25.70,25.72,25.51,25.72,15700,22.13
2010-03-23,25.62,25.75,25.62,25.74,3700,22.14
2010-03-22,25.77,25.79,25.65,25.70,11400,22.11
2010-03-19,25.77,26.02,25.76,25.87,29700,22.25
2010-03-18,25.75,25.87,25.75,25.78,6800,22.18
2010-03-17,25.91,25.91,25.75,25.84,11700,22.23
2010-03-16,25.81,25.81,25.69,25.76,6600,22.16
2010-03-15,26.32,26.32,25.68,25.70,5300,22.11
2010-03-12,25.75,25.89,25.75,25.85,18800,22.24
2010-03-11,25.82,25.82,25.60,25.73,18500,22.13
2010-03-10,25.49,25.93,25.49,25.81,5500,22.20
2010-03-09,25.78,25.78,25.62,25.72,12900,22.13
2010-03-08,25.85,27.10,25.69,25.84,25500,22.23
2010-03-05,25.77,25.77,25.62,25.75,19800,22.15
2010-03-04,25.51,25.62,25.49,25.49,3800,21.93
2010-03-03,25.50,25.66,25.49,25.62,8800,22.04
2010-03-02,25.40,25.55,25.40,25.44,4700,21.88
2010-03-01,25.32,25.47,25.31,25.34,27300,21.80
2010-02-26,25.46,25.46,25.36,25.46,5800,21.90
2010-02-25,25.21,25.30,25.20,25.28,2000,21.75
2010-02-24,25.30,25.30,25.30,25.30,2100,21.76
2010-02-23,25.45,25.45,25.27,25.40,3700,21.85
2010-02-22,25.25,25.46,25.25,25.41,41700,21.86
2010-02-19,25.22,25.33,25.11,25.30,14200,21.76
2010-02-18,25.27,25.43,25.27,25.33,4800,21.79
2010-02-17,25.77,25.77,25.28,25.40,13500,21.85
2010-02-16,25.34,25.49,25.29,25.36,16900,21.82
2010-02-12,25.25,25.25,25.15,25.16,6200,21.64
2010-02-11,25.23,25.23,25.15,25.18,4800,21.66
2010-02-10,25.20,25.20,25.16,25.16,2600,21.64
2010-02-09,25.04,25.21,25.01,25.18,5200,21.66
2010-02-08,24.96,25.01,24.96,25.01,700,21.51
2010-02-05,25.24,25.24,24.95,25.03,5800,21.53
2010-02-04,25.45,25.45,25.07,25.07,21400,21.57
2010-02-03,25.40,25.53,25.30,25.40,3400,21.85
2010-02-02,25.52,25.52,25.11,25.35,43700,21.81
2010-02-01,25.32,25.32,25.20,25.32,4800,21.78
2010-01-29,25.30,25.46,25.30,25.44,4100,21.88
2010-01-28,25.98,25.98,25.22,25.30,3300,21.76
2010-01-27,25.21,25.29,25.07,25.19,3400,21.67
2010-01-26,25.43,25.43,25.28,25.36,3700,21.82
2010-01-25,25.29,25.37,25.27,25.27,5200,21.74
2010-01-22,25.38,25.38,25.28,25.30,4700,21.76
2010-01-21,25.36,25.38,25.35,25.38,5600,21.83
2010-01-20,25.40,25.54,25.40,25.40,8000,21.85
2010-01-19,25.45,25.53,25.45,25.48,10100,21.92
2010-01-15,25.60,25.66,25.50,25.54,8900,21.97
2010-01-14,25.72,25.72,25.60,25.70,4300,22.11
2010-01-13,25.73,25.73,25.58,25.69,4900,22.10
2010-01-12,25.75,25.75,25.58,25.60,7500,22.02
2010-01-11,25.80,25.87,25.77,25.79,10300,22.19
2010-01-08,25.60,25.71,25.58,25.59,13100,22.01
2010-01-07,25.56,25.71,25.56,25.63,14600,22.05
2010-01-06,25.80,25.80,25.38,25.50,14100,21.94
2010-01-05,25.45,25.45,25.28,25.35,11000,21.81
2010-01-04,25.30,25.85,25.16,25.30,12700,21.76
2009-12-31,25.03,25.28,25.03,25.17,18300,21.65
2009-12-30,25.06,25.06,24.98,24.98,3100,21.49
2009-12-29,25.08,25.08,24.98,25.04,1500,21.54
2009-12-28,24.95,25.11,24.95,25.08,10800,21.57
2009-12-24,25.00,25.10,25.00,25.10,1500,21.59
2009-12-23,25.00,25.00,24.92,24.98,15400,21.49
2009-12-22,24.84,25.00,24.84,24.99,7400,21.50
2009-12-21,24.99,24.99,24.89,24.89,21100,21.41
2009-12-18,24.94,25.02,24.89,24.93,15800,21.45
2009-12-17,25.01,25.01,24.86,24.86,26400,21.39
2009-12-16,25.01,25.09,25.01,25.01,7100,21.51
2009-12-15,25.11,25.11,24.97,25.04,5200,21.54
2009-12-14,25.02,25.20,25.02,25.03,2100,21.53
2009-12-11,25.10,25.20,24.99,25.18,14800,21.66
2009-12-10,25.04,25.08,25.00,25.00,4000,21.51
2009-12-09,25.07,25.13,25.00,25.03,35600,21.53
2009-12-08,25.13,25.13,25.00,25.01,11600,21.51
2009-12-07,25.16,25.16,25.06,25.16,2400,21.64
2009-12-04,25.31,25.32,25.25,25.25,13800,21.72
2009-12-03,25.41,25.61,25.36,25.43,10900,21.88
2009-12-02,25.19,25.32,25.19,25.28,13200,21.75
2009-12-01,25.24,25.30,25.17,25.23,11100,21.70
2009-11-30,25.25,25.25,25.14,25.17,13100,21.65
2009-11-27,25.25,25.31,25.06,25.17,100500,21.65
2009-11-25,25.32,25.49,25.29,25.36,18200,21.82
2009-11-24,24.83,25.30,24.83,25.25,12200,21.72
2009-11-23,25.19,25.22,25.08,25.10,14300,21.59
2009-11-20,25.07,25.12,25.04,25.12,10900,21.61
2009-11-19,25.13,25.13,25.02,25.03,24600,21.53
2009-11-18,25.44,25.48,25.28,25.36,14500,21.82
2009-11-17,25.24,25.77,25.24,25.40,89500,21.85
2009-11-16,25.48,25.50,25.35,25.48,11800,21.92
2009-11-13,25.16,25.33,25.16,25.31,10700,21.77
2009-11-12,25.11,25.13,25.02,25.02,12100,21.52
2009-11-11,25.30,25.33,25.23,25.33,15700,21.79
2009-11-10,25.13,25.24,25.12,25.17,8500,21.65
2009-11-09,25.12,25.29,25.12,25.20,9400,21.68
2009-11-06,25.04,25.05,24.93,25.04,6900,21.54
2009-11-05,24.92,24.96,24.78,24.90,31800,21.42
2009-11-04,24.97,25.00,24.88,24.98,9400,21.49
2009-11-03,24.65,25.90,24.54,24.82,47200,21.35
2009-11-02,25.00,25.08,24.91,24.97,24800,21.48
2009-10-30,24.84,24.97,24.51,24.68,113500,21.23
2009-10-29,24.49,24.86,24.49,24.79,64500,21.33
2009-10-28,24.63,24.65,24.50,24.56,7600,21.13
2009-10-27,24.74,24.86,24.74,24.76,8500,21.30
2009-10-26,25.09,25.10,24.83,24.83,61100,21.36
2009-10-23,25.08,25.14,25.04,25.05,13500,21.55
2009-10-22,25.03,26.30,24.94,25.01,15600,21.51
2009-10-21,25.10,25.23,25.02,25.15,28600,21.64
2009-10-20,25.10,25.30,25.00,25.20,37600,21.68
2009-10-19,25.22,25.32,25.15,25.22,14400,21.70
2009-10-16,25.24,25.24,25.13,25.22,23300,21.70
2009-10-15,25.30,25.30,25.25,25.28,3500,21.75
2009-10-14,25.33,25.46,25.23,25.40,18900,21.85
2009-10-13,25.20,25.20,25.06,25.15,10500,21.64
2009-10-12,25.18,25.20,25.06,25.12,9500,21.61
2009-10-09,24.94,25.25,24.94,25.14,9600,21.63
2009-10-08,25.24,25.67,25.18,25.67,7600,22.08
2009-10-07,25.03,25.19,24.92,25.19,11300,21.67
2009-10-06,24.91,25.38,24.86,25.09,20900,21.58
2009-10-05,24.76,24.76,24.65,24.65,1700,21.21
2009-10-02,24.45,24.62,24.45,24.62,2400,21.18
2009-10-01,24.47,24.56,24.45,24.45,3100,21.03
2009-09-30,24.32,24.70,24.32,24.69,18000,21.24
2009-09-29,24.27,25.24,24.24,24.28,33700,20.89
2009-09-28,24.34,24.34,24.32,24.34,3100,20.94
2009-09-25,24.16,24.35,24.16,24.35,1700,20.95
2009-09-24,24.20,24.30,24.20,24.24,1200,20.85
2009-09-23,24.32,24.35,24.16,24.35,12000,20.95
2009-09-22,24.30,24.32,24.23,24.32,4800,20.92
2009-09-21,24.23,24.33,24.13,24.21,4100,20.83
2009-09-18,24.18,24.23,24.13,24.23,4100,20.84
2009-09-17,24.24,24.26,24.14,24.23,2200,20.84
2009-09-16,24.05,24.18,24.05,24.17,8500,20.79
2009-09-15,23.86,23.97,23.86,23.95,6500,20.60
2009-09-14,23.85,23.85,23.82,23.82,5900,20.49
2009-09-11,23.95,23.96,23.95,23.95,800,20.60
2009-09-10,24.01,24.01,23.86,23.90,3300,20.56
2009-09-09,23.92,24.00,23.91,23.98,10800,20.63
2009-09-08,23.86,24.01,23.86,23.96,1800,20.61
2009-09-04,23.82,23.84,23.72,23.82,3600,20.49
2009-09-03,23.80,23.82,23.74,23.79,2300,20.47
2009-09-02,23.80,23.80,23.71,23.73,2200,20.41
2009-09-01,23.77,23.78,23.71,23.77,2200,20.45
2009-08-31,23.87,23.93,23.86,23.89,3300,20.55
2009-08-28,23.96,23.96,23.96,23.96,100,20.61
2009-08-27,23.86,23.86,23.86,23.86,100,20.53
2009-08-26,23.86,23.90,23.84,23.90,10000,20.56
2009-08-25,23.93,23.93,23.81,23.88,4100,20.54
2009-08-24,24.08,24.08,23.96,24.00,5700,20.65
2009-08-21,23.94,24.04,23.94,24.03,12400,20.67
2009-08-20,23.86,23.86,23.84,23.86,7700,20.53
2009-08-19,23.84,23.84,23.76,23.78,2300,20.46
2009-08-18,23.79,23.86,23.78,23.86,2500,20.53
2009-08-17,23.88,23.88,23.75,23.75,7800,20.43
2009-08-14,24.14,24.14,24.13,24.13,1900,20.76
2009-08-13,24.10,24.21,24.10,24.19,2800,20.81
2009-08-12,23.98,24.05,23.98,24.01,2600,20.65
2009-08-11,24.22,24.23,24.19,24.19,600,20.81
2009-08-10,24.31,24.32,24.31,24.31,3100,20.91
2009-08-07,24.28,24.38,24.28,24.31,3900,20.91
2009-08-06,24.36,24.36,24.33,24.33,5300,20.93
2009-08-05,24.33,24.54,24.33,24.50,10900,21.08
2009-08-04,24.33,24.40,24.33,24.40,5900,20.99
2009-08-03,24.31,24.45,24.27,24.45,11100,21.03
2009-07-31,24.24,24.32,24.21,24.23,1000,20.84
2009-07-30,24.03,24.04,24.00,24.02,6600,20.66
2009-07-29,24.01,24.03,24.00,24.00,1600,20.65
2009-07-28,24.09,24.13,24.09,24.13,2300,20.76
2009-07-27,24.06,24.14,24.06,24.14,10000,20.77
2009-07-24,24.09,24.52,24.05,24.52,10900,21.09
2009-07-23,24.01,24.11,23.93,23.97,7300,20.62
2009-07-22,23.91,24.02,23.91,24.00,2200,20.65
2009-07-21,24.00,24.00,23.92,24.00,2200,20.65
2009-07-20,24.11,24.11,23.77,24.11,7000,20.74
2009-07-17,23.74,23.83,23.74,23.78,2100,20.46
2009-07-16,23.73,23.82,23.73,23.74,1800,20.42
2009-07-15,23.79,23.94,23.46,23.86,29300,20.53
2009-07-14,23.60,23.69,23.60,23.69,3900,20.38
2009-07-13,23.95,23.95,23.73,23.93,9800,20.59
2009-07-10,23.56,23.70,23.54,23.63,1300,20.33
2009-07-09,23.92,23.92,23.86,23.91,1400,20.57
2009-07-08,23.88,23.88,23.80,23.83,2200,20.50
2009-07-07,24.17,24.17,24.05,24.05,3600,20.69
2009-07-06,24.11,24.25,24.11,24.13,10200,20.76
2009-07-02,24.19,24.37,24.18,24.37,5300,20.96
2009-07-01,24.50,24.50,24.31,24.47,4200,21.05
2009-06-30,24.16,24.36,24.16,24.35,5100,20.95
2009-06-29,24.70,24.70,24.00,24.10,8000,20.73
2009-06-26,24.14,24.25,24.12,24.25,2300,20.86
2009-06-25,23.84,24.01,23.84,23.92,4500,20.58
2009-06-24,23.89,23.99,23.89,23.98,2500,20.63
2009-06-23,23.85,24.22,23.84,24.02,9100,20.66
2009-06-22,24.01,24.10,23.84,23.92,5900,20.58
2009-06-19,24.05,24.22,24.04,24.12,3900,20.75
2009-06-18,24.16,24.17,24.10,24.17,9500,20.79
2009-06-17,24.13,24.14,24.07,24.14,9700,20.77
2009-06-16,24.29,24.29,24.26,24.28,1800,20.89
2009-06-15,24.24,24.35,24.05,24.24,6300,20.85
2009-06-12,24.16,24.19,24.14,24.14,5200,20.77
2009-06-11,24.44,24.44,24.08,24.42,2100,21.01
2009-06-10,24.58,24.61,24.58,24.61,1700,21.17
2009-06-09,24.49,24.49,24.49,24.49,100,21.07
2009-06-08,24.53,24.53,24.49,24.49,3800,21.07
2009-06-05,24.54,24.65,24.48,24.58,3500,21.14
2009-06-04,24.51,24.70,24.51,24.64,4900,21.20
2009-06-03,25.61,25.61,24.49,24.49,4500,21.07
2009-06-02,24.74,24.81,24.72,24.81,5200,21.34
2009-06-01,24.63,24.69,24.62,24.69,15000,21.24
2009-05-29,24.44,24.55,24.24,24.52,26200,21.09
2009-05-28,24.21,25.80,24.05,24.52,27500,21.09
2009-05-27,24.29,24.29,24.09,24.15,5500,20.77
2009-05-26,24.40,24.47,24.33,24.47,28100,21.05
2009-05-22,24.60,24.60,24.46,24.51,13300,21.08
2009-05-21,24.35,24.46,24.29,24.45,18500,21.03
2009-05-20,24.39,24.50,24.39,24.42,4700,21.01
2009-05-19,25.97,25.97,24.15,24.28,13000,20.89
2009-05-18,23.93,24.58,23.90,23.98,10900,20.63
2009-05-15,23.42,23.42,23.31,23.38,8800,20.11
2009-05-14,23.13,23.28,23.13,23.28,2200,20.03
2009-05-13,22.97,22.97,22.89,22.93,5200,19.73
2009-05-12,23.33,23.40,23.29,23.29,9900,20.04
2009-05-11,23.26,23.37,23.15,23.15,12100,19.91
2009-05-08,23.40,23.47,23.40,23.44,12200,20.16
2009-05-07,23.80,23.80,23.33,23.61,39600,20.31
2009-05-06,23.24,23.29,23.24,23.25,2100,20.00
2009-05-05,25.09,25.09,23.30,23.31,11400,20.05
2009-05-04,22.93,23.22,22.93,23.22,9600,19.97
2009-05-01,23.25,23.25,23.25,23.25,000,20.00
2009-04-30,23.14,23.26,23.14,23.25,3500,20.00
2009-04-29,22.95,23.15,22.95,23.10,23300,19.87
2009-04-28,22.74,22.74,22.74,22.74,000,19.56
2009-04-27,22.75,22.75,22.74,22.74,1400,19.56
2009-04-24,23.01,23.03,23.01,23.02,3000,19.80
2009-04-23,22.79,22.79,22.79,22.79,100,19.61
2009-04-22,22.59,22.59,22.59,22.59,000,19.43
2009-04-21,22.54,22.62,22.54,22.59,22700,19.43
2009-04-20,22.76,22.76,22.56,22.56,25800,19.41
2009-04-17,22.92,22.92,22.85,22.88,9800,19.68
2009-04-16,23.03,23.11,23.03,23.11,2200,19.88
2009-04-15,22.93,23.12,22.93,23.12,3400,19.89
2009-04-14,23.15,23.15,23.03,23.04,900,19.82
2009-04-13,22.97,23.08,22.95,23.08,2600,19.85
2009-04-09,22.95,22.95,22.26,22.85,28900,19.66
2009-04-08,22.75,24.72,22.67,22.76,32400,19.58
2009-04-07,22.76,22.82,22.76,22.82,300,19.63
2009-04-06,22.90,22.90,22.82,22.82,800,19.63
2009-04-03,22.66,22.85,22.66,22.71,3600,19.54
2009-04-02,22.64,22.92,22.64,22.92,900,19.72
2009-04-01,22.66,22.69,22.42,22.42,15000,19.29
2009-03-31,22.38,22.38,22.38,22.38,800,19.25
2009-03-30,22.20,22.20,22.20,22.20,200,19.10
2009-03-27,22.51,22.66,22.12,22.52,18900,19.37
2009-03-26,22.45,22.53,22.45,22.52,19500,19.37
2009-03-25,22.63,22.69,22.43,22.43,18600,19.30
2009-03-24,22.36,22.50,22.36,22.50,6400,19.36
2009-03-23,22.75,22.75,22.60,22.60,300,19.44
2009-03-20,22.66,22.66,22.66,22.66,500,19.49
2009-03-19,22.73,22.97,22.73,22.79,3600,19.61
2009-03-18,22.36,22.36,22.36,22.36,000,19.24
2009-03-17,22.36,22.39,22.36,22.36,10500,19.24
2009-03-16,22.18,22.21,22.18,22.21,700,19.11
2009-03-13,21.99,21.99,21.99,21.99,000,18.92
2009-03-12,21.84,21.99,21.72,21.99,900,18.92
2009-03-11,21.86,21.86,21.86,21.86,1000,18.81
2009-03-10,21.75,21.75,21.60,21.60,1300,18.58
2009-03-09,21.85,21.85,21.85,21.85,000,18.80
2009-03-06,21.93,21.93,21.73,21.85,1600,18.80
2009-03-05,21.60,21.60,21.60,21.60,000,18.58
2009-03-04,21.50,21.75,21.35,21.60,5100,18.58
2009-03-03,21.52,21.52,20.50,20.50,2500,17.64
2009-03-02,21.57,21.57,20.20,20.99,14100,18.06
2009-02-27,21.94,21.94,21.94,21.94,600,18.87
2009-02-26,22.75,22.75,22.32,22.32,900,19.20
2009-02-25,22.59,22.59,22.59,22.59,100,19.43
2009-02-24,22.75,22.87,22.75,22.87,400,19.67
2009-02-23,22.92,23.22,22.73,22.90,2700,19.70
2009-02-20,22.60,23.10,22.60,23.10,600,19.87
2009-02-19,22.34,22.34,22.34,22.34,000,19.22
2009-02-18,23.14,23.14,21.47,22.34,8800,19.22
2009-02-17,22.94,23.05,22.81,22.81,3200,19.62
2009-02-13,23.19,23.19,23.19,23.19,400,19.95
2009-02-12,23.09,23.09,23.09,23.09,1600,19.86
2009-02-11,23.14,23.14,23.14,23.14,000,19.91
2009-02-10,23.20,23.20,23.14,23.14,600,19.91
2009-02-09,23.21,23.21,23.15,23.17,4200,19.93
2009-02-06,23.12,23.46,23.12,23.46,1500,20.18
2009-02-05,23.26,23.26,23.06,23.06,1600,19.84
2009-02-04,23.19,23.19,23.19,23.19,000,19.95
2009-02-03,23.29,23.29,23.19,23.19,2400,19.95
2009-02-02,23.04,23.22,23.04,23.22,1000,19.97
2009-01-30,23.15,23.15,23.15,23.15,200,19.91
2009-01-29,23.20,23.20,23.20,23.20,000,19.96
2009-01-28,23.20,23.20,23.20,23.20,300,19.96
2009-01-27,23.11,23.11,23.11,23.11,000,19.88
2009-01-26,23.11,23.11,23.11,23.11,300,19.88
2009-01-23,22.84,22.84,22.84,22.84,000,19.65
2009-01-22,22.93,23.14,22.84,22.84,10800,19.65
2009-01-21,22.86,23.02,22.79,22.95,37400,19.74
2009-01-20,23.08,23.08,22.90,22.98,3600,19.77
2009-01-16,24.45,24.45,23.23,23.32,600,20.06
2009-01-15,22.98,23.02,22.12,22.87,7000,19.67
2009-01-14,23.09,23.09,22.92,22.94,1100,19.73
2009-01-13,23.13,23.13,22.90,23.04,2600,19.82
2009-01-12,23.19,23.23,22.75,22.75,3700,19.57
2009-01-09,23.36,23.37,23.36,23.37,200,20.10
2009-01-08,22.65,22.65,22.62,22.62,1400,19.46
2009-01-07,23.04,23.04,22.98,22.98,1600,19.77
2009-01-06,23.12,23.27,23.12,23.27,2200,20.02
2009-01-05,23.16,23.16,23.11,23.11,1200,19.88
2009-01-02,23.31,23.38,23.28,23.31,5400,20.05
2008-12-31,23.08,23.12,23.08,23.08,800,19.85
2008-12-30,23.30,23.30,23.16,23.16,400,19.92
2008-12-29,23.24,25.00,23.20,24.60,33900,21.16
2008-12-26,23.25,23.25,22.35,23.19,5800,19.95
2008-12-24,23.44,23.51,23.38,23.51,500,20.22
2008-12-23,22.87,24.95,22.76,23.16,33200,19.92
2008-12-22,23.42,23.42,23.33,23.33,17600,20.07
2008-12-19,24.15,25.00,23.60,23.81,281000,20.32
2008-12-18,24.33,25.99,24.08,25.99,168000,22.18
2008-12-17,23.38,23.38,23.38,23.38,000,19.95
2008-12-16,23.38,23.38,23.34,23.38,700,19.95
2008-12-15,23.54,23.56,23.49,23.50,3700,20.05
2008-12-12,23.43,23.59,23.43,23.50,12800,20.05
2008-12-11,23.59,23.73,23.56,23.72,44800,20.24
2008-12-10,23.17,23.18,23.17,23.18,1300,19.78
2008-12-09,23.04,23.04,22.93,22.93,3700,19.56
2008-12-08,22.82,22.89,22.81,22.85,2000,19.50
2008-12-05,22.44,22.44,22.44,22.44,400,19.15
2008-12-04,22.35,22.39,22.35,22.35,600,19.07
2008-12-03,22.29,22.34,22.29,22.34,1600,19.06
2008-12-02,21.99,22.51,21.99,22.09,4700,18.85
2008-12-01,21.45,21.59,21.45,21.45,1000,18.30
2008-11-28,21.71,21.71,21.71,21.71,2100,18.52
2008-11-26,21.81,21.81,21.81,21.81,100,18.61
2008-11-25,21.78,21.78,21.78,21.78,100,18.58
2008-11-24,21.70,21.90,21.70,21.90,1100,18.69
2008-11-21,21.36,21.36,21.36,21.36,000,18.23
2008-11-20,21.27,21.36,21.27,21.36,3000,18.23
2008-11-19,21.41,21.41,21.41,21.41,900,18.27
2008-11-18,21.61,21.61,21.61,21.61,200,18.44
2008-11-17,21.78,21.78,21.78,21.78,100,18.58
2008-11-14,22.04,22.13,22.04,22.05,500,18.81
2008-11-13,21.85,21.85,21.85,21.85,000,18.64
2008-11-12,21.76,21.85,21.76,21.85,500,18.64
2008-11-11,22.36,22.36,21.51,22.01,14900,18.78
2008-11-10,23.01,23.01,22.87,22.87,700,19.51
2008-11-07,22.81,22.96,22.81,22.95,2900,19.58
2008-11-06,22.80,22.80,22.80,22.80,200,19.45
2008-11-05,23.03,23.04,23.03,23.03,500,19.65
2008-11-04,22.90,23.16,22.18,23.16,3600,19.76
2008-11-03,22.75,22.75,22.30,22.45,3400,19.16
2008-10-31,21.52,21.67,21.41,21.67,6100,18.49
2008-10-30,21.88,22.06,21.87,22.06,3300,18.82
2008-10-29,21.15,21.15,21.15,21.15,100,18.05
2008-10-28,20.76,20.76,20.75,20.75,600,17.70
2008-10-27,20.42,20.61,20.42,20.61,700,17.59
2008-10-24,20.66,20.67,20.53,20.53,1600,17.52
2008-10-23,20.88,20.99,20.88,20.94,2700,17.87
2008-10-22,21.35,21.35,21.21,21.24,3700,18.12
2008-10-21,21.62,21.73,21.62,21.73,1700,18.54
2008-10-20,21.70,21.77,21.70,21.77,300,18.57
2008-10-17,21.65,21.71,21.65,21.71,1900,18.52
2008-10-16,21.74,21.81,21.69,21.69,6700,18.51
2008-10-15,22.11,22.11,22.11,22.11,100,18.87
2008-10-14,22.31,22.31,22.30,22.30,1700,19.03
2008-10-13,22.40,22.50,22.39,22.43,1800,19.14
2008-10-10,21.85,21.92,21.75,21.89,9800,18.68
2008-10-09,22.08,22.08,22.08,22.08,1500,18.84
2008-10-08,22.06,22.08,21.10,21.94,9800,18.72
2008-10-07,22.50,22.50,21.08,22.37,7800,19.09
2008-10-06,22.57,22.57,22.39,22.39,4000,19.10
2008-10-03,22.85,22.96,22.83,22.96,900,19.59
2008-10-02,22.90,22.90,22.64,22.64,4500,19.32
2008-10-01,23.30,23.30,22.57,23.22,20300,19.81
2008-09-30,22.61,22.68,22.61,22.68,800,19.35
2008-09-29,22.88,22.94,21.50,22.73,16000,19.39
2008-09-26,23.35,23.39,23.16,23.16,2000,19.76
2008-09-25,23.50,23.73,22.47,23.42,12900,19.98
2008-09-24,23.38,23.58,23.25,23.26,8000,19.85
2008-09-23,23.54,23.69,23.54,23.65,3500,20.18
2008-09-22,23.92,24.57,23.73,23.73,3300,20.25
2008-09-19,23.05,23.50,23.00,23.39,73100,19.96
2008-09-18,22.29,23.08,21.69,22.41,8800,19.12
2008-09-17,22.92,22.95,21.70,21.70,1600,18.52
2008-09-16,22.99,23.14,22.80,22.97,3600,19.60
2008-09-15,23.30,23.38,23.27,23.27,900,19.85
2008-09-12,23.56,23.57,23.53,23.57,6700,20.11
2008-09-11,23.61,23.61,23.42,23.46,5400,20.02
2008-09-10,23.85,23.85,23.71,23.71,6800,20.23
2008-09-09,23.95,23.95,23.93,23.93,1100,20.42
2008-09-08,24.58,24.58,24.02,24.02,2000,20.49
2008-09-05,24.14,24.18,23.70,24.01,18300,20.49
2008-09-04,24.22,24.22,24.15,24.15,300,20.61
2008-09-03,24.17,24.17,24.17,24.17,200,20.62
2008-09-02,24.08,24.18,24.08,24.18,2700,20.63
2008-08-29,24.51,24.51,24.51,24.51,200,20.91
2008-08-28,24.38,24.49,24.38,24.49,1000,20.90
2008-08-27,24.50,24.50,24.50,24.50,100,20.90
2008-08-26,24.51,24.51,24.46,24.46,800,20.87
2008-08-25,24.63,24.63,24.50,24.50,500,20.90
2008-08-22,24.75,24.75,24.68,24.68,400,21.06
2008-08-21,24.51,24.77,24.51,24.54,3000,20.94
2008-08-20,24.39,24.62,24.39,24.51,3800,20.91
2008-08-19,24.62,24.62,24.58,24.61,1300,21.00
2008-08-18,24.86,24.89,24.86,24.89,1600,21.24
2008-08-15,24.99,25.04,24.50,24.80,8800,21.16
2008-08-14,24.86,25.17,24.86,25.17,9300,21.48
2008-08-13,25.12,25.12,25.05,25.05,1600,21.37
2008-08-12,25.28,25.28,25.15,25.15,1000,21.46
2008-08-11,25.33,25.33,25.33,25.33,300,21.61
2008-08-08,25.23,25.35,25.23,25.35,300,21.63
2008-08-07,25.48,25.52,25.13,25.49,22700,21.75
2008-08-06,25.51,25.71,25.48,25.48,6600,21.74
2008-08-05,25.42,25.46,25.37,25.46,4800,21.72
2008-08-04,25.35,25.36,25.34,25.36,2800,21.64
2008-08-01,25.50,25.50,25.35,25.35,1100,21.63
2008-07-31,25.33,25.44,25.05,25.44,8400,21.71
2008-07-30,25.39,25.39,24.96,25.24,5000,21.54
2008-07-29,24.95,25.14,24.81,25.14,4500,21.45
2008-07-28,25.42,25.55,25.23,25.23,24700,21.53
2008-07-25,25.43,25.60,25.30,25.56,9500,21.81
2008-07-24,25.53,25.53,25.32,25.36,7500,21.64
2008-07-23,25.40,25.40,25.28,25.38,2700,21.66
2008-07-22,25.08,25.37,25.08,25.17,6400,21.48
2008-07-21,24.95,24.95,24.90,24.90,3000,21.25
2008-07-18,24.85,24.97,24.85,24.95,3100,21.29
2008-07-17,24.88,24.90,24.78,24.78,6000,21.14
2008-07-16,24.70,24.92,24.63,24.76,4200,21.13
2008-07-15,24.84,24.84,24.46,24.64,16400,21.02
2008-07-14,24.89,24.89,24.79,24.81,4800,21.17
2008-07-11,24.74,24.74,24.74,24.74,1000,21.11
2008-07-10,24.70,24.73,24.52,24.73,4400,21.10
2008-07-09,24.64,24.65,24.42,24.53,11900,20.93
2008-07-08,24.33,24.45,24.32,24.37,3200,20.79
2008-07-07,24.12,24.40,24.12,24.29,5300,20.73
2008-07-03,24.20,24.23,24.20,24.23,1400,20.67
2008-07-02,24.52,24.52,24.18,24.29,8700,20.73
2008-07-01,24.13,24.18,24.05,24.13,3900,20.59
2008-06-30,24.41,24.41,24.19,24.28,24900,20.72
2008-06-27,24.58,24.71,24.52,24.71,4700,21.08
2008-06-26,24.78,24.78,24.61,24.63,16600,21.02
2008-06-25,24.48,24.79,24.48,24.70,18700,21.07
2008-06-24,24.44,24.49,24.36,24.48,2200,20.89
2008-06-23,24.42,24.55,24.09,24.39,24900,20.81
2008-06-20,24.50,24.51,24.50,24.50,15200,20.90
2008-06-19,24.48,24.59,24.47,24.59,11300,20.98
2008-06-18,24.56,24.57,24.52,24.57,3800,20.96
2008-06-17,24.62,24.71,24.61,24.65,11100,21.03
2008-06-16,24.54,24.55,24.47,24.47,4900,20.88
2008-06-13,24.50,24.55,24.50,24.50,5200,20.90
2008-06-12,24.58,24.73,24.58,24.73,13800,21.10
2008-06-11,24.64,24.64,24.57,24.58,3100,20.97
2008-06-10,24.39,24.44,24.38,24.44,6500,20.85
2008-06-09,24.37,24.50,24.37,24.49,8500,20.90
2008-06-06,24.63,24.63,24.38,24.38,49200,20.80
2008-06-05,24.60,24.60,24.46,24.50,22300,20.90
2008-06-04,24.64,24.64,24.50,24.59,3900,20.98
2008-06-03,24.82,24.82,24.73,24.79,4800,21.15
2008-06-02,24.91,24.96,24.87,24.92,12300,21.26
2008-05-30,24.95,24.99,24.89,24.99,8700,21.32
2008-05-29,24.78,24.83,24.78,24.83,1000,21.19
2008-05-28,24.63,24.65,24.59,24.60,24800,20.99
2008-05-27,24.45,24.62,24.45,24.56,6400,20.96
2008-05-23,24.67,24.67,24.65,24.65,3800,21.03
2008-05-22,24.51,24.67,24.50,24.67,72200,21.05
