Date,Open,High,Low,Close,Volume,Adj Close
2012-05-04,51.93,52.00,50.99,51.46,165600,51.46
2012-05-03,52.37,52.65,51.77,52.33,174000,52.33
2012-05-02,52.15,52.57,51.47,52.43,152000,52.43
2012-05-01,52.57,53.73,52.09,52.48,326000,52.48
2012-04-30,54.89,54.94,51.85,52.57,322000,52.57
2012-04-27,50.90,52.96,50.90,52.15,280000,52.15
2012-04-26,50.00,51.06,49.73,50.90,391100,50.90
2012-04-25,48.63,49.36,48.54,49.20,297100,49.20
2012-04-24,47.05,48.13,47.05,47.91,107000,47.91
2012-04-23,47.26,48.10,46.96,47.45,137800,47.20
2012-04-20,48.87,48.87,48.11,48.24,104400,47.99
2012-04-19,48.80,48.93,47.82,48.20,88900,47.95
2012-04-18,48.75,49.28,48.51,48.74,106400,48.48
2012-04-17,48.25,49.72,48.25,48.86,186300,48.60
2012-04-16,47.71,48.28,47.36,47.95,143300,47.70
2012-04-13,49.12,49.24,47.85,48.03,83900,47.78
2012-04-12,48.20,49.71,48.20,49.22,182200,48.96
2012-04-11,47.83,48.90,47.79,48.16,217000,47.91
2012-04-10,47.72,47.88,46.67,47.15,184900,46.90
2012-04-09,47.26,48.39,47.26,47.74,159900,47.49
2012-04-05,47.75,48.88,47.75,48.12,101100,47.87
2012-04-04,47.74,48.37,47.16,48.21,197500,47.96
2012-04-03,48.50,48.97,48.06,48.36,195700,48.11
2012-04-02,47.27,48.56,47.00,48.46,348600,48.20
2012-03-30,48.00,48.00,47.26,47.26,207600,47.01
2012-03-29,47.52,47.97,47.50,47.74,209200,47.49
2012-03-28,48.31,48.31,47.51,48.01,188700,47.76
2012-03-27,49.29,49.29,48.32,48.40,83600,48.14
2012-03-26,49.00,49.52,48.84,49.17,103400,48.91
2012-03-23,48.20,49.29,48.20,48.55,96000,48.29
2012-03-22,47.79,48.32,47.42,48.30,140400,48.05
2012-03-21,49.06,49.54,48.21,48.41,78400,48.15
2012-03-20,49.25,49.50,48.35,48.87,85000,48.61
2012-03-19,48.94,50.46,48.94,49.48,91700,49.22
2012-03-16,48.58,49.78,48.58,49.02,300400,48.76
2012-03-15,48.00,48.58,47.81,48.42,127200,48.16
2012-03-14,49.23,49.23,47.19,47.72,252200,47.47
2012-03-13,48.58,49.42,48.46,49.29,148700,49.03
2012-03-12,48.27,48.59,47.50,48.04,74800,47.79
2012-03-09,47.54,49.48,47.54,48.32,76100,48.07
2012-03-08,47.62,47.80,47.03,47.74,76300,47.49
2012-03-07,47.22,47.23,46.15,47.12,85800,46.87
2012-03-06,46.60,47.29,46.34,46.82,92500,46.57
2012-03-05,47.74,47.85,47.10,47.44,106500,47.19
2012-03-02,48.47,48.86,47.94,48.07,146200,47.82
2012-03-01,48.83,49.48,48.21,48.51,86800,48.25
2012-02-29,49.55,50.05,48.02,48.34,192300,48.09
2012-02-28,49.38,49.71,49.04,49.44,67900,49.18
2012-02-27,48.90,49.73,48.26,49.47,127500,49.21
2012-02-24,50.18,50.41,49.30,49.45,99600,49.19
2012-02-23,49.83,50.94,49.32,50.25,93500,49.99
2012-02-22,50.43,51.32,49.58,49.66,113600,49.40
2012-02-21,50.20,50.84,49.28,50.55,121300,50.28
2012-02-17,50.47,50.86,49.63,50.01,109700,49.75
2012-02-16,48.83,50.82,48.70,50.36,144200,50.09
2012-02-15,50.46,50.46,48.82,49.03,124300,48.77
2012-02-14,49.93,50.36,48.75,49.76,115500,49.50
2012-02-13,50.40,50.89,49.66,50.13,56800,49.87
2012-02-10,50.06,51.05,48.69,49.70,151100,49.44
2012-02-09,51.37,51.37,49.87,50.81,69300,50.54
2012-02-08,51.10,52.13,50.79,51.22,92100,50.95
2012-02-07,52.03,52.05,50.87,51.05,100500,50.78
2012-02-06,52.00,52.81,51.91,52.00,89700,51.73
2012-02-03,52.31,52.78,51.70,52.46,134100,52.18
2012-02-02,51.37,52.70,51.13,51.83,191600,51.56
2012-02-01,49.94,51.88,49.61,51.27,131400,51.00
2012-01-31,50.59,50.69,48.45,49.38,118500,49.12
2012-01-30,49.81,50.43,49.31,50.27,61100,50.01
2012-01-27,49.49,50.52,49.39,50.51,66200,50.24
2012-01-26,49.93,50.20,49.30,49.87,108700,49.61
2012-01-25,49.18,50.29,48.59,49.67,102300,49.41
2012-01-24,48.75,49.35,48.55,49.21,87500,48.95
2012-01-23,49.11,49.86,48.75,49.08,52400,48.82
2012-01-20,49.55,49.78,48.71,49.09,103600,48.83
2012-01-19,49.74,50.26,49.33,49.82,109500,49.31
2012-01-18,49.06,50.10,48.72,49.51,71000,49.00
2012-01-17,48.97,49.65,48.42,49.03,148200,48.53
2012-01-13,48.44,48.90,47.91,48.79,90900,48.29
2012-01-12,48.98,49.77,48.59,49.40,77200,48.89
2012-01-11,48.96,49.93,48.91,49.09,94200,48.59
2012-01-10,48.89,50.20,48.89,49.48,96600,48.97
2012-01-09,48.36,48.57,47.90,48.39,158000,47.89
2012-01-06,47.18,48.65,46.86,48.41,150900,47.91
2012-01-05,47.02,47.58,46.08,47.45,132900,46.96
2012-01-04,47.55,48.36,46.79,47.60,135300,47.11
2012-01-03,47.21,48.56,46.37,48.03,191000,47.54
2011-12-30,45.81,46.44,45.48,45.88,150100,45.41
2011-12-29,45.52,46.10,45.27,45.98,124900,45.51
2011-12-28,46.10,46.15,45.07,45.35,183200,44.88
2011-12-27,45.85,46.49,45.49,46.10,61100,45.63
2011-12-23,45.84,46.34,45.14,46.01,72400,45.54
2011-12-22,45.90,46.32,45.33,45.80,102200,45.33
2011-12-21,46.12,46.55,45.26,45.85,94000,45.38
2011-12-20,44.00,46.44,43.49,45.99,132400,45.52
2011-12-19,43.12,43.97,42.45,43.01,148300,42.57
2011-12-16,43.35,44.63,42.51,42.82,349400,42.38
2011-12-15,43.76,44.22,42.33,43.08,104400,42.64
2011-12-14,43.52,44.19,42.36,43.01,130300,42.57
2011-12-13,45.88,47.07,43.78,44.08,136800,43.63
2011-12-12,46.32,46.32,44.95,45.31,129800,44.85
2011-12-09,44.10,47.13,43.90,46.57,99500,46.09
2011-12-08,45.57,46.23,43.53,44.00,117500,43.55
2011-12-07,47.02,47.03,45.32,46.42,84000,45.94
2011-12-06,46.30,48.14,45.75,47.51,106500,47.02
2011-12-05,46.87,47.56,45.85,46.41,97300,45.93
2011-12-02,46.89,47.07,45.76,45.95,75500,45.48
2011-12-01,46.31,47.04,46.11,46.44,91400,45.96
2011-11-30,45.10,46.91,44.13,46.60,235900,46.12
2011-11-29,43.01,43.47,42.46,43.14,135900,42.70
2011-11-28,40.77,43.19,40.56,43.12,125800,42.68
2011-11-25,40.31,41.24,40.26,40.26,38700,39.85
2011-11-23,41.78,42.31,40.30,40.66,113400,40.24
2011-11-22,42.99,43.23,41.83,42.32,72700,41.89
2011-11-21,43.21,43.60,42.52,43.10,90100,42.66
2011-11-18,44.23,44.85,43.91,44.23,82000,43.78
2011-11-17,45.23,46.76,43.90,44.26,85000,43.81
2011-11-16,46.31,47.01,45.05,45.19,114600,44.73
2011-11-15,46.02,47.78,45.94,47.01,67800,46.53
2011-11-14,47.14,47.14,45.95,46.36,72000,45.88
2011-11-11,46.33,48.34,46.01,47.32,82200,46.83
2011-11-10,46.05,46.05,44.45,45.79,113900,45.32
2011-11-09,46.76,47.63,45.12,45.43,145200,44.96
2011-11-08,47.99,48.62,47.13,48.28,80400,47.78
2011-11-07,47.33,48.38,45.90,47.46,66200,46.97
2011-11-04,47.14,47.76,46.22,47.50,142100,47.01
2011-11-03,46.88,48.03,45.55,47.69,132600,47.20
2011-11-02,46.00,46.43,44.98,46.19,103300,45.72
2011-11-01,44.46,46.59,44.36,45.31,224800,44.85
2011-10-31,48.50,49.21,46.34,46.46,161900,45.98
2011-10-28,49.02,49.98,48.32,49.46,96000,48.95
2011-10-27,47.00,50.28,45.83,49.37,220900,48.86
2011-10-26,45.17,45.88,44.16,45.37,163100,44.90
2011-10-25,45.80,46.63,44.12,44.42,343600,43.96
2011-10-24,45.36,46.83,44.85,46.06,218000,45.59
2011-10-21,44.88,45.19,43.98,45.05,103400,44.59
2011-10-20,44.26,44.78,43.69,44.08,126700,43.39
2011-10-19,46.61,46.73,44.20,44.56,86800,43.86
2011-10-18,44.45,47.32,43.60,46.80,252500,46.07
2011-10-17,46.20,46.74,44.10,44.23,126300,43.54
2011-10-14,46.52,47.56,45.81,46.75,119700,46.02
2011-10-13,45.93,46.67,44.89,45.94,70300,45.22
2011-10-12,46.16,46.78,45.76,46.28,114800,45.56
2011-10-11,45.75,46.20,45.06,45.77,117900,45.05
2011-10-10,44.65,46.30,44.19,46.25,83800,45.53
2011-10-07,45.07,45.28,42.70,43.76,96600,43.08
2011-10-06,45.42,46.37,43.97,44.96,163600,44.26
2011-10-05,44.94,45.66,43.98,45.50,233500,44.79
2011-10-04,40.85,44.98,40.12,44.89,186800,44.19
2011-10-03,43.65,44.45,40.72,41.28,216300,40.63
2011-09-30,44.99,45.33,44.00,44.28,132000,43.59
2011-09-29,45.87,46.47,44.76,45.75,142900,45.03
2011-09-28,48.69,49.00,44.51,44.76,215400,44.06
2011-09-27,48.07,51.07,47.25,48.55,124600,47.79
2011-09-26,45.97,47.19,45.03,47.09,119700,46.35
2011-09-23,46.63,47.04,45.24,45.64,161400,44.93
2011-09-22,45.74,47.04,45.04,46.86,248700,46.13
2011-09-21,48.81,49.42,47.14,47.15,116600,46.41
2011-09-20,51.39,51.39,48.93,48.99,84100,48.22
2011-09-19,50.94,51.37,49.24,50.92,113000,50.12
2011-09-16,50.27,52.01,50.08,51.77,385100,50.96
2011-09-15,50.02,50.77,49.23,49.69,140700,48.91
2011-09-14,50.16,50.35,47.67,49.60,81200,48.82
2011-09-13,49.10,50.28,48.60,49.52,113900,48.75
2011-09-12,48.11,50.22,47.68,48.91,202400,48.14
2011-09-09,49.18,49.70,48.33,49.00,200000,48.23
2011-09-08,50.15,50.82,49.47,49.67,126300,48.89
2011-09-07,49.32,50.91,48.83,50.45,183000,49.66
2011-09-06,46.99,48.70,46.79,48.62,101900,47.86
2011-09-02,49.61,50.39,48.32,48.68,120000,47.92
2011-09-01,51.98,52.64,50.56,50.72,94400,49.93
2011-08-31,51.70,52.92,50.97,51.87,162100,51.06
2011-08-30,50.89,51.67,50.35,51.33,66000,50.53
2011-08-29,49.43,51.23,49.43,51.21,67100,50.41
2011-08-26,47.54,49.02,46.36,48.88,139300,48.12
2011-08-25,50.09,50.66,47.76,47.97,252200,47.22
2011-08-24,49.39,50.13,48.52,49.74,168000,48.96
2011-08-23,47.86,49.59,47.49,49.50,124100,48.73
2011-08-22,49.00,49.00,47.43,47.62,100500,46.87
2011-08-19,46.37,48.84,45.88,47.89,340400,47.14
2011-08-18,48.23,49.06,47.30,47.54,297400,46.80
2011-08-17,48.10,50.69,48.05,49.95,257500,49.17
2011-08-16,47.20,48.47,46.75,47.67,224100,46.92
2011-08-15,45.78,47.50,45.73,47.47,110500,46.73
2011-08-12,45.40,46.21,44.57,45.13,165500,44.42
2011-08-11,44.86,45.72,43.71,44.89,472600,44.19
2011-08-10,46.27,50.02,44.23,44.58,233600,43.88
2011-08-09,44.80,48.00,43.54,47.81,316700,47.06
2011-08-08,46.83,48.03,43.68,43.71,271900,43.03
2011-08-05,51.77,51.93,47.96,48.68,301000,47.92
2011-08-04,53.98,53.98,50.94,51.00,233900,50.20
2011-08-03,54.37,54.99,52.82,54.91,103100,54.05
2011-08-02,54.86,56.40,54.10,54.26,271400,53.41
2011-08-01,56.43,57.29,54.85,55.26,159600,54.40
2011-07-29,53.22,56.23,53.22,55.82,133800,54.95
2011-07-28,53.75,54.49,52.35,53.86,287000,53.02
2011-07-27,55.21,55.21,53.39,53.75,178400,52.91
2011-07-26,55.78,56.37,54.70,55.52,107100,54.65
2011-07-25,55.50,56.52,55.50,55.83,41400,54.96
2011-07-22,56.20,56.91,55.66,56.00,43700,55.12
2011-07-21,55.94,56.64,55.52,56.30,83400,55.42
2011-07-20,55.99,56.50,55.33,55.89,77500,54.78
2011-07-19,54.26,55.94,54.26,55.65,124100,54.54
2011-07-18,53.84,55.30,53.63,53.80,86800,52.73
2011-07-15,54.56,54.56,53.27,54.24,103800,53.16
2011-07-14,54.89,55.15,54.21,54.47,262900,53.39
2011-07-13,53.34,54.89,52.80,54.83,200500,53.74
2011-07-12,53.09,53.98,52.62,53.11,104600,52.05
2011-07-11,53.56,53.84,52.58,53.10,142600,52.04
2011-07-08,54.11,54.88,53.90,54.38,142100,53.30
2011-07-07,54.90,55.37,54.50,55.00,88000,53.91
2011-07-06,54.28,54.52,53.81,54.37,66100,53.29
2011-07-05,55.04,55.04,54.05,54.46,179800,53.38
2011-07-01,54.77,55.76,53.59,55.52,140200,54.42
2011-06-30,54.00,55.07,54.00,54.62,106000,53.53
2011-06-29,53.95,54.83,53.46,53.94,94900,52.87
2011-06-28,53.05,54.07,52.95,53.65,139500,52.58
2011-06-27,52.91,53.59,52.37,53.01,135600,51.96
2011-06-24,52.11,53.39,51.43,52.92,427200,51.87
2011-06-23,51.00,52.03,50.28,51.94,143500,50.91
2011-06-22,51.10,53.06,50.77,51.74,306700,50.71
2011-06-21,49.52,51.76,48.98,51.49,222900,50.47
2011-06-20,48.05,49.47,47.54,49.12,138300,48.14
2011-06-17,49.71,50.72,48.12,48.16,392200,47.20
2011-06-16,49.92,50.65,48.50,49.31,211000,48.33
2011-06-15,50.23,50.60,49.65,49.96,157500,48.97
2011-06-14,50.68,51.19,50.02,50.86,126400,49.85
2011-06-13,49.74,50.34,49.48,49.89,252900,48.90
2011-06-10,49.63,50.14,49.18,49.69,109700,48.70
2011-06-09,50.03,50.32,49.38,49.98,93800,48.99
2011-06-08,49.41,50.18,49.38,49.77,158800,48.78
2011-06-07,49.87,50.23,49.45,49.77,160500,48.78
2011-06-06,49.63,50.78,49.18,49.44,110000,48.46
2011-06-03,49.92,50.25,49.50,49.63,200000,48.64
2011-06-02,50.18,52.67,49.82,50.64,92500,49.63
2011-06-01,52.49,52.49,50.00,50.17,119200,49.17
2011-05-31,51.83,52.80,51.43,52.74,125900,51.69
2011-05-27,50.98,51.49,50.54,51.28,91600,50.26
2011-05-26,50.29,50.89,49.95,50.78,62100,49.77
2011-05-25,49.55,50.99,49.55,50.62,49600,49.61
2011-05-24,50.14,50.65,49.57,49.74,65000,48.75
2011-05-23,48.96,50.47,48.96,49.88,135800,48.89
2011-05-20,49.93,50.74,49.31,50.10,126300,49.10
2011-05-19,51.54,51.95,49.49,50.30,143300,49.30
2011-05-18,50.11,51.26,49.85,51.14,164700,50.12
2011-05-17,49.70,50.42,49.30,49.99,223800,49.00
2011-05-16,49.72,51.16,49.64,50.01,149000,49.02
2011-05-13,51.22,51.70,49.57,49.99,196600,49.00
2011-05-12,50.18,51.56,49.60,51.29,139200,50.27
2011-05-11,51.20,51.53,49.95,50.52,171600,49.52
2011-05-10,50.27,51.48,49.88,51.42,136600,50.40
2011-05-09,49.31,50.23,48.75,50.13,106800,49.13
2011-05-06,50.17,50.35,49.02,49.24,174000,48.26
2011-05-05,49.75,50.64,49.34,49.41,285900,48.43
2011-05-04,50.32,50.41,49.64,50.05,214000,49.06
2011-05-03,51.09,51.97,49.96,50.60,427800,49.59
2011-05-02,50.38,51.30,50.13,51.21,253300,50.19
2011-04-29,49.71,50.32,48.98,50.11,163000,49.11
2011-04-28,49.00,49.75,48.50,49.64,481200,48.65
2011-04-27,49.30,50.38,49.14,50.17,497000,49.17
2011-04-26,48.23,49.60,47.98,49.22,210500,48.24
2011-04-25,48.08,48.24,47.06,48.11,74600,47.15
2011-04-21,48.25,48.35,47.37,48.25,71100,47.29
2011-04-20,47.11,47.88,46.97,47.67,97700,46.72
2011-04-19,47.00,47.26,46.24,46.37,118900,45.21
2011-04-18,46.60,47.07,46.04,46.90,128300,45.73
2011-04-15,47.23,47.70,46.60,47.39,77600,46.21
2011-04-14,47.38,48.23,46.87,47.36,91000,46.18
2011-04-13,48.20,48.50,47.22,47.72,104600,46.53
2011-04-12,48.88,49.04,47.74,47.81,153200,46.62
2011-04-11,49.41,49.53,48.97,49.18,165500,47.95
2011-04-08,49.88,50.45,49.28,49.37,120300,48.14
2011-04-07,49.35,49.71,49.28,49.47,129500,48.24
2011-04-06,49.20,49.56,49.04,49.31,113600,48.08
2011-04-05,49.02,49.39,48.71,49.12,200400,47.89
2011-04-04,49.04,49.15,48.77,49.02,105400,47.80
2011-04-01,49.20,49.25,48.62,48.97,127000,47.75
2011-03-31,49.05,49.34,48.88,49.25,177300,48.02
2011-03-30,49.10,49.24,48.49,49.10,192900,47.88
2011-03-29,48.75,49.12,48.64,49.00,201400,47.78
2011-03-28,49.00,49.34,48.49,48.63,139900,47.42
2011-03-25,49.42,49.82,48.85,48.90,143500,47.68
2011-03-24,49.04,49.48,48.46,49.06,113700,47.84
2011-03-23,48.50,48.78,47.73,48.57,188600,47.36
2011-03-22,48.81,49.01,48.31,48.70,199100,47.48
2011-03-21,47.88,48.80,47.14,48.80,147400,47.58
2011-03-18,47.83,47.83,46.60,46.76,968300,45.59
2011-03-17,47.77,47.88,46.95,47.07,101100,45.90
2011-03-16,48.15,48.18,45.87,46.76,169900,45.59
2011-03-15,47.20,48.79,46.37,48.10,191900,46.90
2011-03-14,47.98,49.20,47.93,49.15,101000,47.92
2011-03-11,47.87,48.89,47.50,48.66,99100,47.45
2011-03-10,48.29,49.80,47.50,47.90,124500,46.70
2011-03-09,49.15,49.40,48.50,49.10,114100,47.88
2011-03-08,49.04,50.33,48.55,49.18,156500,47.95
2011-03-07,49.83,49.83,48.60,48.92,102200,47.70
2011-03-04,49.11,49.47,48.58,49.41,114800,48.18
2011-03-03,48.87,49.27,48.26,48.86,99100,47.64
2011-03-02,49.31,49.63,47.90,48.16,81600,46.96
2011-03-01,50.82,50.84,49.07,49.14,84700,47.91
2011-02-28,49.65,50.57,49.61,50.53,97300,49.27
2011-02-25,48.68,49.05,48.21,49.02,94600,47.80
2011-02-24,48.14,48.80,47.77,48.41,156200,47.20
2011-02-23,49.12,49.12,46.87,47.82,201000,46.63
2011-02-22,52.45,52.83,48.95,48.99,169100,47.77
2011-02-18,52.40,53.65,52.07,52.77,122700,51.45
2011-02-17,52.27,52.69,52.06,52.33,103200,51.02
2011-02-16,50.80,53.29,50.47,52.16,162900,50.86
2011-02-15,50.88,50.92,50.30,50.35,109600,49.09
2011-02-14,50.97,51.31,50.51,50.94,89500,49.67
2011-02-11,50.27,51.15,49.78,50.66,89800,49.40
2011-02-10,49.94,50.59,49.75,50.33,73500,49.07
2011-02-09,50.99,50.99,49.60,50.26,53600,49.01
2011-02-08,50.82,51.28,50.31,51.07,42200,49.80
2011-02-07,50.15,50.92,49.92,50.78,97200,49.51
2011-02-04,50.22,50.30,48.62,49.85,87300,48.61
2011-02-03,50.16,51.26,49.19,50.31,56000,49.05
2011-02-02,50.30,51.33,50.19,50.19,74900,48.94
2011-02-01,48.30,50.78,48.15,50.73,158400,49.46
2011-01-31,48.18,48.48,47.70,47.71,94000,46.52
2011-01-28,49.54,49.54,47.64,47.67,110300,46.48
2011-01-27,48.79,49.33,48.40,49.24,144400,48.01
2011-01-26,46.87,48.61,46.87,48.55,140500,47.34
2011-01-25,46.95,46.95,45.76,46.64,97800,45.48
2011-01-24,46.02,47.47,45.91,47.00,84200,45.83
2011-01-21,46.86,47.01,45.88,45.88,76900,44.74
2011-01-20,46.67,46.95,45.93,46.36,125400,45.20
2011-01-19,48.25,48.42,47.15,47.25,113400,45.84
2011-01-18,47.80,48.28,47.72,48.05,166200,46.61
2011-01-14,48.15,48.68,47.61,48.04,107000,46.60
2011-01-13,47.77,49.28,47.69,48.17,91500,46.73
2011-01-12,48.65,48.65,47.36,47.90,70200,46.47
2011-01-11,48.79,49.24,47.97,48.00,58100,46.56
2011-01-10,48.26,48.99,48.01,48.48,88400,47.03
2011-01-07,49.18,49.18,47.46,48.40,175200,46.95
2011-01-06,49.16,49.64,48.66,49.18,114400,47.71
2011-01-05,49.61,50.69,49.11,49.24,109800,47.77
2011-01-04,51.19,51.40,48.94,49.90,113000,48.41
2011-01-03,50.87,51.24,50.31,50.57,88300,49.06
2010-12-31,50.52,50.80,50.00,50.09,47600,48.59
2010-12-30,50.72,50.99,50.54,50.54,32800,49.03
2010-12-29,51.05,51.05,50.68,50.70,27100,49.18
2010-12-28,50.90,51.37,50.77,50.90,36300,49.38
2010-12-27,51.20,51.46,50.83,51.00,56300,49.48
2010-12-23,51.27,51.99,51.22,51.58,61800,50.04
2010-12-22,51.42,51.66,50.63,51.07,89900,49.54
2010-12-21,51.09,51.35,50.88,51.16,149200,49.63
2010-12-20,50.78,50.93,50.13,50.81,121800,49.29
2010-12-17,49.29,50.54,48.78,50.28,329500,48.78
2010-12-16,49.16,49.60,48.87,49.11,109700,47.64
2010-12-15,49.66,50.49,49.12,49.14,152200,47.67
2010-12-14,50.53,50.53,49.13,49.58,174300,48.10
2010-12-13,51.89,52.00,50.96,50.98,136300,49.46
2010-12-10,51.22,51.82,50.86,51.70,82800,50.15
2010-12-09,51.18,51.78,50.44,50.97,128200,49.45
2010-12-08,51.16,51.23,50.26,50.41,133600,48.90
2010-12-07,51.26,51.76,50.93,51.16,105800,49.63
2010-12-06,50.18,51.16,49.86,50.81,221400,49.29
2010-12-03,50.35,50.35,49.59,50.00,161300,48.50
2010-12-02,49.13,50.81,48.86,50.50,186900,48.99
2010-12-01,48.47,49.13,48.08,48.75,272200,47.29
2010-11-30,46.40,47.40,46.29,46.90,99800,45.50
2010-11-29,47.00,47.12,45.82,46.95,62300,45.55
2010-11-26,47.70,47.70,46.94,47.18,19600,45.77
2010-11-24,47.44,47.89,46.69,47.77,100000,46.34
2010-11-23,46.77,46.84,46.00,46.58,56900,45.19
2010-11-22,47.21,47.52,46.51,47.42,93100,46.00
2010-11-19,46.18,47.19,45.44,47.12,108600,45.71
2010-11-18,45.27,46.77,44.98,46.12,97000,44.74
2010-11-17,44.15,44.98,42.80,44.40,82600,43.07
2010-11-16,45.74,45.74,44.11,44.18,121200,42.86
2010-11-15,45.74,46.77,45.20,45.90,41600,44.53
2010-11-12,46.91,47.23,45.52,45.66,60600,44.29
2010-11-11,46.73,47.56,46.73,47.43,52200,46.01
2010-11-10,46.09,47.14,45.68,47.06,68300,45.65
2010-11-09,46.98,47.00,45.74,46.16,100400,44.78
2010-11-08,46.84,47.19,46.20,46.89,85000,45.49
2010-11-05,46.68,47.12,46.15,46.81,104000,45.41
2010-11-04,45.72,46.88,44.96,46.79,99600,45.39
2010-11-03,44.92,45.19,44.44,44.82,108900,43.48
2010-11-02,44.64,45.21,44.26,44.96,96200,43.62
2010-11-01,45.30,45.50,44.21,44.76,120300,43.42
2010-10-29,43.18,45.13,42.87,44.99,99000,43.64
2010-10-28,43.67,43.90,42.89,43.27,92700,41.98
2010-10-27,43.76,44.04,42.50,43.19,178400,41.90
2010-10-26,43.85,44.69,43.13,44.24,252000,42.92
2010-10-25,43.61,45.29,42.65,44.25,289100,42.93
2010-10-22,45.37,45.99,44.87,45.17,150000,43.82
2010-10-21,46.45,46.80,44.35,45.10,122700,43.75
2010-10-20,44.72,46.31,44.29,46.07,95100,44.69
2010-10-19,45.23,45.58,44.12,44.53,189700,42.97
2010-10-18,46.00,46.11,45.64,46.00,82700,44.38
2010-10-15,47.35,47.43,45.40,46.02,107900,44.40
2010-10-14,46.21,46.47,45.83,46.44,118000,44.81
2010-10-13,45.95,46.83,45.68,46.11,167000,44.49
2010-10-12,44.25,45.94,43.51,45.77,315600,44.16
2010-10-11,44.47,44.50,43.92,44.18,135200,42.63
2010-10-08,43.44,44.50,43.25,44.38,95800,42.82
2010-10-07,44.10,44.45,42.70,43.21,91400,41.69
2010-10-06,43.92,44.58,43.55,43.74,103500,42.20
2010-10-05,43.01,43.99,42.67,43.89,93300,42.35
2010-10-04,43.59,43.87,42.07,42.40,87400,40.91
2010-10-01,43.34,44.14,43.34,43.66,109000,42.13
2010-09-30,42.88,43.23,42.11,42.79,94500,41.29
2010-09-29,42.64,43.14,42.18,42.55,104800,41.06
2010-09-28,41.58,43.00,41.11,42.88,154800,41.37
2010-09-27,43.18,43.18,41.62,41.72,102600,40.25
2010-09-24,41.34,43.11,41.22,43.05,158400,41.54
2010-09-23,41.19,41.98,40.50,40.62,140500,39.19
2010-09-22,40.64,42.54,40.64,41.63,177600,40.17
2010-09-21,41.35,41.89,41.17,41.48,269800,40.02
2010-09-20,41.49,41.81,40.82,41.47,218300,40.01
2010-09-17,41.97,41.97,40.53,41.26,235700,39.81
2010-09-16,41.40,41.87,41.08,41.38,84000,39.93
2010-09-15,41.64,41.93,41.23,41.60,80100,40.14
2010-09-14,41.29,42.15,41.14,41.92,362100,40.45
2010-09-13,41.32,41.57,40.62,41.48,313900,40.02
2010-09-10,40.71,41.12,40.55,40.93,1801600,39.49
2010-09-09,40.98,41.27,40.35,40.68,420200,39.25
2010-09-08,40.63,40.91,40.31,40.72,283800,39.29
2010-09-07,41.00,41.31,39.86,40.47,572600,39.05
2010-09-03,39.83,39.91,39.18,39.46,132400,38.07
2010-09-02,39.48,39.87,38.67,39.19,124700,37.81
2010-09-01,37.64,39.69,37.64,39.67,138600,38.28
2010-08-31,36.56,37.30,36.25,36.93,137700,35.63
2010-08-30,37.49,37.80,36.62,36.70,263700,35.41
2010-08-27,36.46,37.92,35.69,37.78,83700,36.45
2010-08-26,37.13,37.77,35.83,35.93,120300,34.67
2010-08-25,35.56,37.01,35.54,36.95,224700,35.65
2010-08-24,36.21,36.35,35.54,35.91,101800,34.65
2010-08-23,37.20,37.20,36.29,36.37,110200,35.09
2010-08-20,36.77,36.96,35.81,36.90,86200,35.60
2010-08-19,38.65,38.79,36.94,36.97,183300,35.67
2010-08-18,38.72,38.95,37.81,38.89,88900,37.52
2010-08-17,37.48,39.22,37.41,38.84,147200,37.48
2010-08-16,36.34,37.20,36.34,36.98,120800,35.68
2010-08-13,37.15,37.71,36.46,36.48,109600,35.20
2010-08-12,37.35,37.66,37.06,37.41,104000,36.10
2010-08-11,39.20,39.21,37.56,37.62,206300,36.30
2010-08-10,40.85,40.88,39.53,39.56,154200,38.17
2010-08-09,41.33,41.50,40.91,41.20,129600,39.75
2010-08-06,40.82,41.54,40.19,40.90,92300,39.46
2010-08-05,41.05,41.85,41.05,41.13,102900,39.69
2010-08-04,41.16,41.63,40.48,41.28,142300,39.83
2010-08-03,42.37,43.09,40.46,40.80,189600,39.37
2010-08-02,41.84,41.99,40.59,41.09,172900,39.65
2010-07-30,39.75,41.45,39.34,41.00,175100,39.56
2010-07-29,40.85,41.19,39.83,40.49,82100,39.07
2010-07-28,40.73,41.41,40.31,40.59,89600,39.16
2010-07-27,41.53,41.84,40.57,40.99,109300,39.55
2010-07-26,40.45,41.35,40.40,41.26,223100,39.81
2010-07-23,39.54,40.70,39.54,40.59,424100,39.16
2010-07-22,39.29,39.92,39.25,39.74,203500,38.34
2010-07-21,39.27,39.37,38.55,38.95,132900,37.35
2010-07-20,37.46,39.18,36.65,39.05,145200,37.45
2010-07-19,37.75,38.19,37.25,38.13,195700,36.56
2010-07-16,37.19,37.75,37.12,37.50,181000,35.96
2010-07-15,37.61,37.87,36.68,37.60,88100,36.06
2010-07-14,37.27,38.29,36.80,37.57,79100,36.03
2010-07-13,37.30,37.80,36.80,37.45,77600,35.91
2010-07-12,37.30,37.82,36.20,36.70,83900,35.19
2010-07-09,37.13,38.00,36.71,37.52,124800,35.98
2010-07-08,36.95,37.23,36.12,37.22,142100,35.69
2010-07-07,34.11,36.64,34.11,36.47,184300,34.97
2010-07-06,35.03,35.51,33.90,34.07,121300,32.67
2010-07-02,35.25,35.61,34.06,34.39,111800,32.98
2010-07-01,34.60,35.16,34.00,35.03,141400,33.59
2010-06-30,35.58,36.26,34.45,34.67,143800,33.25
2010-06-29,36.63,36.94,35.46,35.68,170500,34.21
2010-06-28,38.16,38.47,37.34,37.37,45400,35.84
2010-06-25,37.20,38.31,36.77,38.06,243000,36.50
2010-06-24,37.15,37.93,36.77,37.12,128700,35.60
2010-06-23,37.53,37.75,36.97,37.53,69700,35.99
2010-06-22,39.07,39.50,37.65,37.74,104100,36.19
2010-06-21,39.74,39.91,38.35,39.04,225500,37.44
2010-06-18,39.19,39.89,38.52,39.05,141600,37.45
2010-06-17,39.02,39.15,38.33,38.92,87500,37.32
2010-06-16,39.05,39.50,38.70,38.70,83000,37.11
2010-06-15,38.63,39.51,38.46,39.34,138300,37.72
2010-06-14,39.25,39.70,38.03,38.31,226600,36.74
2010-06-11,38.33,39.23,37.30,39.14,140200,37.53
2010-06-10,36.53,38.84,36.37,38.70,212100,37.11
2010-06-09,35.91,36.68,35.56,35.73,284300,34.26
2010-06-08,34.24,35.51,33.80,35.39,242000,33.94
2010-06-07,35.33,35.64,33.88,34.12,176900,32.72
2010-06-04,36.51,37.21,35.06,35.25,196000,33.80
2010-06-03,37.72,38.43,37.02,37.84,122500,36.29
2010-06-02,37.21,37.90,37.11,37.90,199200,36.34
2010-06-01,37.48,38.77,36.72,36.73,367200,35.22
2010-05-28,37.31,37.71,36.80,37.43,229700,35.89
2010-05-27,36.95,37.57,36.16,37.57,158800,36.03
2010-05-26,35.74,36.71,35.74,35.84,155000,34.37
2010-05-25,33.54,35.67,32.91,35.44,232900,33.98
2010-05-24,35.51,35.94,34.56,34.56,110600,33.14
2010-05-21,33.29,35.79,33.29,35.50,374600,34.04
2010-05-20,34.71,35.42,33.60,34.00,299300,32.60
2010-05-19,36.68,37.17,35.10,35.80,230900,34.33
2010-05-18,37.06,37.72,36.74,36.80,339500,35.29
2010-05-17,37.29,37.63,35.50,36.46,184900,34.96
2010-05-14,37.96,38.26,36.38,36.92,222600,35.40
2010-05-13,38.12,39.19,38.11,38.40,302300,36.82
2010-05-12,37.68,38.36,37.38,38.35,221400,36.77
2010-05-11,37.11,38.16,36.58,37.57,237500,36.03
2010-05-10,37.85,38.31,37.04,37.50,282300,35.96
2010-05-07,36.14,37.56,35.19,36.00,430800,34.52
2010-05-06,36.93,38.32,34.81,36.17,308500,34.68
2010-05-05,37.03,38.08,36.64,37.14,294000,35.61
2010-05-04,39.07,39.58,37.24,37.67,304700,36.12
2010-05-03,38.89,41.00,38.85,39.77,268800,38.14
2010-04-30,40.36,40.72,39.98,40.19,339700,38.54
2010-04-29,40.00,40.48,39.49,40.14,635900,38.49
2010-04-28,39.41,39.54,38.02,39.09,155500,37.48
2010-04-27,40.32,40.38,38.95,39.01,349700,37.41
2010-04-26,41.50,41.63,40.40,40.40,205900,38.74
2010-04-23,40.45,41.49,40.27,41.49,141300,39.79
2010-04-22,40.01,40.53,39.80,40.27,150700,38.62
2010-04-21,40.04,40.60,39.64,40.60,302000,38.70
2010-04-20,40.06,40.32,39.85,40.03,93000,38.16
2010-04-19,39.86,40.08,38.79,40.01,256400,38.14
2010-04-16,40.95,40.98,39.81,39.93,217300,38.06
2010-04-15,40.59,40.93,40.51,40.64,85200,38.74
2010-04-14,39.68,40.68,39.29,40.64,264900,38.74
2010-04-13,39.35,39.42,38.81,39.42,90900,37.58
2010-04-12,39.85,39.97,39.20,39.37,59500,37.53
2010-04-09,39.58,39.83,39.46,39.77,200400,37.91
2010-04-08,39.02,39.67,38.77,39.59,218900,37.74
2010-04-07,39.80,40.16,38.84,39.30,188100,37.46
2010-04-06,39.51,40.55,39.51,39.83,246000,37.97
2010-04-05,39.99,40.52,39.42,39.81,236900,37.95
2010-04-01,38.90,39.71,38.57,39.71,137000,37.85
2010-03-31,39.38,39.64,38.52,38.57,295400,36.77
2010-03-30,38.75,40.47,38.65,39.80,365300,37.94
2010-03-29,38.29,38.75,38.00,38.62,240100,36.81
2010-03-26,38.07,38.84,37.96,38.18,307100,36.40
2010-03-25,38.25,38.90,37.84,38.00,637700,36.22
2010-03-24,38.18,38.50,37.76,38.10,3730000,36.32
2010-03-23,37.01,38.43,37.01,38.35,175900,36.56
2010-03-22,36.86,37.31,36.71,37.07,315100,35.34
2010-03-19,36.80,38.29,36.36,37.00,188900,35.27
2010-03-18,36.46,36.88,35.92,36.58,131000,34.87
2010-03-17,35.68,36.98,35.59,36.29,347400,34.59
2010-03-16,35.70,35.80,35.06,35.50,169800,33.84
2010-03-15,35.70,35.71,35.33,35.46,243300,33.80
2010-03-12,36.55,37.07,35.60,35.79,43400,34.12
2010-03-11,35.71,36.48,35.63,36.43,93900,34.73
2010-03-10,36.47,36.62,35.61,36.05,132900,34.36
2010-03-09,36.58,36.83,36.11,36.58,57900,34.87
2010-03-08,37.04,37.33,36.39,36.61,62000,34.90
2010-03-05,35.14,37.14,34.93,36.94,132100,35.21
2010-03-04,35.16,35.27,34.52,34.92,220000,33.29
2010-03-03,34.69,35.25,34.41,34.95,86800,33.32
2010-03-02,34.53,35.15,34.27,34.46,114300,32.85
2010-03-01,33.63,35.13,33.41,34.53,165100,32.92
2010-02-26,33.42,33.65,32.83,33.39,170200,31.83
2010-02-25,34.92,36.49,33.03,33.56,258400,31.99
2010-02-24,34.99,36.21,34.72,35.51,148900,33.85
2010-02-23,35.85,36.30,34.56,34.90,96800,33.27
2010-02-22,36.44,36.44,35.77,35.90,52600,34.22
2010-02-19,35.90,36.93,35.13,36.20,116800,34.51
2010-02-18,35.94,36.19,35.16,35.90,72800,34.22
2010-02-17,36.31,36.31,35.41,35.96,55100,34.28
2010-02-16,35.91,36.18,35.47,36.08,57700,34.39
2010-02-12,34.84,35.78,34.58,35.59,65000,33.93
2010-02-11,33.93,35.34,33.91,35.31,53700,33.66
2010-02-10,34.27,34.72,33.73,34.12,60100,32.53
2010-02-09,34.10,34.95,33.85,34.50,115800,32.89
2010-02-08,34.82,35.00,33.68,33.84,79600,32.26
2010-02-05,34.56,35.45,33.75,34.96,73800,33.33
2010-02-04,36.26,36.80,34.41,34.50,153700,32.89
2010-02-03,37.13,38.31,36.65,36.66,109400,34.95
2010-02-02,36.90,37.55,36.90,37.45,89700,35.70
2010-02-01,35.25,36.91,35.25,36.91,212000,35.18
2010-01-29,35.12,35.78,34.65,35.15,139300,33.51
2010-01-28,36.00,36.36,34.29,34.92,215700,33.29
2010-01-27,36.02,37.03,35.48,35.84,95800,34.16
2010-01-26,36.72,37.66,36.01,36.29,54100,34.59
2010-01-25,37.27,37.57,36.62,36.93,64000,35.20
2010-01-22,38.46,38.97,37.05,37.08,76800,35.35
2010-01-21,40.12,40.72,38.33,38.50,139000,36.70
2010-01-20,40.82,41.08,39.95,40.15,98600,38.04
2010-01-19,40.28,41.32,40.28,41.29,89700,39.12
2010-01-15,41.76,42.12,39.49,40.25,110400,38.14
2010-01-14,41.60,41.75,41.10,41.55,45400,39.37
2010-01-13,41.89,42.56,41.04,41.85,36600,39.66
2010-01-12,43.61,44.18,41.16,41.60,141400,39.42
2010-01-11,43.97,44.40,42.49,44.26,122900,41.94
2010-01-08,42.81,43.96,42.81,43.94,45600,41.64
2010-01-07,42.76,43.20,42.68,43.08,114300,40.82
2010-01-06,41.63,42.94,41.63,42.93,75200,40.68
2010-01-05,42.70,42.93,41.66,41.74,100600,39.55
2010-01-04,42.00,43.16,42.00,42.89,57400,40.64
2009-12-31,42.22,42.57,41.50,41.62,44300,39.44
2009-12-30,41.36,42.37,40.98,42.37,69100,40.15
2009-12-29,41.51,42.03,41.38,41.67,116000,39.48
2009-12-28,41.32,41.64,40.90,41.53,61400,39.35
2009-12-24,40.83,41.18,40.58,41.06,23000,38.91
2009-12-23,40.47,40.82,40.09,40.64,140300,38.51
2009-12-22,40.61,40.61,39.86,40.26,183200,38.15
2009-12-21,39.84,40.50,39.21,40.34,101300,38.22
2009-12-18,40.23,40.48,39.13,39.54,142700,37.47
2009-12-17,39.94,40.26,39.09,39.67,48900,37.59
2009-12-16,40.34,41.23,39.88,40.17,96000,38.06
2009-12-15,40.65,41.51,39.84,39.85,107600,37.76
2009-12-14,40.05,40.97,39.53,40.90,73000,38.76
2009-12-11,38.27,40.06,38.15,40.00,108100,37.90
2009-12-10,39.03,39.05,37.65,38.15,112900,36.15
2009-12-09,39.20,39.64,38.08,38.95,115800,36.91
2009-12-08,39.99,40.33,39.19,39.28,67400,37.22
2009-12-07,40.04,40.59,39.69,40.19,50800,38.08
2009-12-04,40.13,41.13,39.06,40.16,63300,38.05
2009-12-03,40.34,40.34,39.15,39.32,77600,37.26
2009-12-02,39.16,40.70,39.16,40.05,70100,37.95
2009-12-01,39.15,39.34,38.82,39.00,95200,36.95
2009-11-30,39.40,40.03,38.26,38.64,64100,36.61
2009-11-27,38.52,40.17,38.01,39.54,38100,37.47
2009-11-25,40.58,40.93,40.08,40.17,31600,38.06
2009-11-24,40.80,40.89,39.76,40.48,56000,38.36
2009-11-23,41.23,42.14,40.69,40.89,39500,38.75
2009-11-20,39.80,40.72,39.76,40.48,61600,38.36
2009-11-19,39.85,40.29,39.00,40.00,145600,37.90
2009-11-18,40.90,40.92,39.87,40.11,132100,38.01
2009-11-17,40.23,40.94,39.97,40.77,75200,38.63
2009-11-16,40.55,41.02,39.91,40.57,162400,38.44
2009-11-13,40.27,40.36,39.68,40.08,102900,37.98
2009-11-12,42.55,42.88,39.94,39.99,101200,37.89
2009-11-11,42.94,43.59,42.55,42.77,45200,40.53
2009-11-10,42.49,43.44,42.00,42.49,60400,40.26
2009-11-09,42.24,43.13,41.98,42.63,101600,40.39
2009-11-06,41.22,42.52,41.01,41.61,54000,39.43
2009-11-05,40.45,41.74,40.45,41.65,55000,39.47
2009-11-04,41.03,41.53,39.95,40.15,71800,38.04
2009-11-03,39.52,40.68,38.61,40.66,111500,38.53
2009-11-02,40.06,40.99,38.75,39.77,114800,37.68
2009-10-30,39.83,40.71,39.52,39.95,144900,37.85
2009-10-29,39.42,41.39,39.42,40.32,250900,38.21
2009-10-28,39.13,39.62,38.97,39.19,155300,37.13
2009-10-27,40.19,40.51,39.09,39.40,80800,37.33
2009-10-26,39.98,40.98,39.65,39.91,102800,37.82
2009-10-23,41.28,41.65,39.60,39.82,61000,37.73
2009-10-22,41.37,41.37,40.12,41.16,57400,39.00
2009-10-21,41.53,43.24,41.04,41.32,82100,39.15
2009-10-20,42.42,42.42,41.67,41.87,94800,39.45
2009-10-19,41.61,42.73,41.05,42.22,60500,39.78
2009-10-16,40.85,41.66,39.94,41.32,90900,38.93
2009-10-15,40.40,41.90,40.00,41.10,71000,38.72
2009-10-14,40.06,41.20,40.06,40.88,80200,38.51
2009-10-13,39.53,39.94,38.80,39.77,88500,37.47
2009-10-12,39.44,40.71,39.42,39.71,64200,37.41
2009-10-09,38.26,39.05,38.09,38.96,94500,36.71
2009-10-08,37.75,38.36,37.13,38.17,191100,35.96
2009-10-07,37.03,37.14,36.54,37.10,77900,34.95
2009-10-06,36.49,37.10,36.42,37.10,140800,34.95
2009-10-05,33.92,36.33,33.15,36.33,102500,34.23
2009-10-02,34.55,35.05,33.77,33.82,71200,31.86
2009-10-01,36.05,36.20,34.72,34.73,80500,32.72
2009-09-30,36.59,37.06,35.56,36.36,76200,34.26
2009-09-29,36.01,37.24,36.01,36.60,47900,34.48
2009-09-28,36.94,37.14,36.57,36.67,76400,34.55
2009-09-25,36.80,37.25,36.30,36.60,36700,34.48
2009-09-24,37.63,38.04,36.75,37.04,135700,34.90
2009-09-23,39.16,39.36,37.46,37.49,110100,35.32
2009-09-22,39.13,39.29,37.97,39.25,102300,36.98
2009-09-21,39.85,39.85,38.58,38.69,61000,36.45
2009-09-18,39.86,40.56,39.17,40.22,116000,37.89
2009-09-17,40.55,41.65,39.44,39.66,93900,37.36
2009-09-16,39.70,41.10,39.68,40.75,134700,38.39
2009-09-15,37.00,40.80,36.89,40.46,234600,38.12
2009-09-14,35.95,37.07,35.95,36.97,67900,34.83
2009-09-11,36.36,36.56,35.45,36.33,87000,34.23
2009-09-10,35.30,36.23,34.90,36.15,88600,34.06
2009-09-09,35.13,35.74,35.00,35.23,64100,33.19
2009-09-08,34.98,35.50,34.38,35.33,92800,33.29
2009-09-04,34.17,34.70,32.62,34.57,81600,32.57
2009-09-03,33.27,34.24,32.96,34.17,94000,32.19
2009-09-02,32.81,33.34,32.50,33.01,101300,31.10
2009-09-01,32.19,33.59,32.19,33.00,208700,31.09
2009-08-31,33.18,33.40,32.01,32.33,130700,30.46
2009-08-28,33.80,33.80,33.00,33.44,145800,31.50
2009-08-27,33.54,33.85,32.68,33.41,86800,31.48
2009-08-26,33.57,34.12,33.16,33.41,124500,31.48
2009-08-25,34.23,34.34,33.33,33.64,215400,31.69
2009-08-24,34.65,34.99,33.43,33.92,184300,31.96
2009-08-21,33.55,34.55,33.34,34.45,227800,32.46
2009-08-20,31.98,33.40,31.92,33.13,80100,31.21
2009-08-19,31.81,32.75,31.50,32.13,58900,30.27
2009-08-18,31.85,32.46,31.42,32.30,79000,30.43
2009-08-17,32.16,32.16,31.20,31.66,112600,29.83
2009-08-14,34.06,34.79,32.01,32.39,76400,30.52
2009-08-13,33.58,34.45,33.07,34.16,67500,32.18
2009-08-12,32.31,33.76,31.82,33.18,77100,31.26
2009-08-11,32.63,32.63,31.67,32.18,53000,30.32
2009-08-10,33.06,33.29,32.27,32.93,80200,31.02
2009-08-07,33.11,33.89,32.02,33.41,96000,31.48
2009-08-06,32.83,33.60,32.16,32.48,81100,30.60
2009-08-05,33.06,33.20,31.56,32.75,125200,30.85
2009-08-04,32.77,33.95,32.70,32.94,182900,31.03
2009-08-03,33.53,33.96,33.30,33.89,161600,31.93
2009-07-31,32.88,33.90,32.44,33.06,125300,31.15
2009-07-30,32.59,33.99,31.50,33.21,230200,31.29
2009-07-29,32.25,32.84,31.56,32.36,135400,30.49
2009-07-28,33.39,33.66,32.29,32.66,164500,30.77
2009-07-27,33.45,34.37,32.64,33.57,154000,31.63
2009-07-24,34.63,35.67,33.21,33.55,242400,31.61
2009-07-23,36.07,37.33,36.07,36.35,110400,34.25
2009-07-22,36.10,36.88,35.39,36.28,113400,33.95
2009-07-21,36.32,36.86,35.50,36.20,143000,33.88
2009-07-20,35.52,36.47,35.51,36.04,70000,33.73
2009-07-17,34.60,35.46,34.59,35.25,83100,32.99
2009-07-16,33.11,34.90,33.11,34.67,82100,32.45
2009-07-15,31.85,33.46,31.84,33.42,79900,31.28
2009-07-14,31.57,32.04,30.84,31.33,80300,29.32
2009-07-13,30.77,31.88,30.77,31.69,97800,29.66
2009-07-10,30.77,31.13,29.76,30.80,73900,28.83
2009-07-09,31.50,31.98,30.88,31.08,139600,29.09
2009-07-08,31.19,31.61,30.15,30.76,227000,28.79
2009-07-07,31.43,32.04,30.81,30.95,293800,28.97
2009-07-06,34.25,34.31,30.95,31.51,280000,29.49
2009-07-02,35.15,35.39,34.48,34.59,78100,32.37
2009-07-01,36.28,37.33,35.73,35.89,131600,33.59
2009-06-30,36.07,36.62,35.74,35.91,119200,33.61
2009-06-29,36.49,36.90,35.92,35.93,144200,33.63
2009-06-26,35.63,36.83,35.52,36.50,216400,34.16
2009-06-25,34.92,35.98,34.76,35.98,97400,33.67
2009-06-24,34.42,35.89,34.42,35.34,196300,33.07
2009-06-23,34.34,34.96,33.80,34.29,199900,32.09
2009-06-22,34.84,34.84,34.04,34.30,217100,32.10
2009-06-19,35.47,36.49,35.12,35.24,217300,32.98
2009-06-18,33.89,35.45,33.47,34.91,197400,32.67
2009-06-17,33.53,34.83,33.14,34.12,185500,31.93
2009-06-16,34.54,35.93,33.37,33.61,184500,31.46
2009-06-15,35.10,35.23,33.52,33.95,207100,31.77
2009-06-12,36.52,36.76,35.63,35.94,161900,33.64
2009-06-11,36.74,37.41,36.48,36.75,202000,34.39
2009-06-10,35.84,37.09,35.56,36.60,189200,34.25
2009-06-09,34.98,36.09,34.45,35.39,155000,33.12
2009-06-08,35.28,35.50,34.10,34.66,259800,32.44
2009-06-05,36.09,36.50,35.12,35.70,398200,33.41
2009-06-04,33.92,36.02,33.14,35.61,211600,33.33
2009-06-03,34.02,34.66,33.12,33.71,344600,31.55
2009-06-02,32.96,34.83,32.50,34.47,251900,32.26
2009-06-01,31.64,33.69,31.64,33.24,250600,31.11
2009-05-29,30.34,31.14,30.07,31.07,194100,29.08
2009-05-28,30.89,31.33,29.48,30.14,304100,28.21
2009-05-27,31.23,32.42,30.61,30.70,217100,28.73
2009-05-26,29.03,31.87,29.00,31.57,174300,29.55
2009-05-22,29.25,30.42,29.05,29.27,169900,27.39
2009-05-21,31.10,31.30,28.77,29.19,364500,27.32
2009-05-20,32.38,33.83,31.90,32.10,225900,30.04
2009-05-19,31.32,32.78,30.76,32.00,245700,29.95
2009-05-18,30.31,31.72,30.18,31.62,191300,29.59
2009-05-15,30.09,30.44,29.59,29.85,229300,27.94
2009-05-14,29.09,30.59,28.13,30.11,317100,28.18
2009-05-13,30.11,30.68,28.51,29.03,241500,27.17
2009-05-12,31.25,31.50,30.00,30.78,154900,28.81
2009-05-11,31.21,31.70,30.71,30.93,226400,28.95
2009-05-08,31.85,31.85,31.06,31.78,213600,29.74
2009-05-07,32.92,33.11,30.28,30.70,186700,28.73
2009-05-06,32.65,33.47,32.42,32.98,213300,30.87
2009-05-05,31.87,32.62,31.61,32.35,330300,30.28
2009-05-04,30.53,31.97,30.27,31.44,296700,29.42
2009-05-01,29.44,30.50,29.37,30.10,207300,28.17
2009-04-30,30.79,31.27,28.78,29.54,289600,27.65
2009-04-29,28.65,30.44,28.65,29.50,216000,27.61
2009-04-28,28.34,29.03,27.76,28.45,128600,26.63
2009-04-27,29.00,30.01,28.59,28.76,170900,26.92
2009-04-24,28.69,30.48,28.56,29.81,211300,27.90
2009-04-23,29.14,29.58,27.79,28.82,265000,26.97
2009-04-22,28.26,30.32,28.26,29.18,203800,27.08
2009-04-21,27.20,29.01,26.13,28.94,179300,26.86
2009-04-20,28.85,28.85,27.18,27.30,271200,25.34
2009-04-17,29.87,30.17,28.74,29.82,186500,27.68
2009-04-16,29.71,30.38,29.06,29.95,246600,27.80
2009-04-15,29.30,29.77,28.70,29.29,324800,27.19
2009-04-14,29.10,30.06,28.51,29.11,274200,27.02
2009-04-13,27.59,29.89,27.18,29.49,241200,27.37
2009-04-09,27.38,28.39,26.45,28.08,224500,26.06
2009-04-08,25.45,26.35,25.14,26.22,143000,24.34
2009-04-07,25.83,26.29,25.06,25.15,215600,23.34
2009-04-06,27.06,27.42,25.82,26.41,220100,24.51
2009-04-03,27.08,27.76,26.73,27.40,425000,25.43
2009-04-02,26.17,27.46,26.17,27.19,306100,25.24
2009-04-01,22.95,25.58,22.19,25.36,335700,23.54
2009-03-31,22.84,23.55,22.48,23.12,279500,21.46
2009-03-30,23.78,23.89,22.22,22.62,395300,21.00
2009-03-27,24.21,25.24,23.75,24.56,317100,22.80
2009-03-26,22.92,24.76,22.73,24.63,374100,22.86
2009-03-25,21.66,22.83,21.58,22.71,372300,21.08
2009-03-24,21.78,21.89,21.18,21.49,311600,19.95
2009-03-23,21.19,22.28,20.90,22.27,331500,20.67
2009-03-20,20.51,20.81,19.77,20.74,524600,19.25
2009-03-19,18.04,20.70,18.04,20.25,310500,18.80
2009-03-18,18.22,18.95,17.72,18.91,267100,17.55
2009-03-17,18.76,19.35,17.63,18.24,312300,16.93
2009-03-16,18.50,19.47,18.18,18.87,267400,17.52
2009-03-13,18.13,18.76,17.86,18.21,263400,16.90
2009-03-12,18.75,18.82,17.57,18.04,442800,16.74
2009-03-11,19.35,19.76,18.45,18.76,265700,17.41
2009-03-10,18.18,19.37,17.63,19.28,423300,17.90
2009-03-09,16.58,17.94,16.58,17.72,301500,16.45
2009-03-06,17.02,17.66,16.36,16.70,273400,15.50
2009-03-05,19.31,19.59,16.62,16.74,372700,15.54
2009-03-04,19.39,20.34,19.33,19.76,279500,18.34
2009-03-03,19.71,20.20,19.02,19.18,249700,17.80
2009-03-02,21.50,21.53,19.35,19.41,285300,18.02
2009-02-27,21.28,22.76,20.73,22.04,160400,20.46
2009-02-26,22.48,23.41,21.21,21.78,119500,20.22
2009-02-25,22.71,22.88,21.56,22.21,154200,20.62
2009-02-24,21.60,23.03,21.04,22.85,179100,21.21
2009-02-23,22.80,23.26,21.35,21.42,253200,19.88
2009-02-20,21.92,23.03,21.57,22.51,234500,20.89
2009-02-19,23.31,23.82,22.33,22.41,415700,20.80
2009-02-18,23.50,23.60,20.96,23.07,608400,21.41
2009-02-17,25.36,25.73,23.63,23.90,355500,22.18
2009-02-13,26.67,27.55,26.16,26.46,254500,24.56
2009-02-12,25.76,26.65,25.27,26.56,274100,24.65
2009-02-11,26.21,27.85,25.43,26.28,239900,24.39
2009-02-10,27.74,28.29,25.59,25.98,346200,24.11
2009-02-09,27.90,29.24,27.48,27.79,290000,25.79
2009-02-06,26.67,28.29,26.62,27.95,257200,25.94
2009-02-05,25.22,26.98,25.02,26.78,218400,24.86
2009-02-04,24.95,26.21,24.90,25.51,298300,23.68
2009-02-03,24.77,25.50,24.57,25.02,257400,23.22
2009-02-02,24.44,25.42,24.03,24.61,236900,22.84
2009-01-30,26.34,26.35,24.43,24.84,239600,23.06
2009-01-29,26.81,27.11,26.01,26.17,225500,24.29
2009-01-28,27.14,27.42,26.51,27.10,233600,25.15
2009-01-27,26.01,27.47,26.01,26.71,162100,24.79
2009-01-26,24.91,26.94,24.14,25.97,302400,24.11
2009-01-23,22.49,25.53,22.38,24.92,280500,23.13
2009-01-22,23.73,24.01,22.77,23.09,181300,21.43
2009-01-21,22.11,24.83,22.11,24.73,369900,22.73
2009-01-20,24.04,24.63,22.04,22.26,281100,20.46
2009-01-16,24.88,25.32,23.03,24.15,352700,22.20
2009-01-15,23.55,24.66,22.85,24.61,571900,22.62
2009-01-14,23.57,23.93,22.61,23.60,418100,21.69
2009-01-13,22.78,24.63,22.48,24.07,427300,22.12
2009-01-12,23.50,24.26,22.52,22.76,764300,20.92
2009-01-09,23.10,23.28,21.87,22.32,195600,20.52
2009-01-08,22.79,23.93,22.28,22.99,313000,21.13
2009-01-07,23.66,24.79,23.26,23.57,508800,21.67
2009-01-06,23.52,24.95,23.32,24.30,559500,22.34
2009-01-05,23.67,24.00,22.52,23.09,314800,21.22
2009-01-02,22.56,24.20,22.33,23.50,282600,21.60
2008-12-31,21.38,22.79,21.38,22.52,225400,20.70
2008-12-30,20.00,21.36,19.42,21.35,309500,19.62
2008-12-29,20.16,20.93,19.39,19.88,317300,18.27
2008-12-26,20.59,20.71,19.39,20.11,181800,18.48
2008-12-24,20.42,20.89,19.87,20.50,111100,18.84
2008-12-23,20.25,21.17,19.88,20.34,283400,18.70
2008-12-22,21.73,22.02,19.41,20.16,319100,18.53
2008-12-19,21.52,22.65,21.07,21.65,597400,19.90
2008-12-18,23.23,23.60,21.13,21.36,241300,19.63
2008-12-17,22.70,24.20,22.37,23.22,408800,21.34
2008-12-16,22.30,23.08,21.53,23.03,346700,21.17
2008-12-15,22.58,23.65,21.26,21.87,414200,20.10
2008-12-12,21.41,22.61,20.88,22.55,336900,20.73
2008-12-11,22.37,23.32,21.30,21.86,526500,20.09
2008-12-10,21.44,22.81,21.30,22.81,400900,20.97
2008-12-09,20.75,23.00,20.23,21.13,427800,19.42
2008-12-08,18.80,21.49,18.80,20.88,258200,19.19
2008-12-05,18.02,18.71,16.90,18.68,260000,17.17
2008-12-04,19.34,19.97,17.66,18.28,225900,16.80
2008-12-03,19.37,19.81,17.97,19.53,245700,17.95
2008-12-02,19.20,20.25,18.66,19.87,423000,18.26
2008-12-01,20.64,21.00,18.63,18.78,313200,17.26
2008-11-28,20.63,21.13,19.93,21.11,102100,19.40
2008-11-26,18.43,20.95,18.28,20.92,268500,19.23
2008-11-25,18.14,18.96,17.75,18.83,384200,17.31
2008-11-24,16.97,17.80,16.27,17.52,442000,16.10
2008-11-21,16.94,17.34,15.01,15.96,637100,14.67
2008-11-20,18.71,20.00,15.44,15.52,494500,14.27
2008-11-19,22.47,22.47,18.76,18.79,345600,17.27
2008-11-18,24.08,25.00,21.59,22.54,231400,20.72
2008-11-17,25.05,26.45,23.50,23.97,318200,22.03
2008-11-14,27.54,28.63,25.13,25.36,355700,23.31
2008-11-13,25.96,27.85,23.49,27.82,428800,25.57
2008-11-12,28.76,28.81,25.69,25.77,393700,23.69
2008-11-11,32.28,32.28,29.10,29.25,349200,26.89
2008-11-10,32.41,33.75,30.56,31.11,305100,28.60
2008-11-07,31.23,32.64,30.46,31.25,354900,28.72
2008-11-06,34.18,35.44,30.85,30.94,372100,28.44
2008-11-05,35.23,37.67,34.69,34.73,527200,31.92
2008-11-04,35.54,36.88,35.13,36.68,272600,33.72
2008-11-03,34.79,36.58,33.26,35.30,262200,32.45
2008-10-31,31.24,33.65,30.46,33.56,265500,30.85
2008-10-30,30.63,31.88,29.39,31.70,318700,29.14
2008-10-29,27.23,30.48,26.78,29.50,344500,27.12
2008-10-28,25.29,27.27,24.30,27.09,322300,24.90
2008-10-27,24.09,25.82,24.05,24.26,308900,22.30
2008-10-24,23.50,25.21,23.32,24.27,316200,22.31
2008-10-23,25.86,27.42,23.62,24.72,380200,22.72
2008-10-22,27.24,27.67,24.93,25.72,389900,23.64
2008-10-21,26.34,29.59,26.09,27.74,412100,25.28
2008-10-20,24.83,26.72,24.75,26.66,413700,24.29
2008-10-17,25.11,25.57,24.02,24.44,577900,22.27
2008-10-16,25.51,27.03,24.09,25.95,816500,23.65
2008-10-15,31.28,31.72,25.66,25.98,585300,23.67
2008-10-14,35.99,37.36,31.61,32.28,287100,29.41
2008-10-13,30.82,35.11,30.82,34.98,171800,31.88
2008-10-10,28.12,31.45,25.97,29.59,361100,26.96
2008-10-09,34.39,35.38,30.00,30.13,226600,27.46
2008-10-08,32.91,35.24,30.00,33.76,409900,30.76
2008-10-07,36.54,37.41,34.00,34.01,301200,30.99
2008-10-06,37.35,37.63,34.00,36.26,336300,33.04
2008-10-03,40.19,41.69,38.42,38.47,278400,35.06
2008-10-02,41.52,42.78,39.59,39.87,390800,36.33
2008-10-01,42.62,43.00,41.68,42.05,225600,38.32
2008-09-30,43.26,44.33,42.80,42.95,270400,39.14
2008-09-29,45.12,45.91,41.89,42.74,395000,38.95
2008-09-26,45.28,46.00,45.02,45.96,267200,41.88
2008-09-25,46.50,46.78,45.70,46.29,275900,42.18
2008-09-24,46.67,47.58,45.97,46.16,301400,42.06
2008-09-23,49.40,49.40,45.91,46.21,431500,42.11
2008-09-22,49.59,50.19,47.62,47.93,347400,43.68
2008-09-19,51.31,51.47,48.00,49.66,524500,45.25
2008-09-18,49.17,50.03,47.15,48.57,680500,44.26
2008-09-17,49.96,50.50,47.11,47.89,455700,43.64
2008-09-16,47.59,50.92,47.53,50.63,436800,46.14
2008-09-15,49.49,50.07,48.00,48.31,189300,44.02
2008-09-12,48.62,50.95,47.44,50.64,425600,46.14
2008-09-11,48.35,49.83,47.73,48.96,610800,44.61
2008-09-10,48.88,50.12,48.39,48.71,353100,44.39
2008-09-09,49.80,50.23,48.50,48.89,382100,44.55
2008-09-08,50.88,51.15,48.55,49.76,251200,45.34
2008-09-05,48.82,49.85,48.05,49.75,295600,45.33
2008-09-04,51.05,51.05,48.80,49.45,380300,45.06
2008-09-03,51.81,51.81,50.66,51.14,262800,46.60
2008-09-02,55.16,55.16,51.08,51.75,415300,47.16
2008-08-29,55.12,55.49,53.79,54.06,85100,49.26
2008-08-28,53.97,55.40,53.83,55.10,201000,50.21
2008-08-27,52.86,54.07,51.80,54.02,341800,49.22
2008-08-26,52.40,52.89,51.76,52.76,199100,48.08
2008-08-25,52.44,52.65,52.00,52.38,236300,47.73
2008-08-22,52.49,52.99,52.00,52.60,150800,47.93
2008-08-21,51.75,52.15,51.25,52.00,312000,47.38
2008-08-20,51.23,51.88,50.32,51.77,306000,47.17
2008-08-19,50.38,51.30,49.77,50.67,221200,46.17
2008-08-18,50.10,50.72,49.87,50.32,309300,45.85
2008-08-15,49.50,50.23,48.82,50.07,345200,45.63
2008-08-14,48.85,49.51,47.56,49.05,310600,44.70
2008-08-13,47.72,49.43,47.40,48.39,383200,44.09
2008-08-12,46.04,47.76,45.83,47.43,301200,43.22
2008-08-11,44.86,46.62,44.10,46.60,480600,42.46
2008-08-08,44.00,46.16,43.76,45.03,706900,41.03
2008-08-07,46.75,49.73,42.41,43.55,1507600,39.68
2008-08-06,49.68,50.90,49.68,50.62,277100,46.13
2008-08-05,50.57,50.94,49.28,50.13,411000,45.68
2008-08-04,51.82,51.98,49.72,49.92,340200,45.49
2008-08-01,53.10,53.10,50.50,51.74,157100,47.15
2008-07-31,53.31,53.63,52.12,52.75,244800,48.07
2008-07-30,54.01,54.78,52.66,53.96,271600,49.17
2008-07-29,53.69,54.08,52.44,53.69,342200,48.92
2008-07-28,50.99,52.29,50.50,52.25,332800,47.61
2008-07-25,50.67,51.60,49.76,51.29,184600,46.74
2008-07-24,51.96,52.18,49.88,50.30,306200,45.84
2008-07-23,50.04,53.42,48.10,51.93,393700,47.32
2008-07-22,48.66,50.17,48.39,50.01,210200,45.35
2008-07-21,49.72,50.65,49.51,50.41,193100,45.71
2008-07-18,49.97,50.83,48.92,49.36,362900,44.76
2008-07-17,50.60,51.77,49.45,50.17,451800,45.50
2008-07-16,48.32,50.77,48.32,50.60,327600,45.89
2008-07-15,48.75,48.90,47.33,48.04,253600,43.57
2008-07-14,48.37,49.40,48.30,48.70,762300,44.16
2008-07-11,48.59,49.09,47.36,47.88,669300,43.42
2008-07-10,49.08,49.84,48.00,48.93,555200,44.37
2008-07-09,50.89,51.75,49.05,49.05,559500,44.48
2008-07-08,50.43,51.44,47.43,50.74,604400,46.01
2008-07-07,49.45,51.14,48.76,50.21,559700,45.53
2008-07-03,49.40,50.49,49.00,49.42,224400,44.82
2008-07-02,51.72,52.59,49.29,49.36,671300,44.76
2008-07-01,53.07,53.54,51.34,52.72,389200,47.81
2008-06-30,54.62,54.83,53.23,53.53,350400,48.54
2008-06-27,56.21,56.25,54.63,54.96,718400,49.84
2008-06-26,57.59,57.98,55.50,56.23,221800,50.99
2008-06-25,58.50,59.17,56.57,57.99,337800,52.59
2008-06-24,59.82,60.00,58.26,58.56,381400,53.11
2008-06-23,60.73,61.36,59.99,60.15,210200,54.55
2008-06-20,61.22,61.25,59.63,60.60,393800,54.96
2008-06-19,60.91,61.45,60.11,61.40,400000,55.68
2008-06-18,62.30,62.49,60.67,61.07,322300,55.38
2008-06-17,62.50,62.87,62.03,62.25,303400,56.45
2008-06-16,62.52,62.84,62.05,62.55,299300,56.72
2008-06-13,62.74,63.35,61.83,63.29,302900,57.40
2008-06-12,64.36,64.36,62.15,62.43,319600,56.62
2008-06-11,66.71,66.79,63.69,64.03,490700,58.07
2008-06-10,64.01,67.38,64.01,66.94,542500,60.71
2008-06-09,66.66,66.66,64.10,64.23,413800,58.25
2008-06-06,64.78,65.36,64.03,64.10,350500,58.13
2008-06-05,62.59,65.45,62.57,65.33,360900,59.25
2008-06-04,63.00,63.56,62.31,63.01,267900,57.14
2008-06-03,64.68,64.71,62.95,63.26,285100,57.37
2008-06-02,64.95,64.95,63.51,64.29,152400,58.30
2008-05-30,64.02,64.42,63.54,64.15,195700,58.18
2008-05-29,64.80,64.88,63.77,64.00,167900,58.04
2008-05-28,63.25,65.00,62.66,65.00,253100,58.95
2008-05-27,63.54,63.54,62.50,63.24,146400,57.35
2008-05-23,63.23,63.98,62.13,63.01,210500,57.14
2008-05-22,63.69,65.40,62.58,63.00,355200,57.13
2008-05-21,64.86,65.99,63.75,63.79,230700,57.85
2008-05-20,64.61,64.87,63.76,64.65,138900,58.63
2008-05-19,65.00,65.50,64.50,64.77,307000,58.74
2008-05-16,64.67,65.09,63.60,65.01,394800,58.96
2008-05-15,64.68,65.74,64.27,64.67,347300,58.65
2008-05-14,64.32,65.32,64.32,64.56,496700,58.55
2008-05-13,65.96,65.96,63.83,64.32,833900,58.33
2008-05-12,67.69,67.69,65.50,66.00,557700,59.85
2008-05-09,66.82,67.68,65.56,67.01,801700,60.77
2008-05-08,71.20,72.88,64.95,66.09,1561200,59.93
2008-05-07,75.88,76.46,72.59,73.94,888400,67.05
2008-05-06,69.55,71.08,68.78,70.87,132800,64.27
2008-05-05,67.69,69.38,67.47,69.18,200400,62.74
2008-05-02,68.49,69.22,67.24,67.77,307800,61.46
2008-05-01,68.43,68.54,67.61,68.07,250400,61.73
2008-04-30,68.31,69.24,66.90,68.63,327800,62.24
2008-04-29,68.15,69.33,67.37,68.04,229100,61.70
2008-04-28,68.15,69.13,67.00,68.35,225300,61.98
2008-04-25,67.38,68.12,66.70,67.73,149900,61.42
2008-04-24,68.57,68.88,66.76,67.34,223300,61.07
2008-04-23,69.10,69.99,67.39,68.40,191800,62.03
2008-04-22,68.83,69.74,68.51,69.17,180800,62.56
2008-04-21,69.24,69.74,68.01,69.58,96600,62.94
2008-04-18,70.40,70.40,69.12,69.67,133500,63.02
2008-04-17,68.90,69.47,68.06,69.32,91100,62.70
2008-04-16,68.21,69.47,67.84,69.34,238400,62.72
2008-04-15,67.36,67.91,66.25,67.68,113000,61.22
2008-04-14,68.45,68.45,66.95,67.02,112700,60.62
2008-04-11,70.35,71.05,67.46,68.62,157200,62.07
2008-04-10,71.24,71.86,70.36,70.74,129300,63.98
2008-04-09,71.85,72.81,70.89,71.12,93800,64.33
2008-04-08,71.02,72.95,70.29,71.62,116300,64.78
2008-04-07,72.46,73.95,71.00,71.45,159200,64.63
2008-04-04,69.55,72.57,69.32,71.50,185400,64.67
2008-04-03,68.43,70.78,68.29,69.78,132700,63.12
2008-04-02,69.92,69.92,67.79,68.92,179300,62.34
2008-04-01,68.83,70.23,67.45,70.07,153800,63.38
2008-03-31,68.26,70.17,68.20,69.30,257200,62.68
2008-03-28,69.16,70.65,69.00,69.28,122800,62.66
2008-03-27,70.06,70.49,69.15,69.39,185000,62.76
2008-03-26,70.12,70.12,69.19,69.71,192500,63.05
2008-03-25,69.87,71.36,69.38,70.12,261700,63.42
2008-03-24,68.74,71.37,67.93,69.96,319100,63.28
2008-03-20,68.74,69.23,66.79,68.33,511000,61.80
2008-03-19,73.69,74.49,68.87,68.87,274500,62.29
2008-03-18,72.15,73.45,71.02,73.29,230700,66.29
2008-03-17,70.36,71.90,69.08,70.32,179400,63.60
2008-03-14,75.88,75.88,71.26,71.70,263100,64.85
2008-03-13,72.45,75.56,72.19,75.08,250000,67.91
2008-03-12,73.99,74.15,72.03,73.57,249100,66.54
2008-03-11,71.49,73.67,71.03,73.55,197700,66.53
2008-03-10,73.00,73.44,70.23,70.40,247500,63.68
2008-03-07,74.99,76.56,73.00,73.11,233200,66.13
2008-03-06,75.85,77.78,75.43,75.50,183600,68.29
2008-03-05,75.44,77.00,74.32,75.97,242200,68.72
2008-03-04,73.30,76.55,73.24,75.79,247000,68.55
2008-03-03,73.25,75.33,73.00,74.82,226200,67.67
2008-02-29,76.24,76.86,72.32,73.35,289000,66.35
2008-02-28,76.06,78.17,76.02,77.37,238600,69.98
2008-02-27,77.10,78.55,76.50,77.67,283000,70.25
2008-02-26,72.91,78.49,72.91,76.96,659600,69.61
2008-02-25,73.34,75.87,71.10,75.56,235200,68.34
2008-02-22,71.96,73.78,70.00,73.30,385300,66.30
2008-02-21,75.69,75.69,70.92,71.99,376700,65.12
2008-02-20,72.60,75.49,71.80,74.82,631900,67.67
2008-02-19,73.05,77.68,71.25,71.97,1018200,65.10
2008-02-15,67.26,69.45,66.61,68.54,304900,61.99
2008-02-14,66.84,68.75,66.31,67.43,223800,60.99
2008-02-13,64.75,66.82,64.08,66.82,158800,60.44
2008-02-12,64.50,66.09,63.39,64.14,162400,58.01
2008-02-11,64.00,64.96,63.13,64.14,160800,58.01
2008-02-08,63.03,65.19,63.03,63.98,165100,57.87
2008-02-07,63.90,65.14,62.78,63.31,185700,57.26
2008-02-06,64.92,66.33,63.91,63.95,158300,57.84
2008-02-05,66.34,66.34,64.10,64.29,232800,58.15
2008-02-04,65.87,67.47,65.52,66.09,140800,59.78
2008-02-01,64.30,66.37,63.51,65.78,182500,59.50
2008-01-31,61.82,65.07,61.82,63.96,241800,57.85
2008-01-30,62.97,64.00,62.40,63.00,210400,56.98
2008-01-29,64.00,64.20,62.42,63.45,94700,57.39
2008-01-28,61.08,63.68,61.08,63.46,138300,57.40
2008-01-25,63.71,64.17,61.06,61.80,95300,55.90
2008-01-24,61.40,63.99,61.40,62.81,169100,56.81
2008-01-23,59.57,61.00,56.67,60.92,386600,55.10
2008-01-22,60.76,62.19,59.84,61.12,299700,55.12
2008-01-18,62.92,64.62,62.29,62.80,297900,56.64
2008-01-17,66.29,66.52,62.23,62.94,412800,56.76
2008-01-16,66.20,68.47,65.93,66.29,240900,59.78
2008-01-15,69.08,70.22,66.83,67.12,276700,60.53
2008-01-14,71.04,71.04,69.43,70.34,230400,63.44
2008-01-11,71.16,71.49,69.69,70.72,229500,63.78
2008-01-10,67.53,72.18,67.53,71.87,300400,64.82
2008-01-09,70.00,70.58,66.61,69.24,286800,62.44
2008-01-08,73.20,74.96,69.58,70.25,337700,63.35
2008-01-07,75.47,75.47,71.16,73.00,300900,65.83
2008-01-04,75.53,77.23,73.95,74.70,171400,67.37
2008-01-03,77.76,77.77,75.42,76.83,231000,69.29
2008-01-02,79.84,79.84,76.58,77.88,262300,70.24
2007-12-31,79.27,79.68,77.75,79.48,266800,71.68
2007-12-28,79.00,79.82,78.17,79.29,121200,71.51
2007-12-27,80.56,80.56,77.59,78.00,112000,70.34
2007-12-26,79.40,80.58,78.81,80.58,126700,72.67
2007-12-24,79.13,80.75,79.01,80.20,59800,72.33
2007-12-21,78.01,78.84,76.62,78.77,265600,71.04
2007-12-20,75.26,76.89,74.17,76.89,245100,69.34
2007-12-19,74.45,75.10,73.60,74.98,102200,67.62
2007-12-18,74.19,75.00,73.07,74.74,165100,67.40
2007-12-17,73.54,75.03,73.54,73.78,160300,66.54
2007-12-14,73.33,74.41,72.58,74.15,154100,66.87
2007-12-13,73.00,74.57,72.50,74.50,136500,67.19
2007-12-12,76.38,76.38,72.34,73.74,208300,66.50
2007-12-11,74.11,75.67,72.78,72.80,481400,65.65
2007-12-10,73.38,73.91,71.40,73.28,115700,66.09
2007-12-07,73.16,74.51,72.92,73.28,68900,66.09
2007-12-06,71.86,73.20,70.49,73.14,134400,65.96
2007-12-05,72.11,72.15,70.22,71.34,337200,64.34
2007-12-04,70.01,71.30,70.00,71.00,258600,64.03
2007-12-03,71.73,71.85,70.29,70.95,213200,63.99
2007-11-30,71.94,72.73,70.36,71.14,170500,64.16
2007-11-29,70.54,71.91,70.25,70.69,146700,63.75
2007-11-28,69.24,71.00,68.00,70.57,212300,63.64
2007-11-27,71.00,71.00,67.18,68.28,121300,61.58
2007-11-26,70.80,71.24,68.25,69.55,113600,62.72
2007-11-23,69.99,71.00,69.11,70.96,56400,63.99
2007-11-21,68.61,70.00,68.60,69.45,95900,62.63
2007-11-20,68.28,70.71,67.80,69.15,117400,62.36
2007-11-19,69.71,69.98,68.06,68.69,139600,61.95
2007-11-16,70.00,70.99,69.02,70.66,262700,63.72
2007-11-15,72.00,72.00,69.07,70.29,329800,63.39
2007-11-14,74.82,74.82,71.29,71.75,482000,64.71
2007-11-13,67.62,69.91,66.38,69.65,187100,62.81
2007-11-12,68.34,69.34,65.96,66.27,192000,59.76
2007-11-09,69.56,69.87,67.27,67.96,170600,61.29
2007-11-08,70.16,72.05,65.89,69.80,199200,62.95
2007-11-07,71.53,72.66,69.00,69.40,153400,62.59
2007-11-06,72.09,73.29,70.39,72.65,159700,65.52
2007-11-05,73.02,73.02,70.71,71.69,82700,64.65
2007-11-02,74.52,74.52,71.57,72.86,111300,65.71
2007-11-01,74.60,75.48,72.49,72.89,209000,65.74
2007-10-31,74.68,76.40,74.10,75.78,119100,68.34
2007-10-30,75.56,75.56,74.10,74.16,86200,66.88
2007-10-29,76.03,77.75,75.56,76.03,136200,68.57
2007-10-26,76.68,77.87,74.88,75.78,92200,68.34
2007-10-25,75.55,75.78,74.01,75.46,67200,68.05
2007-10-24,75.32,75.61,73.92,75.08,101500,67.71
2007-10-23,74.25,76.06,73.91,75.70,125500,68.11
2007-10-22,72.72,74.55,71.90,73.71,128800,66.32
2007-10-19,76.00,78.14,73.63,73.71,207700,66.32
2007-10-18,75.97,76.97,75.18,76.00,199500,68.38
2007-10-17,75.67,76.79,74.29,75.91,160200,68.30
2007-10-16,76.50,76.80,74.31,74.50,131100,67.03
2007-10-15,75.71,76.91,75.71,76.47,116200,68.80
2007-10-12,74.47,76.21,73.50,75.70,93900,68.11
2007-10-11,77.03,77.03,73.07,74.17,202600,66.73
2007-10-10,76.30,77.64,74.79,75.97,125700,68.35
2007-10-09,75.47,77.02,74.64,76.89,158000,69.18
2007-10-08,77.26,77.26,74.30,75.49,159100,67.92
2007-10-05,75.83,77.40,75.37,77.26,197400,69.51
2007-10-04,76.83,76.83,75.02,75.98,213500,68.36
2007-10-03,74.44,76.97,74.04,76.89,599300,69.18
2007-10-02,71.00,72.06,71.00,71.96,75300,64.74
2007-10-01,70.50,71.80,70.39,70.95,189200,63.83
2007-09-28,72.00,72.61,70.49,70.57,86400,63.49
2007-09-27,71.79,72.07,70.65,72.07,132000,64.84
2007-09-26,72.13,72.62,70.70,71.34,108000,64.18
2007-09-25,71.34,72.00,71.01,71.79,120300,64.59
2007-09-24,73.30,73.36,70.91,71.94,148900,64.72
2007-09-21,72.71,73.27,71.42,73.12,247500,65.79
2007-09-20,71.60,72.67,71.14,72.13,202100,64.89
2007-09-19,70.78,72.38,69.68,71.87,233800,64.66
2007-09-18,67.55,69.80,66.53,69.72,212700,62.73
2007-09-17,69.59,69.68,66.30,66.93,128800,60.22
2007-09-14,66.75,69.61,66.71,68.82,159600,61.92
2007-09-13,67.64,69.22,66.42,67.70,211400,60.91
2007-09-12,66.50,67.82,65.73,67.31,119000,60.56
2007-09-11,66.31,67.00,65.59,66.63,100600,59.95
2007-09-10,67.54,67.54,63.93,65.73,165600,59.14
2007-09-07,68.13,68.31,65.35,66.18,123200,59.54
2007-09-06,69.80,70.00,69.03,69.22,140200,62.28
2007-09-05,69.32,69.84,68.15,69.46,304700,62.49
2007-09-04,67.90,70.04,67.56,69.13,223100,62.20
2007-08-31,67.57,68.58,66.50,67.92,142600,61.11
2007-08-30,67.03,67.88,65.80,66.46,149300,59.79
2007-08-29,65.21,67.60,64.68,67.24,99800,60.50
2007-08-28,66.66,67.41,64.50,64.68,149800,58.19
2007-08-27,67.98,69.78,66.02,66.97,196500,60.25
2007-08-24,63.94,67.80,63.48,67.56,338600,60.78
2007-08-23,63.27,66.13,62.38,63.78,498200,57.38
2007-08-22,62.46,63.99,61.49,62.53,560800,56.26
2007-08-21,61.55,62.54,59.88,61.00,641200,54.88
2007-08-20,61.98,64.34,61.36,62.21,357000,55.97
2007-08-17,64.94,68.06,61.84,62.82,525500,56.52
2007-08-16,63.85,64.76,59.03,62.61,458800,56.33
2007-08-15,63.84,65.90,62.12,63.60,698700,57.22
2007-08-14,63.70,65.34,62.00,62.69,1094300,56.40
2007-08-13,59.55,60.79,58.05,58.64,261700,52.76
2007-08-10,56.32,58.42,52.75,57.88,565600,52.07
2007-08-09,61.91,61.91,56.32,57.97,375200,52.16
2007-08-08,61.09,62.78,60.06,62.20,487000,55.96
2007-08-07,60.00,61.10,58.62,60.60,380200,54.52
2007-08-06,61.85,61.95,59.80,60.54,245400,54.47
2007-08-03,63.82,64.97,60.00,60.34,394700,54.29
2007-08-02,64.72,66.12,62.95,63.98,345100,57.56
2007-08-01,67.25,68.09,63.88,65.01,288600,58.49
2007-07-31,68.50,69.37,67.39,67.51,184000,60.74
2007-07-30,68.86,68.86,66.37,67.58,276200,60.80
2007-07-27,67.94,70.00,67.41,67.99,296100,61.17
2007-07-26,72.15,72.53,67.42,68.04,441000,61.22
2007-07-25,75.14,75.14,71.86,73.45,174700,66.08
2007-07-24,75.70,76.64,74.72,74.74,133700,67.08
2007-07-23,76.21,76.69,75.20,76.16,81800,68.36
2007-07-20,76.38,76.65,75.52,76.34,171300,68.52
2007-07-19,77.21,77.21,75.53,76.55,200600,68.71
2007-07-18,75.05,76.29,74.51,75.85,201900,68.08
2007-07-17,75.12,77.40,74.68,75.32,277100,67.60
2007-07-16,78.40,78.43,74.65,75.80,175100,68.03
2007-07-13,76.46,79.00,76.43,78.26,268200,70.24
2007-07-12,79.68,79.99,76.54,76.91,445200,69.03
2007-07-11,76.40,77.43,75.97,77.40,186900,69.47
2007-07-10,77.50,78.04,76.37,76.44,205300,68.61
2007-07-09,78.00,78.30,76.40,77.61,263700,69.66
2007-07-06,77.71,78.22,77.10,78.00,70000,70.01
2007-07-05,76.14,77.64,75.48,77.48,142500,69.54
2007-07-03,75.65,77.02,74.40,76.35,67000,68.53
2007-07-02,73.07,77.20,73.07,75.60,329500,67.85
2007-06-29,73.61,73.85,72.28,72.88,122600,65.41
2007-06-28,74.71,75.21,72.76,73.19,60700,65.69
2007-06-27,72.13,75.21,70.09,74.58,161700,66.94
2007-06-26,75.77,75.77,72.24,72.99,187400,65.51
2007-06-25,75.30,76.49,74.27,75.68,228600,67.92
2007-06-22,76.82,77.15,75.26,75.26,1700200,67.55
2007-06-21,79.79,80.00,76.55,76.93,436600,69.05
2007-06-20,80.39,81.28,79.22,79.45,384600,71.31
2007-06-19,75.76,80.22,75.74,79.83,352400,71.65
2007-06-18,75.59,76.09,74.65,75.10,118200,67.40
2007-06-15,75.79,75.97,74.90,75.25,162700,67.54
2007-06-14,73.80,76.00,73.18,75.03,97800,67.34
2007-06-13,72.93,74.25,72.85,74.00,59300,66.42
2007-06-12,74.02,74.06,72.40,73.08,89200,65.59
2007-06-11,74.50,74.88,73.42,74.29,50100,66.68
2007-06-08,73.45,74.73,73.45,73.95,139800,66.37
2007-06-07,73.69,74.90,73.20,73.72,93000,66.17
2007-06-06,75.20,76.24,73.49,74.11,85500,66.52
2007-06-05,76.19,76.49,75.11,75.30,52000,67.58
2007-06-04,74.48,76.48,74.48,76.00,60800,68.21
2007-06-01,76.71,76.99,74.19,74.88,110100,67.21
2007-05-31,74.90,77.75,74.90,76.25,336900,68.44
2007-05-30,74.43,75.25,73.94,75.18,144200,67.48
2007-05-29,72.99,75.66,72.51,74.71,190800,67.05
2007-05-25,71.80,74.05,71.80,73.00,252700,65.52
2007-05-24,74.62,75.38,71.56,72.33,201000,64.92
2007-05-23,74.52,75.80,74.52,74.88,344800,67.21
2007-05-22,74.94,75.49,73.37,74.26,229600,66.65
2007-05-21,76.13,76.64,74.84,75.23,160500,67.52
2007-05-18,77.07,77.95,76.31,76.62,309100,68.77
2007-05-17,76.14,78.31,75.05,77.32,247500,69.40
2007-05-16,77.77,78.80,75.68,76.15,397700,68.35
2007-05-15,84.99,85.13,77.78,79.52,398400,71.37
2007-05-14,88.89,88.89,87.21,87.95,174800,78.94
2007-05-11,86.21,89.12,85.83,88.68,309900,79.59
2007-05-10,86.15,89.24,85.81,85.95,341500,77.14
2007-05-09,84.95,85.75,84.06,85.38,44300,76.63
2007-05-08,83.78,85.07,82.50,85.07,84600,76.35
2007-05-07,84.53,86.16,82.99,84.05,152700,75.44
2007-05-04,80.70,82.45,80.70,81.75,17800,73.37
2007-05-03,81.00,81.86,78.21,81.00,29900,72.70
2007-05-02,77.74,80.78,77.74,80.15,77800,71.94
2007-05-01,78.21,78.79,76.90,78.50,36800,70.46
2007-04-30,80.60,80.98,78.23,78.60,62800,70.55
2007-04-27,81.86,82.52,80.34,80.60,52200,72.34
2007-04-26,81.00,81.96,80.75,81.44,73700,73.09
2007-04-25,78.46,81.00,78.46,81.00,125500,72.70
2007-04-24,79.74,80.11,78.30,79.22,29000,71.10
2007-04-23,80.18,80.60,79.61,80.00,99500,71.80
2007-04-20,77.39,80.51,76.20,80.27,163400,72.04
2007-04-19,76.76,77.24,75.25,76.91,32500,69.03
2007-04-18,77.13,77.61,76.13,77.61,73300,69.66
2007-04-17,79.10,79.83,77.81,77.90,31400,69.92
2007-04-16,79.55,79.68,78.94,79.10,37900,70.99
2007-04-13,77.93,79.95,77.86,79.70,81800,71.53
2007-04-12,80.00,81.00,78.62,78.93,181700,70.84
2007-04-11,80.21,80.27,79.54,79.93,31900,71.74
2007-04-10,80.00,80.09,79.20,79.96,23200,71.77
2007-04-09,79.37,80.00,79.37,79.49,38800,71.34
2007-04-05,79.73,80.42,79.54,79.63,21800,71.47
2007-04-04,80.40,80.40,79.37,79.96,60900,71.77
2007-04-03,80.45,80.45,79.44,80.01,40300,71.81
2007-04-02,78.05,80.25,78.05,79.45,58800,71.31
2007-03-30,76.49,78.00,75.79,78.00,43100,70.01
2007-03-29,76.00,76.52,75.67,76.50,100400,68.66
2007-03-28,74.65,76.39,74.65,76.20,79800,68.39
2007-03-27,75.61,77.00,75.00,75.08,124300,67.39
2007-03-26,74.99,76.31,74.50,75.79,60800,68.02
2007-03-23,72.78,74.64,72.50,74.64,84800,66.99
2007-03-22,72.50,72.76,71.90,72.76,72100,65.30
2007-03-21,72.00,72.62,71.30,72.25,54600,64.85
2007-03-20,73.36,73.36,71.70,72.00,29100,64.62
2007-03-19,72.75,73.15,71.96,72.90,67000,65.43
2007-03-16,71.66,72.84,71.66,72.37,80400,64.95
2007-03-15,71.51,73.37,71.51,72.31,42100,64.90
2007-03-14,69.78,72.24,69.78,71.78,88500,64.42
2007-03-13,74.16,74.16,68.96,69.23,68100,62.14
2007-03-12,70.26,73.36,70.26,72.01,97300,64.63
2007-03-09,70.60,71.77,70.25,70.50,59400,63.28
2007-03-08,70.89,71.97,70.02,70.40,99300,63.19
2007-03-07,68.89,70.15,68.68,69.97,114100,62.80
2007-03-06,67.55,69.73,67.55,69.59,102900,62.46
2007-03-05,66.54,68.86,66.54,67.02,42200,60.15
2007-03-02,70.47,70.53,67.54,68.01,50000,61.04
2007-03-01,65.92,71.00,65.50,70.44,87800,63.22
2007-02-28,68.45,68.45,65.67,67.68,154200,60.74
2007-02-27,71.26,71.26,66.54,67.33,178100,60.43
2007-02-26,73.44,73.44,71.56,72.53,88700,65.10
2007-02-23,72.30,73.00,71.39,72.65,100000,65.21
2007-02-22,71.78,72.83,71.40,72.20,230600,64.80
2007-02-21,72.42,72.48,70.59,71.95,90600,64.58
2007-02-20,72.88,73.16,71.30,72.74,72400,65.29
2007-02-16,74.24,74.24,71.92,72.67,56900,65.22
2007-02-15,75.71,75.71,73.29,73.71,87900,66.16
2007-02-14,75.65,77.00,74.47,75.03,109800,67.34
2007-02-13,75.50,76.70,75.00,75.65,637000,67.90
2007-02-12,71.48,74.30,71.48,74.12,296500,66.52
2007-02-09,70.07,71.43,70.07,71.00,200800,63.72
2007-02-08,70.60,71.30,69.19,70.07,191000,62.89
2007-02-07,70.00,70.79,69.02,70.50,305100,63.28
2007-02-06,67.91,70.39,67.46,70.08,418800,62.90
2007-02-05,67.53,67.66,66.80,67.56,212400,60.64
2007-02-02,67.11,67.79,66.45,66.92,276500,60.06
2007-02-01,67.40,67.85,66.73,67.57,444100,60.65
2007-01-31,64.90,66.48,64.78,66.46,229100,59.65
2007-01-30,64.44,65.45,64.00,65.28,555900,58.59
2007-01-29,65.00,65.55,63.55,64.56,929300,57.94
2007-01-26,61.29,64.57,61.25,63.94,2899600,57.39
2007-01-25,63.54,63.55,62.14,62.57,165600,56.16
2007-01-24,61.25,64.64,60.63,63.93,120100,57.38
2007-01-23,58.50,61.66,58.05,61.19,519400,54.92
2007-01-22,60.45,60.45,58.25,58.47,128600,52.48
2007-01-19,60.40,60.60,60.10,60.50,251200,54.30
2007-01-18,59.60,61.00,59.60,60.47,188100,54.27
2007-01-17,59.92,60.58,59.27,59.75,62500,53.63
2007-01-16,60.44,60.50,59.89,60.00,61600,53.85
2007-01-12,59.50,60.55,59.38,60.15,225000,53.99
2007-01-11,58.55,59.30,58.47,59.25,15400,53.18
2007-01-10,57.82,58.60,57.30,58.51,15300,52.51
2007-01-09,57.50,58.15,57.00,58.15,11700,52.19
2007-01-08,58.01,58.01,57.18,57.60,13100,51.70
2007-01-05,57.79,58.33,57.79,58.15,24400,52.19
2007-01-04,58.50,58.90,58.50,58.68,36100,52.67
2007-01-03,58.98,58.99,57.31,58.49,14500,52.50
2006-12-29,56.38,56.96,55.60,55.98,28400,50.24
2006-12-28,55.65,56.68,55.65,56.54,10900,50.75
2006-12-27,54.42,56.50,54.42,56.40,30900,50.62
2006-12-26,55.00,55.00,54.25,54.75,14200,49.14
2006-12-22,56.90,57.12,55.57,55.71,10800,50.00
2006-12-21,59.13,59.13,57.00,57.02,12900,51.18
2006-12-20,60.02,60.83,59.25,59.28,61700,53.21
2006-12-19,61.65,61.65,60.15,60.15,29600,53.99
2006-12-18,62.00,62.00,61.71,61.73,2600,55.40
2006-12-15,63.00,63.00,61.77,62.00,41300,55.65
2006-12-14,61.21,62.85,61.00,61.46,149900,55.16
2006-12-13,62.21,62.21,61.01,61.01,7100,54.76
2006-12-12,62.10,62.25,60.01,61.80,19900,55.47
2006-12-11,59.60,62.03,59.60,61.99,54600,55.64
2006-12-08,56.00,60.40,56.00,59.60,62300,53.49
2006-12-07,57.30,57.32,56.76,57.32,18700,51.45
2006-12-06,55.57,57.05,55.57,57.05,131600,51.20
2006-12-05,56.25,56.25,55.78,55.90,43500,50.17
2006-12-04,56.68,56.68,55.57,56.50,17800,50.71
2006-12-01,56.64,56.87,56.55,56.60,19400,50.80
2006-11-30,56.53,57.00,55.95,57.00,65300,51.16
2006-11-29,54.55,57.33,54.55,56.99,106000,51.15
2006-11-28,54.35,54.82,53.70,54.50,21400,48.92
2006-11-27,55.10,55.10,54.30,54.35,87300,48.78
2006-11-24,55.00,55.06,54.40,54.76,22500,49.15
2006-11-22,50.90,54.50,50.90,53.90,356300,48.38
2006-11-21,50.00,50.85,49.74,50.85,458500,45.64
2006-11-20,50.12,50.12,49.45,49.60,91300,44.52
2006-11-17,49.56,49.60,49.29,49.60,28700,44.52
2006-11-16,50.00,50.00,49.40,49.60,57800,44.52
2006-11-15,50.25,50.39,49.00,49.25,250800,44.20
2006-11-14,49.31,50.56,48.70,50.25,148200,45.10
2006-11-13,48.91,49.00,48.81,48.94,4300,43.93
2006-11-10,49.50,49.50,48.57,48.75,13800,43.75
2006-11-09,49.23,49.23,48.43,48.49,15500,43.52
2006-11-08,49.00,49.00,48.53,48.75,43600,43.75
2006-11-07,48.77,48.77,48.25,48.75,192600,43.75
2006-11-06,47.85,48.38,47.85,48.25,99200,43.31
2006-11-03,48.04,48.16,47.30,48.16,46800,43.22
2006-11-02,48.00,48.04,47.30,47.56,83400,42.69
2006-11-01,48.00,48.00,47.51,47.70,93000,42.81
2006-10-31,47.95,47.95,46.70,47.24,55500,42.40
2006-10-30,47.59,48.00,47.17,47.45,26600,42.59
2006-10-27,47.81,47.81,47.15,47.25,18900,42.41
2006-10-26,47.08,47.62,47.00,47.25,52300,42.41
2006-10-25,47.50,47.50,47.00,47.30,23300,42.45
2006-10-24,46.84,47.40,46.35,47.00,128100,42.18
2006-10-23,46.77,46.99,46.02,46.84,62200,42.04
2006-10-20,47.00,47.10,46.40,46.40,5800,41.65
2006-10-19,46.61,46.61,46.21,46.60,26600,41.82
2006-10-18,46.34,46.56,46.01,46.56,59800,41.79
2006-10-17,46.56,46.98,46.17,46.20,24100,41.47
2006-10-16,45.99,46.54,45.99,46.25,31000,41.51
2006-10-13,45.90,47.00,45.33,45.50,113000,40.84
2006-10-12,45.00,45.50,45.00,45.19,56600,40.56
2006-10-11,45.00,45.25,44.52,45.00,359400,40.39
2006-10-10,45.00,46.23,44.68,45.08,199100,40.46
2006-10-09,43.00,45.75,43.00,44.55,11000,39.98
2006-10-06,44.73,44.73,43.48,43.66,30600,39.19
2006-10-05,43.25,45.00,43.00,43.80,427200,39.31
2006-10-04,44.00,44.00,43.00,43.50,56900,39.04
2006-10-03,43.51,45.50,43.00,43.76,66500,39.28
2006-10-02,45.00,45.18,43.60,43.95,49600,39.45
2006-09-29,41.75,44.73,41.75,44.34,154500,39.80
2006-09-28,40.00,41.72,39.89,41.71,253400,37.44
2006-09-27,39.26,40.25,39.26,40.25,172400,36.13
2006-09-26,39.75,39.81,39.25,39.30,95600,35.27
2006-09-25,39.49,39.50,39.10,39.25,184800,35.23
2006-09-22,39.30,40.63,39.25,39.25,15100,35.23
2006-09-21,38.99,39.58,38.77,39.18,352400,35.17
2006-09-20,38.65,38.65,38.35,38.48,56400,34.54
2006-09-19,38.85,38.85,38.82,38.82,400,34.84
2006-09-18,38.72,40.00,38.72,38.86,153000,34.88
2006-09-15,38.03,38.69,37.56,38.50,41800,34.55
2006-09-14,38.48,38.48,37.81,37.97,300,34.08
2006-09-13,37.60,37.88,37.41,37.75,18500,33.88
2006-09-12,39.00,39.00,37.75,37.75,2800,33.88
2006-09-11,37.77,37.77,37.50,37.50,1200,33.66
2006-09-08,38.49,38.87,37.50,37.75,37300,33.88
2006-09-07,38.00,38.10,38.00,38.03,1600,34.13
2006-09-06,38.03,38.03,38.00,38.00,1500,34.11
2006-09-05,37.76,38.44,37.76,38.44,300,34.50
2006-09-01,38.00,38.56,37.80,37.80,5900,33.93
2006-08-31,37.95,38.00,36.50,37.83,138800,33.95
2006-08-30,38.99,38.99,37.90,37.90,2500,34.02
2006-08-29,39.00,39.00,37.90,37.90,3300,34.02
2006-08-28,37.75,38.00,37.75,37.90,1600,34.02
2006-08-25,38.00,38.00,37.95,37.95,1000,34.06
2006-08-24,38.40,38.90,37.01,38.00,35900,34.11
2006-08-23,40.00,40.00,39.00,39.88,3300,35.79
2006-08-22,41.00,41.00,39.25,39.25,600,35.23
2006-08-21,39.00,39.00,39.00,39.00,800,35.00
2006-08-18,40.00,41.00,39.00,39.08,9000,35.08
2006-08-17,40.20,40.20,38.51,39.08,17700,35.08
2006-08-16,40.00,40.00,38.90,38.90,1500,34.91
2006-08-15,39.90,39.90,39.50,39.50,1400,35.45
2006-08-14,45.00,45.00,39.58,39.90,13400,35.81
2006-08-11,40.50,40.50,39.98,40.04,14400,35.94
2006-08-10,41.14,41.14,40.69,40.69,2400,36.52
2006-08-09,41.20,41.20,40.75,40.75,800,36.57
2006-08-08,41.25,41.50,41.00,41.20,130900,36.98
2006-08-07,41.10,41.50,41.00,41.35,14600,37.11
2006-08-04,42.00,42.25,41.50,41.50,103400,37.25
2006-08-03,41.50,42.49,41.02,42.00,108100,37.70
2006-08-02,42.00,42.01,41.70,41.70,20400,37.43
2006-08-01,42.00,44.00,41.75,42.00,41500,37.70
2006-07-31,42.75,42.75,41.25,42.00,9800,37.70
2006-07-28,44.00,44.00,43.98,43.99,300,39.48
2006-07-27,43.25,43.25,43.00,43.00,400,38.59
2006-07-26,43.75,44.00,43.00,43.00,3900,38.59
2006-07-25,42.98,45.00,42.98,44.00,9600,39.49
2006-07-24,43.23,46.12,42.70,44.50,2700,39.94
2006-07-21,43.25,43.90,42.86,42.86,50500,38.47
2006-07-20,43.22,43.25,43.20,43.20,1500,38.77
2006-07-19,43.39,43.50,43.00,43.00,17000,38.59
2006-07-18,43.75,43.75,42.75,43.05,7500,38.64
2006-07-17,44.00,44.00,43.49,43.50,7100,39.04
2006-07-14,43.57,44.25,43.00,43.50,8100,39.04
2006-07-13,44.50,46.00,43.42,43.85,41300,39.36
2006-07-12,44.25,44.25,44.05,44.25,24100,39.72
2006-07-11,44.11,44.11,43.90,44.00,56100,39.49
2006-07-10,44.00,44.10,41.03,44.10,36700,39.58
2006-07-07,45.00,51.00,41.82,42.20,115300,37.88
