Date,Open,High,Low,Close,Volume,Adj Close
2012-05-04,13.80,13.89,13.72,13.75,786100,13.75
2012-05-03,13.78,13.84,13.76,13.81,1179200,13.81
2012-05-02,13.70,13.75,13.68,13.75,995000,13.75
2012-05-01,13.73,13.84,13.71,13.72,1824400,13.72
2012-04-30,13.69,13.74,13.65,13.73,1145900,13.73
2012-04-27,13.64,13.70,13.56,13.69,999400,13.69
2012-04-26,13.56,13.65,13.56,13.63,1025600,13.63
2012-04-25,13.57,13.60,13.51,13.60,1177000,13.60
2012-04-24,13.49,13.57,13.46,13.55,986300,13.55
2012-04-23,13.43,13.47,13.37,13.43,826800,13.43
2012-04-20,13.52,13.54,13.43,13.47,1153500,13.47
2012-04-19,13.41,13.54,13.37,13.45,1522500,13.45
2012-04-18,13.40,13.49,13.32,13.35,1632900,13.35
2012-04-17,13.37,13.39,13.26,13.37,1222400,13.37
2012-04-16,13.31,13.34,13.22,13.29,1114200,13.29
2012-04-13,13.25,13.28,13.15,13.24,977100,13.24
2012-04-12,13.10,13.30,13.10,13.29,1098200,13.29
2012-04-11,13.10,13.13,13.05,13.10,1085800,13.10
2012-04-10,13.24,13.25,13.02,13.03,1742200,13.03
2012-04-09,13.18,13.28,13.14,13.20,1196200,13.20
2012-04-05,13.18,13.27,13.13,13.26,1214900,13.26
2012-04-04,13.23,13.26,13.15,13.18,731600,13.18
2012-04-03,13.30,13.35,13.29,13.29,1172500,13.29
2012-04-02,13.09,13.31,13.08,13.29,2004900,13.29
2012-03-30,13.00,13.10,13.00,13.09,1143800,13.09
2012-03-29,12.92,12.99,12.82,12.99,1090300,12.99
2012-03-28,13.00,13.05,12.91,12.97,1149900,12.97
2012-03-27,13.08,13.12,13.00,13.00,1677700,13.00
2012-03-26,13.04,13.20,13.04,13.08,2557900,13.08
2012-03-23,12.97,12.99,12.88,12.89,1951100,12.89
2012-03-22,13.07,13.07,12.92,12.95,1772800,12.95
2012-03-21,13.21,13.22,13.07,13.09,2190000,13.09
2012-03-20,13.59,13.69,13.53,13.67,3248500,13.17
2012-03-19,13.59,13.62,13.50,13.59,2630400,13.09
2012-03-16,13.69,13.73,13.54,13.54,2763900,13.04
2012-03-15,13.55,13.73,13.55,13.67,1946600,13.17
2012-03-14,13.73,13.74,13.49,13.53,2726900,13.04
2012-03-13,13.75,13.76,13.62,13.69,2271900,13.19
2012-03-12,13.64,13.73,13.62,13.69,1821800,13.19
2012-03-09,13.63,13.65,13.56,13.60,1810200,13.10
2012-03-08,13.60,13.60,13.48,13.59,2073200,13.09
2012-03-07,13.49,13.60,13.41,13.57,2667300,13.07
2012-03-06,13.53,13.62,13.42,13.45,2261200,12.96
2012-03-05,13.56,13.64,13.50,13.61,1672700,13.11
2012-03-02,13.48,13.60,13.46,13.58,2645700,13.08
2012-03-01,13.59,13.60,13.45,13.45,1898200,12.96
2012-02-29,13.65,13.70,13.50,13.57,5003200,13.07
2012-02-28,13.59,13.69,13.53,13.63,1976500,13.13
2012-02-27,13.57,13.61,13.50,13.61,1756800,13.11
2012-02-24,13.65,13.65,13.55,13.59,1039600,13.09
2012-02-23,13.48,13.64,13.48,13.60,3230100,13.10
2012-02-22,13.68,13.70,13.43,13.44,1358600,12.95
2012-02-21,13.66,13.69,13.59,13.66,1436700,13.16
2012-02-17,13.55,13.63,13.51,13.60,1599300,13.10
2012-02-16,13.44,13.57,13.43,13.55,1083200,13.05
2012-02-15,13.45,13.55,13.41,13.43,1338500,12.94
2012-02-14,13.45,13.48,13.40,13.43,1264400,12.94
2012-02-13,13.40,13.47,13.36,13.43,1527000,12.94
2012-02-10,13.38,13.41,13.28,13.35,1431100,12.86
2012-02-09,13.43,13.44,13.34,13.38,1130100,12.89
2012-02-08,13.42,13.42,13.29,13.37,2837300,12.88
2012-02-07,13.30,13.40,13.28,13.35,2624800,12.86
2012-02-06,13.48,13.48,13.30,13.37,2346500,12.88
2012-02-03,13.57,13.58,13.45,13.48,2545800,12.99
2012-02-02,13.59,13.65,13.55,13.56,2770400,13.06
2012-02-01,13.58,13.58,13.46,13.58,3293500,13.08
2012-01-31,13.40,13.54,13.38,13.50,3242000,13.01
2012-01-30,13.34,13.40,13.31,13.34,3602700,12.85
2012-01-27,13.35,13.42,13.26,13.28,21435800,12.79
2012-01-26,13.72,13.95,13.70,13.75,1860100,13.25
2012-01-25,13.59,13.71,13.46,13.65,847300,13.15
2012-01-24,13.45,13.60,13.43,13.58,556700,13.08
2012-01-23,13.48,13.52,13.41,13.49,778400,13.00
2012-01-20,13.53,13.54,13.45,13.50,696600,13.01
2012-01-19,13.50,13.55,13.43,13.51,727700,13.02
2012-01-18,13.43,13.50,13.42,13.49,610000,13.00
2012-01-17,13.45,13.47,13.36,13.43,632000,12.94
2012-01-13,13.36,13.45,13.27,13.36,801800,12.87
2012-01-12,13.24,13.40,13.19,13.37,1184500,12.88
2012-01-11,13.34,13.34,13.21,13.22,636200,12.74
2012-01-10,13.34,13.40,13.32,13.34,620900,12.85
2012-01-09,13.32,13.34,13.25,13.29,417800,12.80
2012-01-06,13.08,13.30,13.04,13.28,758800,12.79
2012-01-05,13.19,13.28,13.01,13.05,956100,12.57
2012-01-04,13.19,13.25,13.15,13.19,641600,12.71
2012-01-03,13.29,13.36,13.18,13.20,1010300,12.72
2011-12-30,13.23,13.25,13.14,13.14,689000,12.66
2011-12-29,13.24,13.37,13.15,13.22,657300,12.74
2011-12-28,13.35,13.40,13.22,13.24,890900,12.76
2011-12-27,13.16,13.34,13.15,13.30,844200,12.81
2011-12-23,13.18,13.18,13.04,13.17,443000,12.69
2011-12-22,13.11,13.22,13.09,13.15,831800,12.67
2011-12-21,13.14,13.15,13.05,13.08,824900,12.60
2011-12-20,13.06,13.15,12.96,13.10,1426500,12.62
2011-12-19,13.14,13.26,12.87,12.93,1244500,12.46
2011-12-16,12.78,13.07,12.78,13.05,1612200,12.57
2011-12-15,12.93,12.93,12.69,12.79,1372300,12.32
2011-12-14,13.23,13.38,13.23,13.35,1640400,12.38
2011-12-13,13.30,13.42,13.24,13.28,1968900,12.32
2011-12-12,13.31,13.35,13.19,13.23,1231000,12.27
2011-12-09,13.01,13.39,13.01,13.33,1324500,12.36
2011-12-08,13.33,13.33,13.15,13.16,836600,12.20
2011-12-07,13.44,13.44,13.28,13.30,704300,12.33
2011-12-06,13.30,13.45,13.28,13.40,834900,12.43
2011-12-05,13.23,13.31,13.21,13.31,978200,12.34
2011-12-02,13.16,13.21,13.12,13.14,837400,12.19
2011-12-01,13.12,13.15,13.01,13.08,648900,12.13
2011-11-30,13.10,13.14,13.00,13.13,1391600,12.18
2011-11-29,12.97,13.02,12.88,12.93,614800,11.99
2011-11-28,12.88,12.98,12.73,12.98,750900,12.04
2011-11-25,12.64,12.82,12.62,12.63,305800,11.71
2011-11-23,12.87,12.88,12.60,12.68,947400,11.76
2011-11-22,12.89,12.99,12.82,12.90,594800,11.96
2011-11-21,13.01,13.01,12.75,12.86,775900,11.93
2011-11-18,13.04,13.08,12.91,13.01,504400,12.06
2011-11-17,13.05,13.08,12.89,13.03,851600,12.08
2011-11-16,12.88,13.11,12.84,13.00,1112300,12.06
2011-11-15,12.75,12.99,12.74,12.93,914700,11.99
2011-11-14,12.83,12.86,12.71,12.84,712900,11.91
2011-11-11,12.83,12.89,12.76,12.84,596000,11.91
2011-11-10,12.68,12.76,12.57,12.76,759000,11.83
2011-11-09,12.74,12.82,12.62,12.62,839700,11.70
2011-11-08,12.80,12.87,12.74,12.84,715500,11.91
2011-11-07,12.76,12.90,12.66,12.75,560500,11.82
2011-11-04,12.72,12.78,12.65,12.75,478300,11.82
2011-11-03,12.80,12.80,12.51,12.74,872500,11.81
2011-11-02,12.65,12.78,12.55,12.71,667500,11.79
2011-11-01,12.40,12.76,12.35,12.51,1051100,11.60
2011-10-31,12.83,12.88,12.59,12.68,864700,11.76
2011-10-28,12.80,12.92,12.75,12.89,925000,11.95
2011-10-27,12.94,12.94,12.69,12.77,1519000,11.84
2011-10-26,12.71,12.74,12.57,12.62,1049700,11.70
2011-10-25,12.60,12.74,12.44,12.66,1052400,11.74
2011-10-24,12.27,12.60,12.23,12.60,1218000,11.68
2011-10-21,12.41,12.47,12.08,12.27,1366700,11.38
2011-10-20,12.25,12.46,12.08,12.43,1100300,11.53
2011-10-19,12.29,12.38,12.16,12.17,914000,11.29
2011-10-18,12.09,12.24,12.04,12.24,806400,11.35
2011-10-17,12.30,12.31,12.03,12.04,857000,11.17
2011-10-14,12.00,12.32,12.00,12.31,791900,11.42
2011-10-13,12.01,12.09,11.90,11.98,532300,11.11
2011-10-12,12.12,12.20,11.99,12.04,867000,11.17
2011-10-11,12.00,12.21,11.97,12.05,1338300,11.17
2011-10-10,11.86,12.14,11.84,12.01,1510800,11.14
2011-10-07,12.14,12.15,11.60,11.63,1815400,10.78
2011-10-06,11.64,12.19,11.64,12.14,1752000,11.26
2011-10-05,11.63,11.72,11.35,11.64,1565200,10.79
2011-10-04,10.76,11.42,10.52,11.37,4400000,10.54
2011-10-03,12.01,12.18,11.33,11.36,2919300,10.53
2011-09-30,12.17,12.19,12.04,12.09,1268900,11.21
2011-09-29,12.15,12.22,11.95,12.16,1420900,11.28
2011-09-28,12.24,12.24,12.02,12.05,1538300,11.17
2011-09-27,12.49,12.51,12.11,12.16,1518300,11.28
2011-09-26,12.32,12.38,12.13,12.34,1480200,11.44
2011-09-23,12.26,12.60,12.20,12.28,1427100,11.39
2011-09-22,12.08,12.58,12.08,12.29,2356800,11.40
2011-09-21,12.63,12.70,12.25,12.25,1679300,11.36
2011-09-20,12.93,12.96,12.57,12.57,1643100,11.66
2011-09-19,12.91,13.00,12.83,12.88,1980000,11.94
2011-09-16,13.46,13.58,13.39,13.58,2891800,12.08
2011-09-15,13.43,13.46,13.36,13.42,1737800,11.94
2011-09-14,13.42,13.47,13.24,13.41,2301600,11.93
2011-09-13,13.22,13.35,13.10,13.35,1505000,11.88
2011-09-12,12.73,13.19,12.73,13.17,1972500,11.72
2011-09-09,12.83,13.11,12.69,12.96,1588100,11.53
2011-09-08,13.00,13.14,12.82,12.83,1293300,11.42
2011-09-07,12.88,13.05,12.65,13.04,1762200,11.60
2011-09-06,12.31,12.75,12.31,12.75,1730700,11.34
2011-09-02,12.27,12.59,12.10,12.51,2664200,11.13
2011-09-01,13.29,13.30,12.61,12.71,3135500,11.31
2011-08-31,13.54,13.54,13.28,13.35,1286500,11.88
2011-08-30,13.32,13.49,13.25,13.42,1399500,11.94
2011-08-29,13.28,13.40,13.21,13.32,1739100,11.85
2011-08-26,12.88,13.20,12.64,13.12,1677300,11.67
2011-08-25,13.38,13.39,12.78,12.89,2656600,11.47
2011-08-24,13.50,13.50,13.16,13.33,1352700,11.86
2011-08-23,13.30,13.49,13.19,13.49,1708000,12.00
2011-08-22,13.26,13.30,13.03,13.25,1495300,11.79
2011-08-19,13.01,13.30,12.90,12.90,2907600,11.48
2011-08-18,13.36,13.38,12.98,13.11,4308000,11.67
2011-08-17,13.68,13.78,13.61,13.65,1555700,12.15
2011-08-16,13.58,13.71,13.50,13.66,1561500,12.15
2011-08-15,13.34,13.73,13.21,13.69,3293000,12.18
2011-08-12,13.30,13.34,13.13,13.21,1521400,11.75
2011-08-11,12.84,13.30,12.84,13.19,2696100,11.74
2011-08-10,12.88,13.20,12.74,12.77,2914500,11.36
2011-08-09,12.02,13.10,11.98,13.10,5320800,11.66
2011-08-08,12.06,12.45,11.93,11.96,4785600,10.64
2011-08-05,12.67,12.97,12.36,12.58,3255300,11.19
2011-08-04,12.93,13.00,12.60,12.60,2375200,11.21
2011-08-03,12.85,12.99,12.70,12.99,1897500,11.56
2011-08-02,12.83,12.98,12.76,12.79,2876900,11.38
2011-08-01,12.90,12.94,12.66,12.83,2579000,11.42
2011-07-29,12.51,12.51,11.98,12.31,4122200,10.95
2011-07-28,12.62,12.65,12.44,12.59,2199900,11.20
2011-07-27,12.75,12.76,12.45,12.58,3450900,11.19
2011-07-26,12.86,12.91,12.64,12.71,2231700,11.31
2011-07-25,12.98,13.02,12.80,12.81,2942200,11.40
2011-07-22,12.98,13.08,12.95,13.06,1558100,11.62
2011-07-21,13.11,13.15,12.86,12.93,2773300,11.50
2011-07-20,12.93,13.13,12.91,13.12,1796400,11.67
2011-07-19,12.76,12.88,12.71,12.88,1071800,11.46
2011-07-18,12.93,12.97,12.52,12.67,2653700,11.27
2011-07-15,12.96,13.01,12.87,12.97,1631000,11.54
2011-07-14,13.14,13.20,12.90,12.91,2191400,11.49
2011-07-13,13.05,13.22,13.05,13.14,2235900,11.69
2011-07-12,12.93,13.08,12.93,13.01,2043900,11.58
2011-07-11,13.17,13.17,12.95,12.97,1236500,11.54
2011-07-08,13.05,13.17,13.03,13.13,1299100,11.68
2011-07-07,13.04,13.10,12.97,13.10,1385700,11.66
2011-07-06,12.97,13.07,12.95,13.05,1453100,11.61
2011-07-05,12.94,13.01,12.92,12.97,1010600,11.54
2011-07-01,12.83,12.96,12.80,12.92,1168600,11.50
2011-06-30,12.85,12.92,12.79,12.81,1770800,11.40
2011-06-29,12.75,12.96,12.74,12.85,2051500,11.43
2011-06-28,12.64,12.77,12.57,12.74,2400100,11.34
2011-06-27,12.67,12.80,12.58,12.60,1536200,11.21
2011-06-24,12.69,12.70,12.60,12.67,2781900,11.27
2011-06-23,12.64,12.75,12.54,12.63,2483800,11.24
2011-06-22,12.57,12.83,12.57,12.69,1777300,11.29
2011-06-21,12.58,12.60,12.48,12.53,2399300,11.15
2011-06-20,12.50,12.74,12.36,12.53,3439300,11.15
2011-06-17,13.15,13.16,12.95,13.10,4069500,11.12
2011-06-16,13.19,13.20,13.10,13.14,2099800,11.16
2011-06-15,13.14,13.20,13.12,13.18,1699900,11.19
2011-06-14,13.15,13.15,13.10,13.15,1866300,11.16
2011-06-13,13.13,13.17,13.05,13.08,1812000,11.11
2011-06-10,13.09,13.18,13.04,13.08,1885200,11.11
2011-06-09,13.05,13.12,12.98,13.09,1672900,11.11
2011-06-08,13.14,13.32,12.90,12.97,4432500,11.01
2011-06-07,12.97,13.13,12.94,13.08,2520200,11.11
2011-06-06,12.94,12.95,12.90,12.91,1253700,10.96
2011-06-03,12.78,12.95,12.75,12.94,1703400,10.99
2011-06-02,12.77,12.85,12.75,12.78,1261900,10.85
2011-06-01,12.80,12.89,12.77,12.77,1781400,10.84
2011-05-31,12.83,12.89,12.81,12.84,1984000,10.90
2011-05-27,12.81,12.89,12.75,12.75,1392300,10.83
2011-05-26,12.78,12.82,12.71,12.80,1040300,10.87
2011-05-25,12.72,12.78,12.70,12.74,994100,10.82
2011-05-24,12.76,12.79,12.70,12.70,1137800,10.78
2011-05-23,12.65,12.77,12.65,12.72,1244700,10.80
2011-05-20,12.63,12.70,12.60,12.70,1224200,10.78
2011-05-19,12.64,12.67,12.59,12.63,1187400,10.72
2011-05-18,12.51,12.59,12.48,12.59,1401400,10.69
2011-05-17,12.47,12.51,12.45,12.48,1816400,10.60
2011-05-16,12.51,12.54,12.41,12.45,2494400,10.57
2011-05-13,12.51,12.51,12.36,12.37,1242400,10.50
2011-05-12,12.50,12.53,12.47,12.48,986000,10.60
2011-05-11,12.48,12.53,12.45,12.51,1868600,10.62
2011-05-10,12.44,12.50,12.42,12.49,1034200,10.60
2011-05-09,12.38,12.45,12.33,12.41,1084200,10.54
2011-05-06,12.40,12.45,12.37,12.37,1111700,10.50
2011-05-05,12.35,12.46,12.34,12.37,1089700,10.50
2011-05-04,12.40,12.42,12.33,12.36,1092300,10.49
2011-05-03,12.39,12.41,12.33,12.39,1153400,10.52
2011-05-02,12.35,12.41,12.31,12.37,916200,10.50
2011-04-29,12.37,12.43,12.29,12.35,2067600,10.49
2011-04-28,12.36,12.41,12.30,12.34,1079300,10.48
2011-04-27,12.33,12.36,12.25,12.36,842700,10.49
2011-04-26,12.23,12.34,12.21,12.33,827900,10.47
2011-04-25,12.29,12.32,12.13,12.22,1336700,10.38
2011-04-21,12.30,12.37,12.22,12.31,1814700,10.45
2011-04-20,12.12,12.21,12.05,12.20,1295700,10.36
2011-04-19,12.08,12.11,11.97,12.05,773500,10.23
2011-04-18,12.01,12.11,12.00,12.04,1053700,10.22
2011-04-15,12.11,12.15,12.04,12.09,1097300,10.26
2011-04-14,11.93,12.12,11.91,12.08,1240900,10.26
2011-04-13,11.96,11.99,11.91,11.95,1093500,10.15
2011-04-12,12.02,12.03,11.89,11.94,1694100,10.14
2011-04-11,12.10,12.14,12.00,12.04,1418300,10.22
2011-04-08,12.17,12.19,11.96,12.04,2073900,10.22
2011-04-07,12.32,12.33,12.17,12.17,1747200,10.33
2011-04-06,12.38,12.43,12.33,12.35,2634000,10.49
2011-04-05,12.17,12.44,12.17,12.33,3504900,10.47
2011-04-04,12.09,12.22,12.09,12.16,3440900,10.32
2011-04-01,12.71,12.81,12.66,12.77,8824100,10.33
2011-03-31,12.70,12.72,12.64,12.68,4214000,10.26
2011-03-30,12.84,12.84,12.63,12.68,2530300,10.26
2011-03-29,12.80,12.84,12.72,12.75,2553800,10.32
2011-03-28,12.89,12.92,12.73,12.73,3141800,10.30
2011-03-25,12.85,12.95,12.77,12.87,1855700,10.41
2011-03-24,12.75,12.83,12.69,12.82,1650600,10.37
2011-03-23,12.70,12.74,12.65,12.69,1594800,10.27
2011-03-22,12.78,12.81,12.64,12.65,1764400,10.24
2011-03-21,12.64,12.77,12.60,12.76,2170300,10.32
2011-03-18,12.52,12.59,12.52,12.57,1831400,10.17
2011-03-17,12.55,12.56,12.47,12.50,1391300,10.11
2011-03-16,12.51,12.59,12.45,12.46,1557400,10.08
2011-03-15,12.43,12.54,12.40,12.50,1503200,10.11
2011-03-14,12.44,12.54,12.43,12.50,1888200,10.11
2011-03-11,12.48,12.53,12.40,12.45,1296100,10.07
2011-03-10,12.59,12.60,12.49,12.49,2078600,10.11
2011-03-09,12.47,12.50,12.45,12.49,1134700,10.11
2011-03-08,12.52,12.53,12.44,12.47,1254000,10.09
2011-03-07,12.58,12.60,12.46,12.50,1791300,10.11
2011-03-04,12.51,12.58,12.46,12.57,1819100,10.17
2011-03-03,12.56,12.60,12.45,12.47,1820100,10.09
2011-03-02,12.39,12.54,12.38,12.49,940600,10.11
2011-03-01,12.46,12.51,12.39,12.39,1517000,10.03
2011-02-28,12.42,12.51,12.38,12.46,4213200,10.08
2011-02-25,12.32,12.38,12.30,12.36,1912400,10.00
2011-02-24,12.20,12.32,12.15,12.30,1387000,9.95
2011-02-23,12.26,12.27,12.11,12.13,2040400,9.81
2011-02-22,12.28,12.30,12.23,12.27,2486900,9.93
2011-02-18,12.31,12.33,12.22,12.28,2296800,9.94
2011-02-17,12.26,12.31,12.23,12.27,1511600,9.93
2011-02-16,12.31,12.34,12.24,12.25,1413600,9.91
2011-02-15,12.35,12.35,12.21,12.25,2492600,9.91
2011-02-14,12.40,12.41,12.32,12.35,2084300,9.99
2011-02-11,12.36,12.39,12.30,12.36,2826200,10.00
2011-02-10,12.27,12.43,12.20,12.35,28466000,9.99
2011-02-09,12.70,12.77,12.68,12.70,1374000,10.28
2011-02-08,12.73,12.76,12.66,12.67,1329100,10.25
2011-02-07,12.73,12.84,12.73,12.76,958400,10.32
2011-02-04,12.76,12.88,12.69,12.74,1162700,10.31
2011-02-03,12.79,12.90,12.65,12.75,2957100,10.32
2011-02-02,13.11,13.15,12.99,13.10,1039400,10.60
2011-02-01,13.07,13.17,13.02,13.10,1225100,10.60
2011-01-31,13.05,13.09,13.00,13.05,807100,10.56
2011-01-28,13.13,13.15,13.00,13.02,671700,10.53
2011-01-27,13.08,13.17,13.07,13.13,619400,10.62
2011-01-26,12.98,13.11,12.92,13.05,711100,10.56
2011-01-25,12.87,12.96,12.82,12.92,454000,10.45
2011-01-24,12.69,12.89,12.65,12.87,442400,10.41
2011-01-21,12.69,12.75,12.64,12.65,669900,10.24
2011-01-20,12.68,12.73,12.61,12.70,562300,10.28
2011-01-19,12.92,12.97,12.66,12.71,1030900,10.28
2011-01-18,13.00,13.05,12.91,12.93,449800,10.46
2011-01-14,12.91,13.02,12.91,13.00,711500,10.52
2011-01-13,13.05,13.10,12.95,12.98,652100,10.50
2011-01-12,13.06,13.10,12.95,13.04,587400,10.55
2011-01-11,12.92,13.05,12.90,13.03,815000,10.54
2011-01-10,12.90,12.95,12.80,12.92,504400,10.45
2011-01-07,12.84,12.94,12.80,12.90,536600,10.44
2011-01-06,12.81,12.91,12.68,12.83,824700,10.38
2011-01-05,12.78,12.78,12.63,12.72,920400,10.29
2011-01-04,12.94,12.94,12.65,12.75,1074000,10.32
2011-01-03,12.99,12.99,12.80,12.88,922600,10.42
2010-12-31,12.92,13.00,12.91,12.91,443600,10.45
2010-12-30,12.92,13.00,12.90,12.95,480800,10.48
2010-12-29,12.89,12.96,12.85,12.92,555000,10.45
2010-12-28,12.92,12.94,12.84,12.93,624200,10.46
2010-12-27,12.91,12.96,12.80,12.93,472800,10.46
2010-12-23,12.95,13.00,12.87,12.90,543300,10.44
2010-12-22,13.02,13.02,12.92,12.95,947000,10.48
2010-12-21,12.89,13.01,12.89,13.01,1301700,10.53
2010-12-20,12.70,12.82,12.56,12.81,1496300,10.37
2010-12-17,12.52,12.60,12.46,12.57,2794800,10.17
2010-12-16,12.56,12.62,12.51,12.51,1471300,10.12
2010-12-15,12.76,12.79,12.55,12.56,1411900,10.16
2010-12-14,12.89,12.90,12.69,12.75,2291200,10.32
2010-12-13,12.87,12.96,12.81,12.88,1488900,10.42
2010-12-10,12.60,13.01,12.56,12.79,15200900,10.35
2010-12-09,13.10,13.25,13.05,13.18,1763000,10.66
2010-12-08,13.98,13.98,13.64,13.73,1197400,10.62
2010-12-07,14.05,14.07,13.93,13.96,824100,10.80
2010-12-06,13.93,14.04,13.90,14.03,1030400,10.86
2010-12-03,13.84,13.92,13.75,13.89,367700,10.75
2010-12-02,13.85,13.86,13.80,13.85,434500,10.72
2010-12-01,13.77,13.84,13.69,13.80,622700,10.68
2010-11-30,13.69,13.70,13.60,13.65,398200,10.56
2010-11-29,13.59,13.72,13.59,13.72,539800,10.62
2010-11-26,13.57,13.68,13.56,13.65,156600,10.56
2010-11-24,13.46,13.66,13.45,13.66,489300,10.57
2010-11-23,13.33,13.44,13.25,13.42,337300,10.38
2010-11-22,13.35,13.41,13.28,13.38,420000,10.35
2010-11-19,13.16,13.40,13.16,13.37,369500,10.35
2010-11-18,13.41,13.41,13.17,13.17,734800,10.19
2010-11-17,13.20,13.34,13.20,13.33,360500,10.31
2010-11-16,13.26,13.28,13.04,13.15,770300,10.18
2010-11-15,13.39,13.42,13.26,13.29,568400,10.28
2010-11-12,13.58,13.62,13.27,13.29,604000,10.28
2010-11-11,13.50,13.66,13.49,13.56,475600,10.49
2010-11-10,13.37,13.51,13.35,13.50,498100,10.45
2010-11-09,13.59,13.63,13.39,13.42,531400,10.38
2010-11-08,13.70,13.72,13.60,13.61,343800,10.53
2010-11-05,13.58,13.72,13.58,13.70,513900,10.60
2010-11-04,13.45,13.63,13.44,13.62,644200,10.54
2010-11-03,13.33,13.39,13.23,13.36,420600,10.34
2010-11-02,13.22,13.31,13.16,13.29,553500,10.28
2010-11-01,13.02,13.16,13.02,13.15,635700,10.18
2010-10-29,13.07,13.09,13.03,13.03,749100,10.08
2010-10-28,13.16,13.17,13.03,13.05,742700,10.10
2010-10-27,13.28,13.28,13.11,13.15,718200,10.18
2010-10-26,13.28,13.28,13.16,13.20,557800,10.21
2010-10-25,13.20,13.36,13.15,13.34,703700,10.32
2010-10-22,13.33,13.33,13.11,13.15,825900,10.18
2010-10-21,13.05,13.38,13.05,13.33,1698800,10.31
2010-10-20,13.48,13.50,13.43,13.44,723100,10.40
2010-10-19,13.43,13.50,13.36,13.38,532500,10.35
2010-10-18,13.45,13.45,13.35,13.42,531500,10.38
2010-10-15,13.46,13.50,13.33,13.41,529700,10.38
2010-10-14,13.48,13.50,13.36,13.41,433600,10.38
2010-10-13,13.47,13.59,13.42,13.53,771800,10.47
2010-10-12,13.39,13.42,13.30,13.39,539400,10.36
2010-10-11,13.42,13.49,13.35,13.39,301600,10.36
2010-10-08,13.29,13.45,13.23,13.42,515500,10.38
2010-10-07,13.36,13.38,13.26,13.28,452000,10.28
2010-10-06,13.42,13.43,13.29,13.34,418600,10.32
2010-10-05,13.47,13.48,13.31,13.42,717000,10.38
2010-10-04,13.47,13.49,13.31,13.41,528500,10.38
2010-10-01,13.43,13.47,13.25,13.47,692800,10.42
2010-09-30,13.35,13.41,13.25,13.35,1494700,10.33
2010-09-29,13.40,13.51,13.30,13.30,940900,10.29
2010-09-28,13.41,13.49,13.19,13.48,850100,10.43
2010-09-27,13.29,13.50,13.25,13.39,1179400,10.36
2010-09-24,13.15,13.30,13.10,13.25,1158900,10.25
2010-09-23,12.98,13.18,12.95,13.05,1684300,10.10
2010-09-22,12.95,13.08,12.94,12.95,2786400,10.02
2010-09-21,12.95,13.04,12.90,12.93,23408100,10.00
2010-09-20,13.75,14.01,13.70,13.87,1111700,10.73
2010-09-17,13.68,13.69,13.44,13.69,735400,10.59
2010-09-16,13.60,13.79,13.51,13.56,634300,10.49
2010-09-15,14.20,14.21,14.10,14.19,758800,10.52
2010-09-14,14.10,14.25,14.05,14.15,536900,10.49
2010-09-13,14.05,14.12,13.99,14.09,691700,10.44
2010-09-10,13.92,14.19,13.90,14.02,619000,10.39
2010-09-09,13.85,13.93,13.73,13.77,273300,10.20
2010-09-08,13.79,13.83,13.75,13.80,198500,10.23
2010-09-07,13.76,13.78,13.70,13.71,235200,10.16
2010-09-03,13.71,13.75,13.65,13.75,189000,10.19
2010-09-02,13.72,13.72,13.62,13.67,145800,10.13
2010-09-01,13.59,13.71,13.50,13.66,198800,10.12
2010-08-31,13.46,13.50,13.34,13.47,259900,9.98
2010-08-30,13.56,13.59,13.48,13.50,128900,10.00
2010-08-27,13.17,13.57,13.15,13.56,255000,10.05
2010-08-26,13.39,13.40,13.10,13.15,313700,9.74
2010-08-25,13.45,13.49,13.21,13.30,446500,9.86
2010-08-24,13.34,13.58,13.34,13.49,263800,10.00
2010-08-23,13.75,13.75,13.41,13.42,283900,9.95
2010-08-20,13.40,13.65,13.39,13.60,242400,10.08
2010-08-19,13.41,13.58,13.35,13.40,314200,9.93
2010-08-18,13.50,13.66,13.42,13.55,189200,10.04
2010-08-17,13.60,13.65,13.40,13.45,298200,9.97
2010-08-16,13.64,13.73,13.40,13.52,283100,10.02
2010-08-13,13.33,13.58,13.27,13.42,245500,9.95
2010-08-12,13.16,13.34,13.16,13.30,247600,9.86
2010-08-11,13.22,13.31,13.16,13.23,314000,9.80
2010-08-10,13.25,13.56,13.25,13.46,279200,9.97
2010-08-09,13.41,13.41,13.20,13.39,225000,9.92
2010-08-06,13.19,13.46,13.13,13.31,241300,9.86
2010-08-05,13.59,13.64,13.19,13.19,401700,9.77
2010-08-04,13.65,13.67,13.50,13.62,180900,10.09
2010-08-03,13.60,13.69,13.40,13.56,372400,10.05
2010-08-02,13.33,13.59,13.31,13.56,341200,10.05
2010-07-30,13.36,13.49,13.18,13.20,1267800,9.78
2010-07-29,13.56,13.68,13.15,13.40,740100,9.93
2010-07-28,13.41,13.71,13.37,13.46,535000,9.97
2010-07-27,13.59,13.59,13.35,13.36,547900,9.90
2010-07-26,13.25,13.50,13.20,13.49,780100,10.00
2010-07-23,12.93,13.22,12.85,13.19,516100,9.77
2010-07-22,12.78,12.99,12.78,12.93,377100,9.58
2010-07-21,12.85,12.85,12.74,12.76,207900,9.46
2010-07-20,12.51,12.85,12.51,12.83,377500,9.51
2010-07-19,12.73,12.73,12.54,12.57,282500,9.32
2010-07-16,12.78,12.80,12.65,12.65,160600,9.37
2010-07-15,12.82,12.89,12.70,12.80,296300,9.49
2010-07-14,12.82,12.99,12.76,12.77,395300,9.46
2010-07-13,12.73,12.86,12.72,12.85,334400,9.52
2010-07-12,12.88,12.88,12.52,12.63,492500,9.36
2010-07-09,12.84,12.90,12.71,12.85,443200,9.52
2010-07-08,12.74,12.85,12.60,12.85,357700,9.52
2010-07-07,12.50,12.70,12.45,12.69,409500,9.40
2010-07-06,12.58,12.74,12.42,12.49,459500,9.26
2010-07-02,12.48,12.68,12.45,12.63,280000,9.36
2010-07-01,12.75,12.78,12.30,12.57,623900,9.32
2010-06-30,12.68,12.83,12.62,12.66,606200,9.38
2010-06-29,12.80,12.94,12.56,12.65,682000,9.37
2010-06-28,12.70,12.94,12.66,12.84,681400,9.52
2010-06-25,12.46,12.75,12.44,12.75,6720500,9.45
2010-06-24,12.80,13.03,12.31,12.53,2301900,9.29
2010-06-23,14.37,14.37,14.12,14.13,520200,10.03
2010-06-22,14.33,14.44,14.26,14.28,349900,10.13
2010-06-21,14.40,14.57,14.19,14.24,459800,10.10
2010-06-18,14.12,14.22,13.97,14.15,312200,10.04
2010-06-17,14.00,14.09,13.90,13.99,259300,9.93
2010-06-16,13.84,14.04,13.75,14.00,363000,9.93
2010-06-15,13.70,13.84,13.70,13.75,352200,9.76
2010-06-14,13.56,13.60,13.43,13.46,155600,9.55
2010-06-11,13.42,13.53,13.37,13.50,128000,9.58
2010-06-10,13.40,13.50,13.35,13.45,127500,9.54
2010-06-09,13.34,13.40,13.22,13.29,79300,9.43
2010-06-08,13.25,13.32,13.10,13.20,88500,9.37
2010-06-07,13.17,13.43,13.00,13.20,113000,9.37
2010-06-04,13.27,13.31,13.08,13.09,135100,9.29
2010-06-03,13.22,13.41,13.18,13.40,85000,9.51
2010-06-02,13.17,13.25,13.07,13.25,203000,9.40
2010-06-01,13.06,13.24,13.00,13.02,177500,9.24
2010-05-28,13.02,13.17,12.95,13.09,179000,9.29
2010-05-27,12.93,13.00,12.79,13.00,109200,9.22
2010-05-26,12.71,13.00,12.68,12.80,163500,9.08
2010-05-25,11.95,12.64,11.94,12.59,170000,8.93
2010-05-24,12.35,12.66,12.20,12.20,147000,8.66
2010-05-21,11.82,12.45,11.80,12.41,193800,8.81
2010-05-20,12.23,12.31,11.87,11.89,249300,8.44
2010-05-19,12.42,12.43,12.25,12.32,110300,8.74
2010-05-18,12.80,12.86,12.38,12.39,104300,8.79
2010-05-17,12.82,12.88,12.62,12.80,95700,9.08
2010-05-14,12.60,12.79,12.27,12.77,129500,9.06
2010-05-13,12.75,12.75,12.59,12.68,40600,9.00
2010-05-12,12.73,12.86,12.61,12.76,87700,9.05
2010-05-11,12.40,12.74,12.40,12.65,73200,8.98
2010-05-10,11.99,12.55,11.99,12.47,160200,8.85
2010-05-07,11.90,12.04,11.52,11.80,190500,8.37
2010-05-06,12.51,12.55,10.40,11.95,62200,8.48
2010-05-05,12.70,12.71,12.47,12.50,117800,8.87
2010-05-04,12.95,13.00,12.65,12.68,147100,9.00
2010-05-03,13.00,13.02,12.90,13.02,245800,9.24
2010-04-30,12.98,13.03,12.90,12.94,179800,9.18
2010-04-29,12.83,13.00,12.82,12.98,394800,9.21
2010-04-28,12.90,13.00,12.84,12.85,234500,9.12
2010-04-27,12.94,13.04,12.85,12.85,256500,9.12
2010-04-26,12.89,12.89,12.82,12.85,145800,9.12
2010-04-23,12.82,13.02,12.80,12.84,172100,9.11
2010-04-22,12.59,12.80,12.50,12.80,80800,9.08
2010-04-21,12.50,12.67,12.35,12.67,107700,8.99
2010-04-20,12.33,12.51,12.31,12.51,69400,8.88
2010-04-19,12.50,12.51,12.20,12.31,107500,8.74
2010-04-16,12.42,12.52,12.36,12.50,164100,8.87
2010-04-15,12.65,12.73,12.16,12.38,445900,8.78
2010-04-14,12.77,12.85,12.58,12.61,175600,8.95
2010-04-13,12.96,12.96,12.65,12.71,175400,9.02
2010-04-12,12.95,12.97,12.77,12.94,156900,9.18
2010-04-09,13.47,13.49,13.43,13.44,219000,9.15
2010-04-08,13.50,13.50,13.41,13.45,159400,9.15
2010-04-07,13.50,13.52,13.47,13.50,359000,9.19
2010-04-06,13.51,13.51,13.40,13.47,256500,9.17
2010-04-05,13.54,13.54,13.42,13.50,283500,9.19
2010-04-01,13.48,13.51,13.35,13.50,159400,9.19
2010-03-31,13.11,13.47,13.10,13.38,171500,9.11
2010-03-30,13.04,13.08,12.99,13.05,44900,8.88
2010-03-29,13.20,13.20,13.00,13.06,85000,8.89
2010-03-26,13.18,13.22,13.07,13.14,80300,8.94
2010-03-25,13.33,13.35,13.14,13.17,64500,8.96
2010-03-24,13.26,13.30,13.22,13.23,87600,9.00
2010-03-23,13.17,13.28,13.15,13.26,124000,9.02
2010-03-22,13.16,13.20,13.12,13.19,59800,8.98
2010-03-19,13.43,13.43,13.11,13.20,171800,8.98
2010-03-18,13.30,13.51,13.30,13.37,50900,9.10
2010-03-17,13.20,13.27,13.12,13.25,271200,9.02
2010-03-16,13.16,13.28,13.11,13.20,91800,8.98
2010-03-15,13.06,13.19,13.05,13.15,110400,8.95
2010-03-12,13.20,13.20,13.08,13.09,69100,8.91
2010-03-11,13.08,13.14,13.06,13.14,72000,8.94
2010-03-10,13.16,13.26,13.05,13.10,58400,8.92
2010-03-09,13.00,13.25,13.00,13.19,59100,8.98
2010-03-08,13.06,13.25,13.03,13.05,50200,8.88
2010-03-05,13.12,13.26,13.06,13.11,147100,8.92
2010-03-04,13.05,13.07,13.00,13.07,75000,8.89
2010-03-03,13.18,13.18,13.00,13.07,161100,8.89
2010-03-02,13.19,13.21,13.17,13.20,45600,8.98
2010-03-01,13.30,13.32,13.18,13.20,72500,8.98
2010-02-26,13.00,13.32,13.00,13.23,98800,9.00
2010-02-25,12.89,13.07,12.88,12.99,39300,8.84
2010-02-24,12.83,13.00,12.81,12.97,42400,8.83
2010-02-23,12.86,12.86,12.69,12.77,63600,8.69
2010-02-22,13.04,13.04,12.81,12.84,40400,8.74
2010-02-19,13.02,13.02,12.95,12.97,50300,8.83
2010-02-18,13.02,13.02,12.98,13.02,56000,8.86
2010-02-17,13.05,13.05,12.97,13.03,57300,8.87
2010-02-16,13.10,13.13,12.86,13.02,86300,8.86
2010-02-12,13.05,13.09,12.91,13.02,119600,8.86
2010-02-11,13.33,13.35,13.04,13.05,112300,8.88
2010-02-10,13.32,13.42,13.26,13.35,86700,9.09
2010-02-09,13.45,13.45,13.28,13.40,50400,9.12
2010-02-08,13.48,13.48,13.33,13.36,59200,9.09
2010-02-05,13.26,13.51,13.24,13.45,55200,9.15
2010-02-04,13.38,13.49,13.16,13.31,44700,9.06
2010-02-03,13.25,13.47,13.25,13.45,45800,9.15
2010-02-02,13.35,13.39,13.26,13.27,113700,9.03
2010-02-01,13.50,13.50,13.32,13.38,26100,9.11
2010-01-29,13.40,13.52,13.29,13.48,32900,9.17
2010-01-28,13.56,13.56,13.27,13.39,47300,9.11
2010-01-27,13.28,13.54,13.25,13.49,36100,9.18
2010-01-26,13.31,13.36,13.27,13.30,78900,9.05
2010-01-25,13.31,13.51,13.28,13.34,52800,9.08
2010-01-22,13.30,13.36,13.18,13.25,59900,9.02
2010-01-21,13.62,13.62,13.26,13.30,64600,9.05
2010-01-20,13.52,13.61,13.18,13.56,53400,9.23
2010-01-19,13.43,13.61,13.36,13.58,112000,9.24
2010-01-15,13.40,13.42,13.17,13.40,98100,9.12
2010-01-14,13.39,13.43,13.30,13.39,30100,9.11
2010-01-13,13.40,13.45,13.33,13.39,32300,9.11
2010-01-12,13.35,13.41,13.34,13.40,58800,9.12
2010-01-11,13.40,13.45,13.30,13.41,54000,9.13
2010-01-08,13.48,13.50,13.34,13.40,70200,9.12
2010-01-07,13.48,13.61,13.46,13.49,211300,9.18
2010-01-06,13.37,13.54,13.22,13.23,69200,9.00
2010-01-05,13.59,13.62,13.30,13.32,69200,9.06
2010-01-04,13.58,13.85,13.52,13.57,68300,9.24
2009-12-31,13.51,13.55,13.49,13.51,25400,9.19
2009-12-30,13.59,13.59,13.39,13.53,50500,9.21
2009-12-29,13.75,13.80,13.50,13.55,68100,9.22
2009-12-28,14.14,14.14,13.94,14.11,149500,9.23
2009-12-24,14.10,14.11,14.00,14.11,59800,9.23
2009-12-23,14.09,14.10,13.98,14.02,60400,9.17
2009-12-22,13.97,14.07,13.92,14.00,61000,9.16
2009-12-21,14.22,14.29,13.91,13.95,148600,9.12
2009-12-18,13.75,14.07,13.73,14.03,360100,9.18
2009-12-17,13.57,13.78,13.57,13.73,78400,8.98
2009-12-16,13.47,13.62,13.47,13.62,62500,8.91
2009-12-15,13.66,13.71,13.31,13.32,64200,8.71
2009-12-14,13.68,13.74,13.63,13.66,106600,8.93
2009-12-11,13.42,13.68,13.42,13.65,45500,8.93
2009-12-10,13.53,13.62,13.31,13.36,43200,8.74
2009-12-09,13.40,13.58,13.28,13.50,59000,8.83
2009-12-08,13.40,13.63,13.36,13.39,82600,8.76
2009-12-07,13.57,13.85,13.38,13.44,188000,8.79
2009-12-04,13.71,13.75,13.48,13.50,113100,8.83
2009-12-03,13.30,13.70,13.30,13.49,96200,8.82
2009-12-02,13.19,13.27,13.14,13.27,89200,8.68
2009-12-01,13.29,13.31,13.08,13.18,110600,8.62
2009-11-30,13.20,13.33,12.95,13.10,442400,8.57
2009-11-27,13.15,13.25,13.11,13.20,63800,8.63
2009-11-25,13.57,13.57,13.31,13.35,78100,8.73
2009-11-24,13.65,13.71,13.37,13.53,161400,8.85
2009-11-23,13.84,13.85,13.60,13.62,126800,8.91
2009-11-20,13.68,13.72,13.57,13.57,275500,8.88
2009-11-19,13.67,13.86,13.59,13.64,311000,8.92
2009-11-18,13.82,13.82,13.65,13.74,302100,8.99
2009-11-17,13.64,13.84,13.44,13.82,72000,9.04
2009-11-16,13.58,13.90,13.53,13.68,79900,8.95
2009-11-13,13.46,13.76,13.17,13.48,67100,8.82
2009-11-12,13.56,13.59,13.30,13.42,70100,8.78
2009-11-11,13.62,13.63,13.45,13.56,45500,8.87
2009-11-10,13.56,13.56,13.22,13.49,48400,8.82
2009-11-09,13.73,13.84,13.59,13.64,57100,8.92
2009-11-06,13.37,13.54,13.34,13.54,51200,8.86
2009-11-05,13.20,13.50,13.17,13.47,46200,8.81
2009-11-04,13.26,13.36,13.10,13.10,49400,8.57
2009-11-03,13.16,13.36,13.10,13.23,80100,8.65
2009-11-02,13.46,13.46,12.84,13.20,126300,8.63
2009-10-30,13.28,13.42,13.16,13.35,128700,8.73
2009-10-29,13.22,13.44,13.17,13.32,66000,8.71
2009-10-28,13.13,13.38,13.04,13.04,125200,8.53
2009-10-27,13.61,13.61,13.07,13.12,179000,8.58
2009-10-26,13.48,13.66,13.32,13.62,260600,8.91
2009-10-23,13.36,13.59,13.34,13.48,144000,8.82
2009-10-22,13.31,13.68,13.31,13.33,192500,8.72
2009-10-21,13.50,13.70,13.35,13.38,95400,8.75
2009-10-20,13.82,13.82,13.53,13.55,30100,8.86
2009-10-19,13.40,13.89,13.39,13.84,51200,9.05
2009-10-16,13.43,13.50,13.30,13.42,47600,8.78
2009-10-15,13.46,13.55,13.44,13.50,193900,8.83
2009-10-14,13.42,13.69,13.40,13.55,140400,8.86
2009-10-13,13.53,13.62,13.30,13.38,81500,8.75
2009-10-12,13.86,13.91,12.77,13.53,529500,8.85
2009-10-09,13.93,13.97,13.76,13.86,121700,9.06
2009-10-08,13.96,13.97,13.85,13.93,63000,9.11
2009-10-07,13.90,14.04,13.86,13.91,80100,9.10
2009-10-06,13.85,13.97,13.78,13.96,181500,9.13
2009-10-05,13.75,13.80,13.56,13.76,179200,9.00
2009-10-02,13.60,13.77,13.45,13.72,145500,8.97
2009-10-01,14.10,14.10,13.68,13.70,283600,8.96
2009-09-30,14.25,14.45,13.87,14.20,1490300,9.06
2009-09-29,14.30,14.69,14.17,14.59,363800,9.31
2009-09-28,14.00,14.40,13.78,14.27,318200,9.10
2009-09-25,14.12,14.40,14.12,14.23,212300,9.08
2009-09-24,14.46,14.48,13.65,14.08,275900,8.98
2009-09-23,14.60,14.69,14.43,14.46,114700,9.22
2009-09-22,14.30,14.73,14.25,14.59,286300,9.31
2009-09-21,14.27,14.45,14.24,14.30,110000,9.12
2009-09-18,13.98,14.35,13.98,14.30,108100,9.12
2009-09-17,14.43,14.43,13.95,13.95,105100,8.90
2009-09-16,14.53,14.89,14.02,14.30,313700,9.12
2009-09-15,13.96,14.37,13.92,14.37,146900,9.17
2009-09-14,13.99,14.00,13.91,13.97,74600,8.91
2009-09-11,13.80,13.97,13.79,13.97,150400,8.91
2009-09-10,13.77,13.88,13.76,13.77,118800,8.78
2009-09-09,13.77,13.82,13.64,13.76,129200,8.78
2009-09-08,13.90,13.95,13.77,13.78,82900,8.79
2009-09-04,13.95,13.95,13.79,13.83,105900,8.82
2009-09-03,13.85,13.96,13.84,13.95,66600,8.90
2009-09-02,13.95,14.05,13.77,13.80,118900,8.80
2009-09-01,14.02,14.10,13.85,13.90,76100,8.87
2009-08-31,13.90,14.44,13.90,14.00,220800,8.93
2009-08-28,14.00,14.00,13.89,13.90,78100,8.87
2009-08-27,13.92,14.09,13.92,14.00,75200,8.93
2009-08-26,13.75,14.07,13.75,13.98,138300,8.92
2009-08-25,14.02,14.14,13.75,13.76,88600,8.78
2009-08-24,14.09,14.27,14.00,14.00,49500,8.93
2009-08-21,13.99,14.15,13.99,14.10,21700,8.99
2009-08-20,13.78,13.98,13.78,13.97,87800,8.91
2009-08-19,13.75,13.90,13.70,13.80,105100,8.80
2009-08-18,13.80,13.81,13.76,13.80,27300,8.80
2009-08-17,13.79,13.85,13.54,13.78,213000,8.79
2009-08-14,13.90,13.94,13.81,13.85,37200,8.84
2009-08-13,13.70,13.90,13.65,13.85,98600,8.84
2009-08-12,13.40,13.70,13.26,13.69,74400,8.73
2009-08-11,13.48,13.62,13.29,13.36,154300,8.52
2009-08-10,13.20,13.48,13.20,13.48,94500,8.60
2009-08-07,13.40,13.40,13.18,13.19,81300,8.41
2009-08-06,13.42,13.46,13.31,13.35,58400,8.52
2009-08-05,13.58,13.75,13.33,13.40,144900,8.55
2009-08-04,13.32,13.46,13.24,13.44,131500,8.57
2009-08-03,13.24,13.37,13.12,13.30,309900,8.48
2009-07-31,12.95,13.50,12.95,13.25,293100,8.45
2009-07-30,13.07,13.07,12.80,12.85,193800,8.20
2009-07-29,12.85,12.88,12.75,12.80,224700,8.17
2009-07-28,12.52,12.95,12.52,12.88,181300,8.22
2009-07-27,12.54,12.75,12.51,12.75,60900,8.13
2009-07-24,12.57,12.60,12.45,12.51,112400,7.98
2009-07-23,12.29,12.57,12.27,12.55,200000,8.01
2009-07-22,12.40,12.43,12.06,12.29,269700,7.84
2009-07-21,12.28,12.30,12.08,12.15,128200,7.75
2009-07-20,12.32,12.44,12.25,12.31,87500,7.85
2009-07-17,12.30,12.35,12.18,12.32,74100,7.86
2009-07-16,12.09,12.32,12.05,12.32,109800,7.86
2009-07-15,12.20,12.26,12.06,12.11,164800,7.73
2009-07-14,11.90,12.10,11.88,12.05,182800,7.69
2009-07-13,11.90,11.95,11.85,11.90,127900,7.59
2009-07-10,11.82,11.92,11.82,11.90,44700,7.59
2009-07-09,11.90,12.00,11.80,11.84,192400,7.55
2009-07-08,11.97,12.03,11.81,11.87,122400,7.57
2009-07-07,11.95,12.07,11.88,11.95,222000,7.62
2009-07-06,11.95,11.98,11.87,11.95,110900,7.62
2009-07-02,11.95,11.97,11.87,11.97,97300,7.64
2009-07-01,11.92,11.99,11.85,11.93,266900,7.61
2009-06-30,11.85,11.91,11.80,11.90,166700,7.59
2009-06-29,11.90,11.93,11.80,11.85,85300,7.56
2009-06-26,11.90,11.96,11.85,11.89,107500,7.58
2009-06-25,11.85,11.90,11.85,11.88,58300,7.58
2009-06-24,11.86,11.89,11.80,11.84,121400,7.55
2009-06-23,11.84,11.91,11.80,11.84,101600,7.55
2009-06-22,11.81,11.91,11.71,11.83,135700,7.55
2009-06-19,11.88,12.01,11.81,11.81,244800,7.53
2009-06-18,11.75,11.93,11.68,11.85,331400,7.56
2009-06-17,11.66,11.76,11.52,11.75,158700,7.50
2009-06-16,11.65,11.87,11.57,11.71,418200,7.47
