Date,Open,High,Low,Close,Volume,Adj Close
2012-05-04,23.22,23.22,22.17,22.26,811700,22.26
2012-05-03,24.03,24.10,23.30,23.45,460000,23.45
2012-05-02,24.17,24.36,23.80,24.21,346300,24.21
2012-05-01,23.83,24.64,23.68,24.20,229000,24.20
2012-04-30,23.50,23.94,22.56,23.76,818900,23.76
2012-04-27,23.69,23.96,23.43,23.55,346100,23.55
2012-04-26,23.81,24.00,23.51,23.64,411200,23.64
2012-04-25,24.30,24.30,23.75,24.17,324900,24.17
2012-04-24,24.36,24.52,23.93,24.17,263800,24.17
2012-04-23,25.15,25.21,24.12,24.27,841700,24.27
2012-04-20,26.04,26.17,25.22,25.28,312000,25.28
2012-04-19,26.33,27.04,25.83,26.07,278900,26.07
2012-04-18,26.25,26.46,25.95,26.35,213200,26.35
2012-04-17,26.56,26.77,26.39,26.55,96700,26.55
2012-04-16,27.07,27.10,26.39,26.45,292100,26.45
2012-04-13,27.30,27.41,26.74,27.07,148200,27.07
2012-04-12,26.40,27.38,26.37,27.26,264900,27.26
2012-04-11,26.12,26.40,25.65,26.35,597800,26.35
2012-04-10,26.56,26.56,24.92,25.63,1645100,25.63
2012-04-09,25.94,26.80,25.76,26.68,324000,26.68
2012-04-05,25.78,26.57,25.61,26.38,275200,26.38
2012-04-04,25.90,26.00,25.57,25.89,309600,25.89
2012-04-03,26.39,26.67,26.18,26.21,181400,26.21
2012-04-02,25.62,26.60,25.40,26.49,226500,26.49
2012-03-30,25.45,26.18,25.27,25.51,357000,25.51
2012-03-29,25.63,25.85,24.90,25.10,720200,25.10
2012-03-28,26.67,26.83,25.47,25.91,596300,25.91
2012-03-27,26.65,26.99,25.82,26.75,551200,26.75
2012-03-26,26.17,26.83,25.62,26.26,358900,26.26
2012-03-23,25.70,26.16,25.40,25.95,207900,25.95
2012-03-22,25.50,25.85,25.43,25.60,271700,25.60
2012-03-21,25.96,26.11,25.61,25.65,258000,25.65
2012-03-20,26.45,26.45,25.52,25.91,1052400,25.91
2012-03-19,25.01,26.68,25.01,26.50,963000,26.50
2012-03-16,26.21,26.80,25.99,26.05,801900,26.05
2012-03-15,27.23,27.44,26.18,26.39,762900,26.39
2012-03-14,28.01,28.15,26.52,27.01,838500,27.01
2012-03-13,27.14,27.62,26.95,27.31,1498800,27.31
2012-03-12,27.79,28.28,26.50,26.86,961800,26.86
2012-03-09,29.00,29.09,26.65,27.80,2341200,27.80
2012-03-08,29.92,31.32,29.50,29.69,909100,29.69
2012-03-07,29.50,29.99,29.16,29.52,393100,29.52
2012-03-06,31.16,31.98,28.51,29.20,670400,29.20
2012-03-05,31.85,32.95,31.52,31.82,242100,31.82
2012-03-02,30.65,32.91,30.62,31.92,505000,31.92
2012-03-01,30.70,31.01,30.52,30.68,103200,30.68
2012-02-29,30.99,31.42,30.56,30.69,69800,30.69
2012-02-28,31.15,31.34,30.78,30.98,171700,30.98
2012-02-27,30.41,31.02,29.97,30.92,141900,30.92
2012-02-24,30.38,31.52,30.35,30.65,221100,30.65
2012-02-23,30.95,31.43,29.82,30.38,320300,30.38
2012-02-22,30.47,31.01,30.05,30.96,137600,30.96
2012-02-21,30.94,31.48,30.36,30.66,318100,30.66
2012-02-17,31.20,31.76,30.70,31.06,105100,31.06
2012-02-16,30.47,30.98,29.93,30.88,189800,30.88
2012-02-15,31.30,31.36,30.37,30.55,472900,30.55
2012-02-14,30.76,31.07,29.42,30.99,210000,30.99
2012-02-13,31.21,31.21,30.33,30.76,358600,30.76
2012-02-10,31.04,31.25,30.42,31.06,254800,31.06
2012-02-09,31.04,31.80,30.76,31.37,590300,31.37
2012-02-08,29.93,30.91,29.56,30.75,1383500,30.75
2012-02-07,29.50,29.99,29.47,29.75,308700,29.75
2012-02-06,29.50,30.03,29.43,29.55,342900,29.55
2012-02-03,30.19,30.19,29.46,29.77,319900,29.77
2012-02-02,29.72,30.20,29.20,29.64,241400,29.64
2012-02-01,30.00,30.69,29.53,29.94,362500,29.94
2012-01-31,30.10,30.71,29.32,29.49,506600,29.49
2012-01-30,30.17,30.38,29.53,29.83,385900,29.83
2012-01-27,29.93,31.10,29.88,30.80,558000,30.80
2012-01-26,28.68,30.16,28.67,29.87,492400,29.87
2012-01-25,28.49,28.61,28.16,28.52,123100,28.52
2012-01-24,28.38,28.61,28.21,28.55,135400,28.55
2012-01-23,28.78,28.78,28.30,28.67,136600,28.67
2012-01-20,28.80,29.10,28.54,28.72,230800,28.72
2012-01-19,27.69,28.97,27.69,28.81,542000,28.81
2012-01-18,27.61,27.99,27.43,27.71,174800,27.71
2012-01-17,27.70,28.23,26.95,27.44,598100,27.44
2012-01-13,27.47,27.60,26.80,27.18,233300,27.18
2012-01-12,27.02,27.62,26.75,27.56,542200,27.56
2012-01-11,26.10,26.92,26.10,26.83,253300,26.83
2012-01-10,26.41,27.47,26.01,26.20,561300,26.20
2012-01-09,26.12,26.64,25.73,25.91,479600,25.91
2012-01-06,26.03,26.26,25.49,25.91,399100,25.91
2012-01-05,26.03,26.33,25.27,25.94,217000,25.94
2012-01-04,26.92,27.42,26.05,26.30,291400,26.30
2012-01-03,26.63,27.45,26.18,27.21,676400,27.21
2011-12-30,25.29,26.14,25.10,25.80,249400,25.80
2011-12-29,25.85,27.02,25.01,25.37,378300,25.37
2011-12-28,26.76,27.30,25.51,25.96,214500,25.96
2011-12-27,27.15,27.42,25.20,26.92,473800,26.92
2011-12-23,27.73,28.17,26.77,27.08,408200,27.08
2011-12-22,25.99,28.25,25.54,27.61,353300,27.61
2011-12-21,25.76,26.26,25.43,25.75,250200,25.75
2011-12-20,25.79,26.01,25.19,25.90,316400,25.90
2011-12-19,25.76,26.00,25.01,25.09,200500,25.09
2011-12-16,25.81,26.43,25.04,25.75,448300,25.75
2011-12-15,26.60,27.06,25.54,25.98,502000,25.98
2011-12-14,28.00,29.32,26.26,26.51,494700,26.51
2011-12-13,29.81,30.07,28.13,28.33,331200,28.33
2011-12-12,29.19,30.08,29.03,29.80,373100,29.80
2011-12-09,30.10,30.98,29.40,29.91,295400,29.91
2011-12-08,31.18,31.53,30.12,30.27,544200,30.27
2011-12-07,31.65,32.37,31.30,31.74,181000,31.74
2011-12-06,32.66,32.75,31.78,31.99,209000,31.99
2011-12-05,32.41,33.27,32.24,33.04,217000,33.04
2011-12-02,32.20,32.20,31.50,31.91,187300,31.91
2011-12-01,31.39,32.43,30.87,31.06,187100,31.06
2011-11-30,32.00,32.00,30.68,31.06,258900,31.06
2011-11-29,30.85,30.92,29.69,29.94,95200,29.94
2011-11-28,30.08,31.04,29.58,30.85,393900,30.85
2011-11-25,28.69,29.40,28.58,28.96,66700,28.96
2011-11-23,29.07,29.70,28.87,28.98,512000,28.98
2011-11-22,29.27,30.40,29.02,29.93,481900,29.93
2011-11-21,30.50,30.67,28.72,29.34,507300,29.34
2011-11-18,32.98,33.47,30.97,31.03,335900,31.03
2011-11-17,33.18,33.91,32.23,32.66,285600,32.66
2011-11-16,32.89,34.07,32.89,33.22,209400,33.22
2011-11-15,33.76,33.91,33.18,33.42,136800,33.42
2011-11-14,35.30,35.89,33.09,33.29,361600,33.29
2011-11-11,34.84,35.78,33.05,35.29,984300,35.29
2011-11-10,32.07,32.90,31.75,32.23,350000,32.23
2011-11-09,32.43,33.11,31.20,31.23,298000,31.23
2011-11-08,34.70,34.88,33.62,33.70,257400,33.70
2011-11-07,33.99,34.88,33.08,34.75,235600,34.75
2011-11-04,33.63,34.60,33.63,34.16,98100,34.16
2011-11-03,34.89,35.09,33.68,34.04,192800,34.04
2011-11-02,33.41,34.50,33.10,34.36,278000,34.36
2011-11-01,32.82,33.50,32.10,32.49,204900,32.49
2011-10-31,34.45,35.20,34.14,34.16,464100,34.16
2011-10-28,34.57,35.30,34.15,35.07,519900,35.07
2011-10-27,33.28,34.50,32.86,34.36,587300,34.36
2011-10-26,31.62,32.46,30.98,32.00,195900,32.00
2011-10-25,32.00,32.65,30.83,31.04,209400,31.04
2011-10-24,32.40,32.79,31.05,32.17,362900,32.17
2011-10-21,31.05,31.80,30.07,31.26,304400,31.26
2011-10-20,29.78,30.87,29.12,29.92,336000,29.92
2011-10-19,29.96,31.00,29.69,29.98,260600,29.98
2011-10-18,29.01,30.48,27.74,30.12,440300,30.12
2011-10-17,30.46,31.70,28.73,29.00,428200,29.00
2011-10-14,31.65,32.28,30.35,30.86,248900,30.86
2011-10-13,31.03,31.77,30.02,31.28,402200,31.28
2011-10-12,30.46,32.41,30.17,31.62,801600,31.62
2011-10-11,28.24,30.49,28.24,30.05,872400,30.05
2011-10-10,26.97,29.19,26.97,28.58,512400,28.58
2011-10-07,28.60,28.77,26.01,26.51,498100,26.51
2011-10-06,25.99,28.41,25.81,28.41,789200,28.41
2011-10-05,27.50,27.59,25.94,26.04,1053300,26.04
2011-10-04,24.21,27.61,24.01,27.50,1044300,27.50
2011-10-03,25.15,28.90,24.61,25.00,1476200,25.00
2011-09-30,29.25,29.25,22.09,25.77,3402000,25.77
2011-09-29,28.84,30.53,27.49,29.49,1732900,29.49
2011-09-28,33.90,33.90,26.15,28.00,1867400,28.00
2011-09-27,33.10,34.10,32.82,33.08,434700,33.08
2011-09-26,33.82,33.88,31.76,32.14,644300,32.14
2011-09-23,33.20,34.56,33.18,33.73,753500,33.73
2011-09-22,35.00,35.29,32.68,33.07,777000,33.07
2011-09-21,36.43,37.60,35.85,36.19,453200,36.19
2011-09-20,37.19,37.83,36.31,36.57,572100,36.57
2011-09-19,35.61,37.20,35.44,36.75,359300,36.75
2011-09-16,37.07,37.22,36.25,36.39,353600,36.39
2011-09-15,37.65,37.66,36.15,37.11,216300,37.11
2011-09-14,35.87,37.25,35.87,36.99,485300,36.99
2011-09-13,35.38,35.99,35.20,35.92,253200,35.92
2011-09-12,34.81,35.90,34.18,35.42,345000,35.42
2011-09-09,37.10,37.68,34.71,35.57,370500,35.57
2011-09-08,36.59,38.24,36.28,36.60,195200,36.60
2011-09-07,36.41,37.21,36.29,37.05,172000,37.05
2011-09-06,35.10,35.90,34.93,35.75,302500,35.75
2011-09-02,36.38,37.51,36.05,36.21,220800,36.21
2011-09-01,38.20,38.88,36.24,36.99,448300,36.99
2011-08-31,38.32,39.35,37.67,38.24,355700,38.24
2011-08-30,37.92,38.53,37.54,38.01,312900,38.01
2011-08-29,36.10,38.46,35.90,38.08,547600,38.08
2011-08-26,34.82,35.51,33.50,35.43,492500,35.43
2011-08-25,35.64,35.88,34.76,34.99,714200,34.99
2011-08-24,35.50,36.38,34.82,35.36,695900,35.36
2011-08-23,34.31,35.88,33.66,35.55,788500,35.55
2011-08-22,36.06,36.16,33.88,33.95,536500,33.95
2011-08-19,34.00,35.76,33.74,35.27,711000,35.27
2011-08-18,36.95,37.20,34.22,34.43,724700,34.43
2011-08-17,36.76,38.31,36.76,37.71,505800,37.71
2011-08-16,37.62,38.22,36.51,36.68,191500,36.68
2011-08-15,35.58,38.07,35.38,38.02,748300,38.02
2011-08-12,34.79,36.07,34.17,35.03,1171700,35.03
2011-08-11,33.80,36.18,33.13,34.66,1799000,34.66
2011-08-10,34.75,35.72,34.04,34.38,863700,34.38
2011-08-09,33.89,36.00,32.35,35.99,650600,35.99
2011-08-08,34.32,34.99,32.27,33.00,713800,33.00
2011-08-05,36.11,37.00,35.12,35.86,888900,35.86
2011-08-04,36.17,37.63,34.72,35.51,563000,35.51
2011-08-03,37.65,38.49,36.11,36.97,695400,36.97
2011-08-02,40.50,40.66,37.78,38.04,584600,38.04
2011-08-01,39.42,41.00,39.42,40.90,646200,40.90
2011-07-29,38.34,38.72,37.43,38.54,240400,38.54
2011-07-28,40.16,40.19,38.81,38.93,203400,38.93
2011-07-27,40.48,40.69,39.63,40.15,419600,40.15
2011-07-26,38.92,41.13,38.57,40.66,1153200,40.66
2011-07-25,37.67,38.85,37.59,38.73,536100,38.73
2011-07-22,38.39,38.79,37.93,38.26,194800,38.26
2011-07-21,36.96,38.65,36.96,38.23,654900,38.23
2011-07-20,36.65,36.93,36.09,36.81,186400,36.81
2011-07-19,36.96,37.31,36.11,36.45,317500,36.45
2011-07-18,37.11,37.28,36.36,36.48,376000,36.48
2011-07-15,37.65,37.76,36.82,37.23,160600,37.23
2011-07-14,38.10,38.23,36.69,37.29,220300,37.29
2011-07-13,37.36,38.48,37.11,37.86,291400,37.86
2011-07-12,37.08,37.23,35.93,36.96,618000,36.96
2011-07-11,37.64,38.82,37.14,37.24,424800,37.24
2011-07-08,39.18,39.74,38.30,38.39,384400,38.39
2011-07-07,40.50,40.80,39.60,39.76,637200,39.76
2011-07-06,40.40,40.69,39.73,40.07,441500,40.07
2011-07-05,40.19,40.80,39.79,40.68,397100,40.68
2011-07-01,38.14,40.72,37.94,40.35,791900,40.35
2011-06-30,37.55,38.16,37.40,38.04,399500,38.04
2011-06-29,38.52,39.00,37.42,37.61,558500,37.61
2011-06-28,37.42,38.86,37.05,38.37,672000,38.37
2011-06-27,35.97,37.94,35.65,37.69,872400,37.69
2011-06-24,35.40,36.30,35.36,35.92,691300,35.92
2011-06-23,34.42,35.17,34.35,35.12,342300,35.12
2011-06-22,36.08,36.10,35.00,35.14,454200,35.14
2011-06-21,35.23,36.67,35.04,36.16,602100,36.16
2011-06-20,33.50,35.40,33.38,35.11,599100,35.11
2011-06-17,34.22,34.22,33.23,33.62,383800,33.62
2011-06-16,34.44,34.92,33.81,34.00,336700,34.00
2011-06-15,35.25,35.87,34.14,34.60,609300,34.60
2011-06-14,34.26,36.06,33.96,35.76,643000,35.76
2011-06-13,34.45,34.89,33.44,33.63,545600,33.63
2011-06-10,35.28,35.87,34.09,34.19,897700,34.19
2011-06-09,33.64,36.96,33.64,35.77,1248200,35.77
2011-06-08,38.00,38.08,33.44,33.73,1200700,33.73
2011-06-07,38.44,38.95,37.91,38.01,491500,38.01
2011-06-06,39.50,40.00,38.24,38.44,342100,38.44
2011-06-03,39.44,40.11,38.98,39.39,714000,39.39
2011-06-02,40.44,40.44,39.21,39.98,594500,39.98
2011-06-01,40.54,41.00,40.19,40.50,360200,40.50
2011-05-31,40.99,40.99,40.32,40.87,542700,40.87
2011-05-27,37.86,40.94,37.83,40.67,751000,40.67
2011-05-26,36.37,37.79,36.25,37.49,312400,37.49
2011-05-25,36.50,37.05,36.37,36.41,345100,36.41
2011-05-24,36.63,37.00,36.42,36.89,465800,36.89
2011-05-23,38.60,38.67,36.06,36.39,626400,36.39
2011-05-20,39.02,39.59,38.62,38.69,125200,38.69
2011-05-19,38.60,39.71,38.60,39.19,234600,39.19
2011-05-18,38.55,39.56,38.29,38.33,324300,38.33
2011-05-17,40.52,40.55,38.11,38.27,680500,38.27
2011-05-16,41.57,41.91,40.37,40.52,234000,40.52
2011-05-13,42.51,42.87,41.99,42.16,172700,42.16
2011-05-12,41.42,43.00,41.35,42.61,236400,42.61
2011-05-11,42.28,43.08,41.35,41.75,334800,41.75
2011-05-10,40.10,42.91,40.10,42.85,868200,42.85
2011-05-09,40.47,40.82,40.20,40.34,365900,40.34
2011-05-06,41.80,41.80,40.42,40.45,213000,40.45
2011-05-05,40.97,41.74,40.67,41.18,170100,41.18
2011-05-04,40.99,41.35,40.17,41.13,352000,41.13
2011-05-03,42.90,42.98,40.00,41.28,537700,41.28
2011-05-02,42.80,43.26,42.01,42.90,435500,42.90
2011-04-29,43.61,43.70,42.88,43.23,162000,43.23
2011-04-28,43.37,43.87,43.19,43.55,157300,43.55
2011-04-27,43.31,44.32,43.02,43.69,339500,43.69
2011-04-26,43.45,43.64,42.71,43.57,571300,43.57
2011-04-25,44.31,44.65,43.26,43.47,314200,43.47
2011-04-21,43.06,44.63,42.95,44.48,297100,44.48
2011-04-20,44.20,44.30,42.42,42.82,388700,42.82
2011-04-19,43.50,44.28,43.22,44.00,452500,44.00
2011-04-18,43.00,43.00,41.56,42.84,247600,42.84
2011-04-15,42.13,43.75,41.80,43.20,356700,43.20
2011-04-14,41.79,42.90,41.71,41.88,288100,41.88
2011-04-13,41.46,43.48,40.91,42.00,420200,42.00
2011-04-12,42.04,42.88,41.03,41.41,421700,41.41
2011-04-11,43.21,43.99,42.00,42.22,440000,42.22
2011-04-08,44.09,44.86,43.00,43.34,796000,43.34
2011-04-07,43.70,43.98,42.51,42.81,356300,42.81
2011-04-06,42.89,43.77,42.62,43.62,504900,43.62
2011-04-05,42.45,42.83,41.78,42.72,418400,42.72
2011-04-04,41.63,42.38,41.19,42.34,374800,42.34
2011-04-01,39.92,43.20,39.78,41.50,1098200,41.50
2011-03-31,38.27,39.68,38.01,39.57,689900,39.57
2011-03-30,38.64,38.81,37.94,38.30,837000,38.30
2011-03-29,38.32,38.68,37.69,38.21,655500,38.21
2011-03-28,39.30,39.63,38.22,38.26,289300,38.26
2011-03-25,39.90,39.96,39.05,39.28,244700,39.28
2011-03-24,40.05,40.09,39.14,39.63,335300,39.63
2011-03-23,39.95,40.25,39.28,40.03,333900,40.03
2011-03-22,40.81,40.99,39.72,39.95,347800,39.95
2011-03-21,40.19,41.10,39.85,40.65,382200,40.65
2011-03-18,39.68,40.20,39.53,39.86,419200,39.86
2011-03-17,39.18,39.83,38.83,39.39,376400,39.39
2011-03-16,37.99,39.43,37.56,38.60,555200,38.60
2011-03-15,38.28,38.80,37.48,37.92,788600,37.92
2011-03-14,39.45,39.49,38.62,39.05,427600,39.05
2011-03-11,39.82,40.12,39.17,39.51,469800,39.51
2011-03-10,40.02,41.29,39.88,40.17,639300,40.17
2011-03-09,39.08,40.94,38.50,40.83,1072200,40.83
2011-03-08,38.16,39.35,36.75,39.28,1413500,39.28
2011-03-07,38.88,39.11,37.17,37.86,800100,37.86
2011-03-04,37.74,39.26,37.40,38.99,1668700,38.99
2011-03-03,36.60,38.20,36.39,37.58,1334700,37.58
2011-03-02,33.89,36.14,33.81,35.82,958800,35.82
2011-03-01,33.83,34.08,33.54,34.00,317900,34.00
2011-02-28,33.99,34.71,33.41,33.81,568000,33.81
2011-02-25,32.85,33.58,32.85,33.58,414500,33.58
2011-02-24,32.92,33.31,32.07,32.71,403200,32.71
2011-02-23,32.38,33.36,32.16,32.95,507800,32.95
2011-02-22,33.34,34.38,32.22,32.55,1379400,32.55
2011-02-18,34.38,34.53,33.19,34.19,491900,34.19
2011-02-17,34.14,34.50,34.03,34.39,313000,34.39
2011-02-16,34.58,34.75,33.88,34.01,215400,34.01
2011-02-15,34.27,34.79,34.05,34.33,273600,34.33
2011-02-14,33.74,34.79,33.33,34.40,431400,34.40
2011-02-11,33.18,34.13,32.05,33.87,853100,33.87
2011-02-10,34.21,34.55,33.04,33.13,493900,33.13
2011-02-09,34.52,34.88,34.35,34.40,495900,34.40
2011-02-08,34.33,35.05,33.84,34.96,769200,34.96
2011-02-07,34.24,34.79,33.87,34.30,414700,34.30
2011-02-04,33.90,34.29,33.77,34.00,177400,34.00
2011-02-03,34.84,35.35,34.01,34.06,982500,34.06
2011-02-02,34.40,35.04,34.21,34.94,764200,34.94
2011-02-01,34.01,35.13,33.88,34.77,1239500,34.77
2011-01-31,35.88,35.88,33.13,33.73,2886800,33.73
2011-01-28,37.79,37.79,35.01,35.34,984700,35.34
2011-01-27,38.87,38.87,37.20,37.51,1030900,37.51
2011-01-26,36.91,38.93,36.91,38.82,750700,38.82
2011-01-25,37.05,37.07,36.07,36.95,405200,36.95
2011-01-24,37.00,37.46,36.09,37.36,407900,37.36
2011-01-21,37.33,37.63,36.45,36.81,364700,36.81
2011-01-20,38.03,38.03,36.81,37.25,671000,37.25
2011-01-19,38.45,38.73,38.14,38.28,649400,38.28
2011-01-18,37.35,38.42,37.04,38.33,722300,38.33
2011-01-14,38.67,38.68,37.15,37.35,1345600,37.35
2011-01-13,38.40,39.40,38.11,38.81,1152500,38.81
2011-01-12,39.15,39.35,38.30,38.44,722800,38.44
2011-01-11,39.90,39.97,38.88,39.01,725700,39.01
2011-01-10,40.00,40.28,39.16,39.31,503500,39.31
2011-01-07,39.95,42.25,39.95,40.23,956000,40.23
2011-01-06,40.33,40.65,39.76,39.98,516800,39.98
2011-01-05,39.58,40.65,39.50,40.25,433300,40.25
2011-01-04,39.75,40.10,38.95,39.58,1217000,39.58
2011-01-03,41.47,41.47,39.58,39.70,543600,39.70
2010-12-31,41.27,41.27,40.64,40.96,217700,40.96
2010-12-30,40.08,41.15,39.72,40.89,461900,40.89
2010-12-29,39.80,40.38,39.54,39.90,739200,39.90
2010-12-28,41.53,41.63,39.46,39.67,473300,39.67
2010-12-27,41.95,42.13,41.42,41.71,292600,41.71
2010-12-23,42.33,42.57,41.67,42.21,313700,42.21
2010-12-22,42.30,42.97,41.71,42.58,283700,42.58
2010-12-21,42.50,43.24,40.41,42.33,742100,42.33
2010-12-20,42.07,42.65,41.29,42.49,237500,42.49
2010-12-17,41.61,42.42,41.58,42.21,379900,42.21
2010-12-16,41.72,42.06,41.03,41.71,596600,41.71
2010-12-15,41.48,42.80,41.26,41.58,1497000,41.58
2010-12-14,39.71,42.53,38.57,41.14,1959200,41.14
2010-12-13,42.69,42.97,41.00,41.40,820700,41.40
2010-12-10,42.51,43.11,42.19,43.00,437100,43.00
2010-12-09,44.51,44.63,42.11,43.01,1060800,43.01
2010-12-08,45.02,45.39,44.42,44.47,319200,44.47
2010-12-07,45.98,46.23,44.80,45.26,433200,45.26
2010-12-06,46.67,47.20,45.33,45.57,345900,45.57
2010-12-03,47.04,47.69,46.59,47.06,562200,47.06
2010-12-02,47.02,47.75,46.50,47.29,342400,47.29
2010-12-01,48.03,48.48,47.00,47.23,332300,47.23
2010-11-30,47.29,47.89,46.75,47.61,139400,47.61
2010-11-29,48.57,48.86,47.20,48.04,204300,48.04
2010-11-26,49.36,49.99,48.38,48.38,78500,48.38
2010-11-24,48.91,50.13,48.80,50.11,266000,50.11
2010-11-23,47.50,48.95,47.04,48.85,330700,48.85
2010-11-22,48.00,48.35,47.59,48.08,271500,48.08
2010-11-19,48.38,48.47,47.80,48.20,242700,48.20
2010-11-18,48.55,49.68,48.21,48.38,174900,48.38
2010-11-17,47.76,48.68,47.22,48.06,297600,48.06
2010-11-16,49.30,49.30,46.48,48.26,645000,48.26
2010-11-15,50.65,50.91,49.42,49.48,513500,49.48
2010-11-12,50.98,51.13,49.70,50.70,636400,50.70
2010-11-11,45.99,51.77,45.40,51.60,1956800,51.60
2010-11-10,45.32,46.05,43.84,45.95,984000,45.95
2010-11-09,45.99,46.00,44.67,44.82,628400,44.82
2010-11-08,45.55,46.38,44.83,45.10,577200,45.10
2010-11-05,45.61,46.88,44.00,45.94,1031100,45.94
2010-11-04,50.40,50.88,44.97,45.77,1473500,45.77
2010-11-03,51.00,51.38,48.60,49.76,724600,49.76
2010-11-02,52.24,52.25,50.86,51.33,295200,51.33
2010-11-01,51.60,51.90,50.50,51.52,307900,51.52
2010-10-29,51.17,51.53,50.99,51.16,230800,51.16
2010-10-28,51.30,51.53,50.50,51.03,270000,51.03
2010-10-27,51.00,51.44,50.43,50.88,109800,50.88
2010-10-26,51.25,51.60,50.94,51.32,343000,51.32
2010-10-25,52.23,52.50,50.80,51.25,269500,51.25
2010-10-22,50.50,51.76,50.50,51.24,227700,51.24
2010-10-21,51.20,51.88,49.59,50.42,284400,50.42
2010-10-20,50.21,50.86,49.99,50.45,299500,50.45
2010-10-19,51.85,51.85,49.57,49.93,308300,49.93
2010-10-18,52.30,52.92,51.70,52.55,224900,52.55
2010-10-15,53.75,54.25,52.20,52.29,293100,52.29
2010-10-14,53.99,53.99,52.78,53.66,407900,53.66
2010-10-13,50.21,53.99,50.17,53.15,821200,53.15
2010-10-12,49.99,50.56,49.25,50.16,408000,50.16
2010-10-11,49.75,50.39,49.74,49.97,300600,49.97
2010-10-08,49.15,50.00,49.00,49.64,169400,49.64
2010-10-07,49.23,49.78,48.60,49.00,226500,49.00
2010-10-06,51.01,51.57,48.88,49.01,488100,49.01
2010-10-05,49.52,50.83,49.34,50.66,260500,50.66
2010-10-04,50.00,50.85,48.70,49.30,293000,49.30
2010-10-01,49.75,50.57,49.65,50.14,328300,50.14
2010-09-30,49.77,50.33,48.72,49.51,354000,49.51
2010-09-29,51.00,51.42,49.10,49.48,495400,49.48
2010-09-28,49.42,50.99,48.74,50.79,1230700,50.79
2010-09-27,47.41,49.10,46.89,48.76,1212600,48.76
2010-09-24,46.80,47.20,46.30,46.89,283500,46.89
2010-09-23,46.91,47.54,45.71,46.05,309200,46.05
2010-09-22,46.44,47.60,46.23,47.12,511100,47.12
2010-09-21,47.00,47.43,46.02,46.32,357800,46.32
2010-09-20,47.12,47.39,46.70,47.09,468500,47.09
2010-09-17,48.00,48.22,46.61,46.68,387200,46.68
2010-09-16,49.27,49.40,47.30,47.61,521200,47.61
2010-09-15,50.04,50.36,49.19,49.45,147300,49.45
2010-09-14,50.49,50.60,49.49,49.84,286300,49.84
2010-09-13,49.88,50.64,49.65,50.21,561500,50.21
2010-09-10,49.45,49.45,48.33,48.73,255600,48.73
2010-09-09,48.23,49.00,48.23,48.83,421800,48.83
2010-09-08,46.55,48.16,46.35,48.10,575900,48.10
2010-09-07,46.50,47.27,45.93,46.66,397700,46.66
2010-09-03,45.30,46.37,45.10,46.31,542900,46.31
2010-09-02,44.95,45.43,44.55,45.00,279800,45.00
2010-09-01,42.39,44.80,42.39,44.73,396300,44.73
2010-08-31,41.85,43.01,41.13,41.96,417300,41.96
2010-08-30,42.93,43.49,41.90,41.95,378300,41.95
2010-08-27,41.34,42.21,40.53,42.14,240000,42.14
2010-08-26,42.43,42.81,40.90,41.23,184200,41.23
2010-08-25,41.00,42.08,40.25,41.94,265600,41.94
2010-08-24,42.94,42.95,41.14,41.50,257400,41.50
2010-08-23,44.28,44.48,43.16,43.36,183800,43.36
2010-08-20,43.11,44.30,42.85,44.23,319000,44.23
2010-08-19,44.31,44.50,43.25,43.54,261100,43.54
2010-08-18,44.79,45.25,43.47,44.58,890900,44.58
2010-08-17,43.49,44.79,43.22,44.73,472000,44.73
2010-08-16,41.52,43.15,41.52,43.01,244500,43.01
2010-08-13,41.93,42.20,41.14,41.99,337300,41.99
2010-08-12,42.50,43.17,41.91,41.99,575100,41.99
2010-08-11,44.50,44.50,42.70,43.39,1230500,43.39
2010-08-10,43.53,43.99,42.56,43.14,614800,43.14
2010-08-09,43.88,44.71,43.39,44.28,418200,44.28
2010-08-06,43.41,44.38,43.33,44.00,456400,44.00
2010-08-05,43.18,43.89,42.34,43.84,404800,43.84
2010-08-04,42.03,43.40,42.03,43.06,527400,43.06
2010-08-03,42.50,42.60,41.51,41.67,242700,41.67
2010-08-02,42.99,43.00,42.32,42.67,507100,42.67
2010-07-30,42.37,42.67,41.02,42.07,543300,42.07
2010-07-29,41.95,43.19,41.56,42.83,604200,42.83
2010-07-28,41.36,42.42,40.71,41.52,332500,41.52
2010-07-27,42.21,42.47,41.05,41.11,320600,41.11
2010-07-26,42.11,42.47,41.58,41.75,318200,41.75
2010-07-23,40.70,42.09,40.60,42.00,480500,42.00
2010-07-22,40.58,40.70,39.60,40.64,172000,40.64
2010-07-21,40.10,40.69,39.15,39.67,118300,39.67
2010-07-20,38.35,39.62,38.33,39.49,274000,39.49
2010-07-19,38.88,39.43,38.40,39.05,153900,39.05
2010-07-16,40.00,40.39,38.52,38.88,338900,38.88
2010-07-15,40.72,40.72,39.83,40.44,95500,40.44
2010-07-14,40.18,41.02,40.02,40.85,145500,40.85
2010-07-13,41.20,41.25,40.04,40.25,259500,40.25
2010-07-12,40.46,41.08,40.02,40.18,93100,40.18
2010-07-09,39.78,40.80,39.78,40.79,205000,40.79
2010-07-08,38.86,39.99,38.85,39.92,234900,39.92
2010-07-07,37.28,38.67,36.63,38.66,329400,38.66
2010-07-06,38.99,39.98,36.82,37.30,383900,37.30
2010-07-02,39.05,39.20,37.95,38.23,265000,38.23
2010-07-01,38.90,39.82,37.00,38.88,420000,38.88
2010-06-30,38.94,39.85,38.27,39.04,293200,39.04
2010-06-29,39.67,39.67,37.33,38.65,633100,38.65
2010-06-28,42.01,42.03,40.80,41.04,150000,41.04
2010-06-25,41.89,42.00,40.99,41.75,265400,41.75
2010-06-24,41.37,41.70,40.39,41.22,247900,41.22
2010-06-23,41.05,42.21,39.77,41.48,582500,41.48
2010-06-22,40.50,40.99,39.64,40.10,265000,40.10
2010-06-21,41.58,42.84,39.50,40.19,1119800,40.19
2010-06-18,41.02,41.09,40.51,41.00,354300,41.00
2010-06-17,40.30,41.09,39.50,41.00,284100,41.00
2010-06-16,41.00,41.19,38.78,40.33,471900,40.33
2010-06-15,39.40,41.03,38.92,40.79,517600,40.79
2010-06-14,39.49,40.34,38.90,39.05,688100,39.05
2010-06-11,38.64,39.19,38.47,39.14,180900,39.14
2010-06-10,37.30,39.09,37.30,39.00,333400,39.00
2010-06-09,37.64,38.96,36.85,37.16,320400,37.16
2010-06-08,36.01,37.08,35.81,37.03,218700,37.03
2010-06-07,36.50,37.36,35.81,36.00,333400,36.00
2010-06-04,37.44,38.12,36.57,36.84,339100,36.84
2010-06-03,39.10,39.63,37.37,38.38,591600,38.38
2010-06-02,39.04,39.20,38.02,38.93,145400,38.93
2010-06-01,38.01,39.24,37.60,38.41,534200,38.41
2010-05-28,38.11,38.37,37.31,38.09,447400,38.09
2010-05-27,36.70,38.50,36.60,38.50,431400,38.50
2010-05-26,35.13,36.69,35.02,35.35,264000,35.35
2010-05-25,33.02,34.90,32.72,34.58,230600,34.58
2010-05-24,33.65,35.20,33.65,34.31,226800,34.31
2010-05-21,33.55,34.69,32.52,33.91,496400,33.91
2010-05-20,34.25,34.87,33.57,33.63,609900,33.63
2010-05-19,35.22,36.37,34.50,35.50,413800,35.50
2010-05-18,36.34,37.72,35.28,35.60,603700,35.60
2010-05-17,36.19,36.52,35.11,36.05,576100,36.05
2010-05-14,37.17,37.50,35.73,36.19,931300,36.19
2010-05-13,37.30,38.32,37.07,38.00,1056800,38.00
2010-05-12,35.72,37.36,35.51,37.08,1807000,37.08
2010-05-11,32.53,34.86,32.00,34.45,749200,34.45
2010-05-10,32.91,33.76,32.58,33.25,411500,33.25
2010-05-07,30.61,31.47,29.56,31.13,926000,31.13
2010-05-06,32.37,32.50,28.61,30.79,579300,30.79
2010-05-05,32.77,33.13,30.90,32.83,516700,32.83
2010-05-04,35.22,35.22,32.96,33.32,352900,33.32
2010-05-03,35.36,36.35,34.96,35.77,219100,35.77
2010-04-30,35.57,35.75,34.71,34.84,348200,34.84
2010-04-29,35.14,35.59,34.86,35.33,471800,35.33
2010-04-28,35.58,35.60,34.34,34.90,467700,34.90
2010-04-27,35.80,36.40,35.13,35.54,464700,35.54
2010-04-26,35.80,36.44,35.51,35.96,198200,35.96
2010-04-23,34.93,36.25,34.90,35.83,502200,35.83
2010-04-22,34.27,35.00,33.85,34.99,481600,34.99
2010-04-21,34.70,34.82,33.39,34.46,284500,34.46
2010-04-20,33.44,35.20,33.16,34.57,619700,34.57
2010-04-19,33.15,33.45,31.72,32.92,289700,32.92
2010-04-16,33.83,34.38,33.10,33.51,201500,33.51
2010-04-15,34.76,35.18,34.06,34.19,146500,34.19
2010-04-14,34.20,34.77,33.93,34.77,199800,34.77
2010-04-13,34.50,35.48,33.77,33.98,426000,33.98
2010-04-12,34.29,35.09,34.29,34.50,451900,34.50
2010-04-09,34.15,34.77,33.70,34.43,406100,34.43
2010-04-08,33.49,34.25,32.87,33.86,363000,33.86
2010-04-07,34.42,34.48,33.56,33.93,187100,33.93
2010-04-06,34.95,35.07,34.51,34.64,156900,34.64
2010-04-05,34.31,35.48,34.15,35.13,554500,35.13
2010-04-01,33.39,34.02,33.00,33.98,359300,33.98
2010-03-31,33.24,33.32,32.34,32.74,161500,32.74
2010-03-30,32.59,33.47,32.07,33.35,296000,33.35
2010-03-29,32.68,33.12,32.43,32.89,156400,32.89
2010-03-26,32.35,33.06,31.88,32.39,401500,32.39
2010-03-25,34.42,34.43,32.22,32.35,352900,32.35
2010-03-24,33.30,34.20,33.24,34.05,449200,34.05
2010-03-23,33.09,33.75,32.89,33.27,581500,33.27
2010-03-22,31.60,33.58,31.31,33.24,564700,33.24
2010-03-19,31.65,32.64,31.64,32.33,458500,32.33
2010-03-18,30.72,31.97,30.22,31.80,371300,31.80
2010-03-17,31.51,31.51,30.67,30.81,549900,30.81
2010-03-16,31.87,31.93,31.08,31.61,300000,31.61
2010-03-15,32.49,32.49,31.21,31.93,398800,31.93
2010-03-12,32.95,33.36,32.22,32.77,331300,32.77
2010-03-11,33.24,33.49,32.01,32.71,352500,32.71
2010-03-10,32.36,34.04,32.36,33.64,355100,33.64
2010-03-09,33.05,33.69,32.00,32.28,821100,32.28
2010-03-08,35.42,35.75,33.35,33.42,500100,33.42
2010-03-05,34.29,35.79,33.88,34.99,446200,34.99
2010-03-04,36.72,36.72,32.40,33.79,1269200,33.79
2010-03-03,36.44,36.50,35.04,35.59,481900,35.59
2010-03-02,36.99,36.99,35.92,36.12,384200,36.12
2010-03-01,33.93,36.56,33.71,35.85,549500,35.85
2010-02-26,34.48,34.48,33.42,33.57,267500,33.57
2010-02-25,33.16,34.49,32.50,34.48,313100,34.48
2010-02-24,34.49,34.49,33.52,33.99,204800,33.99
2010-02-23,34.95,35.60,34.06,34.42,386100,34.42
2010-02-22,32.19,35.00,32.19,34.74,765300,34.74
2010-02-19,32.76,32.88,31.76,32.59,409500,32.59
2010-02-18,33.18,33.43,32.70,33.18,205100,33.18
2010-02-17,33.44,33.85,32.65,32.99,203300,32.99
2010-02-16,31.61,33.00,31.61,32.96,449800,32.96
2010-02-12,30.15,31.43,29.61,31.34,291400,31.34
2010-02-11,29.60,31.13,29.26,30.97,273800,30.97
2010-02-10,28.57,29.58,28.16,29.49,221900,29.49
2010-02-09,29.04,29.32,27.83,28.77,241300,28.77
2010-02-08,27.73,28.88,27.36,28.34,294700,28.34
2010-02-05,27.43,28.65,26.89,28.31,516600,28.31
2010-02-04,30.61,31.08,27.85,27.89,891900,27.89
2010-02-03,31.89,31.89,30.47,31.20,662800,31.20
2010-02-02,31.44,31.99,30.92,31.73,299600,31.73
2010-02-01,30.96,31.32,30.15,31.22,365400,31.22
2010-01-29,31.38,31.92,30.42,30.76,357300,30.76
2010-01-28,32.30,32.92,31.06,31.16,332200,31.16
2010-01-27,32.06,32.28,30.95,31.88,417400,31.88
2010-01-26,31.70,32.70,31.50,32.38,262300,32.38
2010-01-25,32.37,33.11,31.24,31.96,327400,31.96
2010-01-22,32.24,33.35,30.52,32.32,731600,32.32
2010-01-21,32.41,35.43,32.31,32.63,829200,32.63
2010-01-20,34.50,34.79,32.50,32.89,874400,32.89
2010-01-19,35.06,35.37,34.58,35.02,295400,35.02
2010-01-15,36.20,36.39,34.76,35.11,332000,35.11
2010-01-14,35.52,36.94,35.46,35.84,509300,35.84
2010-01-13,36.27,36.45,34.30,35.48,1231200,35.48
2010-01-12,38.70,38.91,36.10,36.42,1299300,36.42
2010-01-11,41.09,41.70,39.00,39.33,691700,39.33
2010-01-08,39.19,40.29,38.82,40.06,603500,40.06
2010-01-07,38.67,40.00,38.42,39.00,456100,39.00
2010-01-06,39.00,39.18,38.05,38.55,413400,38.55
2010-01-05,39.36,39.36,38.51,38.93,654600,38.93
2010-01-04,36.10,39.77,36.05,38.93,2634800,38.93
2009-12-31,35.10,35.85,34.66,35.35,263900,35.35
2009-12-30,34.91,35.49,34.83,34.93,349200,34.93
2009-12-29,34.26,35.08,34.26,34.96,226900,34.96
2009-12-28,35.49,35.49,34.14,34.33,187400,34.33
2009-12-24,35.48,35.48,34.87,35.09,118600,35.09
2009-12-23,34.51,35.34,33.81,34.99,274900,34.99
2009-12-22,36.51,36.51,33.26,34.40,664700,34.40
2009-12-21,36.34,36.87,35.88,36.65,175100,36.65
2009-12-18,36.32,36.43,35.10,36.18,471000,36.18
2009-12-17,36.60,36.96,35.12,35.76,326900,35.76
2009-12-16,37.05,37.33,36.74,37.12,156200,37.12
2009-12-15,37.43,38.00,36.76,37.06,338500,37.06
2009-12-14,36.61,37.49,36.03,37.49,327500,37.49
2009-12-11,36.20,36.70,35.84,36.53,231700,36.53
2009-12-10,36.42,36.65,35.89,36.09,299600,36.09
2009-12-09,36.30,36.77,35.50,36.03,172700,36.03
2009-12-08,36.00,36.61,35.31,36.51,360400,36.51
2009-12-07,37.99,38.00,36.43,36.60,412600,36.60
2009-12-04,36.30,38.00,36.30,37.93,932400,37.93
2009-12-03,35.65,36.10,34.27,35.69,404600,35.69
2009-12-02,37.00,37.24,35.04,35.15,443600,35.15
2009-12-01,35.74,36.80,35.26,36.62,572900,36.62
2009-11-30,33.58,35.20,33.24,35.13,487300,35.13
2009-11-27,33.31,34.38,32.30,33.53,569200,33.53
2009-11-25,35.40,35.52,34.43,35.31,188800,35.31
2009-11-24,35.90,35.90,33.75,35.16,350800,35.16
2009-11-23,36.75,36.90,35.77,35.97,505600,35.97
2009-11-20,36.16,36.38,34.61,36.05,460400,36.05
2009-11-19,37.00,37.06,35.10,35.48,624100,35.48
2009-11-18,37.30,37.35,36.58,37.00,481000,37.00
2009-11-17,36.24,37.41,36.24,37.30,616400,37.30
2009-11-16,36.20,36.88,35.90,36.71,1184000,36.71
2009-11-13,35.00,36.00,34.72,35.44,545300,35.44
2009-11-12,36.00,36.36,33.50,34.54,878700,34.54
2009-11-11,36.77,37.18,35.33,36.36,1010400,36.36
2009-11-10,35.07,36.40,34.03,36.33,2963800,36.33
2009-11-09,32.13,33.38,32.13,32.89,707700,32.89
2009-11-06,31.73,32.25,31.22,31.95,411200,31.95
2009-11-05,30.05,32.18,30.02,32.12,777300,32.12
2009-11-04,28.93,30.38,28.72,30.31,616100,30.31
2009-11-03,27.00,28.61,26.81,28.53,395800,28.53
2009-11-02,26.99,28.80,26.54,27.50,517900,27.50
2009-10-30,28.66,29.00,26.39,26.58,562500,26.58
2009-10-29,25.68,29.17,25.68,29.04,674700,29.04
2009-10-28,26.00,27.35,25.30,25.51,780500,25.51
2009-10-27,32.24,32.24,26.33,27.42,1420400,27.42
2009-10-26,31.40,33.30,30.93,31.95,777500,31.95
2009-10-23,32.29,32.45,30.61,30.79,369000,30.79
2009-10-22,31.60,32.50,30.51,31.85,299900,31.85
2009-10-21,31.97,33.00,31.54,31.63,419400,31.63
2009-10-20,32.96,33.06,31.35,31.70,396700,31.70
2009-10-19,31.60,33.08,31.20,32.22,721800,32.22
2009-10-16,30.50,31.60,29.45,31.03,373400,31.03
2009-10-15,31.70,32.00,30.72,30.84,343400,30.84
2009-10-14,32.00,32.80,31.60,31.77,230000,31.77
2009-10-13,30.75,32.07,30.28,31.26,394900,31.26
2009-10-12,34.00,34.25,30.97,31.15,528900,31.15
2009-10-09,32.40,34.10,32.40,33.47,446900,33.47
2009-10-08,32.25,33.90,32.25,32.68,477800,32.68
2009-10-07,32.42,33.10,31.55,32.08,380400,32.08
2009-10-06,30.29,32.50,30.20,32.46,882000,32.46
2009-10-05,28.50,30.19,28.50,30.05,283400,30.05
2009-10-02,27.71,29.30,27.53,28.50,217700,28.50
2009-10-01,29.90,30.00,28.30,28.30,287100,28.30
2009-09-30,29.71,30.12,29.12,29.85,313700,29.85
2009-09-29,28.84,30.30,28.84,29.50,303000,29.50
2009-09-28,28.06,29.40,28.00,29.01,269300,29.01
2009-09-25,28.43,28.64,27.82,28.42,604500,28.42
2009-09-24,29.59,29.88,28.45,28.73,566100,28.73
2009-09-23,29.60,30.50,29.16,29.92,366900,29.92
2009-09-22,30.00,30.20,28.95,29.62,280800,29.62
2009-09-21,30.01,30.06,28.52,29.51,411800,29.51
2009-09-18,30.97,30.97,29.52,30.01,372000,30.01
2009-09-17,29.36,31.69,29.36,30.75,595500,30.75
2009-09-16,30.45,30.50,29.00,29.17,311000,29.17
2009-09-15,29.00,30.71,28.82,29.68,1027300,29.68
2009-09-14,28.09,28.23,27.40,28.15,155100,28.15
2009-09-11,28.65,29.00,28.08,28.10,141200,28.10
2009-09-10,29.10,29.37,28.29,28.55,200100,28.55
2009-09-09,28.45,29.39,28.10,28.88,207600,28.88
2009-09-08,28.80,28.98,27.75,28.46,340300,28.46
2009-09-04,26.29,28.24,25.97,27.65,458100,27.65
2009-09-03,24.74,26.46,24.60,25.83,345100,25.83
2009-09-02,23.93,24.55,23.52,24.14,188600,24.14
2009-09-01,24.20,25.20,23.50,24.16,329700,24.16
2009-08-31,24.92,24.99,24.04,24.07,204900,24.07
2009-08-28,25.07,25.50,24.44,25.40,147700,25.40
2009-08-27,25.66,25.66,24.62,24.92,341200,24.92
2009-08-26,26.13,26.35,25.46,25.89,272100,25.89
2009-08-25,26.00,26.38,25.52,26.20,573400,26.20
2009-08-24,26.50,26.52,25.85,26.01,495500,26.01
2009-08-21,26.03,26.60,25.77,26.02,171200,26.02
2009-08-20,24.93,26.91,24.79,26.00,271400,26.00
2009-08-19,23.53,24.84,23.51,24.44,500900,24.44
2009-08-18,25.50,26.19,24.86,25.08,231000,25.08
2009-08-17,25.23,25.89,23.41,25.29,456900,25.29
2009-08-14,27.69,27.69,26.05,26.53,176400,26.53
2009-08-13,27.56,29.44,27.25,27.60,456800,27.60
2009-08-12,26.75,27.52,25.91,27.39,306300,27.39
2009-08-11,26.68,26.98,25.84,26.11,436700,26.11
2009-08-10,25.74,27.57,25.26,26.34,728000,26.34
2009-08-07,24.13,25.84,22.76,25.24,737000,25.24
2009-08-06,23.17,25.76,22.40,24.56,2095300,24.56
2009-08-05,19.00,19.98,18.75,19.92,383500,19.92
2009-08-04,17.09,19.75,16.80,19.57,703700,19.57
2009-08-03,16.33,17.46,15.99,17.36,280000,17.36
2009-07-31,17.00,17.49,15.82,16.00,263400,16.00
2009-07-30,16.54,17.18,16.27,16.93,140300,16.93
2009-07-29,17.38,17.38,16.30,16.44,128800,16.44
2009-07-28,17.30,17.30,16.29,17.09,152700,17.09
2009-07-27,17.35,17.40,17.23,17.25,180100,17.25
2009-07-24,17.23,17.67,17.02,17.39,123600,17.39
2009-07-23,16.47,17.81,16.21,17.20,231300,17.20
2009-07-22,16.44,16.74,16.25,16.67,88400,16.67
2009-07-21,16.69,16.79,16.11,16.59,93300,16.59
2009-07-20,15.60,16.50,15.56,16.34,118800,16.34
2009-07-17,15.81,15.81,15.22,15.51,106000,15.51
2009-07-16,14.75,15.69,14.75,15.64,161700,15.64
2009-07-15,14.90,14.90,14.40,14.90,180300,14.90
2009-07-14,14.00,14.87,13.98,14.66,105900,14.66
2009-07-13,13.79,14.10,13.49,14.06,60400,14.06
2009-07-10,14.24,14.24,13.38,13.84,93500,13.84
2009-07-09,13.40,14.26,13.20,14.15,134900,14.15
2009-07-08,13.98,14.22,12.87,13.22,155400,13.22
2009-07-07,13.75,14.50,13.75,13.96,133300,13.96
2009-07-06,14.95,14.95,13.41,13.88,354400,13.88
2009-07-02,15.69,15.69,14.91,15.05,165700,15.05
2009-07-01,16.18,16.34,15.52,15.66,78700,15.66
2009-06-30,16.10,16.15,15.56,15.89,152600,15.89
2009-06-29,16.19,16.38,15.82,15.91,182100,15.91
2009-06-26,16.44,16.52,16.00,16.25,274700,16.25
2009-06-25,16.15,16.67,15.65,16.29,234400,16.29
2009-06-24,15.57,16.52,15.52,16.05,353400,16.05
2009-06-23,15.66,15.85,15.50,15.57,144600,15.57
2009-06-22,16.00,16.00,15.52,15.73,189000,15.73
2009-06-19,15.10,16.25,14.84,16.03,638800,16.03
2009-06-18,15.30,15.74,14.54,15.07,452200,15.07
2009-06-17,15.50,15.81,15.01,15.29,271600,15.29
2009-06-16,15.99,16.14,15.38,15.54,203100,15.54
2009-06-15,16.80,16.80,15.77,16.08,186000,16.08
2009-06-12,17.42,17.42,16.77,16.90,72700,16.90
2009-06-11,17.58,17.59,17.08,17.47,95300,17.47
2009-06-10,18.13,18.42,17.57,17.58,168300,17.58
2009-06-09,17.55,18.29,17.05,18.20,273800,18.20
2009-06-08,18.40,18.40,17.00,17.60,232200,17.60
2009-06-05,16.86,18.48,16.72,18.34,366300,18.34
2009-06-04,17.00,17.47,16.53,16.69,329800,16.69
2009-06-03,17.23,17.31,16.51,16.67,217700,16.67
2009-06-02,17.37,18.28,16.50,17.40,523000,17.40
2009-06-01,15.66,17.77,15.35,16.99,1267200,16.99
2009-05-29,14.45,15.64,14.45,15.47,210800,15.47
2009-05-28,14.20,14.42,14.06,14.34,250700,14.34
2009-05-27,14.10,14.50,14.04,14.24,171200,14.24
2009-05-26,13.31,14.31,13.31,14.15,136200,14.15
2009-05-22,14.14,14.14,13.31,13.38,193400,13.38
2009-05-21,14.50,14.53,14.00,14.24,119400,14.24
2009-05-20,15.00,15.19,14.41,14.59,212400,14.59
2009-05-19,14.89,15.32,14.55,15.08,236300,15.08
2009-05-18,14.80,15.37,14.39,14.74,721400,14.74
2009-05-15,14.45,14.86,14.13,14.37,1020300,14.37
2009-05-14,14.89,14.95,14.05,14.33,328600,14.33
2009-05-13,15.59,15.70,14.50,14.55,652700,14.55
2009-05-12,14.97,15.69,14.70,15.10,1124200,15.10
2009-05-11,13.90,15.96,13.72,14.06,603000,14.06
2009-05-08,13.88,13.98,13.22,13.80,245900,13.80
2009-05-07,14.41,14.64,13.89,13.92,219100,13.92
2009-05-06,14.19,14.78,13.75,13.94,197200,13.94
2009-05-05,14.10,14.48,13.62,13.96,290300,13.96
2009-05-04,13.35,14.46,13.35,14.18,283200,14.18
2009-05-01,13.61,13.61,13.03,13.16,107500,13.16
2009-04-30,13.65,14.39,13.26,13.78,299700,13.78
2009-04-29,12.92,13.61,12.92,13.59,181200,13.59
2009-04-28,13.35,13.56,12.67,12.91,255000,12.91
2009-04-27,12.80,13.61,12.50,13.47,195200,13.47
2009-04-24,14.58,14.58,13.25,13.40,270200,13.40
2009-04-23,14.00,14.60,13.82,14.27,379700,14.27
2009-04-22,13.01,14.08,13.01,13.91,407600,13.91
2009-04-21,12.52,13.56,12.27,13.19,72000,13.19
2009-04-20,13.07,13.15,12.51,12.71,43900,12.71
2009-04-17,13.30,13.30,12.90,13.07,93700,13.07
2009-04-16,13.07,13.37,12.75,13.00,127900,13.00
2009-04-15,13.12,13.12,12.90,13.00,96000,13.00
2009-04-14,13.90,14.02,12.72,13.36,273900,13.36
2009-04-13,13.08,14.43,12.80,14.03,272200,14.03
2009-04-09,12.39,13.22,12.39,12.96,165500,12.96
2009-04-08,11.75,12.39,11.75,11.93,132700,11.93
2009-04-07,11.72,11.90,11.41,11.64,171200,11.64
2009-04-06,11.80,11.94,11.40,11.70,134600,11.70
2009-04-03,10.52,11.94,10.52,11.84,187700,11.84
2009-04-02,9.67,11.00,9.67,10.58,149800,10.58
2009-04-01,9.65,10.00,9.37,9.75,81100,9.75
2009-03-31,9.65,9.99,9.17,9.87,148900,9.87
2009-03-30,10.00,10.00,9.16,9.62,152300,9.62
2009-03-27,9.99,10.36,9.94,10.28,147500,10.28
2009-03-26,9.72,10.18,9.68,10.04,129000,10.04
2009-03-25,9.89,9.99,9.32,9.68,56500,9.68
2009-03-24,9.78,9.87,9.50,9.65,51200,9.65
2009-03-23,8.94,9.82,8.64,9.74,216600,9.74
2009-03-20,10.21,10.29,9.54,9.61,55600,9.61
2009-03-19,10.00,10.44,9.07,10.28,230200,10.28
2009-03-18,9.65,10.00,9.55,9.95,173900,9.95
2009-03-17,9.28,9.78,9.01,9.76,265400,9.76
2009-03-16,9.15,9.35,8.93,9.30,210300,9.30
2009-03-13,8.89,9.20,8.76,9.14,131100,9.14
2009-03-12,8.60,8.89,8.43,8.87,91200,8.87
2009-03-11,8.04,8.70,8.00,8.63,85400,8.63
2009-03-10,7.98,8.24,7.71,8.14,45200,8.14
2009-03-09,7.83,8.20,7.60,7.71,66800,7.71
2009-03-06,8.97,9.00,7.60,7.78,343000,7.78
2009-03-05,9.04,9.04,8.66,9.03,257800,9.03
2009-03-04,8.38,9.05,8.25,9.04,127200,9.04
2009-03-03,7.81,8.25,7.71,8.25,67700,8.25
2009-03-02,7.82,8.20,7.60,7.78,27500,7.78
2009-02-27,7.92,8.10,7.80,7.82,23000,7.82
2009-02-26,8.31,8.35,7.99,8.14,8700,8.14
2009-02-25,8.44,8.44,8.00,8.28,47500,8.28
2009-02-24,7.69,8.41,7.69,8.35,29800,8.35
2009-02-23,7.81,8.02,7.67,7.70,29100,7.70
2009-02-20,7.80,7.93,7.71,7.81,51500,7.81
2009-02-19,7.84,8.33,7.81,7.93,39100,7.93
2009-02-18,7.78,8.03,7.65,7.76,137100,7.76
2009-02-17,8.00,8.01,7.65,7.73,120500,7.73
2009-02-13,8.28,8.34,8.13,8.20,9400,8.20
2009-02-12,8.22,8.24,8.08,8.16,16900,8.16
2009-02-11,8.07,8.34,8.07,8.27,11100,8.27
2009-02-10,9.05,9.05,8.05,8.26,30600,8.26
2009-02-09,9.00,9.05,8.71,8.92,49000,8.92
2009-02-06,8.40,9.15,8.40,9.06,85200,9.06
2009-02-05,8.04,8.30,7.90,8.20,32100,8.20
2009-02-04,8.30,8.30,7.80,7.93,64200,7.93
2009-02-03,8.02,8.30,7.91,8.19,39500,8.19
2009-02-02,8.08,8.30,7.88,8.04,38300,8.04
2009-01-30,8.23,8.34,7.96,8.30,105400,8.30
2009-01-29,8.47,8.53,8.15,8.27,29100,8.27
2009-01-28,8.33,8.77,8.31,8.69,41300,8.69
2009-01-27,8.51,8.69,8.07,8.21,23000,8.21
2009-01-26,8.18,8.79,8.00,8.51,60300,8.51
2009-01-23,8.00,8.19,7.81,8.00,73200,8.00
2009-01-22,7.94,8.18,7.90,8.06,33100,8.06
2009-01-21,7.91,8.21,7.57,8.14,85800,8.14
2009-01-20,8.10,8.11,7.50,7.63,70300,7.63
2009-01-16,8.19,8.32,7.84,8.16,40300,8.16
2009-01-15,7.75,8.13,7.51,7.83,75100,7.83
2009-01-14,7.72,8.07,7.72,7.81,69300,7.81
2009-01-13,8.33,8.36,8.01,8.07,81200,8.07
2009-01-12,9.05,9.08,8.21,8.44,59200,8.44
2009-01-09,9.50,9.79,9.06,9.17,39800,9.17
2009-01-08,9.40,9.78,9.11,9.32,84300,9.32
2009-01-07,10.77,10.77,9.48,9.72,169600,9.72
2009-01-06,9.93,11.11,9.88,10.66,426800,10.66
2009-01-05,9.21,10.14,9.21,9.90,64200,9.90
2009-01-02,8.56,9.49,8.56,9.32,88100,9.32
2008-12-31,8.52,8.92,8.32,8.58,281800,8.58
2008-12-30,8.38,8.74,8.38,8.60,167300,8.60
2008-12-29,8.59,8.75,8.44,8.49,183100,8.49
2008-12-26,8.25,8.75,8.04,8.67,175200,8.67
2008-12-24,8.59,8.59,8.10,8.18,134500,8.18
2008-12-23,10.00,10.00,8.43,8.43,143300,8.43
2008-12-22,10.18,10.44,9.33,10.00,338600,10.00
2008-12-19,10.91,11.27,10.01,10.25,267600,10.25
2008-12-18,10.95,11.61,10.89,11.26,152400,11.26
2008-12-17,10.88,11.19,10.48,11.01,104700,11.01
2008-12-16,10.49,10.87,10.42,10.86,97000,10.86
2008-12-15,9.95,10.42,9.80,10.24,125300,10.24
2008-12-12,9.72,10.00,9.50,9.87,101000,9.87
2008-12-11,10.39,10.79,9.50,9.69,102400,9.69
2008-12-10,10.15,10.68,10.13,10.53,354100,10.53
2008-12-09,10.06,10.17,10.02,10.12,236800,10.12
2008-12-08,10.05,10.47,10.05,10.20,228400,10.20
2008-12-05,9.99,10.39,9.89,10.00,526300,10.00
2008-12-04,9.85,9.99,9.41,9.91,293200,9.91
2008-12-03,9.15,9.91,9.15,9.91,232900,9.91
2008-12-02,9.06,9.31,8.70,9.26,256800,9.26
2008-12-01,9.00,9.11,8.66,9.02,359000,9.02
2008-11-28,9.09,9.49,8.89,9.09,78400,9.09
2008-11-26,8.43,9.27,8.43,9.12,206700,9.12
2008-11-25,8.20,8.79,8.20,8.71,303500,8.71
2008-11-24,7.34,8.29,7.34,8.08,86400,8.08
2008-11-21,7.97,7.99,7.06,7.31,103500,7.31
2008-11-20,9.13,9.20,7.60,7.60,103200,7.60
2008-11-19,9.93,9.93,9.17,9.33,143500,9.33
2008-11-18,9.50,10.31,9.38,10.00,330100,10.00
2008-11-17,9.01,9.69,8.65,9.45,167800,9.45
2008-11-14,8.53,9.30,8.28,9.14,263000,9.14
2008-11-13,8.25,8.84,8.25,8.72,211400,8.72
2008-11-12,7.96,8.90,7.86,8.18,227600,8.18
2008-11-11,9.00,9.58,7.96,7.96,208400,7.96
2008-11-10,9.75,10.00,9.22,9.34,28700,9.34
2008-11-07,9.55,10.09,9.55,9.65,92300,9.65
2008-11-06,10.88,10.92,9.60,9.60,128900,9.60
2008-11-05,11.00,11.71,10.70,11.05,355100,11.05
2008-11-04,10.62,11.21,10.61,11.06,159400,11.06
2008-11-03,10.07,10.58,10.01,10.55,188600,10.55
2008-10-31,9.35,10.00,9.10,10.00,236100,10.00
2008-10-30,8.30,9.50,8.30,9.44,260300,9.44
2008-10-29,8.17,8.41,7.66,8.12,246300,8.12
2008-10-28,7.27,8.37,7.18,8.30,483500,8.30
2008-10-27,7.45,7.48,7.11,7.26,170000,7.26
2008-10-24,7.50,7.74,7.00,7.63,228200,7.63
2008-10-23,8.05,8.45,7.71,8.04,451100,8.04
2008-10-22,9.11,9.23,7.58,8.04,441600,8.04
2008-10-21,9.80,10.20,9.28,9.35,85600,9.35
2008-10-20,10.20,10.48,9.59,10.09,102000,10.09
2008-10-17,10.35,10.40,9.90,10.05,108700,10.05
2008-10-16,9.28,10.82,9.00,10.62,477300,10.62
2008-10-15,11.00,11.05,9.20,9.21,272300,9.21
2008-10-14,12.23,12.23,11.01,11.03,279000,11.03
2008-10-13,11.06,11.94,11.06,11.55,36900,11.55
2008-10-10,11.00,11.25,9.50,10.64,547900,10.64
2008-10-09,12.74,13.30,11.71,11.74,375000,11.74
2008-10-08,11.56,12.85,11.35,12.58,408200,12.58
2008-10-07,12.00,12.95,11.35,12.00,204100,12.00
2008-10-06,12.31,12.32,11.00,12.01,708600,12.01
2008-10-03,13.39,13.68,12.50,12.52,309000,12.52
2008-10-02,13.60,14.21,13.02,13.21,141900,13.21
2008-10-01,13.94,14.19,13.46,13.67,198300,13.67
2008-09-30,15.17,15.59,13.95,13.95,1293200,13.95
2008-09-29,15.80,15.90,15.00,15.00,453000,15.00
2008-09-26,15.56,16.12,15.55,16.02,265300,16.02
2008-09-25,16.05,16.39,15.90,16.00,266800,16.00
2008-09-24,16.42,16.42,15.99,16.02,327900,16.02
2008-09-23,15.71,16.30,15.71,16.15,234400,16.15
2008-09-22,16.46,16.90,15.56,15.70,300100,15.70
2008-09-19,17.74,18.00,16.00,16.54,719300,16.54
2008-09-18,13.47,18.38,13.47,17.16,892900,17.16
2008-09-17,14.07,14.30,13.35,13.50,868500,13.50
2008-09-16,13.76,14.40,13.73,14.38,742000,14.38
2008-09-15,12.75,14.19,12.67,14.00,856700,14.00
2008-09-12,12.72,13.44,12.69,13.30,653000,13.30
2008-09-11,12.73,12.97,12.60,12.87,710700,12.87
2008-09-10,13.56,13.56,12.96,12.96,288900,12.96
2008-09-09,14.22,14.56,13.30,13.40,308100,13.40
2008-09-08,14.89,14.90,14.05,14.28,455400,14.28
2008-09-05,14.99,15.28,14.80,14.93,86200,14.93
2008-09-04,15.50,15.82,15.00,15.00,314100,15.00
2008-09-03,15.78,15.93,15.50,15.53,368900,15.53
2008-09-02,16.20,16.21,15.64,15.91,155800,15.91
2008-08-29,16.12,16.21,15.67,15.91,57600,15.91
2008-08-28,15.57,16.26,15.41,16.14,268600,16.14
2008-08-27,15.32,15.55,15.06,15.40,271400,15.40
2008-08-26,15.80,15.80,15.21,15.28,181600,15.28
2008-08-25,16.20,16.39,15.65,15.75,133600,15.75
2008-08-22,16.45,16.80,15.84,16.39,159300,16.39
2008-08-21,16.58,16.75,16.17,16.43,203500,16.43
2008-08-20,16.55,16.90,16.41,16.62,316300,16.62
2008-08-19,16.70,16.74,16.25,16.42,286400,16.42
2008-08-18,18.07,18.32,16.57,16.75,364700,16.75
2008-08-15,17.89,18.39,17.45,18.08,453400,18.08
2008-08-14,16.63,18.14,16.63,17.94,656600,17.94
2008-08-13,15.72,16.73,15.46,16.70,510800,16.70
2008-08-12,16.34,17.75,15.30,15.61,806900,15.61
2008-08-11,16.12,16.39,15.71,15.78,441300,15.78
2008-08-08,16.24,16.61,15.67,16.08,260900,16.08
2008-08-07,16.49,17.10,16.18,16.22,272400,16.22
2008-08-06,16.50,16.59,15.85,16.33,245000,16.33
2008-08-05,16.05,16.43,15.85,16.43,351700,16.43
2008-08-04,15.62,16.46,15.49,15.80,185200,15.80
2008-08-01,15.68,15.88,15.30,15.72,193200,15.72
2008-07-31,15.60,16.24,15.35,15.64,238200,15.64
2008-07-30,16.10,16.35,15.02,15.37,160500,15.37
2008-07-29,14.57,16.09,14.50,16.00,563400,16.00
2008-07-28,15.56,15.99,14.40,14.45,923300,14.45
2008-07-25,15.51,16.12,15.47,15.67,325700,15.67
2008-07-24,15.98,15.98,15.49,15.64,422000,15.64
2008-07-23,16.65,16.84,15.63,16.01,702600,16.01
2008-07-22,15.80,16.84,15.71,16.74,832400,16.74
2008-07-21,16.56,16.75,15.90,15.97,743900,15.97
2008-07-18,16.73,16.75,16.23,16.25,132000,16.25
2008-07-17,16.40,16.61,15.75,16.58,328400,16.58
2008-07-16,15.62,16.61,15.54,16.37,810500,16.37
2008-07-15,16.09,16.22,15.12,15.50,1015500,15.50
2008-07-14,16.75,16.80,16.05,16.24,488400,16.24
2008-07-11,16.71,16.89,15.51,16.20,797100,16.20
2008-07-10,16.71,17.25,16.56,17.02,827500,17.02
2008-07-09,18.30,18.51,16.66,16.80,341200,16.80
2008-07-08,17.35,18.34,17.00,18.27,393500,18.27
2008-07-07,17.78,18.23,17.17,17.45,221900,17.45
2008-07-03,17.49,17.65,17.09,17.50,103600,17.50
2008-07-02,18.09,18.15,17.24,17.43,584300,17.43
2008-07-01,18.81,19.03,17.90,18.13,375700,18.13
2008-06-30,18.88,19.10,18.50,19.01,370400,19.01
2008-06-27,19.35,19.50,19.00,19.06,309900,19.06
2008-06-26,19.88,19.95,18.82,19.44,393600,19.44
2008-06-25,18.59,20.35,18.26,20.12,567700,20.12
2008-06-24,17.82,18.62,17.72,18.26,623100,18.26
2008-06-23,17.70,18.23,17.66,17.87,288000,17.87
2008-06-20,18.20,18.20,17.56,17.59,660200,17.59
2008-06-19,18.16,18.36,17.94,18.28,264300,18.28
2008-06-18,18.62,18.68,17.99,18.46,1056200,18.46
2008-06-17,19.05,19.11,18.63,18.65,362700,18.65
2008-06-16,18.63,19.09,18.63,18.91,184800,18.91
2008-06-13,18.86,19.05,18.50,18.79,165500,18.79
2008-06-12,19.04,19.25,18.75,18.75,291200,18.75
2008-06-11,19.26,19.55,18.33,18.80,666800,18.80
2008-06-10,20.80,20.80,19.12,19.26,697700,19.26
2008-06-09,22.48,22.49,20.81,21.13,327000,21.13
2008-06-06,23.12,23.25,22.44,22.48,166800,22.48
2008-06-05,23.09,23.88,23.09,23.23,178200,23.23
2008-06-04,23.21,23.45,22.71,23.04,342500,23.04
2008-06-03,23.21,24.05,22.84,23.38,221700,23.38
2008-06-02,23.62,24.01,22.67,23.58,459800,23.58
2008-05-30,24.47,25.10,23.86,24.57,139900,24.57
2008-05-29,23.82,24.44,23.54,24.32,159200,24.32
2008-05-28,24.34,24.49,23.77,23.95,152000,23.95
2008-05-27,23.76,24.11,22.90,23.96,500400,23.96
2008-05-23,23.39,24.02,22.89,23.79,495800,23.79
2008-05-22,24.10,24.10,22.54,23.53,677800,23.53
2008-05-21,24.64,24.67,23.08,24.02,545600,24.02
2008-05-20,25.02,25.17,23.81,24.53,519700,24.53
2008-05-19,26.00,26.00,24.80,25.27,958900,25.27
2008-05-16,26.26,26.44,25.43,26.15,448500,26.15
2008-05-15,25.06,26.20,24.75,26.07,1281100,26.07
2008-05-14,24.41,25.07,23.90,25.00,1981100,25.00
2008-05-13,24.16,24.60,22.80,23.59,351800,23.59
2008-05-12,24.24,24.40,23.76,24.26,278600,24.26
2008-05-09,24.00,24.70,23.51,24.05,666700,24.05
2008-05-08,25.88,25.89,23.20,23.97,641100,23.97
2008-05-07,25.63,25.63,24.60,24.62,679800,24.62
2008-05-06,23.78,26.00,23.51,26.00,627100,26.00
2008-05-05,25.10,25.44,23.55,23.62,596200,23.62
2008-05-02,22.78,25.12,22.49,25.08,889000,25.08
2008-05-01,22.69,23.00,22.00,22.50,399600,22.50
2008-04-30,21.93,23.50,21.25,22.41,581800,22.41
2008-04-29,21.86,22.03,21.75,21.98,157400,21.98
2008-04-28,22.00,22.10,21.62,21.78,169400,21.78
2008-04-25,22.00,22.16,21.40,21.95,311300,21.95
2008-04-24,22.10,22.50,21.80,21.99,450400,21.99
2008-04-23,21.64,22.17,21.20,21.89,641200,21.89
2008-04-22,21.83,22.35,21.05,21.21,292000,21.21
2008-04-21,21.08,22.60,21.00,22.20,371000,22.20
2008-04-18,22.03,22.09,20.77,20.91,593800,20.91
2008-04-17,21.80,21.92,21.38,21.69,328300,21.69
2008-04-16,21.58,21.96,21.50,21.91,227900,21.91
2008-04-15,21.37,21.67,21.04,21.62,308900,21.62
2008-04-14,21.00,21.84,21.00,21.42,235100,21.42
2008-04-11,22.25,22.25,20.93,21.05,479500,21.05
2008-04-10,20.95,22.90,20.57,22.52,463800,22.52
2008-04-09,21.93,21.93,20.90,21.09,432600,21.09
2008-04-08,22.52,23.10,21.50,21.69,353300,21.69
2008-04-07,22.40,23.56,22.32,22.82,463000,22.82
2008-04-04,22.00,22.40,21.05,22.00,432200,22.00
2008-04-03,20.84,22.13,20.23,21.99,413900,21.99
2008-04-02,20.91,21.18,20.18,20.59,484300,20.59
2008-04-01,19.90,20.68,19.63,20.61,512100,20.61
2008-03-31,19.18,19.81,18.50,19.69,367400,19.69
2008-03-28,19.48,19.71,18.62,19.26,400600,19.26
2008-03-27,19.97,20.98,19.20,19.38,161000,19.38
2008-03-26,20.32,20.52,19.82,19.92,292500,19.92
2008-03-25,21.23,21.44,20.01,20.41,312200,20.41
2008-03-24,18.80,21.10,18.80,20.66,477200,20.66
2008-03-20,18.38,18.88,18.16,18.75,360300,18.75
2008-03-19,19.79,20.50,17.79,18.19,542300,18.19
2008-03-18,19.13,21.62,19.13,20.10,1132300,20.10
2008-03-17,19.58,20.00,18.34,19.58,678700,19.58
2008-03-14,19.50,20.83,19.07,20.68,1413400,20.68
2008-03-13,20.64,20.64,17.98,19.20,1287200,19.20
2008-03-12,22.20,22.64,20.88,21.17,400400,21.17
2008-03-11,23.38,23.69,21.33,22.00,717200,22.00
2008-03-10,23.00,23.42,22.67,22.75,367900,22.75
2008-03-07,23.80,23.88,22.60,22.94,511400,22.94
2008-03-06,24.50,24.84,23.67,23.80,617000,23.80
2008-03-05,24.50,25.00,24.30,24.73,623500,24.73
2008-03-04,25.16,25.20,22.75,24.51,1937800,24.51
2008-03-03,28.37,28.50,26.50,26.90,574400,26.90
2008-02-29,27.98,28.52,27.00,27.13,300200,27.13
2008-02-28,28.95,29.15,27.38,27.79,249700,27.79
2008-02-27,28.29,28.88,28.05,28.38,330400,28.38
2008-02-26,28.00,29.74,27.88,28.34,568500,28.34
2008-02-25,27.46,27.52,26.31,27.01,464700,27.01
2008-02-22,26.32,27.61,26.32,27.61,355900,27.61
2008-02-21,26.58,26.87,26.05,26.50,534400,26.50
2008-02-20,26.49,26.87,26.20,26.56,391900,26.56
2008-02-19,26.55,27.67,26.20,26.50,310200,26.50
2008-02-15,27.29,27.64,26.46,26.55,332000,26.55
2008-02-14,27.75,28.65,27.15,27.78,395200,27.78
2008-02-13,27.50,27.78,26.90,27.51,180900,27.51
2008-02-12,27.16,27.81,26.90,27.58,367200,27.58
2008-02-11,27.15,27.38,26.50,26.62,170900,26.62
2008-02-08,26.75,27.96,26.75,27.11,170200,27.11
2008-02-07,27.10,27.85,26.81,27.10,460500,27.10
2008-02-06,28.02,28.77,27.30,27.40,218700,27.40
2008-02-05,29.10,29.76,28.24,28.24,203200,28.24
2008-02-04,31.07,31.16,29.14,29.14,337700,29.14
2008-02-01,28.46,30.75,27.59,30.50,262100,30.50
2008-01-31,27.80,28.63,26.68,27.99,171000,27.99
2008-01-30,28.00,28.49,27.02,27.41,221500,27.41
2008-01-29,27.47,28.40,26.50,28.37,196100,28.37
2008-01-28,27.55,28.49,26.73,26.83,293300,26.83
2008-01-25,30.00,30.00,28.00,28.00,377900,28.00
2008-01-24,27.80,29.39,27.00,29.30,422100,29.30
2008-01-23,24.55,28.00,24.39,27.85,610500,27.85
2008-01-22,26.07,27.55,24.30,26.06,848000,26.06
2008-01-18,27.09,28.37,26.73,28.07,367100,28.07
2008-01-17,27.56,28.38,26.89,27.15,283400,27.15
2008-01-16,28.96,29.27,27.40,27.68,468200,27.68
2008-01-15,29.65,30.00,28.16,28.73,417400,28.73
2008-01-14,29.71,30.66,29.05,30.18,294900,30.18
2008-01-11,30.81,30.81,28.65,29.37,561200,29.37
2008-01-10,31.48,31.51,30.18,30.81,261200,30.81
2008-01-09,32.91,32.91,30.50,31.48,345700,31.48
2008-01-08,34.43,34.43,32.50,32.50,138300,32.50
2008-01-07,33.79,34.45,32.55,34.09,280700,34.09
2008-01-04,34.14,34.72,33.33,33.57,360100,33.57
2008-01-03,34.54,35.10,33.72,34.80,435200,34.80
2008-01-02,36.00,36.00,34.55,34.76,144700,34.76
2007-12-31,36.15,36.15,34.85,35.62,128500,35.62
2007-12-28,35.77,36.15,35.00,35.58,163100,35.58
2007-12-27,35.32,36.13,35.01,35.41,210700,35.41
2007-12-26,35.02,35.66,35.02,35.57,122200,35.57
2007-12-24,35.10,35.80,34.75,35.15,97200,35.15
2007-12-21,35.00,35.61,34.55,35.00,289300,35.00
2007-12-20,35.50,35.50,34.26,35.10,263500,35.10
2007-12-19,34.95,35.46,34.72,35.25,227200,35.25
2007-12-18,36.21,36.80,34.99,35.01,266000,35.01
2007-12-17,36.31,36.84,35.43,36.13,182300,36.13
2007-12-14,36.13,36.85,35.60,36.61,206700,36.61
2007-12-13,37.50,37.51,36.11,36.69,221400,36.69
2007-12-12,37.41,38.05,36.79,37.53,281900,37.53
2007-12-11,37.67,38.05,35.50,36.03,181400,36.03
2007-12-10,36.27,37.93,36.10,37.58,254200,37.58
2007-12-07,38.40,39.13,35.88,36.59,321100,36.59
2007-12-06,37.67,39.39,37.67,38.98,227100,38.98
2007-12-05,37.39,38.99,36.00,38.62,285100,38.62
2007-12-04,38.75,39.55,35.70,36.81,621000,36.81
2007-12-03,40.00,40.00,38.38,38.75,321900,38.75
2007-11-30,39.10,41.50,38.69,40.18,444600,40.18
2007-11-29,38.49,38.89,37.11,38.88,319100,38.88
2007-11-28,36.06,38.38,35.69,38.31,481000,38.31
2007-11-27,35.75,36.39,34.40,36.08,387000,36.08
2007-11-26,33.50,36.90,33.50,35.54,589700,35.54
2007-11-23,32.29,34.54,31.97,33.43,410900,33.43
2007-11-21,31.60,32.78,30.63,31.59,777800,31.59
2007-11-20,36.02,36.30,33.50,33.54,566000,33.54
2007-11-19,36.12,36.73,34.75,35.62,376000,35.62
2007-11-16,35.38,37.65,34.58,37.07,388900,37.07
2007-11-15,35.54,36.50,34.39,34.97,312500,34.97
2007-11-14,38.33,38.83,35.82,36.16,272500,36.16
2007-11-13,36.75,38.65,36.62,37.80,348600,37.80
2007-11-12,36.40,37.85,35.60,36.06,412300,36.06
2007-11-09,37.95,38.63,36.00,36.33,563100,36.33
2007-11-08,38.81,40.26,37.80,38.97,362500,38.97
2007-11-07,40.45,40.92,38.90,38.91,241000,38.91
2007-11-06,40.39,41.85,39.89,41.08,287800,41.08
2007-11-05,40.02,40.73,39.05,39.74,558300,39.74
2007-11-02,41.26,42.94,40.29,41.86,414600,41.86
2007-11-01,43.00,43.44,41.54,41.64,292800,41.64
2007-10-31,42.80,44.80,42.25,44.03,336600,44.03
2007-10-30,45.13,45.17,41.36,42.21,1148400,42.21
2007-10-29,48.20,48.77,46.00,46.41,591600,46.41
2007-10-26,47.66,50.08,46.61,48.27,843700,48.27
2007-10-25,45.74,47.78,44.70,46.51,704300,46.51
2007-10-24,45.30,46.25,44.42,45.74,941700,45.74
2007-10-23,44.34,46.00,44.00,45.71,1057800,45.71
2007-10-22,38.97,44.30,38.97,43.39,1374900,43.39
2007-10-19,41.07,42.30,39.75,39.99,1634600,39.99
2007-10-18,39.26,41.12,38.31,40.56,1218600,40.56
2007-10-17,36.98,42.45,36.51,41.65,2359100,41.65
2007-10-16,35.50,35.99,34.90,35.50,298600,35.50
2007-10-15,36.18,36.95,35.75,36.00,480700,36.00
2007-10-12,36.75,36.75,35.80,35.98,538300,35.98
2007-10-11,37.00,39.81,35.85,36.24,1756700,36.24
2007-10-10,36.00,36.08,35.43,35.80,226200,35.80
2007-10-09,35.78,36.10,35.67,35.93,321600,35.93
2007-10-08,36.07,36.10,34.94,35.76,164800,35.76
2007-10-05,36.10,37.20,35.80,36.19,1017700,36.19
2007-10-04,35.65,36.51,35.13,35.40,654600,35.40
2007-10-03,35.50,36.03,34.46,35.22,618600,35.22
2007-10-02,37.10,37.27,35.84,36.56,606500,36.56
2007-10-01,34.00,37.22,33.72,36.81,1221400,36.81
2007-09-28,35.20,35.50,34.42,34.80,600400,34.80
2007-09-27,32.50,36.38,32.28,35.23,1422700,35.23
2007-09-26,30.00,32.64,30.00,31.89,576000,31.89
2007-09-25,29.94,30.46,29.40,30.36,194300,30.36
2007-09-24,29.75,30.91,29.20,29.89,340000,29.89
2007-09-21,28.68,29.94,28.68,29.65,287000,29.65
2007-09-20,29.00,30.21,28.26,28.58,337900,28.58
2007-09-19,28.50,29.70,28.50,29.03,469400,29.03
2007-09-18,28.60,29.25,28.40,28.72,552300,28.72
2007-09-17,28.50,28.95,28.41,28.55,168100,28.55
2007-09-14,29.09,29.12,28.60,28.71,144000,28.71
2007-09-13,29.10,29.21,28.55,29.05,86400,29.05
2007-09-12,29.20,29.90,28.80,29.07,156500,29.07
2007-09-11,29.06,29.54,28.57,29.28,252300,29.28
2007-09-10,30.03,30.12,29.00,29.08,192100,29.08
2007-09-07,30.60,30.65,29.57,30.13,321000,30.13
2007-09-06,31.02,31.19,30.52,31.01,101900,31.01
2007-09-05,30.21,31.19,30.00,30.98,166400,30.98
2007-09-04,29.99,31.00,29.72,30.66,214100,30.66
2007-08-31,30.47,30.50,29.65,29.66,133400,29.66
2007-08-30,29.55,30.25,29.20,29.57,93400,29.57
2007-08-29,28.80,30.75,28.61,29.90,292400,29.90
2007-08-28,28.35,28.71,28.10,28.50,172500,28.50
2007-08-27,27.50,29.32,27.13,28.75,292800,28.75
2007-08-24,27.83,27.84,27.19,27.40,177100,27.40
2007-08-23,27.70,28.10,27.60,27.93,271900,27.93
2007-08-22,27.40,28.00,27.30,27.68,185500,27.68
2007-08-21,26.60,27.80,25.93,27.32,304100,27.32
2007-08-20,26.50,27.58,26.50,26.95,448100,26.95
2007-08-17,25.19,26.85,25.10,26.40,738800,26.40
2007-08-16,26.04,26.17,24.00,25.83,1153300,25.83
2007-08-15,28.48,28.48,25.65,26.74,903800,26.74
2007-08-14,30.42,30.49,28.19,28.81,252100,28.81
2007-08-13,30.40,30.49,29.50,30.15,308400,30.15
2007-08-10,28.62,29.94,28.00,29.15,372000,29.15
2007-08-09,28.07,30.76,28.00,29.78,308600,29.78
2007-08-08,28.18,29.77,27.85,28.88,393000,28.88
2007-08-07,27.75,28.20,27.16,27.83,357400,27.83
2007-08-06,29.23,29.24,26.81,27.76,575000,27.76
2007-08-03,29.86,30.00,29.00,29.23,282000,29.23
2007-08-02,29.16,30.40,28.91,29.84,353500,29.84
2007-08-01,30.05,30.19,28.12,28.82,345700,28.82
2007-07-31,30.34,30.92,30.00,30.38,218900,30.38
2007-07-30,29.61,30.78,29.57,29.90,256600,29.90
2007-07-27,28.65,30.19,28.50,30.00,542500,30.00
2007-07-26,30.50,30.52,27.17,28.68,724100,28.68
2007-07-25,30.60,31.09,30.02,30.46,231400,30.46
2007-07-24,30.55,31.46,30.25,30.27,381300,30.27
2007-07-23,31.74,31.75,30.65,30.81,432800,30.81
2007-07-20,31.70,32.08,31.21,31.57,215700,31.57
2007-07-19,32.00,32.58,31.08,31.70,410600,31.70
2007-07-18,33.04,33.10,31.60,32.31,488400,32.31
2007-07-17,34.46,34.46,33.13,33.29,277800,33.29
2007-07-16,34.21,34.24,33.10,33.47,204600,33.47
2007-07-13,35.48,35.70,34.30,34.40,343300,34.40
2007-07-12,35.72,35.83,34.90,35.73,242200,35.73
2007-07-11,36.17,36.78,35.10,35.90,247100,35.90
2007-07-10,36.65,36.88,36.05,36.06,328100,36.06
2007-07-09,34.67,36.96,34.50,36.70,701800,36.70
2007-07-06,34.69,34.70,33.74,34.68,181900,34.68
2007-07-05,34.30,34.75,34.19,34.65,460200,34.65
2007-07-03,33.47,34.20,33.38,34.10,148100,34.10
2007-07-02,31.97,34.15,31.97,33.89,535400,33.89
2007-06-29,32.05,32.29,31.75,32.21,293400,32.21
2007-06-28,30.64,32.67,30.40,32.19,507400,32.19
2007-06-27,31.24,31.25,30.18,30.64,378100,30.64
2007-06-26,31.81,32.45,30.80,30.91,172300,30.91
2007-06-25,32.31,32.80,31.60,32.07,204100,32.07
2007-06-22,32.14,33.00,31.85,32.31,208300,32.31
2007-06-21,31.60,32.63,31.56,32.14,241300,32.14
2007-06-20,32.10,34.30,31.29,31.60,918400,31.60
2007-06-19,30.80,32.02,30.80,32.00,345400,32.00
2007-06-18,32.57,32.57,30.56,30.81,556400,30.81
2007-06-15,33.00,33.10,31.98,32.51,510900,32.51
2007-06-14,32.60,32.89,32.30,32.82,314600,32.82
2007-06-13,32.15,32.98,31.00,32.63,683600,32.63
2007-06-12,31.58,32.84,31.21,32.08,478400,32.08
2007-06-11,30.70,32.00,30.52,31.20,487000,31.20
2007-06-08,30.26,31.18,30.21,30.70,188000,30.70
2007-06-07,31.29,31.86,30.22,30.36,747300,30.36
2007-06-06,31.01,31.12,30.15,30.98,420700,30.98
2007-06-05,31.78,32.09,30.98,31.12,530000,31.12
2007-06-04,28.48,31.80,28.48,31.70,1105900,31.70
2007-06-01,29.15,29.35,28.26,28.77,774800,28.77
2007-05-31,29.55,30.10,29.00,29.32,600300,29.32
2007-05-30,29.89,30.17,28.80,29.47,787100,29.47
2007-05-29,30.01,30.98,30.00,30.32,445100,30.32
2007-05-25,30.01,30.62,29.35,29.83,531500,29.83
2007-05-24,32.28,32.50,29.49,30.10,1069500,30.10
2007-05-23,33.03,33.46,32.57,32.66,688000,32.66
2007-05-22,33.50,35.18,32.80,33.18,1585300,33.18
2007-05-21,34.09,36.50,34.01,36.23,1020200,36.23
2007-05-18,32.93,33.70,32.50,33.70,319000,33.70
2007-05-17,33.00,33.25,32.30,32.51,261200,32.51
2007-05-16,33.20,33.50,32.60,32.89,231500,32.89
2007-05-15,34.10,34.10,33.24,33.43,352200,33.43
2007-05-14,33.99,34.17,33.42,34.15,519500,34.15
2007-05-11,33.81,33.81,32.41,33.60,368100,33.60
2007-05-10,32.32,33.00,32.10,32.92,282100,32.92
2007-05-09,32.87,33.00,32.38,32.69,233500,32.69
2007-05-08,33.20,33.62,32.68,32.80,164600,32.80
2007-05-07,33.75,33.80,32.70,33.45,309600,33.45
2007-05-04,33.09,33.50,32.92,33.26,226700,33.26
2007-05-03,32.78,33.60,32.36,32.99,533000,32.99
2007-05-02,34.13,34.40,32.70,32.97,990700,32.97
2007-05-01,34.75,35.34,34.00,34.28,1629000,34.28
2007-04-30,36.00,36.00,34.17,34.27,463200,34.27
2007-04-27,35.29,36.18,34.42,35.72,390600,35.72
2007-04-26,33.19,36.40,32.70,35.40,880500,35.40
2007-04-25,31.64,32.58,30.83,32.52,739200,32.52
2007-04-24,33.37,33.65,31.45,31.89,646600,31.89
2007-04-23,34.73,34.79,32.83,33.37,697200,33.37
2007-04-20,35.45,35.80,34.70,34.79,186400,34.79
2007-04-19,35.00,35.34,34.79,35.00,234600,35.00
2007-04-18,35.27,35.50,35.05,35.46,185500,35.46
2007-04-17,35.80,36.80,35.30,35.37,192600,35.37
2007-04-16,36.86,36.86,35.51,35.74,301000,35.74
2007-04-13,35.40,36.00,35.21,35.77,175700,35.77
2007-04-12,35.58,35.74,35.13,35.46,155500,35.46
2007-04-11,36.29,36.48,35.36,35.58,159400,35.58
2007-04-10,36.08,36.93,35.80,36.03,220800,36.03
2007-04-09,35.63,37.39,35.61,36.90,467900,36.90
2007-04-05,35.60,35.60,34.89,35.35,244000,35.35
2007-04-04,35.00,35.60,34.77,35.17,407600,35.17
2007-04-03,36.00,36.00,35.00,35.40,483600,35.40
2007-04-02,36.17,36.21,35.22,35.85,284000,35.85
2007-03-30,36.18,36.64,35.66,36.34,161400,36.34
2007-03-29,36.95,37.35,35.21,36.18,398600,36.18
2007-03-28,36.64,37.18,36.31,36.53,227100,36.53
2007-03-27,37.82,37.83,36.97,37.37,146400,37.37
2007-03-26,38.30,38.73,37.55,37.70,170100,37.70
2007-03-23,39.25,39.25,37.55,37.85,270700,37.85
2007-03-22,38.00,39.25,37.84,39.17,455200,39.17
2007-03-21,35.85,37.90,35.85,37.84,292400,37.84
2007-03-20,37.08,37.08,35.81,36.00,233300,36.00
2007-03-19,36.31,37.30,36.31,36.79,204500,36.79
2007-03-16,36.23,36.84,35.25,35.70,220100,35.70
2007-03-15,35.80,39.20,35.59,36.23,224800,36.23
2007-03-14,34.90,36.00,33.85,35.80,897400,35.80
2007-03-13,38.00,38.00,34.68,35.25,786700,35.25
2007-03-12,38.40,38.75,37.53,38.15,294100,38.15
2007-03-09,39.25,39.25,37.25,37.75,578800,37.75
2007-03-08,36.07,38.95,36.02,38.03,1130400,38.03
2007-03-07,36.75,38.18,35.08,35.70,1871900,35.70
2007-03-06,35.80,36.99,35.50,36.35,1262400,36.35
2007-03-05,35.54,36.54,33.74,34.00,1968800,34.00
2007-03-02,38.50,39.71,36.83,37.29,1356000,37.29
2007-03-01,39.43,40.79,38.17,39.04,1249900,39.04
2007-02-28,41.80,42.50,39.35,42.21,1200700,42.21
2007-02-27,44.00,44.00,39.20,40.55,2566800,40.55
2007-02-26,46.88,47.26,45.81,46.76,273700,46.76
2007-02-23,45.88,46.45,45.65,46.35,268400,46.35
2007-02-22,47.35,47.70,45.29,45.65,661700,45.65
2007-02-21,47.03,48.36,46.20,46.70,710300,46.70
2007-02-20,44.85,46.48,44.61,46.30,440200,46.30
2007-02-16,44.60,45.24,44.15,44.46,208900,44.46
2007-02-15,45.65,46.25,44.04,44.94,275600,44.94
2007-02-14,43.10,45.58,43.10,45.00,478500,45.00
2007-02-13,45.69,45.99,43.10,43.31,847600,43.31
2007-02-12,46.79,47.00,45.10,45.69,432100,45.69
2007-02-09,48.99,49.50,45.50,46.39,825100,46.39
2007-02-08,46.17,49.00,45.85,48.26,723400,48.26
2007-02-07,45.18,46.46,44.65,45.73,629700,45.73
2007-02-06,43.92,44.75,43.37,44.73,481100,44.73
2007-02-05,44.85,44.91,42.74,43.38,704600,43.38
2007-02-02,44.79,46.00,44.07,44.63,574000,44.63
2007-02-01,45.00,45.49,44.28,44.49,426100,44.49
2007-01-31,45.00,45.70,43.80,44.74,968300,44.74
2007-01-30,46.79,47.17,45.73,45.85,796500,45.85
2007-01-29,46.00,47.49,45.60,47.00,1270800,47.00
2007-01-26,43.40,45.73,43.25,44.93,930000,44.93
2007-01-25,41.90,43.75,41.70,42.31,1034800,42.31
2007-01-24,40.10,42.00,39.73,42.00,652700,42.00
2007-01-23,39.50,40.20,38.76,40.05,356100,40.05
2007-01-22,39.65,39.65,38.51,39.25,490200,39.25
2007-01-19,38.55,38.73,37.51,38.25,641300,38.25
2007-01-18,41.12,41.15,38.55,38.94,802800,38.94
2007-01-17,39.59,41.85,39.02,40.84,1093300,40.84
2007-01-16,38.15,39.89,37.50,39.27,583900,39.27
2007-01-12,38.50,39.22,37.60,37.74,444800,37.74
2007-01-11,37.09,39.73,37.00,37.54,511800,37.54
2007-01-10,37.69,38.30,36.05,38.14,630300,38.14
2007-01-09,39.96,39.97,37.70,38.19,536200,38.19
2007-01-08,40.46,40.54,38.54,39.95,632400,39.95
2007-01-05,38.49,40.37,38.03,39.85,932000,39.85
2007-01-04,38.60,39.00,37.36,37.82,422000,37.82
2007-01-03,38.87,40.30,37.36,39.00,855800,39.00
2006-12-29,38.15,39.02,36.87,37.54,707600,37.54
2006-12-28,35.23,38.88,34.85,38.15,1019000,38.15
2006-12-27,33.52,35.60,33.07,35.23,313900,35.23
2006-12-26,32.50,34.00,32.50,33.28,113300,33.28
2006-12-22,33.00,33.47,31.05,32.35,284800,32.35
2006-12-21,34.40,34.40,32.82,33.00,192500,33.00
2006-12-20,34.00,34.86,33.78,34.32,138600,34.32
2006-12-19,33.50,34.30,32.10,33.48,146000,33.48
2006-12-18,33.60,34.75,33.25,33.77,279800,33.77
2006-12-15,34.75,35.24,32.64,33.02,362600,33.02
2006-12-14,35.52,35.52,34.50,34.50,250900,34.50
2006-12-13,34.23,35.36,34.23,35.20,228600,35.20
2006-12-12,35.50,35.87,34.20,34.37,238600,34.37
2006-12-11,34.50,35.96,34.20,35.45,414200,35.45
2006-12-08,33.14,34.45,33.09,34.09,122100,34.09
2006-12-07,33.89,34.18,32.88,33.31,115500,33.31
2006-12-06,33.42,34.31,33.39,33.66,257300,33.66
2006-12-05,32.41,34.11,32.40,33.39,361500,33.39
2006-12-04,30.80,32.77,30.21,32.41,435000,32.41
2006-12-01,30.20,31.50,30.11,31.05,324700,31.05
2006-11-30,31.98,32.00,30.57,30.57,328300,30.57
2006-11-29,30.97,32.00,30.60,31.57,412300,31.57
2006-11-28,32.25,32.25,28.85,30.94,965700,30.94
2006-11-27,33.00,34.49,32.23,32.40,600700,32.40
2006-11-24,33.48,33.48,32.58,33.00,168600,33.00
2006-11-22,33.22,33.79,32.51,33.47,331800,33.47
2006-11-21,33.80,34.80,31.61,33.15,824200,33.15
2006-11-20,31.20,34.50,30.79,34.08,656400,34.08
2006-11-17,30.60,31.18,28.58,30.77,361800,30.77
2006-11-16,29.25,30.99,28.86,30.49,742400,30.49
2006-11-15,28.50,31.68,27.40,30.70,1426400,30.70
2006-11-14,27.03,29.94,27.00,28.30,1098300,28.30
2006-11-13,26.99,27.10,26.43,26.69,237500,26.69
2006-11-10,25.96,27.20,25.56,26.20,473600,26.20
2006-11-09,26.30,26.79,25.52,25.55,230700,25.55
2006-11-08,26.05,26.30,25.55,26.21,214400,26.21
2006-11-07,26.89,27.10,26.22,26.29,292400,26.29
2006-11-06,25.60,27.00,25.24,26.69,621000,26.69
2006-11-03,25.89,25.95,24.81,25.37,261100,25.37
2006-11-02,25.00,25.70,24.35,25.59,284000,25.59
2006-11-01,24.40,25.42,23.65,24.90,608300,24.90
2006-10-31,24.55,25.74,24.20,24.54,510600,24.54
2006-10-30,26.50,26.77,23.57,24.99,1254600,24.99
2006-10-27,22.90,25.78,21.50,25.44,2408800,25.44
