Date,Open,High,Low,Close,Volume,Adj Close
2012-05-04,13.13,13.13,12.99,13.13,18100,13.13
2012-05-03,13.06,13.18,12.96,13.13,72500,13.13
2012-05-02,13.00,13.14,12.92,13.00,97000,13.00
2012-05-01,12.91,13.20,12.91,13.20,28000,13.20
2012-04-30,13.22,13.23,13.00,13.08,40300,13.08
2012-04-27,13.42,13.44,12.81,13.07,68000,13.07
2012-04-26,13.20,13.33,13.10,13.21,13500,13.21
2012-04-25,13.47,13.54,13.11,13.18,23300,13.18
2012-04-24,13.11,13.25,13.07,13.20,53600,13.20
2012-04-23,13.13,13.20,12.81,13.14,117300,13.14
2012-04-20,13.22,13.70,12.91,13.19,255900,13.19
2012-04-19,13.25,13.25,13.13,13.19,75000,13.19
2012-04-18,13.11,13.18,12.92,13.15,23900,13.15
2012-04-17,13.10,13.21,13.10,13.14,19600,13.14
2012-04-16,13.25,13.25,13.01,13.10,14000,13.10
2012-04-13,13.40,13.40,13.02,13.25,31600,13.25
2012-04-12,13.05,14.09,13.05,13.81,55400,13.81
2012-04-11,13.22,13.30,12.83,13.07,64700,13.07
2012-04-10,14.24,14.24,13.33,13.47,52500,13.47
2012-04-09,13.35,14.06,13.20,13.97,23800,13.97
2012-04-05,13.85,13.87,13.55,13.61,59100,13.61
2012-04-04,14.15,14.15,13.76,13.78,52500,13.78
2012-04-03,14.68,14.75,14.25,14.38,102000,14.38
2012-04-02,14.75,14.84,14.51,14.56,219300,14.56
2012-03-30,15.11,15.14,14.70,14.80,55700,14.80
2012-03-29,14.67,15.33,14.67,15.03,166300,15.03
2012-03-28,14.60,14.65,14.44,14.57,21400,14.57
2012-03-27,14.40,14.55,14.24,14.46,64000,14.46
2012-03-26,14.51,14.67,14.35,14.47,66700,14.47
2012-03-23,13.96,14.70,13.95,14.35,73000,14.35
2012-03-22,13.71,14.05,13.62,13.99,43100,13.99
2012-03-21,13.98,13.98,13.63,13.71,44500,13.71
2012-03-20,13.62,14.00,13.51,13.92,21700,13.92
2012-03-19,13.60,13.86,13.35,13.77,400300,13.77
2012-03-16,13.70,13.70,13.60,13.60,45600,13.60
2012-03-15,14.05,14.15,13.68,13.75,53000,13.75
2012-03-14,14.16,14.24,13.69,13.75,116000,13.75
2012-03-13,13.98,14.02,13.82,14.00,39200,14.00
2012-03-12,14.25,14.59,13.75,13.89,70900,13.89
2012-03-09,13.00,14.59,13.00,14.19,241700,14.19
2012-03-08,11.90,12.44,11.82,12.00,39000,12.00
2012-03-07,11.75,11.87,11.75,11.76,43500,11.76
2012-03-06,11.83,11.83,11.75,11.77,37600,11.77
2012-03-05,11.75,11.95,11.75,11.90,10800,11.90
2012-03-02,12.00,12.01,11.75,11.75,58500,11.75
2012-03-01,11.75,12.05,11.75,11.94,57100,11.94
2012-02-29,11.62,11.79,11.52,11.67,33700,11.67
2012-02-28,11.51,11.69,11.50,11.61,9500,11.61
2012-02-27,11.53,11.68,11.50,11.65,29000,11.65
2012-02-24,11.60,11.92,11.52,11.69,37400,11.69
2012-02-23,12.02,12.06,11.79,11.97,21500,11.97
2012-02-22,11.70,12.07,11.70,12.02,29500,12.02
2012-02-21,11.75,11.76,11.56,11.65,21300,11.65
2012-02-17,11.82,11.85,11.56,11.65,20300,11.65
2012-02-16,11.80,11.90,11.72,11.72,17800,11.72
2012-02-15,11.84,11.98,11.78,11.80,36700,11.80
2012-02-14,11.83,11.86,11.79,11.83,28800,11.83
2012-02-13,11.70,11.83,11.66,11.80,30700,11.80
2012-02-10,11.49,11.70,11.49,11.60,21400,11.60
2012-02-09,11.25,11.64,11.25,11.53,33600,11.53
2012-02-08,10.90,11.56,10.76,11.23,46200,11.23
2012-02-07,10.73,10.90,10.42,10.71,118500,10.71
2012-02-06,11.00,11.18,10.50,10.72,68300,10.72
2012-02-03,11.23,11.25,10.91,10.97,101000,10.97
2012-02-02,11.68,11.68,11.04,11.10,75600,11.10
2012-02-01,11.74,11.74,11.60,11.62,63800,11.62
2012-01-31,11.77,11.77,11.50,11.58,61700,11.58
2012-01-30,11.72,11.74,11.60,11.61,27500,11.61
2012-01-27,11.53,11.99,11.41,11.84,99600,11.84
2012-01-26,11.39,11.60,11.39,11.52,50900,11.52
2012-01-25,11.10,11.50,11.08,11.37,43700,11.37
2012-01-24,11.11,11.11,10.86,11.02,37900,11.02
2012-01-23,10.66,11.23,10.60,11.19,54700,11.19
2012-01-20,10.25,10.50,10.00,10.44,32100,10.44
2012-01-19,10.00,10.39,10.00,10.30,52000,10.30
2012-01-18,9.79,10.00,9.78,9.80,83300,9.80
2012-01-17,9.46,9.68,9.37,9.47,103300,9.47
2012-01-13,9.40,9.65,9.26,9.48,74900,9.48
2012-01-12,9.79,9.90,9.39,9.51,134400,9.51
2012-01-11,10.07,10.09,9.73,9.89,60500,9.89
2012-01-10,10.15,10.20,10.00,10.09,23300,10.09
2012-01-09,10.00,10.22,9.98,10.07,31300,10.07
2012-01-06,10.03,10.04,9.99,10.00,8100,10.00
2012-01-05,10.06,10.19,9.94,10.10,27900,10.10
2012-01-04,10.21,10.37,10.09,10.17,25000,10.17
2012-01-03,10.33,10.43,10.20,10.26,16200,10.26
2011-12-30,9.93,10.75,9.93,10.22,122200,10.22
2011-12-29,10.17,10.30,9.91,10.03,33800,10.03
2011-12-28,10.08,10.29,10.02,10.25,64800,10.25
2011-12-27,10.27,10.64,10.14,10.20,32800,10.20
2011-12-23,10.66,10.77,10.31,10.40,23700,10.40
2011-12-22,10.33,10.66,10.33,10.58,39800,10.58
2011-12-21,10.77,10.99,10.08,10.23,56300,10.23
2011-12-20,10.13,10.79,10.05,10.77,68500,10.77
2011-12-19,9.74,10.16,9.62,10.05,285500,10.05
2011-12-16,10.05,10.11,9.50,9.60,179000,9.60
2011-12-15,10.26,10.33,9.98,10.05,115600,10.05
2011-12-14,10.45,10.64,10.13,10.16,99400,10.16
2011-12-13,10.80,11.00,10.28,10.44,79000,10.44
2011-12-12,11.50,11.51,10.78,10.79,58300,10.79
2011-12-09,11.82,11.84,11.50,11.53,40100,11.53
2011-12-08,12.21,12.21,11.76,11.85,70000,11.85
2011-12-07,12.23,12.39,12.05,12.24,53500,12.24
2011-12-06,12.38,12.38,12.15,12.30,26800,12.30
2011-12-05,12.50,12.73,12.26,12.41,100800,12.41
2011-12-02,13.22,13.30,12.07,12.18,42700,12.18
2011-12-01,13.23,13.41,12.98,13.17,24400,13.17
2011-11-30,13.07,13.25,12.87,13.24,87800,13.24
2011-11-29,12.12,12.89,12.12,12.72,71000,12.72
2011-11-28,11.93,12.24,11.36,12.18,136000,12.18
2011-11-25,12.00,12.33,11.54,11.69,51900,11.69
2011-11-23,12.00,12.35,12.00,12.00,58200,12.00
2011-11-22,12.09,12.20,12.00,12.07,19900,12.07
2011-11-21,11.86,12.07,11.86,12.00,44000,12.00
2011-11-18,12.18,12.35,12.06,12.09,17500,12.09
2011-11-17,12.25,12.43,12.00,12.05,111400,12.05
2011-11-16,11.90,12.41,11.90,12.25,32100,12.25
2011-11-15,12.30,12.46,12.02,12.10,56200,12.10
2011-11-14,12.81,12.89,12.06,12.35,160100,12.35
2011-11-11,12.01,12.77,12.00,12.67,164900,12.67
2011-11-10,11.54,11.61,11.24,11.61,26300,11.61
2011-11-09,11.43,11.82,11.22,11.37,36600,11.37
2011-11-08,11.23,11.55,11.15,11.42,127500,11.42
2011-11-07,11.20,11.24,10.82,11.13,32900,11.13
2011-11-04,11.25,11.49,10.79,11.13,47700,11.13
2011-11-03,11.75,12.51,11.37,11.49,34600,11.49
2011-11-02,11.31,11.71,11.15,11.56,39500,11.56
2011-11-01,11.14,11.52,10.96,11.21,34400,11.21
2011-10-31,12.11,12.11,11.40,11.51,56900,11.51
2011-10-28,12.35,12.67,12.14,12.20,37300,12.20
2011-10-27,12.11,12.50,11.84,12.48,37500,12.48
2011-10-26,10.88,11.84,10.82,11.84,50900,11.84
2011-10-25,11.21,11.46,10.50,10.66,50600,10.66
2011-10-24,10.36,11.40,10.36,11.40,25700,11.40
2011-10-21,10.70,10.70,10.25,10.42,125300,10.42
2011-10-20,10.42,10.80,10.40,10.45,190500,10.45
2011-10-19,11.05,11.05,10.36,10.41,21400,10.41
2011-10-18,10.89,11.02,10.49,11.02,14200,11.02
2011-10-17,11.33,11.48,10.75,10.89,28400,10.89
2011-10-14,11.06,11.80,11.01,11.42,20000,11.42
2011-10-13,10.39,11.17,10.13,10.94,24000,10.94
2011-10-12,10.36,10.52,10.01,10.51,55300,10.51
2011-10-11,10.32,10.57,10.21,10.31,74300,10.31
2011-10-10,10.98,10.98,10.08,10.35,244100,10.35
2011-10-07,11.00,11.03,10.63,10.76,33900,10.76
2011-10-06,10.90,11.25,10.84,11.00,52600,11.00
2011-10-05,11.42,11.42,10.65,11.05,128000,11.05
2011-10-04,11.06,11.30,11.00,11.20,83500,11.20
2011-10-03,11.88,12.00,11.08,11.14,75000,11.14
2011-09-30,11.97,12.23,11.66,11.93,189900,11.93
2011-09-29,12.81,13.09,12.18,12.18,37600,12.18
2011-09-28,13.19,13.54,12.50,12.63,109800,12.63
2011-09-27,13.30,13.39,13.03,13.38,41500,13.38
2011-09-26,12.75,13.23,12.47,13.16,53500,13.16
2011-09-23,12.10,12.63,12.07,12.60,48500,12.60
2011-09-22,12.44,12.62,11.80,12.07,124700,12.07
2011-09-21,13.34,13.48,12.83,12.84,34400,12.84
2011-09-20,13.53,13.67,13.16,13.27,37200,13.27
2011-09-19,13.41,13.72,13.03,13.21,56200,13.21
2011-09-16,14.04,14.04,13.62,13.81,51900,13.81
2011-09-15,13.89,14.06,13.60,13.93,60200,13.93
2011-09-14,13.16,13.83,13.14,13.74,59800,13.74
2011-09-13,12.54,13.20,12.42,13.19,54000,13.19
2011-09-12,12.83,13.17,12.83,12.93,12700,12.93
2011-09-09,13.33,13.41,13.00,13.02,19400,13.02
2011-09-08,13.43,13.62,13.19,13.55,21700,13.55
2011-09-07,13.02,13.46,12.87,13.46,35600,13.46
2011-09-06,12.97,13.08,12.79,12.82,95100,12.82
2011-09-02,12.97,13.73,12.97,12.97,92100,12.97
2011-09-01,14.44,14.50,12.97,13.01,125200,13.01
2011-08-31,13.50,14.18,13.35,14.06,73800,14.06
2011-08-30,13.37,13.55,12.97,13.51,14200,13.51
2011-08-29,13.21,13.60,13.05,13.58,40700,13.58
2011-08-26,12.97,13.10,12.97,13.07,17500,13.07
2011-08-25,13.07,13.15,12.97,13.01,10900,13.01
2011-08-24,13.05,13.38,12.97,13.05,63800,13.05
2011-08-23,13.30,13.30,12.97,13.03,179300,13.03
2011-08-22,14.00,14.00,13.05,13.14,66900,13.14
2011-08-19,14.26,14.36,13.70,13.83,95000,13.83
2011-08-18,15.01,15.17,13.83,13.87,76900,13.87
2011-08-17,15.03,15.31,14.89,15.03,53600,15.03
2011-08-16,15.24,15.24,14.50,15.00,97100,15.00
2011-08-15,13.47,14.67,13.47,14.59,47000,14.59
2011-08-12,14.16,14.88,13.95,14.12,52800,14.12
2011-08-11,12.97,14.20,12.97,14.13,131100,14.13
2011-08-10,13.50,13.77,12.97,12.97,103700,12.97
2011-08-09,13.00,13.81,12.62,13.79,153500,13.79
2011-08-08,13.47,13.75,12.04,12.62,257300,12.62
2011-08-05,14.50,14.50,14.00,14.01,56300,14.01
2011-08-04,16.08,16.09,14.36,14.51,231200,14.51
2011-08-03,17.00,17.49,15.70,16.15,241500,16.15
2011-08-02,16.75,17.05,16.13,16.26,92400,16.26
2011-08-01,16.12,16.98,15.90,16.77,51700,16.77
2011-07-29,15.70,16.29,15.70,16.10,59100,16.10
2011-07-28,15.48,16.01,15.48,15.90,123800,15.90
2011-07-27,15.98,15.98,15.27,15.67,76300,15.67
2011-07-26,15.97,16.03,15.80,15.99,28100,15.99
2011-07-25,16.01,16.23,15.97,15.99,25000,15.99
2011-07-22,16.57,16.65,16.18,16.24,27800,16.24
2011-07-21,16.60,16.82,16.39,16.47,16400,16.47
2011-07-20,17.54,17.54,16.31,16.58,48700,16.58
2011-07-19,17.63,17.83,16.48,16.74,109400,16.74
2011-07-18,17.96,18.08,17.60,17.63,14000,17.63
2011-07-15,18.15,18.15,17.75,17.96,39700,17.96
2011-07-14,18.45,18.50,17.90,17.90,67800,17.90
2011-07-13,18.29,18.50,18.19,18.36,77400,18.36
2011-07-12,18.03,18.75,17.73,18.10,89600,18.10
2011-07-11,18.44,18.50,17.77,17.86,113700,17.86
2011-07-08,18.63,18.76,18.46,18.57,41700,18.57
2011-07-07,18.00,19.00,17.77,18.69,151200,18.69
2011-07-06,17.95,18.29,17.62,18.18,20000,18.18
2011-07-05,18.60,18.60,17.65,18.05,80600,18.05
2011-07-01,17.24,18.70,17.24,18.49,90900,18.49
2011-06-30,17.29,17.61,16.64,17.43,93000,17.43
2011-06-29,17.05,17.28,17.02,17.26,40400,17.26
2011-06-28,16.40,17.07,16.40,17.00,60300,17.00
2011-06-27,15.18,16.46,15.18,16.36,124700,16.36
2011-06-24,15.25,15.53,15.13,15.14,47600,15.14
2011-06-23,15.40,15.47,15.18,15.42,46700,15.42
2011-06-22,16.32,16.45,15.64,15.68,47700,15.68
2011-06-21,15.75,16.47,15.53,16.28,53000,16.28
2011-06-20,15.45,15.72,15.09,15.66,57700,15.66
2011-06-17,15.37,15.69,15.37,15.64,91000,15.64
2011-06-16,15.04,15.54,15.00,15.51,111200,15.51
2011-06-15,15.35,15.52,15.17,15.36,151800,15.36
2011-06-14,16.80,16.80,14.60,15.62,471000,15.62
2011-06-13,17.20,17.79,16.60,16.80,448100,16.80
2011-06-10,17.64,17.89,17.46,17.83,64800,17.83
2011-06-09,17.70,17.86,17.60,17.77,128700,17.77
2011-06-08,17.75,18.02,17.55,17.70,76400,17.70
2011-06-07,17.80,17.80,17.56,17.69,27200,17.69
2011-06-06,17.59,17.76,17.58,17.67,63700,17.67
2011-06-03,17.40,17.77,17.38,17.65,31800,17.65
2011-06-02,18.00,18.00,17.65,17.79,33800,17.79
2011-06-01,18.33,18.34,17.71,18.03,39500,18.03
2011-05-31,18.10,18.63,17.97,18.55,45300,18.55
2011-05-27,17.81,17.99,17.76,17.97,31900,17.97
2011-05-26,17.40,18.01,17.22,17.89,114900,17.89
2011-05-25,17.28,17.71,16.94,17.59,153200,17.59
2011-05-24,17.63,17.73,17.35,17.57,24000,17.57
2011-05-23,18.00,18.00,17.37,17.50,61000,17.50
2011-05-20,18.22,18.22,17.90,18.18,52300,18.18
2011-05-19,18.51,18.79,18.18,18.25,59700,18.25
2011-05-18,18.50,19.00,18.28,18.87,40300,18.87
2011-05-17,18.50,18.77,17.85,18.58,92600,18.58
2011-05-16,19.90,19.90,18.50,18.63,204000,18.63
2011-05-13,18.90,20.00,18.90,19.99,262600,19.99
2011-05-12,18.10,18.94,18.10,18.84,42900,18.84
2011-05-11,18.98,18.98,18.03,18.15,41200,18.15
2011-05-10,18.87,18.94,18.70,18.87,138100,18.87
2011-05-09,18.42,18.89,18.07,18.76,81800,18.76
2011-05-06,19.00,19.10,18.22,18.34,77000,18.34
2011-05-05,18.79,19.00,17.60,19.00,98100,19.00
2011-05-04,18.00,19.00,18.00,18.92,159000,18.92
2011-05-03,18.01,18.29,18.00,18.21,89700,18.21
2011-05-02,17.96,18.19,17.81,18.05,109300,18.05
2011-04-29,17.67,18.00,17.52,17.99,123000,17.99
2011-04-28,17.50,17.80,17.29,17.72,46000,17.72
2011-04-27,17.60,17.75,17.59,17.70,85700,17.70
2011-04-26,17.49,17.82,17.49,17.55,261200,17.55
2011-04-25,17.50,17.63,17.29,17.36,19500,17.36
2011-04-21,17.28,17.63,16.90,17.50,222400,17.50
2011-04-20,16.58,16.97,16.44,16.97,56100,16.97
2011-04-19,16.28,16.63,16.28,16.60,38800,16.60
2011-04-18,16.58,16.64,16.38,16.50,39100,16.50
2011-04-15,16.05,16.69,16.05,16.68,55900,16.68
2011-04-14,16.04,16.57,15.96,16.49,60000,16.49
2011-04-13,16.48,16.48,15.88,16.13,82200,16.13
2011-04-12,16.75,16.78,16.37,16.48,45100,16.48
2011-04-11,16.85,16.93,16.69,16.73,14100,16.73
2011-04-08,16.71,16.92,16.58,16.83,41100,16.83
2011-04-07,16.77,16.85,16.30,16.65,52300,16.65
2011-04-06,17.73,17.73,16.77,16.90,69000,16.90
2011-04-05,18.00,18.02,17.68,17.72,76000,17.72
2011-04-04,17.90,18.21,17.60,17.87,156200,17.87
2011-04-01,17.30,18.00,17.30,17.90,247100,17.90
2011-03-31,17.29,17.30,17.20,17.29,79400,17.29
2011-03-30,17.15,17.27,17.04,17.21,100200,17.21
2011-03-29,17.00,17.15,16.81,17.15,87300,17.15
2011-03-28,16.70,17.09,16.70,16.96,156200,16.96
2011-03-25,16.58,16.70,16.45,16.68,101900,16.68
2011-03-24,15.95,16.32,15.84,16.31,38700,16.31
2011-03-23,15.85,16.05,15.77,15.93,24400,15.93
2011-03-22,16.20,16.20,15.64,15.85,35500,15.85
2011-03-21,17.00,17.00,16.11,16.23,111900,16.23
2011-03-18,16.19,16.70,15.92,16.70,256900,16.70
2011-03-17,15.61,16.05,15.61,15.96,89100,15.96
2011-03-16,14.86,15.63,14.86,15.45,83400,15.45
2011-03-15,15.35,15.36,15.15,15.30,52400,15.30
2011-03-14,15.45,15.46,15.09,15.40,50900,15.40
2011-03-11,15.24,15.44,15.24,15.40,66200,15.40
2011-03-10,15.30,15.41,15.18,15.35,86500,15.35
2011-03-09,14.97,15.49,14.95,15.23,141200,15.23
2011-03-08,15.00,15.00,14.76,14.90,94400,14.90
2011-03-07,15.00,15.02,14.76,14.78,50500,14.78
2011-03-04,14.95,15.00,14.85,14.90,44100,14.90
2011-03-03,15.00,15.00,14.96,14.98,82300,14.98
2011-03-02,15.20,15.23,14.92,15.00,80700,15.00
2011-03-01,15.40,15.40,15.15,15.18,86800,15.18
2011-02-28,15.34,15.50,15.27,15.40,119700,15.40
2011-02-25,15.60,15.80,15.58,15.64,27000,15.64
2011-02-24,15.90,16.00,15.56,15.65,55900,15.65
2011-02-23,16.00,16.13,15.70,15.90,55100,15.90
2011-02-22,16.03,16.30,15.98,15.98,114700,15.98
2011-02-18,16.09,16.30,15.88,16.01,73800,16.01
2011-02-17,15.45,15.96,15.15,15.70,222400,15.70
2011-02-16,15.06,15.21,14.71,15.05,51100,15.05
2011-02-15,15.00,15.22,14.91,15.09,76200,15.09
2011-02-14,15.63,15.66,15.06,15.10,47900,15.10
2011-02-11,15.26,15.26,15.11,15.18,6800,15.18
2011-02-10,15.24,15.35,15.00,15.13,21500,15.13
2011-02-09,15.78,15.82,15.26,15.26,39600,15.26
2011-02-08,15.63,15.73,15.42,15.52,20500,15.52
2011-02-07,15.85,15.90,15.62,15.73,18900,15.73
2011-02-04,16.19,16.30,15.70,15.85,47800,15.85
2011-02-03,16.04,16.21,16.00,16.08,8000,16.08
2011-02-02,16.05,16.19,15.47,15.96,37900,15.96
2011-02-01,16.24,16.31,15.91,15.99,12700,15.99
2011-01-31,15.29,16.16,15.02,16.09,61800,16.09
2011-01-28,15.65,15.65,15.02,15.20,20900,15.20
2011-01-27,16.00,16.00,15.52,15.73,17800,15.73
2011-01-26,16.27,16.27,15.75,15.90,33900,15.90
2011-01-25,15.78,16.18,15.78,16.17,34300,16.17
2011-01-24,16.11,16.15,15.95,16.10,63500,16.10
2011-01-21,16.13,16.26,15.86,16.05,96600,16.05
2011-01-20,16.06,16.11,15.98,16.10,18700,16.10
2011-01-19,15.90,16.05,15.70,16.00,45700,16.00
2011-01-18,15.94,15.99,15.79,15.90,40900,15.90
2011-01-14,16.20,16.20,15.86,16.08,27300,16.08
2011-01-13,16.38,16.38,16.15,16.28,39000,16.28
2011-01-12,16.40,16.50,16.19,16.40,55100,16.40
2011-01-11,16.09,16.37,15.72,16.37,53700,16.37
2011-01-10,16.32,16.32,15.86,16.21,66400,16.21
2011-01-07,16.28,16.77,16.02,16.45,226800,16.45
2011-01-06,16.00,16.23,16.00,16.17,16200,16.17
2011-01-05,15.82,16.03,15.67,16.03,33100,16.03
2011-01-04,15.86,16.05,15.82,15.94,251600,15.94
2011-01-03,15.30,15.80,15.28,15.76,67000,15.76
2010-12-31,14.93,15.24,14.89,15.18,35400,15.18
2010-12-30,14.85,15.21,14.82,14.98,184800,14.98
2010-12-29,15.07,15.11,14.88,14.95,34700,14.95
2010-12-28,14.89,15.11,14.88,14.97,14500,14.97
2010-12-27,14.93,15.10,14.80,14.97,7900,14.97
2010-12-23,15.23,15.29,14.92,15.05,6900,15.05
2010-12-22,15.25,15.39,15.21,15.30,22600,15.30
2010-12-21,15.27,15.35,15.13,15.33,10200,15.33
2010-12-20,15.01,15.28,14.94,15.21,20500,15.21
2010-12-17,15.00,15.07,14.71,14.99,49200,14.99
2010-12-16,14.81,15.06,14.72,15.00,40200,15.00
2010-12-15,14.73,15.07,14.59,14.72,101200,14.72
2010-12-14,15.32,15.32,14.29,14.81,121600,14.81
2010-12-13,15.31,15.31,14.96,15.22,37100,15.22
2010-12-10,14.97,15.46,14.85,15.30,138500,15.30
2010-12-09,14.70,14.96,14.62,14.87,31900,14.87
2010-12-08,14.47,14.99,14.27,14.74,79200,14.74
2010-12-07,14.17,14.81,13.83,14.54,303100,14.54
2010-12-06,15.00,15.21,13.02,14.14,402400,14.14
2010-12-03,14.97,15.12,14.86,15.02,79200,15.02
2010-12-02,15.22,15.22,14.93,15.05,215600,15.05
2010-12-01,15.38,15.49,15.06,15.06,55700,15.06
2010-11-30,15.49,15.49,15.08,15.35,84100,15.35
2010-11-29,16.00,16.26,15.28,15.68,158000,15.68
2010-11-26,16.03,16.29,16.01,16.17,114300,16.17
2010-11-24,16.16,16.18,15.90,16.03,97800,16.03
2010-11-23,16.10,16.21,16.05,16.13,38900,16.13
2010-11-22,16.10,16.29,16.07,16.25,96500,16.25
2010-11-19,16.29,16.47,16.09,16.15,39900,16.15
2010-11-18,16.22,16.25,16.01,16.21,105500,16.21
2010-11-17,15.79,16.44,15.62,16.01,263900,16.01
2010-11-16,15.90,15.90,15.06,15.79,292600,15.79
2010-11-15,16.19,16.36,16.12,16.20,197100,16.20
2010-11-12,16.20,16.41,15.90,16.13,107900,16.13
2010-11-11,15.75,16.44,15.60,16.00,97100,16.00
2010-11-10,15.74,15.84,15.50,15.84,54500,15.84
2010-11-09,15.88,15.88,15.59,15.81,84200,15.81
2010-11-08,16.13,16.14,15.80,15.93,118400,15.93
2010-11-05,16.00,16.23,15.77,16.07,134800,16.07
2010-11-04,15.68,16.36,15.68,16.00,419400,16.00
2010-11-03,15.48,15.74,15.38,15.61,243400,15.61
2010-11-02,15.26,15.40,14.98,15.39,224200,15.39
2010-11-01,15.12,15.23,15.00,15.10,93700,15.10
2010-10-29,14.64,15.11,14.60,15.05,123800,15.05
2010-10-28,14.40,14.92,14.37,14.65,73400,14.65
2010-10-27,14.00,14.45,13.99,14.40,71800,14.40
2010-10-26,13.91,14.40,13.66,14.20,239700,14.20
2010-10-25,13.78,14.03,13.66,13.97,213800,13.97
2010-10-22,13.50,13.85,13.28,13.59,61800,13.59
2010-10-21,14.00,14.05,13.86,13.95,99900,13.95
2010-10-20,13.54,14.00,13.54,13.90,69100,13.90
2010-10-19,13.66,13.73,13.51,13.64,29300,13.64
2010-10-18,13.90,14.06,13.70,13.84,46100,13.84
2010-10-15,13.60,13.94,13.53,13.93,31500,13.93
2010-10-14,13.90,14.00,13.52,13.58,43400,13.58
2010-10-13,13.65,13.92,13.50,13.87,69100,13.87
2010-10-12,12.80,13.67,12.80,13.33,99600,13.33
2010-10-11,12.34,12.89,12.34,12.70,103200,12.70
2010-10-08,12.79,12.85,12.65,12.65,46700,12.65
2010-10-07,12.92,12.93,12.56,12.82,70000,12.82
2010-10-06,12.92,13.01,12.68,12.76,129200,12.76
2010-10-05,12.92,13.01,12.54,12.80,76600,12.80
2010-10-04,12.94,12.94,12.73,12.85,82600,12.85
2010-10-01,13.04,13.04,12.83,12.90,101000,12.90
2010-09-30,13.23,13.25,12.95,12.98,98600,12.98
2010-09-29,13.60,13.60,12.93,13.16,107300,13.16
2010-09-28,13.94,13.97,13.61,13.75,18700,13.75
2010-09-27,14.00,14.06,13.91,14.01,37800,14.01
2010-09-24,14.32,14.32,13.96,14.05,36800,14.05
2010-09-23,13.84,14.00,13.64,13.98,29100,13.98
2010-09-22,14.07,14.09,13.90,14.06,57600,14.06
2010-09-21,13.89,14.20,13.89,13.95,65800,13.95
2010-09-20,13.75,13.90,13.70,13.90,46600,13.90
2010-09-17,13.60,13.79,13.56,13.76,98400,13.76
2010-09-16,13.21,13.70,13.21,13.70,31500,13.70
2010-09-15,13.55,13.72,13.37,13.47,33800,13.47
2010-09-14,13.41,13.41,13.09,13.28,38900,13.28
2010-09-13,13.80,13.82,13.08,13.37,79200,13.37
2010-09-10,13.67,13.74,13.30,13.61,104200,13.61
2010-09-09,13.51,13.70,13.37,13.59,59400,13.59
2010-09-08,13.51,13.66,13.36,13.50,49400,13.50
2010-09-07,13.57,13.57,13.50,13.56,22900,13.56
2010-09-03,13.50,13.65,13.40,13.57,44900,13.57
2010-09-02,13.34,13.55,13.20,13.47,78600,13.47
2010-09-01,12.92,13.54,12.92,13.27,108000,13.27
2010-08-31,12.10,12.83,12.10,12.73,113200,12.73
2010-08-30,12.17,12.33,12.17,12.24,53200,12.24
2010-08-27,12.12,12.27,11.98,12.25,11600,12.25
2010-08-26,11.94,12.35,11.94,12.06,28600,12.06
2010-08-25,12.18,12.19,11.89,11.99,168100,11.99
2010-08-24,12.80,12.80,12.19,12.47,87000,12.47
2010-08-23,13.07,13.07,12.74,12.84,69400,12.84
2010-08-20,12.74,13.15,12.74,12.90,102900,12.90
2010-08-19,12.85,12.94,12.43,12.81,140900,12.81
2010-08-18,13.68,13.75,12.70,12.80,132100,12.80
2010-08-17,14.10,14.32,13.95,14.04,53700,14.04
2010-08-16,13.78,14.26,13.57,13.98,26500,13.98
2010-08-13,13.98,14.05,13.71,13.85,45700,13.85
2010-08-12,13.51,14.09,13.51,13.97,40900,13.97
2010-08-11,13.60,14.14,13.43,13.92,38400,13.92
2010-08-10,13.82,13.92,13.43,13.83,93500,13.83
2010-08-09,14.88,14.96,13.88,14.01,163500,14.01
2010-08-06,14.93,14.96,14.79,14.88,66800,14.88
2010-08-05,15.00,15.00,14.90,14.95,49000,14.95
2010-08-04,15.00,15.00,14.90,14.94,27900,14.94
2010-08-03,14.95,15.01,14.78,15.00,107600,15.00
2010-08-02,15.10,15.30,14.95,14.95,108400,14.95
2010-07-30,14.92,15.09,14.85,15.05,98700,15.05
2010-07-29,14.75,15.10,14.64,14.93,255700,14.93
2010-07-28,14.68,14.80,14.51,14.67,66900,14.67
2010-07-27,14.50,14.89,14.39,14.67,177600,14.67
2010-07-26,13.90,14.63,13.90,14.34,226500,14.34
2010-07-23,13.80,13.98,13.62,13.91,32700,13.91
2010-07-22,13.85,14.00,13.65,13.74,39600,13.74
2010-07-21,13.79,13.79,13.55,13.58,94200,13.58
2010-07-20,13.33,13.87,13.33,13.56,98700,13.56
2010-07-19,12.51,13.49,12.51,13.34,63400,13.34
2010-07-16,12.47,12.61,12.22,12.55,15500,12.55
2010-07-15,12.48,12.72,12.15,12.57,45800,12.57
2010-07-14,12.42,12.60,12.19,12.53,49300,12.53
2010-07-13,12.50,12.50,12.30,12.48,27800,12.48
2010-07-12,12.47,12.47,12.40,12.45,3700,12.45
2010-07-09,12.68,12.68,12.31,12.47,14700,12.47
2010-07-08,12.48,12.67,12.10,12.62,72600,12.62
2010-07-07,11.90,12.42,11.83,12.36,21400,12.36
2010-07-06,12.60,12.84,11.89,11.89,111500,11.89
2010-07-02,11.40,11.54,11.06,11.45,24800,11.45
2010-07-01,11.61,11.83,11.05,11.31,67100,11.31
2010-06-30,11.60,11.84,11.50,11.63,58700,11.63
2010-06-29,11.73,11.93,11.53,11.69,165500,11.69
2010-06-28,12.29,12.29,11.87,12.00,72900,12.00
2010-06-25,12.41,12.51,12.17,12.35,32600,12.35
2010-06-24,12.43,12.56,12.32,12.42,19700,12.42
2010-06-23,12.60,12.60,12.00,12.58,36500,12.58
2010-06-22,12.69,12.92,12.63,12.72,88100,12.72
2010-06-21,13.20,13.25,12.56,12.60,163800,12.60
2010-06-18,13.70,13.73,13.12,13.24,98800,13.24
2010-06-17,14.30,14.31,13.70,13.75,73800,13.75
2010-06-16,12.95,14.46,12.90,14.33,346900,14.33
2010-06-15,13.00,13.00,12.95,12.97,54000,12.97
2010-06-14,12.75,13.06,12.75,13.00,129700,13.00
2010-06-11,12.47,12.83,12.44,12.71,46200,12.71
2010-06-10,12.56,12.89,12.53,12.67,68800,12.67
2010-06-09,12.51,12.68,12.20,12.40,47300,12.40
2010-06-08,12.37,12.69,12.31,12.48,62500,12.48
2010-06-07,12.49,12.87,11.87,12.50,93200,12.50
2010-06-04,12.80,12.96,12.35,12.48,55600,12.48
2010-06-03,12.62,13.00,12.62,12.98,193200,12.98
2010-06-02,12.48,12.76,12.13,12.67,128800,12.67
2010-06-01,12.36,12.58,12.20,12.39,46000,12.39
2010-05-28,12.84,12.84,12.30,12.41,65100,12.41
2010-05-27,12.89,12.96,12.72,12.94,88000,12.94
2010-05-26,12.33,12.93,12.22,12.72,179900,12.72
2010-05-25,12.17,12.32,12.06,12.22,223000,12.22
2010-05-24,12.23,12.45,12.15,12.45,56000,12.45
2010-05-21,11.99,12.39,11.99,12.21,154700,12.21
2010-05-20,12.60,12.60,12.11,12.26,116000,12.26
2010-05-19,12.53,12.76,12.19,12.61,77200,12.61
2010-05-18,12.02,13.00,12.01,12.69,207400,12.69
2010-05-17,12.01,12.10,11.47,12.02,125300,12.02
2010-05-14,12.11,12.11,11.67,11.96,89700,11.96
2010-05-13,12.05,12.33,12.04,12.16,410400,12.16
2010-05-12,11.77,11.99,11.77,11.99,32600,11.99
2010-05-11,11.77,11.97,11.77,11.87,21300,11.87
2010-05-10,11.65,12.25,11.46,11.97,146500,11.97
2010-05-07,11.52,11.77,11.42,11.55,189000,11.55
2010-05-06,11.46,11.70,11.18,11.53,209400,11.53
2010-05-05,11.60,11.73,11.54,11.57,146600,11.57
2010-05-04,11.85,11.90,11.69,11.78,80200,11.78
2010-05-03,11.88,12.03,11.88,12.00,85800,12.00
2010-04-30,11.80,11.95,10.92,11.92,83400,11.92
2010-04-29,11.80,11.84,11.60,11.76,132800,11.76
2010-04-28,11.49,11.66,11.44,11.62,208000,11.62
2010-04-27,11.23,11.52,11.23,11.40,148200,11.40
2010-04-26,10.94,11.39,10.94,11.31,100600,11.31
2010-04-23,10.90,11.02,10.68,10.99,51000,10.99
2010-04-22,10.74,10.89,10.74,10.83,80400,10.83
2010-04-21,10.70,10.99,10.70,10.89,82900,10.89
2010-04-20,10.57,11.00,10.57,10.70,152800,10.70
2010-04-19,10.13,10.43,10.10,10.38,211400,10.38
2010-04-16,10.50,10.51,10.00,10.02,123800,10.02
2010-04-15,10.89,10.89,10.40,10.58,168000,10.58
2010-04-14,11.12,11.37,10.87,10.91,73200,10.91
2010-04-13,10.93,11.25,10.90,11.13,108000,11.13
2010-04-12,10.90,11.00,10.73,10.90,60700,10.90
2010-04-09,11.05,11.11,10.71,10.80,51200,10.80
2010-04-08,11.06,11.15,10.74,11.02,110900,11.02
2010-04-07,11.85,11.86,11.11,11.34,89000,11.34
2010-04-06,11.98,12.03,11.76,11.94,35300,11.94
2010-04-05,11.99,12.16,11.91,12.05,49100,12.05
2010-04-01,12.37,12.47,11.99,12.00,75800,12.00
2010-03-31,12.25,12.38,12.06,12.38,37200,12.38
2010-03-30,12.50,12.54,12.12,12.37,81000,12.37
2010-03-29,12.40,12.55,12.35,12.45,16300,12.45
2010-03-26,12.33,12.45,12.31,12.35,18000,12.35
2010-03-25,12.49,12.54,12.30,12.34,11200,12.34
2010-03-24,12.46,12.50,12.30,12.50,26900,12.50
2010-03-23,12.44,12.44,12.30,12.44,29800,12.44
2010-03-22,12.49,12.53,12.30,12.33,96000,12.33
2010-03-19,12.49,12.55,12.35,12.46,36900,12.46
2010-03-18,12.46,12.50,12.21,12.46,26900,12.46
2010-03-17,12.63,12.75,12.17,12.37,88300,12.37
2010-03-16,12.33,12.57,12.32,12.52,45700,12.52
2010-03-15,12.28,12.47,12.14,12.20,16900,12.20
2010-03-12,12.50,12.50,12.17,12.18,20300,12.18
2010-03-11,12.57,12.57,12.42,12.51,45200,12.51
2010-03-10,12.06,12.59,12.06,12.50,34300,12.50
2010-03-09,12.06,12.29,12.06,12.29,100300,12.29
2010-03-08,12.28,12.44,12.02,12.06,53200,12.06
2010-03-05,12.21,12.31,12.20,12.28,39400,12.28
2010-03-04,12.35,12.44,12.11,12.20,62800,12.20
2010-03-03,12.46,12.77,12.28,12.55,84600,12.55
2010-03-02,12.12,12.47,12.12,12.24,20000,12.24
2010-03-01,12.45,12.45,12.03,12.11,30200,12.11
2010-02-26,12.51,12.52,11.92,12.45,29000,12.45
2010-02-25,12.00,12.50,12.00,12.49,71200,12.49
2010-02-24,12.05,12.24,11.97,12.06,48000,12.06
2010-02-23,12.28,12.28,11.57,12.02,19500,12.02
2010-02-22,11.94,12.28,11.91,12.28,50800,12.28
2010-02-19,12.38,12.38,11.85,11.98,44000,11.98
2010-02-18,12.27,12.55,12.07,12.48,61200,12.48
2010-02-17,12.04,12.50,12.03,12.38,160300,12.38
2010-02-16,11.15,12.02,11.05,11.97,121600,11.97
2010-02-12,11.15,11.21,10.95,11.15,82800,11.15
2010-02-11,10.80,11.00,10.63,10.99,57000,10.99
2010-02-10,10.20,10.87,10.19,10.76,189700,10.76
2010-02-09,10.26,10.35,10.16,10.18,165500,10.18
2010-02-08,10.01,10.33,10.00,10.25,208700,10.25
2010-02-05,10.17,10.31,9.84,10.01,115800,10.01
2010-02-04,10.99,10.99,10.08,10.22,190600,10.22
2010-02-03,11.00,11.18,10.91,10.97,100800,10.97
2010-02-02,10.93,11.28,10.89,11.09,172800,11.09
2010-02-01,11.35,11.35,10.82,10.99,170400,10.99
2010-01-29,11.69,11.69,10.25,11.44,263400,11.44
2010-01-28,11.94,12.05,11.62,11.92,130400,11.92
2010-01-27,12.37,12.55,11.80,11.94,56100,11.94
2010-01-26,12.63,12.63,11.82,12.37,103900,12.37
2010-01-25,11.61,12.95,11.20,12.67,177200,12.67
2010-01-22,12.10,12.22,11.54,11.61,244200,11.61
2010-01-21,12.86,13.27,12.10,12.15,127600,12.15
2010-01-20,13.40,13.40,12.95,12.98,43000,12.98
2010-01-19,13.36,13.38,12.87,13.00,104800,13.00
2010-01-15,13.31,13.49,13.20,13.38,52500,13.38
2010-01-14,13.24,13.50,12.99,13.40,47100,13.40
2010-01-13,13.23,13.27,12.98,13.25,14800,13.25
2010-01-12,13.11,13.35,13.06,13.27,31000,13.27
2010-01-11,13.34,13.34,13.17,13.24,17500,13.24
2010-01-08,13.17,13.35,13.07,13.20,22500,13.20
2010-01-07,13.00,13.44,12.80,13.23,57100,13.23
2010-01-06,13.02,13.26,13.00,13.16,36400,13.16
2010-01-05,13.42,13.50,13.00,13.16,87200,13.16
2010-01-04,13.70,13.75,13.32,13.50,170700,13.50
2009-12-31,13.31,13.75,13.31,13.69,52300,13.69
2009-12-30,13.41,13.60,13.13,13.40,40400,13.40
2009-12-29,13.72,13.72,13.33,13.42,17000,13.42
2009-12-28,14.22,14.34,13.66,13.72,47700,13.72
2009-12-24,14.01,14.20,13.97,14.20,21800,14.20
2009-12-23,14.00,14.20,13.76,14.10,39200,14.10
2009-12-22,13.85,14.00,13.70,13.87,36200,13.87
2009-12-21,14.02,14.02,13.62,13.82,31000,13.82
2009-12-18,13.74,14.02,13.51,13.76,34200,13.76
2009-12-17,13.16,13.75,12.70,13.61,63600,13.61
2009-12-16,12.76,13.43,12.59,13.35,103300,13.35
2009-12-15,13.01,13.05,12.78,13.02,128100,13.02
2009-12-14,13.16,13.44,12.75,13.09,150600,13.09
2009-12-11,13.21,13.41,12.94,13.05,69800,13.05
2009-12-10,13.34,13.34,13.00,13.26,68300,13.26
2009-12-09,13.55,13.67,13.16,13.22,62000,13.22
2009-12-08,14.26,14.26,13.40,13.48,70900,13.48
2009-12-07,14.00,14.33,13.80,14.20,61900,14.20
2009-12-04,13.79,14.02,13.71,13.85,47600,13.85
2009-12-03,14.00,14.00,13.75,13.77,73100,13.77
2009-12-02,13.95,14.15,13.66,14.01,60100,14.01
2009-12-01,14.18,14.26,13.78,14.05,101500,14.05
2009-11-30,14.20,14.23,13.88,13.90,124600,13.90
2009-11-27,13.06,14.45,12.56,14.02,100000,14.02
2009-11-25,13.67,13.68,13.36,13.57,137900,13.57
2009-11-24,13.60,13.74,13.01,13.51,123600,13.51
2009-11-23,12.86,13.72,12.83,13.53,311100,13.53
2009-11-20,12.11,13.01,12.11,12.83,212000,12.83
2009-11-19,11.85,12.15,11.85,12.10,47200,12.10
2009-11-18,11.98,12.21,11.95,12.17,119900,12.17
2009-11-17,11.80,12.02,11.37,11.97,83700,11.97
2009-11-16,11.33,12.38,11.11,11.79,193700,11.79
2009-11-13,11.84,11.84,10.95,11.29,160000,11.29
2009-11-12,11.07,11.28,10.57,10.89,96500,10.89
2009-11-11,11.58,11.58,11.20,11.27,37800,11.27
2009-11-10,11.50,11.67,11.17,11.41,132900,11.41
2009-11-09,11.29,11.46,11.19,11.32,58400,11.32
2009-11-06,10.59,10.99,10.35,10.87,37200,10.87
2009-11-05,10.31,10.95,10.20,10.74,48200,10.74
2009-11-04,10.28,10.33,10.05,10.27,17300,10.27
2009-11-03,10.01,10.32,9.94,10.23,41000,10.23
2009-11-02,10.25,10.30,9.94,10.15,56900,10.15
2009-10-30,10.58,10.58,10.13,10.33,47600,10.33
2009-10-29,10.37,11.10,9.91,10.62,214300,10.62
2009-10-28,10.38,10.49,9.72,10.38,184700,10.38
2009-10-27,11.05,11.10,9.95,10.49,137900,10.49
2009-10-26,11.35,11.49,11.01,11.13,68200,11.13
2009-10-23,11.69,12.00,11.11,11.38,76300,11.38
2009-10-22,12.45,12.49,11.12,11.67,175600,11.67
2009-10-21,12.50,12.71,12.37,12.41,86000,12.41
2009-10-20,12.35,12.81,12.28,12.34,107200,12.34
2009-10-19,12.15,12.49,12.10,12.41,80300,12.41
2009-10-16,12.00,12.15,11.94,12.09,41500,12.09
2009-10-15,11.55,12.18,11.36,12.10,146700,12.10
2009-10-14,11.56,11.97,11.34,11.67,312300,11.67
2009-10-13,11.49,11.72,11.49,11.56,55800,11.56
2009-10-12,11.36,11.70,11.31,11.53,144400,11.53
2009-10-09,11.36,11.70,11.31,11.47,337900,11.47
2009-10-08,11.17,11.74,11.17,11.57,360400,11.57
2009-10-07,10.78,11.99,10.78,11.46,320400,11.46
2009-10-06,10.86,11.25,10.45,10.71,88700,10.71
2009-10-05,10.86,11.06,10.61,10.95,102700,10.95
2009-10-02,10.75,10.99,10.40,10.79,60500,10.79
2009-10-01,10.86,10.86,10.45,10.79,44800,10.79
2009-09-30,10.51,11.23,10.51,11.00,285600,11.00
2009-09-29,10.19,10.63,10.19,10.49,57400,10.49
2009-09-28,10.31,10.31,10.04,10.25,23300,10.25
2009-09-25,9.99,10.38,9.97,10.01,64800,10.01
2009-09-24,10.14,10.29,9.88,10.07,74600,10.07
2009-09-23,10.59,10.68,10.34,10.34,28400,10.34
2009-09-22,10.04,10.41,10.04,10.35,73200,10.35
2009-09-21,9.90,10.23,9.90,10.05,32500,10.05
2009-09-18,10.32,10.32,9.90,10.08,25100,10.08
2009-09-17,10.02,10.25,10.00,10.17,14700,10.17
2009-09-16,10.18,10.28,9.80,10.11,67300,10.11
2009-09-15,10.30,10.35,9.81,10.21,38600,10.21
2009-09-14,10.48,10.65,10.04,10.38,21700,10.38
2009-09-11,10.86,10.86,10.48,10.63,26000,10.63
2009-09-10,10.66,10.84,10.43,10.80,41000,10.80
2009-09-09,10.30,10.78,10.30,10.62,47200,10.62
2009-09-08,10.12,10.49,10.12,10.49,48000,10.49
2009-09-04,9.72,10.03,9.72,9.96,29100,9.96
2009-09-03,9.69,9.77,9.56,9.77,48500,9.77
2009-09-02,9.84,10.00,9.62,9.70,63600,9.70
2009-09-01,9.95,10.05,9.65,9.95,63700,9.95
2009-08-31,9.98,10.22,9.98,10.06,31000,10.06
2009-08-28,10.09,10.25,10.09,10.15,17900,10.15
2009-08-27,9.87,10.01,9.65,10.00,17000,10.00
2009-08-26,9.90,9.91,9.64,9.75,17200,9.75
2009-08-25,9.94,10.10,9.73,9.84,33500,9.84
2009-08-24,10.23,10.23,9.83,9.84,40700,9.84
2009-08-21,9.47,10.03,9.44,9.96,102800,9.96
2009-08-20,9.58,9.66,9.38,9.47,79000,9.47
2009-08-19,9.40,9.43,9.30,9.43,70500,9.43
2009-08-18,9.74,9.74,9.46,9.48,95700,9.48
2009-08-17,10.30,10.38,9.75,9.75,129800,9.75
2009-08-14,10.73,10.85,10.42,10.63,42000,10.63
2009-08-13,11.03,11.03,10.77,10.84,97600,10.84
2009-08-12,11.09,11.19,10.75,10.85,496600,10.85
2009-08-11,10.33,10.65,10.13,10.50,206700,10.50
2009-08-10,10.25,10.35,10.10,10.33,128100,10.33
2009-08-07,10.10,10.28,10.10,10.18,77400,10.18
2009-08-06,10.27,10.30,10.10,10.18,47500,10.18
2009-08-05,10.50,10.50,10.14,10.39,50200,10.39
2009-08-04,10.76,10.76,10.09,10.28,100300,10.28
2009-08-03,10.25,11.00,10.00,10.64,269500,10.64
2009-07-31,10.00,10.28,9.30,9.71,433000,9.71
2009-07-30,8.54,8.75,8.38,8.53,12700,8.53
2009-07-29,8.60,8.60,8.50,8.55,2500,8.55
2009-07-28,8.55,8.60,8.42,8.60,17000,8.60
2009-07-27,8.35,8.60,8.29,8.55,40000,8.55
2009-07-24,8.18,8.59,7.94,8.40,15900,8.40
2009-07-23,8.50,8.86,8.44,8.61,44200,8.61
2009-07-22,8.25,8.50,8.14,8.49,38800,8.49
2009-07-21,8.20,8.25,8.12,8.25,17000,8.25
2009-07-20,8.00,8.14,7.75,8.07,23800,8.07
2009-07-17,8.19,8.24,8.12,8.20,3000,8.20
2009-07-16,8.45,8.45,8.20,8.38,21800,8.38
2009-07-15,8.29,8.29,8.08,8.22,11400,8.22
2009-07-14,8.06,8.06,7.39,7.85,41900,7.85
2009-07-13,7.65,8.31,7.61,7.82,11100,7.82
2009-07-10,7.95,8.07,7.61,7.61,15100,7.61
2009-07-09,7.35,7.99,7.32,7.69,22400,7.69
2009-07-08,7.82,7.89,7.06,7.18,83700,7.18
2009-07-07,8.49,8.49,7.97,7.99,6800,7.99
2009-07-06,8.14,8.50,8.13,8.50,13500,8.50
2009-07-02,7.81,8.48,7.81,8.47,14300,8.47
2009-07-01,8.45,8.50,8.10,8.31,71700,8.31
2009-06-30,8.23,8.40,7.80,8.24,39500,8.24
2009-06-29,8.47,8.48,8.00,8.00,22300,8.00
2009-06-26,8.51,8.51,8.04,8.21,52100,8.21
2009-06-25,7.79,8.52,7.77,8.50,25600,8.50
2009-06-24,8.29,8.36,7.85,7.99,10300,7.99
2009-06-23,7.88,8.07,7.82,7.95,24100,7.95
2009-06-22,8.60,8.60,8.07,8.10,21400,8.10
2009-06-19,8.43,8.68,8.35,8.59,24700,8.59
2009-06-18,8.33,8.50,7.89,8.35,39800,8.35
2009-06-17,7.99,8.79,7.91,8.49,29300,8.49
2009-06-16,8.01,8.66,8.00,8.08,18000,8.08
2009-06-15,8.59,8.64,8.00,8.01,21000,8.01
2009-06-12,8.50,8.92,8.50,8.54,30600,8.54
2009-06-11,8.95,9.05,8.74,8.75,24700,8.75
2009-06-10,8.97,9.18,8.57,8.76,30200,8.76
2009-06-09,8.77,8.90,8.60,8.85,17500,8.85
2009-06-08,9.00,9.14,8.78,8.81,36000,8.81
2009-06-05,8.86,9.12,8.85,9.12,42800,9.12
2009-06-04,8.75,8.80,8.65,8.70,27300,8.70
2009-06-03,8.85,8.85,8.67,8.76,13200,8.76
2009-06-02,8.63,8.97,8.63,8.85,79000,8.85
2009-06-01,8.51,8.88,8.51,8.73,27800,8.73
2009-05-29,8.41,8.57,8.39,8.57,39200,8.57
2009-05-28,8.39,8.50,8.18,8.47,26200,8.47
2009-05-27,8.34,8.50,8.34,8.44,22300,8.44
2009-05-26,8.16,8.39,8.15,8.30,28700,8.30
2009-05-22,7.66,8.31,7.65,8.22,47600,8.22
2009-05-21,7.70,7.95,7.64,7.78,26500,7.78
2009-05-20,7.35,8.22,7.34,7.87,47900,7.87
2009-05-19,8.17,8.34,8.00,8.01,49500,8.01
2009-05-18,7.95,8.30,7.49,8.17,59100,8.17
2009-05-15,7.98,8.00,7.77,7.85,15600,7.85
2009-05-14,8.23,8.26,8.01,8.01,40100,8.01
2009-05-13,8.08,8.50,8.07,8.39,40000,8.39
2009-05-12,8.45,8.45,7.99,8.20,79200,8.20
2009-05-11,8.14,8.60,8.11,8.50,38200,8.50
2009-05-08,8.12,8.35,7.90,8.25,47200,8.25
2009-05-07,7.82,8.15,7.82,8.02,34400,8.02
2009-05-06,8.00,8.00,7.55,7.85,37900,7.85
2009-05-05,7.92,8.10,7.78,8.02,63100,8.02
2009-05-04,7.70,8.04,7.40,7.94,59300,7.94
2009-05-01,7.19,7.77,7.19,7.64,106200,7.64
2009-04-30,7.10,7.12,6.95,7.08,27900,7.08
2009-04-29,7.05,7.13,6.98,7.07,26500,7.07
2009-04-28,7.00,7.28,7.00,7.07,24100,7.07
2009-04-27,7.01,7.21,6.70,6.92,49900,6.92
2009-04-24,6.83,6.97,6.80,6.90,37800,6.90
2009-04-23,7.00,7.01,6.70,6.79,74800,6.79
2009-04-22,6.85,7.09,6.70,7.03,67600,7.03
2009-04-21,6.71,6.80,6.69,6.80,71200,6.80
2009-04-20,6.84,6.90,6.64,6.78,60300,6.78
2009-04-17,6.69,6.77,6.26,6.77,44500,6.77
2009-04-16,7.22,7.22,6.42,6.60,326900,6.60
2009-04-15,7.30,7.30,7.05,7.13,52400,7.13
2009-04-14,7.83,7.83,7.14,7.30,81100,7.30
2009-04-13,8.14,8.50,7.70,7.85,207500,7.85
2009-04-09,7.81,8.22,7.49,8.08,72500,8.08
2009-04-08,7.47,7.77,7.32,7.77,56100,7.77
2009-04-07,7.65,7.68,7.28,7.31,44600,7.31
2009-04-06,7.58,7.88,7.49,7.75,213000,7.75
2009-04-03,7.33,7.60,7.33,7.50,85200,7.50
2009-04-02,6.82,7.65,6.72,7.50,120000,7.50
2009-04-01,6.67,6.90,6.47,6.75,101400,6.75
2009-03-31,6.76,6.99,6.67,6.77,67100,6.77
2009-03-30,6.51,6.78,6.30,6.77,45200,6.77
2009-03-27,6.76,6.79,6.51,6.65,87100,6.65
2009-03-26,6.59,6.74,6.17,6.71,61500,6.71
2009-03-25,6.44,6.74,6.39,6.56,96700,6.56
2009-03-24,6.00,6.49,5.82,6.45,158400,6.45
2009-03-23,5.50,6.26,5.47,6.06,135900,6.06
2009-03-20,5.20,5.48,5.19,5.45,217000,5.45
2009-03-19,5.15,5.51,5.09,5.22,65400,5.22
2009-03-18,5.13,5.27,5.00,5.17,30400,5.17
2009-03-17,5.00,5.11,5.00,5.07,26500,5.07
2009-03-16,5.02,5.27,4.92,5.00,22300,5.00
2009-03-13,4.66,5.05,4.58,5.05,135700,5.05
2009-03-12,5.23,5.29,4.18,4.51,599600,4.51
2009-03-11,5.20,5.43,4.93,5.00,143200,5.00
2009-03-10,5.05,5.34,5.05,5.17,51600,5.17
2009-03-09,5.01,5.25,5.00,5.06,50600,5.06
2009-03-06,4.96,5.23,4.89,5.15,51600,5.15
2009-03-05,4.96,4.99,4.71,4.80,52900,4.80
2009-03-04,5.02,5.05,4.91,4.95,32900,4.95
2009-03-03,5.04,5.12,4.92,5.03,116600,5.03
2009-03-02,5.08,5.24,4.88,5.17,184700,5.17
2009-02-27,5.61,5.61,5.00,5.00,50900,5.00
2009-02-26,5.39,5.45,5.25,5.45,38200,5.45
2009-02-25,5.25,5.30,5.00,5.30,30500,5.30
2009-02-24,5.05,5.25,5.05,5.25,19600,5.25
2009-02-23,5.42,5.42,5.04,5.12,9300,5.12
2009-02-20,5.20,5.30,5.06,5.24,63400,5.24
2009-02-19,5.20,5.29,5.16,5.22,22200,5.22
2009-02-18,5.18,5.25,5.12,5.24,15900,5.24
2009-02-17,5.07,5.25,5.00,5.17,29700,5.17
2009-02-13,5.25,5.27,5.15,5.18,9000,5.18
2009-02-12,5.18,5.24,5.15,5.20,116300,5.20
2009-02-11,5.15,5.34,5.15,5.30,162000,5.30
2009-02-10,5.39,5.39,5.11,5.17,35300,5.17
2009-02-09,5.32,5.53,5.22,5.26,32300,5.26
2009-02-06,5.41,5.50,5.18,5.38,32400,5.38
2009-02-05,5.45,5.45,5.24,5.29,21800,5.29
2009-02-04,5.59,5.59,5.43,5.45,14900,5.45
2009-02-03,5.49,5.54,5.45,5.50,30200,5.50
2009-02-02,5.26,5.47,5.18,5.43,15900,5.43
2009-01-30,5.05,5.49,5.00,5.49,29600,5.49
2009-01-29,5.54,5.54,5.10,5.16,71300,5.16
2009-01-28,5.57,5.57,5.42,5.50,28000,5.50
2009-01-27,5.46,5.61,5.36,5.37,27700,5.37
2009-01-26,5.50,5.60,5.37,5.43,27600,5.43
2009-01-23,5.33,5.58,5.33,5.50,9400,5.50
2009-01-22,5.57,5.64,5.47,5.55,23000,5.55
2009-01-21,5.66,5.70,5.21,5.45,72200,5.45
2009-01-20,5.85,5.85,5.48,5.51,14500,5.51
2009-01-16,5.70,6.07,5.65,5.85,11300,5.85
2009-01-15,5.88,5.88,5.42,5.73,56200,5.73
2009-01-14,6.00,6.05,5.76,5.86,21500,5.86
2009-01-13,6.15,6.18,5.66,5.90,84600,5.90
2009-01-12,6.50,6.55,6.13,6.13,36700,6.13
2009-01-09,6.64,6.88,6.50,6.50,16200,6.50
2009-01-08,6.50,6.70,6.50,6.61,38300,6.61
2009-01-07,6.78,6.78,6.25,6.58,75400,6.58
2009-01-06,6.97,7.05,6.90,6.91,35700,6.91
2009-01-05,7.40,7.67,6.84,6.92,88100,6.92
2009-01-02,7.80,7.80,7.10,7.46,49800,7.46
2008-12-31,6.90,7.80,6.64,7.80,62600,7.80
2008-12-30,6.33,6.89,6.21,6.84,50300,6.84
2008-12-29,6.65,6.68,6.09,6.29,53400,6.29
2008-12-26,6.89,6.89,6.69,6.71,23700,6.71
2008-12-24,7.25,7.25,6.84,6.92,6700,6.92
2008-12-23,7.34,7.34,7.00,7.17,31400,7.17
2008-12-22,7.52,7.61,6.99,7.22,32900,7.22
2008-12-19,7.42,7.60,7.42,7.52,25500,7.52
2008-12-18,7.33,7.70,7.15,7.23,119300,7.23
2008-12-17,7.01,7.22,6.58,7.11,106300,7.11
2008-12-16,6.73,7.01,6.51,7.01,44700,7.01
2008-12-15,6.57,6.78,6.41,6.57,38200,6.57
2008-12-12,6.17,6.65,6.01,6.45,44900,6.45
2008-12-11,5.84,6.47,5.70,6.34,73100,6.34
2008-12-10,5.89,6.16,5.76,5.84,43800,5.84
2008-12-09,5.96,5.98,5.71,5.92,22500,5.92
2008-12-08,5.89,6.14,5.62,5.87,49000,5.87
2008-12-05,6.04,6.09,5.80,5.85,31000,5.85
2008-12-04,5.75,6.18,5.75,6.09,9100,6.09
2008-12-03,5.92,5.97,5.77,5.87,14500,5.87
2008-12-02,6.03,6.07,5.70,5.90,10600,5.90
2008-12-01,5.81,6.29,5.50,5.94,24900,5.94
2008-11-28,6.11,6.24,5.72,5.98,45700,5.98
2008-11-26,5.59,6.25,5.30,6.19,43000,6.19
2008-11-25,5.23,5.70,5.10,5.59,293100,5.59
2008-11-24,5.02,5.38,4.73,5.20,67700,5.20
2008-11-21,5.25,5.25,4.73,5.02,160700,5.02
2008-11-20,5.39,5.40,4.93,4.97,159600,4.97
2008-11-19,5.65,5.68,5.18,5.51,90900,5.51
2008-11-18,5.95,5.95,5.63,5.69,76800,5.69
2008-11-17,5.84,5.96,5.80,5.89,34800,5.89
2008-11-14,5.87,6.06,5.75,5.81,74500,5.81
2008-11-13,5.97,6.08,5.75,5.84,121200,5.84
2008-11-12,5.90,6.06,5.86,5.86,41200,5.86
2008-11-11,6.01,6.04,5.85,5.86,31800,5.86
2008-11-10,6.20,6.48,6.02,6.08,57200,6.08
2008-11-07,5.91,6.25,5.91,6.00,31900,6.00
2008-11-06,5.92,6.25,5.85,5.85,18700,5.85
2008-11-05,6.21,6.21,5.93,6.00,37900,6.00
2008-11-04,6.19,6.25,6.00,6.14,62900,6.14
2008-11-03,6.33,6.59,5.76,6.00,130700,6.00
2008-10-31,6.01,6.49,5.97,6.24,39800,6.24
2008-10-30,5.75,5.92,5.63,5.90,36400,5.90
2008-10-29,5.51,5.75,5.34,5.68,103400,5.68
2008-10-28,5.67,5.67,5.25,5.43,97000,5.43
2008-10-27,5.70,5.70,5.46,5.58,88900,5.58
2008-10-24,5.41,5.98,5.40,5.59,49300,5.59
2008-10-23,5.80,6.40,5.41,5.82,102900,5.82
2008-10-22,6.08,6.23,5.41,5.90,212000,5.90
2008-10-21,6.58,6.84,6.41,6.41,43000,6.41
2008-10-20,6.35,6.90,6.26,6.60,78500,6.60
2008-10-17,6.00,6.34,6.00,6.34,48000,6.34
2008-10-16,6.50,6.50,5.55,6.09,102200,6.09
2008-10-15,6.62,6.74,6.03,6.14,52000,6.14
2008-10-14,6.60,7.10,6.40,6.62,135400,6.62
2008-10-13,6.06,6.86,6.06,6.25,26100,6.25
2008-10-10,5.78,5.97,5.38,5.80,103800,5.80
2008-10-09,6.41,7.00,5.87,6.10,131600,6.10
2008-10-08,6.22,6.39,5.80,6.25,141900,6.25
2008-10-07,6.44,6.99,6.05,6.25,77400,6.25
2008-10-06,6.53,6.58,6.20,6.49,109100,6.49
2008-10-03,5.95,7.32,5.95,6.66,69000,6.66
2008-10-02,6.51,6.70,6.29,6.70,60900,6.70
2008-10-01,6.51,6.87,6.50,6.50,61400,6.50
2008-09-30,6.28,6.48,5.59,6.43,147900,6.43
2008-09-29,7.15,7.17,5.16,6.15,233500,6.15
2008-09-26,7.10,7.38,7.10,7.21,67800,7.21
2008-09-25,8.23,8.23,7.10,7.26,122400,7.26
2008-09-24,7.54,7.56,7.19,7.46,118200,7.46
2008-09-23,7.70,8.04,7.05,7.45,153300,7.45
2008-09-22,8.50,8.58,7.67,7.67,71200,7.67
2008-09-19,8.28,8.74,8.00,8.40,105100,8.40
2008-09-18,8.04,8.37,7.11,7.62,192900,7.62
2008-09-17,9.20,9.26,7.88,8.03,153100,8.03
2008-09-16,9.26,9.58,9.04,9.21,89600,9.21
2008-09-15,9.41,9.82,9.40,9.41,88900,9.41
2008-09-12,9.45,9.82,9.34,9.72,71700,9.72
2008-09-11,9.54,9.82,9.54,9.64,86200,9.64
2008-09-10,9.62,9.83,9.61,9.66,82600,9.66
2008-09-09,9.73,9.90,9.58,9.65,86400,9.65
2008-09-08,9.80,9.94,9.80,9.82,103400,9.82
2008-09-05,9.75,9.85,9.73,9.80,119400,9.80
2008-09-04,9.75,9.81,9.66,9.80,99600,9.80
2008-09-03,9.75,9.82,9.59,9.80,55000,9.80
2008-09-02,9.81,9.89,9.70,9.80,84300,9.80
2008-08-29,9.76,9.80,9.16,9.79,144100,9.79
2008-08-28,9.75,9.80,9.67,9.70,25200,9.70
2008-08-27,10.00,10.00,9.71,9.80,89600,9.80
2008-08-26,9.33,10.11,9.33,10.11,60700,10.11
2008-08-25,9.59,9.60,9.26,9.35,31700,9.35
2008-08-22,9.23,9.59,9.23,9.42,32700,9.42
2008-08-21,9.39,9.44,9.20,9.20,12800,9.20
2008-08-20,9.21,9.56,9.20,9.27,20000,9.27
2008-08-19,9.52,9.56,9.23,9.28,47200,9.28
2008-08-18,10.06,10.06,9.21,9.44,91100,9.44
2008-08-15,10.09,10.14,10.00,10.06,31300,10.06
2008-08-14,9.98,10.20,9.90,10.07,59200,10.07
2008-08-13,10.01,10.18,9.74,10.00,106100,10.00
2008-08-12,10.40,10.54,10.30,10.34,93700,10.34
2008-08-11,9.90,10.53,9.90,10.42,89200,10.42
2008-08-08,9.72,9.98,9.59,9.95,37600,9.95
2008-08-07,9.99,9.99,9.56,9.56,19500,9.56
2008-08-06,9.78,9.93,9.55,9.92,43400,9.92
2008-08-05,9.48,9.64,9.25,9.62,34800,9.62
2008-08-04,9.29,9.29,9.02,9.25,42800,9.25
2008-08-01,9.35,9.35,8.95,9.14,32900,9.14
2008-07-31,9.00,9.37,9.00,9.25,16200,9.25
2008-07-30,9.03,9.39,9.03,9.24,27100,9.24
2008-07-29,9.26,9.26,8.99,9.07,34000,9.07
2008-07-28,9.56,9.56,9.21,9.23,32600,9.23
2008-07-25,9.48,9.74,9.35,9.54,43900,9.54
2008-07-24,9.85,9.85,9.25,9.34,91500,9.34
2008-07-23,9.74,9.95,9.70,9.79,29100,9.79
2008-07-22,9.65,9.76,9.50,9.70,26000,9.70
2008-07-21,9.91,10.00,9.63,9.76,34700,9.76
2008-07-18,9.69,9.92,9.51,9.74,30400,9.74
2008-07-17,9.45,9.64,9.22,9.59,19300,9.59
2008-07-16,8.99,9.46,8.95,9.46,33700,9.46
2008-07-15,9.00,9.24,8.68,9.02,60300,9.02
2008-07-14,8.81,9.09,8.68,9.01,27100,9.01
2008-07-11,9.00,9.15,8.68,8.85,70700,8.85
2008-07-10,9.13,9.40,8.86,9.05,40000,9.05
2008-07-09,8.89,9.32,8.89,9.15,44100,9.15
2008-07-08,8.43,8.95,8.36,8.93,31700,8.93
2008-07-07,8.60,8.82,8.37,8.40,29100,8.40
2008-07-03,8.71,8.75,8.40,8.53,42900,8.53
2008-07-02,8.92,8.98,8.67,8.73,58100,8.73
2008-07-01,9.06,9.15,8.75,8.95,78500,8.95
2008-06-30,9.11,9.43,9.00,9.06,42100,9.06
2008-06-27,9.41,9.42,9.02,9.10,33600,9.10
2008-06-26,9.71,9.82,9.23,9.40,50900,9.40
2008-06-25,9.53,9.74,9.53,9.73,28700,9.73
2008-06-24,9.11,9.55,9.07,9.55,65800,9.55
2008-06-23,9.21,9.36,9.05,9.17,71900,9.17
2008-06-20,9.34,9.34,9.16,9.21,31600,9.21
2008-06-19,9.28,9.49,9.03,9.43,39300,9.43
2008-06-18,9.61,9.74,9.00,9.31,66400,9.31
2008-06-17,9.73,9.84,9.61,9.61,25100,9.61
2008-06-16,9.50,10.05,9.33,9.79,66500,9.79
2008-06-13,9.62,9.64,9.47,9.55,35800,9.55
2008-06-12,9.42,9.80,9.40,9.56,117600,9.56
2008-06-11,9.87,10.22,9.20,9.40,261100,9.40
2008-06-10,10.22,10.26,9.75,9.85,198300,9.85
2008-06-09,10.86,10.86,10.20,10.25,123100,10.25
2008-06-06,10.93,11.10,10.73,10.82,140200,10.82
2008-06-05,10.88,11.09,10.83,10.99,158500,10.99
2008-06-04,10.74,11.00,10.74,10.89,133300,10.89
2008-06-03,10.60,10.86,10.55,10.74,125800,10.74
2008-06-02,10.85,10.86,10.46,10.55,74200,10.55
2008-05-30,10.60,10.97,10.34,10.82,168500,10.82
2008-05-29,10.86,10.86,10.49,10.60,74600,10.60
2008-05-28,10.24,10.67,10.19,10.66,96700,10.66
2008-05-27,10.32,10.32,10.07,10.19,149500,10.19
2008-05-23,10.25,10.35,10.00,10.25,49100,10.25
2008-05-22,10.18,10.25,10.02,10.21,100000,10.21
2008-05-21,10.10,10.25,9.97,10.10,106000,10.10
2008-05-20,10.34,10.34,10.11,10.15,93800,10.15
2008-05-19,10.56,10.56,9.91,10.34,174800,10.34
2008-05-16,10.90,11.05,9.91,10.06,233100,10.06
2008-05-15,11.25,11.45,10.52,10.85,567900,10.85
2008-05-14,10.18,10.95,10.15,10.86,282100,10.86
2008-05-13,10.16,10.20,9.94,10.14,63400,10.14
2008-05-12,9.91,10.43,9.91,10.13,89400,10.13
2008-05-09,9.83,10.29,9.83,9.99,72600,9.99
2008-05-08,9.74,9.98,9.74,9.86,52600,9.86
2008-05-07,9.76,9.91,9.65,9.69,59800,9.69
2008-05-06,10.07,10.07,9.64,9.71,84300,9.71
2008-05-05,10.56,10.56,10.00,10.14,183200,10.14
2008-05-02,10.47,10.66,10.22,10.55,36500,10.55
2008-05-01,10.50,10.50,10.15,10.41,95100,10.41
2008-04-30,10.55,10.64,10.16,10.45,50500,10.45
2008-04-29,10.86,10.86,10.48,10.51,59900,10.51
2008-04-28,10.24,10.85,10.24,10.84,73100,10.84
2008-04-25,10.45,10.45,10.19,10.20,83000,10.20
2008-04-24,10.50,10.90,10.15,10.59,134800,10.59
2008-04-23,9.96,10.50,9.80,10.45,250100,10.45
2008-04-22,9.20,9.99,9.20,9.80,230800,9.80
2008-04-21,9.00,9.25,8.97,9.23,47400,9.23
2008-04-18,9.10,9.10,8.96,9.05,59500,9.05
2008-04-17,8.90,9.08,8.79,9.08,43300,9.08
2008-04-16,8.92,8.92,8.71,8.92,34400,8.92
2008-04-15,8.75,8.85,8.50,8.85,73200,8.85
2008-04-14,8.85,8.99,8.50,8.68,69900,8.68
2008-04-11,8.97,9.04,8.90,8.93,31300,8.93
2008-04-10,8.90,9.09,8.83,9.04,77200,9.04
2008-04-09,8.72,8.96,8.72,8.82,45100,8.82
2008-04-08,8.60,8.93,8.58,8.79,66700,8.79
2008-04-07,8.62,8.98,8.50,8.64,124200,8.64
2008-04-04,8.69,8.86,8.40,8.62,114500,8.62
2008-04-03,8.78,8.94,8.60,8.61,103000,8.61
2008-04-02,8.90,8.98,8.60,8.90,150700,8.90
2008-04-01,8.75,8.96,8.75,8.88,74600,8.88
2008-03-31,8.86,8.98,8.74,8.74,39700,8.74
2008-03-28,8.94,9.06,8.75,8.92,75700,8.92
2008-03-27,8.93,9.19,8.69,8.86,166600,8.86
2008-03-26,8.75,9.10,8.52,9.00,140000,9.00
2008-03-25,8.94,9.25,8.50,8.73,135000,8.73
2008-03-24,9.30,9.30,8.76,8.87,176300,8.87
2008-03-20,8.00,8.78,8.00,8.65,290300,8.65
2008-03-19,7.59,7.97,7.49,7.60,109300,7.60
2008-03-18,7.38,7.62,7.38,7.55,71400,7.55
2008-03-17,7.59,7.70,7.29,7.32,100100,7.32
2008-03-14,7.74,7.74,7.56,7.70,75200,7.70
2008-03-13,7.50,7.63,7.44,7.60,149300,7.60
2008-03-12,7.47,7.77,7.41,7.50,110000,7.50
2008-03-11,7.90,7.90,7.44,7.49,179200,7.49
2008-03-10,8.15,8.20,7.60,7.68,161300,7.68
2008-03-07,7.90,8.15,7.78,8.06,137200,8.06
2008-03-06,8.15,8.25,8.02,8.05,57000,8.05
2008-03-05,8.04,8.30,8.04,8.10,51000,8.10
2008-03-04,8.49,8.59,8.04,8.09,186500,8.09
2008-03-03,8.17,8.79,8.17,8.67,169500,8.67
2008-02-29,8.04,8.23,8.00,8.17,91600,8.17
2008-02-28,8.05,8.24,7.95,8.05,152000,8.05
2008-02-27,7.88,8.22,7.52,8.07,244700,8.07
2008-02-26,7.80,7.98,7.46,7.81,255500,7.81
2008-02-25,8.35,8.35,7.79,7.89,290700,7.89
2008-02-22,8.36,8.59,8.06,8.35,367600,8.35
2008-02-21,7.75,8.92,7.57,8.39,1862300,8.39
2008-02-20,11.26,11.78,10.61,11.70,190200,11.70
2008-02-19,11.50,11.80,11.45,11.64,60800,11.64
2008-02-15,11.55,11.55,11.02,11.27,66000,11.27
2008-02-14,11.44,11.79,11.30,11.54,96300,11.54
2008-02-13,10.98,11.50,10.98,11.30,58600,11.30
2008-02-12,10.50,11.17,10.50,11.10,110300,11.10
2008-02-11,10.43,10.70,10.27,10.48,71000,10.48
2008-02-08,10.65,10.96,10.36,10.49,76500,10.49
2008-02-07,10.75,11.26,10.62,10.78,85800,10.78
2008-02-06,11.48,11.50,10.80,10.97,62000,10.97
2008-02-05,11.50,11.87,11.09,11.29,73000,11.29
2008-02-04,11.97,12.00,11.51,11.81,103200,11.81
2008-02-01,11.30,12.07,11.09,11.87,114600,11.87
2008-01-31,11.27,11.38,10.82,11.14,152200,11.14
2008-01-30,11.34,12.05,11.00,11.57,74600,11.57
2008-01-29,11.92,11.92,11.25,11.52,67600,11.52
2008-01-28,11.75,12.00,11.28,11.60,100200,11.60
2008-01-25,12.69,13.00,11.88,11.93,157300,11.93
2008-01-24,11.71,12.18,11.37,12.15,119900,12.15
2008-01-23,10.80,11.60,10.05,11.49,197000,11.49
2008-01-22,9.65,11.98,9.08,11.36,315300,11.36
2008-01-18,11.38,11.99,11.16,11.43,204000,11.43
2008-01-17,12.26,12.37,11.36,11.54,202100,11.54
2008-01-16,12.98,13.16,12.05,12.40,189000,12.40
2008-01-15,13.50,13.96,12.70,13.34,195900,13.34
2008-01-14,13.25,13.96,12.80,13.75,111700,13.75
2008-01-11,13.30,13.64,13.04,13.33,76800,13.33
2008-01-10,13.50,13.77,12.98,13.32,128600,13.32
2008-01-09,13.50,13.76,12.50,13.42,298500,13.42
2008-01-08,13.32,14.42,13.10,13.95,193600,13.95
2008-01-07,13.60,14.21,13.00,13.53,313300,13.53
2008-01-04,14.01,14.01,13.16,13.85,188100,13.85
2008-01-03,14.46,14.81,14.27,14.63,131500,14.63
2008-01-02,14.66,15.18,14.34,14.50,139500,14.50
2007-12-31,14.71,15.16,14.42,14.88,105000,14.88
2007-12-28,14.77,14.77,14.28,14.56,191100,14.56
2007-12-27,15.12,15.36,14.51,14.63,157900,14.63
2007-12-26,14.99,15.60,14.76,15.55,155500,15.55
2007-12-24,14.63,14.90,14.41,14.90,72800,14.90
2007-12-21,14.25,14.75,14.24,14.38,143200,14.38
2007-12-20,14.06,14.81,14.00,14.27,172700,14.27
2007-12-19,13.56,14.57,13.25,14.13,202700,14.13
2007-12-18,13.83,13.85,13.20,13.61,217400,13.61
2007-12-17,14.05,14.09,13.03,13.57,296200,13.57
2007-12-14,14.40,14.79,14.25,14.54,102300,14.54
2007-12-13,14.57,15.17,14.22,14.68,210900,14.68
2007-12-12,15.00,15.75,14.50,14.95,214100,14.95
2007-12-11,16.26,16.40,14.31,15.03,325500,15.03
2007-12-10,16.88,16.88,16.05,16.37,297700,16.37
2007-12-07,16.61,16.62,15.56,16.20,228200,16.20
2007-12-06,16.15,16.98,15.95,16.43,387800,16.43
2007-12-05,14.92,16.35,14.92,16.20,377600,16.20
2007-12-04,15.23,15.43,14.72,14.97,159900,14.97
2007-12-03,16.21,16.27,15.10,15.23,274000,15.23
2007-11-30,16.89,16.89,15.11,15.69,474300,15.69
2007-11-29,13.20,15.66,13.08,15.66,589000,15.66
2007-11-28,13.30,13.48,12.85,13.13,482600,13.13
2007-11-27,13.25,13.64,12.55,13.01,475000,13.01
2007-11-26,13.47,14.57,13.15,13.35,282100,13.35
2007-11-23,13.54,14.33,13.54,13.93,156200,13.93
2007-11-21,13.00,13.59,12.53,13.54,304500,13.54
2007-11-20,13.60,13.72,12.18,13.62,779300,13.62
2007-11-19,15.04,15.46,13.10,13.34,605200,13.34
2007-11-16,15.24,15.96,15.08,15.37,398000,15.37
2007-11-15,16.50,16.70,15.01,15.37,479200,15.37
2007-11-14,16.89,17.35,15.65,16.68,1562400,16.68
2007-11-13,16.33,16.88,13.50,14.40,1380400,14.40
2007-11-12,16.01,18.24,15.21,15.68,622200,15.68
2007-11-09,15.75,16.70,15.71,16.32,382500,16.32
2007-11-08,18.09,18.70,15.66,16.75,836500,16.75
2007-11-07,18.65,19.00,17.88,18.28,213900,18.28
2007-11-06,19.00,19.55,18.14,19.00,385700,19.00
2007-11-05,18.37,19.38,17.76,18.96,526900,18.96
2007-11-02,20.00,20.00,18.50,18.91,576200,18.91
2007-11-01,20.35,20.42,18.80,19.50,716600,19.50
2007-10-31,21.51,22.75,20.00,20.54,1528600,20.54
2007-10-30,19.09,22.44,18.75,21.21,2260800,21.21
2007-10-29,19.19,19.88,18.40,18.60,1578700,18.60
2007-10-26,16.22,16.58,15.66,16.02,228400,16.02
2007-10-25,16.00,16.56,15.95,16.26,184800,16.26
2007-10-24,15.80,16.90,15.50,16.17,297900,16.17
2007-10-23,16.40,17.73,15.82,16.11,374400,16.11
2007-10-22,15.85,17.29,15.00,16.62,565300,16.62
2007-10-19,18.29,18.80,16.50,16.78,375100,16.78
2007-10-18,17.50,18.40,17.14,18.14,344400,18.14
2007-10-17,18.54,19.14,17.50,18.05,407600,18.05
2007-10-16,19.25,19.71,18.06,18.26,488400,18.26
2007-10-15,19.80,20.00,18.80,19.65,741400,19.65
2007-10-12,17.68,19.39,17.37,18.68,862400,18.68
2007-10-11,20.07,20.50,16.25,17.58,1273800,17.58
2007-10-10,20.30,21.37,19.10,19.74,967700,19.74
2007-10-09,19.38,20.49,18.85,20.00,595000,20.00
2007-10-08,19.28,20.50,18.25,19.10,1535500,19.10
2007-10-05,17.29,19.47,16.00,18.60,1473800,18.60
2007-10-04,19.50,19.50,16.75,16.88,1242000,16.88
2007-10-03,18.60,20.39,18.20,19.99,2391900,19.99
2007-10-02,15.50,17.77,15.34,17.34,1457500,17.34
2007-10-01,15.34,15.75,14.80,14.98,350400,14.98
2007-09-28,14.11,14.50,13.85,14.43,122300,14.43
2007-09-27,13.43,14.10,13.38,13.95,293300,13.95
2007-09-26,14.73,14.73,13.37,13.50,230100,13.50
2007-09-25,14.73,15.40,13.87,13.92,281500,13.92
2007-09-24,14.81,15.22,14.10,15.00,207400,15.00
2007-09-21,14.95,15.00,13.38,14.45,208400,14.45
2007-09-20,11.85,14.94,11.80,14.35,352400,14.35
2007-09-19,11.74,11.86,11.51,11.65,314100,11.65
2007-09-18,11.30,11.85,10.68,11.58,73200,11.58
2007-09-17,11.14,11.43,10.94,11.02,93100,11.02
2007-09-14,11.08,11.12,10.51,11.12,9600,11.12
2007-09-13,11.33,11.50,10.46,11.15,88100,11.15
2007-09-12,10.56,11.44,10.28,11.00,38800,11.00
2007-09-11,11.01,11.45,10.21,10.76,75600,10.76
2007-09-10,10.38,11.00,10.21,10.87,49300,10.87
2007-09-07,10.11,10.35,9.98,10.31,13000,10.31
2007-09-06,10.46,10.55,9.60,10.02,20800,10.02
2007-09-05,10.28,10.48,10.05,10.40,34500,10.40
2007-09-04,9.95,10.38,9.81,10.24,23100,10.24
2007-08-31,9.70,9.98,9.69,9.90,15000,9.90
2007-08-30,9.70,9.79,9.62,9.72,10700,9.72
2007-08-29,9.50,9.80,9.50,9.62,8300,9.62
2007-08-28,9.74,9.74,9.50,9.50,9700,9.50
2007-08-27,9.59,9.85,9.44,9.67,19500,9.67
2007-08-24,9.55,9.60,9.50,9.56,13600,9.56
2007-08-23,9.50,9.65,9.50,9.52,23800,9.52
2007-08-22,9.75,9.87,9.62,9.69,14000,9.69
2007-08-21,9.97,10.00,9.68,9.82,24000,9.82
2007-08-20,9.60,9.89,9.49,9.89,24200,9.89
2007-08-17,9.57,9.75,9.23,9.41,71800,9.41
2007-08-16,9.51,9.75,9.05,9.22,51300,9.22
2007-08-15,9.60,9.96,9.58,9.66,53000,9.66
2007-08-14,9.55,9.64,9.37,9.50,31600,9.50
2007-08-13,10.55,10.64,9.39,9.45,68000,9.45
2007-08-10,10.91,10.94,10.08,10.52,46200,10.52
2007-08-09,10.71,11.40,10.69,10.86,181000,10.86
2007-08-08,9.60,10.50,9.51,10.38,89900,10.38
2007-08-07,9.51,9.62,9.40,9.60,22200,9.60
2007-08-06,9.25,9.59,9.00,9.50,74100,9.50
2007-08-03,9.20,9.29,9.05,9.29,54600,9.29
2007-08-02,8.79,9.20,8.79,9.16,22800,9.16
2007-08-01,9.01,9.05,8.70,9.02,26000,9.02
2007-07-31,9.00,9.50,8.70,8.97,91500,8.97
2007-07-30,9.04,9.15,8.94,8.97,18700,8.97
2007-07-27,9.13,9.23,8.58,8.94,92800,8.94
2007-07-26,8.82,8.88,8.70,8.88,67000,8.88
2007-07-25,9.03,9.03,8.71,8.81,35500,8.81
2007-07-24,8.92,9.12,8.92,8.95,31900,8.95
2007-07-23,9.32,9.44,9.01,9.03,25200,9.03
2007-07-20,9.46,9.46,9.13,9.32,25800,9.32
2007-07-19,9.19,9.40,9.00,9.30,65900,9.30
2007-07-18,9.00,9.37,8.74,9.10,39600,9.10
2007-07-17,9.07,9.07,9.00,9.02,19600,9.02
2007-07-16,8.89,9.13,8.88,9.07,58100,9.07
2007-07-13,8.68,8.92,8.18,8.81,264600,8.81
2007-07-12,9.23,9.23,8.66,8.79,151600,8.79
2007-07-11,9.31,9.45,9.20,9.23,29700,9.23
2007-07-10,9.46,9.58,9.18,9.34,22800,9.34
2007-07-09,9.57,9.57,9.40,9.41,62500,9.41
2007-07-06,9.54,9.68,9.44,9.57,64500,9.57
2007-07-05,9.50,9.73,9.32,9.43,36900,9.43
2007-07-03,9.50,9.80,9.35,9.50,43800,9.50
2007-07-02,9.68,9.73,9.38,9.57,50800,9.57
2007-06-29,9.77,9.78,9.57,9.75,53000,9.75
2007-06-28,9.72,9.81,9.51,9.72,110800,9.72
2007-06-27,9.96,9.96,9.70,9.73,16300,9.73
2007-06-26,9.84,9.85,9.50,9.80,22900,9.80
2007-06-25,9.90,10.18,9.75,9.75,25400,9.75
2007-06-22,10.12,10.12,9.75,9.95,74800,9.95
2007-06-21,10.09,10.26,9.97,10.14,27600,10.14
2007-06-20,10.66,10.95,10.10,10.20,61500,10.20
2007-06-19,10.20,10.76,10.20,10.76,43300,10.76
2007-06-18,10.59,11.00,10.06,10.08,34500,10.08
2007-06-15,10.12,10.45,9.86,10.35,57200,10.35
2007-06-14,9.91,9.99,9.90,9.98,18700,9.98
2007-06-13,10.34,10.41,9.81,9.95,53500,9.95
2007-06-12,10.20,10.27,10.08,10.18,24500,10.18
2007-06-11,10.20,10.28,9.89,10.20,59600,10.20
2007-06-08,10.46,10.50,10.28,10.32,21600,10.32
2007-06-07,10.40,10.95,10.33,10.36,83500,10.36
2007-06-06,10.77,10.80,10.30,10.37,22200,10.37
2007-06-05,11.26,11.26,10.65,10.66,25300,10.66
2007-06-04,11.69,11.69,10.67,11.26,109300,11.26
2007-06-01,11.61,11.80,11.29,11.59,392600,11.59
2007-05-31,9.50,11.90,9.45,11.14,754600,11.14
2007-05-30,9.15,9.43,9.10,9.41,109000,9.41
2007-05-29,9.21,9.35,9.10,9.17,77900,9.17
2007-05-25,9.25,9.66,9.05,9.20,93600,9.20
2007-05-24,9.50,9.53,9.20,9.25,55700,9.25
2007-05-23,9.60,9.66,9.50,9.56,36000,9.56
2007-05-22,9.80,9.80,9.51,9.60,56700,9.60
2007-05-21,9.80,9.98,9.75,9.82,69000,9.82
2007-05-18,9.86,10.08,9.79,9.80,144800,9.80
2007-05-17,10.20,10.21,9.82,9.92,83600,9.92
2007-05-16,10.18,10.32,10.11,10.24,118100,10.24
2007-05-15,10.28,10.34,10.16,10.21,66900,10.21
2007-05-14,10.44,10.49,10.20,10.37,172800,10.37
2007-05-11,10.34,10.49,10.17,10.20,96700,10.20
2007-05-10,10.01,10.45,9.96,10.41,187800,10.41
2007-05-09,10.20,10.20,10.00,10.07,46600,10.07
2007-05-08,10.15,10.15,9.76,9.94,51800,9.94
2007-05-07,10.40,10.40,9.92,10.01,26400,10.01
2007-05-04,9.90,10.27,9.90,10.20,74600,10.20
2007-05-03,10.40,10.40,10.00,10.05,114800,10.05
2007-05-02,9.80,10.60,9.51,10.35,520000,10.35
2007-05-01,10.10,10.63,9.88,10.13,126600,10.13
2007-04-30,9.98,10.29,9.84,10.10,138100,10.10
2007-04-27,9.62,9.89,9.45,9.85,147400,9.85
2007-04-26,9.20,9.49,9.20,9.38,123900,9.38
2007-04-25,9.23,9.57,9.06,9.25,209300,9.25
2007-04-24,10.07,10.14,9.20,9.59,201200,9.59
2007-04-23,10.20,10.31,10.06,10.10,632300,10.10
2007-04-20,10.34,10.49,10.05,10.19,54000,10.19
2007-04-19,10.41,10.41,10.05,10.06,83000,10.06
2007-04-18,10.60,10.65,10.22,10.22,72700,10.22
2007-04-17,11.04,11.04,10.60,10.69,29700,10.69
2007-04-16,11.00,11.04,10.72,11.00,148900,11.00
2007-04-13,11.05,11.10,10.98,11.01,26100,11.01
2007-04-12,10.76,11.22,10.47,10.98,185800,10.98
2007-04-11,10.45,10.69,10.39,10.69,49300,10.69
2007-04-10,10.29,10.59,10.13,10.40,211100,10.40
2007-04-09,10.50,10.78,10.28,10.41,145200,10.41
2007-04-05,10.50,10.55,10.35,10.50,96300,10.50
2007-04-04,10.60,10.73,10.32,10.50,112000,10.50
2007-04-03,11.00,11.07,10.14,10.22,369900,10.22
2007-04-02,11.30,11.55,11.07,11.07,121900,11.07
2007-03-30,11.28,11.28,10.88,11.02,96100,11.02
2007-03-29,11.50,11.50,11.01,11.05,81800,11.05
2007-03-28,11.66,11.81,11.25,11.48,43300,11.48
2007-03-27,11.80,11.99,11.54,11.90,26200,11.90
2007-03-26,11.94,12.28,11.61,11.83,14000,11.83
2007-03-23,12.12,12.21,11.52,11.85,82600,11.85
2007-03-22,12.50,12.50,12.00,12.04,80700,12.04
2007-03-21,12.32,12.50,11.92,12.28,203300,12.28
2007-03-20,11.34,12.40,11.30,12.40,328900,12.40
2007-03-19,11.05,11.53,10.82,11.31,321000,11.31
2007-03-16,11.00,11.02,10.60,10.92,32600,10.92
2007-03-15,11.20,11.35,10.94,10.97,94500,10.97
2007-03-14,11.13,11.25,10.64,11.24,147400,11.24
2007-03-13,11.50,11.84,11.00,11.14,83900,11.14
2007-03-12,11.00,11.55,10.78,11.40,258800,11.40
2007-03-09,10.68,11.18,10.33,10.99,439300,10.99
2007-03-08,11.71,11.95,10.58,10.90,981500,10.90
2007-03-07,12.50,12.50,11.65,11.65,60200,11.65
2007-03-06,12.85,12.85,12.47,12.59,44400,12.59
2007-03-05,12.47,13.00,11.66,12.33,100900,12.33
2007-03-02,13.92,13.92,12.25,12.65,501700,12.65
2007-03-01,14.23,14.24,13.56,13.70,68700,13.70
2007-02-28,14.51,14.88,14.10,14.16,107900,14.16
2007-02-27,15.77,15.83,14.00,14.31,668500,14.31
2007-02-26,16.01,16.20,16.00,16.02,75100,16.02
2007-02-23,16.12,16.16,16.04,16.05,93800,16.05
2007-02-22,16.06,16.41,16.03,16.11,74000,16.11
2007-02-21,16.21,16.34,16.05,16.08,156700,16.08
2007-02-20,16.56,16.85,16.01,16.21,274000,16.21
2007-02-16,17.00,17.00,16.60,16.65,110400,16.65
2007-02-15,16.75,17.15,16.47,16.79,240300,16.79
2007-02-14,16.50,16.74,16.30,16.74,108000,16.74
2007-02-13,16.30,16.75,16.00,16.35,456100,16.35
2007-02-12,16.00,16.47,15.75,16.30,596400,16.30
2007-02-09,16.10,16.35,15.89,15.97,638600,15.97
2007-02-08,14.81,16.40,14.71,16.13,1488100,16.13
2007-02-07,17.50,18.10,14.64,14.85,6370500,14.85
