Date,Open,High,Low,Close,Volume,Adj Close
2012-05-04,18.59,18.71,18.12,18.38,1618800,18.38
2012-05-03,19.47,19.47,17.95,18.61,5025400,18.61
2012-05-02,19.22,19.76,19.16,19.55,1224000,19.55
2012-05-01,19.00,19.78,18.96,19.20,1373200,19.20
2012-04-30,19.25,19.32,18.81,19.01,521200,19.01
2012-04-27,19.14,19.41,18.94,19.33,988100,19.33
2012-04-26,18.90,19.24,18.73,19.03,1013200,19.03
2012-04-25,18.61,19.00,18.59,18.96,1084500,18.96
2012-04-24,18.20,18.48,18.11,18.33,854300,18.33
2012-04-23,18.13,18.29,18.05,18.18,793300,18.18
2012-04-20,18.60,18.66,18.42,18.48,791100,18.48
2012-04-19,18.55,18.84,18.29,18.46,1266200,18.46
2012-04-18,18.56,18.79,18.43,18.59,863800,18.59
2012-04-17,18.29,18.96,18.25,18.76,1357800,18.76
2012-04-16,17.97,18.19,17.66,18.08,839200,18.08
2012-04-13,18.07,18.09,17.58,17.91,506000,17.91
2012-04-12,17.57,18.33,17.50,18.11,1550000,18.11
2012-04-11,17.63,17.70,17.32,17.48,1341400,17.48
2012-04-10,18.16,18.39,17.39,17.44,695600,17.44
2012-04-09,18.21,18.27,17.85,18.14,597900,18.14
2012-04-05,18.58,18.73,18.48,18.60,386400,18.60
2012-04-04,18.78,18.87,18.49,18.67,713700,18.67
2012-04-03,19.01,19.36,18.90,19.08,1386500,19.08
2012-04-02,18.70,19.14,18.63,18.97,1043900,18.97
2012-03-30,18.59,18.87,18.20,18.72,1455100,18.72
2012-03-29,18.22,18.45,18.12,18.34,1504600,18.34
2012-03-28,18.60,18.73,18.25,18.41,919900,18.41
2012-03-27,19.03,19.11,18.62,18.62,563700,18.62
2012-03-26,18.32,19.04,18.32,19.03,1113700,19.03
2012-03-23,18.20,18.31,18.05,18.17,705800,18.17
2012-03-22,18.67,18.76,18.12,18.23,1342700,18.23
2012-03-21,18.97,19.02,18.74,18.87,1250000,18.87
2012-03-20,19.32,19.39,18.89,18.92,1018800,18.92
2012-03-19,19.39,19.78,19.27,19.50,1503700,19.50
2012-03-16,18.75,19.51,18.73,19.47,2903500,19.47
2012-03-15,18.40,18.74,18.23,18.71,1048100,18.71
2012-03-14,18.16,18.56,18.07,18.41,1465900,18.41
2012-03-13,17.62,18.27,17.55,18.19,1265400,18.19
2012-03-12,17.78,17.82,17.30,17.47,773300,17.47
2012-03-09,17.63,18.09,17.63,17.79,919600,17.79
2012-03-08,17.55,17.90,17.37,17.63,1043400,17.63
2012-03-07,17.32,17.58,17.24,17.37,789800,17.37
2012-03-06,17.66,17.77,17.10,17.23,1757200,17.23
2012-03-05,18.14,18.30,17.87,17.93,1090500,17.93
2012-03-02,18.46,18.62,18.06,18.22,695600,18.22
2012-03-01,18.73,18.84,18.35,18.45,1375800,18.45
2012-02-29,18.92,18.96,18.50,18.64,1301700,18.64
2012-02-28,18.96,19.06,18.75,18.79,3027400,18.79
2012-02-27,18.66,19.07,18.65,18.99,1594600,18.99
2012-02-24,19.04,19.11,18.81,18.90,758100,18.90
2012-02-23,18.62,19.25,18.60,18.98,914600,18.98
2012-02-22,18.63,18.80,18.41,18.59,1345500,18.59
2012-02-21,18.82,18.96,18.49,18.58,1344100,18.58
2012-02-17,19.01,19.96,18.48,18.80,4714800,18.80
2012-02-16,18.33,19.07,18.09,19.07,1766000,19.07
2012-02-15,18.80,18.89,18.29,18.40,919200,18.40
2012-02-14,18.49,18.88,18.28,18.74,2265700,18.74
2012-02-13,18.64,18.74,18.31,18.61,2306400,18.61
2012-02-10,18.46,18.66,18.26,18.50,723100,18.50
2012-02-09,19.16,19.35,18.65,18.68,1696400,18.68
2012-02-08,19.16,19.39,18.81,19.14,1533500,19.14
2012-02-07,19.25,19.41,18.80,19.02,1573700,19.02
2012-02-06,18.68,19.17,18.65,18.91,1366700,18.91
2012-02-03,18.25,18.88,18.08,18.80,2800100,18.80
2012-02-02,17.85,18.15,17.61,17.96,1119800,17.96
2012-02-01,17.79,18.10,17.75,17.79,1521500,17.79
2012-01-31,18.00,18.13,17.53,17.60,1101300,17.60
2012-01-30,17.85,18.10,17.80,17.86,1204700,17.86
2012-01-27,17.56,18.14,17.50,18.00,1276800,18.00
2012-01-26,17.95,18.19,17.55,17.68,1167100,17.68
2012-01-25,17.65,18.00,17.34,17.75,1294800,17.75
2012-01-24,17.13,17.84,17.05,17.70,1648000,17.70
2012-01-23,17.11,17.40,17.05,17.23,1519800,17.23
2012-01-20,16.81,17.11,16.72,17.08,1956900,17.08
2012-01-19,16.54,17.00,16.47,16.82,1981700,16.82
2012-01-18,16.05,16.63,15.94,16.42,2388800,16.42
2012-01-17,15.91,16.13,15.77,16.01,2301900,16.01
2012-01-13,15.67,15.95,15.57,15.67,1877700,15.67
2012-01-12,15.91,16.13,15.68,15.86,1178200,15.86
2012-01-11,15.55,16.00,15.45,15.90,2514200,15.90
2012-01-10,15.80,15.89,15.57,15.68,989000,15.68
2012-01-09,15.71,15.98,15.49,15.59,897700,15.59
2012-01-06,16.23,16.26,15.43,15.71,3302900,15.71
2012-01-05,16.37,16.45,15.98,16.18,1869100,16.18
2012-01-04,16.75,16.88,16.26,16.40,1114900,16.40
2012-01-03,17.50,17.60,16.76,16.88,1279100,16.88
2011-12-30,17.14,17.45,17.10,17.39,428300,17.39
2011-12-29,17.15,17.54,17.00,17.24,911500,17.24
2011-12-28,16.83,17.15,16.64,16.97,848000,16.97
2011-12-27,16.64,16.91,16.52,16.87,355900,16.87
2011-12-23,16.67,16.73,16.48,16.73,414200,16.73
2011-12-22,15.88,16.62,15.77,16.54,661700,16.54
2011-12-21,14.91,15.86,14.87,15.84,858900,15.84
2011-12-20,14.66,15.14,14.56,14.99,598100,14.99
2011-12-19,14.81,14.83,14.19,14.31,879900,14.31
2011-12-16,14.86,15.23,14.58,14.70,555800,14.70
2011-12-15,14.70,14.76,14.20,14.68,937300,14.68
2011-12-14,14.98,15.15,14.42,14.50,1012900,14.50
2011-12-13,15.54,15.80,15.06,15.17,1091900,15.17
2011-12-12,15.70,15.77,15.16,15.38,944000,15.38
2011-12-09,15.66,16.10,15.63,15.95,501200,15.95
2011-12-08,16.02,16.06,15.48,15.57,909900,15.57
2011-12-07,16.10,16.32,15.84,16.23,437300,16.23
2011-12-06,16.22,16.38,15.92,16.25,657700,16.25
2011-12-05,15.92,16.49,15.71,16.19,745100,16.19
2011-12-02,15.67,16.08,15.47,15.58,830300,15.58
2011-12-01,15.49,15.94,15.35,15.42,489900,15.42
2011-11-30,15.33,15.55,15.11,15.55,1046600,15.55
2011-11-29,14.54,14.70,14.40,14.58,568300,14.58
2011-11-28,14.24,14.58,14.10,14.47,757300,14.47
2011-11-25,13.63,14.04,13.59,13.65,205100,13.65
2011-11-23,14.02,14.06,13.59,13.72,1000800,13.72
2011-11-22,14.38,14.57,14.11,14.24,641500,14.24
2011-11-21,14.47,14.51,14.07,14.39,1144200,14.39
2011-11-18,14.67,15.06,14.48,14.89,1199200,14.89
2011-11-17,14.95,14.98,14.22,14.49,1107300,14.49
2011-11-16,15.32,15.50,14.99,15.02,548000,15.02
2011-11-15,15.41,15.64,15.03,15.54,887000,15.54
2011-11-14,15.40,15.62,15.31,15.52,1557600,15.52
2011-11-11,15.79,16.06,15.38,15.50,1756800,15.50
2011-11-10,15.62,15.65,14.95,15.51,2037500,15.51
2011-11-09,15.98,16.08,15.19,15.27,1441500,15.27
2011-11-08,16.56,16.72,16.02,16.63,783000,16.63
2011-11-07,16.24,16.52,15.74,16.35,859300,16.35
2011-11-04,16.46,17.02,16.09,16.37,1065900,16.37
2011-11-03,15.94,16.49,15.80,16.41,1479400,16.41
2011-11-02,15.57,16.07,15.44,15.89,1127900,15.89
2011-11-01,15.79,16.00,15.16,15.23,1592900,15.23
2011-10-31,16.42,16.89,16.04,16.58,1591400,16.58
2011-10-28,16.50,16.93,16.50,16.76,1249200,16.76
2011-10-27,16.39,16.73,15.86,16.54,1354300,16.54
2011-10-26,15.64,15.95,15.17,15.73,649700,15.73
2011-10-25,16.15,16.18,15.28,15.34,1253800,15.34
2011-10-24,15.36,16.55,15.36,16.30,856200,16.30
2011-10-21,14.99,15.43,14.76,15.40,792000,15.40
2011-10-20,14.77,14.77,13.97,14.72,950200,14.72
2011-10-19,14.93,15.41,14.70,14.79,611100,14.79
2011-10-18,14.60,15.15,14.45,15.05,841800,15.05
2011-10-17,14.97,15.02,14.51,14.56,826300,14.56
2011-10-14,15.00,15.23,14.70,15.12,794700,15.12
2011-10-13,14.03,15.07,14.02,14.77,1849900,14.77
2011-10-12,13.65,14.38,13.55,14.16,1893700,14.16
2011-10-11,13.21,13.62,13.12,13.48,463700,13.48
2011-10-10,13.22,13.50,13.07,13.40,957700,13.40
2011-10-07,13.13,13.42,12.79,12.91,1482200,12.91
2011-10-06,12.78,13.33,12.69,13.17,1482500,13.17
2011-10-05,11.90,12.96,11.60,12.86,1650000,12.86
2011-10-04,11.36,11.91,10.98,11.83,2094200,11.83
2011-10-03,12.38,12.52,11.50,11.54,1169900,11.54
2011-09-30,12.51,12.96,12.34,12.54,1037500,12.54
2011-09-29,13.07,13.37,12.41,12.79,1575700,12.79
2011-09-28,13.75,13.79,12.72,12.73,1772200,12.73
2011-09-27,13.47,14.18,13.35,13.68,1576400,13.68
2011-09-26,12.88,13.16,12.57,13.05,1678400,13.05
2011-09-23,12.56,13.06,12.48,12.78,1892200,12.78
2011-09-22,13.09,13.38,12.27,12.56,2073900,12.56
2011-09-21,14.43,14.75,13.63,13.66,1373900,13.66
2011-09-20,14.93,15.11,14.29,14.38,1235500,14.38
2011-09-19,15.26,15.26,14.53,14.78,1521300,14.78
2011-09-16,15.64,15.81,15.45,15.63,1329700,15.63
2011-09-15,15.14,15.64,14.82,15.61,1986700,15.61
2011-09-14,15.21,15.50,14.79,14.90,2450200,14.90
2011-09-13,14.44,15.07,14.31,15.04,2091600,15.04
2011-09-12,14.16,14.73,13.99,14.31,2499400,14.31
2011-09-09,15.08,15.31,14.24,14.44,1256900,14.44
2011-09-08,15.96,16.17,15.21,15.25,966400,15.25
2011-09-07,14.97,16.20,14.89,16.09,1738800,16.09
2011-09-06,14.74,15.03,14.36,14.65,1620900,14.65
2011-09-02,15.41,15.80,15.11,15.34,1491100,15.34
2011-09-01,16.08,16.51,15.77,15.87,1785400,15.87
2011-08-31,16.22,17.00,15.98,16.11,1455400,16.11
2011-08-30,15.61,16.33,15.50,16.14,1911800,16.14
2011-08-29,14.79,15.86,14.77,15.82,1720400,15.82
2011-08-26,13.86,14.84,13.58,14.58,1700800,14.58
2011-08-25,14.46,14.57,13.58,14.03,2186300,14.03
2011-08-24,14.09,14.48,13.93,14.33,1278300,14.33
2011-08-23,13.64,14.17,13.31,14.09,1485600,14.09
2011-08-22,13.95,14.06,13.45,13.57,1392400,13.57
2011-08-19,13.74,14.30,13.52,13.53,1502600,13.53
2011-08-18,14.50,14.63,13.89,14.01,1799300,14.01
2011-08-17,15.34,15.64,14.77,14.99,2640300,14.99
2011-08-16,15.25,15.93,15.11,15.77,3328600,15.77
2011-08-15,14.66,15.35,14.66,15.30,1223700,15.30
2011-08-12,15.07,15.32,14.27,14.47,2553500,14.47
2011-08-11,13.75,14.45,13.15,14.18,4158100,14.18
2011-08-10,14.01,14.19,13.19,13.75,5040000,13.75
2011-08-09,14.16,15.39,13.04,14.43,7594000,14.43
2011-08-08,16.47,16.69,14.62,14.64,3064500,14.64
2011-08-05,18.62,18.72,16.49,17.19,3411300,17.19
2011-08-04,19.62,19.70,18.32,18.36,1831800,18.36
2011-08-03,19.96,20.20,19.33,19.97,1554200,19.97
2011-08-02,20.33,20.57,19.82,19.90,1790100,19.90
2011-08-01,20.90,21.13,20.07,20.33,3719200,20.33
2011-07-29,21.18,21.73,20.75,21.39,1014300,21.39
2011-07-28,22.02,22.16,21.38,21.43,1965100,21.43
2011-07-27,22.75,22.84,21.82,22.06,2090600,22.06
2011-07-26,23.23,23.27,22.81,22.92,1975600,22.92
2011-07-25,23.09,23.42,22.90,23.20,1801100,23.20
2011-07-22,23.10,23.57,22.93,23.44,899500,23.44
2011-07-21,22.75,23.26,22.65,23.11,1797000,23.11
2011-07-20,22.76,22.79,22.38,22.60,1516500,22.60
2011-07-19,22.67,22.84,22.37,22.74,1249800,22.74
2011-07-18,23.33,23.51,22.26,22.51,1520700,22.51
2011-07-15,23.38,23.47,23.06,23.47,920800,23.47
2011-07-14,24.19,24.19,23.07,23.20,1147800,23.20
2011-07-13,23.95,24.57,23.81,24.05,1009900,24.05
2011-07-12,23.67,24.29,23.67,23.77,1222300,23.77
2011-07-11,24.59,24.72,23.81,23.87,1059700,23.87
2011-07-08,24.88,25.01,24.43,25.01,990800,25.01
2011-07-07,25.12,25.51,24.76,25.29,1193600,25.29
2011-07-06,24.29,25.06,24.29,24.84,1699200,24.84
2011-07-05,24.58,24.58,23.87,24.29,685900,24.29
2011-07-01,24.25,24.65,24.18,24.60,530400,24.60
2011-06-30,24.17,24.46,24.04,24.25,692000,24.25
2011-06-29,23.98,24.28,23.79,24.15,926100,24.15
2011-06-28,23.37,23.92,23.33,23.88,612900,23.88
2011-06-27,23.33,23.50,23.08,23.34,558800,23.34
2011-06-24,23.78,23.86,23.10,23.30,1395600,23.30
2011-06-23,23.61,23.79,23.15,23.79,877200,23.79
2011-06-22,23.89,24.65,23.84,23.94,1738700,23.94
2011-06-21,23.94,24.31,23.78,24.04,1757200,24.04
2011-06-20,23.24,23.75,23.23,23.72,929100,23.72
2011-06-17,23.32,23.43,23.06,23.34,1217900,23.34
2011-06-16,22.86,23.23,22.81,23.11,1510800,23.11
2011-06-15,22.83,23.21,22.71,22.92,1481300,22.92
2011-06-14,22.94,23.23,22.73,23.09,1066600,23.09
2011-06-13,22.71,22.94,22.42,22.71,940900,22.71
2011-06-10,22.88,22.89,22.09,22.59,3013000,22.59
2011-06-09,22.90,23.11,22.45,22.99,2827800,22.99
2011-06-08,22.19,23.23,21.97,23.00,2864800,23.00
2011-06-07,23.23,23.30,22.85,22.86,491200,22.86
2011-06-06,23.74,23.79,22.94,23.11,1001000,23.11
2011-06-03,23.94,24.07,23.60,23.79,762200,23.79
2011-06-02,24.87,25.15,24.23,24.33,670600,24.33
2011-06-01,25.60,25.81,24.69,24.80,1737500,24.80
2011-05-31,25.54,25.88,25.14,25.81,834000,25.81
2011-05-27,25.89,25.89,25.28,25.31,468900,25.31
2011-05-26,25.50,25.96,25.25,25.86,1095900,25.86
2011-05-25,24.21,24.89,24.18,24.83,697800,24.83
2011-05-24,24.97,25.00,24.02,24.29,1277700,24.29
2011-05-23,25.17,25.17,24.64,24.90,572500,24.90
2011-05-20,25.94,26.06,25.56,25.60,586000,25.60
2011-05-19,25.57,26.01,25.40,26.00,581600,26.00
2011-05-18,25.18,25.81,25.16,25.45,604800,25.45
2011-05-17,25.39,25.40,24.91,25.10,629900,25.10
2011-05-16,25.77,26.22,25.48,25.51,882100,25.51
2011-05-13,26.86,26.92,25.77,25.87,962200,25.87
2011-05-12,26.71,27.05,26.54,26.89,448000,26.89
2011-05-11,26.73,27.16,26.73,26.90,800500,26.90
2011-05-10,25.51,26.96,25.13,26.85,1176300,26.85
2011-05-09,25.77,26.06,25.61,25.91,657700,25.91
2011-05-06,26.36,26.43,25.67,25.81,600900,25.81
2011-05-05,26.02,26.39,25.70,26.06,490600,26.06
2011-05-04,26.19,26.50,25.90,26.22,604500,26.22
2011-05-03,26.90,27.03,26.01,26.20,575000,26.20
2011-05-02,27.33,27.38,26.95,27.03,505600,27.03
2011-04-29,27.86,27.86,26.74,27.24,864000,27.24
2011-04-28,27.05,27.89,27.05,27.89,1019900,27.89
2011-04-27,27.09,27.16,26.83,26.92,321000,26.92
2011-04-26,26.63,27.08,26.45,26.95,563900,26.95
2011-04-25,26.80,26.94,26.47,26.56,578100,26.56
2011-04-21,27.14,27.30,26.76,26.87,563900,26.87
2011-04-20,26.81,27.16,26.74,26.88,353300,26.88
2011-04-19,26.05,26.45,25.97,26.40,444300,26.40
2011-04-18,25.66,26.12,25.41,26.01,430600,26.01
2011-04-15,26.14,26.17,25.71,26.12,969500,26.12
2011-04-14,25.87,26.24,25.70,26.09,560500,26.09
2011-04-13,26.52,26.52,25.99,26.00,823200,26.00
2011-04-12,26.35,26.68,25.81,26.21,884200,26.21
2011-04-11,26.53,26.70,26.20,26.47,480700,26.47
2011-04-08,27.07,27.22,26.33,26.50,284300,26.50
2011-04-07,27.47,27.67,26.84,26.89,456800,26.89
2011-04-06,27.98,28.07,27.37,27.52,520600,27.52
2011-04-05,27.74,28.05,27.66,27.87,246000,27.87
2011-04-04,28.00,28.30,27.84,27.88,475600,27.88
2011-04-01,28.28,28.28,27.75,27.98,876600,27.98
2011-03-31,28.00,28.16,27.86,28.00,706800,28.00
2011-03-30,27.88,28.23,27.75,28.05,599800,28.05
2011-03-29,27.03,27.79,26.95,27.67,952700,27.67
2011-03-28,26.93,27.24,26.72,27.08,494400,27.08
2011-03-25,26.81,27.35,26.73,26.89,548600,26.89
2011-03-24,25.97,26.88,25.66,26.75,867800,26.75
2011-03-23,26.09,26.19,25.59,25.77,476900,25.77
2011-03-22,26.43,26.57,26.07,26.17,385700,26.17
2011-03-21,26.13,26.93,25.96,26.47,554700,26.47
2011-03-18,26.09,26.09,25.72,25.90,627300,25.90
2011-03-17,26.44,26.45,25.55,25.75,1200800,25.75
2011-03-16,26.96,27.02,25.96,26.12,849900,26.12
2011-03-15,26.45,27.40,26.16,27.09,843500,27.09
2011-03-14,27.19,27.43,27.04,27.23,526300,27.23
2011-03-11,26.73,27.43,26.54,27.36,513400,27.36
2011-03-10,27.13,27.19,26.62,26.89,511400,26.89
2011-03-09,27.23,27.63,26.96,27.42,845200,27.42
2011-03-08,26.97,27.50,26.80,27.19,1088600,27.19
2011-03-07,27.09,27.17,26.76,26.93,1021100,26.93
2011-03-04,27.57,27.66,26.61,26.92,943100,26.92
2011-03-03,27.56,27.75,27.44,27.58,631300,27.58
2011-03-02,26.89,27.63,26.80,27.26,829800,27.26
2011-03-01,26.99,27.33,26.71,26.81,844600,26.81
2011-02-28,26.75,26.97,26.45,26.89,1205800,26.89
2011-02-25,26.06,26.81,25.15,26.46,2568200,26.46
2011-02-24,24.06,25.92,23.96,25.38,2345000,25.38
2011-02-23,23.78,24.01,23.27,23.45,824400,23.45
2011-02-22,24.21,24.22,23.76,23.86,657100,23.86
2011-02-18,24.43,24.63,24.21,24.44,309000,24.44
2011-02-17,23.85,24.51,23.75,24.41,430500,24.41
2011-02-16,23.90,24.20,23.87,23.91,1541900,23.91
2011-02-15,23.68,23.95,23.63,23.81,1088800,23.81
2011-02-14,23.70,24.05,23.57,23.83,544000,23.83
2011-02-11,23.65,23.84,23.61,23.75,572300,23.75
2011-02-10,23.50,23.81,23.43,23.75,1207300,23.75
2011-02-09,23.46,23.81,23.37,23.66,666900,23.66
2011-02-08,23.15,23.72,23.11,23.62,846600,23.62
2011-02-07,22.55,23.18,22.50,23.03,326900,23.03
2011-02-04,22.79,23.01,22.43,22.52,310500,22.52
2011-02-03,21.96,22.57,21.96,22.50,593500,22.50
2011-02-02,22.41,22.41,21.72,21.97,324800,21.97
2011-02-01,22.03,22.42,22.03,22.15,410400,22.15
2011-01-31,21.65,22.11,21.48,21.85,518700,21.85
2011-01-28,22.42,22.45,21.47,21.68,691900,21.68
2011-01-27,22.16,22.55,22.01,22.45,387000,22.45
2011-01-26,21.93,22.28,21.76,22.17,279200,22.17
2011-01-25,21.59,21.95,21.50,21.84,351200,21.84
2011-01-24,21.25,21.88,21.22,21.64,787100,21.64
2011-01-21,21.36,21.65,21.17,21.24,275700,21.24
2011-01-20,21.13,21.36,20.90,21.22,1243000,21.22
2011-01-19,21.66,21.68,21.16,21.26,364600,21.26
2011-01-18,21.70,21.78,21.55,21.64,371100,21.64
2011-01-14,21.52,21.81,21.34,21.71,289400,21.71
2011-01-13,21.74,21.74,21.41,21.53,355100,21.53
2011-01-12,21.84,21.90,21.44,21.68,417200,21.68
2011-01-11,21.79,21.79,21.52,21.70,180900,21.70
2011-01-10,21.77,21.80,21.39,21.68,282800,21.68
2011-01-07,21.99,22.45,21.46,21.88,525800,21.88
2011-01-06,21.52,22.46,21.52,21.90,1084900,21.90
2011-01-05,21.36,21.69,21.27,21.62,702500,21.62
2011-01-04,21.68,21.77,21.10,21.46,555600,21.46
2011-01-03,21.65,21.98,21.46,21.58,507400,21.58
2010-12-31,21.55,21.65,21.36,21.41,268500,21.41
2010-12-30,21.43,21.70,21.40,21.61,280800,21.61
2010-12-29,21.32,21.55,21.30,21.47,211200,21.47
2010-12-28,21.23,21.37,21.00,21.32,273100,21.32
2010-12-27,21.12,21.35,20.98,21.23,136500,21.23
2010-12-23,21.38,21.44,21.13,21.22,178600,21.22
2010-12-22,21.37,21.45,21.17,21.44,446200,21.44
2010-12-21,20.99,21.48,20.99,21.38,366500,21.38
2010-12-20,20.89,21.41,20.85,21.01,560000,21.01
2010-12-17,20.12,20.85,20.01,20.77,1366000,20.77
2010-12-16,20.18,20.24,19.91,20.08,478900,20.08
2010-12-15,20.00,20.54,19.76,20.08,1467200,20.08
2010-12-14,20.00,20.31,19.89,20.09,613500,20.09
2010-12-13,20.52,20.53,19.83,20.00,900500,20.00
2010-12-10,20.43,20.62,20.22,20.40,649700,20.40
2010-12-09,20.83,20.85,20.20,20.36,898600,20.36
2010-12-08,20.79,20.87,20.48,20.69,584200,20.69
2010-12-07,20.82,20.99,20.60,20.75,969400,20.75
2010-12-06,20.11,20.74,20.09,20.55,627100,20.55
2010-12-03,19.98,20.35,19.95,20.21,424000,20.21
2010-12-02,19.86,20.16,19.66,20.06,755600,20.06
2010-12-01,19.45,19.69,19.34,19.57,387500,19.57
2010-11-30,18.86,19.31,18.78,19.12,532000,19.12
2010-11-29,18.87,19.16,18.70,19.08,491600,19.08
2010-11-26,18.83,19.20,18.68,19.08,168400,19.08
2010-11-24,18.95,19.10,18.71,19.00,608200,19.00
2010-11-23,18.47,18.70,18.27,18.66,487500,18.66
2010-11-22,18.75,18.97,18.41,18.70,975800,18.70
2010-11-19,18.95,19.07,18.69,18.84,531400,18.84
2010-11-18,18.87,19.24,18.71,19.00,594300,19.00
2010-11-17,18.69,18.84,18.48,18.64,793600,18.64
2010-11-16,18.82,18.88,18.31,18.71,845000,18.71
2010-11-15,19.12,19.21,18.90,18.99,315600,18.99
2010-11-12,19.04,19.30,18.77,19.05,828000,19.05
2010-11-11,19.24,19.40,18.99,19.10,640400,19.10
2010-11-10,19.32,19.80,19.26,19.43,1127100,19.43
2010-11-09,19.45,19.50,18.85,19.15,3718500,19.15
2010-11-08,20.38,20.38,19.63,20.06,482200,20.06
2010-11-05,19.92,20.56,19.74,20.52,1183300,20.52
2010-11-04,19.51,19.91,19.39,19.87,1137800,19.87
2010-11-03,19.26,19.37,18.92,19.21,554300,19.21
2010-11-02,18.87,19.58,18.87,19.30,1168000,19.30
2010-11-01,18.85,18.85,18.22,18.53,927100,18.53
2010-10-29,18.68,19.06,18.58,18.78,578200,18.78
2010-10-28,18.90,19.20,18.62,18.74,356000,18.74
2010-10-27,19.07,19.34,18.58,18.74,1133000,18.74
2010-10-26,19.26,19.51,18.99,19.37,562600,19.37
2010-10-25,19.19,19.76,18.42,19.39,2252900,19.39
2010-10-22,17.40,20.10,17.37,19.77,5754200,19.77
2010-10-21,16.89,17.09,16.47,16.63,466200,16.63
2010-10-20,16.70,17.06,16.61,16.79,482100,16.79
2010-10-19,16.32,16.72,16.16,16.63,753000,16.63
2010-10-18,16.73,16.86,16.46,16.58,489600,16.58
2010-10-15,17.11,17.36,16.54,16.67,752400,16.67
2010-10-14,17.17,17.29,16.75,16.86,567400,16.86
2010-10-13,16.67,17.41,16.65,17.23,1421700,17.23
2010-10-12,16.42,16.60,16.28,16.56,590100,16.56
2010-10-11,16.40,16.86,16.37,16.54,689300,16.54
2010-10-08,16.28,16.45,16.10,16.41,553100,16.41
2010-10-07,16.30,16.33,15.95,16.32,621600,16.32
2010-10-06,16.32,16.33,16.13,16.22,839200,16.22
2010-10-05,16.24,16.58,16.05,16.37,1150800,16.37
2010-10-04,16.67,16.81,15.93,16.03,1155600,16.03
2010-10-01,16.44,16.78,16.35,16.70,1288800,16.70
2010-09-30,16.24,16.44,16.09,16.31,947800,16.31
2010-09-29,15.87,16.15,15.72,16.10,865700,16.10
2010-09-28,15.68,16.11,15.38,15.94,878700,15.94
2010-09-27,15.53,15.94,15.29,15.73,790000,15.73
2010-09-24,15.10,15.76,14.99,15.64,831000,15.64
2010-09-23,14.83,15.17,14.64,14.89,950900,14.89
2010-09-22,15.07,15.40,14.84,14.99,643500,14.99
2010-09-21,15.02,15.50,14.96,15.20,838900,15.20
2010-09-20,14.60,15.05,14.56,14.98,907000,14.98
2010-09-17,14.24,14.60,14.11,14.50,726900,14.50
2010-09-16,14.37,14.37,14.09,14.16,671600,14.16
2010-09-15,14.20,14.46,14.01,14.35,605600,14.35
2010-09-14,14.42,14.44,14.20,14.30,694600,14.30
2010-09-13,14.51,14.54,14.20,14.49,1772400,14.49
2010-09-10,14.35,14.42,14.21,14.33,799700,14.33
2010-09-09,14.77,14.85,14.22,14.35,1132500,14.35
2010-09-08,14.87,15.01,14.24,14.43,1025700,14.43
2010-09-07,14.99,15.10,14.64,14.88,504800,14.88
2010-09-03,14.98,15.45,14.98,15.12,1177000,15.12
2010-09-02,14.31,14.84,14.24,14.81,826300,14.81
2010-09-01,13.49,14.26,13.35,14.25,721600,14.25
2010-08-31,13.19,13.57,13.11,13.40,701000,13.40
2010-08-30,13.62,13.74,13.36,13.36,561800,13.36
2010-08-27,13.34,13.71,13.30,13.66,566000,13.66
2010-08-26,13.27,13.54,13.18,13.21,740100,13.21
2010-08-25,12.83,13.27,12.66,13.25,997500,13.25
2010-08-24,13.12,13.12,12.74,12.93,865400,12.93
2010-08-23,13.28,13.46,12.99,13.36,772300,13.36
2010-08-20,13.00,13.16,12.87,13.14,432100,13.14
2010-08-19,13.51,13.55,13.07,13.10,550600,13.10
2010-08-18,13.57,13.71,13.40,13.50,610500,13.50
2010-08-17,13.15,13.66,13.09,13.60,702000,13.60
2010-08-16,13.36,13.36,13.00,13.05,1134100,13.05
2010-08-13,13.85,13.95,13.32,13.39,657100,13.39
2010-08-12,13.84,14.70,13.84,13.90,801900,13.90
2010-08-11,14.43,14.43,13.82,13.85,1047000,13.85
2010-08-10,15.07,15.29,14.68,14.73,979600,14.73
2010-08-09,15.61,15.64,15.25,15.29,517600,15.29
2010-08-06,15.48,15.79,15.23,15.54,571800,15.54
2010-08-05,15.62,15.77,15.50,15.64,737300,15.64
2010-08-04,15.30,15.93,15.30,15.66,1061200,15.66
2010-08-03,14.98,15.47,14.31,15.30,2423900,15.30
2010-08-02,14.50,14.50,14.02,14.39,1127900,14.39
2010-07-30,14.04,14.40,13.86,14.18,1189300,14.18
2010-07-29,14.49,14.84,14.11,14.25,1134500,14.25
2010-07-28,14.68,14.78,14.18,14.24,669100,14.24
2010-07-27,14.82,15.17,14.64,14.78,906000,14.78
2010-07-26,13.73,14.72,13.69,14.65,1035900,14.65
2010-07-23,13.14,13.82,13.09,13.64,1027000,13.64
2010-07-22,12.98,13.36,12.91,13.23,1988900,13.23
2010-07-21,13.65,13.69,12.72,12.77,2168600,12.77
2010-07-20,13.19,13.62,13.14,13.61,703400,13.61
2010-07-19,13.74,13.81,13.17,13.35,898400,13.35
2010-07-16,14.13,14.21,13.55,13.64,1105200,13.64
2010-07-15,14.67,14.72,14.17,14.26,853600,14.26
2010-07-14,14.74,14.91,14.58,14.70,706000,14.70
2010-07-13,14.63,15.15,14.47,14.86,985100,14.86
2010-07-12,14.72,14.82,14.18,14.43,779100,14.43
2010-07-09,14.60,15.04,14.56,14.78,1027300,14.78
2010-07-08,14.69,15.44,14.46,14.60,1398500,14.60
2010-07-07,14.00,14.62,13.79,14.60,815800,14.60
2010-07-06,14.59,14.73,13.92,14.07,631300,14.07
2010-07-02,14.90,14.90,14.04,14.29,620800,14.29
2010-07-01,14.94,15.05,13.90,14.75,1885600,14.75
2010-06-30,15.10,15.59,14.84,15.00,965900,15.00
2010-06-29,15.53,15.69,15.06,15.19,1266500,15.19
2010-06-28,15.39,16.01,15.15,15.83,1195300,15.83
2010-06-25,15.47,15.64,15.14,15.32,2672900,15.32
2010-06-24,15.91,16.15,15.54,15.55,861300,15.55
2010-06-23,15.78,16.24,15.51,16.07,840300,16.07
2010-06-22,16.51,16.71,15.76,15.85,1235900,15.85
2010-06-21,16.81,17.16,16.50,16.53,1108800,16.53
2010-06-18,16.87,16.87,16.44,16.55,805100,16.55
2010-06-17,17.15,17.32,16.66,16.92,1021300,16.92
2010-06-16,16.66,17.40,16.56,17.17,1253200,17.17
2010-06-15,16.57,16.91,16.45,16.85,892000,16.85
2010-06-14,16.38,16.97,16.15,16.50,894600,16.50
2010-06-11,15.50,16.14,15.48,16.05,2044100,16.05
2010-06-10,15.58,15.75,15.41,15.75,731800,15.75
2010-06-09,15.50,15.77,15.08,15.20,1057300,15.20
2010-06-08,15.93,16.23,15.16,15.35,2109400,15.35
2010-06-07,16.49,16.50,15.77,15.77,904000,15.77
2010-06-04,17.06,17.12,16.06,16.38,1744900,16.38
2010-06-03,17.60,17.76,16.99,17.37,840500,17.37
2010-06-02,17.22,17.50,17.07,17.41,795200,17.41
2010-06-01,17.30,17.73,17.01,17.09,911400,17.09
2010-05-28,18.22,18.27,17.59,17.59,800800,17.59
2010-05-27,18.01,18.41,17.89,18.29,1335400,18.29
2010-05-26,17.19,17.91,17.19,17.65,1088900,17.65
2010-05-25,17.37,17.37,16.89,17.09,1823600,17.09
2010-05-24,17.64,18.20,17.55,17.88,862700,17.88
2010-05-21,17.26,18.13,17.13,17.71,1475400,17.71
2010-05-20,18.41,18.44,17.67,17.80,941000,17.80
2010-05-19,18.88,19.12,18.34,18.66,1533900,18.66
2010-05-18,19.70,19.71,18.81,18.93,948900,18.93
2010-05-17,19.72,19.99,18.87,19.28,1023700,19.28
2010-05-14,19.80,19.85,19.30,19.45,853700,19.45
2010-05-13,19.73,20.30,19.59,19.95,921700,19.95
2010-05-12,19.27,19.91,18.80,19.74,5162000,19.74
2010-05-11,20.71,20.71,19.98,20.09,619000,20.09
2010-05-10,20.94,21.12,20.33,21.06,530700,21.06
2010-05-07,20.86,21.01,18.90,19.70,1713600,19.70
2010-05-06,21.40,21.90,19.52,20.64,726700,20.64
2010-05-05,20.96,21.86,20.50,21.57,572400,21.57
2010-05-04,21.08,21.31,20.61,21.22,1028200,21.22
2010-05-03,21.52,22.02,21.39,21.95,310600,21.95
2010-04-30,22.00,22.00,21.40,21.50,495300,21.50
2010-04-29,21.23,22.19,21.10,22.00,356400,22.00
2010-04-28,21.12,21.20,20.84,21.04,609300,21.04
2010-04-27,21.66,21.75,20.88,21.02,607100,21.02
2010-04-26,21.59,21.99,21.48,21.95,452100,21.95
2010-04-23,20.33,21.55,20.04,21.55,895200,21.55
2010-04-22,20.59,20.59,20.14,20.39,494000,20.39
2010-04-21,21.07,21.27,20.73,20.77,271500,20.77
2010-04-20,20.81,21.02,20.46,21.02,527300,21.02
2010-04-19,20.58,21.10,20.43,20.74,231800,20.74
2010-04-16,21.13,21.44,20.55,20.74,975500,20.74
2010-04-15,21.23,21.43,21.08,21.29,361500,21.29
2010-04-14,21.33,21.55,21.20,21.30,209700,21.30
2010-04-13,21.58,21.58,21.06,21.32,183200,21.32
2010-04-12,21.49,21.90,21.37,21.56,290100,21.56
2010-04-09,21.38,21.86,21.38,21.49,199400,21.49
2010-04-08,21.36,21.48,20.84,21.36,222900,21.36
2010-04-07,22.03,22.10,21.23,21.49,231000,21.49
2010-04-06,21.50,22.09,21.35,22.07,318800,22.07
2010-04-05,21.52,21.62,21.37,21.59,465700,21.59
2010-04-01,21.08,21.58,21.08,21.36,229000,21.36
2010-03-31,20.84,21.06,20.71,20.83,464200,20.83
2010-03-30,21.49,21.49,20.75,21.06,681800,21.06
2010-03-29,21.82,21.82,20.98,21.56,589900,21.56
2010-03-26,22.05,22.21,21.74,22.01,782600,22.01
2010-03-25,21.52,22.05,21.29,21.97,1048300,21.97
2010-03-24,20.99,21.50,20.93,21.29,901500,21.29
2010-03-23,20.56,21.23,20.40,21.09,1493400,21.09
2010-03-22,20.17,20.50,19.95,20.43,737800,20.43
2010-03-19,20.66,20.84,20.30,20.30,732900,20.30
2010-03-18,20.40,20.83,20.20,20.66,341700,20.66
2010-03-17,20.26,20.74,20.19,20.47,587200,20.47
2010-03-16,19.49,20.14,19.41,20.13,337700,20.13
2010-03-15,19.37,19.52,18.96,19.52,486300,19.52
2010-03-12,19.48,19.58,19.17,19.52,328200,19.52
2010-03-11,19.20,19.56,19.10,19.50,215300,19.50
2010-03-10,19.19,19.43,19.09,19.31,281000,19.31
2010-03-09,19.08,19.38,19.05,19.10,349700,19.10
2010-03-08,19.48,19.59,19.15,19.20,225200,19.20
2010-03-05,19.00,19.49,18.98,19.36,235500,19.36
2010-03-04,18.93,19.29,18.74,18.89,263100,18.89
2010-03-03,19.07,19.30,18.80,18.94,467300,18.94
2010-03-02,18.78,19.32,18.64,19.14,912300,19.14
2010-03-01,17.98,18.75,17.83,18.73,477500,18.73
2010-02-26,17.92,18.13,17.78,17.98,342800,17.98
2010-02-25,17.65,18.06,17.34,17.86,757800,17.86
2010-02-24,18.08,18.23,17.81,17.99,548500,17.99
2010-02-23,18.41,18.41,17.76,17.95,952100,17.95
2010-02-22,18.44,18.67,18.23,18.41,271100,18.41
2010-02-19,18.54,18.63,18.15,18.47,224300,18.47
2010-02-18,18.53,18.74,18.42,18.55,285900,18.55
2010-02-17,18.85,19.23,18.62,18.69,386000,18.69
2010-02-16,18.46,18.62,18.09,18.60,232900,18.60
2010-02-12,18.00,18.51,17.73,18.30,480900,18.30
2010-02-11,17.97,18.24,17.77,18.17,352600,18.17
2010-02-10,18.31,18.53,17.81,18.00,391100,18.00
2010-02-09,18.21,18.39,18.04,18.20,697100,18.20
2010-02-08,18.26,18.56,17.96,18.02,254800,18.02
2010-02-05,18.00,18.45,17.82,18.30,933600,18.30
2010-02-04,18.40,18.52,17.77,18.00,2126600,18.00
2010-02-03,18.91,19.11,18.49,18.68,1337100,18.68
2010-02-02,19.13,19.31,18.61,18.99,650200,18.99
2010-02-01,18.41,19.21,18.25,19.04,785200,19.04
2010-01-29,17.60,18.43,17.40,18.25,1237700,18.25
2010-01-28,17.23,17.27,16.47,16.82,358500,16.82
2010-01-27,16.46,17.35,16.32,17.19,386300,17.19
2010-01-26,16.96,16.98,16.52,16.62,177900,16.62
2010-01-25,16.80,17.04,16.21,16.87,531200,16.87
2010-01-22,17.72,17.94,16.66,16.66,504000,16.66
2010-01-21,18.51,18.79,17.46,17.81,553200,17.81
2010-01-20,19.07,19.10,18.26,18.65,408000,18.65
2010-01-19,18.60,19.25,18.36,19.20,310000,19.20
2010-01-15,18.74,18.74,18.12,18.50,342800,18.50
2010-01-14,18.54,18.87,18.41,18.70,197200,18.70
2010-01-13,18.74,19.31,18.38,18.69,579000,18.69
2010-01-12,18.51,18.65,17.83,18.03,501700,18.03
2010-01-11,18.70,18.70,18.39,18.58,280000,18.58
2010-01-08,18.77,18.89,18.55,18.77,178600,18.77
2010-01-07,18.79,18.96,18.60,18.90,402600,18.90
2010-01-06,18.63,18.97,18.48,18.79,413900,18.79
2010-01-05,18.48,18.82,18.48,18.78,332500,18.78
2010-01-04,18.33,18.87,18.33,18.60,775300,18.60
2009-12-31,18.31,18.68,18.19,18.19,268000,18.19
2009-12-30,18.36,18.57,18.14,18.50,229400,18.50
2009-12-29,18.90,18.96,18.35,18.43,342100,18.43
2009-12-28,18.64,18.95,18.57,18.92,166400,18.92
2009-12-24,18.85,19.00,18.43,18.73,286300,18.73
2009-12-23,19.05,19.10,18.65,18.96,470800,18.96
2009-12-22,18.52,18.89,18.45,18.82,380400,18.82
2009-12-21,18.44,18.94,18.35,18.46,289300,18.46
2009-12-18,18.24,18.53,18.12,18.38,615900,18.38
2009-12-17,18.47,18.51,18.23,18.26,334300,18.26
2009-12-16,18.76,18.77,18.42,18.75,675100,18.75
2009-12-15,18.28,18.56,18.01,18.50,733000,18.50
2009-12-14,18.28,18.45,18.15,18.37,1788000,18.37
2009-12-11,17.54,17.54,17.05,17.33,276300,17.33
2009-12-10,16.89,17.31,16.74,17.26,390900,17.26
2009-12-09,17.01,17.26,16.72,16.77,480200,16.77
2009-12-08,17.00,17.34,16.94,17.05,682700,17.05
2009-12-07,17.04,17.52,17.01,17.18,537800,17.18
2009-12-04,16.53,17.60,16.53,17.16,1496700,17.16
2009-12-03,16.98,16.99,16.27,16.34,1256800,16.34
2009-12-02,15.25,15.88,15.25,15.81,915800,15.81
2009-12-01,15.69,15.83,15.14,15.14,1516600,15.14
2009-11-30,16.05,16.16,15.29,15.58,715400,15.58
2009-11-27,16.01,16.29,15.90,16.02,178500,16.02
2009-11-25,16.38,16.64,16.31,16.50,421600,16.50
2009-11-24,16.21,16.67,16.20,16.42,728400,16.42
2009-11-23,16.23,16.54,16.17,16.39,1015500,16.39
2009-11-20,15.98,16.15,15.72,16.00,720000,16.00
2009-11-19,15.98,16.14,15.82,16.02,1356300,16.02
2009-11-18,16.33,16.40,15.83,16.03,887700,16.03
2009-11-17,16.55,16.74,16.41,16.44,683600,16.44
2009-11-16,16.38,16.66,16.38,16.62,1072400,16.62
2009-11-13,16.07,16.50,16.04,16.41,1656300,16.41
2009-11-12,16.70,17.09,15.59,15.83,1518000,15.83
2009-11-11,16.51,16.93,16.31,16.82,1694100,16.82
2009-11-10,16.26,16.80,16.15,16.40,7556900,16.40
2009-11-09,17.00,17.00,15.75,16.46,2055300,16.46
2009-11-06,17.58,18.10,17.37,17.75,658000,17.75
2009-11-05,18.08,18.63,17.73,17.80,476000,17.80
2009-11-04,18.87,19.14,17.49,17.72,978100,17.72
2009-11-03,17.37,19.24,17.24,18.58,936500,18.58
2009-11-02,17.14,17.80,16.81,17.19,868900,17.19
2009-10-30,17.28,17.30,16.02,16.84,1264300,16.84
2009-10-29,16.96,17.41,16.86,17.33,799100,17.33
2009-10-28,18.20,18.20,16.71,16.83,945300,16.83
2009-10-27,18.25,18.53,17.77,18.36,545400,18.36
2009-10-26,18.57,19.17,17.94,18.27,555300,18.27
2009-10-23,19.08,19.44,18.40,18.44,423000,18.44
2009-10-22,18.91,19.00,18.43,18.85,925000,18.85
2009-10-21,19.39,19.77,18.86,18.93,522700,18.93
2009-10-20,19.77,20.06,19.59,19.59,401300,19.59
2009-10-19,19.76,20.08,19.55,19.96,414500,19.96
2009-10-16,19.73,20.04,19.07,19.81,767100,19.81
2009-10-15,20.46,20.61,19.81,20.00,590200,20.00
2009-10-14,20.04,20.69,19.85,20.54,536400,20.54
2009-10-13,19.56,19.97,18.93,19.84,379700,19.84
2009-10-12,19.70,19.82,19.47,19.52,744500,19.52
2009-10-09,19.19,19.77,19.11,19.52,529200,19.52
2009-10-08,18.89,19.22,18.81,19.06,372500,19.06
2009-10-07,18.70,18.91,18.04,18.69,318200,18.69
2009-10-06,18.61,19.15,18.19,19.01,587500,19.01
2009-10-05,17.29,18.46,17.23,18.27,571900,18.27
2009-10-02,17.25,17.56,16.78,17.30,551800,17.30
2009-10-01,18.08,18.10,17.29,17.41,568500,17.41
2009-09-30,18.80,18.80,17.83,18.13,790600,18.13
2009-09-29,19.33,19.64,18.81,18.95,298900,18.95
2009-09-28,18.15,19.30,18.07,19.19,662800,19.19
2009-09-25,19.13,19.20,18.09,18.17,648400,18.17
2009-09-24,19.96,19.99,18.56,19.20,893900,19.20
2009-09-23,20.33,20.41,19.78,19.84,962600,19.84
2009-09-22,19.45,20.25,19.10,20.15,827700,20.15
2009-09-21,19.08,19.44,18.79,19.13,1167900,19.13
2009-09-18,19.62,19.68,19.10,19.50,1433500,19.50
2009-09-17,18.66,20.29,18.29,19.40,2589100,19.40
2009-09-16,17.51,18.73,17.48,18.66,801700,18.66
2009-09-15,17.81,17.92,17.48,17.55,267000,17.55
2009-09-14,17.05,17.81,16.81,17.76,237900,17.76
2009-09-11,17.23,17.83,17.10,17.37,497300,17.37
2009-09-10,16.69,17.31,16.44,17.22,504400,17.22
2009-09-09,16.10,16.87,15.90,16.68,717100,16.68
2009-09-08,16.00,16.10,15.79,16.09,329600,16.09
2009-09-04,15.29,15.84,15.07,15.79,276400,15.79
2009-09-03,15.04,15.29,14.83,15.16,338900,15.16
2009-09-02,15.02,15.21,14.95,15.00,458000,15.00
2009-09-01,16.00,16.33,15.00,15.10,454300,15.10
2009-08-31,15.88,16.05,15.57,15.89,467200,15.89
2009-08-28,16.20,16.65,16.06,16.31,659200,16.31
2009-08-27,15.25,16.06,14.90,15.95,550000,15.95
2009-08-26,15.30,15.46,15.03,15.19,347000,15.19
2009-08-25,15.59,15.78,15.34,15.44,492400,15.44
2009-08-24,15.61,15.74,15.27,15.35,344800,15.35
2009-08-21,15.56,16.01,15.40,15.60,407100,15.60
2009-08-20,14.98,15.51,14.98,15.40,611500,15.40
2009-08-19,14.84,15.17,14.62,15.13,815500,15.13
2009-08-18,15.20,15.36,14.91,15.11,614300,15.11
2009-08-17,15.91,15.95,14.97,15.13,925800,15.13
2009-08-14,16.69,16.77,15.60,16.23,1071700,16.23
2009-08-13,16.20,17.01,15.57,16.82,1623200,16.82
2009-08-12,15.76,16.44,15.27,16.22,1368900,16.22
2009-08-11,15.51,16.03,15.30,15.86,1232300,15.86
2009-08-10,14.73,15.96,14.33,15.87,2418600,15.87
2009-08-07,13.57,15.07,13.52,14.79,2195000,14.79
2009-08-06,12.99,13.34,12.65,13.20,754400,13.20
2009-08-05,12.96,13.28,12.76,13.04,1944800,13.04
2009-08-04,11.61,13.63,11.07,13.14,4169600,13.14
2009-08-03,10.88,11.24,10.57,11.24,955800,11.24
2009-07-31,10.95,11.05,10.65,10.71,894000,10.71
2009-07-30,10.50,11.14,10.39,10.93,1649900,10.93
2009-07-29,10.41,10.54,10.29,10.34,696700,10.34
2009-07-28,10.09,10.55,9.96,10.41,1541800,10.41
2009-07-27,9.88,10.24,9.58,10.15,745900,10.15
2009-07-24,9.65,9.86,9.51,9.86,463800,9.86
2009-07-23,9.22,9.72,9.21,9.68,543200,9.68
2009-07-22,9.36,9.42,9.14,9.22,346400,9.22
2009-07-21,9.45,9.45,9.13,9.32,396600,9.32
2009-07-20,9.13,9.51,9.08,9.38,506600,9.38
2009-07-17,9.40,9.40,9.06,9.10,357600,9.10
2009-07-16,8.88,9.55,8.82,9.47,1251600,9.47
2009-07-15,8.68,9.08,8.61,9.05,761900,9.05
2009-07-14,8.60,8.67,8.39,8.48,721100,8.48
2009-07-13,8.87,8.93,8.45,8.58,1181000,8.58
2009-07-10,8.99,9.11,8.50,8.86,625500,8.86
2009-07-09,8.99,9.25,8.65,9.03,808100,9.03
2009-07-08,9.02,9.07,8.51,8.84,474300,8.84
2009-07-07,8.51,9.20,8.50,8.86,696000,8.86
2009-07-06,9.10,9.41,8.51,8.61,834900,8.61
2009-07-02,9.89,9.89,9.10,9.26,573000,9.26
2009-07-01,9.79,10.07,9.64,9.83,571800,9.83
2009-06-30,9.48,9.85,9.35,9.74,1412200,9.74
2009-06-29,9.46,9.79,9.25,9.46,730000,9.46
2009-06-26,9.58,9.68,9.00,9.27,1771900,9.27
2009-06-25,9.55,10.00,9.45,9.63,904000,9.63
2009-06-24,9.55,10.04,9.54,9.63,1485900,9.63
2009-06-23,10.69,10.69,9.33,9.39,954100,9.39
2009-06-22,10.16,10.17,9.50,9.51,459500,9.51
2009-06-19,10.07,10.51,10.03,10.25,786700,10.25
2009-06-18,9.93,10.10,9.81,9.90,1149100,9.90
2009-06-17,10.69,10.81,9.78,9.96,1096000,9.96
2009-06-16,11.04,11.74,10.62,10.79,583700,10.79
2009-06-15,11.18,11.35,10.94,11.10,390900,11.10
2009-06-12,11.53,11.53,10.96,11.24,702200,11.24
2009-06-11,11.21,11.78,11.21,11.64,509800,11.64
2009-06-10,11.52,11.71,11.34,11.58,635400,11.58
2009-06-09,11.54,11.66,11.45,11.51,611300,11.51
2009-06-08,11.31,11.65,11.20,11.45,472500,11.45
2009-06-05,11.24,11.50,11.09,11.43,1016300,11.43
2009-06-04,10.82,11.10,10.61,11.02,1453800,11.02
2009-06-03,11.05,11.25,10.69,10.82,7574800,10.82
2009-06-02,11.57,11.90,10.87,11.20,819900,11.20
2009-06-01,11.87,12.75,11.83,12.35,517000,12.35
2009-05-29,11.25,11.75,11.13,11.59,459000,11.59
2009-05-28,11.21,11.51,10.90,11.33,325700,11.33
2009-05-27,11.71,11.84,11.21,11.37,321600,11.37
2009-05-26,10.75,11.69,10.75,11.61,425000,11.61
2009-05-22,11.13,11.41,10.54,11.02,530900,11.02
2009-05-21,11.42,11.95,10.95,11.18,694200,11.18
2009-05-20,11.82,12.41,11.65,11.71,566400,11.71
2009-05-19,11.13,11.98,11.04,11.72,529500,11.72
2009-05-18,10.88,11.24,10.30,11.04,998800,11.04
2009-05-15,10.97,11.68,10.62,10.67,651300,10.67
2009-05-14,10.74,11.01,10.29,10.81,930500,10.81
2009-05-13,11.96,11.97,10.42,10.65,785200,10.65
2009-05-12,11.83,12.43,10.90,12.11,1052900,12.11
2009-05-11,12.43,13.46,12.43,12.70,1046600,12.70
2009-05-08,11.83,13.13,11.70,12.94,1224500,12.94
2009-05-07,10.92,14.87,10.92,11.46,2686500,11.46
2009-05-06,10.94,11.27,10.22,10.38,838400,10.38
2009-05-05,11.16,11.20,10.61,10.75,753100,10.75
2009-05-04,9.70,11.55,9.53,11.14,780900,11.14
2009-05-01,10.36,10.39,9.24,9.37,896700,9.37
2009-04-30,9.94,10.56,9.81,10.31,1188200,10.31
2009-04-29,8.57,10.00,8.33,9.98,701900,9.98
2009-04-28,8.08,8.79,8.00,8.66,608600,8.66
2009-04-27,7.76,8.88,7.66,8.28,866700,8.28
2009-04-24,7.06,7.93,7.06,7.79,503600,7.79
2009-04-23,6.79,7.16,6.69,7.04,481300,7.04
2009-04-22,6.40,7.05,6.40,6.87,310400,6.87
2009-04-21,6.37,6.78,6.19,6.46,658900,6.46
2009-04-20,6.50,6.60,6.27,6.50,679500,6.50
2009-04-17,6.40,6.72,6.40,6.60,558800,6.60
2009-04-16,6.68,6.68,6.42,6.49,471300,6.49
2009-04-15,6.54,6.62,6.40,6.54,408400,6.54
2009-04-14,6.29,6.71,6.27,6.59,745700,6.59
2009-04-13,6.40,6.48,5.89,6.40,376300,6.40
2009-04-09,6.12,6.55,5.90,6.40,758100,6.40
2009-04-08,5.79,6.16,5.67,5.88,552500,5.88
2009-04-07,6.06,6.06,5.53,5.78,618400,5.78
2009-04-06,6.33,6.46,5.84,5.97,792100,5.97
2009-04-03,5.80,6.38,5.72,6.20,534000,6.20
2009-04-02,5.47,6.08,5.37,5.85,522200,5.85
2009-04-01,4.89,5.19,4.66,5.14,287100,5.14
2009-03-31,4.94,5.25,4.74,5.05,270400,5.05
2009-03-30,5.20,5.20,4.57,4.75,903700,4.75
2009-03-27,5.70,5.79,5.22,5.29,416300,5.29
2009-03-26,4.92,5.92,4.82,5.92,472100,5.92
2009-03-25,4.64,4.96,4.55,4.95,434700,4.95
2009-03-24,4.64,4.99,4.45,4.67,440500,4.67
2009-03-23,4.41,4.84,4.18,4.68,285800,4.68
2009-03-20,4.50,4.50,4.18,4.34,225900,4.34
2009-03-19,4.70,4.85,4.46,4.48,214800,4.48
2009-03-18,4.45,4.86,4.30,4.59,284000,4.59
2009-03-17,4.24,4.43,4.02,4.35,205800,4.35
2009-03-16,4.49,4.58,4.25,4.29,356100,4.29
2009-03-13,4.26,4.62,4.02,4.52,363900,4.52
2009-03-12,3.40,4.27,3.35,4.19,426000,4.19
2009-03-11,3.50,4.02,3.42,3.45,495900,3.45
2009-03-10,3.22,3.68,3.21,3.48,525800,3.48
2009-03-09,3.29,3.50,3.14,3.19,489000,3.19
2009-03-06,2.67,4.13,2.65,3.39,1263600,3.39
2009-03-05,3.05,3.20,2.50,2.55,895300,2.55
2009-03-04,3.12,3.14,2.99,3.01,595900,3.01
2009-03-03,3.35,3.42,2.85,3.00,795400,3.00
2009-03-02,3.50,3.67,3.30,3.42,501000,3.42
2009-02-27,3.90,3.90,3.63,3.65,1265600,3.65
2009-02-26,4.46,4.51,3.81,3.97,596200,3.97
2009-02-25,4.46,4.61,4.02,4.35,635700,4.35
2009-02-24,4.00,4.54,4.00,4.49,958000,4.49
2009-02-23,4.40,4.47,3.99,3.99,379700,3.99
2009-02-20,4.50,4.63,4.09,4.32,655100,4.32
2009-02-19,5.00,5.14,4.63,4.70,435100,4.70
2009-02-18,5.12,5.30,4.78,5.00,640100,5.00
2009-02-17,5.47,5.50,5.01,5.12,560400,5.12
2009-02-13,5.96,6.14,5.57,5.62,436700,5.62
2009-02-12,5.94,6.02,5.56,5.92,727700,5.92
2009-02-11,6.44,6.56,5.91,6.01,540800,6.01
2009-02-10,6.81,7.16,6.29,6.42,508200,6.42
2009-02-09,6.77,6.97,6.37,6.97,721500,6.97
2009-02-06,6.48,6.67,6.45,6.67,458400,6.67
2009-02-05,6.07,6.53,6.06,6.49,724100,6.49
2009-02-04,6.50,6.61,6.19,6.26,570900,6.26
2009-02-03,6.50,6.61,6.39,6.50,664700,6.50
2009-02-02,6.54,6.81,6.15,6.48,500300,6.48
2009-01-30,6.92,6.97,6.68,6.80,693000,6.80
2009-01-29,6.92,7.04,6.76,6.83,298000,6.83
2009-01-28,6.89,7.16,6.82,7.00,407300,7.00
2009-01-27,6.57,6.84,6.54,6.81,383300,6.81
2009-01-26,6.27,6.60,6.16,6.42,509700,6.42
2009-01-23,5.58,6.26,5.51,6.12,385400,6.12
2009-01-22,6.02,6.07,5.55,5.76,530200,5.76
2009-01-21,5.62,6.13,5.47,6.02,636900,6.02
2009-01-20,5.92,5.94,5.47,5.51,604700,5.51
2009-01-16,5.85,6.15,5.77,6.08,743700,6.08
2009-01-15,6.01,6.04,5.60,5.88,1068000,5.88
2009-01-14,6.14,6.14,5.88,6.00,499400,6.00
2009-01-13,5.99,6.37,5.78,6.21,541900,6.21
2009-01-12,6.49,6.64,6.03,6.15,670600,6.15
2009-01-09,6.80,6.85,6.30,6.41,574200,6.41
2009-01-08,6.35,7.05,6.15,6.86,552500,6.86
2009-01-07,6.64,6.83,6.27,6.50,581100,6.50
2009-01-06,6.25,6.96,6.21,6.73,739800,6.73
2009-01-05,6.00,6.24,5.77,6.21,534200,6.21
2009-01-02,5.69,6.30,5.57,6.03,393500,6.03
2008-12-31,5.77,5.91,5.46,5.58,830900,5.58
2008-12-30,5.46,5.95,5.42,5.92,535100,5.92
2008-12-29,5.83,6.03,5.19,5.39,422900,5.39
2008-12-26,5.45,5.97,5.45,5.93,338900,5.93
2008-12-24,4.99,5.46,4.93,5.37,380700,5.37
2008-12-23,5.72,6.22,4.95,5.06,747000,5.06
2008-12-22,6.38,6.53,5.58,5.80,764500,5.80
2008-12-19,5.14,6.50,5.06,6.28,1384200,6.28
2008-12-18,4.42,5.09,4.30,5.00,718200,5.00
2008-12-17,4.13,4.44,4.04,4.30,500100,4.30
2008-12-16,3.83,4.17,3.74,4.17,484300,4.17
2008-12-15,4.18,4.43,3.72,3.83,554900,3.83
2008-12-12,3.77,4.15,3.70,4.15,547800,4.15
2008-12-11,3.70,3.89,3.50,3.81,809700,3.81
2008-12-10,3.60,3.67,3.52,3.66,523600,3.66
2008-12-09,4.14,4.14,3.47,3.52,782500,3.52
2008-12-08,3.88,4.04,3.65,3.80,807900,3.80
2008-12-05,3.63,3.81,3.31,3.80,1034000,3.80
2008-12-04,3.96,4.19,3.58,3.65,1001600,3.65
2008-12-03,3.91,4.90,3.73,4.09,1206700,4.09
2008-12-02,3.89,4.01,3.65,3.93,766700,3.93
2008-12-01,3.96,4.05,3.57,3.74,933200,3.74
2008-11-28,3.75,4.33,3.59,4.07,780400,4.07
2008-11-26,3.69,3.78,3.47,3.68,911500,3.68
2008-11-25,3.67,3.80,3.41,3.76,1194100,3.76
2008-11-24,3.29,3.63,3.20,3.60,1054100,3.60
2008-11-21,3.25,3.31,3.04,3.15,1502800,3.15
2008-11-20,3.28,3.48,3.03,3.15,780800,3.15
2008-11-19,4.34,4.52,3.38,3.45,1318400,3.45
2008-11-18,4.72,4.78,4.23,4.40,729100,4.40
2008-11-17,5.07,5.07,4.55,4.72,740600,4.72
2008-11-14,5.21,5.25,4.76,4.96,1669200,4.96
2008-11-13,4.19,5.40,4.04,5.40,1841200,5.40
2008-11-12,4.79,4.85,3.99,4.19,3160700,4.19
2008-11-11,5.46,5.51,4.70,4.75,835600,4.75
2008-11-10,6.41,6.50,5.62,5.79,1247200,5.79
2008-11-07,6.47,6.57,5.27,6.22,1296200,6.22
2008-11-06,9.07,9.32,5.89,5.96,2320200,5.96
2008-11-05,10.90,10.90,8.80,9.39,1686000,9.39
2008-11-04,10.03,11.11,9.60,11.11,728700,11.11
2008-11-03,8.81,9.98,8.74,9.98,664500,9.98
2008-10-31,7.48,8.82,7.42,8.59,1181800,8.59
2008-10-30,7.46,7.66,7.21,7.54,712500,7.54
2008-10-29,6.60,7.54,6.58,7.14,915400,7.14
2008-10-28,6.50,6.56,6.23,6.53,1167800,6.53
2008-10-27,7.00,7.05,6.27,6.29,605800,6.29
2008-10-24,6.88,7.50,6.50,7.01,871700,7.01
2008-10-23,8.51,8.65,6.99,7.21,1052800,7.21
2008-10-22,8.63,8.96,8.30,8.52,910500,8.52
2008-10-21,8.66,9.35,8.50,8.90,868800,8.90
2008-10-20,8.73,9.07,8.50,8.66,764500,8.66
2008-10-17,8.79,9.34,8.36,8.43,935400,8.43
2008-10-16,10.42,10.42,8.25,8.99,1639100,8.99
2008-10-15,11.19,11.19,9.77,9.83,590500,9.83
2008-10-14,12.19,14.50,10.66,11.30,1040900,11.30
2008-10-13,13.36,13.45,11.44,11.73,202000,11.73
2008-10-10,11.50,14.50,9.22,11.80,2105600,11.80
2008-10-09,17.48,17.60,11.23,11.93,1901300,11.93
2008-10-08,17.78,18.80,17.26,17.50,829300,17.50
2008-10-07,18.76,19.22,16.77,18.50,570200,18.25
2008-10-06,19.51,20.48,18.53,18.76,380200,18.51
2008-10-03,21.20,21.60,19.74,20.50,333100,20.22
2008-10-02,21.24,21.71,20.69,20.99,329700,20.71
2008-10-01,21.84,21.84,21.08,21.25,269600,20.96
2008-09-30,22.46,22.61,21.01,21.99,635900,21.69
2008-09-29,21.80,22.45,20.53,22.45,1024600,22.15
2008-09-26,22.04,22.11,21.57,22.11,446800,21.81
2008-09-25,22.80,23.10,21.80,22.24,419500,21.94
2008-09-24,22.50,23.06,22.14,22.50,261000,22.20
2008-09-23,23.23,23.71,22.52,22.66,425200,22.35
2008-09-22,24.47,24.67,22.82,23.09,589100,22.78
2008-09-19,26.11,27.05,24.59,24.68,1295400,24.35
2008-09-18,23.55,24.52,22.12,24.13,1420800,23.80
2008-09-17,24.99,24.99,22.60,23.25,1048200,22.94
2008-09-16,23.38,23.87,22.75,23.83,1043300,23.51
2008-09-15,24.47,24.62,23.57,23.67,1273400,23.35
2008-09-12,24.29,24.89,24.00,24.53,840900,24.20
2008-09-11,23.24,24.81,23.02,24.49,1511500,24.16
2008-09-10,23.20,23.46,22.70,23.38,1211700,23.06
2008-09-09,23.05,23.41,22.89,23.09,952500,22.78
2008-09-08,22.73,23.13,22.21,23.05,653400,22.74
2008-09-05,21.71,22.14,21.10,21.65,680700,21.36
2008-09-04,22.66,22.83,21.76,22.01,932700,21.71
2008-09-03,22.54,22.87,22.25,22.87,664000,22.56
2008-09-02,22.47,23.74,21.99,22.75,2194300,22.44
2008-08-29,21.76,22.84,21.76,22.05,1814400,21.75
2008-08-28,21.15,22.07,20.98,22.04,660800,21.74
2008-08-27,20.91,21.46,20.44,21.18,708900,20.89
2008-08-26,20.39,20.82,20.10,20.41,892900,20.13
2008-08-25,20.25,20.73,19.99,20.44,1098000,20.16
2008-08-22,20.15,20.51,19.93,20.34,992900,20.07
2008-08-21,19.33,19.97,19.12,19.62,607200,19.35
2008-08-20,20.09,20.17,19.21,19.65,798800,19.38
2008-08-19,20.75,20.97,20.01,20.14,875200,19.87
2008-08-18,21.81,21.92,20.80,20.94,429000,20.66
2008-08-15,21.89,22.02,19.49,21.78,622100,21.49
2008-08-14,21.18,22.42,21.12,21.99,944800,21.69
2008-08-13,20.34,22.03,20.34,21.49,2141900,21.20
2008-08-12,21.01,21.68,20.21,20.38,1105900,20.10
2008-08-11,20.02,21.49,19.85,21.28,1036100,20.99
2008-08-08,18.97,20.56,18.91,20.21,1736600,19.94
2008-08-07,17.14,20.55,16.62,18.85,3741700,18.60
2008-08-06,16.60,16.60,16.10,16.22,1997800,16.00
2008-08-05,16.00,16.75,16.00,16.62,880500,16.40
2008-08-04,15.85,16.08,15.50,16.03,980000,15.81
2008-08-01,15.27,15.78,15.07,15.77,1093100,15.56
2008-07-31,14.68,15.38,14.62,15.26,1000500,15.05
2008-07-30,14.33,15.02,14.33,14.90,1199200,14.70
2008-07-29,14.29,14.56,14.06,14.38,874700,14.19
2008-07-28,15.13,15.21,14.11,14.40,1130300,14.21
2008-07-25,15.37,15.63,14.90,15.06,1199100,14.86
2008-07-24,16.60,16.64,15.26,15.46,1100800,15.25
2008-07-23,16.39,17.17,16.31,16.63,897900,16.41
2008-07-22,15.80,16.35,15.56,16.28,808500,16.06
2008-07-21,16.35,16.53,15.91,15.91,998400,15.69
2008-07-18,16.72,16.72,16.19,16.33,1104900,16.11
2008-07-17,15.67,16.71,15.40,16.63,1214900,16.41
2008-07-16,15.49,15.72,15.23,15.62,1406800,15.41
2008-07-15,15.35,15.61,14.74,15.49,2329600,15.28
2008-07-14,17.19,17.19,15.00,15.44,2107500,15.23
2008-07-11,17.42,17.42,16.86,17.09,1501500,16.86
2008-07-10,17.88,18.01,17.43,17.84,991800,17.60
2008-07-09,18.80,18.84,18.00,18.02,637500,17.78
2008-07-08,18.10,18.80,18.10,18.74,498500,18.49
2008-07-07,18.99,19.20,17.76,18.22,1324900,17.97
2008-07-03,18.95,19.13,18.32,18.99,817400,18.73
2008-07-02,19.56,19.70,18.95,19.02,724000,18.76
2008-07-01,20.01,20.20,19.33,19.57,1003800,19.06
2008-06-30,21.20,21.20,20.15,20.36,1054500,19.83
2008-06-27,21.32,21.77,21.29,21.39,511100,20.83
2008-06-26,21.63,21.77,21.20,21.38,528300,20.82
2008-06-25,21.72,22.49,21.72,22.02,780100,21.44
2008-06-24,23.27,23.27,21.69,21.74,1317200,21.17
2008-06-23,23.92,23.92,23.05,23.19,403700,22.58
2008-06-20,23.93,24.07,23.71,23.80,697900,23.18
2008-06-19,24.57,24.65,23.96,23.99,426600,23.36
2008-06-18,25.09,25.43,24.39,24.47,357900,23.83
2008-06-17,24.79,25.43,24.74,25.35,402800,24.69
2008-06-16,24.70,25.02,24.65,24.83,272300,24.18
2008-06-13,24.66,25.04,24.32,24.84,197700,24.19
2008-06-12,24.69,25.22,24.52,24.66,267400,24.02
2008-06-11,24.61,24.94,24.33,24.40,381400,23.76
2008-06-10,24.56,25.31,24.56,24.72,306900,24.07
2008-06-09,26.04,26.04,24.69,24.87,296600,24.22
2008-06-06,26.50,26.75,25.90,26.02,437700,25.34
2008-06-05,26.04,26.81,25.88,26.66,305800,25.96
2008-06-04,25.51,26.10,25.30,26.02,362400,25.34
2008-06-03,26.32,26.44,25.47,25.70,343800,25.03
2008-06-02,26.17,26.20,25.56,26.12,275100,25.44
2008-05-30,26.59,26.64,26.07,26.38,284200,25.69
2008-05-29,26.55,26.88,26.35,26.54,259300,25.85
2008-05-28,26.75,27.07,26.61,26.67,293000,25.97
2008-05-27,26.15,26.76,26.15,26.71,286600,26.01
2008-05-23,26.17,26.52,26.04,26.11,502400,25.43
2008-05-22,26.29,26.47,26.00,26.11,387200,25.43
2008-05-21,26.02,26.76,26.02,26.12,411300,25.44
2008-05-20,26.02,26.34,25.66,26.09,364900,25.41
2008-05-19,25.00,26.47,24.98,26.24,607000,25.55
2008-05-16,25.08,25.18,24.64,25.08,373500,24.43
2008-05-15,24.73,25.22,24.57,25.06,471100,24.41
2008-05-14,24.96,25.07,24.79,24.90,533900,24.25
2008-05-13,24.96,24.98,24.74,24.78,457700,24.13
2008-05-12,25.33,25.35,24.66,25.02,865600,24.37
2008-05-09,25.51,25.91,25.08,25.22,930700,24.56
2008-05-08,26.90,27.20,25.53,25.86,1611800,25.18
2008-05-07,26.59,26.73,25.72,25.94,444200,25.26
2008-05-06,26.58,26.86,26.40,26.69,352200,25.99
2008-05-05,26.83,27.09,26.78,26.80,320900,26.10
2008-05-02,26.50,27.22,26.43,26.85,601600,26.15
2008-05-01,25.83,26.68,25.57,26.52,436100,25.83
2008-04-30,26.53,27.10,26.04,26.18,403000,25.50
2008-04-29,26.20,26.42,25.88,26.38,465000,25.69
2008-04-28,25.42,26.40,25.36,26.29,410500,25.60
2008-04-25,25.11,25.70,24.75,25.55,536400,24.88
2008-04-24,25.06,25.10,24.58,25.06,508700,24.41
2008-04-23,24.70,25.10,24.41,25.08,684600,24.43
2008-04-22,24.03,24.94,24.03,24.63,752500,23.99
2008-04-21,24.26,24.42,24.05,24.31,661300,23.68
2008-04-18,24.22,24.34,23.77,24.31,545300,23.68
2008-04-17,23.77,24.09,23.60,23.93,444000,23.31
2008-04-16,23.57,23.90,23.29,23.88,398100,23.26
2008-04-15,24.04,24.25,23.22,23.49,611000,22.88
2008-04-14,24.25,24.30,23.87,24.00,328200,23.37
2008-04-11,24.06,24.48,23.99,24.20,373300,23.57
2008-04-10,24.01,24.51,24.00,24.39,673700,23.75
2008-04-09,24.64,24.90,24.09,24.22,1447800,23.59
2008-04-08,24.46,24.64,24.19,24.53,663100,23.89
2008-04-07,24.60,24.89,24.43,24.63,1253400,23.99
2008-04-04,25.49,25.49,24.58,24.70,1330100,24.05
2008-04-03,25.60,25.78,25.25,25.59,464500,24.92
2008-04-02,25.46,26.03,25.12,25.55,688700,24.88
2008-04-01,24.01,25.55,23.90,25.26,825000,24.60
2008-03-31,24.14,24.14,23.75,23.90,789900,23.28
2008-03-28,24.52,24.80,23.82,23.99,1010300,23.36
2008-03-27,24.65,25.62,24.43,24.54,1438000,23.90
2008-03-26,24.30,24.68,23.76,24.68,748800,23.79
2008-03-25,24.76,24.83,23.63,24.38,805300,23.50
2008-03-24,23.08,24.64,22.81,24.60,2066000,23.71
2008-03-20,23.79,23.79,22.41,22.63,3069500,21.82
2008-03-19,23.08,23.84,23.00,23.45,1071000,22.61
2008-03-18,22.97,23.31,22.00,22.73,1281400,21.91
2008-03-17,22.95,23.34,21.40,22.97,1706700,22.14
2008-03-14,24.58,24.58,23.63,23.74,1111400,22.89
2008-03-13,24.89,24.99,24.33,24.59,981500,23.71
2008-03-12,25.44,25.60,24.95,25.00,559300,24.10
2008-03-11,24.34,25.55,24.34,25.44,1008100,24.52
2008-03-10,25.52,25.60,24.09,24.31,770000,23.44
2008-03-07,24.08,25.63,24.08,25.18,1530300,24.27
2008-03-06,24.69,24.90,23.94,24.55,981200,23.67
2008-03-05,24.65,25.00,24.45,24.95,908800,24.05
2008-03-04,25.40,25.43,24.50,24.65,1113600,23.76
2008-03-03,25.88,26.63,25.54,25.66,1338500,24.74
2008-02-29,26.30,27.13,25.61,26.09,1822200,25.15
2008-02-28,22.51,25.28,22.33,24.96,1700000,24.06
2008-02-27,23.18,23.53,22.84,23.17,328400,22.34
2008-02-26,23.32,23.70,22.52,23.18,739600,22.35
2008-02-25,24.03,24.03,22.97,23.19,853400,22.36
2008-02-22,23.96,24.06,23.02,23.85,578500,22.99
2008-02-21,23.23,24.22,23.08,23.79,831500,22.93
2008-02-20,22.84,23.17,22.64,23.14,531800,22.31
2008-02-19,23.25,23.65,22.92,23.08,572000,22.25
2008-02-15,22.40,23.48,22.24,23.25,454500,22.41
2008-02-14,22.54,22.69,22.24,22.43,442400,21.62
2008-02-13,23.56,23.56,22.51,22.68,934500,21.86
2008-02-12,22.05,23.64,21.95,23.20,1070100,22.37
2008-02-11,21.67,22.33,21.34,22.01,884300,21.22
2008-02-08,22.25,22.60,21.43,21.86,457100,21.07
2008-02-07,22.63,22.92,21.43,22.28,928600,21.48
2008-02-06,23.19,23.35,22.65,22.81,622200,21.99
2008-02-05,23.57,23.69,22.85,22.94,618100,22.11
2008-02-04,24.53,24.53,23.29,23.66,689100,22.81
2008-02-01,22.27,24.64,22.27,24.53,1719400,23.65
2008-01-31,21.32,22.53,21.08,22.28,743600,21.48
2008-01-30,21.40,22.27,21.29,21.81,888100,21.03
2008-01-29,21.93,22.14,21.43,21.53,631800,20.76
2008-01-28,21.06,22.17,20.81,21.89,1933000,21.10
2008-01-25,21.58,21.67,20.46,20.87,1705600,20.12
2008-01-24,21.61,21.61,21.06,21.19,831900,20.43
2008-01-23,20.66,21.57,20.57,21.34,1240900,20.57
2008-01-22,20.82,21.62,20.54,21.28,1130600,20.51
2008-01-18,22.59,22.69,21.59,21.74,763600,20.96
2008-01-17,22.82,22.93,22.20,22.54,1369500,21.73
2008-01-16,23.62,23.68,22.40,22.92,1790800,22.10
2008-01-15,24.55,24.79,23.29,23.52,1124400,22.67
2008-01-14,25.28,25.33,24.60,25.04,595500,24.14
2008-01-11,25.56,25.90,25.23,25.28,479700,24.37
2008-01-10,25.76,26.24,24.66,25.95,585700,25.02
2008-01-09,26.50,26.50,25.15,25.63,400600,24.71
2008-01-08,26.35,27.35,26.25,26.37,590900,25.42
2008-01-07,26.40,26.66,26.04,26.35,807600,25.40
2008-01-04,27.50,27.76,26.34,26.40,1171800,25.45
2008-01-03,27.61,27.93,27.50,27.68,290600,26.68
2008-01-02,28.21,28.29,27.49,27.85,385900,26.85
2007-12-31,28.32,28.80,27.50,28.41,550200,27.39
2007-12-28,29.27,29.51,28.33,28.62,275700,27.59
2007-12-27,29.50,29.81,28.95,29.26,396700,28.21
2007-12-26,30.03,30.20,29.76,30.04,393600,28.48
2007-12-24,29.69,30.64,29.69,30.45,119200,28.87
2007-12-21,30.03,30.29,29.50,30.03,360900,28.47
2007-12-20,29.83,30.20,29.48,30.05,351000,28.49
2007-12-19,30.16,30.23,29.47,29.79,287600,28.24
2007-12-18,30.16,30.46,29.36,30.09,419300,28.52
2007-12-17,29.76,30.45,29.48,29.67,447100,28.13
2007-12-14,31.73,31.73,30.00,30.06,690900,28.50
2007-12-13,31.71,32.02,30.93,31.60,454500,29.96
2007-12-12,33.55,34.05,31.21,31.43,856300,29.79
2007-12-11,35.17,35.17,32.96,33.21,542100,31.48
2007-12-10,34.51,35.36,34.27,35.16,525600,33.33
2007-12-07,34.66,34.69,33.85,34.24,462000,32.46
2007-12-06,33.31,34.87,33.18,34.41,495600,32.62
2007-12-05,33.42,34.15,33.27,33.50,973100,31.76
2007-12-04,32.78,33.44,32.54,33.43,557700,31.69
2007-12-03,32.69,33.31,32.58,33.01,984000,31.29
2007-11-30,31.62,33.20,31.22,33.10,1071400,31.38
2007-11-29,29.35,31.28,29.27,31.14,847100,29.52
2007-11-28,29.11,29.13,28.59,29.00,604500,27.49
2007-11-27,28.36,28.97,28.09,28.66,621500,27.17
2007-11-26,29.02,29.25,28.31,28.38,398100,26.90
2007-11-23,29.39,29.39,28.90,28.95,289200,27.44
2007-11-21,28.21,29.38,28.21,28.98,1346800,27.47
2007-11-20,28.16,28.95,27.95,28.66,1046800,27.17
2007-11-19,27.55,28.21,27.55,28.04,272000,26.58
2007-11-16,28.54,28.78,27.83,27.93,593300,26.48
2007-11-15,29.58,29.77,28.44,28.79,794100,27.29
2007-11-14,30.48,30.76,29.57,29.80,740000,28.25
2007-11-13,31.79,32.14,30.37,30.66,1578300,29.06
2007-11-12,31.04,32.60,31.04,31.97,574200,30.31
2007-11-09,32.00,32.01,30.81,31.26,683900,29.63
2007-11-08,33.65,34.07,30.84,32.09,2859300,30.42
2007-11-07,34.97,35.55,34.24,34.92,545700,33.10
2007-11-06,35.61,35.82,34.50,35.49,385900,33.64
2007-11-05,36.08,36.08,35.31,35.60,353800,33.75
2007-11-02,36.01,36.39,35.39,36.02,482900,34.15
2007-11-01,36.00,36.67,35.75,35.99,502100,34.12
2007-10-31,36.81,37.14,36.32,36.89,738200,34.97
2007-10-30,36.80,37.02,36.71,36.75,256300,34.84
2007-10-29,36.99,37.22,36.79,36.99,276400,35.07
2007-10-26,37.41,37.58,36.77,36.97,517700,35.05
2007-10-25,37.94,37.99,37.14,37.35,505600,35.41
2007-10-24,38.10,38.31,37.62,37.95,709200,35.98
2007-10-23,37.80,38.31,37.80,38.21,488400,36.22
2007-10-22,37.64,38.09,37.47,37.80,505100,35.83
2007-10-19,38.83,39.05,37.86,37.94,360100,35.97
2007-10-18,39.12,39.35,38.85,38.97,278600,36.94
2007-10-17,39.51,40.18,39.02,39.36,287900,37.31
2007-10-16,39.02,39.56,38.83,39.43,399100,37.38
2007-10-15,39.99,39.99,39.02,39.30,407000,37.26
2007-10-12,40.62,40.62,39.96,40.10,394900,38.01
2007-10-11,41.60,41.70,40.69,40.87,270400,38.74
2007-10-10,40.68,41.36,40.64,41.32,358800,39.17
2007-10-09,40.60,40.86,40.50,40.84,131400,38.72
2007-10-08,40.50,41.00,40.28,40.40,281400,38.30
2007-10-05,40.64,40.88,40.21,40.67,560100,38.55
2007-10-04,40.48,41.00,40.29,40.60,404400,38.49
2007-10-03,40.01,40.75,40.01,40.46,423400,38.36
2007-10-02,39.89,40.61,39.74,40.25,306000,38.16
2007-10-01,39.56,40.24,39.04,39.95,562400,37.87
2007-09-28,39.57,40.19,39.18,39.81,289400,37.74
2007-09-27,39.00,39.71,38.78,39.54,342700,37.48
2007-09-26,38.60,39.55,38.45,38.93,642600,36.90
2007-09-25,39.68,40.05,38.80,38.99,765300,36.49
2007-09-24,39.15,40.11,38.90,39.76,674900,37.21
2007-09-21,39.58,40.24,39.24,39.38,626700,36.85
2007-09-20,40.18,40.39,39.19,39.48,613800,36.95
2007-09-19,39.71,40.69,39.68,39.99,677500,37.42
2007-09-18,39.02,40.05,38.77,39.46,561200,36.93
2007-09-17,38.98,39.39,38.79,39.02,355400,36.52
2007-09-14,38.36,39.28,37.71,39.01,441100,36.51
2007-09-13,38.35,38.69,37.68,38.53,541900,36.06
2007-09-12,38.85,39.00,37.40,38.00,613500,35.56
2007-09-11,38.65,39.16,38.55,38.91,332400,36.41
2007-09-10,38.89,39.21,38.34,38.45,421100,35.98
2007-09-07,38.99,39.34,38.54,38.76,748500,36.27
2007-09-06,38.83,39.60,38.07,39.34,867800,36.82
2007-09-05,38.18,38.91,38.00,38.64,1040000,36.16
2007-09-04,36.66,39.28,36.51,38.65,1438500,36.17
2007-08-31,36.34,36.76,36.00,36.62,655400,34.27
2007-08-30,35.30,35.64,34.79,35.53,837200,33.25
2007-08-29,36.04,36.07,35.20,35.64,741100,33.35
2007-08-28,36.00,36.30,35.38,35.51,635900,33.23
2007-08-27,36.55,36.95,36.27,36.34,527500,34.01
2007-08-24,36.50,36.74,36.10,36.51,475200,34.17
2007-08-23,37.13,37.60,36.36,36.58,1094300,34.23
2007-08-22,36.10,37.09,35.58,36.70,2069500,34.34
2007-08-21,35.08,35.42,34.39,35.26,662800,33.00
2007-08-20,36.69,36.73,35.05,35.39,499100,33.12
2007-08-17,37.57,37.57,35.27,36.30,1432100,33.97
2007-08-16,36.00,36.00,33.53,34.68,1583200,32.45
2007-08-15,36.61,36.86,35.75,36.34,1957800,34.01
2007-08-14,39.42,39.66,36.80,36.86,1665200,34.49
2007-08-13,39.74,39.74,38.72,39.07,899200,36.56
2007-08-10,40.70,41.00,38.26,39.58,1479600,37.04
2007-08-09,42.06,48.41,39.47,41.26,1959600,38.61
2007-08-08,39.00,41.45,36.12,41.17,3669300,38.53
2007-08-07,38.26,39.30,37.61,38.96,1624000,36.46
2007-08-06,37.30,38.44,37.30,38.08,870900,35.64
2007-08-03,38.55,38.73,37.06,37.28,721900,34.89
2007-08-02,38.99,39.51,38.44,38.57,930500,36.09
2007-08-01,39.83,40.08,38.90,39.02,822400,36.52
2007-07-31,40.00,40.53,39.54,40.01,793600,37.44
2007-07-30,40.13,40.53,39.43,39.86,571900,37.30
2007-07-27,41.01,41.15,39.76,39.91,1058500,37.35
2007-07-26,42.75,42.76,40.64,41.27,1105900,38.62
2007-07-25,42.63,42.75,41.78,42.03,1072300,39.33
2007-07-24,43.32,43.32,42.48,42.63,1208900,39.89
2007-07-23,42.92,43.32,42.92,43.15,710500,40.38
2007-07-20,42.85,43.06,42.51,42.83,562200,40.08
2007-07-19,43.41,43.41,42.94,42.98,969200,40.22
2007-07-18,43.33,43.44,42.94,43.23,589900,40.46
2007-07-17,44.50,44.71,43.29,43.40,972700,40.61
2007-07-16,44.83,44.93,43.73,44.09,2044300,41.26
2007-07-13,45.40,45.80,44.44,44.75,745300,41.88
2007-07-12,43.40,44.54,42.86,44.20,856800,41.36
2007-07-11,43.50,43.62,42.88,43.30,654900,40.52
2007-07-10,44.20,44.20,43.50,43.59,682000,40.79
2007-07-09,44.78,44.78,44.07,44.30,276800,41.46
2007-07-06,44.70,44.80,44.36,44.78,389600,41.91
2007-07-05,44.99,45.04,44.76,44.98,486700,42.09
2007-07-03,45.25,45.53,44.90,45.15,214100,42.25
2007-07-02,45.40,45.68,44.74,45.25,959300,42.35
2007-06-29,46.55,46.72,44.68,45.57,924600,42.65
2007-06-28,46.70,46.71,46.40,46.55,416000,43.56
2007-06-27,47.01,47.15,46.54,46.77,511900,43.77
2007-06-26,47.51,47.75,47.23,47.51,531500,43.99
2007-06-25,47.27,47.90,47.20,47.61,801700,44.09
2007-06-22,46.47,47.67,46.47,47.27,1491800,43.77
2007-06-21,45.82,46.54,45.52,46.47,1120800,43.03
2007-06-20,46.12,46.26,45.53,45.79,440100,42.40
2007-06-19,45.32,46.02,44.97,45.86,461800,42.46
2007-06-18,46.89,46.89,45.59,45.74,386300,42.35
2007-06-15,46.82,47.93,46.56,46.69,473400,43.23
2007-06-14,45.83,46.35,45.52,45.96,337800,42.56
2007-06-13,46.06,46.50,45.20,45.70,403100,42.32
2007-06-12,46.00,46.27,45.58,46.06,390400,42.65
2007-06-11,45.95,47.18,45.10,46.06,1324000,42.65
2007-06-08,45.30,46.18,45.28,46.00,380400,42.59
2007-06-07,46.62,46.70,45.26,45.35,495100,41.99
2007-06-06,46.75,46.76,46.06,46.58,639900,43.13
2007-06-05,47.44,47.68,46.66,47.00,400200,43.52
2007-06-04,47.90,48.00,47.37,47.65,414000,44.12
2007-06-01,47.95,48.36,47.59,47.72,687100,44.19
2007-05-31,46.85,47.70,46.67,47.21,738200,43.71
2007-05-30,44.74,46.20,44.59,46.14,1116600,42.72
2007-05-29,44.51,44.89,44.21,44.59,358900,41.29
2007-05-25,44.75,44.87,44.16,44.35,743100,41.07
2007-05-24,45.00,45.16,44.04,44.09,537100,40.83
2007-05-23,45.20,45.28,44.26,44.61,940400,41.31
2007-05-22,43.27,45.07,43.07,44.95,430700,41.62
2007-05-21,42.35,43.61,41.73,43.20,822300,40.00
2007-05-18,42.90,43.02,42.30,42.37,359900,39.23
2007-05-17,43.86,43.86,42.59,43.00,576900,39.82
2007-05-16,44.41,44.50,43.31,43.86,285200,40.61
2007-05-15,44.46,44.92,43.96,44.12,309100,40.85
2007-05-14,44.85,44.97,44.29,44.46,220400,41.17
2007-05-11,46.60,46.60,44.11,44.71,150500,41.40
2007-05-10,44.81,46.00,44.18,44.39,386900,41.10
2007-05-09,44.08,44.57,43.70,44.57,320800,41.27
2007-05-08,44.25,44.25,42.97,43.97,457200,40.71
2007-05-07,44.51,44.75,44.17,44.25,238800,40.97
2007-05-04,44.90,45.33,44.36,44.46,211000,41.17
2007-05-03,44.80,45.27,44.68,44.71,416400,41.40
2007-05-02,44.23,44.67,43.92,44.60,443300,41.30
2007-05-01,45.41,45.43,42.81,44.25,575800,40.97
2007-04-30,46.27,46.27,45.37,45.41,233700,42.05
2007-04-27,46.48,46.55,46.07,46.27,173200,42.84
2007-04-26,46.28,46.58,46.09,46.47,240300,43.03
2007-04-25,46.48,46.53,46.13,46.41,227500,42.97
2007-04-24,46.70,46.84,46.29,46.45,264700,43.01
2007-04-23,45.32,46.59,45.32,46.51,367900,43.07
2007-04-20,45.35,45.70,44.85,45.16,214400,41.82
2007-04-19,45.90,45.90,45.00,45.20,361200,41.85
2007-04-18,46.32,46.32,45.84,45.97,177100,42.57
2007-04-17,46.45,46.50,46.01,46.32,270300,42.89
2007-04-16,46.08,46.51,45.84,46.44,370500,43.00
2007-04-13,46.36,46.42,45.88,46.03,281100,42.62
2007-04-12,46.35,46.63,46.02,46.35,234500,42.92
2007-04-11,46.65,46.69,45.72,46.35,309300,42.92
2007-04-10,46.35,46.70,46.27,46.41,344300,42.97
2007-04-09,47.90,47.90,46.03,46.65,483600,43.20
2007-04-05,45.86,46.03,45.32,45.40,124300,42.04
2007-04-04,45.88,46.20,45.77,45.93,259200,42.53
2007-04-03,45.36,46.19,45.36,45.88,614900,42.48
2007-04-02,44.80,45.45,44.69,45.24,469600,41.89
2007-03-30,44.75,44.90,44.17,44.66,373300,41.35
2007-03-29,45.04,45.14,44.48,44.75,188300,41.44
2007-03-28,45.22,45.26,44.58,44.90,185800,41.58
2007-03-27,46.02,46.06,45.17,45.67,266800,41.87
2007-03-26,46.60,46.60,45.25,46.02,322500,42.19
2007-03-23,45.72,46.96,45.61,46.60,330700,42.72
2007-03-22,44.78,45.94,44.78,45.56,351000,41.77
2007-03-21,44.67,44.74,43.88,44.57,427100,40.86
2007-03-20,45.10,45.11,44.61,44.73,368700,41.01
2007-03-19,45.20,45.37,44.65,45.28,228700,41.51
2007-03-16,44.50,45.47,44.50,45.40,433600,41.62
2007-03-15,45.45,46.43,45.25,45.25,174400,41.49
2007-03-14,44.48,45.20,44.36,45.13,321500,41.38
2007-03-13,45.50,46.50,43.13,44.48,901200,40.78
2007-03-12,45.97,46.20,45.37,45.50,132700,41.72
2007-03-09,46.06,46.21,45.53,45.97,107900,42.15
2007-03-08,45.30,46.05,45.30,45.76,174200,41.95
2007-03-07,45.99,46.14,44.97,45.02,243100,41.28
2007-03-06,46.11,46.26,45.69,45.99,187800,42.17
2007-03-05,46.55,46.56,46.00,46.01,224400,42.18
2007-03-02,47.10,47.10,46.51,46.58,108200,42.71
2007-03-01,46.95,47.43,46.65,47.29,193600,43.36
2007-02-28,46.70,47.21,46.51,47.21,172200,43.28
2007-02-27,48.30,48.30,46.70,46.72,163900,42.83
2007-02-26,48.35,48.65,47.96,48.45,83700,44.42
2007-02-23,48.94,48.95,48.09,48.42,75500,44.39
2007-02-22,49.60,49.70,49.16,49.34,184400,45.24
2007-02-21,49.90,49.94,49.47,49.60,130100,45.48
2007-02-20,49.17,49.82,49.09,49.70,101800,45.57
2007-02-16,48.93,49.42,48.81,49.02,88200,44.94
2007-02-15,48.15,48.99,48.07,48.93,111900,44.86
2007-02-14,47.30,48.07,47.10,48.03,87100,44.04
2007-02-13,47.54,47.84,47.11,47.26,78400,43.33
2007-02-12,47.75,47.75,47.36,47.50,94700,43.55
2007-02-09,48.50,48.58,47.56,47.85,156300,43.87
2007-02-08,49.36,49.36,48.50,48.50,95600,44.47
2007-02-07,49.43,49.58,48.73,49.45,116700,45.34
2007-02-06,49.01,49.61,48.86,49.58,168600,45.46
2007-02-05,48.06,49.01,48.06,49.01,167200,44.93
2007-02-02,48.18,48.18,47.82,48.16,85000,44.16
2007-02-01,48.15,48.28,47.71,48.18,114900,44.17
2007-01-31,47.69,48.07,47.41,48.00,156600,44.01
2007-01-30,48.20,48.25,47.41,47.70,286100,43.73
2007-01-29,48.33,48.60,48.13,48.29,83400,44.27
2007-01-26,48.16,48.49,47.97,48.40,261100,44.38
2007-01-25,47.90,48.47,47.81,48.06,215300,44.06
2007-01-24,48.13,48.13,47.60,47.99,59100,44.00
2007-01-23,47.59,48.09,47.45,47.93,118200,43.94
2007-01-22,47.55,47.67,47.20,47.59,237200,43.63
2007-01-19,47.45,47.84,47.22,47.55,167700,43.60
2007-01-18,49.10,49.10,46.88,47.40,2484900,43.46
2007-01-17,49.60,49.90,48.79,48.91,211800,44.84
2007-01-16,47.90,49.50,47.83,49.32,291800,45.22
2007-01-12,47.91,47.96,47.48,47.90,113000,43.92
2007-01-11,46.64,47.99,46.61,47.91,134600,43.93
2007-01-10,46.70,46.85,46.25,46.64,168300,42.76
2007-01-09,46.10,46.70,45.95,46.70,210100,42.82
2007-01-08,46.75,46.75,45.52,46.40,262100,42.54
2007-01-05,47.90,47.90,46.30,46.80,211300,42.91
2007-01-04,46.97,48.12,46.67,47.90,316100,43.92
2007-01-03,47.99,47.99,46.73,46.97,260100,43.06
2006-12-29,47.89,48.00,47.29,48.00,150500,44.01
2006-12-28,47.71,48.02,47.52,47.77,104100,43.80
2006-12-27,47.06,49.00,47.06,47.71,67100,43.74
2006-12-26,47.49,48.15,47.13,47.52,311700,43.16
2006-12-22,47.50,47.93,47.20,47.38,143700,43.03
2006-12-21,47.90,48.25,47.38,47.50,421100,43.14
2006-12-20,48.00,48.33,47.79,47.81,227300,43.42
2006-12-19,48.40,48.41,47.76,48.00,272500,43.59
2006-12-18,47.98,48.66,47.98,48.05,359200,43.64
2006-12-15,47.53,47.77,46.77,47.73,333200,43.35
2006-12-14,47.43,47.95,47.21,47.52,223000,43.16
2006-12-13,47.47,48.93,46.53,47.43,606700,43.07
2006-12-12,45.09,45.34,44.39,44.91,198300,40.79
2006-12-11,45.18,46.07,44.70,45.01,246700,40.88
2006-12-08,44.18,45.40,44.15,45.26,126700,41.10
2006-12-07,44.64,44.78,43.81,44.10,243100,40.05
2006-12-06,45.08,45.23,44.30,44.54,199200,40.45
2006-12-05,45.65,45.67,44.77,45.07,179600,40.93
2006-12-04,44.82,45.49,44.82,45.40,158800,41.23
2006-12-01,45.80,45.82,44.45,44.82,228100,40.70
2006-11-30,45.51,45.77,44.95,45.65,432800,41.46
2006-11-29,44.02,45.81,44.02,45.35,513700,41.19
2006-11-28,44.95,44.95,43.31,43.95,352600,39.91
2006-11-27,46.95,46.99,44.70,45.10,302000,40.96
2006-11-24,46.93,47.28,46.06,46.90,298400,42.59
2006-11-22,47.00,47.33,46.65,46.83,278800,42.53
2006-11-21,47.98,47.98,46.75,47.16,303800,42.83
2006-11-20,48.05,48.06,47.34,47.98,164500,43.57
2006-11-17,48.27,48.42,47.53,48.15,212300,43.73
2006-11-16,47.70,48.40,46.37,48.35,273100,43.91
2006-11-15,46.60,47.93,45.94,47.80,421600,43.41
2006-11-14,48.50,48.51,46.44,46.80,734700,42.50
2006-11-13,47.30,49.00,47.13,49.00,188000,44.50
2006-11-10,47.00,47.33,46.69,47.32,197100,42.97
2006-11-09,47.64,47.64,46.86,47.15,290000,42.82
2006-11-08,48.48,48.48,47.62,47.63,186300,43.26
2006-11-07,47.17,48.57,47.10,48.48,95900,44.03
2006-11-06,46.79,47.11,46.25,47.07,72700,42.75
2006-11-03,47.22,47.37,46.76,46.89,82800,42.58
2006-11-02,47.88,48.25,47.16,47.22,138300,42.88
2006-11-01,48.00,48.32,47.87,47.89,286000,43.49
2006-10-31,48.26,48.36,47.86,48.12,129200,43.70
2006-10-30,48.20,48.57,47.98,48.16,151100,43.74
2006-10-27,47.90,48.45,47.55,48.05,178400,43.64
2006-10-26,48.05,48.62,47.60,47.94,90000,43.54
2006-10-25,48.34,48.34,47.35,47.85,99800,43.46
2006-10-24,48.53,48.67,47.91,48.54,96600,44.08
2006-10-23,49.13,49.19,48.45,48.73,54900,44.25
2006-10-20,48.74,49.19,48.50,49.18,102300,44.66
2006-10-19,48.65,48.78,48.27,48.74,170800,44.26
2006-10-18,48.55,48.81,48.43,48.75,82200,44.27
2006-10-17,48.31,48.74,48.31,48.62,115900,44.15
2006-10-16,48.58,49.03,48.43,48.51,275600,44.05
2006-10-13,47.70,48.57,47.41,48.55,186900,44.09
2006-10-12,47.25,47.80,46.99,47.61,173600,43.24
2006-10-11,46.70,47.52,46.49,47.35,319200,43.00
2006-10-10,45.25,46.35,44.85,46.35,439600,42.09
2006-10-09,45.52,45.57,45.00,45.12,104900,40.98
2006-10-06,45.79,45.91,45.39,45.44,101900,41.27
2006-10-05,45.87,46.25,45.42,45.69,133900,41.49
2006-10-04,46.25,46.31,45.38,45.87,387500,41.66
2006-10-03,45.70,46.28,45.16,46.28,202600,42.03
2006-10-02,46.49,46.49,45.56,45.90,138400,41.68
2006-09-29,45.55,47.25,45.55,46.42,302100,42.16
2006-09-28,45.73,45.76,45.10,45.24,249400,41.09
2006-09-27,46.56,46.61,45.40,45.74,311300,41.54
2006-09-26,47.22,47.25,46.50,46.96,305000,42.28
2006-09-25,47.45,47.50,46.75,47.17,114300,42.47
2006-09-22,47.70,47.70,46.62,47.41,80800,42.69
2006-09-21,47.50,47.81,47.14,47.65,70400,42.91
2006-09-20,47.11,47.89,47.11,47.55,71000,42.82
2006-09-19,47.25,47.38,46.31,47.00,259800,42.32
2006-09-18,48.09,48.09,46.51,47.15,165900,42.46
2006-09-15,46.58,47.79,46.50,47.62,242400,42.88
2006-09-14,47.09,47.09,46.50,46.73,102400,42.08
2006-09-13,47.52,47.75,47.00,47.09,121500,42.40
2006-09-12,47.80,47.83,47.14,47.52,93100,42.79
2006-09-11,47.54,47.96,47.18,47.60,144500,42.86
2006-09-08,47.75,47.92,47.32,47.50,117800,42.77
2006-09-07,46.90,47.53,46.60,47.50,55000,42.77
2006-09-06,47.64,47.64,46.63,47.03,247200,42.35
2006-09-05,48.40,48.64,47.54,47.54,121600,42.81
2006-09-01,47.78,48.54,47.27,48.30,139500,43.49
2006-08-31,48.00,48.01,47.39,47.83,162000,43.07
2006-08-30,47.27,48.50,47.27,48.11,123000,43.32
2006-08-29,47.10,47.75,46.77,47.50,204900,42.77
2006-08-28,46.98,47.15,46.24,46.83,140200,42.17
2006-08-25,46.64,46.79,46.11,46.74,255700,42.09
2006-08-24,47.43,47.61,46.50,46.64,186800,42.00
2006-08-23,46.51,47.46,46.13,47.39,204700,42.67
2006-08-22,46.51,46.98,46.20,46.50,126100,41.87
2006-08-21,46.94,46.97,46.17,46.66,205300,42.01
2006-08-18,45.49,47.10,45.05,46.84,185000,42.18
2006-08-17,44.95,45.39,44.50,45.39,248200,40.87
2006-08-16,45.25,45.34,44.61,45.20,285500,40.70
2006-08-15,45.00,45.48,44.44,44.83,291900,40.37
2006-08-14,45.50,46.17,44.53,44.80,465600,40.34
2006-08-11,46.51,46.51,45.25,45.35,161200,40.83
2006-08-10,45.90,46.45,45.50,46.45,204600,41.82
2006-08-09,46.82,47.20,45.50,46.13,162500,41.54
2006-08-08,47.16,47.94,45.80,46.57,310400,41.93
2006-08-07,47.39,48.23,46.88,46.96,147800,42.28
2006-08-04,48.00,48.40,47.20,47.49,221400,42.76
2006-08-03,48.35,49.24,48.00,48.00,279100,43.22
2006-08-02,48.10,49.13,48.09,48.45,295400,43.63
2006-08-01,47.15,48.68,46.30,48.14,543600,43.35
2006-07-31,45.30,46.55,45.00,46.50,205000,41.87
2006-07-28,45.10,45.50,44.74,45.50,134300,40.97
2006-07-27,44.76,45.30,44.50,45.06,446900,40.57
2006-07-26,44.95,45.10,44.00,44.95,601300,40.47
2006-07-25,44.20,45.01,43.29,44.80,435700,40.34
2006-07-24,43.60,43.60,42.92,43.40,336800,39.08
2006-07-21,42.35,43.42,42.35,43.20,277200,38.90
2006-07-20,41.35,44.06,41.35,43.05,4813900,38.76
2006-07-19,40.48,40.89,39.80,39.80,913400,35.84
2006-07-18,41.65,41.65,39.88,40.58,253300,36.54
2006-07-17,42.41,42.80,41.45,41.65,242000,37.50
2006-07-14,43.00,43.17,42.30,42.41,293700,38.19
2006-07-13,44.41,44.41,42.60,43.21,501900,38.91
2006-07-12,45.30,46.87,43.85,44.31,281800,39.90
2006-07-11,45.25,45.99,44.86,45.30,277600,40.79
2006-07-10,45.70,45.75,43.20,44.50,143700,40.07
2006-07-07,45.63,47.50,44.99,45.58,185900,41.04
2006-07-06,44.73,46.00,44.47,45.62,229400,41.08
2006-07-05,45.46,45.50,44.58,44.73,157200,40.28
2006-07-03,45.10,45.83,44.70,45.45,208300,40.92
2006-06-30,45.00,45.05,44.13,44.74,634000,40.29
2006-06-29,43.00,44.10,42.80,44.10,96400,39.71
2006-06-28,43.85,44.35,42.47,42.56,119200,38.32
2006-06-27,44.65,44.79,43.75,43.95,108900,39.26
2006-06-26,43.90,44.70,43.30,44.40,74700,39.66
2006-06-23,44.00,44.00,43.30,43.66,71000,39.00
2006-06-22,45.75,45.75,43.90,44.15,103900,39.44
2006-06-21,43.33,46.24,43.31,45.75,110200,40.87
2006-06-20,42.92,44.20,42.40,43.30,77000,38.68
2006-06-19,44.60,44.60,42.62,42.90,191700,38.32
2006-06-16,43.95,44.40,43.35,43.60,200100,38.95
2006-06-15,43.70,44.57,43.15,43.92,134800,39.23
2006-06-14,44.01,44.64,42.60,44.40,103100,39.66
2006-06-13,43.00,45.05,42.68,44.00,291400,39.30
2006-06-12,45.65,45.65,43.67,43.67,169500,39.01
2006-06-09,46.86,47.61,45.57,45.65,82500,40.78
2006-06-08,48.36,48.36,46.76,46.86,193000,41.86
2006-06-07,48.33,49.13,47.66,48.35,74000,43.19
2006-06-06,50.92,50.97,47.30,48.83,278200,43.62
2006-06-05,52.32,54.25,50.40,50.92,317100,45.48
2006-06-02,50.65,54.00,50.65,52.57,334600,46.96
2006-06-01,49.40,50.40,49.19,50.40,51100,45.02
2006-05-31,48.45,49.87,48.45,49.45,142800,44.17
2006-05-30,49.00,49.00,47.65,48.55,70000,43.37
2006-05-26,48.80,49.31,48.62,48.88,98100,43.66
2006-05-25,47.75,48.80,47.58,48.60,143300,43.41
2006-05-24,48.42,48.50,47.60,47.75,126000,42.65
2006-05-23,46.42,49.90,46.30,48.41,368600,43.24
2006-05-22,45.35,46.62,44.30,46.02,126600,41.11
2006-05-19,46.01,46.23,44.40,45.45,244800,40.60
2006-05-18,44.75,46.50,44.69,46.14,152900,41.21
2006-05-17,46.40,47.49,44.20,45.00,300700,40.20
2006-05-16,42.63,47.80,41.68,46.90,430500,41.89
2006-05-15,37.05,42.48,37.05,42.23,526800,37.72
2006-05-12,37.15,37.15,36.70,37.00,63600,33.05
2006-05-11,38.15,38.15,36.29,37.32,197800,33.34
2006-05-10,38.77,38.77,37.45,37.83,274800,33.79
2006-05-09,40.05,40.05,38.35,38.52,64400,34.41
2006-05-08,39.35,39.70,39.13,39.30,20400,35.10
2006-05-05,39.67,39.98,39.25,39.25,27900,35.06
2006-05-04,38.25,40.05,38.25,39.67,49100,35.44
2006-05-03,39.15,39.25,37.90,38.25,75200,34.17
2006-05-02,37.90,39.15,37.56,39.15,41400,34.97
2006-05-01,38.04,38.12,37.60,38.00,72400,33.94
2006-04-28,38.07,38.12,37.80,38.04,29000,33.98
2006-04-27,37.44,38.65,37.11,38.32,39100,34.23
2006-04-26,37.60,37.79,37.50,37.69,28600,33.67
2006-04-25,37.60,38.10,37.14,37.48,65200,33.48
2006-04-24,38.45,38.45,37.46,37.46,17600,33.46
2006-04-21,38.66,38.80,38.21,38.43,22700,34.33
2006-04-20,38.50,38.60,37.90,38.16,22200,34.09
2006-04-19,37.55,38.42,37.30,38.34,25600,34.25
2006-04-18,37.40,37.49,37.23,37.45,66600,33.45
2006-04-17,37.74,37.85,37.00,37.24,34000,33.26
2006-04-13,36.86,37.65,36.80,37.60,19600,33.59
2006-04-12,37.15,37.15,36.75,36.85,41800,32.92
2006-04-11,37.57,37.66,36.90,37.05,29200,33.10
2006-04-10,37.85,37.95,37.10,37.57,94300,33.56
2006-04-07,38.30,38.40,37.00,37.75,95200,33.72
2006-04-06,38.35,38.50,38.06,38.30,21000,34.21
2006-04-05,38.64,38.64,38.00,38.50,15500,34.39
2006-04-04,37.57,38.86,37.57,38.64,148400,34.52
2006-04-03,38.00,38.17,37.61,37.73,78800,33.70
2006-03-31,38.35,38.50,37.40,37.75,128800,33.72
2006-03-30,38.50,38.60,37.80,38.10,64400,34.03
2006-03-29,38.33,38.46,37.83,38.32,81700,34.23
2006-03-28,38.90,39.00,38.45,38.58,96400,34.15
2006-03-27,39.51,39.51,38.15,38.65,88600,34.21
2006-03-24,38.92,39.65,38.92,39.50,127300,34.96
2006-03-23,39.02,39.02,38.40,38.67,45500,34.23
2006-03-22,38.61,39.20,38.55,39.02,141500,34.54
2006-03-21,37.05,39.50,37.00,38.61,114300,34.18
2006-03-20,37.05,37.45,36.81,37.21,107600,32.94
2006-03-17,37.64,37.64,36.82,37.00,190500,32.75
2006-03-16,35.30,37.95,35.30,37.64,118300,33.32
2006-03-15,33.12,35.74,33.12,35.05,275600,31.02
2006-03-14,32.68,33.19,32.65,32.96,126900,29.17
2006-03-13,33.00,33.10,32.70,32.88,22400,29.10
2006-03-10,33.11,33.60,33.00,33.10,32000,29.30
2006-03-09,33.53,33.60,33.14,33.21,28700,29.40
2006-03-08,33.38,33.60,33.18,33.43,8300,29.59
2006-03-07,33.86,33.98,33.30,33.48,16700,29.63
2006-03-06,33.35,33.95,33.20,33.86,28800,29.97
2006-03-03,33.63,33.75,33.50,33.50,84900,29.65
2006-03-02,33.50,33.63,33.35,33.63,62400,29.77
2006-03-01,33.11,33.50,33.10,33.50,31200,29.65
2006-02-28,33.20,33.26,33.09,33.11,12200,29.31
2006-02-27,32.65,33.27,32.58,33.18,41400,29.37
2006-02-24,32.50,32.80,32.25,32.74,19500,28.98
2006-02-23,32.55,32.88,32.45,32.70,55200,28.94
2006-02-22,32.00,32.60,31.95,32.55,45700,28.81
2006-02-21,31.85,32.13,31.85,31.98,26200,28.31
2006-02-17,31.94,32.25,31.80,31.85,45200,28.19
2006-02-16,31.90,31.95,31.79,31.84,40400,28.18
2006-02-15,31.94,31.95,31.40,31.80,106900,28.15
2006-02-14,31.64,31.95,31.64,31.95,39200,28.28
2006-02-13,31.70,31.80,31.21,31.56,84600,27.94
2006-02-10,31.29,31.56,31.10,31.49,37600,27.87
2006-02-09,31.49,31.70,31.33,31.39,74300,27.78
2006-02-08,31.59,31.65,30.77,30.99,60000,27.43
2006-02-07,32.80,32.80,31.50,31.59,76700,27.96
2006-02-06,33.20,33.21,32.65,32.80,33700,29.03
2006-02-03,33.50,33.65,33.31,33.45,16500,29.61
2006-02-02,34.00,34.00,33.50,33.65,33600,29.79
2006-02-01,33.70,34.01,33.60,34.00,50700,30.10
2006-01-31,33.85,33.95,33.50,33.75,64300,29.87
2006-01-30,34.00,34.00,33.90,33.96,35700,30.06
2006-01-27,33.90,34.00,33.87,33.99,33400,30.09
2006-01-26,33.85,34.00,33.78,34.00,153700,30.10
2006-01-25,33.60,34.00,33.60,33.78,42200,29.90
2006-01-24,34.00,34.00,33.80,34.00,69000,30.10
2006-01-23,34.02,34.05,33.90,34.00,52600,30.10
2006-01-20,34.50,34.54,34.00,34.02,50200,30.11
2006-01-19,33.05,34.85,32.90,34.50,150700,30.54
2006-01-18,32.00,32.80,32.00,32.80,56800,29.03
2006-01-17,32.04,32.25,31.80,32.00,150200,28.32
2006-01-13,31.65,32.45,31.65,32.04,98100,28.36
2006-01-12,31.87,32.10,31.60,31.65,49800,28.02
2006-01-11,30.75,31.62,30.55,31.62,75200,27.99
2006-01-10,30.09,30.75,30.00,30.75,91400,27.22
2006-01-09,29.50,30.33,29.50,30.33,67600,26.85
2006-01-06,29.46,29.70,29.30,29.41,29400,26.03
2006-01-05,29.90,29.90,29.30,29.36,52900,25.99
2006-01-04,29.90,29.98,29.52,29.81,344000,26.39
2006-01-03,29.95,30.85,29.95,30.77,353900,27.24
2005-12-30,30.03,30.03,29.50,29.81,112000,26.39
2005-12-29,30.25,30.50,29.85,30.03,158000,26.58
2005-12-28,29.41,30.30,29.41,30.00,51400,26.55
2005-12-27,30.90,30.95,29.60,29.91,96900,26.25
2005-12-23,31.15,31.30,30.50,30.90,56600,27.12
2005-12-22,31.01,31.26,30.70,31.15,87200,27.34
2005-12-21,30.72,31.20,30.70,31.00,227500,27.21
2005-12-20,29.50,31.73,29.29,30.47,494100,26.75
2005-12-19,28.91,29.50,28.91,29.50,124200,25.89
2005-12-16,28.60,29.40,27.81,29.01,607200,25.46
2005-12-15,28.70,29.10,28.50,28.52,79100,25.03
2005-12-14,28.50,29.14,28.10,28.75,103800,25.24
2005-12-13,29.23,29.50,28.20,28.60,90400,25.10
2005-12-12,28.60,29.55,28.53,29.23,86600,25.66
2005-12-09,27.60,28.55,27.50,28.50,106400,25.02
2005-12-08,28.10,28.20,27.70,27.70,41200,24.31
2005-12-07,28.15,28.20,27.65,28.00,105100,24.58
2005-12-06,27.50,29.07,27.50,28.30,308000,24.84
2005-12-05,26.80,27.50,26.75,27.46,142900,24.10
2005-12-02,26.45,26.77,26.30,26.75,51100,23.48
2005-12-01,26.60,26.60,25.90,26.35,389100,23.13
2005-11-30,26.30,26.85,26.10,26.60,163500,23.35
2005-11-29,26.60,27.00,26.40,26.43,302400,23.20
2005-11-28,25.65,27.15,25.65,26.45,459900,23.22
2005-11-25,25.20,26.15,25.10,25.65,162200,22.51
2005-11-23,25.63,25.71,24.80,25.30,899600,22.21
2005-11-22,23.10,25.49,23.00,25.43,6194000,22.32
