Date,Open,High,Low,Close,Volume,Adj Close
2012-05-04,36.14,36.41,34.95,35.02,930200,35.02
2012-05-03,35.51,37.04,35.05,36.22,1600000,36.22
2012-05-02,35.27,36.47,34.80,35.20,2090600,35.20
2012-05-01,36.43,37.04,36.36,36.72,658400,36.72
2012-04-30,36.73,36.94,36.32,36.59,665500,36.59
2012-04-27,36.95,36.95,36.43,36.83,684600,36.83
2012-04-26,36.09,36.86,36.04,36.81,1074700,36.81
2012-04-25,36.04,36.37,35.80,36.09,2207100,36.09
2012-04-24,35.15,35.61,35.12,35.59,500200,35.59
2012-04-23,35.03,35.20,34.65,35.14,441700,35.14
2012-04-20,35.70,35.91,35.42,35.42,347400,35.42
2012-04-19,35.80,36.01,35.29,35.50,354700,35.50
2012-04-18,36.04,36.09,35.62,35.71,263400,35.71
2012-04-17,35.97,36.34,35.87,36.29,487600,36.29
2012-04-16,36.00,36.08,35.48,35.78,523400,35.78
2012-04-13,36.34,36.57,35.71,35.71,525100,35.71
2012-04-12,35.80,36.47,35.70,36.42,328900,36.42
2012-04-11,35.99,36.13,35.57,35.69,649800,35.69
2012-04-10,36.69,36.70,35.59,35.65,407000,35.65
2012-04-09,36.51,36.83,36.45,36.76,444800,36.76
2012-04-05,36.83,37.19,36.63,37.12,349400,37.12
2012-04-04,37.45,37.59,37.02,37.02,404400,37.02
2012-04-03,37.22,37.78,37.21,37.74,645700,37.74
2012-04-02,36.77,37.74,36.60,37.30,621600,37.30
2012-03-30,37.41,37.41,36.74,36.81,557900,36.81
2012-03-29,36.76,37.24,36.63,37.13,385200,37.13
2012-03-28,37.43,37.43,36.61,37.06,579000,37.06
2012-03-27,37.72,37.72,37.37,37.37,397300,37.37
2012-03-26,37.50,37.73,37.42,37.66,521600,37.66
2012-03-23,37.00,37.21,36.66,37.20,395600,37.20
2012-03-22,37.29,37.42,36.73,37.01,449200,37.01
2012-03-21,37.74,37.91,37.37,37.61,375200,37.61
2012-03-20,37.43,37.79,37.25,37.78,329700,37.78
2012-03-19,37.78,37.98,37.39,37.71,472800,37.71
2012-03-16,37.86,38.17,37.61,37.77,781600,37.77
2012-03-15,37.37,38.11,37.18,37.81,810100,37.81
2012-03-14,37.60,37.76,37.07,37.39,492700,37.39
2012-03-13,36.67,37.69,36.65,37.69,561700,37.69
2012-03-12,36.62,36.79,36.39,36.52,549700,36.52
2012-03-09,36.22,36.75,36.01,36.60,656000,36.60
2012-03-08,35.00,36.26,34.86,36.25,837600,36.25
2012-03-07,34.57,34.98,34.42,34.80,1019100,34.80
2012-03-06,34.69,34.78,34.30,34.33,788200,34.33
2012-03-05,35.08,35.26,34.92,35.08,282900,35.08
2012-03-02,35.54,35.73,34.95,35.08,275800,35.08
2012-03-01,35.51,35.63,35.28,35.53,573000,35.53
2012-02-29,35.21,36.30,35.21,35.38,726500,35.38
2012-02-28,35.40,35.91,35.16,35.21,801900,35.21
2012-02-27,34.20,35.41,33.72,35.31,644700,35.31
2012-02-24,34.19,34.62,34.05,34.43,739800,34.43
2012-02-23,34.55,34.55,33.96,34.02,1031800,34.02
2012-02-22,34.41,35.06,34.03,34.61,650900,34.61
2012-02-21,34.11,34.58,34.01,34.54,334800,34.54
2012-02-17,34.81,34.81,34.07,34.10,647700,34.10
2012-02-16,34.16,34.67,34.16,34.64,483900,34.64
2012-02-15,35.09,35.14,34.11,34.16,797300,34.16
2012-02-14,34.57,34.89,34.50,34.87,275200,34.87
2012-02-13,35.07,35.19,34.48,34.74,619700,34.74
2012-02-10,34.96,35.29,34.83,34.84,790000,34.84
2012-02-09,34.93,35.34,34.77,35.33,457800,35.33
2012-02-08,34.71,34.91,34.60,34.86,377700,34.86
2012-02-07,34.29,34.77,34.05,34.73,460400,34.73
2012-02-06,34.08,35.00,34.08,34.43,532900,34.43
2012-02-03,33.38,34.50,33.38,34.19,685600,34.19
2012-02-02,33.49,33.62,32.47,33.02,1483200,33.02
2012-02-01,32.73,33.56,32.58,33.56,1238300,33.56
2012-01-31,32.80,32.81,32.37,32.58,470200,32.58
2012-01-30,32.58,32.82,32.45,32.61,862700,32.61
2012-01-27,32.43,33.05,32.43,32.86,336000,32.86
2012-01-26,32.60,32.79,32.48,32.65,507700,32.65
2012-01-25,31.90,32.53,31.67,32.43,673600,32.43
2012-01-24,32.23,32.36,31.81,31.89,528700,31.89
2012-01-23,32.46,32.71,32.14,32.39,382800,32.39
2012-01-20,32.54,32.80,32.26,32.48,803700,32.48
2012-01-19,32.24,32.90,32.24,32.55,955600,32.55
2012-01-18,32.42,32.55,32.03,32.18,838300,32.18
2012-01-17,33.09,33.41,32.38,32.38,759900,32.38
2012-01-13,33.19,33.33,32.57,32.69,467100,32.69
2012-01-12,33.60,33.75,32.96,33.44,452000,33.44
2012-01-11,33.45,33.62,33.26,33.48,312600,33.48
2012-01-10,33.37,33.86,33.32,33.52,372400,33.52
2012-01-09,33.34,33.47,32.89,32.97,421800,32.97
2012-01-06,32.58,33.28,32.36,33.10,511100,33.10
2012-01-05,32.27,32.76,32.00,32.72,491000,32.72
2012-01-04,32.63,32.74,32.25,32.35,760000,32.35
2012-01-03,33.89,33.89,32.68,32.81,763700,32.81
2011-12-30,32.85,33.11,32.55,32.93,297400,32.93
2011-12-29,32.54,32.91,32.49,32.77,233000,32.77
2011-12-28,33.39,33.40,32.34,32.37,256200,32.37
2011-12-27,33.31,33.65,33.09,33.41,300200,33.41
2011-12-23,32.90,33.45,32.80,33.41,196400,33.41
2011-12-22,32.90,33.09,32.67,32.80,313700,32.80
2011-12-21,32.89,33.13,32.50,32.86,417800,32.86
2011-12-20,32.78,33.45,32.78,33.06,520900,33.06
2011-12-19,32.57,32.92,32.08,32.13,394400,32.13
2011-12-16,32.49,33.25,32.17,32.51,935300,32.51
2011-12-15,32.25,32.49,31.90,32.29,723000,32.29
2011-12-14,32.35,32.74,31.68,31.83,511600,31.83
2011-12-13,33.46,33.65,32.26,32.59,620700,32.59
2011-12-12,32.78,33.19,32.62,33.14,592800,33.14
2011-12-09,32.43,33.40,32.43,33.27,438000,33.27
2011-12-08,33.08,33.26,32.16,32.26,573400,32.26
2011-12-07,33.64,33.79,32.80,33.39,442500,33.39
2011-12-06,33.96,34.18,33.62,34.00,347400,34.00
2011-12-05,34.56,34.56,33.71,33.97,556000,33.97
2011-12-02,33.92,34.54,33.64,33.90,515000,33.90
2011-12-01,33.56,34.05,33.47,33.80,362200,33.80
2011-11-30,33.40,33.87,33.08,33.75,962900,33.75
2011-11-29,32.41,32.68,32.13,32.18,488600,32.18
2011-11-28,32.19,32.51,31.91,32.44,599000,32.44
2011-11-25,31.15,31.75,31.05,31.22,183000,31.22
2011-11-23,31.58,31.89,31.39,31.40,487200,31.40
2011-11-22,31.82,32.18,31.72,31.98,685100,31.98
2011-11-21,32.03,32.15,31.68,32.00,919300,32.00
2011-11-18,33.02,33.13,32.38,32.60,628600,32.60
2011-11-17,33.01,33.31,32.61,32.80,451900,32.80
2011-11-16,33.68,34.04,32.99,33.00,410900,33.00
2011-11-15,33.50,34.40,33.41,34.06,452700,34.06
2011-11-14,33.99,34.27,33.65,33.74,286400,33.74
2011-11-11,34.20,34.49,33.97,34.42,306800,34.42
2011-11-10,34.06,35.03,33.45,33.76,607300,33.76
2011-11-09,33.71,34.34,33.55,33.59,609200,33.59
2011-11-08,34.86,35.06,34.11,34.97,647500,34.97
2011-11-07,33.91,34.65,33.88,34.53,747100,34.53
2011-11-04,33.68,34.06,33.25,34.05,560700,34.05
2011-11-03,33.24,34.16,32.53,34.10,734600,34.10
2011-11-02,31.86,33.20,30.53,32.94,1140900,32.94
2011-11-01,32.31,32.61,31.39,31.47,925200,31.47
2011-10-31,33.56,34.35,33.15,33.39,492100,33.39
2011-10-28,34.16,34.30,33.55,34.06,497900,34.06
2011-10-27,33.75,34.53,33.36,34.38,624200,34.38
2011-10-26,32.76,32.90,31.77,32.66,331000,32.66
2011-10-25,33.15,33.36,32.27,32.31,333700,32.31
2011-10-24,32.72,33.50,32.64,33.35,469800,33.35
2011-10-21,32.27,32.72,31.92,32.59,473900,32.59
2011-10-20,31.69,32.20,31.22,31.98,470100,31.98
2011-10-19,32.11,32.36,31.76,31.81,525000,31.81
2011-10-18,31.57,32.44,30.87,32.31,598000,32.31
2011-10-17,32.55,32.55,31.40,31.48,656100,31.48
2011-10-14,32.83,32.99,32.42,32.84,546800,32.84
2011-10-13,31.90,32.66,31.72,32.46,767200,32.46
2011-10-12,31.06,32.50,30.99,32.27,818700,32.27
2011-10-11,30.31,30.99,30.11,30.91,877800,30.91
2011-10-10,30.60,30.75,30.22,30.63,1057800,30.63
2011-10-07,30.45,31.01,29.94,30.00,1270600,30.00
2011-10-06,29.61,30.44,29.26,30.42,1005000,30.42
2011-10-05,28.88,29.91,28.34,29.81,1209800,29.81
2011-10-04,27.67,28.91,27.53,28.85,1474300,28.85
2011-10-03,30.02,30.19,27.94,27.94,1356500,27.94
2011-09-30,31.42,31.42,30.33,30.33,901200,30.33
2011-09-29,31.76,32.32,30.91,31.89,927600,31.89
2011-09-28,32.22,32.46,31.14,31.34,1164900,31.34
2011-09-27,32.27,33.02,31.71,32.20,1039800,32.20
2011-09-26,30.08,31.62,29.99,31.61,1070100,31.61
2011-09-23,28.95,29.90,28.84,29.67,1114800,29.67
2011-09-22,28.66,29.46,28.55,29.19,1028100,29.19
2011-09-21,31.00,31.23,29.64,29.67,626900,29.67
2011-09-20,31.49,31.73,30.94,30.94,824200,30.94
2011-09-19,31.95,32.11,31.19,31.33,585600,31.33
2011-09-16,32.77,32.78,32.20,32.61,1000100,32.61
2011-09-15,32.56,33.07,31.68,32.56,1608500,32.56
2011-09-14,32.64,33.45,32.01,33.14,638100,33.14
2011-09-13,32.22,32.56,32.02,32.40,498400,32.40
2011-09-12,31.21,32.18,31.18,32.18,594300,32.18
2011-09-09,32.16,32.55,31.38,31.69,1467200,31.69
2011-09-08,33.07,33.36,32.26,32.44,659100,32.44
2011-09-07,32.09,33.42,32.08,33.41,1071100,33.41
2011-09-06,31.24,31.82,30.98,31.67,1001000,31.67
2011-09-02,33.15,33.67,32.34,32.49,684700,32.49
2011-09-01,34.64,34.78,33.68,33.84,700100,33.84
2011-08-31,34.72,34.95,34.22,34.57,642200,34.57
2011-08-30,34.96,35.06,34.27,34.46,811100,34.46
2011-08-29,34.04,35.24,34.04,35.24,502300,35.24
2011-08-26,32.38,33.82,32.19,33.58,626300,33.58
2011-08-25,33.20,33.63,32.25,32.66,564600,32.66
2011-08-24,33.12,33.79,32.74,32.85,893200,32.85
2011-08-23,31.60,33.15,31.43,33.14,608700,33.14
2011-08-22,32.15,32.15,30.98,31.43,525800,31.43
2011-08-19,31.65,32.61,31.20,31.33,708500,31.33
2011-08-18,32.87,32.98,31.95,32.23,1627600,32.23
2011-08-17,34.72,34.87,33.76,34.05,392500,34.05
2011-08-16,34.74,34.96,34.29,34.63,1242500,34.63
2011-08-15,33.93,35.14,33.93,35.13,881500,35.13
2011-08-12,33.72,34.02,33.23,33.63,548600,33.63
2011-08-11,32.50,34.04,32.35,33.69,1178600,33.69
2011-08-10,32.80,33.50,31.97,32.31,1590300,32.31
2011-08-09,30.98,33.70,30.67,33.69,2041100,33.69
2011-08-08,32.06,32.66,30.11,30.36,1636600,30.36
2011-08-05,34.42,34.42,32.12,32.97,1392900,32.97
2011-08-04,34.47,35.10,33.75,33.96,1361900,33.96
2011-08-03,34.27,35.18,33.95,34.92,693900,34.92
2011-08-02,35.50,36.03,34.41,34.41,657200,34.41
2011-08-01,35.86,35.89,35.23,35.79,1000500,35.79
2011-07-29,35.48,36.46,35.26,35.49,1026300,35.49
2011-07-28,35.45,36.16,35.32,35.90,956300,35.90
2011-07-27,36.90,36.91,35.45,35.45,523200,35.45
2011-07-26,37.76,37.76,37.08,37.12,288300,37.12
2011-07-25,37.56,38.09,37.30,37.73,242000,37.73
2011-07-22,38.06,38.09,37.81,37.93,126700,37.93
2011-07-21,37.62,38.38,37.58,38.18,284300,38.18
2011-07-20,37.50,37.56,37.14,37.50,357300,37.50
2011-07-19,36.65,37.43,36.65,37.40,363100,37.40
2011-07-18,37.08,37.08,36.30,36.50,287300,36.50
2011-07-15,37.37,37.40,36.83,37.17,312100,37.17
2011-07-14,37.85,38.24,37.14,37.15,334100,37.15
2011-07-13,37.87,38.27,37.60,37.89,430500,37.89
2011-07-12,37.62,37.98,37.50,37.75,304100,37.75
2011-07-11,38.40,38.40,37.62,37.71,481900,37.71
2011-07-08,38.29,38.92,38.13,38.89,347200,38.89
2011-07-07,38.92,39.02,38.62,38.75,623800,38.75
2011-07-06,38.04,38.72,37.83,38.60,782700,38.60
2011-07-05,37.93,38.06,37.81,38.01,812500,38.01
2011-07-01,37.82,38.08,37.78,37.91,832300,37.91
2011-06-30,37.94,38.13,37.68,37.68,823600,37.68
2011-06-29,38.11,38.18,37.78,37.90,535600,37.90
2011-06-28,37.58,38.02,37.48,37.92,496200,37.92
2011-06-27,36.96,37.68,36.70,37.58,392500,37.58
2011-06-24,37.40,37.46,36.81,36.88,982100,36.88
2011-06-23,37.41,37.57,36.96,37.34,600500,37.34
2011-06-22,37.94,38.34,37.81,37.81,574600,37.81
2011-06-21,37.59,38.47,37.55,38.19,689600,38.19
2011-06-20,37.11,37.66,37.05,37.46,520100,37.46
2011-06-17,38.25,38.25,37.15,37.30,691900,37.30
2011-06-16,37.56,38.17,37.39,37.92,898800,37.92
2011-06-15,37.47,37.90,37.33,37.62,1247000,37.62
2011-06-14,37.88,38.04,37.53,37.77,625900,37.77
2011-06-13,37.00,37.51,36.83,37.36,705500,37.36
2011-06-10,36.68,37.14,36.59,37.03,596600,37.03
2011-06-09,36.49,36.99,36.15,36.96,481600,36.96
2011-06-08,36.48,36.58,36.27,36.37,402900,36.37
2011-06-07,36.24,36.82,35.80,36.65,539600,36.65
2011-06-06,36.38,36.58,35.97,36.15,357600,36.15
2011-06-03,36.69,36.91,36.51,36.53,444400,36.53
2011-06-02,37.00,37.29,36.89,37.24,371100,37.24
2011-06-01,37.64,37.64,36.99,37.05,578900,37.05
2011-05-31,37.36,37.77,36.85,37.77,733900,37.77
2011-05-27,36.91,37.08,36.85,37.04,277300,37.04
2011-05-26,36.44,36.85,36.33,36.85,337900,36.85
2011-05-25,36.18,36.69,36.07,36.61,407000,36.61
2011-05-24,36.42,36.42,36.07,36.34,458600,36.34
2011-05-23,36.07,36.44,35.73,36.28,433100,36.28
2011-05-20,36.77,36.97,36.40,36.56,757000,36.56
2011-05-19,37.23,37.33,36.54,36.79,349800,36.79
2011-05-18,36.29,37.15,36.27,37.11,246400,37.11
2011-05-17,36.48,36.52,35.94,36.28,437200,36.28
2011-05-16,36.92,37.20,36.62,36.69,376500,36.69
2011-05-13,37.91,38.10,36.97,37.00,589300,37.00
2011-05-12,37.57,38.00,37.39,37.95,354000,37.95
2011-05-11,38.01,38.09,37.30,37.80,354100,37.80
2011-05-10,37.67,38.09,37.64,38.00,316800,38.00
2011-05-09,37.43,37.85,37.28,37.63,391200,37.63
2011-05-06,37.18,38.62,37.18,37.42,850500,37.42
2011-05-05,35.50,37.01,35.34,36.61,1179200,36.61
2011-05-04,34.92,35.79,34.79,35.77,1343400,35.77
2011-05-03,35.23,35.36,34.60,34.97,551600,34.97
2011-05-02,35.66,35.77,35.30,35.36,450500,35.36
2011-04-29,35.37,35.70,35.25,35.47,480000,35.47
2011-04-28,35.26,35.69,35.17,35.43,696500,35.43
2011-04-27,34.70,35.34,34.31,35.26,824900,35.26
2011-04-26,34.27,34.68,34.26,34.60,625700,34.60
2011-04-25,33.99,34.31,33.91,34.26,507300,34.26
2011-04-21,34.05,34.11,33.88,34.06,515700,34.06
2011-04-20,34.59,34.59,33.89,33.95,478200,33.95
2011-04-19,33.88,34.13,33.64,34.01,767800,34.01
2011-04-18,34.43,34.43,33.70,33.86,648200,33.86
2011-04-15,35.01,35.12,34.68,34.83,413900,34.83
2011-04-14,35.43,35.46,34.95,34.95,632900,34.95
2011-04-13,36.32,36.44,35.67,35.73,226300,35.73
2011-04-12,36.27,36.35,35.94,36.17,352800,36.17
2011-04-11,36.84,36.97,36.19,36.44,308300,36.44
2011-04-08,37.48,37.62,36.64,36.64,368200,36.64
2011-04-07,37.48,38.09,37.40,37.42,668600,37.42
2011-04-06,37.55,37.67,37.40,37.59,494000,37.59
2011-04-05,38.21,38.23,37.40,37.46,797400,37.46
2011-04-04,38.18,38.51,37.81,38.22,767200,38.22
2011-04-01,36.99,38.22,36.82,38.18,839100,38.18
2011-03-31,36.22,36.82,36.10,36.82,727900,36.82
2011-03-30,36.84,36.84,36.17,36.27,549000,36.27
2011-03-29,36.35,36.89,36.26,36.70,320000,36.70
2011-03-28,36.57,36.71,36.31,36.46,375800,36.46
2011-03-25,36.06,36.69,35.88,36.56,530200,36.56
2011-03-24,35.71,36.03,35.42,36.01,285000,36.01
2011-03-23,35.42,35.81,35.16,35.65,214200,35.65
2011-03-22,35.73,35.88,35.46,35.54,357600,35.54
2011-03-21,35.49,36.13,35.37,35.75,456000,35.75
2011-03-18,34.68,35.16,34.24,35.06,765300,35.06
2011-03-17,34.41,34.63,34.09,34.32,643300,34.32
2011-03-16,34.13,34.57,33.70,33.91,1024000,33.91
2011-03-15,34.14,34.61,33.43,34.24,1128700,34.24
2011-03-14,34.87,35.42,34.73,35.04,862300,35.04
2011-03-11,34.47,35.33,34.47,35.25,698800,35.25
2011-03-10,35.00,35.06,34.50,34.59,784000,34.59
2011-03-09,35.40,35.54,35.04,35.50,515800,35.50
2011-03-08,34.96,35.86,34.87,35.46,526900,35.46
2011-03-07,35.38,35.66,34.58,34.96,619400,34.96
2011-03-04,35.83,35.83,34.99,35.25,575500,35.25
2011-03-03,35.22,35.82,35.22,35.73,672700,35.73
2011-03-02,34.77,35.34,34.77,35.01,941600,35.01
2011-03-01,35.53,35.71,34.56,34.79,1070600,34.79
2011-02-28,36.42,36.44,35.40,35.50,1085700,35.50
2011-02-25,36.19,36.47,35.95,36.10,882000,36.10
2011-02-24,35.93,36.59,35.73,36.00,991300,36.00
2011-02-23,36.30,36.53,35.59,35.96,1525800,35.96
2011-02-22,36.27,37.05,36.06,36.39,1600300,36.39
2011-02-18,36.48,36.95,36.24,36.93,1139700,36.93
2011-02-17,36.10,36.71,35.87,36.39,533700,36.39
2011-02-16,36.38,36.38,36.05,36.22,1068900,36.22
2011-02-15,36.03,36.37,35.91,36.01,535300,36.01
2011-02-14,36.13,36.29,35.90,36.27,417500,36.27
2011-02-11,35.83,36.32,35.62,36.11,762900,36.11
2011-02-10,35.74,36.31,35.56,36.00,824500,36.00
2011-02-09,35.64,36.17,35.59,35.95,1356600,35.95
2011-02-08,36.08,36.11,35.44,35.80,1474200,35.80
2011-02-07,34.81,36.21,34.81,36.09,1161500,36.09
2011-02-04,34.23,34.90,34.08,34.80,862900,34.80
2011-02-03,34.49,34.51,33.84,34.11,1345400,34.11
2011-02-02,34.50,34.96,34.42,34.67,815800,34.67
2011-02-01,34.52,34.87,34.17,34.64,1050200,34.64
2011-01-31,34.25,34.32,34.02,34.23,1048300,34.23
2011-01-28,34.93,35.14,34.00,34.00,809300,34.00
2011-01-27,34.95,35.29,34.66,34.83,483800,34.83
2011-01-26,35.15,35.41,34.83,34.90,711900,34.90
2011-01-25,35.36,35.70,35.02,35.15,769200,35.15
2011-01-24,35.51,35.66,35.44,35.50,747800,35.50
2011-01-21,35.62,35.80,35.34,35.50,699000,35.50
2011-01-20,35.13,35.30,34.75,35.12,774700,35.12
2011-01-19,36.21,36.25,35.20,35.24,1118100,35.24
2011-01-18,36.40,36.50,35.86,36.29,1289300,36.29
2011-01-14,36.73,37.25,36.17,36.42,2590900,36.42
2011-01-13,39.24,39.44,35.59,36.75,2674400,36.75
2011-01-12,39.41,39.73,38.72,39.72,644300,39.72
2011-01-11,38.91,39.32,38.56,39.07,422400,39.07
2011-01-10,38.52,39.11,38.18,38.64,592100,38.64
2011-01-07,39.15,39.28,38.18,38.76,406100,38.76
2011-01-06,39.27,39.42,38.89,39.02,343500,39.02
2011-01-05,38.68,39.35,38.27,39.32,491200,39.32
2011-01-04,39.82,40.20,38.54,38.80,489000,38.80
2011-01-03,39.38,39.86,39.20,39.45,568600,39.45
2010-12-31,39.40,39.43,38.92,38.96,281400,38.96
2010-12-30,39.81,39.96,39.35,39.41,168500,39.41
2010-12-29,39.60,39.83,39.39,39.79,146700,39.79
2010-12-28,40.08,40.17,38.93,39.53,376700,39.53
2010-12-27,39.91,40.03,39.48,40.02,233300,40.02
2010-12-23,39.79,40.79,39.79,40.00,706000,40.00
2010-12-22,38.59,39.94,38.56,39.93,834000,39.93
2010-12-21,37.68,38.58,37.55,38.53,518000,38.53
2010-12-20,37.63,37.72,37.26,37.44,248000,37.44
2010-12-17,37.24,37.85,37.13,37.63,927100,37.63
2010-12-16,36.84,37.10,36.44,37.07,207400,37.07
2010-12-15,37.02,37.85,36.78,36.80,787300,36.80
2010-12-14,36.70,37.07,36.66,37.02,379900,37.02
2010-12-13,36.65,36.79,36.37,36.70,411400,36.70
2010-12-10,36.82,36.93,36.46,36.56,466500,36.56
2010-12-09,37.36,37.42,36.55,36.74,572700,36.74
2010-12-08,36.98,37.15,36.86,37.13,500300,37.13
2010-12-07,37.03,37.07,36.63,36.86,484600,36.86
2010-12-06,36.38,36.54,36.17,36.38,304100,36.38
2010-12-03,36.15,36.75,36.08,36.60,412100,36.60
2010-12-02,35.19,36.37,35.19,36.37,538700,36.37
2010-12-01,34.61,35.21,34.52,35.21,548400,35.21
2010-11-30,34.34,34.75,33.96,34.06,2891100,34.06
2010-11-29,34.68,34.91,34.28,34.78,226100,34.78
2010-11-26,34.83,35.29,34.75,34.92,139300,34.92
2010-11-24,34.47,35.18,34.46,35.16,368200,35.16
2010-11-23,34.73,34.75,34.07,34.30,542800,34.30
2010-11-22,34.97,35.41,34.82,35.20,577000,35.20
2010-11-19,35.17,35.66,35.11,35.26,314200,35.26
2010-11-18,35.07,35.49,35.05,35.37,294400,35.37
2010-11-17,35.15,35.15,34.71,34.75,348000,34.75
2010-11-16,35.58,35.68,34.80,35.06,397400,35.06
2010-11-15,36.05,36.18,35.80,35.88,279200,35.88
2010-11-12,36.82,36.93,35.94,35.95,349000,35.95
2010-11-11,37.11,37.25,36.70,37.10,379100,37.10
2010-11-10,36.87,37.44,36.52,37.44,446200,37.44
2010-11-09,37.45,37.71,36.62,36.80,347100,36.80
2010-11-08,36.87,37.34,36.74,37.32,338000,37.32
2010-11-05,36.88,37.29,36.73,37.07,390700,37.07
2010-11-04,36.33,36.80,36.17,36.80,466100,36.80
2010-11-03,36.06,36.13,35.63,35.92,250600,35.92
2010-11-02,35.99,36.21,35.88,36.01,354100,36.01
2010-11-01,36.05,36.25,35.51,35.73,308000,35.73
2010-10-29,35.77,36.30,35.77,35.85,300900,35.85
2010-10-28,36.06,36.06,35.37,35.77,402100,35.77
2010-10-27,35.60,35.92,35.51,35.75,347500,35.75
2010-10-26,36.17,36.17,35.74,35.83,521300,35.83
2010-10-25,36.89,36.93,36.18,36.29,411900,36.29
2010-10-22,36.83,37.07,36.58,36.65,433800,36.65
2010-10-21,37.40,37.44,36.76,36.84,825000,36.84
2010-10-20,37.25,37.39,36.85,37.23,524400,37.23
2010-10-19,36.42,37.23,36.26,37.16,1171300,37.16
2010-10-18,36.00,36.99,35.97,36.95,982600,36.95
2010-10-15,35.77,35.93,35.44,35.88,460600,35.88
2010-10-14,35.67,35.99,35.14,35.45,512200,35.45
2010-10-13,35.13,35.83,35.05,35.64,390000,35.64
2010-10-12,34.95,35.19,34.59,35.16,366800,35.16
2010-10-11,34.99,35.09,34.58,34.95,257800,34.95
2010-10-08,34.50,35.09,34.50,34.91,607800,34.91
2010-10-07,34.15,35.11,34.10,34.62,752500,34.62
2010-10-06,34.22,34.41,33.84,33.98,457600,33.98
2010-10-05,34.00,34.46,33.53,34.39,906500,34.39
2010-10-04,34.14,34.26,33.68,33.87,699000,33.87
2010-10-01,33.47,34.44,33.33,34.33,740400,34.33
2010-09-30,33.75,33.88,32.63,33.21,1641900,33.21
2010-09-29,34.33,34.67,33.84,34.48,514100,34.48
2010-09-28,33.72,34.53,33.57,34.39,297400,34.39
2010-09-27,34.25,34.42,33.44,33.60,619200,33.60
2010-09-24,34.14,34.43,33.94,34.17,488300,34.17
2010-09-23,34.10,34.29,33.66,33.67,346900,33.67
2010-09-22,34.96,35.36,34.30,34.40,527500,34.40
2010-09-21,35.24,35.28,34.79,34.88,342600,34.88
2010-09-20,34.95,35.18,34.71,35.16,357300,35.16
2010-09-17,34.63,34.98,34.41,34.75,476200,34.75
2010-09-16,33.95,34.64,33.87,34.51,280200,34.51
2010-09-15,34.23,34.55,33.96,34.11,259500,34.11
2010-09-14,34.24,34.90,33.94,34.39,1313500,34.39
2010-09-13,33.47,34.40,33.20,34.38,432400,34.38
2010-09-10,33.33,33.33,32.87,33.00,258700,33.00
2010-09-09,33.26,33.38,32.87,33.34,273300,33.34
2010-09-08,32.37,33.22,32.31,32.95,486900,32.95
2010-09-07,32.59,32.92,32.33,32.37,512900,32.37
2010-09-03,32.00,32.65,31.98,32.65,298300,32.65
2010-09-02,30.85,31.57,30.82,31.54,376100,31.54
2010-09-01,30.35,30.84,30.21,30.82,550600,30.82
2010-08-31,29.66,30.27,29.51,29.90,366500,29.90
2010-08-30,30.34,30.42,29.66,29.67,348400,29.67
2010-08-27,30.22,30.52,29.91,30.49,448100,30.49
2010-08-26,29.92,30.43,29.90,30.02,466100,30.02
2010-08-25,29.56,29.88,29.02,29.81,463400,29.81
2010-08-24,30.20,30.33,29.62,29.72,535500,29.72
2010-08-23,31.10,31.10,30.59,30.64,318500,30.64
2010-08-20,31.10,31.10,30.27,30.90,397000,30.90
2010-08-19,32.21,32.24,31.12,31.12,523200,31.12
2010-08-18,31.37,32.32,31.26,32.20,478300,32.20
2010-08-17,31.75,31.98,31.33,31.51,282000,31.51
2010-08-16,31.08,31.54,31.05,31.48,255800,31.48
2010-08-13,31.25,31.45,31.10,31.23,341900,31.23
2010-08-12,30.66,31.40,30.55,31.28,322300,31.28
2010-08-11,32.16,32.28,31.15,31.15,524400,31.15
2010-08-10,33.00,33.13,32.60,32.71,260200,32.71
2010-08-09,32.90,33.16,32.66,33.15,292300,33.15
2010-08-06,32.59,32.96,32.34,32.80,182300,32.80
2010-08-05,33.22,33.33,32.88,32.93,536900,32.93
2010-08-04,33.38,33.45,33.10,33.39,329800,33.39
2010-08-03,33.22,33.42,32.90,33.21,670500,33.21
2010-08-02,32.57,33.34,32.57,33.25,1001100,33.25
2010-07-30,31.38,32.40,31.20,32.27,437000,32.27
2010-07-29,32.85,32.86,31.57,31.80,556700,31.80
2010-07-28,32.88,33.16,32.58,32.73,580200,32.73
2010-07-27,33.48,33.58,32.73,33.01,582600,33.01
2010-07-26,33.27,33.49,32.83,33.05,863600,33.05
2010-07-23,31.47,33.25,31.32,33.13,1236700,33.13
2010-07-22,30.86,31.63,30.69,31.59,372600,31.59
2010-07-21,31.10,31.38,30.47,30.54,350100,30.54
2010-07-20,30.49,31.14,30.25,31.12,480500,31.12
2010-07-19,31.04,31.13,30.57,30.80,334900,30.80
2010-07-16,31.37,31.38,30.95,31.01,840600,31.01
2010-07-15,31.53,31.63,31.00,31.53,664000,31.53
2010-07-14,30.99,31.65,30.87,31.49,616300,31.49
2010-07-13,30.56,31.17,30.56,31.02,1088500,31.02
2010-07-12,30.46,30.78,30.35,30.68,691300,30.68
2010-07-09,30.11,30.66,29.98,30.66,770300,30.66
2010-07-08,29.81,30.22,29.76,30.16,898400,30.16
2010-07-07,28.21,29.66,27.94,29.63,658800,29.63
2010-07-06,28.02,29.17,27.77,28.36,414500,28.36
2010-07-02,27.55,27.94,27.27,27.77,1085200,27.77
2010-07-01,28.42,28.50,26.89,27.34,1417900,27.34
2010-06-30,27.11,27.85,26.85,27.40,3091000,27.40
2010-06-29,28.69,28.69,27.14,27.23,1006800,27.23
2010-06-28,29.12,29.22,28.88,29.04,528600,29.04
2010-06-25,28.50,29.18,28.36,29.09,759900,29.09
2010-06-24,29.29,29.43,28.58,28.63,619200,28.63
2010-06-23,30.15,30.15,29.22,29.49,585500,29.49
2010-06-22,30.09,30.25,29.67,30.06,1159200,30.06
2010-06-21,30.35,30.60,30.00,30.12,614400,30.12
2010-06-18,29.90,30.16,29.76,29.97,518200,29.97
2010-06-17,30.18,30.19,29.78,29.90,403600,29.90
2010-06-16,29.47,30.52,29.23,30.12,802700,30.12
2010-06-15,29.37,29.60,29.20,29.54,1110300,29.54
2010-06-14,29.80,30.07,29.23,29.25,1224500,29.25
2010-06-11,28.80,29.72,28.76,29.69,972100,29.69
2010-06-10,28.38,29.13,28.31,29.12,1015400,29.12
2010-06-09,28.52,29.04,27.91,28.06,1219100,28.06
2010-06-08,28.20,28.52,27.42,28.28,2251600,28.28
2010-06-07,28.95,29.20,28.05,28.15,1747000,28.15
2010-06-04,28.73,29.43,28.63,28.80,2125800,28.80
2010-06-03,30.39,30.67,29.36,29.54,4342500,29.54
2010-06-02,29.55,30.19,29.37,30.14,1231900,30.14
2010-06-01,29.44,30.04,29.30,29.42,2153900,29.42
2010-05-28,29.59,30.15,29.23,29.65,934000,29.65
2010-05-27,29.22,29.69,29.17,29.69,892000,29.69
2010-05-26,29.23,29.52,28.59,28.69,1129300,28.69
2010-05-25,29.00,29.13,28.39,29.03,1380500,29.03
2010-05-24,30.02,30.59,29.71,29.75,943600,29.75
2010-05-21,29.08,30.48,28.93,30.20,2108100,30.20
2010-05-20,31.00,31.00,29.62,29.75,1555500,29.75
2010-05-19,32.05,32.28,31.13,31.46,581900,31.46
2010-05-18,33.14,33.35,32.15,32.32,717500,32.32
2010-05-17,32.83,33.30,31.93,32.71,921900,32.71
2010-05-14,33.64,33.69,32.52,32.79,581200,32.79
2010-05-13,34.09,34.70,33.89,33.95,306100,33.95
2010-05-12,33.88,34.47,33.55,34.24,578200,34.24
2010-05-11,33.44,34.05,33.01,33.70,558600,33.70
2010-05-10,34.04,34.04,33.19,33.75,810800,33.75
2010-05-07,32.83,32.83,31.15,32.43,1565500,32.43
2010-05-06,33.65,34.29,31.59,32.98,996900,32.98
2010-05-05,33.94,34.47,33.58,33.99,1012100,33.99
2010-05-04,34.33,34.33,33.50,34.18,1018400,34.18
2010-05-03,34.89,34.93,34.39,34.76,588500,34.76
2010-04-30,35.41,35.77,34.65,34.65,498200,34.65
2010-04-29,35.56,35.63,34.63,35.46,779600,35.46
2010-04-28,36.20,36.45,35.18,35.41,952900,35.41
2010-04-27,36.70,36.82,35.93,35.96,626500,35.96
2010-04-26,36.56,37.04,36.27,36.96,362400,36.96
2010-04-23,36.56,36.72,36.31,36.70,324700,36.70
2010-04-22,35.64,36.49,35.57,36.44,739700,36.44
2010-04-21,37.49,37.49,35.54,35.99,1384300,35.99
2010-04-20,36.71,37.46,36.40,37.39,349800,37.39
2010-04-19,36.97,37.06,36.17,36.49,591000,36.49
2010-04-16,37.72,38.61,36.95,37.25,814300,37.25
2010-04-15,37.11,38.02,37.05,37.96,452000,37.96
2010-04-14,37.29,37.32,36.99,37.11,512800,37.11
2010-04-13,37.00,37.27,36.83,37.02,447900,37.02
2010-04-12,36.77,37.14,35.62,37.10,848700,37.10
2010-04-09,36.39,36.65,35.79,36.62,614000,36.62
2010-04-08,36.46,36.93,35.79,36.19,1133700,36.19
2010-04-07,37.07,37.78,37.07,37.31,942700,37.31
2010-04-06,36.85,37.45,36.39,37.37,605000,37.37
2010-04-05,36.49,36.99,36.44,36.98,353900,36.98
2010-04-01,36.32,36.47,36.07,36.47,238000,36.47
2010-03-31,36.07,36.36,35.90,36.10,397100,36.10
2010-03-30,35.75,36.62,35.56,36.15,490300,36.15
2010-03-29,35.87,35.93,35.43,35.79,358200,35.79
2010-03-26,35.88,36.00,35.16,35.76,643100,35.76
2010-03-25,36.28,36.58,35.82,35.84,595700,35.84
2010-03-24,36.09,36.25,35.72,35.93,438000,35.93
2010-03-23,35.77,36.19,35.54,36.19,724300,36.19
2010-03-22,35.01,35.81,34.25,35.72,576600,35.72
2010-03-19,35.27,35.49,34.79,35.07,1364200,35.07
2010-03-18,35.17,35.60,35.05,35.22,600100,35.22
2010-03-17,35.02,35.40,34.75,35.37,1122600,35.37
2010-03-16,34.52,34.97,34.44,34.92,626500,34.92
2010-03-15,34.75,34.75,34.00,34.55,869800,34.55
2010-03-12,34.32,35.47,34.07,34.86,1573400,34.86
2010-03-11,33.35,34.34,33.14,34.32,729400,34.32
2010-03-10,33.52,33.74,33.33,33.58,896000,33.58
2010-03-09,33.90,34.03,33.51,33.58,896600,33.58
2010-03-08,33.69,34.80,33.50,34.01,2221300,34.01
2010-03-05,33.04,35.17,32.86,33.62,2729900,33.62
2010-03-04,32.03,33.21,31.97,32.87,1332500,32.87
2010-03-03,32.56,32.71,31.96,32.12,1290300,32.12
2010-03-02,29.74,32.73,29.47,32.61,4981500,32.61
2010-03-01,28.09,29.49,27.90,28.59,5746900,28.59
2010-02-26,29.95,30.04,29.52,29.98,367800,29.98
2010-02-25,29.54,29.89,29.38,29.84,301800,29.84
2010-02-24,29.49,30.01,29.41,29.96,343800,29.96
2010-02-23,29.39,29.67,29.30,29.46,661700,29.46
2010-02-22,29.31,29.68,29.09,29.36,646200,29.36
2010-02-19,28.71,29.36,28.60,29.29,728400,29.29
2010-02-18,29.17,29.30,28.61,28.70,768800,28.70
2010-02-17,29.71,29.79,29.02,29.08,619900,29.08
2010-02-16,29.42,29.58,28.90,29.58,250600,29.58
2010-02-12,28.81,29.21,28.60,29.17,795600,29.17
2010-02-11,28.52,29.51,27.98,29.20,749500,29.20
2010-02-10,28.21,28.55,27.96,28.53,399900,28.53
2010-02-09,28.21,29.05,28.02,28.36,635000,28.36
2010-02-08,28.73,28.74,27.87,27.88,632300,27.88
2010-02-05,28.51,28.84,28.01,28.78,714500,28.78
2010-02-04,29.09,29.22,28.53,28.59,792000,28.59
2010-02-03,29.48,29.68,29.23,29.45,518000,29.45
2010-02-02,29.86,30.02,29.45,29.74,808600,29.74
2010-02-01,29.62,30.08,29.56,29.91,1482900,29.91
2010-01-29,29.87,29.90,29.55,29.56,651500,29.56
2010-01-28,29.90,29.90,29.33,29.69,615100,29.69
2010-01-27,29.50,29.99,29.20,29.90,801900,29.90
2010-01-26,30.26,30.49,29.40,29.47,789000,29.47
2010-01-25,30.70,30.87,29.87,30.39,374900,30.39
2010-01-22,30.97,31.33,30.27,30.45,548900,30.45
2010-01-21,32.25,32.48,30.96,31.07,532300,31.07
2010-01-20,32.40,32.49,32.08,32.08,531500,32.08
2010-01-19,32.08,32.74,32.08,32.50,410800,32.50
2010-01-15,33.00,33.14,32.07,32.14,750300,32.14
2010-01-14,33.47,33.60,33.08,33.10,473400,33.10
2010-01-13,33.22,33.57,33.22,33.35,603700,33.35
2010-01-12,33.80,33.80,33.08,33.23,692900,33.23
2010-01-11,34.46,34.77,33.65,34.21,1458600,34.21
2010-01-08,33.39,35.10,33.39,34.50,1648100,34.50
2010-01-07,31.55,34.60,31.32,33.38,2247900,33.38
2010-01-06,32.02,32.27,31.06,31.23,1901900,31.23
2010-01-05,31.91,32.45,31.72,32.10,1330400,32.10
2010-01-04,31.96,32.34,31.80,31.98,470900,31.98
2009-12-31,32.26,32.30,31.79,31.80,287000,31.80
2009-12-30,32.12,32.29,31.87,32.15,277300,32.15
2009-12-29,32.34,32.34,32.07,32.12,251400,32.12
2009-12-28,32.43,32.84,32.34,32.43,478200,32.43
2009-12-24,32.23,32.53,32.23,32.40,100300,32.40
2009-12-23,32.10,32.37,32.01,32.12,360600,32.12
2009-12-22,32.10,32.14,31.62,32.07,553300,32.07
2009-12-21,32.49,32.50,31.82,31.90,552700,31.90
2009-12-18,33.03,33.31,31.43,32.42,2120900,32.42
2009-12-17,31.59,33.01,31.56,32.68,1032200,32.68
2009-12-16,33.09,33.53,33.07,33.36,551800,33.36
2009-12-15,33.44,33.44,32.99,33.09,809300,33.09
2009-12-14,33.06,33.65,32.82,33.61,778500,33.61
2009-12-11,32.75,33.00,32.44,32.99,799900,32.99
2009-12-10,32.28,32.51,31.92,32.51,1024000,32.51
2009-12-09,32.12,32.38,31.42,32.25,401000,32.25
2009-12-08,31.84,32.27,31.43,32.06,386100,32.06
2009-12-07,32.30,32.31,31.47,31.80,573000,31.80
2009-12-04,32.59,32.77,31.81,32.28,949400,32.28
2009-12-03,32.28,32.35,31.79,32.09,697200,32.09
2009-12-02,31.19,32.19,31.17,32.14,530900,32.14
2009-12-01,30.67,31.38,30.53,31.31,647500,31.31
2009-11-30,30.45,30.51,29.67,30.47,608900,30.47
2009-11-27,30.11,30.64,29.87,30.20,251500,30.20
2009-11-25,30.78,31.34,30.59,30.80,398300,30.80
2009-11-24,31.29,31.92,30.73,30.87,423300,30.87
2009-11-23,31.09,31.39,30.94,31.12,692300,31.12
2009-11-20,30.91,31.13,30.67,30.87,532100,30.87
2009-11-19,31.29,31.29,30.90,31.00,618300,31.00
2009-11-18,31.93,32.24,31.39,31.58,786600,31.58
2009-11-17,32.00,32.20,31.88,32.10,506500,32.10
2009-11-16,32.36,32.75,32.06,32.16,1112800,32.16
2009-11-13,32.19,32.43,31.87,32.23,583200,32.23
2009-11-12,32.55,32.77,31.95,31.99,567700,31.99
2009-11-11,32.76,32.94,32.11,32.65,908000,32.65
2009-11-10,33.40,33.41,31.93,32.40,2120000,32.40
2009-11-09,32.70,34.50,32.24,33.60,2483000,33.60
2009-11-06,31.05,32.71,31.01,32.23,3341200,32.23
2009-11-05,29.31,31.10,29.20,30.92,9041400,30.92
2009-11-04,30.56,30.82,30.18,30.26,1922900,30.26
2009-11-03,30.09,30.89,29.78,30.42,2418300,30.42
2009-11-02,30.26,30.66,30.01,30.17,2096000,30.17
2009-10-30,30.58,31.04,28.66,30.40,6809300,30.40
2009-10-29,29.11,29.35,28.66,29.23,847600,29.23
2009-10-28,29.55,29.59,28.79,28.82,1078300,28.82
2009-10-27,28.78,29.93,28.41,29.45,931400,29.45
2009-10-26,28.70,29.67,28.52,28.89,1209800,28.89
2009-10-23,28.55,29.06,28.23,28.48,547000,28.48
2009-10-22,28.11,28.51,27.37,28.49,593500,28.49
2009-10-21,27.90,28.44,27.73,27.97,581600,27.97
2009-10-20,28.25,28.79,27.42,27.77,403800,27.77
2009-10-19,27.94,28.75,27.78,28.44,575900,28.44
2009-10-16,28.09,28.25,27.42,28.03,1090300,28.03
2009-10-15,27.72,28.58,27.54,28.33,852800,28.33
2009-10-14,26.65,27.85,26.64,27.76,1075000,27.76
2009-10-13,26.60,26.77,26.31,26.50,423600,26.50
2009-10-12,27.21,27.21,26.35,26.54,255100,26.54
2009-10-09,26.59,27.10,26.56,26.92,333500,26.92
2009-10-08,26.15,26.70,26.14,26.47,673500,26.47
2009-10-07,26.02,26.32,25.43,25.98,901600,25.98
2009-10-06,27.31,27.46,26.05,26.20,1893900,26.20
2009-10-05,27.10,27.35,27.03,27.21,857100,27.21
2009-10-02,26.30,27.45,25.55,27.11,1539200,27.11
2009-10-01,26.65,27.95,26.10,27.14,3959900,27.14
2009-09-30,30.48,30.48,29.47,29.62,726400,29.62
2009-09-29,29.86,30.42,29.75,30.25,444600,30.25
2009-09-28,28.52,29.68,28.23,29.65,335000,29.65
2009-09-25,28.45,28.57,27.91,28.21,533000,28.21
2009-09-24,28.80,29.03,28.52,28.73,735900,28.73
2009-09-23,28.30,29.30,27.91,28.86,930500,28.86
2009-09-22,27.50,28.62,27.50,28.16,651600,28.16
2009-09-21,26.95,27.51,26.50,27.38,966700,27.38
2009-09-18,27.31,27.47,26.64,26.99,1392100,26.99
2009-09-17,27.63,27.93,27.30,27.30,580300,27.30
2009-09-16,27.92,28.13,27.40,27.84,904000,27.84
2009-09-15,28.88,29.17,27.71,27.99,661500,27.99
2009-09-14,28.85,29.17,28.73,29.05,353600,29.05
2009-09-11,29.51,29.57,28.96,29.17,286600,29.17
2009-09-10,29.66,29.91,29.13,29.30,296100,29.30
2009-09-09,29.79,29.87,29.34,29.87,395800,29.87
2009-09-08,29.25,29.74,29.00,29.71,470000,29.71
2009-09-04,28.12,28.94,27.99,28.94,239000,28.94
2009-09-03,28.17,28.34,27.47,28.34,314900,28.34
2009-09-02,28.41,28.54,27.82,27.93,585000,27.93
2009-09-01,29.18,29.81,28.55,28.59,759200,28.59
2009-08-31,29.54,29.54,28.86,29.42,911800,29.42
2009-08-28,30.49,30.49,29.50,29.67,829100,29.67
2009-08-27,30.60,30.62,29.97,30.04,249000,30.04
2009-08-26,30.04,30.60,29.71,30.55,499100,30.55
2009-08-25,30.21,30.22,29.68,30.12,265800,30.12
2009-08-24,29.66,30.37,29.50,30.21,750900,30.21
2009-08-21,29.52,29.96,29.33,29.58,704500,29.58
2009-08-20,28.98,29.63,28.95,29.50,530100,29.50
2009-08-19,28.76,29.11,28.49,28.97,373400,28.97
2009-08-18,27.84,29.09,27.84,28.88,474700,28.88
2009-08-17,28.60,28.75,27.72,27.75,771600,27.75
2009-08-14,28.69,28.91,28.25,28.50,1024500,28.50
2009-08-13,29.13,29.13,28.35,28.69,636200,28.69
2009-08-12,28.41,29.23,28.35,28.63,847700,28.63
2009-08-11,28.94,29.27,28.29,28.30,607700,28.30
2009-08-10,28.71,29.27,28.36,28.88,618100,28.88
2009-08-07,28.19,28.79,27.28,28.71,500000,28.71
2009-08-06,27.22,27.81,26.69,27.68,501200,27.68
2009-08-05,28.30,28.30,27.08,27.22,447800,27.22
2009-08-04,28.19,28.71,27.88,28.05,801700,28.05
2009-08-03,28.36,28.65,28.10,28.49,524800,28.49
2009-07-31,26.99,28.13,26.72,27.95,736700,27.95
2009-07-30,26.87,27.57,26.36,27.20,626600,27.20
2009-07-29,26.33,26.48,25.56,26.39,478700,26.39
2009-07-28,26.56,26.75,26.14,26.37,409200,26.37
2009-07-27,26.21,26.59,26.00,26.51,257100,26.51
2009-07-24,26.47,26.56,25.78,26.48,214000,26.48
2009-07-23,25.30,26.51,25.08,26.50,848300,26.50
2009-07-22,25.50,25.55,24.95,25.36,682500,25.36
2009-07-21,26.86,26.89,25.60,25.76,790800,25.76
2009-07-20,26.72,27.30,26.64,26.83,684800,26.83
2009-07-17,26.24,26.99,25.84,26.71,486100,26.71
2009-07-16,26.32,26.50,25.68,26.35,728100,26.35
2009-07-15,25.81,26.40,25.49,26.28,1276800,26.28
2009-07-14,25.79,25.81,25.37,25.57,572400,25.57
2009-07-13,25.15,25.73,24.73,25.73,704900,25.73
2009-07-10,24.21,25.19,24.20,25.03,1168200,25.03
2009-07-09,24.48,25.11,24.27,24.60,907400,24.60
2009-07-08,24.30,24.53,23.95,24.20,864300,24.20
2009-07-07,24.99,25.20,24.25,24.30,824700,24.30
2009-07-06,24.57,25.15,24.24,24.81,1052100,24.81
2009-07-02,24.64,25.12,23.79,24.74,1440400,24.74
2009-07-01,24.50,24.75,24.00,24.07,1700200,24.07
2009-06-30,24.37,24.69,24.11,24.44,1756000,24.44
2009-06-29,25.18,25.19,23.66,24.55,1487200,24.55
2009-06-26,24.80,25.64,24.44,24.87,3969700,24.87
2009-06-25,23.99,24.98,23.83,24.92,1158800,24.92
2009-06-24,23.42,24.21,23.14,24.00,1404500,24.00
2009-06-23,22.86,23.49,22.28,23.27,1035500,23.27
2009-06-22,23.68,23.72,22.72,22.74,937900,22.74
2009-06-19,24.00,24.00,23.44,23.83,892400,23.83
2009-06-18,23.26,24.09,23.09,24.00,847200,24.00
2009-06-17,22.80,23.66,22.73,23.40,1303200,23.40
2009-06-16,23.79,24.06,22.22,22.77,2728600,22.77
2009-06-15,23.70,23.93,23.18,23.55,1730100,23.55
2009-06-12,23.50,24.14,23.50,23.92,1574300,23.92
2009-06-11,23.26,24.00,22.97,23.95,1117700,23.95
2009-06-10,23.36,23.36,22.71,23.23,1428200,23.23
2009-06-09,22.36,23.50,22.36,23.25,1850800,23.25
2009-06-08,22.70,22.76,22.05,22.54,629100,22.54
2009-06-05,23.71,23.77,22.63,22.94,1713900,22.94
2009-06-04,22.80,24.56,22.63,23.77,2656100,23.77
2009-06-03,22.77,22.89,22.42,22.72,1193800,22.72
2009-06-02,22.49,23.23,22.33,23.15,1446800,23.15
2009-06-01,21.47,22.50,21.35,22.47,1922400,22.47
2009-05-29,20.90,21.39,20.50,21.27,1177400,21.27
2009-05-28,20.91,21.14,20.48,20.68,1046000,20.68
2009-05-27,21.66,21.88,20.31,20.51,2289600,20.51
2009-05-26,20.70,21.84,20.50,21.83,1909900,21.83
2009-05-22,20.92,21.12,20.15,20.70,1601200,20.70
2009-05-21,21.25,21.60,20.87,21.04,1895000,21.04
2009-05-20,21.60,21.95,21.08,21.30,3483700,21.30
2009-05-19,21.40,21.57,20.20,21.57,14323700,21.57
2009-05-18,23.54,23.82,23.01,23.48,886300,23.48
2009-05-15,22.52,23.34,22.52,23.10,795900,23.10
2009-05-14,21.99,22.76,21.61,22.66,564400,22.66
2009-05-13,22.77,23.25,21.61,21.95,806500,21.95
2009-05-12,23.85,23.85,22.94,23.27,633400,23.27
2009-05-11,23.39,24.08,23.10,23.59,659300,23.59
2009-05-08,22.57,23.64,22.27,23.64,668100,23.64
2009-05-07,23.06,23.11,22.05,22.24,651100,22.24
2009-05-06,22.59,23.05,22.34,22.74,803500,22.74
2009-05-05,22.07,22.64,21.89,22.53,554200,22.53
2009-05-04,22.08,22.36,21.28,22.30,708900,22.30
2009-05-01,21.44,21.90,21.07,21.80,642000,21.80
2009-04-30,20.85,21.38,20.43,20.99,796500,20.99
2009-04-29,19.84,20.61,19.57,20.51,625800,20.51
2009-04-28,19.81,20.00,19.54,19.57,934200,19.57
2009-04-27,20.24,20.45,20.01,20.14,720200,20.14
2009-04-24,20.21,20.78,20.00,20.40,832500,20.40
2009-04-23,20.80,20.80,19.40,20.42,1041000,20.42
2009-04-22,21.21,21.98,20.84,21.41,775400,21.41
2009-04-21,19.36,21.46,19.36,21.44,921300,21.44
2009-04-20,21.04,21.04,19.62,19.66,738500,19.66
2009-04-17,20.94,21.39,20.90,21.10,784300,21.10
2009-04-16,20.56,20.98,20.35,20.98,699000,20.98
2009-04-15,20.20,20.52,19.51,20.51,622000,20.51
2009-04-14,20.67,21.05,20.20,20.27,1087100,20.27
2009-04-13,20.74,20.83,20.37,20.71,772700,20.71
2009-04-09,20.20,20.98,20.01,20.93,1495600,20.93
2009-04-08,20.08,20.12,19.56,19.95,648700,19.95
2009-04-07,20.15,20.75,19.45,19.86,1103200,19.86
2009-04-06,19.84,20.35,19.76,20.26,869000,20.26
2009-04-03,19.83,20.00,18.99,19.96,958100,19.96
2009-04-02,17.20,20.21,17.20,19.17,1277100,19.17
2009-04-01,16.53,17.14,16.28,17.00,863000,17.00
2009-03-31,16.76,16.95,16.23,16.91,755900,16.91
2009-03-30,16.69,16.86,16.36,16.40,796800,16.40
2009-03-27,15.84,17.12,15.68,16.90,700700,16.90
2009-03-26,15.94,16.23,15.61,16.02,660600,16.02
2009-03-25,15.92,16.17,15.48,16.05,493600,16.05
2009-03-24,15.74,16.34,15.34,15.66,521400,15.66
2009-03-23,15.67,16.18,15.61,16.17,722400,16.17
2009-03-20,15.83,15.86,15.44,15.49,686200,15.49
2009-03-19,15.30,16.05,15.21,15.75,725400,15.75
2009-03-18,14.89,15.14,14.69,15.07,768900,15.07
2009-03-17,14.73,15.00,14.52,14.86,846000,14.86
2009-03-16,15.20,15.22,14.49,14.64,689100,14.64
2009-03-13,15.09,15.25,14.67,14.95,729200,14.95
2009-03-12,14.72,15.01,14.18,14.88,1327200,14.88
2009-03-11,14.45,15.07,14.11,14.80,1619800,14.80
2009-03-10,13.41,14.26,13.25,14.24,690700,14.24
2009-03-09,13.39,13.51,12.80,13.28,735000,13.28
2009-03-06,13.03,13.56,12.61,13.42,599000,13.42
2009-03-05,13.77,13.86,13.11,13.20,614800,13.20
2009-03-04,14.41,14.54,13.59,13.76,1169700,13.76
2009-03-03,14.67,14.71,13.70,14.09,776400,14.09
2009-03-02,15.48,15.68,14.48,14.49,692000,14.49
2009-02-27,15.81,16.35,15.65,15.76,711400,15.76
2009-02-26,15.78,16.51,15.34,16.11,704100,16.11
2009-02-25,16.80,16.87,15.40,15.56,856200,15.56
2009-02-24,16.32,16.84,15.98,16.84,656700,16.84
2009-02-23,16.47,16.78,16.02,16.22,615400,16.22
2009-02-20,15.79,16.80,15.79,16.63,561600,16.63
2009-02-19,16.15,16.59,16.03,16.15,405000,16.15
2009-02-18,16.62,16.85,16.08,16.26,560800,16.26
2009-02-17,17.70,17.70,16.28,16.69,948800,16.69
2009-02-13,17.80,18.71,17.80,17.96,564800,17.96
2009-02-12,17.26,17.86,17.00,17.69,373000,17.69
2009-02-11,17.22,17.43,17.00,17.27,380800,17.27
2009-02-10,17.36,17.91,17.00,17.00,596900,17.00
2009-02-09,17.31,17.91,17.10,17.40,843600,17.40
2009-02-06,18.09,18.59,16.08,17.10,3295700,17.10
2009-02-05,17.07,18.21,17.00,18.19,393500,18.19
2009-02-04,17.69,17.75,17.11,17.26,313900,17.26
2009-02-03,18.18,18.20,17.27,17.57,634500,17.57
2009-02-02,17.45,18.23,16.86,18.18,272200,18.18
2009-01-30,17.40,17.78,17.06,17.36,314300,17.36
2009-01-29,18.19,18.38,17.45,17.49,446900,17.49
2009-01-28,17.59,18.45,17.31,18.44,436500,18.44
2009-01-27,17.09,17.48,16.81,17.22,417500,17.22
2009-01-26,16.97,17.66,16.74,17.23,263500,17.23
2009-01-23,16.48,16.82,16.23,16.75,353100,16.75
2009-01-22,17.04,17.51,16.59,16.77,393900,16.77
2009-01-21,16.44,17.70,16.19,17.68,783800,17.68
2009-01-20,16.81,17.24,16.26,16.33,777600,16.33
2009-01-16,16.92,17.19,16.42,16.98,522400,16.98
2009-01-15,16.24,17.05,16.06,16.74,573600,16.74
2009-01-14,16.21,16.61,15.94,16.19,858100,16.19
2009-01-13,15.16,16.60,15.16,16.21,1183100,16.21
2009-01-12,15.92,16.35,15.45,15.62,785200,15.62
2009-01-09,17.40,18.39,15.45,16.62,2360300,16.62
2009-01-08,17.54,18.71,17.19,18.43,1173000,18.43
2009-01-07,17.06,17.56,16.65,17.50,819600,17.50
2009-01-06,16.98,17.50,16.52,17.46,495400,17.46
2009-01-05,18.50,18.50,16.60,16.62,537600,16.62
2009-01-02,17.92,18.81,17.44,18.65,344100,18.65
2008-12-31,17.16,18.00,16.93,17.76,443500,17.76
2008-12-30,16.94,17.18,16.54,16.96,410300,16.96
2008-12-29,16.98,17.21,16.48,17.03,527800,17.03
2008-12-26,16.11,17.21,15.96,17.10,200300,17.10
2008-12-24,15.67,16.14,15.42,16.11,194000,16.11
2008-12-23,15.68,16.42,15.19,15.68,1996000,15.68
2008-12-22,16.48,16.51,15.37,15.69,393900,15.69
2008-12-19,16.70,17.33,16.33,16.50,522700,16.50
2008-12-18,16.58,17.19,16.32,16.67,365300,16.67
2008-12-17,15.66,17.11,15.50,16.50,358100,16.50
2008-12-16,15.93,16.19,15.48,16.00,378600,16.00
2008-12-15,16.36,16.57,15.24,15.59,395700,15.59
2008-12-12,14.93,16.58,14.93,16.41,413100,16.41
2008-12-11,16.56,16.64,15.18,15.50,461000,15.50
2008-12-10,16.15,16.93,15.85,16.77,378800,16.77
2008-12-09,16.65,16.74,15.73,16.13,601600,16.13
2008-12-08,16.35,17.27,16.35,16.72,446700,16.72
2008-12-05,14.59,16.24,14.40,16.02,342400,16.02
2008-12-04,15.58,16.07,14.82,14.94,413900,14.94
2008-12-03,14.80,15.90,14.20,15.81,335600,15.81
2008-12-02,15.07,15.56,14.44,14.86,789000,14.86
2008-12-01,14.84,15.60,14.34,14.69,670600,14.69
2008-11-28,15.50,16.11,14.91,15.43,101100,15.43
2008-11-26,14.06,16.14,13.41,15.72,863900,15.72
2008-11-25,14.33,14.34,13.54,14.26,412800,14.26
2008-11-24,13.06,13.80,12.71,13.61,584100,13.61
2008-11-21,12.20,12.90,11.43,12.60,511200,12.60
2008-11-20,11.86,12.78,11.06,11.88,875700,11.88
2008-11-19,12.29,12.91,12.06,12.11,566100,12.11
2008-11-18,13.07,13.07,12.27,12.47,473200,12.47
2008-11-17,13.75,13.90,12.85,12.92,525700,12.92
2008-11-14,13.85,14.67,13.11,13.95,843700,13.95
2008-11-13,13.10,14.21,12.91,14.17,994200,14.17
2008-11-12,13.38,13.72,12.76,13.09,563000,13.09
2008-11-11,14.73,15.15,13.49,13.80,474500,13.80
2008-11-10,15.33,15.46,14.70,14.76,417000,14.76
2008-11-07,14.90,15.35,14.54,15.15,330400,15.15
2008-11-06,16.22,16.50,14.69,14.84,485500,14.84
2008-11-05,16.71,17.00,16.19,16.50,547900,16.50
2008-11-04,17.36,17.36,16.90,17.09,1513200,17.09
2008-11-03,17.14,17.50,16.82,16.90,557200,16.90
2008-10-31,16.77,17.35,16.46,17.24,702600,17.24
2008-10-30,16.17,17.28,16.17,17.00,667200,17.00
2008-10-29,14.78,16.43,14.26,16.01,1973500,16.01
2008-10-28,14.88,15.09,14.16,14.55,914300,14.55
2008-10-27,15.26,15.98,14.34,14.36,853800,14.36
2008-10-24,15.38,16.05,15.07,15.29,638500,15.29
2008-10-23,16.98,16.98,15.57,16.42,1036700,16.42
2008-10-22,17.57,18.39,16.65,17.16,957100,17.16
2008-10-21,19.49,19.49,18.33,18.60,645300,18.60
2008-10-20,19.43,19.43,18.62,19.12,706900,19.12
2008-10-17,18.09,19.66,17.60,19.02,1413600,19.02
2008-10-16,18.50,18.57,16.85,18.14,998000,18.14
2008-10-15,19.36,19.58,18.00,18.50,1690300,18.50
2008-10-14,19.74,19.96,18.85,19.79,681400,19.79
2008-10-13,17.94,19.81,17.75,19.50,161400,19.50
2008-10-10,17.91,18.47,16.56,17.20,1107600,17.20
2008-10-09,19.64,20.00,17.97,18.00,954200,18.00
2008-10-08,18.60,19.92,18.03,19.51,836100,19.51
2008-10-07,21.84,21.84,18.72,18.72,824400,18.72
2008-10-06,21.70,22.02,19.84,21.31,1203100,21.31
2008-10-03,22.15,23.34,22.15,22.47,1045900,22.47
2008-10-02,23.70,23.70,21.50,21.93,1308200,21.93
2008-10-01,23.80,23.80,21.44,22.10,882300,22.10
2008-09-30,22.75,24.00,22.18,24.00,980800,24.00
2008-09-29,23.61,24.07,22.12,22.65,661600,22.65
2008-09-26,23.93,25.03,23.30,24.65,477100,24.65
2008-09-25,24.22,24.92,23.95,24.86,289400,24.86
2008-09-24,24.78,24.95,23.39,24.31,309800,24.31
2008-09-23,25.25,25.89,24.43,24.88,560300,24.88
2008-09-22,26.21,26.50,24.81,24.92,587500,24.92
2008-09-19,27.05,28.50,22.64,25.77,3375200,25.77
2008-09-18,20.01,22.97,19.92,22.46,3882200,22.46
2008-09-17,23.11,23.11,19.75,20.02,2258300,20.02
2008-09-16,24.49,24.85,22.00,23.11,995600,23.11
2008-09-15,25.56,25.64,24.38,24.50,1303800,24.50
2008-09-12,25.38,26.63,25.15,26.29,920800,26.29
2008-09-11,25.81,25.81,23.86,25.31,2292600,25.31
2008-09-10,27.30,27.50,25.85,26.10,351300,26.10
2008-09-09,27.38,28.07,27.21,27.30,981000,27.30
2008-09-08,27.50,28.15,27.42,27.59,861500,27.59
2008-09-05,26.17,26.78,25.40,26.76,1117500,26.76
2008-09-04,28.25,28.59,26.15,26.55,1713500,26.55
2008-09-03,29.53,29.63,28.44,28.69,419000,28.69
2008-09-02,29.82,30.01,29.36,29.62,444900,29.62
2008-08-29,29.79,29.90,28.95,29.85,187000,29.85
2008-08-28,29.82,30.06,29.26,29.85,742100,29.85
2008-08-27,29.87,30.06,28.79,30.06,336600,30.06
2008-08-26,29.87,30.10,29.46,29.87,177000,29.87
2008-08-25,30.84,31.09,29.43,29.65,397800,29.65
2008-08-22,30.40,31.25,30.22,31.09,281800,31.09
2008-08-21,30.50,30.60,29.50,30.08,268700,30.08
2008-08-20,30.39,31.19,29.69,30.91,273100,30.91
2008-08-19,30.63,30.82,30.13,30.49,343000,30.49
2008-08-18,31.18,31.50,30.73,30.97,416700,30.97
2008-08-15,30.53,31.27,30.36,31.11,277700,31.11
2008-08-14,29.70,30.63,29.45,30.50,497500,30.50
2008-08-13,30.05,30.15,29.55,29.78,567100,29.78
2008-08-12,30.90,31.41,29.66,30.08,272100,30.08
2008-08-11,29.90,30.96,29.50,30.63,226700,30.63
2008-08-08,29.21,30.31,28.05,30.23,494000,30.23
2008-08-07,30.39,30.39,29.45,29.64,199900,29.64
2008-08-06,30.58,30.58,29.47,30.27,334600,30.27
2008-08-05,30.54,30.89,30.15,30.41,400800,30.41
2008-08-04,30.54,31.32,30.20,30.40,747100,30.40
2008-08-01,29.91,30.63,29.44,30.32,704100,30.32
2008-07-31,31.96,31.96,29.42,29.75,1035500,29.75
2008-07-30,33.00,33.00,31.78,32.19,464700,32.19
2008-07-29,32.26,33.10,31.72,32.66,345800,32.66
2008-07-28,33.37,33.38,30.22,32.45,429000,32.45
2008-07-25,33.20,33.95,32.48,33.59,849300,33.59
2008-07-24,33.50,33.50,32.78,33.15,459300,33.15
2008-07-23,32.93,33.39,32.41,33.20,1288200,33.20
2008-07-22,31.88,32.89,31.80,32.89,730200,32.89
2008-07-21,31.99,32.54,31.81,32.36,1003600,32.36
2008-07-18,31.50,32.05,31.19,32.01,962200,32.01
2008-07-17,32.05,32.05,31.06,31.25,1293200,31.25
2008-07-16,31.75,31.79,30.70,31.75,4311300,31.75
2008-07-15,32.52,33.45,31.48,32.16,884800,32.16
2008-07-14,32.69,33.08,32.39,32.97,387000,32.97
2008-07-11,33.21,33.47,32.03,32.74,683400,32.74
2008-07-10,32.66,32.79,31.71,32.65,314700,32.65
2008-07-09,31.24,32.43,31.00,32.13,468000,32.13
2008-07-08,31.00,32.04,30.86,31.25,994800,31.25
2008-07-07,32.90,32.90,31.75,32.27,351200,32.27
2008-07-03,32.18,33.25,31.77,32.81,278500,32.81
2008-07-02,29.88,32.85,29.33,31.95,1265800,31.95
2008-07-01,35.48,35.58,32.85,33.86,802100,33.86
2008-06-30,36.15,37.21,35.43,36.29,184600,36.29
2008-06-27,35.80,36.89,35.00,36.15,2008700,36.15
2008-06-26,36.87,36.87,35.33,35.99,245000,35.99
2008-06-25,36.87,38.05,36.80,37.59,151400,37.59
2008-06-24,36.83,37.46,36.71,36.87,323800,36.87
2008-06-23,36.57,38.00,36.00,37.12,569500,37.12
2008-06-20,36.06,36.77,35.93,36.55,339700,36.55
2008-06-19,36.42,36.61,35.81,36.12,260300,36.12
2008-06-18,34.63,35.69,34.38,35.55,437200,35.55
2008-06-17,35.42,36.26,34.94,36.17,242700,36.17
2008-06-16,35.55,35.69,34.15,35.01,273800,35.01
2008-06-13,35.45,36.09,35.03,35.74,344200,35.74
2008-06-12,34.31,35.96,34.31,34.85,217300,34.85
2008-06-11,35.76,36.00,33.85,33.99,130500,33.99
2008-06-10,35.39,35.93,34.41,35.86,193400,35.86
2008-06-09,36.22,36.99,34.73,35.76,375100,35.76
2008-06-06,37.58,37.60,36.40,36.45,197000,36.45
2008-06-05,35.55,37.35,35.45,37.25,403200,37.25
2008-06-04,35.75,36.24,35.44,35.75,338900,35.75
2008-06-03,36.00,36.35,35.46,36.01,355100,36.01
2008-06-02,34.85,36.65,33.90,35.79,450400,35.79
2008-05-30,35.58,36.27,35.26,35.55,797600,35.55
2008-05-29,36.95,36.95,34.97,35.22,912600,35.22
2008-05-28,36.28,37.75,36.02,37.34,1035900,37.34
2008-05-27,34.68,36.41,34.56,35.92,645600,35.92
2008-05-23,32.86,34.59,32.76,34.53,489800,34.53
2008-05-22,32.18,33.22,32.00,33.05,345600,33.05
2008-05-21,32.57,32.76,31.14,32.13,329600,32.13
2008-05-20,33.01,33.22,31.69,33.00,479900,33.00
2008-05-19,32.65,33.29,32.61,33.22,244100,33.22
2008-05-16,33.17,33.30,32.38,33.02,231700,33.02
2008-05-15,32.52,33.80,32.10,33.65,246600,33.65
2008-05-14,32.23,32.60,31.56,32.52,224800,32.52
2008-05-13,32.25,32.55,31.75,32.37,211100,32.37
2008-05-12,32.23,32.50,31.90,32.50,200000,32.50
2008-05-09,31.70,32.25,31.47,32.13,177700,32.13
2008-05-08,32.00,32.25,30.25,32.09,163900,32.09
2008-05-07,31.52,32.15,30.74,32.13,770300,32.13
2008-05-06,32.04,32.20,31.62,31.93,292900,31.93
2008-05-05,32.27,32.27,31.11,31.61,393700,31.61
2008-05-02,32.68,32.83,31.35,31.74,358300,31.74
2008-05-01,31.01,33.20,29.20,32.60,876200,32.60
2008-04-30,30.39,31.23,30.00,31.02,775200,31.02
2008-04-29,29.49,31.00,29.35,30.17,5734000,30.17
2008-04-28,28.00,29.30,27.76,29.13,599200,29.13
2008-04-25,29.00,29.37,28.29,28.37,269800,28.37
2008-04-24,29.43,29.45,28.85,29.38,161600,29.38
2008-04-23,28.52,29.90,27.91,29.46,253800,29.46
2008-04-22,28.26,28.62,27.61,28.60,313800,28.60
2008-04-21,28.80,28.96,28.01,28.49,288800,28.49
2008-04-18,28.83,29.42,28.10,28.73,200000,28.73
2008-04-17,28.02,28.77,27.44,28.55,138900,28.55
2008-04-16,27.41,28.43,26.50,28.05,161000,28.05
2008-04-15,27.91,28.13,26.76,27.17,84500,27.17
2008-04-14,27.80,28.29,27.41,27.72,151000,27.72
2008-04-11,28.00,28.99,27.13,27.93,173800,27.93
2008-04-10,30.14,30.14,27.57,28.49,159500,28.49
2008-04-09,28.95,29.38,24.65,27.98,835100,27.98
2008-04-08,31.28,31.99,30.17,30.79,163300,30.79
2008-04-07,32.82,32.82,31.15,31.41,47000,31.41
2008-04-04,31.81,33.64,31.67,32.78,57700,32.78
2008-04-03,31.60,32.94,30.70,32.03,108400,32.03
2008-04-02,31.00,32.25,29.68,31.77,128100,31.77
2008-04-01,29.82,31.51,29.66,30.89,116300,30.89
2008-03-31,30.91,30.91,28.07,29.75,230600,29.75
2008-03-28,29.60,31.50,29.38,31.25,137600,31.25
2008-03-27,29.70,30.85,29.33,29.70,173700,29.70
2008-03-26,30.49,30.79,29.40,29.41,242400,29.41
2008-03-25,29.74,30.90,28.62,30.39,163400,30.39
2008-03-24,28.36,30.91,28.22,30.07,219600,30.07
2008-03-20,26.44,28.21,25.90,28.21,171400,28.21
2008-03-19,26.62,27.75,25.90,26.69,275700,26.69
2008-03-18,25.78,27.54,23.73,27.00,563900,27.00
2008-03-17,26.33,26.54,23.29,23.57,367900,23.57
2008-03-14,29.94,29.94,26.25,26.86,306100,26.86
2008-03-13,29.60,30.36,28.76,29.94,176700,29.94
2008-03-12,30.06,31.00,29.60,29.83,194800,29.83
2008-03-11,27.49,30.34,27.25,30.29,166300,30.29
2008-03-10,28.39,28.39,26.84,27.01,85800,27.01
2008-03-07,29.76,30.21,26.47,28.26,268800,28.26
2008-03-06,31.64,31.84,29.56,29.86,214800,29.86
2008-03-05,29.92,32.10,29.72,31.65,221400,31.65
2008-03-04,27.82,29.87,27.19,29.36,177400,29.36
2008-03-03,29.50,30.35,28.29,29.07,188100,29.07
2008-02-29,32.36,32.36,29.33,29.73,216900,29.73
2008-02-28,32.55,32.55,29.18,31.09,344100,31.09
2008-02-27,33.75,34.29,31.32,32.00,220300,32.00
2008-02-26,33.34,35.36,32.62,33.92,186100,33.92
2008-02-25,33.75,34.17,32.85,33.09,158500,33.09
2008-02-22,33.50,34.15,32.48,33.73,123500,33.73
2008-02-21,32.30,33.99,31.60,33.60,207100,33.60
2008-02-20,31.84,34.34,30.94,32.21,181300,32.21
2008-02-19,31.70,32.44,30.36,32.10,183500,32.10
2008-02-15,33.28,33.32,30.33,31.74,142700,31.74
2008-02-14,33.59,33.80,32.15,33.28,103100,33.28
2008-02-13,31.20,33.87,31.20,33.83,114200,33.83
2008-02-12,31.25,31.94,30.43,31.30,147800,31.30
2008-02-11,31.35,31.95,31.00,31.43,94600,31.43
2008-02-08,30.15,31.33,30.14,31.33,103400,31.33
2008-02-07,31.40,32.00,29.52,29.71,128000,29.71
2008-02-06,32.70,32.72,31.09,31.37,146000,31.37
2008-02-05,33.48,33.48,31.98,32.87,109100,32.87
2008-02-04,34.60,34.90,33.00,33.48,75300,33.48
2008-02-01,32.97,35.97,32.40,34.60,134600,34.60
2008-01-31,32.50,33.00,32.10,32.97,114800,32.97
2008-01-30,32.77,33.00,31.00,32.70,117300,32.70
2008-01-29,32.67,33.46,32.35,32.78,142600,32.78
2008-01-28,31.30,34.00,30.03,33.06,222500,33.06
2008-01-25,32.40,32.58,31.13,31.78,148700,31.78
2008-01-24,30.78,33.00,30.24,32.17,305000,32.17
2008-01-23,28.98,32.47,28.38,31.16,193100,31.16
2008-01-22,28.15,29.20,27.33,28.90,193000,28.90
2008-01-18,29.71,29.75,29.00,29.32,238900,29.32
2008-01-17,29.45,29.45,28.65,28.99,122400,28.99
2008-01-16,30.76,30.76,28.50,29.30,123700,29.30
2008-01-15,30.50,30.93,29.72,30.71,74200,30.71
2008-01-14,30.10,30.50,29.75,30.50,198300,30.50
2008-01-11,29.42,32.77,29.21,30.43,121900,30.43
2008-01-10,29.30,31.40,26.80,29.64,531500,29.64
2008-01-09,27.30,29.75,24.74,27.76,383400,27.76
2008-01-08,28.00,28.15,26.01,26.63,183900,26.63
2008-01-07,29.75,29.75,27.75,28.14,383000,28.14
2008-01-04,28.74,31.00,28.11,30.15,354100,30.15
2008-01-03,33.85,33.85,30.56,30.79,395900,30.79
2008-01-02,37.82,37.95,33.12,33.85,442900,33.85
2007-12-31,37.45,38.40,36.00,38.40,136200,38.40
2007-12-28,36.45,38.27,36.00,37.32,165900,37.32
2007-12-27,34.35,37.19,33.80,36.55,194600,36.55
2007-12-26,33.92,36.00,33.80,34.35,228300,34.35
2007-12-24,33.60,34.40,32.55,33.92,142000,33.92
2007-12-21,29.50,34.33,29.40,33.72,498600,33.72
2007-12-20,28.95,29.01,28.89,28.89,197800,28.89
2007-12-19,28.56,29.35,28.56,28.95,197600,28.95
2007-12-18,28.00,28.80,28.00,28.50,132400,28.50
2007-12-17,27.94,29.06,27.67,27.98,128600,27.98
2007-12-14,28.83,28.94,28.33,28.72,118200,28.72
2007-12-13,27.93,29.00,27.93,28.94,78000,28.94
2007-12-12,29.36,29.36,28.30,28.48,64700,28.48
2007-12-11,28.99,29.40,28.25,29.00,236200,29.00
2007-12-10,28.59,29.95,28.59,29.00,177900,29.00
2007-12-07,29.06,29.10,28.50,28.88,82500,28.88
2007-12-06,29.00,29.42,28.44,28.91,97700,28.91
2007-12-05,32.68,32.68,28.89,29.28,207200,29.28
2007-12-04,27.71,29.75,27.24,29.35,387400,29.35
2007-12-03,27.70,28.20,27.40,27.97,83600,27.97
2007-11-30,27.60,28.70,27.10,27.65,524000,27.65
2007-11-29,26.61,27.99,26.60,27.30,110600,27.30
2007-11-28,27.12,27.62,26.68,27.30,273600,27.30
2007-11-27,28.23,28.75,26.28,26.98,305800,26.98
2007-11-26,27.99,29.49,27.53,27.80,438300,27.80
2007-11-23,27.30,28.33,26.82,27.40,100700,27.40
2007-11-21,27.00,27.13,25.94,26.65,167500,26.65
2007-11-20,25.42,29.21,25.26,27.32,522200,27.32
2007-11-19,24.71,25.75,24.53,25.75,469500,25.75
2007-11-16,25.98,25.98,23.60,24.96,871800,24.96
2007-11-15,23.00,28.45,22.06,26.10,7526000,26.10
