Date,Open,High,Low,Close,Volume,Adj Close
2012-05-04,7.13,7.19,7.04,7.04,1254800,7.04
2012-05-03,7.24,7.25,7.13,7.16,873700,7.16
2012-05-02,7.13,7.25,7.12,7.24,1043100,7.24
2012-05-01,7.29,7.31,7.16,7.16,1572300,7.16
2012-04-30,7.32,7.34,7.22,7.25,1065600,7.25
2012-04-27,7.40,7.40,7.28,7.35,1126900,7.35
2012-04-26,7.32,7.41,7.30,7.36,938500,7.36
2012-04-25,7.31,7.42,7.27,7.35,1071000,7.35
2012-04-24,7.11,7.25,7.10,7.24,1128000,7.24
2012-04-23,7.10,7.17,7.01,7.13,1421300,7.13
2012-04-20,7.28,7.28,7.19,7.19,1483900,7.19
2012-04-19,7.25,7.27,7.10,7.20,1499800,7.20
2012-04-18,7.25,7.27,7.15,7.24,1093400,7.24
2012-04-17,7.22,7.34,7.20,7.32,1226200,7.32
2012-04-16,7.16,7.21,7.08,7.15,1214500,7.15
2012-04-13,7.29,7.34,7.12,7.14,952700,7.14
2012-04-12,7.17,7.36,7.17,7.33,1553300,7.33
2012-04-11,7.28,7.30,7.10,7.17,1318300,7.17
2012-04-10,7.39,7.55,7.15,7.16,2602700,7.16
2012-04-09,7.17,7.29,7.10,7.28,2894500,7.28
2012-04-05,7.32,7.39,7.26,7.30,1238600,7.30
2012-04-04,7.41,7.46,7.32,7.34,2382100,7.34
2012-04-03,7.52,7.56,7.42,7.50,3797500,7.50
2012-04-02,7.24,7.65,7.22,7.44,5570700,7.44
2012-03-30,7.13,7.25,7.06,7.17,2519800,7.17
2012-03-29,7.02,7.12,6.99,7.11,3930500,7.11
2012-03-28,6.90,6.95,6.83,6.94,1353600,6.94
2012-03-27,6.95,6.98,6.91,6.92,1575800,6.92
2012-03-26,6.93,7.00,6.87,6.96,1144200,6.96
2012-03-23,6.89,6.92,6.80,6.87,992600,6.87
2012-03-22,6.91,6.94,6.81,6.84,1842500,6.84
2012-03-21,7.02,7.04,6.95,6.97,957100,6.97
2012-03-20,7.01,7.07,6.99,7.01,1125700,7.01
2012-03-19,7.07,7.10,7.03,7.04,1626200,7.04
2012-03-16,7.14,7.16,7.06,7.07,3755200,7.07
2012-03-15,7.12,7.15,7.03,7.14,1645200,7.14
2012-03-14,7.05,7.15,7.04,7.13,1263600,7.13
2012-03-13,7.09,7.17,7.02,7.17,1552400,7.17
2012-03-12,7.00,7.10,6.99,7.03,2026000,7.03
2012-03-09,7.06,7.15,7.02,7.08,1389700,7.08
2012-03-08,7.11,7.14,7.02,7.06,1310100,7.06
2012-03-07,6.82,7.10,6.81,7.08,1820400,7.08
2012-03-06,6.98,7.04,6.80,6.81,2563900,6.81
2012-03-05,7.01,7.07,7.00,7.06,1359400,7.06
2012-03-02,7.09,7.14,7.00,7.06,1846300,7.06
2012-03-01,7.08,7.16,7.04,7.10,1443900,7.10
2012-02-29,7.13,7.23,7.02,7.02,1955900,7.02
2012-02-28,7.11,7.19,7.08,7.13,983600,7.13
2012-02-27,7.09,7.16,7.03,7.11,808700,7.11
2012-02-24,7.21,7.21,7.10,7.11,1000800,7.11
2012-02-23,7.06,7.23,7.05,7.23,1535600,7.23
2012-02-22,7.15,7.19,7.06,7.07,1052600,7.07
2012-02-21,7.17,7.21,7.09,7.15,1747100,7.15
2012-02-17,7.20,7.21,7.14,7.20,1216200,7.20
2012-02-16,7.06,7.20,7.04,7.19,2041300,7.19
2012-02-15,7.03,7.17,7.02,7.09,3812200,7.09
2012-02-14,7.27,7.28,7.14,7.19,4143000,6.99
2012-02-13,7.10,7.22,7.05,7.21,3305700,7.01
2012-02-10,7.04,7.08,6.95,7.03,3572700,6.83
2012-02-09,7.03,7.15,6.93,7.05,5042400,6.85
2012-02-08,7.38,7.60,6.73,7.11,12421800,6.91
2012-02-07,7.92,8.03,7.90,7.94,1563400,7.72
2012-02-06,7.98,8.00,7.88,7.96,1108100,7.74
2012-02-03,7.91,8.07,7.86,8.00,1973900,7.78
2012-02-02,7.89,7.90,7.75,7.81,2084900,7.59
2012-02-01,7.76,7.90,7.73,7.88,2467000,7.66
2012-01-31,7.57,7.74,7.50,7.71,2667900,7.50
2012-01-30,7.44,7.57,7.35,7.50,3440700,7.29
2012-01-27,7.51,7.60,7.47,7.53,1874800,7.32
2012-01-26,7.80,7.86,7.44,7.53,2698900,7.32
2012-01-25,7.51,7.78,7.51,7.76,1966200,7.54
2012-01-24,7.41,7.55,7.30,7.52,1168700,7.31
2012-01-23,7.62,7.64,7.45,7.50,1533000,7.29
2012-01-20,7.51,7.63,7.51,7.59,1777200,7.38
2012-01-19,7.44,7.54,7.37,7.53,1878300,7.32
2012-01-18,7.20,7.44,7.13,7.44,2784500,7.23
2012-01-17,7.19,7.25,7.07,7.18,2982800,6.98
2012-01-13,7.02,7.09,7.00,7.07,1174900,6.87
2012-01-12,7.08,7.10,7.00,7.07,1778700,6.87
2012-01-11,6.99,7.08,6.97,7.06,1124700,6.86
2012-01-10,6.91,7.04,6.90,7.04,1678100,6.84
2012-01-09,6.89,6.91,6.82,6.84,1897300,6.65
2012-01-06,6.86,6.92,6.78,6.86,1780300,6.67
2012-01-05,6.64,6.95,6.61,6.86,2865600,6.67
2012-01-04,6.73,6.78,6.61,6.67,1887200,6.48
2012-01-03,6.64,6.81,6.51,6.70,1437300,6.51
2011-12-30,6.46,6.53,6.40,6.44,1537100,6.26
2011-12-29,6.50,6.60,6.43,6.48,1348500,6.30
2011-12-28,6.54,6.56,6.42,6.45,2073100,6.27
2011-12-27,6.55,6.63,6.50,6.54,1216600,6.36
2011-12-23,6.56,6.61,6.50,6.58,1060900,6.40
2011-12-22,6.45,6.61,6.40,6.55,1595100,6.37
2011-12-21,6.33,6.47,6.25,6.42,1643600,6.24
2011-12-20,6.12,6.39,6.09,6.35,3246600,6.17
2011-12-19,6.24,6.29,5.97,5.99,4272600,5.82
2011-12-16,6.34,6.44,6.20,6.22,5357000,6.05
2011-12-15,6.36,6.40,6.27,6.30,2695200,6.12
2011-12-14,6.42,6.48,6.24,6.29,3235100,6.12
2011-12-13,6.70,6.75,6.42,6.48,2847800,6.30
2011-12-12,7.02,7.06,6.81,6.86,4092300,6.40
2011-12-09,7.04,7.11,7.00,7.07,2583000,6.59
2011-12-08,7.31,7.31,6.95,6.95,3578600,6.48
2011-12-07,7.22,7.41,7.15,7.38,1834100,6.88
2011-12-06,7.26,7.32,7.20,7.25,1510700,6.76
2011-12-05,7.31,7.35,7.19,7.25,1950100,6.76
2011-12-02,7.26,7.41,7.16,7.18,2155200,6.70
2011-12-01,7.17,7.28,7.10,7.19,1628900,6.70
2011-11-30,7.11,7.22,7.01,7.21,3758000,6.72
2011-11-29,6.98,6.99,6.80,6.80,1352300,6.34
2011-11-28,6.90,7.04,6.87,6.94,1948300,6.47
2011-11-25,6.86,6.92,6.63,6.66,1190100,6.21
2011-11-23,7.05,7.11,6.81,6.82,2392000,6.36
2011-11-22,7.13,7.22,7.03,7.10,1362400,6.62
2011-11-21,7.21,7.24,7.05,7.12,1700200,6.64
2011-11-18,7.25,7.38,7.18,7.34,1984500,6.84
2011-11-17,7.40,7.46,7.18,7.22,2249400,6.73
2011-11-16,7.42,7.61,7.37,7.39,1737900,6.89
2011-11-15,7.54,7.62,7.41,7.52,1447300,7.01
2011-11-14,7.58,7.60,7.48,7.56,1524300,7.05
2011-11-11,7.83,7.84,7.59,7.63,2314300,7.11
2011-11-10,7.56,7.75,7.51,7.73,2272000,7.21
2011-11-09,7.78,7.82,7.50,7.50,3068200,6.99
2011-11-08,7.95,8.04,7.80,7.93,2804100,7.39
2011-11-07,8.03,8.25,7.81,7.89,3791100,7.36
2011-11-04,8.00,8.18,7.79,8.12,4143000,7.57
2011-11-03,8.20,8.44,7.88,8.41,2322200,7.84
2011-11-02,7.98,8.10,7.83,8.01,1900100,7.47
2011-11-01,7.97,8.05,7.76,7.80,3368300,7.27
2011-10-31,8.46,8.55,8.28,8.28,1603800,7.72
2011-10-28,8.55,8.61,8.47,8.55,2240500,7.97
2011-10-27,8.24,8.59,8.14,8.52,3830400,7.94
2011-10-26,7.91,7.95,7.75,7.91,2465200,7.38
2011-10-25,7.96,7.97,7.73,7.75,3961500,7.23
2011-10-24,7.75,7.98,7.71,7.97,2353500,7.43
2011-10-21,7.84,7.90,7.64,7.83,2858400,7.30
2011-10-20,7.76,7.86,7.58,7.71,2491200,7.19
2011-10-19,7.98,8.06,7.71,7.74,2254000,7.22
2011-10-18,7.75,8.04,7.69,7.98,2561100,7.44
2011-10-17,8.00,8.04,7.67,7.70,1682200,7.18
2011-10-14,8.00,8.08,7.86,8.03,1598400,7.49
2011-10-13,7.82,7.92,7.65,7.90,1855000,7.37
2011-10-12,7.85,7.97,7.82,7.89,2048500,7.36
2011-10-11,7.81,7.89,7.65,7.74,2268700,7.22
2011-10-10,7.66,7.92,7.61,7.91,2442400,7.38
2011-10-07,7.74,7.74,7.36,7.47,2085200,6.97
2011-10-06,7.56,7.73,7.31,7.65,2381100,7.13
2011-10-05,7.54,7.69,7.33,7.45,2682500,6.95
2011-10-04,7.06,7.57,6.80,7.54,4355500,7.03
2011-10-03,7.48,7.66,7.09,7.10,2969300,6.62
2011-09-30,7.80,7.92,7.51,7.52,2192500,7.01
2011-09-29,7.67,7.98,7.54,7.98,2561500,7.44
2011-09-28,7.92,7.95,7.44,7.44,1706200,6.94
2011-09-27,7.95,8.12,7.81,7.89,3092200,7.36
2011-09-26,7.65,7.75,7.40,7.75,3581000,7.23
2011-09-23,7.49,7.59,7.35,7.55,2183200,7.04
2011-09-22,7.30,7.59,7.17,7.49,4202700,6.98
2011-09-21,7.90,7.97,7.51,7.51,2730600,7.00
2011-09-20,8.12,8.13,7.89,7.89,2454400,7.36
2011-09-19,8.19,8.27,7.98,8.07,3467600,7.53
2011-09-16,8.63,8.68,8.29,8.37,2723100,7.81
2011-09-15,8.50,8.60,8.40,8.59,1340200,8.01
2011-09-14,8.56,8.58,8.22,8.40,2945000,7.83
2011-09-13,8.48,8.52,8.26,8.46,2161900,7.89
2011-09-12,8.53,8.76,8.42,8.76,2039300,7.91
2011-09-09,8.63,8.76,8.45,8.54,6028900,7.71
2011-09-08,8.84,9.00,8.65,8.71,5453600,7.86
2011-09-07,8.78,8.97,8.77,8.95,2520500,8.08
2011-09-06,8.24,8.61,8.19,8.57,2575700,7.74
2011-09-02,8.82,8.90,8.51,8.52,2256500,7.69
2011-09-01,9.04,9.48,9.00,9.03,2926700,8.15
2011-08-31,9.06,9.18,8.96,9.09,1485700,8.21
2011-08-30,9.06,9.12,8.80,9.00,1328000,8.12
2011-08-29,8.61,9.12,8.60,9.12,1762600,8.23
2011-08-26,8.19,8.56,8.05,8.47,1318200,7.65
2011-08-25,8.60,8.68,8.17,8.28,1661300,7.47
2011-08-24,8.45,8.67,8.20,8.51,1870700,7.68
2011-08-23,8.18,8.49,8.01,8.48,2085700,7.65
2011-08-22,8.30,8.39,7.98,8.09,1504900,7.30
2011-08-19,8.00,8.38,7.93,8.03,1661600,7.25
2011-08-18,8.50,8.53,8.09,8.14,2382900,7.35
2011-08-17,8.71,8.89,8.61,8.77,1264500,7.92
2011-08-16,8.69,8.73,8.52,8.65,1683200,7.81
2011-08-15,8.49,8.75,8.49,8.71,1812600,7.86
2011-08-12,8.43,8.61,8.31,8.43,3836900,7.61
2011-08-11,7.45,8.32,7.42,8.18,3387300,7.38
2011-08-10,7.92,7.92,7.38,7.39,4252100,6.67
2011-08-09,7.59,8.05,7.32,8.04,9263900,7.26
2011-08-08,7.79,8.00,7.44,7.53,7269400,6.80
2011-08-05,8.81,8.90,8.04,8.14,5871500,7.35
2011-08-04,9.42,9.44,8.80,8.83,4027700,7.97
2011-08-03,9.51,9.65,9.40,9.50,2134100,8.58
2011-08-02,9.69,9.83,9.50,9.50,1852700,8.58
2011-08-01,9.78,9.85,9.60,9.76,2174900,8.81
2011-07-29,9.53,9.69,9.35,9.58,2294400,8.65
2011-07-28,9.70,9.79,9.61,9.64,1153100,8.70
2011-07-27,9.90,9.95,9.65,9.68,1669100,8.74
2011-07-26,9.97,10.05,9.93,9.96,884100,8.99
2011-07-25,9.90,10.08,9.85,10.01,1053900,9.04
2011-07-22,10.07,10.09,9.91,10.02,1096000,9.05
2011-07-21,9.92,10.19,9.90,10.02,1376100,9.05
2011-07-20,9.86,9.89,9.76,9.84,1596500,8.88
2011-07-19,9.61,9.85,9.60,9.82,1400200,8.86
2011-07-18,9.90,9.94,9.49,9.55,2627700,8.62
2011-07-15,9.91,9.93,9.77,9.93,1160000,8.96
2011-07-14,10.07,10.10,9.83,9.86,1352100,8.90
2011-07-13,10.03,10.14,9.98,9.99,1369700,9.02
2011-07-12,10.09,10.15,9.98,10.00,2367800,9.03
2011-07-11,10.39,10.45,10.03,10.14,3312200,9.15
2011-07-08,10.47,10.54,10.41,10.54,1004600,9.51
2011-07-07,10.49,10.65,10.44,10.60,1231200,9.57
2011-07-06,10.37,10.41,10.25,10.41,1275200,9.40
2011-07-05,10.36,10.43,10.25,10.34,1031100,9.33
2011-07-01,10.18,10.43,10.18,10.34,1245300,9.33
2011-06-30,10.10,10.30,10.00,10.21,1687200,9.22
2011-06-29,10.05,10.13,10.00,10.00,1656800,9.03
2011-06-28,9.88,10.01,9.85,10.00,1370400,9.03
2011-06-27,9.69,9.90,9.69,9.86,1399200,8.90
2011-06-24,9.91,9.99,9.69,9.71,1732800,8.77
2011-06-23,9.82,9.91,9.59,9.91,1990000,8.95
2011-06-22,10.08,10.17,9.93,9.93,1043900,8.96
2011-06-21,10.10,10.26,10.02,10.15,1763200,9.16
2011-06-20,10.00,10.09,9.92,10.05,2695800,9.07
2011-06-17,10.04,10.11,9.92,9.98,2238500,9.01
2011-06-16,9.96,10.20,9.90,9.95,1820800,8.98
2011-06-15,10.21,10.30,9.87,9.97,2205600,9.00
2011-06-14,10.31,10.35,10.16,10.32,1522000,9.32
2011-06-13,10.39,10.54,10.35,10.47,2310800,9.20
2011-06-10,10.60,10.71,10.35,10.38,3033500,9.12
2011-06-09,10.68,10.81,10.61,10.63,1454300,9.34
2011-06-08,10.82,10.90,10.61,10.64,2223400,9.35
2011-06-07,10.91,10.97,10.76,10.79,1254600,9.48
2011-06-06,10.87,10.97,10.75,10.77,1598100,9.46
2011-06-03,10.75,11.02,10.70,10.82,1997300,9.51
2011-06-02,11.07,11.23,10.80,10.91,2300500,9.59
2011-06-01,11.49,11.49,10.90,10.92,2775400,9.59
2011-05-31,11.34,11.41,11.23,11.41,1542900,10.02
2011-05-27,11.22,11.25,11.14,11.18,704700,9.82
2011-05-26,11.09,11.19,10.93,11.18,785100,9.82
2011-05-25,11.11,11.16,10.90,11.11,1230900,9.76
2011-05-24,11.06,11.11,10.90,10.94,1100000,9.61
2011-05-23,11.04,11.15,10.93,11.04,2700000,9.70
2011-05-20,11.25,11.38,11.14,11.19,1248600,9.83
2011-05-19,11.15,11.33,11.09,11.30,1075900,9.93
2011-05-18,10.83,11.09,10.73,11.05,1779800,9.71
2011-05-17,11.11,11.16,10.72,10.83,2261600,9.51
2011-05-16,11.24,11.31,11.15,11.15,923900,9.80
2011-05-13,11.54,11.55,11.25,11.27,1159500,9.90
2011-05-12,11.42,11.60,11.30,11.56,761000,10.16
2011-05-11,11.56,11.61,11.33,11.46,851300,10.07
2011-05-10,11.45,11.62,11.40,11.62,568700,10.21
2011-05-09,11.39,11.43,11.24,11.39,783000,10.01
2011-05-06,11.54,11.60,11.33,11.35,1079300,9.97
2011-05-05,11.47,11.53,11.30,11.38,1359700,10.00
2011-05-04,11.67,11.68,11.33,11.56,2702800,10.16
2011-05-03,11.64,11.69,11.50,11.63,1056600,10.22
2011-05-02,11.87,11.92,11.63,11.64,1001400,10.23
2011-04-29,11.76,11.92,11.74,11.85,1400000,10.41
2011-04-28,11.68,11.77,11.67,11.73,808000,10.31
2011-04-27,11.85,11.87,11.63,11.70,1966400,10.28
2011-04-26,11.57,11.93,11.56,11.93,3100000,10.48
2011-04-25,11.56,11.89,11.54,11.84,1201000,10.40
2011-04-21,11.66,11.66,11.46,11.65,931300,10.24
2011-04-20,11.59,11.68,11.44,11.56,1006600,10.16
2011-04-19,11.42,11.59,11.26,11.37,1094500,9.99
2011-04-18,11.52,11.55,11.33,11.52,1339300,10.12
2011-04-15,11.50,11.71,11.50,11.70,953900,10.28
2011-04-14,11.46,11.59,11.45,11.56,702000,10.16
2011-04-13,11.65,11.72,11.46,11.57,973400,10.16
2011-04-12,11.70,11.83,11.56,11.56,910200,10.16
2011-04-11,12.00,12.14,11.77,11.79,785200,10.36
2011-04-08,12.26,12.27,11.95,12.00,777100,10.54
2011-04-07,12.20,12.27,12.10,12.17,904400,10.69
2011-04-06,12.11,12.25,12.10,12.23,961300,10.74
2011-04-05,12.13,12.20,12.03,12.07,917200,10.60
2011-04-04,12.28,12.29,12.10,12.14,782500,10.67
2011-04-01,12.14,12.24,12.11,12.20,757100,10.72
2011-03-31,12.00,12.11,11.96,12.07,1419000,10.60
2011-03-30,11.96,12.03,11.91,12.03,1203800,10.57
2011-03-29,11.80,11.93,11.65,11.86,717700,10.42
2011-03-28,11.86,11.95,11.75,11.85,758200,10.41
2011-03-25,11.77,11.99,11.69,11.83,1239500,10.39
2011-03-24,11.72,11.79,11.58,11.73,974800,10.31
2011-03-23,11.51,11.71,11.40,11.67,1290900,10.25
2011-03-22,11.76,11.79,11.43,11.50,1110500,10.10
2011-03-21,11.52,11.74,11.51,11.73,1170200,10.31
2011-03-18,11.48,11.64,11.26,11.36,2030600,9.98
2011-03-17,11.36,11.44,11.22,11.31,1071500,9.94
2011-03-16,11.36,11.52,11.16,11.17,1988300,9.81
2011-03-15,11.47,11.58,11.10,11.36,2726100,9.98
2011-03-14,12.03,12.17,11.99,12.05,1636900,10.34
2011-03-11,12.05,12.18,12.01,12.14,1248800,10.42
2011-03-10,12.16,12.25,12.06,12.07,1590000,10.36
2011-03-09,12.35,12.39,12.18,12.31,1200600,10.56
2011-03-08,12.13,12.38,12.02,12.35,1331400,10.60
2011-03-07,12.25,12.33,12.00,12.12,1143500,10.40
2011-03-04,12.34,12.34,12.06,12.16,1155900,10.43
2011-03-03,12.19,12.38,12.15,12.27,1869000,10.53
2011-03-02,12.05,12.13,11.91,12.08,1124700,10.37
2011-03-01,12.43,12.45,12.01,12.04,1282200,10.33
2011-02-28,12.40,12.46,12.31,12.37,1442800,10.62
2011-02-25,12.11,12.42,12.06,12.40,1206400,10.64
2011-02-24,11.76,12.07,11.71,12.07,1978100,10.36
2011-02-23,11.93,12.17,11.72,11.79,1158300,10.12
2011-02-22,12.02,12.18,11.85,11.87,2007500,10.19
2011-02-18,12.40,12.45,12.18,12.22,1313900,10.49
2011-02-17,12.22,12.40,12.20,12.40,1635700,10.64
2011-02-16,12.17,12.28,12.10,12.24,1516000,10.50
2011-02-15,12.01,12.16,12.00,12.12,874600,10.40
2011-02-14,12.07,12.15,11.94,12.06,786800,10.35
2011-02-11,11.86,12.09,11.86,12.09,1269600,10.37
2011-02-10,11.92,12.02,11.89,11.94,1577800,10.25
2011-02-09,12.01,12.05,11.91,11.95,1047200,10.25
2011-02-08,11.98,12.11,11.89,12.11,1546900,10.39
2011-02-07,12.02,12.13,11.88,12.00,1414300,10.30
2011-02-04,11.96,12.04,11.71,12.04,1959000,10.33
2011-02-03,12.04,12.12,11.90,12.06,921000,10.35
2011-02-02,11.94,12.15,11.94,12.10,1247500,10.38
2011-02-01,11.91,12.06,11.80,12.01,1747200,10.31
2011-01-31,11.51,11.80,11.41,11.80,1773200,10.13
2011-01-28,11.92,11.94,11.45,11.49,2088500,9.86
2011-01-27,11.92,12.00,11.85,11.88,2100200,10.19
2011-01-26,11.72,11.96,11.60,11.92,1781500,10.23
2011-01-25,11.85,11.89,11.56,11.65,1977700,10.00
2011-01-24,11.77,11.89,11.52,11.85,1510400,10.17
2011-01-21,11.43,11.82,11.43,11.72,3722100,10.06
2011-01-20,11.42,11.50,11.18,11.36,3785600,9.75
2011-01-19,12.06,12.10,11.63,11.70,2155700,10.04
2011-01-18,12.00,12.18,11.83,12.18,1869800,10.45
2011-01-14,11.87,12.09,11.85,12.04,1501700,10.33
2011-01-13,11.90,12.00,11.81,11.86,1370200,10.18
2011-01-12,11.79,12.00,11.77,11.96,2344400,10.26
2011-01-11,11.65,11.72,11.58,11.65,1129800,10.00
2011-01-10,11.42,11.68,11.28,11.57,2017400,9.93
2011-01-07,11.44,11.47,11.14,11.34,885300,9.73
2011-01-06,11.50,11.54,11.36,11.38,1319100,9.77
2011-01-05,11.43,11.55,11.30,11.55,1044700,9.91
2011-01-04,11.38,11.43,11.25,11.38,1818700,9.77
2011-01-03,11.17,11.50,11.16,11.28,1534300,9.68
2010-12-31,11.06,11.17,11.04,11.07,1093500,9.50
2010-12-30,11.14,11.21,11.08,11.10,818900,9.53
2010-12-29,11.24,11.29,11.10,11.12,933000,9.54
2010-12-28,11.24,11.30,11.18,11.23,840500,9.64
2010-12-27,11.30,11.30,11.18,11.24,947500,9.65
2010-12-23,11.28,11.36,11.25,11.32,902000,9.71
2010-12-22,11.34,11.40,11.26,11.31,735800,9.71
2010-12-21,11.04,11.30,11.04,11.29,1203600,9.69
2010-12-20,10.99,11.03,10.90,10.98,1613300,9.42
2010-12-17,11.15,11.17,10.95,10.97,2929000,9.41
2010-12-16,11.10,11.19,11.05,11.14,1128500,9.56
2010-12-15,11.24,11.36,11.00,11.04,1568200,9.47
2010-12-14,11.31,11.38,11.24,11.29,1800900,9.69
2010-12-13,11.53,11.64,11.50,11.56,1778100,9.68
2010-12-10,11.39,11.50,11.28,11.48,2008300,9.61
2010-12-09,11.39,11.40,11.27,11.37,1825700,9.52
2010-12-08,11.35,11.35,11.18,11.29,1670800,9.45
2010-12-07,11.30,11.39,11.28,11.29,1501200,9.45
2010-12-06,11.21,11.40,11.17,11.20,3052000,9.38
2010-12-03,11.13,11.28,11.00,11.25,1205300,9.42
2010-12-02,10.87,11.16,10.87,11.16,1439600,9.34
2010-12-01,10.74,10.90,10.73,10.89,1825600,9.12
2010-11-30,10.60,10.73,10.50,10.58,2130800,8.86
2010-11-29,10.69,10.75,10.53,10.70,1229900,8.96
2010-11-26,10.65,10.81,10.61,10.71,674000,8.97
2010-11-24,10.64,10.82,10.64,10.76,2027100,9.01
2010-11-23,10.67,10.72,10.53,10.57,1218700,8.85
2010-11-22,10.75,10.82,10.61,10.81,1126200,9.05
2010-11-19,10.61,10.83,10.50,10.77,1159000,9.02
2010-11-18,10.58,10.73,10.56,10.67,1359300,8.93
2010-11-17,10.46,10.58,10.40,10.48,1534800,8.78
2010-11-16,10.54,10.58,10.39,10.42,2003600,8.73
2010-11-15,10.45,10.79,10.41,10.63,1824600,8.90
2010-11-12,10.64,10.79,10.34,10.34,2665600,8.66
2010-11-11,10.75,10.83,10.50,10.69,2133600,8.95
2010-11-10,11.04,11.13,10.72,10.84,2503900,9.08
2010-11-09,11.18,11.25,11.06,11.09,1627700,9.29
2010-11-08,11.44,11.45,11.10,11.19,1968600,9.37
2010-11-05,11.39,11.50,11.30,11.41,2665900,9.55
2010-11-04,11.30,11.46,11.25,11.46,2417400,9.60
2010-11-03,11.16,11.26,11.01,11.20,1779500,9.38
2010-11-02,11.02,11.17,11.02,11.16,1366300,9.34
2010-11-01,11.08,11.15,10.78,10.90,1582600,9.13
2010-10-29,10.75,11.05,10.75,11.01,940700,9.22
2010-10-28,10.99,11.05,10.80,10.80,728500,9.04
2010-10-27,10.90,10.98,10.67,10.95,1063500,9.17
2010-10-26,10.95,11.07,10.91,11.00,1103700,9.21
2010-10-25,11.00,11.04,10.90,10.97,996400,9.19
2010-10-22,10.87,10.96,10.83,10.95,1129100,9.17
2010-10-21,10.86,10.93,10.67,10.82,1441200,9.06
2010-10-20,10.58,10.89,10.56,10.79,1846700,9.04
2010-10-19,10.45,10.76,10.38,10.50,1826500,8.79
2010-10-18,10.45,10.60,10.44,10.60,1525900,8.88
2010-10-15,10.56,10.56,10.37,10.42,1271100,8.73
2010-10-14,10.53,10.56,10.40,10.42,1276000,8.73
2010-10-13,10.59,10.59,10.47,10.51,1435800,8.80
2010-10-12,10.42,10.50,10.40,10.47,972800,8.77
2010-10-11,10.47,10.51,10.43,10.48,620200,8.78
2010-10-08,10.40,10.50,10.37,10.45,1183300,8.75
2010-10-07,10.46,10.49,10.36,10.37,989400,8.68
2010-10-06,10.45,10.48,10.36,10.43,1256300,8.73
2010-10-05,10.37,10.49,10.21,10.44,2227100,8.74
2010-10-04,10.35,10.44,10.18,10.20,1044100,8.54
2010-10-01,10.39,10.44,10.28,10.34,1175600,8.66
2010-09-30,10.36,10.50,10.23,10.23,1731100,8.57
2010-09-29,10.31,10.35,10.15,10.30,1067300,8.62
2010-09-28,10.19,10.38,10.05,10.36,1447700,8.68
2010-09-27,10.15,10.20,10.03,10.12,968600,8.47
2010-09-24,10.07,10.17,9.99,10.16,1448900,8.51
2010-09-23,10.01,10.09,9.81,9.87,1622800,8.26
2010-09-22,10.23,10.38,10.09,10.10,1693600,8.46
2010-09-21,10.38,10.40,10.22,10.23,1155400,8.57
2010-09-20,10.21,10.42,10.12,10.41,1631000,8.72
2010-09-17,10.20,10.22,9.98,10.20,1824200,8.54
2010-09-16,10.17,10.26,9.99,10.04,1081300,8.41
2010-09-15,10.15,10.25,9.99,10.23,1286700,8.57
2010-09-14,10.26,10.32,10.16,10.16,1703500,8.51
2010-09-13,10.51,10.58,10.37,10.52,2558100,8.57
2010-09-10,10.38,10.55,10.31,10.38,1773200,8.46
2010-09-09,10.29,10.40,10.24,10.32,1129300,8.41
2010-09-08,10.13,10.29,10.10,10.18,1309500,8.30
2010-09-07,10.25,10.26,10.05,10.09,1795400,8.22
2010-09-03,10.21,10.33,10.12,10.29,1873100,8.39
2010-09-02,9.95,10.10,9.77,10.08,1692900,8.22
2010-09-01,9.67,9.92,9.66,9.92,1941200,8.09
2010-08-31,9.37,9.60,9.36,9.55,1214600,7.78
2010-08-30,9.54,9.64,9.36,9.37,1175500,7.64
2010-08-27,9.32,9.58,9.20,9.56,1634000,7.79
2010-08-26,9.45,9.50,9.17,9.18,1427500,7.48
2010-08-25,9.27,9.41,9.08,9.38,1647600,7.65
2010-08-24,9.33,9.38,9.20,9.27,1580400,7.56
2010-08-23,9.61,9.68,9.42,9.42,1718600,7.68
2010-08-20,9.31,9.52,9.15,9.51,1851900,7.75
2010-08-19,9.61,9.67,9.30,9.30,2108000,7.58
2010-08-18,9.60,9.70,9.50,9.66,1692100,7.87
2010-08-17,9.47,9.72,9.36,9.60,1842400,7.82
2010-08-16,9.18,9.36,9.14,9.32,1165800,7.60
2010-08-13,9.31,9.34,9.20,9.20,1214600,7.50
2010-08-12,9.27,9.38,9.20,9.33,1846200,7.60
2010-08-11,9.64,9.71,9.30,9.31,2146100,7.59
2010-08-10,9.87,9.96,9.65,9.66,1818200,7.87
2010-08-09,9.87,10.02,9.75,10.00,1842300,8.15
2010-08-06,9.88,9.92,9.59,9.84,2778700,8.02
2010-08-05,10.09,10.29,9.78,10.00,5034500,8.15
2010-08-04,10.47,10.70,10.45,10.65,1678300,8.68
2010-08-03,10.48,10.60,10.29,10.42,1403400,8.49
2010-08-02,10.23,10.43,10.15,10.42,1422900,8.49
2010-07-30,10.34,10.47,10.10,10.10,1904500,8.23
2010-07-29,10.32,10.60,10.21,10.52,981700,8.57
2010-07-28,10.60,10.65,10.22,10.24,1355800,8.35
2010-07-27,10.66,10.75,10.52,10.61,1409500,8.65
2010-07-26,10.36,10.67,10.34,10.52,1455400,8.57
2010-07-23,10.00,10.41,9.90,10.34,1649700,8.43
2010-07-22,9.78,10.09,9.78,10.07,1416800,8.21
2010-07-21,9.87,9.97,9.67,9.68,1198400,7.89
2010-07-20,9.55,9.82,9.52,9.80,1131600,7.99
2010-07-19,9.76,9.79,9.50,9.75,1522100,7.95
2010-07-16,9.81,9.97,9.64,9.68,1597900,7.89
2010-07-15,10.02,10.08,9.80,9.90,1957100,8.07
2010-07-14,10.26,10.28,9.97,10.01,1672100,8.16
2010-07-13,10.14,10.36,10.01,10.31,1552100,8.40
2010-07-12,10.00,10.08,9.90,9.97,1221100,8.13
2010-07-09,9.91,10.10,9.82,10.04,1170400,8.18
2010-07-08,9.76,9.91,9.72,9.89,1608000,8.06
2010-07-07,9.24,9.61,9.22,9.61,1686900,7.83
2010-07-06,9.40,9.67,9.16,9.24,1418700,7.53
2010-07-02,9.33,9.45,9.10,9.26,1065000,7.55
2010-07-01,9.35,9.43,8.90,9.25,2308900,7.54
2010-06-30,9.54,9.75,9.32,9.33,1932300,7.60
2010-06-29,9.93,9.97,9.46,9.52,2264400,7.76
2010-06-28,10.01,10.18,9.88,10.07,1236100,8.21
2010-06-25,9.89,10.00,9.80,9.98,4450100,8.13
2010-06-24,9.92,10.15,9.80,9.80,2179000,7.99
2010-06-23,10.10,10.25,9.96,10.01,2045800,8.16
2010-06-22,10.09,10.42,10.08,10.14,1788100,8.26
2010-06-21,10.48,10.59,9.99,10.07,2677400,8.21
2010-06-18,10.22,10.39,10.07,10.31,1825000,8.40
2010-06-17,10.32,10.35,10.07,10.19,1251600,8.31
2010-06-16,10.35,10.48,10.26,10.32,1138900,8.41
2010-06-15,10.40,10.48,10.17,10.43,1819000,8.50
2010-06-14,10.60,10.84,10.50,10.58,2295400,8.40
2010-06-11,10.10,10.44,10.02,10.44,1749400,8.28
2010-06-10,10.08,10.25,9.96,10.19,1617500,8.09
2010-06-09,9.84,10.15,9.80,9.85,2144700,7.82
2010-06-08,9.81,9.96,9.42,9.80,2029300,7.78
2010-06-07,9.96,10.13,9.75,9.75,1772900,7.74
2010-06-04,10.08,10.25,9.90,9.90,2331900,7.86
2010-06-03,10.29,10.38,10.07,10.31,1676000,8.18
2010-06-02,10.14,10.31,9.86,10.29,1919500,8.17
2010-06-01,10.35,10.41,9.95,9.95,2148200,7.90
2010-05-28,10.51,10.61,10.30,10.43,2319700,8.28
2010-05-27,10.70,10.80,10.29,10.52,3164500,8.35
2010-05-26,10.50,10.89,10.26,10.41,2047700,8.26
2010-05-25,9.91,10.41,9.87,10.41,2254800,8.26
2010-05-24,10.46,10.54,10.23,10.24,1294200,8.13
2010-05-21,9.96,10.71,9.73,10.49,2476000,8.32
2010-05-20,10.55,10.62,10.10,10.17,2836700,8.07
2010-05-19,11.00,11.22,10.55,10.88,2122700,8.63
2010-05-18,11.40,11.44,10.93,11.02,1650900,8.74
2010-05-17,11.36,11.56,10.83,11.20,1643700,8.89
2010-05-14,11.51,11.52,10.95,11.22,2431700,8.90
2010-05-13,12.02,12.08,11.68,11.71,1630000,9.29
2010-05-12,11.70,12.09,11.70,12.03,2074800,9.55
2010-05-11,11.10,11.88,11.08,11.63,2545200,9.23
2010-05-10,11.48,11.49,11.12,11.37,2397000,9.02
2010-05-07,10.63,10.99,10.16,10.58,4589500,8.40
2010-05-06,11.82,12.06,9.39,10.89,5500900,8.64
2010-05-05,11.75,12.16,10.76,11.97,3114100,9.50
2010-05-04,12.38,12.47,11.81,12.06,3108500,9.57
2010-05-03,12.23,12.60,12.21,12.59,2432300,9.99
2010-04-30,12.50,12.50,12.11,12.11,2913300,9.61
2010-04-29,12.50,12.59,12.27,12.49,3949500,9.91
2010-04-28,12.22,12.50,12.20,12.50,18432600,9.92
2010-04-27,12.95,13.26,12.40,12.40,3509400,9.84
2010-04-26,13.41,13.69,13.25,13.57,2119400,10.77
2010-04-23,13.10,13.48,13.08,13.47,1696100,10.69
2010-04-22,12.55,13.14,12.45,13.08,1338500,10.38
2010-04-21,13.00,13.10,12.48,12.73,4166000,10.10
2010-04-20,12.93,13.49,12.93,13.22,954300,10.49
2010-04-19,13.39,13.43,12.55,13.02,1660900,10.33
2010-04-16,13.50,13.52,13.00,13.31,1584800,10.56
2010-04-15,13.42,13.55,13.27,13.53,1400700,10.74
2010-04-14,13.20,13.61,13.17,13.50,1244600,10.71
2010-04-13,13.03,13.24,12.85,13.17,1090000,10.45
2010-04-12,12.85,13.11,12.79,13.05,1229700,10.36
2010-04-09,12.95,12.95,12.60,12.86,1062700,10.20
2010-04-08,12.90,13.00,12.75,12.93,917200,10.26
2010-04-07,13.21,13.27,12.82,12.92,1455700,10.25
2010-04-06,12.97,13.28,12.95,13.22,1295100,10.49
2010-04-05,12.81,13.05,12.77,12.98,1155500,10.30
2010-04-01,12.80,12.94,12.55,12.70,1126400,10.08
2010-03-31,12.57,12.90,12.53,12.73,1432300,10.10
2010-03-30,12.70,12.87,12.56,12.67,1002300,10.05
2010-03-29,12.62,12.70,12.43,12.67,1099700,10.05
2010-03-26,12.46,12.74,12.41,12.50,1587100,9.92
2010-03-25,12.70,12.70,12.34,12.36,1222300,9.81
2010-03-24,12.60,12.75,12.43,12.53,1142000,9.94
2010-03-23,12.45,12.68,12.19,12.68,1552200,10.06
2010-03-22,12.10,12.34,11.92,12.27,1189400,9.74
2010-03-19,12.61,12.61,11.95,12.11,2067100,9.61
2010-03-18,12.49,12.62,12.00,12.53,2029600,9.94
2010-03-17,12.41,12.50,12.25,12.42,2520500,9.86
2010-03-16,12.35,12.45,12.25,12.32,1995700,9.78
2010-03-15,12.55,12.75,12.52,12.63,1871900,9.80
2010-03-12,12.40,12.69,12.33,12.51,1871900,9.71
2010-03-11,12.04,12.35,12.04,12.35,1721700,9.58
2010-03-10,12.06,12.18,11.92,12.06,1810400,9.36
2010-03-09,12.01,12.01,11.94,12.01,1186700,9.32
2010-03-08,12.09,12.10,11.92,12.02,1514700,9.33
2010-03-05,12.03,12.10,11.96,12.08,2156900,9.37
2010-03-04,11.82,12.08,11.81,11.95,1083900,9.27
2010-03-03,11.95,12.01,11.81,11.96,1681600,9.28
2010-03-02,12.01,12.07,11.75,11.88,2111500,9.22
2010-03-01,11.75,11.99,11.69,11.93,2217500,9.26
2010-02-26,11.72,11.76,11.57,11.66,2730200,9.05
2010-02-25,11.41,11.69,11.35,11.66,1601400,9.05
2010-02-24,11.50,11.70,11.45,11.56,1701200,8.97
2010-02-23,11.51,11.55,11.31,11.42,1168800,8.86
2010-02-22,11.35,11.67,11.34,11.57,1516800,8.98
2010-02-19,11.25,11.36,11.11,11.33,1678000,8.79
2010-02-18,11.34,11.34,11.19,11.28,1449000,8.75
2010-02-17,11.20,11.40,11.15,11.35,2107200,8.81
2010-02-16,10.78,11.09,10.70,11.09,1898500,8.60
2010-02-12,10.37,10.75,10.35,10.68,1301700,8.29
2010-02-11,10.32,10.66,10.17,10.52,1494100,8.16
2010-02-10,10.11,10.40,9.97,10.38,2145400,8.05
2010-02-09,10.41,10.41,9.70,9.82,3352900,7.62
2010-02-08,10.05,10.37,10.00,10.28,2095600,7.98
2010-02-05,9.90,10.08,9.59,10.06,2469900,7.81
2010-02-04,10.33,10.39,9.82,9.93,2775200,7.70
2010-02-03,10.48,10.62,10.31,10.38,1026600,8.05
2010-02-02,10.42,10.59,10.36,10.50,1311700,8.15
2010-02-01,10.39,10.50,10.30,10.41,821500,8.08
2010-01-29,10.37,10.59,10.22,10.30,1391000,7.99
2010-01-28,10.61,10.65,10.11,10.33,1591500,8.02
2010-01-27,10.35,10.62,9.98,10.57,1613600,8.20
2010-01-26,10.75,10.80,10.31,10.35,2728600,8.03
2010-01-25,10.70,10.83,10.52,10.74,1792400,8.33
2010-01-22,11.06,11.14,10.66,10.72,2707100,8.32
2010-01-21,11.27,11.40,10.93,11.09,2707100,8.60
2010-01-20,11.32,11.35,11.11,11.32,1601300,8.78
2010-01-19,11.12,11.39,11.10,11.36,1507100,8.81
2010-01-15,11.25,11.25,10.96,11.10,1412400,8.61
2010-01-14,11.05,11.29,11.00,11.25,1158400,8.73
2010-01-13,10.99,11.20,10.80,11.17,1073400,8.67
2010-01-12,11.03,11.13,10.81,10.97,2026600,8.51
2010-01-11,11.04,11.18,10.88,11.12,1924600,8.63
2010-01-08,10.68,10.92,10.65,10.91,1216800,8.47
2010-01-07,10.58,10.79,10.45,10.74,1879500,8.33
2010-01-06,10.50,10.75,10.43,10.65,3233800,8.26
2010-01-05,9.96,10.53,9.87,10.48,3993900,8.13
2010-01-04,9.54,9.94,9.54,9.92,2978200,7.70
2009-12-31,9.74,9.75,9.53,9.54,1836800,7.40
2009-12-30,9.67,9.75,9.55,9.75,1431900,7.57
2009-12-29,9.55,9.68,9.52,9.64,705100,7.48
2009-12-28,9.69,9.69,9.50,9.55,954700,7.41
2009-12-24,9.57,9.68,9.57,9.65,456700,7.49
2009-12-23,9.62,9.69,9.51,9.56,1124100,7.42
2009-12-22,9.45,9.73,9.45,9.62,1454100,7.46
2009-12-21,9.41,9.74,9.38,9.42,2011900,7.31
2009-12-18,9.57,9.60,9.39,9.40,3309800,7.29
2009-12-17,9.59,9.70,9.46,9.51,1476900,7.38
2009-12-16,9.60,9.76,9.48,9.74,2422500,7.56
2009-12-15,9.69,9.71,9.50,9.50,2326100,7.37
2009-12-14,9.99,10.01,9.83,9.99,2466500,7.53
2009-12-11,9.87,9.90,9.80,9.90,2764800,7.47
2009-12-10,9.62,9.93,9.62,9.87,15519400,7.44
2009-12-09,9.91,9.96,9.56,9.82,2612700,7.41
2009-12-08,10.01,10.28,9.98,10.10,1483100,7.62
2009-12-07,10.13,10.47,10.03,10.07,2109200,7.59
2009-12-04,9.89,10.12,9.68,10.12,2427400,7.63
2009-12-03,9.72,9.88,9.57,9.62,1462100,7.26
2009-12-02,9.60,9.72,9.52,9.69,1066800,7.31
2009-12-01,9.67,9.74,9.49,9.58,1423800,7.22
2009-11-30,9.41,9.62,9.31,9.62,1263700,7.26
2009-11-27,9.36,9.63,9.35,9.37,753000,7.07
2009-11-25,9.72,9.72,9.58,9.61,565100,7.25
2009-11-24,9.49,9.68,9.41,9.68,931600,7.30
2009-11-23,9.51,9.64,9.41,9.46,1119900,7.13
2009-11-20,9.47,9.52,9.27,9.33,1227000,7.04
2009-11-19,9.59,9.65,9.42,9.52,1179700,7.18
2009-11-18,9.60,9.71,9.45,9.69,1188700,7.31
2009-11-17,9.37,9.66,9.37,9.60,1112900,7.24
2009-11-16,9.28,9.59,9.25,9.44,1691700,7.12
2009-11-13,9.16,9.28,9.01,9.20,864800,6.94
2009-11-12,9.23,9.35,9.03,9.08,919600,6.85
2009-11-11,9.15,9.26,9.05,9.24,1100400,6.97
2009-11-10,9.01,9.15,9.00,9.03,1423200,6.81
2009-11-09,9.25,9.30,9.05,9.10,1898400,6.86
2009-11-06,9.32,9.34,8.97,9.05,2978800,6.83
2009-11-05,9.00,9.41,8.99,9.32,1694300,7.03
2009-11-04,8.92,9.09,8.84,8.86,1743800,6.68
2009-11-03,8.91,8.93,8.69,8.81,2149800,6.64
2009-11-02,9.05,9.21,8.70,8.97,2218800,6.76
2009-10-30,9.34,9.36,8.98,9.00,2106700,6.79
2009-10-29,9.18,9.51,9.11,9.44,2193300,7.12
2009-10-28,9.45,9.57,9.05,9.06,2137000,6.83
2009-10-27,9.60,9.72,9.48,9.48,1049900,7.15
2009-10-26,9.63,9.74,9.43,9.55,1543700,7.20
2009-10-23,9.72,9.77,9.50,9.65,1067600,7.28
2009-10-22,9.45,9.73,9.45,9.70,1163300,7.32
2009-10-21,9.69,9.87,9.43,9.43,1113700,7.11
2009-10-20,9.79,9.79,9.58,9.69,932500,7.31
2009-10-19,9.77,9.89,9.64,9.77,839300,7.37
2009-10-16,9.77,9.84,9.49,9.78,984200,7.38
2009-10-15,9.76,9.90,9.74,9.85,621800,7.43
2009-10-14,9.76,9.95,9.76,9.89,1340400,7.46
2009-10-13,9.66,9.69,9.46,9.61,822000,7.25
2009-10-12,9.54,9.74,9.52,9.66,772600,7.29
2009-10-09,9.68,9.75,9.41,9.54,1029500,7.19
2009-10-08,9.82,9.90,9.63,9.72,1346000,7.33
2009-10-07,9.58,9.73,9.50,9.71,827800,7.32
2009-10-06,9.51,9.75,9.42,9.65,1162500,7.28
2009-10-05,9.19,9.54,9.09,9.41,1383800,7.10
2009-10-02,9.01,9.29,8.66,9.16,1785500,6.91
2009-10-01,9.55,9.57,9.15,9.17,1710100,6.92
2009-09-30,9.51,9.69,9.26,9.55,1616800,7.20
2009-09-29,9.98,9.99,9.49,9.49,2590800,7.16
2009-09-28,9.42,9.90,9.40,9.89,1509600,7.46
2009-09-25,9.62,9.65,9.09,9.37,3209500,7.07
2009-09-24,10.05,10.20,9.63,9.72,2346700,7.33
2009-09-23,10.30,10.33,9.95,9.96,1509800,7.51
2009-09-22,10.34,10.37,10.10,10.20,1613800,7.69
2009-09-21,10.17,10.30,9.88,10.13,2159700,7.64
2009-09-18,10.27,10.47,10.13,10.31,2238600,7.78
2009-09-17,10.30,10.54,10.06,10.19,2135700,7.68
2009-09-16,10.08,10.35,9.95,10.29,2325500,7.76
2009-09-15,9.85,10.10,9.54,10.06,2823200,7.59
2009-09-14,9.88,10.18,9.80,10.08,2792600,7.39
2009-09-11,9.66,9.94,9.60,9.90,2246900,7.26
2009-09-10,9.65,9.87,9.52,9.60,2893600,7.04
2009-09-09,9.30,9.75,9.30,9.66,1911100,7.08
2009-09-08,9.31,9.41,9.13,9.39,1667600,6.88
2009-09-04,9.07,9.29,9.07,9.19,1436800,6.74
2009-09-03,9.01,9.13,8.86,9.09,1123700,6.66
2009-09-02,9.04,9.10,8.81,8.85,1611100,6.49
2009-09-01,9.18,9.43,9.01,9.04,2167300,6.63
2009-08-31,9.27,9.44,9.10,9.26,4561200,6.79
2009-08-28,9.50,9.60,9.30,9.44,2069800,6.92
2009-08-27,9.24,9.45,9.10,9.41,2614500,6.90
2009-08-26,9.26,9.26,9.01,9.22,2387600,6.76
2009-08-25,9.13,9.27,9.03,9.27,2274900,6.80
2009-08-24,9.02,9.29,9.01,9.07,2492000,6.65
2009-08-21,9.45,9.45,8.99,9.01,2732200,6.61
2009-08-20,8.76,9.08,8.72,9.06,2464700,6.64
2009-08-19,8.70,8.80,8.65,8.79,1709500,6.44
2009-08-18,8.80,8.89,8.65,8.83,2477900,6.47
2009-08-17,8.80,8.85,8.56,8.65,3593700,6.34
2009-08-14,9.11,9.12,8.82,9.09,5117900,6.66
2009-08-13,8.77,9.25,8.76,9.25,17915300,6.78
2009-08-12,8.26,9.45,8.26,9.00,5545300,6.60
2009-08-11,9.12,9.38,8.61,8.74,1776000,6.41
2009-08-10,9.36,9.40,8.76,9.11,2539300,6.68
2009-08-07,8.30,10.00,8.28,9.35,8083100,6.86
2009-08-06,7.52,7.73,7.37,7.70,2194700,5.65
2009-08-05,7.53,7.54,7.30,7.45,1524600,5.46
2009-08-04,7.27,7.52,7.19,7.52,2088700,5.51
2009-08-03,7.19,7.36,7.07,7.30,1322900,5.35
2009-07-31,7.02,7.16,7.00,7.12,1563500,5.22
2009-07-30,7.19,7.25,6.97,7.08,2172300,5.19
2009-07-29,6.91,7.33,6.87,7.06,2992800,5.18
2009-07-28,6.41,6.97,6.40,6.94,2836600,5.09
2009-07-27,6.27,6.44,6.13,6.42,1215000,4.71
2009-07-24,6.23,6.36,6.00,6.23,1619300,4.57
2009-07-23,5.80,6.28,5.80,6.19,1772900,4.54
2009-07-22,5.98,5.98,5.75,5.83,822800,4.27
2009-07-21,5.76,5.95,5.70,5.85,1269000,4.29
2009-07-20,5.74,5.74,5.58,5.68,903600,4.16
2009-07-17,5.66,5.78,5.51,5.65,1269100,4.14
2009-07-16,5.78,5.85,5.55,5.63,1194400,4.13
2009-07-15,5.45,5.85,5.40,5.82,1366300,4.27
2009-07-14,5.40,5.40,5.22,5.33,1861200,3.91
2009-07-13,5.20,5.41,5.14,5.38,1327700,3.94
2009-07-10,5.28,5.37,5.15,5.18,609800,3.80
2009-07-09,5.23,5.39,5.23,5.31,725700,3.89
2009-07-08,5.47,5.68,5.09,5.22,1811300,3.83
2009-07-07,5.75,5.98,5.43,5.44,1552800,3.99
2009-07-06,5.84,5.97,5.62,5.74,1054600,4.21
2009-07-02,6.20,6.26,5.90,5.91,888700,4.33
2009-07-01,6.08,6.30,6.01,6.21,1170900,4.55
2009-06-30,5.99,6.09,5.95,5.99,1431900,4.39
2009-06-29,5.85,6.08,5.75,5.93,1269500,4.35
2009-06-26,5.91,5.91,5.67,5.77,1737400,4.23
2009-06-25,5.74,5.87,5.69,5.81,1355300,4.26
2009-06-24,5.61,5.87,5.59,5.77,906100,4.23
2009-06-23,5.97,6.00,5.57,5.59,1234600,4.10
2009-06-22,6.33,6.41,5.88,5.89,1565400,4.32
2009-06-19,6.49,6.50,6.35,6.43,1274500,4.71
2009-06-18,6.42,6.53,6.30,6.44,869600,4.72
2009-06-17,6.34,6.55,6.11,6.43,1231100,4.71
2009-06-16,6.46,6.59,6.25,6.30,1453900,4.62
2009-06-15,6.77,6.93,6.60,6.90,1771600,4.87
2009-06-12,6.81,6.88,6.71,6.81,1234700,4.81
2009-06-11,6.64,6.93,6.54,6.78,1778500,4.78
2009-06-10,6.61,6.70,6.49,6.54,1170200,4.61
2009-06-09,6.75,6.83,6.55,6.57,1075300,4.64
2009-06-08,6.68,6.78,6.51,6.61,989100,4.66
2009-06-05,7.15,7.20,6.69,6.71,1340000,4.73
2009-06-04,6.60,6.99,6.46,6.99,1503600,4.93
2009-06-03,6.30,6.51,6.27,6.50,1440900,4.59
2009-06-02,5.94,6.62,5.80,6.31,4060000,4.45
2009-06-01,5.64,6.08,5.63,5.99,2413900,4.23
2009-05-29,5.64,5.66,5.36,5.51,1537100,3.89
2009-05-28,5.71,5.80,5.43,5.62,903200,3.97
2009-05-27,5.82,6.02,5.66,5.67,1380800,4.00
2009-05-26,5.76,6.06,5.70,5.89,1071400,4.16
2009-05-22,5.86,5.90,5.75,5.76,538400,4.06
2009-05-21,5.81,5.92,5.77,5.83,1086900,4.11
2009-05-20,6.00,6.37,5.86,5.89,2162100,4.16
2009-05-19,6.16,6.33,5.94,5.95,1179600,4.20
2009-05-18,5.85,6.19,5.83,6.17,1158200,4.35
2009-05-15,6.00,6.11,5.75,5.78,1353400,4.08
2009-05-14,5.99,6.42,5.90,6.13,1808000,4.33
2009-05-13,6.55,6.65,5.75,5.88,2749500,4.15
2009-05-12,7.25,7.25,6.45,7.00,2124400,4.94
2009-05-11,7.15,7.24,6.71,7.02,2065200,4.95
2009-05-08,6.13,6.83,6.13,6.70,1940900,4.73
2009-05-07,6.60,6.66,5.85,5.93,2520800,4.18
2009-05-06,6.25,6.54,6.07,6.41,2783600,4.52
2009-05-05,5.82,6.44,5.81,6.11,2249500,4.31
2009-05-04,5.25,6.00,5.21,5.99,2970600,4.23
2009-05-01,4.80,5.22,4.79,5.12,1594300,3.61
2009-04-30,5.03,5.11,4.80,4.80,1595700,3.39
2009-04-29,4.63,5.00,4.61,4.99,1172500,3.52
2009-04-28,4.67,4.73,4.58,4.60,936700,3.25
2009-04-27,4.85,5.13,4.72,4.73,1241100,3.34
2009-04-24,4.73,5.04,4.73,4.96,1102900,3.50
2009-04-23,4.68,4.80,4.54,4.70,872600,3.32
2009-04-22,4.67,4.89,4.57,4.66,953900,3.29
2009-04-21,4.55,4.96,4.32,4.77,1622300,3.37
2009-04-20,5.03,5.25,4.60,4.60,1535900,3.25
2009-04-17,5.33,5.35,5.05,5.20,1972800,3.67
2009-04-16,4.99,5.40,4.96,5.25,2931100,3.70
2009-04-15,4.70,4.93,4.56,4.91,1315500,3.46
2009-04-14,4.75,4.98,4.57,4.67,1695400,3.30
2009-04-13,4.50,4.91,4.34,4.83,1452700,3.41
2009-04-09,4.23,4.52,4.21,4.52,2873700,3.19
2009-04-08,4.29,4.29,3.75,4.02,2098200,2.84
2009-04-07,4.45,4.45,3.91,3.97,3676800,2.80
2009-04-06,4.83,4.83,4.29,4.30,3054900,3.03
2009-04-03,4.90,5.20,4.48,4.65,7472200,3.28
2009-04-02,4.44,4.87,4.25,4.82,5852500,3.40
2009-04-01,3.36,4.12,3.30,4.03,3948600,2.84
2009-03-31,3.31,3.72,3.31,3.48,4105300,2.46
2009-03-30,3.23,3.24,2.86,3.21,3914500,2.26
2009-03-27,2.80,3.68,2.72,3.32,7445200,2.34
2009-03-26,2.38,2.70,2.22,2.70,4792600,1.91
2009-03-25,2.65,2.69,2.14,2.22,7719200,1.57
2009-03-24,2.39,2.72,2.23,2.48,9544900,1.75
2009-03-23,2.20,2.45,2.08,2.39,9908400,1.69
2009-03-20,2.14,2.24,2.02,2.05,4612500,1.45
2009-03-19,2.20,2.36,2.08,2.10,6477500,1.48
2009-03-18,2.13,2.24,2.07,2.16,3662300,1.52
2009-03-17,2.39,2.39,1.99,2.10,5333800,1.48
2009-03-16,2.65,2.70,2.36,2.40,7367800,1.51
2009-03-13,2.53,2.77,2.29,2.32,11654300,1.46
2009-03-12,2.30,2.45,2.28,2.41,2994300,1.52
2009-03-11,2.60,2.76,2.25,2.30,1742500,1.45
2009-03-10,2.50,2.56,2.26,2.36,2415200,1.48
2009-03-09,2.70,3.13,2.42,2.48,1646800,1.56
2009-03-06,2.84,3.03,2.61,2.71,1536300,1.70
2009-03-05,3.69,3.69,2.76,2.80,2662700,1.76
2009-03-04,3.61,3.71,3.54,3.57,2147300,2.25
2009-03-03,3.77,3.89,3.44,3.53,1592400,2.22
2009-03-02,4.02,4.02,3.72,3.73,1333400,2.35
2009-02-27,4.23,4.39,4.06,4.13,1231600,2.60
2009-02-26,4.08,4.59,4.05,4.39,1093100,2.76
2009-02-25,4.44,4.47,4.09,4.17,1076600,2.62
2009-02-24,4.30,4.55,4.07,4.51,1809900,2.84
2009-02-23,4.31,4.44,4.14,4.28,1589700,2.69
2009-02-20,4.26,4.39,4.01,4.36,1894900,2.74
2009-02-19,4.41,4.54,4.32,4.42,1326400,2.78
2009-02-18,4.43,4.48,4.21,4.34,1413200,2.73
2009-02-17,4.81,4.89,4.52,4.58,1685600,2.88
2009-02-13,4.99,5.18,4.90,4.95,1348900,3.11
2009-02-12,5.27,5.29,4.76,5.08,3560100,3.20
2009-02-11,5.52,5.69,5.30,5.35,1319200,3.37
2009-02-10,5.66,5.85,5.49,5.51,1791900,3.47
2009-02-09,5.42,5.75,5.42,5.75,1576700,3.62
2009-02-06,5.41,5.73,4.94,5.71,2381100,3.59
2009-02-05,5.31,6.02,4.84,5.93,2701700,3.73
2009-02-04,6.27,6.31,5.40,5.47,2141600,3.44
2009-02-03,6.53,6.54,6.06,6.33,1570300,3.98
2009-02-02,6.55,6.57,6.20,6.52,1300400,4.10
2009-01-30,7.35,7.35,6.50,6.55,1880600,4.12
2009-01-29,7.67,7.74,7.08,7.10,1230700,4.47
2009-01-28,8.23,8.29,7.89,8.07,1237500,5.08
2009-01-27,7.93,8.16,7.83,7.94,930300,5.00
2009-01-26,7.79,8.13,7.62,7.82,914800,4.92
2009-01-23,7.37,7.80,7.02,7.71,1475500,4.85
2009-01-22,7.69,7.86,7.27,7.47,1192500,4.70
2009-01-21,7.01,7.98,6.95,7.95,2206200,5.00
2009-01-20,7.82,7.87,6.87,6.87,1631700,4.32
2009-01-16,8.30,8.52,7.90,8.35,1040700,5.25
2009-01-15,8.10,8.36,7.54,8.22,1494900,5.17
2009-01-14,8.63,8.96,8.10,8.11,1040900,5.10
2009-01-13,8.50,9.08,8.41,8.96,950400,5.64
2009-01-12,8.23,8.78,8.21,8.56,1528700,5.39
2009-01-09,9.00,9.10,8.51,8.58,1064500,5.40
2009-01-08,8.66,9.00,8.65,9.00,950300,5.66
2009-01-07,9.57,9.74,8.77,8.92,981800,5.61
2009-01-06,9.41,9.97,9.10,9.76,1368600,6.14
2009-01-05,9.00,9.58,8.68,9.40,1381800,5.91
2009-01-02,9.34,9.74,8.90,9.57,996900,6.02
2008-12-31,8.85,9.40,8.74,9.31,1616600,5.86
2008-12-30,8.09,8.88,7.79,8.88,1656000,5.59
2008-12-29,8.37,8.50,7.95,8.20,1075700,5.16
2008-12-26,8.15,8.23,7.83,8.23,506600,5.18
2008-12-24,8.05,8.17,7.93,8.12,376400,5.11
2008-12-23,8.24,8.50,7.98,8.07,1232000,5.08
2008-12-22,8.88,8.88,7.93,8.21,1271500,5.17
2008-12-19,8.68,9.14,8.68,8.95,2659700,5.63
2008-12-18,8.49,8.95,8.30,8.60,1290500,5.41
2008-12-17,8.47,8.65,8.24,8.44,1595600,5.31
2008-12-16,8.16,8.68,8.06,8.67,1768800,5.45
2008-12-15,9.04,9.16,8.53,8.82,1503600,5.22
2008-12-12,8.49,9.03,8.20,9.00,1255000,5.33
2008-12-11,9.02,9.35,8.49,8.54,1784800,5.06
2008-12-10,9.30,9.62,8.75,9.18,1249600,5.44
2008-12-09,9.98,10.22,9.04,9.12,1585900,5.40
2008-12-08,10.02,10.34,9.66,10.02,1551700,5.93
2008-12-05,8.88,9.88,7.81,9.86,1325700,5.84
2008-12-04,9.09,9.30,8.72,9.04,1734600,5.35
2008-12-03,8.45,9.37,8.41,9.28,1311700,5.49
2008-12-02,7.89,9.85,7.61,8.80,3235100,5.21
2008-12-01,8.35,8.50,7.60,7.64,1364500,4.52
2008-11-28,8.17,8.49,8.10,8.49,775000,5.03
2008-11-26,7.55,8.18,7.11,8.16,1646100,4.83
2008-11-25,7.34,7.63,6.82,7.62,3287300,4.51
2008-11-24,6.14,7.16,6.11,7.12,2947700,4.22
2008-11-21,6.53,6.75,5.15,6.08,2798900,3.60
2008-11-20,8.31,8.36,5.87,6.46,3550000,3.82
2008-11-19,9.24,9.79,8.27,8.34,1588000,4.94
2008-11-18,9.58,9.88,8.81,9.31,2489100,5.51
2008-11-17,9.51,10.27,9.36,9.60,1352100,5.68
2008-11-14,10.66,10.66,9.44,9.59,1649900,5.68
2008-11-13,9.23,10.44,8.51,10.43,2149000,6.18
2008-11-12,9.72,10.09,9.22,9.27,1703600,5.49
2008-11-11,9.89,10.28,9.01,9.84,1356300,5.83
2008-11-10,11.10,11.38,9.90,10.04,1087600,5.94
2008-11-07,10.90,11.25,10.20,10.66,1343100,6.31
2008-11-06,11.82,11.94,10.20,10.58,1476300,6.26
2008-11-05,13.07,13.12,11.48,11.57,1181500,6.85
2008-11-04,13.06,13.22,12.85,13.18,1501700,7.80
2008-11-03,12.44,13.32,12.41,13.00,932200,7.70
2008-10-31,12.49,13.56,12.25,13.18,1534000,7.80
2008-10-30,12.26,12.88,12.11,12.57,1228000,7.44
2008-10-29,11.91,12.60,11.58,11.94,1685900,7.07
2008-10-28,10.64,11.70,9.79,11.70,1022500,6.93
2008-10-27,10.46,10.84,10.00,10.01,888900,5.93
2008-10-24,10.20,11.16,10.02,10.65,1069000,6.31
2008-10-23,11.46,11.73,10.30,11.11,1464900,6.58
2008-10-22,12.25,12.27,11.10,11.45,1251300,6.78
2008-10-21,12.72,13.42,12.38,12.52,1202800,7.41
2008-10-20,12.47,13.21,12.20,12.86,1444800,7.61
2008-10-17,11.93,13.45,9.91,12.17,1686800,7.21
2008-10-16,10.97,12.59,10.01,12.44,1965400,7.37
2008-10-15,12.09,12.33,10.54,10.58,1344100,6.26
2008-10-14,12.07,13.59,11.91,12.27,1933600,7.26
2008-10-13,12.49,13.50,10.40,13.40,1589200,7.93
2008-10-10,10.98,10.98,8.23,9.98,3270600,5.91
2008-10-09,12.31,12.55,9.89,9.89,2052800,5.86
2008-10-08,12.01,13.79,10.00,12.07,1907700,7.15
2008-10-07,14.93,15.08,12.59,12.59,1079800,7.45
2008-10-06,15.20,15.48,12.80,15.04,1756500,8.90
2008-10-03,15.50,16.76,15.40,15.40,791600,9.12
2008-10-02,15.80,16.42,15.07,15.38,921700,9.11
2008-10-01,16.65,16.80,15.70,15.85,880200,9.38
2008-09-30,14.69,17.25,14.69,17.05,1589600,10.09
2008-09-29,17.50,17.50,14.11,14.11,1297600,8.35
2008-09-26,17.02,17.62,16.81,17.48,725100,10.35
2008-09-25,16.75,17.81,16.75,17.77,902000,10.52
2008-09-24,16.72,17.20,16.25,16.92,546200,10.02
2008-09-23,16.88,16.95,16.19,16.67,778900,9.87
2008-09-22,17.25,17.49,16.30,17.00,821800,10.06
2008-09-19,20.18,20.29,17.20,17.65,3725700,10.45
2008-09-18,15.01,17.55,14.77,17.10,3080400,10.12
2008-09-17,16.21,16.69,14.66,14.76,2633000,8.74
2008-09-16,15.69,16.79,15.03,16.71,2298500,9.89
2008-09-15,16.47,16.75,16.04,16.24,1961000,9.31
2008-09-12,16.86,17.50,16.81,17.16,967500,9.83
2008-09-11,16.73,17.46,16.66,17.35,1202400,9.94
2008-09-10,17.05,17.38,16.83,17.07,1400500,9.78
2008-09-09,17.48,17.82,16.80,16.81,1310400,9.63
2008-09-08,17.49,17.82,16.94,17.64,2012100,10.11
2008-09-05,16.99,17.08,16.10,16.94,1472000,9.71
2008-09-04,17.07,17.24,16.75,16.77,1270900,9.61
2008-09-03,17.10,17.18,16.90,17.12,1561000,9.81
2008-09-02,17.72,17.98,16.83,17.11,1967300,9.81
2008-08-29,17.89,18.04,17.68,17.70,1326200,10.14
2008-08-28,17.32,18.02,17.11,17.99,1298000,10.31
2008-08-27,16.90,17.41,16.69,17.31,1436300,9.92
2008-08-26,16.90,17.14,16.60,16.87,733500,9.67
2008-08-25,17.06,17.13,16.80,16.91,749400,9.69
2008-08-22,16.64,17.10,16.55,17.10,1211800,9.80
2008-08-21,16.68,16.80,16.35,16.56,631100,9.49
2008-08-20,16.60,17.07,16.39,16.73,773300,9.59
2008-08-19,16.70,16.91,16.42,16.53,921800,9.47
2008-08-18,16.83,17.20,16.65,16.88,1009100,9.67
2008-08-15,17.02,17.20,16.42,16.83,1289100,9.65
2008-08-14,16.12,16.90,16.10,16.79,676300,9.62
2008-08-13,16.00,16.39,15.58,16.25,1101600,9.31
2008-08-12,16.46,16.60,15.95,16.06,1042000,9.20
2008-08-11,16.38,17.10,16.14,16.59,1451800,9.51
2008-08-08,15.50,16.45,15.40,16.29,1054800,9.34
2008-08-07,15.51,16.10,15.37,15.46,1245400,8.86
2008-08-06,15.58,16.39,15.36,16.02,1549500,9.18
2008-08-05,15.03,15.82,14.90,15.75,1688900,9.03
2008-08-04,15.46,15.66,14.88,14.98,1968400,8.58
2008-08-01,16.04,16.23,15.37,15.45,2187400,8.85
2008-07-31,15.71,16.20,15.71,15.93,957800,9.13
2008-07-30,15.69,15.92,15.38,15.89,920200,9.11
2008-07-29,15.00,15.59,14.85,15.57,1165700,8.92
2008-07-28,15.59,15.78,14.99,14.99,1229000,8.59
2008-07-25,16.03,16.38,15.66,15.82,1007700,9.07
2008-07-24,16.27,16.37,15.72,15.82,1072100,9.07
2008-07-23,15.80,16.76,15.80,16.35,1045400,9.37
2008-07-22,15.07,16.23,14.91,16.20,1106000,9.28
2008-07-21,15.21,15.55,14.98,15.13,729300,8.67
2008-07-18,15.19,15.40,14.94,15.23,1314100,8.73
2008-07-17,14.30,15.69,14.12,15.35,2471900,8.80
2008-07-16,13.12,14.24,13.01,14.23,1558400,8.16
2008-07-15,13.41,13.78,12.66,13.11,2300000,7.51
2008-07-14,14.13,14.25,13.59,13.61,2105000,7.80
2008-07-11,13.83,14.23,13.60,14.00,1260000,8.02
2008-07-10,13.72,14.19,13.63,14.00,1272100,8.02
2008-07-09,14.20,14.29,13.53,13.63,1658700,7.81
2008-07-08,13.34,14.13,13.20,14.13,1403800,8.10
2008-07-07,13.61,13.70,12.98,13.34,1973100,7.65
2008-07-03,13.73,13.98,13.57,13.60,743400,7.79
2008-07-02,14.03,14.22,13.65,13.68,1856900,7.84
2008-07-01,13.92,14.27,13.56,14.17,1790800,8.12
2008-06-30,14.91,14.97,14.29,14.33,1515100,8.21
2008-06-27,15.18,15.35,14.87,15.12,2400500,8.67
2008-06-26,15.53,15.54,15.03,15.25,1548600,8.74
2008-06-25,15.66,16.08,15.46,15.63,1377800,8.96
2008-06-24,15.48,15.94,15.30,15.63,1032900,8.96
2008-06-23,16.10,16.18,15.54,15.54,1274200,8.91
2008-06-20,16.20,16.35,15.90,15.96,1844900,9.15
2008-06-19,16.43,16.50,16.03,16.37,1070100,9.38
2008-06-18,16.47,16.52,16.18,16.43,1758500,9.42
2008-06-17,17.39,17.58,16.50,16.52,1838000,9.47
2008-06-16,17.81,17.97,17.59,17.94,923000,9.98
2008-06-13,17.74,17.90,17.37,17.78,1314500,9.89
2008-06-12,17.46,17.91,17.17,17.51,1179600,9.74
2008-06-11,18.07,18.17,17.22,17.25,2008200,9.60
2008-06-10,17.75,18.30,17.70,18.07,1365700,10.06
2008-06-09,18.00,18.32,17.70,17.85,1063000,9.93
2008-06-06,18.49,18.49,17.84,17.87,2000100,9.94
2008-06-05,18.21,18.64,18.10,18.59,1950900,10.35
2008-06-04,17.88,18.44,17.77,18.07,1495000,10.06
2008-06-03,17.65,18.07,17.51,17.99,2139200,10.01
2008-06-02,18.00,18.03,17.34,17.60,2190600,9.79
2008-05-30,17.86,18.24,17.50,18.05,3758300,10.04
2008-05-29,17.46,18.30,17.10,17.96,2524400,9.99
2008-05-28,18.42,18.50,17.93,18.20,1119800,10.13
2008-05-27,18.09,18.30,17.86,18.28,1195600,10.17
2008-05-23,17.96,18.10,17.71,18.01,2720500,10.02
2008-05-22,17.90,18.09,17.86,18.05,1358400,10.04
2008-05-21,18.00,18.18,17.70,17.74,1209500,9.87
2008-05-20,18.03,18.10,17.82,17.98,1135600,10.01
2008-05-19,18.24,18.40,17.95,18.04,2525200,10.04
2008-05-16,18.50,18.50,18.05,18.27,1125700,10.17
2008-05-15,17.98,18.48,17.85,18.40,1295600,10.24
2008-05-14,17.89,18.04,17.72,18.00,2352200,10.02
2008-05-13,16.94,17.91,16.71,17.91,3847900,9.97
2008-05-12,17.06,17.32,16.91,17.28,1082700,9.62
2008-05-09,16.50,17.03,16.45,16.98,638500,9.45
2008-05-08,16.70,16.82,16.47,16.67,725900,9.28
2008-05-07,16.86,17.17,16.60,16.67,777200,9.28
2008-05-06,16.69,16.97,16.51,16.82,594200,9.36
2008-05-05,17.25,17.36,16.61,16.82,1029700,9.36
2008-05-02,17.20,17.35,17.00,17.21,1293400,9.58
2008-05-01,16.12,17.02,16.12,16.95,876200,9.43
2008-04-30,16.60,16.78,16.13,16.18,897000,9.00
2008-04-29,16.64,16.75,16.47,16.53,670600,9.20
2008-04-28,15.91,16.73,15.91,16.61,659600,9.24
2008-04-25,16.28,16.59,16.13,16.55,653300,9.21
2008-04-24,15.91,16.37,15.62,16.21,1072900,9.02
2008-04-23,15.90,16.02,15.62,15.91,535900,8.85
2008-04-22,16.57,16.57,15.63,15.83,1039700,8.81
2008-04-21,16.08,16.37,16.04,16.08,758200,8.95
2008-04-18,16.38,16.68,16.30,16.45,1131600,9.15
2008-04-17,15.94,16.10,15.72,16.05,872000,8.93
2008-04-16,15.69,16.01,15.47,15.97,1542000,8.89
2008-04-15,15.99,16.15,15.80,15.94,953900,8.87
2008-04-14,16.19,16.30,15.89,15.89,1012500,8.84
2008-04-11,16.40,16.55,16.12,16.22,1054500,9.03
2008-04-10,16.38,16.80,16.27,16.57,1031800,9.22
2008-04-09,16.88,16.92,16.25,16.27,1588500,9.05
2008-04-08,16.65,16.85,16.49,16.79,1231600,9.34
2008-04-07,16.80,16.98,16.55,16.63,1115300,9.25
2008-04-04,16.77,16.83,16.40,16.67,1224000,9.28
2008-04-03,16.34,16.75,16.20,16.69,1349300,9.29
2008-04-02,16.37,16.48,16.11,16.37,1483800,9.11
2008-04-01,16.10,16.37,15.97,16.37,1438100,9.11
2008-03-31,15.85,15.97,15.65,15.83,2045800,8.81
2008-03-28,15.87,16.04,15.72,15.82,1485700,8.80
2008-03-27,16.21,16.35,15.79,15.80,1983400,8.79
2008-03-26,15.91,16.14,15.73,16.12,1356800,8.97
2008-03-25,16.08,16.20,15.80,16.16,1488700,8.99
2008-03-24,16.51,16.55,16.06,16.11,2031100,8.96
2008-03-20,16.50,16.58,15.82,16.23,4257300,9.03
2008-03-19,16.01,16.52,15.78,16.49,14738200,9.18
2008-03-18,15.35,16.30,15.32,16.18,5918300,9.00
2008-03-17,14.70,15.13,14.51,14.91,2024400,8.01
2008-03-14,15.50,15.50,14.70,14.87,1462900,7.99
2008-03-13,14.84,15.39,14.60,15.34,1255300,8.24
2008-03-12,15.29,15.59,15.01,15.04,1332500,8.08
2008-03-11,14.30,15.27,14.30,15.27,1501600,8.20
2008-03-10,14.82,14.86,14.27,14.33,1148600,7.70
2008-03-07,14.78,15.28,14.60,14.74,2535800,7.92
2008-03-06,15.22,15.22,14.77,14.82,1665200,7.96
2008-03-05,15.16,15.41,15.06,15.27,1597300,8.20
2008-03-04,14.81,15.12,14.56,15.06,1594600,8.09
2008-03-03,15.44,15.44,14.81,15.00,1192700,8.06
2008-02-29,15.71,16.04,15.35,15.50,1037900,8.32
2008-02-28,15.98,16.15,15.75,15.97,1251000,8.58
2008-02-27,15.61,16.23,15.51,16.08,1089700,8.64
2008-02-26,15.55,15.87,15.34,15.80,1292100,8.49
2008-02-25,15.40,15.73,15.07,15.63,1051100,8.39
2008-02-22,15.38,15.50,14.93,15.36,1376000,8.25
2008-02-21,15.56,15.86,15.30,15.33,1204200,8.23
2008-02-20,14.90,15.49,14.81,15.42,1610000,8.28
2008-02-19,15.18,15.27,14.80,14.96,1327600,8.03
2008-02-15,14.85,15.16,14.73,15.01,1090700,8.06
2008-02-14,15.39,15.40,14.95,14.95,1188500,8.03
2008-02-13,15.12,15.31,14.86,15.29,1218300,8.21
2008-02-12,15.16,15.34,14.91,15.02,1852400,8.07
2008-02-11,14.90,15.13,14.64,15.11,2145400,8.12
2008-02-08,14.94,15.05,14.65,14.92,1421100,8.01
2008-02-07,14.29,15.31,14.21,15.03,1922900,8.07
2008-02-06,15.02,15.06,14.26,14.39,1808900,7.73
2008-02-05,15.10,15.22,14.65,14.66,1205300,7.87
2008-02-04,15.69,15.69,15.03,15.26,1111300,8.20
2008-02-01,15.05,15.60,15.05,15.52,1000500,8.34
2008-01-31,14.40,15.38,14.31,15.18,1882900,8.15
2008-01-30,14.67,15.05,14.44,14.58,1791200,7.83
2008-01-29,14.91,14.92,14.50,14.75,1211300,7.92
2008-01-28,14.80,14.94,14.60,14.79,1422100,7.94
2008-01-25,15.08,15.15,14.75,14.78,1133800,7.94
2008-01-24,15.20,15.20,14.79,14.84,1301100,7.97
2008-01-23,13.95,15.24,13.72,15.21,1657200,8.17
2008-01-22,13.56,14.71,12.49,14.21,1639100,7.63
2008-01-18,15.00,15.29,14.10,14.42,1684500,7.74
2008-01-17,15.47,15.59,14.90,14.91,1068300,8.01
2008-01-16,15.00,15.73,15.00,15.45,1008000,8.30
2008-01-15,15.10,15.35,15.00,15.07,1041700,8.09
2008-01-14,15.25,15.47,14.95,15.40,937800,8.27
2008-01-11,15.62,15.80,15.03,15.22,1087300,8.17
2008-01-10,15.26,15.93,15.02,15.57,910700,8.36
2008-01-09,15.20,15.50,14.91,15.37,1888000,8.25
2008-01-08,16.04,16.15,15.20,15.20,1518100,8.16
2008-01-07,16.26,16.28,15.66,16.00,1610400,8.59
2008-01-04,16.65,16.69,16.00,16.17,1020900,8.68
2008-01-03,16.84,16.88,16.51,16.51,626800,8.87
2008-01-02,17.05,17.19,16.57,16.70,889400,8.97
2007-12-31,17.37,17.51,16.87,17.05,1254500,9.16
2007-12-28,16.98,17.83,16.98,17.63,1927900,9.47
2007-12-27,17.60,17.69,16.96,16.97,1115800,9.11
2007-12-26,16.75,17.72,16.75,17.51,1490700,9.40
2007-12-24,16.91,17.24,16.90,17.01,610700,9.14
2007-12-21,16.47,16.90,16.42,16.90,2167000,9.08
2007-12-20,16.57,16.57,16.00,16.32,1335000,8.77
2007-12-19,16.41,16.62,16.12,16.46,1057500,8.84
2007-12-18,16.42,16.58,15.95,16.42,1437200,8.82
2007-12-17,17.00,17.08,16.38,16.39,1721400,8.80
2007-12-14,17.70,18.05,17.50,17.50,854900,9.12
2007-12-13,17.89,17.94,17.50,17.87,980200,9.31
2007-12-12,18.24,18.31,17.68,18.01,936200,9.39
2007-12-11,18.64,19.08,17.81,17.87,1130100,9.31
2007-12-10,18.17,18.80,18.17,18.53,807600,9.66
2007-12-07,18.24,18.49,18.01,18.27,1597700,9.52
2007-12-06,17.46,18.22,17.42,18.15,1173500,9.46
2007-12-05,17.20,17.48,17.15,17.46,820200,9.10
2007-12-04,17.32,17.34,17.03,17.03,1003000,8.87
2007-12-03,17.71,17.77,17.22,17.36,1201000,9.05
2007-11-30,18.11,18.26,17.50,17.71,3159900,9.23
2007-11-29,18.09,18.36,17.70,17.82,1503400,9.29
2007-11-28,17.47,18.28,17.40,18.10,1634500,9.43
2007-11-27,17.30,17.65,17.05,17.21,1209500,8.97
2007-11-26,18.10,18.25,17.11,17.11,1398000,8.92
2007-11-23,17.75,18.19,17.75,18.11,401400,9.44
2007-11-21,17.80,18.05,17.63,17.70,947400,9.22
2007-11-20,18.01,18.14,17.70,17.97,1671400,9.36
2007-11-19,18.37,18.44,18.01,18.02,1530300,9.39
2007-11-16,18.58,18.86,18.31,18.58,1058500,9.68
2007-11-15,18.80,19.02,18.25,18.55,980400,9.67
2007-11-14,19.31,19.47,18.77,18.80,1076600,9.80
2007-11-13,19.11,19.38,18.91,19.27,866800,10.04
2007-11-12,18.94,19.40,18.83,18.89,927700,9.84
2007-11-09,18.62,19.17,18.50,18.75,1594500,9.77
2007-11-08,18.65,19.13,18.02,18.94,1845000,9.87
2007-11-07,18.94,19.68,18.12,18.37,3552000,9.57
2007-11-06,19.64,20.47,19.63,20.42,1216300,10.64
2007-11-05,19.99,20.07,19.46,19.90,1246200,10.37
2007-11-02,20.43,20.51,19.83,20.18,1002400,10.52
2007-11-01,20.61,20.69,19.98,20.43,1232600,10.65
2007-10-31,20.70,20.95,20.38,20.80,823900,10.84
2007-10-30,20.75,20.79,20.50,20.54,796500,10.70
2007-10-29,20.97,21.05,20.73,20.76,840000,10.82
2007-10-26,20.72,21.00,20.50,20.99,823700,10.94
2007-10-25,20.65,20.78,20.16,20.58,834800,10.72
2007-10-24,21.00,21.00,20.17,20.67,666400,10.77
2007-10-23,21.03,21.08,20.62,20.99,741200,10.94
2007-10-22,20.00,20.99,19.76,20.94,1087000,10.91
2007-10-19,20.86,20.86,20.05,20.05,1238200,10.45
2007-10-18,20.55,20.92,20.45,20.86,584900,10.87
2007-10-17,20.84,21.02,20.42,20.72,781500,10.80
2007-10-16,21.12,21.12,20.63,20.87,786400,10.88
2007-10-15,21.50,21.50,20.87,21.12,916400,11.01
2007-10-12,21.10,21.59,21.07,21.51,487300,11.21
2007-10-11,21.61,21.74,21.10,21.18,810500,11.04
2007-10-10,21.65,21.67,21.47,21.60,716700,11.26
2007-10-09,21.55,21.76,21.29,21.72,803500,11.32
2007-10-08,21.76,21.83,21.52,21.62,658000,11.27
2007-10-05,21.88,21.95,21.51,21.72,807000,11.32
2007-10-04,21.10,21.83,21.01,21.81,1198700,11.37
2007-10-03,20.96,21.23,20.81,21.05,651500,10.97
2007-10-02,20.72,21.02,20.65,21.00,1089000,10.94
2007-10-01,20.75,20.88,20.64,20.72,1032900,10.80
2007-09-28,20.82,21.01,20.66,20.80,1210700,10.84
2007-09-27,20.70,20.90,20.42,20.87,873100,10.88
2007-09-26,20.30,20.70,20.25,20.57,1098500,10.72
2007-09-25,20.22,20.30,20.06,20.21,881500,10.53
2007-09-24,20.55,20.65,20.25,20.32,952800,10.59
2007-09-21,20.48,20.55,20.34,20.45,1438400,10.66
2007-09-20,20.50,20.50,20.16,20.33,1308700,10.59
2007-09-19,20.42,20.53,20.22,20.47,2131800,10.67
2007-09-18,20.08,20.34,19.91,20.26,2247300,10.56
2007-09-17,20.05,20.06,19.89,20.00,2324100,10.42
2007-09-14,19.80,20.14,19.75,20.03,3532600,10.44
2007-09-13,19.80,19.95,19.77,19.80,9581300,10.32
2007-09-12,20.52,20.55,20.00,20.01,2521900,10.43
2007-09-11,21.09,21.29,20.92,21.00,1617600,10.67
2007-09-10,21.94,22.02,21.30,21.72,880600,11.04
2007-09-07,21.92,21.94,21.41,21.80,865900,11.08
2007-09-06,21.97,22.17,21.60,21.97,538900,11.17
2007-09-05,22.07,22.17,21.71,21.81,561200,11.08
2007-09-04,22.15,22.31,21.87,22.17,611300,11.27
2007-08-31,21.80,21.98,21.67,21.84,683100,11.10
2007-08-30,21.64,21.86,21.32,21.44,477200,10.90
2007-08-29,21.34,21.69,21.01,21.67,649800,11.01
2007-08-28,21.90,21.99,21.07,21.17,857700,10.76
2007-08-27,22.20,22.22,21.92,22.11,480200,11.24
2007-08-24,22.00,22.12,21.80,22.09,742600,11.23
2007-08-23,21.99,22.00,21.46,21.90,612700,11.13
2007-08-22,21.91,22.20,21.66,21.94,715400,11.15
2007-08-21,21.10,21.75,20.72,21.66,831700,11.01
2007-08-20,21.17,21.50,20.68,20.98,992900,10.66
2007-08-17,21.62,21.70,20.16,21.12,1517900,10.73
2007-08-16,19.18,20.36,18.12,20.16,2260900,10.25
2007-08-15,20.56,20.58,19.45,19.50,2730000,9.91
2007-08-14,21.91,21.96,20.70,20.73,950700,10.54
2007-08-13,22.35,22.49,21.69,21.78,1069500,11.07
2007-08-10,21.01,22.23,20.71,22.08,1727800,11.22
2007-08-09,21.50,22.48,21.01,21.50,2018700,10.93
2007-08-08,20.74,22.22,20.72,21.95,1789700,11.16
2007-08-07,20.00,20.90,20.00,20.85,1560700,10.60
2007-08-06,19.99,20.43,19.25,20.19,1950600,10.26
2007-08-03,20.66,20.71,20.00,20.07,1253500,10.20
2007-08-02,20.30,20.87,20.25,20.65,1785500,10.49
2007-08-01,21.02,21.39,18.85,20.38,2991600,10.36
2007-07-31,21.06,21.96,21.06,21.09,1965200,10.72
2007-07-30,20.75,21.00,20.20,20.87,1580900,10.61
2007-07-27,19.77,20.98,19.70,20.67,2398900,10.50
2007-07-26,20.36,20.42,19.24,19.86,2675900,10.09
2007-07-25,21.20,21.34,19.93,20.68,2440600,10.51
2007-07-24,22.14,22.20,21.05,21.10,1469900,10.72
2007-07-23,22.05,22.50,22.05,22.25,1002700,11.31
2007-07-20,22.58,22.59,21.85,21.86,1406800,11.11
2007-07-19,22.57,22.77,22.31,22.63,752600,11.50
2007-07-18,22.84,22.90,22.18,22.50,963800,11.43
2007-07-17,22.86,22.99,22.33,22.90,1046800,11.64
2007-07-16,22.72,23.15,22.63,22.75,1101700,11.56
2007-07-13,22.49,22.88,22.40,22.81,1031000,11.59
2007-07-12,21.81,22.50,21.81,22.50,1042400,11.43
2007-07-11,21.89,22.17,21.77,21.86,767100,11.11
2007-07-10,22.12,22.22,21.84,21.86,1000300,11.11
2007-07-09,22.37,22.43,22.14,22.18,735800,11.27
2007-07-06,21.97,22.36,21.85,22.32,839500,11.34
2007-07-05,22.11,22.11,21.82,22.02,876800,11.19
2007-07-03,21.99,22.14,21.92,22.11,641700,11.24
2007-07-02,21.39,22.00,21.32,21.99,1058800,11.18
2007-06-29,22.09,22.37,21.32,21.52,1354900,10.94
2007-06-28,22.17,22.19,21.79,22.00,1112300,11.18
2007-06-27,22.19,22.33,21.70,22.10,1555400,11.23
2007-06-26,22.57,22.62,22.08,22.38,1054200,11.37
2007-06-25,22.67,22.79,22.27,22.61,1113400,11.49
2007-06-22,22.95,23.03,22.53,22.67,1696500,11.52
2007-06-21,23.01,23.12,22.51,23.03,958700,11.70
2007-06-20,23.75,23.93,23.01,23.06,923400,11.72
2007-06-19,23.73,23.75,23.42,23.66,1149200,12.02
2007-06-18,23.90,24.17,23.78,24.13,1648900,12.00
2007-06-15,23.73,23.80,23.45,23.79,1470000,11.83
2007-06-14,23.39,23.53,23.30,23.42,590400,11.65
2007-06-13,23.23,23.48,23.11,23.32,1320600,11.60
2007-06-12,23.40,23.60,23.09,23.10,1139200,11.49
2007-06-11,23.15,23.64,23.05,23.44,754200,11.66
2007-06-08,23.00,23.24,22.78,23.12,947400,11.50
2007-06-07,23.26,23.38,22.72,22.98,1366500,11.43
2007-06-06,23.65,23.65,23.11,23.26,1169800,11.57
2007-06-05,23.75,23.80,23.50,23.70,951900,11.79
2007-06-04,23.82,23.96,23.53,23.78,1233300,11.83
2007-06-01,23.57,23.91,23.45,23.84,1534300,11.86
2007-05-31,23.15,23.59,23.15,23.53,1751500,11.71
2007-05-30,22.55,23.29,22.51,23.22,1193900,11.55
2007-05-29,22.09,22.58,21.98,22.50,1038300,11.19
2007-05-25,21.86,22.05,21.82,22.00,667500,10.94
2007-05-24,21.99,22.00,21.60,21.73,899700,10.81
2007-05-23,22.20,22.25,21.88,21.92,875800,10.90
2007-05-22,22.34,22.39,22.10,22.14,976100,11.01
2007-05-21,22.26,22.48,22.25,22.29,965900,11.09
2007-05-18,22.20,22.27,22.03,22.21,660600,11.05
2007-05-17,22.11,22.29,22.03,22.10,721300,10.99
2007-05-16,22.35,22.46,22.03,22.21,1306100,11.05
2007-05-15,22.64,22.68,22.28,22.28,689600,11.08
2007-05-14,22.59,22.73,22.36,22.55,987500,11.22
2007-05-11,22.29,22.55,22.23,22.54,600200,11.21
2007-05-10,22.59,22.62,22.16,22.23,667300,11.06
2007-05-09,22.34,22.74,22.20,22.64,663600,11.26
2007-05-08,22.31,22.39,22.02,22.37,434700,11.13
2007-05-07,22.49,22.60,22.28,22.31,844300,11.10
2007-05-04,22.22,22.47,22.19,22.42,586100,11.15
2007-05-03,21.95,22.22,21.86,22.08,703800,10.98
2007-05-02,21.99,22.28,21.87,21.93,907700,10.91
2007-05-01,22.05,22.18,21.84,21.95,724300,10.92
2007-04-30,22.25,22.41,21.95,21.97,789200,10.93
2007-04-27,22.19,22.27,21.91,22.16,684100,11.02
2007-04-26,22.10,22.21,21.82,22.10,691200,10.99
2007-04-25,21.80,22.13,21.51,22.08,918100,10.98
2007-04-24,21.82,21.85,21.62,21.65,573800,10.77
2007-04-23,21.63,21.81,21.54,21.70,720300,10.80
2007-04-20,21.74,22.03,21.50,21.63,911200,10.76
2007-04-19,21.86,22.20,21.55,21.71,946000,10.80
2007-04-18,21.94,22.20,21.84,22.01,617800,10.95
2007-04-17,21.95,22.26,21.87,21.89,735600,10.89
2007-04-16,21.44,21.91,21.21,21.88,815400,10.88
2007-04-13,21.40,21.42,21.15,21.37,1551000,10.63
2007-04-12,21.54,21.62,21.03,21.40,1122800,10.65
2007-04-11,22.19,22.19,21.65,21.78,806300,10.83
2007-04-10,22.11,22.22,21.96,22.14,635000,11.01
2007-04-09,22.52,22.52,22.04,22.09,655200,10.99
2007-04-05,22.19,22.46,22.16,22.25,628600,11.07
2007-04-04,21.90,22.47,21.90,22.21,872100,11.05
2007-04-03,21.69,22.00,21.66,21.93,620100,10.91
2007-04-02,21.55,21.60,21.33,21.60,623900,10.75
2007-03-30,21.30,21.45,21.12,21.40,960300,10.65
2007-03-29,21.25,21.28,21.00,21.26,581300,10.58
2007-03-28,21.33,21.43,21.00,21.03,568400,10.46
2007-03-27,21.42,21.62,21.32,21.41,493400,10.65
2007-03-26,21.41,21.49,21.27,21.49,1987300,10.69
2007-03-23,21.20,21.43,21.14,21.35,760100,10.62
2007-03-22,21.48,21.54,21.14,21.19,1054300,10.54
2007-03-21,21.57,21.66,21.15,21.45,1152600,10.67
2007-03-20,21.17,21.60,21.00,21.58,951000,10.74
2007-03-19,21.52,21.86,21.50,21.70,1004400,10.54
2007-03-16,21.70,21.95,21.29,21.43,1726800,10.41
2007-03-15,21.20,21.71,21.20,21.70,806400,10.54
2007-03-14,20.76,21.39,20.36,21.17,1502100,10.28
2007-03-13,21.75,21.75,20.56,20.72,3183000,10.07
2007-03-12,21.60,22.00,21.58,21.76,1019800,10.57
2007-03-09,21.99,22.15,21.43,21.70,1116300,10.54
2007-03-08,21.73,22.14,21.52,21.70,1313400,10.54
2007-03-07,21.39,21.56,21.05,21.42,1445100,10.41
2007-03-06,20.67,21.43,20.57,21.22,1531100,10.31
2007-03-05,21.53,21.65,17.30,20.30,4412500,9.86
2007-03-02,22.10,22.28,21.83,21.87,1134600,10.62
2007-03-01,22.46,22.77,22.01,22.26,1439600,10.81
2007-02-28,22.07,22.81,21.91,22.68,3225700,11.02
2007-02-27,22.56,22.77,21.95,22.02,1473900,10.70
2007-02-26,23.25,23.25,22.66,22.83,1283500,11.09
2007-02-23,23.42,23.42,22.89,23.07,1173700,11.21
2007-02-22,23.52,23.64,23.25,23.42,898400,11.38
2007-02-21,23.91,23.91,23.20,23.48,1688600,11.41
2007-02-20,24.01,24.20,23.84,24.12,1173400,11.72
2007-02-16,23.41,23.88,23.41,23.79,768200,11.56
2007-02-15,23.55,23.64,23.26,23.41,815500,11.37
2007-02-14,23.48,23.68,23.33,23.51,1142300,11.42
2007-02-13,23.03,23.44,23.03,23.37,1154500,11.35
2007-02-12,23.17,23.24,22.50,22.97,1490000,11.16
2007-02-09,23.27,23.47,22.71,22.99,1935900,11.17
2007-02-08,22.92,23.09,22.67,23.03,1656500,11.19
2007-02-07,22.87,22.91,22.56,22.75,1035200,11.05
2007-02-06,22.48,22.75,22.40,22.73,1471000,11.04
2007-02-05,22.43,22.49,22.32,22.45,1186900,10.91
2007-02-02,22.34,22.44,22.25,22.42,841600,10.89
2007-02-01,22.23,22.34,22.20,22.32,961700,10.84
2007-01-31,22.15,22.27,22.05,22.20,855900,10.78
2007-01-30,22.12,22.16,22.05,22.13,691900,10.75
2007-01-29,22.15,22.28,22.10,22.12,821200,10.75
2007-01-26,22.21,22.26,22.03,22.15,842200,10.76
2007-01-25,22.25,22.27,22.05,22.09,838700,10.73
2007-01-24,22.22,22.26,22.15,22.23,898600,10.80
2007-01-23,22.12,22.20,22.05,22.15,900600,10.76
2007-01-22,22.16,22.16,22.00,22.08,906400,10.73
2007-01-19,21.99,22.17,21.94,22.08,1551800,10.73
2007-01-18,22.10,22.15,21.83,21.92,1824100,10.65
2007-01-17,22.28,22.32,22.04,22.08,1636200,10.73
2007-01-16,22.15,22.29,22.10,22.24,1724900,10.80
2007-01-12,22.39,22.40,22.00,22.04,7795800,10.71
2007-01-11,22.50,22.84,22.38,22.44,1054100,10.90
2007-01-10,22.42,22.57,22.17,22.43,498000,10.90
2007-01-09,22.30,22.49,21.96,22.37,571800,10.87
2007-01-08,22.09,22.32,21.88,22.23,738100,10.80
2007-01-05,22.37,22.37,21.70,22.04,1257900,10.71
2007-01-04,22.77,22.77,22.50,22.58,597900,10.97
2007-01-03,22.42,22.75,22.41,22.71,567900,11.03
2006-12-29,22.34,22.55,22.30,22.40,451900,10.88
2006-12-28,22.07,22.37,22.06,22.32,424100,10.84
2006-12-27,22.02,22.19,21.79,22.05,653700,10.71
2006-12-26,22.12,22.21,21.94,22.00,279400,10.69
2006-12-22,22.21,22.21,21.74,22.02,462800,10.70
2006-12-21,22.22,22.30,21.96,22.12,551800,10.75
2006-12-20,22.24,22.32,22.05,22.26,1530000,10.81
2006-12-19,22.23,22.32,22.04,22.20,706400,10.78
2006-12-18,22.60,22.67,22.52,22.60,589300,10.74
2006-12-15,22.64,22.65,22.52,22.52,1258200,10.70
2006-12-14,22.79,22.80,22.57,22.60,430000,10.74
2006-12-13,22.60,22.79,22.56,22.70,362000,10.78
2006-12-12,22.82,22.89,22.55,22.57,460900,10.72
2006-12-11,22.60,22.97,22.57,22.79,513600,10.83
2006-12-08,22.63,22.79,22.54,22.54,546600,10.71
2006-12-07,22.75,22.90,22.60,22.60,697900,10.74
2006-12-06,22.28,22.64,22.15,22.38,1056400,10.63
2006-12-05,22.09,22.31,21.91,22.19,873800,10.54
2006-12-04,21.55,22.03,21.55,22.00,1000300,10.45
2006-12-01,22.37,22.42,21.50,21.55,2290800,10.24
2006-11-30,22.45,22.55,22.33,22.47,511500,10.67
2006-11-29,22.29,22.51,22.17,22.45,426900,10.66
2006-11-28,22.10,22.26,21.96,22.17,362200,10.53
2006-11-27,22.60,22.62,21.96,22.10,771100,10.50
2006-11-24,22.62,22.67,22.51,22.59,617200,10.73
2006-11-22,22.69,22.80,22.58,22.62,225900,10.75
2006-11-21,22.60,22.79,22.53,22.59,413500,10.73
2006-11-20,22.99,23.08,22.59,22.60,495300,10.74
2006-11-17,22.72,23.07,22.67,22.97,435700,10.91
2006-11-16,22.98,23.11,22.62,22.80,548400,10.83
2006-11-15,23.25,23.30,22.90,22.98,534500,10.92
2006-11-14,23.00,23.28,22.86,23.27,676200,11.05
2006-11-13,22.87,23.08,22.68,23.01,507000,10.93
2006-11-10,22.60,23.03,22.51,22.82,700600,10.84
2006-11-09,22.37,22.78,22.22,22.45,958200,10.66
2006-11-08,21.25,22.44,21.24,22.17,889800,10.53
2006-11-07,21.75,22.48,21.63,21.82,861700,10.37
2006-11-06,20.94,21.69,20.87,21.50,304600,10.21
2006-11-03,20.81,20.94,20.67,20.75,355400,9.86
2006-11-02,20.80,20.99,20.41,20.70,567000,9.83
2006-11-01,21.70,21.86,20.90,20.97,701800,9.96
2006-10-31,21.57,21.68,21.36,21.56,349100,10.24
2006-10-30,21.54,21.74,21.40,21.48,440700,10.20
2006-10-27,21.96,21.98,21.49,21.55,366800,10.24
2006-10-26,21.39,21.90,21.24,21.88,470400,10.39
2006-10-25,21.31,21.49,21.16,21.36,363000,10.15
2006-10-24,21.10,21.36,21.01,21.25,408100,10.09
2006-10-23,20.71,21.06,20.61,21.02,306100,9.99
2006-10-20,20.90,20.91,20.61,20.72,540400,9.84
2006-10-19,20.85,20.90,20.77,20.87,357600,9.91
2006-10-18,20.90,20.95,20.76,20.85,368200,9.90
2006-10-17,20.55,20.95,20.40,20.86,557500,9.91
2006-10-16,21.04,21.07,20.88,20.90,506400,9.93
2006-10-13,21.00,21.18,20.88,21.00,391200,9.98
2006-10-12,20.85,21.00,20.72,20.96,452600,9.96
2006-10-11,20.94,21.00,20.55,20.71,441100,9.84
2006-10-10,20.99,21.00,20.85,20.91,472400,9.93
2006-10-09,21.00,21.00,20.84,20.89,517100,9.92
2006-10-06,20.92,21.01,20.82,20.96,396000,9.96
2006-10-05,21.02,21.06,20.87,20.98,529600,9.97
2006-10-04,20.66,21.09,20.53,20.97,503300,9.96
2006-10-03,20.39,20.77,20.36,20.64,389000,9.80
2006-10-02,20.51,20.95,20.36,20.56,415500,9.77
2006-09-29,20.68,20.83,20.51,20.51,345300,9.74
2006-09-28,20.80,20.84,20.51,20.79,613800,9.88
2006-09-27,20.48,20.84,20.46,20.81,439000,9.89
2006-09-26,20.38,20.63,20.25,20.54,436700,9.76
2006-09-25,20.40,20.60,20.21,20.38,374700,9.68
2006-09-22,20.65,20.73,20.31,20.45,445700,9.71
2006-09-21,20.79,20.79,20.54,20.63,411900,9.80
2006-09-20,20.09,20.85,20.09,20.73,678600,9.85
2006-09-19,20.51,20.51,19.70,20.03,619100,9.51
2006-09-18,20.62,20.75,20.50,20.63,492200,9.58
2006-09-15,20.33,20.59,20.21,20.54,677000,9.53
2006-09-14,20.25,20.47,20.09,20.17,392000,9.36
2006-09-13,20.15,20.46,20.05,20.25,450900,9.40
2006-09-12,19.87,20.30,19.75,20.09,1642800,9.33
2006-09-11,19.91,20.02,19.66,19.70,473200,9.14
2006-09-08,19.89,20.02,19.80,19.95,433200,9.26
2006-09-07,19.97,20.04,19.77,19.81,369400,9.20
2006-09-06,20.07,20.07,19.88,19.98,259300,9.27
2006-09-05,20.00,20.14,19.96,20.10,300400,9.33
2006-09-01,20.01,20.17,19.95,20.01,335500,9.29
2006-08-31,20.10,20.29,19.93,19.97,429500,9.27
2006-08-30,19.79,20.02,19.58,19.99,450700,9.28
2006-08-29,19.65,19.72,19.44,19.68,396100,9.14
2006-08-28,19.41,19.75,19.27,19.55,501200,9.08
2006-08-25,19.26,19.53,19.26,19.39,326700,9.00
2006-08-24,19.36,19.49,19.19,19.32,280800,8.97
2006-08-23,19.60,19.65,19.16,19.24,388800,8.93
2006-08-22,19.56,19.63,19.47,19.54,348400,9.07
2006-08-21,19.51,19.63,19.50,19.53,230200,9.07
2006-08-18,19.78,19.84,19.51,19.61,394800,9.10
2006-08-17,19.60,19.89,19.53,19.70,492000,9.14
2006-08-16,19.67,19.71,19.50,19.60,617700,9.10
2006-08-15,19.62,19.62,19.34,19.50,371200,9.05
2006-08-14,19.54,19.67,19.25,19.41,290600,9.01
2006-08-11,19.60,19.62,19.29,19.49,391400,9.05
2006-08-10,19.11,19.63,19.02,19.52,531200,9.06
2006-08-09,19.36,19.71,19.09,19.17,639900,8.90
2006-08-08,19.40,19.65,19.27,19.34,385700,8.98
2006-08-07,19.30,19.48,19.08,19.40,411100,9.01
2006-08-04,19.50,19.66,19.00,19.30,421700,8.96
2006-08-03,19.13,19.49,19.06,19.42,226100,9.01
2006-08-02,19.14,19.44,19.00,19.20,296900,8.91
2006-08-01,19.22,19.22,18.62,19.04,306600,8.84
2006-07-31,19.05,19.29,18.80,19.27,414100,8.95
2006-07-28,18.87,19.02,18.75,19.00,547900,8.82
2006-07-27,18.70,18.81,18.57,18.68,359300,8.67
2006-07-26,18.58,18.72,18.31,18.53,324500,8.60
2006-07-25,18.50,18.78,18.30,18.65,274600,8.66
2006-07-24,18.26,18.60,18.19,18.58,262900,8.63
2006-07-21,18.13,18.29,18.08,18.10,384200,8.40
2006-07-20,18.30,18.50,18.15,18.22,292900,8.46
2006-07-19,18.10,18.35,18.01,18.30,599200,8.50
2006-07-18,18.03,18.18,17.92,18.09,498100,8.40
2006-07-17,18.11,18.18,17.93,17.96,409500,8.34
2006-07-14,17.95,18.35,17.95,18.03,864300,8.37
2006-07-13,18.01,18.19,17.93,18.00,594500,8.36
2006-07-12,18.35,18.36,18.06,18.12,390900,8.41
2006-07-11,18.29,18.41,18.00,18.34,448200,8.51
2006-07-10,18.03,18.35,18.03,18.28,236600,8.49
2006-07-07,18.44,18.50,18.00,18.03,348000,8.37
2006-07-06,18.57,18.57,18.25,18.39,315100,8.54
2006-07-05,18.59,18.60,18.38,18.55,367500,8.61
2006-07-03,18.45,18.57,18.40,18.54,179100,8.61
2006-06-30,18.95,18.95,18.47,18.48,2237600,8.58
2006-06-29,18.38,18.90,18.36,18.90,544100,8.77
2006-06-28,18.28,18.37,18.11,18.32,202100,8.50
2006-06-27,18.40,18.43,18.10,18.17,448100,8.43
2006-06-26,18.29,18.40,18.15,18.40,412100,8.54
2006-06-23,18.13,18.30,18.00,18.26,441200,8.48
2006-06-22,18.13,18.28,18.02,18.26,388300,8.48
2006-06-21,17.92,18.15,17.85,18.09,378000,8.40
2006-06-20,18.08,18.20,17.70,17.86,422900,8.29
2006-06-19,18.01,18.33,17.97,18.23,564500,8.25
2006-06-16,18.08,18.20,17.93,18.00,1159400,8.15
2006-06-15,17.95,18.26,17.84,18.17,618700,8.23
2006-06-14,18.15,18.29,17.75,17.89,572700,8.10
2006-06-13,18.37,18.77,18.01,18.11,587400,8.20
2006-06-12,18.77,18.83,18.42,18.44,265200,8.35
2006-06-09,18.96,18.99,18.65,18.70,196700,8.47
2006-06-08,18.63,19.01,18.29,18.89,477000,8.55
2006-06-07,18.96,19.09,18.67,18.73,245100,8.48
2006-06-06,18.75,18.98,18.68,18.88,331200,8.55
2006-06-05,19.27,19.30,18.72,18.72,360500,8.48
2006-06-02,19.37,19.42,19.15,19.32,378400,8.75
2006-06-01,19.11,19.39,19.00,19.39,455000,8.78
2006-05-31,18.79,19.35,18.65,19.04,1223700,8.62
2006-05-30,18.66,18.84,18.58,18.71,516600,8.47
2006-05-26,19.10,19.20,18.62,18.96,391600,8.58
2006-05-25,18.20,19.10,18.05,19.10,834100,8.65
2006-05-24,17.84,18.24,17.75,18.12,547700,8.20
2006-05-23,18.19,18.22,17.75,17.82,314400,8.07
2006-05-22,18.00,18.19,17.78,18.11,571600,8.20
2006-05-19,18.12,18.24,17.95,18.12,578300,8.20
2006-05-18,18.18,18.34,18.13,18.15,239100,8.22
2006-05-17,18.20,18.32,18.10,18.18,439700,8.23
2006-05-16,18.20,18.33,18.15,18.22,557200,8.25
2006-05-15,18.10,18.20,17.98,18.14,611000,8.21
2006-05-12,18.32,18.42,18.05,18.10,538500,8.19
2006-05-11,18.57,18.69,18.34,18.35,633100,8.31
2006-05-10,18.83,18.85,18.51,18.63,309800,8.43
2006-05-09,18.95,19.01,18.78,18.81,365200,8.52
2006-05-08,19.00,19.11,18.91,18.96,268000,8.58
2006-05-05,19.04,19.05,18.86,19.01,532700,8.61
2006-05-04,18.95,19.04,18.84,19.00,447000,8.60
2006-05-03,18.64,19.04,18.62,18.95,753100,8.58
2006-05-02,18.68,18.72,18.36,18.61,875100,8.43
2006-05-01,18.80,18.85,18.54,18.65,629500,8.44
2006-04-28,18.54,18.77,18.50,18.70,555800,8.47
2006-04-27,18.47,18.82,18.32,18.66,478200,8.45
2006-04-26,18.40,18.54,18.32,18.50,450100,8.38
2006-04-25,18.31,18.47,18.06,18.32,395000,8.29
2006-04-24,18.55,18.65,18.21,18.31,353500,8.29
2006-04-21,18.49,18.95,18.35,18.61,407600,8.43
2006-04-20,18.56,18.63,18.35,18.50,454400,8.38
2006-04-19,18.46,18.61,18.24,18.61,470300,8.43
2006-04-18,18.15,18.60,18.13,18.52,653900,8.38
2006-04-17,18.22,18.27,17.90,18.15,688300,8.22
2006-04-13,18.18,18.29,18.06,18.28,355300,8.28
2006-04-12,18.05,18.32,18.05,18.18,338900,8.23
2006-04-11,18.58,18.65,18.06,18.12,461800,8.20
2006-04-10,18.60,18.83,18.50,18.55,714100,8.40
2006-04-07,18.84,18.84,18.37,18.50,494200,8.38
2006-04-06,18.58,18.87,18.55,18.74,1285100,8.48
2006-04-05,18.48,18.60,18.25,18.51,1320000,8.38
2006-04-04,17.78,18.35,17.75,18.05,891800,8.17
2006-04-03,17.78,17.98,17.72,17.74,691700,8.03
2006-03-31,17.97,17.98,17.77,17.81,508100,8.06
2006-03-30,17.95,18.06,17.88,17.91,600300,8.11
2006-03-29,18.10,18.12,17.80,17.86,1263000,8.09
2006-03-28,18.10,18.21,18.00,18.07,438800,8.18
2006-03-27,18.20,18.34,18.02,18.09,1144200,8.19
2006-03-24,18.03,18.24,17.90,18.15,912900,8.22
2006-03-23,18.12,18.15,17.95,18.00,882800,8.15
2006-03-22,18.19,18.24,18.00,18.07,781000,8.18
2006-03-21,18.34,18.39,18.10,18.16,1162600,8.22
2006-03-20,18.12,18.30,18.03,18.28,1764400,8.28
2006-03-17,17.85,18.21,17.85,17.95,8163000,8.13
2006-03-16,18.06,18.25,17.83,17.85,1153900,8.08
2006-03-15,18.26,18.26,17.92,18.06,689400,8.18
2006-03-14,18.00,18.53,17.94,18.17,554100,8.23
2006-03-13,18.34,18.54,17.92,17.96,430500,8.13
2006-03-10,18.01,18.31,18.00,18.25,371600,8.26
2006-03-09,18.59,18.88,18.29,18.45,324800,8.15
2006-03-08,18.60,18.67,18.34,18.51,223700,8.18
2006-03-07,18.26,18.58,18.20,18.55,448400,8.19
2006-03-06,18.55,18.55,18.02,18.23,475800,8.05
2006-03-03,18.70,18.87,18.41,18.45,500400,8.15
2006-03-02,19.03,19.03,18.51,18.70,450300,8.26
2006-03-01,18.88,19.03,18.79,18.97,350200,8.38
2006-02-28,19.05,19.16,18.48,18.79,598300,8.30
2006-02-27,19.20,19.30,19.06,19.17,330600,8.47
2006-02-24,19.37,19.45,18.95,19.24,335100,8.50
2006-02-23,19.37,19.50,19.31,19.47,306500,8.60
2006-02-22,19.50,19.55,19.27,19.41,371800,8.57
2006-02-21,19.49,19.50,19.33,19.45,269700,8.59
2006-02-17,19.53,19.53,19.30,19.33,196000,8.54
2006-02-16,19.35,19.48,19.25,19.46,281700,8.60
2006-02-15,19.50,19.51,19.20,19.26,404000,8.51
2006-02-14,19.50,19.51,19.29,19.51,296200,8.62
2006-02-13,19.48,19.50,19.17,19.43,329800,8.58
2006-02-10,19.23,19.47,19.05,19.41,310700,8.57
2006-02-09,19.25,19.34,19.00,19.14,555700,8.45
2006-02-08,18.61,19.37,18.61,19.28,918900,8.52
2006-02-07,18.54,18.74,18.49,18.51,321800,8.18
2006-02-06,18.40,18.54,18.25,18.52,213300,8.18
2006-02-03,18.19,18.40,18.06,18.32,251500,8.09
2006-02-02,18.34,18.40,17.81,17.88,412700,7.90
2006-02-01,18.12,18.45,18.05,18.16,191600,8.02
2006-01-31,18.09,18.35,17.80,18.23,282000,8.05
2006-01-30,18.35,18.35,18.12,18.27,144500,8.07
2006-01-27,18.37,18.48,18.12,18.26,284200,8.07
2006-01-26,18.26,18.43,18.04,18.25,172400,8.06
2006-01-25,18.41,18.46,17.89,18.11,258000,8.00
2006-01-24,18.39,18.49,18.29,18.40,140800,8.13
2006-01-23,17.98,18.44,17.89,18.39,183600,8.12
2006-01-20,18.16,18.19,17.87,17.88,169300,7.90
2006-01-19,18.20,18.26,18.02,18.07,164200,7.98
2006-01-18,18.21,18.40,18.00,18.06,379100,7.98
2006-01-17,18.45,18.47,18.13,18.42,205800,8.14
2006-01-13,18.41,18.67,18.24,18.50,169900,8.17
2006-01-12,18.41,18.53,18.22,18.26,319600,8.07
2006-01-11,18.35,18.58,18.35,18.51,295900,8.18
2006-01-10,18.60,18.60,18.06,18.39,348800,8.12
2006-01-09,18.75,18.75,18.41,18.47,260900,8.16
2006-01-06,18.50,18.71,18.46,18.68,447700,8.25
2006-01-05,18.02,18.40,17.99,18.31,295000,8.09
2006-01-04,18.10,18.23,17.94,18.07,189100,7.98
2006-01-03,18.00,18.25,17.76,18.13,392100,8.01
2005-12-30,18.01,18.13,17.78,17.93,262500,7.92
2005-12-29,18.24,18.25,18.00,18.00,157800,7.95
2005-12-28,18.12,18.23,17.98,18.16,147900,8.02
2005-12-27,18.43,18.50,18.01,18.02,211100,7.96
2005-12-23,18.50,18.50,18.22,18.43,78600,8.14
2005-12-22,18.45,18.70,18.28,18.51,236100,8.18
2005-12-21,18.39,18.69,18.35,18.45,195100,8.15
2005-12-20,18.12,18.34,18.03,18.33,403500,8.10
2005-12-19,17.88,18.37,17.81,18.26,538700,7.87
2005-12-16,18.08,18.15,17.76,17.92,821200,7.72
2005-12-15,18.52,18.52,17.70,18.03,753700,7.77
2005-12-14,18.52,18.69,18.26,18.42,313100,7.94
2005-12-13,18.70,18.81,18.37,18.49,728000,7.97
2005-12-12,18.98,19.06,18.62,18.68,293500,8.05
2005-12-09,18.96,19.10,18.81,18.95,275500,8.17
2005-12-08,19.14,19.18,18.30,18.88,429800,8.14
2005-12-07,19.35,19.35,18.91,19.08,193300,8.22
2005-12-06,19.19,19.50,19.08,19.35,192500,8.34
2005-12-05,19.44,19.44,18.85,19.11,218200,8.24
2005-12-02,19.40,19.40,19.00,19.34,126500,8.34
2005-12-01,19.03,19.53,18.81,19.49,306400,8.40
2005-11-30,19.23,19.34,18.93,18.97,180400,8.18
2005-11-29,18.80,19.23,18.80,19.14,154200,8.25
2005-11-28,19.20,19.31,18.63,18.77,281600,8.09
2005-11-25,19.43,19.43,19.09,19.29,60900,8.32
2005-11-23,19.44,19.46,19.16,19.23,153800,8.29
2005-11-22,19.50,19.55,19.20,19.46,509700,8.39
2005-11-21,19.38,19.55,19.22,19.50,214300,8.41
2005-11-18,19.50,19.51,19.22,19.38,227600,8.35
2005-11-17,19.05,19.45,19.05,19.45,149900,8.38
2005-11-16,19.37,19.37,18.96,19.04,154400,8.21
2005-11-15,19.36,19.50,18.83,19.28,207400,8.31
2005-11-14,19.25,19.50,19.02,19.29,154800,8.32
2005-11-11,19.35,19.55,19.23,19.48,254500,8.40
2005-11-10,18.64,19.31,18.40,19.27,306300,8.31
2005-11-09,18.52,18.64,18.36,18.54,301400,7.99
2005-11-08,18.40,18.61,18.25,18.41,258300,7.94
2005-11-07,18.92,19.00,18.46,18.51,352500,7.98
2005-11-04,19.01,19.14,18.68,18.92,119100,8.16
2005-11-03,19.24,19.45,18.76,18.93,247500,8.16
2005-11-02,18.95,19.19,18.90,19.10,281200,8.23
2005-11-01,18.70,18.96,18.56,18.83,261600,8.12
2005-10-31,18.50,18.79,18.40,18.68,266900,8.05
2005-10-28,18.11,18.68,17.86,18.49,288300,7.97
2005-10-27,18.27,18.48,17.98,18.00,188700,7.76
2005-10-26,18.69,18.74,18.12,18.25,234800,7.87
2005-10-25,18.76,18.94,18.21,18.61,209600,8.02
2005-10-24,18.70,18.96,18.58,18.83,294500,8.12
2005-10-21,18.38,18.76,18.36,18.66,285300,8.04
2005-10-20,18.50,18.56,18.09,18.48,288300,7.97
2005-10-19,17.73,18.76,17.73,18.51,334800,7.98
2005-10-18,17.87,18.26,17.72,17.92,204300,7.72
2005-10-17,18.13,18.13,17.71,18.00,394100,7.76
2005-10-14,18.32,18.42,17.72,18.16,421200,7.83
2005-10-13,17.82,18.54,17.71,18.32,412400,7.90
2005-10-12,18.82,18.97,17.64,18.04,947300,7.78
2005-10-11,19.06,19.37,18.82,18.87,313300,8.13
2005-10-10,19.46,19.46,19.03,19.08,210200,8.22
2005-10-07,19.14,19.47,19.00,19.28,206900,8.31
2005-10-06,19.80,19.80,18.71,19.09,388400,8.23
2005-10-05,19.92,20.18,19.63,19.66,359300,8.47
2005-10-04,20.06,20.33,19.74,19.94,303800,8.60
2005-10-03,19.89,20.15,19.80,19.97,225700,8.61
2005-09-30,20.02,20.02,19.30,19.80,351200,8.54
2005-09-29,20.02,20.17,19.68,20.01,211900,8.63
2005-09-28,19.86,20.20,19.58,20.03,222900,8.63
2005-09-27,19.91,20.18,19.55,19.97,207900,8.61
2005-09-26,20.19,20.34,19.92,19.96,260700,8.60
2005-09-23,19.72,20.17,19.56,20.10,164500,8.66
2005-09-22,19.57,19.93,19.41,19.68,189000,8.48
2005-09-21,19.69,19.79,19.00,19.57,297700,8.44
2005-09-20,19.90,20.18,19.66,19.72,269000,8.50
2005-09-19,20.50,20.55,20.06,20.13,343700,8.49
2005-09-16,20.25,20.54,20.15,20.40,527200,8.61
2005-09-15,20.45,20.56,20.04,20.13,313600,8.49
2005-09-14,20.30,20.74,20.10,20.40,385200,8.61
2005-09-13,19.70,20.64,19.59,20.22,702700,8.53
2005-09-12,19.21,19.88,19.17,19.69,214600,8.31
2005-09-09,19.14,19.39,19.06,19.18,129800,8.09
2005-09-08,19.15,19.33,19.00,19.13,168700,8.07
2005-09-07,19.37,19.43,19.05,19.13,186800,8.07
2005-09-06,19.04,19.62,19.04,19.32,182400,8.15
2005-09-02,19.33,19.49,18.90,19.04,107500,8.03
2005-09-01,19.25,19.48,19.07,19.33,209600,8.15
2005-08-31,18.91,19.23,18.55,19.23,168000,8.11
2005-08-30,19.07,19.38,18.50,18.86,314500,7.96
2005-08-29,19.04,19.40,18.71,19.29,219800,8.14
2005-08-26,19.75,19.76,19.17,19.17,185400,8.09
2005-08-25,19.50,19.89,19.36,19.76,197700,8.34
2005-08-24,19.59,19.80,19.36,19.41,306700,8.19
2005-08-23,19.45,19.88,19.45,19.64,347300,8.29
2005-08-22,19.10,19.60,19.00,19.60,226200,8.27
2005-08-19,18.50,19.14,18.50,19.00,161800,8.02
2005-08-18,18.81,18.89,18.37,18.50,273800,7.80
2005-08-17,18.93,19.10,18.81,18.92,185400,7.98
2005-08-16,19.66,19.66,18.80,18.98,335300,8.01
2005-08-15,19.32,19.94,19.31,19.77,358100,8.34
2005-08-12,19.57,19.60,19.20,19.40,391500,8.18
2005-08-11,19.57,19.99,19.41,19.67,678600,8.30
2005-08-10,19.40,19.61,19.25,19.47,346800,8.21
2005-08-09,19.25,19.56,19.25,19.40,373500,8.18
2005-08-08,19.30,19.54,19.02,19.30,569200,8.14
2005-08-05,19.20,19.60,19.20,19.34,840800,8.16
2005-08-04,18.71,19.68,18.69,19.20,859700,8.10
2005-08-03,18.18,19.01,18.08,19.00,1678900,8.02
2005-08-02,18.12,18.29,18.10,18.24,270000,7.69
2005-08-01,17.80,18.23,17.80,18.14,281500,7.65
2005-07-29,18.13,18.26,17.65,17.99,579200,7.59
2005-07-28,18.14,18.27,17.95,18.27,347800,7.71
2005-07-27,18.20,18.24,18.00,18.12,198000,7.64
2005-07-26,18.00,18.26,17.84,18.10,328300,7.64
2005-07-25,17.77,18.19,17.70,18.09,333300,7.63
2005-07-22,17.78,18.00,17.31,17.86,466700,7.53
2005-07-21,18.05,18.16,17.81,17.85,272700,7.53
2005-07-20,17.74,18.15,17.65,18.14,295100,7.65
2005-07-19,17.60,17.93,17.53,17.86,382800,7.53
2005-07-18,17.12,18.05,16.86,17.63,1076900,7.44
2005-07-15,18.25,18.50,18.04,18.34,189200,7.74
2005-07-14,18.69,18.74,18.35,18.36,164800,7.75
2005-07-13,18.95,19.00,18.41,18.56,195800,7.83
2005-07-12,18.96,19.10,18.91,18.95,222200,7.99
2005-07-11,18.90,19.00,18.84,19.00,217200,8.02
2005-07-08,18.68,18.99,18.35,18.95,176100,7.99
2005-07-07,18.50,18.66,18.16,18.64,251600,7.86
2005-07-06,18.68,18.98,18.59,18.70,227900,7.89
2005-07-05,18.55,18.76,18.41,18.70,170200,7.89
2005-07-01,18.41,18.68,18.41,18.50,191600,7.80
2005-06-30,18.75,18.86,18.41,18.44,226500,7.78
2005-06-29,18.53,18.75,18.32,18.75,165300,7.91
2005-06-28,18.21,18.62,18.11,18.62,222500,7.85
2005-06-27,18.37,18.37,18.11,18.17,257500,7.67
2005-06-24,18.11,18.49,17.90,18.35,510300,7.74
2005-06-23,17.99,18.38,17.99,18.11,327800,7.64
2005-06-22,18.00,18.34,17.81,18.30,513300,7.72
2005-06-21,18.10,18.21,17.90,18.06,370100,7.62
2005-06-20,18.48,18.50,18.12,18.26,428700,7.57
2005-06-17,18.25,18.49,17.85,18.49,828500,7.67
2005-06-16,17.94,18.20,17.71,18.17,335400,7.54
2005-06-15,17.75,17.99,17.56,17.99,591000,7.46
2005-06-14,17.54,17.78,17.36,17.71,300300,7.34
2005-06-13,17.51,17.71,17.35,17.50,270800,7.26
2005-06-10,17.35,17.50,17.22,17.44,247300,7.23
2005-06-09,17.02,17.35,16.88,17.32,268900,7.18
2005-06-08,17.02,17.09,16.72,16.94,140300,7.02
2005-06-07,17.07,17.40,16.73,16.73,241200,6.94
2005-06-06,16.71,17.08,16.60,17.03,137000,7.06
2005-06-03,16.82,16.99,16.66,16.71,132800,6.93
2005-06-02,16.74,17.04,16.58,16.82,206800,6.98
2005-06-01,16.45,16.72,16.36,16.72,158100,6.93
2005-05-31,16.32,16.55,16.28,16.39,171100,6.80
2005-05-27,16.50,16.51,16.34,16.44,78700,6.82
2005-05-26,16.28,16.59,16.25,16.47,184100,6.83
2005-05-25,16.17,16.43,16.02,16.38,164100,6.79
2005-05-24,16.17,16.41,16.00,16.35,172800,6.78
2005-05-23,16.21,16.39,16.06,16.25,237400,6.74
2005-05-20,16.35,16.35,16.07,16.23,216000,6.73
2005-05-19,16.21,16.32,16.04,16.21,174800,6.72
2005-05-18,16.34,16.47,16.07,16.22,219100,6.73
2005-05-17,16.37,16.65,16.06,16.26,436600,6.74
2005-05-16,15.80,16.39,15.80,16.33,181900,6.77
2005-05-13,15.84,16.10,15.80,15.85,157900,6.57
2005-05-12,16.19,16.29,15.84,15.84,145000,6.57
2005-05-11,16.33,16.49,16.00,16.01,148100,6.64
2005-05-10,16.24,16.47,16.02,16.40,134600,6.80
2005-05-09,16.20,16.41,16.15,16.41,108000,6.81
2005-05-06,16.39,16.46,16.20,16.25,78400,6.74
2005-05-05,16.65,16.65,15.90,16.20,160800,6.72
2005-05-04,15.84,16.57,15.84,16.56,143100,6.87
2005-05-03,15.64,16.44,15.64,15.88,185600,6.59
2005-05-02,15.85,16.00,15.61,15.92,164900,6.60
2005-04-29,15.97,15.97,15.47,15.86,195100,6.58
2005-04-28,15.57,15.98,15.30,15.75,303500,6.53
2005-04-27,16.11,16.11,15.67,15.76,485600,6.54
2005-04-26,16.53,16.60,16.11,16.11,170000,6.68
2005-04-25,16.31,16.66,16.12,16.63,229700,6.90
2005-04-22,16.06,16.48,15.85,16.31,271000,6.76
2005-04-21,15.73,16.14,15.58,16.05,538800,6.66
2005-04-20,16.63,16.63,15.51,15.66,352000,6.49
2005-04-19,15.85,16.63,15.75,16.58,362000,6.88
2005-04-18,16.50,16.69,11.36,15.99,3033000,6.63
2005-04-15,16.51,16.74,16.31,16.50,237300,6.84
2005-04-14,17.05,17.10,16.59,16.61,235200,6.89
2005-04-13,17.37,17.40,16.93,17.04,145000,7.07
2005-04-12,16.86,17.50,16.77,17.41,167500,7.22
2005-04-11,17.29,17.44,16.85,16.85,118400,6.99
2005-04-08,17.42,17.60,17.31,17.31,210500,7.18
2005-04-07,17.43,17.64,17.41,17.57,267900,7.29
2005-04-06,17.35,17.74,17.24,17.59,298600,7.29
2005-04-05,17.65,17.65,17.11,17.49,175900,7.25
2005-04-04,16.72,17.63,16.72,17.55,198900,7.28
2005-04-01,16.66,17.05,16.62,16.87,174600,7.00
2005-03-31,16.79,16.85,16.61,16.78,218500,6.96
2005-03-30,16.56,16.88,16.45,16.88,222000,7.00
2005-03-29,16.76,16.83,16.60,16.73,308100,6.94
2005-03-28,17.00,17.06,16.79,16.87,154200,7.00
2005-03-24,17.00,17.14,16.66,16.98,371700,7.04
2005-03-23,17.15,17.45,16.98,17.01,413700,7.05
2005-03-22,17.50,17.55,17.18,17.32,296300,7.18
2005-03-21,17.62,17.62,17.20,17.48,289100,7.14
2005-03-18,17.77,17.79,17.27,17.50,468700,7.15
2005-03-17,17.23,17.71,17.07,17.51,206300,7.15
2005-03-16,17.62,17.65,17.21,17.27,229400,7.06
2005-03-15,17.31,17.94,17.29,17.62,422700,7.20
2005-03-14,17.10,17.25,17.01,17.24,258400,7.04
2005-03-11,16.92,17.10,16.90,17.10,188000,6.99
2005-03-10,16.98,17.19,16.90,17.01,176400,6.95
2005-03-09,17.17,17.17,16.82,16.87,238200,6.89
2005-03-08,17.09,17.19,16.91,16.91,537600,6.91
2005-03-07,17.04,17.18,16.90,17.00,278700,6.94
2005-03-04,16.89,17.05,16.57,17.04,582800,6.96
2005-03-03,16.87,17.05,16.80,16.95,258600,6.92
2005-03-02,16.82,17.02,16.82,16.87,400200,6.89
2005-03-01,16.46,16.97,16.43,16.90,453000,6.90
2005-02-28,16.90,17.00,16.43,16.45,358300,6.72
2005-02-25,16.60,16.88,16.33,16.88,287700,6.90
2005-02-24,16.66,16.66,16.10,16.60,220700,6.78
2005-02-23,16.72,16.78,16.41,16.51,262200,6.74
2005-02-22,16.90,16.90,16.62,16.62,256700,6.79
2005-02-18,16.90,16.90,16.71,16.77,151300,6.85
2005-02-17,17.05,17.06,16.76,16.84,272400,6.88
2005-02-16,17.06,17.06,16.80,17.03,287200,6.96
2005-02-15,16.80,17.08,16.74,16.92,384200,6.91
2005-02-14,17.10,17.10,16.69,16.84,409100,6.88
2005-02-11,17.31,17.40,16.93,17.00,634100,6.94
2005-02-10,17.19,17.45,17.05,17.37,724000,7.10
2005-02-09,16.70,17.25,16.67,17.12,1063800,6.99
2005-02-08,16.52,16.74,16.50,16.60,315900,6.78
2005-02-07,16.60,16.98,16.49,16.56,188500,6.77
2005-02-04,16.57,16.85,16.40,16.76,503100,6.85
2005-02-03,16.75,16.81,16.31,16.40,393600,6.70
2005-02-02,16.63,16.85,16.40,16.60,290000,6.78
2005-02-01,17.07,17.08,16.58,16.75,525000,6.84
2005-01-31,17.00,17.05,16.80,16.99,176800,6.94
2005-01-28,16.80,16.88,16.59,16.84,142700,6.88
2005-01-27,17.10,17.10,16.61,16.67,359100,6.81
2005-01-26,16.52,17.19,16.52,17.09,636400,6.98
2005-01-25,16.26,16.44,15.97,16.28,203000,6.65
2005-01-24,16.44,16.45,15.97,16.00,242900,6.54
2005-01-21,16.41,16.46,16.08,16.32,203100,6.67
2005-01-20,16.30,16.50,16.19,16.20,139900,6.62
2005-01-19,16.96,16.97,15.98,16.25,351900,6.64
2005-01-18,16.86,17.00,16.60,16.81,235200,6.87
2005-01-14,16.45,16.85,16.15,16.80,344500,6.86
2005-01-13,16.88,17.08,16.36,16.49,391500,6.74
2005-01-12,16.75,17.32,16.60,17.02,1323900,6.95
2005-01-11,16.85,16.95,16.21,16.75,1558600,6.84
2005-01-10,16.51,17.56,16.32,16.75,2232200,6.84
2005-01-07,15.75,16.29,15.40,15.83,745300,6.47
2005-01-06,15.15,15.85,15.05,15.45,604400,6.31
2005-01-05,14.90,15.13,14.80,14.98,273600,6.12
2005-01-04,15.00,15.14,14.88,14.93,400600,6.10
2005-01-03,15.11,15.15,15.00,15.08,555700,6.16
2004-12-31,14.96,15.15,14.96,15.10,414000,6.17
2004-12-30,14.91,15.07,14.91,15.00,221600,6.13
2004-12-29,15.00,15.04,14.82,14.95,366700,6.11
2004-12-28,14.92,14.94,14.70,14.94,208100,6.10
2004-12-27,14.85,14.97,14.62,14.80,198900,6.05
2004-12-23,14.74,14.97,14.61,14.75,185500,6.03
2004-12-22,14.90,14.90,14.51,14.61,372500,5.97
2004-12-21,14.67,14.84,14.50,14.75,316800,6.03
2004-12-20,14.75,14.80,14.45,14.60,583100,5.89
2004-12-17,15.00,15.09,14.44,14.49,1986800,5.85
2004-12-16,15.01,15.08,14.78,14.93,641600,6.02
2004-12-15,14.87,15.04,14.75,15.00,483000,6.05
2004-12-14,14.90,14.90,14.66,14.85,270600,5.99
2004-12-13,15.06,15.06,14.79,14.86,239200,6.00
2004-12-10,14.90,15.05,14.83,15.04,172900,6.07
2004-12-09,14.85,15.03,14.75,15.00,133700,6.05
2004-12-08,14.50,15.05,14.50,15.05,351300,6.07
2004-12-07,14.98,15.05,14.26,14.50,281700,5.85
2004-12-06,15.10,15.15,14.91,14.98,173300,6.04
2004-12-03,15.20,15.20,14.96,15.11,468300,6.10
2004-12-02,14.87,15.20,14.77,15.13,651000,6.10
2004-12-01,14.69,15.05,14.65,14.95,858800,6.03
2004-11-30,14.57,14.77,14.50,14.75,240500,5.95
2004-11-29,14.56,14.70,14.55,14.70,519000,5.93
2004-11-26,14.60,14.60,14.46,14.57,104500,5.88
2004-11-24,14.38,14.68,14.29,14.59,361100,5.89
2004-11-23,14.40,14.40,14.17,14.36,286600,5.79
2004-11-22,14.01,14.41,14.01,14.32,318500,5.78
2004-11-19,13.96,14.24,13.90,14.05,219100,5.67
2004-11-18,14.15,14.16,13.95,14.10,218100,5.69
2004-11-17,14.05,14.20,13.95,14.10,370900,5.69
2004-11-16,13.95,14.04,13.88,13.97,175200,5.64
2004-11-15,14.04,14.08,13.80,14.04,260100,5.66
2004-11-12,14.00,14.10,13.90,13.95,176300,5.63
2004-11-11,13.67,14.10,13.67,14.06,337400,5.67
2004-11-10,13.58,13.89,13.58,13.80,341400,5.57
2004-11-09,13.41,13.74,13.41,13.72,475500,5.54
2004-11-08,13.88,14.00,13.83,13.85,179800,5.59
2004-11-05,13.97,13.98,13.76,13.95,237000,5.63
2004-11-04,13.95,13.99,13.85,13.88,253600,5.60
2004-11-03,14.05,14.06,13.75,13.93,388100,5.62
2004-11-02,13.78,13.78,13.59,13.76,258100,5.55
2004-11-01,13.61,13.75,13.52,13.73,199100,5.54
2004-10-29,13.36,13.70,13.36,13.60,400500,5.49
2004-10-28,13.61,13.61,13.39,13.47,252500,5.44
2004-10-27,13.50,13.61,13.42,13.58,176300,5.48
2004-10-26,13.52,13.64,13.40,13.54,309900,5.46
2004-10-25,13.52,13.64,13.50,13.59,201600,5.48
2004-10-22,13.57,13.65,13.50,13.50,275700,5.45
2004-10-21,13.60,13.68,13.52,13.61,246200,5.49
2004-10-20,13.58,13.75,13.51,13.60,144100,5.49
2004-10-19,13.66,13.72,13.51,13.70,254700,5.53
2004-10-18,13.53,13.72,13.53,13.61,165200,5.49
2004-10-15,13.56,13.71,13.46,13.57,121100,5.48
2004-10-14,13.54,13.72,13.44,13.50,225100,5.45
2004-10-13,13.79,13.79,13.58,13.58,183400,5.48
2004-10-12,13.72,13.72,13.56,13.70,160900,5.53
2004-10-11,13.50,13.72,13.42,13.70,131600,5.53
2004-10-08,13.60,13.75,13.43,13.43,487600,5.42
2004-10-07,13.57,13.80,13.56,13.69,363300,5.52
2004-10-06,13.79,13.89,13.51,13.60,865600,5.49
2004-10-05,13.88,13.97,13.83,13.89,190100,5.60
2004-10-04,14.02,14.02,13.85,13.92,189300,5.62
2004-10-01,14.01,14.24,13.85,13.91,622500,5.61
2004-09-30,13.95,14.15,13.90,14.15,275800,5.71
2004-09-29,13.91,14.09,13.78,14.09,216200,5.69
2004-09-28,13.97,13.97,13.76,13.96,156500,5.63
2004-09-27,13.88,14.03,13.85,13.85,232000,5.59
2004-09-24,13.94,14.02,13.94,13.97,154800,5.64
2004-09-23,14.05,14.11,13.93,13.96,185900,5.63
2004-09-22,14.07,14.11,13.85,14.01,326200,5.65
2004-09-21,14.00,14.09,13.94,14.04,252700,5.66
2004-09-20,14.13,14.15,13.98,13.98,279100,5.62
2004-09-17,14.37,14.38,13.97,13.99,661300,5.63
2004-09-16,14.30,14.32,14.15,14.26,303400,5.74
2004-09-15,14.35,14.40,14.08,14.27,470800,5.74
2004-09-14,14.35,14.50,14.28,14.29,258100,5.75
2004-09-13,14.30,14.44,14.10,14.35,332800,5.77
2004-09-10,14.20,14.25,14.06,14.20,209200,5.71
2004-09-09,14.37,14.45,14.10,14.18,398500,5.70
2004-09-08,14.59,14.70,14.33,14.33,191600,5.76
2004-09-07,14.74,14.74,14.40,14.49,295300,5.83
2004-09-03,14.53,14.75,14.38,14.57,372300,5.86
2004-09-02,14.45,14.60,14.36,14.49,497500,5.83
2004-09-01,14.16,14.71,14.00,14.32,377700,5.76
2004-08-31,14.08,14.15,13.91,14.03,182300,5.64
2004-08-30,14.28,14.28,13.92,13.98,237700,5.62
2004-08-27,14.19,14.24,13.96,14.06,318700,5.65
2004-08-26,14.22,14.23,14.00,14.06,580800,5.65
2004-08-25,14.09,14.27,13.95,14.05,1106600,5.65
2004-08-24,13.80,13.94,13.67,13.89,457300,5.59
2004-08-23,13.60,13.75,13.52,13.71,529200,5.51
2004-08-20,13.24,13.42,13.18,13.40,146800,5.39
2004-08-19,13.20,13.28,13.13,13.18,423700,5.30
2004-08-18,13.29,13.29,13.14,13.22,270600,5.32
2004-08-17,13.38,13.42,13.13,13.15,212500,5.29
2004-08-16,13.31,13.35,13.22,13.32,216800,5.36
2004-08-13,13.24,13.26,13.10,13.15,251400,5.29
2004-08-12,13.25,13.29,13.10,13.13,322600,5.28
2004-08-11,13.39,13.43,13.10,13.10,588000,5.27
2004-08-10,13.31,13.40,13.25,13.37,449500,5.38
2004-08-09,13.34,13.35,13.15,13.15,435300,5.29
2004-08-06,13.42,13.55,13.21,13.23,550100,5.32
2004-08-05,13.65,13.65,13.49,13.50,264200,5.43
2004-08-04,13.61,13.73,13.50,13.51,222000,5.43
2004-08-03,13.75,13.75,13.56,13.62,200300,5.48
2004-08-02,13.75,13.80,13.65,13.70,321800,5.51
2004-07-30,13.60,13.71,13.52,13.63,155100,5.48
2004-07-29,13.78,13.78,13.51,13.63,270800,5.48
2004-07-28,13.42,13.74,13.42,13.65,304900,5.49
2004-07-27,13.44,13.59,13.44,13.50,475700,5.43
2004-07-26,13.75,13.80,13.40,13.42,619200,5.40
2004-07-23,13.74,13.87,13.51,13.51,412900,5.43
2004-07-22,13.55,13.85,13.55,13.64,632000,5.49
2004-07-21,13.91,13.99,13.55,13.56,830800,5.45
2004-07-20,13.75,13.88,13.55,13.75,609600,5.53
2004-07-19,13.67,13.96,13.50,13.61,1363500,5.47
2004-07-16,13.24,13.39,13.07,13.10,432100,5.27
2004-07-15,13.25,13.45,13.24,13.30,255000,5.35
2004-07-14,13.31,13.41,13.21,13.21,303400,5.31
2004-07-13,13.50,13.50,13.28,13.41,184400,5.39
2004-07-12,13.25,13.50,13.21,13.39,469000,5.39
2004-07-09,13.27,13.42,13.12,13.30,317500,5.35
2004-07-08,13.37,13.40,13.06,13.06,563400,5.25
2004-07-07,13.43,13.50,13.30,13.41,198000,5.39
2004-07-06,13.45,13.48,13.30,13.36,320900,5.37
2004-07-02,13.49,13.51,13.34,13.45,116200,5.41
2004-07-01,13.78,13.78,13.41,13.41,392100,5.39
2004-06-30,13.70,13.80,13.59,13.77,447100,5.54
2004-06-29,13.39,13.75,13.31,13.70,556900,5.51
2004-06-28,13.65,13.75,13.25,13.48,608900,5.42
2004-06-25,13.51,14.00,13.29,13.75,5577600,5.53
2004-06-24,13.76,13.80,13.40,13.50,360000,5.43
2004-06-23,13.50,13.95,13.31,13.78,528200,5.54
2004-06-22,13.30,13.56,13.29,13.50,314400,5.43
2004-06-21,13.20,13.31,13.15,13.29,327800,5.35
2004-06-18,13.24,13.31,13.01,13.30,612100,5.35
2004-06-17,13.27,13.37,13.10,13.12,348200,5.28
2004-06-16,13.43,13.50,13.26,13.26,274500,5.33
2004-06-15,13.38,13.42,13.20,13.42,143600,5.40
2004-06-14,13.25,13.38,13.08,13.20,252300,5.31
2004-06-10,13.47,13.50,13.29,13.43,132000,5.40
2004-06-09,13.50,13.57,13.35,13.47,116700,5.42
2004-06-08,13.50,13.51,13.38,13.49,230700,5.43
2004-06-07,13.54,13.55,13.44,13.52,320800,5.44
2004-06-04,13.45,13.51,13.36,13.50,266700,5.43
2004-06-03,13.50,13.50,13.33,13.40,302800,5.39
2004-06-02,13.45,13.50,13.32,13.50,167100,5.43
2004-06-01,13.49,13.50,13.15,13.43,360500,5.40
2004-05-28,13.45,13.50,13.33,13.33,218900,5.36
2004-05-27,13.19,13.49,13.17,13.46,410100,5.41
2004-05-26,13.00,13.36,12.96,13.24,404200,5.33
2004-05-25,13.05,13.11,12.83,12.95,887600,5.21
2004-05-24,13.25,13.29,12.88,13.00,791600,5.23
2004-05-21,13.12,13.24,13.00,13.16,381700,5.29
2004-05-20,13.06,13.30,13.05,13.07,229100,5.26
2004-05-19,13.15,13.59,13.00,13.10,598300,5.27
2004-05-18,12.95,13.19,12.80,13.14,561100,5.28
2004-05-17,13.05,13.10,12.81,12.93,616900,5.20
2004-05-14,12.85,13.17,12.80,13.08,568900,5.26
2004-05-13,12.97,13.10,12.80,12.94,401800,5.20
2004-05-12,13.09,13.23,12.85,13.00,611100,5.23
2004-05-11,13.05,13.18,12.90,13.08,647000,5.26
2004-05-10,13.30,13.30,12.68,12.83,1304700,5.16
2004-05-07,13.42,13.56,13.10,13.25,1012500,5.33
2004-05-06,13.49,13.65,13.36,13.56,873900,5.45
2004-05-05,13.50,13.59,13.43,13.48,123900,5.42
