Date,Open,High,Low,Close,Volume,Adj Close
2012-05-04,33.07,33.19,33.01,33.01,6500,33.01
2012-05-03,33.64,33.74,33.46,33.46,27600,33.46
2012-05-02,33.61,33.74,33.56,33.71,10000,33.71
2012-05-01,33.81,34.13,33.57,33.95,3000,33.95
2012-04-30,33.56,33.66,33.50,33.59,3300,33.59
2012-04-27,33.61,33.75,33.44,33.67,6000,33.67
2012-04-26,33.38,33.51,33.32,33.51,1600,33.51
2012-04-25,33.57,33.68,33.48,33.62,7800,33.62
2012-04-24,33.02,33.28,33.02,33.22,7200,33.22
2012-04-23,33.01,33.12,32.88,33.07,14400,33.07
2012-04-20,33.49,33.63,33.47,33.47,12400,33.47
2012-04-19,33.40,33.40,33.04,33.10,23900,33.10
2012-04-18,32.93,33.22,32.93,33.22,2800,33.22
2012-04-17,32.99,33.19,32.94,33.19,5200,33.19
2012-04-16,32.96,32.96,32.66,32.83,5000,32.83
2012-04-13,33.32,33.32,32.96,32.99,10000,32.99
2012-04-12,33.21,33.40,33.21,33.31,9300,33.31
2012-04-11,33.01,33.18,32.83,32.85,23600,32.85
2012-04-10,32.96,32.96,32.59,32.66,10100,32.66
2012-04-09,32.88,33.27,32.83,33.06,4600,33.06
2012-04-05,33.34,33.43,33.30,33.43,2500,33.43
2012-04-04,33.32,33.39,33.25,33.34,11300,33.34
2012-04-03,33.77,33.92,33.59,33.72,8000,33.72
2012-04-02,33.05,33.81,33.03,33.77,5700,33.77
2012-03-30,33.36,33.50,33.21,33.21,4700,33.21
2012-03-29,33.16,33.24,32.94,33.24,3000,33.24
2012-03-28,33.79,33.79,33.25,33.38,12500,33.38
2012-03-27,33.88,33.89,33.73,33.73,10100,33.73
2012-03-26,33.47,33.78,33.44,33.76,20400,33.76
2012-03-23,33.05,33.25,33.05,33.24,3000,33.24
2012-03-22,33.18,33.21,33.01,33.20,6300,33.20
2012-03-21,33.63,33.70,33.33,33.67,8500,33.67
2012-03-20,33.55,33.64,33.50,33.62,14000,33.62
2012-03-19,33.88,34.12,33.76,34.00,10100,34.00
2012-03-16,34.31,34.32,34.13,34.19,70700,34.19
2012-03-15,34.12,34.14,33.88,34.14,8600,34.14
2012-03-14,34.49,34.54,34.01,34.04,26500,34.04
2012-03-13,34.06,34.48,33.77,34.48,7500,34.48
2012-03-12,33.87,33.87,33.55,33.75,11600,33.75
2012-03-09,34.03,34.17,34.03,34.06,88800,34.06
2012-03-08,33.78,34.04,33.72,34.04,6100,34.04
2012-03-07,33.64,33.64,33.32,33.49,31500,33.49
2012-03-06,33.70,33.70,33.20,33.32,18300,33.32
2012-03-05,34.59,34.59,34.22,34.46,29100,34.46
2012-03-02,34.76,34.76,34.37,34.52,6400,34.52
2012-03-01,34.52,34.74,34.50,34.72,12900,34.72
2012-02-29,34.63,34.80,34.28,34.28,16600,34.28
2012-02-28,34.28,34.43,34.20,34.42,14900,34.42
2012-02-27,34.12,34.22,33.89,34.21,9300,34.21
2012-02-24,34.12,34.35,34.11,34.17,13700,34.17
2012-02-23,33.92,34.08,33.81,33.99,15600,33.99
2012-02-22,33.88,34.16,33.88,34.14,6000,34.14
2012-02-21,34.20,34.20,33.78,33.92,12700,33.92
2012-02-17,34.04,34.28,33.95,34.20,13400,34.20
2012-02-16,33.36,33.95,33.36,33.95,6500,33.95
2012-02-15,33.52,33.66,33.46,33.53,10300,33.53
2012-02-14,33.27,33.40,33.19,33.38,7500,33.38
2012-02-13,33.45,33.64,33.36,33.48,7700,33.48
2012-02-10,33.18,33.18,32.94,33.09,25800,33.09
2012-02-09,33.51,33.63,33.42,33.63,8600,33.63
2012-02-08,33.51,33.63,33.40,33.57,23900,33.57
2012-02-07,33.17,33.39,33.03,33.32,14400,33.32
2012-02-06,33.02,33.37,33.02,33.37,21700,33.37
2012-02-03,33.03,33.28,33.03,33.10,15200,33.10
2012-02-02,32.84,33.03,32.81,32.84,15300,32.84
2012-02-01,32.45,32.78,32.45,32.76,18600,32.76
2012-01-31,31.69,31.93,31.69,31.90,16300,31.90
2012-01-30,31.52,31.74,31.34,31.60,15900,31.60
2012-01-27,31.68,31.95,31.68,31.95,7000,31.95
2012-01-26,31.57,31.81,31.41,31.41,8100,31.41
2012-01-25,31.26,31.63,31.21,31.59,20500,31.59
2012-01-24,31.08,31.35,31.08,31.25,35100,31.25
2012-01-23,31.24,31.57,31.24,31.40,40000,31.40
2012-01-20,31.13,31.31,31.13,31.25,9900,31.25
2012-01-19,31.12,31.25,31.12,31.15,10400,31.15
2012-01-18,30.68,31.13,30.61,31.12,28800,31.12
2012-01-17,30.27,30.60,30.27,30.46,10600,30.46
2012-01-13,30.23,30.23,29.90,30.16,9400,30.16
2012-01-12,30.30,30.48,30.29,30.38,6000,30.38
2012-01-11,29.89,30.15,29.89,30.13,9800,30.13
2012-01-10,30.10,30.28,30.02,30.03,11700,30.03
2012-01-09,29.45,29.74,29.45,29.70,5900,29.70
2012-01-06,29.60,29.60,29.27,29.42,6900,29.42
2012-01-05,29.39,29.67,29.39,29.62,10000,29.62
2012-01-04,29.18,29.70,29.18,29.61,28300,29.61
2012-01-03,29.55,29.63,29.38,29.39,6900,29.39
2011-12-30,28.72,29.06,28.72,28.84,35900,28.84
2011-12-29,28.55,28.91,28.55,28.89,16400,28.89
2011-12-28,28.96,28.96,28.52,28.61,10200,28.61
2011-12-27,28.85,29.14,28.84,29.14,68900,29.14
2011-12-23,28.93,29.09,28.84,29.03,38000,29.03
2011-12-22,28.58,28.92,28.55,28.90,41300,28.90
2011-12-21,28.48,28.64,28.27,28.55,39400,28.55
2011-12-20,28.22,28.62,28.22,28.54,43000,28.54
2011-12-19,28.33,28.33,27.60,27.60,15800,27.60
2011-12-16,28.75,28.81,28.53,28.61,22600,28.25
2011-12-15,28.86,28.86,28.46,28.53,19900,28.17
2011-12-14,28.46,28.46,28.22,28.29,10000,27.93
2011-12-13,28.93,28.98,28.28,28.28,21300,27.92
2011-12-12,28.81,28.81,28.43,28.54,17200,28.18
2011-12-09,29.01,29.47,29.01,29.42,16300,29.05
2011-12-08,29.43,29.43,28.89,28.89,20200,28.53
2011-12-07,29.39,29.82,29.39,29.82,22800,29.44
2011-12-06,29.72,29.77,29.42,29.75,17500,29.38
2011-12-05,29.81,30.01,29.72,29.86,23700,29.48
2011-12-02,29.83,29.85,29.38,29.41,19700,29.04
2011-12-01,30.01,30.01,29.67,29.70,37000,29.33
2011-11-30,29.45,30.01,29.41,30.00,90000,29.62
2011-11-29,28.32,28.57,28.21,28.31,4300,27.95
2011-11-28,28.35,28.35,28.04,28.05,12400,27.70
2011-11-25,27.27,27.44,27.27,27.34,2000,27.00
2011-11-23,27.78,27.80,27.34,27.36,18300,27.02
2011-11-22,28.08,28.24,27.88,28.07,15300,27.72
2011-11-21,28.43,28.43,27.84,28.03,15100,27.68
2011-11-18,29.02,29.02,28.76,28.81,20800,28.45
2011-11-17,29.32,29.43,28.69,28.69,8000,28.33
2011-11-16,29.32,29.59,29.11,29.11,9000,28.74
2011-11-15,29.50,29.92,29.50,29.85,20600,29.47
2011-11-14,29.80,29.80,29.37,29.49,11600,29.12
2011-11-11,29.68,30.01,29.68,29.88,8200,29.50
2011-11-10,29.37,29.51,29.28,29.28,4400,28.91
2011-11-09,29.54,29.74,29.04,29.11,23500,28.74
2011-11-08,30.20,30.47,30.01,30.41,7500,30.03
2011-11-07,30.17,30.21,29.96,30.21,8100,29.83
2011-11-04,29.69,30.02,29.54,29.88,124500,29.50
2011-11-03,30.05,30.33,30.02,30.33,7500,29.95
2011-11-02,29.74,30.10,29.73,30.01,26900,29.63
2011-11-01,29.03,29.59,29.03,29.39,15500,29.02
2011-10-31,30.50,30.62,30.24,30.24,22400,29.86
2011-10-28,30.77,31.35,30.77,31.35,5600,30.96
2011-10-27,30.96,31.43,30.61,31.11,138200,30.72
2011-10-26,29.68,29.91,29.24,29.79,14600,29.42
2011-10-25,29.08,29.39,29.01,29.03,16100,28.66
2011-10-24,28.80,29.82,28.80,29.66,23400,29.29
2011-10-21,28.35,28.73,28.35,28.70,23100,28.34
2011-10-20,28.11,28.16,27.65,28.02,16900,27.67
2011-10-19,28.55,28.55,28.10,28.22,13900,27.86
2011-10-18,27.93,28.63,27.90,28.63,6400,28.27
2011-10-17,28.22,28.34,27.93,28.09,2400,27.74
2011-10-14,28.51,28.64,28.34,28.56,10400,28.20
2011-10-13,28.33,28.35,27.98,28.30,6800,27.94
2011-10-12,27.81,28.41,27.81,28.41,13500,28.05
2011-10-11,27.02,27.60,27.02,27.39,26400,27.05
2011-10-10,26.99,27.49,26.99,27.31,13700,26.97
2011-10-07,27.01,27.08,26.37,26.48,6000,26.15
2011-10-06,26.11,26.74,26.04,26.74,9100,26.40
2011-10-05,25.32,25.97,25.30,25.97,18600,25.64
2011-10-04,24.80,25.45,24.50,25.45,93300,25.13
2011-10-03,25.48,25.77,25.13,25.13,18600,24.81
2011-09-30,26.35,26.52,25.83,25.85,20100,25.52
2011-09-29,26.91,27.05,26.47,26.78,12500,26.44
2011-09-28,26.82,27.17,26.41,26.41,14800,26.08
2011-09-27,26.78,27.23,26.71,26.71,47300,26.37
2011-09-26,25.94,26.15,25.46,26.15,8700,25.82
2011-09-23,25.28,25.90,25.28,25.79,10200,25.47
2011-09-22,25.91,25.91,24.94,25.16,18000,24.84
2011-09-21,27.49,27.72,26.79,26.79,32300,26.45
2011-09-20,27.63,28.01,27.54,27.55,17100,27.20
2011-09-19,27.77,27.92,27.50,27.92,9100,27.57
2011-09-16,28.87,28.87,28.60,28.60,900,28.24
2011-09-15,28.52,28.66,28.52,28.66,4400,28.30
2011-09-14,28.40,28.62,28.05,28.49,3700,28.13
2011-09-13,28.54,28.60,28.26,28.55,10600,28.19
2011-09-12,28.19,28.58,27.99,28.54,17700,28.18
2011-09-09,29.21,29.21,28.66,28.72,1800,28.36
2011-09-08,29.94,30.07,29.72,29.85,2100,29.47
2011-09-07,29.92,30.22,29.91,30.17,11600,29.79
2011-09-06,29.00,29.50,28.75,29.49,8800,29.12
2011-09-02,30.27,30.50,30.01,30.12,13500,29.74
2011-09-01,30.70,31.03,30.70,30.76,12500,30.37
2011-08-31,30.66,30.80,30.54,30.79,6800,30.40
2011-08-30,30.11,30.56,30.11,30.46,4800,30.08
2011-08-29,29.91,30.44,29.91,30.34,2600,29.96
2011-08-26,29.02,29.68,28.89,29.64,7100,29.27
2011-08-25,29.60,29.61,29.17,29.35,9000,28.98
2011-08-24,29.69,29.92,29.55,29.77,6000,29.40
2011-08-23,29.39,29.95,29.39,29.95,5500,29.57
2011-08-22,29.75,29.75,29.20,29.20,13000,28.83
2011-08-19,29.39,29.91,29.20,29.30,65800,28.93
2011-08-18,29.61,29.86,29.27,29.38,26800,29.01
2011-08-17,30.36,30.67,30.26,30.52,17900,30.14
2011-08-16,29.90,30.27,29.90,30.15,29800,29.77
2011-08-15,29.84,30.25,29.84,30.25,13000,29.87
2011-08-12,29.69,29.75,29.24,29.51,21000,29.14
2011-08-11,28.47,29.61,28.47,29.60,14600,29.23
2011-08-10,28.60,29.06,28.20,28.42,30900,28.06
2011-08-09,28.49,29.39,27.92,29.39,27300,29.02
2011-08-08,29.50,29.66,27.94,28.17,61500,27.82
2011-08-05,31.03,31.03,29.73,30.71,42300,30.32
2011-08-04,31.91,31.91,30.95,31.04,105500,30.65
2011-08-03,32.87,32.87,32.03,32.59,129300,32.18
2011-08-02,33.56,33.56,32.90,32.91,12800,32.50
2011-08-01,34.24,34.24,33.44,33.72,15800,33.30
2011-07-29,33.36,33.90,33.36,33.78,27400,33.35
2011-07-28,33.59,33.86,33.58,33.71,12500,33.29
2011-07-27,34.10,34.10,33.51,33.56,11200,33.14
2011-07-26,34.21,34.26,33.99,34.25,17200,33.82
2011-07-25,33.89,34.24,33.88,34.01,31600,33.58
2011-07-22,34.24,34.24,33.97,34.07,12200,33.64
2011-07-21,33.96,34.17,33.96,34.15,5800,33.72
2011-07-20,33.88,34.04,33.75,33.75,71600,33.33
2011-07-19,33.78,33.98,33.74,33.90,12000,33.47
2011-07-18,33.83,33.83,33.61,33.63,3600,33.21
2011-07-15,34.06,34.16,34.06,34.16,10400,33.73
2011-07-14,34.34,34.34,33.95,33.95,8800,33.52
2011-07-13,33.97,34.51,33.97,34.27,5800,33.84
2011-07-12,33.84,34.05,33.83,33.87,49200,33.44
2011-07-11,34.47,34.47,34.02,34.02,9300,33.59
2011-07-08,34.82,34.89,34.65,34.74,57100,34.30
2011-07-07,35.49,35.49,35.20,35.21,7800,34.77
2011-07-06,35.22,35.22,34.80,35.03,11200,34.59
2011-07-05,35.55,35.55,35.23,35.30,13600,34.86
2011-07-01,35.28,35.44,35.07,35.44,11700,34.99
2011-06-30,35.00,35.11,34.99,35.11,16000,34.67
2011-06-29,34.54,34.85,34.51,34.82,13800,34.38
2011-06-28,34.34,34.58,34.15,34.58,7500,34.14
2011-06-27,34.03,34.27,34.03,34.26,4300,33.83
2011-06-24,34.08,34.18,33.97,33.99,10700,33.56
2011-06-23,33.70,34.05,33.63,34.05,6800,33.62
2011-06-22,34.29,34.41,34.14,34.14,6500,33.71
2011-06-21,34.17,34.42,34.05,34.39,11200,33.96
2011-06-20,34.45,34.50,34.31,34.48,11400,33.43
2011-06-17,34.51,34.52,34.32,34.50,10400,33.45
2011-06-16,34.35,34.35,33.96,34.17,16500,33.13
2011-06-15,34.76,34.83,34.33,34.48,27900,33.43
2011-06-14,35.07,35.23,35.07,35.10,40500,34.03
2011-06-13,34.89,35.06,34.74,34.90,18200,33.83
2011-06-10,35.07,35.08,34.71,34.79,19800,33.73
2011-06-09,35.46,35.48,35.34,35.36,7100,34.28
2011-06-08,35.79,35.80,35.49,35.52,7700,34.43
2011-06-07,35.80,35.97,35.80,35.82,8500,34.73
2011-06-06,36.15,36.15,35.58,35.71,8300,34.62
2011-06-03,35.71,36.23,35.71,36.11,8400,35.01
2011-06-02,35.88,36.13,35.82,36.13,8800,35.03
2011-06-01,36.31,36.31,35.77,35.77,17000,34.68
2011-05-31,36.32,36.49,36.12,36.40,23700,35.29
2011-05-27,36.00,36.12,35.86,35.97,27500,34.87
2011-05-26,35.69,35.87,35.64,35.87,15000,34.77
2011-05-25,35.48,35.64,35.38,35.55,22000,34.46
2011-05-24,35.63,35.66,35.47,35.59,14000,34.50
2011-05-23,35.55,35.55,35.29,35.50,11700,34.41
2011-05-20,36.23,36.23,35.92,36.11,27200,35.01
2011-05-19,36.47,36.47,36.23,36.38,13400,35.27
2011-05-18,35.88,36.46,35.88,36.33,11500,35.22
2011-05-17,35.92,36.00,35.65,35.98,8600,34.88
2011-05-16,35.87,36.08,35.76,35.82,7500,34.73
2011-05-13,36.35,36.35,35.57,35.80,27300,34.71
2011-05-12,36.23,36.32,35.76,36.30,18800,35.19
2011-05-11,36.73,36.73,35.98,36.15,12800,35.04
2011-05-10,36.47,36.75,36.46,36.75,19600,35.63
2011-05-09,36.01,36.48,36.01,36.47,6600,35.36
2011-05-06,36.28,36.50,36.08,36.14,12000,35.04
2011-05-05,35.46,36.03,35.46,35.70,23000,34.61
2011-05-04,36.32,36.32,35.89,35.89,18000,34.79
2011-05-03,36.55,36.61,36.23,36.40,16000,35.29
2011-05-02,37.31,37.31,36.75,36.76,19100,35.64
2011-04-29,36.85,36.92,36.72,36.89,19000,35.76
2011-04-28,36.83,36.87,36.60,36.87,15300,35.74
2011-04-27,37.24,37.24,36.63,37.01,64900,35.88
2011-04-26,37.24,37.24,37.02,37.15,21400,36.01
2011-04-25,37.39,37.39,36.94,37.11,13700,35.98
2011-04-21,37.17,37.26,37.12,37.19,11700,36.05
2011-04-20,36.87,36.94,36.66,36.80,8500,35.68
2011-04-19,36.28,36.36,36.12,36.29,12800,35.18
2011-04-18,36.22,36.22,35.84,36.16,11300,35.05
2011-04-15,36.78,36.78,36.45,36.54,80000,35.42
2011-04-14,35.93,36.53,35.93,36.53,29000,35.41
2011-04-13,36.34,36.41,35.97,36.20,21400,35.09
2011-04-12,36.21,36.21,35.77,36.00,18300,34.90
2011-04-11,36.77,36.77,36.05,36.05,10100,34.95
2011-04-08,37.09,37.09,36.73,36.91,18900,35.78
2011-04-07,36.81,36.89,36.63,36.75,53300,35.63
2011-04-06,36.92,37.09,36.82,36.82,9700,35.69
2011-04-05,36.74,36.97,36.67,36.88,19000,35.75
2011-04-04,36.95,36.95,36.63,36.81,20100,35.68
2011-04-01,35.94,36.56,35.94,36.51,23300,35.39
2011-03-31,35.90,36.11,35.87,35.98,18100,34.88
2011-03-30,35.60,35.79,35.56,35.76,24000,34.67
2011-03-29,34.99,35.29,34.83,35.25,16800,34.17
2011-03-28,35.07,35.07,34.81,34.89,32300,33.82
2011-03-25,34.83,35.19,34.83,35.00,4000,33.93
2011-03-24,34.80,34.94,34.69,34.94,19400,33.87
2011-03-23,34.46,34.74,34.43,34.62,14800,33.56
2011-03-22,34.39,34.45,34.31,34.40,60500,33.35
2011-03-21,34.17,34.38,34.07,34.27,23700,33.22
2011-03-18,33.63,33.76,33.44,33.53,24400,32.51
2011-03-17,33.50,33.50,33.09,33.21,12300,32.19
2011-03-16,33.62,33.68,32.85,33.06,58100,32.05
2011-03-15,33.08,33.84,33.06,33.76,92100,32.73
2011-03-14,34.02,34.32,33.98,34.29,4600,33.24
2011-03-11,33.74,34.31,33.74,34.31,11900,33.26
2011-03-10,34.02,34.23,33.96,34.02,21500,32.98
2011-03-09,34.49,34.58,34.41,34.42,12300,33.37
2011-03-08,34.34,34.60,34.23,34.46,3600,33.41
2011-03-07,34.31,34.49,34.00,34.13,11500,33.09
2011-03-04,34.32,34.34,34.11,34.31,10600,33.26
2011-03-03,33.78,34.26,33.78,34.18,11900,33.14
2011-03-02,33.51,33.63,33.43,33.55,9800,32.52
2011-03-01,33.67,33.83,33.27,33.29,19300,32.27
2011-02-28,33.25,33.55,33.25,33.46,21100,32.44
2011-02-25,33.15,33.33,33.15,33.32,6400,32.30
2011-02-24,32.84,33.08,32.82,33.03,16100,32.02
2011-02-23,32.99,33.23,32.85,33.05,51200,32.04
2011-02-22,33.17,33.29,32.83,32.93,24400,31.92
2011-02-18,34.07,34.07,33.78,33.92,19600,32.88
2011-02-17,33.73,33.98,33.66,33.95,73700,32.91
2011-02-16,33.48,33.64,33.46,33.59,13100,32.56
2011-02-15,32.89,33.20,32.89,33.14,10200,32.13
2011-02-14,33.11,33.26,33.04,33.18,16500,32.17
2011-02-11,32.80,33.07,32.57,32.97,26500,31.96
2011-02-10,32.60,32.91,32.50,32.81,22800,31.81
2011-02-09,33.00,33.25,32.90,33.03,32500,32.02
2011-02-08,33.22,33.65,33.22,33.65,19000,32.62
2011-02-07,33.65,33.76,33.30,33.64,30400,32.61
2011-02-04,34.31,34.31,33.77,33.98,13700,32.94
2011-02-03,34.31,34.31,33.94,34.14,17700,33.10
2011-02-02,34.32,34.37,34.16,34.23,22900,33.18
2011-02-01,33.91,34.30,33.91,34.26,25200,33.21
2011-01-31,33.57,33.91,33.57,33.90,24700,32.86
2011-01-28,34.39,34.39,33.56,33.68,22800,32.65
2011-01-27,34.67,34.72,34.56,34.57,11800,33.51
2011-01-26,34.21,34.45,34.21,34.42,35500,33.37
2011-01-25,34.01,34.15,33.88,34.11,40200,33.07
2011-01-24,34.19,34.30,34.02,34.29,25400,33.24
2011-01-21,34.92,34.92,34.33,34.33,24500,33.28
2011-01-20,34.81,34.81,34.36,34.58,17200,33.52
2011-01-19,35.39,35.39,34.91,35.02,20900,33.95
2011-01-18,35.16,35.16,34.94,35.01,27000,33.94
2011-01-14,34.85,35.00,34.84,34.96,115200,33.89
2011-01-13,34.97,34.98,34.82,34.91,12900,33.84
2011-01-12,35.12,35.12,34.91,35.06,10300,33.99
2011-01-11,34.62,34.62,34.31,34.55,14100,33.49
2011-01-10,34.39,34.39,34.05,34.23,53900,33.18
2011-01-07,34.73,34.77,34.25,34.58,27300,33.52
2011-01-06,35.11,35.11,34.56,34.68,30700,33.62
2011-01-05,34.84,35.10,34.81,35.03,28400,33.96
2011-01-04,35.01,35.31,34.69,34.94,56000,33.87
2011-01-03,34.57,34.85,34.57,34.78,36200,33.72
2010-12-31,34.44,34.44,34.21,34.32,17700,33.27
2010-12-30,34.12,34.20,34.00,34.10,89100,33.06
2010-12-29,33.71,33.92,33.70,33.86,51700,32.82
2010-12-28,33.57,33.57,33.39,33.41,9800,32.29
2010-12-27,33.80,33.80,33.49,33.63,66800,32.50
2010-12-23,34.46,34.46,33.50,33.61,29800,32.48
2010-12-22,33.73,33.76,33.52,33.76,24900,32.62
2010-12-21,33.73,33.73,33.56,33.69,53400,32.56
2010-12-20,33.43,33.43,33.12,33.21,19100,32.09
2010-12-17,33.43,33.43,33.21,33.42,18400,32.29
2010-12-16,33.31,33.41,33.20,33.40,108900,32.28
2010-12-15,33.55,33.55,33.17,33.22,75400,32.10
2010-12-14,33.77,33.84,33.64,33.72,51300,32.58
2010-12-13,33.74,33.86,33.66,33.79,69200,32.65
2010-12-10,33.23,33.44,33.23,33.41,81000,32.29
2010-12-09,33.72,33.72,33.23,33.32,17000,32.20
2010-12-08,33.79,33.79,33.40,33.54,22400,32.41
2010-12-07,34.20,34.20,33.70,33.71,35200,32.57
2010-12-06,33.96,33.96,33.67,33.81,89700,32.67
2010-12-03,33.66,33.95,33.65,33.94,19000,32.80
2010-12-02,33.54,33.77,33.48,33.77,74400,32.63
2010-12-01,33.10,33.47,33.09,33.36,37700,32.24
2010-11-30,32.21,32.92,32.21,32.67,21700,31.57
2010-11-29,32.65,32.93,32.51,32.93,19900,31.82
2010-11-26,32.93,32.93,32.54,32.54,3700,31.44
2010-11-24,32.97,33.12,32.94,32.98,12700,31.87
2010-11-23,32.85,32.85,32.32,32.53,16700,31.43
2010-11-22,33.44,33.52,33.00,33.34,77800,32.22
2010-11-19,33.21,33.55,33.11,33.49,30400,32.36
2010-11-18,33.38,33.53,33.32,33.44,20200,32.31
2010-11-17,32.79,32.95,32.79,32.88,38100,31.77
2010-11-16,33.27,33.34,32.62,32.75,35500,31.65
2010-11-15,33.72,33.92,33.41,33.48,24800,32.35
2010-11-12,34.02,34.02,33.50,33.65,48700,32.52
2010-11-11,34.55,34.55,34.17,34.21,28800,33.06
2010-11-10,34.74,34.77,34.27,34.67,51300,33.50
2010-11-09,35.09,35.09,34.31,34.44,35900,33.28
2010-11-08,34.93,34.93,34.60,34.82,40700,33.65
2010-11-05,34.90,34.90,34.55,34.76,33400,33.59
2010-11-04,34.84,34.94,34.74,34.94,23400,33.76
2010-11-03,34.27,34.27,33.80,34.17,45700,33.02
2010-11-02,33.68,33.68,33.45,33.65,10300,32.52
2010-11-01,33.49,33.52,33.16,33.27,20600,32.15
2010-10-29,33.17,33.17,32.93,33.04,22500,31.93
2010-10-28,32.78,32.94,32.78,32.90,14600,31.79
2010-10-27,32.66,32.75,32.47,32.70,73800,31.60
2010-10-26,32.99,33.04,32.77,33.00,28300,31.89
2010-10-25,32.82,33.14,32.78,33.02,34700,31.91
2010-10-22,33.12,33.12,32.74,32.77,10100,31.67
2010-10-21,33.27,33.27,32.64,32.91,21800,31.80
2010-10-20,32.92,33.08,32.73,33.08,16600,31.97
2010-10-19,33.09,33.09,32.66,32.76,38000,31.66
2010-10-18,33.43,33.48,33.37,33.46,34800,32.33
2010-10-15,33.86,33.86,33.38,33.57,39600,32.44
2010-10-14,33.64,33.65,33.31,33.47,32700,32.34
2010-10-13,33.55,33.73,33.55,33.68,21900,32.55
2010-10-12,33.18,33.36,32.88,33.30,44800,32.18
2010-10-11,33.35,33.36,33.26,33.29,67400,32.17
2010-10-08,33.11,33.24,32.81,33.15,11800,32.03
2010-10-07,33.48,33.48,32.88,32.99,21900,31.88
2010-10-06,33.54,33.54,33.24,33.26,63800,32.14
2010-10-05,33.20,33.50,33.04,33.44,25000,32.31
2010-10-04,33.02,33.02,32.61,32.79,79000,31.69
2010-10-01,32.61,32.70,32.43,32.64,18400,31.54
2010-09-30,32.38,32.38,32.02,32.27,22100,31.18
2010-09-29,32.06,32.15,31.92,32.02,16700,30.94
2010-09-28,31.80,32.03,31.75,32.03,10500,30.95
2010-09-27,32.02,32.03,31.84,31.93,18900,30.85
2010-09-24,32.01,32.09,31.97,32.08,6900,31.00
2010-09-23,31.87,31.91,31.60,31.64,21500,30.57
2010-09-22,31.96,32.04,31.85,31.98,8900,30.90
2010-09-21,31.96,31.97,31.66,31.88,19100,30.81
2010-09-20,31.87,31.87,31.71,31.86,42700,30.79
2010-09-17,31.87,31.87,31.55,31.70,13000,30.63
2010-09-16,31.61,31.67,31.56,31.67,8900,30.60
2010-09-15,31.17,31.58,31.17,31.58,16900,30.52
2010-09-14,31.47,31.66,31.39,31.57,24000,30.51
2010-09-13,31.46,31.46,31.21,31.40,17000,30.34
2010-09-10,30.56,30.95,30.56,30.90,11000,29.86
2010-09-09,30.69,30.69,30.53,30.63,8600,29.60
2010-09-08,30.52,30.52,30.36,30.41,61200,29.39
2010-09-07,30.54,30.54,30.27,30.32,56900,29.30
2010-09-03,30.93,30.93,30.57,30.60,7900,29.57
2010-09-02,30.50,30.50,30.38,30.48,11000,29.45
2010-09-01,30.01,30.53,30.01,30.42,6900,29.40
2010-08-31,29.75,29.92,29.71,29.87,4500,28.86
2010-08-30,30.04,30.04,29.68,29.68,5800,28.68
2010-08-27,29.94,30.22,29.94,30.22,58000,29.20
2010-08-26,29.90,29.90,29.50,29.56,7600,28.56
2010-08-25,29.51,29.78,29.34,29.77,73900,28.77
2010-08-24,29.58,29.75,29.58,29.71,5900,28.71
2010-08-23,30.35,30.35,29.83,29.83,3500,28.83
2010-08-20,30.08,30.22,29.98,30.22,6800,29.20
2010-08-19,30.33,30.33,30.07,30.22,6000,29.20
2010-08-18,30.28,30.54,30.25,30.48,8500,29.45
2010-08-17,30.27,30.45,30.24,30.33,5600,29.31
2010-08-16,29.96,30.16,29.96,30.16,32700,29.14
2010-08-13,29.64,29.81,29.64,29.75,5600,28.75
2010-08-12,29.34,29.66,29.24,29.64,11200,28.64
2010-08-11,30.14,30.14,29.60,29.60,18700,28.60
2010-08-10,30.55,30.79,30.48,30.69,15400,29.66
2010-08-09,30.84,31.04,30.84,30.98,5700,29.94
2010-08-06,30.53,30.97,30.53,30.97,7100,29.93
2010-08-05,30.86,30.88,30.80,30.80,2000,29.76
2010-08-04,30.96,31.01,30.85,31.01,4600,29.97
2010-08-03,31.06,31.06,30.79,30.92,18000,29.88
2010-08-02,31.20,31.22,30.93,31.22,12300,30.17
2010-07-30,30.37,30.65,30.27,30.64,19300,29.61
2010-07-29,30.50,30.50,30.03,30.26,25700,29.24
2010-07-28,30.16,30.26,30.06,30.06,8300,29.05
2010-07-27,30.57,30.57,30.19,30.33,7800,29.31
2010-07-26,30.32,30.36,30.04,30.33,26100,29.31
2010-07-23,29.98,30.27,29.87,30.27,15900,29.25
2010-07-22,29.70,30.15,29.70,29.90,7500,28.89
2010-07-21,29.52,29.65,29.24,29.24,5800,28.26
2010-07-20,28.89,29.45,28.89,29.45,9800,28.46
2010-07-19,29.09,29.14,28.85,29.14,5500,28.16
2010-07-16,29.10,29.10,28.75,28.80,66700,27.83
2010-07-15,29.27,29.57,29.08,29.39,10200,28.40
2010-07-14,29.38,29.41,29.25,29.35,12900,28.36
2010-07-13,29.69,29.69,29.42,29.52,9800,28.53
2010-07-12,29.47,29.55,29.19,29.28,3900,28.29
2010-07-09,29.29,29.65,29.29,29.65,4900,28.65
2010-07-08,29.36,29.36,28.95,29.27,49700,28.28
2010-07-07,28.84,29.18,28.73,29.18,56000,28.20
2010-07-06,28.89,29.14,28.59,28.66,9800,27.69
2010-07-02,28.44,28.55,28.31,28.47,4600,27.51
2010-07-01,28.35,28.49,27.78,28.47,84000,27.51
2010-06-30,28.41,28.77,28.17,28.17,29400,27.22
2010-06-29,28.65,28.65,27.85,28.16,12800,27.21
2010-06-28,29.35,29.35,29.14,29.24,2300,28.26
2010-06-25,28.96,29.11,28.73,29.09,16000,28.11
2010-06-24,29.07,29.24,28.62,28.96,27100,27.98
2010-06-23,28.90,29.14,28.85,29.07,8800,28.09
2010-06-22,29.22,29.32,28.90,28.90,4800,27.93
2010-06-21,29.75,29.75,29.09,29.14,21600,28.16
2010-06-18,29.50,29.61,29.50,29.51,4400,27.90
2010-06-17,29.51,29.51,29.25,29.31,5900,27.71
2010-06-16,29.55,29.55,29.28,29.50,5700,27.89
2010-06-15,29.06,29.64,29.06,29.64,7000,28.03
2010-06-14,29.09,29.29,28.90,28.90,11200,27.33
2010-06-11,28.40,28.92,28.40,28.91,11600,27.34
2010-06-10,28.25,28.77,28.25,28.77,18700,27.20
2010-06-09,28.09,28.27,27.83,27.83,16900,26.32
2010-06-08,27.64,27.80,27.44,27.80,6900,26.29
2010-06-07,27.79,27.81,27.33,27.35,8500,25.86
2010-06-04,27.90,28.08,27.58,27.58,16600,26.08
2010-06-03,28.30,28.40,28.29,28.40,1800,26.85
2010-06-02,28.07,28.47,28.00,28.47,11900,26.92
2010-06-01,28.00,28.39,27.91,27.97,6600,26.45
2010-05-28,28.56,28.63,28.29,28.30,6100,26.76
2010-05-27,28.46,28.76,28.08,28.76,12300,27.19
2010-05-26,27.38,27.90,27.20,27.33,6200,25.84
2010-05-25,26.64,27.20,26.34,27.17,25200,25.69
2010-05-24,27.76,28.02,27.71,27.71,8800,26.20
2010-05-21,26.64,27.90,26.64,27.90,29400,26.38
2010-05-20,27.32,27.54,26.62,27.22,104500,25.74
2010-05-19,28.52,28.60,27.94,28.55,22700,27.00
2010-05-18,29.44,29.44,28.71,28.81,20300,27.24
2010-05-17,29.26,29.26,28.52,29.19,11400,27.60
2010-05-14,29.30,29.85,29.04,29.35,8300,27.75
2010-05-13,29.85,30.14,29.22,29.86,18800,28.23
2010-05-12,30.08,30.21,29.98,30.19,25300,28.55
2010-05-11,29.66,30.11,29.64,29.78,20500,28.16
2010-05-10,30.38,30.48,28.81,29.88,43300,28.25
2010-05-07,28.01,28.33,27.25,27.88,24400,26.36
2010-05-06,29.01,29.01,27.10,28.01,35500,26.49
2010-05-05,29.36,29.60,29.13,29.34,23400,27.74
2010-05-04,30.60,30.60,29.83,29.89,54200,28.26
2010-05-03,31.19,31.27,30.93,31.26,16500,29.56
2010-04-30,31.54,31.54,30.98,30.99,18000,29.30
2010-04-29,31.20,31.44,31.13,31.43,11500,29.72
2010-04-28,30.81,31.06,30.60,31.02,22000,29.33
2010-04-27,31.49,31.49,30.60,30.68,17000,29.01
2010-04-26,31.94,31.94,31.79,31.79,14300,30.06
2010-04-23,31.52,31.72,31.44,31.72,14000,29.99
2010-04-22,31.25,31.48,30.91,31.48,8500,29.77
2010-04-21,31.35,31.37,31.03,31.21,18900,29.51
2010-04-20,31.31,31.32,31.19,31.27,28000,29.57
2010-04-19,31.18,31.23,30.80,31.04,24600,29.35
2010-04-16,31.88,31.88,31.21,31.31,19100,29.61
2010-04-15,31.89,31.94,31.75,31.88,18500,30.14
2010-04-14,32.02,32.02,31.78,31.98,11600,30.24
2010-04-13,31.82,31.82,31.45,31.57,64700,29.85
2010-04-12,31.78,31.78,31.54,31.60,26300,29.88
2010-04-09,31.77,31.77,31.63,31.72,75000,29.99
2010-04-08,31.59,31.73,31.36,31.70,13200,29.97
2010-04-07,31.93,31.93,31.56,31.67,16600,29.95
2010-04-06,32.19,32.19,31.70,31.89,46800,30.15
2010-04-05,31.94,31.94,31.72,31.72,4500,29.99
2010-04-01,31.48,31.69,31.48,31.57,7900,29.85
2010-03-31,31.39,31.39,31.16,31.16,6500,29.46
2010-03-30,31.67,31.67,31.39,31.52,51000,29.80
2010-03-29,31.21,31.48,31.21,31.47,4900,29.76
2010-03-26,31.00,31.14,30.89,30.98,7300,29.29
2010-03-25,31.27,31.27,30.95,30.95,19900,29.27
2010-03-24,31.00,31.04,30.87,30.92,4300,29.24
2010-03-23,31.16,31.34,31.06,31.34,5700,29.63
2010-03-22,31.04,31.19,30.83,31.19,13500,29.49
2010-03-19,31.78,31.78,31.06,31.06,6100,29.37
2010-03-18,31.81,31.81,31.50,31.50,11100,29.79
2010-03-17,31.80,32.00,31.68,31.94,21500,30.20
2010-03-16,31.25,31.51,31.25,31.43,8800,29.72
2010-03-15,31.49,31.49,31.13,31.34,10700,29.63
2010-03-12,31.94,31.94,31.46,31.57,13200,29.85
2010-03-11,31.69,31.69,31.44,31.59,8600,29.87
2010-03-10,31.74,31.91,31.62,31.74,7600,30.01
2010-03-09,31.31,31.75,31.20,31.57,9400,29.85
2010-03-08,31.41,31.45,31.23,31.42,7700,29.71
2010-03-05,30.88,31.20,30.87,31.16,8800,29.46
2010-03-04,30.77,30.77,30.47,30.60,47100,28.93
2010-03-03,30.65,30.98,30.64,30.73,16900,29.06
2010-03-02,30.51,30.79,30.51,30.64,5500,28.97
2010-03-01,29.97,30.33,29.97,30.33,5100,28.68
2010-02-26,29.63,29.90,29.58,29.90,9100,28.27
2010-02-25,29.26,29.73,29.10,29.73,17300,28.11
2010-02-24,29.52,29.79,29.52,29.60,19700,27.99
2010-02-23,29.64,29.92,29.39,29.54,13900,27.93
2010-02-22,29.95,29.95,29.77,29.85,6800,28.23
2010-02-19,29.86,30.08,29.77,29.96,12400,28.33
2010-02-18,30.09,30.26,29.98,30.17,6400,28.53
2010-02-17,30.42,30.42,30.12,30.22,4900,28.58
2010-02-16,29.71,30.03,29.71,30.00,2800,28.37
2010-02-12,29.66,29.66,29.23,29.45,11500,27.85
2010-02-11,29.59,29.90,29.33,29.86,8100,28.23
2010-02-10,29.28,29.60,29.19,29.54,4000,27.93
2010-02-09,28.94,29.46,28.91,29.28,25900,27.69
2010-02-08,28.80,28.80,28.34,28.38,15100,26.84
2010-02-05,28.71,28.71,24.61,28.60,204900,27.04
2010-02-04,29.93,29.93,28.87,28.96,25700,27.38
2010-02-03,30.36,30.54,30.24,30.32,11600,28.67
2010-02-02,30.02,30.39,30.01,30.38,9700,28.73
2010-02-01,29.50,30.15,29.50,30.15,15000,28.51
2010-01-29,29.85,29.92,29.39,29.39,6100,27.79
2010-01-28,30.00,30.04,29.53,29.82,12500,28.20
2010-01-27,30.00,30.04,29.67,30.00,6900,28.37
2010-01-26,30.33,30.33,29.88,30.00,13200,28.37
2010-01-25,31.01,31.01,30.44,30.58,8900,28.92
2010-01-22,30.70,30.77,30.37,30.37,7900,28.72
2010-01-21,31.53,31.53,30.70,30.81,24800,29.13
2010-01-20,31.80,31.80,31.47,31.69,16700,29.97
2010-01-19,31.89,32.24,31.71,32.23,36800,30.48
2010-01-15,31.64,31.64,31.32,31.46,32200,29.75
2010-01-14,31.88,31.88,31.66,31.82,9800,30.09
2010-01-13,31.79,31.79,31.41,31.62,56600,29.90
2010-01-12,32.29,32.29,31.60,31.71,51900,29.98
2010-01-11,32.02,32.06,31.86,31.87,12200,30.14
2010-01-08,31.52,31.52,31.20,31.41,12800,29.70
2010-01-07,32.64,32.64,31.00,31.16,39300,29.46
2010-01-06,31.34,31.42,31.18,31.38,31700,29.67
2010-01-05,30.73,31.20,30.73,31.05,22000,29.36
2010-01-04,30.16,30.59,29.99,30.59,20400,28.92
2009-12-31,30.05,30.05,29.65,29.79,12500,28.17
2009-12-30,29.79,29.79,29.59,29.74,29800,28.12
2009-12-29,29.77,29.78,29.60,29.60,9500,27.99
2009-12-28,30.07,30.07,29.73,29.83,7100,28.21
2009-12-24,29.55,29.67,29.45,29.67,3300,28.05
2009-12-23,29.38,29.38,29.06,29.25,4600,27.66
2009-12-22,28.98,29.09,28.89,28.99,9100,27.41
2009-12-21,29.11,29.12,28.90,28.97,4700,27.39
2009-12-18,29.03,29.03,28.78,28.80,4600,27.21
2009-12-17,29.18,29.18,28.76,28.76,8300,27.17
2009-12-16,30.02,30.02,29.46,29.46,71400,27.83
2009-12-15,29.84,29.89,29.71,29.76,30200,28.11
2009-12-14,30.85,30.85,29.85,30.00,18300,28.34
2009-12-11,29.87,29.92,29.70,29.86,5000,28.21
2009-12-10,29.70,29.73,29.60,29.71,5400,28.07
2009-12-09,29.43,29.57,29.43,29.57,5600,27.93
2009-12-08,29.80,29.81,29.32,29.32,7900,27.70
2009-12-07,30.21,30.28,30.04,30.24,7600,28.57
2009-12-04,30.74,30.74,29.96,30.19,18200,28.52
2009-12-03,30.50,30.50,30.15,30.25,25700,28.58
2009-12-02,30.00,30.12,29.81,30.12,4700,28.45
2009-12-01,29.47,29.81,29.47,29.81,9100,28.16
2009-11-30,29.28,29.28,28.98,29.10,108700,27.49
2009-11-27,28.91,29.07,28.32,28.93,7500,27.33
2009-11-25,29.40,29.74,29.37,29.71,22900,28.07
2009-11-24,29.42,29.42,29.00,29.27,18200,27.65
2009-11-23,29.78,29.78,29.47,29.50,6900,27.87
2009-11-20,29.01,29.22,29.01,29.19,16800,27.58
2009-11-19,29.70,29.70,29.05,29.30,35500,27.68
2009-11-18,30.00,30.00,29.71,29.92,25400,28.26
2009-11-17,30.05,30.09,29.71,30.09,38300,28.43
2009-11-16,30.15,30.25,30.01,30.01,7800,28.35
2009-11-13,29.42,29.81,29.14,29.70,109100,28.06
2009-11-12,29.85,29.93,29.02,29.02,16800,27.41
2009-11-11,30.31,30.31,29.78,29.83,143200,28.18
2009-11-10,30.11,30.11,29.67,29.85,20200,28.20
2009-11-09,29.75,30.07,29.68,30.05,11900,28.39
2009-11-06,28.87,28.95,28.67,28.90,4500,27.30
2009-11-05,28.49,29.03,28.49,29.03,9300,27.42
2009-11-04,28.32,28.83,28.30,28.44,34100,26.87
2009-11-03,27.74,28.04,27.65,28.01,6200,26.46
2009-11-02,27.72,28.21,27.66,27.91,9200,26.37
2009-10-30,28.68,28.68,27.50,27.60,27800,26.07
2009-10-29,28.18,28.62,28.00,28.56,17500,26.98
2009-10-28,28.47,28.50,27.67,27.72,16200,26.19
2009-10-27,29.24,29.24,28.76,28.76,10500,27.17
2009-10-26,29.78,29.81,29.04,29.17,12700,27.56
2009-10-23,30.05,30.05,29.40,29.44,20600,27.81
2009-10-22,29.62,29.66,29.29,29.62,16400,27.98
2009-10-21,29.49,29.82,29.45,29.56,14200,27.92
2009-10-20,29.61,29.61,29.19,29.19,10300,27.58
2009-10-19,29.55,29.64,29.35,29.63,8000,27.99
2009-10-16,29.12,29.31,29.00,29.22,12300,27.60
2009-10-15,29.44,29.53,29.12,29.44,17000,27.81
2009-10-14,29.00,29.54,28.97,29.54,26300,27.91
2009-10-13,28.76,28.76,28.35,28.68,16800,27.09
2009-10-12,28.49,28.74,28.41,28.60,17500,27.02
2009-10-09,28.41,28.48,28.35,28.44,8400,26.87
2009-10-08,28.38,28.41,28.09,28.36,59400,26.79
2009-10-07,28.13,28.17,28.02,28.16,10600,26.60
2009-10-06,28.17,28.34,28.04,28.04,9700,26.49
2009-10-05,27.75,27.92,27.51,27.92,11900,26.38
2009-10-02,26.80,27.57,26.50,27.46,65900,25.94
2009-10-01,28.22,28.22,27.30,27.44,69800,25.92
2009-09-30,28.51,28.82,27.56,28.05,75600,26.50
2009-09-29,28.05,28.22,27.75,28.05,106200,26.50
2009-09-28,27.73,28.04,27.71,27.95,8600,26.40
2009-09-25,27.77,27.92,27.70,27.73,7800,26.20
2009-09-24,28.15,28.15,27.44,27.70,4700,26.17
2009-09-23,28.36,28.48,28.22,28.48,8900,26.90
2009-09-22,28.58,28.58,28.08,28.08,6100,26.53
2009-09-21,28.08,28.13,27.90,28.13,10400,26.57
2009-09-18,28.55,28.55,28.14,28.38,28000,26.81
2009-09-17,28.42,28.58,28.20,28.28,5100,26.72
2009-09-16,27.96,28.32,27.96,28.05,17600,26.50
2009-09-15,28.85,28.85,27.52,27.80,20700,26.26
2009-09-14,33.63,33.63,27.73,27.83,17300,26.29
2009-09-11,28.07,28.07,27.96,27.97,2000,26.42
2009-09-10,27.69,27.89,27.56,27.89,8800,26.35
2009-09-09,27.61,27.72,27.37,27.56,13200,26.04
2009-09-08,27.59,27.69,27.37,27.46,2200,25.94
2009-09-04,26.73,27.10,26.69,27.10,2400,25.60
2009-09-03,26.83,26.83,26.29,26.52,9000,25.05
2009-09-02,25.92,25.99,25.86,25.86,1900,24.43
2009-09-01,26.56,26.59,25.75,26.00,6800,24.56
2009-08-31,26.50,26.50,26.19,26.19,3000,24.74
2009-08-28,27.39,27.39,26.78,26.78,2600,25.30
2009-08-27,26.82,27.09,26.71,27.01,1100,25.52
2009-08-26,27.46,27.52,27.10,27.11,8500,25.61
2009-08-25,28.86,28.86,27.37,27.46,8200,25.94
2009-08-24,28.23,28.23,27.61,27.70,16800,26.17
2009-08-21,27.68,27.68,27.09,27.57,6200,26.04
2009-08-20,26.96,27.02,26.96,27.02,1300,25.53
2009-08-19,25.50,26.79,25.50,26.49,9900,25.02
2009-08-18,28.93,28.93,26.56,26.69,7000,25.21
2009-08-17,27.00,27.00,26.23,26.41,5500,24.95
2009-08-14,27.68,27.68,27.42,27.47,7300,25.95
2009-08-13,28.36,28.36,27.47,27.70,28100,26.17
2009-08-12,27.01,27.96,27.01,27.86,8300,26.32
2009-08-11,28.04,28.04,27.68,27.89,2700,26.35
2009-08-10,28.57,28.57,28.00,28.00,6700,26.45
2009-08-07,29.99,29.99,28.05,28.25,5000,26.69
2009-08-06,30.48,30.48,28.29,28.53,5900,26.95
2009-08-05,28.79,28.79,28.27,28.51,5100,26.93
2009-08-04,30.55,30.55,28.49,28.50,7400,26.92
2009-08-03,28.43,28.75,27.80,28.66,42100,27.07
2009-07-31,27.64,27.64,27.10,27.10,6900,25.60
2009-07-30,26.94,27.21,26.75,26.87,10600,25.38
2009-07-29,27.02,27.02,26.68,26.68,900,25.20
2009-07-28,27.44,27.44,27.10,27.29,8200,25.78
2009-07-27,27.54,27.54,27.08,27.32,3100,25.81
2009-07-24,27.26,27.26,26.75,26.80,8300,25.32
2009-07-23,26.00,27.69,26.00,27.66,19000,26.13
2009-07-22,26.35,26.48,26.31,26.42,5000,24.96
2009-07-21,26.66,26.66,26.23,26.35,6100,24.89
2009-07-20,24.01,26.47,24.01,26.47,5100,25.01
2009-07-17,26.14,26.14,25.55,25.65,3200,24.23
2009-07-16,25.41,25.67,25.40,25.51,2700,24.10
2009-07-15,26.15,26.15,24.74,25.24,2500,23.84
2009-07-14,24.11,24.22,24.11,24.21,2300,22.87
2009-07-13,23.57,24.02,23.50,23.93,1700,22.61
2009-07-10,23.01,23.74,23.01,23.74,1500,22.43
2009-07-09,26.15,26.15,23.68,23.83,1300,22.51
2009-07-08,24.00,24.00,23.11,23.25,4200,21.96
2009-07-07,24.36,24.36,24.00,24.05,2000,22.72
2009-07-06,24.40,24.40,24.25,24.32,1500,22.97
2009-07-02,25.14,25.14,24.44,24.49,9000,23.14
2009-07-01,25.01,25.30,25.00,25.17,17000,23.78
2009-06-30,25.41,25.66,24.86,24.86,5500,23.48
2009-06-29,24.84,24.91,24.77,24.91,3000,23.53
2009-06-26,24.66,24.89,24.66,24.89,5900,23.51
2009-06-25,24.20,24.47,24.18,24.45,22900,23.10
2009-06-24,24.14,24.48,24.14,24.34,8900,22.99
2009-06-23,23.70,23.90,23.70,23.83,10500,22.51
2009-06-22,24.31,24.31,23.71,23.91,4400,22.59
2009-06-19,25.00,25.00,24.43,24.52,8200,23.16
