Date,Open,High,Low,Close,Volume,Adj Close
2012-05-04,32.09,32.20,31.61,31.95,133900,31.95
2012-05-03,32.18,32.36,31.50,31.61,78000,31.61
2012-05-02,32.18,32.45,31.59,32.11,80000,32.11
2012-05-01,32.52,32.84,32.39,32.74,93400,32.26
2012-04-30,32.41,32.50,32.25,32.48,60000,32.00
2012-04-27,32.10,32.37,31.95,32.30,165900,31.83
2012-04-26,31.68,32.13,31.51,31.99,99100,31.52
2012-04-25,31.96,31.96,31.63,31.72,89100,31.25
2012-04-24,31.60,31.93,31.60,31.83,77800,31.36
2012-04-23,31.50,31.73,31.20,31.61,97700,31.15
2012-04-20,31.70,31.78,31.50,31.58,142000,31.12
2012-04-19,31.37,31.66,31.24,31.55,146100,31.09
2012-04-18,31.66,31.66,31.30,31.48,82200,31.02
2012-04-17,31.44,31.78,31.37,31.60,107000,31.14
2012-04-16,31.58,31.59,31.25,31.37,72100,30.91
2012-04-13,31.44,31.59,31.21,31.45,84800,30.99
2012-04-12,31.35,31.80,31.14,31.45,116400,30.99
2012-04-11,31.21,31.50,31.19,31.40,71300,30.94
2012-04-10,31.27,31.56,31.00,31.03,96000,30.58
2012-04-09,31.50,31.65,31.10,31.34,69300,30.88
2012-04-05,31.87,32.17,31.47,31.67,116900,31.21
2012-04-04,32.02,32.38,31.98,32.03,62000,31.56
2012-04-03,31.92,32.20,31.86,32.17,116700,31.70
2012-04-02,31.94,32.13,31.77,31.87,96400,31.40
2012-03-30,31.57,31.98,31.52,31.95,92900,31.48
2012-03-29,31.74,31.79,31.26,31.56,90200,31.10
2012-03-28,31.85,31.96,31.62,31.74,64700,31.27
2012-03-27,31.74,32.17,31.69,31.85,119300,31.38
2012-03-26,31.93,32.15,31.83,31.83,65800,31.36
2012-03-23,31.92,32.15,31.69,31.86,96900,31.39
2012-03-22,32.15,32.21,31.90,32.01,53000,31.54
2012-03-21,32.25,32.43,31.97,32.36,141800,31.89
2012-03-20,31.56,32.24,31.35,32.20,156700,31.73
2012-03-19,31.04,31.98,31.04,31.67,134200,31.21
2012-03-16,31.56,31.56,31.00,31.02,243600,30.57
2012-03-15,31.65,31.68,31.10,31.57,107600,31.11
2012-03-14,32.00,32.17,31.58,31.68,89000,31.22
2012-03-13,32.11,32.11,31.84,31.98,80800,31.51
2012-03-12,32.00,32.20,31.93,32.00,95100,31.53
2012-03-09,32.26,32.30,31.93,32.00,103800,31.53
2012-03-08,32.43,32.43,32.22,32.30,52200,31.83
2012-03-07,31.71,32.47,31.64,32.33,79200,31.86
2012-03-06,32.21,32.21,31.50,31.75,96500,31.28
2012-03-05,32.24,32.47,31.87,32.13,147200,31.66
2012-03-02,33.04,33.13,32.00,32.13,183100,31.66
2012-03-01,32.96,33.12,32.85,33.03,104000,32.55
2012-02-29,33.06,33.09,32.80,32.99,65300,32.51
2012-02-28,32.95,33.07,32.86,33.07,86200,32.59
2012-02-27,32.77,33.05,32.31,33.03,96300,32.55
2012-02-24,33.10,33.14,32.77,32.80,146700,32.32
2012-02-23,32.90,33.11,32.70,33.05,103800,32.57
2012-02-22,32.95,33.11,32.74,32.81,58900,32.33
2012-02-21,33.21,33.25,32.87,33.02,120500,32.54
2012-02-17,32.88,33.26,32.83,33.15,103800,32.66
2012-02-16,32.44,33.00,32.39,32.93,97200,32.45
2012-02-15,32.25,32.57,32.05,32.52,142500,32.04
2012-02-14,31.76,32.43,31.76,32.25,145400,31.78
2012-02-13,31.30,31.77,31.12,31.69,112500,31.23
2012-02-10,31.56,31.57,31.10,31.24,170600,30.78
2012-02-09,31.71,31.96,31.49,31.59,145600,31.13
2012-02-08,31.37,31.90,31.30,31.34,163700,30.88
2012-02-07,31.51,31.69,31.26,31.58,130600,31.12
2012-02-06,31.70,31.99,31.52,31.68,133700,31.22
2012-02-03,32.01,32.29,31.62,32.24,99400,31.77
2012-02-02,32.19,32.49,31.67,31.81,195000,31.34
2012-02-01,32.12,32.54,32.12,32.46,139600,31.98
2012-01-31,32.04,32.52,32.00,32.09,168300,31.62
2012-01-30,32.71,32.71,32.43,32.60,139300,31.65
2012-01-27,32.85,33.04,32.66,32.78,68400,31.83
2012-01-26,33.15,33.27,32.75,32.93,94900,31.97
2012-01-25,32.95,33.22,32.64,33.12,115900,32.16
2012-01-24,32.58,32.94,32.40,32.90,121300,31.95
2012-01-23,32.25,32.76,32.17,32.65,107200,31.70
2012-01-20,32.01,32.26,31.90,32.11,133500,31.18
2012-01-19,31.94,32.33,31.94,32.07,175800,31.14
2012-01-18,31.82,32.10,31.80,32.00,126700,31.07
2012-01-17,31.67,31.89,31.57,31.88,144600,30.95
2012-01-13,31.65,31.77,31.20,31.58,150100,30.66
2012-01-12,31.96,32.06,31.71,31.80,147800,30.88
2012-01-11,32.24,32.29,31.85,31.95,107200,31.02
2012-01-10,32.49,32.54,32.00,32.22,94500,31.29
2012-01-09,32.49,32.58,32.06,32.42,135700,31.48
2012-01-06,32.23,32.64,32.16,32.44,240500,31.50
2012-01-05,32.51,32.93,32.30,32.69,163900,31.74
2012-01-04,32.14,32.60,32.12,32.49,196900,31.55
2012-01-03,32.12,32.40,32.00,32.25,156000,31.31
2011-12-30,31.75,32.00,31.45,31.96,159300,31.03
2011-12-29,31.34,31.98,31.34,31.85,179400,30.93
2011-12-28,31.48,31.48,31.11,31.40,118900,30.49
2011-12-27,31.30,31.40,31.00,31.40,97200,30.49
2011-12-23,31.02,31.31,30.94,31.25,67500,30.34
2011-12-22,31.09,31.20,30.72,30.93,189900,30.03
2011-12-21,30.65,31.20,30.51,31.13,139900,30.23
2011-12-20,30.47,30.75,30.29,30.61,164100,29.72
2011-12-19,30.00,30.39,30.00,30.27,111600,29.39
2011-12-16,30.65,30.74,29.82,29.94,255500,29.07
2011-12-15,30.46,30.66,30.40,30.54,127900,29.65
2011-12-14,30.48,30.57,30.22,30.36,90300,29.48
2011-12-13,30.80,30.88,30.52,30.67,191400,29.78
2011-12-12,30.75,30.82,30.61,30.74,114400,29.85
2011-12-09,30.84,30.95,30.65,30.85,363400,29.95
2011-12-08,31.07,31.16,30.52,30.80,169600,29.91
2011-12-07,31.04,31.20,30.89,31.15,90800,30.25
2011-12-06,30.90,31.08,30.72,31.06,119300,30.16
2011-12-05,30.94,31.07,30.61,30.90,124400,30.00
2011-12-02,30.88,30.90,30.60,30.72,107900,29.83
2011-12-01,30.31,30.79,30.31,30.71,106300,29.82
2011-11-30,30.37,30.40,30.26,30.27,196900,29.39
2011-11-29,30.00,30.36,29.71,30.06,180000,29.19
2011-11-28,30.15,30.35,29.96,30.05,112000,29.18
2011-11-25,29.66,29.88,29.66,29.80,21500,28.94
2011-11-23,29.60,29.80,29.51,29.67,78200,28.81
2011-11-22,29.55,29.94,29.54,29.69,167500,28.83
2011-11-21,29.74,29.80,29.36,29.65,111400,28.79
2011-11-18,29.92,30.09,29.71,29.97,168900,29.10
2011-11-17,29.50,30.00,29.36,29.72,136400,28.86
2011-11-16,29.36,29.74,29.36,29.51,98300,28.65
2011-11-15,29.46,29.61,29.30,29.40,104400,28.55
2011-11-14,29.62,29.67,29.34,29.41,259000,28.56
2011-11-11,29.55,29.61,29.31,29.47,232600,28.61
2011-11-10,29.69,29.75,28.98,29.38,297700,28.53
2011-11-09,29.26,29.51,29.04,29.34,162600,28.49
2011-11-08,29.89,29.89,29.17,29.61,160700,28.75
2011-11-07,29.50,29.96,29.43,29.81,171100,28.94
2011-11-04,29.78,30.49,29.78,30.03,103300,29.16
2011-11-03,29.99,30.27,29.82,29.91,28800,29.04
2011-11-02,30.74,30.91,30.49,30.57,91400,29.23
2011-11-01,30.83,31.01,30.48,30.64,93000,29.29
2011-10-31,31.05,31.19,30.85,31.08,102400,29.71
2011-10-28,30.89,31.25,30.77,31.25,100000,29.88
2011-10-27,31.47,31.47,30.97,31.08,120600,29.71
2011-10-26,30.73,31.17,30.64,31.03,149000,29.67
2011-10-25,30.80,30.91,30.43,30.43,168000,29.09
2011-10-24,30.73,31.10,30.66,31.03,355100,29.67
2011-10-21,30.46,30.66,30.20,30.58,91300,29.24
2011-10-20,29.89,30.27,29.69,30.16,77200,28.83
2011-10-19,29.77,30.12,29.62,29.90,150300,28.59
2011-10-18,29.66,29.94,29.47,29.80,193900,28.49
2011-10-17,30.26,30.51,29.61,29.74,158800,28.43
2011-10-14,29.98,30.20,29.87,30.17,123000,28.84
2011-10-13,29.51,29.91,29.16,29.91,188100,28.60
2011-10-12,29.83,30.00,29.53,29.59,121900,28.29
2011-10-11,29.52,29.85,29.29,29.77,130700,28.46
2011-10-10,29.03,29.64,29.02,29.52,238800,28.22
2011-10-07,28.95,28.95,28.50,28.69,180500,27.43
2011-10-06,28.34,28.96,28.20,28.85,187000,27.58
2011-10-05,27.65,28.74,27.62,28.39,116900,27.14
2011-10-04,27.20,27.66,26.35,27.65,191500,26.43
2011-10-03,28.00,28.04,27.47,27.47,146800,26.26
2011-09-30,28.05,28.44,28.03,28.21,87100,26.97
2011-09-29,28.40,28.49,28.11,28.24,70400,27.00
2011-09-28,28.46,28.62,28.06,28.06,185300,26.83
2011-09-27,28.40,28.85,28.25,28.46,101200,27.21
2011-09-26,27.86,28.04,27.70,28.00,100200,26.77
2011-09-23,27.90,28.16,27.74,27.85,262700,26.63
2011-09-22,28.12,28.37,27.83,28.01,135200,26.78
2011-09-21,29.23,29.42,28.74,28.77,191800,27.51
2011-09-20,29.21,29.58,29.05,29.28,182700,27.99
2011-09-19,28.46,29.23,28.25,29.18,214900,27.90
2011-09-16,28.66,28.91,28.25,28.59,187500,27.33
2011-09-15,28.67,28.95,28.50,28.70,115100,27.44
2011-09-14,28.53,28.77,28.28,28.54,87900,27.29
2011-09-13,28.25,28.50,28.12,28.40,91500,27.15
2011-09-12,28.04,28.26,27.81,28.18,116600,26.94
2011-09-09,28.33,28.68,28.12,28.30,134200,27.06
2011-09-08,28.52,28.64,28.30,28.51,115900,27.26
2011-09-07,28.27,28.60,28.25,28.55,118800,27.30
2011-09-06,28.05,28.30,27.76,28.05,145100,26.82
2011-09-02,28.81,28.81,28.37,28.44,209200,27.19
2011-09-01,29.17,29.39,29.00,29.05,109900,27.77
2011-08-31,28.69,29.23,28.69,29.05,110600,27.77
2011-08-30,28.62,29.07,28.41,28.61,131300,27.35
2011-08-29,28.36,28.78,28.28,28.67,118500,27.41
2011-08-26,27.65,28.27,27.40,28.00,122100,26.77
2011-08-25,27.80,28.00,27.43,27.66,116200,26.44
2011-08-24,27.29,27.74,27.15,27.69,157900,26.47
2011-08-23,26.57,27.29,26.31,27.28,79700,26.08
2011-08-22,27.56,27.66,26.40,26.50,185900,25.34
2011-08-19,27.80,28.12,27.20,27.24,141100,26.04
2011-08-18,28.19,28.20,27.63,27.94,171700,26.71
2011-08-17,27.93,29.00,27.93,28.46,386900,27.21
2011-08-16,27.64,27.93,27.38,27.87,171500,26.65
2011-08-15,27.32,27.81,27.32,27.79,126100,26.57
2011-08-12,27.97,28.07,27.00,27.15,259400,25.96
2011-08-11,27.65,28.05,27.52,27.77,273600,26.55
2011-08-10,26.88,28.04,26.66,27.48,374300,26.27
2011-08-09,26.00,27.27,25.79,26.96,417400,25.78
2011-08-08,27.00,27.56,25.53,25.68,359200,24.55
2011-08-05,28.61,28.63,26.73,27.97,372100,26.74
2011-08-04,29.20,29.50,28.38,28.43,223300,27.18
2011-08-03,29.78,29.78,29.00,29.22,159300,27.94
2011-08-02,29.43,29.73,29.40,29.55,140300,28.25
2011-08-01,29.96,30.09,29.26,29.41,188600,28.12
2011-07-29,29.44,29.78,28.24,29.74,318700,28.43
2011-07-28,30.21,30.25,30.00,30.01,159300,28.25
2011-07-27,30.15,30.33,30.05,30.16,186600,28.39
2011-07-26,30.57,30.57,30.19,30.25,135600,28.47
2011-07-25,30.74,30.84,30.47,30.49,312800,28.70
2011-07-22,30.98,31.09,30.76,30.93,177200,29.11
2011-07-21,30.87,31.06,30.50,30.73,386000,28.92
2011-07-20,31.04,31.19,30.68,30.75,246500,28.94
2011-07-19,31.08,31.24,30.90,31.02,111500,29.20
2011-07-18,31.25,31.25,31.00,31.08,73300,29.25
2011-07-15,31.28,31.50,31.13,31.32,165200,29.48
2011-07-14,31.42,31.58,31.12,31.22,130300,29.39
2011-07-13,31.74,31.80,31.27,31.28,195600,29.44
2011-07-12,31.72,31.81,31.56,31.62,109800,29.76
2011-07-11,31.85,31.87,31.51,31.74,146800,29.87
2011-07-08,31.87,32.02,31.77,31.98,133400,30.10
2011-07-07,32.10,32.18,31.90,32.05,126000,30.17
2011-07-06,31.93,31.98,31.57,31.93,137800,30.05
2011-07-05,31.89,32.11,31.65,31.96,261000,30.08
2011-07-01,31.80,32.00,31.76,31.84,139100,29.97
2011-06-30,31.28,32.39,31.28,31.82,538400,29.95
2011-06-29,31.12,31.37,31.01,31.26,221500,29.42
2011-06-28,31.00,31.15,30.78,31.14,375600,29.31
2011-06-27,30.97,31.00,30.78,30.91,245500,29.09
2011-06-24,30.86,30.97,30.77,30.97,168300,29.15
2011-06-23,30.70,30.99,30.28,30.87,327100,29.06
2011-06-22,30.79,30.95,30.67,30.90,187400,29.08
2011-06-21,30.84,30.84,30.65,30.81,223000,29.00
2011-06-20,30.85,30.92,30.42,30.74,200100,28.93
2011-06-17,30.50,30.97,29.64,30.97,596900,29.15
2011-06-16,30.54,30.63,30.11,30.39,311800,28.60
2011-06-15,30.66,30.90,30.20,30.48,317700,28.69
2011-06-14,30.86,30.90,30.65,30.86,442100,29.05
2011-06-13,31.10,31.10,30.55,30.81,278600,29.00
2011-06-10,30.57,31.19,30.52,31.19,1028900,29.36
2011-06-09,30.45,30.87,30.30,30.82,4322200,29.01
2011-06-08,31.79,31.94,31.54,31.83,79900,29.96
2011-06-07,31.98,32.18,31.64,31.69,116700,29.83
2011-06-06,31.65,31.84,31.51,31.73,91500,29.87
2011-06-03,31.57,31.83,31.50,31.77,51500,29.90
2011-06-02,31.85,31.96,31.57,31.77,98200,29.90
2011-06-01,31.92,32.10,31.80,31.88,378000,30.01
2011-05-31,32.30,32.39,31.91,32.00,82900,30.12
2011-05-27,32.05,32.21,31.81,32.09,50600,30.20
2011-05-26,32.16,32.21,31.87,32.04,123500,30.16
2011-05-25,32.05,32.34,32.00,32.17,78400,30.28
2011-05-24,32.20,32.47,32.04,32.19,64200,30.30
2011-05-23,32.00,32.25,31.98,32.12,81000,30.23
2011-05-20,32.20,32.49,32.05,32.36,77600,30.46
2011-05-19,31.88,32.33,31.88,32.20,120300,30.31
2011-05-18,31.34,32.06,31.34,31.78,165000,29.91
2011-05-17,31.47,31.78,31.01,31.35,114900,29.51
2011-05-16,32.09,32.09,31.50,31.50,111900,29.65
2011-05-13,32.37,32.73,31.92,32.05,134300,30.17
2011-05-12,33.55,33.55,32.15,32.36,361000,30.46
2011-05-11,34.02,34.25,33.44,33.52,84000,31.55
2011-05-10,34.20,34.34,33.86,34.00,47200,32.00
2011-05-09,33.83,34.47,33.83,34.16,96000,32.15
2011-05-06,33.02,34.51,33.02,33.79,112200,31.80
2011-05-05,32.97,33.49,32.60,32.95,109100,31.01
2011-05-04,33.65,34.00,32.86,33.12,114000,31.17
2011-05-03,33.92,34.09,33.69,33.91,121000,31.92
2011-05-02,34.49,34.57,33.84,34.15,126000,32.14
2011-04-29,34.03,34.58,34.03,34.41,22200,32.39
2011-04-28,34.39,34.93,34.36,34.83,158000,32.35
2011-04-27,33.86,34.42,33.86,34.37,100900,31.92
2011-04-26,33.63,34.00,33.62,33.90,197200,31.49
2011-04-25,33.33,33.75,33.33,33.67,130000,31.27
2011-04-21,33.40,33.58,33.16,33.50,118900,31.12
2011-04-20,33.23,33.60,33.18,33.32,114200,30.95
2011-04-19,32.96,33.15,32.94,33.11,62500,30.75
2011-04-18,32.95,33.05,32.70,33.04,55700,30.69
2011-04-15,32.95,33.19,32.72,33.12,83800,30.76
2011-04-14,32.80,33.04,32.76,33.00,71100,30.65
2011-04-13,32.78,33.16,32.78,32.90,84900,30.56
2011-04-12,32.75,32.80,32.20,32.80,127100,30.46
2011-04-11,33.04,33.05,32.76,32.81,60700,30.47
2011-04-08,33.02,33.05,32.83,32.94,58600,30.59
2011-04-07,32.90,33.09,32.70,33.00,96700,30.65
2011-04-06,32.89,33.17,32.84,32.89,63400,30.55
2011-04-05,32.80,32.96,32.80,32.91,59200,30.57
2011-04-04,32.78,33.00,32.78,32.93,67900,30.59
2011-04-01,32.96,33.00,32.78,32.92,74800,30.58
2011-03-31,32.40,33.00,32.35,32.87,100900,30.53
2011-03-30,32.55,32.79,32.24,32.39,108000,30.08
2011-03-29,32.65,32.71,32.37,32.48,53600,30.17
2011-03-28,32.60,33.04,32.60,32.70,101600,30.37
2011-03-25,32.51,32.82,32.31,32.64,57500,30.32
2011-03-24,31.93,32.38,31.93,32.38,72700,30.07
2011-03-23,32.05,32.11,31.84,31.91,100200,29.64
2011-03-22,31.75,32.08,31.75,32.04,94700,29.76
2011-03-21,31.37,31.87,31.37,31.79,67000,29.53
2011-03-18,31.99,31.99,31.19,31.25,192900,29.03
2011-03-17,31.70,31.78,31.42,31.73,86600,29.47
2011-03-16,30.82,31.46,30.82,31.33,138400,29.10
2011-03-15,31.50,31.51,30.73,31.19,132700,28.97
2011-03-14,31.77,31.88,31.50,31.66,58400,29.41
2011-03-11,31.55,31.85,31.51,31.73,74700,29.47
2011-03-10,32.15,32.15,31.70,31.78,122600,29.52
2011-03-09,32.24,32.45,32.09,32.21,96400,29.92
2011-03-08,32.42,32.45,32.30,32.41,115100,30.10
2011-03-07,32.85,32.96,32.27,32.45,103400,30.14
2011-03-04,32.68,32.73,32.53,32.61,106100,30.29
2011-03-03,32.70,32.79,32.55,32.73,100200,30.40
2011-03-02,32.68,33.04,32.61,32.69,159100,30.36
2011-03-01,32.91,33.07,32.63,32.76,245500,30.43
2011-02-28,32.90,33.03,32.73,32.87,119000,30.53
2011-02-25,32.71,33.03,32.56,32.90,86100,30.56
2011-02-24,32.71,32.98,32.50,32.53,85600,30.21
2011-02-23,33.00,33.18,32.52,32.77,115500,30.44
2011-02-22,33.50,33.50,32.78,33.00,135200,30.65
2011-02-18,33.38,33.50,33.30,33.42,93200,31.04
2011-02-17,33.22,33.37,33.22,33.32,71700,30.95
2011-02-16,33.37,33.40,33.18,33.31,63900,30.94
2011-02-15,33.09,33.36,32.92,33.36,172500,30.99
2011-02-14,32.89,33.18,32.76,33.17,140100,30.81
2011-02-11,32.50,32.90,32.50,32.85,169800,30.51
2011-02-10,32.67,32.79,32.51,32.58,65700,30.26
2011-02-09,32.45,32.90,32.45,32.68,53400,30.35
2011-02-08,32.78,32.89,32.60,32.75,108500,30.42
2011-02-07,32.97,33.00,32.75,32.76,118300,30.43
2011-02-04,32.89,33.09,32.80,32.90,119200,30.56
2011-02-03,33.19,33.19,32.80,33.14,75400,30.78
2011-02-02,32.92,33.18,32.75,33.07,124700,30.72
2011-02-01,33.40,33.40,33.19,33.33,161900,30.54
2011-01-31,33.37,33.37,33.08,33.35,109300,30.56
2011-01-28,33.15,33.35,33.05,33.23,218400,30.45
2011-01-27,33.09,33.29,32.98,33.23,108800,30.45
2011-01-26,33.11,33.22,32.88,33.22,181800,30.44
2011-01-25,32.86,33.00,32.70,32.92,82500,30.16
2011-01-24,32.40,33.05,32.40,32.86,102700,30.11
2011-01-21,32.32,32.46,32.30,32.40,70200,29.69
2011-01-20,32.87,32.87,32.01,32.28,163600,29.58
2011-01-19,33.07,33.07,32.67,32.81,220000,30.06
2011-01-18,32.86,32.98,32.83,32.96,79500,30.20
2011-01-14,33.09,33.09,32.86,32.88,80500,30.13
2011-01-13,33.18,33.18,32.80,33.05,202700,30.28
2011-01-12,33.10,33.10,32.95,33.09,110100,30.32
2011-01-11,33.00,33.08,32.80,33.01,99100,30.25
2011-01-10,32.81,32.98,32.70,32.98,70400,30.22
2011-01-07,32.81,32.97,32.67,32.96,73400,30.20
2011-01-06,32.90,32.96,32.68,32.88,94900,30.13
2011-01-05,32.55,32.88,32.53,32.87,62100,30.12
2011-01-04,32.91,32.91,32.62,32.73,100600,29.99
2011-01-03,32.97,33.20,32.71,32.90,207600,30.15
2010-12-31,32.80,32.89,32.77,32.85,78800,30.10
2010-12-30,32.73,32.96,32.70,32.92,101600,30.16
2010-12-29,32.92,32.95,32.73,32.83,121400,30.08
2010-12-28,32.95,32.97,32.65,32.95,133300,30.19
2010-12-27,32.76,32.88,32.70,32.82,128200,30.07
2010-12-23,32.87,32.93,32.76,32.81,151100,30.06
2010-12-22,32.90,32.92,32.69,32.92,194300,30.16
2010-12-21,32.70,32.95,32.41,32.95,406800,30.19
2010-12-20,32.42,32.78,32.21,32.65,264700,29.92
2010-12-17,31.93,32.80,31.89,32.80,415000,30.05
2010-12-16,32.03,32.06,31.71,31.99,285100,29.31
2010-12-15,32.20,32.20,32.00,32.04,257900,29.36
2010-12-14,32.25,32.25,32.04,32.24,241400,29.54
2010-12-13,32.44,32.44,32.06,32.25,194500,29.55
2010-12-10,32.32,32.35,32.08,32.35,139700,29.64
2010-12-09,32.26,32.59,32.03,32.37,260900,29.66
2010-12-08,32.11,32.40,32.00,32.23,241900,29.53
2010-12-07,32.73,32.73,32.09,32.43,385600,29.71
2010-12-06,32.35,32.60,32.35,32.60,363000,29.87
2010-12-03,32.30,32.50,32.25,32.39,509300,29.68
2010-12-02,32.44,32.65,32.33,32.52,3424300,29.80
2010-12-01,34.55,34.55,33.80,33.92,151800,31.08
2010-11-30,34.10,34.40,33.55,33.93,122000,31.09
2010-11-29,33.98,34.10,33.84,34.10,59700,31.24
2010-11-26,33.80,34.14,33.80,33.88,18300,31.04
2010-11-24,33.67,34.38,33.67,34.00,46500,31.15
2010-11-23,33.79,33.84,33.17,33.68,188800,30.86
2010-11-22,34.20,34.20,33.85,33.93,49800,31.09
2010-11-19,33.66,33.97,33.55,33.97,41400,31.13
2010-11-18,33.92,33.95,33.50,33.56,59900,30.75
2010-11-17,33.85,33.85,33.50,33.55,41700,30.74
2010-11-16,34.32,34.35,33.47,33.85,108000,31.02
2010-11-15,34.66,34.66,34.05,34.15,71200,31.29
2010-11-12,34.72,35.01,34.43,34.51,75900,31.62
2010-11-11,34.93,35.07,34.71,34.82,74800,31.90
2010-11-10,35.29,35.29,34.92,35.01,45300,32.08
2010-11-09,35.09,35.54,34.71,35.32,88200,32.36
2010-11-08,35.01,35.34,34.90,35.20,92200,32.25
2010-11-05,35.19,35.50,34.97,35.05,56900,32.12
2010-11-04,34.96,35.54,34.88,35.05,41900,32.12
2010-11-03,34.88,35.31,34.78,34.95,52200,32.02
2010-11-02,35.05,35.05,34.41,34.99,83000,32.06
2010-11-01,34.26,35.01,33.86,34.83,100600,31.91
2010-10-29,33.80,34.38,33.80,34.27,18600,31.40
2010-10-28,34.97,35.00,34.76,34.86,63700,31.54
2010-10-27,34.77,35.03,34.75,34.83,35100,31.51
2010-10-26,35.00,35.16,34.66,35.01,75800,31.67
2010-10-25,35.30,35.30,34.97,35.02,78500,31.68
2010-10-22,35.42,35.42,34.90,35.12,34900,31.77
2010-10-21,35.50,35.50,34.90,35.17,42500,31.82
2010-10-20,35.36,35.40,35.00,35.19,65600,31.84
2010-10-19,35.26,35.40,35.00,35.26,42600,31.90
2010-10-18,35.88,35.88,35.31,35.57,31700,32.18
2010-10-15,35.95,35.95,35.60,35.67,34000,32.27
2010-10-14,36.05,36.05,35.40,35.71,39200,32.31
2010-10-13,35.69,36.00,35.69,35.99,34000,32.56
2010-10-12,35.99,35.99,35.51,35.70,41200,32.30
2010-10-11,36.15,36.25,35.92,35.99,36900,32.56
2010-10-08,35.80,36.26,35.45,35.99,35900,32.56
2010-10-07,35.45,35.90,35.26,35.90,64800,32.48
2010-10-06,35.65,36.31,35.03,35.33,77900,31.96
2010-10-05,35.42,35.91,35.20,35.75,57800,32.34
2010-10-04,34.98,35.24,34.66,35.20,53000,31.85
2010-10-01,34.60,35.10,34.26,34.96,91400,31.63
2010-09-30,34.28,34.61,33.97,34.60,45900,31.30
2010-09-29,33.74,34.25,33.66,34.03,26700,30.79
2010-09-28,33.59,33.75,33.35,33.75,48800,30.53
2010-09-27,33.58,33.81,33.58,33.60,33400,30.40
2010-09-24,33.91,33.93,33.41,33.63,47300,30.43
2010-09-23,33.32,33.56,33.11,33.36,42700,30.18
2010-09-22,33.30,33.82,33.21,33.50,26500,30.31
2010-09-21,33.35,33.45,33.06,33.31,41400,30.14
2010-09-20,32.86,33.40,32.84,33.31,36600,30.14
2010-09-17,33.28,33.28,32.73,32.82,50800,29.69
2010-09-16,33.10,33.43,32.90,33.13,31900,29.97
2010-09-15,33.59,33.64,33.10,33.19,383700,30.03
2010-09-14,33.43,33.81,33.43,33.68,41800,30.47
2010-09-13,33.38,33.81,33.38,33.52,34200,30.33
2010-09-10,33.30,33.41,32.97,33.34,48300,30.16
2010-09-09,33.17,33.39,33.06,33.30,38800,30.13
2010-09-08,32.79,33.24,32.55,32.94,329400,29.80
2010-09-07,32.96,33.14,32.51,32.71,101600,29.59
2010-09-03,33.14,33.50,32.74,33.02,40100,29.87
2010-09-02,32.60,33.04,32.00,33.04,58400,29.89
2010-09-01,32.41,32.76,32.32,32.70,71600,29.58
2010-08-31,32.50,32.54,32.18,32.22,135700,29.15
2010-08-30,33.43,33.43,32.64,32.73,61000,29.61
2010-08-27,33.06,33.51,32.67,33.45,29700,30.26
2010-08-26,32.94,33.29,32.76,33.17,32400,30.01
2010-08-25,33.20,33.42,31.76,32.99,212300,29.85
2010-08-24,33.49,33.63,33.10,33.45,37600,30.26
2010-08-23,33.72,33.79,33.59,33.66,32300,30.45
2010-08-20,33.49,33.63,33.36,33.56,38700,30.36
2010-08-19,33.54,33.65,33.43,33.56,50200,30.36
2010-08-18,33.60,33.68,33.30,33.65,47500,30.44
2010-08-17,33.67,33.99,33.44,33.65,95400,30.44
2010-08-16,33.35,33.75,33.15,33.42,37900,30.24
2010-08-13,32.46,33.37,32.46,33.29,36900,30.12
2010-08-12,32.58,32.79,32.46,32.61,56200,29.50
2010-08-11,33.48,33.48,32.67,32.85,36400,29.72
2010-08-10,33.69,33.84,33.29,33.64,69800,30.43
2010-08-09,34.54,34.54,33.76,33.90,64000,30.67
2010-08-06,34.58,34.78,34.01,34.40,84200,31.12
2010-08-05,35.25,35.25,34.65,34.90,98800,31.57
2010-08-04,35.24,35.40,34.70,35.28,78500,31.92
2010-08-03,35.30,35.39,34.84,35.20,86000,31.85
2010-08-02,35.07,35.68,35.00,35.35,87000,31.98
2010-07-30,33.77,34.90,32.94,34.90,143300,31.57
2010-07-29,35.00,35.00,34.22,34.62,93800,30.93
2010-07-28,34.75,35.10,34.50,34.51,155600,30.83
2010-07-27,35.60,35.68,34.90,35.09,103300,31.35
2010-07-26,35.00,35.95,34.95,35.28,76100,31.52
2010-07-23,34.94,35.20,34.86,35.12,62800,31.38
2010-07-22,35.04,35.24,34.93,35.06,114600,31.32
2010-07-21,35.94,35.94,34.63,35.00,75600,31.27
2010-07-20,34.55,35.32,34.50,35.26,68200,31.50
2010-07-19,34.73,35.10,34.65,34.94,61000,31.22
2010-07-16,35.19,35.19,34.74,34.91,57100,31.19
2010-07-15,35.53,35.53,34.91,35.23,69500,31.48
2010-07-14,35.54,35.54,34.89,35.07,72800,31.33
2010-07-13,35.35,35.37,35.00,35.34,99700,31.58
2010-07-12,35.45,35.55,34.80,34.93,90800,31.21
2010-07-09,35.25,35.55,34.91,35.22,54800,31.47
2010-07-08,35.72,35.80,34.59,35.03,77300,31.30
2010-07-07,34.24,35.80,34.15,35.80,67900,31.99
2010-07-06,34.37,34.65,34.12,34.27,48000,30.62
2010-07-02,33.94,34.25,33.51,34.15,41800,30.51
2010-07-01,33.88,33.94,32.75,33.94,74300,30.32
2010-06-30,33.75,34.20,33.50,33.94,58400,30.32
2010-06-29,33.30,33.60,33.05,33.53,80900,29.96
2010-06-28,33.10,33.74,33.10,33.68,43000,30.09
2010-06-25,32.84,33.50,32.80,33.26,63100,29.72
2010-06-24,32.50,33.31,32.50,32.81,58800,29.31
2010-06-23,32.74,32.83,32.50,32.65,35800,29.17
2010-06-22,32.73,33.25,32.68,32.75,57100,29.26
2010-06-21,33.56,33.57,32.90,32.92,57700,29.41
2010-06-18,33.36,33.62,33.04,33.25,45700,29.71
2010-06-17,34.14,34.14,33.00,33.36,54100,29.81
2010-06-16,33.87,34.00,33.55,33.75,56300,30.15
2010-06-15,33.36,33.98,33.36,33.72,52100,30.13
2010-06-14,32.80,33.25,32.17,33.25,58400,29.71
2010-06-11,31.83,32.52,31.83,32.46,30500,29.00
2010-06-10,32.28,32.46,31.75,32.22,84400,28.79
2010-06-09,31.97,32.14,31.48,31.92,52500,28.52
2010-06-08,32.00,32.47,31.48,31.84,66800,28.45
2010-06-07,32.16,32.34,31.75,32.01,65900,28.60
2010-06-04,31.75,32.33,31.39,32.04,119800,28.63
2010-06-03,30.93,31.98,30.93,31.98,101500,28.57
2010-06-02,30.66,31.10,29.99,30.98,52700,27.68
2010-06-01,30.89,31.22,30.47,30.66,63500,27.39
2010-05-28,30.79,31.20,30.78,31.00,57100,27.70
2010-05-27,30.98,32.25,30.60,31.00,72200,27.70
2010-05-26,30.82,30.98,30.35,30.59,144500,27.33
2010-05-25,29.93,30.07,29.26,30.00,205800,26.80
2010-05-24,29.75,30.10,29.26,29.99,106600,26.80
2010-05-21,29.59,30.11,29.25,29.75,105600,26.58
2010-05-20,29.67,29.89,28.88,29.81,133900,26.63
2010-05-19,31.17,31.25,29.87,30.22,79300,27.00
2010-05-18,31.79,32.05,31.00,31.21,78800,27.89
2010-05-17,32.49,32.49,31.00,31.62,63500,28.25
2010-05-14,32.40,32.40,31.81,31.98,63200,28.57
2010-05-13,32.66,32.88,31.89,32.50,49600,29.04
2010-05-12,32.39,32.68,32.07,32.68,55400,29.20
2010-05-11,31.56,32.60,31.56,32.19,128100,28.76
2010-05-10,31.42,32.92,31.42,31.80,130200,28.41
2010-05-07,31.40,31.49,29.37,31.28,204200,27.95
2010-05-06,31.46,32.73,24.80,31.80,422600,28.41
2010-05-05,31.43,32.13,31.43,31.70,67800,28.32
2010-05-04,31.65,32.05,31.48,31.73,63700,28.35
2010-05-03,31.49,32.00,31.46,31.96,65200,28.56
2010-04-30,31.44,31.93,30.70,31.53,87000,28.17
2010-04-29,31.95,32.37,31.00,32.23,104000,28.42
2010-04-28,32.38,32.49,30.75,31.87,214300,28.10
2010-04-27,32.93,33.06,32.05,32.12,81900,28.32
2010-04-26,33.06,33.09,32.70,32.93,44500,29.04
2010-04-23,32.69,33.19,32.53,32.92,57800,29.03
2010-04-22,32.58,32.70,32.04,32.61,43300,28.76
2010-04-21,33.14,33.25,32.35,32.35,142500,28.53
2010-04-20,33.27,33.78,33.12,33.42,41200,29.47
2010-04-19,32.99,33.31,32.75,33.26,28000,29.33
2010-04-16,33.48,33.48,32.17,32.99,94700,29.09
2010-04-15,33.11,33.45,32.90,33.43,101100,29.48
2010-04-14,33.44,33.52,33.06,33.16,71300,29.24
2010-04-13,32.80,33.47,32.42,33.47,133100,29.51
2010-04-12,32.66,33.06,32.63,32.95,45700,29.06
2010-04-09,32.30,32.81,32.16,32.66,69800,28.80
2010-04-08,32.16,32.40,31.88,32.31,58600,28.49
2010-04-07,32.31,32.70,32.17,32.25,88400,28.44
2010-04-06,31.95,32.46,31.95,32.38,63500,28.55
2010-04-05,31.50,32.37,31.04,32.32,71400,28.50
2010-04-01,30.50,31.50,30.50,31.50,69600,27.78
2010-03-31,29.90,30.45,29.90,30.40,64400,26.81
2010-03-30,30.26,30.33,29.68,30.00,148500,26.45
2010-03-29,29.70,30.43,29.67,30.05,71800,26.50
2010-03-26,29.74,30.33,29.63,29.70,52800,26.19
2010-03-25,30.31,30.49,29.68,29.75,146800,26.23
2010-03-24,30.20,30.68,30.14,30.27,177600,26.69
2010-03-23,30.35,30.70,30.16,30.26,69400,26.68
2010-03-22,30.36,30.60,29.97,30.44,103100,26.84
2010-03-19,30.66,31.08,29.99,30.37,134600,26.78
2010-03-18,30.92,31.20,30.85,30.94,48000,27.28
2010-03-17,31.15,31.33,30.86,30.93,93100,27.27
2010-03-16,31.55,31.57,30.93,30.99,112400,27.33
2010-03-15,31.20,31.45,30.80,31.33,149700,27.63
2010-03-12,31.25,31.25,30.80,31.03,155500,27.36
2010-03-11,31.16,31.25,30.70,30.95,113300,27.29
2010-03-10,30.69,31.22,30.66,31.16,63500,27.48
2010-03-09,30.41,30.89,30.41,30.82,68200,27.18
2010-03-08,30.04,30.89,30.00,30.72,84700,27.09
2010-03-05,30.42,30.42,29.82,30.15,98700,26.59
2010-03-04,30.51,30.58,30.10,30.14,109700,26.58
2010-03-03,30.60,30.85,29.97,30.51,64200,26.90
2010-03-02,30.25,30.47,29.98,30.27,65300,26.69
2010-03-01,30.00,30.45,29.98,30.22,70800,26.65
2010-02-26,29.68,30.23,29.67,29.98,62700,26.44
2010-02-25,29.11,29.78,29.04,29.48,63400,26.00
2010-02-24,28.99,29.37,28.95,29.31,81000,25.85
2010-02-23,29.57,29.57,28.83,29.00,68900,25.57
2010-02-22,29.26,29.45,28.85,29.17,94900,25.72
2010-02-19,29.21,29.23,28.59,29.08,92000,25.64
2010-02-18,29.00,29.02,28.63,28.98,81200,25.56
2010-02-17,28.69,28.99,28.63,28.91,148900,25.49
2010-02-16,27.79,28.57,27.79,28.43,82800,25.07
2010-02-12,27.79,28.29,27.21,27.61,96600,24.35
2010-02-11,27.22,27.94,27.20,27.72,75200,24.44
2010-02-10,27.61,27.79,27.06,27.42,115500,24.18
2010-02-09,27.59,28.16,27.59,27.72,164700,24.44
2010-02-08,27.91,28.39,27.19,27.61,151800,24.35
2010-02-05,29.11,29.31,27.01,27.95,388700,24.65
2010-02-04,30.16,30.18,29.20,29.32,190100,25.86
2010-02-03,30.28,30.50,29.96,29.99,64500,26.45
2010-02-02,30.22,30.33,29.90,30.29,113900,26.71
2010-02-01,29.83,30.06,29.50,30.06,49300,26.51
2010-01-29,29.99,30.22,29.25,29.50,140600,26.01
2010-01-28,29.85,30.16,29.73,29.99,108900,26.08
2010-01-27,30.78,30.79,29.66,29.86,130900,25.97
2010-01-26,30.36,30.89,30.15,30.61,121500,26.62
2010-01-25,30.42,30.81,29.96,30.39,123900,26.43
2010-01-22,30.99,30.99,29.90,29.96,146600,26.06
2010-01-21,30.33,30.71,30.15,30.32,120700,26.37
2010-01-20,30.26,30.30,30.00,30.22,130600,26.28
2010-01-19,29.86,30.32,29.75,30.26,86300,26.32
2010-01-15,29.70,29.71,29.38,29.69,33400,25.82
2010-01-14,29.35,29.82,29.35,29.60,54400,25.75
2010-01-13,30.04,30.04,29.24,29.47,140800,25.63
2010-01-12,30.11,30.18,29.66,29.76,81400,25.88
2010-01-11,29.50,30.19,29.43,30.15,127600,26.22
2010-01-08,29.66,29.74,29.30,29.45,94200,25.61
2010-01-07,30.00,30.10,29.51,29.56,128700,25.71
2010-01-06,29.74,30.30,29.70,30.12,64600,26.20
2010-01-05,30.01,30.26,29.59,29.80,228400,25.92
2010-01-04,29.75,30.20,29.56,29.93,118400,26.03
2009-12-31,29.58,29.64,29.41,29.57,83300,25.72
2009-12-30,29.48,29.75,29.25,29.60,70200,25.75
2009-12-29,29.84,29.91,29.52,29.68,96400,25.81
2009-12-28,29.84,29.93,29.50,29.82,81400,25.94
2009-12-24,29.81,29.90,29.56,29.80,66800,25.92
2009-12-23,29.37,29.77,29.37,29.51,85700,25.67
2009-12-22,29.81,29.81,29.35,29.51,93600,25.67
2009-12-21,29.22,29.72,28.99,29.71,79000,25.84
2009-12-18,29.58,29.79,28.73,28.73,236500,24.99
2009-12-17,29.54,29.64,28.35,29.51,116800,25.67
2009-12-16,29.77,29.89,29.20,29.71,283700,25.84
2009-12-15,28.70,29.34,28.13,29.20,241900,25.40
2009-12-14,28.48,28.86,28.00,28.34,139900,24.65
2009-12-11,27.89,28.47,27.63,28.15,140100,24.48
2009-12-10,27.56,27.80,27.45,27.76,67400,24.14
2009-12-09,27.47,27.64,27.02,27.53,116400,23.94
2009-12-08,27.51,27.60,27.08,27.32,81400,23.76
2009-12-07,27.90,27.90,27.30,27.45,83800,23.88
2009-12-04,27.40,27.63,27.28,27.50,67900,23.92
2009-12-03,27.31,27.57,27.05,27.43,100800,23.86
2009-12-02,27.35,27.59,27.17,27.28,134900,23.73
2009-12-01,27.97,27.97,27.50,27.53,82000,23.94
2009-11-30,28.06,28.06,27.35,27.73,122100,24.12
2009-11-27,27.27,27.74,27.12,27.69,37100,24.08
2009-11-25,27.55,27.63,27.40,27.59,51800,24.00
2009-11-24,27.30,27.59,27.10,27.50,76600,23.92
2009-11-23,27.99,27.99,27.29,27.47,105900,23.89
2009-11-20,27.14,27.41,27.01,27.38,48400,23.81
2009-11-19,27.84,27.84,27.05,27.40,118000,23.83
2009-11-18,27.51,27.75,27.50,27.59,86300,24.00
2009-11-17,27.76,27.76,27.52,27.60,97900,24.01
2009-11-16,27.70,27.70,27.50,27.60,75200,24.01
2009-11-13,27.12,27.68,26.56,27.45,121500,23.88
2009-11-12,26.72,27.11,26.39,27.00,110200,23.48
2009-11-11,26.64,26.90,26.10,26.72,98100,23.24
2009-11-10,27.26,27.63,26.57,26.72,122300,23.24
2009-11-09,27.44,27.44,26.63,27.13,69100,23.60
2009-11-06,26.24,26.71,25.93,26.56,175700,23.10
2009-11-05,26.81,26.81,25.41,26.25,103400,22.83
2009-11-04,25.70,26.22,25.55,26.05,81200,22.66
2009-11-03,25.36,25.65,25.01,25.47,77900,22.15
2009-11-02,25.77,26.22,24.88,25.40,146400,22.09
2009-10-30,26.48,26.48,25.52,25.55,91800,22.22
2009-10-29,25.98,26.83,25.52,26.51,248600,22.71
2009-10-28,26.39,26.56,25.72,25.81,108800,22.11
2009-10-27,25.96,26.20,25.36,26.19,75700,22.44
2009-10-26,26.47,26.57,25.75,25.94,72100,22.22
2009-10-23,26.08,26.45,25.75,26.37,80500,22.59
2009-10-22,27.28,27.28,26.27,26.44,108000,22.65
2009-10-21,26.62,27.08,26.24,26.69,112400,22.86
2009-10-20,26.02,26.45,25.60,26.34,46800,22.56
2009-10-19,25.71,26.17,25.61,26.02,58200,22.29
2009-10-16,25.60,25.89,25.45,25.87,92600,22.16
2009-10-15,25.89,25.89,25.26,25.50,93200,21.84
2009-10-14,25.74,25.74,25.51,25.56,49600,21.90
2009-10-13,25.20,25.40,25.12,25.34,45100,21.71
2009-10-12,25.31,25.43,25.13,25.24,64200,21.62
2009-10-09,25.37,25.44,25.00,25.04,69100,21.45
2009-10-08,24.95,25.35,24.90,25.13,74800,21.53
2009-10-07,24.80,25.10,24.77,24.95,87000,21.37
2009-10-06,24.80,25.00,24.52,24.97,63800,21.39
2009-10-05,24.19,24.78,24.05,24.45,88300,20.94
2009-10-02,23.99,24.40,23.84,24.09,151100,20.64
2009-10-01,24.47,24.51,23.91,24.25,92500,20.77
2009-09-30,24.62,24.64,24.16,24.32,132500,20.83
2009-09-29,24.36,24.49,24.25,24.40,75400,20.90
2009-09-28,24.60,24.61,24.22,24.38,50100,20.88
2009-09-25,24.35,24.63,24.01,24.36,58400,20.87
2009-09-24,24.75,24.75,24.35,24.55,63300,21.03
2009-09-23,24.57,24.64,24.41,24.60,66700,21.07
2009-09-22,24.38,24.59,24.08,24.57,59200,21.05
2009-09-21,23.91,24.37,23.55,24.22,59100,20.75
2009-09-18,24.11,24.40,23.65,23.73,128700,20.33
2009-09-17,24.50,24.75,23.75,23.95,99700,20.52
2009-09-16,23.75,24.50,23.75,24.35,101700,20.86
2009-09-15,23.38,23.74,23.34,23.62,67100,20.23
2009-09-14,23.36,23.62,23.26,23.42,53500,20.06
2009-09-11,23.46,23.48,23.01,23.27,89100,19.93
2009-09-10,23.75,23.88,22.91,23.33,110500,19.99
2009-09-09,23.50,23.62,23.30,23.50,60800,20.13
2009-09-08,23.28,23.49,23.02,23.34,88200,19.99
2009-09-04,23.15,23.83,22.80,23.01,123000,19.71
2009-09-03,23.39,23.39,22.80,22.91,211200,19.63
2009-09-02,23.29,23.30,23.00,23.18,80900,19.86
2009-09-01,23.20,23.47,22.98,23.12,123900,19.81
2009-08-31,23.45,23.45,22.87,23.17,84900,19.85
2009-08-28,23.20,23.35,22.88,23.09,60200,19.78
2009-08-27,23.00,23.10,22.70,23.09,85500,19.78
2009-08-26,22.90,23.00,22.67,23.00,66900,19.70
2009-08-25,22.65,22.85,22.53,22.78,88300,19.51
2009-08-24,22.77,22.77,22.48,22.65,81800,19.40
2009-08-21,22.40,22.50,22.28,22.48,95100,19.26
2009-08-20,22.38,22.39,22.27,22.35,50200,19.15
2009-08-19,22.31,22.39,22.17,22.35,64600,19.15
2009-08-18,22.11,22.41,22.06,22.32,161000,19.12
2009-08-17,22.37,22.37,22.01,22.01,95200,18.85
2009-08-14,22.40,22.43,22.15,22.31,77600,19.11
2009-08-13,22.49,22.49,22.00,22.25,120500,19.06
2009-08-12,22.08,22.58,21.83,22.36,219400,19.15
2009-08-11,22.29,22.43,21.75,22.08,228500,18.91
2009-08-10,22.70,22.70,22.26,22.35,125000,19.15
2009-08-07,22.60,22.73,22.35,22.36,190600,19.15
2009-08-06,22.65,22.65,22.12,22.60,207300,19.36
2009-08-05,22.50,22.75,22.21,22.55,134700,19.32
2009-08-04,22.59,22.75,22.22,22.35,215900,19.15
2009-08-03,22.48,22.67,21.96,22.67,333200,19.42
2009-07-31,22.03,22.45,21.92,22.40,290900,19.19
2009-07-30,22.54,22.54,22.19,22.43,307900,18.89
2009-07-29,22.43,22.45,22.20,22.45,102100,18.91
2009-07-28,22.20,22.55,22.20,22.43,127300,18.89
2009-07-27,22.31,22.60,22.15,22.37,273000,18.84
2009-07-24,22.15,22.45,22.00,22.29,124800,18.77
2009-07-23,22.48,22.55,21.96,22.14,175400,18.64
2009-07-22,22.11,22.50,22.11,22.35,60000,18.82
2009-07-21,22.64,22.64,21.91,22.42,132500,18.88
2009-07-20,22.48,22.74,22.35,22.66,219200,19.08
2009-07-17,22.30,22.56,22.02,22.46,146100,18.91
2009-07-16,22.00,22.26,21.89,22.25,153900,18.74
2009-07-15,22.06,22.06,21.92,22.02,95700,18.54
2009-07-14,21.93,22.05,21.78,21.97,76600,18.50
2009-07-13,22.03,22.09,21.87,21.91,161300,18.45
2009-07-10,21.88,22.05,21.41,22.05,193500,18.57
2009-07-09,21.65,21.96,21.50,21.90,106000,18.44
2009-07-08,21.67,21.68,21.32,21.45,94800,18.06
2009-07-07,21.80,21.80,21.40,21.56,79600,18.16
2009-07-06,21.70,21.93,21.51,21.82,123700,18.38
2009-07-02,21.38,21.79,21.15,21.60,102100,18.19
2009-07-01,21.66,21.76,21.45,21.66,108300,18.24
2009-06-30,21.55,21.70,21.25,21.50,151900,18.11
2009-06-29,21.25,21.58,20.85,21.58,179500,18.17
2009-06-26,20.97,21.29,20.90,21.18,108100,17.84
2009-06-25,20.81,21.27,20.62,20.90,119300,17.60
2009-06-24,20.50,20.89,20.44,20.66,133100,17.40
2009-06-23,20.60,20.87,20.14,20.17,155100,16.99
2009-06-22,21.21,21.33,20.45,20.68,258700,17.42
2009-06-19,21.14,21.27,20.70,20.99,172900,17.68
2009-06-18,20.68,21.22,20.68,21.09,105000,17.76
2009-06-17,20.68,20.71,19.85,20.70,360600,17.43
2009-06-16,21.27,21.27,20.60,20.89,164600,17.59
2009-06-15,21.55,21.55,21.10,21.24,108500,17.89
2009-06-12,21.57,21.61,21.17,21.48,152200,18.09
2009-06-11,21.78,21.85,21.41,21.45,159300,18.06
2009-06-10,21.49,21.94,21.34,21.80,265300,18.36
2009-06-09,21.97,21.97,21.50,21.61,166800,18.20
2009-06-08,21.98,22.01,21.52,22.01,215500,18.54
2009-06-05,22.00,22.08,21.40,22.00,582700,18.53
2009-06-04,21.50,21.86,21.30,21.60,522400,18.19
2009-06-03,21.79,21.79,21.11,21.39,305500,18.01
2009-06-02,21.28,21.74,21.07,21.74,356000,18.31
2009-06-01,21.20,21.50,21.17,21.50,294300,18.11
2009-05-29,21.14,21.47,21.02,21.19,231200,17.84
2009-05-28,21.30,21.40,20.77,21.11,300300,17.78
2009-05-27,21.12,21.57,20.89,21.09,492900,17.76
2009-05-26,21.39,21.40,21.05,21.19,375600,17.84
2009-05-22,21.09,21.49,21.02,21.49,667600,18.10
2009-05-21,21.30,21.50,20.65,21.00,4829900,17.68
2009-05-20,21.42,22.65,21.42,22.00,597500,18.53
2009-05-19,23.30,23.30,23.15,23.23,57300,19.56
2009-05-18,23.26,23.33,23.15,23.25,56100,19.58
2009-05-15,23.20,23.25,23.10,23.12,58000,19.47
2009-05-14,23.01,23.20,22.54,23.04,91000,19.40
2009-05-13,22.99,23.55,22.80,22.82,112100,19.22
2009-05-12,23.15,23.28,22.78,23.20,68200,19.54
2009-05-11,22.99,23.28,22.98,23.12,74700,19.47
2009-05-08,22.73,22.98,22.62,22.81,87200,19.21
2009-05-07,22.47,22.78,22.41,22.60,64000,19.03
2009-05-06,22.65,22.65,22.29,22.36,55900,18.83
2009-05-05,22.15,22.45,22.07,22.20,75300,18.70
2009-05-04,22.10,22.56,22.01,22.15,55800,18.65
2009-05-01,21.96,22.15,21.51,22.04,33000,18.56
2009-04-30,22.14,22.50,21.98,22.33,61000,18.49
2009-04-29,22.18,22.33,22.01,22.14,210200,18.34
2009-04-28,22.18,22.63,22.06,22.13,66900,18.33
2009-04-27,22.13,22.30,21.94,22.03,40600,18.24
2009-04-24,22.05,22.35,21.80,21.98,31800,18.20
2009-04-23,21.98,22.35,21.62,21.93,18400,18.16
2009-04-22,21.79,22.05,21.79,21.86,26100,18.10
2009-04-21,21.39,22.27,20.74,21.63,77000,17.91
2009-04-20,21.57,21.57,21.00,21.20,51800,17.56
2009-04-17,21.98,22.65,21.51,21.52,49200,17.82
2009-04-16,22.11,22.30,21.33,21.39,53500,17.71
2009-04-15,22.11,22.12,21.70,22.00,24900,18.22
2009-04-14,21.95,22.21,21.52,21.76,46000,18.02
2009-04-13,22.15,22.63,21.66,21.80,41700,18.05
2009-04-09,22.36,22.73,21.83,21.95,54900,18.18
2009-04-08,22.22,22.50,21.40,22.06,54700,18.27
2009-04-07,22.00,22.36,21.59,21.59,28500,17.88
2009-04-06,22.29,22.44,22.00,22.00,44100,18.22
2009-04-03,22.53,23.00,22.00,22.09,43300,18.29
2009-04-02,22.20,22.73,21.62,22.28,48700,18.45
2009-04-01,21.48,22.00,21.48,21.93,29700,18.16
2009-03-31,21.72,22.01,21.62,21.84,33200,18.09
2009-03-30,22.00,22.00,21.26,21.90,26000,18.14
2009-03-27,22.40,22.40,21.73,21.96,24600,18.19
2009-03-26,22.78,22.78,21.76,22.42,48300,18.57
2009-03-25,22.12,22.64,21.89,22.29,51500,18.46
2009-03-24,22.15,22.44,21.76,21.91,37300,18.15
2009-03-23,22.20,22.51,21.97,22.32,83300,18.48
2009-03-20,21.36,21.99,21.36,21.90,41300,18.14
2009-03-19,21.75,22.07,21.32,21.44,68500,17.76
2009-03-18,22.35,22.37,21.25,21.60,73200,17.89
2009-03-17,21.50,22.48,21.24,22.19,120100,18.38
2009-03-16,21.94,21.98,21.18,21.76,106700,18.02
2009-03-13,21.48,21.85,21.29,21.70,68000,17.97
2009-03-12,20.78,21.55,20.06,21.13,127000,17.50
2009-03-11,20.52,21.74,20.17,20.87,87700,17.28
2009-03-10,20.51,20.80,19.93,20.54,42600,17.01
2009-03-09,19.52,20.68,19.52,20.36,248300,16.86
2009-03-06,19.87,20.99,19.32,19.93,212400,16.51
2009-03-05,21.00,21.00,19.61,19.81,306700,16.41
2009-03-04,20.52,21.10,19.90,20.39,39700,16.89
2009-03-03,22.09,22.60,20.07,20.50,53800,16.98
2009-03-02,21.50,22.45,20.98,21.78,69700,18.04
2009-02-27,20.45,22.25,20.45,22.18,33600,18.37
2009-02-26,20.84,21.49,20.52,20.86,35900,17.28
2009-02-25,20.69,20.81,19.75,20.39,55100,16.89
2009-02-24,20.12,20.82,19.89,20.75,50000,17.18
2009-02-23,20.62,20.62,19.59,20.29,45700,16.80
2009-02-20,20.87,20.89,18.77,20.18,98600,16.71
2009-02-19,20.50,20.63,19.73,20.37,44500,16.87
2009-02-18,20.45,20.49,20.00,20.30,45500,16.81
2009-02-17,19.49,20.63,19.49,20.50,45700,16.98
2009-02-13,21.25,21.79,20.80,21.28,32600,17.62
2009-02-12,21.19,21.64,20.71,21.42,24400,17.74
2009-02-11,21.18,22.10,20.75,20.99,49300,17.38
2009-02-10,21.73,22.49,20.79,21.25,92800,17.60
2009-02-09,21.31,21.74,20.83,21.24,62200,17.59
2009-02-06,20.80,22.21,20.75,21.19,88200,17.55
2009-02-05,20.50,21.49,20.00,20.99,53000,17.38
2009-02-04,20.69,21.30,20.66,20.66,40200,17.11
2009-02-03,20.26,21.11,19.99,20.69,58600,17.13
2009-02-02,20.33,21.00,19.85,20.75,50600,16.89
2009-01-30,20.41,21.00,19.40,20.16,81200,16.41
2009-01-29,20.21,21.37,19.97,20.22,53700,16.46
2009-01-28,20.62,21.15,20.13,20.33,174400,16.54
2009-01-27,20.23,20.98,19.90,20.75,70900,16.89
2009-01-26,19.75,20.92,19.58,20.15,61600,16.40
2009-01-23,20.20,20.20,19.12,20.00,48400,16.28
2009-01-22,19.55,20.17,19.36,19.67,40100,16.01
2009-01-21,19.53,20.35,19.25,19.70,68000,16.03
2009-01-20,19.78,19.98,19.02,19.70,38000,16.03
2009-01-16,19.56,20.26,19.44,19.77,39400,16.09
2009-01-15,19.75,19.98,19.24,19.56,40300,15.92
2009-01-14,19.60,20.30,19.60,19.77,26500,16.09
2009-01-13,19.26,20.05,19.19,19.99,40500,16.27
2009-01-12,20.00,20.50,19.17,19.61,48200,15.96
2009-01-09,19.89,20.25,19.00,19.80,51200,16.11
2009-01-08,19.75,20.74,19.25,20.09,40100,16.35
2009-01-07,20.51,20.79,20.00,20.22,44700,16.46
2009-01-06,20.39,21.22,20.39,20.78,58000,16.91
2009-01-05,19.70,21.50,19.70,20.50,77700,16.68
2009-01-02,19.90,20.20,19.79,19.80,59100,16.11
2008-12-31,19.65,19.91,19.29,19.78,41400,16.10
2008-12-30,20.00,20.25,19.60,19.78,84200,16.10
2008-12-29,19.49,20.00,18.95,19.98,65500,16.26
2008-12-26,18.85,19.93,18.85,19.61,21100,15.96
2008-12-24,18.68,19.44,18.68,19.02,19500,15.48
2008-12-23,18.82,19.00,18.26,18.68,39600,15.20
2008-12-22,18.79,19.68,18.00,19.00,39500,15.46
2008-12-19,19.29,19.49,18.65,18.79,20200,15.29
2008-12-18,19.17,19.68,18.61,19.68,26400,16.02
2008-12-17,18.87,19.11,17.98,18.66,68400,15.19
2008-12-16,18.71,19.68,18.64,19.21,19600,15.63
2008-12-15,18.67,19.33,18.52,18.80,21400,15.30
2008-12-12,18.85,18.85,18.36,18.72,22200,15.23
2008-12-11,19.68,20.12,18.80,19.42,38200,15.80
2008-12-10,18.13,19.70,17.54,19.70,37200,16.03
2008-12-09,18.07,18.81,17.33,17.80,44400,14.49
2008-12-08,17.89,18.50,17.40,18.44,56700,15.01
2008-12-05,17.20,17.92,16.59,17.57,29400,14.30
2008-12-04,18.45,18.66,17.48,17.56,57400,14.29
2008-12-03,18.34,18.76,18.00,18.50,22100,15.06
2008-12-02,19.32,19.86,17.33,18.72,33500,15.23
2008-12-01,19.95,20.49,18.21,18.84,46000,15.33
2008-11-28,18.40,20.00,17.91,20.00,15100,16.28
2008-11-26,18.20,19.44,17.21,18.15,42900,14.77
2008-11-25,17.60,21.89,17.60,18.08,123300,14.71
2008-11-24,15.89,17.40,15.89,17.28,54900,14.06
2008-11-21,15.61,16.65,14.67,15.91,209400,12.95
2008-11-20,18.61,18.61,15.65,16.36,111100,13.31
2008-11-19,19.80,19.80,18.48,18.50,25400,15.06
2008-11-18,20.31,20.31,18.85,20.00,40100,16.28
2008-11-17,20.13,20.97,19.37,20.50,70500,16.68
2008-11-14,18.95,20.29,18.95,19.93,46000,16.22
2008-11-13,19.71,19.85,19.21,19.59,47800,15.94
2008-11-12,19.70,19.90,19.27,19.52,48700,15.89
2008-11-11,20.80,20.82,19.97,20.08,66700,16.34
2008-11-10,20.42,21.29,20.32,20.82,59900,16.94
2008-11-07,20.36,20.36,19.90,20.20,66500,16.44
2008-11-06,21.57,21.57,19.90,20.20,129600,16.44
2008-11-05,20.36,20.86,20.30,20.40,71400,16.32
2008-11-04,21.89,21.89,20.33,20.40,52400,16.32
2008-11-03,20.19,20.36,20.03,20.18,56700,16.14
2008-10-31,19.63,20.20,19.63,20.10,71600,16.08
2008-10-30,20.15,20.22,19.50,19.89,129400,15.91
2008-10-29,19.99,20.31,19.75,19.92,81500,15.93
2008-10-28,19.61,20.00,18.68,19.69,62100,15.75
2008-10-27,19.40,19.99,19.11,19.50,29600,15.60
2008-10-24,19.01,19.92,18.40,19.49,53700,15.59
2008-10-23,20.05,20.12,18.40,19.31,70500,15.45
2008-10-22,20.11,20.39,19.80,19.90,73600,15.92
2008-10-21,20.30,20.50,19.79,20.45,127400,16.36
2008-10-20,19.35,20.25,19.34,20.20,188700,16.16
2008-10-17,18.06,20.30,17.76,19.60,92900,15.68
2008-10-16,18.14,18.60,17.94,18.18,54700,14.54
2008-10-15,18.70,18.87,18.05,18.36,100500,14.69
2008-10-14,18.01,19.22,17.95,18.70,114900,14.96
2008-10-13,15.49,18.03,15.30,17.16,48100,13.73
2008-10-10,14.51,30.00,12.10,14.75,182700,11.80
2008-10-09,14.90,15.51,14.44,14.99,159700,11.99
2008-10-08,15.50,15.50,13.47,14.90,226700,11.92
2008-10-07,16.33,17.37,15.17,15.20,116600,12.16
2008-10-06,18.60,18.60,15.55,15.94,93800,12.75
2008-10-03,18.25,19.10,18.01,18.57,141200,14.85
2008-10-02,18.56,18.81,17.67,18.20,149100,14.56
2008-10-01,19.50,19.50,18.07,19.00,153200,15.20
2008-09-30,19.75,19.75,18.29,19.00,47900,15.20
2008-09-29,19.55,19.82,18.55,19.00,35500,15.20
2008-09-26,19.91,20.00,19.48,19.91,36100,15.92
2008-09-25,19.74,20.13,19.40,20.05,157400,16.04
2008-09-24,19.83,20.00,19.56,19.74,68000,15.79
2008-09-23,19.77,20.14,19.65,19.96,94000,15.96
2008-09-22,20.45,20.50,19.75,19.76,33000,15.80
2008-09-19,20.00,20.40,19.40,19.75,54000,15.80
2008-09-18,18.10,18.70,17.93,18.43,241600,14.74
2008-09-17,18.75,18.85,18.07,18.35,90700,14.68
2008-09-16,18.25,19.15,17.06,19.15,86700,15.32
2008-09-15,20.45,20.98,19.05,19.11,24500,15.29
2008-09-12,20.10,20.53,20.10,20.53,21700,16.42
2008-09-11,21.30,21.30,20.02,20.30,78200,16.24
2008-09-10,21.90,21.90,21.30,21.30,50100,17.04
2008-09-09,22.89,22.89,21.84,21.90,31500,17.52
2008-09-08,22.40,23.00,22.40,22.76,22700,18.20
2008-09-05,23.00,23.00,22.22,22.26,34800,17.80
2008-09-04,23.00,23.00,22.52,22.54,46500,18.03
2008-09-03,22.96,23.26,22.88,22.95,92400,18.36
2008-09-02,22.60,23.28,22.60,23.15,26100,18.52
2008-08-29,23.15,23.37,22.88,23.02,33300,18.41
2008-08-28,23.41,23.41,22.94,23.10,36500,18.48
2008-08-27,22.26,23.18,22.26,23.13,60800,18.50
2008-08-26,22.00,22.49,21.50,22.24,80400,17.79
2008-08-25,23.23,23.25,22.10,22.25,55600,17.80
2008-08-22,23.25,23.25,22.50,23.11,41400,18.48
2008-08-21,23.19,23.49,22.78,23.25,42500,18.60
2008-08-20,23.18,23.18,22.95,23.10,25500,18.48
2008-08-19,23.20,23.20,22.99,23.15,16400,18.52
2008-08-18,23.10,23.22,23.05,23.15,23300,18.52
2008-08-15,23.20,23.22,22.95,23.10,33700,18.48
2008-08-14,23.50,23.50,23.03,23.06,42400,18.44
2008-08-13,23.23,23.24,22.95,23.09,59200,18.47
2008-08-12,23.74,23.74,22.88,22.95,49600,18.36
2008-08-11,22.93,22.99,22.68,22.72,43400,18.17
2008-08-08,22.99,23.19,22.46,22.64,46800,18.11
2008-08-07,22.86,23.07,22.67,22.90,29100,18.32
2008-08-06,22.77,23.02,22.67,22.95,37600,18.36
2008-08-05,23.10,23.21,22.88,22.97,32600,18.37
2008-08-04,23.40,23.40,22.67,23.24,26000,18.59
2008-08-01,23.21,23.37,23.21,23.24,38400,18.59
2008-07-31,23.55,23.70,23.55,23.69,20500,18.68
2008-07-30,23.56,24.00,23.40,23.66,35900,18.65
2008-07-29,23.86,24.09,23.67,23.70,12200,18.68
2008-07-28,23.47,23.67,23.40,23.56,20500,18.57
2008-07-25,23.41,23.84,23.14,23.47,27700,18.50
2008-07-24,23.20,23.79,23.13,23.40,41700,18.45
2008-07-23,23.26,23.50,23.14,23.40,19500,18.45
2008-07-22,23.38,23.67,23.18,23.41,24900,18.46
2008-07-21,23.20,23.45,22.99,23.24,69100,18.32
2008-07-18,23.88,24.18,23.08,23.20,41900,18.29
2008-07-17,23.90,25.00,23.65,24.13,45500,19.02
2008-07-16,23.25,23.62,22.89,23.60,46100,18.61
2008-07-15,23.60,23.60,22.71,23.54,58200,18.56
2008-07-14,23.32,23.60,23.25,23.45,20500,18.49
2008-07-11,22.58,23.46,22.53,23.30,23800,18.37
2008-07-10,22.55,23.08,22.50,23.06,14600,18.18
2008-07-09,22.64,23.22,22.64,22.76,31200,17.94
2008-07-08,22.50,23.00,22.49,22.72,41100,17.91
2008-07-07,23.06,23.06,22.34,22.70,28900,17.90
2008-07-03,23.33,23.33,22.85,22.99,16300,18.12
2008-07-02,23.05,23.35,22.88,23.16,30800,18.26
2008-07-01,23.30,23.45,22.90,23.16,55400,18.26
2008-06-30,23.62,23.77,22.84,23.05,39800,18.17
2008-06-27,23.62,23.70,23.24,23.47,24700,18.50
2008-06-26,23.60,23.85,23.30,23.59,40500,18.60
2008-06-25,23.80,23.87,23.54,23.80,43500,18.76
2008-06-24,23.40,23.81,23.33,23.70,16100,18.68
2008-06-23,23.25,23.75,23.25,23.70,45000,18.68
2008-06-20,23.80,24.00,23.10,23.10,55500,18.21
2008-06-19,24.15,24.45,23.95,23.99,29700,18.91
2008-06-18,24.26,24.52,24.17,24.20,50800,19.08
2008-06-17,24.56,24.56,24.20,24.30,57300,19.16
2008-06-16,24.77,24.94,24.30,24.40,44900,19.24
2008-06-13,24.35,24.91,24.35,24.76,31300,19.52
2008-06-12,24.58,24.79,24.34,24.50,43300,19.32
2008-06-11,24.79,24.93,24.52,24.80,36000,19.55
2008-06-10,24.93,24.93,24.43,24.64,32100,19.43
2008-06-09,24.70,25.30,24.69,24.80,53700,19.55
2008-06-06,25.66,25.99,24.58,24.58,50700,19.38
2008-06-05,25.25,25.75,25.01,25.52,41800,20.12
2008-06-04,25.38,25.63,25.12,25.39,28000,20.02
2008-06-03,25.14,25.73,25.04,25.59,76200,20.17
2008-06-02,24.74,25.21,24.63,25.18,39400,19.85
2008-05-30,24.42,25.00,24.42,24.75,29800,19.51
2008-05-29,23.98,24.78,23.77,24.54,35300,19.35
2008-05-28,24.00,24.18,23.80,24.18,33000,19.06
2008-05-27,24.77,24.83,24.00,24.10,38800,19.00
2008-05-23,24.61,24.69,24.43,24.61,44200,19.40
2008-05-22,24.89,24.93,24.52,24.60,24200,19.39
2008-05-21,24.96,25.00,24.67,24.92,43200,19.65
2008-05-20,24.94,25.00,24.82,24.95,37800,19.67
2008-05-19,25.09,25.17,24.65,24.94,43900,19.66
2008-05-16,26.15,26.15,24.59,24.99,27800,19.70
2008-05-15,25.20,25.49,24.73,25.19,47200,19.86
2008-05-14,24.41,25.12,24.41,25.12,48600,19.80
2008-05-13,24.55,25.00,24.37,24.70,52000,19.47
2008-05-12,24.99,24.99,24.32,24.69,81600,19.46
2008-05-09,23.80,24.22,23.80,24.22,118800,19.09
2008-05-08,23.90,24.00,23.75,23.80,56500,18.76
2008-05-07,24.20,24.45,23.80,23.80,33200,18.76
2008-05-06,23.99,24.40,23.99,24.17,34700,19.05
2008-05-05,24.97,24.97,23.91,23.98,19800,18.91
2008-05-02,24.19,24.47,23.99,24.10,39700,19.00
2008-05-01,24.10,24.17,23.96,24.02,18000,18.94
2008-04-30,24.49,24.58,24.23,24.37,21000,18.95
2008-04-29,24.59,24.70,24.05,24.51,29100,19.06
2008-04-28,24.15,24.31,24.02,24.11,32900,18.75
2008-04-25,24.02,24.21,24.02,24.10,25600,18.74
2008-04-24,24.68,24.68,24.00,24.16,26900,18.79
2008-04-23,24.54,24.69,24.19,24.21,19300,18.83
2008-04-22,24.67,24.69,24.42,24.46,14600,19.02
2008-04-21,24.62,24.90,24.51,24.57,14600,19.11
2008-04-18,24.25,24.84,24.06,24.50,20200,19.05
2008-04-17,24.02,24.44,23.90,24.13,26700,18.77
2008-04-16,23.81,24.42,23.81,24.00,51000,18.66
2008-04-15,24.16,24.16,23.74,23.81,51300,18.52
2008-04-14,24.45,24.45,23.74,24.03,23800,18.69
2008-04-11,24.43,24.68,24.03,24.33,23900,18.92
2008-04-10,24.47,24.77,23.65,24.53,60500,19.08
2008-04-09,24.90,25.05,24.25,24.30,74900,18.90
2008-04-08,24.70,25.07,24.38,24.71,28000,19.22
2008-04-07,25.55,25.55,24.30,24.56,44600,19.10
2008-04-04,24.26,24.49,24.26,24.47,15000,19.03
2008-04-03,24.09,24.51,24.01,24.16,13400,18.79
2008-04-02,24.13,24.22,23.99,24.12,22800,18.76
2008-04-01,24.39,24.45,24.11,24.30,31800,18.90
2008-03-31,23.73,24.73,23.70,24.24,66800,18.85
2008-03-28,24.25,24.25,23.80,23.93,21000,18.61
2008-03-27,24.02,24.49,23.99,24.00,41000,18.66
2008-03-26,23.94,24.33,23.61,24.14,20100,18.77
2008-03-25,23.60,24.00,23.20,23.99,58100,18.66
2008-03-24,23.35,23.63,23.10,23.50,58000,18.28
2008-03-20,22.90,23.38,22.30,23.38,57800,18.18
2008-03-19,22.48,23.00,22.45,22.64,90400,17.61
2008-03-18,22.96,23.03,22.55,22.58,59700,17.56
2008-03-17,23.51,23.51,22.10,22.46,148200,17.47
2008-03-14,24.27,24.27,23.46,23.55,61200,18.31
2008-03-13,24.70,24.70,24.01,24.25,43400,18.86
2008-03-12,24.27,24.97,24.27,24.61,91000,19.14
2008-03-11,25.07,25.07,24.37,24.41,60100,18.98
2008-03-10,24.62,24.75,24.52,24.68,91800,19.19
2008-03-07,24.77,24.85,24.37,24.71,86500,19.22
2008-03-06,25.06,25.07,24.57,24.77,35300,19.26
2008-03-05,24.56,25.25,24.56,24.86,31600,19.33
2008-03-04,24.48,24.70,24.26,24.68,48400,19.19
2008-03-03,24.66,24.86,24.42,24.42,30700,18.99
2008-02-29,24.64,24.85,24.58,24.70,17600,19.21
2008-02-28,24.62,25.06,24.56,24.77,25600,19.26
2008-02-27,24.90,25.10,24.30,24.48,44200,19.04
2008-02-26,24.88,25.24,24.81,25.00,24900,19.44
2008-02-25,24.93,25.43,24.49,24.86,53000,19.33
2008-02-22,24.68,25.07,24.51,25.04,17100,19.47
2008-02-21,25.50,25.59,24.44,24.76,29300,19.26
2008-02-20,25.45,25.97,25.26,25.67,43100,19.96
2008-02-19,25.31,25.91,25.12,25.38,25700,19.74
2008-02-15,25.32,25.50,24.86,25.12,18200,19.54
2008-02-14,25.65,25.85,25.37,25.37,21400,19.73
2008-02-13,25.70,25.80,24.88,25.55,63200,19.87
2008-02-12,25.65,25.65,25.33,25.40,40600,19.75
2008-02-11,25.12,25.53,25.12,25.40,94600,19.75
2008-02-08,24.95,25.69,24.95,25.12,91000,19.54
2008-02-07,25.00,25.42,24.85,24.89,52100,19.36
2008-02-06,25.01,25.09,24.91,25.00,98300,19.44
2008-02-05,24.21,25.49,24.19,25.06,104700,19.49
2008-02-04,23.68,24.43,23.68,24.43,71400,19.00
2008-02-01,23.75,24.00,23.63,23.64,109200,18.38
2008-01-31,23.39,24.00,23.29,23.75,85300,18.47
2008-01-30,24.05,24.26,23.90,23.94,53100,18.37
2008-01-29,23.92,24.44,23.92,24.25,47500,18.61
2008-01-28,23.67,24.28,23.67,23.99,77000,18.41
2008-01-25,23.00,24.00,23.00,23.57,99900,18.09
2008-01-24,23.30,23.50,22.02,22.75,375500,17.46
2008-01-23,23.80,24.10,22.91,22.94,71800,17.60
2008-01-22,22.00,24.77,21.17,23.90,137600,18.34
2008-01-18,23.68,23.92,23.25,23.43,49900,17.98
2008-01-17,23.45,24.03,23.25,23.69,155500,18.18
2008-01-16,24.15,24.35,23.17,23.50,79000,18.03
2008-01-15,24.76,24.76,24.35,24.35,31500,18.68
2008-01-14,24.82,24.92,24.47,24.61,21400,18.88
2008-01-11,24.94,25.06,24.74,24.85,34000,19.07
2008-01-10,25.50,25.55,25.01,25.03,73000,19.21
2008-01-09,25.34,25.38,25.02,25.36,23800,19.46
2008-01-08,25.23,25.43,25.15,25.42,18500,19.50
2008-01-07,25.28,25.41,24.96,25.29,40500,19.40
2008-01-04,25.07,25.94,25.01,25.41,25600,19.50
2008-01-03,24.40,25.61,24.40,25.40,97800,19.49
2008-01-02,24.20,24.50,24.20,24.30,50100,18.65
2007-12-31,24.00,24.10,23.72,23.96,128400,18.38
2007-12-28,24.34,24.44,23.83,24.10,78900,18.49
2007-12-27,24.75,24.93,24.32,24.34,82200,18.68
2007-12-26,24.25,25.20,24.16,24.73,118100,18.98
2007-12-24,23.93,24.80,23.70,24.45,63300,18.76
2007-12-21,24.25,24.42,24.04,24.13,68600,18.51
2007-12-20,24.30,24.50,24.22,24.25,31700,18.61
2007-12-19,24.10,24.52,24.10,24.22,48300,18.58
2007-12-18,24.20,24.32,23.85,24.15,107300,18.53
2007-12-17,24.17,24.50,23.90,24.47,148700,18.78
2007-12-14,24.05,24.70,24.05,24.44,102100,18.75
2007-12-13,24.53,24.53,24.22,24.27,36000,18.62
2007-12-12,24.94,24.94,24.51,24.71,40200,18.96
2007-12-11,25.00,25.00,24.61,24.70,34400,18.95
2007-12-10,24.61,25.07,24.61,24.96,19800,19.15
2007-12-07,25.10,25.40,24.44,24.50,43900,18.80
2007-12-06,24.76,24.97,24.50,24.77,26500,19.01
2007-12-05,24.42,24.95,24.05,24.59,44200,18.87
2007-12-04,25.18,25.41,24.21,24.40,81600,18.72
2007-12-03,25.16,25.16,24.83,25.10,23500,19.26
2007-11-30,24.90,25.20,24.88,25.07,28100,19.24
2007-11-29,25.31,25.48,24.85,25.00,41300,19.18
2007-11-28,25.41,25.50,25.05,25.25,106300,19.37
2007-11-27,25.40,25.66,25.21,25.43,132600,19.51
2007-11-26,25.48,25.48,25.15,25.45,63000,19.53
2007-11-23,25.10,25.20,24.95,25.18,7900,19.32
2007-11-21,25.25,25.41,24.77,25.07,53600,19.24
2007-11-20,25.10,25.18,24.84,25.12,122300,19.27
2007-11-19,25.01,25.32,24.84,25.10,33600,19.26
2007-11-16,25.05,25.27,24.86,25.01,56300,19.19
2007-11-15,25.10,25.32,24.90,25.22,79500,19.35
2007-11-14,25.35,25.35,24.85,25.05,83800,19.22
2007-11-13,25.20,25.40,24.75,25.00,171300,19.18
2007-11-12,25.00,25.15,24.83,25.00,90500,19.18
2007-11-09,24.78,25.31,24.75,25.00,118100,19.18
2007-11-08,25.66,25.78,24.71,24.95,77500,19.14
2007-11-07,25.74,25.89,25.50,25.50,37200,19.57
2007-11-06,25.50,26.00,25.35,25.76,73600,19.77
2007-11-05,25.50,26.73,24.62,25.26,135200,19.38
2007-11-02,25.77,26.47,25.50,25.71,22300,19.73
2007-11-01,25.10,26.19,24.85,25.67,57300,19.70
2007-10-31,25.25,26.15,25.18,25.65,47200,19.68
2007-10-30,25.47,26.35,25.39,25.46,109500,19.31
2007-10-29,26.00,26.68,25.10,25.35,124900,19.22
2007-10-26,25.99,26.30,25.87,25.91,52200,19.65
2007-10-25,26.00,26.08,25.65,25.91,59600,19.65
2007-10-24,25.45,26.34,25.03,26.00,43400,19.71
2007-10-23,25.32,25.69,25.26,25.52,69700,19.35
2007-10-22,25.79,26.10,25.31,25.45,81600,19.30
2007-10-19,25.85,26.20,25.61,25.87,62600,19.62
2007-10-18,25.77,26.25,25.75,26.14,69500,19.82
2007-10-17,25.73,26.40,25.65,26.01,63500,19.72
2007-10-16,26.10,26.10,25.50,25.82,58800,19.58
2007-10-15,25.99,26.25,25.99,26.11,29900,19.80
2007-10-12,26.10,26.26,26.00,26.05,73600,19.75
2007-10-11,25.76,26.09,25.76,25.96,48100,19.68
2007-10-10,25.24,25.86,25.23,25.81,69700,19.57
2007-10-09,25.40,25.52,24.80,25.49,114900,19.33
2007-10-08,25.20,25.50,25.00,25.29,87900,19.18
2007-10-05,25.00,25.21,24.75,25.12,131200,19.05
2007-10-04,24.73,25.03,24.50,24.80,175400,18.80
2007-10-03,24.50,25.03,24.42,24.62,270500,18.67
2007-10-02,25.45,25.45,23.95,24.76,229000,18.77
2007-10-01,26.56,26.56,25.50,25.65,112800,19.45
2007-09-28,26.02,26.90,26.02,26.26,54400,19.91
2007-09-27,26.62,26.92,26.07,26.28,86200,19.93
2007-09-26,26.80,27.00,26.55,26.55,117100,20.13
2007-09-25,27.25,27.72,26.23,26.93,95600,20.42
2007-09-24,27.45,27.90,27.18,27.43,42500,20.80
2007-09-21,27.55,28.00,26.98,27.70,48800,21.00
2007-09-20,26.85,28.69,26.70,27.69,96500,21.00
2007-09-19,27.00,27.24,26.52,26.99,48600,20.47
2007-09-18,26.71,27.30,26.30,27.00,22500,20.47
2007-09-17,27.20,27.70,26.36,26.52,58700,20.11
2007-09-14,27.72,28.11,26.81,27.24,41100,20.65
2007-09-13,27.86,28.14,27.20,27.64,65700,20.96
2007-09-12,27.93,28.20,27.18,27.72,126800,21.02
2007-09-11,27.50,28.03,27.21,27.74,158100,21.03
2007-09-10,27.75,27.75,27.10,27.20,76100,20.62
2007-09-07,27.20,27.76,26.80,27.22,329300,20.64
2007-09-06,26.94,27.98,26.93,27.35,52500,20.74
2007-09-05,26.99,27.20,26.80,27.00,58900,20.47
2007-09-04,26.50,27.16,26.50,27.00,66500,20.47
2007-08-31,26.60,27.33,26.41,26.49,124000,20.09
2007-08-30,26.33,26.50,25.75,26.20,62500,19.87
2007-08-29,26.40,26.80,26.20,26.58,44500,20.15
2007-08-28,26.98,27.20,26.22,26.30,57200,19.94
2007-08-27,26.82,27.19,26.71,27.05,57000,20.51
2007-08-24,27.05,27.47,26.54,26.92,104800,20.41
2007-08-23,26.90,27.30,26.60,27.04,92800,20.50
2007-08-22,26.65,27.00,26.60,26.76,88500,20.29
2007-08-21,26.84,27.00,26.51,26.75,71500,20.28
2007-08-20,26.85,27.01,26.50,26.84,143400,20.35
2007-08-17,26.35,27.28,26.33,27.00,63200,20.47
2007-08-16,26.50,26.72,25.01,25.86,114000,19.61
2007-08-15,26.70,27.00,26.45,26.95,60700,20.43
2007-08-14,27.69,27.93,27.05,27.30,121800,20.70
2007-08-13,27.00,27.72,27.00,27.69,96100,21.00
2007-08-10,27.29,27.62,26.67,26.98,110800,20.46
2007-08-09,28.00,28.15,27.29,27.29,116600,20.69
2007-08-08,28.24,28.60,27.50,27.87,505500,21.13
2007-08-07,27.25,29.25,26.71,28.14,287000,21.34
2007-08-06,28.45,28.50,24.65,27.20,416800,20.62
2007-08-03,28.22,28.25,27.75,28.12,122700,21.32
2007-08-02,28.73,28.99,27.61,28.32,396800,21.47
2007-08-01,29.25,29.25,28.50,28.72,81200,21.78
2007-07-31,29.20,29.75,29.06,29.40,65700,22.29
2007-07-30,28.97,29.17,28.51,29.00,120400,21.99
2007-07-27,29.40,29.73,28.55,28.94,121300,21.94
2007-07-26,29.90,30.00,29.15,29.45,94000,22.33
