Date,Open,High,Low,Close,Volume,Adj Close
2012-05-04,7.13,7.23,6.79,6.82,152000,6.82
2012-05-03,7.41,7.54,7.18,7.20,293400,7.20
2012-05-02,7.44,7.61,7.42,7.43,137000,7.43
2012-05-01,7.42,7.51,7.19,7.49,228500,7.49
2012-04-30,7.40,7.54,7.33,7.42,185000,7.42
2012-04-27,7.43,7.60,7.28,7.46,242900,7.46
2012-04-26,6.50,7.46,6.50,7.38,395400,7.38
2012-04-25,6.71,6.80,6.46,6.53,442800,6.53
2012-04-24,6.35,6.72,6.29,6.71,241300,6.71
2012-04-23,6.05,6.46,5.87,6.36,279700,6.36
2012-04-20,6.51,6.72,6.42,6.50,260000,6.50
2012-04-19,6.02,6.86,6.02,6.41,924300,6.41
2012-04-18,6.00,6.09,5.93,5.99,261900,5.99
2012-04-17,6.00,6.09,5.96,6.03,404000,6.03
2012-04-16,6.33,6.37,5.87,5.92,349500,5.92
2012-04-13,6.33,6.34,6.09,6.28,533200,6.28
2012-04-12,6.28,6.45,6.19,6.33,331200,6.33
2012-04-11,6.19,6.27,6.06,6.27,175900,6.27
2012-04-10,6.02,6.14,5.96,6.05,296400,6.05
2012-04-09,6.07,6.13,5.93,6.05,126100,6.05
2012-04-05,6.00,6.40,6.00,6.21,330700,6.21
2012-04-04,6.11,6.16,5.92,6.00,280100,6.00
2012-04-03,6.01,6.30,5.99,6.21,308200,6.21
2012-04-02,5.77,6.15,5.69,6.14,225000,5.99
2012-03-30,5.54,5.82,5.54,5.80,202300,5.66
2012-03-29,5.52,5.54,5.47,5.50,122100,5.37
2012-03-28,5.53,5.61,5.40,5.60,118800,5.46
2012-03-27,5.58,5.66,5.57,5.57,83100,5.43
2012-03-26,5.74,5.82,5.55,5.62,149400,5.48
2012-03-23,5.75,5.78,5.62,5.70,95800,5.56
2012-03-22,5.91,5.95,5.75,5.76,316300,5.62
2012-03-21,5.98,6.09,5.95,6.02,98100,5.87
2012-03-20,6.13,6.28,5.91,5.92,566200,5.78
2012-03-19,6.36,6.42,6.24,6.31,195600,6.16
2012-03-16,6.41,6.50,6.37,6.43,205200,6.27
2012-03-15,6.43,6.50,6.28,6.43,304700,6.27
2012-03-14,6.51,6.58,6.30,6.49,175000,6.33
2012-03-13,6.08,6.46,6.08,6.46,151200,6.30
2012-03-12,6.32,6.34,6.02,6.09,195800,5.94
2012-03-09,6.75,6.79,6.27,6.35,248800,6.19
2012-03-08,5.97,6.57,5.86,6.56,363700,6.40
2012-03-07,5.82,6.07,5.79,5.95,239800,5.80
2012-03-06,6.14,6.24,5.75,5.79,290100,5.65
2012-03-05,6.66,6.80,6.31,6.34,282300,6.19
2012-03-02,6.63,6.89,6.55,6.78,320800,6.61
2012-03-01,6.51,6.74,6.42,6.61,385700,6.45
2012-02-29,6.74,6.76,6.43,6.60,247800,6.44
2012-02-28,6.84,6.97,6.61,6.78,146600,6.61
2012-02-27,6.63,6.90,6.63,6.82,208900,6.65
2012-02-24,6.66,6.82,6.28,6.78,190200,6.61
2012-02-23,6.48,6.62,6.37,6.62,218400,6.46
2012-02-22,6.38,6.58,6.34,6.48,368800,6.32
2012-02-21,6.40,6.53,6.27,6.27,133500,6.12
2012-02-17,6.50,6.80,6.43,6.47,260700,6.31
2012-02-16,6.04,6.47,5.99,6.46,111500,6.30
2012-02-15,6.08,6.11,6.03,6.08,128000,5.93
2012-02-14,6.07,6.08,5.90,6.03,212000,5.88
2012-02-13,6.07,6.13,5.99,6.11,68400,5.96
2012-02-10,6.20,6.28,6.00,6.02,254200,5.87
2012-02-09,5.92,6.34,5.85,6.30,204300,6.15
2012-02-08,5.90,6.04,5.86,5.95,298700,5.80
2012-02-07,5.82,5.92,5.66,5.85,182700,5.71
2012-02-06,5.79,5.87,5.73,5.83,115300,5.69
2012-02-03,5.92,5.92,5.83,5.86,153800,5.72
2012-02-02,5.74,5.86,5.68,5.85,213500,5.71
2012-02-01,5.65,5.77,5.59,5.69,262900,5.55
2012-01-31,5.60,5.65,5.47,5.59,85800,5.45
2012-01-30,5.78,5.85,5.53,5.53,235600,5.39
2012-01-27,5.88,5.95,5.87,5.90,112900,5.76
2012-01-26,5.88,6.04,5.85,5.90,85800,5.76
2012-01-25,5.97,5.98,5.80,5.88,87200,5.74
2012-01-24,6.05,6.10,5.89,6.03,67200,5.88
2012-01-23,6.14,6.32,6.04,6.10,102500,5.95
2012-01-20,6.15,6.30,6.07,6.16,488700,6.01
2012-01-19,5.84,6.22,5.82,6.17,250100,6.02
2012-01-18,5.57,5.85,5.50,5.84,169900,5.70
2012-01-17,5.32,5.65,5.32,5.60,173300,5.46
2012-01-13,5.31,5.45,5.23,5.29,154400,5.16
2012-01-12,5.44,5.48,5.23,5.40,88700,5.27
2012-01-11,5.18,5.46,5.13,5.40,434500,5.27
2012-01-10,4.97,5.21,4.97,5.16,275800,5.03
2012-01-09,4.83,4.87,4.66,4.85,183100,4.73
2012-01-06,4.61,5.06,4.60,4.84,301700,4.72
2012-01-05,4.60,4.70,4.50,4.63,113700,4.52
2012-01-04,4.72,4.78,4.60,4.64,184000,4.53
2012-01-03,4.38,4.80,4.38,4.79,377700,4.67
2011-12-30,4.16,4.37,4.11,4.27,176900,4.17
2011-12-29,4.15,4.22,4.02,4.20,275400,4.10
2011-12-28,4.25,4.27,4.11,4.17,131400,4.07
2011-12-27,4.41,4.43,4.25,4.25,148800,4.15
2011-12-23,4.53,4.53,4.33,4.38,267700,4.27
2011-12-22,4.44,4.70,4.34,4.55,196100,4.44
2011-12-21,4.74,4.77,4.41,4.46,173900,4.35
2011-12-20,4.70,4.84,4.66,4.82,345400,4.70
2011-12-19,4.53,4.76,4.53,4.66,309800,4.55
2011-12-16,4.40,4.65,4.31,4.55,378300,4.44
2011-12-15,4.30,4.46,4.23,4.40,401700,4.29
2011-12-14,4.40,4.50,4.21,4.25,729300,4.15
2011-12-13,4.72,4.72,4.35,4.40,422200,4.29
2011-12-12,4.94,5.00,4.53,4.63,403900,4.52
2011-12-09,5.32,5.40,4.95,5.02,330700,4.90
2011-12-08,5.49,5.62,5.29,5.37,608200,5.24
2011-12-07,5.60,5.70,5.47,5.58,247700,5.44
2011-12-06,5.81,5.81,5.56,5.64,317900,5.50
2011-12-05,5.95,5.99,5.72,5.80,277900,5.66
2011-12-02,6.03,6.07,5.80,5.91,329300,5.77
2011-12-01,6.08,6.19,5.88,5.97,180100,5.82
2011-11-30,5.89,6.06,5.71,6.06,1414800,5.91
2011-11-29,5.75,5.92,5.52,5.63,453400,5.49
2011-11-28,5.67,5.86,5.61,5.71,595800,5.57
2011-11-25,5.80,5.82,5.53,5.59,237300,5.45
2011-11-23,6.17,6.17,5.63,5.75,461400,5.61
2011-11-22,5.50,6.22,5.35,6.13,802600,5.98
2011-11-21,6.83,6.90,6.38,6.42,388500,6.26
2011-11-18,6.94,7.09,6.77,6.97,276600,6.80
2011-11-17,6.84,7.10,6.80,6.81,291300,6.64
2011-11-16,6.69,6.87,6.67,6.83,464700,6.66
2011-11-15,6.60,6.87,6.60,6.84,158400,6.67
2011-11-14,6.48,6.69,6.47,6.62,408000,6.46
2011-11-11,6.91,6.91,6.47,6.68,242400,6.52
2011-11-10,6.76,6.95,6.59,6.88,310500,6.71
2011-11-09,6.64,6.79,6.41,6.47,306600,6.31
2011-11-08,6.86,6.95,6.52,6.69,276800,6.53
2011-11-07,7.01,8.51,6.85,6.92,245100,6.75
2011-11-04,7.82,7.83,7.25,7.25,291000,7.07
2011-11-03,8.02,8.02,7.65,7.75,188500,7.56
2011-11-02,7.82,7.95,7.70,7.88,171300,7.69
2011-11-01,7.62,7.87,7.45,7.71,180300,7.52
2011-10-31,8.58,8.61,7.84,7.85,743700,7.66
2011-10-28,8.07,8.95,8.07,8.94,856800,8.72
2011-10-27,7.69,8.40,7.65,8.36,820500,8.16
2011-10-26,7.02,7.48,7.00,7.45,280800,7.27
2011-10-25,7.00,7.10,6.86,7.00,288800,6.83
2011-10-24,6.35,7.12,6.35,7.10,346600,6.93
2011-10-21,6.18,6.40,6.03,6.39,311100,6.23
2011-10-20,6.05,6.18,5.68,6.08,561600,5.93
2011-10-19,6.33,6.41,5.97,6.08,386800,5.93
2011-10-18,6.21,6.46,6.10,6.36,187700,6.20
2011-10-17,6.53,6.56,6.15,6.21,155900,6.06
2011-10-14,6.89,6.93,6.42,6.64,168400,6.48
2011-10-13,7.06,7.18,6.59,6.74,167100,6.58
2011-10-12,6.32,7.26,6.32,7.12,724400,6.95
2011-10-11,5.73,6.26,5.70,6.19,357900,6.04
2011-10-10,5.40,5.79,5.40,5.75,658800,5.61
2011-10-07,5.45,5.46,5.25,5.31,335100,5.18
2011-10-06,5.35,5.44,5.14,5.40,537400,5.27
2011-10-05,5.25,5.50,5.03,5.40,486000,5.27
2011-10-04,5.30,5.34,5.00,5.29,479800,5.16
2011-10-03,5.71,5.84,5.34,5.40,276200,5.27
2011-09-30,5.88,6.06,5.79,5.79,304400,5.65
2011-09-29,6.25,6.32,5.98,6.05,271300,5.90
2011-09-28,6.29,6.31,6.00,6.09,343300,5.94
2011-09-27,6.13,6.68,6.10,6.34,399900,6.19
2011-09-26,6.24,6.28,5.81,5.94,462900,5.79
2011-09-23,5.67,6.26,5.57,6.25,388100,6.10
2011-09-22,5.80,5.97,5.63,5.69,431200,5.55
2011-09-21,6.27,6.33,6.00,6.02,596800,5.87
2011-09-20,6.40,6.53,6.21,6.26,250300,6.11
2011-09-19,6.37,6.48,6.08,6.44,229800,6.28
2011-09-16,6.55,6.63,6.38,6.57,175400,6.41
2011-09-15,6.20,6.57,6.13,6.47,310200,6.31
2011-09-14,6.32,6.37,6.02,6.08,294300,5.93
2011-09-13,6.20,6.39,6.08,6.29,136900,6.14
2011-09-12,6.09,6.17,6.01,6.12,235700,5.97
2011-09-09,6.37,6.45,6.08,6.22,267200,6.07
2011-09-08,6.60,6.74,6.34,6.49,199300,6.33
2011-09-07,6.40,6.75,6.36,6.62,360600,6.46
2011-09-06,6.31,6.49,6.20,6.29,356900,6.14
2011-09-02,6.54,6.76,6.50,6.62,203100,6.46
2011-09-01,6.69,6.81,6.61,6.75,248900,6.59
2011-08-31,6.79,6.94,6.73,6.79,274700,6.62
2011-08-30,6.83,6.83,6.52,6.69,285900,6.53
2011-08-29,6.42,6.94,6.31,6.84,539100,6.67
2011-08-26,6.29,6.63,6.19,6.26,374500,6.11
2011-08-25,6.66,6.73,6.35,6.36,399400,6.20
2011-08-24,6.96,7.00,6.50,6.60,288000,6.44
2011-08-23,6.96,7.12,6.52,6.96,679600,6.79
2011-08-22,6.47,7.24,6.25,6.92,829400,6.75
2011-08-19,6.09,6.32,6.05,6.18,360500,6.03
2011-08-18,6.41,6.61,6.04,6.10,802500,5.95
2011-08-17,6.40,7.09,6.09,6.34,984700,6.19
2011-08-16,6.94,6.95,6.55,6.66,441700,6.50
2011-08-15,6.49,7.13,6.45,7.10,328500,6.93
2011-08-12,7.26,7.30,6.38,6.42,575000,6.26
2011-08-11,6.48,7.21,6.38,7.19,883900,7.01
2011-08-10,5.80,6.67,5.60,6.37,959300,6.21
2011-08-09,6.13,6.22,5.52,5.86,870100,5.72
2011-08-08,6.26,6.55,6.07,6.10,474200,5.95
2011-08-05,6.85,7.19,6.04,6.64,521400,6.48
2011-08-04,7.35,7.36,6.58,6.85,434500,6.68
2011-08-03,7.56,7.64,7.29,7.43,184300,7.25
2011-08-02,7.68,7.80,7.56,7.56,202000,7.38
2011-08-01,8.02,8.10,7.77,7.81,236600,7.62
2011-07-29,7.79,7.92,7.72,7.85,231700,7.66
2011-07-28,8.16,8.33,7.73,7.78,289000,7.59
2011-07-27,7.85,8.38,7.60,8.25,516500,8.05
2011-07-26,8.10,8.25,7.91,7.97,451100,7.78
2011-07-25,8.25,8.25,7.94,8.06,515600,7.86
2011-07-22,8.38,8.55,8.25,8.34,266200,8.14
2011-07-21,8.47,8.70,8.36,8.39,316200,8.19
2011-07-20,7.99,8.48,7.72,8.41,586400,8.20
2011-07-19,7.60,8.08,7.40,7.91,1346500,7.72
2011-07-18,7.89,7.98,7.27,7.37,2240000,7.19
2011-07-15,8.20,8.28,7.87,7.97,599700,7.78
2011-07-14,8.53,8.62,8.05,8.10,583800,7.90
2011-07-13,8.50,8.72,8.42,8.50,329200,8.29
2011-07-12,8.35,8.61,8.29,8.40,443600,8.19
2011-07-11,9.32,9.36,8.38,8.40,866400,8.19
2011-07-08,9.49,9.68,9.36,9.50,250200,9.27
2011-07-07,9.39,9.83,9.39,9.70,239300,9.46
2011-07-06,9.37,9.55,9.22,9.40,389200,9.17
2011-07-05,9.37,9.59,9.27,9.44,409600,9.21
2011-07-01,9.82,9.93,9.21,9.31,345200,9.08
2011-06-30,9.57,10.02,9.56,9.81,529900,9.57
2011-06-29,9.43,9.59,9.32,9.58,358400,9.35
2011-06-28,9.05,9.45,9.05,9.43,330300,9.20
2011-06-27,9.07,9.38,8.93,9.01,480000,8.79
2011-06-24,9.48,9.74,8.79,8.91,686700,8.69
2011-06-23,8.75,9.47,8.62,9.45,676100,9.22
2011-06-22,8.39,9.07,8.26,8.93,667000,8.71
2011-06-21,7.65,8.24,7.63,8.13,287600,7.93
2011-06-20,7.54,7.67,7.43,7.61,142000,7.42
2011-06-17,7.53,7.72,7.52,7.61,287900,7.42
2011-06-16,7.55,7.72,7.47,7.52,110000,7.34
2011-06-15,7.69,7.81,7.46,7.58,296100,7.39
2011-06-14,7.98,8.05,7.62,7.80,316200,7.61
2011-06-13,7.80,7.96,7.62,7.78,316300,7.59
2011-06-10,8.04,8.24,7.60,7.76,495000,7.57
2011-06-09,8.17,8.34,8.00,8.11,342000,7.91
2011-06-08,8.45,8.55,8.09,8.17,373700,7.97
2011-06-07,7.99,8.63,7.95,8.39,632500,8.19
2011-06-06,8.69,8.73,7.71,7.93,990500,7.74
2011-06-03,9.60,9.66,8.55,8.64,780600,8.43
2011-06-02,9.62,9.81,9.55,9.72,283400,9.48
2011-06-01,10.26,10.26,9.50,9.70,707100,9.46
2011-05-31,10.10,10.70,10.09,10.50,394100,10.24
2011-05-27,10.20,10.20,10.05,10.13,110700,9.88
2011-05-26,10.14,10.26,10.10,10.21,150200,9.96
2011-05-25,10.31,10.47,10.17,10.19,180900,9.94
2011-05-24,10.26,10.46,10.23,10.37,192300,10.12
2011-05-23,10.38,10.49,10.16,10.16,140500,9.91
2011-05-20,10.65,10.71,10.50,10.52,375700,10.26
2011-05-19,10.50,10.79,10.38,10.65,905600,10.39
2011-05-18,10.25,10.54,10.20,10.46,232600,10.20
2011-05-17,10.26,10.37,9.93,10.13,539800,9.88
2011-05-16,10.50,10.50,10.17,10.29,410200,10.04
2011-05-13,11.03,11.12,10.40,10.50,436100,10.24
2011-05-12,11.27,11.34,10.90,10.96,397000,10.69
2011-05-11,11.44,11.53,11.20,11.21,339100,10.94
2011-05-10,11.35,11.58,11.25,11.54,441500,11.26
2011-05-09,11.53,11.53,11.20,11.21,210000,10.94
2011-05-06,11.62,11.89,11.40,11.54,547700,11.26
2011-05-05,11.34,11.43,11.25,11.38,187900,11.10
2011-05-04,11.47,11.53,11.23,11.45,395100,11.17
2011-05-03,11.88,11.95,11.45,11.47,272000,11.19
2011-05-02,11.95,12.08,11.87,11.94,118000,11.65
2011-04-29,12.08,12.09,11.92,11.95,217000,11.66
2011-04-28,12.21,12.28,12.02,12.11,209100,11.81
2011-04-27,12.72,12.81,12.14,12.25,331200,11.95
2011-04-26,12.81,12.89,12.66,12.75,171100,12.44
2011-04-25,12.53,12.84,12.53,12.76,173300,12.45
2011-04-21,12.34,12.58,12.32,12.57,128900,12.26
2011-04-20,12.45,12.45,12.18,12.26,177900,11.96
2011-04-19,12.04,12.59,12.00,12.28,264900,11.98
2011-04-18,12.17,12.29,11.87,11.98,519200,11.69
2011-04-15,12.73,12.80,12.25,12.32,378000,12.02
2011-04-14,12.71,12.81,12.60,12.72,354900,12.41
2011-04-13,12.71,12.90,12.58,12.78,306000,12.47
2011-04-12,12.81,12.89,12.60,12.60,185700,12.29
2011-04-11,13.15,13.26,12.97,13.07,332800,12.75
2011-04-08,13.00,13.26,12.96,13.15,420000,12.83
2011-04-07,12.68,13.10,12.68,13.00,486800,12.68
2011-04-06,12.77,12.80,12.68,12.75,293900,12.44
2011-04-05,12.62,12.85,12.60,12.77,498100,12.46
2011-04-04,12.20,12.79,12.02,12.70,949500,12.39
2011-04-01,11.97,12.36,11.85,12.31,746500,11.77
2011-03-31,11.81,11.89,11.71,11.75,237700,11.23
2011-03-30,11.27,11.90,11.25,11.84,945400,11.32
2011-03-29,11.52,11.62,10.96,11.13,880100,10.64
2011-03-28,11.58,11.75,11.32,11.36,372600,10.86
2011-03-25,12.03,12.17,11.60,11.61,403400,11.10
2011-03-24,11.87,12.19,11.78,12.14,225000,11.60
2011-03-23,11.94,12.00,11.68,11.82,339400,11.30
2011-03-22,12.14,12.19,11.92,12.01,182900,11.48
2011-03-21,11.90,12.23,11.82,12.13,277700,11.59
2011-03-18,11.92,11.99,11.54,11.81,587100,11.29
2011-03-17,11.64,11.85,11.43,11.78,398900,11.26
2011-03-16,11.40,11.54,11.33,11.38,385400,10.88
2011-03-15,11.40,11.69,11.30,11.50,357100,10.99
2011-03-14,11.43,11.80,11.43,11.76,469900,11.24
2011-03-11,11.31,11.67,11.29,11.65,349100,11.13
2011-03-10,11.50,11.75,11.11,11.63,941900,11.12
2011-03-09,12.05,12.17,11.66,11.79,495000,11.27
2011-03-08,12.11,12.33,12.05,12.10,184800,11.56
2011-03-07,12.03,12.27,11.99,12.19,248100,11.65
2011-03-04,12.44,12.44,11.89,11.98,521900,11.45
2011-03-03,12.17,12.70,12.17,12.30,849300,11.76
2011-03-02,11.72,12.14,11.56,12.10,374800,11.56
2011-03-01,12.37,12.37,11.62,11.63,487300,11.12
2011-02-28,12.29,12.29,12.12,12.19,654600,11.65
2011-02-25,11.77,12.24,11.77,12.09,545000,11.56
2011-02-24,12.42,12.63,11.61,11.68,1274200,11.16
2011-02-23,13.01,13.06,12.47,12.49,584700,11.94
2011-02-22,13.10,13.21,13.00,13.06,393100,12.48
2011-02-18,13.63,13.73,13.48,13.48,201400,12.88
2011-02-17,13.83,13.91,13.51,13.62,279600,13.02
2011-02-16,13.90,13.91,13.81,13.91,100100,13.29
2011-02-15,13.78,13.89,13.54,13.79,308400,13.18
2011-02-14,14.00,14.05,13.70,13.78,342600,13.17
2011-02-11,14.20,14.28,13.95,13.99,410400,13.37
2011-02-10,14.57,14.57,14.22,14.35,478300,13.72
2011-02-09,14.68,14.82,14.38,14.67,772600,14.02
2011-02-08,14.63,14.64,14.31,14.48,890300,13.84
2011-02-07,14.83,14.93,14.54,14.67,379000,14.02
2011-02-04,14.98,15.04,14.86,14.89,115500,14.23
2011-02-03,14.95,15.05,14.81,15.04,135600,14.37
2011-02-02,14.72,15.01,14.70,14.98,169200,14.32
2011-02-01,14.50,14.65,14.30,14.65,152600,14.00
2011-01-31,14.41,14.56,14.21,14.34,314000,13.71
2011-01-28,14.90,15.14,14.22,14.40,728500,13.76
2011-01-27,15.32,15.46,14.81,15.16,430600,14.49
2011-01-26,15.95,16.20,15.15,15.23,598900,14.56
2011-01-25,16.03,16.25,15.92,16.08,353300,15.37
2011-01-24,15.97,16.18,15.93,16.14,362300,15.43
2011-01-21,15.74,16.06,15.60,16.04,349900,15.33
2011-01-20,16.00,16.16,15.48,15.56,356900,14.87
2011-01-19,15.93,16.23,15.85,16.00,510200,15.29
2011-01-18,15.10,15.80,15.09,15.79,492600,15.09
2011-01-14,14.97,15.30,14.97,15.27,205300,14.59
2011-01-13,15.00,15.16,14.95,15.07,165700,14.40
2011-01-12,14.63,15.02,14.50,15.02,359800,14.36
2011-01-11,14.57,14.74,14.15,14.40,290100,13.76
2011-01-10,14.12,14.49,14.03,14.41,340400,13.77
2011-01-07,14.64,14.75,14.15,14.18,327000,13.55
2011-01-06,14.93,14.97,14.70,14.70,285800,14.05
2011-01-05,15.00,15.18,14.80,14.97,120800,14.31
2011-01-04,15.40,15.49,15.01,15.19,210200,14.52
2011-01-03,15.04,15.46,15.04,15.45,282600,14.77
2010-12-31,14.83,15.38,14.75,14.96,678800,14.30
2010-12-30,14.49,14.62,14.43,14.59,293100,13.94
2010-12-29,14.39,14.60,14.37,14.54,253000,13.90
2010-12-28,14.37,14.44,14.12,14.37,249000,13.73
2010-12-27,14.57,14.57,14.18,14.45,289200,13.81
2010-12-23,14.67,14.85,14.57,14.61,301600,13.96
2010-12-22,14.45,14.89,14.26,14.83,511500,14.17
2010-12-21,13.97,14.44,13.88,14.42,851900,13.78
2010-12-20,14.00,14.00,13.82,13.88,398700,13.27
2010-12-17,13.78,14.02,13.76,14.02,287700,13.40
2010-12-16,13.63,13.82,13.45,13.76,283000,13.15
2010-12-15,13.70,13.88,13.56,13.66,465900,13.06
2010-12-14,13.67,13.88,13.59,13.69,940000,13.08
2010-12-13,13.83,13.98,13.45,13.65,589900,13.05
2010-12-10,13.51,13.93,13.51,13.82,761700,13.21
2010-12-09,13.84,14.10,13.82,13.95,543200,13.33
2010-12-08,14.24,14.35,13.77,13.84,886400,13.23
2010-12-07,14.31,14.37,14.11,14.25,247900,13.62
2010-12-06,14.10,14.29,14.02,14.11,373300,13.49
2010-12-03,14.25,14.30,14.13,14.20,377300,13.57
2010-12-02,14.13,14.45,14.07,14.38,461000,13.74
2010-12-01,14.24,14.53,14.09,14.13,623700,13.50
2010-11-30,13.62,14.07,13.56,13.95,789600,13.33
2010-11-29,13.71,14.13,13.60,13.86,644400,13.25
2010-11-26,13.68,14.00,13.52,13.82,317000,13.21
2010-11-24,13.40,13.94,13.35,13.79,869800,13.18
2010-11-23,13.71,14.01,13.15,13.15,1014300,12.57
2010-11-22,14.53,14.67,13.88,13.94,915000,13.32
2010-11-19,14.92,14.95,14.50,14.68,520000,14.03
2010-11-18,15.14,15.40,14.97,15.05,452200,14.38
2010-11-17,14.65,14.97,14.56,14.83,629700,14.17
2010-11-16,15.40,15.50,14.59,14.60,1226600,13.95
2010-11-15,16.53,16.71,15.49,15.60,563500,14.91
2010-11-12,16.66,16.80,16.47,16.48,375400,15.75
2010-11-11,16.47,17.60,16.47,16.90,743400,16.15
2010-11-10,17.23,17.23,16.30,16.95,831000,16.20
2010-11-09,17.45,17.57,17.04,17.23,247400,16.47
2010-11-08,17.30,17.53,16.97,17.40,729000,16.63
2010-11-05,17.58,17.90,17.17,17.30,446500,16.53
2010-11-04,17.16,17.61,17.04,17.50,392400,16.73
2010-11-03,17.19,17.37,16.92,17.03,164500,16.28
2010-11-02,16.96,17.10,16.65,17.09,232200,16.33
2010-11-01,16.85,17.19,16.55,16.65,240100,15.91
2010-10-29,16.69,16.84,16.65,16.71,193100,15.97
2010-10-28,16.88,16.92,16.59,16.69,161400,15.95
2010-10-27,16.52,17.04,16.50,16.79,470300,16.05
2010-10-26,17.37,17.50,16.66,16.72,689800,15.98
2010-10-25,17.72,17.96,17.23,17.30,608200,16.53
2010-10-22,17.96,18.01,17.56,17.60,221200,16.82
2010-10-21,18.20,18.41,17.87,17.99,227100,17.19
2010-10-20,18.32,18.47,18.02,18.18,428000,17.38
2010-10-19,18.28,18.42,18.02,18.23,260100,17.42
2010-10-18,18.46,18.55,18.34,18.50,210600,17.68
2010-10-15,18.73,18.82,18.44,18.54,430900,17.72
2010-10-14,18.66,18.76,18.28,18.61,512000,17.79
2010-10-13,18.77,18.95,18.47,18.53,909300,17.71
2010-10-12,18.75,18.79,18.22,18.54,706300,17.72
2010-10-11,18.83,19.20,18.67,18.79,306700,17.96
2010-10-08,18.56,18.91,18.49,18.83,661600,18.00
2010-10-07,18.64,18.83,18.42,18.55,331000,17.73
2010-10-06,18.92,18.99,18.50,18.63,214900,17.81
2010-10-05,19.26,19.28,18.74,19.00,393100,18.16
2010-10-04,18.92,19.19,18.78,19.00,327300,18.16
2010-10-01,18.81,19.03,18.43,18.92,329800,18.08
2010-09-30,18.65,19.12,18.40,18.87,543500,18.04
2010-09-29,19.39,19.39,17.95,18.60,1436700,17.78
2010-09-28,19.53,19.84,19.18,19.50,933100,18.64
2010-09-27,19.83,20.01,19.04,19.60,780300,18.73
2010-09-24,19.11,20.14,18.93,19.86,937800,18.98
2010-09-23,18.83,19.15,18.68,19.00,234400,18.16
2010-09-22,18.66,19.20,18.58,19.06,623000,18.22
2010-09-21,18.70,18.98,18.65,18.85,574400,18.02
2010-09-20,17.98,18.80,17.90,18.77,752600,17.94
2010-09-17,17.56,17.97,17.53,17.79,344300,17.00
2010-09-16,17.66,17.88,17.41,17.75,192600,16.96
2010-09-15,17.02,17.90,16.92,17.88,496300,17.09
2010-09-14,17.20,17.31,17.06,17.24,435400,16.48
2010-09-13,17.10,17.44,17.10,17.24,300200,16.48
2010-09-10,17.00,17.18,16.94,17.11,338000,16.35
2010-09-09,17.71,17.71,16.97,17.10,308300,16.34
2010-09-08,17.60,17.67,17.33,17.60,296200,16.82
2010-09-07,17.67,17.75,17.26,17.49,275700,16.72
2010-09-03,17.85,18.08,17.47,17.71,831800,16.93
2010-09-02,16.80,17.87,16.80,17.59,927800,16.81
2010-09-01,16.20,16.76,15.99,16.74,414000,16.00
2010-08-31,16.04,16.11,15.77,16.03,189100,15.32
2010-08-30,16.03,16.13,15.91,16.06,473000,15.35
2010-08-27,15.88,16.18,15.75,16.16,347800,15.45
2010-08-26,15.81,15.98,15.70,15.84,282200,15.14
2010-08-25,15.22,15.86,15.02,15.86,605600,15.16
2010-08-24,15.64,15.65,15.16,15.51,459400,14.82
2010-08-23,15.78,15.78,15.50,15.72,352800,15.02
2010-08-20,15.75,15.83,15.53,15.75,241500,15.05
2010-08-19,15.74,15.84,15.54,15.76,493900,15.06
2010-08-18,15.61,15.81,15.31,15.81,313400,15.11
2010-08-17,15.50,15.53,15.07,15.40,405400,14.72
2010-08-16,15.67,15.67,15.18,15.42,224300,14.74
2010-08-13,15.16,15.69,15.16,15.67,373300,14.98
2010-08-12,14.51,15.38,14.39,15.26,592600,14.58
2010-08-11,15.00,15.27,14.54,14.71,948500,14.06
2010-08-10,15.64,16.03,15.35,15.39,486200,14.71
2010-08-09,15.76,16.00,15.56,15.99,320900,15.28
2010-08-06,15.80,15.96,15.40,15.70,194300,15.01
2010-08-05,15.93,16.03,15.89,15.94,258400,15.23
2010-08-04,16.68,16.74,15.92,16.04,1300000,15.33
2010-08-03,16.89,16.90,16.59,16.69,349600,15.95
2010-08-02,16.38,17.06,16.06,16.83,417300,16.09
2010-07-30,15.94,16.63,15.85,16.30,497700,15.58
2010-07-29,17.16,17.16,16.36,16.47,453600,15.74
2010-07-28,16.50,17.00,16.43,16.96,368000,16.21
2010-07-27,16.88,17.00,16.39,16.59,258400,15.86
2010-07-26,17.12,17.12,16.60,16.86,200900,16.11
2010-07-23,17.25,17.40,16.90,17.05,478100,16.30
2010-07-22,16.41,17.30,16.16,17.25,1435500,16.49
2010-07-21,16.11,16.62,16.10,16.39,547000,15.66
2010-07-20,15.67,16.19,15.60,15.99,481700,15.28
2010-07-19,15.89,15.90,15.69,15.79,245700,15.09
2010-07-16,15.99,16.00,15.59,15.98,250800,15.27
2010-07-15,15.82,15.90,15.63,15.85,252300,15.15
2010-07-14,15.94,16.08,15.75,15.90,117600,15.20
2010-07-13,16.22,16.22,15.75,15.92,183500,15.22
2010-07-12,16.03,16.37,15.81,16.00,155200,15.29
2010-07-09,15.65,16.44,15.57,15.99,550500,15.28
2010-07-08,15.36,15.65,15.27,15.61,152500,14.92
2010-07-07,14.74,15.40,14.58,15.33,185600,14.65
2010-07-06,14.13,15.27,14.13,14.80,646900,14.15
2010-07-02,14.59,14.70,13.94,13.94,267500,13.32
2010-07-01,14.66,14.93,14.30,14.61,346800,13.96
2010-06-30,14.77,15.11,14.68,14.81,160200,14.15
2010-06-29,15.14,15.34,14.71,14.83,537700,14.17
2010-06-28,15.87,15.87,15.45,15.51,83200,14.82
2010-06-25,15.30,15.75,15.11,15.67,154900,14.98
2010-06-24,15.59,15.72,15.34,15.41,320100,14.73
2010-06-23,15.55,15.55,15.26,15.50,186800,14.81
2010-06-22,15.70,15.74,15.15,15.53,314800,14.84
2010-06-21,14.72,16.50,14.72,15.38,1038600,14.70
2010-06-18,14.20,14.72,14.02,14.53,332400,13.89
2010-06-17,14.67,14.74,14.03,14.27,248700,13.64
2010-06-16,14.52,14.80,14.52,14.58,105100,13.93
2010-06-15,14.43,14.73,14.35,14.63,132800,13.98
2010-06-14,14.38,14.66,14.25,14.44,148000,13.80
2010-06-11,14.04,14.33,13.90,14.33,76000,13.70
2010-06-10,13.71,14.19,13.65,14.19,174600,13.56
2010-06-09,13.89,14.10,13.44,13.53,253000,12.93
2010-06-08,13.41,13.82,13.01,13.75,371000,13.14
2010-06-07,14.47,14.59,13.15,13.49,401900,12.89
2010-06-04,14.45,14.99,14.43,14.46,312300,13.82
2010-06-03,14.60,15.01,14.51,15.01,486900,14.35
2010-06-02,14.47,14.81,14.23,14.81,411300,14.15
2010-06-01,14.40,14.70,13.95,14.09,378000,13.47
2010-05-28,14.61,14.87,14.20,14.57,592300,13.93
2010-05-27,14.14,14.62,14.11,14.54,1249200,13.90
2010-05-26,14.22,14.78,13.91,13.99,491600,13.37
2010-05-25,13.60,14.24,13.45,14.12,538100,13.50
2010-05-24,14.22,14.80,14.03,14.25,713300,13.62
2010-05-21,13.45,14.53,13.31,13.93,1029400,13.31
2010-05-20,13.88,14.18,13.33,13.59,1434700,12.99
2010-05-19,14.99,15.04,14.14,14.54,886200,13.90
2010-05-18,15.21,16.00,15.03,15.15,1261200,14.48
2010-05-17,14.73,15.39,14.25,15.12,905900,14.45
2010-05-14,14.10,15.15,13.70,14.87,1248200,14.21
2010-05-13,14.54,15.29,14.23,14.57,2232100,13.93
2010-05-12,15.39,15.39,14.95,15.34,608800,14.66
2010-05-11,15.24,15.48,15.05,15.05,542200,14.38
2010-05-10,15.55,15.70,14.78,15.62,1003100,14.93
2010-05-07,14.77,15.00,14.30,14.38,879100,13.74
2010-05-06,14.91,15.70,13.93,14.73,1459700,14.08
2010-05-05,14.58,15.85,14.25,15.12,1216400,14.45
2010-05-04,16.03,16.20,14.62,14.75,1776000,14.10
2010-05-03,16.84,17.08,16.13,16.26,618800,15.54
2010-04-30,17.21,17.55,16.75,16.81,443300,16.07
2010-04-29,16.53,17.24,16.41,17.08,426900,16.32
2010-04-28,16.41,16.98,16.25,16.55,719100,15.82
2010-04-27,17.01,17.15,16.18,16.19,837800,15.47
2010-04-26,17.04,17.60,17.00,17.04,628200,16.29
2010-04-23,17.19,17.32,17.00,17.05,617500,16.30
2010-04-22,17.40,17.68,16.98,17.11,848000,16.35
2010-04-21,17.60,17.68,17.45,17.51,531400,16.74
2010-04-20,17.32,17.80,17.20,17.53,975900,16.75
2010-04-19,18.26,18.27,16.85,17.13,1885200,16.37
2010-04-16,19.06,19.13,18.00,18.43,702900,17.61
2010-04-15,20.19,20.19,19.17,19.19,1166700,18.34
2010-04-14,20.00,20.36,19.98,20.26,928800,19.36
2010-04-13,19.75,19.97,19.75,19.88,106000,19.00
2010-04-12,20.05,20.19,19.74,19.87,870700,18.99
2010-04-09,19.81,20.29,19.75,20.20,494900,19.31
2010-04-08,20.00,20.00,19.70,19.80,479000,18.92
2010-04-07,20.00,20.56,19.75,20.12,947700,19.23
2010-04-06,20.44,20.44,19.90,20.40,391600,19.26
2010-04-05,20.25,20.65,20.04,20.65,753700,19.49
2010-04-01,19.40,20.15,19.40,20.12,1079200,18.99
2010-03-31,19.60,19.60,18.92,19.03,429400,17.97
2010-03-30,19.43,19.70,19.26,19.56,501400,18.47
2010-03-29,19.80,19.99,19.33,19.60,480400,18.50
2010-03-26,18.92,19.68,18.61,19.68,788400,18.58
2010-03-25,19.28,19.36,18.76,19.01,459300,17.95
2010-03-24,18.42,19.34,18.42,19.27,643500,18.19
2010-03-23,18.74,18.74,18.15,18.62,404700,17.58
2010-03-22,18.20,18.85,17.67,18.61,471400,17.57
2010-03-19,19.41,19.41,18.45,18.45,421600,17.42
2010-03-18,19.62,19.66,19.18,19.34,243300,18.26
2010-03-17,19.94,20.00,19.38,19.70,365300,18.60
2010-03-16,19.50,19.81,18.90,19.75,381400,18.64
2010-03-15,19.71,19.75,18.80,19.53,494900,18.44
2010-03-12,20.47,20.53,19.50,19.71,952900,18.61
2010-03-11,20.57,20.74,20.01,20.52,1103600,19.37
2010-03-10,20.41,20.86,20.41,20.78,1093800,19.62
2010-03-09,19.75,21.09,19.74,20.43,2354600,19.29
2010-03-08,19.00,20.98,18.60,20.73,2013300,19.57
2010-03-05,18.50,18.94,18.04,18.82,1085800,17.77
2010-03-04,18.37,18.51,18.00,18.30,358600,17.28
2010-03-03,18.66,18.90,18.18,18.49,417900,17.46
2010-03-02,18.85,19.49,18.40,18.55,862600,17.51
2010-03-01,17.57,18.75,17.57,18.58,1011200,17.54
2010-02-26,17.52,17.88,17.17,17.50,408200,16.52
2010-02-25,17.49,17.72,17.13,17.66,214700,16.67
2010-02-24,17.23,17.77,17.23,17.76,407300,16.77
2010-02-23,17.42,17.66,17.02,17.12,262700,16.16
2010-02-22,16.88,17.79,16.76,17.59,518800,16.61
2010-02-19,17.14,17.43,16.80,17.00,442800,16.05
2010-02-18,17.14,17.53,16.97,17.09,542300,16.13
2010-02-17,18.00,18.00,17.10,17.23,679700,16.27
2010-02-16,17.96,18.05,17.62,17.74,433000,16.75
2010-02-12,17.56,18.22,17.44,17.87,1081000,16.87
2010-02-11,17.22,18.10,17.04,18.08,1116100,17.07
2010-02-10,16.85,17.11,16.54,17.04,495000,16.09
2010-02-09,16.59,16.93,16.21,16.81,437300,15.87
2010-02-08,16.11,16.97,15.91,16.40,801500,15.48
2010-02-05,16.43,16.67,15.65,15.98,895700,15.09
2010-02-04,16.72,16.99,16.30,16.44,1333300,15.52
2010-02-03,16.85,17.14,16.70,17.00,819500,16.05
2010-02-02,16.74,16.79,16.15,16.70,530000,15.77
2010-02-01,16.23,16.92,15.76,16.74,907200,15.80
2010-01-29,16.04,16.52,16.01,16.04,748900,15.14
2010-01-28,16.14,16.15,15.71,15.95,537300,15.06
2010-01-27,16.02,16.18,15.65,16.10,789800,15.20
2010-01-26,15.81,16.58,15.53,16.27,966500,15.36
2010-01-25,16.39,16.39,15.77,16.03,1022300,15.13
2010-01-22,16.11,16.65,15.83,16.01,1392100,15.11
2010-01-21,16.29,16.49,15.49,16.09,1763400,15.19
2010-01-20,17.01,17.08,16.24,16.49,1559100,15.57
2010-01-19,16.97,17.24,16.54,17.12,1572600,16.16
2010-01-15,17.09,17.33,16.78,16.79,2128200,15.85
2010-01-14,18.09,18.09,16.78,16.97,2351900,16.02
2010-01-13,17.95,18.10,17.82,17.93,1189100,16.93
2010-01-12,18.73,18.90,17.66,17.85,1707900,16.85
2010-01-11,18.89,19.48,18.89,19.02,1097700,17.96
2010-01-08,18.83,19.15,18.65,19.10,1355600,18.03
2010-01-07,19.16,19.49,18.90,19.37,807800,18.29
2010-01-06,19.01,19.41,18.96,19.08,1336900,18.01
2010-01-05,19.02,19.06,18.77,19.00,938600,17.94
2010-01-04,18.31,18.89,18.21,18.76,992500,17.71
2009-12-31,18.09,18.52,18.01,18.12,625300,17.11
2009-12-30,18.39,18.60,17.87,18.16,835400,17.14
2009-12-29,18.50,18.71,18.27,18.39,635900,17.36
2009-12-28,19.63,19.63,18.36,18.48,957600,17.45
2009-12-24,19.04,19.48,18.89,19.46,289900,18.37
2009-12-23,18.96,19.12,18.69,18.87,492700,17.81
2009-12-22,18.84,19.10,18.69,19.00,519500,17.94
2009-12-21,19.53,19.58,18.65,18.93,751600,17.87
2009-12-18,19.07,19.42,18.30,19.37,1391400,18.29
2009-12-17,19.02,19.33,18.79,19.05,895100,17.98
2009-12-16,20.01,20.12,18.77,19.11,1529700,18.04
2009-12-15,20.23,20.38,19.81,19.91,614600,18.80
2009-12-14,20.26,20.69,20.17,20.66,635400,19.50
2009-12-11,20.34,20.42,19.70,20.25,1072700,19.12
2009-12-10,20.09,20.60,19.92,20.29,814500,19.15
2009-12-09,20.58,20.65,19.45,19.98,1747300,18.86
2009-12-08,20.97,21.14,20.67,20.72,1056500,19.56
2009-12-07,21.43,21.54,21.01,21.16,1122500,19.98
2009-12-04,21.99,22.15,20.85,21.49,2100700,20.29
2009-12-03,20.66,21.97,20.43,21.79,2702400,20.57
2009-12-02,20.82,21.03,20.65,20.82,1821100,19.66
2009-12-01,19.48,20.85,19.34,20.51,3176100,19.36
2009-11-30,18.18,19.59,18.18,19.45,2331700,18.36
2009-11-27,17.87,18.50,17.50,17.89,1574600,16.89
2009-11-25,18.79,19.08,18.37,18.96,942700,17.90
2009-11-24,18.77,18.79,18.16,18.70,1483500,17.65
2009-11-23,19.37,19.49,18.80,18.91,1717900,17.85
2009-11-20,18.38,19.20,18.34,19.19,1494200,18.12
2009-11-19,19.69,19.69,18.40,18.42,1734800,17.39
2009-11-18,20.46,20.75,18.75,19.48,2541500,18.39
2009-11-17,21.10,21.40,20.09,20.31,4017000,19.17
2009-11-16,20.66,20.82,20.20,20.42,1433200,19.28
2009-11-13,19.69,20.35,19.60,20.27,1511300,19.14
2009-11-12,19.33,19.60,19.16,19.48,748100,18.39
2009-11-11,20.11,20.11,19.38,19.59,721400,18.49
2009-11-10,20.13,20.18,19.29,19.54,699900,18.45
2009-11-09,19.91,20.00,19.68,19.96,1340100,18.84
2009-11-06,18.50,19.68,18.33,19.66,1504100,18.56
2009-11-05,19.50,19.50,18.25,18.32,966800,17.29
2009-11-04,18.27,19.50,18.22,18.82,1764300,17.77
2009-11-03,17.23,17.98,16.90,17.84,1204300,16.84
2009-11-02,17.04,18.65,16.70,17.70,2637100,16.71
2009-10-30,18.36,18.59,17.09,17.11,1515700,16.15
2009-10-29,17.50,18.75,17.29,18.58,2313100,17.54
2009-10-28,18.09,18.22,16.76,16.98,3188300,16.03
2009-10-27,18.71,18.94,18.03,18.37,3021100,17.34
2009-10-26,20.84,20.84,18.85,18.99,2510600,17.93
2009-10-23,21.32,21.54,20.30,20.49,1298900,19.34
2009-10-22,21.23,21.36,20.12,21.17,2306200,19.99
2009-10-21,21.80,22.18,21.02,21.10,1644500,19.92
2009-10-20,23.26,23.31,21.75,21.90,2192200,20.67
2009-10-19,22.01,22.98,21.77,22.70,3027300,21.43
2009-10-16,21.11,22.00,20.50,21.40,3058700,20.20
2009-10-15,22.19,22.19,20.76,21.49,3243100,20.29
2009-10-14,22.96,22.96,21.81,22.27,2550200,21.02
2009-10-13,23.21,23.21,21.85,22.57,1307700,21.31
2009-10-12,23.90,23.94,22.35,22.87,1827700,21.59
2009-10-09,23.24,23.64,23.00,23.58,1557300,22.26
2009-10-08,23.24,23.88,23.12,23.54,2285500,22.22
2009-10-07,23.28,23.30,22.48,23.00,1967400,21.71
2009-10-06,21.81,23.63,21.81,23.00,3671900,21.71
2009-10-05,21.24,21.71,20.62,21.65,2308800,20.44
2009-10-02,20.26,21.23,19.82,20.94,2167100,19.77
2009-10-01,22.39,22.80,20.88,20.96,4678200,19.79
2009-09-30,20.35,21.98,20.10,21.36,4077100,20.16
2009-09-29,21.49,21.49,19.81,20.00,2691200,18.88
2009-09-28,20.15,21.32,20.00,21.25,1565300,20.06
2009-09-25,20.35,20.35,19.84,19.97,1856400,18.85
2009-09-24,21.24,21.26,19.93,20.02,1915600,18.90
2009-09-23,21.83,22.32,21.07,21.15,1720500,19.97
2009-09-22,21.08,21.94,21.08,21.83,1369500,20.61
2009-09-21,21.86,22.10,20.97,21.00,1749500,19.82
2009-09-18,22.72,22.95,21.56,22.09,1471600,20.85
2009-09-17,22.57,22.95,22.03,22.71,1423100,21.44
2009-09-16,21.69,22.02,21.32,22.02,2471200,20.79
2009-09-15,20.50,21.79,20.38,21.68,1659600,20.47
2009-09-14,20.51,20.84,20.15,20.71,562900,19.55
2009-09-11,21.25,21.35,20.28,20.91,739600,19.74
2009-09-10,20.01,21.13,19.82,20.98,1581900,19.81
2009-09-09,19.97,20.46,19.55,20.08,1317000,18.96
2009-09-08,20.98,20.98,19.59,20.00,1597900,18.88
2009-09-04,19.63,20.50,18.70,20.36,1629100,19.22
2009-09-03,18.82,19.49,18.70,19.48,1895700,18.39
2009-09-02,18.24,18.64,18.02,18.55,1575000,17.51
2009-09-01,18.80,19.18,18.45,18.55,1983000,17.51
2009-08-31,18.70,19.16,17.78,19.07,2118000,18.00
2009-08-28,19.07,19.39,18.73,19.14,1023300,18.07
2009-08-27,18.72,19.19,18.47,19.05,1284200,17.98
2009-08-26,19.50,19.58,18.80,18.94,2024400,17.88
2009-08-25,18.75,19.48,18.16,19.26,1575100,18.18
2009-08-24,19.46,19.64,18.69,18.75,1399000,17.70
2009-08-21,19.02,19.64,18.46,19.15,1565100,18.08
2009-08-20,19.26,19.74,18.80,19.10,1807800,18.03
2009-08-19,18.06,19.20,17.81,19.08,2537800,18.01
2009-08-18,18.46,19.00,18.03,18.75,2491000,17.70
2009-08-17,19.81,20.74,17.59,17.89,4136800,16.89
2009-08-14,22.75,23.08,21.53,21.66,2209700,20.45
2009-08-13,21.92,22.50,20.94,22.34,2086800,21.09
2009-08-12,24.39,24.39,21.05,21.51,5746100,20.31
2009-08-11,20.23,20.50,19.75,20.06,1613400,18.94
2009-08-10,18.83,20.79,18.80,20.12,1778300,18.99
2009-08-07,19.23,19.36,18.40,18.75,1144900,17.70
2009-08-06,20.18,20.20,18.40,18.58,1460700,17.54
2009-08-05,20.09,20.09,19.46,19.93,678300,18.81
2009-08-04,18.67,20.60,18.45,20.12,1813300,18.99
2009-08-03,18.09,18.72,18.01,18.72,755700,17.67
2009-07-31,17.99,18.30,17.45,17.78,911900,16.79
2009-07-30,17.51,18.17,17.50,17.78,883800,16.79
2009-07-29,18.52,18.52,17.00,17.14,1232500,16.18
2009-07-28,18.50,18.78,17.85,18.71,483300,17.66
2009-07-27,19.00,19.03,18.25,18.55,730500,17.51
2009-07-24,19.42,19.44,18.55,19.00,708000,17.94
2009-07-23,18.00,19.50,17.94,19.33,1658300,18.25
2009-07-22,17.97,18.19,17.75,17.93,434500,16.93
2009-07-21,17.90,18.27,17.67,18.04,840000,17.03
2009-07-20,18.70,18.75,17.74,17.80,859300,16.80
2009-07-17,17.80,18.69,17.80,18.26,1087400,17.24
2009-07-16,17.26,17.98,17.18,17.81,885400,16.81
2009-07-15,16.52,17.60,16.41,17.45,1451500,16.47
2009-07-14,15.51,16.30,15.24,16.20,993200,15.29
2009-07-13,15.33,15.35,14.83,15.27,689800,14.42
2009-07-10,15.51,15.80,15.00,15.50,580700,14.63
2009-07-09,14.79,15.77,14.75,15.56,926700,14.69
2009-07-08,14.66,14.77,13.51,14.66,1226300,13.84
2009-07-07,15.17,15.41,14.66,14.74,678800,13.92
2009-07-06,15.51,15.51,14.72,15.21,941700,14.36
2009-07-02,15.50,15.50,15.05,15.38,532300,14.52
2009-07-01,15.56,16.33,15.45,15.61,1275900,14.74
2009-06-30,16.19,16.49,15.33,15.44,1607600,14.58
2009-06-29,16.37,16.48,15.89,16.20,876300,15.29
2009-06-26,16.66,16.66,16.15,16.30,608100,15.39
2009-06-25,15.63,16.47,15.26,16.47,1464800,15.55
2009-06-24,15.14,15.75,15.00,15.46,670500,14.59
2009-06-23,15.15,15.59,14.52,14.63,1169900,13.81
2009-06-22,15.80,15.89,14.98,14.98,1503300,14.14
2009-06-19,15.12,16.20,14.80,16.00,1928200,15.10
2009-06-18,14.50,14.88,14.32,14.58,543800,13.76
2009-06-17,14.26,14.90,13.79,14.48,1130900,13.67
2009-06-16,15.18,15.60,14.20,14.28,1259000,13.48
2009-06-15,15.76,15.76,14.56,14.90,1356700,14.07
2009-06-12,16.77,16.77,15.80,15.92,765400,15.03
2009-06-11,16.38,16.90,16.07,16.74,778000,15.80
2009-06-10,16.74,16.98,15.92,16.21,960600,15.30
2009-06-09,16.77,16.80,16.14,16.56,646400,15.63
2009-06-08,16.93,16.93,15.60,16.30,866800,15.39
2009-06-05,16.26,16.96,15.51,16.78,1558100,15.84
2009-06-04,14.61,15.99,14.48,15.63,2144800,14.76
2009-06-03,14.98,14.99,14.12,14.54,910300,13.73
2009-06-02,15.83,15.88,14.89,15.21,1240500,14.36
2009-06-01,15.03,15.79,14.61,15.67,1444000,14.79
2009-05-29,13.98,14.73,13.58,14.65,989700,13.83
2009-05-28,14.19,14.20,13.45,13.62,591700,12.86
2009-05-27,14.30,14.40,13.70,14.05,1183200,13.26
2009-05-26,13.98,14.20,13.60,13.95,659700,13.17
2009-05-22,13.37,14.20,13.26,14.04,683500,13.25
2009-05-21,13.88,13.88,13.01,13.25,820600,12.51
2009-05-20,15.08,15.08,13.70,14.03,1480100,13.24
2009-05-19,14.30,15.18,13.50,15.05,3393600,14.21
2009-05-18,12.56,13.43,12.56,13.37,701400,12.62
2009-05-15,12.49,12.98,12.37,12.50,697900,11.80
2009-05-14,11.33,12.50,11.27,12.49,524000,11.79
2009-05-13,12.78,12.78,11.40,11.50,821400,10.86
2009-05-12,12.80,13.38,12.10,12.54,747400,11.84
2009-05-11,13.41,13.49,12.69,12.78,514100,12.06
2009-05-08,13.05,13.38,12.71,13.26,908700,12.52
2009-05-07,12.80,12.86,12.28,12.60,836300,11.89
2009-05-06,12.99,12.99,12.10,12.59,610800,11.89
2009-05-05,12.82,13.08,12.18,12.52,623100,11.82
2009-05-04,12.47,13.05,12.37,12.91,875500,12.19
2009-05-01,12.63,12.80,12.01,12.12,916600,11.44
2009-04-30,12.73,13.09,12.14,12.39,939000,11.70
2009-04-29,11.67,12.70,11.51,12.28,921500,11.59
2009-04-28,11.40,11.57,10.96,11.28,697100,10.65
2009-04-27,11.34,11.62,10.95,11.55,797800,10.90
2009-04-24,11.65,11.97,11.35,11.43,705800,10.79
2009-04-23,10.25,11.15,10.20,11.09,558600,10.47
2009-04-22,10.13,10.66,9.48,10.25,514100,9.68
2009-04-21,9.78,10.64,9.55,10.20,1066200,9.63
2009-04-20,10.51,10.78,9.80,9.91,1540300,9.36
2009-04-17,11.40,11.45,10.80,10.91,652900,10.30
2009-04-16,10.81,11.47,10.66,11.26,633200,10.63
2009-04-15,10.62,10.93,10.30,10.78,523000,10.18
2009-04-14,11.40,12.16,10.64,10.82,1455900,10.21
2009-04-13,10.63,12.28,10.62,12.16,1241000,11.48
2009-04-09,9.75,10.86,9.75,10.79,2235800,10.19
2009-04-08,9.44,9.70,9.24,9.51,646400,8.98
2009-04-07,9.02,9.60,9.00,9.30,1042100,8.78
2009-04-06,9.24,9.49,9.00,9.19,626400,8.68
2009-04-03,9.73,9.73,9.00,9.25,889800,8.73
2009-04-02,8.87,9.82,8.82,9.82,2363500,9.27
2009-04-01,7.75,8.44,7.65,8.44,438700,7.97
2009-03-31,7.83,8.00,7.62,7.77,316500,7.34
2009-03-30,7.98,8.07,7.58,7.87,275100,7.43
2009-03-27,8.40,8.55,8.10,8.29,173700,7.83
2009-03-26,8.33,8.78,8.31,8.57,704700,8.09
2009-03-25,8.43,8.58,8.17,8.40,304500,7.93
2009-03-24,8.32,8.49,8.16,8.22,358200,7.76
2009-03-23,7.73,8.50,7.67,8.50,979100,8.02
2009-03-20,7.77,7.93,7.39,7.55,226300,7.13
2009-03-19,8.00,8.03,7.82,7.88,367200,7.44
2009-03-18,8.00,8.12,7.74,7.89,376200,7.45
2009-03-17,7.60,8.31,7.43,8.18,370900,7.72
2009-03-16,6.81,7.97,6.81,7.84,948200,7.40
2009-03-13,7.17,7.23,6.62,6.74,265800,6.36
2009-03-12,7.51,8.00,6.50,7.08,636800,6.68
2009-03-11,7.50,7.53,7.00,7.10,346300,6.70
2009-03-10,6.48,7.49,6.37,7.49,213300,7.07
2009-03-09,6.54,6.60,6.17,6.47,141300,6.11
2009-03-06,6.68,6.79,6.35,6.79,139600,6.41
2009-03-05,6.77,6.94,6.67,6.75,165400,6.37
2009-03-04,6.52,7.03,6.43,7.03,208200,6.64
2009-03-03,6.71,6.71,6.02,6.25,338100,5.90
2009-03-02,6.21,6.87,6.21,6.31,595000,5.96
2009-02-27,6.31,6.40,6.31,6.31,264300,5.96
2009-02-26,6.40,6.53,6.31,6.38,133600,6.02
2009-02-25,6.50,6.59,6.30,6.36,201000,6.00
2009-02-24,6.57,6.93,6.31,6.55,291400,6.18
2009-02-23,6.28,6.70,6.28,6.62,260700,6.25
2009-02-20,5.90,6.43,5.88,6.30,291400,5.95
2009-02-19,6.61,7.01,6.08,6.12,140300,5.78
2009-02-18,6.50,6.72,6.37,6.64,190700,6.27
2009-02-17,7.08,7.08,6.06,6.52,500200,6.16
2009-02-13,7.35,7.40,7.10,7.15,241500,6.75
2009-02-12,7.20,7.30,6.96,7.28,517600,6.87
2009-02-11,7.61,7.61,7.16,7.44,864200,7.02
2009-02-10,7.82,7.88,7.44,7.74,557300,7.31
2009-02-09,7.39,7.83,7.16,7.82,455900,7.38
2009-02-06,7.08,7.45,7.01,7.45,330000,7.03
2009-02-05,6.73,7.00,6.73,7.00,161100,6.61
2009-02-04,6.65,6.84,6.52,6.84,182200,6.46
2009-02-03,6.43,6.70,6.43,6.62,121400,6.25
2009-02-02,6.71,6.71,6.29,6.56,194200,6.19
2009-01-30,7.00,7.00,6.54,6.64,145500,6.27
2009-01-29,7.04,7.04,6.60,6.90,207900,6.51
2009-01-28,6.19,7.21,6.19,7.13,273900,6.73
2009-01-27,6.68,6.68,6.18,6.28,141500,5.93
2009-01-26,6.45,6.46,6.11,6.18,156500,5.83
2009-01-23,6.09,6.40,6.01,6.40,536000,6.04
2009-01-22,6.45,6.49,5.99,6.39,187600,6.03
2009-01-21,5.67,6.56,5.67,6.56,415500,6.19
2009-01-20,6.39,6.39,5.60,5.68,553500,5.36
2009-01-16,6.24,6.46,6.03,6.39,260300,6.03
2009-01-15,6.08,6.17,5.85,6.06,477700,5.72
2009-01-14,6.25,6.39,5.85,6.08,397300,5.74
2009-01-13,6.47,6.47,6.07,6.35,276700,5.99
2009-01-12,7.71,7.71,6.00,6.20,633600,5.85
2009-01-09,8.31,8.31,7.47,7.70,243300,7.27
2009-01-08,7.79,7.79,7.31,7.74,271200,7.31
2009-01-07,8.09,8.10,7.52,7.64,309400,7.21
2009-01-06,8.74,8.80,8.27,8.38,312000,7.91
2009-01-05,8.03,8.80,8.03,8.74,328500,8.25
2009-01-02,8.26,8.50,8.11,8.35,282500,7.88
2008-12-31,7.70,8.17,7.54,8.10,354200,7.65
2008-12-30,7.58,7.79,7.40,7.68,792800,7.25
2008-12-29,7.51,7.98,7.36,7.63,481200,7.20
2008-12-26,7.26,7.79,7.26,7.74,266400,7.31
2008-12-24,7.47,7.51,7.31,7.32,221100,6.91
2008-12-23,8.20,8.20,7.42,7.48,752800,7.06
2008-12-22,8.19,8.21,7.46,8.02,524100,7.57
2008-12-19,8.87,8.87,7.59,8.30,718700,7.84
2008-12-18,7.97,8.78,7.75,8.39,964600,7.92
2008-12-17,7.00,7.89,7.00,7.86,717000,7.42
2008-12-16,6.92,7.20,6.87,7.00,381400,6.61
2008-12-15,7.24,7.27,6.84,6.86,414700,6.48
2008-12-12,6.95,7.67,6.75,7.10,331400,6.70
2008-12-11,7.80,7.83,7.21,7.33,694700,6.92
2008-12-10,7.31,7.92,7.07,7.88,746400,7.44
2008-12-09,7.00,7.37,6.82,7.09,570400,6.69
2008-12-08,6.64,7.24,6.64,7.13,671600,6.73
2008-12-05,5.95,6.83,5.90,6.59,642200,6.22
2008-12-04,5.96,6.26,5.90,5.95,636300,5.62
2008-12-03,5.54,6.28,5.54,6.22,719200,5.87
2008-12-02,5.42,5.90,5.41,5.90,895100,5.57
2008-12-01,5.43,5.68,5.18,5.53,711100,5.22
2008-11-28,5.71,5.99,5.56,5.70,403300,5.38
2008-11-26,5.23,6.29,5.08,6.20,697900,5.85
2008-11-25,5.35,5.58,5.07,5.42,652200,5.12
2008-11-24,5.06,5.50,4.84,5.27,805700,4.98
2008-11-21,4.15,5.30,4.04,5.12,1124700,4.83
2008-11-20,4.26,4.49,4.00,4.22,1344600,3.98
2008-11-19,4.80,4.95,4.33,4.50,507300,4.25
2008-11-18,4.82,4.95,4.72,4.95,387500,4.67
2008-11-17,4.90,4.96,4.62,4.89,453100,4.62
2008-11-14,5.16,5.20,4.84,4.95,585000,4.67
2008-11-13,4.70,5.14,4.57,5.14,565300,4.85
2008-11-12,4.97,5.05,4.56,4.62,527700,4.36
2008-11-11,5.56,5.56,4.86,5.12,691000,4.83
2008-11-10,5.80,6.07,5.47,5.56,679500,5.25
2008-11-07,5.40,5.64,5.15,5.24,472400,4.95
2008-11-06,5.76,5.84,5.36,5.37,557900,5.07
2008-11-05,6.50,6.71,5.75,6.04,817300,5.70
2008-11-04,6.75,6.75,6.25,6.75,668000,6.37
2008-11-03,6.85,6.94,5.74,6.46,637600,6.10
2008-10-31,6.38,6.80,5.82,6.80,474000,6.42
2008-10-30,6.00,6.23,5.90,6.19,512900,5.84
2008-10-29,5.48,6.02,5.20,5.85,667200,5.52
2008-10-28,4.95,5.60,4.71,5.60,581700,5.29
2008-10-27,4.89,5.25,4.80,4.88,687700,4.61
2008-10-24,5.07,5.25,4.69,5.21,760800,4.92
2008-10-23,5.41,5.96,5.29,5.70,930300,5.38
2008-10-22,5.33,5.48,5.02,5.40,615400,5.10
2008-10-21,5.58,5.60,5.31,5.34,220900,5.04
2008-10-20,5.06,5.60,5.06,5.58,414400,5.27
2008-10-17,5.01,5.33,5.00,5.01,541300,4.73
2008-10-16,5.13,5.25,4.81,5.19,655700,4.90
2008-10-15,5.25,5.25,5.00,5.13,616200,4.84
2008-10-14,6.09,6.15,5.28,5.28,740600,4.98
2008-10-13,5.70,6.17,5.36,5.84,159100,5.51
2008-10-10,5.01,5.37,4.51,5.16,883600,4.87
2008-10-09,5.45,5.72,5.01,5.25,511500,4.96
2008-10-08,5.18,5.63,5.00,5.31,1592300,5.01
2008-10-07,5.74,5.90,5.11,5.49,1017800,5.18
2008-10-06,5.60,5.99,5.18,5.93,1193300,5.60
2008-10-03,6.66,6.98,6.05,6.12,630900,5.78
2008-10-02,7.30,7.35,6.32,6.60,510100,6.23
2008-10-01,7.32,7.32,6.86,7.17,284100,6.77
2008-09-30,6.91,7.30,6.85,7.18,515600,6.78
2008-09-29,7.91,7.91,6.69,7.00,810800,6.61
2008-09-26,8.40,8.40,7.85,7.91,331700,7.47
2008-09-25,8.40,8.61,8.26,8.48,296000,8.01
2008-09-24,8.63,8.80,8.27,8.30,406100,7.84
2008-09-23,8.62,8.95,8.29,8.54,424200,8.06
2008-09-22,9.33,9.40,8.68,8.70,570700,8.21
2008-09-19,9.19,9.65,8.65,9.50,1002400,8.97
2008-09-18,7.32,8.38,7.32,8.37,1054300,7.90
2008-09-17,8.03,8.20,7.27,7.53,1038200,7.11
2008-09-16,8.35,8.38,8.00,8.22,691900,7.76
2008-09-15,8.29,9.06,8.29,8.67,681700,8.18
2008-09-12,8.58,9.30,8.58,9.15,466100,8.64
2008-09-11,8.85,8.85,8.40,8.74,549600,8.25
2008-09-10,9.00,9.27,8.76,9.13,494100,8.62
2008-09-09,9.50,9.56,9.02,9.10,779900,8.59
2008-09-08,10.29,10.40,9.39,9.59,758100,9.05
2008-09-05,9.10,9.88,8.95,9.86,1071000,9.31
2008-09-04,9.85,10.04,9.10,9.13,792100,8.62
2008-09-03,10.10,10.59,9.81,9.99,1075600,9.43
2008-09-02,9.35,10.39,9.30,10.19,1674600,9.62
2008-08-29,8.79,9.15,8.50,9.03,691200,8.52
2008-08-28,8.45,8.70,8.21,8.69,602400,8.20
2008-08-27,8.07,8.47,8.07,8.37,588400,7.90
2008-08-26,8.55,8.61,7.95,8.09,939200,7.64
2008-08-25,8.84,8.97,8.35,8.52,642300,8.04
2008-08-22,8.19,8.89,8.19,8.64,2134100,8.16
2008-08-21,8.23,8.45,7.24,7.94,2288900,7.50
2008-08-20,8.30,8.89,8.01,8.37,1558400,7.90
2008-08-19,8.83,8.85,8.31,8.43,575500,7.96
2008-08-18,9.00,9.10,8.80,8.83,436300,8.34
2008-08-15,8.99,9.20,8.89,8.97,372500,8.47
2008-08-14,9.21,9.21,8.00,8.99,856500,8.49
2008-08-13,9.41,9.52,8.88,8.99,1050300,8.49
2008-08-12,9.57,9.67,9.40,9.44,1139400,8.91
2008-08-11,9.61,9.80,9.52,9.57,490900,9.03
2008-08-08,10.33,10.33,9.52,9.63,484500,9.09
2008-08-07,10.40,10.50,9.72,9.86,374300,9.31
2008-08-06,10.22,10.50,10.11,10.43,309000,9.85
2008-08-05,9.72,10.50,9.72,10.42,506900,9.84
2008-08-04,9.50,9.95,9.50,9.87,459500,9.32
2008-08-01,9.44,9.65,9.40,9.53,1123100,9.00
2008-07-31,9.65,9.97,9.46,9.49,1335400,8.96
2008-07-30,9.80,10.05,9.50,9.74,472000,9.19
2008-07-29,9.53,9.92,9.50,9.84,425000,9.29
2008-07-28,9.94,9.96,9.50,9.53,480900,9.00
2008-07-25,10.34,10.34,9.73,9.77,643900,9.22
2008-07-24,10.78,10.78,10.10,10.13,747000,9.56
2008-07-23,10.28,10.98,10.13,10.66,1109700,10.06
2008-07-22,10.29,10.29,9.70,10.07,653400,9.51
2008-07-21,10.37,10.96,10.11,10.29,583700,9.71
2008-07-18,10.49,10.54,10.05,10.37,387400,9.79
2008-07-17,10.50,10.94,10.05,10.24,723300,9.67
2008-07-16,9.65,10.37,9.52,10.37,1095300,9.79
2008-07-15,9.59,9.81,9.45,9.65,1071400,9.11
2008-07-14,10.01,10.15,9.56,9.72,882300,9.18
2008-07-11,9.80,10.05,9.62,9.96,537400,9.40
2008-07-10,10.14,10.25,9.82,10.00,759900,9.44
2008-07-09,10.55,10.75,10.00,10.04,429000,9.48
2008-07-08,10.17,10.67,9.91,10.62,701800,10.03
2008-07-07,9.68,10.35,9.58,9.81,947400,9.26
2008-07-03,10.00,10.51,9.50,9.63,772900,9.09
2008-07-02,10.40,10.54,9.93,10.01,1069100,9.45
2008-07-01,11.45,11.75,10.19,10.27,1192400,9.70
2008-06-30,10.50,11.70,10.50,11.36,1198400,10.72
2008-06-27,10.77,10.93,10.32,10.50,1315100,9.91
2008-06-26,11.30,11.30,10.84,10.93,1366300,10.32
2008-06-25,11.14,11.35,11.00,11.34,1017800,10.71
2008-06-24,11.01,11.21,10.76,10.95,872300,10.34
2008-06-23,11.62,11.66,10.98,11.14,748900,10.52
2008-06-20,11.69,11.90,11.45,11.59,725500,10.94
2008-06-19,11.92,11.97,11.65,11.81,409500,11.15
2008-06-18,12.29,12.29,11.56,12.02,1009200,11.35
2008-06-17,12.30,12.65,12.00,12.12,581200,11.44
2008-06-16,11.45,12.31,11.45,12.25,770000,11.56
2008-06-13,11.70,11.87,11.28,11.45,927500,10.81
2008-06-12,12.09,12.10,11.50,11.68,825700,11.03
2008-06-11,12.30,12.30,11.54,11.61,872300,10.96
2008-06-10,12.70,12.70,11.69,12.35,1681400,11.66
2008-06-09,13.80,13.90,12.84,13.04,675500,12.31
2008-06-06,14.00,14.16,13.63,13.67,576900,12.91
2008-06-05,13.88,14.11,13.82,14.06,404000,13.27
2008-06-04,14.03,14.15,13.52,13.73,672000,12.96
2008-06-03,14.38,14.40,14.00,14.22,635400,13.42
2008-06-02,14.88,14.98,14.21,14.38,713000,13.58
2008-05-30,14.64,15.00,14.64,15.00,516600,14.16
2008-05-29,14.68,15.00,14.56,14.66,543200,13.84
2008-05-28,14.64,14.80,14.40,14.56,679600,13.75
2008-05-27,14.50,14.99,14.25,14.36,616600,13.56
2008-05-23,15.29,15.29,14.24,14.48,1176400,13.67
2008-05-22,15.32,15.41,15.01,15.16,976100,14.31
2008-05-21,15.79,16.22,15.20,15.32,930600,14.46
2008-05-20,16.24,16.24,15.51,15.67,821900,14.79
2008-05-19,16.25,16.90,16.13,16.37,1197700,15.45
2008-05-16,16.48,16.49,15.95,16.27,883900,15.36
2008-05-15,17.33,17.80,15.65,16.22,2364700,15.31
2008-05-14,16.34,17.43,16.34,17.00,1212400,16.05
2008-05-13,16.72,16.90,16.12,16.27,471800,15.36
2008-05-12,15.77,16.99,15.37,16.57,910000,15.64
2008-05-09,15.43,16.11,15.40,15.75,518100,14.87
2008-05-08,16.20,16.20,15.25,15.65,1118000,14.77
2008-05-07,17.01,17.01,16.00,16.18,788300,15.27
2008-05-06,17.25,17.69,16.70,17.01,998200,16.06
2008-05-05,17.79,18.28,17.26,17.49,764400,16.51
2008-05-02,18.13,18.38,16.89,17.36,964800,16.39
2008-05-01,16.75,18.25,16.45,17.86,1361900,16.86
2008-04-30,16.48,16.86,16.01,16.72,756700,15.78
2008-04-29,16.50,16.63,16.10,16.43,671500,15.51
2008-04-28,14.83,16.99,14.83,16.75,1510900,15.81
2008-04-25,15.20,15.71,14.84,15.17,567200,14.32
2008-04-24,16.00,16.00,14.60,15.35,1066400,14.49
2008-04-23,14.35,15.57,14.34,15.56,1480700,14.69
2008-04-22,13.70,14.47,13.62,14.12,625700,13.33
2008-04-21,14.52,14.52,13.21,13.70,713900,12.93
2008-04-18,14.10,14.45,13.80,14.05,517400,13.26
2008-04-17,14.49,14.50,13.42,13.83,622600,13.06
2008-04-16,13.23,14.66,13.00,14.63,1061500,13.81
2008-04-15,13.02,13.28,12.59,12.98,564300,12.25
2008-04-14,13.75,13.76,12.94,13.00,629200,12.27
2008-04-11,12.88,14.23,12.70,13.94,1025900,13.16
2008-04-10,13.10,13.29,12.82,12.91,460200,12.19
2008-04-09,13.80,13.97,13.00,13.14,628300,12.40
2008-04-08,14.96,14.96,13.51,13.62,1199200,12.86
2008-04-07,15.82,15.90,14.75,14.86,848000,14.03
2008-04-04,15.39,15.72,15.01,15.27,650500,14.42
2008-04-03,15.51,15.58,14.85,15.34,1163900,14.48
2008-04-02,14.58,15.93,13.80,15.81,2131800,14.93
2008-04-01,13.47,14.68,12.92,14.59,1395300,13.77
2008-03-31,13.95,13.95,12.57,13.15,1138700,12.41
2008-03-28,11.59,14.01,11.40,13.86,2561500,13.08
2008-03-27,11.83,11.83,11.10,11.39,552800,10.75
2008-03-26,11.26,11.97,11.25,11.49,761800,10.85
2008-03-25,11.85,11.98,11.25,11.28,743800,10.65
2008-03-24,11.31,11.81,10.50,11.78,1923300,11.12
2008-03-20,11.30,11.48,10.82,11.10,1565700,10.48
2008-03-19,10.89,11.46,10.05,10.76,1559300,10.16
2008-03-18,11.96,11.96,10.91,11.09,1731600,10.47
2008-03-17,12.48,12.75,11.16,11.26,934900,10.63
2008-03-14,14.20,14.20,12.99,13.18,1226500,12.44
2008-03-13,13.48,13.84,12.93,13.61,731900,12.85
2008-03-12,13.39,13.99,13.20,13.70,877700,12.93
2008-03-11,13.12,13.50,12.76,13.13,1320100,12.40
2008-03-10,14.49,14.50,12.60,12.95,2054400,12.23
2008-03-07,16.01,16.10,13.98,14.49,2311000,13.68
2008-03-06,15.06,15.17,13.90,15.02,1180800,14.18
2008-03-05,15.58,15.63,14.95,15.11,628000,14.26
2008-03-04,15.87,16.19,14.79,15.14,1078400,14.29
2008-03-03,15.91,16.37,15.55,16.19,633100,15.28
2008-02-29,16.49,16.66,15.56,16.26,1134900,15.35
2008-02-28,16.36,16.75,16.36,16.52,416800,15.60
2008-02-27,16.81,17.38,16.50,16.59,531900,15.66
2008-02-26,17.49,17.49,16.66,16.97,619100,16.02
2008-02-25,18.06,18.06,17.10,17.47,1067800,16.49
2008-02-22,17.50,17.50,16.80,17.49,460000,16.51
2008-02-21,17.01,17.70,16.93,17.44,781400,16.46
2008-02-20,17.85,17.85,16.85,16.93,539400,15.98
2008-02-19,17.96,18.30,17.41,17.86,687500,16.86
2008-02-15,17.96,18.09,17.32,17.71,668900,16.72
2008-02-14,18.33,18.50,17.89,18.03,724200,17.02
2008-02-13,17.57,18.49,17.17,18.45,799600,17.42
2008-02-12,17.39,17.61,16.82,17.15,435500,16.19
2008-02-11,16.97,17.25,16.56,16.88,563800,15.94
2008-02-08,16.62,16.83,16.48,16.50,444100,15.58
2008-02-07,16.56,17.21,16.51,16.60,612100,15.67
2008-02-06,17.16,18.00,16.60,16.95,686600,16.00
2008-02-05,17.98,18.15,16.99,17.06,1013100,16.11
2008-02-04,19.49,19.70,18.20,18.27,713700,17.25
2008-02-01,17.93,19.37,17.75,18.88,3446200,17.82
2008-01-31,18.80,19.60,17.86,18.48,1015100,17.45
2008-01-30,21.05,21.05,18.70,19.03,1220400,17.97
2008-01-29,20.65,21.10,20.50,20.81,766600,19.65
2008-01-28,20.00,20.62,19.30,20.41,600000,19.27
2008-01-25,21.31,22.09,20.60,21.15,1151700,19.97
2008-01-24,19.93,20.46,18.42,20.05,854600,18.93
2008-01-23,17.70,18.73,16.60,18.00,2099100,16.99
2008-01-22,16.37,18.85,15.02,17.81,1614600,16.81
2008-01-18,21.60,21.85,18.29,20.00,1294600,18.88
2008-01-17,22.73,23.40,21.10,21.71,712200,20.50
2008-01-16,22.34,23.60,20.20,22.60,1403100,21.34
2008-01-15,26.82,26.82,23.00,23.27,1029800,21.97
2008-01-14,26.87,27.38,26.70,27.17,480700,25.65
2008-01-11,27.50,27.50,25.81,26.23,538500,24.76
2008-01-10,24.25,28.09,24.25,27.86,1951800,26.30
2008-01-09,23.50,24.28,23.36,24.23,355500,22.87
2008-01-08,23.99,24.50,23.21,23.51,417900,22.19
2008-01-07,23.19,24.50,22.87,23.70,471800,22.37
2008-01-04,24.00,24.04,22.81,23.00,420900,21.71
2008-01-03,24.25,25.06,24.03,24.19,430600,22.84
2008-01-02,23.90,24.70,23.50,23.97,383800,22.63
2007-12-31,23.99,24.95,23.60,23.83,569400,22.50
2007-12-28,22.16,23.94,21.60,23.56,697600,22.24
2007-12-27,22.69,23.18,22.01,22.14,396700,20.90
2007-12-26,22.97,23.20,21.75,22.84,385600,21.56
2007-12-24,23.49,23.59,22.90,23.20,158900,21.90
2007-12-21,24.29,24.29,22.85,23.10,367500,21.81
2007-12-20,24.01,24.20,23.00,23.79,503300,22.46
2007-12-19,22.20,24.20,21.65,23.90,668300,22.56
2007-12-18,21.78,22.37,21.15,22.00,649100,20.77
2007-12-17,23.52,23.80,20.75,20.92,1197300,19.75
2007-12-14,24.44,24.61,23.66,23.88,646700,22.54
2007-12-13,25.07,25.53,24.25,24.93,557100,23.54
2007-12-12,25.08,26.08,24.50,25.80,880600,24.36
2007-12-11,26.20,26.70,23.51,23.85,933400,22.52
2007-12-10,28.50,28.50,25.65,25.96,693900,24.51
2007-12-07,28.45,29.12,26.91,27.87,866900,26.31
2007-12-06,26.70,27.98,25.95,27.96,762000,26.40
2007-12-05,25.58,26.44,25.09,25.96,643400,24.51
2007-12-04,24.59,25.48,24.05,24.75,572300,23.37
2007-12-03,24.00,24.76,23.26,24.18,423100,22.83
2007-11-30,24.80,26.14,24.04,24.66,1084300,23.28
2007-11-29,21.28,23.98,21.04,23.86,1127600,22.52
2007-11-28,20.80,21.85,20.16,21.47,983200,20.27
2007-11-27,20.60,21.42,19.75,20.25,699800,19.12
2007-11-26,22.99,22.99,19.75,19.90,1142500,18.79
2007-11-23,19.65,21.94,19.20,21.73,1468400,20.51
2007-11-21,19.78,19.78,18.00,18.41,2151100,17.38
2007-11-20,23.00,23.25,18.16,19.84,2539400,18.73
2007-11-19,24.75,24.84,22.01,22.24,1532900,21.00
2007-11-16,30.50,30.50,25.05,25.53,2001700,24.10
2007-11-15,29.85,30.18,27.11,28.65,1138000,27.05
2007-11-14,30.00,31.65,29.05,29.52,2031300,27.87
2007-11-13,23.35,28.04,22.80,27.44,2130900,25.90
2007-11-12,21.75,23.60,21.43,21.54,1968100,20.33
2007-11-09,25.35,26.00,23.86,24.11,1757100,22.76
2007-11-08,30.70,30.85,23.91,27.48,775600,25.94
2007-11-07,31.18,33.75,30.30,30.50,1046500,28.79
2007-11-06,31.75,32.33,28.61,31.20,1025700,29.45
2007-11-05,33.00,33.00,30.48,31.17,951500,29.43
2007-11-02,34.65,34.73,30.50,33.60,1238900,31.72
2007-11-01,35.05,35.25,32.19,33.24,917100,31.38
2007-10-31,34.95,36.45,34.31,35.50,1139600,33.51
2007-10-30,34.77,35.85,34.23,34.60,1012000,32.66
2007-10-29,35.05,36.00,32.58,33.52,1688100,31.64
2007-10-26,30.80,35.16,30.50,34.00,2133600,32.10
2007-10-25,31.00,31.00,28.04,30.13,1164900,28.44
2007-10-24,26.10,31.35,26.10,30.80,2476000,29.08
2007-10-23,27.66,28.00,26.03,27.00,1095200,25.49
2007-10-22,26.60,28.49,25.57,26.95,1046000,25.44
2007-10-19,26.49,28.23,24.99,27.31,1797200,25.78
2007-10-18,26.25,26.60,25.70,25.78,728400,24.34
2007-10-17,26.91,27.38,26.38,27.00,724600,25.49
2007-10-16,27.50,27.90,25.76,26.16,1312100,24.70
2007-10-15,28.50,29.17,27.38,27.96,691400,26.40
2007-10-12,29.50,29.50,27.59,27.75,819900,26.20
2007-10-11,27.99,30.28,27.25,28.68,2244300,27.08
2007-10-10,28.00,28.54,26.80,27.25,726700,25.73
2007-10-09,28.04,29.40,27.35,27.97,961400,26.40
2007-10-08,29.07,29.65,27.00,27.60,889300,26.06
2007-10-05,28.30,29.23,27.85,28.33,1310700,26.74
2007-10-04,27.65,27.96,26.50,27.75,706700,26.20
2007-10-03,27.55,28.84,26.90,26.99,1503800,25.48
2007-10-02,27.72,29.38,27.55,28.00,2790700,26.43
2007-10-01,23.29,25.26,23.20,24.77,1022700,23.38
2007-09-28,23.70,23.75,22.53,22.90,610800,21.62
2007-09-27,22.75,23.87,21.65,23.70,1269300,22.37
2007-09-26,22.85,23.50,21.68,21.85,519600,20.63
2007-09-25,23.00,23.40,22.31,22.79,566200,21.51
2007-09-24,23.00,23.47,22.48,22.91,1035100,21.63
2007-09-21,21.86,22.75,21.49,22.26,1288800,21.01
2007-09-20,21.01,22.00,20.37,21.14,1026500,19.96
2007-09-19,20.65,20.99,20.50,20.75,1236100,19.59
2007-09-18,20.43,20.44,20.04,20.30,633100,19.16
2007-09-17,19.74,20.43,19.70,19.97,1207500,18.85
2007-09-14,18.75,19.50,18.75,19.49,186500,18.40
2007-09-13,19.88,20.10,18.59,19.15,370500,18.08
2007-09-12,19.00,19.70,18.80,19.40,286100,18.31
2007-09-11,18.56,19.45,18.55,18.80,356500,17.75
2007-09-10,19.00,19.25,17.80,18.55,532000,17.51
2007-09-07,19.11,19.82,18.37,19.10,804300,18.03
2007-09-06,22.30,22.30,19.59,19.82,898700,18.71
2007-09-05,19.49,21.99,19.21,21.88,1317500,20.66
2007-09-04,18.40,19.99,18.15,19.99,639000,18.87
2007-08-31,18.02,18.50,17.94,18.08,413700,17.07
2007-08-30,17.38,17.75,16.65,17.74,314100,16.75
2007-08-29,17.55,18.08,17.15,17.40,277500,16.43
2007-08-28,17.95,18.35,16.00,17.13,504800,16.17
2007-08-27,17.68,18.94,17.50,18.45,1012100,17.42
2007-08-24,16.71,17.50,16.65,17.30,288000,16.33
2007-08-23,18.44,18.45,15.91,16.69,676700,15.76
2007-08-22,16.68,17.35,16.25,17.00,515600,16.05
2007-08-21,15.66,16.25,15.01,15.85,312300,14.96
2007-08-20,15.64,15.72,14.50,15.66,624000,14.78
2007-08-17,13.50,14.75,12.99,14.70,933800,13.88
2007-08-16,14.51,14.76,12.26,12.97,940400,12.24
2007-08-15,16.00,16.28,14.15,15.39,906400,14.53
2007-08-14,17.71,17.71,15.51,16.00,1391100,15.10
2007-08-13,18.35,18.50,17.38,17.71,920300,16.72
2007-08-10,17.38,18.00,17.00,17.99,1062700,16.98
2007-08-09,18.75,18.97,17.37,17.67,2338200,16.68
