Date,Open,High,Low,Close,Volume,Adj Close
2012-05-04,23.73,23.73,22.44,22.70,3571600,22.70
2012-05-03,24.92,24.92,23.80,23.87,1900000,23.87
2012-05-02,25.68,25.68,24.05,24.75,3355000,24.75
2012-05-01,25.31,26.38,24.18,25.66,5318800,25.66
2012-04-30,26.96,27.07,26.52,26.76,1202000,26.76
2012-04-27,27.30,27.40,26.84,26.98,1653500,26.98
2012-04-26,27.07,27.43,26.97,27.18,1558800,27.18
2012-04-25,26.60,27.37,26.54,27.20,1810200,27.20
2012-04-24,26.39,26.83,26.04,26.41,1182500,26.41
2012-04-23,26.44,26.60,25.68,26.38,1288900,26.38
2012-04-20,27.04,27.54,26.72,26.80,1861700,26.80
2012-04-19,27.00,27.43,26.81,26.87,2028400,26.87
2012-04-18,27.12,27.12,26.34,26.76,3307200,26.76
2012-04-17,27.34,28.57,27.01,27.44,2953600,27.44
2012-04-16,27.97,27.97,25.16,26.35,8472900,26.35
2012-04-13,29.32,29.42,28.26,28.38,1841800,28.38
2012-04-12,28.74,30.10,28.74,29.57,1309800,29.57
2012-04-11,29.11,29.29,28.48,28.66,1575000,28.66
2012-04-10,29.76,30.04,28.49,28.71,2882300,28.71
2012-04-09,29.71,30.15,29.23,29.87,1171900,29.87
2012-04-05,30.15,30.85,29.95,30.43,1318500,30.43
2012-04-04,30.72,31.12,30.00,30.39,1729200,30.39
2012-04-03,30.12,31.36,29.80,31.36,3063600,31.36
2012-04-02,29.87,31.06,29.54,30.00,1935200,30.00
2012-03-30,29.76,30.68,29.55,30.03,1977700,30.03
2012-03-29,28.99,29.79,28.51,29.59,1409200,29.59
2012-03-28,29.67,29.77,28.67,29.06,3302300,29.06
2012-03-27,30.83,30.85,29.77,29.96,1912300,29.96
2012-03-26,31.10,31.32,30.71,30.90,1655200,30.90
2012-03-23,30.57,31.07,30.12,30.59,1395300,30.59
2012-03-22,31.00,31.09,30.00,30.66,1371400,30.66
2012-03-21,32.26,32.32,31.10,31.53,1405300,31.53
2012-03-20,32.45,32.92,31.01,31.56,2309800,31.56
2012-03-19,32.32,33.51,31.68,33.03,2789400,33.03
2012-03-16,30.26,32.46,30.18,32.41,5724400,32.41
2012-03-15,30.50,30.84,29.76,30.31,2307600,30.31
2012-03-14,30.19,31.50,29.60,30.29,2834500,30.29
2012-03-13,30.11,30.51,29.55,30.24,1815400,30.24
2012-03-12,29.97,30.21,29.50,29.71,1239100,29.71
2012-03-09,30.30,30.47,29.64,29.91,1299800,29.91
2012-03-08,30.04,30.49,29.76,30.31,1631700,30.31
2012-03-07,29.51,30.34,29.35,29.73,1934100,29.73
2012-03-06,29.64,29.71,29.12,29.54,2842500,29.54
2012-03-05,30.44,30.70,29.53,30.23,2156200,30.23
2012-03-02,31.55,31.65,30.00,30.60,3075400,30.60
2012-03-01,30.35,31.67,30.06,31.00,3936800,31.00
2012-02-29,30.35,30.84,29.50,30.06,8695600,30.06
2012-02-28,30.49,31.13,29.89,30.12,3093800,30.12
2012-02-27,30.24,31.44,30.12,30.78,5045600,30.78
2012-02-24,29.11,30.56,29.05,30.50,23651800,30.50
2012-02-23,31.00,31.00,28.47,29.09,6695100,29.09
2012-02-22,31.90,32.92,31.78,31.81,2732500,31.81
2012-02-21,32.35,32.35,30.57,31.97,5144300,31.97
2012-02-17,34.11,34.58,33.03,34.03,3019500,34.03
2012-02-16,32.07,35.00,32.01,34.32,4119900,34.32
2012-02-15,32.36,32.78,31.67,32.00,2146100,32.00
2012-02-14,31.58,32.14,30.55,32.04,3649500,32.04
2012-02-13,32.35,33.19,31.31,31.93,5130300,31.93
2012-02-10,33.98,36.51,30.25,31.68,18422600,31.68
2012-02-09,23.73,24.41,23.47,23.90,2833000,23.90
2012-02-08,22.54,23.59,22.41,23.46,2648900,23.46
2012-02-07,22.11,22.41,21.90,22.28,1224700,22.28
2012-02-06,20.60,22.33,20.52,22.19,1881300,22.19
2012-02-03,20.40,21.08,20.22,20.84,1733600,20.84
2012-02-02,20.33,20.40,19.79,20.00,1558500,20.00
2012-02-01,20.42,20.53,19.95,20.15,1305400,20.15
2012-01-31,20.56,20.63,19.81,20.04,739200,20.04
2012-01-30,20.27,20.27,19.54,20.06,1007800,20.06
2012-01-27,20.27,20.82,20.12,20.43,1084200,20.43
2012-01-26,20.92,20.97,20.01,20.15,754600,20.15
2012-01-25,20.12,20.67,19.69,20.61,2064500,20.61
2012-01-24,19.98,20.38,19.58,20.04,1278700,20.04
2012-01-23,20.08,21.06,19.91,20.07,2881100,20.07
2012-01-20,19.90,20.32,19.76,20.00,671000,20.00
2012-01-19,20.23,20.67,19.77,20.00,989000,20.00
2012-01-18,20.08,20.15,19.76,20.12,1315800,20.12
2012-01-17,19.25,20.45,19.25,19.95,2251200,19.95
2012-01-13,18.63,18.94,18.50,18.74,1337000,18.74
2012-01-12,18.24,19.48,18.24,18.96,2333100,18.96
2012-01-11,18.22,18.97,17.92,18.27,2885200,18.27
2012-01-10,17.21,19.00,16.81,18.05,5712100,18.05
2012-01-09,15.93,16.05,15.63,15.86,910700,15.86
2012-01-06,16.35,16.40,15.90,15.94,744700,15.94
2012-01-05,16.09,16.36,15.76,16.15,1333100,16.15
2012-01-04,16.05,16.56,15.70,16.33,1824000,16.33
2012-01-03,15.78,16.49,15.71,16.19,1496000,16.19
2011-12-30,15.57,15.79,15.38,15.52,564500,15.52
2011-12-29,15.30,15.79,15.25,15.62,726800,15.62
2011-12-28,15.82,15.96,15.06,15.25,1311200,15.25
2011-12-27,15.95,16.15,15.55,15.98,792900,15.98
2011-12-23,16.12,16.24,15.41,15.85,956100,15.85
2011-12-22,15.43,16.24,15.37,15.98,2816900,15.98
2011-12-21,14.83,15.60,14.26,15.43,6570500,15.43
2011-12-20,10.87,13.99,10.87,13.85,7937100,13.85
2011-12-19,10.82,10.91,10.02,10.10,1787200,10.10
2011-12-16,9.20,11.17,9.19,11.00,4053800,11.00
2011-12-15,9.14,9.53,8.98,9.00,2162100,9.00
2011-12-14,9.59,9.59,8.77,8.80,1522300,8.80
2011-12-13,9.98,10.42,9.49,9.74,530400,9.74
2011-12-12,10.34,10.40,9.73,9.82,1019100,9.82
2011-12-09,10.03,10.59,10.03,10.51,665800,10.51
2011-12-08,10.40,10.44,9.89,9.95,631700,9.95
2011-12-07,10.81,10.81,10.40,10.48,797600,10.48
2011-12-06,10.89,10.99,10.60,10.89,738800,10.89
2011-12-05,10.98,11.19,10.71,10.85,848500,10.85
2011-12-02,10.66,10.94,10.54,10.56,613100,10.56
2011-12-01,10.65,10.72,10.26,10.47,883400,10.47
2011-11-30,10.64,11.00,10.41,10.69,922700,10.69
2011-11-29,10.05,10.26,9.86,10.05,817700,10.05
2011-11-28,9.43,10.09,9.36,10.05,903300,10.05
2011-11-25,9.03,9.35,8.82,8.97,271500,8.97
2011-11-23,9.51,9.53,9.10,9.11,767700,9.11
2011-11-22,9.76,10.02,9.60,9.75,608200,9.75
2011-11-21,9.89,9.92,9.45,9.79,629300,9.79
2011-11-18,9.93,10.31,9.82,10.13,505900,10.13
2011-11-17,10.70,10.70,9.77,9.82,734300,9.82
2011-11-16,10.55,11.16,10.47,10.74,1029800,10.74
2011-11-15,10.44,10.76,10.25,10.65,668700,10.65
2011-11-14,10.42,10.59,10.18,10.49,737000,10.49
2011-11-11,10.44,10.60,10.26,10.44,394500,10.44
2011-11-10,10.25,10.49,9.76,10.33,787600,10.33
2011-11-09,10.47,10.56,9.97,10.03,780200,10.03
2011-11-08,10.70,10.94,10.32,10.93,678900,10.93
2011-11-07,10.61,10.88,10.46,10.62,794800,10.62
2011-11-04,10.33,10.68,10.17,10.64,682000,10.64
2011-11-03,10.23,10.58,9.80,10.44,1111800,10.44
2011-11-02,9.71,9.98,9.52,9.95,710800,9.95
2011-11-01,9.68,9.68,8.80,9.38,2125400,9.38
2011-10-31,10.98,10.98,10.10,10.32,1327700,10.32
2011-10-28,10.95,11.54,10.95,11.23,593600,11.23
2011-10-27,10.72,11.34,10.51,11.08,1252700,11.08
2011-10-26,10.20,10.43,9.85,10.28,940400,10.28
2011-10-25,10.44,10.50,9.89,9.90,834600,9.90
2011-10-24,10.26,10.60,10.21,10.47,906500,10.47
2011-10-21,10.24,10.53,10.01,10.15,824700,10.15
2011-10-20,10.11,10.21,9.76,10.08,847000,10.08
2011-10-19,10.82,11.00,10.16,10.17,1094100,10.17
2011-10-18,9.95,10.88,9.66,10.76,1270900,10.76
2011-10-17,9.82,10.24,9.82,9.94,1303300,9.94
2011-10-14,9.45,9.82,9.41,9.82,638900,9.82
2011-10-13,9.13,9.36,8.99,9.24,693400,9.24
2011-10-12,9.01,9.31,8.92,9.19,793700,9.19
2011-10-11,8.68,9.05,8.50,8.86,961600,8.86
2011-10-10,7.96,8.83,7.96,8.77,727300,8.77
2011-10-07,7.88,8.00,7.47,7.77,737600,7.77
2011-10-06,7.79,8.04,7.65,7.77,611300,7.77
2011-10-05,7.39,7.85,7.26,7.79,957600,7.79
2011-10-04,6.82,7.44,6.30,7.40,1300000,7.40
2011-10-03,7.61,7.65,6.88,7.06,1080500,7.06
2011-09-30,7.79,8.05,7.65,7.71,802600,7.71
2011-09-29,8.25,8.32,7.68,7.99,1477200,7.99
2011-09-28,8.77,8.81,7.96,8.00,655300,8.00
2011-09-27,8.75,9.18,8.65,8.74,769000,8.74
2011-09-26,7.76,8.49,7.51,8.49,1206900,8.49
2011-09-23,7.81,7.96,7.58,7.65,685900,7.65
2011-09-22,8.48,8.49,7.64,7.91,1600400,7.91
2011-09-21,9.55,9.63,8.75,8.78,1244300,8.78
2011-09-20,10.30,10.37,9.57,9.57,1348200,9.57
2011-09-19,10.04,10.17,9.81,10.13,984600,10.13
2011-09-16,10.52,10.61,10.03,10.46,1343700,10.46
2011-09-15,10.26,10.57,10.15,10.49,480900,10.49
2011-09-14,10.23,10.26,9.93,10.12,590400,10.12
2011-09-13,10.10,10.23,9.90,10.18,719800,10.18
2011-09-12,9.79,10.16,9.78,10.07,1059300,10.07
2011-09-09,10.12,10.39,9.91,10.03,876200,10.03
2011-09-08,10.04,10.47,9.89,10.20,864500,10.20
2011-09-07,9.61,10.26,9.52,10.12,830600,10.12
2011-09-06,9.11,9.51,9.05,9.41,1143800,9.41
2011-09-02,9.13,9.56,9.00,9.44,1185000,9.44
2011-09-01,9.75,9.75,9.43,9.50,774800,9.50
2011-08-31,9.55,9.81,9.47,9.67,741800,9.67
2011-08-30,9.26,9.51,9.15,9.51,763100,9.51
2011-08-29,9.28,9.42,9.17,9.38,677800,9.38
2011-08-26,8.75,9.05,8.53,8.99,698000,8.99
2011-08-25,9.13,9.20,8.68,8.88,919600,8.88
2011-08-24,9.08,9.17,8.77,9.00,823000,9.00
2011-08-23,8.60,9.14,8.39,9.14,1751100,9.14
2011-08-22,8.92,9.00,8.35,8.51,1185100,8.51
2011-08-19,8.91,9.23,8.66,8.69,615600,8.69
2011-08-18,9.79,9.79,8.97,9.11,904200,9.11
2011-08-17,10.08,10.36,10.01,10.09,817000,10.09
2011-08-16,10.56,10.63,9.90,9.93,1211000,9.93
2011-08-15,10.15,10.76,10.13,10.76,791700,10.76
2011-08-12,10.16,10.32,9.86,9.94,1019800,9.94
2011-08-11,9.06,10.08,8.85,9.91,1639300,9.91
2011-08-10,8.87,9.57,8.71,8.95,2425600,8.95
2011-08-09,9.10,9.27,8.61,9.00,2158700,9.00
2011-08-08,9.54,9.68,8.54,8.75,2042300,8.75
2011-08-05,10.24,10.51,9.12,10.00,1924600,10.00
2011-08-04,11.49,11.49,10.03,10.09,2308200,10.09
2011-08-03,12.14,12.23,11.42,11.75,1536900,11.75
2011-08-02,12.50,12.82,12.14,12.14,859300,12.14
2011-08-01,12.62,12.91,12.35,12.62,1155600,12.62
2011-07-29,12.45,12.50,12.17,12.32,1602400,12.32
2011-07-28,13.20,13.23,12.60,12.60,1292600,12.60
2011-07-27,14.30,14.36,12.90,13.20,2732300,13.20
2011-07-26,14.68,14.73,14.44,14.46,369600,14.46
2011-07-25,14.52,14.85,14.39,14.71,406000,14.71
2011-07-22,14.76,14.87,14.59,14.78,742600,14.78
2011-07-21,14.66,14.75,14.53,14.69,524000,14.69
2011-07-20,14.67,14.67,14.35,14.59,568400,14.59
2011-07-19,14.22,14.59,14.21,14.57,518000,14.57
2011-07-18,14.25,14.29,13.84,14.07,559300,14.07
2011-07-15,13.75,14.40,13.75,14.30,735800,14.30
2011-07-14,14.06,14.08,13.50,13.51,845000,13.51
2011-07-13,13.68,14.13,13.62,13.85,501600,13.85
2011-07-12,13.54,13.92,13.52,13.67,871900,13.67
2011-07-11,14.04,14.04,13.55,13.65,592300,13.65
2011-07-08,14.09,14.35,14.04,14.27,347700,14.27
2011-07-07,14.25,14.43,14.15,14.33,465900,14.33
2011-07-06,13.97,14.13,13.74,14.09,967400,14.09
2011-07-05,13.93,14.03,13.81,13.99,841000,13.99
2011-07-01,13.63,14.04,13.30,14.01,701600,14.01
2011-06-30,13.66,13.95,13.55,13.63,632400,13.63
2011-06-29,13.32,13.83,13.25,13.64,837300,13.64
2011-06-28,12.80,13.13,12.72,13.12,920100,13.12
2011-06-27,13.14,13.14,12.66,12.75,724300,12.75
2011-06-24,12.90,13.43,12.89,13.18,3712900,13.18
2011-06-23,12.84,12.99,12.40,12.86,808300,12.86
2011-06-22,12.98,13.40,12.86,13.19,739900,13.19
2011-06-21,12.66,13.18,12.66,13.08,838000,13.08
2011-06-20,12.55,12.71,12.34,12.58,1032400,12.58
2011-06-17,12.46,12.55,12.14,12.39,1412800,12.39
2011-06-16,12.61,12.63,12.10,12.39,876800,12.39
2011-06-15,12.57,13.14,12.49,12.69,647500,12.69
2011-06-14,12.75,12.91,12.62,12.74,476700,12.74
2011-06-13,12.81,12.90,12.42,12.58,2084000,12.58
2011-06-10,12.96,13.06,12.74,12.75,702100,12.75
2011-06-09,12.72,13.25,12.72,13.10,690900,13.10
2011-06-08,12.39,12.96,12.36,12.55,938400,12.55
2011-06-07,12.64,12.64,12.03,12.41,1013000,12.41
2011-06-06,13.52,13.60,12.49,12.50,699400,12.50
2011-06-03,13.41,13.73,13.19,13.60,494800,13.60
2011-06-02,13.53,13.80,13.50,13.63,727100,13.63
2011-06-01,14.33,14.44,13.55,13.56,441400,13.56
2011-05-31,14.42,14.50,14.08,14.39,553500,14.39
2011-05-27,14.37,14.49,14.02,14.19,502100,14.19
2011-05-26,14.10,14.38,13.83,14.24,877400,14.24
2011-05-25,13.94,14.32,13.90,14.17,454700,14.17
2011-05-24,13.89,14.06,13.72,14.01,774400,14.01
2011-05-23,14.05,14.06,13.72,13.72,783500,13.72
2011-05-20,14.06,14.41,13.65,14.32,704200,14.32
2011-05-19,14.48,14.60,13.89,14.05,602400,14.05
2011-05-18,13.47,14.36,13.41,14.36,1447100,14.36
2011-05-17,13.36,13.46,12.97,13.34,681900,13.34
2011-05-16,13.53,13.85,13.32,13.38,1121800,13.38
2011-05-13,13.84,13.87,13.52,13.57,518400,13.57
2011-05-12,13.79,13.96,13.38,13.72,1160900,13.72
2011-05-11,14.49,14.49,13.84,13.88,927400,13.88
2011-05-10,14.04,14.54,14.04,14.50,1247600,14.50
2011-05-09,13.70,14.15,13.38,13.90,940200,13.90
2011-05-06,14.02,14.25,13.42,13.63,807000,13.63
2011-05-05,13.82,14.01,13.50,13.90,1903800,13.90
2011-05-04,14.02,14.12,13.80,14.00,2361400,14.00
2011-05-03,14.07,14.38,13.77,14.00,1561000,14.00
2011-05-02,14.10,14.45,13.96,14.20,1483400,14.20
2011-04-29,13.83,14.06,13.81,14.00,1500000,14.00
2011-04-28,13.74,14.03,13.63,13.89,694800,13.89
2011-04-27,14.17,14.17,13.65,13.80,743600,13.80
2011-04-26,13.80,14.09,13.68,14.07,3100000,14.07
2011-04-25,13.77,13.89,13.61,13.76,737000,13.76
2011-04-21,13.57,13.79,13.24,13.76,525300,13.76
2011-04-20,13.72,13.83,13.48,13.53,748600,13.53
2011-04-19,13.28,13.48,13.11,13.48,1177800,13.48
2011-04-18,13.77,13.79,13.18,13.23,1308400,13.23
2011-04-15,14.04,14.20,13.91,14.02,2341800,14.02
2011-04-14,14.41,14.41,13.80,14.01,1653300,14.01
2011-04-13,14.30,14.63,14.20,14.52,3080200,14.52
2011-04-12,14.01,14.24,13.99,14.18,15293700,14.18
2011-04-11,15.20,15.25,14.07,14.20,1478100,14.20
2011-04-08,15.35,15.70,15.16,15.39,905300,15.39
2011-04-07,15.15,15.33,15.00,15.19,636700,15.19
2011-04-06,15.59,15.71,15.02,15.12,643900,15.12
2011-04-05,15.56,15.78,15.30,15.50,1150900,15.50
2011-04-04,16.65,16.76,16.08,16.11,349700,16.11
2011-04-01,17.00,17.22,16.64,16.64,658500,16.64
2011-03-31,16.68,17.14,16.62,16.81,1091200,16.81
2011-03-30,15.83,16.69,15.83,16.65,800200,16.65
2011-03-29,15.24,15.80,15.14,15.80,376000,15.80
2011-03-28,15.40,15.66,15.23,15.23,299100,15.23
2011-03-25,15.26,15.45,15.01,15.35,328500,15.35
2011-03-24,15.17,15.45,14.92,15.26,407600,15.26
2011-03-23,15.50,15.55,15.00,15.07,288100,15.07
2011-03-22,15.22,15.54,15.09,15.49,339300,15.49
2011-03-21,15.26,15.44,14.72,15.17,675000,15.17
2011-03-18,14.91,15.34,14.85,14.90,3302300,14.90
2011-03-17,14.49,14.85,14.46,14.72,485700,14.72
2011-03-16,14.58,14.93,14.25,14.29,912800,14.29
2011-03-15,14.42,14.77,13.96,14.53,793500,14.53
2011-03-14,14.66,15.06,14.40,14.90,493800,14.90
2011-03-11,14.28,14.96,14.01,14.85,391200,14.85
2011-03-10,14.85,14.88,14.17,14.25,802000,14.25
2011-03-09,15.07,15.49,14.95,15.03,284700,15.03
2011-03-08,15.29,15.32,14.91,15.27,330000,15.27
2011-03-07,15.08,15.46,14.98,15.35,363700,15.35
2011-03-04,15.13,15.14,14.91,14.95,391700,14.95
2011-03-03,15.16,15.16,14.86,15.09,405100,15.09
2011-03-02,14.99,15.22,14.81,15.03,459300,15.03
2011-03-01,15.37,15.69,14.82,15.01,501700,15.01
2011-02-28,15.30,15.89,15.16,15.66,602300,15.66
2011-02-25,14.88,15.31,14.88,15.14,353700,15.14
2011-02-24,14.96,15.25,14.66,14.67,459000,14.67
2011-02-23,14.75,15.03,14.67,14.94,295100,14.94
2011-02-22,14.69,15.37,14.55,14.82,605000,14.82
2011-02-18,14.44,15.03,14.32,14.87,578200,14.87
2011-02-17,14.17,14.52,14.12,14.43,994600,14.43
2011-02-16,14.18,14.30,14.08,14.13,397700,14.13
2011-02-15,13.92,14.14,13.82,14.10,198900,14.10
2011-02-14,13.67,13.96,13.65,13.92,249200,13.92
2011-02-11,13.55,13.82,13.48,13.72,587600,13.72
2011-02-10,13.35,13.65,13.32,13.63,141400,13.63
2011-02-09,13.68,13.70,13.37,13.50,354500,13.50
2011-02-08,13.79,13.88,13.62,13.75,233100,13.75
2011-02-07,13.71,13.95,13.70,13.80,146500,13.80
2011-02-04,13.95,14.05,13.66,13.68,390300,13.68
2011-02-03,13.83,14.01,13.73,14.01,324500,14.01
2011-02-02,13.99,14.30,13.75,13.85,439100,13.85
2011-02-01,13.72,14.00,13.43,13.94,677500,13.94
2011-01-31,12.82,13.60,12.75,13.55,521000,13.55
2011-01-28,13.16,13.33,12.76,12.80,301800,12.80
2011-01-27,13.21,13.53,13.04,13.17,614500,13.17
2011-01-26,12.56,12.98,12.39,12.95,495200,12.95
2011-01-25,12.64,12.86,12.44,12.45,739100,12.45
2011-01-24,12.88,13.33,12.69,12.70,883300,12.70
2011-01-21,12.81,12.86,12.50,12.85,413200,12.85
2011-01-20,13.01,13.03,12.46,12.67,351800,12.67
2011-01-19,13.37,13.51,13.04,13.06,465600,13.06
2011-01-18,13.45,13.54,13.24,13.30,253900,13.30
2011-01-14,13.59,13.63,13.31,13.39,252900,13.39
2011-01-13,13.61,13.71,13.43,13.68,368100,13.68
2011-01-12,13.74,13.79,13.47,13.68,504000,13.68
2011-01-11,13.40,13.65,13.29,13.64,1032100,13.64
2011-01-10,13.20,13.50,13.12,13.33,488800,13.33
2011-01-07,13.19,13.45,13.09,13.25,718400,13.25
2011-01-06,13.21,13.30,13.11,13.24,563700,13.24
2011-01-05,13.20,13.29,12.95,13.21,466900,13.21
2011-01-04,13.30,13.55,13.14,13.25,710300,13.25
2011-01-03,12.50,13.19,12.46,13.07,911100,13.07
2010-12-31,12.23,12.52,12.20,12.21,392300,12.21
2010-12-30,12.32,12.34,12.15,12.21,310600,12.21
2010-12-29,11.91,12.34,11.91,12.20,327000,12.20
2010-12-28,12.28,12.34,11.74,11.86,542000,11.86
2010-12-27,12.16,12.29,12.08,12.26,141400,12.26
2010-12-23,12.14,12.36,11.78,12.22,267900,12.22
2010-12-22,12.28,12.35,12.12,12.19,511400,12.19
2010-12-21,12.18,12.31,12.10,12.20,311400,12.20
2010-12-20,11.75,12.25,11.65,12.14,1001600,12.14
2010-12-17,12.25,12.25,11.18,11.62,7011600,11.62
2010-12-16,12.28,12.33,11.92,12.24,758600,12.24
2010-12-15,12.35,12.61,12.21,12.27,438500,12.27
2010-12-14,12.60,12.67,12.15,12.36,502500,12.36
2010-12-13,12.77,13.07,12.44,12.63,413100,12.63
2010-12-10,12.88,12.88,12.51,12.71,457500,12.71
2010-12-09,13.05,13.08,12.35,12.90,704300,12.90
2010-12-08,13.34,13.50,12.90,12.94,672300,12.94
2010-12-07,12.98,13.41,12.80,13.26,1153100,13.26
2010-12-06,12.49,12.98,12.47,12.78,1620500,12.78
2010-12-03,11.81,12.95,11.81,12.45,2400400,12.45
2010-12-02,11.56,11.62,11.39,11.48,379400,11.48
2010-12-01,11.60,11.60,11.15,11.55,498400,11.55
2010-11-30,11.14,11.61,11.00,11.36,815800,11.36
2010-11-29,10.63,11.50,10.45,11.25,695600,11.25
2010-11-26,10.18,10.93,10.13,10.75,244400,10.75
2010-11-24,10.31,10.48,10.09,10.23,198100,10.23
2010-11-23,10.50,10.51,10.16,10.26,226400,10.26
2010-11-22,10.48,10.75,10.46,10.63,415800,10.63
2010-11-19,9.90,10.51,9.63,10.51,307200,10.51
2010-11-18,9.75,9.89,9.75,9.86,212900,9.86
2010-11-17,9.61,9.89,9.61,9.67,110200,9.67
2010-11-16,10.00,10.01,9.48,9.63,425200,9.63
2010-11-15,10.62,10.62,10.03,10.05,356300,10.05
2010-11-12,10.20,10.73,10.05,10.53,387200,10.53
2010-11-11,10.82,10.87,10.50,10.58,235200,10.58
2010-11-10,10.62,10.99,10.39,10.96,561400,10.96
2010-11-09,10.39,10.76,10.32,10.63,444500,10.63
2010-11-08,9.95,10.35,9.84,10.35,225200,10.35
2010-11-05,10.14,10.19,9.95,10.00,281900,10.00
2010-11-04,9.92,10.45,9.92,10.16,732600,10.16
2010-11-03,9.70,9.88,9.61,9.75,385800,9.75
2010-11-02,9.60,9.65,9.50,9.63,176500,9.63
2010-11-01,9.30,9.50,9.22,9.50,220800,9.50
2010-10-29,9.15,9.30,9.10,9.25,102900,9.25
2010-10-28,9.32,9.40,9.08,9.16,158000,9.16
2010-10-27,9.17,9.31,9.08,9.27,136200,9.27
2010-10-26,9.42,9.47,9.22,9.27,110700,9.27
2010-10-25,9.40,9.62,9.31,9.49,208100,9.49
2010-10-22,9.06,9.40,9.02,9.36,182400,9.36
2010-10-21,9.28,9.35,8.99,9.02,270600,9.02
2010-10-20,9.34,9.39,9.18,9.22,169500,9.22
2010-10-19,9.30,9.49,9.26,9.33,230300,9.33
2010-10-18,9.50,9.55,9.40,9.43,300800,9.43
2010-10-15,9.47,9.50,9.32,9.50,478800,9.50
2010-10-14,9.56,9.56,9.36,9.42,282500,9.42
2010-10-13,9.71,9.75,9.50,9.60,401300,9.60
2010-10-12,9.42,9.69,9.25,9.66,753800,9.66
2010-10-11,9.43,9.47,9.35,9.42,240000,9.42
2010-10-08,9.44,9.50,9.37,9.46,264600,9.46
2010-10-07,9.55,9.55,9.33,9.44,291900,9.44
2010-10-06,9.43,9.50,9.36,9.49,247200,9.49
2010-10-05,9.57,9.61,9.35,9.43,545700,9.43
2010-10-04,9.50,9.58,9.31,9.50,495800,9.50
2010-10-01,9.65,9.73,9.45,9.51,274900,9.51
2010-09-30,9.53,9.61,9.42,9.55,396100,9.55
2010-09-29,9.42,9.57,9.40,9.47,249900,9.47
2010-09-28,9.48,9.50,9.18,9.42,576500,9.42
2010-09-27,9.85,9.85,9.50,9.52,278700,9.52
2010-09-24,9.65,10.01,9.59,9.89,1184400,9.89
2010-09-23,9.36,9.56,9.30,9.53,456300,9.53
2010-09-22,9.46,9.52,9.36,9.44,720900,9.44
2010-09-21,9.66,9.66,9.36,9.50,473500,9.50
2010-09-20,9.40,9.67,9.32,9.62,818300,9.62
2010-09-17,8.96,9.47,8.86,9.40,3717400,9.40
2010-09-16,8.55,8.96,8.54,8.90,543100,8.90
2010-09-15,8.63,8.79,8.56,8.60,546300,8.60
2010-09-14,8.71,8.88,8.54,8.63,787900,8.63
2010-09-13,7.97,8.82,7.83,8.77,1779500,8.77
2010-09-10,7.86,7.98,7.71,7.88,291700,7.88
2010-09-09,8.15,8.20,7.79,7.82,239400,7.82
2010-09-08,7.93,8.11,7.93,8.04,243300,8.04
2010-09-07,8.01,8.03,7.76,7.93,257500,7.93
2010-09-03,8.12,8.18,7.96,8.03,336300,8.03
2010-09-02,8.02,8.13,7.67,7.97,568500,7.97
2010-09-01,8.37,8.37,7.86,8.02,1013700,8.02
2010-08-31,8.25,8.37,8.09,8.16,1027600,8.16
2010-08-30,8.19,8.42,8.09,8.25,378500,8.25
2010-08-27,8.01,8.29,7.93,8.20,657900,8.20
2010-08-26,8.01,8.23,7.91,7.94,606400,7.94
2010-08-25,7.61,8.00,7.40,7.98,1056000,7.98
2010-08-24,7.30,7.61,7.14,7.57,555500,7.57
2010-08-23,7.53,7.65,7.34,7.34,172400,7.34
2010-08-20,7.64,7.64,7.40,7.51,178300,7.51
2010-08-19,7.65,7.69,7.59,7.65,224000,7.65
2010-08-18,7.68,7.76,7.57,7.71,505600,7.71
2010-08-17,7.65,7.75,7.54,7.67,421200,7.67
2010-08-16,7.60,7.76,7.39,7.46,692100,7.46
2010-08-13,7.74,7.81,7.55,7.61,692700,7.61
2010-08-12,7.68,7.82,7.34,7.82,4423700,7.82
2010-08-11,8.48,8.49,7.74,7.80,1733800,7.80
2010-08-10,8.70,8.70,8.54,8.60,278100,8.60
2010-08-09,9.05,9.12,8.78,8.79,211700,8.79
2010-08-06,8.95,9.07,8.77,8.94,497200,8.94
2010-08-05,9.04,9.08,8.86,9.00,419300,9.00
2010-08-04,8.44,9.24,8.44,9.06,1618600,9.06
2010-08-03,8.68,8.75,8.40,8.43,647400,8.43
2010-08-02,8.45,8.88,8.40,8.67,427800,8.67
2010-07-30,8.18,8.39,8.07,8.36,443700,8.36
2010-07-29,8.45,8.45,8.20,8.25,552900,8.25
2010-07-28,8.37,8.65,8.06,8.46,790300,8.46
2010-07-27,8.80,9.16,8.73,8.86,1401900,8.86
2010-07-26,8.83,9.34,8.83,9.34,663300,9.34
2010-07-23,8.70,8.90,8.63,8.90,625600,8.90
2010-07-22,8.25,8.77,8.15,8.72,903300,8.72
2010-07-21,8.21,8.24,8.04,8.09,791700,8.09
2010-07-20,8.00,8.26,7.90,8.11,320300,8.11
2010-07-19,7.98,8.22,7.87,8.08,554100,8.08
2010-07-16,8.07,8.07,7.75,8.01,568700,8.01
2010-07-15,8.03,8.17,7.85,8.12,736100,8.12
2010-07-14,7.97,8.08,7.77,8.00,739700,8.00
2010-07-13,7.27,8.00,7.27,7.93,1195900,7.93
2010-07-12,7.18,7.33,7.12,7.29,327200,7.29
2010-07-09,7.30,7.34,7.00,7.23,660000,7.23
2010-07-08,7.31,7.40,7.21,7.30,781100,7.30
2010-07-07,7.14,7.30,7.08,7.24,953300,7.24
2010-07-06,7.47,7.61,7.06,7.13,697900,7.13
2010-07-02,7.58,7.76,7.30,7.40,348700,7.40
2010-07-01,7.48,7.62,7.24,7.53,811700,7.53
2010-06-30,7.54,7.72,7.34,7.45,632500,7.45
2010-06-29,7.48,7.85,7.17,7.54,1494700,7.54
2010-06-28,7.65,7.78,7.47,7.56,346500,7.56
2010-06-25,7.28,7.90,7.20,7.60,1191400,7.60
2010-06-24,7.31,7.43,7.17,7.29,1370500,7.29
2010-06-23,7.23,7.32,7.17,7.31,685700,7.31
2010-06-22,8.00,8.10,7.27,7.32,1289900,7.32
2010-06-21,7.88,8.04,7.80,7.98,904100,7.98
2010-06-18,7.82,8.00,7.56,7.83,909300,7.83
2010-06-17,8.00,8.02,7.55,7.78,2231000,7.78
2010-06-16,7.73,8.29,7.57,8.00,1417000,8.00
2010-06-15,7.44,7.88,7.43,7.85,789000,7.85
2010-06-14,7.54,7.87,7.30,7.31,941700,7.31
2010-06-11,7.86,7.86,7.37,7.44,1613000,7.44
2010-06-10,7.55,7.94,7.40,7.86,798200,7.86
2010-06-09,7.40,7.75,7.31,7.39,957000,7.39
2010-06-08,7.07,7.34,6.92,7.33,750000,7.33
2010-06-07,7.21,7.34,6.98,7.05,1107300,7.05
2010-06-04,7.15,7.55,7.03,7.05,1121000,7.05
2010-06-03,7.13,7.60,7.01,7.31,3311000,7.31
2010-06-02,6.65,7.29,6.50,7.28,2440000,7.28
2010-06-01,6.89,7.17,6.45,6.52,3607800,6.52
2010-05-28,7.18,7.24,6.84,7.00,1139800,7.00
2010-05-27,8.05,8.07,6.16,7.15,3674800,7.15
2010-05-26,7.33,8.12,7.33,7.91,890300,7.91
2010-05-25,7.21,7.44,7.08,7.31,538900,7.31
2010-05-24,7.50,7.91,7.38,7.45,496400,7.45
2010-05-21,7.74,7.96,7.20,7.53,958000,7.53
2010-05-20,8.54,8.60,7.83,7.89,1320700,7.89
2010-05-19,8.92,9.03,8.63,8.71,1796600,8.71
2010-05-18,9.14,9.32,8.84,8.98,502000,8.98
2010-05-17,9.38,9.84,8.94,9.03,267900,9.03
2010-05-14,9.38,9.58,9.11,9.37,476600,9.37
2010-05-13,9.12,9.60,8.92,9.53,475900,9.53
2010-05-12,8.82,9.14,8.52,9.07,781600,9.07
2010-05-11,9.29,9.44,8.56,8.84,562400,8.84
2010-05-10,8.90,9.21,8.53,9.21,644800,9.21
2010-05-07,9.50,9.50,8.10,8.38,2607100,8.38
2010-05-06,10.28,10.46,8.87,9.00,1469900,9.00
2010-05-05,10.97,11.05,10.29,10.30,600100,10.30
2010-05-04,11.30,11.53,11.06,11.06,450400,11.06
2010-05-03,11.58,11.63,11.11,11.44,467800,11.44
2010-04-30,11.94,11.94,11.05,11.51,1168300,11.51
2010-04-29,13.00,13.36,11.63,11.98,1333400,11.98
2010-04-28,13.12,13.13,12.51,12.99,194500,12.99
2010-04-27,13.29,13.35,12.88,13.14,356700,13.14
2010-04-26,13.18,13.56,13.06,13.43,203400,13.43
2010-04-23,13.26,13.34,13.03,13.12,374400,13.12
2010-04-22,13.23,13.42,12.89,13.20,393700,13.20
2010-04-21,13.87,13.87,13.10,13.28,282000,13.28
2010-04-20,13.87,13.87,13.56,13.82,279700,13.82
2010-04-19,13.77,13.97,13.51,13.77,199800,13.77
2010-04-16,13.47,13.98,13.40,13.94,239000,13.94
2010-04-15,13.00,14.09,12.85,13.47,1642800,13.47
2010-04-14,12.89,12.89,12.70,12.80,670400,12.80
2010-04-13,13.45,13.46,12.67,12.82,432500,12.82
2010-04-12,13.81,13.90,13.48,13.52,223200,13.52
2010-04-09,13.88,14.22,13.66,13.86,317600,13.86
2010-04-08,13.87,13.93,13.60,13.84,156000,13.84
2010-04-07,13.92,14.04,13.82,13.95,183800,13.95
2010-04-06,13.92,14.18,13.76,13.91,219200,13.91
2010-04-05,13.72,14.00,13.66,13.96,259200,13.96
2010-04-01,13.63,13.70,13.50,13.60,226900,13.60
2010-03-31,13.48,14.09,13.30,13.60,2542200,13.60
2010-03-30,13.85,13.85,13.17,13.48,592900,13.48
2010-03-29,13.48,13.90,13.14,13.65,362700,13.65
2010-03-26,13.53,13.69,13.21,13.50,343500,13.50
2010-03-25,13.96,14.00,13.38,13.56,205700,13.56
2010-03-24,14.01,14.01,13.42,13.85,397700,13.85
2010-03-23,14.16,14.28,13.87,14.15,222800,14.15
2010-03-22,14.30,14.32,13.91,14.20,278800,14.20
2010-03-19,13.92,14.53,13.10,14.38,806200,14.38
2010-03-18,13.95,14.14,13.09,13.84,332600,13.84
2010-03-17,14.13,14.36,13.60,13.99,296300,13.99
2010-03-16,13.25,14.40,13.19,14.08,539200,14.08
2010-03-15,13.19,13.31,13.07,13.15,83300,13.15
2010-03-12,13.13,13.35,13.10,13.25,237100,13.25
2010-03-11,13.15,13.35,13.12,13.15,238500,13.15
2010-03-10,12.93,13.12,12.87,13.12,322200,13.12
2010-03-09,12.84,13.05,12.74,12.85,101900,12.85
2010-03-08,13.17,13.41,12.90,12.95,172500,12.95
2010-03-05,13.58,13.58,12.85,13.13,299000,13.13
2010-03-04,13.30,13.65,13.27,13.60,112500,13.60
2010-03-03,13.14,13.26,12.90,13.22,309500,13.22
2010-03-02,13.14,13.18,12.40,13.04,244200,13.04
2010-03-01,12.34,13.08,12.34,13.01,228100,13.01
2010-02-26,12.35,12.77,12.30,12.34,222900,12.34
2010-02-25,12.43,12.88,12.35,12.47,1207600,12.47
2010-02-24,12.78,12.78,12.41,12.54,894700,12.54
2010-02-23,12.77,12.87,12.62,12.67,733200,12.67
2010-02-22,12.84,12.91,12.60,12.76,334700,12.76
2010-02-19,12.66,13.00,12.59,12.85,198700,12.85
2010-02-18,12.80,13.00,12.57,12.80,141600,12.80
2010-02-17,13.09,13.09,12.53,12.89,182100,12.89
2010-02-16,13.20,13.30,12.76,12.88,144700,12.88
2010-02-12,12.76,13.00,12.76,13.00,126500,13.00
2010-02-11,12.53,13.37,12.53,13.12,195200,13.12
2010-02-10,12.72,12.72,12.33,12.63,444400,12.63
2010-02-09,12.90,12.90,12.47,12.63,218400,12.63
2010-02-08,12.58,12.73,12.26,12.60,187000,12.60
2010-02-05,12.40,12.68,12.05,12.58,389900,12.58
2010-02-04,12.47,12.81,12.42,12.42,268100,12.42
2010-02-03,12.58,13.03,12.00,12.71,341000,12.71
2010-02-02,12.44,12.63,12.36,12.60,364900,12.60
2010-02-01,12.14,12.86,12.00,12.37,1013600,12.37
2010-01-29,13.45,13.45,11.85,12.19,3545500,12.19
2010-01-28,14.65,14.95,14.11,14.38,137300,14.38
2010-01-27,14.78,14.78,13.90,14.45,292500,14.45
2010-01-26,14.31,14.90,14.28,14.68,229700,14.68
2010-01-25,15.27,15.27,14.03,14.70,551800,14.70
2010-01-22,14.82,15.21,14.20,14.94,1210300,14.94
2010-01-21,15.37,15.75,14.56,15.01,663700,15.01
2010-01-20,15.45,15.78,15.20,15.49,215000,15.49
2010-01-19,15.74,15.87,15.51,15.72,488700,15.72
2010-01-15,15.53,15.91,15.03,15.71,267600,15.71
2010-01-14,14.75,15.59,14.71,15.45,338700,15.45
2010-01-13,14.91,15.43,14.80,14.90,355200,14.90
2010-01-12,15.73,15.73,14.93,15.04,197700,15.04
2010-01-11,15.42,16.07,15.42,15.71,514800,15.71
2010-01-08,14.92,15.49,14.89,15.43,561100,15.43
2010-01-07,14.72,15.15,14.58,15.15,557000,15.15
2010-01-06,14.95,15.35,14.51,14.82,1115200,14.82
2010-01-05,14.25,15.31,14.13,15.05,1247100,15.05
2010-01-04,14.23,14.50,13.71,14.30,1209000,14.30
2009-12-31,13.87,13.98,13.53,13.84,741500,13.84
2009-12-30,13.50,14.20,13.46,13.88,2316100,13.88
2009-12-29,13.36,13.56,13.24,13.56,971900,13.56
2009-12-28,13.47,13.50,13.20,13.42,184900,13.42
2009-12-24,13.50,13.51,13.35,13.48,217800,13.48
2009-12-23,13.55,13.55,13.36,13.50,671400,13.50
2009-12-22,13.58,13.61,13.11,13.50,1126200,13.50
2009-12-21,13.92,13.92,13.40,13.61,1796100,13.61
2009-12-18,13.38,13.59,13.26,13.50,2292500,13.50
2009-12-17,13.48,13.48,13.15,13.34,1521200,13.34
2009-12-16,13.25,13.57,12.50,13.50,20141900,13.50
