Date,Open,High,Low,Close,Volume,Adj Close
2012-05-04,24.81,25.04,24.36,24.46,210400,24.46
2012-05-03,25.43,25.43,24.83,25.01,330000,25.01
2012-05-02,25.58,26.02,25.17,25.50,642800,25.50
2012-05-01,26.16,26.69,26.15,26.18,203000,26.18
2012-04-30,26.69,26.88,26.20,26.23,183000,26.23
2012-04-27,26.48,26.81,26.33,26.77,142200,26.77
2012-04-26,26.24,26.60,26.11,26.54,163100,26.54
2012-04-25,26.39,26.50,26.13,26.32,194500,26.32
2012-04-24,25.97,26.19,25.73,26.16,356600,26.16
2012-04-23,25.63,26.11,25.34,26.02,516500,26.02
2012-04-20,26.20,26.24,25.72,25.91,451700,25.91
2012-04-19,26.00,26.15,25.76,26.04,288500,26.04
2012-04-18,26.20,26.29,25.95,26.02,310900,26.02
2012-04-17,25.84,26.24,25.84,26.15,210000,26.15
2012-04-16,25.77,25.81,25.53,25.78,288900,25.78
2012-04-13,25.98,26.04,25.65,25.67,185400,25.67
2012-04-12,25.80,26.15,25.80,26.02,190800,26.02
2012-04-11,25.54,25.80,25.46,25.73,221400,25.73
2012-04-10,25.51,25.51,25.17,25.32,248100,25.32
2012-04-09,25.61,25.65,25.48,25.50,275600,25.50
2012-04-05,25.89,26.11,25.89,25.96,219200,25.96
2012-04-04,25.66,26.14,25.55,26.03,425800,26.03
2012-04-03,26.09,26.57,25.81,26.04,489700,26.04
2012-04-02,25.19,26.02,25.13,25.70,291500,25.70
2012-03-30,25.63,25.63,25.21,25.21,292800,25.21
2012-03-29,25.79,25.79,25.48,25.56,138600,25.56
2012-03-28,25.93,26.02,25.75,25.94,150700,25.94
2012-03-27,25.90,26.10,25.87,25.87,88800,25.87
2012-03-26,25.79,26.15,25.75,25.93,145500,25.93
2012-03-23,25.30,25.63,25.30,25.61,104900,25.61
2012-03-22,25.53,25.58,25.26,25.30,203000,25.30
2012-03-21,25.77,25.81,25.50,25.71,102700,25.71
2012-03-20,25.72,25.94,25.56,25.70,98500,25.70
2012-03-19,25.66,26.00,25.65,25.87,110300,25.87
2012-03-16,25.71,25.87,25.50,25.67,293200,25.67
2012-03-15,25.50,25.75,25.30,25.72,145300,25.72
2012-03-14,25.12,25.52,25.12,25.43,209000,25.43
2012-03-13,24.93,25.25,24.81,25.25,296500,25.25
2012-03-12,24.67,24.83,24.63,24.77,349000,24.77
2012-03-09,24.60,24.96,24.57,24.63,213400,24.63
2012-03-08,24.86,24.86,24.51,24.60,238200,24.60
2012-03-07,24.93,24.96,24.73,24.76,158300,24.76
2012-03-06,24.78,25.03,24.78,24.91,401400,24.91
2012-03-05,24.86,25.15,24.86,25.03,388200,25.03
2012-03-02,25.08,25.24,24.88,24.95,231700,24.95
2012-03-01,25.06,25.23,24.97,25.09,311200,25.09
2012-02-29,25.00,25.36,24.95,25.02,411800,25.02
2012-02-28,25.00,25.20,24.86,25.00,194300,25.00
2012-02-27,24.91,25.15,24.68,25.06,233500,25.06
2012-02-24,25.16,25.23,24.95,25.11,174000,25.11
2012-02-23,25.32,25.35,25.06,25.20,468900,25.20
2012-02-22,25.50,25.55,25.38,25.50,67200,25.50
2012-02-21,25.46,25.76,25.38,25.59,138400,25.56
2012-02-17,25.34,25.49,25.30,25.45,80300,25.42
2012-02-16,25.05,25.32,25.05,25.30,230300,25.27
2012-02-15,25.11,25.30,24.93,25.10,236500,25.07
2012-02-14,24.92,25.09,24.80,25.06,237100,25.03
2012-02-13,24.91,25.14,24.78,25.09,343100,25.06
2012-02-10,24.58,24.74,24.38,24.68,204800,24.65
2012-02-09,24.90,24.94,24.68,24.69,240400,24.66
2012-02-08,25.05,25.06,24.47,24.87,347000,24.84
2012-02-07,24.90,25.30,24.89,25.12,419500,25.09
2012-02-06,24.85,25.11,24.79,25.10,185000,25.07
2012-02-03,25.05,25.24,24.73,24.90,344600,24.87
2012-02-02,24.83,25.05,24.80,24.81,219400,24.78
2012-02-01,24.67,25.00,24.62,24.80,345400,24.77
2012-01-31,24.86,24.87,24.45,24.50,543900,24.47
2012-01-30,24.59,25.01,24.47,24.70,256100,24.67
2012-01-27,24.25,24.70,24.15,24.67,253200,24.64
2012-01-26,24.57,24.70,24.16,24.28,288600,24.25
2012-01-25,24.85,24.89,24.31,24.53,256200,24.50
2012-01-24,24.94,25.15,24.79,24.95,264100,24.92
2012-01-23,25.00,25.38,24.79,25.04,238500,25.01
2012-01-20,24.83,25.15,24.79,25.03,316600,25.00
2012-01-19,25.04,25.20,24.76,24.90,374700,24.87
2012-01-18,24.53,25.08,24.50,25.00,243100,24.97
2012-01-17,24.44,24.84,24.44,24.61,373600,24.58
2012-01-13,24.27,24.50,23.97,24.33,232200,24.30
2012-01-12,24.52,24.76,24.48,24.61,325700,24.58
2012-01-11,24.18,24.64,24.17,24.47,380900,24.44
2012-01-10,24.08,24.28,23.95,24.25,417000,24.22
2012-01-09,23.81,23.93,23.59,23.90,222500,23.87
2012-01-06,23.75,23.87,23.50,23.75,217700,23.72
2012-01-05,23.31,23.84,22.92,23.78,220800,23.75
2012-01-04,23.43,23.58,23.29,23.50,188900,23.47
2012-01-03,23.62,23.75,23.48,23.50,186100,23.47
2011-12-30,23.42,23.55,23.24,23.24,210300,23.21
2011-12-29,23.45,23.75,23.43,23.44,225500,23.41
2011-12-28,23.50,23.57,23.35,23.43,190600,23.40
2011-12-27,23.42,23.70,23.36,23.61,344400,23.58
2011-12-23,23.40,23.60,23.30,23.51,297600,23.48
2011-12-22,22.95,23.50,22.73,23.33,630400,23.30
2011-12-21,22.35,22.98,22.28,22.84,835900,22.81
2011-12-20,22.17,22.36,22.08,22.35,599000,22.32
2011-12-19,22.21,22.29,21.70,21.75,304600,21.72
2011-12-16,22.09,22.29,21.82,21.92,956700,21.89
2011-12-15,21.85,21.98,21.59,21.72,1022900,21.69
2011-12-14,21.54,21.99,21.50,21.65,4329600,21.62
2011-12-13,22.25,22.78,21.77,22.29,785700,22.26
2011-12-12,23.17,23.28,22.95,23.22,109200,23.19
2011-12-09,23.28,23.65,23.27,23.35,163500,23.32
2011-12-08,23.46,23.62,23.10,23.16,221700,23.13
2011-12-07,23.15,23.85,23.04,23.67,119000,23.64
2011-12-06,23.06,23.47,23.04,23.30,141500,23.27
2011-12-05,23.16,23.33,22.90,23.10,191100,23.07
2011-12-02,23.19,23.37,22.76,22.84,137800,22.81
2011-12-01,22.84,23.17,22.68,22.97,167800,22.94
2011-11-30,22.86,23.13,22.04,22.96,366700,22.93
2011-11-29,22.47,22.67,22.12,22.18,173800,22.15
2011-11-28,22.35,22.56,22.23,22.49,148200,22.46
2011-11-25,21.84,22.11,21.67,21.86,85000,21.83
2011-11-23,22.24,22.30,21.88,21.90,74800,21.87
2011-11-22,22.62,23.02,22.47,22.50,165200,22.44
2011-11-21,22.66,22.96,22.46,22.73,109800,22.67
2011-11-18,22.86,23.15,22.60,22.99,115000,22.93
2011-11-17,23.01,23.46,22.75,22.84,143500,22.78
2011-11-16,23.14,23.49,22.92,23.01,137200,22.95
2011-11-15,22.75,23.57,22.71,23.37,161200,23.31
2011-11-14,23.34,23.34,22.75,22.96,224200,22.90
2011-11-11,23.13,23.44,23.05,23.42,150200,23.36
2011-11-10,23.16,23.21,22.83,22.99,115500,22.93
2011-11-09,22.99,23.29,22.80,22.82,212200,22.76
2011-11-08,23.17,23.58,22.83,23.49,178500,23.43
2011-11-07,22.81,23.27,22.68,23.23,111400,23.17
2011-11-04,22.68,23.11,22.40,22.93,184000,22.87
2011-11-03,23.23,23.23,22.47,22.99,321100,22.93
2011-11-02,21.04,23.24,21.01,23.07,284400,23.01
2011-11-01,22.00,22.38,21.61,21.74,194300,21.69
2011-10-31,22.75,23.10,22.61,22.63,184700,22.57
2011-10-28,22.71,23.18,22.71,23.04,216100,22.98
2011-10-27,22.29,22.89,22.25,22.88,294700,22.82
2011-10-26,22.02,22.26,21.70,22.13,162200,22.07
2011-10-25,21.97,22.04,21.62,21.65,174700,21.60
2011-10-24,21.95,22.29,21.83,22.17,152000,22.11
2011-10-21,21.71,21.93,21.31,21.93,223500,21.88
2011-10-20,20.79,21.45,20.71,21.42,284700,21.37
2011-10-19,21.15,21.40,20.74,20.78,191700,20.73
2011-10-18,20.72,21.30,20.36,21.15,216400,21.10
2011-10-17,21.26,21.33,20.52,20.62,165600,20.57
2011-10-14,21.07,21.52,20.76,21.49,179600,21.44
2011-10-13,21.06,21.17,20.77,20.85,227200,20.80
2011-10-12,21.28,21.82,21.24,21.61,178300,21.56
2011-10-11,20.82,21.27,20.75,21.17,167700,21.12
2011-10-10,20.99,21.17,20.80,20.99,208300,20.94
2011-10-07,21.13,21.24,20.43,20.55,375600,20.50
2011-10-06,21.19,21.29,20.77,21.17,251000,21.12
2011-10-05,21.63,21.63,20.94,21.28,182000,21.23
2011-10-04,20.52,21.69,20.38,21.67,467700,21.62
2011-10-03,21.34,21.80,20.59,20.61,286400,20.56
2011-09-30,21.10,21.89,21.00,21.56,338100,21.51
2011-09-29,21.43,21.86,20.96,21.41,144900,21.36
2011-09-28,21.10,21.36,20.93,20.98,409300,20.93
2011-09-27,21.20,21.66,20.97,21.14,210900,21.09
2011-09-26,20.49,20.90,20.26,20.87,148000,20.82
2011-09-23,20.16,20.49,19.96,20.30,366000,20.25
2011-09-22,19.47,20.50,19.36,20.22,974300,20.17
2011-09-21,20.13,20.25,20.04,20.15,605300,20.10
2011-09-20,19.96,20.26,19.86,20.13,242100,20.08
2011-09-19,19.83,20.10,19.56,19.93,184100,19.88
2011-09-16,20.68,20.77,20.01,20.13,259400,20.08
2011-09-15,20.26,20.66,20.16,20.55,142100,20.50
2011-09-14,19.63,20.30,19.31,20.05,206600,20.00
2011-09-13,19.60,19.66,19.20,19.48,188300,19.43
2011-09-12,19.25,19.63,19.00,19.47,382800,19.42
2011-09-09,19.56,19.69,19.26,19.44,305000,19.39
2011-09-08,19.83,20.02,19.74,19.81,134200,19.76
2011-09-07,19.63,20.06,19.56,20.04,133600,19.99
2011-09-06,18.96,19.35,18.72,19.28,268700,19.23
2011-09-02,19.79,20.09,19.45,19.50,173100,19.45
2011-09-01,20.84,21.00,20.05,20.09,139900,20.04
2011-08-31,20.92,21.01,20.29,20.83,192300,20.78
2011-08-30,20.85,20.90,20.28,20.82,170900,20.77
2011-08-29,20.30,21.06,20.25,21.01,161000,20.96
2011-08-26,20.42,20.47,19.76,20.00,246600,19.95
2011-08-25,21.11,21.24,20.24,20.52,170200,20.47
2011-08-24,20.47,21.21,20.42,20.92,190500,20.87
2011-08-23,19.59,20.47,19.50,20.47,76800,20.42
2011-08-22,19.95,20.02,19.49,19.60,147700,19.52
2011-08-19,19.30,19.92,19.28,19.50,188600,19.42
2011-08-18,19.39,19.90,19.32,19.51,259800,19.43
2011-08-17,20.18,20.23,19.86,20.06,122000,19.98
2011-08-16,20.25,20.36,19.78,20.19,340900,20.11
2011-08-15,20.54,20.84,20.26,20.76,127600,20.68
2011-08-12,20.35,20.68,19.89,20.28,113800,20.20
2011-08-11,19.55,20.42,19.24,20.16,303000,20.08
2011-08-10,20.05,20.20,19.35,19.40,268800,19.32
2011-08-09,20.14,20.76,19.31,20.75,423400,20.67
2011-08-08,21.01,21.48,19.40,19.60,402900,19.52
2011-08-05,21.37,22.35,20.89,21.56,326200,21.47
2011-08-04,21.93,22.35,21.10,21.11,253200,21.02
2011-08-03,20.95,22.22,20.58,22.17,354300,22.08
2011-08-02,21.54,21.78,21.34,21.38,263300,21.29
2011-08-01,21.81,21.82,21.24,21.72,180000,21.63
2011-07-29,21.25,21.71,21.09,21.62,198800,21.53
2011-07-28,21.39,21.65,21.27,21.54,207300,21.45
2011-07-27,21.34,21.53,21.17,21.42,251000,21.33
2011-07-26,21.40,21.75,21.21,21.42,146800,21.33
2011-07-25,21.24,21.62,21.24,21.44,114600,21.35
2011-07-22,21.70,21.71,21.23,21.49,148600,21.40
2011-07-21,21.26,21.74,21.26,21.73,146500,21.64
2011-07-20,21.40,21.40,21.05,21.14,135100,21.05
2011-07-19,20.95,21.43,20.72,21.35,140300,21.26
2011-07-18,21.07,21.31,20.61,20.74,154300,20.66
2011-07-15,21.49,21.52,20.87,21.12,229600,21.03
2011-07-14,21.78,21.78,21.21,21.38,176000,21.29
2011-07-13,21.56,22.13,21.51,21.78,224100,21.69
2011-07-12,21.15,21.72,21.09,21.41,144500,21.32
2011-07-11,21.75,21.80,21.15,21.27,219700,21.18
2011-07-08,22.11,22.15,21.69,22.05,171300,21.96
2011-07-07,22.27,22.45,22.13,22.35,150500,22.26
2011-07-06,21.81,22.17,21.74,22.13,254000,22.04
2011-07-05,21.93,22.01,21.60,21.89,143700,21.80
2011-07-01,22.00,22.10,21.90,21.99,377600,21.90
2011-06-30,21.69,22.23,21.58,21.97,252300,21.88
2011-06-29,21.77,21.90,21.37,21.60,266400,21.51
2011-06-28,21.03,21.78,21.03,21.75,239600,21.66
2011-06-27,20.74,21.12,20.63,21.03,259400,20.95
2011-06-24,20.76,20.87,20.50,20.79,1179200,20.71
2011-06-23,20.43,20.82,20.20,20.74,274800,20.66
2011-06-22,20.64,21.04,20.63,20.67,196300,20.59
2011-06-21,20.47,20.87,20.47,20.74,200000,20.66
2011-06-20,20.29,20.43,20.01,20.37,359500,20.29
2011-06-17,20.79,20.90,20.30,20.40,530900,20.32
2011-06-16,20.20,20.63,20.19,20.57,166500,20.49
2011-06-15,20.73,20.73,20.15,20.20,482400,20.12
2011-06-14,20.99,21.09,20.74,20.93,302000,20.85
2011-06-13,20.69,20.97,20.43,20.83,432100,20.75
2011-06-10,20.69,21.14,20.04,20.74,547900,20.66
2011-06-09,20.24,20.87,20.22,20.81,363400,20.73
2011-06-08,20.01,20.29,19.97,20.17,248000,20.09
2011-06-07,20.10,20.27,20.00,20.05,202300,19.97
2011-06-06,20.38,20.42,19.94,19.99,328800,19.91
2011-06-03,20.45,20.45,20.20,20.41,163900,20.33
2011-06-02,20.76,20.89,20.58,20.68,139800,20.60
2011-06-01,21.40,21.40,20.62,20.77,506100,20.69
2011-05-31,21.19,21.50,20.91,21.47,327200,21.38
2011-05-27,21.19,21.20,20.99,21.02,157300,20.94
2011-05-26,20.82,21.29,20.74,21.19,125100,21.10
2011-05-25,20.71,20.97,20.70,20.91,88800,20.83
2011-05-24,21.35,21.35,20.82,20.87,358700,20.76
2011-05-23,21.69,21.78,21.23,21.32,282700,21.20
2011-05-20,21.89,22.17,21.72,21.91,267900,21.79
2011-05-19,21.83,22.07,21.75,22.04,177600,21.92
2011-05-18,21.38,21.76,21.26,21.75,262400,21.63
2011-05-17,21.33,21.56,21.11,21.36,584000,21.24
2011-05-16,21.84,21.92,21.34,21.46,452900,21.34
2011-05-13,22.40,22.53,21.90,21.97,180500,21.85
2011-05-12,22.26,22.52,22.11,22.42,166000,22.30
2011-05-11,22.51,22.65,22.28,22.36,196800,22.24
2011-05-10,22.35,22.59,22.35,22.55,135100,22.43
2011-05-09,22.28,22.49,22.09,22.30,150000,22.18
2011-05-06,22.44,22.59,22.17,22.34,252900,22.22
2011-05-05,22.49,22.60,22.04,22.24,336500,22.12
2011-05-04,23.35,23.35,22.50,22.56,328900,22.44
2011-05-03,22.89,23.12,22.45,22.76,330800,22.64
2011-05-02,23.21,23.21,22.87,22.99,333100,22.86
2011-04-29,23.64,23.70,22.95,23.12,846000,22.99
2011-04-28,23.39,23.72,23.35,23.60,437600,23.47
2011-04-27,23.00,23.52,22.93,23.46,613600,23.33
2011-04-26,22.75,23.00,22.66,22.99,483800,22.86
2011-04-25,22.75,22.83,22.60,22.76,481200,22.64
2011-04-21,22.44,22.65,22.28,22.60,657600,22.48
2011-04-20,22.56,22.69,22.30,22.40,488100,22.28
2011-04-19,22.52,22.70,22.18,22.34,552700,22.22
2011-04-18,22.85,22.99,22.49,22.51,1661800,22.39
2011-04-15,22.96,23.09,22.59,23.00,9551100,22.87
2011-04-14,23.25,23.63,23.05,23.42,379300,23.29
2011-04-13,23.46,23.67,23.18,23.41,222900,23.28
2011-04-12,23.20,23.64,23.03,23.46,185200,23.33
2011-04-11,23.89,24.11,23.89,24.03,81900,23.90
2011-04-08,24.15,24.20,23.74,24.00,114200,23.87
2011-04-07,24.42,24.65,24.02,24.04,69500,23.91
2011-04-06,24.63,24.63,24.20,24.47,90400,24.34
2011-04-05,24.57,24.77,24.38,24.62,110000,24.49
2011-04-04,24.85,24.95,24.20,24.69,214200,24.56
2011-04-01,25.64,25.64,25.14,25.28,40100,25.14
2011-03-31,25.21,25.57,25.16,25.51,88700,25.37
2011-03-30,25.14,25.34,25.07,25.28,84500,25.14
2011-03-29,25.14,25.35,24.95,25.22,36500,25.08
2011-03-28,25.54,25.70,25.06,25.19,32500,25.05
2011-03-25,25.00,25.81,24.95,25.56,118400,25.42
2011-03-24,25.23,25.25,24.96,25.04,35600,24.90
2011-03-23,25.37,25.58,25.02,25.10,81100,24.96
2011-03-22,25.37,25.64,25.37,25.49,43700,25.35
2011-03-21,25.56,25.65,25.24,25.51,59400,25.37
2011-03-18,24.75,25.47,24.58,25.45,215600,25.31
2011-03-17,24.92,25.00,24.44,24.67,76400,24.54
2011-03-16,25.01,25.03,24.68,24.75,81300,24.61
2011-03-15,24.86,25.22,24.85,25.12,99700,24.98
2011-03-14,25.01,25.42,24.75,25.35,88400,25.21
2011-03-11,24.74,25.44,24.74,25.20,97600,25.06
2011-03-10,25.29,25.36,24.82,25.00,136000,24.86
2011-03-09,25.19,25.55,25.19,25.30,146300,25.16
2011-03-08,25.17,25.39,25.08,25.19,81300,25.05
2011-03-07,25.70,25.81,24.95,25.19,70700,25.05
2011-03-04,25.82,25.82,25.54,25.69,47100,25.55
2011-03-03,25.91,26.20,25.65,25.84,72100,25.70
2011-03-02,25.63,25.86,25.43,25.85,63900,25.71
2011-03-01,25.71,25.74,25.42,25.59,61200,25.45
2011-02-28,25.68,25.79,25.40,25.76,46300,25.62
2011-02-25,25.07,25.77,24.92,25.62,55000,25.48
2011-02-24,25.11,25.15,24.86,25.06,80600,24.92
2011-02-23,25.46,25.63,25.17,25.18,22800,25.04
2011-02-22,25.54,25.99,25.54,25.60,92900,25.45
2011-02-18,25.77,25.87,25.68,25.80,60800,25.65
2011-02-17,25.56,25.82,25.54,25.77,35500,25.62
2011-02-16,25.46,25.69,25.45,25.65,23800,25.50
2011-02-15,25.13,25.45,25.12,25.43,34200,25.28
2011-02-14,25.02,25.46,25.00,25.24,45800,25.09
2011-02-11,25.10,25.18,25.01,25.05,51700,24.90
2011-02-10,25.50,25.56,25.00,25.20,88400,25.05
2011-02-09,25.00,25.94,24.53,25.63,156100,25.48
2011-02-08,25.37,25.98,25.25,25.98,130500,25.83
2011-02-07,25.15,25.50,24.90,25.47,60700,25.32
2011-02-04,25.03,25.45,24.71,25.21,104000,25.06
2011-02-03,24.25,25.18,24.25,25.12,93700,24.97
2011-02-02,24.58,24.63,24.25,24.33,33400,24.19
2011-02-01,24.41,24.73,24.29,24.69,55600,24.55
2011-01-31,24.36,24.44,24.18,24.20,101500,24.06
2011-01-28,24.57,24.82,24.22,24.26,234700,24.12
2011-01-27,24.90,24.90,24.41,24.67,76800,24.53
2011-01-26,24.84,25.10,24.63,24.90,167000,24.75
2011-01-25,24.32,24.89,24.25,24.87,66000,24.72
2011-01-24,24.25,24.42,24.25,24.41,39400,24.27
2011-01-21,24.33,24.50,24.19,24.25,61500,24.11
2011-01-20,24.25,24.39,24.25,24.25,65600,24.11
2011-01-19,24.25,24.37,24.25,24.26,60300,24.12
2011-01-18,24.50,24.50,24.25,24.33,44200,24.19
2011-01-14,24.48,24.67,24.34,24.55,79000,24.41
2011-01-13,24.61,24.63,24.45,24.55,103500,24.41
2011-01-12,24.41,24.65,24.30,24.65,81300,24.51
2011-01-11,24.60,24.60,24.25,24.37,191200,24.23
2011-01-10,24.61,24.74,24.47,24.57,40700,24.43
2011-01-07,24.66,24.75,24.41,24.75,57100,24.61
2011-01-06,24.32,24.77,24.32,24.74,143500,24.60
2011-01-05,24.25,24.75,24.25,24.34,127700,24.20
2011-01-04,24.35,24.53,24.25,24.25,93500,24.11
2011-01-03,24.38,24.56,24.25,24.31,123800,24.17
2010-12-31,24.53,24.53,24.25,24.25,41700,24.11
2010-12-30,24.44,24.70,24.23,24.62,44000,24.48
2010-12-29,24.55,24.66,24.35,24.52,26300,24.38
2010-12-28,24.78,24.84,24.44,24.56,20400,24.42
2010-12-27,24.10,24.82,24.10,24.70,39900,24.56
2010-12-23,25.00,25.00,24.05,24.18,80000,24.04
2010-12-22,24.85,25.48,24.76,24.99,219700,24.84
2010-12-21,25.15,25.24,24.75,24.77,66500,24.63
2010-12-20,24.38,25.10,24.38,24.95,131900,24.80
2010-12-17,24.00,24.36,23.98,24.36,190900,24.22
2010-12-16,23.51,24.12,23.50,24.12,96000,23.98
2010-12-15,23.72,23.80,23.41,23.55,118900,23.41
2010-12-14,23.72,24.02,23.72,23.80,179800,23.66
2010-12-13,23.83,24.01,23.70,23.71,89900,23.57
2010-12-10,23.75,23.94,23.60,23.85,131000,23.71
2010-12-09,23.62,23.75,23.49,23.69,96000,23.55
2010-12-08,23.41,23.51,23.21,23.48,110100,23.34
2010-12-07,23.68,23.71,23.40,23.42,194100,23.28
2010-12-06,23.05,23.65,22.95,23.55,240400,23.41
2010-12-03,22.88,23.22,22.77,23.21,66900,23.07
2010-12-02,22.77,23.00,22.72,22.99,95900,22.86
2010-12-01,22.88,22.90,22.55,22.83,136200,22.70
2010-11-30,22.01,23.00,22.00,22.59,1328500,22.46
2010-11-29,22.07,22.25,22.00,22.20,90500,22.07
2010-11-26,22.02,22.28,22.00,22.24,25500,22.11
2010-11-24,22.24,22.28,21.98,22.15,110600,22.02
2010-11-23,22.02,22.25,22.01,22.14,134900,22.01
2010-11-22,22.07,22.35,21.97,22.26,150400,22.13
2010-11-19,22.00,22.30,22.00,22.25,97500,22.11
2010-11-18,21.87,22.08,21.68,21.99,110600,21.85
2010-11-17,21.90,21.99,21.63,21.79,110400,21.65
2010-11-16,21.86,22.09,21.68,21.96,139600,21.82
2010-11-15,22.05,22.23,21.63,22.08,128800,21.94
2010-11-12,21.95,22.40,21.92,22.09,174200,21.95
2010-11-11,21.18,22.36,21.18,22.12,305700,21.98
2010-11-10,21.10,21.51,21.05,21.40,86900,21.27
2010-11-09,21.34,21.49,20.88,21.08,173400,20.95
2010-11-08,21.83,21.83,21.33,21.39,169700,21.26
2010-11-05,22.09,22.38,21.92,22.01,123000,21.87
2010-11-04,21.57,22.22,21.35,22.14,179600,22.00
2010-11-03,21.25,21.40,21.16,21.32,146600,21.19
2010-11-02,21.16,21.28,20.90,21.28,277700,21.15
2010-11-01,21.16,21.40,20.80,21.01,201400,20.88
2010-10-29,21.07,21.21,20.91,21.12,148800,20.99
2010-10-28,21.19,21.34,20.96,21.19,197300,21.06
2010-10-27,21.15,21.40,20.89,21.10,134600,20.97
2010-10-26,21.03,21.33,20.97,21.33,124300,21.20
2010-10-25,21.34,21.34,20.92,21.17,64200,21.04
2010-10-22,21.24,21.33,21.05,21.26,411300,21.13
2010-10-21,21.24,21.36,20.99,21.22,162000,21.09
2010-10-20,21.00,21.20,20.89,21.11,225600,20.98
2010-10-19,20.73,21.25,20.73,20.99,198600,20.86
2010-10-18,20.84,21.02,20.79,21.02,86300,20.89
2010-10-15,20.76,20.99,20.58,20.83,160300,20.70
2010-10-14,20.59,20.62,20.35,20.61,139100,20.48
2010-10-13,20.50,20.67,20.49,20.58,183100,20.45
2010-10-12,20.47,20.52,20.36,20.45,148900,20.32
2010-10-11,20.50,20.59,20.35,20.56,101500,20.43
2010-10-08,20.50,20.59,20.46,20.50,119800,20.37
2010-10-07,20.62,20.62,20.40,20.50,437600,20.37
2010-10-06,20.55,20.62,20.45,20.54,104900,20.41
2010-10-05,20.60,20.68,20.41,20.60,210800,20.47
2010-10-04,20.43,20.57,20.30,20.47,117600,20.34
2010-10-01,20.47,20.70,20.35,20.50,114900,20.37
2010-09-30,20.40,20.61,20.22,20.34,161500,20.21
2010-09-29,20.50,20.70,20.15,20.30,195400,20.17
2010-09-28,20.00,20.69,19.74,20.61,252600,20.48
2010-09-27,20.65,20.76,20.11,20.25,405400,20.12
2010-09-24,20.64,20.84,20.43,20.70,230300,20.57
2010-09-23,20.74,20.77,20.37,20.42,216600,20.29
2010-09-22,21.65,21.65,20.84,20.84,288300,20.71
2010-09-21,21.71,21.79,21.56,21.62,101800,21.48
2010-09-20,21.67,21.80,21.42,21.79,159300,21.65
2010-09-17,21.81,21.95,21.30,21.68,477000,21.54
2010-09-16,21.19,21.52,21.00,21.48,85600,21.34
2010-09-15,21.16,21.31,20.98,21.27,165300,21.14
2010-09-14,20.73,21.29,20.66,21.26,339500,21.13
2010-09-13,21.43,21.50,20.80,20.85,294500,20.72
2010-09-10,21.25,21.57,21.16,21.32,103500,21.19
2010-09-09,21.08,21.74,20.98,21.28,142500,21.15
2010-09-08,21.25,21.37,20.89,20.93,349500,20.80
2010-09-07,21.87,21.89,21.10,21.25,117800,21.12
2010-09-03,21.98,22.25,21.63,22.02,83900,21.88
2010-09-02,21.73,22.17,21.58,21.87,103100,21.73
2010-09-01,21.28,21.81,20.96,21.74,81200,21.60
2010-08-31,20.87,21.18,20.73,21.03,169500,20.90
2010-08-30,21.42,21.52,20.98,20.99,147100,20.86
2010-08-27,20.70,21.61,20.70,21.55,150500,21.41
2010-08-26,20.70,20.95,20.14,20.50,176600,20.37
2010-08-25,20.51,20.59,20.19,20.57,139600,20.44
2010-08-24,20.72,21.05,20.61,20.62,113100,20.49
2010-08-23,21.11,21.38,20.94,21.01,159100,20.88
2010-08-20,20.74,21.05,20.46,21.03,274100,20.89
2010-08-19,21.14,21.30,20.66,20.81,157300,20.67
2010-08-18,21.29,21.29,21.00,21.28,121400,21.14
2010-08-17,21.39,21.65,21.25,21.38,160600,21.24
2010-08-16,20.90,21.57,20.80,21.20,124500,21.06
2010-08-13,21.11,21.20,20.94,20.97,108000,20.83
2010-08-12,21.21,21.25,20.86,21.13,127900,20.99
2010-08-11,21.99,21.99,21.10,21.18,204500,21.04
2010-08-10,22.49,22.69,21.90,22.04,110700,21.89
2010-08-09,22.59,22.78,22.38,22.70,108600,22.55
2010-08-06,22.74,22.74,21.88,22.39,143100,22.24
2010-08-05,22.99,23.14,22.67,22.86,108100,22.71
2010-08-04,23.00,23.34,22.91,23.10,302900,22.94
2010-08-03,23.44,23.64,22.56,22.60,328200,22.45
2010-08-02,23.70,23.78,23.23,23.44,241100,23.28
2010-07-30,22.83,23.50,22.75,23.37,220800,23.21
2010-07-29,22.81,23.20,22.50,23.10,150900,22.94
2010-07-28,23.17,23.17,22.80,22.86,106600,22.71
2010-07-27,22.76,23.27,22.70,23.10,145800,22.94
2010-07-26,22.07,22.79,22.00,22.65,198200,22.50
2010-07-23,21.38,22.43,21.25,22.09,284200,21.94
2010-07-22,21.23,21.48,21.09,21.39,131500,21.25
2010-07-21,21.64,21.78,20.89,20.94,115800,20.80
2010-07-20,21.05,21.55,20.94,21.55,147200,21.40
2010-07-19,21.50,21.50,20.85,21.11,161300,20.97
2010-07-16,20.96,21.69,20.82,21.38,133600,21.24
2010-07-15,20.90,20.99,20.59,20.96,122900,20.82
2010-07-14,21.13,21.13,20.84,20.98,38200,20.84
2010-07-13,20.75,21.29,20.75,21.22,279900,21.08
2010-07-12,20.81,21.05,20.54,20.57,157400,20.43
2010-07-09,20.84,21.07,20.61,20.91,377300,20.77
2010-07-08,21.20,21.49,20.62,20.78,261800,20.64
2010-07-07,21.30,21.36,20.97,21.20,142200,21.06
2010-07-06,21.68,22.05,21.24,21.39,129600,21.25
2010-07-02,21.58,22.06,21.53,21.66,212000,21.51
2010-07-01,21.44,21.62,21.14,21.44,183400,21.29
2010-06-30,21.72,21.72,21.20,21.44,179200,21.29
2010-06-29,21.63,22.13,21.56,21.75,82600,21.60
2010-06-28,22.66,22.82,21.89,22.03,105800,21.88
2010-06-25,22.32,23.00,21.49,22.65,1746600,22.50
2010-06-24,22.20,22.31,22.03,22.07,78600,21.92
2010-06-23,21.82,22.34,21.62,22.20,78400,22.05
2010-06-22,21.65,21.92,21.63,21.80,547300,21.65
2010-06-21,21.45,21.87,21.20,21.49,363800,21.34
2010-06-18,21.37,21.69,21.20,21.39,233600,21.25
2010-06-17,21.49,21.71,21.29,21.40,71000,21.26
2010-06-16,21.64,21.70,21.49,21.56,45800,21.41
2010-06-15,21.50,21.74,21.38,21.59,409000,21.44
2010-06-14,21.50,21.87,21.32,21.52,336900,21.37
2010-06-11,21.30,21.49,21.24,21.42,43800,21.27
2010-06-10,21.32,21.45,21.05,21.44,51200,21.29
2010-06-09,20.97,21.58,20.86,21.07,111200,20.93
2010-06-08,21.68,22.14,20.47,20.98,100000,20.84
2010-06-07,22.93,22.93,21.44,21.69,62800,21.54
2010-06-04,23.31,23.67,22.22,22.77,86600,22.62
2010-06-03,23.81,23.81,23.30,23.61,47400,23.45
2010-06-02,23.73,23.90,23.52,23.90,25200,23.74
2010-06-01,23.60,23.89,23.49,23.74,71800,23.58
2010-05-28,23.86,23.98,23.52,23.70,37800,23.54
2010-05-27,23.70,23.96,23.60,23.94,54000,23.78
2010-05-26,24.75,24.75,23.28,23.48,59800,23.32
2010-05-25,23.52,23.86,23.10,23.85,188400,23.69
2010-05-24,24.14,24.14,23.77,23.89,124800,23.73
2010-05-21,22.62,24.35,22.62,23.79,170000,23.63
2010-05-20,24.00,24.10,22.66,23.05,47200,22.89
2010-05-19,24.50,24.76,23.83,24.46,116700,24.29
2010-05-18,24.65,24.89,24.00,24.41,130000,24.24
2010-05-17,24.40,25.03,24.05,24.38,219300,24.21
2010-05-14,25.42,25.42,24.40,24.55,52600,24.38
2010-05-13,24.88,25.50,24.88,25.48,173200,25.31
2010-05-12,25.17,25.21,24.88,25.15,516600,24.98
2010-05-11,24.03,25.03,23.99,24.86,53600,24.69
2010-05-10,25.69,25.69,24.08,24.64,285400,24.47
2010-05-07,24.00,24.66,23.50,24.32,563300,24.16
2010-05-06,25.83,25.83,23.12,24.26,1063000,24.10
2010-05-05,23.30,23.93,23.10,23.88,319000,23.72
2010-05-04,23.70,23.96,23.60,23.76,35400,23.60
2010-05-03,24.00,24.00,23.58,23.75,205900,23.59
2010-04-30,24.15,24.47,23.47,23.72,335200,23.56
2010-04-29,24.28,24.50,23.60,23.73,539000,23.57
2010-04-28,24.78,24.78,23.65,23.80,896400,23.64
2010-04-27,24.74,24.98,24.50,24.67,715500,24.50
2010-04-26,24.82,25.14,24.80,25.02,701700,24.85
2010-04-23,24.36,24.76,24.25,24.64,553900,24.47
2010-04-22,23.77,24.09,23.31,24.07,383100,23.91
2010-04-21,23.50,23.74,23.03,23.69,354400,23.53
2010-04-20,23.63,23.74,23.32,23.70,363400,23.54
2010-04-19,22.80,23.40,22.79,23.30,634500,23.14
2010-04-16,22.76,23.50,22.01,22.78,999700,22.63
2010-04-15,24.85,25.00,22.58,22.79,1876600,22.64
2010-04-14,25.65,25.89,24.57,24.76,1474100,24.59
2010-04-13,24.87,25.07,24.45,24.95,1165200,24.78
2010-04-12,24.09,25.48,23.60,24.41,3440000,24.24
2010-04-09,21.84,23.35,21.75,23.34,3062000,23.18
2010-04-08,20.74,21.69,20.00,21.30,3186000,21.16
2010-04-07,19.87,20.10,19.80,20.01,753000,19.87
2010-04-06,19.89,20.25,19.77,19.80,899500,19.67
2010-04-05,20.23,20.50,19.75,19.85,2395100,19.72
2010-04-01,19.15,20.20,18.61,19.65,18080100,19.52
