2012-05-04|32.77|33.34|32.49|32.64|1226200|32.64
2012-05-03|33.35|33.67|32.77|33.05|1191400|33.05
2012-05-02|33.98|34.13|33.25|33.45|1582400|33.45
2012-05-01|33.81|35.48|32.40|34.31|7719700|34.31
2012-04-30|37.30|38.02|36.80|37.81|1955400|37.81
2012-04-27|36.53|37.31|36.14|37.15|1168500|37.15
2012-04-26|35.88|36.79|35.68|36.51|1512900|36.51
2012-04-25|35.08|36.05|35.00|35.97|1290900|35.97
2012-04-24|34.76|35.02|34.20|34.37|414100|34.37
2012-04-23|34.93|35.22|34.64|34.88|632700|34.88
2012-04-20|34.92|35.43|34.56|35.32|1551200|35.32
2012-04-19|35.12|35.33|34.50|34.60|667500|34.60
2012-04-18|35.36|35.64|35.05|35.06|563500|35.06
2012-04-17|35.99|36.09|35.39|35.45|444500|35.45
2012-04-16|36.35|36.65|35.67|35.69|862300|35.69
2012-04-13|35.26|35.65|35.05|35.49|811400|35.49
2012-04-12|35.58|35.65|35.35|35.37|688400|35.37
2012-04-11|34.68|36.05|34.52|35.50|930900|35.50
2012-04-10|35.43|35.48|34.35|34.35|793400|34.35
2012-04-09|35.75|35.87|35.26|35.41|782300|35.41
2012-04-05|36.02|36.42|35.86|36.33|418400|36.33
2012-04-04|36.55|36.75|35.96|36.23|666200|36.23
2012-04-03|37.01|37.20|36.79|36.99|584500|36.99
2012-04-02|36.30|37.23|36.30|36.98|1009900|36.98
2012-03-30|36.43|36.58|36.14|36.30|833400|36.30
2012-03-29|35.44|36.46|35.26|36.31|782300|36.31
2012-03-28|36.00|36.33|35.51|35.68|1038400|35.68
2012-03-27|36.49|36.49|35.94|35.97|583500|35.97
2012-03-26|36.63|36.80|36.21|36.62|823700|36.62
2012-03-23|36.56|36.82|35.83|36.25|822200|36.25
2012-03-22|37.15|37.63|35.98|36.69|1709300|36.69
2012-03-21|40.35|40.86|40.04|40.25|1660500|37.25
2012-03-20|40.88|40.88|40.03|40.14|2039100|37.15
2012-03-19|41.80|42.21|40.79|41.30|4343900|38.22
2012-03-16|40.08|40.34|39.79|39.96|791300|36.98
2012-03-15|39.70|40.16|39.51|40.09|512300|37.10
2012-03-14|40.12|40.36|39.34|39.60|493300|36.65
2012-03-13|39.85|40.11|39.50|40.11|473600|37.12
2012-03-12|39.94|39.94|39.45|39.61|397500|36.66
2012-03-09|39.86|40.28|39.71|39.83|527900|36.86
2012-03-08|39.63|40.05|39.38|39.75|809900|36.79
2012-03-07|38.58|39.92|38.36|39.48|989900|36.54
2012-03-06|38.22|38.80|38.08|38.54|686800|35.67
2012-03-05|37.74|38.83|37.65|38.53|1337200|35.66
2012-03-02|38.49|38.83|37.75|37.85|1257100|35.03
2012-03-01|38.76|38.97|37.91|38.40|1243900|35.54
2012-02-29|38.27|39.80|38.15|38.46|2518000|35.59
2012-02-28|35.28|38.98|35.28|38.82|5819800|35.93
2012-02-27|33.01|33.69|32.92|33.54|1263600|31.04
2012-02-24|33.38|33.52|32.94|33.20|625400|30.73
2012-02-23|33.33|33.75|33.21|33.48|436500|30.98
2012-02-22|33.52|33.59|32.88|33.21|559100|30.73
2012-02-21|33.01|33.84|33.01|33.52|505500|31.02
2012-02-17|33.16|33.49|32.90|32.97|773800|30.51
2012-02-16|32.55|33.17|32.55|33.07|609400|30.61
2012-02-15|32.85|32.99|32.46|32.63|823900|30.20
2012-02-14|32.60|32.74|32.29|32.73|422700|30.29
2012-02-13|32.60|32.71|32.23|32.51|671700|30.09
2012-02-10|32.89|33.04|32.34|32.46|562300|30.04
2012-02-09|33.31|33.35|33.04|33.20|576800|30.73
2012-02-08|33.33|33.60|32.79|33.23|290700|30.75
2012-02-07|33.28|33.45|33.10|33.25|363200|30.77
2012-02-06|33.67|33.76|33.26|33.28|289000|30.80
2012-02-03|33.29|33.91|33.23|33.87|544200|31.35
2012-02-02|32.87|33.13|32.68|32.93|336800|30.48
2012-02-01|32.70|32.93|32.60|32.88|500000|30.43
2012-01-31|32.80|32.84|32.45|32.65|386000|30.22
2012-01-30|32.15|32.85|31.81|32.64|521100|30.21
2012-01-27|32.04|32.41|32.04|32.31|353400|29.90
2012-01-26|32.56|32.67|32.03|32.20|431300|29.80
2012-01-25|31.75|32.50|31.72|32.44|585500|30.02
2012-01-24|31.11|31.99|30.90|31.89|1205700|29.51
2012-01-23|31.96|32.00|31.21|31.25|973800|28.92
2012-01-20|32.38|32.68|31.87|32.00|655400|29.61
2012-01-19|32.96|33.00|32.32|32.40|587900|29.99
2012-01-18|32.30|33.27|32.02|32.77|1051700|30.33
2012-01-17|34.06|34.22|32.06|32.26|1329400|29.86
2012-01-13|33.98|34.16|33.51|33.76|623800|31.24
2012-01-12|34.53|34.64|33.86|34.08|704500|31.54
2012-01-11|33.97|34.45|33.97|34.37|399600|31.81
2012-01-10|33.84|34.35|33.57|34.02|478300|31.48
2012-01-09|33.50|33.76|33.33|33.57|566200|31.07
2012-01-06|33.42|33.62|33.13|33.30|724400|30.82
2012-01-05|33.77|33.84|33.03|33.37|623500|30.88
2012-01-04|33.10|33.90|33.10|33.82|450500|31.30
2012-01-03|34.58|34.75|33.09|33.15|797200|30.68
2011-12-30|34.30|34.34|33.94|33.95|318000|31.42
2011-12-29|34.30|34.53|34.17|34.38|254500|31.82
2011-12-28|34.25|34.38|34.05|34.17|374300|31.62
2011-12-27|33.88|34.23|33.67|34.09|351500|31.55
2011-12-23|33.51|33.93|33.51|33.87|294000|31.35
2011-12-22|33.82|34.01|33.19|33.36|406800|30.87
2011-12-21|33.50|33.72|33.05|33.60|422700|31.10
2011-12-20|33.01|33.65|32.98|33.48|489300|30.98
2011-12-19|33.64|33.72|32.50|32.57|553900|30.14
2011-12-16|33.59|33.72|33.13|33.30|816800|30.82
2011-12-15|33.37|33.63|32.88|33.42|731100|30.93
2011-12-14|34.96|34.96|33.06|33.11|1274200|30.64
2011-12-13|34.99|35.30|34.81|34.90|1508200|32.30
2011-12-12|34.42|34.98|34.26|34.91|702200|32.31
2011-12-09|34.52|35.00|34.21|34.70|955100|32.11
2011-12-08|33.48|34.75|33.48|34.25|1184400|31.70
2011-12-07|33.06|33.60|32.92|33.46|524300|30.97
2011-12-06|33.22|33.48|33.10|33.23|652200|30.75
2011-12-05|33.66|33.75|33.11|33.32|826100|30.84
2011-12-02|33.88|34.05|33.44|33.56|516900|31.06
2011-12-01|32.77|33.66|32.61|33.44|995100|30.95
2011-11-30|32.53|32.95|32.22|32.94|1018500|30.48
2011-11-29|31.06|32.05|31.05|31.74|1212500|29.37
2011-11-28|31.28|31.44|30.89|31.21|1035000|28.88
2011-11-25|30.57|31.00|30.39|30.51|320100|28.24
2011-11-23|31.31|31.53|30.72|30.75|659500|28.46
2011-11-22|31.35|31.99|31.25|31.53|533500|29.18
2011-11-21|31.94|31.96|31.35|31.42|1123600|29.08
2011-11-18|32.32|32.55|31.82|32.50|971200|30.08
2011-11-17|32.09|32.60|31.97|32.32|748500|29.91
2011-11-16|33.18|33.25|32.04|32.21|742700|29.81
2011-11-15|32.33|33.70|32.33|33.32|878400|30.84
2011-11-14|32.35|33.00|32.30|32.60|685100|30.17
2011-11-11|32.26|32.75|32.26|32.37|448500|29.96
2011-11-10|32.21|32.41|31.80|31.98|768100|29.60
2011-11-09|31.93|32.27|31.75|31.89|678400|29.51
2011-11-08|32.88|33.00|32.00|32.57|604300|30.14
2011-11-07|32.04|32.72|31.98|32.63|842800|30.20
2011-11-04|31.43|32.13|31.31|32.01|583100|29.62
2011-11-03|32.00|32.06|31.27|31.59|858000|29.24
2011-11-02|32.21|32.25|31.23|31.74|1051900|29.37
2011-11-01|31.36|32.04|31.07|31.56|691300|29.21
2011-10-31|31.82|32.61|31.70|32.03|771300|29.64
2011-10-28|32.11|32.62|31.86|32.15|654800|29.75
2011-10-27|32.14|33.00|31.73|32.41|1598000|29.99
2011-10-26|32.27|32.50|31.20|31.40|1947800|29.06
2011-10-25|32.23|32.52|31.69|31.90|1051400|29.52
2011-10-24|32.38|33.00|32.20|32.54|1389800|30.11
2011-10-21|31.03|32.25|30.95|32.25|2749200|29.85
2011-10-20|30.96|31.24|30.30|30.54|1600800|28.26
2011-10-19|30.03|31.18|30.03|31.02|2355800|28.71
2011-10-18|28.53|30.27|27.92|29.85|3421800|27.63
2011-10-17|28.34|28.46|27.75|27.86|1411700|25.78
2011-10-14|28.22|28.49|28.09|28.32|1185800|26.21
2011-10-13|27.73|28.11|27.54|27.94|1245900|25.86
2011-10-12|28.08|28.46|27.71|27.76|1223900|25.69
2011-10-11|27.70|28.09|27.53|27.83|1026700|25.76
2011-10-10|27.03|27.91|26.95|27.81|711400|25.74
2011-10-07|27.58|27.64|26.54|26.63|966800|24.65
2011-10-06|26.67|27.63|26.42|27.50|866500|25.45
2011-10-05|26.70|26.99|26.18|26.82|1071900|24.82
2011-10-04|25.75|26.84|25.29|26.73|1100000|24.74
2011-10-03|27.16|27.28|25.89|26.00|1096900|24.06
2011-09-30|26.68|28.02|26.45|27.25|1103000|25.22
2011-09-29|27.64|27.88|26.11|27.04|1002000|25.02
2011-09-28|28.88|28.99|27.17|27.17|1152500|25.14
2011-09-27|29.05|29.54|28.62|28.80|864300|26.65
2011-09-26|28.39|28.62|27.61|28.61|506000|26.48
2011-09-23|27.16|28.48|27.16|28.16|714200|26.06
2011-09-22|27.55|28.23|27.03|27.49|981100|25.44
2011-09-21|28.59|29.74|28.40|28.45|1094000|26.33
2011-09-20|29.05|29.45|28.30|28.33|693600|26.22
2011-09-19|27.85|28.98|27.79|28.87|1181900|26.72
2011-09-16|27.53|28.30|27.53|28.28|1355200|26.17
2011-09-15|27.62|27.94|27.23|27.42|882900|25.38
2011-09-14|27.12|27.76|26.45|27.30|829900|25.27
2011-09-13|26.39|27.17|26.27|26.94|1025600|24.93
2011-09-12|26.44|27.20|26.01|26.39|1465600|24.42
2011-09-09|27.51|27.61|26.68|26.87|1091100|24.87
2011-09-08|27.14|28.27|27.00|27.91|1092900|25.83
2011-09-07|27.80|27.82|27.03|27.24|788500|25.21
2011-09-06|26.16|27.38|26.00|27.36|957600|25.32
2011-09-02|26.89|27.33|26.69|26.86|901300|24.86
2011-09-01|27.65|28.45|27.30|27.38|1206300|25.34
2011-08-31|28.31|28.44|27.46|27.73|926000|25.66
2011-08-30|27.50|28.43|27.30|28.05|1625300|25.96
2011-08-29|27.40|27.56|27.08|27.52|1075400|25.47
2011-08-26|25.83|27.19|25.78|26.98|1166800|24.97
2011-08-25|27.31|27.41|25.78|25.92|1057300|23.99
2011-08-24|26.48|27.41|26.13|27.00|1479100|24.99
2011-08-23|25.83|26.44|25.75|26.40|1067900|24.43
2011-08-22|25.62|25.79|25.25|25.67|929000|23.76
2011-08-19|24.77|25.74|24.76|25.02|1392200|23.16
2011-08-18|25.48|26.12|24.97|25.27|1664700|23.39
2011-08-17|25.95|26.19|25.39|26.01|779100|24.07
2011-08-16|25.57|26.23|25.40|25.84|1124300|23.91
2011-08-15|26.16|26.40|25.59|25.88|864800|23.95
2011-08-12|25.89|26.34|25.36|25.88|802700|23.95
2011-08-11|25.41|26.06|24.89|25.54|1223100|23.64
2011-08-10|24.51|26.59|24.27|25.20|1513600|23.32
2011-08-09|23.64|25.05|23.12|25.05|1162500|23.18
2011-08-08|24.49|25.22|22.84|23.17|1429900|21.44
2011-08-05|25.67|25.97|24.26|25.37|1342400|23.48
2011-08-04|26.50|26.80|25.49|25.49|1105100|23.59
2011-08-03|25.82|26.87|25.07|26.80|1210500|24.80
2011-08-02|26.74|27.00|25.73|25.77|1174800|23.85
2011-08-01|27.14|27.15|26.06|26.92|1139100|24.91
2011-07-29|26.31|27.19|25.73|26.87|984000|24.87
2011-07-28|27.09|27.48|26.50|26.54|723100|24.56
2011-07-27|27.45|27.78|27.00|27.09|1389100|25.07
2011-07-26|26.96|28.74|26.81|27.20|2376800|25.17
2011-07-25|25.45|26.19|25.28|26.07|970000|24.13
2011-07-22|25.94|26.08|25.77|25.82|312800|23.90
2011-07-21|25.78|26.15|25.69|25.92|440400|23.99
2011-07-20|26.01|26.01|25.57|25.78|389200|23.86
2011-07-19|25.52|26.05|25.52|26.00|413500|24.06
2011-07-18|25.31|25.50|25.06|25.43|359700|23.53
2011-07-15|25.78|25.82|25.17|25.47|374400|23.57
2011-07-14|26.00|26.26|25.50|25.69|415100|23.78
2011-07-13|25.73|26.17|25.70|25.96|414800|24.03
2011-07-12|25.88|26.18|25.61|25.63|427200|23.72
2011-07-11|25.90|26.26|25.72|25.92|820800|23.99
2011-07-08|25.69|26.16|25.62|26.13|432700|24.18
2011-07-07|25.89|26.15|25.85|25.94|399200|24.01
2011-07-06|25.78|26.02|25.60|25.82|490400|23.90
2011-07-05|25.85|26.00|25.52|25.87|447300|23.94
2011-07-01|25.25|26.04|25.25|25.78|710800|23.86
2011-06-30|25.35|25.68|25.21|25.24|613200|23.36
2011-06-29|25.81|25.85|25.29|25.29|731200|23.41
2011-06-28|25.29|25.86|25.23|25.81|627900|23.89
2011-06-27|24.72|25.33|24.52|25.22|688300|23.34
2011-06-24|24.85|25.00|24.51|24.79|3009900|22.94
2011-06-23|24.18|24.84|24.14|24.84|633100|22.99
2011-06-22|24.55|24.82|24.41|24.42|605300|22.60
2011-06-21|24.21|24.65|24.10|24.62|507900|22.78
2011-06-20|23.76|24.13|23.65|24.07|667500|22.28
2011-06-17|23.97|24.08|23.77|23.80|785300|22.03
2011-06-16|23.72|24.07|23.50|23.81|805100|22.04
2011-06-15|23.84|24.17|23.65|23.67|698700|21.91
2011-06-14|23.50|24.13|23.45|23.99|566900|22.20
2011-06-13|23.20|23.47|22.99|23.21|741700|21.48
2011-06-10|23.48|23.54|22.87|23.12|1045800|21.40
2011-06-09|23.32|23.69|23.12|23.51|506500|21.76
2011-06-08|23.78|23.90|23.25|23.32|875600|21.58
2011-06-07|23.68|24.09|23.62|23.86|794300|22.08
2011-06-06|24.17|24.37|23.54|23.60|767600|21.84
2011-06-03|23.87|24.38|23.58|24.24|1066900|22.43
2011-06-02|24.58|24.78|24.16|24.19|1018800|22.39
2011-06-01|24.85|24.97|24.50|24.61|1448500|22.78
2011-05-31|24.90|25.05|24.74|24.92|1115300|23.06
2011-05-27|24.72|24.98|24.45|24.58|662900|22.75
2011-05-26|24.61|24.76|24.39|24.69|1258700|22.85
2011-05-25|24.40|24.80|24.20|24.67|756800|22.83
2011-05-24|24.44|24.55|24.27|24.40|1204600|22.58
2011-05-23|24.21|24.58|24.09|24.44|1112800|22.62
2011-05-20|24.39|24.61|23.95|24.52|1605100|22.69
2011-05-19|24.45|24.79|24.29|24.49|1289300|22.66
2011-05-18|23.58|24.38|23.50|24.33|1187800|22.52
2011-05-17|23.65|23.94|23.28|23.63|852100|21.87
2011-05-16|23.40|23.73|23.14|23.36|1125900|21.62
2011-05-13|23.13|23.61|23.11|23.53|1199300|21.78
2011-05-12|22.70|23.14|22.50|23.05|1153300|21.33
2011-05-11|22.82|22.95|22.43|22.77|1313900|21.07
2011-05-10|22.00|22.81|21.96|22.80|1021900|21.10
2011-05-09|21.97|22.04|21.76|21.94|1398300|20.30
2011-05-06|21.71|22.15|21.64|21.94|2075400|20.30
2011-05-05|19.87|21.43|19.87|21.30|3989800|19.71
2011-05-04|18.99|19.28|18.73|19.20|1972500|17.77
2011-05-03|18.59|18.98|18.43|18.95|882200|17.54
2011-05-02|18.58|18.75|18.30|18.56|620700|17.18
2011-04-29|18.80|18.81|18.50|18.57|501000|17.19
2011-04-28|18.50|18.75|18.48|18.75|513400|17.35
2011-04-27|18.55|18.62|18.40|18.57|911400|17.19
2011-04-26|18.27|18.61|18.12|18.59|777000|17.20
2011-04-25|18.22|18.32|18.17|18.25|649900|16.89
2011-04-21|18.47|18.47|18.21|18.30|569800|16.94
2011-04-20|18.36|18.56|18.23|18.38|815100|17.01
2011-04-19|18.13|18.32|18.05|18.16|417000|16.81
2011-04-18|17.88|18.25|17.75|18.15|597600|16.80
2011-04-15|18.10|18.40|18.04|18.06|1692200|16.71
2011-04-14|17.95|18.18|17.92|18.14|473100|16.79
2011-04-13|18.01|18.15|17.88|18.03|330200|16.69
2011-04-12|17.85|18.10|17.69|17.87|773100|16.54
2011-04-11|18.05|18.12|17.85|17.88|926400|16.55
2011-04-08|18.12|18.17|17.97|18.05|1079100|16.70
2011-04-07|18.34|18.49|18.05|18.11|380700|16.76
2011-04-06|18.72|18.74|18.30|18.36|475900|16.99
2011-04-05|18.40|18.75|18.28|18.60|396400|17.21
2011-04-04|18.53|18.70|18.26|18.44|418200|17.07
2011-04-01|18.50|18.74|18.33|18.47|680600|17.09
2011-03-31|17.89|18.49|17.83|18.43|987500|17.06
2011-03-30|18.11|18.26|17.82|17.88|1549100|16.55
2011-03-29|18.06|18.15|17.96|18.05|482600|16.70
2011-03-28|18.20|18.33|18.02|18.05|560100|16.70
2011-03-25|17.95|18.49|17.86|18.19|830100|16.83
2011-03-24|18.03|18.04|17.91|17.92|525600|16.58
2011-03-23|17.81|18.07|17.73|17.95|967800|16.61
2011-03-22|17.98|18.06|17.84|17.85|418200|16.52
2011-03-21|17.88|18.24|17.86|18.00|1237500|16.66
2011-03-18|17.80|17.84|17.50|17.72|1177500|16.40
2011-03-17|17.85|17.92|17.61|17.67|1472400|16.35
2011-03-16|17.62|17.93|17.47|17.58|1728800|16.27
2011-03-15|17.11|17.84|16.88|17.71|1021800|16.39
2011-03-14|17.70|17.81|17.34|17.53|817500|16.22
2011-03-11|17.54|18.13|17.38|17.86|1280100|16.53
2011-03-10|17.45|17.60|17.23|17.50|864600|16.20
2011-03-09|17.39|17.74|17.26|17.60|752300|16.29
2011-03-08|17.10|17.55|17.02|17.36|783600|16.07
2011-03-07|17.33|17.63|16.99|17.07|885000|15.80
2011-03-04|17.16|17.40|17.01|17.32|1599100|16.03
2011-03-03|17.06|17.24|16.89|17.10|3373000|15.83
2011-03-02|16.24|17.21|16.24|16.94|1958400|15.68
2011-03-01|16.49|16.75|15.80|16.40|3772600|15.18
2011-02-28|16.78|16.90|16.71|16.87|1114100|15.61
2011-02-25|16.44|16.83|16.44|16.79|786300|15.54
2011-02-24|16.46|16.53|16.16|16.44|804200|15.21
2011-02-23|16.96|17.00|16.09|16.49|1598700|15.26
2011-02-22|16.95|17.13|16.83|17.01|1010600|15.74
2011-02-18|17.42|17.42|17.08|17.14|665600|15.86
2011-02-17|17.31|17.61|17.22|17.34|1072100|16.05
2011-02-16|17.00|17.50|17.00|17.40|1009700|16.10
2011-02-15|17.07|17.19|16.79|16.93|719200|15.67
2011-02-14|17.06|17.13|16.84|17.10|516300|15.83
2011-02-11|16.52|17.15|16.52|17.05|1026200|15.78
2011-02-10|16.52|16.75|16.52|16.57|366300|15.33
2011-02-09|16.55|16.77|16.41|16.64|601200|15.40
2011-02-08|16.44|16.54|16.30|16.54|943900|15.31
2011-02-07|16.48|16.58|16.39|16.39|874100|15.17
2011-02-04|16.45|16.65|16.28|16.52|1009200|15.29
2011-02-03|16.79|17.01|16.06|16.45|2850900|15.22
2011-02-02|16.83|17.00|16.73|16.78|588100|15.53
2011-02-01|16.50|16.89|16.37|16.88|808500|15.62
2011-01-31|16.50|16.64|16.31|16.40|525900|15.18
2011-01-28|16.98|17.02|16.37|16.37|535300|15.15
2011-01-27|16.68|17.04|16.52|16.99|549100|15.72
2011-01-26|16.82|16.99|16.56|16.64|647200|15.40
2011-01-25|16.77|17.00|16.63|16.82|753000|15.57
2011-01-24|16.73|16.75|16.53|16.55|376200|15.32
2011-01-21|16.72|16.75|16.49|16.67|564600|15.43
2011-01-20|16.44|16.82|16.22|16.64|1051400|15.40
2011-01-19|16.98|17.02|16.43|16.46|682100|15.23
2011-01-18|17.20|17.22|16.80|16.93|443300|15.67
2011-01-14|16.96|17.28|16.88|17.16|618000|15.88
2011-01-13|16.83|17.09|16.83|17.01|885100|15.74
2011-01-12|16.58|17.17|16.36|16.90|1393300|15.64
2011-01-11|16.79|16.79|16.36|16.43|494200|15.21
2011-01-10|16.59|16.83|16.30|16.67|592900|15.43
2011-01-07|16.51|16.75|16.14|16.63|589300|15.39
2011-01-06|16.64|16.74|16.37|16.60|630500|15.36
2011-01-05|16.23|17.05|16.19|16.68|2015700|15.44
2011-01-04|16.35|16.45|15.90|16.17|1156400|14.96
2011-01-03|16.10|16.43|15.88|16.29|1220000|15.08
2010-12-31|16.00|16.03|15.78|15.95|638500|14.76
2010-12-30|15.94|16.06|15.78|16.00|402600|14.81
2010-12-29|15.96|16.05|15.87|15.92|284900|14.73
2010-12-28|15.94|16.02|15.82|15.91|406300|14.72
2010-12-27|15.98|16.06|15.78|15.98|299700|14.79
2010-12-23|15.96|16.22|15.96|16.00|412400|14.81
2010-12-22|16.09|16.12|15.93|15.99|342500|14.80
2010-12-21|16.03|16.14|16.00|16.09|557300|14.89
2010-12-20|15.97|16.18|15.80|16.02|723200|14.83
2010-12-17|15.61|16.03|15.53|15.85|1155300|14.67
2010-12-16|15.65|15.65|15.44|15.59|704500|14.43
2010-12-15|15.21|15.74|15.16|15.66|1371500|14.49
2010-12-14|15.17|15.31|14.87|15.17|948000|14.04
2010-12-13|15.41|15.59|15.08|15.14|1257000|14.01
2010-12-10|15.53|15.55|15.35|15.40|933100|14.25
2010-12-09|15.59|15.65|15.28|15.47|962700|14.32
2010-12-08|15.22|15.71|15.15|15.55|2554300|14.39
2010-12-07|14.97|15.24|14.87|15.19|707300|14.06
2010-12-06|14.79|14.91|14.72|14.84|506700|13.73
2010-12-03|14.80|14.89|14.67|14.85|550700|13.74
2010-12-02|14.84|15.00|14.76|14.87|455100|13.76
2010-12-01|14.97|14.97|14.78|14.80|647000|13.70
2010-11-30|14.71|14.85|14.68|14.77|755300|13.67
2010-11-29|14.70|14.93|14.63|14.81|492100|13.71
2010-11-26|14.80|14.86|14.71|14.78|246200|13.68
2010-11-24|14.74|14.91|14.74|14.90|530300|13.79
2010-11-23|14.60|14.62|14.33|14.61|463100|13.52
2010-11-22|14.39|14.79|14.36|14.73|518200|13.63
2010-11-19|14.33|14.61|14.11|14.39|638400|13.32
2010-11-18|14.32|14.71|14.31|14.41|589500|13.34
2010-11-17|14.07|14.22|13.97|14.20|555100|13.14
2010-11-16|14.45|14.57|13.97|13.98|905600|12.94
2010-11-15|14.68|14.78|14.45|14.56|1074000|13.47
2010-11-12|14.91|15.00|14.60|14.65|781800|13.56
2010-11-11|15.00|15.19|14.96|15.03|618400|13.91
2010-11-10|15.40|15.40|14.91|15.04|2187300|13.92
2010-11-09|15.37|15.67|15.34|15.55|1389300|14.39
2010-11-08|15.20|15.58|15.01|15.47|1298100|14.32
2010-11-05|15.08|15.18|15.05|15.15|881900|14.02
2010-11-04|15.25|15.25|14.98|15.06|907100|13.94
2010-11-03|15.00|15.13|14.95|15.09|678700|13.97
2010-11-02|14.97|15.17|14.84|15.12|1477700|13.99
2010-11-01|14.95|15.03|14.71|14.88|1000700|13.77
2010-10-29|14.87|14.98|14.81|14.84|654000|13.73
2010-10-28|14.94|15.05|14.71|14.88|597400|13.77
2010-10-27|15.09|15.09|14.49|14.88|2072000|13.77
2010-10-26|15.26|15.59|15.12|15.36|771800|14.22
2010-10-25|15.37|15.50|15.29|15.30|478300|14.16
2010-10-22|15.05|15.33|15.05|15.28|1358300|14.14
2010-10-21|15.53|15.57|14.90|15.05|2348400|13.93
2010-10-20|15.61|15.70|15.38|15.59|1521100|14.43
2010-10-19|15.05|15.64|14.63|15.55|4663500|14.39
2010-10-18|14.67|14.82|14.58|14.63|769500|13.54
2010-10-15|14.62|14.78|14.45|14.62|625600|13.53
2010-10-14|14.50|14.60|14.31|14.56|610200|13.47
2010-10-13|14.54|14.77|14.43|14.55|559800|13.47
2010-10-12|14.51|14.51|14.20|14.48|694800|13.40
2010-10-11|14.21|14.59|14.17|14.51|907600|13.43
2010-10-08|13.99|14.21|13.89|14.18|961700|13.12
2010-10-07|13.42|13.97|13.30|13.94|877200|12.90
2010-10-06|13.22|13.39|13.11|13.29|535900|12.30
2010-10-05|13.24|13.31|13.09|13.25|538800|12.26
2010-10-04|13.17|13.24|13.00|13.09|521600|12.11
2010-10-01|13.27|13.33|13.06|13.15|631100|12.17
2010-09-30|13.32|13.35|13.10|13.22|478900|12.23
2010-09-29|13.25|13.34|13.12|13.24|518700|12.25
2010-09-28|13.18|13.26|13.00|13.25|546500|12.26
2010-09-27|13.31|13.39|13.12|13.19|761200|12.21
2010-09-24|13.40|13.51|13.29|13.35|680800|12.35
2010-09-23|13.45|13.55|13.06|13.20|998800|12.22
2010-09-22|13.91|13.95|13.51|13.52|755700|12.51
2010-09-21|14.13|14.20|13.81|13.90|582400|12.86
2010-09-20|13.97|14.18|13.93|14.13|470500|13.08
2010-09-17|14.03|14.05|13.80|13.97|529500|12.93
2010-09-16|14.04|14.08|13.80|13.95|267800|12.91
2010-09-15|13.98|14.09|13.88|14.02|283400|12.98
2010-09-14|13.99|14.22|13.92|14.01|442400|12.97
2010-09-13|14.04|14.05|13.89|13.98|481000|12.94
2010-09-10|14.10|14.21|13.75|13.86|445800|12.83
2010-09-09|13.97|14.11|13.82|14.07|782500|13.02
2010-09-08|13.47|13.81|13.47|13.80|649400|12.77
2010-09-07|13.78|13.81|13.31|13.39|369000|12.39
2010-09-03|13.74|13.86|13.62|13.83|428400|12.80
2010-09-02|13.21|13.60|13.13|13.54|558200|12.53
2010-09-01|12.92|13.20|12.90|13.18|424100|12.20
2010-08-31|12.78|12.92|12.59|12.82|567000|11.86
2010-08-30|12.84|13.12|12.78|12.79|596900|11.84
2010-08-27|12.70|12.92|12.45|12.86|503500|11.90
2010-08-26|12.85|13.02|12.56|12.60|579300|11.66
2010-08-25|12.74|12.94|12.58|12.93|683700|11.97
2010-08-24|12.93|13.02|12.46|12.87|670700|11.91
2010-08-23|13.16|13.27|13.06|13.15|470800|12.17
2010-08-20|13.05|13.12|12.90|13.08|452400|12.11
2010-08-19|13.24|13.32|12.97|13.11|503200|12.13
2010-08-18|13.24|13.48|13.15|13.30|841500|12.31
2010-08-17|13.35|13.50|13.20|13.30|776700|12.31
2010-08-16|13.06|13.31|12.96|13.27|786700|12.28
2010-08-13|13.01|13.18|13.00|13.17|769500|12.19
2010-08-12|12.68|13.05|12.53|13.02|836000|12.05
2010-08-11|12.91|13.00|12.80|12.88|959700|11.92
2010-08-10|13.34|13.40|13.07|13.26|730700|12.27
2010-08-09|13.11|13.45|13.10|13.44|667400|12.44
2010-08-06|12.59|13.02|12.49|13.00|1106300|12.03
2010-08-05|12.74|12.87|12.64|12.83|608400|11.87
2010-08-04|12.49|12.84|12.49|12.82|785500|11.86
2010-08-03|12.65|12.73|12.35|12.48|756300|11.55
2010-08-02|13.04|13.04|12.60|12.67|810500|11.73
2010-07-30|12.73|13.06|12.68|12.79|693400|11.84
2010-07-29|13.30|13.35|12.78|12.94|813000|11.98
2010-07-28|13.14|13.69|13.07|13.13|1204000|12.15
2010-07-27|13.88|14.00|12.76|13.21|2514000|12.23
2010-07-26|13.23|13.79|13.12|13.59|1433700|12.58
2010-07-23|12.85|13.22|12.66|13.20|614300|12.22
2010-07-22|12.23|12.99|12.23|12.87|859100|11.91
2010-07-21|12.40|12.45|12.01|12.03|364000|11.13
2010-07-20|11.91|12.32|11.77|12.32|507100|11.40
2010-07-19|12.23|12.23|11.75|12.08|670700|11.18
2010-07-16|12.67|12.67|12.09|12.16|547400|11.25
2010-07-15|12.79|12.88|12.57|12.77|530700|11.82
2010-07-14|12.57|13.10|12.48|12.74|884600|11.79
2010-07-13|12.22|12.63|12.20|12.58|580500|11.64
2010-07-12|12.27|12.48|11.94|12.07|519900|11.17
2010-07-09|11.89|12.21|11.76|12.21|585000|11.30
2010-07-08|11.47|11.92|11.44|11.87|980800|10.99
2010-07-07|11.23|11.40|11.14|11.37|778400|10.52
2010-07-06|11.58|11.69|11.05|11.16|1181500|10.33
2010-07-02|11.43|11.58|11.31|11.50|1388100|10.64
2010-07-01|11.20|11.44|10.66|11.31|1652100|10.47
2010-06-30|11.05|11.50|10.93|11.30|1470500|10.46
2010-06-29|11.25|11.36|10.92|10.99|762800|10.17
2010-06-28|11.88|11.88|11.43|11.51|848400|10.65
2010-06-25|11.76|11.96|11.65|11.79|661200|10.91
2010-06-24|11.98|11.98|11.54|11.69|775000|10.82
2010-06-23|12.29|12.29|11.96|12.02|927900|11.12
2010-06-22|12.44|12.44|11.96|12.16|1453100|11.25
2010-06-21|13.05|13.05|12.27|12.36|632300|11.44
2010-06-18|12.73|12.96|12.68|12.85|717400|11.89
2010-06-17|12.90|12.99|12.73|12.81|577800|11.86
2010-06-16|12.81|13.09|12.75|12.96|488500|11.99
2010-06-15|12.98|13.12|12.76|13.00|588300|12.03
2010-06-14|12.82|13.14|12.70|12.78|968600|11.83
2010-06-11|12.36|12.67|12.19|12.67|980500|11.73
2010-06-10|12.51|12.70|12.20|12.54|750500|11.61
2010-06-09|12.18|12.69|12.13|12.26|932600|11.35
2010-06-08|12.18|12.33|11.72|12.11|1240100|11.21
2010-06-07|12.63|12.75|12.04|12.08|930600|11.18
2010-06-04|13.00|13.09|12.55|12.69|1118000|11.74
2010-06-03|13.06|13.44|13.06|13.29|861700|12.30
2010-06-02|12.80|13.07|12.61|13.07|1212900|12.10
2010-06-01|12.96|13.05|12.65|12.78|976400|11.83
2010-05-28|13.34|13.37|12.89|13.00|709100|12.03
2010-05-27|13.25|13.40|13.08|13.35|797400|12.35
2010-05-26|13.09|13.38|12.85|13.02|1220200|12.05
2010-05-25|12.54|13.04|12.20|12.97|1097500|12.00
2010-05-24|12.99|13.28|12.82|12.96|692500|11.99
2010-05-21|12.45|13.14|12.20|12.98|1032300|12.01
2010-05-20|12.87|12.95|12.35|12.75|1736900|11.80
2010-05-19|13.46|13.71|13.02|13.28|864200|12.29
2010-05-18|13.88|14.11|13.47|13.60|1048800|12.59
2010-05-17|13.51|13.94|13.25|13.71|867000|12.69
2010-05-14|13.80|14.04|13.38|13.55|1012100|12.54
2010-05-13|14.21|14.40|13.85|13.93|670200|12.89
2010-05-12|13.98|14.36|13.98|14.22|1051400|13.16
2010-05-11|13.45|14.07|13.23|13.89|1174600|12.85
2010-05-10|13.66|13.81|13.20|13.46|2096200|12.46
2010-05-07|13.44|13.44|12.35|12.57|4268400|11.63
2010-05-06|14.45|14.50|12.43|13.36|2299200|12.36
2010-05-05|14.12|14.76|13.97|14.28|2832800|13.22
2010-05-04|14.52|15.10|13.56|14.02|4664900|12.98
2010-05-03|15.59|16.14|15.48|16.06|1728000|14.86
2010-04-30|15.81|15.83|15.25|15.41|992800|14.26
2010-04-29|15.45|15.81|15.42|15.78|925800|14.60
2010-04-28|15.36|15.54|15.02|15.35|1984700|14.21
2010-04-27|16.12|16.12|15.63|15.70|966600|14.53
2010-04-26|15.49|16.32|15.49|16.16|2180500|14.96
2010-04-23|15.16|15.30|15.02|15.19|621700|14.06
2010-04-22|15.09|15.27|15.00|15.18|1419700|14.05
2010-04-21|15.42|15.56|15.10|15.52|913700|14.36
2010-04-20|14.97|15.41|14.80|15.37|833000|14.22
2010-04-19|14.79|15.00|14.51|14.86|924000|13.75
2010-04-16|15.04|15.20|14.60|14.82|1072000|13.72
2010-04-15|15.50|15.64|15.08|15.08|1031800|13.96
2010-04-14|15.48|15.57|15.24|15.35|1609100|14.21
2010-04-13|14.57|15.25|14.25|15.16|2122400|14.03
2010-04-12|14.43|14.59|14.30|14.42|945500|13.35
2010-04-09|14.80|14.83|14.32|14.46|1304700|13.38
2010-04-08|14.00|14.85|13.79|14.71|2852100|13.61
2010-04-07|13.98|14.05|13.88|14.01|1122100|12.97
2010-04-06|13.87|14.05|13.73|13.94|763900|12.90
2010-04-05|13.87|14.00|13.69|14.00|808900|12.96
2010-04-01|13.74|13.89|13.59|13.78|614700|12.75
2010-03-31|13.83|13.95|13.62|13.64|803100|12.62
2010-03-30|13.89|14.00|13.73|13.86|1084900|12.83
2010-03-29|13.84|13.99|13.65|13.78|583800|12.75
2010-03-26|14.02|14.05|13.70|13.79|462700|12.76
2010-03-25|13.90|14.10|13.84|13.97|1296800|12.93
2010-03-24|13.80|13.85|13.67|13.83|663200|12.80
2010-03-23|13.96|13.96|13.67|13.90|664200|12.86
2010-03-22|13.38|13.98|13.35|13.92|1130800|12.88
2010-03-19|13.55|13.70|13.29|13.35|1229500|12.35
2010-03-18|14.03|14.03|13.30|13.56|1934900|12.55
2010-03-17|14.10|14.25|14.03|14.19|915000|13.13
2010-03-16|13.79|14.08|13.65|14.08|1017400|13.03
2010-03-15|13.90|13.98|13.69|13.77|753700|12.74
2010-03-12|13.88|13.94|13.65|13.90|687400|12.86
2010-03-11|13.61|13.92|13.50|13.74|1385500|12.72
2010-03-10|14.00|14.00|13.53|13.57|2236000|12.56
2010-03-09|13.81|14.26|13.67|14.19|2127000|13.13
2010-03-08|13.97|14.05|13.77|13.79|1485400|12.76
2010-03-05|13.70|13.99|13.57|13.89|1136700|12.85
2010-03-04|14.06|14.06|13.36|13.70|2982700|12.68
2010-03-03|13.52|14.13|13.44|14.06|3585700|13.01
2010-03-02|13.17|13.40|12.77|13.39|3628900|12.39
2010-03-01|12.62|12.84|12.50|12.74|1921000|11.79
2010-02-26|12.56|12.78|12.49|12.49|900900|11.56
2010-02-25|12.33|12.50|12.16|12.43|667300|11.50
2010-02-24|12.21|12.50|12.11|12.43|581200|11.50
2010-02-23|12.30|12.36|12.10|12.14|644300|11.24
2010-02-22|12.46|12.48|12.25|12.32|571700|11.40
2010-02-19|12.20|12.50|12.20|12.28|853100|11.36
2010-02-18|12.30|12.36|12.08|12.25|886100|11.34
2010-02-17|11.89|12.29|11.87|12.29|801200|11.37
2010-02-16|11.62|11.85|11.57|11.83|550500|10.95
2010-02-12|11.40|11.54|11.30|11.53|725100|10.67
2010-02-11|11.16|11.49|11.06|11.47|613500|10.62
2010-02-10|11.15|11.25|10.90|11.16|561400|10.33
2010-02-09|10.75|11.20|10.74|11.14|765200|10.31
2010-02-08|10.64|10.86|10.56|10.65|568800|9.86
2010-02-05|10.65|10.84|10.38|10.62|716700|9.83
2010-02-04|11.01|11.07|10.57|10.70|1065300|9.90
2010-02-03|11.11|11.20|11.03|11.08|635000|10.25
2010-02-02|11.37|11.41|10.96|11.12|1196600|10.29
2010-02-01|11.38|11.52|11.27|11.36|771900|10.51
2010-01-29|11.19|11.41|11.16|11.30|847400|10.46
2010-01-28|11.25|11.33|10.94|11.12|433400|10.29
2010-01-27|11.05|11.23|10.90|11.17|465100|10.34
2010-01-26|11.18|11.20|10.90|11.00|735800|10.18
2010-01-25|11.40|11.60|11.16|11.22|792500|10.38
2010-01-22|11.02|11.12|10.77|11.07|731200|10.24
2010-01-21|11.19|11.24|11.00|11.03|1078500|10.21
2010-01-20|11.39|11.39|11.10|11.16|1559400|10.33
2010-01-19|11.38|11.70|11.31|11.42|2007900|10.57
2010-01-15|11.30|11.40|11.07|11.33|1827800|10.49
2010-01-14|10.80|11.57|10.70|11.31|5085400|10.47
2010-01-13|10.15|10.29|9.99|10.28|1474700|9.51
2010-01-12|9.74|10.40|9.69|9.92|2176900|9.18
2010-01-11|9.42|9.45|9.20|9.44|657500|8.74
2010-01-08|9.30|9.37|9.12|9.37|381700|8.67
2010-01-07|9.07|9.39|9.03|9.37|585900|8.67
2010-01-06|8.78|9.07|8.76|9.01|883000|8.34
2010-01-05|8.65|8.77|8.51|8.76|479300|8.11
2010-01-04|8.53|8.68|8.41|8.68|401300|8.03
2009-12-31|8.63|8.69|8.36|8.38|168900|7.76
2009-12-30|8.70|8.72|8.50|8.65|240200|8.01
2009-12-29|8.52|8.70|8.48|8.70|283800|8.05
2009-12-28|8.68|8.69|8.42|8.54|232200|7.90
2009-12-24|8.53|8.68|8.53|8.59|144400|7.95
2009-12-23|8.24|8.54|8.17|8.49|735200|7.86
2009-12-22|8.07|8.18|8.03|8.12|307200|7.51
2009-12-21|7.75|8.10|7.73|8.08|392600|7.48
2009-12-18|7.74|7.80|7.62|7.73|710500|7.15
2009-12-17|7.79|7.91|7.69|7.69|381200|7.12
2009-12-16|7.92|8.01|7.66|7.85|492200|7.26
2009-12-15|7.79|7.91|7.61|7.83|894200|7.25
2009-12-14|7.71|7.73|7.58|7.66|296700|7.09
2009-12-11|7.70|7.77|7.60|7.69|142300|7.12
2009-12-10|7.75|7.79|7.59|7.66|164300|7.09
2009-12-09|7.76|7.77|7.59|7.74|192500|7.16
2009-12-08|7.69|7.78|7.59|7.74|202800|7.16
2009-12-07|7.80|7.80|7.67|7.71|219700|7.14
2009-12-04|7.67|7.82|7.62|7.79|253100|7.21
2009-12-03|7.78|7.80|7.57|7.58|226200|7.02
2009-12-02|7.77|7.90|7.73|7.79|302100|7.21
2009-12-01|7.88|7.94|7.70|7.75|196400|7.17
2009-11-30|7.92|7.92|7.70|7.87|391500|7.28
2009-11-27|7.84|8.10|7.84|7.95|151000|7.36
2009-11-25|7.99|8.10|7.87|8.08|380400|7.48
2009-11-24|7.82|8.07|7.77|7.99|381000|7.39
2009-11-23|7.67|7.86|7.57|7.84|650400|7.26
2009-11-20|7.46|7.64|7.45|7.62|245400|7.05
2009-11-19|7.66|7.66|7.47|7.49|311200|6.93
2009-11-18|7.83|7.86|7.66|7.72|204500|7.14
2009-11-17|8.02|8.02|7.80|7.85|285000|7.26
2009-11-16|7.87|8.14|7.82|8.02|395500|7.42
2009-11-13|7.84|7.92|7.62|7.79|226300|7.21
2009-11-12|7.95|7.96|7.74|7.79|449100|7.21
2009-11-11|7.57|7.99|7.57|7.96|900400|7.37
2009-11-10|7.38|7.53|7.37|7.49|185500|6.93
2009-11-09|7.49|7.57|7.37|7.44|319900|6.89
2009-11-06|7.61|7.61|7.38|7.46|189500|6.90
2009-11-05|7.47|7.63|7.45|7.55|199200|6.99
2009-11-04|7.55|7.63|7.41|7.41|239300|6.86
2009-11-03|7.24|7.59|7.20|7.52|432700|6.96
2009-11-02|7.41|7.53|7.09|7.30|412200|6.76
2009-10-30|7.48|7.56|7.33|7.34|484800|6.79
2009-10-29|7.49|7.64|7.41|7.51|413300|6.95
2009-10-28|7.73|7.81|7.40|7.40|408700|6.85
2009-10-27|7.89|7.99|7.69|7.78|562300|7.20
2009-10-26|7.95|8.01|7.81|7.90|581900|7.31
2009-10-23|8.16|8.23|7.85|7.90|623300|7.31
2009-10-22|8.05|8.16|7.95|8.10|509800|7.50
2009-10-21|8.35|8.49|7.97|8.04|975500|7.44
2009-10-20|8.52|8.52|8.35|8.37|515600|7.75
2009-10-19|8.59|8.61|8.49|8.52|421900|7.88
2009-10-16|8.40|8.55|8.39|8.54|425300|7.90
2009-10-15|8.36|8.55|8.35|8.44|490300|7.81
2009-10-14|8.71|8.72|8.26|8.42|1343400|7.79
2009-10-13|8.87|9.12|8.38|8.43|3587500|7.80
2009-10-12|9.03|9.38|8.97|9.37|1119200|8.67
2009-10-09|8.62|8.94|8.45|8.90|767700|8.24
2009-10-08|8.33|8.65|8.33|8.60|607200|7.96
2009-10-07|8.31|8.40|8.17|8.22|278000|7.61
2009-10-06|8.48|8.55|8.17|8.34|510900|7.72
2009-10-05|8.42|8.63|8.35|8.47|237300|7.84
2009-10-02|8.59|8.69|8.40|8.41|274800|7.78
2009-10-01|8.82|8.87|8.57|8.69|199500|8.04
2009-09-30|8.80|9.00|8.50|8.84|391000|8.18
2009-09-29|8.77|9.00|8.77|8.78|191600|8.13
2009-09-28|8.81|9.03|8.67|8.77|492100|8.12
2009-09-25|8.70|8.78|8.60|8.73|109600|8.08
2009-09-24|8.73|8.90|8.62|8.73|203800|8.08
2009-09-23|8.99|9.01|8.69|8.80|263400|8.14
2009-09-22|9.15|9.15|8.90|8.99|255900|8.32
2009-09-21|8.90|9.25|8.65|9.11|333500|8.43
2009-09-18|9.00|9.05|8.90|8.91|329900|8.25
2009-09-17|9.18|9.19|8.86|9.00|265200|8.33
2009-09-16|9.25|9.40|9.03|9.11|455800|8.43
2009-09-15|8.47|8.93|8.38|8.93|605100|8.26
2009-09-14|7.98|8.18|7.90|8.15|159200|7.54
2009-09-11|8.11|8.17|7.90|8.00|255400|7.40
2009-09-10|8.11|8.20|8.00|8.15|175500|7.54
2009-09-09|8.09|8.21|8.02|8.10|191200|7.50
2009-09-08|8.16|8.25|8.00|8.07|178400|7.47
2009-09-04|8.02|8.13|7.85|8.07|248700|7.47
2009-09-03|7.78|8.03|7.60|8.01|251900|7.41
2009-09-02|7.79|8.00|7.69|7.76|189800|7.18
2009-09-01|8.08|8.20|7.81|7.84|349400|7.26
2009-08-31|8.26|8.28|8.07|8.09|221800|7.49
2009-08-28|8.37|8.39|8.10|8.29|296800|7.67
2009-08-27|8.10|8.48|8.05|8.27|701300|7.65
2009-08-26|7.67|8.11|7.54|8.09|526000|7.49
2009-08-25|7.74|7.83|7.64|7.71|295200|7.14
2009-08-24|7.85|7.91|7.67|7.72|170300|7.14
2009-08-21|7.87|7.97|7.76|7.82|255800|7.24
2009-08-20|7.71|7.86|7.66|7.78|165600|7.20
2009-08-19|7.50|7.67|7.37|7.66|373700|7.09
2009-08-18|7.43|7.72|7.35|7.59|321800|7.02
2009-08-17|7.41|7.54|7.25|7.37|362600|6.82
2009-08-14|7.82|7.82|7.50|7.61|443600|7.04
2009-08-13|7.71|7.87|7.57|7.76|491300|7.18
2009-08-12|7.81|7.89|7.65|7.73|380500|7.15
2009-08-11|8.20|8.21|7.83|7.83|247000|7.25
2009-08-10|8.05|8.30|8.01|8.20|167800|7.59
2009-08-07|8.23|8.23|8.03|8.08|211000|7.48
2009-08-06|8.26|8.30|8.03|8.08|282300|7.48
2009-08-05|8.23|8.29|8.19|8.25|404100|7.64
2009-08-04|8.22|8.30|8.20|8.25|214900|7.64
2009-08-03|8.30|8.30|8.12|8.30|330300|7.68
2009-07-31|8.24|8.35|8.22|8.22|380100|7.61
2009-07-30|8.27|8.72|8.16|8.30|520400|7.68
2009-07-29|8.21|8.21|8.01|8.14|316700|7.53
2009-07-28|8.30|8.34|8.10|8.24|320900|7.63
2009-07-27|8.34|8.37|8.17|8.30|451900|7.68
2009-07-24|8.26|8.32|8.21|8.31|419400|7.69
2009-07-23|8.44|8.54|8.21|8.33|1073600|7.71
2009-07-22|8.37|8.60|7.34|8.44|2311500|7.81
2009-07-21|8.16|8.39|8.03|8.37|500100|7.75
2009-07-20|7.91|8.13|7.81|8.09|419400|7.49
2009-07-17|7.98|8.07|7.89|7.91|217400|7.32
2009-07-16|8.13|8.17|7.77|7.97|381300|7.38
2009-07-15|8.20|8.35|8.02|8.20|342800|7.59
2009-07-14|7.81|8.35|7.66|8.17|579100|7.56
2009-07-13|7.66|7.84|7.44|7.81|230000|7.23
2009-07-10|7.46|7.75|7.30|7.63|235700|7.06
2009-07-09|7.66|7.76|7.29|7.48|652900|6.92
2009-07-08|7.50|7.88|7.43|7.63|447700|7.06
2009-07-07|7.57|7.66|7.47|7.52|373200|6.96
2009-07-06|7.60|7.69|7.50|7.60|267800|7.03
2009-07-02|7.72|7.75|7.59|7.65|528800|7.08
2009-07-01|7.58|8.01|7.54|7.96|528200|7.37
2009-06-30|7.51|7.60|7.39|7.49|510800|6.93
2009-06-29|7.55|7.67|7.33|7.48|355000|6.92
2009-06-26|7.36|7.61|7.23|7.59|721500|7.02
2009-06-25|7.13|7.45|7.05|7.35|366400|6.80
2009-06-24|7.36|7.51|7.20|7.25|286700|6.71
2009-06-23|7.48|7.61|7.34|7.40|265600|6.85
2009-06-22|7.46|7.53|7.18|7.45|419400|6.89
2009-06-19|8.00|8.06|7.40|7.56|949200|7.00
2009-06-18|7.79|7.96|7.65|7.87|295700|7.28
2009-06-17|7.81|7.95|7.48|7.69|1041600|7.12
2009-06-16|7.83|7.95|7.67|7.77|377800|7.19
2009-06-15|7.93|7.99|7.54|7.72|427500|7.14
2009-06-12|7.83|8.03|7.63|7.89|506600|7.30
2009-06-11|8.24|8.24|7.86|7.87|629600|7.28
2009-06-10|8.57|8.59|8.11|8.24|329000|7.63
2009-06-09|8.45|8.67|8.39|8.52|290600|7.88
2009-06-08|8.79|8.81|8.19|8.39|652300|7.76
2009-06-05|9.15|9.35|8.87|8.90|273000|8.24
2009-06-04|9.11|9.19|8.85|9.09|183300|8.41
2009-06-03|9.15|9.26|8.91|9.05|300500|8.38
2009-06-02|9.64|9.64|9.10|9.30|403100|8.61
2009-06-01|9.20|9.95|9.06|9.67|567900|8.95
2009-05-29|8.83|9.10|8.60|9.06|511400|8.38
2009-05-28|8.87|8.90|8.35|8.79|492200|8.13
2009-05-27|8.87|9.20|8.71|8.75|476300|8.10
2009-05-26|8.15|8.94|8.13|8.87|598700|8.21
2009-05-22|8.47|8.53|8.15|8.27|286900|7.65
2009-05-21|8.65|8.83|8.20|8.40|450600|7.77
2009-05-20|8.97|9.25|8.68|8.71|683200|8.06
2009-05-19|8.72|9.00|8.66|8.88|568500|8.22
2009-05-18|8.23|8.68|8.12|8.68|327100|8.03
2009-05-15|8.09|8.24|7.90|8.06|521900|7.46
2009-05-14|8.18|8.32|8.03|8.14|657100|7.53
2009-05-13|8.57|8.57|8.02|8.14|718300|7.53
2009-05-12|8.98|8.98|8.53|8.69|533100|8.04
2009-05-11|9.01|9.05|8.75|8.94|662800|8.27
2009-05-08|8.63|9.22|8.35|9.20|931500|8.51
2009-05-07|8.97|9.05|8.24|8.42|865900|7.79
2009-05-06|9.25|9.26|8.55|8.85|816900|8.19
2009-05-05|9.25|9.34|8.97|9.13|539700|8.45
2009-05-04|9.45|9.50|9.12|9.30|1397000|8.61
2009-05-01|9.24|9.57|8.81|9.49|1341100|8.78
2009-04-30|9.60|10.07|9.25|9.44|1874000|8.74
2009-04-29|8.68|9.34|8.60|9.21|1413400|8.52
2009-04-28|8.42|8.84|8.32|8.62|569500|7.98
2009-04-27|8.17|9.05|8.15|8.49|1111000|7.86
2009-04-24|7.99|8.47|7.90|8.38|1343300|7.76
2009-04-23|7.57|7.97|7.33|7.92|1035100|7.33
2009-04-22|7.09|8.02|7.04|7.41|1449400|6.86
2009-04-21|6.60|7.21|6.54|7.20|1005400|6.66
2009-04-20|6.90|6.95|6.41|6.65|432700|6.15
2009-04-17|7.24|7.30|6.96|7.05|421800|6.52
2009-04-16|7.14|7.33|6.98|7.25|476100|6.71
2009-04-15|7.14|7.16|6.91|7.10|534800|6.57
2009-04-14|7.28|7.35|7.10|7.18|395500|6.64
2009-04-13|7.36|7.40|7.04|7.36|593400|6.81
2009-04-09|7.02|7.52|6.95|7.38|1517600|6.83
2009-04-08|6.69|6.89|6.65|6.87|1047900|6.36
2009-04-07|6.75|6.92|6.50|6.67|323800|6.17
2009-04-06|6.97|6.99|6.65|6.75|637600|6.25
2009-04-03|6.77|7.03|6.64|7.03|852200|6.51
2009-04-02|6.50|7.16|6.50|6.76|1615300|6.26
2009-04-01|6.39|6.61|6.39|6.42|515900|5.94
2009-03-31|6.63|6.77|6.49|6.55|349000|6.06
2009-03-30|6.53|6.79|6.50|6.64|311900|6.15
2009-03-27|7.00|7.13|6.82|6.82|279600|6.31
2009-03-26|6.87|7.29|6.87|7.05|1204500|6.52
2009-03-25|6.81|6.96|6.45|6.78|377200|6.27
2009-03-24|6.63|6.94|6.49|6.65|544100|6.15
2009-03-23|6.72|6.83|6.49|6.72|776800|6.22
2009-03-20|6.67|6.67|6.39|6.45|465000|5.97
2009-03-19|6.78|6.78|6.49|6.55|681300|6.06
2009-03-18|6.37|6.67|6.19|6.62|625600|6.13
2009-03-17|6.10|6.39|6.10|6.37|266600|5.90
2009-03-16|6.47|6.60|6.20|6.23|349200|5.77
2009-03-13|6.47|6.51|6.23|6.42|584000|5.94
2009-03-12|6.15|6.29|6.03|6.28|664500|5.81
2009-03-11|6.17|6.29|6.02|6.20|529600|5.74
2009-03-10|5.90|6.19|5.85|6.11|519800|5.65
2009-03-09|5.83|6.01|5.61|5.73|577400|5.30
2009-03-06|5.87|6.04|5.73|5.88|621100|5.44
2009-03-05|6.00|6.04|5.76|5.91|1059400|5.47
2009-03-04|6.33|6.59|6.27|6.44|466400|5.96
2009-03-03|6.82|6.82|6.00|6.33|760900|5.86
2009-03-02|6.72|6.99|6.52|6.70|603700|6.20
2009-02-27|6.44|6.98|6.35|6.83|510000|6.32
2009-02-26|6.49|6.90|6.41|6.52|656900|6.03
2009-02-25|6.15|6.47|5.98|6.40|1050100|5.92
2009-02-24|6.67|6.67|4.76|6.15|3134100|5.69
2009-02-23|6.63|6.77|6.32|6.49|740500|6.01
2009-02-20|6.22|6.67|6.02|6.55|529800|6.06
2009-02-19|6.15|6.36|6.00|6.22|573500|5.76
2009-02-18|6.09|6.16|5.79|5.94|459700|5.50
2009-02-17|6.15|6.25|5.99|6.04|359000|5.59
2009-02-13|6.62|6.71|6.38|6.45|312600|5.97
2009-02-12|6.42|6.58|6.23|6.51|515800|6.02
2009-02-11|6.65|6.75|6.35|6.52|325000|6.03
2009-02-10|6.97|7.13|6.48|6.59|492000|6.10
2009-02-09|6.95|7.00|6.72|7.00|392500|6.48
2009-02-06|6.95|7.07|6.91|7.00|371000|6.48
2009-02-05|6.85|7.05|6.32|6.97|504900|6.45
2009-02-04|6.92|7.20|6.75|6.87|299600|6.36
2009-02-03|6.85|7.15|6.85|7.07|478600|6.54
2009-02-02|6.61|7.03|6.50|6.93|349600|6.41
2009-01-30|6.93|6.99|6.48|6.69|353100|6.19
2009-01-29|6.83|7.03|6.79|6.87|384900|6.36
2009-01-28|7.12|7.29|6.93|7.09|425100|6.56
2009-01-27|7.21|7.43|7.03|7.12|429400|6.59
2009-01-26|6.77|7.23|6.65|7.02|655500|6.50
2009-01-23|5.82|6.73|5.80|6.65|764800|6.15
2009-01-22|5.93|6.21|5.75|5.99|662700|5.54
2009-01-21|5.55|6.12|5.32|6.11|491400|5.65
2009-01-20|6.14|6.14|5.39|5.44|451700|5.03
2009-01-16|6.01|6.29|5.84|6.22|402500|5.76
2009-01-15|5.79|6.16|5.25|5.90|662100|5.46
2009-01-14|6.17|6.23|5.70|5.79|692600|5.36
2009-01-13|6.50|6.62|6.06|6.18|680600|5.72
2009-01-12|6.05|6.63|6.05|6.53|696400|6.04
2009-01-09|6.30|6.31|6.00|6.13|440200|5.67
2009-01-08|6.00|6.58|5.95|6.26|584400|5.79
2009-01-07|5.64|6.28|5.46|6.03|872300|5.58
2009-01-06|5.21|5.80|5.17|5.73|708400|5.30
2009-01-05|5.08|5.20|4.75|5.17|446400|4.78
2009-01-02|4.72|5.07|4.58|5.02|588500|4.65
2008-12-31|4.71|4.87|4.51|4.71|722100|4.36
2008-12-30|4.43|4.71|4.35|4.69|365200|4.34
2008-12-29|4.38|4.40|4.26|4.40|245300|4.07
2008-12-26|4.34|4.45|4.20|4.38|272400|4.05
2008-12-24|4.39|4.40|4.27|4.31|94000|3.99
2008-12-23|4.45|4.59|4.24|4.28|350100|3.96
2008-12-22|4.68|4.70|4.20|4.39|522500|4.06
2008-12-19|4.62|4.69|4.44|4.58|614200|4.24
2008-12-18|4.29|4.61|4.25|4.42|898500|4.09
2008-12-17|4.16|4.39|4.05|4.28|1211400|3.96
2008-12-16|4.21|4.44|4.09|4.32|708700|4.00
2008-12-15|4.58|4.58|4.02|4.11|340300|3.80
2008-12-12|4.09|4.72|4.01|4.53|388400|4.19
2008-12-11|4.30|4.37|4.05|4.18|615800|3.87
2008-12-10|4.02|4.28|4.02|4.24|252800|3.92
2008-12-09|4.04|4.17|3.87|3.96|347800|3.66
2008-12-08|3.86|4.11|3.83|4.08|346000|3.78
2008-12-05|3.41|3.83|3.19|3.78|404500|3.50
2008-12-04|3.60|3.79|3.46|3.48|297000|3.22
2008-12-03|3.47|3.65|3.22|3.65|392100|3.38
2008-12-02|3.23|3.42|3.06|3.42|297700|3.17
2008-12-01|3.76|3.79|3.15|3.17|325200|2.93
2008-11-28|3.79|3.92|3.73|3.86|129400|3.57
2008-11-26|3.50|3.88|3.38|3.88|414200|3.59
2008-11-25|2.92|3.54|2.92|3.54|417200|3.28
2008-11-24|3.20|3.20|2.79|2.89|837500|2.67
2008-11-21|3.06|3.06|2.61|3.03|576200|2.80
2008-11-20|3.11|3.28|2.83|2.83|675900|2.62
2008-11-19|3.69|3.81|3.07|3.09|494100|2.86
2008-11-18|3.92|3.96|3.60|3.82|243700|3.54
2008-11-17|3.93|4.17|3.90|3.91|431500|3.62
2008-11-14|4.23|4.27|3.80|3.87|403600|3.58
2008-11-13|3.99|4.30|3.64|4.30|470800|3.98
2008-11-12|4.34|4.38|3.93|3.96|397400|3.66
2008-11-11|4.77|4.77|4.39|4.40|328000|4.07
2008-11-10|5.19|5.19|4.67|4.80|334900|4.44
2008-11-07|5.15|5.22|4.96|5.04|353700|4.66
2008-11-06|5.24|5.27|5.02|5.09|336200|4.71
2008-11-05|5.93|5.93|5.24|5.28|500000|4.89
2008-11-04|5.90|5.95|5.71|5.92|405000|5.48
2008-11-03|5.94|6.17|5.75|5.80|571500|5.37
2008-10-31|5.76|6.00|5.59|5.95|604000|5.51
2008-10-30|5.06|5.68|4.98|5.63|626500|5.21
2008-10-29|5.00|5.33|4.86|4.91|1128900|4.54
2008-10-28|5.07|5.20|4.81|4.97|644000|4.60
2008-10-27|5.10|5.50|4.97|4.97|484400|4.60
2008-10-24|5.33|5.40|5.02|5.25|905700|4.86
2008-10-23|5.91|5.96|5.50|5.60|632800|5.18
2008-10-22|6.15|6.33|5.76|5.84|855600|5.40
2008-10-21|6.28|6.40|5.92|5.99|622800|5.54
2008-10-20|6.48|6.64|6.33|6.40|478400|5.92
2008-10-17|6.27|6.64|5.89|6.43|1075300|5.95
2008-10-16|6.77|7.14|6.30|6.49|1473600|6.01
2008-10-15|7.45|7.45|6.61|6.72|887200|6.22
2008-10-14|9.60|9.60|6.75|7.45|2020400|6.89
2008-10-13|10.00|10.08|9.84|10.00|237300|9.25
2008-10-10|8.95|9.71|8.69|9.53|938100|8.82
2008-10-09|9.74|9.98|9.33|9.39|427200|8.69
2008-10-08|9.57|10.15|9.57|9.77|498300|9.04
2008-10-07|10.18|10.38|9.65|9.75|472500|9.02
2008-10-06|10.45|10.57|9.90|10.09|992100|9.34
2008-10-03|11.47|11.54|10.73|10.73|255400|9.93
2008-10-02|12.01|12.01|11.29|11.32|257400|10.48
2008-10-01|12.03|12.07|11.73|11.97|286900|11.08
2008-09-30|11.80|12.17|11.35|12.14|425100|11.24
2008-09-29|12.10|12.27|11.29|11.47|441500|10.62
2008-09-26|12.01|12.53|11.98|12.30|259300|11.38
2008-09-25|12.24|12.46|12.22|12.26|269000|11.35
2008-09-24|12.69|12.75|12.19|12.21|163900|11.30
2008-09-23|12.67|12.97|12.56|12.65|271700|11.71
2008-09-22|13.33|13.33|12.51|12.59|437200|11.65
2008-09-19|13.47|13.70|13.20|13.37|1025300|12.37
2008-09-18|12.87|12.87|12.10|12.66|761800|11.72
2008-09-17|13.15|13.20|12.59|12.59|634000|11.65
2008-09-16|12.71|13.49|12.62|13.36|462000|12.36
2008-09-15|12.83|13.40|12.79|13.04|658600|12.07
2008-09-12|13.23|13.35|12.95|13.14|615300|12.16
2008-09-11|12.87|13.82|12.87|13.49|540600|12.48
2008-09-10|13.49|13.68|13.27|13.35|526800|12.35
2008-09-09|13.41|13.58|13.24|13.24|768300|12.25
2008-09-08|13.52|13.80|13.40|13.50|608800|12.49
2008-09-05|12.98|13.22|12.70|13.11|292100|12.13
2008-09-04|13.28|13.35|12.96|13.07|274300|12.10
2008-09-03|13.42|13.57|13.27|13.43|394400|12.43
2008-09-02|13.89|14.20|13.44|13.48|446800|12.48
2008-08-29|13.56|13.67|13.33|13.40|219000|12.40
2008-08-28|13.31|13.62|13.19|13.61|304000|12.60
2008-08-27|13.36|13.43|13.23|13.31|277000|12.32
2008-08-26|13.42|13.73|13.07|13.41|385300|12.41
2008-08-25|13.60|13.86|13.29|13.41|382900|12.41
2008-08-22|13.20|13.72|13.19|13.70|440200|12.68
2008-08-21|13.04|13.30|12.90|13.00|304200|12.03
2008-08-20|13.35|13.50|13.03|13.20|322500|12.22
2008-08-19|13.67|13.86|13.17|13.31|350700|12.32
2008-08-18|14.02|14.12|13.66|13.76|452600|12.73
2008-08-15|13.79|14.13|13.71|13.98|490000|12.94
2008-08-14|13.30|13.84|13.27|13.74|288300|12.72
2008-08-13|13.55|13.58|13.17|13.43|413600|12.43
2008-08-12|13.53|13.70|13.38|13.60|515500|12.59
2008-08-11|13.50|14.19|13.30|13.71|602600|12.69
2008-08-08|13.09|13.64|13.09|13.53|400600|12.52
2008-08-07|13.20|13.34|12.85|13.10|452100|12.12
2008-08-06|13.38|13.57|13.03|13.46|417800|12.46
2008-08-05|12.96|13.66|12.96|13.40|737700|12.40
2008-08-04|12.88|13.06|12.41|12.82|500200|11.86
2008-08-01|12.94|13.07|12.53|12.94|392800|11.98
2008-07-31|12.84|13.24|12.74|12.96|311100|11.99
2008-07-30|13.26|13.36|12.78|12.99|344100|12.02
2008-07-29|12.86|13.34|12.85|13.07|435100|12.10
2008-07-28|12.96|13.29|12.54|12.76|635700|11.81
2008-07-25|12.93|13.38|12.76|12.98|478200|12.01
2008-07-24|13.42|13.76|12.72|12.77|637200|11.82
2008-07-23|12.62|14.20|12.62|13.36|1619600|12.36
2008-07-22|11.45|12.79|10.95|12.63|1272200|11.69
2008-07-21|10.74|10.75|10.22|10.39|501400|9.62
2008-07-18|10.67|11.02|10.31|10.59|645600|9.80
2008-07-17|11.05|11.05|10.43|10.60|1154600|9.81
2008-07-16|10.35|11.08|10.20|10.88|533200|10.07
2008-07-15|10.05|10.59|9.85|10.27|605300|9.50
2008-07-14|10.69|10.70|10.16|10.23|547600|9.47
2008-07-11|10.60|10.85|10.20|10.58|1061700|9.79
2008-07-10|11.00|11.18|10.61|10.67|447000|9.87
2008-07-09|11.72|11.94|11.03|11.03|459700|10.21
2008-07-08|11.14|11.75|11.07|11.74|644600|10.86
2008-07-07|11.18|11.32|10.87|11.07|622200|10.24
2008-07-03|10.50|11.24|10.50|11.11|402500|10.28
2008-07-02|11.07|11.16|10.55|10.59|547600|9.80
2008-07-01|11.30|11.45|10.92|11.09|692100|10.26
2008-06-30|11.83|11.95|11.48|11.50|437300|10.64
2008-06-27|11.44|11.88|10.58|11.85|2038100|10.97
2008-06-26|12.56|12.57|11.79|11.79|588000|10.91
2008-06-25|12.10|12.86|12.09|12.73|452200|11.78
2008-06-24|11.70|12.23|11.50|12.09|1882400|11.19
2008-06-23|12.14|12.20|11.80|11.80|368500|10.92
2008-06-20|12.14|12.50|11.97|12.14|787400|11.24
2008-06-19|12.30|12.59|12.15|12.39|335900|11.47
2008-06-18|12.55|12.66|12.06|12.32|424600|11.40
2008-06-17|12.87|12.87|12.60|12.64|206100|11.70
2008-06-16|12.82|12.94|12.60|12.86|270900|11.90
2008-06-13|12.69|12.94|12.50|12.89|270400|11.93
2008-06-12|12.67|13.01|12.53|12.61|214200|11.67
2008-06-11|13.06|13.06|12.65|12.65|444200|11.71
2008-06-10|12.82|13.13|12.76|13.12|344500|12.14
2008-06-09|13.02|13.16|12.85|12.93|297700|11.97
2008-06-06|13.64|13.65|13.02|13.02|265100|12.05
2008-06-05|13.46|13.94|13.45|13.73|370700|12.71
2008-06-04|13.02|13.45|12.99|13.44|283100|12.44
2008-06-03|13.14|13.30|12.95|13.12|215900|12.14
2008-06-02|13.47|13.48|12.90|13.06|402100|12.09
2008-05-30|13.66|13.66|13.37|13.46|296700|12.46
2008-05-29|13.20|13.68|13.20|13.62|388500|12.60
2008-05-28|13.00|13.25|12.69|13.23|538100|12.24
2008-05-27|12.79|13.06|12.64|12.98|199300|12.01
2008-05-23|12.72|12.83|12.50|12.75|256600|11.80
2008-05-22|12.70|13.00|12.70|12.83|186100|11.87
2008-05-21|12.91|13.13|12.63|12.70|336700|11.75
2008-05-20|12.87|12.93|12.77|12.90|235300|11.94
2008-05-19|13.04|13.05|12.50|12.95|481900|11.98
2008-05-16|13.61|13.70|12.96|13.07|336800|12.10
2008-05-15|13.69|13.69|13.12|13.60|149300|12.59
2008-05-14|13.69|14.07|13.55|13.66|190500|12.64
2008-05-13|13.50|13.75|13.39|13.70|176800|12.68
2008-05-12|13.12|13.53|13.11|13.51|190900|12.50
2008-05-09|13.00|13.24|12.94|13.05|365000|12.08
2008-05-08|13.17|13.26|13.02|13.10|219600|12.12
2008-05-07|13.34|13.64|13.13|13.14|193700|12.16
2008-05-06|13.42|13.67|13.37|13.46|206700|12.46
2008-05-05|13.40|13.56|13.21|13.51|226900|12.50
2008-05-02|13.59|13.72|13.46|13.52|225600|12.51
2008-05-01|13.28|13.75|13.05|13.51|500800|12.50
2008-04-30|13.00|13.58|13.00|13.28|645900|12.29
2008-04-29|12.18|13.51|11.68|12.90|871200|11.94
2008-04-28|13.18|13.28|12.50|12.69|892600|11.74
2008-04-25|13.02|13.22|12.81|13.09|166300|12.11
2008-04-24|12.83|13.13|12.57|12.94|264800|11.98
2008-04-23|12.65|12.97|12.52|12.84|429600|11.88
2008-04-22|12.91|12.94|12.49|12.65|202700|11.71
2008-04-21|12.97|13.22|12.90|13.00|251700|12.03
2008-04-18|12.86|13.12|12.69|13.05|340600|12.08
2008-04-17|12.66|12.79|12.59|12.63|270400|11.69
2008-04-16|12.73|12.77|12.51|12.74|470100|11.79
2008-04-15|12.88|12.88|12.39|12.59|671600|11.65
2008-04-14|12.79|12.98|12.68|12.77|447700|11.82
2008-04-11|13.07|13.09|12.79|12.84|268800|11.88
2008-04-10|13.13|13.37|12.91|13.20|255100|12.22
2008-04-09|13.91|13.98|13.10|13.16|300400|12.18
2008-04-08|13.92|13.96|13.69|13.93|180000|12.89
2008-04-07|14.22|14.24|13.93|14.09|126900|13.04
2008-04-04|14.03|14.37|13.67|14.13|270900|13.08
2008-04-03|13.90|14.23|13.78|14.11|236300|13.06
2008-04-02|14.16|14.40|13.83|14.02|270800|12.98
2008-04-01|13.72|14.07|13.51|14.03|380600|12.98
2008-03-31|13.30|13.78|12.96|13.49|421000|12.48
2008-03-28|13.20|13.68|12.73|13.23|440100|12.24
2008-03-27|14.00|14.13|13.64|13.84|421800|12.81
2008-03-26|14.26|14.29|13.86|14.04|296800|12.99
2008-03-25|14.95|15.05|14.00|14.35|545500|13.28
2008-03-24|14.55|15.18|14.55|14.92|631200|13.81
2008-03-20|13.42|14.72|13.13|14.51|1160600|13.43
2008-03-19|13.59|13.59|13.27|13.36|396200|12.36
2008-03-18|13.44|13.59|13.02|13.37|379000|12.37
2008-03-17|12.65|13.29|12.63|13.14|460100|12.16
2008-03-14|13.45|13.46|12.76|13.01|304200|12.04
2008-03-13|13.20|13.50|12.98|13.36|583600|12.36
2008-03-12|13.39|13.53|13.21|13.38|487400|12.38
2008-03-11|13.31|13.45|13.04|13.34|489000|12.35
2008-03-10|12.90|13.18|12.90|13.02|414800|12.05
2008-03-07|12.81|13.23|12.68|12.88|550700|11.92
2008-03-06|13.40|13.44|13.00|13.04|849600|12.07
2008-03-05|13.29|13.44|13.25|13.39|449100|12.39
2008-03-04|13.14|13.46|13.10|13.34|384500|12.35
2008-03-03|13.31|13.39|12.99|13.33|1024600|12.34
2008-02-29|13.35|13.68|13.12|13.25|942600|12.26
2008-02-28|13.98|13.98|13.47|13.54|784900|12.53
2008-02-27|13.64|14.29|13.09|14.06|804900|13.01
2008-02-26|12.55|14.32|12.52|13.74|1478400|12.72
2008-02-25|13.24|13.29|12.86|13.01|1513700|12.04
2008-02-22|13.47|13.54|13.18|13.29|950800|12.30
2008-02-21|13.94|14.08|13.36|13.42|322900|12.42
2008-02-20|13.49|13.91|13.39|13.81|338300|12.78
2008-02-19|13.66|13.83|13.40|13.49|324700|12.48
2008-02-15|13.51|13.60|13.19|13.53|336700|12.52
2008-02-14|14.10|14.18|13.53|13.63|483100|12.61
2008-02-13|13.84|14.10|13.68|14.08|433300|13.03
2008-02-12|13.40|13.82|13.37|13.68|289400|12.66
2008-02-11|13.56|13.56|13.23|13.36|574800|12.36
2008-02-08|13.84|13.87|13.42|13.61|285400|12.60
2008-02-07|13.47|14.09|13.47|13.90|320700|12.86
2008-02-06|13.83|13.96|13.43|13.49|259700|12.48
2008-02-05|13.57|14.13|13.43|13.75|296900|12.73
2008-02-04|14.21|14.21|13.80|13.82|414600|12.79
2008-02-01|13.73|14.30|13.65|14.22|364100|13.16
2008-01-31|12.88|13.82|12.88|13.61|484200|12.60
2008-01-30|13.20|13.51|13.04|13.08|345000|12.11
2008-01-29|13.35|13.56|13.18|13.33|340200|12.34
2008-01-28|13.21|13.35|12.95|13.30|308100|12.31
2008-01-25|13.47|13.79|13.03|13.25|433600|12.26
2008-01-24|13.65|13.96|13.23|13.26|472800|12.27
2008-01-23|11.93|13.80|11.85|13.60|1136100|12.59
2008-01-22|11.63|12.49|11.63|12.17|508600|11.26
2008-01-18|12.19|12.39|11.99|12.13|1089500|11.23
2008-01-17|12.12|12.23|11.92|12.13|591900|11.23
2008-01-16|11.89|12.38|11.89|12.13|822800|11.23
2008-01-15|11.88|11.93|11.70|11.87|674600|10.99
2008-01-14|11.96|12.40|11.75|12.07|825700|11.17
2008-01-11|12.22|12.22|11.72|11.86|682000|10.98
2008-01-10|11.70|12.59|11.60|12.33|540300|11.41
2008-01-09|11.54|11.90|11.42|11.81|530100|10.93
2008-01-08|12.05|12.30|11.51|11.59|841900|10.73
2008-01-07|11.80|12.19|11.71|12.02|774300|11.12
2008-01-04|11.95|11.95|11.30|11.72|760400|10.85
2008-01-03|12.78|12.78|11.86|12.09|942900|11.19
2008-01-02|13.22|13.40|12.71|12.80|389400|11.85
2007-12-31|13.14|13.23|12.90|13.23|367600|12.24
2007-12-28|13.76|13.79|13.16|13.16|234500|12.18
2007-12-27|13.53|13.86|13.52|13.77|378000|12.74
2007-12-26|13.44|13.59|13.41|13.47|225600|12.47
2007-12-24|12.96|13.56|12.94|13.56|152000|12.55
2007-12-21|13.22|13.23|12.88|13.04|532000|12.07
2007-12-20|12.90|13.00|12.58|13.00|536800|12.03
2007-12-19|12.89|13.09|12.52|12.75|400700|11.80
2007-12-18|12.97|13.11|12.25|12.94|570100|11.98
2007-12-17|12.72|13.03|12.55|12.84|509900|11.88
2007-12-14|12.90|12.99|12.68|12.77|441500|11.82
2007-12-13|13.21|13.37|12.94|13.11|293700|12.13
2007-12-12|13.77|13.79|13.17|13.35|380100|12.35
2007-12-11|13.92|14.00|13.29|13.45|386600|12.45
2007-12-10|13.87|14.05|13.71|13.84|353400|12.81
2007-12-07|13.95|13.98|13.68|13.73|592900|12.71
2007-12-06|13.13|13.88|13.10|13.79|727900|12.76
2007-12-05|13.47|13.51|13.05|13.25|351400|12.26
2007-12-04|13.42|13.55|13.17|13.31|408400|12.32
2007-12-03|13.81|13.84|13.52|13.57|506900|12.56
2007-11-30|13.92|14.02|13.75|13.86|417100|12.83
2007-11-29|13.74|13.83|13.59|13.79|435200|12.76
2007-11-28|13.46|13.82|13.44|13.80|904200|12.77
2007-11-27|13.51|13.56|13.25|13.34|533900|12.35
2007-11-26|13.59|13.68|13.40|13.44|524900|12.44
2007-11-23|13.43|13.56|13.34|13.54|114900|12.53
2007-11-21|13.51|13.51|13.17|13.25|514100|12.26
2007-11-20|13.80|14.02|13.37|13.56|882500|12.55
2007-11-19|13.77|13.95|13.57|13.83|442000|12.80
2007-11-16|13.71|13.98|13.62|13.89|508900|12.85
2007-11-15|14.02|14.04|13.77|13.86|494000|12.83
2007-11-14|14.32|14.32|14.00|14.06|518600|13.01
2007-11-13|14.11|14.35|14.03|14.26|833200|13.20
2007-11-12|13.63|14.13|13.52|14.01|834000|12.97
2007-11-09|14.05|14.05|13.67|13.76|823100|12.73
2007-11-08|13.83|14.31|13.56|14.18|911200|13.12
2007-11-07|14.23|14.34|13.65|13.68|707600|12.66
2007-11-06|14.31|14.44|14.24|14.41|568600|13.34
2007-11-05|14.54|14.74|14.37|14.51|517000|13.43
2007-11-02|15.20|15.20|14.65|14.74|732800|13.64
2007-11-01|15.20|15.46|14.94|15.05|1262800|13.93
2007-10-31|15.01|15.45|14.75|15.44|927600|14.29
2007-10-30|14.83|14.85|14.65|14.68|715100|13.59
2007-10-29|15.17|15.31|14.77|14.82|428500|13.72
2007-10-26|15.35|15.37|14.90|15.18|459300|14.05
2007-10-25|15.35|15.35|14.96|15.17|673900|14.04
2007-10-24|14.94|15.30|14.80|15.30|836600|14.16
2007-10-23|14.61|15.08|14.52|15.02|963400|13.90
2007-10-22|14.40|14.65|14.24|14.48|729700|13.40
2007-10-19|14.68|14.70|14.41|14.46|833000|13.38
2007-10-18|14.48|14.74|14.30|14.74|1411900|13.64
2007-10-17|14.25|14.86|14.09|14.63|1783700|13.54
2007-10-16|15.51|15.61|14.22|14.29|2538100|13.22
2007-10-15|16.68|16.78|16.30|16.56|700200|15.33
2007-10-12|16.78|16.90|16.70|16.75|499800|15.50
2007-10-11|16.99|16.99|16.69|16.81|634000|15.56
2007-10-10|16.85|16.96|16.80|16.88|501800|15.62
2007-10-09|16.87|17.05|16.80|16.94|691700|15.68
2007-10-08|17.20|17.20|16.80|16.89|374600|15.63
2007-10-05|17.11|17.40|17.01|17.21|237300|15.93
2007-10-04|17.34|17.34|16.75|16.94|330600|15.68
2007-10-03|17.16|17.28|17.09|17.25|202600|15.96
2007-10-02|17.22|17.30|17.19|17.25|218900|15.96
2007-10-01|16.64|17.27|16.64|17.17|316300|15.89
2007-09-28|16.58|16.77|16.44|16.59|347400|15.35
2007-09-27|16.78|16.84|16.55|16.65|218500|15.41
2007-09-26|16.68|16.98|16.52|16.72|441100|15.47
2007-09-25|16.77|16.80|16.50|16.57|428800|15.33
2007-09-24|17.15|17.16|16.76|16.84|218600|15.58
2007-09-21|17.35|17.41|17.12|17.18|363300|15.90
2007-09-20|17.42|17.48|17.02|17.19|233800|15.91
2007-09-19|17.38|17.75|17.24|17.56|340500|16.25
2007-09-18|16.69|17.26|16.55|17.20|278500|15.92
2007-09-17|16.82|16.89|16.59|16.65|491300|15.41
2007-09-14|16.62|16.98|16.32|16.94|914500|15.68
2007-09-13|16.86|16.92|16.56|16.81|332400|15.56
2007-09-12|17.00|17.18|16.74|16.83|309600|15.58
2007-09-11|16.88|17.23|16.81|17.03|639000|15.76
2007-09-10|17.21|17.34|16.71|16.84|352200|15.58
2007-09-07|17.40|17.49|17.07|17.14|393600|15.86
2007-09-06|17.74|17.88|17.35|17.67|329600|16.35
2007-09-05|17.34|17.81|17.34|17.61|563900|16.30
2007-09-04|17.74|17.74|17.38|17.66|291300|16.34
2007-08-31|17.49|17.66|17.21|17.59|315800|16.28
2007-08-30|17.31|17.55|17.13|17.27|304500|15.98
2007-08-29|16.99|17.63|16.87|17.52|474900|16.21
2007-08-28|17.25|17.28|16.88|16.93|358400|15.67
2007-08-27|17.60|17.61|17.29|17.35|330000|16.06
2007-08-24|17.36|17.81|17.14|17.74|338100|16.42
2007-08-23|17.84|17.93|17.33|17.35|442000|16.06
2007-08-22|17.60|17.87|17.45|17.81|328300|16.48
2007-08-21|17.60|18.11|17.49|17.54|386800|16.23
2007-08-20|17.76|18.08|17.64|17.69|522000|16.37
2007-08-17|17.57|18.24|17.56|17.72|735000|16.40
2007-08-16|17.39|18.10|17.23|17.59|1597400|16.28
2007-08-15|17.34|17.47|16.97|16.99|542900|15.72
2007-08-14|17.74|17.76|17.28|17.39|692700|16.09
2007-08-13|17.55|17.97|17.40|17.66|1063900|16.34
2007-08-10|15.57|17.40|15.50|17.13|2226900|15.85
2007-08-09|16.50|16.60|15.06|15.80|3574000|14.62
2007-08-08|17.98|18.32|16.37|16.95|1749600|15.69
2007-08-07|17.97|18.15|17.36|17.76|1100000|16.44
2007-08-06|17.81|18.34|17.41|18.05|1039700|16.70
2007-08-03|18.99|19.15|17.70|17.73|1138900|16.41
2007-08-02|19.01|19.24|18.67|19.02|622000|17.60
2007-08-01|19.30|19.67|18.42|18.97|845100|17.56
2007-07-31|19.45|19.83|19.08|19.15|481500|17.72
2007-07-30|19.49|19.75|19.09|19.29|622600|17.85
2007-07-27|19.87|20.40|19.35|19.50|868800|18.05
2007-07-26|20.50|20.64|19.68|19.96|908000|18.47
2007-07-25|21.25|21.25|20.40|20.71|1189300|19.17
2007-07-24|19.25|21.58|19.21|21.21|3583200|19.63
2007-07-23|18.29|18.61|18.24|18.28|575400|16.92
2007-07-20|18.48|18.55|18.12|18.31|409000|16.95
2007-07-19|18.39|18.56|18.31|18.52|425400|17.14
2007-07-18|18.52|18.80|18.27|18.39|662500|17.02
2007-07-17|18.78|18.89|18.57|18.62|349600|17.23
2007-07-16|18.68|18.83|18.42|18.69|459000|17.30
2007-07-13|18.77|18.81|18.54|18.79|298400|17.39
2007-07-12|18.81|19.02|18.79|18.83|369000|17.43
2007-07-11|18.42|18.86|18.37|18.73|772200|17.33
2007-07-10|18.64|18.72|18.39|18.47|570800|17.09
2007-07-09|18.88|18.96|18.72|18.76|392000|17.36
2007-07-06|18.65|18.88|18.62|18.80|369800|17.40
2007-07-05|18.48|18.77|18.46|18.62|386400|17.23
2007-07-03|18.38|18.45|18.30|18.43|403400|17.06
2007-07-02|18.40|18.74|18.16|18.38|697000|17.01
2007-06-29|18.41|18.47|18.14|18.27|634300|16.91
2007-06-28|18.35|18.49|18.23|18.36|684800|16.99
2007-06-27|17.95|18.36|17.89|18.31|878900|16.95
2007-06-26|18.02|18.21|17.90|18.04|919000|16.70
2007-06-25|18.38|18.49|17.96|18.00|1438800|16.66
2007-06-22|18.30|18.58|18.25|18.37|848500|17.00
2007-06-21|18.68|18.71|18.18|18.33|997100|16.96
2007-06-20|18.93|18.93|18.65|18.67|598500|17.28
2007-06-19|18.70|18.91|18.60|18.86|672100|17.45
2007-06-18|18.82|18.82|18.56|18.63|940100|17.24
2007-06-15|19.12|19.12|18.75|18.82|1144200|17.42
2007-06-14|19.05|19.15|18.75|18.82|844500|17.42
2007-06-13|19.21|19.21|18.92|19.08|846700|17.66
2007-06-12|19.21|19.32|19.03|19.10|490000|17.68
2007-06-11|19.38|19.44|19.25|19.27|541000|17.83
2007-06-08|19.33|19.50|19.21|19.46|331800|18.01
2007-06-07|19.60|19.64|19.30|19.33|688500|17.89
2007-06-06|19.70|19.80|19.51|19.60|957800|18.14
2007-06-05|19.86|19.87|19.63|19.81|975700|18.33
2007-06-04|19.87|19.94|19.66|19.88|791000|18.40
2007-06-01|19.62|19.76|19.61|19.70|671600|18.23
2007-05-31|19.47|19.66|19.39|19.62|941500|18.16
2007-05-30|19.40|19.53|19.35|19.45|738000|18.00
2007-05-29|19.66|19.66|19.38|19.57|633900|18.11
2007-05-25|19.70|19.79|19.47|19.63|504900|18.17
2007-05-24|19.58|19.76|19.36|19.58|1060600|18.12
2007-05-23|19.77|19.88|19.63|19.67|402400|18.20
2007-05-22|19.68|19.80|19.50|19.79|392200|18.31
2007-05-21|19.59|19.89|19.54|19.70|829700|18.23
2007-05-18|19.64|19.76|19.45|19.59|714000|18.13
2007-05-17|19.82|19.83|19.53|19.64|1406800|18.18
2007-05-16|19.95|20.02|19.75|19.89|787800|18.41
2007-05-15|20.23|20.30|19.90|19.94|700700|18.45
2007-05-14|19.98|20.21|19.98|20.21|1058800|18.70
2007-05-11|19.74|20.09|19.74|20.01|738600|18.52
2007-05-10|20.05|20.20|19.70|19.75|1025600|18.28
2007-05-09|19.91|20.20|19.83|20.12|1049300|18.62
2007-05-08|19.70|19.90|19.63|19.86|1602500|18.38
2007-05-07|19.00|19.95|18.95|19.63|3862600|18.17
2007-05-04|32.31|32.39|31.75|32.37|1156600|17.46
2007-05-03|32.05|32.24|31.82|31.99|835700|17.26
2007-05-02|31.75|32.25|31.12|32.07|2254800|17.30
2007-05-01|32.35|32.65|31.55|32.60|1158000|17.59
2007-04-30|32.90|33.06|32.17|32.25|1019400|17.40
2007-04-27|33.07|33.14|32.79|32.92|472600|17.76
2007-04-26|33.84|33.84|32.82|33.06|1004300|17.84
2007-04-25|32.85|33.00|32.66|32.81|1384300|17.70
2007-04-24|33.40|33.42|32.59|32.70|1416100|17.64
2007-04-23|33.15|33.67|33.12|33.21|1613000|17.92
2007-04-20|32.98|33.30|32.73|33.26|1688000|17.94
2007-04-19|33.39|33.40|32.15|32.62|2005500|17.60
2007-04-18|35.67|35.67|33.61|33.63|3246000|18.14
2007-04-17|33.66|33.73|33.25|33.51|325300|18.08
2007-04-16|33.20|33.94|33.20|33.66|453200|18.16
2007-04-13|33.11|33.15|32.91|33.10|370300|17.86
2007-04-12|33.05|33.22|32.62|33.16|217100|17.89
2007-04-11|33.60|33.60|32.87|33.16|149800|17.89
2007-04-10|33.50|33.69|33.44|33.56|104800|18.11
2007-04-09|33.49|33.80|33.45|33.57|201800|18.11
2007-04-05|33.49|33.61|33.48|33.52|89300|18.08
2007-04-04|33.98|33.99|33.40|33.54|254000|18.09
2007-04-03|33.05|33.62|33.03|33.49|315400|18.07
2007-04-02|32.50|33.08|32.50|32.97|537200|17.79
2007-03-30|32.19|32.53|32.10|32.47|432500|17.52
2007-03-29|32.30|32.44|31.96|32.09|367500|17.31
2007-03-28|32.00|32.24|31.82|32.00|786900|17.26
2007-03-27|31.90|32.02|31.63|32.00|634700|17.26
2007-03-26|31.95|32.03|31.64|32.00|499000|17.26
2007-03-23|31.95|32.08|31.81|32.08|499500|17.31
2007-03-22|32.01|32.04|31.75|31.85|207500|17.18
2007-03-21|31.95|32.11|31.66|31.93|335200|17.23
2007-03-20|31.60|31.98|31.60|31.97|164500|17.25
2007-03-19|31.40|31.95|31.40|31.81|292000|17.16
2007-03-16|31.55|31.65|30.98|31.30|687600|16.89
2007-03-15|30.95|31.50|30.88|31.49|830600|16.99
2007-03-14|30.85|31.20|30.28|30.90|443200|16.67
2007-03-13|31.34|31.40|30.76|30.85|302000|16.64
2007-03-12|31.33|31.64|31.30|31.50|379800|16.99
2007-03-09|31.40|31.52|31.30|31.35|246000|16.91
2007-03-08|31.20|31.35|30.96|31.27|245600|16.87
2007-03-07|30.76|31.11|30.70|30.93|297600|16.69
2007-03-06|30.68|30.92|30.47|30.83|306200|16.63
2007-03-05|30.70|30.71|30.42|30.46|384700|16.43
2007-03-02|30.70|31.14|30.68|30.83|416900|16.63
2007-03-01|30.35|31.39|30.12|31.17|522600|16.82
2007-02-28|31.05|31.45|30.80|30.86|791200|16.65
2007-02-27|31.40|31.50|31.00|31.08|451200|16.77
2007-02-26|31.85|31.90|31.55|31.70|559200|17.10
2007-02-23|31.80|32.13|31.45|31.95|664100|17.24
2007-02-22|32.25|32.32|31.94|32.30|444600|17.43
2007-02-21|32.02|32.37|32.00|32.30|246100|17.43
2007-02-20|32.00|32.32|31.65|32.09|328100|17.31
2007-02-16|31.97|32.05|31.80|32.05|463400|17.29
2007-02-15|31.81|32.20|31.70|31.97|331100|17.25
2007-02-14|31.82|32.16|31.70|31.76|555500|17.13
2007-02-13|31.85|31.98|31.73|31.82|696800|17.17
2007-02-12|31.88|31.92|31.57|31.71|830400|17.11
2007-02-09|31.94|32.18|31.60|31.75|683500|17.13
2007-02-08|32.22|32.24|31.80|31.95|892500|17.24
2007-02-07|29.85|32.40|29.85|32.38|4274000|17.47
2007-02-06|28.75|28.78|28.50|28.70|215700|15.48
2007-02-05|28.91|28.91|28.59|28.68|154100|15.47
2007-02-02|28.75|28.93|28.42|28.91|474000|15.60
2007-02-01|28.70|28.74|28.30|28.50|438000|15.38
2007-01-31|28.40|28.60|28.32|28.57|634400|15.41
2007-01-30|28.45|28.53|28.38|28.44|311700|15.34
2007-01-29|28.61|28.61|28.36|28.43|344600|15.34
2007-01-26|28.61|28.66|28.43|28.61|218300|15.44
2007-01-25|28.70|28.81|28.43|28.61|407100|15.44
2007-01-24|28.71|28.94|28.69|28.80|187400|15.54
2007-01-23|28.70|28.83|28.56|28.64|435100|15.45
2007-01-22|28.70|28.85|28.58|28.76|387000|15.52
2007-01-19|28.78|28.78|28.51|28.70|508800|15.48
2007-01-18|28.79|29.00|28.71|28.78|429500|15.53
2007-01-17|28.77|28.92|28.57|28.79|541600|15.53
2007-01-16|28.96|29.10|28.70|28.77|381000|15.52
2007-01-12|28.84|29.03|28.75|28.90|142400|15.59
2007-01-11|28.60|29.06|28.56|28.94|471400|15.61
2007-01-10|28.50|28.63|28.37|28.62|270400|15.44
2007-01-09|28.01|28.50|28.01|28.50|468200|15.38
2007-01-08|27.90|28.15|27.55|28.00|777800|15.11
2007-01-05|28.25|28.25|27.99|28.00|229900|15.11
2007-01-04|28.04|28.43|27.70|28.36|336400|15.30
2007-01-03|27.80|28.19|27.78|28.04|533600|15.13
2006-12-29|28.35|28.45|27.99|28.00|191100|15.11
2006-12-28|28.30|28.50|28.19|28.35|118800|15.29
2006-12-27|28.15|28.36|28.02|28.36|148600|15.30
2006-12-26|27.78|28.13|27.78|28.02|213000|15.12
2006-12-22|27.63|27.83|27.47|27.79|323600|14.99
2006-12-21|27.98|28.01|27.42|27.66|684700|14.92
2006-12-20|27.95|28.18|27.88|27.98|334700|15.10
2006-12-19|27.80|27.91|27.51|27.88|428100|15.04
2006-12-18|27.71|28.08|27.71|27.90|477600|15.05
2006-12-15|27.68|27.80|27.60|27.75|502000|14.97
2006-12-14|27.32|27.72|27.30|27.51|284500|14.84
2006-12-13|27.43|27.43|27.13|27.30|331200|14.73
2006-12-12|27.26|27.38|27.10|27.27|268900|14.65
2006-12-11|27.20|27.47|27.16|27.31|138500|14.67
2006-12-08|27.20|27.46|27.10|27.25|193400|14.64
2006-12-07|26.97|27.32|26.87|27.28|234300|14.65
2006-12-06|27.22|27.23|26.83|26.97|419800|14.49
2006-12-05|27.30|27.50|27.08|27.33|415700|14.68
2006-12-04|26.89|27.75|26.89|27.42|347800|14.73
2006-12-01|27.47|27.47|26.40|26.90|937500|14.45
2006-11-30|27.85|27.86|27.42|27.46|454400|14.75
2006-11-29|27.67|28.00|27.48|27.88|482700|14.98
2006-11-28|26.97|27.51|26.87|27.42|477500|14.73
2006-11-27|27.85|27.85|27.09|27.09|425500|14.55
2006-11-24|27.52|28.06|27.48|28.02|179100|15.05
2006-11-22|27.66|27.85|27.51|27.77|96200|14.92
2006-11-21|27.58|27.69|27.45|27.56|215200|14.80
2006-11-20|27.48|27.79|27.35|27.60|195000|14.82
2006-11-17|27.71|27.71|27.35|27.48|250100|14.76
2006-11-16|27.60|27.78|27.44|27.71|167300|14.88
2006-11-15|27.40|27.85|27.40|27.53|485800|14.79
2006-11-14|27.32|27.40|26.90|27.29|359000|14.66
2006-11-13|27.37|27.56|27.14|27.25|299800|14.64
2006-11-10|27.01|27.43|26.99|27.43|227300|14.73
2006-11-09|27.34|27.34|26.85|27.03|259700|14.52
2006-11-08|26.93|27.55|26.73|27.29|327900|14.66
2006-11-07|26.73|27.15|26.73|26.96|225900|14.48
2006-11-06|26.19|27.00|26.19|26.93|450400|14.46
2006-11-03|26.34|26.34|25.80|25.98|383400|13.95
2006-11-02|26.59|26.71|26.33|26.34|385500|14.15
2006-11-01|27.22|27.22|26.59|26.82|605500|14.41
2006-10-31|27.37|27.41|26.94|27.18|273600|14.60
2006-10-30|26.88|27.35|26.66|27.32|136800|14.67
2006-10-27|27.13|27.23|26.75|26.88|219700|14.44
2006-10-26|27.43|27.43|26.83|27.30|213400|14.66
2006-10-25|26.71|27.44|26.71|27.20|372700|14.61
2006-10-24|26.51|26.88|26.47|26.76|515700|14.37
2006-10-23|26.32|26.98|26.17|26.67|324600|14.33
2006-10-20|26.53|26.56|26.13|26.50|491300|14.23
2006-10-19|26.56|26.66|26.31|26.49|261600|14.23
2006-10-18|26.70|27.07|26.55|26.69|506500|14.34
2006-10-17|26.79|26.93|26.25|26.70|536500|14.34
2006-10-16|26.39|27.10|26.13|27.10|465600|14.56
2006-10-13|26.52|26.93|26.27|26.39|486500|14.17
2006-10-12|24.35|26.79|24.31|26.51|1579200|14.24
2006-10-11|25.98|26.07|25.56|25.56|847800|13.73
2006-10-10|26.44|26.45|25.98|26.16|677900|14.05
2006-10-09|26.62|26.63|26.42|26.47|1103700|14.22
2006-10-06|26.45|26.90|26.37|26.71|284600|14.35
2006-10-05|26.71|27.06|26.69|26.95|590200|14.48
2006-10-04|26.00|26.89|25.98|26.76|629000|14.37
2006-10-03|25.58|26.13|25.35|26.03|492000|13.98
2006-10-02|25.67|26.12|25.45|25.57|375900|13.73
2006-09-29|25.56|26.11|25.56|25.65|360600|13.78
2006-09-28|25.58|25.80|25.35|25.56|330000|13.73
2006-09-27|25.63|25.95|25.32|25.58|406800|13.74
2006-09-26|25.69|26.02|25.53|25.79|236000|13.85
2006-09-25|24.85|25.80|24.85|25.77|355300|13.84
2006-09-22|24.92|25.00|24.63|24.91|301400|13.38
2006-09-21|25.85|25.85|24.90|25.05|466800|13.45
2006-09-20|25.00|25.94|25.00|25.80|480400|13.86
2006-09-19|24.93|25.00|24.57|24.95|372900|13.40
2006-09-18|25.75|25.75|24.86|25.00|724100|13.43
2006-09-15|25.85|26.11|25.44|25.85|519100|13.88
2006-09-14|25.21|25.66|24.81|25.66|507100|13.78
2006-09-13|25.30|25.35|24.98|25.20|350400|13.54
2006-09-12|24.55|25.41|24.43|25.36|381100|13.56
2006-09-11|24.13|24.60|24.10|24.48|329400|13.09
2006-09-08|24.10|24.50|24.00|24.38|233400|13.03
2006-09-07|24.35|24.41|23.95|24.00|285800|12.83
2006-09-06|24.40|24.50|24.16|24.46|495400|13.08
2006-09-05|24.50|24.52|24.31|24.50|365000|13.10
2006-09-01|24.50|24.57|24.34|24.51|201200|13.10
2006-08-31|24.29|24.51|24.21|24.45|308300|13.07
2006-08-30|24.11|24.47|24.03|24.37|151800|13.03
2006-08-29|23.89|24.35|23.80|24.05|445500|12.86
2006-08-28|23.25|23.88|23.25|23.77|234400|12.71
2006-08-25|23.63|23.63|23.00|23.31|440400|12.46
2006-08-24|24.15|24.20|23.63|23.68|722000|12.66
2006-08-23|24.10|24.35|24.01|24.25|250000|12.96
2006-08-22|24.20|24.39|23.88|24.07|591200|12.87
2006-08-21|24.40|24.41|24.04|24.28|162200|12.98
2006-08-18|24.60|24.60|24.25|24.53|358800|13.11
2006-08-17|24.08|24.77|24.04|24.72|372500|13.21
2006-08-16|24.45|24.49|23.91|24.07|674300|12.87
2006-08-15|23.63|24.13|23.57|24.13|378600|12.90
2006-08-14|23.57|23.91|23.30|23.38|278600|12.50
2006-08-11|23.48|23.62|23.20|23.51|296400|12.57
2006-08-10|22.93|23.59|22.86|23.51|555400|12.57
2006-08-09|23.25|23.52|22.83|23.00|702200|12.30
2006-08-08|23.57|23.79|23.21|23.25|413200|12.43
2006-08-07|23.35|23.61|23.19|23.57|381900|12.60
2006-08-04|23.75|24.27|23.14|23.52|768400|12.57
2006-08-03|22.80|23.70|22.62|23.47|731600|12.55
2006-08-02|22.53|23.01|22.53|22.99|575900|12.29
2006-08-01|22.75|22.76|22.40|22.50|649700|12.03
2006-07-31|22.43|22.87|22.32|22.74|523700|12.16
2006-07-28|22.45|22.58|22.20|22.43|323800|11.99
2006-07-27|22.56|22.86|22.24|22.30|660100|11.92
2006-07-26|22.76|22.88|22.31|22.46|884900|12.01
2006-07-25|22.69|22.89|22.50|22.80|711300|12.19
2006-07-24|22.26|22.73|22.26|22.50|978100|12.03
2006-07-21|21.84|22.26|21.55|22.25|1231100|11.89
2006-07-20|22.20|22.56|21.01|21.84|3228900|11.68
2006-07-19|23.29|23.89|23.25|23.88|590500|12.77
2006-07-18|23.49|23.55|23.01|23.29|329400|12.45
2006-07-17|23.05|23.38|22.94|23.17|244700|12.39
2006-07-14|23.24|23.25|22.76|23.08|693600|12.34
2006-07-13|23.75|23.75|23.20|23.30|501600|12.46
2006-07-12|24.43|24.65|23.90|23.92|500000|12.79
2006-07-11|24.42|24.65|24.12|24.50|351500|13.10
2006-07-10|24.39|24.84|24.39|24.51|266500|13.10
2006-07-07|24.40|24.60|24.24|24.35|424300|13.02
2006-07-06|24.35|24.74|24.30|24.61|309900|13.16
2006-07-05|24.44|24.52|24.07|24.36|545600|13.02
2006-07-03|24.66|24.72|24.44|24.55|151300|13.12
2006-06-30|24.98|25.00|24.55|24.74|664400|13.23
2006-06-29|23.70|25.05|23.70|24.81|1085000|13.26
2006-06-28|23.83|23.83|23.45|23.56|462000|12.59
2006-06-27|24.00|24.26|23.56|23.85|467400|12.75
2006-06-26|23.53|24.29|23.48|23.92|457900|12.79
2006-06-23|23.25|23.70|23.17|23.28|154400|12.45
2006-06-22|23.48|23.64|23.07|23.31|303900|12.46
2006-06-21|23.43|24.20|23.37|23.61|413500|12.62
2006-06-20|22.91|23.60|22.89|23.30|177800|12.46
2006-06-19|23.52|23.64|22.84|22.97|335200|12.28
2006-06-16|24.09|24.11|23.45|23.55|591500|12.59
2006-06-15|23.30|24.25|23.24|24.12|239200|12.89
2006-06-14|23.05|23.14|22.90|23.06|358200|12.33
2006-06-13|23.13|23.45|22.88|23.10|574900|12.35
2006-06-12|23.91|23.98|23.27|23.29|217500|12.39
2006-06-09|23.90|24.13|23.82|23.90|298000|12.71
2006-06-08|23.82|24.05|23.58|23.90|572200|12.71
2006-06-07|23.82|24.08|23.67|23.82|463700|12.67
2006-06-06|23.92|23.98|23.66|23.81|346900|12.66
2006-06-05|24.45|24.47|23.80|23.80|382100|12.66
2006-06-02|24.60|24.72|24.38|24.56|463700|13.06
2006-06-01|24.80|24.81|24.04|24.50|1329800|13.03
2006-05-31|23.57|23.86|23.45|23.68|473400|12.59
2006-05-30|24.43|24.43|23.57|23.57|531200|12.54
2006-05-26|24.45|24.73|24.35|24.44|324600|13.00
2006-05-25|24.30|24.40|24.00|24.30|428900|12.92
2006-05-24|24.06|24.18|23.70|24.12|616400|12.83
2006-05-23|24.65|24.70|24.20|24.20|338300|12.87
2006-05-22|24.65|24.76|24.22|24.44|649300|13.00
2006-05-19|24.89|24.95|24.55|24.76|318400|13.17
2006-05-18|25.28|25.44|24.81|24.89|381300|13.24
2006-05-17|25.20|25.39|25.04|25.28|363500|13.44
2006-05-16|25.04|25.35|24.94|25.25|391500|13.43
2006-05-15|24.70|25.15|24.52|25.05|441400|13.32
2006-05-12|25.41|25.47|24.76|24.89|404600|13.24
2006-05-11|25.89|25.89|25.36|25.57|247400|13.60
2006-05-10|26.20|26.35|25.98|25.99|184800|13.82
2006-05-09|26.38|26.46|26.16|26.32|306300|14.00
2006-05-08|26.25|26.58|26.19|26.43|174600|14.06
2006-05-05|26.10|26.39|26.05|26.31|250300|13.99
2006-05-04|25.65|26.24|25.57|26.02|543700|13.84
2006-05-03|25.28|25.65|25.20|25.55|652900|13.59
2006-05-02|25.23|25.42|25.03|25.33|542000|13.47
2006-05-01|26.32|26.32|25.25|25.28|826300|13.44
2006-04-28|26.10|26.80|25.70|26.33|524100|14.00
2006-04-27|26.97|27.10|26.35|26.35|557900|14.01
2006-04-26|27.27|27.82|27.27|27.60|341300|14.68
2006-04-25|27.20|27.32|26.92|27.20|264100|14.47
2006-04-24|27.37|27.37|27.10|27.20|289400|14.47
2006-04-21|28.04|28.04|27.32|27.53|160300|14.64
2006-04-20|27.85|28.18|27.68|28.04|121100|14.91
2006-04-19|27.64|28.00|27.64|27.93|142600|14.85
2006-04-18|27.18|27.74|26.97|27.70|230300|14.73
2006-04-17|27.05|27.36|27.02|27.18|160000|14.46
2006-04-13|27.18|27.32|26.96|27.10|120200|14.41
2006-04-12|26.58|27.28|26.52|27.22|294900|14.48
2006-04-11|27.24|27.31|26.79|26.83|313900|14.27
2006-04-10|27.65|27.70|27.12|27.27|288100|14.50
2006-04-07|27.80|28.05|27.60|27.60|226500|14.68
2006-04-06|27.88|27.91|27.55|27.79|211700|14.78
2006-04-05|28.00|28.00|27.31|27.87|422400|14.82
2006-04-04|28.51|28.53|27.93|28.01|393300|14.90
2006-04-03|28.60|28.90|28.26|28.62|304200|15.22
2006-03-31|28.47|28.65|28.20|28.55|307500|15.18
2006-03-30|28.76|28.90|28.31|28.50|221300|15.16
2006-03-29|28.90|28.90|28.40|28.75|191400|15.29
2006-03-28|28.31|28.72|28.16|28.40|259900|15.10
2006-03-27|28.45|28.63|28.28|28.33|226700|15.07
2006-03-24|28.42|28.60|28.25|28.42|192400|15.11
2006-03-23|28.45|28.68|28.09|28.58|371000|15.20
2006-03-22|27.70|28.55|27.70|28.52|523400|15.17
2006-03-21|28.15|28.15|27.66|27.76|543800|14.76
2006-03-20|28.18|28.21|27.86|28.15|418100|14.97
2006-03-17|28.34|28.38|27.96|28.12|480800|14.95
2006-03-16|28.00|28.55|27.96|28.38|620600|15.09
2006-03-15|27.50|28.00|27.41|27.97|728200|14.88
2006-03-14|26.98|27.50|26.90|27.47|648300|14.61
2006-03-13|26.30|26.85|26.30|26.82|577000|14.26
2006-03-10|26.10|26.22|26.00|26.22|298000|13.88
2006-03-09|25.88|26.22|25.78|26.15|284800|13.84
2006-03-08|25.41|25.99|25.41|25.90|377700|13.71
2006-03-07|26.23|26.23|25.46|25.52|415000|13.51
2006-03-06|26.30|26.38|26.15|26.33|294000|13.94
2006-03-03|26.30|26.41|26.05|26.30|569500|13.92
2006-03-02|26.10|26.48|25.99|26.48|472500|14.02
2006-03-01|25.56|26.29|25.51|26.24|670300|13.89
2006-02-28|25.80|25.87|25.45|25.50|291900|13.50
2006-02-27|25.60|26.06|25.55|25.90|320400|13.71
2006-02-24|25.89|25.91|25.57|25.70|412500|13.61
2006-02-23|26.05|26.30|25.78|25.80|321300|13.66
2006-02-22|26.00|26.15|25.73|25.99|265400|13.76
2006-02-21|26.34|26.35|25.90|26.00|502100|13.76
2006-02-17|25.39|26.35|25.39|26.29|377500|13.92
2006-02-16|26.40|26.40|26.19|26.32|243400|13.93
2006-02-15|26.29|26.44|26.12|26.35|393300|13.95
2006-02-14|26.29|26.40|26.22|26.29|425200|13.92
2006-02-13|25.81|26.25|25.80|26.15|503900|13.84
2006-02-10|25.78|25.90|25.65|25.76|295000|13.64
2006-02-09|25.70|25.97|25.67|25.85|332700|13.68
2006-02-08|25.82|25.82|25.55|25.64|216900|13.57
2006-02-07|25.70|25.95|25.68|25.82|403000|13.67
2006-02-06|25.49|25.89|25.41|25.70|437000|13.61
2006-02-03|25.41|25.80|25.29|25.52|314200|13.51
2006-02-02|25.25|25.50|25.19|25.35|373300|13.42
2006-02-01|24.85|25.45|24.84|25.33|394400|13.41
2006-01-31|25.00|25.05|24.65|24.91|170800|13.19
2006-01-30|25.34|25.34|24.82|25.00|329700|13.23
2006-01-27|25.35|25.55|25.11|25.34|597800|13.41
2006-01-26|24.98|25.45|24.75|25.21|384500|13.35
2006-01-25|24.54|24.99|24.53|24.98|408100|13.22
2006-01-24|24.14|24.50|24.14|24.50|493700|12.97
2006-01-23|24.05|24.34|23.99|24.15|329300|12.78
2006-01-20|24.45|24.50|24.00|24.08|379400|12.75
2006-01-19|24.07|24.55|24.04|24.39|324400|12.91
2006-01-18|23.73|24.12|23.70|24.08|506400|12.75
2006-01-17|24.05|24.16|24.00|24.05|302300|12.73
2006-01-13|24.01|24.16|24.01|24.12|403700|12.77
2006-01-12|24.12|24.21|23.90|24.05|631600|12.73
2006-01-11|25.50|25.50|23.67|24.26|1473800|12.84
2006-01-10|25.44|25.68|25.36|25.55|294400|13.53
2006-01-09|25.57|25.66|25.23|25.55|507100|13.53
2006-01-06|25.09|25.49|25.05|25.20|526700|13.34
2006-01-05|24.90|25.06|24.83|24.93|278700|13.20
2006-01-04|24.70|24.95|24.70|24.86|294200|13.16
2006-01-03|24.36|24.98|24.30|24.79|454700|13.12
2005-12-30|24.35|24.36|24.11|24.20|329000|12.81
2005-12-29|24.75|24.80|24.36|24.38|204400|12.91
2005-12-28|25.02|25.09|24.53|24.65|300100|13.05
2005-12-27|25.04|25.14|25.00|25.05|294900|13.26
2005-12-23|25.01|25.35|24.72|25.04|823800|13.26
2005-12-22|24.30|24.54|24.25|24.45|193400|12.94
2005-12-21|24.30|24.40|24.13|24.29|363700|12.86
2005-12-20|24.23|24.55|24.10|24.33|362900|12.88
2005-12-19|24.30|24.33|24.00|24.00|297700|12.71
2005-12-16|24.57|24.67|24.56|24.59|400500|13.02
2005-12-15|24.75|24.75|24.48|24.60|419700|13.02
2005-12-14|25.00|25.00|24.70|24.71|139900|13.08
2005-12-13|24.65|24.99|24.65|24.99|397100|13.23
2005-12-12|24.78|24.86|24.65|24.69|463000|13.02
2005-12-09|24.80|24.95|24.62|24.66|131000|13.00
2005-12-08|24.82|24.93|24.51|24.80|323800|13.08
2005-12-07|24.97|24.97|24.66|24.75|383600|13.05
2005-12-06|24.99|25.21|24.82|24.92|340300|13.14
2005-12-05|25.11|25.16|24.92|24.97|330600|13.17
2005-12-02|25.35|25.35|24.96|25.10|289500|13.23
2005-12-01|25.03|25.49|25.02|25.30|506300|13.34
2005-11-30|24.96|25.25|24.90|25.00|553800|13.18
2005-11-29|24.99|25.02|24.91|24.99|296700|13.18
2005-11-28|24.50|25.00|24.50|24.90|446200|13.13
2005-11-25|24.85|24.85|24.53|24.55|73500|12.94
2005-11-23|24.85|25.00|24.85|24.95|143600|13.15
2005-11-22|24.89|24.99|24.50|24.91|307700|13.13
2005-11-21|24.63|24.89|24.53|24.88|387800|13.12
2005-11-18|24.50|24.69|24.31|24.63|650800|12.99
2005-11-17|24.28|24.36|23.92|24.35|427500|12.84
2005-11-16|23.98|24.26|23.73|24.09|524300|12.70
2005-11-15|23.88|24.03|23.55|23.76|334800|12.53
2005-11-14|24.09|24.48|23.80|23.89|494800|12.60
2005-11-11|25.59|25.59|23.69|23.97|1438600|12.64
2005-11-10|25.21|25.90|25.14|25.64|276300|13.52
2005-11-09|25.20|25.40|24.99|25.21|369500|13.29
2005-11-08|24.90|25.37|24.79|25.30|339900|13.34
2005-11-07|24.90|25.07|24.60|24.98|230400|13.17
2005-11-04|24.79|25.00|24.61|24.80|286400|13.08
2005-11-03|24.50|24.82|24.41|24.70|342900|13.02
2005-11-02|24.11|24.60|24.07|24.35|509700|12.84
2005-11-01|23.85|24.30|23.71|24.11|252100|12.71
2005-10-31|24.05|24.20|23.80|23.92|428300|12.61
2005-10-28|24.24|24.36|23.70|23.90|527300|12.60
2005-10-27|24.25|24.73|24.10|24.24|781300|12.78
2005-10-26|23.78|24.85|23.66|24.28|710800|12.80
2005-10-25|22.35|24.25|22.31|23.90|883500|12.60
2005-10-24|21.20|22.18|21.20|21.60|304800|11.39
2005-10-21|21.50|21.70|21.30|21.31|210300|11.24
2005-10-20|21.35|21.63|21.35|21.50|168100|11.34
2005-10-19|21.00|21.29|20.56|21.29|724600|11.23
2005-10-18|21.65|21.72|21.12|21.16|281200|11.16
2005-10-17|21.85|21.85|21.54|21.72|114800|11.45
2005-10-14|21.68|21.98|21.40|21.88|244800|11.54
2005-10-13|21.07|21.65|20.94|21.58|369400|11.38
2005-10-12|21.42|21.55|20.73|21.07|344500|11.11
2005-10-11|21.84|21.84|21.43|21.47|187000|11.32
2005-10-10|21.76|22.25|21.75|21.85|190600|11.52
2005-10-07|22.23|22.38|22.04|22.21|57300|11.71
2005-10-06|22.21|22.45|21.83|22.13|199200|11.67
2005-10-05|22.70|22.89|22.20|22.20|154500|11.70
2005-10-04|22.82|22.91|22.55|22.69|180200|11.96
2005-10-03|23.32|23.44|22.69|22.69|305200|11.96
2005-09-30|22.60|23.42|22.57|23.32|321000|12.30
2005-09-29|22.00|22.76|21.91|22.68|367800|11.96
2005-09-28|22.58|22.62|21.81|21.87|205900|11.53
2005-09-27|22.26|22.80|22.20|22.60|163300|11.92
2005-09-26|22.30|22.66|22.07|22.26|116600|11.74
2005-09-23|22.16|22.51|22.11|22.20|203600|11.70
2005-09-22|21.60|22.34|21.45|22.10|286700|11.65
2005-09-21|21.52|21.67|21.21|21.46|473200|11.31
2005-09-20|22.08|22.40|21.47|21.52|205900|11.35
2005-09-19|22.51|22.60|21.61|21.89|161000|11.54
2005-09-16|22.05|22.57|21.82|22.50|323100|11.86
2005-09-15|22.33|22.35|21.50|21.88|384600|11.54
2005-09-14|23.03|23.10|22.10|22.40|286000|11.81
2005-09-13|23.55|23.60|23.03|23.05|406500|12.15
2005-09-12|23.50|23.73|23.49|23.65|263100|12.42
2005-09-09|23.52|23.98|23.42|23.66|271000|12.42
2005-09-08|23.80|24.15|23.50|23.58|318200|12.38
2005-09-07|23.35|23.97|23.35|23.90|373800|12.55
2005-09-06|22.32|23.50|22.32|23.35|429500|12.26
2005-09-02|22.27|22.49|22.27|22.37|208400|11.74
2005-09-01|22.90|22.92|21.97|22.30|525100|11.71
2005-08-31|22.85|23.04|22.62|23.00|278200|12.08
2005-08-30|22.90|23.24|22.78|22.87|295700|12.01
2005-08-29|22.66|22.96|22.37|22.86|207500|12.00
2005-08-26|22.97|22.97|22.40|22.65|255200|11.89
2005-08-25|22.73|23.01|22.66|22.97|303500|12.06
2005-08-24|23.00|23.06|22.50|22.70|430000|11.92
2005-08-23|22.99|23.26|22.78|23.10|305500|12.13
2005-08-22|22.65|23.26|22.59|22.98|447300|12.06
2005-08-19|23.10|23.25|22.75|23.01|396300|12.08
2005-08-18|23.44|23.49|23.10|23.13|507200|12.14
2005-08-17|24.00|24.01|23.53|23.64|904800|12.41
2005-08-16|24.45|24.58|24.13|24.48|353500|12.85
2005-08-15|24.46|24.70|24.10|24.49|315500|12.86
2005-08-12|24.90|24.95|24.50|24.54|220900|12.88
2005-08-11|24.98|25.10|24.87|24.90|369300|13.07
2005-08-10|25.07|25.25|24.78|24.98|396600|13.12
2005-08-09|25.01|25.13|24.95|25.04|269100|13.15
2005-08-08|25.23|25.24|24.87|24.97|472400|13.11
2005-08-05|24.49|25.63|24.43|25.26|1179800|13.26
2005-08-04|24.57|24.83|24.01|24.41|497300|12.82
2005-08-03|25.26|25.91|24.25|24.57|938100|12.90
2005-08-02|25.20|25.32|24.95|25.20|363900|13.23
2005-08-01|25.16|25.30|25.03|25.10|559100|13.18
2005-07-29|25.23|25.34|25.02|25.02|290700|13.14
2005-07-28|25.30|25.49|25.10|25.29|387300|13.28
2005-07-27|25.07|25.30|24.90|25.30|344900|13.28
2005-07-26|24.85|25.20|24.85|25.08|204400|13.17
2005-07-25|24.82|25.10|24.79|24.85|155100|13.05
2005-07-22|24.75|24.94|24.61|24.93|148000|13.09
2005-07-21|24.80|25.00|24.56|24.77|432100|13.00
2005-07-20|24.80|24.90|24.55|24.80|274300|13.02
2005-07-19|24.31|24.83|24.25|24.79|634800|13.02
2005-07-18|24.28|24.50|24.20|24.31|211700|12.76
2005-07-15|23.88|24.33|23.62|24.25|210100|12.73
2005-07-14|23.86|24.40|23.62|23.88|428300|12.54
2005-07-13|23.00|24.15|22.50|23.90|1088500|12.55
2005-07-12|22.68|23.00|22.56|22.98|274300|12.06
2005-07-11|22.75|23.03|22.37|22.73|287100|11.93
2005-07-08|22.27|23.01|22.10|22.82|280300|11.98
2005-07-07|21.90|22.40|21.70|22.28|267700|11.70
2005-07-06|22.50|22.50|21.93|22.00|368000|11.55
2005-07-05|21.96|22.60|21.83|22.44|168600|11.78
2005-07-01|22.30|22.31|21.85|22.03|139100|11.57
2005-06-30|22.27|22.79|22.22|22.26|179400|11.69
2005-06-29|22.30|22.44|22.16|22.25|89700|11.68
2005-06-28|21.52|22.33|21.48|22.30|132600|11.71
2005-06-27|21.65|21.72|21.41|21.50|106200|11.29
2005-06-24|21.99|22.17|21.58|21.61|552100|11.35
2005-06-23|22.62|22.65|22.00|22.10|162700|11.60
2005-06-22|22.70|22.82|22.51|22.63|100900|11.88
2005-06-21|22.88|22.88|22.45|22.68|137500|11.91
2005-06-20|22.50|22.89|22.41|22.88|148300|12.01
2005-06-17|22.55|22.70|22.40|22.58|434300|11.85
2005-06-16|22.74|22.75|22.48|22.50|205300|11.81
2005-06-15|22.59|22.76|22.45|22.75|435300|11.94
2005-06-14|22.30|22.60|22.23|22.59|407000|11.86
2005-06-13|21.85|22.35|21.81|22.27|606100|11.69
2005-06-10|21.49|22.06|21.40|21.95|529300|11.47
2005-06-09|21.40|21.79|21.32|21.50|678500|11.24
2005-06-08|20.97|21.50|20.77|21.32|610300|11.14
2005-06-07|21.18|21.40|20.60|20.87|817500|10.91
2005-06-06|22.74|22.76|21.03|21.19|1528200|11.07
2005-06-03|22.57|23.11|22.57|22.94|506300|11.99
2005-06-02|22.58|22.83|22.48|22.60|397700|11.81
2005-06-01|22.89|22.95|22.40|22.57|563800|11.80
2005-05-31|22.09|22.98|21.91|22.89|981500|11.96
2005-05-27|21.51|22.08|21.45|22.03|410100|11.51
2005-05-26|21.88|21.99|21.41|21.41|768300|11.19
2005-05-25|22.12|22.18|21.70|21.82|495700|11.40
2005-05-24|21.83|22.24|21.81|22.11|514400|11.56
2005-05-23|21.73|22.20|21.73|21.97|596500|11.48
2005-05-20|21.70|21.89|21.54|21.73|220000|11.36
2005-05-19|21.58|22.00|21.45|21.67|717500|11.33
2005-05-18|20.89|21.62|20.89|21.45|481700|11.21
2005-05-17|20.50|21.20|20.40|20.90|702300|10.92
2005-05-16|20.87|21.14|20.30|20.90|1216400|10.92
2005-05-13|20.33|20.87|20.25|20.77|566700|10.85
2005-05-12|20.05|20.49|20.00|20.28|813000|10.60
2005-05-11|19.25|20.13|19.25|20.09|1384800|10.50
2005-05-10|19.11|19.78|19.00|19.27|2048200|10.07
2005-05-09|18.32|18.50|18.05|18.31|260000|9.57
2005-05-06|18.53|18.63|18.20|18.36|298400|9.60
2005-05-05|18.58|18.70|18.35|18.50|247800|9.67
2005-05-04|18.29|18.74|18.29|18.67|415300|9.76
2005-05-03|18.32|18.50|18.17|18.30|358500|9.56
2005-05-02|18.08|18.30|18.00|18.29|183100|9.56
2005-04-29|18.28|18.32|17.77|18.16|253600|9.49
2005-04-28|18.45|18.46|18.03|18.24|168200|9.53
2005-04-27|18.63|18.70|18.30|18.47|246900|9.65
2005-04-26|18.73|18.78|18.60|18.73|348600|9.79
2005-04-25|18.62|18.78|18.58|18.72|304100|9.78
2005-04-22|18.91|18.94|18.37|18.67|374800|9.76
2005-04-21|18.63|19.10|18.63|18.90|545700|9.88
2005-04-20|18.86|18.93|18.56|18.59|279900|9.72
2005-04-19|18.58|18.85|18.50|18.82|371800|9.84
2005-04-18|18.57|18.79|18.30|18.51|316300|9.67
2005-04-15|18.95|18.95|18.57|18.66|315100|9.75
2005-04-14|18.95|19.03|18.84|18.95|242600|9.90
2005-04-13|18.93|19.04|18.85|18.91|128700|9.88
2005-04-12|18.90|18.98|18.60|18.86|312300|9.86
2005-04-11|18.87|19.01|18.66|18.95|230300|9.90
2005-04-08|18.83|19.28|18.76|18.88|275300|9.87
2005-04-07|18.70|19.12|18.56|18.90|495800|9.88
2005-04-06|18.75|18.88|18.61|18.65|235200|9.75
2005-04-05|18.66|18.89|18.56|18.74|224900|9.79
2005-04-04|18.73|18.81|18.61|18.65|265600|9.75
2005-04-01|18.75|18.85|18.37|18.65|263000|9.75
2005-03-31|18.66|18.77|18.58|18.69|363100|9.77
2005-03-30|18.49|18.75|18.45|18.64|498600|9.74
2005-03-29|18.25|18.49|18.08|18.38|258700|9.61
2005-03-28|18.00|18.46|17.96|18.30|246000|9.56
2005-03-24|17.77|18.00|17.71|17.91|175400|9.36
2005-03-23|17.89|17.92|17.60|17.69|151100|9.25
2005-03-22|18.03|18.20|17.79|17.88|110400|9.34
2005-03-21|17.95|18.15|17.80|18.00|142700|9.41
2005-03-18|18.13|18.13|17.97|18.05|233500|9.43
2005-03-17|18.01|18.04|17.75|18.03|82000|9.42
2005-03-16|18.08|18.21|17.96|18.01|192900|9.41
2005-03-15|18.20|18.37|18.00|18.17|188500|9.50
2005-03-14|18.00|18.35|17.93|18.22|170000|9.52
2005-03-11|17.72|17.98|17.67|17.93|158200|9.37
2005-03-10|17.56|17.75|17.35|17.69|145500|9.19
2005-03-09|17.40|17.74|17.25|17.64|134500|9.17
2005-03-08|17.55|17.59|17.28|17.40|89600|9.04
2005-03-07|17.50|17.74|17.45|17.57|131400|9.13
2005-03-04|17.50|17.66|17.39|17.55|158600|9.12
2005-03-03|17.60|17.70|17.46|17.50|130900|9.09
2005-03-02|17.14|17.65|17.12|17.57|409100|9.13
2005-03-01|17.02|17.25|17.02|17.23|127800|8.95
2005-02-28|17.28|17.34|16.97|17.07|236500|8.87
2005-02-25|17.15|17.38|16.97|17.26|218000|8.97
2005-02-24|17.15|17.37|17.11|17.20|354500|8.94
2005-02-23|17.67|17.75|17.21|17.30|376300|8.99
2005-02-22|17.07|17.89|17.03|17.67|653900|9.18
2005-02-18|17.16|17.20|17.04|17.11|305800|8.89
2005-02-17|17.22|17.25|17.02|17.13|268100|8.90
2005-02-16|17.06|17.30|16.95|17.25|359800|8.96
2005-02-15|17.00|17.22|16.80|17.02|217800|8.84
2005-02-14|16.97|17.40|16.88|17.07|260400|8.87
2005-02-11|16.90|17.06|16.75|16.91|161900|8.79
2005-02-10|16.80|17.29|16.75|16.98|392900|8.82
2005-02-09|16.81|16.90|16.60|16.70|367900|8.68
2005-02-08|16.78|16.84|16.62|16.70|114400|8.68
2005-02-07|17.00|17.15|16.75|16.84|185100|8.75
2005-02-04|16.66|17.14|16.60|17.01|286700|8.84
2005-02-03|16.77|16.83|16.55|16.60|193700|8.63
2005-02-02|16.58|16.95|16.50|16.70|421500|8.68
2005-02-01|16.61|16.83|16.50|16.50|207900|8.57
2005-01-31|16.69|16.97|16.55|16.68|236800|8.67
2005-01-28|16.90|16.95|16.41|16.57|232200|8.61
2005-01-27|17.05|17.05|16.74|16.80|159600|8.73
2005-01-26|16.92|17.20|16.90|17.00|252100|8.83
2005-01-25|16.96|17.10|16.80|16.95|491700|8.81
2005-01-24|17.02|17.20|16.89|16.97|162700|8.82
2005-01-21|17.17|17.49|17.01|17.18|481100|8.93
2005-01-20|17.56|17.58|17.15|17.15|166500|8.91
2005-01-19|17.90|17.90|17.45|17.55|136300|9.12
2005-01-18|17.15|18.29|17.15|17.96|320000|9.33
2005-01-14|17.50|17.79|17.42|17.72|165300|9.21
2005-01-13|17.55|17.83|17.30|17.51|265000|9.10
2005-01-12|17.83|17.83|17.49|17.61|128800|9.15
2005-01-11|17.49|18.00|17.43|17.83|253300|9.27
2005-01-10|17.08|17.74|17.00|17.50|260200|9.09
2005-01-07|17.27|17.27|16.91|17.08|466700|8.88
2005-01-06|17.39|17.39|17.05|17.25|193900|8.96
2005-01-05|17.59|17.69|17.26|17.42|551200|9.05
2005-01-04|17.50|17.74|17.20|17.60|195700|9.15
2005-01-03|17.77|17.90|17.15|17.53|425100|9.11
2004-12-31|17.68|18.05|17.55|17.80|217200|9.25
2004-12-30|17.27|17.75|17.27|17.58|212000|9.14
2004-12-29|17.26|17.75|17.24|17.55|198400|9.12
2004-12-28|17.00|17.22|16.90|17.22|333700|8.95
2004-12-27|17.18|17.25|16.75|16.88|325900|8.77
2004-12-23|17.25|17.29|16.75|17.20|406300|8.94
2004-12-22|17.38|17.47|17.25|17.25|129100|8.96
2004-12-21|17.30|17.58|17.26|17.35|301300|9.02
2004-12-20|17.75|17.80|17.05|17.25|324900|8.96
2004-12-17|17.85|17.89|17.54|17.70|116500|9.20
2004-12-16|18.04|18.14|17.79|17.85|88500|9.28
2004-12-15|18.23|18.32|17.84|18.13|185400|9.42
2004-12-14|17.65|18.40|17.26|18.35|453500|9.54
2004-12-13|17.97|18.40|17.78|17.78|423900|9.24
2004-12-10|18.11|18.20|17.95|17.97|278800|9.34
2004-12-09|18.25|18.31|17.85|18.07|214000|9.39
2004-12-08|18.50|18.50|18.15|18.24|240200|9.48
2004-12-07|18.90|18.90|18.52|18.56|165000|9.65
2004-12-06|18.50|19.01|18.40|18.65|143400|9.69
2004-12-03|18.45|18.91|18.40|18.60|115900|9.67
2004-12-02|18.27|18.55|18.25|18.49|157700|9.61
2004-12-01|17.94|18.33|17.94|18.22|281300|9.47
2004-11-30|17.85|17.96|17.75|17.95|312800|9.33
2004-11-29|18.18|18.19|17.70|17.85|230000|9.28
2004-11-26|17.85|17.95|17.85|17.91|47800|9.27
2004-11-24|17.82|18.00|17.58|17.84|174100|9.24
2004-11-23|17.56|17.95|17.56|17.84|353600|9.24
2004-11-22|17.30|17.82|17.29|17.50|72800|9.06
2004-11-19|17.45|17.80|17.32|17.55|193400|9.09
2004-11-18|17.50|17.58|17.14|17.45|305600|9.04
2004-11-17|17.50|18.12|17.40|17.50|256100|9.06
2004-11-16|17.70|17.80|17.40|17.40|93100|9.01
2004-11-15|17.98|17.98|17.56|17.65|119400|9.14
2004-11-12|17.45|17.98|17.35|17.98|116800|9.31
2004-11-11|16.80|17.74|16.80|17.73|487200|9.18
2004-11-10|16.75|17.10|16.70|16.87|118800|8.74
2004-11-09|16.72|16.93|16.64|16.65|150100|8.62
2004-11-08|17.05|17.06|16.72|16.81|122000|8.70
2004-11-05|16.84|17.05|16.81|17.00|623400|8.80
2004-11-04|16.93|17.05|16.55|16.68|247200|8.64
2004-11-03|17.15|17.35|16.65|16.88|324100|8.74
2004-11-02|16.80|17.03|16.80|16.90|139200|8.75
2004-11-01|16.45|16.99|16.16|16.80|288600|8.70
2004-10-29|15.96|16.40|15.94|16.40|545700|8.49
2004-10-28|15.98|15.99|15.78|15.93|172300|8.25
2004-10-27|15.92|15.98|15.75|15.94|301800|8.25
2004-10-26|15.94|15.95|15.63|15.88|289500|8.22
2004-10-25|15.95|15.95|15.72|15.93|131900|8.25
2004-10-22|15.71|16.00|15.60|15.85|296500|8.21
2004-10-21|15.55|15.91|15.51|15.78|124400|8.17
2004-10-20|15.69|15.70|15.42|15.61|389700|8.08
2004-10-19|16.00|16.60|15.50|15.59|682700|8.07
2004-10-18|16.00|16.26|15.90|15.90|389800|8.23
2004-10-15|15.89|16.19|15.89|15.98|285700|8.27
2004-10-14|16.00|16.09|15.77|15.89|387600|8.23
2004-10-13|16.05|16.19|16.00|16.16|207400|8.37
2004-10-12|16.07|16.35|15.75|15.96|618900|8.26
2004-10-11|16.00|16.25|15.87|16.00|400500|8.28
2004-10-08|15.85|16.20|15.80|15.95|537700|8.26
2004-10-07|15.97|16.15|15.55|15.91|897900|8.24
2004-10-06|15.27|16.01|15.27|15.90|808600|8.23
2004-10-05|14.90|15.47|14.66|15.32|590600|7.93
2004-10-04|14.95|15.00|14.74|14.98|319200|7.76
2004-10-01|14.80|14.85|14.25|14.60|733500|7.56
2004-09-30|15.05|15.11|14.70|14.70|1354500|7.61
2004-09-29|15.35|15.40|14.95|15.05|757800|7.79
2004-09-28|14.80|15.25|14.62|15.25|223500|7.90
2004-09-27|15.00|15.02|14.65|14.88|344400|7.70
2004-09-24|15.05|15.20|14.85|15.04|215900|7.79
2004-09-23|15.01|15.20|14.88|14.97|181000|7.75
2004-09-22|15.25|15.35|14.80|15.11|351900|7.82
2004-09-21|15.33|15.53|15.22|15.40|241000|7.97
2004-09-20|15.20|15.48|15.15|15.25|185700|7.90
2004-09-17|15.40|15.40|15.10|15.20|270400|7.87
2004-09-16|15.22|15.50|15.22|15.48|531000|8.02
2004-09-15|15.00|15.37|14.90|15.22|1045100|7.88
2004-09-14|14.44|14.90|14.28|14.83|500500|7.68
2004-09-13|14.30|14.50|14.27|14.35|394400|7.43
2004-09-10|14.15|14.37|13.90|14.37|1073900|7.44
2004-09-09|13.69|13.95|13.69|13.78|163500|7.14
2004-09-08|13.77|13.87|13.70|13.79|178000|7.14
2004-09-07|14.00|14.05|13.65|13.87|329000|7.18
2004-09-03|14.05|14.20|13.75|14.00|310100|7.25
2004-09-02|14.50|14.50|14.15|14.30|273800|7.40
2004-09-01|14.25|14.59|14.25|14.45|421400|7.48
2004-08-31|13.95|14.25|13.95|14.25|401800|7.38
2004-08-30|14.00|14.15|13.90|14.02|265000|7.26
2004-08-27|13.75|14.08|13.75|14.04|880600|7.27
2004-08-26|13.90|13.90|13.70|13.70|104300|7.09
2004-08-25|13.80|13.89|13.51|13.80|307300|7.15
2004-08-24|13.75|13.80|13.45|13.80|607400|7.15
2004-08-23|13.70|13.91|13.60|13.85|442900|7.17
2004-08-20|13.25|13.64|13.10|13.64|112300|7.06
2004-08-19|13.60|13.60|12.75|13.30|124100|6.89
2004-08-18|13.52|13.64|13.35|13.61|43000|7.05
2004-08-17|13.40|13.65|13.25|13.45|161100|6.96
2004-08-16|13.40|13.55|13.40|13.48|86400|6.98
2004-08-13|13.68|13.70|13.35|13.40|104900|6.94
2004-08-12|13.65|13.75|13.58|13.63|284700|7.06
2004-08-11|13.80|13.88|13.60|13.70|166800|7.09
2004-08-10|13.70|13.85|13.65|13.79|272400|7.14
2004-08-09|13.80|13.80|13.50|13.70|212100|7.09
2004-08-06|13.82|14.00|13.70|13.80|276300|7.15
2004-08-05|13.94|14.00|13.86|13.89|188100|7.19
2004-08-04|14.04|14.04|13.88|13.90|156300|7.20
2004-08-03|13.70|14.08|13.70|13.94|1557100|7.22
2004-08-02|13.80|13.80|13.55|13.70|329400|7.09
2004-07-30|13.72|13.90|13.55|13.90|623000|7.20
2004-07-29|13.10|13.78|13.10|13.78|1015700|7.14
2004-07-28|12.85|13.12|12.84|13.03|1028100|6.75
2004-07-27|13.20|13.20|12.40|12.75|2668000|6.60
2004-07-26|13.50|13.50|13.05|13.20|236200|6.83
2004-07-23|13.40|13.62|13.40|13.56|268500|7.02
2004-07-22|13.60|13.65|13.33|13.60|218500|7.04
2004-07-21|13.94|13.94|13.50|13.60|472300|7.04
2004-07-20|13.52|13.93|13.41|13.93|719300|7.21
2004-07-19|13.80|13.80|13.35|13.52|966200|7.00
2004-07-16|13.87|13.90|13.51|13.83|1488200|7.16
2004-07-15|13.45|13.85|13.35|13.84|1276200|7.17
2004-07-14|13.50|13.55|12.91|13.44|2801000|6.96
2004-07-13|14.00|14.10|13.49|13.50|14964100|6.99