Date,Open,High,Low,Close,Volume,Adj Close
2012-05-04,47.96,47.96,47.11,47.40,188700,47.40
2012-05-03,48.27,48.94,48.05,48.13,239000,48.13
2012-05-02,47.13,48.72,46.95,48.40,298000,48.40
2012-05-01,47.82,48.30,47.42,47.42,266700,47.42
2012-04-30,47.90,48.08,47.69,47.91,192000,47.91
2012-04-27,47.69,48.05,47.27,47.92,394800,47.92
2012-04-26,47.88,48.00,47.20,47.44,492800,47.44
2012-04-25,46.25,48.11,46.25,47.99,850700,47.99
2012-04-24,45.57,45.91,45.29,45.91,165400,45.91
2012-04-23,45.48,45.83,45.09,45.50,154000,45.50
2012-04-20,46.58,46.58,45.83,46.01,173100,46.01
2012-04-19,45.74,46.05,45.66,45.98,166500,45.98
2012-04-18,45.46,45.93,45.36,45.75,174500,45.75
2012-04-17,45.00,45.71,44.94,45.54,233900,45.54
2012-04-16,44.84,45.27,44.46,45.07,125700,45.07
2012-04-13,44.90,44.94,44.50,44.80,124400,44.80
2012-04-12,45.00,45.41,44.94,45.04,146100,45.04
2012-04-11,45.50,45.51,44.76,45.03,200900,45.03
2012-04-10,45.66,45.81,45.00,45.10,305300,45.10
2012-04-09,45.50,45.94,45.50,45.65,180500,45.65
2012-04-05,45.46,46.15,45.46,46.07,107900,46.07
2012-04-04,45.54,45.74,45.32,45.68,187800,45.68
2012-04-03,46.50,46.74,45.89,45.95,237900,45.95
2012-04-02,46.69,46.74,46.28,46.50,257500,46.50
2012-03-30,47.26,47.30,46.76,46.77,266500,46.77
2012-03-29,46.76,47.13,46.44,46.93,364900,46.93
2012-03-28,47.11,47.26,46.79,46.99,309200,46.99
2012-03-27,47.57,47.69,46.95,47.15,295700,47.15
2012-03-26,47.47,47.91,47.22,47.41,256500,47.41
2012-03-23,46.62,47.28,46.49,47.10,362300,47.10
2012-03-22,45.93,46.54,45.57,46.54,140700,46.54
2012-03-21,46.30,46.50,46.12,46.19,90400,46.19
2012-03-20,46.46,46.50,46.16,46.16,85800,46.16
2012-03-19,46.16,46.98,46.16,46.78,121700,46.78
2012-03-16,46.79,47.17,46.57,46.57,532700,46.57
2012-03-15,46.35,47.26,46.11,46.64,340800,46.64
2012-03-14,46.68,46.76,46.16,46.37,215300,46.37
2012-03-13,46.85,47.09,46.54,46.86,277700,46.86
2012-03-12,46.21,46.98,46.10,46.36,233000,46.36
2012-03-09,45.94,46.74,45.94,46.35,471900,46.35
2012-03-08,45.65,46.05,45.65,45.82,243200,45.82
2012-03-07,45.04,45.50,44.81,45.26,185300,45.26
2012-03-06,45.46,45.93,44.75,44.80,260100,44.80
2012-03-05,44.89,46.21,44.89,45.93,191100,45.93
2012-03-02,45.35,45.78,44.26,45.18,756200,45.18
2012-03-01,45.53,46.04,45.25,45.28,1056300,45.28
2012-02-29,46.08,46.20,45.25,45.26,580100,45.26
2012-02-28,45.36,46.20,45.36,45.82,58200,45.82
2012-02-27,45.71,46.36,45.71,46.13,144400,45.53
2012-02-24,46.26,46.50,46.19,46.26,160300,45.66
2012-02-23,46.27,46.44,45.99,46.24,208400,45.64
2012-02-22,46.42,46.87,46.19,46.28,267600,45.68
2012-02-21,47.22,47.49,46.68,46.72,194500,46.11
2012-02-17,46.49,47.20,46.47,47.07,346100,46.46
2012-02-16,46.70,46.71,45.86,46.21,374600,45.61
2012-02-15,47.40,49.04,46.38,46.44,572700,45.84
2012-02-14,47.26,47.59,46.91,47.42,370700,46.80
2012-02-13,47.55,47.80,47.11,47.43,311000,46.81
2012-02-10,46.61,47.16,46.61,47.08,253000,46.47
2012-02-09,46.05,47.29,45.74,47.24,1653900,46.63
2012-02-08,43.92,44.10,43.50,43.89,216200,43.32
2012-02-07,44.00,44.06,43.53,43.79,211600,43.22
2012-02-06,43.86,44.50,43.86,44.11,146400,43.54
2012-02-03,44.15,44.25,43.43,44.00,411300,43.43
2012-02-02,43.98,44.05,43.41,43.48,211500,42.91
2012-02-01,44.30,44.53,43.91,43.97,346400,43.40
2012-01-31,43.86,44.04,43.39,43.83,203200,43.26
2012-01-30,43.47,43.94,43.36,43.54,208700,42.97
2012-01-27,43.62,44.17,43.62,43.90,135100,43.33
2012-01-26,43.73,44.14,43.70,43.86,231900,43.29
2012-01-25,42.77,43.69,42.77,43.58,406700,43.01
2012-01-24,42.36,42.96,42.31,42.90,416300,42.34
2012-01-23,42.58,42.95,42.41,42.50,110500,41.95
2012-01-20,42.45,42.71,42.11,42.64,227900,42.09
2012-01-19,41.96,42.69,41.63,42.50,223800,41.95
2012-01-18,41.82,42.06,41.50,41.90,238900,41.36
2012-01-17,42.32,42.36,41.71,41.76,302600,41.22
2012-01-13,41.53,41.91,41.09,41.78,127000,41.24
2012-01-12,41.66,42.02,41.56,41.87,145800,41.33
2012-01-11,41.40,42.00,41.40,41.60,114200,41.06
2012-01-10,41.09,41.62,41.09,41.52,176900,40.98
2012-01-09,41.16,41.31,40.73,40.94,205500,40.41
2012-01-06,41.10,41.17,40.68,40.86,230700,40.33
2012-01-05,41.10,41.22,40.44,40.94,325300,40.41
2012-01-04,41.32,41.63,41.02,41.28,191000,40.74
2012-01-03,42.80,42.84,41.06,41.37,473300,40.83
2011-12-30,41.25,41.42,40.84,41.24,143400,40.70
2011-12-29,41.12,41.64,41.00,41.38,253400,40.84
2011-12-28,40.88,41.50,40.88,41.00,259400,40.47
2011-12-27,41.03,41.26,40.52,41.07,284600,40.54
2011-12-23,40.76,41.39,40.76,41.25,223500,40.71
2011-12-22,40.66,40.90,40.20,40.73,329900,40.20
2011-12-21,39.02,40.93,38.81,40.48,593400,39.95
2011-12-20,38.20,39.50,37.76,39.33,421600,38.82
2011-12-19,38.36,38.73,37.44,37.48,226200,36.99
2011-12-16,38.75,38.83,37.70,38.18,394700,37.68
2011-12-15,37.75,38.25,37.36,38.25,247000,37.75
2011-12-14,37.10,37.64,36.86,37.33,378200,36.84
2011-12-13,38.48,38.49,37.51,37.70,276100,37.21
2011-12-12,37.81,38.21,37.45,38.11,243600,37.61
2011-12-09,37.92,38.64,37.50,38.35,231100,37.85
2011-12-08,38.67,38.68,37.43,37.80,371800,37.31
2011-12-07,39.00,39.15,38.71,39.08,267200,38.57
2011-12-06,39.11,39.30,38.81,39.23,275200,38.72
2011-12-05,38.77,39.24,38.45,39.06,565100,38.55
2011-12-02,39.64,39.74,38.18,38.27,298100,37.77
2011-12-01,38.20,39.30,37.83,39.24,415600,38.73
2011-11-30,37.50,38.24,37.02,38.00,610200,37.45
2011-11-29,36.63,36.94,36.29,36.48,177000,35.95
2011-11-28,36.84,37.08,36.15,36.63,231300,36.10
2011-11-25,35.75,36.63,35.63,35.68,117300,35.16
2011-11-23,35.55,36.26,35.38,35.94,408300,35.42
2011-11-22,35.54,36.17,35.34,35.91,192300,35.39
2011-11-21,35.80,35.86,35.30,35.65,298500,35.13
2011-11-18,35.45,36.43,35.42,36.39,238200,35.86
2011-11-17,35.73,36.37,35.27,35.54,173100,35.02
2011-11-16,36.34,36.71,35.66,35.71,272000,35.19
2011-11-15,36.37,36.85,36.34,36.58,248800,36.05
2011-11-14,36.83,37.28,36.25,36.50,220100,35.97
2011-11-11,36.58,37.10,36.58,37.00,183900,36.46
2011-11-10,36.35,36.44,35.69,36.19,255400,35.66
2011-11-09,36.31,36.38,35.72,35.80,273400,35.28
2011-11-08,37.09,37.30,36.00,37.19,315700,36.65
2011-11-07,36.30,36.84,35.89,36.60,224300,36.07
2011-11-04,36.93,37.12,36.32,36.45,262600,35.92
2011-11-03,36.78,37.39,35.88,37.24,348000,36.70
2011-11-02,35.94,37.75,35.55,36.29,720200,35.76
2011-11-01,34.69,35.80,34.24,35.12,531400,34.61
2011-10-31,36.24,36.70,35.86,35.90,396000,35.38
2011-10-28,36.17,36.92,35.34,36.67,778000,36.14
2011-10-27,34.25,36.00,34.25,35.89,1542400,35.37
2011-10-26,33.25,33.30,32.67,33.17,608500,32.69
2011-10-25,32.48,33.53,31.98,32.74,654600,32.26
2011-10-24,30.91,32.86,30.89,32.80,712000,32.32
2011-10-21,30.05,31.00,30.05,30.87,301000,30.42
2011-10-20,29.08,29.48,28.67,29.40,140900,28.97
2011-10-19,29.11,29.64,28.93,29.10,288500,28.68
2011-10-18,28.96,29.19,28.20,29.02,361000,28.60
2011-10-17,29.23,29.50,28.79,28.88,214000,28.46
2011-10-14,29.50,29.71,28.99,29.50,343200,29.07
2011-10-13,29.51,29.51,28.68,29.26,302200,28.83
2011-10-12,29.55,29.90,29.39,29.61,282100,29.18
2011-10-11,29.05,29.59,28.84,29.34,473500,28.91
2011-10-10,28.71,29.40,28.71,29.36,446800,28.93
2011-10-07,28.57,28.79,27.99,28.13,517600,27.72
2011-10-06,26.61,28.62,26.57,28.53,704600,28.11
2011-10-05,26.61,26.87,26.26,26.68,640900,26.29
2011-10-04,25.56,26.51,24.72,26.42,879500,26.04
2011-10-03,27.47,27.64,24.88,25.79,1570400,25.41
2011-09-30,29.14,29.38,27.70,27.72,669000,27.32
2011-09-29,30.63,30.89,29.00,29.56,370400,29.13
2011-09-28,30.61,31.01,29.91,29.99,480300,29.55
2011-09-27,30.35,30.98,30.29,30.65,373300,30.20
2011-09-26,29.41,29.88,28.76,29.87,258900,29.43
2011-09-23,28.92,29.50,28.70,29.27,349200,28.84
2011-09-22,29.65,30.38,28.49,28.93,648200,28.51
2011-09-21,31.13,31.13,30.20,30.27,322800,29.83
2011-09-20,31.77,32.15,31.22,31.28,233400,30.82
2011-09-19,31.65,32.00,31.32,31.67,162900,31.21
2011-09-16,32.08,33.07,31.92,32.02,334500,31.55
2011-09-15,32.58,32.58,31.59,31.90,482600,31.44
2011-09-14,31.51,33.14,31.10,32.38,377400,31.91
2011-09-13,30.59,31.40,30.46,31.30,256100,30.84
2011-09-12,30.28,30.53,29.57,30.51,394200,30.07
2011-09-09,30.88,31.21,30.42,30.72,333000,30.27
2011-09-08,31.92,32.27,31.31,31.32,410100,30.86
2011-09-07,30.31,32.55,30.20,32.01,496100,31.54
2011-09-06,30.80,31.14,29.73,30.11,587800,29.67
2011-09-02,31.57,32.33,31.25,31.59,343000,31.13
2011-09-01,33.44,34.15,32.30,32.44,374900,31.97
2011-08-31,34.16,34.39,32.95,33.55,437800,33.00
2011-08-30,33.64,34.42,33.21,33.96,537000,33.41
2011-08-29,34.13,35.00,32.60,33.98,888500,33.43
2011-08-26,33.43,33.90,32.87,33.77,309200,33.22
2011-08-25,33.81,34.36,33.41,33.68,469400,33.13
2011-08-24,32.23,33.71,32.12,33.62,467200,33.07
2011-08-23,30.84,32.48,30.04,32.39,592700,31.86
2011-08-22,31.73,31.73,30.45,30.85,199800,30.35
2011-08-19,30.90,32.89,30.38,30.98,463400,30.47
2011-08-18,31.25,31.53,30.30,30.89,455500,30.39
2011-08-17,32.22,32.28,31.22,31.79,191600,31.27
2011-08-16,32.61,32.61,31.50,31.98,322400,31.46
2011-08-15,33.24,33.44,32.33,32.86,297800,32.32
2011-08-12,33.09,33.74,32.16,32.62,310300,32.09
2011-08-11,31.48,33.34,31.48,32.77,402100,32.23
2011-08-10,31.73,32.29,31.10,31.26,445800,30.75
2011-08-09,30.58,32.40,29.59,32.33,572000,31.80
2011-08-08,30.50,33.23,29.37,29.98,1388200,29.49
2011-08-05,32.37,32.41,28.56,31.56,938700,31.04
2011-08-04,33.24,33.46,31.95,32.05,785200,31.53
2011-08-03,33.48,34.16,32.62,33.58,887500,33.03
2011-08-02,34.71,34.85,33.45,33.52,595200,32.97
2011-08-01,35.50,35.69,34.46,34.89,411600,34.32
2011-07-29,35.12,35.67,34.16,35.21,313500,34.64
2011-07-28,35.86,35.89,34.98,35.13,303400,34.56
2011-07-27,36.67,36.81,35.47,36.01,647800,35.42
2011-07-26,36.00,37.50,35.66,36.88,519400,36.28
2011-07-25,36.04,37.27,33.68,36.44,1473500,35.85
2011-07-22,35.81,35.90,35.16,35.45,578200,34.87
2011-07-21,35.65,36.38,35.21,35.82,246300,35.24
2011-07-20,35.56,35.61,35.22,35.47,233000,34.89
2011-07-19,35.16,35.72,34.87,35.53,323400,34.95
2011-07-18,34.83,35.10,34.25,34.97,583100,34.40
2011-07-15,35.52,35.83,34.85,35.01,307100,34.44
2011-07-14,36.55,36.96,35.36,35.43,208700,34.85
2011-07-13,36.80,37.49,36.26,36.53,241200,35.93
2011-07-12,37.26,37.48,36.37,36.55,355600,35.95
2011-07-11,38.67,38.74,36.92,37.24,250000,36.63
2011-07-08,39.27,39.49,38.67,38.95,163700,38.31
2011-07-07,39.22,39.99,39.22,39.67,442400,39.02
2011-07-06,38.97,39.34,38.36,39.00,628900,38.36
2011-07-05,38.54,39.39,38.48,39.00,613100,38.36
2011-07-01,37.40,38.50,37.21,38.42,524300,37.79
2011-06-30,37.63,37.99,37.25,37.45,404200,36.84
2011-06-29,38.14,38.59,37.45,37.65,372100,37.04
2011-06-28,36.41,38.15,36.20,37.85,668600,37.23
2011-06-27,73.86,73.86,72.28,72.82,1197400,35.82
2011-06-24,74.35,76.15,73.14,73.55,4978200,36.17
2011-06-23,74.14,74.95,73.29,74.29,532200,36.54
2011-06-22,74.28,75.62,73.70,74.71,584400,36.75
2011-06-21,74.04,74.80,73.49,74.60,263400,36.69
2011-06-20,72.80,75.10,72.80,73.85,419200,36.32
2011-06-17,72.47,73.42,71.87,72.93,417800,35.87
2011-06-16,71.93,72.48,70.62,72.14,317200,35.48
2011-06-15,72.37,73.07,71.01,71.83,448000,35.33
2011-06-14,72.63,73.94,72.13,72.80,426400,35.81
2011-06-13,73.81,74.07,70.82,71.87,694200,35.35
2011-06-10,74.54,74.74,71.51,73.52,552800,36.16
2011-06-09,74.83,75.24,73.21,74.61,569000,36.70
2011-06-08,75.07,76.35,74.33,74.49,235800,36.64
2011-06-07,75.95,76.30,74.77,75.01,493800,36.89
2011-06-06,77.13,77.59,74.56,75.67,550000,37.22
2011-06-03,78.09,78.32,76.96,77.51,254400,38.12
2011-06-02,78.32,79.65,78.32,78.68,267000,38.70
2011-06-01,79.61,80.19,78.26,78.40,440600,38.56
2011-05-31,76.97,80.50,76.97,79.70,1216400,39.20
2011-05-27,74.57,77.18,74.57,76.55,281400,37.65
2011-05-26,74.00,74.75,73.01,74.56,253000,36.67
2011-05-25,74.46,74.46,73.67,74.00,400800,36.37
2011-05-24,75.92,75.92,73.95,74.07,311800,36.40
2011-05-23,75.60,76.00,74.92,75.09,199600,36.90
2011-05-20,75.94,76.49,75.93,76.28,149800,37.49
2011-05-19,77.06,77.82,75.59,75.99,509400,37.34
2011-05-18,78.88,79.04,76.00,76.22,284400,37.46
2011-05-17,76.21,79.48,76.21,78.45,681400,38.55
2011-05-16,77.42,77.57,75.82,76.66,317200,37.67
2011-05-13,77.52,77.65,77.02,77.53,225000,38.10
2011-05-12,76.88,77.63,76.62,77.38,256000,38.03
2011-05-11,77.78,78.14,76.84,77.39,443600,38.03
2011-05-10,76.04,77.34,75.81,76.92,311600,37.80
2011-05-09,75.64,76.52,75.51,76.17,278000,37.43
2011-05-06,74.14,75.89,73.81,75.41,313000,37.06
2011-05-05,72.61,74.62,72.00,73.80,559400,36.27
2011-05-04,71.06,72.38,70.12,72.30,476000,35.53
2011-05-03,69.72,72.37,68.78,70.16,280000,34.48
2011-05-02,68.59,71.24,68.35,70.81,306000,34.80
2011-04-29,68.51,69.26,67.65,68.53,314000,33.68
2011-04-28,70.28,70.30,68.28,68.59,151800,33.71
2011-04-27,70.01,70.47,69.72,70.18,90200,34.49
2011-04-26,70.36,70.45,70.00,70.30,69200,34.55
2011-04-25,70.69,70.90,69.84,70.38,188800,34.59
2011-04-21,69.63,70.62,69.63,70.54,42000,34.67
2011-04-20,68.32,69.65,68.32,69.55,62600,34.18
2011-04-19,69.84,70.59,67.72,67.94,314400,33.39
2011-04-18,70.13,71.59,69.51,70.06,218600,34.43
2011-04-15,68.85,70.61,68.59,70.52,264400,34.66
2011-04-14,68.05,69.25,67.23,68.74,179400,33.78
2011-04-13,68.25,68.60,67.73,68.25,114200,33.54
2011-04-12,69.55,69.56,66.50,68.33,304200,33.58
2011-04-11,71.68,72.00,69.78,69.90,277800,34.35
2011-04-08,73.24,73.40,71.52,71.76,144600,35.27
2011-04-07,72.41,73.49,72.01,72.82,159000,35.79
2011-04-06,72.84,73.34,71.46,72.30,415200,35.53
2011-04-05,73.27,73.78,72.49,72.50,261400,35.63
2011-04-04,73.67,73.99,72.79,73.13,124600,35.94
2011-04-01,72.48,73.93,72.45,73.12,169200,35.93
2011-03-31,72.11,72.41,71.79,72.00,92000,35.38
2011-03-30,72.11,72.42,71.72,72.42,73400,35.59
2011-03-29,71.29,72.00,70.78,71.88,238600,35.32
2011-03-28,71.10,71.65,70.57,71.20,95000,34.99
2011-03-25,71.05,71.25,70.76,70.98,153400,34.88
2011-03-24,70.24,71.00,70.08,70.97,243600,34.88
2011-03-23,71.05,71.09,69.90,70.23,289800,34.51
2011-03-22,70.84,71.28,70.82,71.09,295600,34.94
2011-03-21,70.40,71.22,70.40,70.95,595200,34.87
2011-03-18,68.32,70.24,68.21,70.24,547600,34.52
2011-03-17,68.07,68.98,67.38,67.80,357000,33.32
2011-03-16,67.97,68.25,67.28,67.78,303400,33.31
2011-03-15,66.79,68.10,66.47,67.78,182200,33.31
2011-03-14,67.21,67.60,66.69,67.60,389400,33.22
2011-03-11,65.87,67.75,65.81,67.28,267400,33.06
2011-03-10,65.27,65.62,64.01,65.35,193000,32.12
2011-03-09,63.25,67.25,63.25,65.69,759000,32.28
2011-03-08,62.99,63.35,62.66,62.66,105200,30.79
2011-03-07,62.67,63.68,62.36,62.87,210000,30.90
2011-03-04,62.39,62.99,62.15,62.65,87800,30.79
2011-03-03,63.05,64.45,62.05,62.45,183200,30.69
2011-03-02,62.00,62.92,61.86,62.70,143200,30.81
2011-03-01,62.52,62.66,60.16,62.04,462600,30.49
2011-02-28,61.73,66.50,60.38,62.36,433600,30.65
2011-02-25,59.75,62.03,59.60,61.88,570200,30.41
2011-02-24,60.00,60.07,59.41,59.61,132400,29.29
2011-02-23,60.29,61.44,59.50,59.98,503400,29.45
2011-02-22,61.25,64.49,60.59,60.96,324000,29.93
2011-02-18,60.95,62.53,60.32,62.50,302200,30.68
2011-02-17,60.88,61.00,60.34,60.92,153600,29.91
2011-02-16,60.45,60.91,60.30,60.72,85200,29.81
2011-02-15,60.69,60.98,60.02,60.18,68600,29.55
2011-02-14,60.09,60.56,60.09,60.50,39400,29.70
2011-02-11,60.50,60.61,59.90,60.36,64600,29.63
2011-02-10,60.50,60.67,60.10,60.50,40600,29.70
2011-02-09,61.00,61.00,60.11,60.87,26000,29.88
2011-02-08,61.25,61.65,60.86,61.00,331600,29.95
2011-02-07,61.01,61.72,60.58,60.93,101000,29.91
2011-02-04,61.00,61.14,60.75,60.97,74400,29.93
2011-02-03,59.87,61.25,58.24,61.11,240000,30.00
2011-02-02,59.60,60.74,59.55,59.95,241800,29.43
2011-02-01,59.74,60.03,59.35,59.89,256400,29.40
2011-01-31,59.69,59.89,58.96,59.34,205800,29.13
2011-01-28,59.68,60.60,58.57,59.09,488000,29.01
2011-01-27,58.60,59.74,58.44,59.30,548400,29.11
2011-01-26,58.77,58.86,57.75,58.50,194600,28.72
2011-01-25,57.32,58.32,57.32,58.32,175800,28.63
2011-01-24,56.50,57.42,56.50,57.34,36600,28.15
2011-01-21,56.03,56.60,55.70,56.46,326200,27.72
2011-01-20,57.30,57.30,55.62,55.82,56400,27.40
2011-01-19,57.89,57.94,57.03,57.47,51800,28.21
2011-01-18,57.35,58.00,57.29,58.00,71800,28.47
2011-01-14,59.00,59.00,57.77,57.78,47000,28.37
2011-01-13,58.43,59.05,58.18,58.82,103400,28.88
2011-01-12,58.70,58.70,58.10,58.38,83400,28.66
2011-01-11,58.00,58.43,57.58,58.33,174400,28.64
2011-01-10,56.65,57.46,56.65,57.40,52200,28.18
2011-01-07,56.05,56.60,55.86,56.58,43600,27.78
2011-01-06,55.93,56.66,55.74,56.00,70200,27.49
2011-01-05,54.85,56.14,54.53,56.14,186000,27.56
2011-01-04,54.77,55.00,54.47,54.85,171200,26.93
2011-01-03,54.71,55.27,53.96,54.82,145000,26.91
2010-12-31,54.52,54.67,54.29,54.40,131800,26.71
2010-12-30,54.35,54.76,54.32,54.63,126400,26.82
2010-12-29,54.75,54.80,54.36,54.37,127000,26.69
2010-12-28,55.43,55.43,54.50,54.67,71600,26.84
2010-12-27,55.72,55.72,55.37,55.46,80200,27.23
2010-12-23,56.42,56.42,55.88,55.89,29000,27.44
2010-12-22,56.30,56.75,56.15,56.30,101800,27.64
2010-12-21,56.85,56.85,55.83,56.20,262600,27.59
2010-12-20,56.65,57.00,56.33,56.65,74600,27.81
2010-12-17,56.01,56.25,55.51,56.25,162600,27.62
2010-12-16,56.25,56.41,56.00,56.09,12000,27.54
2010-12-15,56.15,56.68,55.98,56.02,164400,27.47
2010-12-14,55.90,56.13,55.37,55.98,141600,27.45
2010-12-13,55.34,56.38,54.91,56.02,101600,27.47
2010-12-10,55.64,55.75,55.16,55.42,69200,27.18
2010-12-09,55.50,55.78,53.79,55.50,357800,27.22
2010-12-08,54.46,55.24,54.13,55.00,91800,26.97
2010-12-07,54.03,55.00,53.75,54.67,234000,26.81
2010-12-06,53.48,53.80,53.27,53.59,166000,26.28
2010-12-03,53.32,53.55,52.91,53.00,37200,25.99
2010-12-02,53.50,53.61,53.11,53.32,103400,26.15
2010-12-01,54.66,54.96,52.28,53.10,307000,26.04
2010-11-30,52.10,54.37,51.76,54.25,1885000,26.61
2010-11-29,51.20,52.20,50.86,52.12,235400,25.56
2010-11-26,51.07,51.17,50.63,51.11,85200,25.07
2010-11-24,51.29,51.31,50.80,51.25,136000,25.13
2010-11-23,51.75,52.00,50.85,51.02,160000,25.02
2010-11-22,52.02,52.24,51.82,51.97,142800,25.49
2010-11-19,52.64,52.64,51.81,52.00,192600,25.50
2010-11-18,52.60,52.60,52.23,52.43,99400,25.71
2010-11-17,53.00,53.00,51.79,52.34,137000,25.67
2010-11-16,53.04,53.52,52.25,52.93,172200,25.96
2010-11-15,52.91,53.15,52.50,52.87,162800,25.93
2010-11-12,52.93,53.13,52.25,52.44,190200,25.72
2010-11-11,52.25,53.22,52.23,52.60,387200,25.80
2010-11-10,52.01,52.98,52.01,52.25,238600,25.62
2010-11-09,52.35,52.44,51.90,52.00,258000,25.50
2010-11-08,53.42,53.48,51.78,52.21,132600,25.60
2010-11-05,53.03,53.72,52.55,53.42,624200,26.20
2010-11-04,51.02,52.97,50.60,52.75,888400,25.87
2010-11-03,52.00,52.60,49.99,50.60,493600,24.82
2010-11-02,51.42,52.24,51.42,52.23,303000,25.61
2010-11-01,52.10,52.10,50.82,51.07,685800,25.05
2010-10-29,50.93,51.31,50.81,51.28,42000,25.15
2010-10-28,51.50,51.94,50.92,51.02,176600,25.02
2010-10-27,48.75,51.74,48.75,51.23,211000,25.12
2010-10-26,53.20,53.20,51.17,51.30,198800,25.16
2010-10-25,50.15,51.62,49.91,51.50,76200,25.26
2010-10-22,49.24,50.00,48.70,49.86,195000,24.45
2010-10-21,49.00,50.80,47.51,48.74,165000,23.90
2010-10-20,46.75,47.80,46.75,47.71,45600,23.40
2010-10-19,46.52,46.85,45.75,46.73,79800,22.92
2010-10-18,48.50,48.50,46.36,46.90,113400,23.00
2010-10-15,47.90,48.25,47.50,48.25,41200,23.66
2010-10-14,48.50,48.75,46.50,47.90,90600,23.49
2010-10-13,47.35,48.46,47.35,48.02,523000,23.55
2010-10-12,44.11,46.58,43.74,46.44,120200,22.78
2010-10-11,46.00,46.10,44.23,44.36,168600,21.76
2010-10-08,44.85,45.06,44.28,45.03,43000,22.08
2010-10-07,44.80,45.09,44.50,45.07,28600,22.10
2010-10-06,45.66,45.66,44.26,44.96,103600,22.05
2010-10-05,43.44,44.91,43.32,44.91,235400,22.02
2010-10-04,44.09,44.25,43.39,43.51,55800,21.34
2010-10-01,44.35,44.35,43.95,44.01,109000,21.58
2010-09-30,44.24,44.24,43.25,43.96,61200,21.56
2010-09-29,43.99,44.25,43.85,44.06,91000,21.61
2010-09-28,44.00,44.00,43.50,43.97,38400,21.56
2010-09-27,44.25,44.25,44.04,44.10,109200,21.63
2010-09-24,43.82,44.14,43.77,44.04,153200,21.60
2010-09-23,43.84,44.03,43.76,43.82,55200,21.49
2010-09-22,44.00,45.25,44.00,44.04,41000,21.60
2010-09-21,44.50,44.50,43.50,43.99,62200,21.57
2010-09-20,44.12,44.45,43.70,44.25,120200,21.70
2010-09-17,42.73,45.50,42.00,44.50,653600,21.82
2010-09-16,42.50,42.70,41.99,42.59,67000,20.89
2010-09-15,42.50,42.99,42.37,42.50,79800,20.84
2010-09-14,41.65,42.23,41.65,42.15,98400,20.67
2010-09-13,41.60,41.60,41.00,41.12,119600,20.17
2010-09-10,39.94,40.57,39.46,40.57,42200,19.90
2010-09-09,40.75,40.76,40.13,40.36,63800,19.79
2010-09-08,39.87,40.47,39.87,40.30,66200,19.76
2010-09-07,40.55,40.55,39.50,40.01,175600,19.62
2010-09-03,41.41,41.66,40.53,40.97,74200,20.09
2010-09-02,39.01,40.99,39.01,40.98,149200,20.10
2010-09-01,38.15,39.79,38.09,39.08,92600,19.17
2010-08-31,37.98,38.00,37.78,37.81,285000,18.54
2010-08-30,37.25,38.15,37.11,37.97,136000,18.62
2010-08-27,36.74,37.21,36.39,36.97,120400,18.13
2010-08-26,35.73,36.35,35.73,36.31,148000,17.81
2010-08-25,35.52,36.24,35.42,35.80,115200,17.56
2010-08-24,36.05,36.05,35.47,35.68,123800,17.50
2010-08-23,35.32,35.97,35.31,35.75,74400,17.53
2010-08-20,35.15,35.41,35.10,35.40,311400,17.36
2010-08-19,34.67,35.21,34.36,35.15,626600,17.24
2010-08-18,34.36,35.23,33.90,34.87,216200,17.10
2010-08-17,34.30,34.55,33.93,34.31,122400,16.83
2010-08-16,33.00,35.49,33.00,33.73,169000,16.54
2010-08-13,32.25,32.47,31.85,32.00,48200,15.69
2010-08-12,32.00,32.50,31.94,31.99,25800,15.69
2010-08-11,32.04,32.25,31.96,31.99,48000,15.69
2010-08-10,32.51,32.51,32.36,32.40,43000,15.89
2010-08-09,32.82,32.82,32.40,32.67,65400,16.02
2010-08-06,32.24,32.52,32.00,32.49,308800,15.93
2010-08-05,32.38,32.42,32.25,32.39,22600,15.88
2010-08-04,32.41,32.50,32.40,32.40,39600,15.89
2010-08-03,32.50,32.75,32.25,32.40,117800,15.89
2010-08-02,32.60,32.60,32.41,32.50,276000,15.94
2010-07-30,32.59,32.60,32.25,32.47,101000,15.92
2010-07-29,32.60,32.74,32.16,32.35,78000,15.87
2010-07-28,32.85,32.95,32.24,32.54,27600,15.96
2010-07-27,33.05,33.05,32.80,32.80,21000,16.09
2010-07-26,33.00,33.31,32.95,33.04,19800,16.20
2010-07-23,33.25,33.75,33.00,33.08,25800,16.22
2010-07-22,33.10,33.49,32.94,33.00,47400,16.18
2010-07-21,32.38,33.20,32.38,33.00,69600,16.18
2010-07-20,32.99,33.38,32.99,33.16,35200,16.26
2010-07-19,33.71,33.95,32.85,33.08,61800,16.22
2010-07-16,34.29,34.90,33.35,34.08,457600,16.71
2010-07-15,34.10,34.44,33.90,34.01,31600,16.68
2010-07-14,33.58,34.24,33.58,33.92,14800,16.64
2010-07-13,33.30,33.66,33.12,33.65,338000,16.50
2010-07-12,32.83,34.80,32.64,32.79,56800,16.08
2010-07-09,32.87,33.00,32.51,32.78,18400,16.08
2010-07-08,33.06,36.16,32.68,32.85,1432600,16.11
2010-07-07,32.69,33.00,32.25,32.25,443600,15.82
2010-07-06,33.27,33.27,31.95,32.01,18400,15.70
2010-07-02,33.25,33.26,33.00,33.00,22000,16.18
2010-07-01,33.50,33.64,32.50,33.00,39800,16.18
2010-06-30,33.75,34.15,33.55,33.63,16000,16.49
2010-06-29,33.81,33.85,33.44,33.77,2000,16.56
2010-06-28,34.24,34.24,33.90,33.90,2800,16.63
2010-06-25,34.55,34.69,34.25,34.25,11200,16.80
2010-06-24,36.55,36.65,34.25,34.36,22400,16.85
2010-06-23,36.00,36.59,35.60,36.59,16000,17.94
2010-06-22,36.35,36.40,36.00,36.00,26800,17.66
2010-06-21,36.35,37.22,36.25,36.49,23200,17.90
2010-06-18,36.00,36.25,36.00,36.25,24800,17.78
2010-06-17,36.00,36.00,36.00,36.00,27200,17.66
2010-06-16,36.00,36.25,36.00,36.10,29800,17.70
2010-06-15,35.40,36.25,35.40,36.25,9800,17.78
2010-06-14,34.10,35.50,34.10,35.50,32600,17.41
2010-06-11,34.00,34.50,34.00,34.25,27000,16.80
2010-06-10,32.50,34.00,32.50,34.00,45200,16.67
2010-06-09,33.55,34.00,32.50,34.00,1600,16.67
2010-06-08,32.10,33.50,32.05,33.50,2000,16.43
2010-06-07,33.00,33.25,33.00,33.25,23200,16.31
2010-06-04,34.00,34.00,32.10,32.50,4600,15.94
2010-06-03,34.50,34.50,34.00,34.38,4400,16.86
2010-06-02,35.00,35.25,33.75,34.50,92400,16.92
2010-06-01,35.00,35.50,35.00,35.00,56000,17.16
2010-05-28,35.00,36.00,35.00,35.00,17200,17.16
2010-05-27,35.00,36.00,35.00,36.00,5000,17.66
2010-05-26,35.00,35.10,35.00,35.10,1400,17.21
2010-05-25,36.65,36.65,35.00,35.00,45200,17.16
2010-05-24,35.50,35.50,35.50,35.50,2400,17.41
2010-05-21,35.00,36.75,35.00,36.25,32200,17.78
2010-05-20,36.00,36.00,36.00,36.00,44400,17.66
2010-05-19,36.25,36.75,36.25,36.50,44600,17.90
2010-05-18,37.00,37.70,36.40,36.70,1444000,18.00
2010-05-17,37.25,38.90,37.15,37.15,124800,18.22
2010-05-14,37.40,37.40,37.00,37.30,13400,18.29
2010-05-13,36.00,38.50,36.00,37.50,111600,18.39
2010-05-12,38.00,38.00,36.00,37.50,55000,18.39
2010-05-11,42.00,42.00,32.00,39.00,115200,19.13
