Date,Open,High,Low,Close,Volume,Adj Close
2012-05-04,17.13,17.27,16.57,17.24,193800,17.24
2012-05-03,17.82,17.82,16.80,17.14,164100,17.14
2012-05-02,17.47,17.87,17.33,17.71,231000,17.71
2012-05-01,16.67,17.65,16.67,17.44,179800,17.44
2012-04-30,17.25,17.49,16.55,16.71,226000,16.71
2012-04-27,17.36,17.36,16.93,17.10,172600,17.10
2012-04-26,17.26,17.74,17.15,17.28,194300,17.28
2012-04-25,17.07,17.50,16.76,17.27,246500,17.27
2012-04-24,16.75,17.00,16.46,16.93,191700,16.93
2012-04-23,16.80,16.94,16.39,16.78,229400,16.78
2012-04-20,16.39,17.22,16.33,16.97,319100,16.97
2012-04-19,15.97,16.37,15.86,16.31,203600,16.31
2012-04-18,15.93,15.93,15.50,15.80,216300,15.80
2012-04-17,16.87,16.87,15.51,15.92,377600,15.92
2012-04-16,16.48,16.52,16.05,16.18,155200,16.18
2012-04-13,16.79,16.79,16.21,16.44,162800,16.44
2012-04-12,16.49,16.85,16.40,16.80,137000,16.80
2012-04-11,16.19,16.49,16.06,16.37,115800,16.37
2012-04-10,16.74,16.86,16.00,16.08,277600,16.08
2012-04-09,16.72,16.89,16.37,16.84,222500,16.84
2012-04-05,17.04,17.16,16.78,17.04,167900,17.04
2012-04-04,17.34,17.34,17.01,17.11,178300,17.11
2012-04-03,17.42,17.57,17.16,17.44,118500,17.44
2012-04-02,17.29,17.73,17.01,17.38,184400,17.38
2012-03-30,17.41,17.50,17.33,17.34,170700,17.34
2012-03-29,17.25,17.59,16.88,17.30,222800,17.30
2012-03-28,17.05,17.68,17.00,17.17,348000,17.17
2012-03-27,16.77,17.18,16.77,17.00,321200,17.00
2012-03-26,17.38,17.50,16.64,16.77,620900,16.77
2012-03-23,17.29,17.50,17.21,17.30,208300,17.30
2012-03-22,18.03,18.15,17.15,17.35,391600,17.35
2012-03-21,17.75,18.25,17.56,18.16,292900,18.16
2012-03-20,18.40,18.52,17.22,17.68,776300,17.68
2012-03-19,19.00,19.14,18.51,18.51,261700,18.51
2012-03-16,19.00,19.55,18.92,19.04,519100,19.04
2012-03-15,18.46,19.00,18.36,19.00,309500,19.00
2012-03-14,18.64,18.93,18.37,18.47,275700,18.47
2012-03-13,18.41,19.00,18.36,18.75,346100,18.75
2012-03-12,19.01,19.23,18.09,18.50,602500,18.50
2012-03-09,19.10,19.17,18.75,18.89,503400,18.89
2012-03-08,18.83,19.75,18.50,19.22,813600,19.22
2012-03-07,18.54,19.75,18.54,19.25,627900,19.25
2012-03-06,19.00,19.00,17.70,18.29,874100,18.29
2012-03-05,19.63,19.98,18.85,19.06,1125300,19.06
2012-03-02,18.54,19.68,18.53,19.48,729700,19.48
2012-03-01,17.50,19.00,17.01,18.51,595300,18.51
2012-02-29,16.78,17.50,16.78,17.27,324100,17.27
2012-02-28,17.25,17.65,16.50,16.65,366500,16.65
2012-02-27,17.00,17.23,16.61,17.19,516600,17.19
2012-02-24,17.34,17.34,16.60,16.75,432600,16.75
2012-02-23,16.41,17.37,16.39,16.97,1205700,16.97
2012-02-22,15.02,16.28,14.64,15.95,1004500,15.95
2012-02-21,15.24,15.24,14.85,15.06,246000,15.06
2012-02-17,15.52,15.70,15.22,15.24,171900,15.24
2012-02-16,15.22,15.73,15.00,15.51,230000,15.51
2012-02-15,15.53,15.67,15.21,15.25,166800,15.25
2012-02-14,15.61,15.70,15.30,15.39,292200,15.39
2012-02-13,15.37,15.70,15.11,15.58,237200,15.58
2012-02-10,15.70,15.84,15.24,15.32,266700,15.32
2012-02-09,15.98,16.23,15.19,15.94,74000,15.94
2012-02-08,16.56,16.82,15.52,16.09,331100,15.90
2012-02-07,16.52,16.75,15.93,16.45,564500,16.26
2012-02-06,15.62,16.83,15.52,16.65,502500,16.46
2012-02-03,15.54,15.81,15.50,15.62,192700,15.44
2012-02-02,15.27,15.64,15.17,15.50,185600,15.32
2012-02-01,15.01,15.30,14.88,15.29,424400,15.11
2012-01-31,15.53,15.71,15.02,15.10,314300,14.92
2012-01-30,15.11,15.59,15.03,15.50,248700,15.32
2012-01-27,15.64,15.67,15.18,15.23,394800,15.05
2012-01-26,16.10,16.20,15.74,15.85,217200,15.66
2012-01-25,16.10,16.25,15.85,16.04,204700,15.85
2012-01-24,15.56,16.25,15.42,16.18,396400,15.99
2012-01-23,15.50,15.94,15.29,15.62,495800,15.44
2012-01-20,15.77,15.77,14.94,15.45,716400,15.27
2012-01-19,15.48,16.24,15.48,15.90,518500,15.71
2012-01-18,14.87,15.50,14.73,15.50,351000,15.32
2012-01-17,14.24,15.21,14.23,14.88,581800,14.71
2012-01-13,13.89,14.24,13.67,14.18,162200,14.01
2012-01-12,13.56,14.00,13.53,13.95,505300,13.79
2012-01-11,13.90,14.21,13.84,14.07,578800,13.91
2012-01-10,13.76,13.99,13.67,13.89,520500,13.73
2012-01-09,13.78,13.78,13.50,13.60,843000,13.44
2012-01-06,13.80,13.83,13.54,13.64,574000,13.48
2012-01-05,13.81,13.82,13.59,13.79,568400,13.63
2012-01-04,13.80,13.90,13.80,13.85,325500,13.69
2012-01-03,13.90,13.92,13.72,13.84,265400,13.68
2011-12-30,13.59,13.70,13.46,13.68,265100,13.52
2011-12-29,13.55,13.70,13.54,13.61,173000,13.45
2011-12-28,13.88,13.90,13.44,13.56,300100,13.40
2011-12-27,13.62,13.73,13.55,13.65,198800,13.49
2011-12-23,13.60,13.64,13.41,13.58,177400,13.42
2011-12-22,13.35,13.60,13.24,13.56,648600,13.40
2011-12-21,13.14,13.33,13.08,13.23,483900,13.08
2011-12-20,13.05,13.21,13.03,13.21,293000,13.06
2011-12-19,13.28,13.28,12.90,12.92,451500,12.77
2011-12-16,13.15,13.29,13.03,13.15,968600,13.00
2011-12-15,12.51,12.95,12.49,12.91,676400,12.76
2011-12-14,12.02,12.68,11.86,12.34,1140500,12.20
2011-12-13,13.70,13.92,11.77,12.16,3716700,12.02
2011-12-12,10.55,10.72,10.26,10.45,361000,10.33
2011-12-09,10.76,10.90,10.59,10.68,259400,10.56
2011-12-08,10.91,10.96,10.50,10.54,176400,10.42
2011-12-07,11.04,11.05,10.78,11.02,131400,10.89
2011-12-06,10.85,11.08,10.64,11.01,245900,10.88
2011-12-05,10.74,10.90,10.69,10.82,357700,10.69
2011-12-02,10.53,10.66,10.31,10.50,355800,10.38
2011-12-01,10.50,10.59,10.21,10.37,709400,10.25
2011-11-30,10.75,10.85,10.25,10.48,724900,10.36
2011-11-29,10.79,10.84,10.50,10.55,248900,10.43
2011-11-28,10.85,11.16,10.67,10.77,336300,10.64
2011-11-25,11.06,11.08,10.58,10.61,204100,10.49
2011-11-23,10.95,11.19,10.92,11.08,341700,10.95
2011-11-22,11.08,11.24,10.95,11.06,397000,10.93
2011-11-21,11.25,11.30,10.88,11.28,348500,11.15
2011-11-18,11.44,11.54,11.31,11.35,171300,11.22
2011-11-17,11.56,11.79,11.31,11.39,305900,11.26
2011-11-16,11.79,11.88,11.50,11.52,324900,11.39
2011-11-15,11.70,12.01,11.60,11.82,247100,11.68
2011-11-14,11.60,11.86,11.58,11.73,277500,11.59
2011-11-11,12.00,12.10,11.70,11.75,39400,11.61
2011-11-10,11.94,11.99,11.66,11.85,62200,11.71
2011-11-09,12.05,12.11,11.81,11.81,76400,11.67
2011-11-08,12.97,13.21,12.50,12.59,275600,12.26
2011-11-07,13.02,13.07,12.65,12.85,241300,12.51
2011-11-04,12.55,13.06,12.31,13.02,498900,12.68
2011-11-03,12.77,12.81,12.14,12.62,670100,12.29
2011-11-02,13.51,13.77,12.62,12.73,592000,12.39
2011-11-01,13.78,13.79,13.50,13.59,262800,13.23
2011-10-31,14.40,14.47,14.03,14.17,169700,13.80
2011-10-28,14.49,14.74,14.36,14.47,179900,14.09
2011-10-27,14.65,14.77,14.37,14.58,393300,14.19
2011-10-26,14.39,14.39,13.90,14.27,146800,13.89
2011-10-25,14.46,14.56,14.05,14.15,188300,13.78
2011-10-24,14.04,14.76,14.04,14.44,300900,14.06
2011-10-21,14.15,14.25,13.76,14.01,212400,13.64
2011-10-20,13.93,13.93,13.41,13.92,146000,13.55
2011-10-19,14.03,14.39,13.71,13.79,264600,13.43
2011-10-18,13.69,14.07,13.33,14.03,220200,13.66
2011-10-17,13.58,13.81,13.40,13.58,375900,13.22
2011-10-14,13.00,13.30,12.95,13.28,96300,12.93
2011-10-13,12.88,12.99,12.52,12.94,172200,12.60
2011-10-12,12.41,13.00,12.18,12.90,259800,12.56
2011-10-11,11.75,12.24,11.65,12.19,414600,11.87
2011-10-10,11.31,11.55,11.11,11.50,330500,11.20
2011-10-07,11.55,11.75,10.91,11.02,175600,10.73
2011-10-06,11.02,11.52,11.01,11.49,165000,11.19
2011-10-05,11.25,11.50,11.02,11.06,248100,10.77
2011-10-04,10.81,11.28,10.21,11.25,388300,10.95
2011-10-03,11.37,11.67,10.91,10.95,427200,10.66
2011-09-30,11.81,11.88,11.43,11.46,246600,11.16
2011-09-29,12.21,12.35,11.76,12.05,130700,11.73
2011-09-28,12.31,12.50,11.89,11.96,225700,11.64
2011-09-27,12.52,12.82,12.23,12.31,226100,11.98
2011-09-26,12.47,12.74,12.12,12.23,210000,11.91
2011-09-23,12.02,12.40,12.01,12.40,180800,12.07
2011-09-22,12.26,12.40,11.95,12.13,480700,11.81
2011-09-21,13.08,13.20,12.63,12.63,135800,12.30
2011-09-20,13.41,13.43,13.07,13.10,90000,12.75
2011-09-19,13.13,13.43,13.06,13.32,139600,12.97
2011-09-16,13.62,13.87,13.31,13.39,86100,13.04
2011-09-15,13.59,13.75,13.45,13.59,297500,13.23
2011-09-14,13.49,13.59,13.29,13.43,156200,13.07
2011-09-13,12.83,13.51,12.83,13.49,166100,13.13
2011-09-12,12.78,13.15,12.66,12.94,267100,12.60
2011-09-09,13.32,13.39,12.90,13.01,273600,12.67
2011-09-08,13.58,14.02,13.42,13.50,135100,13.14
2011-09-07,13.39,13.94,13.38,13.72,162100,13.36
2011-09-06,12.82,13.24,12.68,13.15,243600,12.80
2011-09-02,13.48,13.50,13.20,13.30,287000,12.95
2011-09-01,13.80,14.10,13.73,13.75,271200,13.39
2011-08-31,14.00,14.23,13.78,13.83,228900,13.46
2011-08-30,13.48,13.98,13.41,13.91,210600,13.54
2011-08-29,13.14,13.58,13.14,13.58,228300,13.22
2011-08-26,12.14,13.01,12.08,12.94,179400,12.60
2011-08-25,12.57,12.74,12.26,12.36,124800,12.03
2011-08-24,12.39,12.71,12.25,12.46,235800,12.13
2011-08-23,12.42,12.44,12.08,12.42,444900,12.09
2011-08-22,12.59,12.83,12.04,12.25,358300,11.93
2011-08-19,12.50,12.84,12.09,12.22,284900,11.90
2011-08-18,13.25,13.25,12.54,12.71,221400,12.37
2011-08-17,13.75,13.81,13.21,13.52,277000,13.16
2011-08-16,13.88,13.96,13.51,13.56,265600,13.20
2011-08-15,13.55,14.39,13.54,14.13,573100,13.76
2011-08-12,13.19,13.55,13.05,13.44,330600,13.08
2011-08-11,12.35,13.16,12.01,13.03,403600,12.69
2011-08-10,12.06,12.90,12.00,12.31,574100,11.80
2011-08-09,11.92,12.26,11.51,12.19,533500,11.69
2011-08-08,11.49,12.31,11.05,11.76,1359800,11.27
2011-08-05,11.76,12.71,11.15,12.29,1115000,11.78
2011-08-04,12.94,12.94,11.36,11.40,1011200,10.93
2011-08-03,13.40,13.42,12.08,12.99,1110000,12.45
2011-08-02,13.65,13.95,13.30,13.36,454700,12.81
2011-08-01,14.12,14.35,13.65,13.76,405700,13.19
2011-07-29,13.83,13.97,13.51,13.90,317600,13.33
2011-07-28,14.07,14.18,13.86,13.97,274700,13.39
2011-07-27,14.37,14.43,14.05,14.08,339100,13.50
2011-07-26,14.27,14.72,14.20,14.50,255100,13.90
2011-07-25,14.50,14.57,14.27,14.30,218800,13.71
2011-07-22,14.50,14.61,14.50,14.54,172500,13.94
2011-07-21,14.59,14.83,14.52,14.57,305600,13.97
2011-07-20,14.59,14.67,14.51,14.53,171300,13.93
2011-07-19,14.47,14.68,14.29,14.53,265200,13.93
2011-07-18,14.71,14.72,14.06,14.41,374500,13.81
2011-07-15,15.08,15.08,14.65,14.80,316200,14.19
2011-07-14,15.12,15.20,14.81,14.98,378100,14.36
2011-07-13,15.20,15.37,14.98,15.07,471700,14.45
2011-07-12,15.39,15.59,15.06,15.14,440300,14.51
2011-07-11,15.95,16.09,15.34,15.55,334700,14.91
2011-07-08,16.21,16.68,16.02,16.17,306900,15.50
2011-07-07,15.87,16.42,15.82,16.38,551800,15.70
2011-07-06,14.96,16.33,14.96,15.58,1004900,14.94
2011-07-05,15.07,15.09,14.87,15.01,156000,14.39
2011-07-01,14.63,15.10,14.61,15.07,186900,14.45
2011-06-30,14.59,14.75,14.43,14.61,557100,14.01
2011-06-29,15.20,15.23,14.45,14.54,652200,13.94
2011-06-28,15.04,15.23,14.89,15.18,369200,14.55
2011-06-27,15.03,15.24,14.90,15.00,281200,14.38
2011-06-24,15.21,15.23,14.96,15.05,180900,14.43
2011-06-23,15.36,15.40,14.96,15.18,346600,14.55
2011-06-22,15.41,15.90,15.41,15.67,307100,15.02
2011-06-21,15.42,15.71,15.28,15.47,388600,14.83
2011-06-20,14.91,15.32,14.89,15.27,274400,14.64
2011-06-17,14.99,15.15,14.75,14.86,352900,14.25
2011-06-16,14.76,14.97,14.54,14.79,463700,14.18
2011-06-15,14.88,15.11,14.74,14.89,229600,14.27
2011-06-14,14.75,15.15,14.67,15.00,373200,14.38
2011-06-13,14.57,14.70,14.42,14.58,231000,13.98
2011-06-10,14.62,14.78,14.44,14.55,705800,13.95
2011-06-09,15.00,15.20,14.67,14.78,723200,14.17
2011-06-08,15.65,15.65,14.84,14.98,1048500,14.36
2011-06-07,15.91,15.99,15.77,15.79,331400,15.14
2011-06-06,16.59,16.59,15.73,15.84,544900,15.19
2011-06-03,16.40,16.84,16.14,16.67,364400,15.98
2011-06-02,16.98,17.07,16.42,16.50,453100,15.82
2011-06-01,17.38,17.40,16.83,16.91,240800,16.21
2011-05-31,17.61,17.69,17.19,17.36,277100,16.64
2011-05-27,16.78,17.35,16.76,17.22,307200,16.51
2011-05-26,16.64,16.79,16.21,16.74,613800,16.05
2011-05-25,16.58,16.95,16.09,16.61,757400,15.92
2011-05-24,17.26,17.26,16.82,16.86,452200,16.16
2011-05-23,17.18,17.40,16.95,17.21,313900,16.50
2011-05-20,17.70,17.80,17.45,17.56,320800,16.83
2011-05-19,17.36,17.84,17.26,17.67,506300,16.94
2011-05-18,17.20,17.31,16.90,17.19,432400,16.48
2011-05-17,17.70,17.74,16.65,17.18,720900,16.47
2011-05-16,17.88,18.25,17.63,17.75,415400,17.02
2011-05-13,17.94,18.20,17.80,17.97,217600,17.23
2011-05-12,17.75,18.09,17.60,17.89,223000,17.15
2011-05-11,18.28,18.37,17.60,17.91,518900,17.17
2011-05-10,18.12,18.83,18.12,18.43,293200,17.49
2011-05-09,17.85,18.16,17.72,18.05,398700,17.13
2011-05-06,18.00,18.16,17.50,17.60,699500,16.70
2011-05-05,17.90,18.33,17.55,17.85,529100,16.94
2011-05-04,18.26,18.26,17.23,17.83,742000,16.92
2011-05-03,18.65,18.65,18.08,18.32,393900,17.38
2011-05-02,19.13,19.13,18.25,18.54,416800,17.59
2011-04-29,19.21,19.31,18.88,19.03,309000,18.06
2011-04-28,19.10,19.20,18.92,19.05,265700,18.08
2011-04-27,19.05,19.17,18.32,19.10,401400,18.12
2011-04-26,19.60,19.60,18.91,19.05,506900,18.08
2011-04-25,19.35,19.96,18.94,19.61,781600,18.61
2011-04-21,18.83,19.11,18.45,18.92,466300,17.95
2011-04-20,18.10,18.68,18.10,18.45,524300,17.51
2011-04-19,18.13,18.27,17.60,17.85,584600,16.94
2011-04-18,18.70,18.70,17.93,18.25,412500,17.32
2011-04-15,18.08,18.87,17.54,18.82,692900,17.86
2011-04-14,18.54,18.73,17.96,18.08,555000,17.16
2011-04-13,18.58,18.86,18.19,18.57,424000,17.62
2011-04-12,18.88,18.89,18.00,18.30,912500,17.37
2011-04-11,19.09,19.36,19.00,19.17,356600,18.19
2011-04-08,19.62,19.69,18.94,19.13,615900,18.15
2011-04-07,19.90,20.36,19.12,19.39,1959200,18.40
2011-04-06,21.11,21.25,20.53,20.88,611900,19.81
2011-04-05,20.81,21.33,20.64,20.85,672600,19.78
2011-04-04,19.87,21.05,19.63,20.80,1317400,19.74
2011-04-01,19.98,20.20,18.94,19.85,967400,18.84
2011-03-31,18.99,19.74,18.93,19.45,991200,18.46
2011-03-30,18.13,18.96,18.06,18.77,785100,17.81
2011-03-29,17.54,17.97,17.54,17.76,227000,16.85
2011-03-28,17.94,18.29,17.50,17.52,477200,16.62
2011-03-25,17.14,17.93,17.14,17.79,782300,16.88
2011-03-24,16.44,16.96,16.35,16.77,351200,15.91
2011-03-23,16.07,16.56,16.00,16.35,318100,15.51
2011-03-22,16.20,16.45,16.01,16.08,167400,15.26
2011-03-21,15.95,16.25,15.88,16.23,200900,15.40
2011-03-18,16.14,16.40,15.62,15.62,320200,14.82
2011-03-17,15.96,16.10,15.74,15.97,239600,15.15
2011-03-16,16.07,16.15,15.56,15.70,324900,14.90
2011-03-15,16.05,16.35,15.01,16.08,703900,15.26
2011-03-14,15.14,16.44,15.14,16.24,569800,15.41
2011-03-11,15.13,15.52,14.19,15.41,480200,14.62
2011-03-10,15.50,15.50,15.05,15.13,506600,14.36
2011-03-09,15.92,15.93,15.61,15.63,293500,14.83
2011-03-08,15.92,16.16,15.76,15.92,239100,15.11
2011-03-07,16.29,16.33,15.73,15.93,211700,15.12
2011-03-04,16.36,16.50,16.03,16.13,232800,15.31
2011-03-03,16.01,16.66,16.01,16.29,321000,15.46
2011-03-02,15.79,16.05,15.69,15.94,343100,15.13
2011-03-01,16.03,16.08,15.71,15.80,277800,14.99
2011-02-28,15.97,16.24,15.75,16.02,325600,15.20
2011-02-25,15.62,15.91,15.60,15.78,196400,14.97
2011-02-24,15.60,15.71,15.38,15.55,291600,14.76
2011-02-23,15.75,15.80,15.21,15.65,370800,14.85
2011-02-22,16.04,16.16,15.74,15.76,320300,14.95
2011-02-18,16.20,16.53,16.03,16.16,446000,15.33
2011-02-17,16.21,16.33,15.55,15.96,428000,15.14
2011-02-16,15.75,16.28,15.73,16.22,452300,15.39
2011-02-15,15.90,15.90,15.48,15.74,325000,14.94
2011-02-14,15.34,16.10,15.23,15.95,571500,15.14
2011-02-11,14.61,15.60,14.61,15.45,427700,14.66
2011-02-10,14.63,14.67,14.50,14.62,128000,13.87
2011-02-09,14.66,14.80,14.55,14.68,112000,13.93
2011-02-08,14.57,14.84,14.51,14.78,124000,14.02
2011-02-07,14.81,14.85,14.50,14.61,174200,13.86
2011-02-04,15.00,15.00,14.62,14.81,164900,14.05
2011-02-03,14.79,14.99,14.79,14.96,147600,14.20
2011-02-02,14.67,14.99,14.61,14.91,220800,14.15
2011-02-01,14.42,14.77,14.23,14.67,304600,13.92
2011-01-31,13.96,14.34,13.83,14.31,193000,13.58
2011-01-28,14.00,14.10,13.94,14.00,212800,13.28
2011-01-27,13.87,14.10,13.77,14.04,189000,13.32
2011-01-26,13.70,13.83,13.42,13.81,188500,13.10
2011-01-25,13.90,13.95,13.62,13.77,347700,12.95
2011-01-24,13.84,14.25,13.84,14.00,307300,13.16
2011-01-21,14.00,14.05,13.76,13.93,255000,13.10
2011-01-20,14.20,14.20,13.82,14.04,208400,13.20
2011-01-19,13.98,14.15,13.81,14.15,228700,13.31
2011-01-18,13.98,14.05,13.84,13.98,239000,13.15
2011-01-14,14.32,14.37,13.90,14.06,209500,13.22
2011-01-13,14.52,14.61,14.26,14.30,191600,13.45
2011-01-12,14.21,14.61,14.21,14.43,325400,13.57
2011-01-11,14.19,14.38,14.02,14.15,280900,13.31
2011-01-10,13.90,14.10,13.85,14.01,257800,13.17
2011-01-07,13.70,13.99,13.62,13.93,288300,13.10
2011-01-06,13.72,13.87,13.60,13.67,263500,12.85
2011-01-05,13.19,14.15,13.10,13.68,569000,12.86
2011-01-04,13.09,13.14,12.84,13.02,179800,12.24
2011-01-03,12.54,13.17,12.53,13.04,275000,12.26
2010-12-31,12.50,12.50,12.30,12.42,131400,11.68
2010-12-30,12.60,12.76,12.40,12.53,141400,11.78
2010-12-29,12.65,12.72,12.56,12.59,132300,11.84
2010-12-28,12.65,12.66,12.50,12.61,108500,11.86
2010-12-27,12.70,12.70,12.53,12.64,115700,11.89
2010-12-23,12.86,12.88,12.70,12.72,109000,11.96
2010-12-22,12.70,12.86,12.63,12.86,162900,12.09
2010-12-21,12.50,12.71,12.39,12.69,231500,11.93
2010-12-20,12.26,12.60,12.22,12.57,297200,11.82
2010-12-17,12.24,12.26,12.10,12.26,138800,11.53
2010-12-16,12.19,12.35,12.00,12.17,256500,11.44
2010-12-15,12.32,12.48,12.19,12.21,177800,11.48
2010-12-14,12.21,12.41,11.89,12.39,408400,11.65
2010-12-13,12.46,12.55,12.18,12.19,379800,11.46
2010-12-10,12.47,12.65,12.46,12.47,132700,11.73
2010-12-09,12.57,12.69,12.43,12.47,136700,11.73
2010-12-08,12.70,12.70,12.53,12.54,127000,11.79
2010-12-07,12.98,13.03,12.65,12.72,302300,11.96
2010-12-06,13.02,13.08,12.78,12.85,138400,12.08
2010-12-03,12.55,13.14,12.55,13.09,209200,12.31
2010-12-02,12.67,12.70,12.53,12.64,317600,11.89
2010-12-01,12.82,12.99,12.50,12.68,320700,11.92
2010-11-30,12.85,12.96,12.54,12.68,295300,11.92
2010-11-29,12.90,13.03,12.85,12.96,190900,12.19
2010-11-26,13.06,13.08,12.92,12.98,56400,12.21
2010-11-24,13.02,13.10,12.96,13.09,141600,12.31
2010-11-23,13.01,13.03,12.82,12.97,229500,12.20
2010-11-22,12.92,13.10,12.88,13.08,207300,12.30
2010-11-19,12.91,13.09,12.85,13.00,176100,12.22
2010-11-18,13.06,13.13,12.94,12.97,185300,12.20
2010-11-17,12.83,13.02,12.73,12.89,153200,12.12
2010-11-16,13.00,13.00,12.41,12.74,368400,11.98
2010-11-15,13.40,13.43,13.04,13.10,196000,12.32
2010-11-12,13.17,13.20,12.90,12.97,281100,12.20
2010-11-11,13.20,13.34,13.04,13.26,376800,12.47
2010-11-10,13.03,13.30,12.91,13.24,266700,12.45
2010-11-09,13.74,13.74,12.95,13.03,377700,12.25
2010-11-08,13.63,13.80,13.51,13.69,284900,12.87
2010-11-05,13.71,13.89,13.60,13.69,219000,12.87
2010-11-04,13.68,13.74,13.59,13.69,320300,12.87
2010-11-03,13.53,13.62,13.29,13.48,229500,12.68
2010-11-02,13.61,13.68,13.34,13.57,381100,12.76
2010-11-01,13.50,13.63,13.40,13.44,220700,12.64
2010-10-29,13.16,13.50,13.16,13.47,45600,12.67
2010-10-28,13.62,14.05,13.22,13.38,894900,12.46
2010-10-27,14.77,15.05,13.87,13.98,906800,13.02
2010-10-26,14.15,14.69,14.00,14.55,448800,13.55
2010-10-25,14.58,14.66,14.15,14.22,534700,13.25
2010-10-22,13.43,14.27,13.39,14.21,560800,13.24
2010-10-21,13.55,13.58,13.23,13.31,195800,12.40
2010-10-20,13.09,13.49,13.09,13.44,268300,12.52
2010-10-19,13.43,13.56,13.00,13.03,244600,12.14
2010-10-18,13.49,13.60,13.35,13.59,169400,12.66
2010-10-15,13.39,13.50,13.20,13.46,236700,12.54
2010-10-14,13.35,13.43,13.13,13.25,148000,12.34
2010-10-13,13.16,13.46,13.13,13.37,214400,12.45
2010-10-12,13.42,13.42,12.92,13.13,430500,12.23
2010-10-11,13.57,13.69,13.42,13.44,222000,12.52
2010-10-08,13.21,13.70,13.21,13.49,411700,12.57
2010-10-07,13.08,13.28,12.90,13.21,284300,12.31
2010-10-06,12.90,13.07,12.82,13.07,249100,12.17
2010-10-05,12.35,12.96,12.31,12.94,361200,12.05
2010-10-04,12.54,12.69,12.25,12.29,238200,11.45
2010-10-01,12.32,12.63,12.32,12.50,238200,11.64
2010-09-30,12.33,12.48,12.08,12.34,220200,11.49
2010-09-29,12.02,12.25,12.00,12.24,186000,11.40
2010-09-28,11.94,12.02,11.77,11.99,170300,11.17
2010-09-27,11.82,11.95,11.76,11.84,292100,11.03
2010-09-24,11.88,11.94,11.67,11.83,225900,11.02
2010-09-23,11.78,11.85,11.68,11.77,182000,10.96
2010-09-22,12.15,12.28,11.81,11.87,245400,11.06
2010-09-21,11.93,12.13,11.90,12.04,181600,11.22
2010-09-20,12.15,12.33,12.00,12.05,150200,11.22
2010-09-17,12.35,12.35,11.96,12.14,218300,11.31
2010-09-16,12.11,12.34,12.05,12.32,331400,11.48
2010-09-15,11.87,12.10,11.82,12.08,221500,11.25
2010-09-14,11.72,11.89,11.52,11.77,182100,10.96
2010-09-13,11.61,11.73,11.47,11.73,231600,10.93
2010-09-10,11.36,11.40,11.18,11.37,134600,10.59
2010-09-09,11.44,11.50,11.25,11.35,176800,10.57
2010-09-08,11.09,11.48,11.00,11.23,341600,10.46
2010-09-07,11.15,11.18,10.97,11.00,177200,10.25
2010-09-03,11.20,11.37,11.15,11.18,187800,10.41
2010-09-02,11.19,11.20,10.96,11.08,195600,10.32
2010-09-01,11.31,11.48,11.05,11.11,269700,10.35
2010-08-31,10.83,11.30,10.66,11.22,302000,10.45
2010-08-30,11.29,11.33,10.94,11.00,146200,10.25
2010-08-27,10.85,11.26,10.84,11.15,183900,10.39
2010-08-26,11.15,11.19,10.79,10.82,161100,10.08
2010-08-25,10.81,11.04,10.73,11.04,197000,10.28
2010-08-24,11.05,11.05,10.76,10.87,331300,10.13
2010-08-23,10.93,11.18,10.86,11.01,201100,10.26
2010-08-20,10.80,10.92,10.66,10.91,350800,10.16
2010-08-19,10.75,10.95,10.73,10.89,270800,10.14
2010-08-18,10.76,10.82,10.55,10.78,117500,10.04
2010-08-17,10.46,10.88,10.46,10.79,206400,10.05
2010-08-16,10.41,10.53,10.31,10.36,138300,9.65
2010-08-13,10.60,10.62,10.40,10.43,122000,9.72
2010-08-12,10.36,10.65,10.30,10.61,165500,9.88
2010-08-11,10.67,10.68,10.34,10.50,305400,9.78
2010-08-10,10.84,11.00,10.73,10.87,158800,10.13
2010-08-09,10.98,11.12,10.93,11.05,115800,10.29
2010-08-06,10.98,11.06,10.82,10.96,169000,10.21
2010-08-05,11.27,11.28,10.93,11.14,194300,10.38
2010-08-04,11.60,11.66,11.30,11.52,192700,10.61
2010-08-03,11.67,11.67,11.30,11.52,155600,10.61
2010-08-02,11.54,11.64,11.40,11.62,243100,10.71
2010-07-30,11.09,11.35,11.04,11.28,223200,10.39
2010-07-29,10.97,11.29,10.93,11.19,272500,10.31
2010-07-28,11.15,11.15,10.57,10.79,209200,9.94
2010-07-27,10.63,11.07,10.63,11.00,364300,10.14
2010-07-26,10.58,10.72,10.45,10.56,139500,9.73
2010-07-23,10.30,10.60,10.30,10.51,160000,9.68
2010-07-22,10.26,10.46,10.26,10.34,203900,9.53
2010-07-21,10.01,10.32,9.88,10.20,291800,9.40
2010-07-20,9.52,10.02,9.45,10.01,262800,9.22
2010-07-19,9.81,9.91,9.47,9.56,352800,8.81
2010-07-16,10.09,10.17,9.79,9.82,316100,9.05
2010-07-15,10.16,10.19,10.00,10.15,251500,9.35
2010-07-14,10.10,10.35,10.00,10.14,354800,9.34
2010-07-13,10.22,10.22,10.01,10.05,275300,9.26
2010-07-12,10.17,10.22,9.97,10.05,204900,9.26
2010-07-09,9.95,10.13,9.95,10.13,114400,9.33
2010-07-08,10.00,10.31,9.81,10.01,329400,9.22
2010-07-07,9.65,9.94,9.57,9.94,189700,9.16
2010-07-06,9.75,10.00,9.50,9.60,357700,8.85
2010-07-02,9.95,10.10,9.67,9.73,193300,8.97
2010-07-01,10.01,10.11,9.67,9.78,332900,9.01
2010-06-30,10.39,10.61,10.00,10.00,272700,9.21
2010-06-29,10.50,10.57,10.13,10.47,305100,9.65
2010-06-28,10.76,10.91,10.64,10.74,178900,9.90
2010-06-25,10.81,11.00,10.70,10.72,200000,9.88
2010-06-24,11.29,11.29,10.80,10.84,157300,9.99
2010-06-23,11.30,11.30,11.00,11.14,130000,10.26
2010-06-22,11.60,11.69,11.15,11.20,231600,10.32
2010-06-21,11.74,11.85,11.51,11.58,206300,10.67
2010-06-18,11.23,11.45,11.23,11.38,113800,10.49
2010-06-17,11.55,11.59,11.18,11.30,163800,10.41
2010-06-16,11.74,11.93,11.37,11.41,282200,10.51
2010-06-15,11.45,12.00,11.38,11.97,373100,11.03
2010-06-14,11.41,11.71,11.20,11.28,246100,10.39
2010-06-11,11.10,11.42,10.90,11.40,272100,10.50
2010-06-10,10.85,11.05,10.69,11.02,227700,10.15
2010-06-09,10.88,10.88,10.52,10.61,279600,9.78
2010-06-08,10.99,10.99,10.06,10.62,317100,9.79
2010-06-07,10.86,10.86,10.21,10.33,351500,9.52
2010-06-04,10.48,10.80,10.29,10.37,186600,9.55
2010-06-03,10.99,11.11,10.49,10.85,216300,10.00
2010-06-02,10.45,10.91,10.29,10.87,263800,10.02
2010-06-01,10.50,10.65,10.16,10.20,231600,9.40
2010-05-28,10.91,10.93,10.54,10.69,200700,9.85
2010-05-27,10.73,10.94,10.55,10.89,234000,10.03
2010-05-26,9.94,10.44,9.93,10.23,378000,9.43
2010-05-25,9.73,9.87,9.40,9.85,331000,9.08
2010-05-24,9.91,10.15,9.90,9.98,157100,9.20
2010-05-21,9.45,10.04,9.30,10.01,391900,9.22
2010-05-20,10.10,10.14,9.54,9.63,470500,8.87
2010-05-19,10.46,10.64,10.08,10.31,428300,9.50
2010-05-18,10.95,10.99,10.51,10.56,258900,9.73
2010-05-17,10.85,11.06,10.43,10.80,302600,9.95
2010-05-14,11.22,11.22,10.68,10.88,422100,10.02
2010-05-13,11.32,11.65,11.11,11.35,282600,10.46
2010-05-12,10.56,11.29,10.55,11.20,778400,10.32
2010-05-11,11.15,11.17,10.80,10.91,378500,10.05
2010-05-10,10.77,11.23,10.64,11.16,420200,10.28
2010-05-07,10.56,10.63,10.06,10.14,410400,9.34
2010-05-06,10.92,11.02,10.04,10.56,693300,9.73
2010-05-05,11.47,11.69,10.91,11.03,382700,10.16
2010-05-04,11.91,11.98,11.57,11.70,264600,10.69
2010-05-03,11.80,12.25,11.63,12.10,320200,11.05
2010-04-30,12.00,12.15,11.48,11.71,492900,10.70
2010-04-29,12.05,12.38,11.70,12.04,610500,11.00
2010-04-28,12.59,12.59,11.70,12.04,631500,11.00
2010-04-27,13.02,13.12,12.34,12.37,391700,11.30
2010-04-26,13.56,13.78,12.84,13.00,590100,11.88
2010-04-23,12.14,12.88,12.14,12.88,470200,11.77
2010-04-22,11.60,12.10,11.23,12.09,454000,11.04
2010-04-21,11.84,12.14,11.52,11.57,373700,10.57
2010-04-20,11.36,11.90,11.34,11.89,208800,10.86
2010-04-19,11.40,11.48,11.25,11.31,193400,10.33
2010-04-16,11.60,11.65,11.25,11.56,255800,10.56
2010-04-15,11.29,11.80,11.13,11.65,392100,10.64
2010-04-14,10.94,11.25,10.86,11.23,319700,10.26
2010-04-13,10.99,10.99,10.66,10.95,260800,10.00
2010-04-12,10.52,11.00,10.52,10.95,362700,10.00
2010-04-09,10.33,10.60,10.28,10.60,251200,9.68
2010-04-08,10.41,10.44,10.24,10.34,214400,9.45
2010-04-07,10.43,10.55,10.26,10.44,268200,9.54
2010-04-06,10.38,10.50,10.34,10.43,217700,9.53
2010-04-05,10.23,10.39,10.18,10.37,380800,9.47
2010-04-01,10.15,10.27,10.05,10.22,229800,9.34
2010-03-31,10.08,10.16,10.00,10.03,158700,9.16
2010-03-30,10.20,10.27,10.11,10.12,196000,9.24
2010-03-29,10.02,10.25,10.02,10.21,254400,9.33
2010-03-26,10.12,10.15,9.96,10.07,210200,9.20
2010-03-25,10.24,10.32,10.00,10.04,238100,9.17
2010-03-24,10.00,10.25,10.00,10.22,159900,9.34
2010-03-23,10.00,10.17,9.96,10.08,201800,9.21
2010-03-22,10.17,10.28,9.93,10.03,297200,9.16
2010-03-19,10.09,10.30,9.56,10.30,588500,9.41
2010-03-18,10.00,10.06,9.90,10.04,299600,9.17
2010-03-17,10.07,10.24,9.92,10.02,365600,9.15
2010-03-16,10.40,10.48,10.04,10.09,465200,9.22
2010-03-15,10.40,10.59,10.29,10.57,255900,9.66
2010-03-12,10.57,10.61,10.31,10.41,180800,9.51
2010-03-11,10.54,10.70,10.43,10.54,194800,9.63
2010-03-10,10.38,10.63,10.33,10.63,203300,9.71
2010-03-09,10.29,10.30,10.15,10.25,151800,9.36
2010-03-08,10.33,10.59,10.25,10.40,247500,9.50
2010-03-05,10.16,10.60,10.12,10.22,159800,9.34
2010-03-04,10.24,10.41,10.05,10.21,173700,9.33
2010-03-03,10.23,10.42,10.04,10.32,215600,9.43
2010-03-02,10.18,10.25,9.98,10.12,187200,9.24
2010-03-01,10.20,10.31,10.06,10.22,129200,9.34
2010-02-26,10.12,10.28,9.94,10.22,171700,9.34
2010-02-25,9.77,10.15,9.76,10.12,117600,9.24
2010-02-24,9.95,10.14,9.87,9.99,188200,9.13
2010-02-23,10.01,10.07,9.79,9.85,173400,9.00
2010-02-22,10.30,10.35,10.07,10.09,155600,9.22
2010-02-19,10.23,10.28,9.96,10.24,136500,9.35
2010-02-18,10.08,10.24,9.95,10.15,97600,9.27
2010-02-17,10.24,10.30,9.95,10.12,181700,9.24
2010-02-16,10.01,10.25,9.98,10.24,150600,9.35
2010-02-12,9.95,10.00,9.78,9.96,96100,9.10
2010-02-11,9.67,10.00,9.66,9.98,101700,9.12
2010-02-10,9.88,9.91,9.70,9.77,263800,8.93
2010-02-09,9.92,10.00,9.71,9.92,169300,9.06
2010-02-08,10.14,10.14,9.79,9.86,139600,9.01
2010-02-05,10.16,10.48,9.71,9.98,319800,9.12
2010-02-04,10.79,10.79,10.11,10.20,251400,9.32
2010-02-03,10.59,10.88,10.51,10.75,388200,9.82
2010-02-02,9.97,10.45,9.95,10.43,305700,9.53
2010-02-01,10.39,10.50,9.74,10.00,473200,9.14
2010-01-29,11.20,11.23,10.30,10.36,270100,9.46
2010-01-28,11.33,11.36,10.70,11.20,269100,10.23
2010-01-27,10.77,11.28,10.42,11.24,484200,10.18
2010-01-26,10.85,10.93,10.66,10.81,183600,9.79
2010-01-25,10.86,11.00,10.66,10.76,259300,9.74
2010-01-22,10.60,10.89,10.31,10.82,382400,9.80
2010-01-21,10.90,11.15,10.59,10.74,433200,9.72
2010-01-20,11.14,11.16,10.77,10.98,264600,9.94
2010-01-19,10.80,11.35,10.80,11.10,435100,10.05
2010-01-15,10.73,10.95,10.31,10.95,343000,9.91
2010-01-14,10.42,10.80,10.37,10.77,344100,9.75
2010-01-13,10.50,10.56,10.15,10.34,205300,9.36
2010-01-12,10.50,10.83,10.33,10.39,399800,9.41
2010-01-11,10.42,10.59,10.26,10.53,294400,9.53
2010-01-08,9.70,10.33,9.70,10.28,476700,9.31
2010-01-07,9.83,9.89,9.70,9.80,221300,8.87
2010-01-06,9.76,9.90,9.70,9.84,335500,8.91
2010-01-05,9.57,9.77,9.57,9.70,341800,8.78
2010-01-04,9.31,9.60,9.27,9.59,286000,8.68
2009-12-31,9.30,9.30,9.17,9.22,126900,8.35
2009-12-30,9.15,9.49,9.15,9.24,306400,8.37
2009-12-29,9.08,9.21,9.08,9.15,162900,8.28
2009-12-28,9.03,9.15,8.99,9.13,254100,8.27
2009-12-24,9.07,9.14,9.02,9.07,85100,8.21
2009-12-23,9.02,9.15,8.96,9.12,331100,8.26
2009-12-22,9.04,9.15,8.96,9.02,312600,8.17
2009-12-21,9.02,9.09,8.81,9.06,260600,8.20
2009-12-18,9.06,9.15,8.95,9.00,314500,8.15
2009-12-17,9.02,9.14,8.93,9.12,163100,8.26
2009-12-16,9.20,9.29,9.09,9.13,156100,8.27
2009-12-15,9.22,9.39,9.10,9.11,212100,8.25
2009-12-14,9.30,9.35,9.11,9.34,194700,8.46
2009-12-11,9.32,9.35,9.06,9.16,262000,8.29
2009-12-10,8.73,9.50,8.60,9.26,631800,8.38
2009-12-09,8.92,8.97,8.65,8.71,259600,7.89
2009-12-08,9.05,9.10,8.88,8.92,152800,8.08
2009-12-07,9.17,9.20,9.00,9.06,191000,8.20
2009-12-04,9.37,9.50,9.07,9.20,192200,8.33
2009-12-03,9.30,9.49,9.24,9.30,426600,8.42
2009-12-02,9.14,9.30,9.03,9.24,174200,8.37
2009-12-01,9.21,9.30,9.13,9.23,192900,8.36
2009-11-30,9.25,9.31,8.87,9.10,196800,8.24
2009-11-27,9.19,9.39,9.05,9.26,99900,8.38
2009-11-25,9.20,9.43,9.00,9.39,203700,8.50
2009-11-24,9.12,9.32,8.95,9.10,216200,8.24
2009-11-23,9.43,9.70,9.03,9.11,389000,8.25
2009-11-20,9.48,9.48,9.15,9.30,254600,8.42
2009-11-19,9.70,9.77,9.33,9.38,245700,8.49
2009-11-18,9.89,9.89,9.55,9.71,362300,8.79
2009-11-17,9.50,9.88,9.43,9.80,597900,8.87
2009-11-16,9.46,9.68,9.41,9.50,291700,8.60
2009-11-13,9.51,9.51,9.27,9.40,173800,8.51
2009-11-12,9.48,9.50,9.31,9.39,280900,8.50
2009-11-11,9.31,9.48,9.31,9.40,345200,8.51
2009-11-10,9.38,9.38,9.20,9.34,350400,8.46
2009-11-09,9.34,9.44,9.18,9.37,212400,8.48
2009-11-06,9.19,9.47,9.05,9.24,198500,8.37
2009-11-05,9.06,9.39,9.00,9.30,260800,8.42
2009-11-04,8.74,9.49,8.23,9.25,383900,8.28
2009-11-03,8.40,8.92,8.15,8.80,393500,7.88
2009-11-02,8.75,8.81,8.23,8.44,486600,7.56
2009-10-30,9.15,9.24,8.64,8.66,359200,7.76
2009-10-29,9.12,9.28,8.80,9.12,246100,8.17
2009-10-28,9.13,9.23,8.71,8.89,430200,7.96
2009-10-27,9.18,9.47,8.99,9.14,247800,8.19
2009-10-26,9.51,9.71,9.00,9.09,311700,8.14
2009-10-23,9.65,9.82,9.30,9.41,248200,8.43
2009-10-22,9.93,9.93,9.54,9.67,358700,8.66
2009-10-21,10.05,10.18,9.84,9.90,242900,8.87
2009-10-20,10.23,10.23,9.90,10.09,280600,9.04
2009-10-19,10.16,10.20,9.91,10.12,323400,9.06
2009-10-16,9.98,10.23,9.82,9.95,252500,8.91
2009-10-15,9.94,10.10,9.80,10.06,282900,9.01
2009-10-14,9.83,9.98,9.65,9.94,524000,8.90
2009-10-13,9.51,9.66,9.35,9.54,257300,8.54
2009-10-12,9.83,9.97,9.45,9.55,268300,8.55
2009-10-09,9.76,9.97,9.54,9.84,219100,8.81
2009-10-08,9.40,9.85,9.33,9.82,305000,8.79
2009-10-07,9.26,9.50,9.20,9.29,207400,8.32
2009-10-06,9.24,9.45,9.11,9.39,342400,8.41
2009-10-05,8.76,9.05,8.76,9.01,238300,8.07
2009-10-02,8.55,9.11,8.25,8.74,426900,7.83
2009-10-01,9.01,9.10,8.61,8.67,351600,7.76
2009-09-30,9.60,9.64,8.94,8.95,715900,8.02
2009-09-29,9.43,9.76,9.36,9.54,249900,8.54
2009-09-28,9.04,9.50,8.96,9.36,416800,8.38
2009-09-25,9.25,9.25,8.70,8.94,583600,8.01
2009-09-24,9.88,10.15,9.28,9.33,643300,8.36
2009-09-23,10.23,10.24,9.85,9.86,404200,8.83
2009-09-22,9.89,10.25,9.80,10.20,453000,9.14
2009-09-21,9.79,9.99,9.25,9.86,1016000,8.83
2009-09-18,10.14,10.48,9.71,9.90,1021400,8.87
2009-09-17,10.08,10.85,9.74,9.98,1663300,8.94
2009-09-16,8.99,9.63,8.83,9.55,1034600,8.55
2009-09-15,8.72,9.00,8.60,8.86,862800,7.94
2009-09-14,8.04,8.60,7.91,8.54,716000,7.65
2009-09-11,7.52,8.13,7.52,8.09,898100,7.25
2009-09-10,7.30,7.52,7.27,7.51,471200,6.73
2009-09-09,7.28,7.35,7.04,7.26,419100,6.50
2009-09-08,7.10,7.30,7.05,7.28,375100,6.52
2009-09-04,6.97,7.01,6.90,7.01,358900,6.28
2009-09-03,6.85,6.95,6.77,6.94,301300,6.22
2009-09-02,6.59,6.79,6.50,6.77,337800,6.06
2009-09-01,6.79,6.83,6.60,6.63,354000,5.94
2009-08-31,6.80,6.85,6.65,6.77,304400,6.06
2009-08-28,6.91,6.94,6.83,6.94,299200,6.22
2009-08-27,6.48,6.98,6.42,6.82,519200,6.11
2009-08-26,6.58,6.59,6.43,6.55,291500,5.87
2009-08-25,6.45,6.61,6.45,6.57,406000,5.88
2009-08-24,6.57,6.62,6.37,6.49,479000,5.81
2009-08-21,6.48,6.55,6.32,6.48,418100,5.80
2009-08-20,6.27,6.46,6.22,6.46,362700,5.79
2009-08-19,6.40,6.40,6.13,6.30,313200,5.64
2009-08-18,6.25,6.62,6.25,6.27,328500,5.62
2009-08-17,6.25,6.27,6.06,6.25,406800,5.60
2009-08-14,6.40,6.48,6.31,6.42,291700,5.75
2009-08-13,6.45,6.50,6.30,6.44,253200,5.77
2009-08-12,6.42,6.47,6.22,6.39,284000,5.72
2009-08-11,6.42,6.47,6.21,6.31,280900,5.65
2009-08-10,6.52,6.52,6.25,6.40,301800,5.73
2009-08-07,6.57,6.62,6.21,6.25,725100,5.60
2009-08-06,7.04,7.25,6.34,6.34,1170400,5.59
2009-08-05,7.17,7.24,6.97,7.10,444400,6.26
2009-08-04,7.14,7.25,7.07,7.21,206200,6.36
2009-08-03,7.26,7.29,7.13,7.19,510700,6.34
2009-07-31,7.07,7.21,7.00,7.19,298700,6.34
2009-07-30,6.87,7.09,6.80,7.00,562000,6.17
2009-07-29,6.95,7.00,6.63,6.77,664800,5.97
2009-07-28,6.95,7.00,6.81,7.00,327500,6.17
2009-07-27,6.65,7.00,6.65,7.00,529200,6.17
2009-07-24,6.53,6.65,6.36,6.58,304600,5.80
2009-07-23,6.42,6.65,6.34,6.52,510600,5.75
2009-07-22,6.30,6.44,6.19,6.32,289900,5.57
2009-07-21,6.49,6.55,6.15,6.29,399100,5.54
2009-07-20,6.22,6.49,6.22,6.43,436500,5.67
2009-07-17,6.43,6.47,6.17,6.26,284600,5.52
2009-07-16,6.26,6.43,6.20,6.35,302400,5.60
2009-07-15,6.51,6.51,6.23,6.29,632200,5.54
2009-07-14,5.67,6.19,5.59,6.16,481500,5.43
2009-07-13,5.79,5.84,5.58,5.65,324300,4.98
2009-07-10,5.69,5.75,5.41,5.75,318300,5.07
2009-07-09,5.31,5.84,5.26,5.72,1263900,5.04
2009-07-08,5.72,5.72,5.12,5.24,968100,4.62
2009-07-07,5.88,5.90,5.62,5.69,431900,5.02
2009-07-06,6.01,6.06,5.80,5.88,440000,5.18
2009-07-02,6.19,6.25,6.08,6.08,305600,5.36
2009-07-01,6.22,6.40,6.15,6.25,235000,5.51
2009-06-30,6.41,6.41,6.10,6.15,318100,5.42
2009-06-29,6.50,6.50,6.25,6.26,260400,5.52
2009-06-26,6.22,6.42,6.22,6.35,274200,5.60
2009-06-25,6.50,6.56,6.27,6.38,359100,5.62
2009-06-24,6.40,6.72,6.40,6.52,266300,5.75
2009-06-23,6.25,6.55,6.08,6.45,469200,5.69
2009-06-22,6.75,6.75,6.10,6.15,642400,5.42
2009-06-19,6.74,6.92,6.64,6.78,578800,5.98
2009-06-18,6.55,6.71,6.48,6.68,462400,5.89
2009-06-17,6.66,6.77,6.45,6.64,463500,5.85
2009-06-16,6.95,7.15,6.72,6.77,480000,5.97
2009-06-15,7.04,7.22,6.86,6.94,413500,6.12
2009-06-12,7.21,7.29,6.95,7.28,470200,6.42
2009-06-11,7.14,7.40,7.12,7.33,623100,6.46
2009-06-10,6.89,7.15,6.85,7.12,1129300,6.28
2009-06-09,6.74,6.86,6.66,6.72,524100,5.92
2009-06-08,6.92,6.92,6.60,6.67,599600,5.88
2009-06-05,7.11,7.15,6.77,6.88,497400,6.06
2009-06-04,6.89,7.09,6.80,7.05,403000,6.21
2009-06-03,7.20,7.21,6.80,6.91,760600,6.09
2009-06-02,7.34,7.50,7.25,7.37,409500,6.50
2009-06-01,7.47,7.54,7.30,7.38,858100,6.51
2009-05-29,7.09,7.26,7.09,7.25,617100,6.39
2009-05-28,7.22,7.22,6.83,7.17,636900,6.32
2009-05-27,6.96,7.25,6.86,7.10,910100,6.26
2009-05-26,6.69,7.00,6.66,6.94,736500,6.12
2009-05-22,6.77,7.03,6.61,6.80,567600,5.99
2009-05-21,6.97,6.98,6.60,6.73,1121800,5.93
2009-05-20,6.59,7.15,6.56,7.11,1802800,6.27
2009-05-19,6.30,6.62,6.21,6.59,1242400,5.81
2009-05-18,5.99,6.29,5.99,6.22,695300,5.48
2009-05-15,6.11,6.38,5.90,6.06,567700,5.34
2009-05-14,5.52,6.15,5.52,6.10,1086500,5.38
2009-05-13,5.73,5.88,5.59,5.61,1495900,4.95
2009-05-12,6.54,6.54,5.83,5.99,1876100,5.28
2009-05-11,6.52,6.52,6.15,6.31,1282900,5.56
2009-05-08,6.91,6.91,6.49,6.52,1103100,5.75
2009-05-07,7.06,7.11,6.56,6.69,1370800,5.90
2009-05-06,7.25,7.25,6.95,7.03,1373900,6.20
2009-05-05,7.15,7.37,6.90,7.16,1911400,6.31
2009-05-04,6.80,7.07,6.47,7.06,4208300,6.22
2009-05-01,6.73,6.76,6.56,6.67,1529200,5.88
2009-04-30,6.95,7.04,6.46,6.56,3230700,5.78
2009-04-29,7.29,7.29,6.20,6.68,7021600,5.89
2009-04-28,9.25,9.40,6.65,6.70,11082400,5.82
2009-04-27,10.06,11.08,10.06,10.80,435800,9.38
2009-04-24,11.12,11.16,10.75,10.79,458200,9.37
2009-04-23,11.61,12.00,11.03,11.43,378300,9.93
2009-04-22,10.50,11.68,10.41,11.23,619600,9.75
2009-04-21,10.40,10.94,9.97,10.75,402900,9.33
2009-04-20,10.80,10.80,10.00,10.37,364900,9.00
2009-04-17,10.20,10.98,10.20,10.80,442800,9.38
2009-04-16,9.99,10.35,9.81,10.20,387900,8.86
2009-04-15,10.15,10.45,9.69,9.90,377400,8.60
2009-04-14,9.82,10.07,9.61,9.92,342200,8.61
2009-04-13,9.74,9.89,9.55,9.71,302800,8.43
2009-04-09,9.61,9.95,9.60,9.63,342300,8.36
2009-04-08,9.40,9.61,9.26,9.44,217700,8.20
2009-04-07,9.30,9.30,9.00,9.14,242400,7.94
2009-04-06,9.58,9.58,9.11,9.39,168600,8.15
2009-04-03,9.31,9.59,9.01,9.48,253800,8.23
2009-04-02,9.11,9.74,9.04,9.34,497500,8.11
2009-04-01,8.15,9.00,8.00,8.76,457900,7.61
2009-03-31,8.77,8.77,8.15,8.22,467200,7.14
2009-03-30,9.75,9.75,8.35,8.52,663200,7.40
2009-03-27,10.15,10.33,9.65,10.01,275100,8.69
2009-03-26,9.70,10.35,9.70,10.14,274900,8.80
2009-03-25,9.81,10.04,9.12,9.54,247900,8.28
2009-03-24,9.05,9.90,8.92,9.46,327100,8.21
2009-03-23,8.80,9.39,8.68,9.33,498400,8.10
2009-03-20,9.37,9.37,8.35,8.36,318200,7.26
2009-03-19,9.03,9.70,8.93,9.00,331200,7.81
2009-03-18,8.60,9.02,8.38,8.92,320400,7.75
2009-03-17,8.87,8.90,8.45,8.60,202400,7.47
2009-03-16,9.00,9.19,8.61,8.73,264800,7.58
2009-03-13,9.07,9.07,8.40,8.80,194300,7.64
2009-03-12,8.12,8.88,7.86,8.80,713100,7.64
2009-03-11,8.66,8.92,8.01,8.18,372000,7.10
2009-03-10,7.80,8.62,7.77,8.34,342200,7.24
2009-03-09,7.88,8.43,7.71,7.71,306500,6.69
2009-03-06,7.68,8.15,7.50,8.02,326500,6.96
2009-03-05,9.10,9.10,7.70,7.82,459800,6.79
2009-03-04,7.72,9.20,7.72,9.02,376900,7.83
2009-03-03,7.23,8.54,7.23,7.90,416700,6.86
2009-03-02,9.29,9.29,7.35,7.75,509100,6.73
2009-02-27,8.87,9.40,8.73,9.25,206900,8.03
2009-02-26,9.56,9.56,8.91,9.05,218500,7.86
2009-02-25,9.41,9.41,8.33,8.85,370800,7.68
2009-02-24,8.50,9.55,8.30,9.31,412800,8.08
2009-02-23,9.11,9.70,8.50,8.52,305500,7.40
2009-02-20,9.29,9.48,8.47,9.05,514700,7.86
2009-02-19,9.93,10.89,9.45,9.56,493300,8.30
2009-02-18,10.44,10.44,9.23,9.54,414500,8.28
2009-02-17,10.25,10.37,9.55,9.73,560400,8.45
2009-02-13,10.67,11.05,10.60,10.75,275900,9.33
2009-02-12,10.37,11.00,9.95,10.96,427200,9.52
2009-02-11,10.70,11.15,10.48,10.60,371500,9.20
2009-02-10,11.15,11.44,10.45,10.77,674200,9.35
2009-02-09,11.50,11.50,11.09,11.23,634400,9.75
2009-02-06,10.83,11.35,10.76,11.30,517200,9.81
2009-02-05,10.51,11.30,10.41,11.03,348500,9.58
2009-02-04,11.30,11.40,10.42,10.62,313300,9.22
2009-02-03,11.30,11.30,10.71,10.99,584100,9.54
2009-02-02,10.19,10.73,9.90,10.73,274800,9.32
2009-01-30,11.10,11.40,10.50,10.58,378400,9.19
2009-01-29,12.99,12.99,11.00,11.15,480100,9.68
2009-01-28,12.11,13.07,12.11,13.00,448300,10.88
2009-01-27,11.92,12.72,11.92,12.41,624300,10.38
2009-01-26,11.46,12.00,10.70,11.90,549100,9.96
2009-01-23,9.57,11.37,9.33,10.61,762600,8.88
2009-01-22,9.32,9.85,9.16,9.54,473300,7.98
2009-01-21,8.99,9.71,8.99,9.71,518400,8.12
2009-01-20,9.60,9.67,8.75,8.90,668400,7.45
2009-01-16,9.51,9.68,8.80,9.46,521000,7.91
2009-01-15,8.88,9.35,8.25,9.03,421500,7.55
2009-01-14,10.23,10.23,8.60,8.94,435000,7.48
2009-01-13,9.30,9.58,8.86,9.48,308800,7.93
2009-01-12,10.12,10.32,8.86,9.03,671700,7.55
2009-01-09,9.77,10.85,9.62,10.11,487800,8.46
2009-01-08,9.42,9.94,9.19,9.54,468600,7.98
2009-01-07,10.53,10.54,9.47,9.51,688800,7.96
2009-01-06,10.96,10.96,10.16,10.83,497400,9.06
2009-01-05,9.46,10.38,9.27,10.01,524900,8.37
2009-01-02,9.01,9.60,8.92,9.36,392200,7.83
2008-12-31,7.96,8.95,7.96,8.89,422400,7.44
2008-12-30,7.43,8.17,7.43,8.17,484200,6.84
2008-12-29,8.12,8.23,7.44,7.53,458300,6.30
2008-12-26,7.37,8.04,7.37,7.94,219200,6.64
2008-12-24,8.02,8.19,7.45,7.48,169500,6.26
2008-12-23,7.04,7.92,7.04,7.75,411600,6.48
2008-12-22,7.63,7.90,7.10,7.21,530200,6.03
2008-12-19,8.17,8.45,7.54,7.71,881400,6.45
2008-12-18,9.20,9.66,8.07,8.37,677400,7.00
2008-12-17,8.90,9.52,8.86,9.30,968200,7.78
2008-12-16,8.92,9.01,8.39,8.80,665100,7.36
2008-12-15,9.40,10.03,8.42,8.55,757600,7.15
2008-12-12,8.90,9.66,8.65,9.49,646200,7.94
2008-12-11,9.10,9.44,8.75,9.15,741200,7.65
2008-12-10,9.76,10.10,9.01,9.57,917400,8.01
2008-12-09,7.67,8.92,7.67,8.73,791600,7.30
2008-12-08,6.55,8.07,6.51,7.94,800000,6.64
2008-12-05,5.90,6.27,5.76,6.18,433600,5.17
2008-12-04,6.64,6.66,5.95,6.02,743700,5.04
2008-12-03,6.00,6.70,5.95,6.62,688600,5.54
2008-12-02,6.02,6.39,5.89,6.17,643000,5.16
2008-12-01,8.01,8.01,5.82,5.87,691900,4.91
2008-11-28,6.70,7.42,6.58,7.42,359400,6.21
2008-11-26,6.36,7.02,6.26,6.57,1067400,5.50
2008-11-25,5.35,6.71,5.26,6.68,934500,5.59
2008-11-24,5.09,5.40,4.70,5.18,1579300,4.33
2008-11-21,5.75,6.16,4.37,4.52,1505900,3.78
2008-11-20,6.87,6.90,5.66,5.72,1266700,4.79
2008-11-19,7.71,7.81,6.93,7.01,815300,5.86
2008-11-18,7.95,7.99,7.40,7.55,416500,6.32
2008-11-17,8.90,8.90,8.00,8.04,418600,6.73
2008-11-14,8.48,8.70,8.25,8.27,546600,6.92
2008-11-13,8.35,8.76,7.78,8.53,660800,7.14
2008-11-12,9.50,9.63,8.30,8.45,571500,7.07
2008-11-11,10.00,10.28,9.52,9.86,380200,8.25
2008-11-10,10.34,10.60,9.92,10.16,319700,8.50
2008-11-07,10.41,10.62,10.00,10.21,212000,8.54
2008-11-06,11.25,11.38,10.04,10.41,355700,8.71
2008-11-05,12.87,12.87,11.45,11.47,349200,9.60
2008-11-04,13.07,13.10,12.35,12.53,355100,10.48
2008-11-03,11.75,13.00,11.73,12.17,597500,10.18
2008-10-31,11.64,11.64,10.70,11.56,960100,9.27
2008-10-30,10.26,10.62,9.74,10.59,475800,8.50
2008-10-29,8.96,10.15,8.96,9.60,1312900,7.70
2008-10-28,10.70,10.81,8.90,9.01,685400,7.23
2008-10-27,10.95,11.00,10.33,10.46,332200,8.39
2008-10-24,9.79,10.84,9.79,10.70,312200,8.58
2008-10-23,11.91,12.05,10.69,10.81,367800,8.67
2008-10-22,12.69,12.75,11.63,11.81,277100,9.47
2008-10-21,13.50,13.59,12.95,13.10,276000,10.51
2008-10-20,13.50,14.00,13.30,13.55,337300,10.87
2008-10-17,12.01,13.23,11.76,13.20,478200,10.59
2008-10-16,12.03,12.62,11.45,12.31,367100,9.88
2008-10-15,13.95,13.95,12.02,12.41,334000,9.96
2008-10-14,13.51,14.59,13.29,13.91,576300,11.16
2008-10-13,12.95,13.67,12.16,12.97,156600,10.40
2008-10-10,12.44,12.99,9.50,11.42,847300,9.16
2008-10-09,14.47,15.00,12.50,12.77,612400,10.24
2008-10-08,15.00,15.00,12.07,14.47,1075100,11.61
2008-10-07,15.15,16.10,14.55,14.80,514600,11.87
2008-10-06,16.90,16.90,13.98,15.15,995100,12.15
2008-10-03,16.73,17.58,16.73,17.01,375800,13.65
2008-10-02,17.66,17.87,16.30,16.70,440800,13.40
2008-10-01,17.90,17.99,17.16,17.37,433600,13.93
2008-09-30,18.16,18.79,17.90,18.09,451000,14.51
2008-09-29,20.00,20.00,18.11,18.28,520500,14.66
2008-09-26,20.97,21.08,19.66,20.00,427200,16.04
2008-09-25,21.13,21.36,21.00,21.00,154100,16.85
2008-09-24,20.98,21.47,20.61,21.29,157500,17.08
2008-09-23,21.74,21.91,20.73,21.09,306600,16.92
2008-09-22,22.71,22.71,21.62,22.03,185100,17.67
2008-09-19,22.88,23.35,22.74,22.85,323000,18.33
2008-09-18,22.39,22.39,20.20,21.88,514100,17.55
2008-09-17,22.30,22.44,20.00,21.00,699200,16.85
2008-09-16,22.74,23.28,22.34,22.63,556200,18.15
2008-09-15,22.95,23.60,22.50,23.28,394000,18.68
2008-09-12,23.32,24.46,22.92,23.57,425600,18.91
2008-09-11,22.45,23.20,22.03,22.98,307200,18.44
2008-09-10,21.72,22.64,21.65,22.50,385200,18.05
2008-09-09,22.59,22.73,21.67,21.76,299800,17.46
2008-09-08,22.90,23.16,22.40,22.56,394000,18.10
2008-09-05,24.12,24.12,22.48,22.81,565300,18.30
2008-09-04,24.12,24.17,23.60,23.89,241100,19.17
2008-09-03,24.21,24.64,23.92,24.02,241300,19.27
2008-09-02,24.94,25.07,24.15,24.44,241800,19.61
2008-08-29,25.06,25.06,24.72,24.88,75500,19.96
2008-08-28,24.99,25.14,24.59,25.06,226100,20.10
2008-08-27,24.99,25.15,24.57,25.00,189400,20.06
2008-08-26,25.16,25.42,24.98,25.03,167800,20.08
2008-08-25,25.44,25.78,25.21,25.35,107200,20.34
2008-08-22,25.32,25.83,25.19,25.53,181400,20.48
2008-08-21,25.08,25.79,24.51,25.44,356200,20.41
2008-08-20,25.21,25.92,25.21,25.57,264400,20.51
2008-08-19,25.49,25.58,25.06,25.38,207400,20.36
2008-08-18,25.70,26.35,25.48,25.63,391900,20.56
2008-08-15,25.67,25.75,25.26,25.41,248100,20.38
2008-08-14,25.20,25.99,25.06,25.62,552900,20.55
2008-08-13,24.10,25.40,23.80,25.01,720100,20.06
2008-08-12,23.30,24.15,23.22,23.98,315300,19.24
2008-08-11,22.89,23.35,22.83,23.24,332700,18.64
2008-08-08,22.46,23.27,22.46,23.12,320300,18.55
2008-08-07,22.90,22.90,22.30,22.46,186800,18.02
2008-08-06,23.40,23.40,22.89,23.07,211500,18.51
2008-08-05,23.65,23.75,22.82,23.22,309500,18.63
2008-08-04,23.90,24.17,23.25,23.36,339000,18.74
2008-08-01,23.70,24.53,23.43,24.00,632000,18.87
2008-07-31,22.25,24.27,22.20,23.78,810800,18.70
2008-07-30,22.80,22.81,21.65,21.78,533000,17.13
2008-07-29,22.86,23.17,22.56,22.79,327900,17.92
2008-07-28,23.16,23.50,22.52,22.86,291700,17.98
2008-07-25,23.66,23.84,23.15,23.29,205400,18.31
2008-07-24,24.57,24.57,23.15,23.44,269100,18.43
2008-07-23,24.05,24.90,23.85,24.38,283700,19.17
2008-07-22,23.50,24.10,23.13,23.95,229300,18.83
2008-07-21,23.87,24.25,23.50,23.71,241600,18.64
2008-07-18,23.35,24.00,23.31,23.63,271500,18.58
2008-07-17,22.91,23.94,22.91,23.41,312100,18.41
2008-07-16,22.59,23.00,22.31,22.93,431200,18.03
2008-07-15,22.66,23.00,22.45,22.54,459400,17.72
2008-07-14,22.80,23.09,22.68,22.90,268400,18.01
2008-07-11,22.50,22.98,22.11,22.90,273700,18.01
2008-07-10,23.00,23.09,22.50,22.58,218500,17.76
2008-07-09,23.30,23.73,22.90,23.04,240700,18.12
2008-07-08,22.92,23.32,22.37,23.14,354000,18.20
2008-07-07,23.99,23.99,22.38,22.63,455500,17.80
2008-07-03,22.99,23.21,22.55,22.82,158000,17.94
2008-07-02,23.76,23.76,22.78,23.03,380400,18.11
2008-07-01,23.73,23.82,23.40,23.73,338700,18.66
2008-06-30,23.99,24.14,23.61,24.02,225900,18.89
2008-06-27,24.14,24.20,23.76,23.92,281500,18.81
2008-06-26,23.96,24.59,23.96,24.13,149100,18.97
2008-06-25,23.92,24.64,23.92,24.31,327200,19.12
2008-06-24,25.59,25.59,24.01,24.09,442400,18.94
2008-06-23,25.84,25.85,24.85,24.87,202300,19.56
2008-06-20,25.50,25.55,25.10,25.44,326200,20.00
2008-06-19,25.00,25.66,24.97,25.38,273200,19.96
2008-06-18,25.45,25.70,24.95,25.03,326800,19.68
2008-06-17,24.41,26.16,24.41,25.62,893700,20.15
2008-06-16,24.30,24.65,24.18,24.26,209200,19.08
2008-06-13,24.02,24.56,24.00,24.26,394700,19.08
2008-06-12,23.86,24.18,23.73,23.89,313100,18.79
2008-06-11,24.53,24.62,23.71,23.92,614700,18.81
2008-06-10,24.89,24.92,24.50,24.72,594500,19.44
2008-06-09,25.07,25.18,24.90,25.00,304600,19.66
2008-06-06,26.35,26.35,25.00,25.07,738700,19.71
2008-06-05,26.11,26.23,25.64,26.15,298800,20.56
2008-06-04,26.40,26.48,26.10,26.12,221100,20.54
2008-06-03,26.84,26.98,26.43,26.49,446900,20.83
2008-06-02,27.20,27.20,26.51,26.89,387600,21.14
2008-05-30,27.01,27.29,26.82,26.99,221500,21.22
2008-05-29,26.93,27.10,26.78,26.87,281100,21.13
2008-05-28,26.71,26.81,26.15,26.53,360300,20.86
2008-05-27,26.18,26.42,25.70,26.40,441700,20.76
2008-05-23,26.57,26.59,26.11,26.25,268000,20.64
2008-05-22,26.94,26.99,26.26,26.62,493800,20.93
2008-05-21,27.18,27.49,26.80,27.11,414700,21.32
2008-05-20,27.10,27.57,26.90,27.21,323500,21.40
2008-05-19,27.52,28.20,27.31,27.35,284600,21.51
2008-05-16,27.57,27.63,27.30,27.61,204900,21.71
2008-05-15,27.37,27.87,27.26,27.55,281500,21.66
2008-05-14,27.81,27.81,27.25,27.49,222300,21.62
2008-05-13,27.89,27.97,27.61,27.87,204200,21.92
2008-05-12,27.44,27.68,27.28,27.68,192300,21.77
2008-05-09,27.43,27.66,27.30,27.45,105100,21.59
2008-05-08,27.90,27.90,27.41,27.56,156100,21.67
2008-05-07,27.92,27.92,27.56,27.70,283600,21.78
2008-05-06,26.91,27.99,26.91,27.72,386000,21.80
2008-05-05,27.31,27.69,27.08,27.09,317700,21.30
2008-05-02,26.97,27.72,26.97,27.51,543100,21.63
2008-05-01,26.99,27.25,26.37,27.12,324000,21.33
2008-04-30,26.62,26.64,26.11,26.58,429400,20.90
2008-04-29,26.55,27.05,26.36,26.64,609100,20.57
2008-04-28,26.63,26.88,26.15,26.46,701400,20.44
2008-04-25,26.71,27.04,26.67,26.93,295600,20.80
2008-04-24,26.83,26.99,26.73,26.80,298000,20.70
2008-04-23,26.82,27.00,26.62,26.84,329300,20.73
2008-04-22,26.92,27.25,26.75,26.84,627800,20.73
2008-04-21,26.74,27.15,26.58,26.71,398700,20.63
2008-04-18,27.43,27.43,26.73,26.96,631400,20.82
2008-04-17,27.11,27.15,26.75,27.14,364300,20.96
2008-04-16,27.16,27.34,26.95,27.15,749600,20.97
2008-04-15,26.53,27.10,26.53,27.00,651600,20.85
2008-04-14,26.50,26.81,26.50,26.69,592900,20.61
2008-04-11,27.27,27.38,26.43,26.47,3925500,20.44
2008-04-10,28.00,28.14,27.27,27.50,584800,21.24
2008-04-09,28.44,28.45,27.86,28.09,305300,21.69
2008-04-08,28.73,28.74,28.06,28.30,450900,21.86
2008-04-07,28.62,28.62,27.75,28.06,467400,21.67
2008-04-04,28.73,29.00,28.73,28.92,134700,22.34
2008-04-03,28.99,29.00,28.57,28.94,146100,22.35
2008-04-02,28.73,29.14,28.58,29.02,174600,22.41
2008-04-01,28.50,29.06,28.35,28.60,262500,22.09
2008-03-31,28.65,29.00,28.49,28.49,316400,22.00
2008-03-28,28.44,29.12,28.11,28.70,462500,22.17
2008-03-27,28.42,28.57,28.04,28.17,134400,21.76
2008-03-26,28.06,28.89,27.88,28.04,186000,21.66
2008-03-25,27.70,28.81,27.38,28.36,256400,21.90
2008-03-24,27.60,28.89,27.60,27.83,423200,21.49
2008-03-20,26.54,27.79,26.50,27.68,220700,21.38
2008-03-19,26.90,27.17,26.54,26.57,132500,20.52
2008-03-18,26.51,27.60,26.51,27.00,219700,20.85
2008-03-17,26.84,27.07,26.54,26.58,327900,20.53
2008-03-14,27.36,27.39,26.84,27.11,220600,20.94
2008-03-13,26.55,27.70,26.55,27.33,207900,21.11
2008-03-12,27.12,27.26,26.85,27.01,226900,20.86
2008-03-11,27.26,27.97,27.00,27.34,235600,21.12
2008-03-10,27.74,27.80,26.84,27.08,648200,20.91
2008-03-07,27.99,28.18,27.72,27.78,156500,21.46
2008-03-06,28.33,28.34,28.00,28.06,198100,21.67
2008-03-05,28.27,28.60,28.02,28.44,166900,21.97
2008-03-04,28.11,28.42,28.02,28.25,171400,21.82
2008-03-03,28.65,28.69,28.16,28.51,136000,22.02
2008-02-29,29.26,29.34,28.15,28.57,223100,22.07
2008-02-28,29.30,29.44,29.20,29.40,133000,22.71
2008-02-27,29.00,29.90,29.00,29.38,269000,22.69
2008-02-26,28.89,29.86,28.89,29.67,245900,22.91
2008-02-25,29.24,29.24,28.65,29.01,173000,22.41
2008-02-22,29.38,29.42,28.31,29.04,157000,22.43
2008-02-21,29.93,29.99,29.16,29.42,249500,22.72
2008-02-20,29.18,29.50,28.10,29.36,315400,22.68
2008-02-19,31.39,31.39,28.76,29.27,300000,22.61
2008-02-15,29.43,29.86,29.20,29.37,202100,22.68
2008-02-14,29.68,30.20,29.23,29.31,331900,22.64
2008-02-13,29.29,29.52,29.02,29.49,142700,22.78
2008-02-12,29.19,29.83,28.77,29.30,241800,22.63
2008-02-11,29.06,29.25,28.74,28.74,192000,22.20
2008-02-08,28.60,29.58,28.60,29.03,162700,22.42
2008-02-07,29.00,29.29,28.76,29.20,170900,22.55
2008-02-06,29.14,29.64,28.97,29.24,225200,22.58
2008-02-05,29.53,29.56,29.01,29.09,278400,22.47
2008-02-04,31.40,31.40,29.38,29.66,367600,22.91
2008-02-01,30.53,31.40,29.85,31.40,417700,24.25
2008-01-31,29.81,30.35,29.25,30.14,399400,23.28
2008-01-30,29.10,29.99,28.82,29.64,393800,22.89
2008-01-29,28.50,29.34,28.50,29.00,364200,22.03
2008-01-28,28.27,28.59,27.50,28.48,269500,21.64
2008-01-25,27.67,28.25,27.65,27.77,307400,21.10
2008-01-24,27.42,27.80,27.23,27.47,539000,20.87
2008-01-23,26.01,27.70,25.65,27.66,744700,21.01
2008-01-22,25.15,26.19,24.99,26.19,406900,19.90
2008-01-18,25.77,26.54,25.77,26.25,231400,19.94
2008-01-17,26.99,27.25,25.60,25.77,333900,19.58
2008-01-16,26.13,26.75,25.98,26.58,509500,20.19
2008-01-15,27.07,27.50,26.33,26.60,286300,20.21
2008-01-14,27.51,28.00,27.32,27.43,577400,20.84
2008-01-11,27.25,27.95,27.25,27.56,482700,20.94
2008-01-10,26.45,27.21,26.32,26.62,504300,20.22
2008-01-09,25.27,26.51,25.27,26.43,586200,20.08
2008-01-08,25.80,26.50,25.09,25.31,367700,19.23
2008-01-07,24.88,26.10,24.68,25.95,434400,19.71
2008-01-04,25.66,25.66,24.02,25.08,621100,19.05
2008-01-03,24.72,25.29,24.48,25.01,258400,19.00
2008-01-02,24.57,24.77,24.21,24.42,209200,18.55
2007-12-31,23.51,24.58,23.50,24.49,499100,18.60
2007-12-28,24.38,24.80,23.56,23.75,493200,18.04
2007-12-27,24.99,24.99,24.35,24.58,298500,18.67
2007-12-26,24.35,25.00,24.35,24.85,315800,18.88
2007-12-24,24.69,24.98,24.27,24.40,189700,18.54
2007-12-21,24.25,24.72,24.13,24.59,413800,18.68
2007-12-20,24.45,24.79,23.65,24.02,330800,18.25
2007-12-19,25.46,25.46,24.54,24.65,413400,18.73
2007-12-18,23.98,25.25,23.98,25.07,370000,19.05
2007-12-17,25.41,25.41,23.54,23.94,627200,18.19
2007-12-14,25.20,25.47,24.90,25.29,336200,19.21
2007-12-13,26.20,26.20,25.20,25.36,240800,19.27
2007-12-12,27.03,27.51,26.00,26.20,261600,19.90
2007-12-11,27.00,27.69,26.25,26.35,193800,20.02
2007-12-10,26.81,27.50,26.10,27.06,236100,20.56
2007-12-07,26.08,26.62,26.08,26.48,277200,20.12
2007-12-06,26.14,26.46,25.74,26.46,363200,20.10
2007-12-05,27.08,27.22,26.00,26.48,277100,20.12
2007-12-04,27.20,27.20,26.65,26.70,195600,20.28
2007-12-03,27.72,28.05,27.28,27.37,192200,20.79
2007-11-30,28.00,28.99,27.83,28.05,230200,21.31
2007-11-29,28.75,28.99,27.86,27.91,237400,21.20
2007-11-28,26.80,28.59,26.80,28.16,324000,21.39
2007-11-27,25.35,26.97,25.25,26.86,379100,20.40
2007-11-26,26.81,27.00,25.22,25.24,368800,19.17
2007-11-23,26.90,27.00,26.42,26.49,149300,20.12
2007-11-21,27.60,27.60,25.65,26.28,614000,19.96
2007-11-20,27.90,28.28,27.44,27.68,215900,21.03
2007-11-19,29.42,29.42,27.75,27.92,291100,21.21
2007-11-16,29.35,30.10,28.58,29.18,263800,22.17
2007-11-15,28.98,30.16,28.98,29.44,258600,22.36
2007-11-14,30.53,31.10,29.30,29.55,362700,22.45
2007-11-13,27.98,30.71,27.68,30.53,682000,23.19
2007-11-12,27.63,27.97,27.10,27.63,359100,20.99
2007-11-09,27.88,27.88,27.00,27.30,309800,20.74
2007-11-08,28.66,28.70,26.56,27.88,773500,21.18
2007-11-07,29.96,29.96,28.75,28.85,325200,21.92
2007-11-06,30.03,30.31,29.51,29.92,515600,22.73
2007-11-05,30.50,30.50,29.05,30.04,609200,22.82
2007-11-02,31.75,31.75,30.55,31.02,231900,23.57
2007-11-01,31.70,31.96,31.07,31.15,277100,23.66
2007-10-31,30.87,32.00,30.48,31.92,499400,24.25
2007-10-30,31.23,31.64,30.90,30.99,368300,23.20
2007-10-29,31.00,32.19,30.52,31.38,609600,23.50
2007-10-26,32.47,32.50,31.73,32.25,277200,24.15
2007-10-25,32.49,32.49,31.79,32.00,205500,23.96
2007-10-24,31.98,32.31,31.63,32.13,217200,24.06
2007-10-23,32.20,32.74,31.50,31.91,338100,23.89
2007-10-22,31.76,32.10,31.44,32.10,262600,24.03
2007-10-19,32.79,32.80,32.11,32.22,253200,24.12
2007-10-18,32.20,32.75,32.11,32.69,237400,24.48
2007-10-17,32.45,32.77,31.62,32.41,250300,24.27
2007-10-16,32.75,32.83,32.35,32.57,154300,24.39
2007-10-15,32.81,33.00,32.51,32.67,269300,24.46
2007-10-12,32.21,32.92,32.16,32.81,196100,24.57
2007-10-11,33.10,33.10,32.02,32.34,434900,24.21
2007-10-10,32.11,32.97,32.00,32.84,297500,24.59
2007-10-09,32.02,32.32,31.93,32.01,264400,23.97
2007-10-08,32.00,32.15,31.55,32.00,182800,23.96
2007-10-05,31.24,31.68,31.03,31.65,222800,23.70
2007-10-04,31.50,31.50,30.31,31.14,505400,23.32
2007-10-03,32.17,32.30,31.21,31.34,301200,23.47
2007-10-02,32.50,32.75,32.05,32.10,273900,24.03
2007-10-01,32.82,33.05,32.44,32.58,219000,24.39
2007-09-28,32.75,33.00,32.57,32.90,173900,24.63
2007-09-27,32.70,32.92,32.35,32.50,172600,24.33
2007-09-26,33.19,33.25,32.58,32.70,211200,24.48
2007-09-25,33.09,33.09,32.59,32.85,183300,24.60
2007-09-24,33.05,33.06,32.70,32.92,232200,24.65
2007-09-21,32.46,33.05,32.27,32.98,188400,24.69
2007-09-20,32.32,32.73,31.90,32.01,211900,23.97
2007-09-19,33.05,33.17,32.26,32.72,465600,24.50
2007-09-18,32.96,33.00,32.45,32.93,255200,24.66
2007-09-17,32.64,32.89,32.04,32.73,290100,24.51
2007-09-14,32.67,33.00,32.55,32.68,282200,24.47
2007-09-13,32.90,33.05,32.34,32.62,358400,24.42
2007-09-12,32.35,32.80,31.76,32.80,434100,24.56
2007-09-11,32.10,32.21,31.53,32.13,485600,24.06
2007-09-10,31.60,31.76,30.24,30.94,280700,23.17
2007-09-07,31.65,32.10,31.46,31.77,261500,23.79
2007-09-06,32.13,32.40,31.76,32.02,195000,23.97
2007-09-05,32.20,32.36,31.88,31.98,191700,23.94
2007-09-04,32.48,32.48,31.84,32.29,212300,24.18
2007-08-31,32.19,32.35,31.59,32.11,240900,24.04
2007-08-30,30.98,31.94,30.60,31.64,343000,23.69
2007-08-29,30.76,31.04,30.19,31.04,235700,23.24
2007-08-28,31.53,31.55,30.00,30.34,472400,22.72
2007-08-27,31.71,31.80,31.35,31.62,257700,23.68
2007-08-24,30.84,31.76,30.75,31.71,461200,23.74
2007-08-23,31.40,31.50,30.75,30.98,419300,23.20
2007-08-22,30.70,31.50,30.42,31.28,502200,23.42
2007-08-21,30.62,30.67,30.01,30.40,338800,22.76
2007-08-20,29.85,31.25,29.75,30.84,524400,23.09
2007-08-17,29.29,29.99,27.47,29.21,637500,21.87
2007-08-16,27.35,29.00,27.00,28.50,1193400,21.34
2007-08-15,30.35,31.46,29.51,29.63,994200,22.19
2007-08-14,32.81,32.94,30.92,31.20,3062000,23.36
2007-08-13,33.98,33.98,32.54,33.40,258000,25.01
2007-08-10,32.90,33.31,31.25,32.65,565000,24.45
2007-08-09,34.22,34.99,32.60,33.88,533200,25.37
2007-08-08,33.90,34.87,33.80,34.22,756400,25.62
2007-08-07,30.50,32.55,29.00,32.43,757400,24.28
2007-08-06,33.36,33.36,28.25,30.20,1671500,22.61
2007-08-03,35.25,35.50,33.15,33.43,542000,25.03
2007-08-02,35.50,35.75,34.65,34.65,226500,25.94
2007-08-01,35.75,35.87,34.55,35.53,229700,26.60
2007-07-31,35.99,36.09,35.25,35.40,329100,26.51
2007-07-30,36.90,36.90,34.90,35.17,419300,26.33
2007-07-27,34.66,34.95,34.34,34.82,337100,26.07
2007-07-26,35.31,35.34,34.36,34.50,555800,25.83
2007-07-25,35.80,36.00,34.20,35.99,429800,26.61
2007-07-24,37.00,37.00,35.44,35.80,570900,26.47
2007-07-23,37.50,37.75,36.35,36.52,394200,27.01
2007-07-20,36.90,37.01,35.91,37.01,393700,27.37
2007-07-19,35.00,37.15,34.50,36.50,886500,26.99
2007-07-18,34.65,34.79,34.40,34.76,462200,25.70
2007-07-17,34.27,34.96,34.22,34.76,284200,25.70
2007-07-16,35.00,35.08,34.25,34.42,298400,25.45
2007-07-13,34.82,34.90,34.50,34.76,253300,25.70
2007-07-12,35.03,35.05,34.80,35.05,450100,25.92
2007-07-11,34.98,35.17,34.70,35.00,257400,25.88
2007-07-10,35.15,35.20,34.53,34.75,257300,25.70
2007-07-09,35.35,35.35,35.00,35.10,328200,25.96
2007-07-06,35.35,35.88,34.26,34.93,422700,25.83
2007-07-05,35.10,35.15,34.39,35.00,768600,25.88
2007-07-03,33.98,34.24,33.38,34.17,466000,25.27
2007-07-02,35.00,35.05,33.26,33.34,681900,24.65
2007-06-29,31.94,32.42,31.80,32.18,253400,23.80
2007-06-28,31.22,31.83,30.90,31.62,181500,23.38
2007-06-27,31.25,31.40,30.65,31.09,224100,22.99
2007-06-26,31.45,31.53,30.80,31.12,246500,23.01
2007-06-25,31.60,31.60,30.76,31.14,295800,23.03
2007-06-22,31.68,31.80,31.25,31.45,185000,23.26
2007-06-21,31.47,31.72,31.12,31.57,231000,23.34
2007-06-20,31.74,31.94,31.25,31.38,222000,23.20
2007-06-19,31.96,32.00,31.10,31.55,438400,23.33
2007-06-18,32.48,32.77,31.60,31.81,435900,23.52
2007-06-15,32.35,32.73,31.92,32.36,625200,23.93
2007-06-14,31.00,31.98,30.90,31.84,626100,23.54
2007-06-13,29.80,30.48,29.69,30.45,424400,22.52
2007-06-12,29.83,29.98,29.35,29.47,342900,21.79
2007-06-11,29.75,30.00,29.61,29.82,223800,22.05
2007-06-08,29.95,29.95,29.47,29.65,316100,21.93
2007-06-07,29.43,29.60,29.25,29.44,458400,21.77
2007-06-06,29.55,29.55,29.23,29.54,218800,21.84
2007-06-05,29.91,29.96,29.50,29.55,249200,21.85
2007-06-04,30.32,30.35,29.26,29.78,333600,22.02
2007-06-01,29.98,30.27,29.82,30.25,353000,22.37
2007-05-31,29.55,29.82,29.40,29.68,369500,21.95
2007-05-30,29.01,29.34,29.00,29.29,235800,21.66
2007-05-29,29.43,29.69,29.19,29.41,220800,21.75
2007-05-25,28.98,29.25,28.91,29.17,174200,21.57
2007-05-24,29.59,29.63,28.65,28.76,314700,21.27
2007-05-23,29.78,29.79,29.39,29.59,350500,21.88
2007-05-22,29.51,29.68,29.35,29.63,397100,21.91
2007-05-21,29.79,29.79,29.29,29.41,412100,21.75
2007-05-18,29.73,29.73,29.30,29.39,461600,21.73
2007-05-17,29.39,29.45,29.06,29.40,808500,21.74
2007-05-16,28.72,29.00,28.59,28.99,328100,21.44
2007-05-15,29.07,29.14,28.53,28.63,398100,21.17
2007-05-14,28.99,28.99,28.34,28.44,184200,21.03
2007-05-11,28.73,28.73,28.44,28.70,138300,21.22
2007-05-10,28.93,28.93,28.29,28.44,189300,21.03
2007-05-09,28.76,28.91,28.57,28.84,195200,21.33
2007-05-08,28.89,28.92,28.50,28.70,212200,21.22
2007-05-07,28.65,29.00,28.40,28.85,359800,21.33
2007-05-04,28.20,28.33,28.03,28.19,141700,20.85
2007-05-03,27.98,28.43,27.94,28.08,258700,20.76
2007-05-02,27.55,27.96,27.45,27.85,318500,20.59
2007-05-01,28.11,28.19,26.55,27.37,664600,20.24
2007-04-30,28.24,28.40,28.01,28.08,229000,20.76
2007-04-27,28.43,28.57,28.06,28.24,307800,20.88
2007-04-26,28.58,28.70,28.30,28.43,325300,21.02
2007-04-25,29.21,29.35,28.85,28.97,458300,21.09
2007-04-24,28.97,29.16,28.75,29.03,532500,21.14
2007-04-23,29.20,29.38,28.91,29.12,411700,21.20
2007-04-20,29.15,29.24,28.90,29.12,516800,21.20
2007-04-19,29.30,29.35,28.80,28.81,2281000,20.98
2007-04-18,30.25,30.25,29.61,29.75,298500,21.66
2007-04-17,30.10,30.82,29.35,29.95,561700,21.81
2007-04-16,29.00,29.24,28.78,29.12,249500,21.20
2007-04-13,28.15,29.00,28.15,28.85,305200,21.01
2007-04-12,27.30,28.06,27.24,28.00,425200,20.39
2007-04-11,27.34,27.34,27.05,27.18,174100,19.79
2007-04-10,27.50,27.50,27.25,27.30,285200,19.88
2007-04-09,27.22,27.45,27.17,27.42,211800,19.96
2007-04-05,26.95,27.22,26.91,26.95,238000,19.62
2007-04-04,27.00,27.12,26.92,26.92,250000,19.60
2007-04-03,26.88,26.96,26.83,26.86,203000,19.56
2007-04-02,27.04,27.20,26.80,26.88,161500,19.57
2007-03-30,26.70,26.93,26.47,26.79,196300,19.51
2007-03-29,27.01,27.01,26.44,26.63,108300,19.39
2007-03-28,26.83,26.99,26.40,26.91,133000,19.59
2007-03-27,26.88,26.92,26.40,26.60,151900,19.37
2007-03-26,27.35,27.45,26.55,26.89,211400,19.58
2007-03-23,26.39,27.07,26.39,27.07,195400,19.71
2007-03-22,26.91,27.01,26.23,26.35,215200,19.18
2007-03-21,26.88,27.03,26.65,26.75,202200,19.48
2007-03-20,26.63,26.95,26.50,26.88,200900,19.57
2007-03-19,26.39,26.58,26.33,26.52,139700,19.31
2007-03-16,25.92,26.26,25.87,26.23,110400,19.10
2007-03-15,25.71,26.00,25.61,25.88,131300,18.84
2007-03-14,25.67,25.75,25.26,25.62,130700,18.65
2007-03-13,25.89,25.92,25.50,25.67,117200,18.69
2007-03-12,25.68,25.93,25.44,25.80,157800,18.78
2007-03-09,25.27,25.49,25.14,25.43,126600,18.52
2007-03-08,25.24,25.37,25.00,25.12,119200,18.29
2007-03-07,24.88,25.01,24.65,25.00,155500,18.20
2007-03-06,24.70,24.92,24.68,24.84,142100,18.09
2007-03-05,25.25,25.25,24.05,24.26,244600,17.66
2007-03-02,25.20,25.50,25.15,25.37,123200,18.47
2007-03-01,24.25,25.56,22.99,25.19,238600,18.34
2007-02-28,25.10,25.54,24.91,25.53,318700,18.59
2007-02-27,25.71,25.71,19.65,25.06,1056200,18.25
2007-02-26,26.20,26.22,25.75,25.82,113400,18.80
2007-02-23,26.28,26.37,26.10,26.23,117000,19.10
2007-02-22,26.19,26.61,26.06,26.19,229100,19.07
2007-02-21,26.10,26.15,25.98,26.14,1100900,19.03
2007-02-20,25.86,26.18,25.84,26.14,124500,19.03
2007-02-16,26.48,26.51,25.82,25.86,249900,18.83
2007-02-15,26.00,26.54,26.00,26.37,359900,19.20
2007-02-14,25.90,26.24,25.90,26.05,241500,18.97
2007-02-13,25.77,25.92,25.75,25.84,163100,18.81
2007-02-12,25.99,26.18,25.82,25.85,103300,18.82
2007-02-09,25.76,26.00,25.76,25.98,135100,18.92
2007-02-08,25.90,25.90,25.61,25.68,84600,18.70
2007-02-07,25.89,25.91,25.76,25.87,118500,18.84
2007-02-06,25.94,25.95,25.72,25.85,153200,18.82
2007-02-05,25.92,26.02,25.77,25.90,205000,18.86
2007-02-02,25.66,25.86,25.62,25.86,218200,18.83
2007-02-01,25.20,25.75,25.20,25.63,278800,18.66
2007-01-31,25.10,25.20,24.75,25.16,219200,18.32
2007-01-30,25.45,25.60,24.98,25.04,230800,18.23
2007-01-29,25.45,25.56,25.30,25.40,208000,18.49
2007-01-26,25.51,25.51,25.15,25.16,139500,18.32
2007-01-25,25.33,25.51,25.01,25.51,401900,18.57
2007-01-24,25.79,25.92,25.30,25.33,237300,18.12
2007-01-23,25.20,25.70,25.15,25.68,174700,18.37
2007-01-22,25.01,25.20,24.88,25.17,150500,18.00
2007-01-19,24.80,25.06,24.66,25.00,139600,17.88
2007-01-18,24.90,25.00,24.68,24.72,116700,17.68
2007-01-17,24.85,25.20,24.71,24.92,234900,17.82
2007-01-16,24.98,25.10,24.75,24.80,232600,17.74
2007-01-12,25.00,25.04,24.50,24.80,323700,17.74
2007-01-11,23.74,24.68,23.64,24.47,326600,17.50
2007-01-10,23.97,23.97,23.50,23.69,161200,16.94
2007-01-09,23.28,24.00,23.21,23.97,213200,17.14
2007-01-08,23.58,23.62,23.28,23.33,168700,16.69
2007-01-05,24.02,24.09,23.53,23.65,172300,16.92
2007-01-04,23.92,24.03,23.66,23.98,133900,17.15
2007-01-03,23.21,24.00,23.13,23.93,213200,17.12
2006-12-29,22.97,23.15,22.91,23.12,98300,16.54
2006-12-28,22.83,23.09,22.80,22.94,109900,16.41
2006-12-27,22.90,23.20,22.76,22.78,156300,16.29
2006-12-26,22.86,23.00,22.75,22.80,88700,16.31
2006-12-22,22.82,22.95,22.62,22.82,99600,16.32
2006-12-21,22.80,22.94,22.70,22.82,106000,16.32
2006-12-20,22.74,22.84,22.58,22.81,109600,16.32
2006-12-19,22.86,22.95,22.65,22.76,150400,16.28
2006-12-18,22.86,23.06,22.81,22.83,423700,16.33
2006-12-15,22.94,23.00,22.85,22.85,152700,16.34
2006-12-14,23.00,23.02,22.80,22.88,217800,16.37
2006-12-13,22.99,23.50,22.81,22.87,160700,16.36
2006-12-12,23.00,23.01,22.81,22.99,195600,16.44
2006-12-11,23.05,23.07,22.75,22.88,182600,16.37
2006-12-08,22.93,23.07,22.77,22.93,195700,16.40
2006-12-07,22.37,22.95,22.37,22.84,256500,16.34
2006-12-06,22.69,22.69,22.37,22.49,150100,16.09
2006-12-05,22.45,22.75,22.31,22.68,128200,16.22
2006-12-04,22.33,22.65,22.20,22.46,150800,16.06
2006-12-01,22.12,22.36,22.12,22.33,130300,15.97
2006-11-30,21.93,22.20,21.89,22.08,145500,15.79
2006-11-29,21.88,22.00,21.81,21.98,142500,15.72
2006-11-28,21.87,21.95,21.75,21.88,103600,15.65
2006-11-27,21.90,22.00,21.85,21.89,168900,15.66
2006-11-24,21.90,21.92,21.80,21.90,49900,15.66
2006-11-22,21.85,21.93,21.80,21.89,105300,15.66
2006-11-21,21.70,21.95,21.70,21.85,217200,15.63
2006-11-20,21.64,21.79,21.59,21.71,179100,15.53
2006-11-17,21.79,21.85,21.60,21.69,190800,15.51
2006-11-16,21.85,21.96,21.73,21.83,194900,15.61
2006-11-15,21.80,21.91,21.68,21.87,157700,15.64
2006-11-14,21.93,21.93,21.66,21.78,191800,15.58
2006-11-13,21.59,21.94,21.56,21.89,209100,15.66
2006-11-10,21.73,21.75,21.55,21.58,213100,15.44
2006-11-09,21.52,21.81,21.52,21.70,308400,15.52
2006-11-08,21.55,21.64,21.07,21.51,579500,15.39
2006-11-07,21.63,21.66,21.55,21.56,383100,15.42
2006-11-06,21.56,21.80,21.52,21.70,743100,15.52
2006-11-03,21.60,21.74,21.48,21.56,3557100,15.42
2006-11-02,21.72,21.83,21.43,21.60,474600,15.45
2006-11-01,22.01,22.01,21.73,21.74,130800,15.55
2006-10-31,21.75,21.95,21.70,21.88,132400,15.65
2006-10-30,21.75,21.86,21.46,21.67,170800,15.50
2006-10-27,21.92,21.99,21.74,21.74,94600,15.55
2006-10-26,22.08,22.28,21.90,21.92,249900,15.68
2006-10-25,22.15,22.21,21.83,22.01,258300,15.74
2006-10-24,22.50,22.75,22.40,22.58,109200,15.85
2006-10-23,22.35,22.48,22.31,22.40,46200,15.72
2006-10-20,22.28,22.48,22.15,22.44,89300,15.75
2006-10-19,22.25,22.48,22.15,22.28,71700,15.64
2006-10-18,22.09,22.27,22.09,22.16,42200,15.55
2006-10-17,22.40,22.40,22.03,22.09,98300,15.50
2006-10-16,22.51,22.52,22.40,22.42,88100,15.73
2006-10-13,22.40,22.47,22.27,22.47,67300,15.77
2006-10-12,22.30,22.44,22.21,22.37,101600,15.70
2006-10-11,22.22,22.31,22.18,22.26,63500,15.62
2006-10-10,22.16,22.22,22.09,22.22,43500,15.59
2006-10-09,22.00,22.12,21.93,22.02,85700,15.45
2006-10-06,22.14,22.16,21.98,21.99,63000,15.43
2006-10-05,22.00,22.21,21.95,22.04,132000,15.47
2006-10-04,22.23,22.27,21.82,22.00,97800,15.44
2006-10-03,22.37,22.44,22.05,22.12,56100,15.52
2006-10-02,22.48,22.48,22.39,22.47,13500,15.77
2006-09-29,22.55,22.63,22.40,22.48,34900,15.78
2006-09-28,22.70,22.80,22.50,22.56,48200,15.83
2006-09-27,22.41,22.87,22.30,22.70,86100,15.93
2006-09-26,21.66,22.45,21.66,22.35,104300,15.69
2006-09-25,21.93,21.93,21.50,21.66,117900,15.20
2006-09-22,22.07,22.12,21.97,21.97,36100,15.42
2006-09-21,22.25,22.35,22.04,22.04,64100,15.47
2006-09-20,22.40,22.78,22.26,22.28,75800,15.64
2006-09-19,22.27,22.38,22.15,22.30,38700,15.65
2006-09-18,22.00,22.35,21.95,22.31,51800,15.66
2006-09-15,22.08,22.42,21.88,21.94,93200,15.40
2006-09-14,22.05,22.38,22.04,22.05,65100,15.47
2006-09-13,22.10,22.29,22.00,22.12,41500,15.52
2006-09-12,21.95,22.10,21.80,22.00,58600,15.44
2006-09-11,21.90,22.00,21.78,21.95,57400,15.40
2006-09-08,21.95,22.00,21.76,21.90,80500,15.37
2006-09-07,21.75,21.99,21.50,21.88,45700,15.36
2006-09-06,22.17,22.17,21.85,21.86,42700,15.34
2006-09-05,21.90,22.37,21.89,22.18,113700,15.57
2006-09-01,22.82,22.97,21.80,21.85,213000,15.33
2006-08-31,22.43,22.75,22.43,22.75,104600,15.97
2006-08-30,22.11,22.53,21.95,22.37,85100,15.70
2006-08-29,21.95,22.21,21.95,22.15,50300,15.54
2006-08-28,21.96,22.10,21.90,21.96,44400,15.41
2006-08-25,21.85,21.98,21.76,21.90,35600,15.37
2006-08-24,21.84,21.91,21.68,21.88,32400,15.36
2006-08-23,21.85,21.86,21.68,21.76,43300,15.27
2006-08-22,21.85,21.96,21.67,21.75,41000,15.26
2006-08-21,21.67,21.90,21.55,21.80,60000,15.30
2006-08-18,21.80,21.96,21.62,21.63,55300,15.18
2006-08-17,21.95,21.96,21.48,21.67,81700,15.21
2006-08-16,21.82,21.99,21.59,21.89,71200,15.36
2006-08-15,21.33,21.74,21.33,21.56,68700,15.13
2006-08-14,21.40,21.40,21.05,21.22,82500,14.89
2006-08-11,21.10,21.20,20.98,21.09,112200,14.80
2006-08-10,21.05,21.06,20.80,21.06,99300,14.78
2006-08-09,20.69,21.23,20.69,20.87,239200,14.65
2006-08-08,20.81,20.81,20.60,20.69,37200,14.52
2006-08-07,20.65,20.78,20.61,20.76,43500,14.57
2006-08-04,20.75,20.95,20.53,20.66,73600,14.50
2006-08-03,20.45,20.75,20.35,20.70,76000,14.53
2006-08-02,20.35,20.60,20.30,20.43,86000,14.34
2006-08-01,20.30,20.42,20.27,20.35,98000,14.28
2006-07-31,20.15,20.32,20.09,20.32,31300,14.26
2006-07-28,19.95,20.15,19.95,20.12,42000,14.12
2006-07-27,20.15,20.30,19.90,19.98,56600,14.02
2006-07-26,20.25,20.25,19.90,20.10,112600,14.11
2006-07-25,20.52,20.54,20.32,20.54,124600,14.12
2006-07-24,20.56,20.59,20.36,20.52,68000,14.10
2006-07-21,20.30,20.55,20.22,20.41,141300,14.03
2006-07-20,20.42,20.55,20.36,20.39,102500,14.01
2006-07-19,20.34,20.60,20.25,20.50,59300,14.09
2006-07-18,20.47,20.47,20.08,20.35,63600,13.99
2006-07-17,20.48,20.54,20.26,20.47,69600,14.07
2006-07-14,20.32,20.40,20.25,20.35,72900,13.99
2006-07-13,20.45,20.49,20.30,20.37,65000,14.00
2006-07-12,20.50,20.55,20.31,20.47,70400,14.07
2006-07-11,20.50,20.58,20.20,20.35,111400,13.99
2006-07-10,20.60,20.60,20.25,20.48,82200,14.08
2006-07-07,20.35,20.60,20.31,20.54,95600,14.12
2006-07-06,20.40,20.50,20.25,20.30,286500,13.95
2006-07-05,20.99,21.00,20.91,20.94,18900,14.39
2006-07-03,20.98,21.00,20.94,20.99,12100,14.43
2006-06-30,20.95,20.95,20.85,20.95,37900,14.40
2006-06-29,20.90,20.97,20.77,20.94,72700,14.39
2006-06-28,20.89,20.98,20.85,20.90,69100,14.36
2006-06-27,20.89,20.95,20.80,20.89,57200,14.36
2006-06-26,20.74,20.90,20.71,20.88,51500,14.35
2006-06-23,20.60,20.84,20.60,20.80,21400,14.30
2006-06-22,20.78,20.94,20.53,20.55,60500,14.12
2006-06-21,20.87,20.99,20.60,20.85,48900,14.33
2006-06-20,20.80,20.85,20.52,20.80,47900,14.30
2006-06-19,20.53,20.75,20.45,20.65,55500,14.19
2006-06-16,20.50,20.90,20.28,20.58,82900,14.14
2006-06-15,19.89,20.45,19.89,20.37,66300,14.00
2006-06-14,20.27,20.70,19.70,19.88,140700,13.66
2006-06-13,20.85,20.86,20.20,20.27,98700,13.93
2006-06-12,20.85,20.95,20.56,20.95,73200,14.40
2006-06-09,20.80,20.90,20.63,20.90,64300,14.36
2006-06-08,20.98,21.01,20.75,20.81,60300,14.30
2006-06-07,20.90,21.00,20.75,20.98,56500,14.42
2006-06-06,20.90,21.00,20.76,20.86,48500,14.34
2006-06-05,21.03,21.22,20.84,20.94,44700,14.39
2006-06-02,20.98,21.30,20.91,20.98,80400,14.42
2006-06-01,20.81,21.28,20.76,21.08,69100,14.49
2006-05-31,20.82,20.95,20.77,20.88,69700,14.35
2006-05-30,20.86,20.96,20.58,20.82,86000,14.31
2006-05-26,21.02,21.02,20.81,20.81,35400,14.30
2006-05-25,20.94,21.11,20.90,21.09,37700,14.49
2006-05-24,20.92,21.30,20.83,20.95,54600,14.40
2006-05-23,20.87,21.15,20.87,20.98,73200,14.42
2006-05-22,20.83,20.92,20.57,20.91,80300,14.37
2006-05-19,20.80,21.00,20.75,20.79,140900,14.29
2006-05-18,20.92,21.03,20.75,20.80,46900,14.30
2006-05-17,21.16,21.19,20.70,20.90,103400,14.36
2006-05-16,21.10,21.32,21.06,21.15,79100,14.54
2006-05-15,21.04,21.20,20.82,20.90,106700,14.36
2006-05-12,21.45,21.45,21.05,21.10,51500,14.50
2006-05-11,21.41,21.58,21.25,21.43,68400,14.73
2006-05-10,21.37,21.62,21.32,21.43,42700,14.73
2006-05-09,21.29,21.42,21.13,21.37,127600,14.69
2006-05-08,21.70,21.80,21.25,21.37,61000,14.69
2006-05-05,21.22,21.85,21.22,21.64,119700,14.87
2006-05-04,21.15,21.38,21.05,21.27,85100,14.62
2006-05-03,21.45,21.49,20.94,21.14,89500,14.53
2006-05-02,21.60,21.74,21.00,21.39,119800,14.70
2006-05-01,22.14,22.17,21.50,21.50,140500,14.78
2006-04-28,22.02,22.14,21.90,22.05,41800,15.15
2006-04-27,21.73,22.14,21.73,21.98,65700,15.11
2006-04-26,22.05,22.05,21.71,21.86,76100,15.02
2006-04-25,22.25,22.34,22.12,22.19,130300,14.96
2006-04-24,22.30,22.30,22.05,22.15,83900,14.93
2006-04-21,22.02,22.18,21.90,22.16,64700,14.94
2006-04-20,21.98,22.05,21.65,22.05,60600,14.86
2006-04-19,21.59,22.06,21.37,21.86,103900,14.74
2006-04-18,21.20,21.75,21.00,21.69,98600,14.62
2006-04-17,21.83,21.88,21.05,21.25,99900,14.32
2006-04-13,21.70,21.87,21.60,21.80,50800,14.70
2006-04-12,22.07,22.07,21.34,21.64,87700,14.59
2006-04-11,22.26,22.28,22.00,22.07,75300,14.88
2006-04-10,22.25,22.34,22.10,22.18,65600,14.95
2006-04-07,22.15,22.40,22.00,22.20,158900,14.97
2006-04-06,21.81,22.30,21.75,22.15,233300,14.93
2006-04-05,21.53,21.78,21.27,21.75,101700,14.66
2006-04-04,21.30,21.65,21.25,21.47,72200,14.47
2006-04-03,21.25,21.50,21.17,21.37,56600,14.41
2006-03-31,21.22,21.34,21.08,21.17,51700,14.27
2006-03-30,21.09,21.32,21.00,21.10,96500,14.22
2006-03-29,21.38,21.49,21.01,21.01,97000,14.16
2006-03-28,21.33,21.50,21.25,21.42,70300,14.44
2006-03-27,21.66,21.80,21.13,21.32,100300,14.37
2006-03-24,21.38,21.81,21.20,21.66,107100,14.60
2006-03-23,21.35,21.49,21.02,21.32,57000,14.37
2006-03-22,21.65,21.65,21.18,21.43,82800,14.45
2006-03-21,21.42,21.74,21.35,21.60,84300,14.56
2006-03-20,21.40,21.49,21.05,21.37,99800,14.41
2006-03-17,20.95,21.25,20.75,21.17,206500,14.27
2006-03-16,20.74,20.85,20.70,20.76,130500,13.99
2006-03-15,20.72,20.85,20.66,20.75,118600,13.99
2006-03-14,20.72,20.85,20.56,20.70,201800,13.95
2006-03-13,20.50,20.73,20.25,20.63,117200,13.91
2006-03-10,20.55,20.58,20.41,20.47,79100,13.80
2006-03-09,20.42,20.50,20.25,20.48,165600,13.81
2006-03-08,20.42,20.47,20.25,20.37,177500,13.73
2006-03-07,20.74,20.74,20.30,20.49,156400,13.81
2006-03-06,20.64,20.87,20.50,20.80,239700,14.02
2006-03-03,20.20,20.65,20.02,20.48,254100,13.81
2006-03-02,20.12,20.20,20.12,20.18,201200,13.60
2006-03-01,19.90,20.20,19.86,20.11,217100,13.56
2006-02-28,20.00,20.00,19.65,19.96,183500,13.46
2006-02-27,19.95,20.08,19.88,20.00,349300,13.48
2006-02-24,20.00,20.00,19.86,19.93,222800,13.44
2006-02-23,20.02,20.14,19.90,19.95,110500,13.45
2006-02-22,19.95,20.00,19.75,19.98,199900,13.47
2006-02-21,19.85,20.00,19.78,19.80,271800,13.35
2006-02-17,20.20,20.20,20.03,20.14,321700,13.29
2006-02-16,20.18,20.20,20.11,20.20,226800,13.33
2006-02-15,20.20,20.20,20.02,20.18,182000,13.32
2006-02-14,20.20,20.24,20.04,20.18,189200,13.32
2006-02-13,20.18,20.20,20.05,20.15,140000,13.30
2006-02-10,20.01,20.16,19.95,20.14,109300,13.29
2006-02-09,19.95,20.15,19.85,20.05,83300,13.23
2006-02-08,19.91,20.03,19.76,19.90,91600,13.13
2006-02-07,20.18,20.20,19.76,19.83,159400,13.09
2006-02-06,20.10,20.20,20.08,20.15,143600,13.30
2006-02-03,19.95,19.95,19.56,19.85,117000,13.10
2006-02-02,20.05,20.22,19.85,19.91,95000,13.14
2006-02-01,20.01,20.10,19.93,19.99,74200,13.19
2006-01-31,19.77,20.10,19.60,19.98,101100,13.18
2006-01-30,19.88,19.90,19.51,19.74,142900,13.03
2006-01-27,19.85,19.98,19.78,19.79,220000,13.06
2006-01-26,19.80,19.95,19.75,19.78,144500,13.05
2006-01-25,20.00,20.05,19.82,19.82,148200,13.08
2006-01-24,19.87,20.00,19.76,19.89,112600,13.13
2006-01-23,19.90,19.94,19.76,19.77,419400,13.05
2006-01-20,19.88,19.95,19.80,19.87,134000,13.11
2006-01-19,19.93,20.03,19.82,19.86,201600,13.11
2006-01-18,20.04,20.08,19.77,19.83,401400,13.09
2006-01-17,20.05,20.19,20.00,20.07,225900,13.24
2006-01-13,20.21,20.25,20.15,20.22,207100,13.34
2006-01-12,20.09,20.25,20.04,20.19,147500,13.32
2006-01-11,20.05,20.20,20.01,20.09,174700,13.26
2006-01-10,20.25,20.25,20.03,20.05,138000,13.23
2006-01-09,20.25,20.25,20.15,20.20,135000,13.33
2006-01-06,20.25,20.25,20.10,20.20,77700,13.33
2006-01-05,20.32,20.38,20.05,20.14,90400,13.29
2006-01-04,20.25,20.40,20.00,20.25,124300,13.36
2006-01-03,19.85,20.25,19.76,20.20,128200,13.33
2005-12-30,19.79,19.85,19.55,19.75,88000,13.03
2005-12-29,19.82,19.87,19.35,19.75,143600,13.03
2005-12-28,19.76,19.97,19.53,19.76,108300,13.04
2005-12-27,20.09,20.09,19.70,19.76,61900,13.04
2005-12-23,19.59,20.05,19.05,20.03,127400,13.22
2005-12-22,19.58,19.68,19.45,19.57,121200,12.91
2005-12-21,19.60,19.65,19.46,19.49,187300,12.86
2005-12-20,19.60,19.75,19.35,19.60,181400,12.93
2005-12-19,19.89,19.93,19.50,19.55,103400,12.90
2005-12-16,19.71,20.00,19.61,19.80,189000,13.07
2005-12-15,19.49,19.80,19.43,19.62,150900,12.95
2005-12-14,19.43,19.64,19.42,19.55,113400,12.90
2005-12-13,19.55,19.65,19.40,19.46,82500,12.84
2005-12-12,19.59,19.65,19.42,19.52,89400,12.88
2005-12-09,19.51,19.64,19.42,19.60,52800,12.93
2005-12-08,19.55,19.82,19.46,19.54,79300,12.89
2005-12-07,19.60,19.94,19.50,19.55,107000,12.90
2005-12-06,19.36,19.75,19.36,19.66,114300,12.97
2005-12-05,19.50,19.59,19.31,19.55,98500,12.90
2005-12-02,19.43,19.49,19.35,19.41,71100,12.81
2005-12-01,19.50,19.68,19.37,19.37,89400,12.78
2005-11-30,19.57,19.75,19.31,19.38,238600,12.79
2005-11-29,19.60,19.96,19.30,19.58,136500,12.92
2005-11-28,19.77,19.80,19.31,19.43,199700,12.82
2005-11-25,19.70,19.79,19.50,19.57,46000,12.91
2005-11-23,19.50,19.77,19.42,19.60,123600,12.93
2005-11-22,19.65,19.69,19.41,19.54,246100,12.89
2005-11-21,19.98,19.99,19.65,19.70,118900,13.00
2005-11-18,19.84,20.34,19.70,19.91,110700,13.14
2005-11-17,19.96,20.02,19.73,19.84,64800,13.09
2005-11-16,20.15,20.20,19.65,19.99,105900,13.04
2005-11-15,20.04,20.30,20.02,20.14,208800,13.14
2005-11-14,20.35,20.40,20.10,20.20,179200,13.18
2005-11-11,20.25,20.38,20.00,20.25,152700,13.21
2005-11-10,20.35,20.40,20.00,20.19,146300,13.17
2005-11-09,20.30,20.38,19.95,20.22,116700,13.19
2005-11-08,20.28,20.38,20.00,20.23,122500,13.20
2005-11-07,20.40,20.45,20.11,20.34,103300,13.27
2005-11-04,20.48,20.49,20.00,20.35,136100,13.27
2005-11-03,20.20,20.49,20.01,20.42,259900,13.32
2005-11-02,19.77,20.20,19.50,19.96,283600,13.02
2005-11-01,19.00,19.60,19.00,19.43,487500,12.67
2005-10-31,18.60,19.30,18.60,18.76,1318800,12.24
2005-10-28,18.55,18.55,17.85,18.04,171600,11.77
2005-10-27,18.34,18.65,18.20,18.35,232500,11.97
2005-10-26,18.30,18.48,18.08,18.33,207900,11.96
2005-10-25,17.80,18.49,17.80,18.23,526800,11.89
2005-10-24,17.95,18.10,17.75,17.87,210600,11.66
2005-10-21,18.20,18.25,17.70,17.75,261900,11.58
2005-10-20,18.05,18.70,17.74,18.18,261700,11.86
2005-10-19,17.95,18.30,17.20,18.26,543900,11.91
2005-10-18,17.80,18.35,17.80,17.96,189700,11.72
2005-10-17,18.35,18.45,17.83,18.15,307300,11.84
2005-10-14,18.80,19.06,18.02,18.33,316100,11.96
2005-10-13,19.00,19.10,18.65,18.71,306600,12.20
2005-10-12,19.00,19.06,18.85,18.88,238300,12.32
2005-10-11,18.95,19.18,18.91,19.05,100600,12.43
2005-10-10,19.40,19.40,18.93,18.96,91800,12.37
2005-10-07,19.00,19.48,19.00,19.47,72000,12.70
2005-10-06,19.15,19.22,18.96,19.04,79500,12.42
2005-10-05,19.05,19.15,18.92,19.05,163400,12.43
2005-10-04,19.07,19.30,19.00,19.05,148100,12.43
2005-10-03,19.45,19.52,18.87,19.17,259200,12.50
2005-09-30,19.10,19.45,19.10,19.35,117300,12.62
2005-09-29,19.05,19.55,19.05,19.39,183100,12.65
2005-09-28,19.41,19.54,19.00,19.25,170600,12.56
2005-09-27,19.95,19.96,19.10,19.21,271100,12.53
2005-09-26,19.99,20.35,19.60,19.82,129600,12.93
2005-09-23,19.45,20.04,19.31,19.90,491100,12.98
2005-09-22,18.85,19.60,18.70,18.94,202700,12.35
2005-09-21,19.30,19.30,18.60,18.99,604200,12.39
2005-09-20,20.25,20.28,19.50,19.51,444500,12.73
2005-09-19,20.50,20.80,20.15,20.25,301000,13.21
2005-09-16,20.10,20.50,20.10,20.50,275200,13.37
2005-09-15,20.42,20.43,20.02,20.20,195900,13.18
2005-09-14,20.30,20.50,20.14,20.50,275900,13.37
2005-09-13,20.50,20.50,20.26,20.29,296200,13.24
2005-09-12,20.45,20.66,20.16,20.54,280800,13.40
2005-09-09,20.85,20.85,20.50,20.59,253800,13.43
2005-09-08,20.76,20.98,20.72,20.75,349500,13.54
2005-09-07,20.60,21.02,20.60,20.95,230700,13.67
2005-09-06,21.00,21.07,20.95,21.04,121800,13.72
2005-09-02,21.34,21.34,21.00,21.00,82000,13.70
2005-09-01,20.95,21.20,20.95,21.20,98000,13.83
2005-08-31,20.91,21.15,20.85,20.99,169500,13.69
2005-08-30,20.90,20.98,20.85,20.95,195400,13.67
2005-08-29,20.90,20.97,20.89,20.92,251400,13.65
2005-08-26,20.99,21.00,20.90,20.95,125100,13.67
2005-08-25,21.10,21.10,20.90,20.99,178900,13.69
2005-08-24,21.00,21.20,20.98,21.00,199900,13.70
2005-08-23,21.04,21.10,20.99,21.01,305400,13.70
2005-08-22,21.20,21.35,20.95,21.00,244200,13.70
2005-08-19,20.90,21.51,20.90,21.40,261600,13.96
2005-08-18,21.10,21.18,20.90,20.99,153500,13.69
2005-08-17,20.98,21.30,20.88,21.18,275500,13.82
2005-08-16,21.15,21.15,20.95,21.00,209200,13.70
2005-08-15,21.22,21.30,21.08,21.16,127900,13.80
2005-08-12,21.30,21.44,21.25,21.27,183200,13.87
2005-08-11,21.20,21.50,20.95,21.50,694900,14.02
2005-08-10,21.15,21.50,21.05,21.30,1269400,13.89
2005-08-09,21.10,21.48,20.26,21.30,14268400,13.89
