Date,Open,High,Low,Close,Volume,Adj Close
2012-05-04,44.77,44.89,44.41,44.73,542200,44.73
2012-05-03,45.10,45.61,44.98,45.04,545100,45.04
2012-05-02,44.50,45.22,44.29,45.12,412400,45.12
2012-05-01,44.26,45.64,44.21,44.83,578100,44.83
2012-04-30,44.65,44.65,44.17,44.45,497800,44.45
2012-04-27,44.51,44.77,44.30,44.63,809800,44.63
2012-04-26,44.28,44.52,43.90,44.28,1074100,44.28
2012-04-25,45.25,45.25,43.89,44.17,1370400,44.17
2012-04-24,44.38,45.05,44.38,44.88,654600,44.88
2012-04-23,44.30,44.51,43.94,44.43,621400,44.43
2012-04-20,44.44,44.98,44.32,44.67,596200,44.67
2012-04-19,43.92,44.25,43.58,43.91,643400,43.91
2012-04-18,44.19,44.41,44.00,44.06,434900,44.06
2012-04-17,44.62,44.70,44.12,44.41,557400,44.41
2012-04-16,44.18,44.75,43.96,44.20,766800,44.20
2012-04-13,44.17,44.25,43.86,43.90,422800,43.90
2012-04-12,44.02,44.39,43.81,44.31,330200,44.31
2012-04-11,43.78,43.93,43.36,43.93,356600,43.93
2012-04-10,44.35,44.51,43.29,43.41,536600,43.41
2012-04-09,44.26,44.64,44.21,44.37,419600,44.37
2012-04-05,44.52,44.90,44.47,44.89,316100,44.89
2012-04-04,45.29,45.45,44.73,44.74,852800,44.74
2012-04-03,45.23,45.75,45.16,45.72,832500,45.72
2012-04-02,44.64,45.19,44.44,45.17,812100,45.17
2012-03-30,44.58,44.88,44.54,44.72,1174900,44.72
2012-03-29,43.87,44.65,43.68,44.51,624000,44.51
2012-03-28,44.03,44.19,43.57,44.05,470300,44.05
2012-03-27,44.29,44.53,44.12,44.17,630100,44.17
2012-03-26,43.80,44.20,43.52,44.20,676400,44.20
2012-03-23,43.28,43.58,43.16,43.35,546600,43.35
2012-03-22,43.45,43.57,43.06,43.33,512800,43.33
2012-03-21,44.18,44.25,43.81,43.82,634100,43.82
2012-03-20,43.78,44.23,43.57,44.15,800600,44.15
2012-03-19,43.62,44.16,43.43,43.94,617300,43.94
2012-03-16,43.50,43.78,43.37,43.76,855700,43.76
2012-03-15,43.70,43.72,43.29,43.51,408000,43.51
2012-03-14,43.80,43.98,43.41,43.61,538000,43.61
2012-03-13,43.00,44.00,43.00,43.92,854000,43.92
2012-03-12,42.63,42.84,42.47,42.83,618600,42.83
2012-03-09,42.46,42.77,42.20,42.67,641800,42.67
2012-03-08,42.14,42.39,42.01,42.35,881500,42.35
2012-03-07,41.85,42.11,41.45,42.01,1529500,42.01
2012-03-06,41.41,41.80,41.35,41.66,925100,41.66
2012-03-05,41.05,41.83,40.94,41.81,504900,41.81
2012-03-02,41.27,41.50,41.00,41.13,699500,41.13
2012-03-01,41.23,41.47,41.07,41.40,836500,41.40
2012-02-29,41.07,41.25,40.98,41.15,1074600,41.15
2012-02-28,41.13,41.34,40.82,40.97,813500,40.97
2012-02-27,41.08,41.40,40.85,41.13,1086400,41.13
2012-02-24,40.56,41.26,40.52,41.20,678300,41.20
2012-02-23,40.34,40.92,40.23,40.86,803200,40.86
2012-02-22,40.33,40.65,40.10,40.29,618100,40.29
2012-02-21,41.55,41.55,40.22,40.32,1334900,40.32
2012-02-17,41.39,41.75,41.06,41.41,1510100,41.41
2012-02-16,42.37,42.37,41.59,41.81,1306300,41.81
2012-02-15,43.08,43.35,41.57,41.74,1002200,41.74
2012-02-14,42.91,43.05,42.76,42.85,526600,42.85
2012-02-13,43.13,43.26,42.82,43.01,473200,43.01
2012-02-10,43.05,43.49,42.69,42.74,725800,42.74
2012-02-09,44.07,44.07,43.26,43.47,508600,43.47
2012-02-08,43.98,44.22,43.73,44.09,462300,43.75
2012-02-07,43.60,44.18,43.58,44.03,449800,43.69
2012-02-06,43.68,43.92,43.48,43.68,300600,43.35
2012-02-03,43.67,43.88,43.39,43.81,529600,43.47
2012-02-02,42.92,43.36,42.92,43.33,503400,43.00
2012-02-01,42.94,43.22,42.80,43.20,784100,42.87
2012-01-31,42.82,43.01,42.62,42.80,658000,42.47
2012-01-30,42.52,42.82,42.37,42.68,550700,42.35
2012-01-27,42.45,42.95,42.30,42.85,588700,42.52
2012-01-26,42.06,42.68,42.06,42.42,583100,42.09
2012-01-25,41.33,42.20,41.22,41.90,992500,41.58
2012-01-24,41.54,41.97,41.23,41.29,690800,40.97
2012-01-23,41.52,42.02,41.15,41.69,575800,41.37
2012-01-20,41.33,41.62,41.09,41.48,848200,41.16
2012-01-19,41.12,41.59,40.70,41.38,813000,41.06
2012-01-18,41.00,41.19,40.87,40.93,906000,40.62
2012-01-17,41.08,41.27,40.91,41.00,808800,40.69
2012-01-13,41.01,41.37,40.91,41.01,771500,40.70
2012-01-12,41.76,41.76,41.11,41.34,768600,41.02
2012-01-11,41.88,42.13,41.79,42.01,691500,41.69
2012-01-10,41.72,42.20,41.67,42.00,436300,41.68
2012-01-09,41.61,41.76,41.28,41.44,449600,41.12
2012-01-06,41.84,42.00,41.36,41.62,380000,41.30
2012-01-05,41.40,42.14,41.33,41.79,801000,41.47
2012-01-04,41.90,41.90,41.50,41.50,796400,41.18
2012-01-03,42.67,43.32,41.78,41.93,696700,41.61
2011-12-30,42.01,42.50,41.94,41.96,281700,41.64
2011-12-29,41.74,42.44,41.74,42.15,368900,41.83
2011-12-28,42.30,42.30,41.66,41.74,499300,41.42
2011-12-27,41.72,42.63,41.48,42.39,460700,42.07
2011-12-23,41.41,41.81,41.26,41.80,364700,41.48
2011-12-22,41.15,41.58,41.09,41.35,597900,41.03
2011-12-21,40.91,41.24,40.62,41.00,520900,40.69
2011-12-20,40.51,41.09,40.45,40.96,757000,40.65
2011-12-19,40.74,40.84,39.93,39.97,642000,39.66
2011-12-16,39.99,40.63,39.99,40.52,1450500,40.21
2011-12-15,39.68,39.94,39.21,39.86,737400,39.55
2011-12-14,38.41,39.56,38.28,39.28,1036200,38.98
2011-12-13,39.15,39.60,38.43,38.61,543600,38.31
2011-12-12,39.38,39.38,38.54,38.92,527000,38.62
2011-12-09,39.11,40.07,38.91,39.79,481800,39.48
2011-12-08,39.69,39.77,38.95,39.04,413900,38.74
2011-12-07,39.25,39.98,38.79,39.94,471600,39.63
2011-12-06,39.74,39.80,39.17,39.45,572000,39.15
2011-12-05,39.86,40.12,39.37,39.67,495100,39.37
2011-12-02,39.40,39.93,39.23,39.38,528000,39.08
2011-12-01,39.50,39.50,38.84,39.04,543800,38.74
2011-11-30,38.74,39.37,38.35,39.34,935600,39.04
2011-11-29,38.05,38.22,37.56,37.74,412700,37.45
2011-11-28,38.32,38.32,37.60,37.99,662900,37.70
2011-11-25,36.92,37.89,36.78,37.22,216800,36.93
2011-11-23,37.69,37.81,36.92,37.14,725900,36.86
2011-11-22,38.17,38.72,37.85,37.89,734600,37.60
2011-11-21,38.53,38.68,37.67,38.33,582600,38.04
2011-11-18,38.99,39.28,38.76,39.13,1446700,38.83
2011-11-17,39.08,39.30,38.64,38.93,999100,38.63
2011-11-16,41.29,41.29,38.74,39.22,782000,38.92
2011-11-15,38.20,39.28,38.19,39.08,614400,38.78
2011-11-14,38.44,38.79,38.03,38.37,671000,38.08
2011-11-11,38.09,38.73,37.75,38.65,573500,38.35
2011-11-10,38.36,38.38,37.38,37.65,570400,37.36
2011-11-09,39.44,39.68,38.18,38.31,855000,37.68
2011-11-08,39.94,40.26,39.00,40.19,540400,39.53
2011-11-07,39.54,40.01,39.12,39.75,428200,39.10
2011-11-04,39.30,39.63,38.75,39.49,390400,38.84
2011-11-03,39.64,39.79,38.67,39.60,686200,38.95
2011-11-02,38.45,39.50,38.34,39.48,1011600,38.83
2011-11-01,38.03,38.91,37.71,37.89,1008400,37.27
2011-10-31,38.62,39.40,38.28,38.93,777600,38.29
2011-10-28,39.36,39.57,38.76,39.18,1118200,38.54
2011-10-27,39.48,39.78,38.35,39.35,1532700,38.70
2011-10-26,39.74,39.81,38.00,38.50,1623000,37.87
2011-10-25,39.68,40.00,38.99,39.23,819200,38.59
2011-10-24,39.32,39.91,38.98,39.88,1814500,39.23
2011-10-21,39.18,39.39,38.53,39.21,881900,38.57
2011-10-20,38.46,38.77,37.87,38.67,685900,38.03
2011-10-19,38.88,39.15,38.18,38.33,1213400,37.70
2011-10-18,38.19,39.20,37.80,39.01,955300,38.37
2011-10-17,38.72,38.85,37.98,38.08,801200,37.45
2011-10-14,38.94,39.13,38.56,39.02,1108300,38.38
2011-10-13,38.35,38.80,37.98,38.41,917400,37.78
2011-10-12,38.74,39.39,38.55,38.71,711000,38.07
2011-10-11,38.57,38.74,37.90,38.39,803400,37.76
2011-10-10,37.39,38.86,37.16,38.82,1222600,38.18
2011-10-07,37.62,37.74,36.54,36.68,865300,36.08
2011-10-06,36.40,37.46,36.11,37.37,821400,36.76
2011-10-05,37.67,37.67,35.38,36.43,1552000,35.83
2011-10-04,35.96,37.84,35.28,37.70,1600000,37.08
2011-10-03,37.14,37.98,36.09,36.15,1137700,35.56
2011-09-30,37.69,38.18,37.18,37.21,733600,36.60
2011-09-29,38.02,38.10,37.20,38.03,821100,37.41
2011-09-28,38.28,38.64,37.19,37.26,770600,36.65
2011-09-27,38.35,38.58,37.77,38.17,878700,37.54
2011-09-26,37.38,37.55,36.49,37.47,731700,36.85
2011-09-23,36.43,37.24,36.22,37.18,625100,36.57
2011-09-22,36.30,37.24,36.05,36.56,1041500,35.96
2011-09-21,39.09,39.14,37.20,37.25,821800,36.64
2011-09-20,39.45,39.65,38.94,38.96,1115200,38.32
2011-09-19,39.40,39.77,38.70,39.24,1266800,38.60
2011-09-16,39.44,39.88,38.83,39.85,10106800,39.20
2011-09-15,41.09,41.09,38.48,39.40,4778700,38.75
2011-09-14,39.16,39.20,38.49,39.03,1031700,38.39
2011-09-13,38.75,38.98,38.35,38.94,857900,38.30
2011-09-12,37.86,38.75,37.72,38.70,706200,38.06
2011-09-09,38.75,39.26,38.04,38.39,1230500,37.76
2011-09-08,39.03,39.80,38.71,39.49,815000,38.84
2011-09-07,38.73,39.17,37.91,39.14,507700,38.50
2011-09-06,36.90,38.15,36.70,38.12,512900,37.49
2011-09-02,37.73,38.64,37.69,37.82,820000,37.20
2011-09-01,39.17,39.17,38.32,38.49,710600,37.86
2011-08-31,38.92,39.07,38.32,39.01,1259000,38.37
2011-08-30,38.46,38.88,37.93,38.64,1002500,38.01
2011-08-29,38.50,38.61,38.22,38.53,978300,37.90
2011-08-26,36.86,38.15,36.65,38.12,841900,37.49
2011-08-25,37.78,37.99,37.10,37.16,1810100,36.55
2011-08-24,36.26,37.59,36.17,37.50,1261200,36.88
2011-08-23,35.49,36.26,35.04,36.25,707900,35.65
2011-08-22,35.90,36.00,34.52,35.34,962300,34.76
2011-08-19,35.11,36.10,35.03,35.16,663900,34.58
2011-08-18,36.20,36.75,35.34,35.71,766100,35.12
2011-08-17,37.43,37.60,37.04,37.29,763200,36.68
2011-08-16,36.84,37.51,36.42,37.12,823600,36.51
2011-08-15,36.74,37.24,36.26,37.23,877200,36.62
2011-08-12,37.36,37.72,36.03,36.28,947000,35.68
2011-08-11,34.97,37.67,34.90,36.97,933300,36.36
2011-08-10,34.53,37.06,34.12,35.08,1435800,34.17
2011-08-09,33.18,35.65,32.70,35.59,1878000,34.67
2011-08-08,33.69,34.71,32.57,32.65,1423500,31.80
2011-08-05,35.21,35.28,33.71,34.43,1117700,33.54
2011-08-04,35.76,36.31,34.91,34.93,1152100,34.03
2011-08-03,36.54,36.59,35.05,36.13,1340500,35.19
2011-08-02,36.87,37.33,36.38,36.54,1310400,35.59
2011-08-01,37.63,37.85,36.83,36.98,638500,36.02
2011-07-29,36.67,37.24,36.54,37.22,377700,36.26
2011-07-28,36.74,37.48,36.18,37.07,642100,36.11
2011-07-27,37.18,37.63,36.73,36.85,578400,35.90
2011-07-26,37.51,37.85,37.32,37.50,354800,36.53
2011-07-25,37.56,37.92,37.45,37.59,344600,36.62
2011-07-22,37.78,37.95,37.57,37.93,407200,36.95
2011-07-21,37.88,38.15,37.70,37.73,475700,36.75
2011-07-20,37.25,37.71,37.09,37.68,283400,36.70
2011-07-19,36.60,37.20,36.53,37.13,296800,36.17
2011-07-18,36.46,36.50,35.90,36.30,309000,35.36
2011-07-15,36.14,36.63,35.91,36.61,352000,35.66
2011-07-14,36.45,36.47,35.96,36.09,286400,35.16
2011-07-13,37.14,37.16,36.24,36.30,537100,35.36
2011-07-12,36.62,37.46,36.62,36.95,251000,35.99
2011-07-11,36.87,37.03,36.66,36.77,301200,35.82
2011-07-08,36.81,37.33,36.46,37.27,349500,36.30
2011-07-07,37.04,37.37,36.94,37.14,562700,36.18
2011-07-06,36.28,36.84,36.15,36.77,316100,35.82
2011-07-05,36.04,36.39,35.81,36.33,407900,35.39
2011-07-01,35.59,36.14,35.54,36.05,646600,35.12
2011-06-30,35.58,35.93,35.43,35.52,630500,34.60
2011-06-29,35.30,35.54,34.95,35.52,458500,34.60
2011-06-28,34.95,35.17,34.68,35.16,385900,34.25
2011-06-27,34.60,35.01,34.60,34.87,364300,33.97
2011-06-24,34.64,34.98,34.39,34.61,1028700,33.71
2011-06-23,34.81,34.88,34.12,34.61,464000,33.71
2011-06-22,35.09,35.49,34.94,35.18,319000,34.27
2011-06-21,34.95,35.23,34.65,35.19,443500,34.28
2011-06-20,34.14,34.97,34.14,34.70,520200,33.80
2011-06-17,34.28,34.48,34.00,34.16,884200,33.28
2011-06-16,34.11,34.71,33.78,34.09,544200,33.21
2011-06-15,34.37,34.50,33.82,34.10,431700,33.22
2011-06-14,34.39,34.81,34.30,34.65,307600,33.75
2011-06-13,34.25,34.65,34.00,34.11,333400,33.23
2011-06-10,34.55,34.61,33.78,34.20,717900,33.31
2011-06-09,34.83,34.92,34.46,34.70,423900,33.80
2011-06-08,34.60,35.06,34.44,34.77,332800,33.87
2011-06-07,34.50,35.04,34.34,34.65,390100,33.75
2011-06-06,34.47,34.68,34.27,34.30,362800,33.41
2011-06-03,34.06,34.73,33.95,34.48,283400,33.59
2011-06-02,34.57,34.78,34.45,34.47,510000,33.58
2011-06-01,35.17,35.37,34.39,34.48,534200,33.59
2011-05-31,34.98,35.53,34.73,35.34,921300,34.42
2011-05-27,34.70,34.75,34.37,34.68,223400,33.78
2011-05-26,34.08,34.66,33.97,34.63,481700,33.73
2011-05-25,33.94,34.32,33.74,34.19,565400,33.30
2011-05-24,34.23,34.91,33.89,34.06,456500,33.18
2011-05-23,33.90,34.27,33.72,33.99,455400,33.11
2011-05-20,34.53,34.64,34.25,34.33,461000,33.44
2011-05-19,34.73,34.88,34.44,34.70,570700,33.80
2011-05-18,34.24,34.85,33.99,34.57,682400,33.67
2011-05-17,33.84,34.28,33.83,34.08,460800,33.20
2011-05-16,34.01,34.30,33.70,34.00,387100,33.12
2011-05-13,34.48,34.55,33.84,34.06,453600,33.18
2011-05-12,34.51,34.86,34.33,34.79,614000,33.56
2011-05-11,35.75,35.75,34.59,34.63,632800,33.41
2011-05-10,34.87,35.14,34.77,35.13,451600,33.89
2011-05-09,34.56,34.89,34.39,34.71,225000,33.48
2011-05-06,35.25,35.29,34.54,34.61,395800,33.39
2011-05-05,34.43,35.26,34.26,35.02,521600,33.78
2011-05-04,34.86,35.02,34.24,34.60,376600,33.38
2011-05-03,35.02,35.31,34.46,34.81,431100,33.58
2011-05-02,35.32,35.47,34.73,35.01,416400,33.77
2011-04-29,35.34,35.34,34.57,35.15,316000,33.91
2011-04-28,34.50,35.69,34.50,35.16,613400,33.92
2011-04-27,35.00,35.93,34.43,34.54,427000,33.32
2011-04-26,34.20,34.63,34.01,34.41,312200,33.19
2011-04-25,33.90,34.17,33.65,34.08,224500,32.87
2011-04-21,34.00,34.02,33.55,33.93,348200,32.73
2011-04-20,33.63,33.91,33.30,33.84,375400,32.64
2011-04-19,32.92,33.41,32.76,33.29,312200,32.11
2011-04-18,32.70,32.96,32.57,32.88,421600,31.72
2011-04-15,32.54,33.10,32.26,32.99,523200,31.82
2011-04-14,32.12,32.72,32.09,32.66,424500,31.51
2011-04-13,32.67,32.81,32.27,32.30,368300,31.16
2011-04-12,32.42,32.89,32.36,32.60,737700,31.45
2011-04-11,32.40,32.89,32.39,32.63,527600,31.48
2011-04-08,32.44,32.50,32.25,32.36,569200,31.22
2011-04-07,32.81,32.81,32.26,32.35,363900,31.21
2011-04-06,33.07,33.07,32.62,32.79,470700,31.63
2011-04-05,32.95,33.00,32.76,32.89,331400,31.73
2011-04-04,33.01,33.40,32.94,32.94,513100,31.78
2011-04-01,33.10,33.24,32.68,32.95,706000,31.78
2011-03-31,32.52,33.07,32.49,33.00,504400,31.83
2011-03-30,32.21,32.66,32.09,32.55,663200,31.40
2011-03-29,32.25,32.35,31.93,32.12,346100,30.98
2011-03-28,32.53,32.57,32.23,32.25,506800,31.11
2011-03-25,31.99,32.54,31.93,32.41,574800,31.26
2011-03-24,31.47,31.53,31.21,31.51,714300,30.40
2011-03-23,31.60,31.64,31.11,31.36,545300,30.25
2011-03-22,32.00,32.03,31.68,31.70,258700,30.58
2011-03-21,31.88,32.07,31.63,31.99,323900,30.86
2011-03-18,31.40,31.65,31.35,31.60,394000,30.48
2011-03-17,31.14,31.29,30.93,31.18,474800,30.08
2011-03-16,31.24,31.32,30.75,30.79,561100,29.70
2011-03-15,30.83,31.64,30.83,31.32,489800,30.21
2011-03-14,31.38,31.66,31.18,31.44,358600,30.33
2011-03-11,31.60,31.74,31.36,31.58,504300,30.46
2011-03-10,31.96,32.08,31.51,31.53,623500,30.42
2011-03-09,32.40,32.57,31.97,32.20,537700,31.06
2011-03-08,32.07,32.53,32.07,32.33,643600,31.19
2011-03-07,32.42,32.49,31.95,32.04,488200,30.91
2011-03-04,32.50,32.55,32.29,32.42,443800,31.27
2011-03-03,32.50,32.56,32.31,32.56,412200,31.41
2011-03-02,32.60,32.80,31.94,32.20,545600,31.06
2011-03-01,33.44,33.47,32.58,32.62,487500,31.47
2011-02-28,32.95,33.84,32.72,33.42,827900,32.24
2011-02-25,32.31,32.78,32.26,32.75,554800,31.59
2011-02-24,32.07,32.50,32.00,32.12,440700,30.98
2011-02-23,32.30,32.59,32.06,32.08,433400,30.95
2011-02-22,32.33,32.75,32.27,32.38,409700,31.23
2011-02-18,32.76,32.94,32.24,32.54,678500,31.39
2011-02-17,32.82,32.98,32.66,32.80,450200,31.64
2011-02-16,33.05,33.80,32.80,32.98,607900,31.81
2011-02-15,32.49,32.50,32.25,32.38,182500,31.23
2011-02-14,32.44,32.56,32.31,32.55,287900,31.40
2011-02-11,32.15,32.50,31.89,32.48,437100,31.33
2011-02-10,32.21,32.36,31.97,32.15,221100,31.01
2011-02-09,32.50,32.75,32.30,32.52,166500,31.04
2011-02-08,32.42,32.76,32.21,32.65,285700,31.17
2011-02-07,32.05,32.55,32.05,32.50,210400,31.02
2011-02-04,32.21,32.21,31.90,32.03,401200,30.58
2011-02-03,32.56,32.61,32.08,32.15,552300,30.69
2011-02-02,32.59,32.73,32.40,32.62,312500,31.14
2011-02-01,32.53,32.82,32.18,32.74,385900,31.25
2011-01-31,32.00,32.50,31.93,32.34,371000,30.87
2011-01-28,32.29,32.29,31.71,31.78,538500,30.34
2011-01-27,31.98,32.35,31.89,32.18,299200,30.72
2011-01-26,31.66,31.98,31.36,31.89,410900,30.44
2011-01-25,31.00,31.60,30.80,31.55,492900,30.12
2011-01-24,30.85,31.34,30.85,31.07,576700,29.66
2011-01-21,30.90,31.02,30.60,30.84,260100,29.44
2011-01-20,30.88,31.18,30.77,30.78,247400,29.38
2011-01-19,31.52,31.59,30.82,30.94,532400,29.54
2011-01-18,31.45,31.66,31.21,31.59,300300,30.16
2011-01-14,31.30,31.56,31.25,31.53,298200,30.10
2011-01-13,31.28,31.39,31.05,31.35,426300,29.93
2011-01-12,31.34,31.45,30.95,31.24,435600,29.82
2011-01-11,31.31,31.51,30.94,31.12,398000,29.71
2011-01-10,31.31,31.46,30.94,31.17,477600,29.76
2011-01-07,31.43,31.73,31.09,31.39,465300,29.97
2011-01-06,31.68,31.70,31.20,31.43,504700,30.00
2011-01-05,31.79,32.23,31.54,31.85,734000,30.40
2011-01-04,32.46,32.84,31.77,31.92,661400,30.47
2011-01-03,31.94,32.38,31.91,32.36,423400,30.89
2010-12-31,31.78,32.17,31.73,31.76,266600,30.32
2010-12-30,31.76,31.97,31.60,31.77,404800,30.33
2010-12-29,31.68,31.95,31.54,31.75,264000,30.31
2010-12-28,31.48,31.59,31.09,31.57,507600,30.14
2010-12-27,31.15,31.64,31.00,31.35,445300,29.93
2010-12-23,31.12,31.34,31.10,31.22,261300,29.80
2010-12-22,31.03,31.41,31.03,31.10,457300,29.69
2010-12-21,30.67,31.11,30.60,31.05,337000,29.64
2010-12-20,30.36,30.77,30.36,30.57,391300,29.18
2010-12-17,30.19,30.43,30.06,30.27,1057000,28.90
2010-12-16,30.29,30.47,30.03,30.09,688500,28.72
2010-12-15,30.44,30.76,30.09,30.10,498900,28.73
2010-12-14,30.60,30.93,30.30,30.44,329100,29.06
2010-12-13,30.80,30.85,30.54,30.55,348300,29.16
2010-12-10,30.32,30.93,30.32,30.69,426300,29.30
2010-12-09,31.03,31.23,30.18,30.29,789200,28.92
2010-12-08,31.29,31.34,30.66,30.87,387700,29.47
2010-12-07,31.37,31.55,31.10,31.24,801200,29.82
2010-12-06,31.25,31.25,30.82,31.12,585600,29.71
2010-12-03,31.10,31.31,30.84,31.28,834500,29.86
2010-12-02,31.57,31.65,31.40,31.49,892000,30.06
2010-12-01,31.83,31.87,31.27,31.49,929800,30.06
2010-11-30,31.51,31.73,31.25,31.44,823300,30.01
2010-11-29,31.96,32.13,31.37,31.90,402600,30.45
2010-11-26,31.72,32.22,31.60,32.12,217600,30.66
2010-11-24,31.60,31.96,31.58,31.90,448800,30.45
2010-11-23,31.46,31.70,31.21,31.34,530300,29.92
2010-11-22,31.69,31.83,31.44,31.78,285800,30.34
2010-11-19,31.71,31.84,31.23,31.79,434100,30.35
2010-11-18,31.65,31.72,31.44,31.65,455400,30.21
2010-11-17,31.01,31.36,30.80,31.29,353000,29.87
2010-11-16,31.73,31.84,30.76,30.99,514800,29.58
2010-11-15,32.31,32.55,31.92,31.94,504500,30.49
2010-11-12,32.32,32.88,32.13,32.16,691600,30.70
2010-11-11,32.65,32.90,32.47,32.67,284900,30.86
2010-11-10,32.54,32.91,32.32,32.86,387700,31.04
2010-11-09,33.32,33.36,32.09,32.44,705000,30.65
2010-11-08,33.24,33.26,32.66,33.17,286300,31.34
2010-11-05,32.97,33.63,32.84,33.39,603200,31.54
2010-11-04,32.28,32.98,32.20,32.92,760300,31.10
2010-11-03,31.75,32.22,31.65,31.98,556600,30.21
2010-11-02,31.90,32.10,31.26,31.71,1193100,29.96
2010-11-01,31.83,32.08,31.59,32.06,649300,30.29
2010-10-29,31.56,31.89,31.48,31.63,589600,29.88
2010-10-28,32.05,32.17,31.18,31.62,503000,29.87
2010-10-27,32.10,32.67,31.62,31.89,803600,30.13
2010-10-26,32.43,32.43,32.00,32.10,615200,30.33
2010-10-25,32.64,32.94,32.50,32.66,512000,30.86
2010-10-22,32.64,32.81,32.31,32.37,449800,30.58
2010-10-21,32.77,32.91,32.36,32.55,588500,30.75
2010-10-20,32.39,33.04,32.38,32.58,736600,30.78
2010-10-19,32.10,32.78,32.10,32.24,598900,30.46
2010-10-18,31.81,32.67,31.81,32.49,623400,30.69
2010-10-15,31.78,32.11,31.67,31.72,453300,29.97
2010-10-14,31.85,31.85,31.30,31.61,423800,29.86
2010-10-13,31.63,32.14,31.50,31.82,350900,30.06
2010-10-12,31.49,31.60,31.17,31.49,360000,29.75
2010-10-11,31.53,31.85,31.49,31.59,265800,29.84
2010-10-08,31.48,31.68,31.23,31.55,415100,29.81
2010-10-07,31.47,31.68,31.32,31.40,335700,29.66
2010-10-06,31.28,31.41,31.07,31.27,562300,29.54
2010-10-05,31.20,31.48,30.82,31.41,779800,29.67
2010-10-04,30.66,30.95,30.43,30.87,848400,29.16
2010-10-01,30.81,30.85,30.19,30.65,763100,28.96
2010-09-30,30.41,30.74,30.20,30.44,688600,28.76
2010-09-29,30.14,30.24,29.89,30.17,660500,28.50
2010-09-28,30.27,30.31,29.68,30.27,486200,28.60
2010-09-27,30.62,30.65,29.95,30.19,415200,28.52
2010-09-24,29.87,30.63,29.86,30.60,609400,28.91
2010-09-23,29.98,30.00,29.34,29.47,902400,27.84
2010-09-22,30.49,30.85,30.24,30.26,545300,28.59
2010-09-21,31.01,31.11,30.57,30.62,720300,28.93
2010-09-20,30.75,31.34,30.68,31.01,882000,29.30
2010-09-17,30.50,30.74,30.07,30.70,1403100,29.00
2010-09-16,30.80,30.96,30.26,30.33,830100,28.65
2010-09-15,30.80,31.02,30.49,30.85,663300,29.15
2010-09-14,30.73,31.10,30.49,30.84,810000,29.14
2010-09-13,30.80,30.99,30.50,30.80,797800,29.10
2010-09-10,30.48,30.66,30.16,30.45,872900,28.77
2010-09-09,31.02,31.11,30.22,30.45,855200,28.77
2010-09-08,30.89,30.97,30.65,30.75,661200,29.05
2010-09-07,30.94,30.96,30.69,30.71,611400,29.01
2010-09-03,30.96,31.23,30.71,30.96,992600,29.25
2010-09-02,30.72,30.89,30.30,30.68,901500,28.98
2010-09-01,30.20,30.73,29.92,30.59,1395500,28.90
2010-08-31,29.88,30.00,29.55,29.81,2412300,28.16
2010-08-30,29.90,30.45,29.83,29.99,1254700,28.33
2010-08-27,29.34,30.07,28.76,30.02,1397000,28.36
2010-08-26,29.07,29.37,28.84,29.13,865100,27.52
2010-08-25,28.22,29.05,28.08,28.91,608300,27.31
2010-08-24,27.84,28.56,27.81,28.38,1203300,26.81
2010-08-23,28.21,28.45,28.04,28.23,592500,26.67
2010-08-20,28.04,28.18,27.87,28.10,469500,26.55
2010-08-19,28.48,28.48,28.00,28.11,714100,26.56
2010-08-18,28.70,28.70,28.27,28.53,1144200,26.95
2010-08-17,27.70,29.00,27.62,28.82,6462900,27.23
2010-08-16,27.85,27.90,27.31,27.45,1363500,25.93
2010-08-13,28.56,29.10,28.52,28.53,401800,26.95
2010-08-12,28.47,28.67,28.11,28.54,452300,26.96
2010-08-11,28.99,29.18,28.59,29.02,602100,27.10
2010-08-10,29.36,29.79,29.11,29.49,423800,27.54
2010-08-09,29.50,29.71,29.13,29.69,401400,27.72
2010-08-06,28.73,29.39,28.60,29.31,572600,27.37
2010-08-05,29.34,29.53,28.74,29.02,670000,27.10
2010-08-04,30.04,30.22,29.55,29.58,525000,27.62
2010-08-03,29.61,30.08,29.31,29.96,591000,27.97
2010-08-02,29.49,29.80,29.07,29.70,684100,27.73
2010-07-30,28.33,29.04,28.25,28.95,454900,27.03
2010-07-29,29.41,29.57,28.45,28.66,496300,26.76
2010-07-28,28.90,29.62,28.85,29.15,756900,27.22
2010-07-27,29.28,29.50,28.72,28.94,805600,27.02
2010-07-26,28.24,29.10,27.88,29.00,522900,27.08
2010-07-23,27.48,28.12,27.14,28.10,759000,26.24
2010-07-22,27.01,27.80,26.90,27.65,858300,25.82
2010-07-21,27.56,27.63,26.58,26.68,419500,24.91
2010-07-20,26.49,27.42,26.24,27.37,584100,25.56
2010-07-19,26.83,26.87,26.17,26.84,673900,25.06
2010-07-16,27.40,27.46,26.54,26.71,689700,24.94
2010-07-15,27.45,27.76,26.81,27.65,503400,25.82
2010-07-14,27.61,27.70,27.13,27.46,361000,25.64
2010-07-13,27.76,27.95,27.57,27.80,539000,25.96
2010-07-12,27.48,27.74,27.21,27.60,580800,25.77
2010-07-09,27.33,27.78,27.18,27.59,645600,25.76
2010-07-08,27.77,28.06,27.11,27.44,787300,25.62
2010-07-07,26.34,27.51,26.34,27.39,785800,25.57
2010-07-06,27.23,27.49,25.92,26.19,656700,24.45
2010-07-02,27.37,27.38,26.57,26.79,601200,25.01
2010-07-01,27.26,27.43,26.39,27.27,868900,25.46
2010-06-30,27.50,27.92,27.17,27.29,1077800,25.48
2010-06-29,27.46,27.85,27.18,27.41,875300,25.59
2010-06-28,28.14,28.21,27.73,27.86,561500,26.01
2010-06-25,27.50,28.34,27.35,28.03,912400,26.17
2010-06-24,27.72,27.95,27.18,27.46,543900,25.64
2010-06-23,27.84,28.09,27.35,27.86,660800,26.01
2010-06-22,28.52,28.68,27.86,27.95,710100,26.10
2010-06-21,28.99,29.06,28.31,28.43,555700,26.55
2010-06-18,28.70,28.82,28.20,28.57,1062700,26.68
2010-06-17,28.61,28.91,28.42,28.67,490300,26.77
2010-06-16,28.67,28.80,28.33,28.50,447400,26.61
2010-06-15,28.36,28.88,28.27,28.84,507200,26.93
2010-06-14,27.90,28.45,27.64,28.32,879400,26.44
2010-06-11,27.35,27.68,27.00,27.66,633500,25.83
2010-06-10,27.40,27.69,26.96,27.62,840200,25.79
2010-06-09,27.03,27.98,26.74,26.90,1022700,25.12
2010-06-08,26.20,26.79,25.91,26.74,1327900,24.97
2010-06-07,25.49,26.42,25.20,25.90,1219900,24.18
2010-06-04,25.90,26.21,25.26,25.44,1140900,23.75
2010-06-03,26.18,26.73,25.92,26.61,601300,24.85
2010-06-02,25.95,26.12,25.40,26.12,623700,24.39
2010-06-01,26.54,26.54,25.63,25.68,676100,23.98
2010-05-28,27.33,27.50,26.57,26.77,636600,25.00
2010-05-27,26.70,27.38,26.33,27.33,1011000,25.52
2010-05-26,25.96,26.66,25.86,26.02,1115400,24.30
2010-05-25,24.83,25.86,24.51,25.82,942500,24.11
2010-05-24,25.94,26.25,25.47,25.54,809200,23.85
2010-05-21,24.28,26.08,23.62,26.03,1812200,24.31
2010-05-20,25.51,25.69,24.61,24.62,1102000,22.99
2010-05-19,25.93,26.37,25.59,25.99,1062100,24.27
2010-05-18,26.06,26.62,25.89,26.02,1418000,24.30
2010-05-17,26.05,26.49,25.36,25.76,1102000,24.05
2010-05-14,26.28,26.58,25.60,25.84,804800,24.13
2010-05-13,27.34,27.49,26.86,26.95,951300,24.85
2010-05-12,27.22,27.55,27.15,27.49,1046200,25.35
2010-05-11,27.36,27.87,27.09,27.21,1176500,25.09
2010-05-10,27.46,27.72,27.25,27.65,813600,25.49
2010-05-07,26.85,27.32,25.84,26.26,832400,24.21
2010-05-06,27.63,28.02,25.05,26.77,1340700,24.68
2010-05-05,27.75,28.29,27.33,27.91,1234100,25.73
2010-05-04,28.77,28.99,27.98,28.30,853800,26.09
2010-05-03,28.32,29.27,28.32,29.00,1304300,26.74
2010-04-30,29.09,29.39,28.11,28.17,899700,25.97
2010-04-29,28.98,29.15,28.70,29.10,1634100,26.83
2010-04-28,30.23,30.56,28.63,28.80,928100,26.55
2010-04-27,29.88,30.40,29.47,29.51,1012800,27.21
2010-04-26,29.44,30.29,29.27,30.12,842500,27.77
2010-04-23,29.29,29.69,29.13,29.39,766100,27.10
2010-04-22,28.74,29.46,28.66,29.36,556200,27.07
2010-04-21,28.68,29.18,28.52,29.07,923200,26.80
2010-04-20,28.25,28.81,27.99,28.67,1059700,26.43
2010-04-19,28.35,28.71,28.01,28.29,387600,26.08
2010-04-16,28.86,29.15,28.43,28.44,932200,26.22
2010-04-15,29.00,29.36,28.51,28.92,767300,26.66
2010-04-14,29.64,29.64,28.80,28.96,465000,26.70
2010-04-13,28.21,29.47,28.20,29.40,468000,27.11
2010-04-12,28.62,28.65,28.19,28.29,340800,26.08
2010-04-09,28.79,28.95,28.38,28.66,714100,26.43
2010-04-08,28.69,28.85,28.62,28.80,345700,26.55
2010-04-07,29.42,29.61,28.65,28.85,775000,26.60
2010-04-06,27.82,29.50,27.55,29.44,1467300,27.14
2010-04-05,27.58,28.20,27.58,28.05,437700,25.86
2010-04-01,27.76,27.79,27.21,27.51,448600,25.36
2010-03-31,27.88,28.03,27.56,27.66,459600,25.50
2010-03-30,27.56,27.98,27.48,27.93,616000,25.75
2010-03-29,28.09,28.09,27.42,27.57,658000,25.42
2010-03-26,27.43,27.51,26.95,27.18,587100,25.06
2010-03-25,27.61,27.76,27.33,27.44,923700,25.30
2010-03-24,27.63,27.76,27.35,27.47,497500,25.33
2010-03-23,27.92,27.92,27.38,27.69,327500,25.53
2010-03-22,27.47,27.93,27.21,27.86,237700,25.69
2010-03-19,27.64,27.70,27.27,27.54,662700,25.39
2010-03-18,27.52,27.75,27.51,27.62,350100,25.47
2010-03-17,27.60,27.84,27.42,27.64,598300,25.48
2010-03-16,27.55,27.69,27.38,27.55,717700,25.40
2010-03-15,27.55,27.65,27.13,27.40,536900,25.26
2010-03-12,27.41,27.59,27.15,27.50,657900,25.36
2010-03-11,26.80,27.35,26.69,27.35,1746200,25.22
2010-03-10,28.30,28.49,27.93,28.17,412400,25.97
2010-03-09,28.48,28.90,28.24,28.35,452300,26.14
2010-03-08,28.48,28.82,28.12,28.65,237100,26.42
2010-03-05,27.94,28.44,27.75,28.42,364400,26.20
2010-03-04,27.85,27.93,27.59,27.72,392700,25.56
2010-03-03,27.96,28.06,27.63,27.71,274700,25.55
2010-03-02,27.90,28.09,27.82,27.98,275600,25.80
2010-03-01,27.89,28.00,27.51,27.89,378500,25.72
2010-02-26,27.85,28.19,27.58,27.64,552200,25.48
2010-02-25,27.48,27.78,27.06,27.74,384600,25.58
2010-02-24,27.92,28.02,27.56,27.82,457100,25.65
2010-02-23,27.91,28.04,27.64,27.82,429500,25.65
2010-02-22,28.06,28.45,27.70,27.88,507500,25.71
2010-02-19,27.61,27.88,27.45,27.62,336800,25.47
2010-02-18,26.94,27.73,26.89,27.64,547400,25.48
2010-02-17,26.80,27.30,26.73,27.05,496200,24.94
2010-02-16,26.29,26.76,26.09,26.62,663800,24.54
2010-02-12,25.21,26.14,25.10,25.97,655200,23.94
2010-02-11,24.89,25.56,24.67,25.53,715100,23.54
2010-02-10,24.50,25.22,24.20,24.87,630100,22.93
2010-02-09,25.67,25.67,24.70,24.84,703000,22.59
2010-02-08,25.83,25.86,25.26,25.31,627000,23.02
2010-02-05,25.36,25.87,24.97,25.83,462700,23.49
2010-02-04,26.23,26.29,25.32,25.37,828100,23.07
2010-02-03,26.22,26.58,25.91,26.40,501400,24.01
2010-02-02,25.89,26.49,25.62,26.40,338400,24.01
2010-02-01,25.77,26.14,25.68,25.86,490000,23.52
2010-01-29,25.79,26.46,25.45,25.66,740000,23.34
2010-01-28,26.17,26.23,25.23,25.75,660500,23.42
2010-01-27,25.69,26.20,25.47,26.08,728800,23.72
2010-01-26,25.78,26.03,25.59,25.78,477700,23.45
2010-01-25,26.48,26.48,25.61,25.96,566500,23.61
2010-01-22,27.08,27.31,26.20,26.23,521100,23.86
2010-01-21,27.73,27.88,27.01,27.05,447200,24.60
2010-01-20,27.63,27.82,27.37,27.76,516300,25.25
2010-01-19,27.11,27.86,26.98,27.82,567200,25.30
2010-01-15,27.03,27.38,26.91,27.14,708300,24.68
2010-01-14,26.57,27.10,26.35,27.00,428200,24.56
2010-01-13,26.64,26.91,26.48,26.70,350000,24.28
2010-01-12,26.55,27.39,26.37,26.48,363700,24.08
2010-01-11,26.87,27.10,26.70,26.77,291800,24.35
2010-01-08,26.73,26.82,26.36,26.64,253500,24.23
2010-01-07,26.47,26.95,26.30,26.89,476400,24.46
2010-01-06,26.93,27.09,26.15,26.45,1621800,24.06
2010-01-05,27.36,27.44,26.76,26.95,861400,24.51
2010-01-04,28.39,28.77,27.10,27.39,628900,24.91
2009-12-31,28.45,28.77,27.99,28.10,396200,25.56
2009-12-30,28.14,28.45,28.00,28.45,266800,25.87
2009-12-29,28.55,28.76,28.10,28.24,257200,25.68
2009-12-28,28.52,28.86,28.38,28.59,343000,26.00
2009-12-24,28.64,28.71,28.34,28.48,172700,25.90
2009-12-23,28.59,28.74,28.32,28.48,720300,25.90
2009-12-22,28.28,28.58,28.15,28.47,392200,25.89
2009-12-21,28.09,28.18,27.73,28.11,323100,25.57
2009-12-18,27.99,28.09,27.53,27.99,605700,25.46
2009-12-17,27.73,27.88,27.48,27.75,376900,25.24
2009-12-16,27.78,28.08,27.72,27.97,519300,25.44
2009-12-15,27.68,27.78,27.37,27.49,764000,25.00
2009-12-14,27.40,27.89,26.91,27.87,445400,25.35
2009-12-11,26.97,27.40,26.91,27.22,775500,24.76
2009-12-10,26.92,26.99,26.56,26.88,474200,24.45
2009-12-09,26.58,26.99,26.49,26.71,503900,24.29
2009-12-08,26.21,26.86,25.91,26.58,593000,24.17
2009-12-07,27.32,27.32,26.27,26.47,709900,24.07
2009-12-04,27.48,27.88,26.73,27.28,930700,24.81
2009-12-03,27.51,27.77,26.73,26.84,597300,24.41
2009-12-02,27.06,27.46,26.97,27.31,571000,24.84
2009-12-01,27.28,27.48,26.88,27.00,810400,24.56
2009-11-30,26.01,27.03,25.76,26.95,1210000,24.51
2009-11-27,25.85,26.48,25.82,26.02,265000,23.66
2009-11-25,26.94,27.06,26.67,26.72,223000,24.30
2009-11-24,27.42,27.48,26.62,26.71,540000,24.29
2009-11-23,27.77,27.85,27.16,27.42,578500,24.94
2009-11-20,27.29,27.52,27.07,27.31,356900,24.84
2009-11-19,27.44,27.56,27.26,27.42,603500,24.94
2009-11-18,27.23,27.93,27.08,27.86,564700,25.34
2009-11-17,27.60,28.12,27.11,27.14,705100,24.68
2009-11-16,27.27,28.19,27.12,27.88,608000,25.36
2009-11-13,26.45,26.97,26.24,26.92,503100,24.48
2009-11-12,26.82,27.10,26.40,26.49,902700,24.09
2009-11-11,27.11,27.25,26.69,27.15,653500,24.38
2009-11-10,26.78,27.10,26.51,26.74,693300,24.02
2009-11-09,26.47,26.97,26.25,26.88,983500,24.14
2009-11-06,26.39,26.39,25.67,26.11,754200,23.45
2009-11-05,26.55,26.96,26.20,26.63,630200,23.92
2009-11-04,27.20,27.25,26.15,26.22,661000,23.55
2009-11-03,26.51,27.04,26.10,27.01,986600,24.26
2009-11-02,27.27,27.43,26.50,27.28,812700,24.50
2009-10-30,26.64,27.26,26.35,27.02,1141800,24.27
2009-10-29,26.76,27.20,26.47,27.17,677000,24.40
2009-10-28,26.38,27.37,26.38,26.52,1046300,23.82
2009-10-27,26.84,27.35,26.54,26.74,1002800,24.02
2009-10-26,26.51,27.39,26.36,26.71,919300,23.99
2009-10-23,26.86,27.23,26.22,26.45,921200,23.76
2009-10-22,25.98,26.82,25.68,26.76,918600,24.03
2009-10-21,26.37,27.16,25.85,25.90,799000,23.26
2009-10-20,27.41,27.57,26.35,26.37,465800,23.68
2009-10-19,26.83,27.48,26.51,27.31,571300,24.53
2009-10-16,26.82,27.08,26.42,26.67,589600,23.95
2009-10-15,27.18,27.28,26.84,27.04,525000,24.29
2009-10-14,27.13,27.56,26.73,27.49,870800,24.69
2009-10-13,27.37,27.37,26.64,26.77,480200,24.04
2009-10-12,27.31,27.53,27.01,27.34,320300,24.56
2009-10-09,26.46,27.18,26.18,27.13,379300,24.37
2009-10-08,26.56,26.77,26.31,26.46,944500,23.77
2009-10-07,26.26,26.66,25.92,26.23,863400,23.56
2009-10-06,26.66,26.85,26.09,26.46,523800,23.77
2009-10-05,25.97,26.81,25.79,26.54,609300,23.84
2009-10-02,25.74,27.03,25.62,25.99,1093900,23.34
2009-10-01,26.77,26.79,25.68,26.11,990000,23.45
2009-09-30,26.67,27.28,26.35,26.85,961800,24.12
2009-09-29,26.88,27.17,26.00,26.21,743200,23.54
2009-09-28,26.00,27.00,25.86,26.94,605100,24.20
2009-09-25,25.97,26.28,25.54,25.89,623500,23.25
2009-09-24,27.62,27.65,25.83,26.19,1173400,23.52
2009-09-23,28.56,28.70,27.14,27.31,896500,24.53
2009-09-22,27.70,28.83,27.50,28.68,624800,25.76
2009-09-21,27.65,27.84,27.25,27.50,647000,24.70
2009-09-18,28.07,28.33,27.39,27.87,477600,25.03
2009-09-17,27.66,29.09,27.59,27.87,576200,25.03
2009-09-16,26.74,28.10,26.71,27.89,692600,25.05
2009-09-15,25.48,26.65,25.40,26.51,704800,23.81
2009-09-14,24.79,25.49,24.63,25.47,429400,22.88
2009-09-11,25.16,25.47,24.88,24.92,762000,22.38
2009-09-10,25.07,25.34,24.60,25.25,1326600,22.68
2009-09-09,24.74,25.13,24.47,25.07,691700,22.52
2009-09-08,24.43,24.70,24.18,24.70,840900,22.18
2009-09-04,24.18,24.18,23.61,24.08,998900,21.63
2009-09-03,24.26,24.41,23.78,24.18,644300,21.72
2009-09-02,24.66,24.83,24.14,24.18,509300,21.72
2009-09-01,25.94,26.04,24.72,24.78,880200,22.26
2009-08-31,26.75,26.91,25.92,26.01,548800,23.36
2009-08-28,26.77,27.08,26.33,26.96,836300,24.21
2009-08-27,26.25,26.47,25.88,26.45,769000,23.76
2009-08-26,26.05,26.28,25.93,26.21,636200,23.54
2009-08-25,25.71,26.26,25.48,26.05,869000,23.40
2009-08-24,25.59,25.76,25.16,25.43,523000,22.84
2009-08-21,25.37,26.04,25.13,25.44,733200,22.85
2009-08-20,23.83,25.20,23.64,25.18,775500,22.62
2009-08-19,23.90,24.06,23.57,23.83,640800,21.40
2009-08-18,24.28,24.61,24.09,24.26,830000,21.79
2009-08-17,24.47,24.54,24.04,24.19,974700,21.73
2009-08-14,25.17,25.38,24.45,25.29,476400,22.71
2009-08-13,25.16,25.53,24.73,25.18,345400,22.62
2009-08-12,25.26,25.65,25.00,25.14,688900,22.28
2009-08-11,26.03,26.18,25.14,25.19,759900,22.32
2009-08-10,26.25,26.25,25.63,26.11,641200,23.14
2009-08-07,25.60,26.89,25.48,26.36,783800,23.36
2009-08-06,25.50,26.40,25.02,25.37,822400,22.48
2009-08-05,24.57,25.42,24.17,25.39,756100,22.50
2009-08-04,23.19,24.86,23.00,24.52,766900,21.73
2009-08-03,23.40,23.40,22.83,23.31,653000,20.65
2009-07-31,23.19,23.63,22.88,22.93,799100,20.32
2009-07-30,23.00,23.69,22.89,23.30,995600,20.65
2009-07-29,22.76,23.04,22.26,22.79,999700,20.19
2009-07-28,23.40,23.53,23.09,23.34,897300,20.68
2009-07-27,23.82,23.82,23.32,23.49,922400,20.81
2009-07-24,23.19,24.19,23.17,23.75,1054400,21.04
2009-07-23,23.08,24.04,23.00,23.50,1032600,20.82
2009-07-22,23.33,23.88,22.83,23.22,563400,20.57
2009-07-21,23.94,23.94,23.02,23.47,703700,20.80
2009-07-20,23.18,23.81,23.05,23.71,570100,21.01
2009-07-17,23.25,23.32,22.69,22.99,713400,20.37
2009-07-16,22.64,23.42,22.23,23.24,644200,20.59
2009-07-15,21.61,23.06,21.40,22.83,1007200,20.23
2009-07-14,20.90,21.48,20.47,21.34,396300,18.91
2009-07-13,20.15,20.98,19.97,20.90,675000,18.52
2009-07-10,19.93,20.25,19.33,20.09,540200,17.80
2009-07-09,20.70,20.77,19.96,20.00,440400,17.72
2009-07-08,20.94,21.03,20.07,20.60,726400,18.25
2009-07-07,21.70,21.82,20.79,20.86,744200,18.48
2009-07-06,21.44,21.87,21.02,21.80,709500,19.32
2009-07-02,22.03,22.08,21.39,21.57,659500,19.11
2009-07-01,22.42,22.77,22.14,22.39,499800,19.84
2009-06-30,21.94,22.39,21.84,22.18,862900,19.65
2009-06-29,21.63,22.15,21.16,21.82,449300,19.33
2009-06-26,21.42,21.79,21.18,21.74,979700,19.26
2009-06-25,21.35,21.54,20.90,21.51,635400,19.06
2009-06-24,21.84,22.21,21.24,21.47,558700,19.02
2009-06-23,21.35,21.96,21.16,21.58,798100,19.12
2009-06-22,21.65,22.02,21.10,21.17,864000,18.76
2009-06-19,21.68,22.04,21.42,21.96,908600,19.46
2009-06-18,21.07,21.84,20.98,21.46,774100,19.02
2009-06-17,21.08,21.46,20.76,21.12,1175500,18.71
2009-06-16,21.57,21.65,20.74,21.12,632900,18.71
2009-06-15,21.82,21.89,21.22,21.36,988300,18.93
2009-06-12,21.56,22.29,21.50,22.22,908300,19.69
2009-06-11,22.30,22.68,21.66,21.69,743900,19.22
2009-06-10,23.02,23.07,21.69,22.29,1134600,19.75
2009-06-09,23.51,23.61,22.67,22.86,843400,20.26
2009-06-08,23.57,23.74,23.00,23.30,930600,20.65
2009-06-05,23.76,24.17,23.50,23.72,1193800,21.02
2009-06-04,22.88,23.73,22.43,23.45,1227800,20.78
2009-06-03,22.60,22.99,22.31,22.73,921900,20.14
2009-06-02,23.22,23.23,22.51,22.83,1349100,20.23
2009-06-01,23.53,24.14,22.64,23.28,1532800,20.63
2009-05-29,22.25,23.16,21.83,22.99,2135200,20.37
2009-05-28,21.76,22.34,21.40,22.23,1421100,19.70
2009-05-27,22.78,22.82,21.50,21.62,1472200,19.16
2009-05-26,21.20,22.89,20.91,22.88,1323800,20.27
2009-05-22,22.07,22.27,21.17,21.28,1000600,18.86
2009-05-21,21.98,22.48,21.44,22.09,1296600,19.57
2009-05-20,23.00,23.26,22.12,22.36,1376800,19.81
2009-05-19,22.72,23.42,22.31,22.61,1618900,20.03
2009-05-18,21.84,23.37,21.43,23.27,1522800,20.62
2009-05-15,22.07,22.33,21.31,21.71,1743200,19.24
2009-05-14,21.28,22.61,20.89,22.29,1096500,19.75
2009-05-13,21.49,21.55,20.87,21.25,1393000,18.83
2009-05-12,22.27,22.62,21.16,21.97,1239400,19.47
2009-05-11,22.73,22.92,22.19,22.23,1295200,19.70
2009-05-08,22.43,24.03,22.11,23.21,1991700,20.57
2009-05-07,23.08,23.08,21.26,21.82,1948200,19.33
2009-05-06,22.36,22.98,21.81,22.79,4164400,20.19
2009-05-05,21.75,22.35,21.17,21.96,1475300,19.46
2009-05-04,20.94,22.75,20.16,22.63,1513900,20.05
2009-05-01,21.65,21.68,20.47,20.69,972400,18.33
2009-04-30,21.98,22.52,21.50,21.68,1354800,19.21
2009-04-29,22.08,22.16,21.37,21.74,2112900,19.26
2009-04-28,20.51,22.31,20.51,21.84,1236300,19.05
2009-04-27,22.52,22.52,20.08,21.00,2618300,18.32
2009-04-24,21.80,23.84,21.63,23.34,1854800,20.36
2009-04-23,21.10,22.23,20.51,22.06,1701100,19.24
2009-04-22,20.28,21.74,19.75,20.88,2181100,18.21
2009-04-21,18.74,20.84,18.45,20.70,2623700,18.06
2009-04-20,19.88,20.35,18.89,18.95,1928700,16.53
2009-04-17,19.72,21.17,18.95,20.73,1851100,18.08
2009-04-16,19.08,20.35,18.19,19.65,1617200,17.14
2009-04-15,18.50,19.25,18.06,19.08,1779700,16.64
2009-04-14,19.85,20.16,18.45,18.59,1590700,16.22
2009-04-13,19.96,20.46,19.46,20.15,1845800,17.58
2009-04-09,18.75,20.27,18.57,20.26,1444000,17.67
2009-04-08,18.07,18.63,17.63,18.24,1432100,15.91
2009-04-07,19.06,19.25,17.90,17.95,1059700,15.66
2009-04-06,20.08,20.40,18.76,19.42,1381500,16.94
2009-04-03,19.26,20.72,18.63,20.57,1381900,17.94
2009-04-02,17.57,18.98,17.57,18.86,1879900,16.45
2009-04-01,16.96,17.47,16.65,17.18,1315200,14.99
2009-03-31,16.37,17.45,16.00,17.36,1746000,15.14
2009-03-30,16.81,16.89,15.92,16.10,1628400,14.05
2009-03-27,18.75,18.75,17.30,17.35,783400,15.14
2009-03-26,18.29,18.82,17.29,18.75,1081900,16.36
2009-03-25,18.26,18.65,16.64,18.06,1381900,15.75
2009-03-24,19.03,19.88,18.04,18.14,1189200,15.82
2009-03-23,17.66,19.32,17.20,19.29,1484700,16.83
2009-03-20,18.09,18.41,16.95,17.08,974500,14.90
2009-03-19,19.50,19.50,17.94,18.01,914600,15.71
2009-03-18,18.25,19.29,17.66,19.27,943700,16.81
2009-03-17,17.01,18.45,16.46,18.41,964400,16.06
2009-03-16,18.92,19.08,17.00,17.06,1214700,14.88
2009-03-13,19.49,19.49,18.10,18.90,1119300,16.49
2009-03-12,17.88,19.23,17.07,19.12,1308000,16.68
2009-03-11,18.45,18.76,17.58,17.69,1197900,15.43
2009-03-10,16.33,18.23,16.18,18.11,1972500,15.80
2009-03-09,15.35,15.98,15.08,15.94,1267700,13.91
2009-03-06,15.77,15.80,14.88,15.61,1527200,13.62
2009-03-05,16.22,16.56,15.73,15.85,1036100,13.83
2009-03-04,16.79,17.04,16.27,16.71,967200,14.58
2009-03-03,16.28,16.88,15.92,16.66,1144100,14.53
2009-03-02,16.93,17.07,15.94,16.20,1288500,14.13
2009-02-27,17.19,17.64,16.85,17.12,866100,14.93
2009-02-26,18.57,18.70,17.22,17.39,871800,15.17
2009-02-25,18.85,19.10,17.83,18.33,753000,15.99
2009-02-24,18.01,19.10,17.81,19.06,1015600,16.63
2009-02-23,19.01,19.24,17.61,17.69,979300,15.43
2009-02-20,17.23,19.09,17.21,19.01,1079900,16.58
2009-02-19,18.45,18.60,17.37,17.50,931800,15.27
2009-02-18,17.88,18.45,17.66,17.93,1744800,15.64
2009-02-17,17.20,18.22,16.84,17.12,1444800,14.93
2009-02-13,19.83,20.40,18.70,18.74,1194800,16.35
2009-02-12,20.32,20.32,18.82,19.86,841800,17.33
2009-02-11,20.74,20.87,19.77,20.63,689000,18.00
2009-02-10,22.21,22.52,20.53,20.70,862900,17.76
2009-02-09,21.87,22.49,21.47,22.48,403800,19.29
2009-02-06,20.21,22.14,19.96,22.01,765900,18.89
2009-02-05,20.76,21.00,19.72,20.16,724600,17.30
2009-02-04,21.39,21.89,20.84,20.90,809200,17.93
2009-02-03,21.53,21.68,20.80,21.44,597500,18.40
2009-02-02,21.12,21.54,20.46,21.51,711800,18.46
2009-01-30,22.21,22.29,21.06,21.37,1356300,18.34
2009-01-29,23.06,23.15,21.50,21.82,1071700,18.72
2009-01-28,21.58,23.43,21.58,23.39,1078400,20.07
2009-01-27,21.23,21.46,20.93,21.36,422800,18.33
2009-01-26,20.93,21.63,20.72,21.13,602600,18.13
2009-01-23,19.93,21.05,19.49,21.00,842700,18.02
2009-01-22,20.10,21.57,19.97,20.42,1233000,17.52
2009-01-21,19.57,20.88,18.86,20.69,1857400,17.75
2009-01-20,20.89,21.11,19.12,19.31,1648100,16.57
2009-01-16,20.11,21.26,20.10,21.15,1675700,18.15
2009-01-15,19.45,20.63,19.11,19.98,1864800,17.15
2009-01-14,18.41,19.65,18.41,19.48,1283100,16.72
2009-01-13,18.19,19.33,18.19,19.26,633000,16.53
2009-01-12,19.66,19.73,18.41,18.70,739500,16.05
2009-01-09,20.65,20.75,19.76,19.77,934700,16.97
2009-01-08,20.37,20.91,19.93,20.70,1070300,17.76
2009-01-07,20.34,21.00,20.03,20.40,699700,17.51
2009-01-06,19.37,20.62,19.23,20.57,950600,17.65
2009-01-05,19.77,19.77,18.66,19.23,1191100,16.50
2009-01-02,20.57,20.76,19.52,19.61,763300,16.83
2008-12-31,20.12,20.78,19.75,20.48,790300,17.57
2008-12-30,19.58,19.98,19.41,19.94,665200,17.11
2008-12-29,20.67,20.67,19.03,19.45,549300,16.69
2008-12-26,21.03,21.10,20.03,20.64,354400,17.71
2008-12-24,20.63,20.89,20.02,20.85,239200,17.89
2008-12-23,21.23,21.23,19.45,20.50,888700,17.59
2008-12-22,21.97,21.97,19.87,20.94,941500,17.97
2008-12-19,22.68,22.95,21.66,21.83,2185200,18.73
2008-12-18,22.29,22.96,21.61,22.01,947400,18.89
2008-12-17,21.21,23.58,20.92,22.22,625600,19.07
2008-12-16,20.80,21.68,20.15,21.56,845100,18.50
2008-12-15,21.36,21.36,19.74,20.43,393300,17.53
2008-12-12,19.74,21.59,19.74,21.24,995400,18.23
2008-12-11,23.38,23.38,20.03,20.42,393900,17.52
2008-12-10,22.01,23.66,22.01,23.63,477600,20.28
2008-12-09,23.00,23.90,21.26,22.16,662000,19.02
2008-12-08,23.22,23.97,22.53,23.44,633700,20.11
2008-12-05,20.83,22.79,20.06,22.54,423700,19.34
2008-12-04,22.11,22.94,20.68,21.20,617300,18.19
2008-12-03,20.91,22.58,20.36,22.38,475900,19.20
2008-12-02,20.15,21.39,19.67,21.17,688300,18.17
2008-12-01,21.77,22.29,19.46,19.68,577600,16.89
2008-11-28,21.94,22.46,21.71,22.39,384200,19.21
2008-11-26,20.07,21.95,19.68,21.93,550100,18.82
2008-11-25,19.53,20.67,19.26,20.39,850800,17.50
2008-11-24,17.14,19.57,16.86,19.19,1161300,16.47
2008-11-21,17.49,17.81,15.05,16.61,1486400,14.25
2008-11-20,18.81,19.04,17.30,17.49,738100,15.01
2008-11-19,20.72,20.81,18.95,19.07,816400,16.36
2008-11-18,21.46,21.55,19.66,20.80,376800,17.85
2008-11-17,21.35,22.25,21.12,21.34,356500,18.31
2008-11-14,22.60,23.13,21.28,21.38,433500,18.35
2008-11-13,22.01,23.20,20.36,23.09,683900,19.81
2008-11-12,21.62,22.51,21.43,21.86,545900,18.47
2008-11-11,21.43,22.66,20.78,22.15,535700,18.71
2008-11-10,24.58,24.76,21.35,21.84,671900,18.45
2008-11-07,23.33,24.30,22.57,24.23,518000,20.47
2008-11-06,23.58,24.19,22.54,23.11,739200,19.52
2008-11-05,25.36,25.48,23.78,23.93,646500,20.22
2008-11-04,26.07,26.31,25.01,25.71,796900,21.72
2008-11-03,25.76,26.30,25.33,25.58,234000,21.61
2008-10-31,25.00,26.29,24.48,25.98,676300,21.95
2008-10-30,24.99,25.19,23.58,24.76,535300,20.92
2008-10-29,24.99,26.16,24.01,24.14,720200,20.39
2008-10-28,22.21,24.64,21.68,24.59,1058400,20.77
2008-10-27,24.32,25.19,22.26,22.26,655400,18.81
2008-10-24,25.21,26.00,23.88,24.59,654500,20.77
2008-10-23,25.26,25.79,22.94,25.75,698100,21.75
2008-10-22,25.24,26.07,24.11,25.02,465700,21.14
2008-10-21,25.97,26.50,25.67,25.77,287100,21.77
2008-10-20,26.32,26.32,25.20,26.20,421900,22.14
2008-10-17,24.97,26.82,24.82,25.69,473400,21.70
2008-10-16,25.55,26.28,24.57,25.59,823400,21.62
2008-10-15,27.41,27.86,25.22,25.32,509900,21.39
2008-10-14,30.30,30.45,26.85,28.41,534400,24.00
2008-10-13,30.23,30.23,28.17,29.75,250400,25.13
2008-10-10,25.90,29.51,24.30,28.82,1294100,24.35
2008-10-09,28.90,29.23,26.39,26.39,486400,22.30
2008-10-08,28.24,30.02,28.00,28.76,715100,24.30
2008-10-07,32.30,32.30,29.22,29.22,759500,24.69
2008-10-06,31.03,32.28,30.11,32.28,507600,27.27
2008-10-03,33.46,37.00,32.10,32.30,445100,27.29
2008-10-02,33.12,34.25,32.53,32.85,501100,27.75
2008-10-01,34.91,34.91,32.78,33.32,288600,28.15
2008-09-30,32.60,34.75,31.42,33.88,730300,28.62
2008-09-29,31.98,32.91,31.62,32.25,519000,27.25
2008-09-26,30.59,32.71,30.59,32.65,468800,27.58
2008-09-25,30.97,32.12,30.84,31.45,413400,26.57
2008-09-24,31.63,31.63,30.48,30.84,288600,26.06
2008-09-23,31.27,32.00,30.94,31.28,291800,26.43
2008-09-22,31.74,31.82,30.95,31.06,588100,26.24
2008-09-19,32.14,33.27,30.99,32.15,1118800,27.16
2008-09-18,30.01,32.60,29.92,31.29,775700,26.44
2008-09-17,30.28,31.02,29.78,29.90,586600,25.26
2008-09-16,29.03,31.00,28.71,30.62,713700,25.87
2008-09-15,28.91,30.60,28.91,29.19,331700,24.66
2008-09-12,30.46,30.70,29.78,30.57,395800,25.83
2008-09-11,29.90,30.73,29.57,30.73,622700,25.96
2008-09-10,31.03,31.07,30.12,30.57,373400,25.83
2008-09-09,31.21,31.81,30.50,30.50,567200,25.77
2008-09-08,31.66,32.14,30.91,31.74,515200,26.82
2008-09-05,30.64,31.14,30.28,31.11,284000,26.28
2008-09-04,30.83,31.18,30.48,30.69,270100,25.93
2008-09-03,31.03,31.44,30.74,31.09,317700,26.27
2008-09-02,30.93,31.40,30.54,31.13,449200,26.30
2008-08-29,30.17,30.80,29.79,30.32,316500,25.62
2008-08-28,29.99,30.62,29.79,30.42,273000,25.70
2008-08-27,29.42,30.00,29.21,29.84,263600,25.21
2008-08-26,29.20,29.65,29.10,29.62,233700,25.02
2008-08-25,29.44,29.44,28.94,29.18,206200,24.65
2008-08-22,29.24,29.63,29.01,29.63,230700,25.03
2008-08-21,28.61,29.43,28.41,29.02,262700,24.52
2008-08-20,28.99,29.42,28.60,29.09,375000,24.58
2008-08-19,29.52,29.52,28.72,29.19,256600,24.66
2008-08-18,30.42,30.60,29.42,29.75,307900,25.13
2008-08-15,30.66,30.82,29.90,30.45,450100,25.73
2008-08-14,29.66,30.31,29.64,30.12,259400,25.45
2008-08-13,30.29,30.50,29.77,29.88,652000,25.24
2008-08-12,30.57,31.00,30.17,30.54,843500,25.52
2008-08-11,29.72,30.86,29.04,30.82,649100,25.75
2008-08-08,28.85,30.00,28.85,29.83,232800,24.92
2008-08-07,29.20,29.21,28.75,29.00,268600,24.23
2008-08-06,28.99,29.56,28.69,29.27,179300,24.46
2008-08-05,28.95,29.31,28.15,29.31,745600,24.49
2008-08-04,28.92,28.92,28.13,28.20,312200,23.56
2008-08-01,29.47,29.65,28.11,29.11,502500,24.32
2008-07-31,29.41,29.59,29.03,29.28,442900,24.46
2008-07-30,29.94,30.29,29.20,29.66,835900,24.78
2008-07-29,28.98,29.90,28.77,29.75,708400,24.86
2008-07-28,29.30,29.89,28.94,29.05,158800,24.27
2008-07-25,29.04,29.61,28.61,29.44,278400,24.60
2008-07-24,30.05,30.29,28.75,28.77,312600,24.04
2008-07-23,29.49,30.50,27.28,30.27,854600,25.29
2008-07-22,30.26,30.64,29.72,30.40,372700,25.40
2008-07-21,29.89,30.38,29.75,30.28,312200,25.30
2008-07-18,29.92,29.99,29.44,29.91,294300,24.99
2008-07-17,29.50,30.19,28.94,29.87,463200,24.96
2008-07-16,28.37,29.57,27.97,29.57,425500,24.71
2008-07-15,28.35,28.79,27.96,28.29,612900,23.64
2008-07-14,28.80,28.90,28.33,28.55,363800,23.85
2008-07-11,28.46,29.00,28.16,28.62,719300,23.91
2008-07-10,27.66,28.49,27.41,28.31,400000,23.65
2008-07-09,29.19,29.19,27.57,27.66,304800,23.11
2008-07-08,27.68,29.31,27.53,29.31,485400,24.49
2008-07-07,28.12,28.14,27.53,27.69,499700,23.14
2008-07-03,28.29,28.30,27.76,27.83,378800,23.25
2008-07-02,28.32,28.42,28.00,28.18,646700,23.54
2008-07-01,27.65,28.38,27.58,28.34,439500,23.68
2008-06-30,28.07,28.40,27.79,27.84,507100,23.26
2008-06-27,27.85,28.21,27.48,28.16,782000,23.53
2008-06-26,28.19,28.26,27.58,27.76,848200,23.19
2008-06-25,28.04,28.67,27.99,28.43,560400,23.75
2008-06-24,28.12,28.47,27.85,28.07,566000,23.45
2008-06-23,29.37,29.37,28.28,28.34,228700,23.68
2008-06-20,29.05,29.10,28.63,29.08,585800,24.30
2008-06-19,29.05,29.22,28.96,29.19,544000,24.39
2008-06-18,29.19,29.50,28.82,29.06,643900,24.28
2008-06-17,29.90,29.90,29.41,29.49,685400,24.64
2008-06-16,29.95,30.22,29.44,29.94,575600,25.01
2008-06-13,30.29,30.59,29.68,30.19,801200,25.22
2008-06-12,30.79,31.03,30.00,30.28,423300,25.30
2008-06-11,30.67,30.78,30.31,30.59,984900,25.56
2008-06-10,30.37,30.86,30.23,30.69,452400,25.64
2008-06-09,31.06,31.53,30.57,30.62,428100,25.58
2008-06-06,31.82,31.83,30.88,30.88,377300,25.80
2008-06-05,31.37,32.08,31.37,31.92,379500,26.67
2008-06-04,30.92,31.55,30.92,31.17,290600,26.04
2008-06-03,30.75,31.16,30.69,30.98,493800,25.88
2008-06-02,30.45,30.64,30.28,30.44,440700,25.43
2008-05-30,30.75,31.00,30.25,30.42,302000,25.42
2008-05-29,30.06,30.88,30.00,30.78,274400,25.72
2008-05-28,30.69,30.75,29.81,30.27,228700,25.29
2008-05-27,30.10,30.71,29.95,30.64,220700,25.60
2008-05-23,29.70,30.17,29.38,29.95,244200,25.02
2008-05-22,30.27,30.42,29.73,29.90,300200,24.98
2008-05-21,30.50,30.68,29.97,30.19,392600,25.22
2008-05-20,30.57,30.84,30.31,30.39,490900,25.39
2008-05-19,30.53,30.95,30.21,30.78,285300,25.72
2008-05-16,30.77,30.77,30.06,30.60,256000,25.57
2008-05-15,30.05,30.55,29.91,30.50,152300,25.48
2008-05-14,29.97,30.55,29.87,30.15,260000,25.19
2008-05-13,30.56,30.68,30.26,30.31,213500,25.04
2008-05-12,30.43,30.77,30.03,30.77,312700,25.42
2008-05-09,30.00,30.68,29.80,30.24,241000,24.98
2008-05-08,30.31,30.58,30.05,30.30,443100,25.03
2008-05-07,30.31,30.40,29.83,30.10,703300,24.87
2008-05-06,30.16,30.90,30.05,30.29,446800,25.03
2008-05-05,30.02,30.23,29.82,30.16,318700,24.92
2008-05-02,30.16,31.01,30.00,30.15,708200,24.91
2008-05-01,30.41,30.73,29.95,30.25,782600,24.99
2008-04-30,30.50,31.09,30.05,30.53,1167400,25.22
2008-04-29,30.99,31.34,30.20,30.50,444200,25.20
2008-04-28,31.03,31.44,30.90,31.10,557700,25.69
2008-04-25,30.92,31.14,30.58,31.05,468100,25.65
2008-04-24,30.17,30.92,29.89,30.89,363600,25.52
2008-04-23,29.90,30.18,29.50,30.18,475200,24.93
2008-04-22,29.59,29.99,29.08,29.83,646100,24.65
2008-04-21,29.85,30.19,29.56,29.77,967600,24.60
2008-04-18,29.58,30.18,29.58,30.00,2952500,24.79
2008-04-17,27.75,29.41,27.23,29.10,2137000,24.04
2008-04-16,27.34,28.33,27.24,28.25,278800,23.34
2008-04-15,27.05,27.25,26.53,27.20,236600,22.47
2008-04-14,26.91,27.03,26.59,26.92,205000,22.24
2008-04-11,27.40,27.48,26.79,27.07,142000,22.36
2008-04-10,27.29,27.76,26.98,27.67,378100,22.86
2008-04-09,27.94,27.94,27.12,27.19,189300,22.46
2008-04-08,27.88,28.05,27.63,27.79,172500,22.96
2008-04-07,28.22,28.27,27.71,27.93,222300,23.08
2008-04-04,28.25,28.53,27.89,28.10,455400,23.22
2008-04-03,27.70,28.17,27.37,28.17,618000,23.27
2008-04-02,28.08,28.20,27.92,28.00,533100,23.13
2008-04-01,27.47,28.39,27.43,28.10,478800,23.22
2008-03-31,27.40,28.37,27.32,27.36,266000,22.60
2008-03-28,28.30,28.30,27.39,27.49,392900,22.71
2008-03-27,28.65,28.70,28.20,28.37,295500,23.44
2008-03-26,28.43,28.70,28.14,28.70,276500,23.71
2008-03-25,28.49,28.50,28.11,28.46,116100,23.51
2008-03-24,27.98,28.96,27.98,28.47,223300,23.52
2008-03-20,28.34,28.50,27.68,28.00,726600,23.13
2008-03-19,28.79,28.96,28.05,28.05,255300,23.17
2008-03-18,27.85,28.63,27.62,28.63,343500,23.65
2008-03-17,26.40,27.65,26.35,27.12,155900,22.41
2008-03-14,27.45,27.64,26.56,27.22,357800,22.49
2008-03-13,26.92,27.64,26.69,27.35,596400,22.60
2008-03-12,27.50,28.00,27.19,27.19,158400,22.46
2008-03-11,26.59,27.50,26.25,27.50,253100,22.72
2008-03-10,26.10,26.21,25.55,25.84,180400,21.35
2008-03-07,25.00,26.15,24.84,26.10,261400,21.56
2008-03-06,25.71,25.73,24.94,25.16,363300,20.79
2008-03-05,26.50,26.56,25.72,25.92,267600,21.41
2008-03-04,25.72,26.60,25.25,26.39,451500,21.80
2008-03-03,26.17,26.52,25.55,26.52,272000,21.91
2008-02-29,25.50,26.20,25.44,26.10,272800,21.56
2008-02-28,26.12,26.56,25.52,25.90,266000,21.40
2008-02-27,26.30,26.65,25.97,26.20,525800,21.65
2008-02-26,25.90,26.72,25.74,26.45,428900,21.85
2008-02-25,26.06,26.73,25.75,26.20,370100,21.65
2008-02-22,25.71,26.14,25.25,25.95,217300,21.44
2008-02-21,26.12,26.40,25.42,25.72,266500,21.25
2008-02-20,25.57,26.11,25.50,25.99,211500,21.47
2008-02-19,26.31,26.47,25.58,25.70,246700,21.23
2008-02-15,25.93,26.16,25.40,26.03,266200,21.51
2008-02-14,26.83,26.83,26.00,26.11,410600,21.57
2008-02-13,28.26,28.44,26.50,26.73,861500,22.08
2008-02-12,28.00,28.20,27.05,28.05,922600,22.90
2008-02-11,28.85,28.98,28.31,28.43,313100,23.21
2008-02-08,29.26,29.44,28.76,28.90,272300,23.59
2008-02-07,28.60,29.42,28.60,29.31,328000,23.92
2008-02-06,29.44,29.50,28.63,28.76,339400,23.47
2008-02-05,28.45,29.39,28.40,29.15,420500,23.79
2008-02-04,28.70,29.39,28.50,28.99,227400,23.66
2008-02-01,28.92,29.21,28.44,28.84,317200,23.54
2008-01-31,27.85,28.85,27.46,28.85,345000,23.55
2008-01-30,28.55,28.84,27.46,27.62,798100,22.54
2008-01-29,29.48,29.50,28.68,28.95,328000,23.63
2008-01-28,28.38,29.36,28.18,29.36,429000,23.96
2008-01-25,28.85,29.20,27.94,28.50,357000,23.26
2008-01-24,28.50,28.75,28.02,28.57,223400,23.32
2008-01-23,26.40,28.50,26.40,28.50,323700,23.26
2008-01-22,25.60,27.79,25.57,27.13,277400,22.14
2008-01-18,26.75,27.29,26.05,26.58,246500,21.70
2008-01-17,27.80,28.01,26.95,26.95,467300,22.00
2008-01-16,26.66,27.98,26.61,27.56,404600,22.50
2008-01-15,26.65,27.25,26.33,26.69,317400,21.79
2008-01-14,26.77,27.12,26.38,26.93,463000,21.98
2008-01-11,26.46,27.33,26.01,26.60,398300,21.71
2008-01-10,26.36,27.33,25.73,26.72,267100,21.81
2008-01-09,25.74,26.71,25.09,26.62,309000,21.73
2008-01-08,25.84,27.00,25.68,25.92,325100,21.16
2008-01-07,25.67,26.28,25.21,25.81,222100,21.07
2008-01-04,25.39,25.94,25.08,25.52,255000,20.83
2008-01-03,26.34,27.08,25.69,25.69,273900,20.97
2008-01-02,26.91,26.91,25.91,26.31,153900,21.47
2007-12-31,26.74,26.89,26.26,26.85,136000,21.92
2007-12-28,27.36,27.82,26.69,26.83,88700,21.90
2007-12-27,28.47,28.63,27.14,27.36,158300,22.33
2007-12-26,28.35,29.21,27.89,28.52,160100,23.28
2007-12-24,28.00,28.89,27.83,28.75,72100,23.47
2007-12-21,27.85,28.30,27.65,28.10,558300,22.94
2007-12-20,27.10,27.55,26.39,27.55,163600,22.49
2007-12-19,26.40,26.88,26.17,26.80,156700,21.87
2007-12-18,25.75,26.40,25.32,26.40,231000,21.55
2007-12-17,25.75,26.02,25.40,25.42,205500,20.75
2007-12-14,26.54,27.16,25.82,25.86,134000,21.11
2007-12-13,26.82,26.92,26.47,26.85,198000,21.92
2007-12-12,27.38,27.83,26.60,26.95,425100,22.00
2007-12-11,27.10,27.77,26.73,26.74,511000,21.83
2007-12-10,26.76,27.10,26.25,27.06,156000,22.09
2007-12-07,26.66,26.90,26.38,26.64,84300,21.74
2007-12-06,25.31,26.54,25.31,26.54,197000,21.66
2007-12-05,25.70,25.88,25.20,25.67,125600,20.95
2007-12-04,25.11,25.83,25.11,25.28,187500,20.63
2007-12-03,26.00,26.05,25.14,25.26,172000,20.62
2007-11-30,26.02,27.00,25.55,25.86,322900,21.11
2007-11-29,25.25,26.20,24.91,25.75,288800,21.02
2007-11-28,24.34,25.35,23.98,25.26,240800,20.62
2007-11-27,24.48,24.64,23.18,24.30,311700,19.83
2007-11-26,25.40,25.48,24.07,24.46,297100,19.96
2007-11-23,25.28,25.60,24.95,25.42,50500,20.75
2007-11-21,25.25,25.46,24.91,25.27,184600,20.63
2007-11-20,26.10,26.30,24.95,25.44,241000,20.76
2007-11-19,26.48,26.55,25.77,26.17,175800,21.36
2007-11-16,27.47,27.47,26.05,26.57,698100,21.69
2007-11-15,27.73,28.06,26.88,28.04,237100,22.61
2007-11-14,28.05,28.38,27.61,27.78,158700,22.40
2007-11-13,26.55,28.35,26.55,27.98,192100,22.56
2007-11-12,26.47,27.14,26.19,26.37,124600,21.26
2007-11-09,25.77,26.96,25.66,26.59,203800,21.44
2007-11-08,26.80,27.38,25.82,26.16,313500,21.10
2007-11-07,26.50,26.76,26.17,26.47,286400,21.35
2007-11-06,26.55,27.13,26.18,26.91,296000,21.70
2007-11-05,25.99,26.69,25.60,26.40,283300,21.29
2007-11-02,27.44,27.81,26.22,26.47,348100,21.35
2007-11-01,28.19,28.19,27.12,27.32,323200,22.03
2007-10-31,28.70,28.93,28.44,28.44,336700,22.93
2007-10-30,28.27,28.93,28.11,28.52,295500,23.00
2007-10-29,28.53,28.75,27.71,28.47,153300,22.96
2007-10-26,28.25,28.65,27.74,28.60,111100,23.06
2007-10-25,27.76,28.20,27.17,27.94,183100,22.53
2007-10-24,27.83,27.85,27.00,27.77,134900,22.39
2007-10-23,28.30,28.34,27.53,28.10,96200,22.66
2007-10-22,27.16,28.16,26.98,28.06,132200,22.63
2007-10-19,28.75,28.75,27.25,27.35,164100,22.05
2007-10-18,28.60,28.87,28.05,28.87,147300,23.28
2007-10-17,29.00,29.00,27.89,28.72,244300,23.16
2007-10-16,29.35,29.68,28.75,28.82,106300,23.24
2007-10-15,30.09,30.12,28.80,29.37,157000,23.68
2007-10-12,30.09,30.50,29.94,30.13,206100,24.30
2007-10-11,30.24,30.36,29.60,30.10,245800,24.27
2007-10-10,29.91,30.52,29.49,30.17,487000,24.33
2007-10-09,29.96,30.45,29.57,30.40,208400,24.51
2007-10-08,29.76,29.99,28.90,29.99,275900,24.18
2007-10-05,28.85,29.78,28.66,29.77,462900,24.01
2007-10-04,28.79,28.95,28.60,28.80,1082100,23.22
2007-10-03,29.29,29.56,29.22,29.39,122300,23.70
2007-10-02,29.94,30.16,29.58,29.58,118500,23.85
2007-10-01,29.20,30.44,28.94,30.00,169400,24.19
2007-09-28,29.23,29.44,29.02,29.29,96700,23.62
2007-09-27,29.30,29.50,29.18,29.30,58100,23.63
2007-09-26,29.39,29.50,28.91,29.31,139800,23.64
2007-09-25,29.27,29.35,29.12,29.25,306200,23.59
2007-09-24,28.88,29.56,28.88,29.40,209100,23.71
2007-09-21,28.85,29.21,28.66,28.91,212600,23.31
2007-09-20,28.42,28.71,28.36,28.60,156500,23.06
2007-09-19,28.64,29.19,28.51,28.55,190300,23.02
2007-09-18,28.32,28.50,28.02,28.29,333000,22.81
2007-09-17,28.45,28.67,28.17,28.22,186700,22.76
2007-09-14,28.12,28.59,28.12,28.59,72400,23.05
2007-09-13,27.95,28.80,27.85,28.51,116800,22.99
2007-09-12,27.62,28.26,27.60,27.87,93600,22.47
2007-09-11,27.57,28.12,27.48,27.78,88100,22.40
2007-09-10,27.30,27.96,26.62,27.54,144700,22.21
2007-09-07,27.26,27.60,26.59,27.29,189200,22.01
2007-09-06,28.08,28.37,27.69,27.82,78900,22.43
2007-09-05,28.04,28.04,27.28,27.88,132300,22.48
2007-09-04,28.27,28.48,27.99,28.27,104000,22.80
2007-08-31,27.99,28.81,27.42,28.34,197600,22.85
2007-08-30,27.06,27.88,27.06,27.42,74900,22.11
2007-08-29,27.02,27.53,26.82,27.37,116100,22.07
2007-08-28,27.59,27.71,26.92,26.92,131800,21.71
2007-08-27,27.90,28.16,27.54,27.72,103300,22.35
2007-08-24,27.70,28.04,27.29,27.93,106500,22.52
2007-08-23,28.42,28.49,27.56,27.72,166400,22.35
2007-08-22,27.97,28.62,27.62,28.09,171300,22.65
2007-08-21,27.66,28.00,27.30,27.90,394500,22.50
2007-08-20,27.16,28.00,26.92,28.00,235200,22.31
2007-08-17,27.00,28.39,26.54,27.00,522400,21.51
2007-08-16,26.00,27.15,25.59,25.70,498600,20.47
2007-08-15,25.99,27.15,25.79,26.00,97300,20.71
2007-08-14,26.77,26.77,25.99,26.00,68000,20.71
2007-08-13,27.15,27.46,26.26,26.71,274200,21.28
2007-08-10,26.30,27.70,25.99,26.85,184200,21.39
2007-08-09,27.95,28.00,26.29,26.65,254600,21.23
2007-08-08,27.08,27.91,26.79,27.70,343400,22.07
2007-08-07,25.93,27.14,25.63,26.50,181900,21.11
2007-08-06,25.59,26.14,25.00,25.93,681900,20.66
2007-08-03,25.74,26.21,25.32,25.67,487800,20.45
2007-08-02,25.55,26.24,25.44,25.78,276800,20.54
2007-08-01,25.57,25.91,24.76,25.50,406000,20.31
2007-07-31,25.30,26.41,24.54,25.55,424400,20.35
2007-07-30,24.99,25.14,24.30,24.67,149200,19.65
2007-07-27,26.22,26.25,25.02,25.02,231800,19.93
2007-07-26,26.45,26.62,25.76,26.41,193500,21.04
2007-07-25,27.49,27.50,26.41,26.90,212100,21.43
2007-07-24,26.76,27.10,26.32,26.60,190900,21.19
2007-07-23,27.81,27.84,27.03,27.03,73800,21.53
2007-07-20,28.14,28.14,27.30,27.75,177400,22.11
2007-07-19,28.27,28.28,28.04,28.20,46300,22.47
2007-07-18,28.10,28.14,27.43,28.07,98600,22.36
2007-07-17,28.80,28.97,27.84,28.34,54600,22.58
2007-07-16,28.69,29.06,28.58,28.79,162100,22.94
2007-07-13,28.35,28.92,28.16,28.87,270100,23.00
2007-07-12,28.50,28.55,27.89,28.44,169600,22.66
2007-07-11,28.88,29.00,28.41,28.41,133600,22.63
2007-07-10,29.08,29.38,28.79,28.95,150100,23.06
2007-07-09,29.40,29.49,29.27,29.36,137400,23.39
2007-07-06,29.25,29.50,29.10,29.36,69400,23.39
2007-07-05,28.89,29.39,28.87,29.25,125500,23.30
2007-07-03,28.87,28.97,28.80,28.92,75900,23.04
2007-07-02,28.43,28.96,28.39,28.87,127700,23.00
2007-06-29,28.24,28.36,28.10,28.29,230200,22.54
2007-06-28,27.16,28.31,27.16,28.08,161300,22.37
2007-06-27,27.37,28.16,27.23,28.05,181200,22.35
2007-06-26,27.64,28.00,27.18,27.57,251100,21.96
2007-06-25,28.04,28.36,27.62,27.63,194600,22.01
2007-06-22,28.10,28.36,27.71,28.04,284000,22.34
2007-06-21,28.31,28.31,27.77,28.10,157700,22.39
2007-06-20,29.13,29.13,28.23,28.30,86600,22.55
2007-06-19,28.53,29.04,28.35,29.04,123300,23.13
2007-06-18,29.11,29.11,28.55,28.72,120300,22.88
2007-06-15,29.35,29.46,28.69,28.90,287000,23.02
2007-06-14,28.76,28.82,28.35,28.35,172200,22.59
2007-06-13,28.50,29.00,28.35,28.80,695800,22.94
2007-06-12,28.85,28.85,28.26,28.49,131200,22.70
2007-06-11,29.25,29.25,28.64,29.00,175100,23.10
2007-06-08,28.95,29.24,28.60,29.19,110100,23.25
2007-06-07,29.47,29.47,28.70,28.95,131100,23.06
2007-06-06,29.54,29.60,29.27,29.60,162300,23.58
2007-06-05,29.62,29.62,29.26,29.56,227600,23.55
2007-06-04,29.60,30.00,29.51,29.71,342300,23.67
2007-06-01,29.42,30.55,29.42,29.60,1520400,23.58
2007-05-31,28.87,29.42,28.76,29.42,393300,23.44
2007-05-30,28.26,28.90,28.26,28.90,70400,23.02
2007-05-29,27.99,28.61,27.99,28.34,123100,22.58
2007-05-25,27.81,28.50,27.76,27.83,182000,22.17
2007-05-24,27.88,28.08,27.62,27.80,225400,22.15
2007-05-23,27.78,28.10,27.78,27.93,141700,22.25
2007-05-22,27.80,28.10,27.49,27.69,188800,22.06
2007-05-21,27.31,28.14,27.31,27.92,84700,22.24
2007-05-18,27.77,27.81,27.12,27.40,125900,21.83
2007-05-17,28.51,28.67,27.81,27.86,208200,21.93
2007-05-16,28.86,28.95,28.43,28.50,192800,22.43
2007-05-15,28.55,28.88,28.52,28.72,209400,22.60
2007-05-14,29.22,29.50,28.58,28.58,149600,22.49
2007-05-11,28.92,29.25,28.92,29.18,87800,22.96
2007-05-10,29.37,29.41,28.72,28.72,116600,22.60
2007-05-09,29.20,29.67,29.08,29.47,61900,23.19
2007-05-08,29.27,29.71,29.16,29.32,120300,23.07
2007-05-07,29.50,29.62,29.25,29.30,89600,23.06
2007-05-04,29.70,29.70,29.30,29.50,120600,23.22
2007-05-03,29.83,30.03,29.51,29.57,151000,23.27
2007-05-02,29.38,29.97,29.38,29.72,253500,23.39
2007-05-01,30.65,30.91,29.10,29.22,230200,23.00
2007-04-30,30.96,31.07,30.22,30.62,119500,24.10
2007-04-27,30.84,31.68,30.71,31.03,193700,24.42
2007-04-26,30.90,31.08,30.85,30.98,69900,24.38
2007-04-25,31.03,31.19,30.27,30.90,85700,24.32
2007-04-24,30.94,30.94,30.36,30.78,71600,24.22
2007-04-23,30.27,30.85,30.27,30.82,146600,24.26
2007-04-20,30.49,30.49,30.23,30.26,99900,23.81
2007-04-19,30.34,30.35,29.54,30.15,54200,23.73
2007-04-18,30.63,30.83,30.45,30.54,99100,24.03
2007-04-17,30.42,30.84,30.39,30.70,74700,24.16
2007-04-16,29.87,30.46,29.82,30.42,82900,23.94
2007-04-13,29.93,29.96,29.45,29.77,255400,23.43
2007-04-12,28.30,29.97,28.30,29.79,116100,23.44
2007-04-11,30.11,30.11,29.51,29.78,506000,23.44
2007-04-10,29.76,30.02,29.73,29.91,221100,23.54
2007-04-09,30.34,30.34,29.94,30.04,102000,23.64
2007-04-05,30.51,30.53,30.17,30.38,90600,23.91
2007-04-04,30.70,30.70,30.16,30.57,108200,24.06
2007-04-03,30.68,30.90,30.46,30.69,204300,24.15
2007-04-02,30.40,30.54,30.12,30.49,170100,24.00
2007-03-30,29.60,30.38,29.60,30.29,126000,23.84
2007-03-29,30.10,30.13,29.51,29.62,113600,23.31
2007-03-28,30.12,30.33,29.52,29.95,223000,23.57
2007-03-27,30.53,30.70,30.04,30.27,339100,23.82
2007-03-26,31.06,31.10,30.27,30.78,263300,24.22
2007-03-23,31.10,31.60,31.00,31.03,173800,24.42
2007-03-22,31.18,31.57,30.87,31.17,217500,24.53
2007-03-21,30.51,31.03,30.06,31.03,228100,24.42
2007-03-20,30.33,30.69,30.20,30.55,138600,24.04
2007-03-19,29.46,30.33,29.11,30.33,278900,23.87
2007-03-16,30.94,31.00,30.02,30.43,260800,23.95
2007-03-15,30.58,30.94,30.26,30.94,151600,24.35
2007-03-14,30.26,31.08,30.10,30.65,288000,24.12
2007-03-13,30.65,30.65,29.50,30.36,241600,23.89
2007-03-12,30.21,30.90,30.01,30.90,231200,24.32
2007-03-09,29.89,30.64,29.54,30.19,202300,23.76
2007-03-08,29.37,29.96,29.34,29.67,93300,23.35
2007-03-07,29.68,30.00,29.10,29.19,180600,22.97
2007-03-06,28.78,29.77,28.71,29.52,188500,23.23
2007-03-05,29.65,29.97,28.59,28.59,206500,22.50
2007-03-02,30.97,30.97,29.65,29.96,184300,23.58
2007-03-01,30.04,31.01,29.70,30.77,217700,24.22
2007-02-28,30.06,30.82,29.67,30.25,185100,23.81
2007-02-27,30.80,31.08,29.85,30.16,154000,23.74
2007-02-26,31.57,31.95,30.78,31.30,162600,24.63
2007-02-23,31.76,31.83,31.24,31.59,161800,24.86
2007-02-22,31.50,31.76,31.00,31.76,91800,24.99
2007-02-21,31.18,32.09,31.18,31.59,85300,24.86
2007-02-20,31.90,32.16,31.37,32.08,103100,25.25
2007-02-16,31.86,31.99,31.54,31.93,77900,25.13
2007-02-15,31.53,32.11,31.47,31.84,110100,25.06
2007-02-14,31.77,31.78,31.39,31.53,164600,24.81
2007-02-13,31.62,32.26,31.56,32.20,116700,25.08
2007-02-12,32.29,32.29,31.22,31.48,135700,24.51
2007-02-09,32.38,32.49,31.80,32.16,235700,25.04
2007-02-08,32.30,32.38,32.03,32.34,259600,25.18
2007-02-07,32.52,32.52,32.13,32.30,140300,25.15
2007-02-06,32.24,32.39,32.00,32.39,146700,25.22
2007-02-05,32.28,32.28,31.68,32.09,399000,24.99
2007-02-02,31.30,32.26,31.00,32.26,275600,25.12
2007-02-01,32.07,32.24,31.50,32.05,77600,24.96
2007-01-31,31.31,31.98,31.05,31.87,92500,24.82
2007-01-30,31.10,31.40,30.98,31.30,90500,24.37
2007-01-29,30.86,31.16,30.80,31.11,161000,24.23
2007-01-26,31.08,31.08,30.71,31.00,42000,24.14
2007-01-25,31.11,31.21,30.83,30.98,111800,24.13
2007-01-24,31.00,31.07,30.69,31.00,46800,24.14
2007-01-23,30.80,31.36,30.67,30.89,211700,24.05
2007-01-22,31.48,31.60,30.73,30.87,261500,24.04
2007-01-19,30.13,31.38,30.13,31.36,132500,24.42
2007-01-18,30.44,30.45,29.90,30.12,93100,23.46
2007-01-17,29.90,30.86,29.83,30.44,87600,23.70
2007-01-16,29.55,30.45,29.53,29.90,198700,23.28
2007-01-12,29.52,29.72,29.40,29.47,162800,22.95
2007-01-11,29.90,30.26,29.42,29.51,168500,22.98
2007-01-10,29.48,29.48,29.26,29.40,191500,22.89
2007-01-09,29.08,29.46,29.04,29.44,278700,22.93
2007-01-08,29.00,29.00,28.57,28.82,95900,22.44
2007-01-05,28.35,29.42,28.35,28.91,222900,22.51
2007-01-04,29.41,29.56,29.00,29.25,233300,22.78
2007-01-03,29.00,29.44,28.84,29.00,321000,22.58
2006-12-29,28.32,28.65,28.31,28.47,117500,22.17
2006-12-28,28.25,28.49,27.93,28.32,101700,22.05
2006-12-27,28.36,28.77,28.11,28.25,99800,22.00
2006-12-26,28.00,28.30,27.76,28.20,71900,21.96
2006-12-22,28.46,28.55,27.53,28.10,95900,21.88
2006-12-21,28.36,28.66,28.35,28.40,403500,22.12
2006-12-20,28.38,28.65,28.31,28.39,115200,22.11
2006-12-19,28.81,28.89,28.20,28.30,119400,22.04
2006-12-18,29.44,29.44,28.98,29.01,134000,22.59
2006-12-15,29.17,30.05,29.16,29.37,216600,22.87
2006-12-14,29.33,29.83,29.00,29.10,202500,22.66
2006-12-13,29.17,29.48,28.85,29.24,111100,22.77
2006-12-12,29.58,29.98,29.05,29.16,163400,22.71
2006-12-11,29.42,29.83,29.11,29.58,137000,23.03
2006-12-08,29.66,29.77,29.34,29.34,120600,22.85
2006-12-07,29.77,29.99,29.51,29.57,146600,23.03
2006-12-06,29.65,29.83,29.55,29.70,105200,23.13
2006-12-05,29.74,29.99,29.56,29.75,142200,23.17
2006-12-04,29.25,29.88,29.19,29.74,198800,23.16
2006-12-01,29.50,29.65,28.78,29.25,192100,22.78
2006-11-30,28.81,30.23,28.60,29.70,426500,23.13
2006-11-29,28.54,29.05,28.53,28.80,140100,22.43
2006-11-28,28.14,28.42,28.10,28.32,158100,22.05
2006-11-27,28.54,28.67,28.05,28.12,155200,21.90
2006-11-24,28.42,28.79,28.31,28.68,51700,22.33
2006-11-22,28.56,28.65,28.24,28.42,184000,22.13
2006-11-21,28.51,28.69,28.48,28.66,300800,22.06
2006-11-20,28.30,28.95,28.00,28.46,760400,21.90
2006-11-17,28.24,28.27,27.94,28.10,475300,21.62
2006-11-16,28.05,28.44,28.00,28.23,144900,21.72
2006-11-15,27.90,27.98,27.76,27.90,191600,21.47
2006-11-14,28.00,28.48,27.78,27.90,1171400,21.47
2006-11-13,27.75,28.06,27.63,27.94,133100,21.50
2006-11-10,27.34,27.73,27.25,27.70,102200,21.32
2006-11-09,27.40,27.41,26.95,27.24,96500,20.96
2006-11-08,27.35,27.35,26.75,27.30,157600,21.01
2006-11-07,27.24,27.66,27.16,27.30,159800,21.01
2006-11-06,26.65,27.26,26.60,27.24,225900,20.96
2006-11-03,26.38,26.90,26.05,26.45,288700,20.35
2006-11-02,26.24,26.49,25.87,26.39,211000,20.31
2006-11-01,26.67,26.70,26.23,26.24,84700,20.19
2006-10-31,26.70,26.96,26.47,26.63,125100,20.49
2006-10-30,26.42,26.71,26.15,26.70,115300,20.55
2006-10-27,26.52,26.65,26.41,26.42,115500,20.33
2006-10-26,26.55,26.73,26.47,26.50,83400,20.39
2006-10-25,26.51,26.85,26.28,26.62,82300,20.49
2006-10-24,27.05,27.05,26.10,26.51,95500,20.40
2006-10-23,26.72,26.93,26.60,26.93,80800,20.72
2006-10-20,26.95,26.95,26.55,26.72,51600,20.56
2006-10-19,26.55,26.97,26.50,26.88,128100,20.69
2006-10-18,26.58,26.91,26.39,26.49,112600,20.39
2006-10-17,26.50,26.69,26.32,26.63,59800,20.49
2006-10-16,26.37,26.80,26.36,26.68,85000,20.53
2006-10-13,26.15,26.71,26.14,26.36,85500,20.29
2006-10-12,25.99,26.22,25.90,26.10,63500,20.09
2006-10-11,25.90,26.08,25.74,25.90,91200,19.93
2006-10-10,25.72,26.10,25.55,26.00,162300,20.01
2006-10-09,25.81,25.81,25.45,25.77,91800,19.83
2006-10-06,25.85,25.87,25.57,25.81,104300,19.86
2006-10-05,25.54,25.99,25.54,25.80,201000,19.85
2006-10-04,25.34,25.81,25.33,25.59,122300,19.69
2006-10-03,25.12,25.34,24.85,25.32,159700,19.48
2006-10-02,25.49,25.50,25.15,25.17,128700,19.37
2006-09-29,25.59,25.96,25.45,25.51,319900,19.63
2006-09-28,25.60,25.89,25.53,25.69,118500,19.77
2006-09-27,25.59,25.78,25.50,25.60,116400,19.70
2006-09-26,25.73,25.73,25.49,25.59,150800,19.69
2006-09-25,25.85,25.90,25.55,25.73,166600,19.80
2006-09-22,25.40,25.93,25.10,25.85,405800,19.89
2006-09-21,25.80,25.90,25.36,25.45,270600,19.58
2006-09-20,25.75,25.98,25.59,25.87,191200,19.91
2006-09-19,25.55,25.66,25.40,25.60,218300,19.70
2006-09-18,25.65,25.65,25.23,25.41,185100,19.55
2006-09-15,25.50,25.88,25.40,25.67,415800,19.75
2006-09-14,25.15,25.38,25.08,25.26,343300,19.44
2006-09-13,25.15,25.65,25.01,25.25,1630800,19.43
2006-09-12,24.58,24.72,24.15,24.68,256500,18.99
2006-09-11,24.67,24.78,24.55,24.58,75900,18.92
2006-09-08,24.75,24.87,24.47,24.72,126100,19.02
2006-09-07,25.20,25.35,24.83,24.85,145900,19.12
2006-09-06,25.30,25.40,25.07,25.26,113700,19.44
2006-09-05,25.26,25.48,25.18,25.44,44800,19.58
2006-09-01,25.90,25.90,25.40,25.46,43600,19.59
2006-08-31,26.05,26.27,25.95,25.97,40100,19.99
2006-08-30,25.85,25.96,25.67,25.96,36800,19.98
2006-08-29,25.50,25.77,25.07,25.74,55800,19.81
2006-08-28,25.24,25.48,25.20,25.36,15800,19.52
2006-08-25,25.18,25.53,25.00,25.23,46200,19.42
2006-08-24,25.16,25.30,25.10,25.26,76000,19.44
2006-08-23,25.30,25.43,25.11,25.17,78300,19.37
2006-08-22,25.27,25.68,25.20,25.65,30600,19.74
2006-08-21,25.00,25.30,24.95,25.27,48700,19.45
2006-08-18,25.22,25.28,24.93,25.16,75100,19.36
2006-08-17,25.00,25.25,24.89,25.21,179600,19.40
2006-08-16,25.20,25.25,25.16,25.20,63600,19.13
2006-08-15,25.00,25.15,24.90,25.09,81200,19.05
2006-08-14,24.90,25.00,24.75,24.88,86500,18.89
2006-08-11,25.08,25.11,24.68,24.72,108800,18.77
2006-08-10,24.90,25.34,24.90,25.08,31900,19.04
2006-08-09,25.46,25.56,24.90,24.95,74100,18.94
2006-08-08,25.77,25.77,25.25,25.26,49200,19.18
2006-08-07,25.64,25.67,25.25,25.67,40900,19.49
2006-08-04,25.70,25.77,25.21,25.64,68200,19.47
2006-08-03,25.25,25.63,25.11,25.45,62400,19.32
2006-08-02,25.32,25.75,25.10,25.32,73700,19.22
2006-08-01,25.34,25.53,24.95,25.44,32400,19.31
2006-07-31,25.10,25.50,25.10,25.34,64200,19.24
2006-07-28,25.51,25.96,25.46,25.73,45600,19.53
2006-07-27,25.73,25.84,25.29,25.41,39300,19.29
2006-07-26,25.16,26.00,25.16,25.63,65100,19.46
2006-07-25,25.40,25.86,25.25,25.39,47700,19.28
2006-07-24,24.60,25.47,24.60,25.47,55200,19.34
2006-07-21,24.77,24.79,24.20,24.44,56200,18.56
2006-07-20,25.75,25.84,24.71,24.77,62800,18.81
2006-07-19,25.05,26.05,25.00,25.70,79200,19.51
2006-07-18,24.80,25.00,24.27,24.97,31000,18.96
2006-07-17,24.00,24.67,24.00,24.63,64500,18.70
2006-07-14,24.25,24.26,23.80,23.87,58900,18.12
2006-07-13,25.30,25.45,24.25,24.33,53700,18.47
2006-07-12,26.05,26.05,25.20,25.34,87100,19.24
2006-07-11,25.25,26.02,25.11,26.00,51500,19.74
2006-07-10,24.94,25.35,24.88,25.32,44500,19.22
2006-07-07,25.05,25.15,24.78,24.95,62000,18.94
2006-07-06,24.82,25.34,24.78,25.24,80800,19.16
2006-07-05,25.01,25.15,24.68,24.91,53400,18.91
2006-07-03,25.05,25.32,24.90,25.26,28100,19.18
2006-06-30,24.47,25.11,24.40,24.85,304400,18.87
2006-06-29,24.10,24.20,23.90,24.10,78400,18.30
2006-06-28,24.15,24.15,23.97,24.00,32600,18.22
2006-06-27,24.40,24.50,23.99,24.02,72300,18.24
2006-06-26,24.30,24.70,24.25,24.50,23700,18.60
2006-06-23,24.35,24.93,24.11,24.15,90900,18.34
2006-06-22,24.28,24.40,23.78,24.34,76100,18.48
2006-06-21,23.96,24.90,23.96,24.29,65600,18.44
2006-06-20,23.80,24.20,23.60,23.96,168800,18.19
2006-06-19,23.90,24.02,23.70,23.81,45000,18.08
2006-06-16,24.20,24.25,23.76,24.02,257900,18.24
2006-06-15,23.95,24.25,23.82,24.20,53700,18.37
2006-06-14,23.97,24.00,23.70,23.80,161100,18.07
2006-06-13,24.56,24.78,23.75,23.99,66000,18.21
2006-06-12,25.53,25.53,24.18,24.41,113300,18.53
2006-06-09,24.82,25.61,24.77,25.42,69100,19.30
2006-06-08,24.12,24.83,23.97,24.79,109400,18.82
2006-06-07,24.33,24.80,24.18,24.19,57200,18.37
2006-06-06,23.97,24.72,23.73,24.35,182600,18.49
2006-06-05,24.45,25.26,23.96,23.96,91400,18.19
2006-06-02,24.43,25.00,24.28,24.50,77200,18.60
2006-06-01,23.87,24.44,23.80,24.37,42800,18.50
2006-05-31,23.54,23.96,23.54,23.86,58800,18.12
2006-05-30,23.60,23.90,23.31,23.56,69900,17.89
2006-05-26,24.23,24.53,23.58,23.60,90600,17.92
2006-05-25,23.35,24.18,23.35,24.18,114600,18.36
2006-05-24,23.55,23.61,23.20,23.40,652900,17.77
2006-05-23,23.55,23.93,23.44,23.62,134400,17.93
2006-05-22,23.00,23.54,22.82,23.52,114000,17.86
2006-05-19,22.71,23.29,22.59,23.05,130300,17.50
2006-05-18,22.68,22.90,22.40,22.71,433000,17.24
2006-05-17,23.40,23.40,22.51,22.82,153300,17.07
2006-05-16,23.20,23.45,23.10,23.26,135200,17.40
2006-05-15,23.35,23.46,22.79,23.01,71200,17.21
2006-05-12,24.00,24.00,22.97,23.36,92900,17.47
2006-05-11,24.60,24.60,23.95,23.99,119400,17.94
2006-05-10,24.55,24.97,24.47,24.69,106500,18.47
2006-05-09,24.62,24.69,24.50,24.64,91800,18.43
2006-05-08,24.45,24.83,24.27,24.76,94500,18.52
2006-05-05,24.18,24.53,23.76,24.28,116700,18.16
2006-05-04,23.68,24.17,23.68,24.11,196700,18.03
2006-05-03,23.73,23.85,23.56,23.68,85800,17.71
2006-05-02,23.83,23.84,23.41,23.75,75400,17.76
2006-05-01,24.05,24.25,23.76,23.77,48000,17.78
2006-04-28,23.95,24.38,23.70,24.15,75900,18.06
2006-04-27,23.90,24.23,23.67,24.06,121600,18.00
2006-04-26,24.11,24.39,24.00,24.05,67800,17.99
2006-04-25,24.17,24.30,24.04,24.10,141900,18.03
2006-04-24,24.91,24.98,24.27,24.28,108300,18.16
2006-04-21,25.75,25.91,24.90,24.90,105200,18.62
2006-04-20,25.69,25.69,24.99,25.16,85500,18.82
2006-04-19,25.67,25.82,25.41,25.65,234000,19.19
2006-04-18,25.33,25.89,25.20,25.66,107600,19.19
2006-04-17,25.12,25.23,25.00,25.19,76000,18.84
2006-04-13,24.69,26.20,24.50,25.00,117000,18.70
2006-04-12,24.40,25.10,24.40,24.66,84000,18.45
2006-04-11,23.65,24.35,23.65,24.25,179700,18.14
2006-04-10,24.15,24.43,23.60,23.60,80200,17.65
2006-04-07,24.88,25.06,23.97,24.00,58000,17.95
2006-04-06,25.09,25.23,24.79,24.80,61500,18.55
2006-04-05,25.30,25.36,24.87,25.11,53000,18.78
2006-04-04,25.19,25.42,25.03,25.20,52000,18.85
2006-04-03,25.91,25.97,25.37,25.40,57900,19.00
2006-03-31,25.91,26.11,25.31,25.91,50700,19.38
2006-03-30,25.61,25.92,25.18,25.74,74100,19.25
2006-03-29,25.00,25.83,25.00,25.65,62600,19.19
2006-03-28,25.70,25.82,25.06,25.31,80100,18.93
2006-03-27,26.57,26.57,25.28,25.74,79300,19.25
2006-03-24,26.85,26.87,26.36,26.57,33100,19.87
2006-03-23,26.25,26.85,26.00,26.85,78200,20.08
2006-03-22,26.40,26.45,25.86,26.35,58700,19.71
2006-03-21,26.75,26.75,26.13,26.50,154600,19.82
2006-03-20,27.60,27.60,26.51,26.69,217100,19.96
2006-03-17,27.89,28.58,27.35,27.75,207400,20.76
2006-03-16,27.00,28.35,26.89,27.81,164400,20.80
2006-03-15,26.50,27.19,26.25,27.11,49600,20.02
2006-03-14,26.01,26.63,25.91,26.55,47100,19.61
2006-03-13,26.38,26.60,25.60,25.95,44500,19.17
2006-03-10,26.42,26.88,26.25,26.42,28600,19.52
2006-03-09,27.27,27.37,26.33,26.51,51200,19.58
2006-03-08,26.05,27.48,26.05,27.26,118800,20.14
2006-03-07,25.82,26.04,25.76,26.02,51100,19.22
2006-03-06,25.28,25.85,25.17,25.81,63700,19.06
2006-03-03,24.66,25.41,24.62,25.28,137100,18.67
2006-03-02,25.60,25.65,24.35,24.60,130200,18.17
2006-03-01,25.20,25.50,25.01,25.50,36100,18.84
2006-02-28,25.60,25.60,25.07,25.20,30400,18.61
2006-02-27,25.58,25.67,25.38,25.64,37700,18.94
2006-02-24,25.16,25.60,24.86,25.58,43000,18.89
2006-02-23,24.76,25.21,24.55,25.21,66100,18.62
2006-02-22,24.72,24.97,24.62,24.72,20900,18.26
2006-02-21,24.94,24.99,24.24,24.69,91700,18.24
2006-02-17,25.45,25.50,24.93,24.93,45500,18.41
2006-02-16,25.33,25.39,25.15,25.39,33800,18.75
2006-02-15,25.02,25.30,24.88,25.30,21800,18.69
2006-02-14,24.55,25.10,24.35,25.03,44200,18.49
2006-02-13,24.54,24.58,24.45,24.49,30700,18.09
2006-02-10,24.41,24.55,24.25,24.55,44200,18.13
2006-02-09,24.72,24.87,24.42,24.48,20400,18.08
2006-02-08,24.85,24.87,24.40,24.68,40300,18.23
2006-02-07,24.98,25.06,24.50,24.75,56700,18.28
2006-02-06,24.60,24.95,24.60,24.95,90100,18.43
2006-02-03,24.85,24.85,24.51,24.59,64100,18.16
2006-02-02,25.35,25.35,24.90,24.94,68300,18.42
2006-02-01,24.79,25.43,24.74,25.35,107400,18.72
2006-01-31,24.75,24.87,24.71,24.80,68800,18.32
2006-01-30,24.88,24.88,24.61,24.76,92800,18.29
2006-01-27,25.01,25.15,24.81,24.88,31000,18.38
2006-01-26,24.72,25.00,24.67,24.99,82100,18.46
2006-01-25,24.74,24.87,24.40,24.72,205300,18.26
2006-01-24,24.90,24.90,24.46,24.62,122200,18.19
2006-01-23,24.86,24.94,24.84,24.90,66500,18.39
2006-01-20,24.90,25.00,24.75,24.88,55500,18.38
2006-01-19,24.63,25.12,24.59,24.85,420900,18.36
2006-01-18,24.60,24.87,24.58,24.58,58800,18.16
2006-01-17,24.90,25.02,24.61,24.79,68200,18.31
2006-01-13,25.21,25.36,24.96,25.13,16000,18.56
2006-01-12,25.24,25.27,25.06,25.20,29700,18.61
2006-01-11,25.47,25.47,25.16,25.25,35000,18.65
2006-01-10,25.17,25.60,25.17,25.47,29500,18.81
2006-01-09,25.35,25.55,25.10,25.22,82700,18.63
2006-01-06,24.83,25.50,24.75,25.42,69500,18.78
2006-01-05,24.70,24.83,24.30,24.83,124700,18.34
2006-01-04,24.60,24.87,24.57,24.73,86800,18.27
2006-01-03,24.85,24.92,24.37,24.69,161800,18.24
2005-12-30,24.55,24.91,24.28,24.80,59200,18.32
2005-12-29,24.98,25.00,24.47,24.65,75000,18.21
2005-12-28,24.90,25.18,24.88,24.91,46200,18.40
2005-12-27,24.95,25.01,24.72,24.85,54500,18.36
2005-12-23,24.90,25.04,24.84,25.00,15500,18.47
2005-12-22,24.85,24.95,24.82,24.90,73900,18.39
2005-12-21,24.70,25.05,24.70,24.85,43200,18.36
2005-12-20,24.61,24.70,24.55,24.65,133700,18.21
2005-12-19,24.90,24.99,24.55,24.61,84600,18.18
2005-12-16,25.11,25.14,24.97,25.00,145900,18.47
2005-12-15,25.42,25.42,25.04,25.11,28500,18.55
2005-12-14,25.55,25.58,25.39,25.48,40500,18.82
2005-12-13,25.55,25.55,25.37,25.50,47700,18.84
2005-12-12,25.68,25.70,25.46,25.53,46500,18.86
2005-12-09,25.70,25.74,25.57,25.70,51500,18.98
2005-12-08,25.09,25.72,25.09,25.65,58200,18.95
2005-12-07,25.04,25.22,24.95,25.04,45900,18.50
2005-12-06,25.26,25.35,25.02,25.05,66900,18.50
2005-12-05,25.75,25.75,25.17,25.22,65500,18.63
2005-12-02,26.00,26.00,25.62,25.80,356900,19.06
2005-12-01,25.30,26.34,25.30,26.00,63700,19.20
2005-11-30,25.25,25.45,25.03,25.17,65700,18.59
2005-11-29,24.95,25.34,24.85,25.20,71200,18.61
2005-11-28,25.60,25.64,24.86,24.90,48400,18.39
2005-11-25,25.35,25.75,25.30,25.57,12600,18.89
2005-11-23,25.64,25.65,25.18,25.34,69000,18.72
2005-11-22,25.45,25.75,25.27,25.64,64600,18.94
2005-11-21,25.40,25.45,25.31,25.45,46800,18.80
2005-11-18,25.52,25.52,25.18,25.39,38400,18.75
2005-11-17,25.44,25.58,25.13,25.27,31100,18.67
2005-11-16,25.65,25.70,24.90,25.59,59600,18.65
2005-11-15,26.27,26.29,25.64,25.70,118900,18.73
2005-11-14,26.21,26.38,26.07,26.25,47900,19.13
2005-11-11,26.35,26.38,26.10,26.24,41900,19.13
2005-11-10,25.41,26.49,25.01,26.35,52100,19.21
2005-11-09,24.85,25.43,24.80,25.36,42600,18.48
2005-11-08,25.08,25.08,24.62,24.92,44900,18.16
2005-11-07,25.10,25.25,24.91,25.08,52400,18.28
2005-11-04,25.00,25.05,24.67,24.95,111400,18.19
2005-11-03,25.15,25.15,24.60,25.00,83300,18.22
2005-11-02,24.31,25.12,24.18,25.04,87600,18.25
2005-11-01,24.55,24.56,23.81,24.32,70100,17.73
2005-10-31,24.20,25.09,24.20,24.75,70300,18.04
2005-10-28,23.85,24.35,23.73,24.20,97200,17.64
2005-10-27,23.74,24.09,23.66,23.71,52600,17.28
2005-10-26,23.92,23.99,23.60,23.74,60200,17.30
2005-10-25,23.92,23.92,23.45,23.92,117100,17.44
2005-10-24,23.50,23.93,23.40,23.92,74000,17.44
2005-10-21,23.25,23.73,23.05,23.38,169600,17.04
2005-10-20,23.95,24.01,22.90,23.14,57300,16.87
2005-10-19,23.11,23.99,23.00,23.95,92900,17.46
2005-10-18,23.54,23.59,23.10,23.11,40700,16.84
2005-10-17,23.60,23.63,23.05,23.54,65000,17.16
2005-10-14,23.05,23.62,22.74,23.56,130900,17.17
2005-10-13,22.75,23.08,22.60,22.96,236300,16.74
2005-10-12,22.94,23.10,22.60,22.79,139400,16.61
2005-10-11,23.05,23.09,22.87,23.02,96400,16.78
2005-10-10,23.25,23.25,23.02,23.06,59000,16.81
2005-10-07,23.35,23.40,22.86,23.10,79400,16.84
2005-10-06,23.64,23.64,23.04,23.15,143500,16.87
2005-10-05,24.01,24.01,23.50,23.64,78700,17.23
2005-10-04,24.00,24.13,23.90,24.01,116400,17.50
2005-10-03,24.02,24.52,23.96,24.01,134500,17.50
2005-09-30,23.25,24.07,23.25,24.02,98300,17.51
2005-09-29,22.90,23.25,22.85,23.25,39300,16.95
2005-09-28,23.00,23.00,22.65,22.86,183100,16.66
2005-09-27,22.95,22.95,22.82,22.95,125100,16.73
2005-09-26,22.65,22.96,22.62,22.95,63100,16.73
2005-09-23,22.60,22.60,22.28,22.51,119000,16.41
2005-09-22,22.00,22.73,21.75,22.54,87400,16.43
2005-09-21,22.79,22.86,22.11,22.15,146300,16.15
2005-09-20,23.00,23.15,22.65,22.79,103900,16.61
2005-09-19,23.05,23.25,22.91,23.01,209000,16.77
2005-09-16,22.80,23.15,22.35,23.00,265900,16.76
2005-09-15,23.03,23.20,22.93,22.94,61500,16.72
2005-09-14,23.00,23.16,22.95,22.98,37500,16.75
2005-09-13,23.39,23.44,22.85,22.93,71100,16.71
2005-09-12,23.02,23.51,23.00,23.39,48000,17.05
2005-09-09,23.37,23.37,23.15,23.16,70800,16.88
2005-09-08,23.49,23.50,23.05,23.36,65600,17.03
2005-09-07,23.99,23.99,23.55,23.61,50100,17.21
2005-09-06,23.60,24.10,23.60,24.00,83500,17.49
2005-09-02,23.90,23.95,23.40,23.55,35000,17.17
2005-09-01,23.56,24.20,23.56,23.80,80200,17.35
2005-08-31,23.40,23.59,23.29,23.55,159500,17.17
2005-08-30,23.55,23.55,23.28,23.40,75500,17.06
2005-08-29,23.50,23.59,23.44,23.52,145600,17.14
2005-08-26,23.80,23.92,23.47,23.59,283100,17.19
2005-08-25,23.85,24.00,23.82,23.87,76800,17.40
2005-08-24,23.95,24.05,23.80,23.81,138800,17.36
2005-08-23,23.90,23.90,23.55,23.85,180200,17.38
2005-08-22,24.02,24.29,23.85,23.90,305200,17.42
2005-08-19,24.11,24.46,23.91,23.92,87100,17.44
2005-08-18,24.10,24.35,23.93,24.10,113000,17.57
2005-08-17,24.35,24.40,24.10,24.17,40300,17.62
2005-08-16,24.14,24.49,24.05,24.25,43000,17.68
2005-08-15,23.77,24.54,23.70,24.09,100800,17.56
2005-08-12,24.05,24.05,23.75,23.77,88300,17.33
2005-08-11,23.00,24.50,22.93,24.50,386000,17.61
2005-08-10,24.15,24.27,23.95,24.04,104400,17.28
2005-08-09,23.90,24.24,23.90,24.11,196900,17.33
2005-08-08,24.25,24.25,23.65,23.77,184000,17.09
2005-08-05,24.55,24.58,24.02,24.26,433200,17.44
2005-08-04,24.78,24.87,24.42,24.64,135800,17.71
2005-08-03,25.01,25.01,24.59,24.79,476900,17.82
2005-08-02,25.14,25.20,24.73,24.95,84400,17.94
2005-08-01,25.06,25.25,24.85,25.03,108400,17.99
2005-07-29,25.00,25.15,24.95,25.05,145400,18.01
2005-07-28,24.50,25.20,24.42,24.99,257200,17.96
2005-07-27,24.20,24.36,24.15,24.36,139500,17.51
2005-07-26,23.85,24.30,23.85,24.15,244900,17.36
2005-07-25,23.90,24.09,23.77,23.86,71400,17.15
2005-07-22,23.57,23.85,23.37,23.85,65000,17.14
2005-07-21,24.00,24.00,23.40,23.56,34300,16.94
2005-07-20,23.83,23.99,23.70,23.98,100200,17.24
2005-07-19,23.79,23.94,23.70,23.83,76600,17.13
2005-07-18,23.50,23.80,23.39,23.75,49300,17.07
2005-07-15,23.45,23.50,23.30,23.50,116300,16.89
2005-07-14,23.95,24.00,23.28,23.45,147100,16.86
2005-07-13,23.83,23.95,23.57,23.81,92000,17.12
2005-07-12,23.80,23.95,23.72,23.79,92800,17.10
2005-07-11,23.70,23.85,23.45,23.85,100700,17.14
2005-07-08,23.00,24.05,23.00,23.66,134000,17.01
2005-07-07,22.75,23.09,22.65,23.00,107800,16.53
2005-07-06,22.70,22.75,22.60,22.75,78800,16.35
2005-07-05,22.72,22.75,22.52,22.72,78900,16.33
2005-07-01,22.68,22.78,22.50,22.72,124200,16.33
2005-06-30,22.70,22.75,22.55,22.68,221500,16.30
2005-06-29,22.93,23.08,22.49,22.60,1505500,16.25
2005-06-28,22.20,23.36,22.20,23.04,264500,16.56
2005-06-27,21.40,22.50,21.30,22.16,158700,15.93
2005-06-24,21.20,21.56,21.20,21.40,193000,15.38
2005-06-23,21.00,21.33,20.95,21.20,86400,15.24
2005-06-22,21.55,21.55,20.93,21.08,63700,15.15
2005-06-21,21.72,21.80,21.55,21.55,34700,15.49
2005-06-20,21.95,21.95,21.71,21.71,26000,15.61
2005-06-17,22.05,22.10,21.83,21.97,162100,15.79
2005-06-16,22.00,22.45,21.91,22.14,67300,15.92
2005-06-15,21.00,22.05,20.86,21.97,87900,15.79
2005-06-14,20.65,20.96,20.63,20.96,140600,15.07
2005-06-13,20.59,20.76,20.50,20.65,472200,14.84
2005-06-10,20.48,20.59,20.39,20.59,95500,14.80
2005-06-09,20.44,20.50,20.37,20.48,26100,14.72
2005-06-08,20.35,20.51,20.35,20.44,112000,14.69
2005-06-07,20.60,20.68,20.40,20.48,92100,14.72
2005-06-06,20.64,20.65,20.44,20.56,41600,14.78
2005-06-03,20.63,20.85,20.60,20.64,285500,14.84
2005-06-02,20.60,20.65,20.51,20.60,130700,14.81
2005-06-01,20.55,20.60,20.51,20.60,54000,14.81
2005-05-31,20.51,20.60,20.40,20.50,18400,14.74
2005-05-27,20.30,20.50,20.30,20.50,1900,14.74
2005-05-26,20.50,20.50,20.15,20.29,62000,14.59
2005-05-25,20.88,20.88,20.15,20.45,16900,14.70
2005-05-24,20.80,21.00,20.80,20.94,8100,15.05
2005-05-23,20.75,21.49,20.75,21.24,19200,15.27
2005-05-20,20.55,20.65,20.40,20.65,87100,14.84
2005-05-19,20.60,20.62,20.53,20.58,42300,14.79
2005-05-18,20.60,20.65,20.55,20.59,46500,14.80
2005-05-17,20.35,20.65,20.25,20.50,9600,14.74
2005-05-16,20.65,20.88,20.65,20.75,29600,14.67
2005-05-13,20.70,20.80,20.62,20.62,25700,14.58
2005-05-12,20.74,20.79,20.72,20.72,12100,14.65
2005-05-11,20.80,20.80,20.55,20.74,14700,14.67
2005-05-10,20.70,20.80,20.65,20.80,107500,14.71
2005-05-09,20.61,20.75,20.61,20.75,12800,14.67
2005-05-06,20.85,20.85,20.50,20.60,21300,14.57
2005-05-05,20.90,20.95,20.80,20.85,17400,14.74
2005-05-04,21.07,21.07,20.90,20.98,32200,14.84
2005-05-03,21.20,21.22,21.06,21.07,10100,14.90
2005-05-02,21.10,21.20,21.00,21.20,59900,14.99
2005-04-29,21.20,21.20,20.90,20.98,27000,14.84
2005-04-28,20.65,21.30,20.55,21.10,54200,14.92
2005-04-27,20.25,20.88,20.03,20.77,12900,14.69
2005-04-26,19.90,20.30,19.65,20.30,29000,14.35
2005-04-25,19.50,19.82,19.50,19.80,70400,14.00
2005-04-22,19.45,19.52,19.19,19.52,14600,13.80
2005-04-21,19.20,19.49,19.11,19.37,13800,13.70
2005-04-20,20.25,20.25,19.04,19.10,91500,13.51
2005-04-19,19.75,20.25,19.75,20.25,7300,14.32
2005-04-18,19.21,19.65,19.21,19.64,10500,13.89
2005-04-15,20.06,20.06,19.20,19.21,16800,13.58
2005-04-14,20.50,20.55,20.05,20.06,13500,14.19
2005-04-13,20.80,20.80,20.50,20.50,7100,14.50
2005-04-12,20.45,20.95,20.30,20.86,12400,14.75
2005-04-11,20.90,20.95,20.29,20.30,12200,14.35
2005-04-08,21.20,21.20,20.85,20.85,5600,14.74
2005-04-07,21.20,21.40,21.10,21.11,7700,14.93
2005-04-06,21.25,21.45,21.25,21.45,8200,15.17
2005-04-05,21.00,21.30,20.90,21.15,13400,14.96
2005-04-04,21.60,21.60,20.79,21.00,15900,14.85
2005-04-01,21.00,21.80,20.42,21.55,52800,15.24
2005-03-31,20.85,21.13,20.67,21.00,31300,14.85
2005-03-30,20.45,20.90,20.32,20.80,21700,14.71
2005-03-29,20.20,20.50,20.05,20.45,42400,14.46
2005-03-28,20.75,20.84,20.05,20.07,33800,14.19
2005-03-24,20.90,21.08,20.52,20.65,58000,14.60
2005-03-23,21.55,21.55,20.67,20.70,72300,14.64
2005-03-22,21.85,22.06,21.59,21.59,144100,15.27
2005-03-21,21.95,22.10,21.60,21.75,112300,15.38
2005-03-18,22.27,22.27,21.95,21.95,73300,15.52
2005-03-17,22.10,22.26,22.07,22.24,11400,15.73
2005-03-16,22.01,22.15,22.00,22.05,144000,15.59
2005-03-15,22.16,22.28,22.00,22.01,49800,15.56
2005-03-14,22.09,22.20,22.00,22.20,19500,15.70
2005-03-11,21.95,22.09,21.91,22.08,260300,15.61
2005-03-10,22.10,22.21,21.80,21.95,78800,15.52
2005-03-09,22.05,22.15,21.78,22.02,41300,15.57
2005-03-08,21.93,22.20,21.70,22.05,30900,15.59
2005-03-07,22.05,22.20,21.90,21.93,30200,15.51
2005-03-04,22.00,22.10,21.95,22.05,22900,15.59
2005-03-03,21.79,21.96,21.65,21.96,30000,15.53
2005-03-02,21.79,21.82,21.60,21.79,27500,15.41
2005-03-01,21.05,21.94,21.05,21.79,62300,15.41
2005-02-28,21.22,21.30,20.99,21.10,51200,14.92
2005-02-25,21.30,21.45,21.10,21.28,23900,15.05
2005-02-24,21.37,21.37,21.15,21.30,13500,15.06
2005-02-23,21.25,21.40,21.20,21.35,167500,15.10
2005-02-22,21.62,21.85,21.34,21.44,41100,14.92
2005-02-18,21.55,21.73,21.50,21.62,15800,15.05
2005-02-17,21.50,21.60,21.46,21.54,20300,14.99
2005-02-16,21.88,21.90,21.32,21.54,216400,14.99
2005-02-15,22.25,22.30,21.87,21.88,12200,15.23
2005-02-14,22.20,22.30,22.04,22.18,26000,15.44
2005-02-11,21.85,22.25,21.80,22.21,32800,15.46
2005-02-10,22.00,22.10,21.80,21.80,18800,15.17
2005-02-09,22.25,22.30,21.90,21.91,18500,15.25
2005-02-08,22.10,22.30,22.09,22.21,165500,15.46
2005-02-07,21.85,22.29,21.82,22.25,162200,15.49
2005-02-04,21.25,21.85,21.25,21.75,58100,15.14
2005-02-03,21.30,21.38,21.11,21.25,44400,14.79
2005-02-02,21.05,21.55,21.05,21.30,69300,14.82
2005-02-01,20.25,20.95,20.25,20.95,29700,14.58
2005-01-31,20.15,20.40,20.15,20.25,35900,14.09
2005-01-28,19.75,20.10,19.75,20.03,94200,13.94
2005-01-27,20.74,20.91,19.09,19.30,68100,13.43
2005-01-26,21.05,21.05,20.60,20.74,47400,14.43
2005-01-25,21.56,21.76,20.95,21.01,102100,14.62
2005-01-24,21.90,21.90,21.55,21.55,18400,15.00
2005-01-21,21.60,21.87,21.45,21.85,107000,15.21
2005-01-20,21.90,21.90,21.40,21.42,58400,14.91
2005-01-19,21.90,22.00,21.62,21.99,37900,15.30
2005-01-18,21.50,21.90,21.40,21.90,53100,15.24
2005-01-14,21.25,21.60,21.15,21.50,92900,14.96
2005-01-13,21.56,21.72,21.10,21.15,567400,14.72
2005-01-12,21.50,21.60,20.85,21.56,37100,15.01
2005-01-11,21.64,21.64,21.45,21.50,10700,14.96
2005-01-10,21.15,21.69,21.15,21.69,31800,15.10
2005-01-07,21.02,21.20,20.90,21.15,43100,14.72
2005-01-06,21.21,21.21,20.75,21.02,63000,14.63
2005-01-05,21.95,21.95,21.09,21.20,109800,14.75
2005-01-04,22.65,22.65,21.60,22.05,61800,15.35
2005-01-03,22.60,22.75,22.41,22.55,205000,15.69
2004-12-31,22.30,22.54,22.30,22.49,24500,15.65
2004-12-30,22.30,22.52,22.28,22.45,11400,15.62
2004-12-29,22.48,22.49,22.33,22.45,10300,15.62
2004-12-28,22.22,23.06,22.22,22.48,9500,15.65
2004-12-27,22.37,22.47,22.12,22.12,12500,15.40
2004-12-23,22.30,22.37,22.25,22.37,10800,15.57
2004-12-22,22.10,22.34,22.02,22.30,109500,15.52
2004-12-21,21.80,22.30,21.80,22.20,50300,15.45
2004-12-20,21.93,21.95,21.50,21.75,33200,15.14
2004-12-17,21.40,21.98,21.33,21.93,77500,15.26
2004-12-16,21.35,21.38,21.22,21.31,66500,14.83
2004-12-15,22.00,22.00,21.30,21.50,33200,14.96
2004-12-14,22.00,22.00,21.90,21.99,67400,15.30
2004-12-13,21.65,22.00,21.40,21.99,41500,15.30
2004-12-10,21.02,21.65,21.00,21.65,58000,15.07
2004-12-09,21.15,21.25,21.12,21.17,34700,14.73
2004-12-08,20.84,21.19,20.55,21.15,58100,14.72
2004-12-07,21.70,21.75,20.83,20.83,47000,14.50
2004-12-06,21.52,21.79,21.45,21.67,56900,15.08
2004-12-03,21.75,21.85,21.46,21.56,21100,15.01
2004-12-02,21.84,22.19,21.61,21.72,53300,15.12
2004-12-01,21.00,21.87,20.91,21.84,55900,15.20
2004-11-30,21.02,21.02,20.75,20.90,44100,14.55
2004-11-29,20.85,21.25,20.85,21.02,47100,14.63
2004-11-26,20.75,20.75,20.52,20.70,19000,14.41
2004-11-24,20.65,20.80,20.58,20.65,26800,14.37
2004-11-23,20.75,20.80,20.41,20.60,103000,14.34
2004-11-22,20.30,20.68,20.30,20.68,117500,14.39
2004-11-19,20.42,20.50,20.26,20.30,55800,14.13
2004-11-18,20.20,20.41,20.10,20.40,38300,14.20
2004-11-17,19.95,20.45,19.95,20.40,118900,14.08
2004-11-16,19.30,19.90,19.30,19.80,96600,13.67
2004-11-15,19.20,19.35,19.15,19.30,112100,13.32
2004-11-12,19.00,19.20,18.85,19.20,69600,13.25
2004-11-11,19.09,19.10,18.90,19.00,12100,13.12
2004-11-10,18.95,19.10,18.95,19.09,50900,13.18
2004-11-09,19.05,19.10,18.70,18.96,27500,13.09
2004-11-08,19.09,19.10,18.95,19.05,20800,13.15
2004-11-05,19.05,19.25,18.95,19.09,10800,13.18
2004-11-04,19.00,19.05,18.99,19.04,22800,13.14
2004-11-03,19.00,19.25,18.90,19.00,60300,13.12
2004-11-02,18.80,19.05,18.75,19.00,20000,13.12
2004-11-01,18.90,18.90,18.50,18.75,36600,12.94
2004-10-29,18.95,18.95,18.58,18.90,46300,13.05
2004-10-28,19.01,19.10,18.94,18.95,168200,13.08
2004-10-27,19.18,19.35,18.90,19.01,70200,13.12
2004-10-26,19.25,19.48,19.15,19.28,50300,13.31
2004-10-25,19.60,19.60,19.11,19.28,29800,13.31
2004-10-22,19.70,19.80,19.55,19.64,66800,13.56
2004-10-21,19.98,19.98,19.57,19.70,28400,13.60
2004-10-20,19.68,19.90,19.50,19.90,36800,13.74
2004-10-19,19.68,19.70,19.59,19.68,26200,13.59
2004-10-18,19.70,19.79,19.60,19.60,23300,13.53
2004-10-15,19.57,19.70,19.55,19.60,79900,13.53
2004-10-14,19.55,19.62,19.50,19.57,94600,13.51
2004-10-13,19.72,19.75,19.53,19.62,95000,13.54
2004-10-12,19.40,19.72,19.27,19.72,63600,13.61
2004-10-11,19.47,19.47,19.10,19.40,61200,13.39
2004-10-08,19.20,19.60,19.20,19.47,81200,13.44
2004-10-07,19.45,19.55,18.95,19.22,81100,13.27
2004-10-06,19.03,19.33,19.03,19.30,53100,13.32
2004-10-05,19.02,19.03,18.89,19.03,81700,13.14
2004-10-04,18.90,19.07,18.90,19.00,136200,13.12
2004-10-01,18.62,18.90,18.50,18.90,78800,13.05
2004-09-30,18.50,18.65,18.05,18.56,473100,12.81
2004-09-29,18.70,18.75,18.33,18.45,354700,12.74
2004-09-28,18.45,18.60,18.44,18.60,159900,12.84
2004-09-27,18.60,18.70,18.40,18.45,384300,12.74
2004-09-24,18.75,18.94,18.60,18.73,106700,12.93
2004-09-23,18.65,19.05,18.60,18.75,90000,12.94
2004-09-22,18.50,18.82,18.50,18.77,51500,12.96
2004-09-21,18.75,18.80,18.50,18.80,136800,12.98
2004-09-20,18.43,18.78,18.25,18.70,100500,12.91
2004-09-17,18.40,18.42,18.32,18.39,42400,12.70
2004-09-16,18.25,18.44,18.02,18.35,82700,12.67
2004-09-15,18.11,18.25,17.90,18.24,58200,12.59
2004-09-14,18.05,18.40,18.05,18.30,61900,12.63
2004-09-13,17.71,18.35,17.71,18.29,151400,12.63
2004-09-10,18.02,18.34,17.95,18.25,71100,12.60
2004-09-09,18.06,18.10,17.82,18.08,410300,12.48
2004-09-08,18.15,18.15,17.95,18.07,135100,12.47
2004-09-07,18.00,18.20,17.90,18.06,106300,12.47
2004-09-03,17.96,18.10,17.90,18.00,29900,12.43
2004-09-02,17.80,18.09,17.80,17.92,98600,12.37
2004-09-01,17.85,17.90,17.63,17.85,94500,12.32
2004-08-31,17.45,17.80,17.42,17.70,77500,12.22
2004-08-30,17.65,17.70,17.48,17.54,73100,12.11
2004-08-27,17.30,17.59,17.30,17.59,38100,12.14
2004-08-26,17.60,17.72,17.50,17.51,75700,12.09
2004-08-25,17.62,17.62,17.50,17.55,13500,12.12
2004-08-24,17.49,17.80,17.49,17.62,99800,12.16
2004-08-23,17.45,17.50,17.25,17.42,30700,12.03
2004-08-20,17.09,17.50,17.09,17.40,131700,12.01
2004-08-19,17.10,17.40,17.09,17.09,64700,11.80
2004-08-18,17.25,17.29,17.00,17.11,121300,11.81
2004-08-17,17.35,17.40,17.15,17.34,295900,11.97
2004-08-16,17.54,17.54,17.50,17.50,684700,12.08
