Date,Open,High,Low,Close,Volume,Adj Close
2012-05-04,61.30,61.97,60.61,60.64,12604900,60.64
2012-05-03,62.13,62.73,61.34,61.72,9556600,61.72
2012-05-02,61.64,62.56,61.54,62.43,4900000,62.43
2012-05-01,61.53,62.59,61.36,61.43,5076500,61.43
2012-04-30,62.81,63.03,61.63,61.74,6645300,61.74
2012-04-27,61.64,62.61,61.37,62.44,7385600,62.44
2012-04-26,60.45,61.52,60.25,61.40,6697700,61.40
2012-04-25,60.04,60.61,59.87,60.54,8249500,60.54
2012-04-24,60.09,60.10,58.84,59.33,10914600,59.33
2012-04-23,60.36,60.37,59.67,60.24,4268000,60.24
2012-04-20,61.01,61.30,60.72,60.94,5533300,60.94
2012-04-19,61.15,61.66,60.37,60.71,6880700,60.71
2012-04-18,61.14,61.46,60.81,61.25,6052700,61.25
2012-04-17,60.75,61.63,60.52,61.35,8424200,61.35
2012-04-16,60.20,60.55,59.35,60.15,7020300,60.15
2012-04-13,60.26,60.58,59.68,59.87,7111000,59.87
2012-04-12,59.85,60.69,59.63,60.55,5686900,60.55
2012-04-11,59.44,59.79,59.30,59.78,5119100,59.78
2012-04-10,60.38,60.43,58.73,58.77,9824100,58.77
2012-04-09,59.97,60.52,59.72,60.42,6931300,60.42
2012-04-05,61.06,61.62,60.92,60.96,7588000,60.96
2012-04-04,61.27,61.58,60.81,61.27,6431700,61.27
2012-04-03,61.79,62.46,61.63,61.87,5069200,61.87
2012-04-02,61.16,61.99,61.11,61.78,4705500,61.78
2012-03-30,62.11,62.14,61.19,61.25,2983700,61.25
2012-03-29,61.52,61.87,61.16,61.76,7929100,61.76
2012-03-28,62.59,62.59,61.42,61.89,5261600,61.89
2012-03-27,62.80,63.04,62.50,62.55,4792900,62.55
2012-03-26,61.98,62.92,61.94,62.84,7162200,62.84
2012-03-23,61.39,61.63,60.46,61.59,5022000,61.59
2012-03-22,61.20,61.81,61.08,61.49,6058400,61.49
2012-03-21,61.67,61.90,61.56,61.61,4989700,61.61
2012-03-20,60.78,61.69,60.60,61.47,6574500,61.47
2012-03-19,60.93,61.40,60.48,61.08,6435500,61.08
2012-03-16,61.65,61.73,60.85,61.00,8055400,61.00
2012-03-15,61.35,61.72,60.73,61.72,7113400,61.62
2012-03-14,61.56,61.56,61.05,61.32,3268800,61.22
2012-03-13,61.02,61.48,60.58,61.45,6145400,61.35
2012-03-12,60.86,60.86,60.41,60.67,3368700,60.57
2012-03-09,60.23,61.04,60.05,60.82,5939300,60.72
2012-03-08,59.86,60.18,59.52,60.11,4920200,60.01
2012-03-07,59.04,59.52,58.63,59.39,5338100,59.29
2012-03-06,59.00,59.13,58.71,58.91,6388600,58.81
2012-03-05,59.35,59.81,59.17,59.66,5048000,59.56
2012-03-02,59.71,60.12,59.26,59.51,7015800,59.41
2012-03-01,59.31,59.91,59.10,59.53,8286600,59.43
2012-02-29,59.79,59.87,58.84,58.88,6614300,58.78
2012-02-28,58.78,59.78,58.78,59.72,8488600,59.62
2012-02-27,58.13,58.81,57.95,58.70,5993900,58.60
2012-02-24,58.39,58.88,58.06,58.37,8977100,58.28
2012-02-23,57.90,58.83,57.79,58.55,9187000,58.46
2012-02-22,58.05,58.36,57.67,57.87,6684000,57.78
2012-02-21,58.97,59.18,57.77,57.96,7891400,57.87
2012-02-17,58.61,58.92,58.43,58.84,5940200,58.74
2012-02-16,57.53,58.37,57.53,58.35,3972900,58.26
2012-02-15,58.25,58.37,57.40,57.50,7422600,57.41
2012-02-14,57.34,58.13,57.27,58.09,8215500,58.00
2012-02-13,57.79,57.85,57.32,57.61,3598800,57.52
2012-02-10,57.12,57.44,56.96,57.28,3743900,57.19
2012-02-09,57.29,57.69,56.93,57.56,3773900,57.47
2012-02-08,57.44,57.77,56.96,57.37,4715400,57.28
2012-02-07,56.88,57.38,56.76,57.33,4253100,57.24
2012-02-06,56.68,57.30,56.52,57.09,6668000,57.00
2012-02-03,56.36,57.05,56.32,56.90,6504100,56.81
2012-02-02,55.85,56.11,55.57,55.78,4902000,55.69
2012-02-01,55.40,55.93,55.31,55.70,5677900,55.61
2012-01-31,55.66,55.75,54.72,55.15,7394200,55.06
2012-01-30,55.50,55.75,55.17,55.70,4181300,55.61
2012-01-27,55.09,55.95,54.95,55.81,3461700,55.72
2012-01-26,56.05,56.35,55.22,55.45,6358100,55.36
2012-01-25,55.32,55.92,54.90,55.85,8209900,55.76
2012-01-24,54.60,55.37,54.55,55.36,3970000,55.27
2012-01-23,54.84,55.30,54.46,54.88,4449400,54.79
2012-01-20,54.91,55.02,54.48,54.77,5821200,54.68
2012-01-19,54.36,55.09,54.36,55.09,5139100,55.00
2012-01-18,52.98,54.40,52.88,54.36,10243700,54.27
2012-01-17,53.28,53.38,52.85,52.99,3116800,52.90
2012-01-13,52.42,53.18,52.39,52.74,4858500,52.65
2012-01-12,52.66,52.95,52.07,52.84,5725400,52.75
2012-01-11,52.43,52.78,52.31,52.78,4962200,52.69
2012-01-10,53.01,53.14,52.55,52.81,5911600,52.72
2012-01-09,52.13,52.80,51.77,52.67,5516500,52.58
2012-01-06,52.45,52.70,52.01,52.07,6281900,51.99
2012-01-05,51.95,52.76,51.31,52.67,12858800,52.58
2012-01-04,52.28,52.70,52.08,52.38,5711700,52.30
2012-01-03,53.39,53.49,52.45,52.53,6490000,52.44
2011-12-30,52.69,52.89,52.53,52.55,1946300,52.46
2011-12-29,52.74,52.90,52.38,52.82,5751000,52.73
2011-12-28,53.01,53.15,52.45,52.51,3330700,52.42
2011-12-27,52.95,53.24,52.68,53.14,1601100,53.05
2011-12-23,52.81,53.09,52.55,53.05,2453700,52.96
2011-12-22,52.94,53.23,52.54,52.59,6645200,52.50
2011-12-21,52.35,52.85,51.69,52.76,6421700,52.67
2011-12-20,51.76,52.65,51.66,52.54,6856800,52.45
2011-12-19,52.15,52.33,50.70,50.84,7165900,50.76
2011-12-16,51.51,52.15,51.18,51.49,10360400,51.41
2011-12-15,51.72,51.87,51.21,51.33,9495300,51.02
2011-12-14,51.30,51.64,50.77,51.00,10525900,50.69
2011-12-13,53.28,53.63,51.39,51.64,10402600,51.33
2011-12-12,53.00,53.23,52.46,53.23,6112600,52.91
2011-12-09,52.56,53.67,52.15,53.51,10757700,53.19
2011-12-08,52.94,53.22,52.09,52.29,9669300,51.97
2011-12-07,52.91,53.57,52.44,53.32,7037200,53.00
2011-12-06,53.37,53.46,52.82,53.17,6237900,52.85
2011-12-05,53.29,53.70,52.98,53.35,5756000,53.03
2011-12-02,52.62,53.01,52.43,52.56,4949900,52.24
2011-12-01,51.68,52.75,51.22,52.00,7018700,51.69
2011-11-30,51.53,51.89,51.12,51.88,9123700,51.57
2011-11-29,50.19,50.52,49.64,50.12,10682900,49.82
2011-11-28,49.90,50.75,49.69,50.17,9153300,49.87
2011-11-25,49.01,49.29,48.43,48.50,5240000,48.21
2011-11-23,49.81,50.01,48.95,48.98,8146300,48.68
2011-11-22,50.60,50.96,49.99,50.28,6823600,49.98
2011-11-21,50.87,50.96,50.00,50.65,6929500,50.34
2011-11-18,51.70,51.89,50.98,51.34,8781600,51.03
2011-11-17,52.29,52.49,51.15,51.43,13174200,51.12
2011-11-16,52.83,53.42,52.00,52.12,10559600,51.81
2011-11-15,52.96,53.62,52.49,53.37,6748000,53.05
2011-11-14,53.43,53.58,52.64,53.14,5656900,52.82
2011-11-11,52.56,53.69,52.14,53.57,10235700,53.25
2011-11-10,52.13,52.42,51.61,52.12,12284200,51.81
2011-11-09,52.12,52.50,51.33,51.41,9729400,51.10
2011-11-08,53.70,53.75,52.34,53.64,10124900,53.32
2011-11-07,52.83,53.33,52.25,53.06,5631500,52.74
2011-11-04,52.72,53.19,52.20,53.07,7951100,52.75
2011-11-03,53.05,53.36,51.60,53.26,15702500,52.94
2011-11-02,52.92,53.20,52.20,53.07,7769500,52.75
2011-11-01,51.13,52.68,50.95,51.93,14872500,51.62
2011-10-31,52.81,53.57,52.56,52.58,10520600,52.26
2011-10-28,53.89,54.72,53.01,53.65,14287500,53.33
2011-10-27,54.16,54.92,53.15,54.49,15824100,54.16
2011-10-26,52.87,53.07,51.16,52.45,14516800,52.13
2011-10-25,53.54,53.54,52.35,52.42,8049600,52.10
2011-10-24,52.36,53.95,52.26,53.76,10928300,53.44
2011-10-21,51.63,52.41,51.44,52.16,8371400,51.85
2011-10-20,51.23,51.23,49.93,51.11,9504200,50.80
2011-10-19,50.91,51.63,50.39,50.58,10561300,50.27
2011-10-18,49.80,51.35,49.08,50.99,12256500,50.68
2011-10-17,50.58,51.09,49.76,49.82,9207400,49.52
2011-10-14,51.10,51.10,50.04,50.94,7574000,50.63
2011-10-13,50.16,50.80,49.64,50.07,14973100,49.77
2011-10-12,50.58,51.12,49.99,50.52,11362100,50.22
2011-10-11,49.49,50.27,49.04,50.17,12315400,49.87
2011-10-10,49.01,49.99,49.00,49.84,5257700,49.54
2011-10-07,49.07,49.39,47.78,48.23,11197800,47.94
2011-10-06,47.56,48.69,47.38,48.63,11168100,48.34
2011-10-05,47.00,47.75,46.31,47.49,14026000,47.20
2011-10-04,44.04,46.89,43.61,46.85,19153400,46.57
2011-10-03,46.08,46.51,44.41,44.44,17850200,44.17
2011-09-30,46.68,47.57,46.17,46.22,9836200,45.94
2011-09-29,48.66,48.77,46.13,47.60,10699300,47.31
2011-09-28,49.02,49.36,47.65,47.67,8429900,47.38
2011-09-27,49.46,49.98,48.54,48.87,10481600,48.58
2011-09-26,47.41,48.57,46.87,48.53,11712300,48.24
2011-09-23,45.86,47.19,45.86,46.91,11260500,46.63
2011-09-22,45.98,47.09,45.36,46.04,19756600,45.76
2011-09-21,49.03,49.43,47.26,47.26,8554100,46.97
2011-09-20,49.74,50.44,48.94,48.99,6335100,48.69
2011-09-19,49.48,50.27,48.67,49.85,11087200,49.55
2011-09-16,49.61,50.47,49.61,50.06,12666800,49.76
2011-09-15,49.94,50.24,49.24,49.85,10325500,49.45
2011-09-14,49.03,50.09,48.27,49.50,11383000,49.10
2011-09-13,48.03,49.00,47.60,48.68,10077200,48.29
2011-09-12,46.52,47.92,46.47,47.85,12719000,47.47
2011-09-09,47.55,48.20,46.79,47.22,11730300,46.84
2011-09-08,48.68,49.23,47.83,48.07,10445800,47.68
2011-09-07,47.87,49.15,47.60,49.13,12283500,48.74
2011-09-06,45.42,47.15,45.33,47.10,13091200,46.72
2011-09-02,47.87,47.87,46.75,46.86,9087600,46.48
2011-09-01,49.60,50.17,48.36,48.50,11368300,48.11
2011-08-31,49.61,50.50,49.18,49.60,10258400,49.20
2011-08-30,48.66,49.61,48.22,49.25,10611700,48.86
2011-08-29,47.62,49.09,47.49,49.04,6035400,48.65
2011-08-26,45.49,47.35,44.90,47.12,13334300,46.74
2011-08-25,46.91,47.77,45.64,45.73,7548300,45.36
2011-08-24,46.24,47.19,45.75,46.74,8007800,46.37
2011-08-23,44.24,46.31,43.86,46.26,11724800,45.89
2011-08-22,45.09,45.09,43.79,44.12,9660200,43.77
2011-08-19,44.00,45.12,43.50,43.83,11697100,43.48
2011-08-18,45.20,45.42,43.93,44.33,14088700,43.97
2011-08-17,47.51,48.06,45.99,46.68,13914200,46.31
2011-08-16,47.20,47.52,46.46,47.23,11112800,46.85
2011-08-15,47.25,47.83,46.70,47.77,12454700,47.39
2011-08-12,48.09,48.21,46.12,47.15,17627700,46.77
2011-08-11,45.64,47.85,45.26,47.21,14582600,46.83
2011-08-10,46.24,46.83,44.97,45.00,15878300,44.64
2011-08-09,45.88,47.35,43.75,47.33,22676900,46.95
2011-08-08,47.50,48.00,44.37,44.69,23745700,44.33
2011-08-05,49.31,49.39,47.42,48.69,21880200,48.30
2011-08-04,51.00,51.09,48.46,48.46,23153100,48.07
2011-08-03,50.87,51.97,49.89,51.93,19313900,51.51
2011-08-02,52.65,53.30,50.83,50.84,15653100,50.43
2011-08-01,53.93,54.00,52.46,53.03,9866400,52.61
2011-07-29,52.80,53.67,52.27,53.26,11136100,52.83
2011-07-28,53.35,54.04,53.15,53.25,8490300,52.82
2011-07-27,54.75,54.84,53.24,53.28,9442100,52.85
2011-07-26,54.32,55.11,54.31,55.00,7277300,54.56
2011-07-25,54.35,54.87,54.23,54.34,6184500,53.90
2011-07-22,54.94,55.11,54.45,54.95,3488800,54.51
2011-07-21,54.76,55.31,54.46,54.93,8352600,54.49
2011-07-20,55.00,55.08,54.15,54.52,7390700,54.08
2011-07-19,54.17,54.99,54.17,54.88,8328200,54.44
2011-07-18,54.09,54.13,53.24,53.74,7826000,53.31
2011-07-15,54.40,54.41,53.70,54.30,9080200,53.87
2011-07-14,54.92,55.20,53.76,54.10,11275900,53.67
2011-07-13,54.79,55.45,54.61,54.79,7678300,54.35
2011-07-12,54.47,55.00,54.30,54.32,6688400,53.88
2011-07-11,55.10,55.62,54.39,54.64,7059400,54.20
2011-07-08,55.50,55.91,55.29,55.91,6296400,55.46
2011-07-07,55.47,56.44,55.36,56.34,11941300,55.89
2011-07-06,54.40,54.74,54.23,54.66,8495200,54.22
2011-07-05,54.46,54.65,53.89,54.50,6359800,54.06
2011-07-01,53.47,54.58,53.32,54.44,8363400,54.00
2011-06-30,53.38,53.77,53.21,53.38,7555400,52.95
2011-06-29,53.58,53.83,53.03,53.20,13937700,52.77
2011-06-28,52.57,53.47,52.49,53.47,8653000,53.04
2011-06-27,52.02,52.51,51.62,52.36,6567800,51.94
2011-06-24,52.44,52.75,51.86,51.96,9462000,51.54
2011-06-23,51.64,52.66,51.28,52.65,18994600,52.23
2011-06-22,52.57,52.87,51.89,51.93,10815500,51.51
2011-06-21,51.96,52.81,51.76,52.74,13323800,52.32
2011-06-20,50.43,51.72,50.39,51.71,12202900,51.30
2011-06-17,50.54,51.13,50.40,50.59,17256400,50.18
2011-06-16,50.25,50.59,49.59,50.18,12476100,49.68
2011-06-15,50.38,50.81,49.95,50.13,11171100,49.63
2011-06-14,50.33,51.01,50.26,50.90,11050700,50.39
2011-06-13,49.70,50.11,49.43,49.64,8439500,49.15
2011-06-10,50.06,50.26,49.15,49.48,14798800,48.99
2011-06-09,49.82,50.74,49.67,50.35,10594600,49.85
2011-06-08,50.10,50.24,49.56,49.67,14588300,49.17
2011-06-07,50.43,51.13,50.28,50.30,12813300,49.80
2011-06-06,51.07,51.42,50.30,50.34,14754600,49.84
2011-06-03,51.28,51.96,51.10,51.23,15619600,50.72
2011-06-02,52.43,52.67,51.71,52.00,18629800,51.48
2011-06-01,53.89,53.96,52.53,52.57,18881000,52.05
2011-05-31,54.09,54.22,53.65,54.14,11632500,53.60
2011-05-27,53.34,53.78,53.34,53.69,7044200,53.15
2011-05-26,52.41,53.38,52.41,53.23,9944200,52.70
2011-05-25,52.36,52.62,51.83,52.36,9860600,51.84
2011-05-24,52.53,52.92,52.31,52.38,6724100,51.86
2011-05-23,52.00,52.64,51.69,52.26,13000000,51.74
2011-05-20,53.04,53.10,52.22,52.41,16411300,51.89
2011-05-19,53.60,53.64,53.00,53.32,7827700,52.79
2011-05-18,52.99,53.69,52.79,53.60,7849900,53.07
2011-05-17,52.83,53.42,52.62,53.05,8984000,52.52
2011-05-16,54.08,54.10,53.18,53.21,12305700,52.68
2011-05-13,54.58,54.72,53.89,54.10,6863700,53.56
2011-05-12,53.48,54.41,53.05,54.40,9059600,53.86
2011-05-11,53.74,54.04,53.18,53.54,8726000,53.01
2011-05-10,53.08,53.91,53.06,53.78,6953900,53.24
2011-05-09,52.76,53.07,52.51,52.97,7353800,52.44
2011-05-06,53.21,53.40,52.52,52.72,8193000,52.19
2011-05-05,52.23,53.42,52.09,52.60,18400000,52.08
2011-05-04,52.80,53.03,52.19,52.62,10755900,52.10
2011-05-03,52.87,53.17,52.41,52.69,8115700,52.16
2011-05-02,53.50,53.67,52.84,52.93,6257000,52.40
2011-04-29,53.35,53.72,53.27,53.31,12921200,52.78
2011-04-28,53.57,53.82,53.39,53.62,7776200,53.09
2011-04-27,53.14,53.79,52.98,53.68,10057500,53.14
2011-04-26,52.80,53.25,52.59,52.95,7000000,52.42
2011-04-25,52.75,52.80,52.41,52.78,5456900,52.25
2011-04-21,53.01,53.12,52.51,52.80,5298000,52.27
2011-04-20,52.42,52.83,52.29,52.79,6505100,52.26
2011-04-19,51.76,51.91,51.34,51.69,3895000,51.17
2011-04-18,51.59,51.71,50.81,51.68,7941300,51.16
2011-04-15,51.74,52.15,51.58,52.15,6629900,51.63
2011-04-14,51.62,51.87,51.33,51.75,5953400,51.23
2011-04-13,52.09,52.09,51.23,51.72,8204400,51.20
2011-04-12,51.43,52.34,51.43,51.66,16962800,51.15
2011-04-11,52.02,52.38,51.74,51.96,6548400,51.44
2011-04-08,52.69,52.79,51.68,51.97,13048300,51.45
2011-04-07,52.22,53.12,52.02,52.55,15597400,52.03
2011-04-06,52.31,52.53,51.65,52.11,10508100,51.59
2011-04-05,50.73,52.26,50.73,51.97,12240700,51.45
2011-04-04,51.23,51.30,50.68,50.88,8590800,50.37
2011-04-01,51.11,51.35,50.81,51.06,7362500,50.55
2011-03-31,51.13,51.13,50.41,50.80,10995100,50.29
2011-03-30,50.59,51.21,50.37,51.13,10829900,50.62
2011-03-29,49.67,50.24,49.31,50.19,8178900,49.69
2011-03-28,50.11,50.41,49.42,49.60,14297900,49.11
2011-03-25,49.69,50.42,49.53,49.93,13772300,49.43
2011-03-24,49.02,49.69,48.86,49.46,15078800,48.97
2011-03-23,48.25,48.76,47.69,48.68,14426700,48.19
2011-03-22,48.76,49.03,48.33,48.33,12303200,47.85
2011-03-21,48.57,48.88,48.31,48.77,14521000,48.28
2011-03-18,48.44,48.55,47.61,47.87,24381500,47.39
2011-03-17,48.55,48.75,47.99,47.99,17281200,47.44
2011-03-16,48.57,48.89,47.84,48.17,16005300,47.62
2011-03-15,47.73,49.01,47.40,48.71,16880300,48.15
2011-03-14,48.99,49.25,48.24,48.77,13972700,48.21
2011-03-11,48.80,49.40,48.07,49.23,14444800,48.67
2011-03-10,48.42,48.96,48.32,48.61,15952900,48.05
2011-03-09,48.51,49.26,48.35,48.99,17579100,48.43
2011-03-08,48.38,48.90,47.91,48.65,15042000,48.09
2011-03-07,49.29,49.34,48.08,48.38,13542800,47.82
2011-03-04,49.32,49.53,48.72,49.11,13172000,48.55
2011-03-03,49.16,49.43,48.64,49.34,11728500,48.77
2011-03-02,48.30,48.88,48.21,48.75,13839500,48.19
2011-03-01,49.21,49.43,48.14,48.30,14141500,47.75
2011-02-28,49.34,49.45,48.83,49.22,9310000,48.66
2011-02-25,48.78,49.32,48.50,49.21,13215600,48.65
2011-02-24,48.30,49.14,47.95,48.50,13216300,47.94
2011-02-23,49.16,49.35,47.69,48.36,16446500,47.81
2011-02-22,49.51,50.26,49.17,49.20,14682100,48.64
2011-02-18,50.08,50.29,49.91,50.12,5017900,49.54
2011-02-17,49.88,50.34,49.69,50.02,6267000,49.45
2011-02-16,49.87,50.61,49.77,50.04,10027300,49.47
2011-02-15,49.19,49.58,49.11,49.25,6255600,48.68
2011-02-14,49.78,49.85,49.24,49.43,6849200,48.86
2011-02-11,48.99,49.68,48.79,49.68,8942700,49.11
2011-02-10,48.77,49.18,48.59,49.17,7789100,48.61
2011-02-09,48.86,49.31,48.77,48.98,11679100,48.42
2011-02-08,48.36,48.94,48.25,48.91,9470300,48.35
2011-02-07,48.24,48.69,48.15,48.38,8571300,47.82
2011-02-04,47.52,48.31,47.45,48.11,14047800,47.56
2011-02-03,46.85,47.57,46.70,47.45,17979000,46.91
2011-02-02,46.93,46.94,46.13,46.13,16670300,45.60
2011-02-01,46.71,47.34,46.59,47.06,11525000,46.52
2011-01-31,46.58,46.65,46.00,46.43,5759800,45.90
2011-01-28,47.29,47.39,46.21,46.27,13424100,45.74
2011-01-27,46.83,47.38,46.83,47.38,7234500,46.84
2011-01-26,46.85,47.08,46.33,46.79,8939500,46.25
2011-01-25,46.68,46.86,46.13,46.75,9805200,46.21
2011-01-24,46.63,46.89,46.46,46.83,3741200,46.29
2011-01-21,47.26,47.26,46.61,46.65,8756600,46.11
2011-01-20,46.38,47.45,46.38,46.96,12081400,46.42
2011-01-19,46.89,46.97,46.39,46.52,8858800,45.99
2011-01-18,47.00,47.10,46.61,46.97,6909600,46.43
2011-01-14,46.82,47.06,46.75,47.02,9491100,46.48
2011-01-13,47.04,47.21,46.95,47.03,4952900,46.49
2011-01-12,47.15,47.43,47.02,47.20,8314800,46.66
2011-01-11,47.39,47.54,46.56,46.76,9890200,46.22
2011-01-10,46.80,47.38,46.62,47.36,7454400,46.82
2011-01-07,46.99,47.37,46.35,46.94,9424600,46.40
2011-01-06,47.33,47.65,47.05,47.08,14459600,46.54
2011-01-05,47.64,48.05,47.44,47.76,17606300,47.21
2011-01-04,48.88,49.07,47.62,47.80,8579200,47.25
2011-01-03,48.48,49.02,48.48,48.71,5831800,48.15
2010-12-31,48.69,48.73,48.29,48.36,3254100,47.81
2010-12-30,48.42,48.83,48.41,48.73,2393900,48.17
2010-12-29,48.24,48.57,48.16,48.47,4041100,47.91
2010-12-28,48.33,48.39,48.04,48.10,3924800,47.55
2010-12-27,48.10,48.46,47.75,48.23,4256000,47.68
2010-12-23,48.16,48.56,48.12,48.45,5518900,47.89
2010-12-22,48.19,48.24,47.86,48.03,5746500,47.48
2010-12-21,47.86,48.12,47.79,48.06,3657300,47.51
2010-12-20,48.21,48.21,47.76,47.90,6446300,47.35
2010-12-17,47.83,48.09,47.61,47.96,9013700,47.41
2010-12-16,47.60,48.06,47.22,48.06,7799800,47.29
2010-12-15,47.15,47.66,47.15,47.32,6330500,46.56
2010-12-14,47.49,47.58,47.10,47.26,12277900,46.51
2010-12-13,48.20,48.46,47.42,47.45,11652400,46.69
2010-12-10,47.83,48.20,47.64,48.14,6109100,47.37
2010-12-09,47.99,47.99,47.46,47.86,4820600,47.10
2010-12-08,47.90,47.96,47.36,47.57,9122400,46.81
2010-12-07,48.60,49.81,47.77,47.78,12627300,47.02
2010-12-06,48.07,48.13,47.81,48.04,7660400,47.27
2010-12-03,47.39,48.18,47.35,48.08,20557900,47.31
2010-12-02,47.75,47.92,47.35,47.85,10872800,47.09
2010-12-01,47.62,48.04,47.30,47.68,13401400,46.92
2010-11-30,46.56,47.47,46.47,47.11,11169900,46.36
2010-11-29,47.18,47.18,46.48,46.96,11269900,46.21
2010-11-26,47.24,47.46,47.04,47.37,3588000,46.61
2010-11-24,46.98,47.39,46.84,47.33,11817200,46.57
2010-11-23,46.20,46.69,46.07,46.58,10478000,45.84
2010-11-22,45.97,46.65,45.69,46.43,11508800,45.69
2010-11-19,45.47,46.00,45.32,46.00,8831600,45.27
2010-11-18,45.70,46.10,45.33,45.38,10412700,44.66
2010-11-17,44.44,45.21,44.44,45.12,16820200,44.40
2010-11-16,44.38,45.08,44.04,44.27,15108800,43.56
2010-11-15,44.82,45.09,44.44,44.50,7153200,43.79
2010-11-12,45.02,45.35,44.50,44.60,11399400,43.89
2010-11-11,44.86,45.59,44.49,45.34,9674100,44.62
2010-11-10,45.01,45.36,44.58,45.32,7934200,44.60
2010-11-09,45.59,45.64,44.76,44.96,9011700,44.24
2010-11-08,45.13,45.52,44.73,45.45,6125800,44.72
2010-11-05,45.02,45.66,44.85,45.30,10537500,44.58
2010-11-04,44.37,44.93,44.25,44.93,10773700,44.21
2010-11-03,43.70,43.87,43.21,43.79,13104500,43.09
2010-11-02,43.55,43.94,43.20,43.75,8305500,43.05
2010-11-01,43.93,43.94,43.00,43.20,9760600,42.51
2010-10-29,43.34,43.61,43.22,43.61,7194600,42.91
2010-10-28,43.88,43.99,43.14,43.45,9562600,42.76
2010-10-27,43.75,43.80,43.00,43.49,12361600,42.80
2010-10-26,43.40,44.31,43.14,44.05,11364000,43.35
2010-10-25,43.60,44.15,43.57,43.63,9542900,42.93
2010-10-22,43.05,43.39,42.91,43.34,10515600,42.65
2010-10-21,43.33,43.72,42.60,42.98,14410400,42.29
2010-10-20,42.93,43.49,42.93,43.23,9036400,42.54
2010-10-19,43.51,43.70,42.61,42.83,15082000,42.15
2010-10-18,43.98,44.17,43.60,44.12,4748600,43.42
2010-10-15,43.75,44.09,43.34,44.03,14624800,43.33
2010-10-14,43.64,43.90,43.21,43.55,12753400,42.86
2010-10-13,44.06,44.27,43.58,43.71,16285900,43.01
2010-10-12,43.49,43.91,43.06,43.80,13327600,43.10
2010-10-11,43.15,43.62,42.98,43.33,9175800,42.64
2010-10-08,42.35,43.05,42.26,42.83,10543900,42.15
2010-10-07,42.35,42.46,41.81,42.40,8813300,41.72
2010-10-06,42.14,42.32,41.73,42.02,11252500,41.35
2010-10-05,41.75,42.55,41.74,42.22,11916500,41.55
2010-10-04,41.93,42.01,41.20,41.57,7799500,40.91
2010-10-01,42.01,42.50,41.67,41.97,8551600,41.30
2010-09-30,42.36,42.46,41.38,41.82,8847000,41.15
2010-09-29,42.00,42.28,41.82,42.02,6866500,41.35
2010-09-28,41.72,42.26,41.09,42.20,8097900,41.53
2010-09-27,41.88,42.06,41.45,41.65,3447000,40.99
2010-09-24,41.34,41.86,41.08,41.84,11808300,41.17
2010-09-23,40.24,41.16,40.09,40.65,11323800,40.00
2010-09-22,40.69,41.00,40.26,40.60,11271200,39.95
2010-09-21,41.14,41.16,40.45,40.69,12346800,40.04
2010-09-20,40.45,41.17,40.31,41.11,6990600,40.45
2010-09-17,40.40,40.45,39.77,40.33,10140400,39.69
2010-09-16,40.16,40.41,40.00,40.29,7983900,39.58
2010-09-15,40.12,40.33,39.88,40.30,8707000,39.59
2010-09-14,39.71,40.59,39.63,40.32,15181500,39.60
2010-09-13,39.15,39.59,39.05,39.54,8959100,38.84
2010-09-10,38.50,38.98,38.36,38.70,7954800,38.01
2010-09-09,39.01,39.12,38.29,38.38,5964400,37.70
2010-09-08,38.30,38.71,38.18,38.59,11784100,37.91
2010-09-07,38.77,38.77,38.15,38.19,9328100,37.51
2010-09-03,38.80,39.31,38.46,38.77,12910900,38.08
2010-09-02,37.51,38.23,37.49,38.18,12588000,37.50
2010-09-01,36.44,37.39,36.44,37.36,12354100,36.70
2010-08-31,36.00,36.58,35.79,35.92,12469500,35.28
2010-08-30,36.78,36.96,36.04,36.04,20484200,35.40
2010-08-27,36.71,36.98,36.00,36.97,16860900,36.31
2010-08-26,37.14,37.14,36.48,36.52,9427400,35.87
2010-08-25,36.13,37.14,36.00,36.98,11762400,36.32
2010-08-24,36.73,36.83,35.94,36.37,12016500,35.72
2010-08-23,37.58,38.00,37.05,37.05,8709200,36.39
2010-08-20,37.29,37.47,36.82,37.43,7280700,36.77
2010-08-19,37.79,38.15,37.11,37.34,13538900,36.68
2010-08-18,37.41,38.14,37.21,37.91,8356400,37.24
2010-08-17,37.52,37.81,37.16,37.44,11755600,36.78
2010-08-16,36.63,37.39,36.53,36.97,8599500,36.31
2010-08-13,37.28,37.36,36.86,36.88,8828500,36.23
2010-08-12,36.82,37.55,36.48,37.51,12979200,36.84
2010-08-11,37.51,37.60,37.12,37.28,15489200,36.62
2010-08-10,38.01,38.48,37.90,38.11,10310700,37.43
2010-08-09,38.43,38.91,38.43,38.75,8931400,38.06
2010-08-06,37.93,38.34,37.55,38.18,15919400,37.50
2010-08-05,38.28,38.52,37.61,38.43,14506800,37.75
2010-08-04,38.16,38.66,38.06,38.52,12272900,37.84
2010-08-03,38.76,38.80,37.58,37.80,15053500,37.13
2010-08-02,38.75,39.05,38.31,38.97,12122700,38.28
2010-07-30,37.42,38.23,37.13,38.12,10526000,37.44
2010-07-29,38.44,38.55,37.16,37.84,13055600,37.17
2010-07-28,38.34,38.79,37.81,37.94,11463000,37.27
2010-07-27,39.35,40.39,38.39,38.46,11730100,37.78
2010-07-26,38.36,39.13,38.03,39.11,11322300,38.42
2010-07-23,37.56,38.46,37.21,38.45,11526800,37.77
2010-07-22,36.99,37.80,36.99,37.64,10676900,36.97
2010-07-21,37.47,37.51,36.45,36.60,8804200,35.95
2010-07-20,35.90,37.33,35.77,37.30,14182300,36.64
2010-07-19,36.20,36.55,35.92,36.42,9068700,35.77
2010-07-16,37.40,37.40,36.18,36.28,13921100,35.64
2010-07-15,37.39,37.71,36.80,37.62,14100800,36.95
2010-07-14,37.40,37.59,36.88,37.40,13357800,36.74
2010-07-13,36.99,37.66,36.75,37.57,13487400,36.90
2010-07-12,36.80,37.09,36.23,36.57,8913500,35.92
2010-07-09,36.31,36.95,36.19,36.95,9736100,36.29
2010-07-08,36.95,36.98,35.97,36.42,17951300,35.77
2010-07-07,35.20,36.50,35.20,36.42,20258400,35.77
2010-07-06,36.65,36.80,35.05,35.31,19365900,34.68
2010-07-02,36.46,36.57,35.71,35.80,12566000,35.16
2010-07-01,35.50,36.44,34.92,36.33,23911500,35.69
2010-06-30,35.71,36.50,35.53,35.65,14376200,35.02
2010-06-29,36.50,36.56,35.61,35.82,28862000,35.18
2010-06-28,37.58,37.69,36.92,37.12,15863400,36.46
2010-06-25,37.05,37.72,36.75,37.44,12198800,36.78
2010-06-24,37.81,37.98,36.94,37.18,17841100,36.52
2010-06-23,38.16,38.50,37.35,38.09,20785300,37.41
2010-06-22,38.66,39.23,37.74,37.82,22473900,37.15
2010-06-21,39.80,40.05,38.30,38.57,26847900,37.89
2010-06-18,39.77,40.10,39.34,39.41,16518100,38.71
2010-06-17,40.37,40.46,39.47,39.86,14652100,39.02
2010-06-16,40.56,40.59,39.89,40.23,16235200,39.38
2010-06-15,40.13,40.76,39.87,40.72,19111700,39.86
2010-06-14,40.30,40.75,40.03,40.17,14808500,39.32
2010-06-11,39.00,39.97,38.71,39.75,14500700,38.91
2010-06-10,39.05,39.56,38.89,39.49,13382500,38.65
2010-06-09,38.43,39.30,38.17,38.43,14485000,37.62
2010-06-08,38.09,38.28,37.18,38.24,21199700,37.43
2010-06-07,38.93,39.22,37.75,37.76,15477300,36.96
2010-06-04,39.85,39.93,38.57,38.72,23797200,37.90
2010-06-03,40.60,41.09,40.13,40.66,19716000,39.80
2010-06-02,39.81,40.39,39.47,40.39,15570000,39.53
2010-06-01,39.92,40.81,39.67,39.67,14868800,38.83
2010-05-28,40.83,41.16,40.18,40.64,18944800,39.78
2010-05-27,40.00,40.83,39.88,40.78,15899300,39.92
2010-05-26,40.50,40.60,39.11,39.26,19227200,38.43
2010-05-25,38.50,40.09,38.23,39.99,26730400,39.14
2010-05-24,39.91,40.13,39.42,39.56,19512500,38.72
2010-05-21,38.97,40.15,38.29,39.75,33541600,38.91
2010-05-20,39.00,39.92,38.69,38.92,37551400,38.10
2010-05-19,40.06,40.53,39.32,39.97,29090000,39.12
2010-05-18,41.65,41.91,40.11,40.21,30292800,39.36
2010-05-17,41.05,41.31,39.94,41.14,17072300,40.27
2010-05-14,41.22,41.38,40.44,40.81,23482800,39.95
2010-05-13,42.84,43.07,41.50,41.58,23111500,40.70
2010-05-12,42.22,43.11,42.08,43.07,14691900,42.16
2010-05-11,41.61,42.74,41.40,42.27,18800500,41.37
2010-05-10,41.76,42.14,41.35,42.11,18417300,41.22
2010-05-07,40.74,41.44,39.12,39.79,32726200,38.95
2010-05-06,41.87,43.51,38.41,40.84,38634300,39.97
2010-05-05,41.97,43.47,41.94,42.50,24984600,41.60
2010-05-04,43.05,43.20,42.24,42.51,21082900,41.61
2010-05-03,42.93,43.86,42.86,43.57,20078000,42.65
2010-04-30,44.37,44.40,42.71,42.76,28016600,41.85
2010-04-29,43.84,44.40,43.66,44.23,13200100,43.29
2010-04-28,43.97,44.50,43.27,43.42,19843100,42.50
2010-04-27,45.19,45.29,43.75,43.83,25965200,42.90
2010-04-26,45.25,45.64,45.18,45.40,11612200,44.44
2010-04-23,44.74,45.21,44.53,45.12,21622300,44.16
2010-04-22,43.59,44.98,43.39,44.78,12535100,43.83
2010-04-21,43.32,43.90,42.87,43.77,15844100,42.84
2010-04-20,43.18,43.48,42.94,43.26,12143100,42.34
2010-04-19,43.15,43.49,42.29,43.03,19841400,42.12
2010-04-16,43.75,43.95,43.06,43.37,17798600,42.45
2010-04-15,43.74,44.03,43.65,43.94,9510300,43.01
2010-04-14,43.10,43.89,43.03,43.81,13692800,42.88
2010-04-13,42.59,42.98,42.48,42.87,9724700,41.96
2010-04-12,42.83,42.84,42.60,42.68,8184200,41.78
2010-04-09,42.43,42.80,42.15,42.80,13030000,41.89
2010-04-08,42.05,42.49,41.73,42.34,18092900,41.44
2010-04-07,42.48,42.64,42.05,42.24,15444600,41.34
2010-04-06,42.20,42.52,42.09,42.48,5951200,41.58
2010-04-05,41.97,42.36,41.70,42.31,9389600,41.41
2010-04-01,41.49,41.84,41.39,41.80,12072900,40.91
2010-03-31,41.48,41.65,41.28,41.30,11798000,40.42
2010-03-30,41.65,41.98,41.38,41.59,9390800,40.71
2010-03-29,41.79,41.79,41.34,41.59,9907400,40.71
2010-03-26,41.39,41.90,41.27,41.62,10705100,40.74
2010-03-25,41.50,41.85,41.26,41.26,18274700,40.39
2010-03-24,41.54,41.59,41.07,41.12,11205700,40.25
2010-03-23,41.28,41.76,41.06,41.70,15817000,40.82
2010-03-22,40.19,41.41,40.18,41.32,13726400,40.44
2010-03-19,40.91,40.91,40.31,40.49,10705700,39.63
2010-03-18,40.84,40.94,40.60,40.83,10833100,39.96
2010-03-17,40.75,40.94,40.55,40.79,14974400,39.93
2010-03-16,40.41,40.68,40.24,40.68,10784800,39.82
2010-03-15,40.15,40.32,39.81,40.32,13240600,39.47
2010-03-12,40.06,40.22,39.78,40.19,13305000,39.34
2010-03-11,39.54,39.96,39.45,39.87,15838200,39.03
2010-03-10,39.50,39.88,39.40,39.69,9630200,38.85
2010-03-09,39.41,39.79,39.25,39.48,11115100,38.64
2010-03-08,39.47,39.68,39.42,39.61,8126400,38.77
2010-03-05,39.04,39.48,38.91,39.34,13881000,38.51
2010-03-04,38.38,38.90,38.38,38.79,14802800,37.97
2010-03-03,37.96,38.47,37.92,38.05,12424300,37.24
2010-03-02,38.30,38.30,37.92,37.92,14728400,37.12
2010-03-01,37.51,38.16,37.22,38.16,11714800,37.35
2010-02-26,37.32,37.43,37.02,37.30,6614200,36.51
2010-02-25,36.56,37.33,36.33,37.31,10629500,36.52
2010-02-24,36.48,37.00,36.39,37.00,9244300,36.22
2010-02-23,36.63,36.85,36.17,36.40,15857700,35.63
2010-02-22,36.95,37.00,36.67,36.79,7103200,36.01
2010-02-19,36.60,36.97,36.47,36.77,9720400,35.99
2010-02-18,36.35,36.68,36.16,36.68,8906300,35.90
2010-02-17,36.16,36.47,36.07,36.47,8964600,35.70
2010-02-16,35.78,35.99,35.48,35.99,7115300,35.23
2010-02-12,35.07,35.47,34.99,35.45,10822100,34.70
2010-02-11,35.01,35.47,34.70,35.44,10687400,34.69
2010-02-10,35.08,35.33,34.78,35.07,7326100,34.33
2010-02-09,35.06,35.29,34.65,35.23,13389100,34.48
2010-02-08,34.70,35.00,34.50,34.51,12536900,33.78
2010-02-05,34.64,34.87,34.11,34.75,16763300,34.01
2010-02-04,35.50,35.66,34.67,34.69,21277900,33.95
2010-02-03,35.83,35.86,35.40,35.63,11874400,34.88
2010-02-02,35.45,36.01,35.35,35.94,11918900,35.18
2010-02-01,34.82,35.28,34.63,35.23,13780100,34.48
2010-01-29,34.85,35.43,34.60,34.62,11299400,33.89
2010-01-28,35.20,35.33,34.54,34.68,14818200,33.95
2010-01-27,34.86,35.15,34.56,35.14,12634300,34.40
2010-01-26,34.79,35.37,34.64,34.95,12007400,34.21
2010-01-25,35.00,35.10,34.65,35.01,10787600,34.27
2010-01-22,35.20,35.49,34.71,34.72,18970300,33.98
2010-01-21,35.80,36.08,35.14,35.26,17473200,34.51
2010-01-20,35.91,36.06,35.53,35.84,9333000,35.08
2010-01-19,35.93,36.24,35.85,36.14,9610200,35.37
2010-01-15,36.19,36.46,35.77,35.83,11338800,35.07
2010-01-14,36.40,36.53,36.05,36.26,13748300,35.49
2010-01-13,36.24,36.67,36.04,36.56,9011700,35.79
2010-01-12,36.24,36.41,35.94,36.16,15467700,35.39
2010-01-11,36.61,36.70,36.20,36.41,8513700,35.64
2010-01-08,36.35,36.61,36.23,36.52,11251500,35.75
2010-01-07,36.77,36.82,36.22,36.60,16341100,35.82
2010-01-06,36.09,36.50,36.09,36.50,11546700,35.73
2010-01-05,35.95,36.19,35.69,36.17,8921400,35.40
2010-01-04,35.85,36.23,35.85,35.94,8914900,35.18
2009-12-31,36.14,36.24,35.60,35.60,3994000,34.85
2009-12-30,36.24,36.32,35.93,36.02,4981400,35.26
2009-12-29,36.48,36.49,36.22,36.33,3194600,35.56
2009-12-28,36.47,36.59,36.19,36.33,15171900,35.56
2009-12-24,36.29,36.45,36.17,36.29,5931100,35.52
2009-12-23,36.05,36.29,35.79,36.25,10866400,35.48
2009-12-22,35.90,36.05,35.71,35.90,5961000,35.14
2009-12-21,35.20,35.86,35.09,35.86,9981500,35.10
2009-12-18,35.25,35.30,34.44,35.14,14495000,34.40
2009-12-17,35.35,35.52,35.22,35.33,8440800,34.29
2009-12-16,35.51,35.85,35.51,35.65,11874500,34.60
2009-12-15,35.60,35.68,35.30,35.34,8253600,34.30
2009-12-14,35.66,35.95,35.32,35.73,7455100,34.68
2009-12-11,35.28,35.51,35.08,35.49,8723100,34.44
2009-12-10,34.58,35.12,34.58,34.99,9211200,33.96
2009-12-09,34.83,34.83,34.15,34.45,10054700,33.43
2009-12-08,34.69,35.02,34.33,34.75,17369600,33.72
2009-12-07,35.13,35.38,34.97,35.04,9384700,34.01
2009-12-04,35.27,35.68,34.51,35.02,18941600,33.99
2009-12-03,34.93,35.36,34.57,34.65,19355400,33.63
2009-12-02,35.18,35.74,35.12,35.25,9982900,34.21
2009-12-01,34.79,35.46,34.57,35.19,12088700,34.15
2009-11-30,34.91,35.03,34.09,34.56,20306200,33.54
2009-11-27,34.97,35.48,34.53,34.97,8559400,33.94
2009-11-25,35.11,35.70,35.09,35.65,13319000,34.60
2009-11-24,35.27,35.29,34.80,34.88,21844700,33.85
2009-11-23,35.62,35.66,35.04,35.17,19170300,34.13
2009-11-20,34.85,35.59,34.65,35.03,11351800,34.00
2009-11-19,35.39,35.41,34.78,35.10,14231500,34.06
2009-11-18,35.66,35.90,35.40,35.73,7142900,34.68
2009-11-17,36.11,36.11,35.23,35.75,13884700,34.70
2009-11-16,35.59,36.25,35.54,36.11,11515700,35.04
2009-11-13,35.05,35.51,34.72,35.41,11441300,34.37
2009-11-12,35.47,35.78,34.86,34.99,12986800,33.96
2009-11-11,35.77,36.28,35.37,35.60,13718700,34.55
2009-11-10,35.44,36.02,35.44,35.77,9179500,34.71
2009-11-09,35.14,35.64,34.95,35.62,11201100,34.57
2009-11-06,34.05,34.79,33.93,34.70,11439500,33.68
2009-11-05,33.90,34.44,33.51,34.31,17065200,33.30
2009-11-04,34.52,34.80,34.13,34.22,15410400,33.21
2009-11-03,33.75,34.38,33.46,34.37,16248300,33.36
2009-11-02,34.00,34.39,33.31,34.02,20371100,33.02
2009-10-30,34.63,34.81,33.60,33.76,14825700,32.76
2009-10-29,34.23,34.96,34.00,34.72,12495600,33.70
2009-10-28,35.00,35.20,33.76,33.88,20495800,32.88
2009-10-27,36.00,36.07,34.79,35.02,28770600,33.99
2009-10-26,36.20,36.82,35.86,36.16,11486000,35.09
2009-10-23,36.80,36.87,35.96,36.11,13024100,35.04
2009-10-22,35.59,36.63,35.54,36.51,21496200,35.43
2009-10-21,36.26,36.89,35.50,35.50,27500400,34.45
2009-10-20,36.82,36.82,36.07,36.30,12437600,35.23
2009-10-19,36.48,37.03,36.30,36.74,8358800,35.66
2009-10-16,36.15,36.53,35.80,36.25,8803500,35.18
2009-10-15,36.10,36.61,35.97,36.43,9189700,35.36
2009-10-14,35.85,36.32,35.72,36.20,17436200,35.13
2009-10-13,35.25,35.58,35.24,35.39,7313300,34.35
2009-10-12,35.50,35.75,35.29,35.50,8104100,34.45
2009-10-09,35.22,35.33,34.87,35.26,10831200,34.22
2009-10-08,34.90,35.49,34.71,35.24,17654900,34.20
2009-10-07,34.77,34.90,34.47,34.65,8084600,33.63
2009-10-06,34.07,34.71,34.03,34.64,14925900,33.62
2009-10-05,32.82,33.86,32.82,33.78,18991500,32.78
2009-10-02,32.79,33.22,32.79,32.81,12677700,31.84
2009-10-01,33.93,34.04,33.07,33.18,22409900,32.20
2009-09-30,34.37,34.49,33.68,34.13,13726000,33.12
2009-09-29,34.20,34.57,34.05,34.36,9743500,33.35
2009-09-28,33.57,34.21,33.48,34.04,7610500,33.04
2009-09-25,33.51,33.88,33.30,33.47,11792600,32.48
2009-09-24,34.15,34.19,33.40,33.67,12820600,32.68
2009-09-23,34.65,34.73,34.03,34.03,10943700,33.03
2009-09-22,34.53,34.74,34.32,34.50,13722200,33.48
2009-09-21,34.02,34.53,33.82,34.28,22877400,33.27
2009-09-18,34.06,34.40,33.72,34.37,7708200,33.36
2009-09-17,33.95,34.35,33.75,33.95,11370700,32.88
2009-09-16,33.80,34.17,33.51,34.07,13466900,33.00
2009-09-15,33.64,33.70,32.93,33.62,20480000,32.56
2009-09-14,32.75,33.48,32.55,33.48,16778100,32.43
2009-09-11,33.50,33.51,32.87,33.00,14234400,31.96
2009-09-10,33.20,33.40,32.79,33.40,11333100,32.35
2009-09-09,32.74,33.28,32.53,33.11,10801500,32.07
2009-09-08,32.69,32.82,32.24,32.63,15441300,31.60
2009-09-04,31.95,32.65,31.69,32.65,7271300,31.62
2009-09-03,31.69,32.07,31.26,31.95,18000400,30.95
2009-09-02,31.22,31.55,31.13,31.20,7970300,30.22
2009-09-01,31.95,32.57,31.32,31.44,24619900,30.45
2009-08-31,32.25,32.35,31.86,32.05,7355000,31.04
2009-08-28,32.74,32.82,32.23,32.58,10673700,31.56
2009-08-27,32.32,32.54,31.76,32.39,9732800,31.37
2009-08-26,32.09,32.65,31.84,32.22,15323400,31.21
2009-08-25,31.51,32.43,31.37,31.94,17413100,30.94
2009-08-24,31.88,31.90,31.23,31.24,10742000,30.26
2009-08-21,31.39,31.81,31.26,31.73,18642200,30.73
2009-08-20,30.95,31.29,30.75,31.18,20160500,30.20
2009-08-19,30.28,31.22,30.14,31.21,16850100,30.23
2009-08-18,30.50,30.81,30.15,30.61,16068900,29.65
2009-08-17,30.34,30.48,30.10,30.18,21800100,29.23
2009-08-14,31.74,31.88,30.89,31.09,16793000,30.11
2009-08-13,31.93,31.94,31.05,31.81,20804100,30.81
2009-08-12,31.41,32.09,31.37,31.79,10785300,30.79
2009-08-11,31.61,31.75,31.27,31.46,13046600,30.47
2009-08-10,32.21,32.36,31.50,31.81,17238700,30.81
2009-08-07,31.51,32.54,31.34,32.44,23762600,31.42
2009-08-06,31.20,31.59,30.71,31.16,14155800,30.18
2009-08-05,30.85,31.00,30.38,30.90,10220900,29.93
2009-08-04,30.95,31.22,30.70,30.80,25752000,29.83
2009-08-03,30.84,31.21,30.45,31.21,14346900,30.23
2009-07-31,30.44,30.82,30.31,30.50,6157700,29.54
2009-07-30,30.26,31.15,30.20,30.46,19685200,29.50
2009-07-29,29.68,30.39,29.57,29.83,17044100,28.89
2009-07-28,29.75,30.00,29.44,29.95,15257500,29.01
2009-07-27,30.30,30.36,29.59,30.15,12850400,29.20
2009-07-24,30.10,30.54,29.77,30.39,12872700,29.44
2009-07-23,29.44,30.64,29.20,30.31,26282800,29.36
2009-07-22,29.17,29.85,29.13,29.53,15075800,28.60
2009-07-21,29.67,29.67,28.68,29.27,19183700,28.35
2009-07-20,28.99,29.57,28.83,29.45,33894500,28.52
2009-07-17,28.71,28.93,28.48,28.79,9631100,27.89
2009-07-16,28.46,28.95,28.18,28.81,13897100,27.90
2009-07-15,28.00,28.71,27.94,28.62,19225100,27.72
2009-07-14,27.53,27.87,27.06,27.80,15396500,26.93
2009-07-13,26.89,27.42,26.12,27.32,21200600,26.46
2009-07-10,26.39,26.94,26.23,26.59,11994700,25.75
2009-07-09,26.93,26.99,26.31,26.67,15931200,25.83
2009-07-08,26.06,26.72,25.90,26.61,29978800,25.77
2009-07-07,26.59,26.66,25.98,26.07,13710900,25.25
2009-07-06,26.41,27.00,26.06,26.65,20296300,25.81
2009-07-02,27.57,27.87,26.59,26.66,24324000,25.82
2009-07-01,27.79,28.40,27.69,27.87,22768300,26.99
2009-06-30,27.99,28.22,27.43,27.71,17362900,26.84
2009-06-29,27.70,28.11,27.34,27.77,15761400,26.90
2009-06-26,27.33,27.90,27.28,27.58,13011200,26.71
2009-06-25,26.51,27.65,26.49,27.50,18561100,26.64
2009-06-24,26.51,26.98,26.31,26.55,16423300,25.72
2009-06-23,27.05,27.05,26.22,26.32,17374400,25.49
2009-06-22,27.02,27.23,26.68,26.81,18388700,25.97
2009-06-19,26.99,27.45,26.99,27.20,17488200,26.35
2009-06-18,27.02,27.21,26.54,27.01,13014600,26.08
2009-06-17,26.49,27.25,26.13,26.85,32888600,25.93
2009-06-16,27.64,27.65,26.49,26.50,18258200,25.59
2009-06-15,27.48,27.81,27.07,27.57,16235400,26.62
2009-06-12,27.78,28.17,27.20,28.10,25549700,27.14
2009-06-11,28.30,28.62,27.78,27.84,22879100,26.88
2009-06-10,29.06,29.15,28.01,28.45,15579400,27.47
2009-06-09,28.70,29.00,28.55,28.84,9858200,27.85
2009-06-08,28.38,28.76,27.86,28.51,10191400,27.53
2009-06-05,28.76,29.12,28.02,28.50,11873200,27.52
2009-06-04,28.91,28.91,28.12,28.62,24120900,27.64
2009-06-03,29.00,29.17,28.62,29.09,17993400,28.09
2009-06-02,28.82,29.62,28.77,29.34,12349000,28.33
2009-06-01,28.04,29.34,27.86,29.09,28268400,28.09
2009-05-29,26.92,27.50,26.78,27.49,12696700,26.55
2009-05-28,27.17,27.35,26.25,26.71,21487400,25.79
2009-05-27,27.22,27.89,26.81,26.88,17405400,25.96
2009-05-26,25.84,27.43,25.78,27.27,23273100,26.33
2009-05-22,26.29,26.58,25.73,26.16,11938800,25.26
2009-05-21,26.34,26.66,25.68,26.01,21216700,25.12
2009-05-20,27.27,27.97,26.42,26.54,22403800,25.63
2009-05-19,26.54,27.19,26.34,26.86,18348700,25.94
2009-05-18,25.97,26.65,25.81,26.57,19132100,25.66
2009-05-15,25.58,26.44,25.45,25.57,18096600,24.69
2009-05-14,25.36,26.20,25.21,25.71,17522800,24.83
2009-05-13,25.98,26.07,25.35,25.52,27703600,24.64
2009-05-12,27.20,27.49,26.13,26.50,18600000,25.59
2009-05-11,26.80,27.47,26.37,27.04,15711900,26.11
2009-05-08,27.38,28.04,26.77,27.32,19173100,26.38
2009-05-07,28.65,28.77,27.16,27.35,30934800,26.41
2009-05-06,28.99,29.18,27.66,28.20,25489900,27.23
2009-05-05,28.41,28.68,28.21,28.55,8598700,27.57
2009-05-04,27.68,28.55,27.45,28.50,15500500,27.52
2009-05-01,27.65,27.74,27.14,27.24,16337600,26.31
2009-04-30,27.18,28.11,26.99,27.70,14979500,26.75
2009-04-29,26.83,27.51,26.67,26.80,13215200,25.88
2009-04-28,26.11,27.07,26.08,26.51,13942700,25.60
2009-04-27,26.55,27.05,26.20,26.45,11573000,25.54
2009-04-24,26.63,27.26,26.31,26.84,11651600,25.92
2009-04-23,26.78,26.97,25.81,26.38,21682000,25.47
2009-04-22,25.32,27.31,25.32,26.50,18271600,25.59
2009-04-21,24.86,26.14,24.76,25.97,16314900,25.08
2009-04-20,25.76,25.96,25.06,25.23,12840500,24.36
2009-04-17,26.11,26.46,25.53,26.31,8525000,25.41
2009-04-16,25.10,26.08,24.95,25.92,9528100,25.03
2009-04-15,24.79,25.04,24.42,24.87,10170400,24.02
2009-04-14,25.07,25.42,24.79,24.99,12928000,24.13
2009-04-13,25.66,25.77,25.15,25.64,9087900,24.76
2009-04-09,24.87,25.71,24.65,25.70,10758200,24.82
2009-04-08,23.60,24.27,23.60,24.26,7540700,23.43
2009-04-07,23.99,24.09,23.39,23.46,9271600,22.65
2009-04-06,24.58,24.69,23.87,24.38,11915300,23.54
2009-04-03,24.36,24.82,24.10,24.76,7564600,23.91
2009-04-02,23.86,24.80,23.74,24.39,9048000,23.55
2009-04-01,22.68,23.41,22.41,23.41,10505600,22.61
2009-03-31,23.18,23.35,22.49,22.91,8595000,22.12
2009-03-30,23.09,23.10,22.50,22.97,5583200,22.18
2009-03-27,23.59,23.78,23.30,23.48,8584000,22.67
2009-03-26,22.95,23.94,22.85,23.84,10372700,23.02
2009-03-25,22.89,23.46,21.94,22.73,8784300,21.95
2009-03-24,22.19,23.17,22.19,22.58,10185000,21.81
2009-03-23,21.54,22.73,21.43,22.71,13199100,21.93
2009-03-20,22.00,22.00,20.94,21.33,12972500,20.60
2009-03-19,22.37,22.39,21.77,21.91,6768500,21.13
2009-03-18,21.16,22.32,21.16,22.00,7760600,21.21
2009-03-17,20.57,21.37,20.45,21.35,8332800,20.59
2009-03-16,21.03,21.13,20.47,20.51,3290900,19.78
2009-03-13,20.74,20.98,20.47,20.83,6193900,20.09
2009-03-12,19.83,20.72,19.60,20.61,7973600,19.87
2009-03-11,19.95,20.30,19.65,19.87,6828700,19.16
2009-03-10,18.81,19.75,18.59,19.66,13243300,18.96
2009-03-09,18.41,18.78,17.92,18.27,5637100,17.62
2009-03-06,18.77,18.84,17.85,18.30,9710200,17.65
2009-03-05,18.75,19.18,18.38,18.56,10811200,17.90
2009-03-04,19.08,19.51,18.73,19.26,5643400,18.57
2009-03-03,19.40,19.42,18.65,18.80,7389200,18.13
2009-03-02,19.47,19.79,18.98,19.07,7200100,18.39
2009-02-27,19.26,20.15,19.17,19.81,9973600,19.10
2009-02-26,20.29,20.30,19.47,19.54,8092600,18.84
2009-02-25,20.04,20.50,19.63,20.07,6511300,19.35
2009-02-24,19.47,20.26,19.39,20.10,7072400,19.38
2009-02-23,20.08,20.24,19.29,19.37,6160800,18.68
2009-02-20,19.41,20.11,19.35,19.89,10459300,19.18
2009-02-19,19.90,20.30,19.75,19.81,6807100,19.10
2009-02-18,19.63,19.78,19.19,19.47,8934300,18.78
2009-02-17,19.39,19.78,19.28,19.46,8515500,18.77
2009-02-13,20.24,20.54,19.99,20.06,4202900,19.34
2009-02-12,19.77,20.32,19.51,20.25,8727600,19.53
2009-02-11,20.22,20.34,19.84,20.12,5063800,19.40
2009-02-10,20.73,21.06,19.95,20.09,10981300,19.37
2009-02-09,20.97,21.16,20.65,20.99,4309300,20.24
2009-02-06,20.39,21.31,20.22,21.05,13291400,20.30
2009-02-05,19.57,20.38,19.48,20.18,8469900,19.46
2009-02-04,20.00,20.09,19.52,19.52,11844800,18.82
2009-02-03,19.68,20.18,19.22,19.96,6420900,19.25
2009-02-02,19.40,19.87,19.25,19.55,9783900,18.85
2009-01-30,20.45,20.57,19.52,19.67,11057000,18.97
2009-01-29,20.90,21.04,20.30,20.33,7003800,19.60
2009-01-28,20.62,21.45,20.62,21.17,5573300,20.41
2009-01-27,20.37,20.68,20.08,20.28,3742100,19.56
2009-01-26,20.06,20.69,19.95,20.29,6801400,19.57
2009-01-23,19.50,20.34,19.33,20.00,6618000,19.29
2009-01-22,19.72,20.34,19.32,19.91,8570900,19.20
2009-01-21,19.63,20.00,19.12,19.94,6238800,19.23
2009-01-20,20.49,20.54,19.22,19.40,7392800,18.71
2009-01-16,20.56,20.74,19.92,20.58,7393700,19.85
2009-01-15,19.59,20.68,19.28,20.20,12804400,19.48
2009-01-14,19.95,19.95,19.52,19.59,7567200,18.89
2009-01-13,20.24,20.73,20.01,20.32,3588900,19.59
2009-01-12,20.83,20.87,20.14,20.30,4909500,19.58
2009-01-09,21.60,21.60,20.74,20.80,6197400,20.06
2009-01-08,21.10,21.64,20.67,21.59,5802500,20.82
2009-01-07,21.34,21.51,20.94,21.20,4468900,20.44
2009-01-06,21.57,21.93,21.29,21.67,5824400,20.90
2009-01-05,21.23,21.60,20.99,21.45,4096600,20.68
2009-01-02,20.38,21.40,20.31,21.21,4631100,20.45
2008-12-31,19.70,20.53,19.67,20.37,4383600,19.64
2008-12-30,19.20,19.73,19.13,19.66,3119900,18.96
2008-12-29,19.40,19.48,18.80,19.10,2121600,18.42
2008-12-26,19.42,19.55,19.28,19.37,2068700,18.68
2008-12-24,19.15,19.38,18.95,19.21,988200,18.52
2008-12-23,19.62,19.66,19.07,19.20,2226000,18.51
2008-12-22,20.09,20.21,19.10,19.33,3262700,18.64
2008-12-19,20.16,20.25,19.34,20.10,7901300,19.38
2008-12-18,20.44,20.57,19.80,20.16,5742800,19.44
2008-12-17,19.62,20.61,19.38,20.34,5320400,19.61
2008-12-16,19.74,19.80,18.79,19.74,7121700,19.04
2008-12-15,19.33,19.34,18.27,18.61,4071000,17.95
2008-12-12,18.25,19.32,18.21,19.22,4815300,18.53
2008-12-11,19.56,19.68,18.61,18.87,4569500,18.20
2008-12-10,19.32,20.14,19.25,19.84,5649900,19.13
2008-12-09,19.96,20.48,19.09,19.28,6080400,18.59
2008-12-08,20.16,20.56,19.74,20.10,9141100,19.38
2008-12-05,17.99,19.69,17.72,19.61,11868100,18.91
2008-12-04,17.40,19.02,17.39,18.31,12039200,17.66
2008-12-03,16.55,17.75,16.53,17.74,14802300,17.11
2008-12-02,16.85,17.27,16.47,17.03,9191600,16.42
2008-12-01,17.99,18.02,16.54,16.56,5387600,15.97
2008-11-28,18.63,18.70,18.26,18.43,3650600,17.77
2008-11-26,17.31,18.93,17.14,18.70,5807700,18.03
2008-11-25,17.70,18.12,16.83,17.67,10063000,17.04
2008-11-24,16.23,17.69,15.81,17.36,5201300,16.74
2008-11-21,16.00,16.00,14.81,15.87,5658300,15.30
2008-11-20,15.54,16.73,15.22,15.30,6627100,14.75
2008-11-19,17.40,17.40,15.75,16.00,5846400,15.43
2008-11-18,17.44,17.97,16.73,17.03,3346800,16.42
2008-11-17,17.96,18.41,17.58,17.60,5320700,16.97
2008-11-14,19.62,19.78,18.44,18.45,3507600,17.79
2008-11-13,18.77,19.80,17.20,19.80,10078900,19.09
2008-11-12,19.12,19.24,18.41,18.42,3850800,17.76
2008-11-11,19.83,20.26,19.26,19.60,3946700,18.90
2008-11-10,20.87,21.46,20.01,20.30,2869800,19.58
2008-11-07,20.89,21.30,20.47,20.92,3601600,20.17
2008-11-06,21.06,21.94,20.76,20.86,6396800,20.12
2008-11-05,22.11,22.58,21.06,21.06,5456400,20.31
2008-11-04,23.12,23.16,22.03,22.70,3128500,21.89
2008-11-03,22.92,23.35,22.22,22.35,5159400,21.55
2008-10-31,22.31,23.63,22.19,23.11,6005000,22.29
2008-10-30,22.18,23.17,21.91,22.46,5439900,21.66
2008-10-29,21.53,23.01,20.94,21.97,7473900,21.19
2008-10-28,19.54,21.55,19.13,21.18,6020100,20.42
2008-10-27,19.15,20.71,19.15,19.49,4208400,18.79
2008-10-24,18.87,20.30,18.81,19.77,5485400,19.06
2008-10-23,21.50,21.50,19.48,20.38,6295700,19.65
2008-10-22,22.00,22.21,20.41,21.10,7026300,20.35
2008-10-21,22.90,23.28,22.26,22.31,3372200,21.51
2008-10-20,23.00,23.16,22.27,22.84,4325600,22.02
2008-10-17,22.03,23.36,21.90,22.75,9372400,21.94
2008-10-16,22.39,22.77,20.85,22.70,10816100,21.89
2008-10-15,23.40,23.97,21.48,21.48,8414200,20.71
2008-10-14,26.46,26.96,23.49,24.45,8373800,23.58
2008-10-13,24.51,25.28,24.34,25.21,6202900,24.31
2008-10-10,22.04,24.63,21.66,23.96,16564300,23.10
2008-10-09,25.87,26.43,23.30,23.30,12034100,22.47
2008-10-08,24.68,27.00,24.68,25.70,14102200,24.78
2008-10-07,27.89,28.20,25.91,25.98,10388700,25.05
2008-10-06,27.10,27.70,25.97,27.08,12911300,26.11
2008-10-03,29.82,29.82,27.64,28.20,9501100,27.19
2008-10-02,30.25,30.27,28.63,29.34,6963400,28.29
2008-10-01,30.63,30.63,29.77,30.48,4306700,29.39
2008-09-30,29.89,30.85,29.65,30.75,4175300,29.65
2008-09-29,31.51,31.51,29.54,30.18,8798200,29.10
2008-09-26,31.43,32.27,30.96,32.27,4512600,31.12
2008-09-25,31.23,32.11,31.23,31.80,4768400,30.67
2008-09-24,31.64,31.78,30.92,31.21,4619500,30.10
2008-09-23,31.15,32.06,31.05,31.57,5378500,30.44
2008-09-22,32.52,33.49,31.37,31.37,6612700,30.25
2008-09-19,33.50,33.50,32.46,33.50,11620500,32.30
2008-09-18,31.52,33.99,30.53,33.99,20381500,32.71
2008-09-17,32.01,32.68,30.85,30.86,25274600,29.70
2008-09-16,31.79,32.96,31.30,32.60,20297600,31.37
2008-09-15,32.52,33.33,31.72,32.63,13470200,31.40
2008-09-12,33.50,33.60,32.82,33.22,11784900,31.97
2008-09-11,33.00,34.00,32.65,33.91,10935200,32.63
2008-09-10,33.65,33.92,32.79,33.52,11249000,32.26
2008-09-09,34.25,34.72,33.34,33.69,15298400,32.42
2008-09-08,34.31,34.44,33.09,33.95,17067800,32.67
2008-09-05,32.40,33.09,31.86,33.09,11081800,31.85
2008-09-04,33.01,33.41,32.65,32.65,13186100,31.42
2008-09-03,32.79,33.56,32.65,33.40,10314100,32.14
2008-09-02,32.72,33.64,32.42,32.74,11233000,31.51
2008-08-29,32.08,32.47,31.88,32.21,2793100,31.00
2008-08-28,31.50,32.22,31.31,32.22,4258300,31.01
2008-08-27,30.80,31.44,30.74,31.30,3059500,30.12
2008-08-26,30.72,31.15,30.50,31.03,3309600,29.86
2008-08-25,31.80,31.80,30.68,30.72,3322200,29.56
2008-08-22,31.30,31.68,31.11,31.66,2840000,30.47
2008-08-21,30.57,31.07,30.38,30.91,3539500,29.75
2008-08-20,30.90,31.40,30.58,30.83,3872900,29.67
2008-08-19,31.48,31.64,30.70,30.93,6861100,29.77
2008-08-18,32.66,32.66,31.62,31.85,3949400,30.65
2008-08-15,31.84,32.68,31.80,32.24,7718800,31.03
2008-08-14,30.81,32.37,30.78,31.96,10879600,30.76
2008-08-13,31.50,31.60,30.51,30.79,12467000,29.63
2008-08-12,32.30,32.59,31.56,31.68,12396600,30.49
2008-08-11,31.81,33.64,31.51,32.05,17247500,30.84
2008-08-08,30.47,31.89,30.21,31.50,8451800,30.32
2008-08-07,30.65,30.71,30.10,30.21,7122800,29.07
2008-08-06,31.28,31.28,30.34,31.01,6972300,29.84
2008-08-05,30.05,31.58,30.05,31.42,11499900,30.24
2008-08-04,29.93,30.15,29.25,29.62,6101600,28.51
2008-08-01,30.41,30.41,29.46,30.23,7862200,29.09
2008-07-31,30.31,30.71,29.57,30.39,7451300,29.25
2008-07-30,30.50,31.09,29.59,30.18,6918700,29.04
2008-07-29,28.90,30.48,28.77,30.48,5533800,29.33
2008-07-28,29.33,29.90,28.74,28.74,4550000,27.66
2008-07-25,29.60,30.30,29.35,29.70,8167700,28.58
2008-07-24,30.68,31.00,29.60,29.60,7389100,28.49
2008-07-23,29.95,31.92,29.70,30.99,15226300,29.82
2008-07-22,28.80,30.40,28.56,30.33,7585600,29.19
2008-07-21,29.82,29.94,28.91,29.01,2471700,27.92
2008-07-18,29.77,30.03,28.87,29.50,7919100,28.39
2008-07-17,29.28,30.32,28.47,29.36,15577800,28.26
2008-07-16,27.28,29.06,27.28,29.03,7339900,27.94
2008-07-15,27.00,27.88,26.32,27.32,9751700,26.29
2008-07-14,27.97,28.15,27.20,27.20,4759700,26.18
2008-07-11,27.47,28.02,26.81,27.53,12139400,26.49
2008-07-10,28.80,28.94,27.70,27.76,9188700,26.72
2008-07-09,29.91,29.91,28.71,28.71,7816400,27.63
2008-07-08,29.25,29.85,28.74,29.57,11165900,28.46
2008-07-07,29.05,29.72,28.71,29.20,6887100,28.10
2008-07-03,29.43,29.51,28.64,28.99,3264900,27.90
2008-07-02,29.80,30.15,29.00,29.00,5958000,27.91
2008-07-01,29.00,29.66,28.64,29.50,9057200,28.39
2008-06-30,29.51,30.16,29.08,29.24,8423900,28.14
2008-06-27,29.88,30.04,29.06,29.30,8451900,28.20
2008-06-26,30.06,30.34,29.65,29.72,7173100,28.60
2008-06-25,30.45,31.59,30.27,30.72,11728800,29.56
2008-06-24,30.20,30.73,29.53,30.13,8553000,29.00
2008-06-23,30.89,31.16,30.05,30.25,9774600,29.11
2008-06-20,31.56,31.56,30.67,30.84,5827200,29.68
2008-06-19,31.15,32.17,31.15,32.10,6385500,30.74
2008-06-18,31.85,31.91,31.01,31.27,4740000,29.94
2008-06-17,32.82,32.82,31.85,31.85,2215100,30.50
2008-06-16,32.50,32.80,31.93,32.33,4961200,30.96
2008-06-13,31.65,32.43,31.48,32.43,5020500,31.06
2008-06-12,31.44,32.34,31.18,31.45,10152800,30.12
2008-06-11,31.98,31.98,30.80,30.80,5930300,29.49
2008-06-10,31.25,32.19,31.22,32.00,7586000,30.64
2008-06-09,32.05,32.26,31.45,31.60,4015800,30.26
2008-06-06,33.00,33.00,31.75,31.78,9703900,30.43
2008-06-05,32.78,33.68,32.78,33.63,11373400,32.20
2008-06-04,32.52,33.18,32.42,32.77,5833700,31.38
2008-06-03,32.87,32.92,32.19,32.65,6309900,31.27
2008-06-02,33.01,33.09,31.97,32.39,3008100,31.02
2008-05-30,33.86,33.86,32.90,33.13,2770100,31.73
2008-05-29,33.00,33.75,32.95,33.52,6907500,32.10
2008-05-28,32.89,33.26,32.65,33.09,3832900,31.69
2008-05-27,31.91,32.81,31.91,32.50,2575300,31.12
2008-05-23,32.15,32.15,31.60,31.97,3167300,30.62
2008-05-22,32.43,32.63,31.76,32.45,7177800,31.07
2008-05-21,33.07,33.35,32.02,32.13,9703100,30.77
2008-05-20,33.40,33.40,32.86,33.08,6463600,31.68
2008-05-19,33.95,34.07,33.45,33.74,4672300,32.31
2008-05-16,34.45,34.45,33.48,33.96,4861100,32.52
2008-05-15,33.91,34.61,33.65,34.49,3610400,33.03
2008-05-14,33.70,34.35,33.70,33.99,3604200,32.55
2008-05-13,33.84,33.87,33.24,33.59,3958600,32.17
2008-05-12,32.71,33.59,32.71,33.48,2146100,32.06
2008-05-09,32.05,32.68,32.00,32.44,2520700,31.07
2008-05-08,32.98,33.14,32.17,32.38,5785300,31.01
2008-05-07,33.03,33.65,32.63,32.76,5922200,31.37
2008-05-06,32.60,33.11,32.39,32.93,2755900,31.53
2008-05-05,33.64,33.64,32.92,32.96,2329900,31.56
2008-05-02,34.36,34.51,33.50,33.61,8237000,32.19
2008-05-01,33.15,34.35,32.75,33.79,9048200,32.36
2008-04-30,33.75,34.08,32.86,33.00,7287900,31.60
2008-04-29,33.36,33.80,33.17,33.76,4555800,32.33
2008-04-28,33.26,33.58,32.65,33.28,1889700,31.87
2008-04-25,32.79,33.32,32.36,33.28,4071200,31.87
2008-04-24,31.76,32.93,31.76,32.35,4477000,30.98
2008-04-23,31.38,32.10,31.15,31.40,3263500,30.07
2008-04-22,32.03,32.10,31.00,31.17,3287400,29.85
2008-04-21,32.21,32.40,31.90,32.32,1087900,30.95
2008-04-18,32.46,32.72,32.09,32.56,4471400,31.18
2008-04-17,31.64,31.77,31.38,31.65,1670900,30.31
2008-04-16,31.48,31.75,31.23,31.70,3794200,30.36
2008-04-15,31.15,31.47,30.79,31.31,1396100,29.98
2008-04-14,31.05,31.25,30.92,31.00,744700,29.69
2008-04-11,31.50,31.77,30.98,31.07,4114700,29.75
2008-04-10,31.24,32.36,31.00,31.93,4302500,30.58
2008-04-09,32.45,32.57,31.32,31.61,6260500,30.27
2008-04-08,32.52,32.55,32.14,32.40,4295700,31.03
2008-04-07,33.52,33.52,32.57,32.67,3453200,31.29
2008-04-04,33.42,33.42,32.70,33.08,3557400,31.68
2008-04-03,33.01,33.32,32.78,33.21,3610100,31.80
2008-04-02,33.60,34.03,33.15,33.40,5162100,31.98
2008-04-01,32.13,33.46,32.13,33.39,7185200,31.97
2008-03-31,31.33,32.14,31.27,31.71,1676100,30.37
2008-03-28,32.00,32.00,31.35,31.43,4789900,30.10
2008-03-27,33.13,33.14,32.45,32.70,2806700,31.31
2008-03-26,33.28,33.61,32.76,33.15,3914200,31.74
2008-03-25,33.91,33.91,33.00,33.17,4517500,31.76
2008-03-24,32.94,34.20,32.71,33.40,6842300,31.98
2008-03-20,30.55,32.96,30.55,32.96,5662900,31.56
2008-03-19,31.51,31.51,30.48,30.55,5220000,29.20
2008-03-18,30.60,31.35,30.16,31.35,4870100,29.97
2008-03-17,29.99,30.35,29.26,29.82,4470700,28.51
2008-03-14,31.31,31.31,29.80,30.75,4549000,29.39
2008-03-13,30.19,31.85,29.71,31.50,3624300,30.11
2008-03-12,31.12,31.64,30.50,30.58,4089300,29.23
2008-03-11,30.32,31.00,29.98,30.96,5791400,29.60
2008-03-10,30.07,30.46,29.54,29.56,2533600,28.26
2008-03-07,30.23,31.05,29.96,30.26,4522900,28.93
2008-03-06,32.31,32.31,30.47,30.55,5713800,29.20
2008-03-05,32.28,32.99,31.79,32.27,4104800,30.85
2008-03-04,31.45,32.36,31.45,32.15,5017100,30.73
2008-03-03,31.76,32.18,31.38,31.99,3608200,30.58
2008-02-29,32.79,32.96,31.77,31.78,3769600,30.38
2008-02-28,33.73,33.73,33.03,33.12,1698400,31.66
2008-02-27,33.89,34.48,33.69,34.00,3162400,32.50
2008-02-26,33.44,34.43,33.44,34.20,7021300,32.69
2008-02-25,33.03,33.56,32.43,33.51,7056100,32.03
2008-02-22,32.57,32.98,32.14,32.79,3118700,31.34
2008-02-21,33.34,33.93,32.42,32.63,4532300,31.19
2008-02-20,32.35,33.41,32.30,32.95,6967700,31.50
2008-02-19,33.25,33.25,32.25,32.40,4195500,30.97
2008-02-15,32.68,32.91,32.27,32.90,3407200,31.45
2008-02-14,34.19,34.22,32.85,32.93,6446900,31.48
2008-02-13,34.37,34.37,33.61,34.18,6973900,32.67
2008-02-12,34.13,34.62,33.60,33.93,4499000,32.43
2008-02-11,33.17,34.12,32.86,33.90,2876700,32.41
2008-02-08,33.12,34.18,33.05,33.41,3481100,31.94
2008-02-07,32.03,33.93,32.03,33.59,7772400,32.11
2008-02-06,32.60,33.31,31.81,32.00,6460700,30.59
2008-02-05,32.60,33.40,32.37,32.54,5945900,31.11
2008-02-04,34.88,34.88,33.13,33.38,5946800,31.91
2008-02-01,34.32,34.87,33.92,34.74,5664700,33.21
2008-01-31,32.23,34.89,32.10,34.00,7315800,32.50
2008-01-30,33.01,33.94,32.54,32.54,7768300,31.11
2008-01-29,32.99,33.22,32.07,33.20,7902200,31.74
2008-01-28,31.31,32.64,30.72,32.55,6090700,31.12
2008-01-25,32.74,32.74,30.80,31.06,8823500,29.69
2008-01-24,33.13,33.25,31.81,32.20,10352700,30.78
2008-01-23,30.18,33.00,30.00,32.93,11275900,31.48
2008-01-22,28.58,31.20,28.58,30.72,8941900,29.37
2008-01-18,30.20,30.82,29.47,29.61,11797600,28.30
2008-01-17,30.19,30.42,29.69,29.69,5962900,28.38
2008-01-16,28.99,30.36,28.99,29.87,6812100,28.55
2008-01-15,29.28,29.32,28.72,29.10,4462800,27.82
2008-01-14,30.07,30.07,29.49,29.81,2805000,28.50
2008-01-11,30.78,30.78,29.54,29.87,5122000,28.55
2008-01-10,30.10,31.37,29.53,30.93,5560600,29.57
2008-01-09,30.60,30.83,29.36,30.68,6432900,29.33
2008-01-08,31.38,31.60,30.30,30.36,3563200,29.02
2008-01-07,31.10,31.31,30.40,31.02,4779300,29.65
2008-01-04,31.87,31.89,30.70,30.81,5346400,29.45
2008-01-03,33.15,33.15,32.17,32.39,2041500,30.96
2008-01-02,33.89,34.02,33.05,33.15,2239100,31.69
2007-12-31,33.87,34.23,33.56,33.56,1587500,32.08
2007-12-28,34.35,34.41,33.87,33.97,1057300,32.47
2007-12-27,34.55,34.55,33.84,33.84,1460200,32.35
2007-12-26,34.80,34.80,34.13,34.60,3461100,33.07
2007-12-24,34.82,35.13,34.82,35.10,1047600,33.55
2007-12-21,34.45,34.80,34.30,34.40,2954200,32.88
2007-12-20,34.06,34.15,33.46,34.08,3508600,32.51
2007-12-19,34.12,34.22,33.63,33.85,1521200,32.29
2007-12-18,34.00,34.41,33.50,34.23,4305100,32.65
2007-12-17,33.87,34.17,33.67,33.71,2434100,32.16
2007-12-14,34.23,34.38,33.79,33.97,2624700,32.40
2007-12-13,34.71,34.80,34.12,34.47,1717100,32.88
2007-12-12,36.10,36.26,34.34,34.99,5952200,33.38
2007-12-11,36.62,36.62,34.68,35.50,3170000,33.86
2007-12-10,36.27,36.45,36.05,36.22,1183000,34.55
2007-12-07,35.85,36.40,35.80,36.23,2427700,34.56
2007-12-06,35.31,35.90,35.02,35.50,6601700,33.86
2007-12-05,35.65,36.17,35.28,35.45,2930200,33.81
2007-12-04,35.13,35.50,34.88,35.40,3271500,33.77
2007-12-03,35.58,35.86,35.26,35.28,2088600,33.65
2007-11-30,35.95,36.23,35.39,35.39,2536800,33.76
2007-11-29,35.54,35.54,34.39,35.40,3331200,33.77
2007-11-28,34.67,35.87,34.66,35.40,5259300,33.77
2007-11-27,33.84,34.50,33.84,34.18,2070600,32.60
2007-11-26,35.17,35.17,33.86,33.89,4062600,32.33
2007-11-23,34.46,35.01,34.25,34.71,1768900,33.11
2007-11-21,33.70,34.57,33.66,34.16,3899500,32.58
2007-11-20,34.27,35.00,33.64,34.25,5614600,32.67
2007-11-19,34.78,34.95,33.89,34.12,4579500,32.55
2007-11-16,35.40,35.53,34.66,35.16,2992300,33.54
2007-11-15,35.73,35.85,35.05,35.26,4696400,33.63
2007-11-14,36.95,37.15,35.85,35.92,4598700,34.26
2007-11-13,35.65,36.82,35.65,36.74,5677800,35.05
2007-11-12,35.09,36.01,34.87,35.05,9543600,33.43
2007-11-09,35.26,35.35,34.48,34.75,8791800,33.15
2007-11-08,36.10,37.24,34.51,35.62,4611700,33.98
2007-11-07,36.35,36.35,35.59,35.71,7943200,34.06
2007-11-06,36.21,36.50,35.58,36.48,2645300,34.80
2007-11-05,36.19,36.19,34.68,35.77,3430300,34.12
2007-11-02,37.14,37.14,36.08,36.50,1822400,34.82
2007-11-01,37.62,38.00,36.81,36.86,4152000,35.16
2007-10-31,38.61,38.70,37.88,38.51,2196500,36.73
2007-10-30,38.45,38.62,38.21,38.37,894800,36.60
2007-10-29,38.75,38.93,38.42,38.56,2642400,36.78
2007-10-26,38.38,38.57,37.90,38.46,1479400,36.69
2007-10-25,38.04,38.54,37.59,38.03,3270500,36.28
2007-10-24,37.82,38.06,37.08,37.85,2982200,36.10
2007-10-23,38.43,38.45,37.53,38.07,2367200,36.31
2007-10-22,37.00,38.31,37.00,38.25,1685400,36.49
2007-10-19,38.28,38.51,37.11,37.38,2444800,35.66
2007-10-18,38.62,38.74,38.30,38.56,1731100,36.78
2007-10-17,39.50,39.52,38.50,38.99,1011500,37.19
2007-10-16,39.45,39.45,38.94,38.98,1467600,37.18
2007-10-15,40.18,40.21,39.25,39.54,2255400,37.72
2007-10-12,40.55,40.55,40.10,40.55,1171500,38.68
2007-10-11,41.29,41.65,40.30,40.57,4785000,38.70
2007-10-10,40.40,40.60,40.22,40.34,1340600,38.48
2007-10-09,40.55,40.60,39.90,40.40,2583200,38.54
2007-10-08,41.00,41.00,40.50,40.65,806300,38.78
2007-10-05,41.50,41.50,40.33,41.22,2605200,39.32
2007-10-04,40.44,40.44,39.87,39.92,675900,38.08
2007-10-03,40.16,40.76,40.08,40.42,1905300,38.56
2007-10-02,39.67,40.16,39.65,40.15,512100,38.30
2007-10-01,39.07,39.58,38.84,39.50,1286100,37.68
2007-09-28,39.34,39.42,38.92,38.92,1707600,37.12
2007-09-27,39.20,39.36,39.03,39.13,1804900,37.33
2007-09-26,38.71,39.16,38.69,38.95,1287000,37.15
2007-09-25,38.80,38.80,38.20,38.61,3712500,36.83
2007-09-24,39.78,39.83,39.26,39.28,2336800,37.47
2007-09-21,39.89,39.92,39.51,39.66,1982600,37.83
2007-09-20,40.33,40.33,39.45,39.92,1806600,38.05
2007-09-19,40.81,41.16,40.40,40.68,2555900,38.78
2007-09-18,38.79,43.38,38.71,40.35,2446200,38.46
2007-09-17,38.62,38.68,38.38,38.42,1101100,36.62
2007-09-14,38.08,38.87,37.99,38.83,772500,37.01
2007-09-13,38.25,38.90,37.89,38.28,1812600,36.49
2007-09-12,38.19,38.22,37.90,37.91,1042300,36.14
2007-09-11,37.55,38.20,37.53,38.15,1945200,36.36
2007-09-10,38.00,38.07,37.02,37.33,1200800,35.58
2007-09-07,38.12,38.40,37.65,37.87,4738400,36.10
2007-09-06,39.50,39.50,38.66,39.05,427800,37.22
2007-09-05,39.06,39.12,38.58,38.86,1150300,37.04
2007-09-04,39.63,39.85,39.60,39.62,960000,37.77
2007-08-31,39.83,39.91,39.30,39.42,541800,37.58
2007-08-30,39.00,39.43,38.71,39.09,1137500,37.26
2007-08-29,38.84,39.68,38.65,39.68,1040600,37.82
2007-08-28,39.30,39.30,38.43,38.50,793300,36.70
2007-08-27,40.05,40.11,39.52,39.55,739100,37.70
2007-08-24,39.19,40.01,39.19,40.01,1594300,38.14
2007-08-23,39.64,39.64,39.03,39.12,958100,37.29
2007-08-22,39.35,39.51,39.11,39.43,1167500,37.58
2007-08-21,38.81,39.10,38.62,39.05,648500,37.22
2007-08-20,38.67,39.00,38.40,38.82,1052700,37.00
2007-08-17,38.99,39.41,37.79,38.30,2945700,36.51
2007-08-16,37.04,37.67,36.39,37.38,1486400,35.63
2007-08-15,37.79,38.32,37.19,37.22,2750000,35.48
2007-08-14,38.79,38.79,37.74,37.74,1651700,35.97
2007-08-13,39.16,40.10,38.88,39.04,1379400,37.21
2007-08-10,38.68,39.63,37.93,38.97,3006100,37.15
2007-08-09,39.24,40.09,38.99,39.31,2628800,37.47
2007-08-08,39.98,40.58,39.79,40.24,4268500,38.36
2007-08-07,39.02,40.04,39.02,39.63,3384100,37.78
2007-08-06,38.56,39.21,37.85,38.89,3073000,37.07
2007-08-03,40.03,40.05,38.48,38.88,3492300,37.06
2007-08-02,40.05,40.30,39.73,40.22,889900,38.34
2007-08-01,39.87,40.20,39.18,39.89,2215200,38.02
2007-07-31,40.77,40.88,39.53,39.55,3889500,37.70
2007-07-30,39.55,40.20,39.37,40.14,2716500,38.26
2007-07-27,40.02,40.36,39.31,39.31,2674200,37.47
2007-07-26,40.39,40.69,39.46,40.00,3181500,38.13
2007-07-25,42.05,42.05,41.04,41.33,926900,39.40
2007-07-24,42.32,42.35,41.50,41.69,1151100,39.74
2007-07-23,42.97,43.06,42.55,42.55,554100,40.56
2007-07-20,43.32,43.37,42.68,42.90,1174800,40.89
2007-07-19,43.59,43.72,43.41,43.45,663000,41.42
2007-07-18,43.50,43.73,42.93,43.29,2282800,41.26
2007-07-17,43.74,43.77,43.45,43.55,1313000,41.51
2007-07-16,43.89,44.05,43.50,43.62,1361600,41.58
2007-07-13,43.81,44.03,43.60,43.98,453000,41.92
2007-07-12,44.00,44.25,43.50,44.02,1435300,41.96
2007-07-11,43.04,43.19,42.68,43.13,1888200,41.11
2007-07-10,43.68,43.68,42.92,42.92,1817200,40.91
2007-07-09,44.25,44.25,43.81,44.02,1732800,41.96
2007-07-06,43.89,44.47,43.89,44.39,524500,42.31
2007-07-05,43.76,43.99,43.66,43.99,246500,41.93
2007-07-03,43.87,43.88,43.71,43.83,285700,41.78
2007-07-02,43.71,43.89,43.63,43.75,261600,41.70
2007-06-29,43.87,44.03,43.28,43.30,753900,41.27
2007-06-28,43.80,44.12,43.72,43.96,1239900,41.90
2007-06-27,42.82,43.93,42.78,43.89,2226700,41.84
2007-06-26,43.20,43.46,42.78,42.78,1412700,40.78
2007-06-25,43.44,43.69,43.08,43.10,1963200,41.08
2007-06-22,43.68,43.85,43.36,43.47,1630800,41.44
2007-06-21,43.72,43.97,43.21,43.86,1099500,41.81
2007-06-20,44.43,44.45,43.77,43.77,476800,41.72
2007-06-19,44.03,44.35,43.90,44.34,769400,42.27
2007-06-18,44.42,44.46,44.22,44.32,890600,42.25
2007-06-15,44.26,44.46,43.93,44.02,980000,41.96
2007-06-14,43.95,44.17,43.81,44.00,854600,41.91
2007-06-13,43.62,43.89,43.43,43.84,571000,41.76
2007-06-12,43.60,43.60,43.15,43.18,1334200,41.13
2007-06-11,43.73,43.95,43.58,43.80,236300,41.72
2007-06-08,43.50,44.02,43.44,43.97,971800,41.88
2007-06-07,44.12,44.34,43.34,43.40,1508600,41.34
2007-06-06,44.42,44.54,44.15,44.22,2781900,42.12
2007-06-05,45.00,45.02,44.65,44.86,1400300,42.73
2007-06-04,45.46,45.51,45.24,45.31,971100,43.16
2007-06-01,45.09,45.46,45.07,45.31,1498400,43.16
2007-05-31,44.68,45.08,44.68,44.78,1333800,42.66
2007-05-30,43.62,44.41,43.61,44.37,720500,42.27
2007-05-29,43.78,43.92,43.56,43.71,357000,41.64
2007-05-25,43.59,43.59,43.34,43.38,1229800,41.32
2007-05-24,43.69,44.18,43.25,43.26,1178300,41.21
2007-05-23,43.54,44.05,43.31,43.66,1305600,41.59
2007-05-22,43.30,43.42,43.08,43.30,875100,41.25
2007-05-21,43.26,43.51,43.07,43.20,2571600,41.15
2007-05-18,42.75,43.25,42.69,42.88,2169800,40.85
2007-05-17,42.46,42.81,42.40,42.64,903300,40.62
2007-05-16,42.34,42.41,41.97,42.22,1641700,40.22
2007-05-15,42.38,42.68,42.06,42.13,876500,40.13
2007-05-14,42.72,42.81,42.40,42.40,1047900,40.39
2007-05-11,42.80,42.81,42.60,42.69,428700,40.67
2007-05-10,43.13,43.53,42.77,42.77,2308100,40.74
2007-05-09,42.97,43.50,42.96,43.42,1443800,41.36
2007-05-08,42.86,42.90,42.57,42.71,1691500,40.68
2007-05-07,43.04,43.15,42.94,42.96,760100,40.92
2007-05-04,43.12,43.12,42.88,43.01,1215500,40.97
2007-05-03,43.18,43.51,42.95,43.00,1413900,40.96
2007-05-02,43.28,43.68,43.19,43.44,777200,41.38
2007-05-01,42.84,43.20,42.54,43.00,815800,40.96
2007-04-30,43.97,44.01,43.09,43.09,350800,41.05
2007-04-27,44.02,44.08,43.78,43.88,287600,41.80
2007-04-26,44.12,44.28,43.88,44.18,501000,42.08
2007-04-25,44.14,44.30,43.98,44.09,233600,42.00
2007-04-24,44.01,44.05,43.62,43.95,479200,41.87
2007-04-23,44.45,44.49,44.10,44.23,487300,42.13
2007-04-20,44.23,44.36,43.97,44.36,287400,42.26
2007-04-19,43.66,43.83,43.60,43.65,184400,41.58
2007-04-18,43.75,43.92,43.62,43.80,74200,41.72
2007-04-17,44.06,44.18,43.85,44.02,363200,41.93
2007-04-16,44.00,44.14,43.81,44.02,457100,41.93
2007-04-13,43.75,43.79,43.64,43.64,1048200,41.57
2007-04-12,43.55,44.21,43.26,43.93,1444000,41.85
2007-04-11,44.05,44.10,43.72,43.87,1023400,41.79
2007-04-10,44.05,44.18,43.90,43.96,695500,41.88
2007-04-09,43.88,44.08,43.68,44.00,333200,41.91
2007-04-05,43.75,43.88,43.69,43.79,333500,41.71
2007-04-04,43.80,43.80,43.57,43.62,328600,41.55
2007-04-03,43.47,44.02,43.47,43.78,311900,41.70
2007-04-02,43.23,43.40,43.09,43.40,671300,41.34
2007-03-30,42.83,43.26,42.70,43.06,498700,41.02
2007-03-29,43.13,43.13,42.50,42.80,1584400,40.77
2007-03-28,42.93,43.00,42.61,42.91,437500,40.88
2007-03-27,43.34,43.34,43.10,43.23,295800,41.18
2007-03-26,43.20,43.44,43.00,43.43,240800,41.37
2007-03-23,42.85,43.44,42.85,43.40,331600,41.34
2007-03-22,42.80,42.90,42.58,42.84,204800,40.81
2007-03-21,42.22,42.91,42.20,42.75,241200,40.72
2007-03-20,41.92,42.28,41.83,42.28,305700,40.28
2007-03-19,41.94,42.74,41.80,41.94,415400,39.95
2007-03-16,41.41,41.72,41.34,41.47,521100,39.50
2007-03-15,41.38,41.66,41.35,41.58,650000,39.59
2007-03-14,41.32,41.35,40.42,41.20,1858400,39.23
2007-03-13,41.80,41.99,41.21,41.21,625200,39.24
2007-03-12,41.97,42.20,41.86,42.11,662800,40.09
2007-03-09,41.92,41.92,41.12,41.59,188600,39.60
2007-03-08,41.71,42.41,41.40,41.63,505200,39.64
2007-03-07,40.80,41.11,40.70,40.92,871300,38.96
2007-03-06,40.73,41.02,40.32,40.80,813500,38.85
2007-03-05,40.57,40.92,40.16,40.19,496000,38.27
2007-03-02,41.43,41.70,41.05,41.05,1101800,39.09
2007-03-01,40.69,41.89,40.60,41.60,1077300,39.61
2007-02-28,41.35,42.14,41.34,42.00,379800,39.99
2007-02-27,42.43,42.61,41.29,41.41,766800,39.43
2007-02-26,43.49,43.49,43.02,43.19,264300,41.12
2007-02-23,43.53,43.53,43.18,43.44,844200,41.36
2007-02-22,43.79,43.94,43.40,43.66,311800,41.57
2007-02-21,43.89,44.02,43.78,43.84,622900,41.74
2007-02-20,43.46,44.18,43.30,43.90,518900,41.80
2007-02-16,43.31,43.55,43.24,43.49,410700,41.41
2007-02-15,43.14,43.50,43.09,43.41,154400,41.33
2007-02-14,42.87,43.30,42.87,43.20,447500,41.13
2007-02-13,42.72,42.99,42.71,42.82,195500,40.77
2007-02-12,42.19,42.75,42.19,42.62,898600,40.58
2007-02-09,43.08,43.08,42.49,42.73,399700,40.69
2007-02-08,42.95,43.23,42.91,43.00,719900,40.94
2007-02-07,42.82,43.18,42.70,42.96,477700,40.90
2007-02-06,42.59,42.83,42.47,42.82,470100,40.77
2007-02-05,42.70,42.70,42.42,42.50,109400,40.47
2007-02-02,42.77,42.77,42.55,42.61,692300,40.57
2007-02-01,42.30,42.94,42.30,42.54,325300,40.50
2007-01-31,41.48,42.10,41.40,41.96,672400,39.95
2007-01-30,41.66,41.66,41.43,41.55,904300,39.56
2007-01-29,41.36,41.69,41.36,41.60,279300,39.61
2007-01-26,41.29,41.44,41.09,41.39,558400,39.41
2007-01-25,41.81,41.81,41.25,41.37,369600,39.39
2007-01-24,41.91,42.11,41.84,42.02,57200,40.01
2007-01-23,41.58,41.84,41.46,41.63,488200,39.64
2007-01-22,41.78,41.78,41.35,41.64,1273900,39.65
2007-01-19,42.10,42.10,41.73,41.99,606200,39.98
2007-01-18,42.20,42.38,42.07,42.20,537000,40.18
2007-01-17,42.27,42.45,42.16,42.20,612300,40.18
2007-01-16,42.70,42.76,42.29,42.42,512800,40.39
2007-01-12,42.34,42.55,42.09,42.46,245600,40.43
2007-01-11,41.54,42.27,41.54,42.21,248000,40.19
2007-01-10,41.13,41.52,41.13,41.46,594000,39.48
2007-01-09,41.08,41.39,40.93,41.34,506400,39.36
2007-01-08,40.69,41.11,40.63,40.92,1335900,38.96
2007-01-05,41.30,41.35,40.75,40.86,334800,38.90
2007-01-04,40.90,41.46,40.83,41.43,1626000,39.45
2007-01-03,41.27,41.53,40.60,40.72,1254400,38.77
2006-12-29,40.87,41.08,40.61,40.61,333700,38.67
2006-12-28,41.04,41.06,40.80,40.89,456600,38.93
2006-12-27,40.76,41.08,40.70,41.05,295500,39.09
2006-12-26,40.65,40.72,40.44,40.59,721400,38.65
2006-12-22,40.73,40.94,40.64,40.70,469100,38.75
2006-12-21,41.11,41.13,40.65,40.69,93000,38.74
2006-12-20,40.73,41.24,40.73,40.98,387400,39.02
2006-12-19,40.40,40.86,40.33,40.71,267100,38.76
2006-12-18,41.65,41.66,40.93,40.93,86800,38.97
2006-12-15,42.00,42.04,41.55,41.58,356100,39.59
2006-12-14,41.45,41.86,41.45,41.78,125400,39.78
2006-12-13,41.36,41.40,41.04,41.19,177600,39.22
2006-12-12,41.46,41.46,40.86,41.03,634200,39.07
2006-12-11,41.26,41.46,41.26,41.41,281700,39.43
2006-12-08,41.33,41.48,41.24,41.29,128500,39.31
2006-12-07,41.71,41.78,41.40,41.40,160400,39.42
2006-12-06,41.55,41.68,41.41,41.42,505900,39.44
2006-12-05,41.47,41.80,41.38,41.58,493100,39.59
2006-12-04,40.78,41.51,40.78,41.46,356400,39.48
2006-12-01,41.05,41.05,40.10,40.53,1589200,38.59
2006-11-30,40.65,40.94,40.47,40.78,505100,38.83
2006-11-29,41.00,41.26,40.89,41.19,448800,39.22
2006-11-28,40.45,40.61,40.34,40.48,137100,38.54
2006-11-27,41.32,41.43,40.63,40.63,273200,38.69
2006-11-24,41.33,41.47,41.22,41.43,5600,39.45
2006-11-22,41.35,41.59,41.35,41.59,107300,39.60
2006-11-21,41.10,41.35,41.10,41.31,18700,39.33
2006-11-20,41.31,41.40,41.01,41.10,123900,39.13
2006-11-17,41.70,41.70,41.12,41.29,383100,39.31
2006-11-16,41.58,41.75,41.35,41.68,1367900,39.69
2006-11-15,41.90,42.14,41.69,41.70,299100,39.70
2006-11-14,41.45,41.88,41.14,41.88,153400,39.88
2006-11-13,41.33,41.68,41.03,41.03,88700,39.07
2006-11-10,40.79,41.30,40.72,41.29,286600,39.31
2006-11-09,41.04,41.04,40.48,40.58,328700,38.64
2006-11-08,40.39,40.97,40.39,40.86,147100,38.90
2006-11-07,40.50,40.91,40.50,40.61,57700,38.67
2006-11-06,39.96,40.44,39.96,40.30,99200,38.37
2006-11-03,40.44,40.44,39.47,39.85,153900,37.94
2006-11-02,39.81,40.46,39.80,40.21,753000,38.29
2006-11-01,41.35,41.35,40.46,40.47,271500,38.53
2006-10-31,41.90,41.90,41.20,41.39,217100,39.41
2006-10-30,41.02,41.78,41.02,41.71,259800,39.71
2006-10-27,41.53,41.77,41.29,41.29,319800,39.31
2006-10-26,41.37,41.89,41.10,41.89,44900,39.89
2006-10-25,41.60,41.66,40.97,41.16,250300,39.19
2006-10-24,41.65,41.70,41.24,41.50,316500,39.51
2006-10-23,40.92,41.72,40.83,41.60,407100,39.61
2006-10-20,41.06,41.06,40.70,40.87,88500,38.91
2006-10-19,41.10,41.27,40.79,40.87,134700,38.91
2006-10-18,41.58,41.58,40.92,41.06,362500,39.10
2006-10-17,41.42,41.42,40.67,41.05,135100,39.09
2006-10-16,41.35,41.53,41.23,41.46,133000,39.48
2006-10-13,41.27,41.42,41.23,41.38,65700,39.40
2006-10-12,40.60,41.34,40.60,41.33,120700,39.35
2006-10-11,40.46,40.60,40.34,40.42,44700,38.49
2006-10-10,40.51,40.69,40.39,40.45,799700,38.51
2006-10-09,40.03,40.62,39.98,40.49,149600,38.55
2006-10-06,40.25,40.37,40.02,40.22,413900,38.30
2006-10-05,40.43,40.67,40.15,40.65,1060300,38.70
2006-10-04,39.82,40.71,39.70,40.69,497000,38.74
2006-10-03,39.21,40.03,39.18,39.96,329000,38.05
2006-10-02,39.29,39.76,39.17,39.40,98500,37.51
2006-09-29,39.88,39.88,39.25,39.29,491500,37.41
2006-09-28,39.80,39.83,39.30,39.83,412300,37.92
2006-09-27,39.84,39.99,39.49,39.64,259100,37.74
2006-09-26,39.73,39.87,39.49,39.79,184200,37.89
2006-09-25,39.26,39.73,39.01,39.73,502700,37.83
2006-09-22,38.85,39.08,38.61,39.06,720800,37.19
2006-09-21,39.85,39.85,38.98,39.13,233900,37.26
2006-09-20,39.39,39.74,39.37,39.60,229100,37.70
2006-09-19,38.92,38.97,38.42,38.97,829900,37.11
2006-09-18,38.56,38.87,38.41,38.70,405200,36.85
2006-09-15,38.93,38.93,38.45,38.71,370800,36.86
2006-09-14,38.54,38.62,38.24,38.55,550500,36.69
2006-09-13,38.34,38.61,38.24,38.52,775400,36.66
2006-09-12,37.54,38.45,37.53,38.37,391400,36.52
2006-09-11,36.81,37.52,36.70,37.39,136600,35.59
2006-09-08,36.44,37.00,36.41,37.00,927200,35.22
2006-09-07,36.37,36.68,36.10,36.41,495700,34.65
2006-09-06,36.62,36.65,36.33,36.34,559400,34.59
2006-09-05,36.58,36.82,36.58,36.81,266100,35.03
2006-09-01,36.42,36.60,36.22,36.53,215400,34.77
2006-08-31,36.45,36.47,36.30,36.34,500500,34.59
2006-08-30,36.16,36.29,36.07,36.28,263900,34.53
2006-08-29,36.10,36.18,35.78,36.16,510000,34.42
2006-08-28,35.85,36.14,35.85,35.86,311600,34.13
2006-08-25,35.53,35.57,35.32,35.51,745900,33.80
2006-08-24,35.75,35.75,35.49,35.62,321200,33.90
2006-08-23,36.45,36.52,36.00,36.12,522700,34.38
2006-08-22,36.77,36.77,36.52,36.61,203100,34.84
2006-08-21,36.79,36.84,36.69,36.80,211500,35.03
2006-08-18,37.50,37.50,37.04,37.34,427500,35.54
2006-08-17,37.14,37.66,37.12,37.32,422100,35.52
2006-08-16,36.61,37.24,36.45,37.11,562400,35.32
2006-08-15,36.04,36.41,35.99,36.41,281000,34.65
2006-08-14,35.78,36.00,35.64,35.68,96400,33.96
2006-08-11,35.62,35.64,35.41,35.41,146000,33.70
2006-08-10,34.89,35.66,34.86,35.62,641600,33.90
2006-08-09,35.60,35.61,34.82,34.82,842400,33.14
2006-08-08,35.64,35.79,35.19,35.19,344600,33.49
2006-08-07,35.57,35.85,35.51,35.76,465500,34.04
2006-08-04,36.37,36.52,35.67,35.89,478200,34.16
2006-08-03,34.83,36.06,34.83,35.84,960200,34.11
2006-08-02,35.11,35.21,34.88,35.04,692600,33.35
2006-08-01,35.17,35.19,34.72,34.91,157800,33.23
2006-07-31,35.56,35.81,35.43,35.62,803300,33.90
2006-07-28,35.01,35.38,34.99,35.29,464300,33.59
2006-07-27,35.31,35.45,34.87,34.88,36300,33.20
2006-07-26,35.68,35.69,35.35,35.35,239900,33.65
2006-07-25,36.01,36.19,35.61,36.07,634100,34.33
2006-07-24,35.41,35.78,35.35,35.73,130900,34.01
2006-07-21,35.13,35.15,34.85,34.95,165300,33.26
2006-07-20,35.98,35.99,35.40,35.40,254600,33.69
2006-07-19,35.28,35.95,35.28,35.85,147400,34.12
2006-07-18,35.48,35.48,34.58,35.01,199600,33.32
2006-07-17,35.46,35.76,35.40,35.52,56300,33.81
2006-07-14,35.75,35.75,35.21,35.39,132400,33.68
2006-07-13,36.07,36.22,35.79,35.90,281100,34.17
2006-07-12,37.16,37.16,36.40,36.43,125000,34.67
2006-07-11,37.00,37.31,36.76,37.30,96500,35.50
2006-07-10,37.31,37.56,37.17,37.30,348600,35.50
2006-07-07,37.06,37.30,36.98,37.06,127000,35.27
2006-07-06,37.18,37.35,37.11,37.35,85200,35.55
2006-07-05,37.31,37.31,36.84,37.14,117000,35.35
2006-07-03,37.62,37.62,37.62,37.62,000,35.81
2006-06-30,37.71,37.71,37.55,37.62,379100,35.81
2006-06-29,36.92,37.51,36.68,37.51,139000,35.70
2006-06-28,36.70,36.70,36.36,36.58,41500,34.82
2006-06-27,36.70,36.78,36.58,36.59,71000,34.83
2006-06-26,37.29,37.29,37.29,37.29,000,35.49
2006-06-23,37.29,37.29,37.29,37.29,25000,35.49
2006-06-22,37.06,37.14,36.92,37.12,5100,35.33
