Date,Open,High,Low,Close,Volume,Adj Close
2012-05-04,20.99,21.03,20.78,20.78,19400,20.78
2012-05-03,21.48,21.49,21.09,21.15,5800,21.15
2012-05-02,21.53,21.58,21.50,21.50,4200,21.50
2012-05-01,21.46,21.82,21.46,21.71,8700,21.71
2012-04-30,21.47,21.53,21.46,21.53,10000,21.53
2012-04-27,21.41,21.62,21.41,21.59,8800,21.59
2012-04-26,21.33,21.50,21.30,21.50,5700,21.50
2012-04-25,21.12,21.25,21.08,21.25,5500,21.25
2012-04-24,21.15,21.20,21.08,21.10,17800,21.10
2012-04-23,21.18,21.18,20.92,21.13,28200,21.13
2012-04-20,21.83,21.83,21.72,21.73,4800,21.73
2012-04-19,21.75,21.93,21.60,21.68,10700,21.68
2012-04-18,21.72,21.72,21.52,21.56,6200,21.56
2012-04-17,21.57,21.75,21.57,21.66,9400,21.66
2012-04-16,21.75,21.85,21.34,21.34,8100,21.34
2012-04-13,21.79,21.79,21.50,21.63,6600,21.63
2012-04-12,21.57,22.17,21.57,22.11,9700,22.11
2012-04-11,21.53,21.62,21.51,21.57,4600,21.57
2012-04-10,21.57,21.57,21.17,21.22,2500,21.22
2012-04-09,21.49,21.68,21.45,21.60,8600,21.60
2012-04-05,21.68,21.91,21.54,21.85,3600,21.85
2012-04-04,21.77,21.83,21.58,21.68,7000,21.68
2012-04-03,22.25,22.25,22.03,22.03,9600,22.03
2012-04-02,22.09,22.21,22.09,22.15,27400,22.15
2012-03-30,21.97,21.97,21.79,21.90,6100,21.90
2012-03-29,21.51,21.62,21.35,21.60,11100,21.60
2012-03-28,21.96,21.97,21.63,21.79,24700,21.79
2012-03-27,22.29,22.42,22.20,22.28,14200,22.28
2012-03-26,22.00,22.17,22.00,22.15,19200,22.15
2012-03-23,21.90,22.00,21.81,22.00,7600,22.00
2012-03-22,21.83,21.93,21.82,21.89,11000,21.89
2012-03-21,22.29,22.34,22.04,22.25,33700,22.25
2012-03-20,22.10,22.17,21.91,22.11,10300,22.11
2012-03-19,22.29,22.48,22.26,22.36,231200,22.36
2012-03-16,22.31,22.58,22.31,22.49,6500,22.49
2012-03-15,22.37,22.55,22.25,22.51,25700,22.51
2012-03-14,22.83,22.93,22.41,22.46,11500,22.46
2012-03-13,22.55,22.86,22.53,22.86,15600,22.86
2012-03-12,22.46,22.46,22.23,22.33,10300,22.33
2012-03-09,22.40,22.50,22.40,22.42,24300,22.42
2012-03-08,21.92,22.14,21.90,22.09,9600,22.09
2012-03-07,21.46,21.69,21.46,21.66,16800,21.66
2012-03-06,21.42,21.45,21.20,21.29,40100,21.29
2012-03-05,22.27,22.28,22.02,22.07,43900,22.07
2012-03-02,22.50,22.65,22.50,22.54,6100,22.54
2012-03-01,22.25,22.43,22.23,22.42,8500,22.42
2012-02-29,22.39,22.39,22.17,22.20,10500,22.20
2012-02-28,22.13,22.50,22.13,22.38,17500,22.38
2012-02-27,21.78,21.95,21.70,21.91,10300,21.91
2012-02-24,22.11,22.25,22.11,22.16,12700,22.16
2012-02-23,22.28,22.28,22.00,22.10,19500,22.10
2012-02-22,22.24,22.36,22.23,22.27,14600,22.27
2012-02-21,22.56,22.62,22.31,22.32,29500,22.32
2012-02-17,22.81,22.82,22.55,22.62,10100,22.62
2012-02-16,22.33,22.59,22.26,22.57,6900,22.57
2012-02-15,22.63,22.63,22.33,22.36,8600,22.36
2012-02-14,22.36,22.37,22.15,22.26,19400,22.26
2012-02-13,22.36,22.40,22.27,22.31,17200,22.31
2012-02-10,21.92,22.06,21.87,21.97,22500,21.97
2012-02-09,22.28,22.40,22.16,22.38,76200,22.38
2012-02-08,22.04,22.18,21.97,22.10,41100,22.10
2012-02-07,22.00,22.00,21.75,21.87,28600,21.87
2012-02-06,22.07,22.08,21.96,22.01,27600,22.01
2012-02-03,22.23,22.39,22.10,22.37,22500,22.37
2012-02-02,21.89,22.08,21.85,21.95,43300,21.95
2012-02-01,21.70,21.77,21.57,21.72,16600,21.72
2012-01-31,21.56,21.65,21.18,21.30,34900,21.30
2012-01-30,21.14,21.29,21.06,21.19,25600,21.19
2012-01-27,21.34,21.64,21.24,21.60,11400,21.60
2012-01-26,21.35,21.50,21.07,21.18,18200,21.18
2012-01-25,20.88,21.25,20.87,21.18,20300,21.18
2012-01-24,20.80,20.95,20.63,20.94,7800,20.94
2012-01-23,20.84,21.02,20.76,20.88,20700,20.88
2012-01-20,20.72,20.84,20.60,20.83,87500,20.83
2012-01-19,20.59,20.71,20.56,20.63,76800,20.63
2012-01-18,20.12,20.40,20.03,20.37,53500,20.37
2012-01-17,20.17,20.23,20.08,20.13,13900,20.13
2012-01-13,19.71,19.77,19.55,19.72,23200,19.72
2012-01-12,19.79,19.82,19.59,19.77,13900,19.77
2012-01-11,19.53,19.94,19.53,19.94,13600,19.94
2012-01-10,19.28,19.60,19.28,19.52,87500,19.52
2012-01-09,18.88,18.97,18.80,18.90,7900,18.90
2012-01-06,19.00,19.00,18.72,18.75,22400,18.75
2012-01-05,18.98,19.13,18.81,19.04,22800,19.04
2012-01-04,18.75,18.96,18.75,18.93,6800,18.93
2012-01-03,18.64,19.06,18.64,18.96,61600,18.96
2011-12-30,18.09,18.21,18.03,18.15,34700,18.15
2011-12-29,18.09,18.10,17.95,18.08,25900,18.08
2011-12-28,18.25,18.34,17.96,17.99,15400,17.99
2011-12-27,18.31,18.45,18.23,18.28,36300,18.28
2011-12-23,18.39,18.47,18.26,18.38,19300,18.38
2011-12-22,18.14,18.34,18.11,18.31,26800,18.31
2011-12-21,18.12,18.18,17.70,17.92,72400,17.92
2011-12-20,17.98,18.37,17.89,18.30,36000,18.10
2011-12-19,17.94,18.12,17.64,17.68,77700,17.49
2011-12-16,18.09,18.10,17.92,18.08,37800,17.88
2011-12-15,18.34,18.42,18.02,18.04,25700,17.84
2011-12-14,18.42,18.47,18.09,18.20,30200,18.00
2011-12-13,18.93,18.93,18.56,18.60,11200,18.40
2011-12-12,18.93,18.93,18.66,18.82,22400,18.61
2011-12-09,19.16,19.45,19.08,19.42,33000,19.21
2011-12-08,19.44,19.48,19.12,19.12,66900,18.91
2011-12-07,19.49,19.70,19.41,19.60,34700,19.39
2011-12-06,19.84,19.84,19.65,19.74,35800,19.52
2011-12-05,20.06,20.13,19.87,19.95,8200,19.73
2011-12-02,19.92,20.09,19.83,19.88,25800,19.66
2011-12-01,19.59,19.85,19.50,19.72,22100,19.50
2011-11-30,19.45,19.65,19.45,19.61,37100,19.40
2011-11-29,18.82,18.95,18.73,18.73,13200,18.53
2011-11-28,19.02,19.15,18.79,18.92,25900,18.71
2011-11-25,18.29,18.55,18.29,18.34,10800,18.14
2011-11-23,18.55,18.55,18.29,18.37,18000,18.17
2011-11-22,18.80,18.89,18.55,18.81,26700,18.60
2011-11-21,19.01,19.05,18.44,18.73,29000,18.53
2011-11-18,19.61,19.82,19.53,19.53,16500,19.32
2011-11-17,20.11,20.16,19.56,19.64,13500,19.43
2011-11-16,20.27,20.65,20.27,20.33,13700,20.11
2011-11-15,20.50,20.75,20.40,20.66,11400,20.43
2011-11-14,20.74,20.78,20.53,20.61,11800,20.38
2011-11-11,20.78,21.05,20.75,20.97,26900,20.74
2011-11-10,20.73,20.73,20.50,20.58,5100,20.36
2011-11-09,20.98,21.07,20.60,20.60,28600,20.37
2011-11-08,21.68,21.79,21.37,21.74,43000,21.50
2011-11-07,21.48,21.56,21.24,21.51,12300,21.27
2011-11-04,21.39,21.57,21.21,21.46,15100,21.23
2011-11-03,21.64,21.64,21.33,21.59,20100,21.35
2011-11-02,21.41,21.58,21.33,21.56,14500,21.32
2011-11-01,20.87,21.14,20.57,20.93,27300,20.70
2011-10-31,21.80,21.92,21.52,21.57,17900,21.33
2011-10-28,22.03,22.51,22.03,22.35,16100,22.11
2011-10-27,21.83,22.37,21.83,22.16,34700,21.92
2011-10-26,21.13,21.20,20.58,21.05,10000,20.82
2011-10-25,21.13,21.13,20.77,20.77,15000,20.54
2011-10-24,20.38,21.33,20.38,21.27,33100,21.04
2011-10-21,20.26,20.47,20.20,20.31,25500,20.09
2011-10-20,20.01,20.15,19.78,20.06,22100,19.84
2011-10-19,20.49,20.85,20.20,20.25,14000,20.03
2011-10-18,20.51,20.73,20.00,20.66,18900,20.43
2011-10-17,20.85,20.89,20.58,20.62,26500,20.39
2011-10-14,21.01,21.04,20.79,20.96,18800,20.73
2011-10-13,20.37,20.72,20.35,20.72,31400,20.49
2011-10-12,20.30,21.01,20.30,20.65,30200,20.42
2011-10-11,19.54,20.07,19.54,20.00,44500,19.78
2011-10-10,19.52,20.00,19.52,19.95,64600,19.73
2011-10-07,19.53,19.63,18.98,19.08,20400,18.87
2011-10-06,18.97,19.53,18.97,19.53,161000,19.32
2011-10-05,18.13,18.83,18.10,18.78,16300,18.57
2011-10-04,17.51,18.30,17.28,18.30,78600,18.10
2011-10-03,18.34,18.63,17.90,17.90,49900,17.70
2011-09-30,18.92,19.15,18.57,18.57,45900,18.37
2011-09-29,19.89,19.89,19.00,19.31,29400,19.10
2011-09-28,20.23,20.24,19.52,19.55,20200,19.34
2011-09-27,20.03,20.56,20.03,20.24,35400,20.02
2011-09-26,19.44,19.60,18.86,19.58,19400,19.37
2011-09-23,19.08,19.51,19.01,19.45,40100,19.24
2011-09-22,19.75,19.75,18.78,18.97,64800,18.76
2011-09-21,21.10,21.10,20.39,20.43,44900,20.21
2011-09-20,21.57,21.63,20.97,20.99,17100,20.76
2011-09-19,21.23,21.51,21.05,21.40,31200,21.17
2011-09-16,21.81,21.81,21.60,21.75,9600,21.51
2011-09-15,21.80,21.94,21.64,21.80,10700,21.56
2011-09-14,21.64,21.87,21.28,21.64,122200,21.40
2011-09-13,21.30,21.54,21.22,21.41,152400,21.18
2011-09-12,21.02,21.33,20.90,21.26,61600,21.03
2011-09-09,21.92,21.92,21.32,21.44,48300,21.21
2011-09-08,22.10,22.46,22.10,22.21,199000,21.97
2011-09-07,22.24,22.38,22.07,22.32,9800,22.08
2011-09-06,21.34,21.76,21.26,21.76,19900,21.52
2011-09-02,21.99,22.08,21.73,21.83,26300,21.59
2011-09-01,22.85,22.85,22.46,22.47,35900,22.22
2011-08-31,22.89,22.95,22.53,22.76,9600,22.51
2011-08-30,22.15,22.67,22.02,22.53,106200,22.28
2011-08-29,21.91,22.10,21.87,22.08,20200,21.84
2011-08-26,20.81,21.43,20.64,21.40,18100,21.17
2011-08-25,21.60,21.60,21.02,21.12,24400,20.89
2011-08-24,21.32,21.53,21.11,21.41,13100,21.18
2011-08-23,21.15,21.65,21.07,21.62,26700,21.38
2011-08-22,21.36,21.36,20.64,20.73,41500,20.50
2011-08-19,20.40,21.90,20.29,20.77,36800,20.54
2011-08-18,21.51,21.51,20.91,21.12,30700,20.89
2011-08-17,22.52,22.65,22.22,22.36,11500,22.12
2011-08-16,22.63,22.63,22.12,22.36,19200,22.12
2011-08-15,23.05,23.17,22.90,23.11,25200,22.86
2011-08-12,22.67,22.86,22.53,22.66,24700,22.41
2011-08-11,21.95,22.93,21.63,22.70,123100,22.45
2011-08-10,21.80,22.05,21.44,21.72,15500,21.48
2011-08-09,21.45,22.17,21.11,22.12,310100,21.88
2011-08-08,21.48,21.82,20.64,20.76,168800,20.53
2011-08-05,23.09,23.20,21.82,22.70,79800,22.45
2011-08-04,23.78,23.78,22.86,22.89,74600,22.64
2011-08-03,24.48,24.48,23.76,24.34,43500,24.07
2011-08-02,25.08,25.11,24.45,24.45,129500,24.18
2011-08-01,25.67,25.85,25.14,25.24,100100,24.96
2011-07-29,25.04,25.34,24.92,25.17,29700,24.89
2011-07-28,25.44,25.57,25.27,25.28,28800,25.00
2011-07-27,25.77,25.79,25.32,25.37,26000,25.09
2011-07-26,25.79,25.93,25.79,25.81,27100,25.53
2011-07-25,25.54,25.71,25.54,25.60,19900,25.32
2011-07-22,25.41,25.77,25.41,25.68,50300,25.40
2011-07-21,25.34,25.57,25.26,25.35,19900,25.07
2011-07-20,25.49,25.52,25.26,25.37,37400,25.09
2011-07-19,25.20,25.51,25.20,25.51,24900,25.23
2011-07-18,25.04,25.13,24.80,24.99,9400,24.72
2011-07-15,25.23,25.28,25.10,25.28,25400,25.00
2011-07-14,25.24,25.42,24.93,25.00,30500,24.73
2011-07-13,24.89,25.36,24.89,25.21,12900,24.93
2011-07-12,24.81,24.94,24.68,24.72,24800,24.45
2011-07-11,25.57,25.57,25.00,25.09,34000,24.82
2011-07-08,25.68,25.85,25.56,25.85,36200,25.57
2011-07-07,26.02,26.19,25.98,26.01,11300,25.73
2011-07-06,25.80,25.84,25.70,25.73,24100,25.45
2011-07-05,25.88,26.03,25.70,25.98,99200,25.70
2011-07-01,25.31,25.79,25.25,25.71,16000,25.43
2011-06-30,25.15,25.28,25.07,25.23,44400,24.95
2011-06-29,24.88,25.00,24.72,24.99,16500,24.72
2011-06-28,24.07,24.74,24.07,24.69,20600,24.42
2011-06-27,24.01,24.14,23.96,24.07,137100,23.81
2011-06-24,23.87,24.00,23.70,23.76,34600,23.50
2011-06-23,23.21,23.77,23.17,23.74,33400,23.48
2011-06-22,23.60,23.79,23.53,23.54,45000,23.28
2011-06-21,23.17,23.84,23.17,23.81,35400,23.55
2011-06-20,23.10,23.30,23.00,23.19,39500,22.84
2011-06-17,23.54,23.65,23.29,23.32,52800,22.97
2011-06-16,23.61,23.81,23.14,23.51,45800,23.15
2011-06-15,24.04,24.04,23.56,23.67,35200,23.31
2011-06-14,23.93,24.33,23.93,24.27,35100,23.90
2011-06-13,23.87,24.11,23.65,23.76,21700,23.40
2011-06-10,24.16,24.16,23.77,23.84,187300,23.48
2011-06-09,24.12,24.30,24.00,24.30,26900,23.93
2011-06-08,24.47,24.55,24.12,24.14,30000,23.77
2011-06-07,24.76,24.80,24.55,24.60,16200,24.23
2011-06-06,25.08,25.09,24.51,24.52,18200,24.15
2011-06-03,25.08,25.36,24.65,24.99,24200,24.61
2011-06-02,25.28,25.55,25.19,25.50,19400,25.11
2011-06-01,25.60,25.66,25.25,25.25,24600,24.87
2011-05-31,25.77,25.77,25.55,25.67,15900,25.28
2011-05-27,25.19,25.31,25.16,25.23,23200,24.85
2011-05-26,24.87,25.00,24.75,24.98,26400,24.60
2011-05-25,24.70,24.88,24.55,24.76,14100,24.38
2011-05-24,24.80,24.89,24.69,24.70,16300,24.32
2011-05-23,24.92,24.92,24.51,24.64,42800,24.27
2011-05-20,25.44,25.61,25.27,25.29,30700,24.91
2011-05-19,25.38,25.56,25.32,25.51,31700,25.12
2011-05-18,25.26,25.50,25.26,25.41,41600,25.02
2011-05-17,25.05,25.21,24.89,25.20,154600,24.82
2011-05-16,25.39,25.83,25.23,25.24,34600,24.86
2011-05-13,26.02,26.18,25.56,25.60,23500,25.21
2011-05-12,26.16,26.19,25.81,26.07,73000,25.67
2011-05-11,26.62,26.62,26.01,26.16,132300,25.76
2011-05-10,26.45,26.57,26.41,26.54,19400,26.14
2011-05-09,26.32,26.47,26.29,26.40,12000,26.00
2011-05-06,26.38,26.54,26.22,26.30,22900,25.90
2011-05-05,25.83,26.15,25.62,25.91,34500,25.52
2011-05-04,26.19,26.26,25.80,26.04,39000,25.64
2011-05-03,27.13,27.13,26.27,26.38,35000,25.98
2011-05-02,27.62,27.62,27.20,27.26,29000,26.85
2011-04-29,27.19,27.50,27.19,27.46,35000,27.04
2011-04-28,27.35,27.35,27.14,27.29,19200,26.88
2011-04-27,27.67,27.67,27.10,27.42,14900,27.00
2011-04-26,27.86,27.86,27.63,27.72,14900,27.30
2011-04-25,27.71,27.75,27.57,27.75,15200,27.33
2011-04-21,27.62,27.62,27.43,27.56,19600,27.14
2011-04-20,27.61,27.73,27.40,27.52,34800,27.10
2011-04-19,26.92,27.20,26.92,27.15,20000,26.74
2011-04-18,26.69,26.78,26.21,26.76,21500,26.35
2011-04-15,27.20,27.21,26.85,26.94,109800,26.53
2011-04-14,27.01,27.30,27.00,27.29,15900,26.88
2011-04-13,27.01,27.23,27.01,27.20,21300,26.79
2011-04-12,26.97,26.97,26.49,26.58,20400,26.18
2011-04-11,27.36,27.36,26.95,27.07,37100,26.66
2011-04-08,27.28,27.45,27.13,27.28,19400,26.87
2011-04-07,27.25,27.40,27.07,27.25,20500,26.84
2011-04-06,27.50,27.50,27.00,27.21,26300,26.80
2011-04-05,27.36,27.43,27.22,27.32,34800,26.90
2011-04-04,27.02,27.30,27.02,27.27,30700,26.86
2011-04-01,26.65,26.95,26.64,26.84,44700,26.43
2011-03-31,26.46,26.54,26.35,26.52,72800,26.12
2011-03-30,26.21,26.37,26.18,26.30,13700,25.90
2011-03-29,25.63,26.05,25.63,26.05,29400,25.65
2011-03-28,25.77,25.77,25.54,25.55,17600,25.16
2011-03-25,25.57,25.72,25.51,25.52,17300,25.13
2011-03-24,25.20,25.56,25.19,25.49,21500,25.10
2011-03-23,24.75,25.22,24.71,25.11,49600,24.73
2011-03-22,24.71,24.71,24.53,24.65,29300,24.28
2011-03-21,24.37,24.62,24.37,24.62,21600,24.25
2011-03-18,24.41,24.41,24.11,24.15,13200,23.78
2011-03-17,24.42,24.42,24.18,24.25,33500,23.88
2011-03-16,24.74,24.74,23.96,24.16,51500,23.79
2011-03-15,24.09,24.75,22.39,24.65,268200,24.28
2011-03-14,24.84,25.06,24.75,24.95,30200,24.57
2011-03-11,24.43,24.97,24.30,24.89,46400,24.51
2011-03-10,24.72,24.85,24.58,24.75,45100,24.37
2011-03-09,25.08,25.25,25.00,25.16,24700,24.78
2011-03-08,24.83,25.24,24.55,25.09,33100,24.71
2011-03-07,25.10,25.11,24.51,24.67,28900,24.30
2011-03-04,25.21,25.21,24.88,25.06,11000,24.68
2011-03-03,24.85,25.10,24.85,25.08,25900,24.70
2011-03-02,24.49,24.75,24.44,24.64,41000,24.27
2011-03-01,24.82,24.82,24.49,24.52,35100,24.15
2011-02-28,24.81,24.89,24.47,24.57,49300,24.20
2011-02-25,24.40,24.64,24.40,24.60,68700,24.23
2011-02-24,23.99,24.36,23.90,24.29,51000,23.92
2011-02-23,24.54,24.64,23.93,24.23,91700,23.86
2011-02-22,25.10,25.10,24.47,24.53,65600,24.16
2011-02-18,25.55,25.55,25.21,25.28,62800,24.90
2011-02-17,25.27,25.50,25.27,25.41,42000,25.02
2011-02-16,25.45,25.45,25.29,25.35,47800,24.96
2011-02-15,25.16,25.30,25.16,25.26,31800,24.88
2011-02-14,25.20,25.41,25.16,25.28,106700,24.90
2011-02-11,24.69,25.18,24.66,25.09,44800,24.71
2011-02-10,24.38,24.68,24.21,24.65,97700,24.28
2011-02-09,24.63,24.73,24.15,24.58,69100,24.21
2011-02-08,24.91,24.91,24.75,24.85,48600,24.47
2011-02-07,24.74,25.13,24.74,25.01,33900,24.63
2011-02-04,24.96,25.05,24.84,24.98,32800,24.60
2011-02-03,25.21,25.21,25.00,25.16,23500,24.78
2011-02-02,25.01,25.24,25.01,25.13,64800,24.75
2011-02-01,24.97,25.17,24.89,25.11,39200,24.73
2011-01-31,24.32,24.56,24.24,24.52,41300,24.15
2011-01-28,24.88,24.88,24.15,24.18,89000,23.81
2011-01-27,25.04,25.10,24.85,24.97,45300,24.59
2011-01-26,25.14,25.14,24.90,25.02,42900,24.64
2011-01-25,25.10,25.17,24.75,24.88,43300,24.50
2011-01-24,25.01,25.29,24.91,25.26,57700,24.88
2011-01-21,25.38,25.38,24.98,24.98,47700,24.60
2011-01-20,25.26,25.29,24.94,25.18,274600,24.80
2011-01-19,25.58,25.61,25.32,25.37,41100,24.98
2011-01-18,25.47,25.59,25.36,25.58,49100,25.19
2011-01-14,25.21,25.36,25.21,25.35,134900,24.96
2011-01-13,25.62,25.81,25.46,25.52,73500,25.13
2011-01-12,25.80,25.91,25.70,25.75,56100,25.36
2011-01-11,25.36,25.54,25.35,25.45,42400,25.06
2011-01-10,25.00,25.17,24.90,25.14,40900,24.76
2011-01-07,25.24,25.32,24.88,25.19,41600,24.81
2011-01-06,25.53,25.55,25.30,25.36,39900,24.97
2011-01-05,25.33,25.57,25.30,25.54,53700,25.15
2011-01-04,25.62,25.71,25.22,25.48,31900,25.09
2011-01-03,25.46,25.62,25.46,25.51,79700,25.12
2010-12-31,25.08,25.12,24.99,25.02,21700,24.64
2010-12-30,25.12,25.13,25.00,25.05,49300,24.67
2010-12-29,24.99,25.05,24.90,24.99,35600,24.61
2010-12-28,24.90,24.90,24.72,24.75,40500,24.37
2010-12-27,24.99,24.99,24.69,24.85,40000,24.47
2010-12-23,25.13,25.13,24.92,24.99,54000,24.61
2010-12-22,25.17,25.22,25.01,25.15,40600,24.77
2010-12-21,25.14,25.14,24.86,25.07,46500,24.69
2010-12-20,24.66,24.93,24.50,24.64,36400,24.21
2010-12-17,24.77,24.79,24.65,24.73,35100,24.30
2010-12-16,24.73,24.78,24.44,24.76,35400,24.33
2010-12-15,24.84,24.86,24.52,24.61,102900,24.18
2010-12-14,25.17,25.17,24.89,24.92,50800,24.49
2010-12-13,25.35,25.36,25.11,25.11,33400,24.68
2010-12-10,25.03,25.15,24.87,25.15,71200,24.71
2010-12-09,25.26,25.26,24.84,24.88,88900,24.45
2010-12-08,25.57,25.58,25.16,25.29,44400,24.85
2010-12-07,26.04,26.09,25.53,25.53,81600,25.09
2010-12-06,25.76,25.77,25.44,25.69,67500,25.25
2010-12-03,25.55,25.79,25.50,25.78,42500,25.33
2010-12-02,25.38,25.74,25.38,25.64,69000,25.20
2010-12-01,25.35,25.57,25.29,25.30,91700,24.86
2010-11-30,25.11,25.11,24.78,24.83,252000,24.40
2010-11-29,25.46,25.47,25.13,25.30,103100,24.86
2010-11-26,25.11,25.50,25.11,25.37,25600,24.93
2010-11-24,25.38,25.66,25.33,25.66,54200,25.22
2010-11-23,25.25,25.31,25.03,25.09,80200,24.66
2010-11-22,25.70,25.77,25.43,25.73,58900,25.28
2010-11-19,25.61,25.61,25.26,25.52,53000,25.08
2010-11-18,25.80,25.83,25.64,25.71,60200,25.26
2010-11-17,25.15,25.44,25.00,25.30,83300,24.86
2010-11-16,25.88,25.88,25.04,25.08,180900,24.65
2010-11-15,26.45,26.45,26.04,26.05,62700,25.60
2010-11-12,26.53,26.65,26.00,26.19,143600,25.74
2010-11-11,26.91,27.03,26.66,26.96,94900,26.49
2010-11-10,27.06,27.08,26.53,27.03,56000,26.56
2010-11-09,27.32,27.32,26.65,26.73,122400,26.27
2010-11-08,27.04,27.17,26.88,27.15,79500,26.68
2010-11-05,27.04,27.08,26.89,27.00,88900,26.53
2010-11-04,26.83,27.02,26.79,26.91,97700,26.44
2010-11-03,26.48,26.48,26.15,26.44,65700,25.98
2010-11-02,26.25,26.31,26.01,26.26,71200,25.81
2010-11-01,26.20,26.33,25.94,26.04,45600,25.59
2010-10-29,25.75,25.95,25.63,25.92,23900,25.47
2010-10-28,26.13,26.13,25.70,25.88,35800,25.43
2010-10-27,25.92,25.92,25.50,25.78,40400,25.33
2010-10-26,26.12,26.22,25.85,26.16,38400,25.71
2010-10-25,26.00,26.20,25.87,26.07,54800,25.62
2010-10-22,25.70,25.81,25.69,25.77,53800,25.32
2010-10-21,25.97,26.01,25.55,25.79,50700,25.34
2010-10-20,25.69,25.94,25.58,25.77,56300,25.32
2010-10-19,25.96,25.96,25.35,25.45,87800,25.01
2010-10-18,26.04,26.32,25.95,26.28,58900,25.83
2010-10-15,26.49,26.49,25.97,26.04,80300,25.59
2010-10-14,26.49,26.49,26.03,26.24,131800,25.79
2010-10-13,26.00,26.37,26.00,26.29,88900,25.83
2010-10-12,25.67,25.76,25.48,25.73,57100,25.28
2010-10-11,25.71,25.90,25.58,25.82,72000,25.37
2010-10-08,25.50,25.53,25.20,25.46,168600,25.02
2010-10-07,25.50,25.50,25.15,25.35,39300,24.91
2010-10-06,25.73,25.73,25.29,25.40,69500,24.96
2010-10-05,25.29,25.59,25.27,25.52,117800,25.08
2010-10-04,25.22,25.29,24.81,25.00,151900,24.57
2010-10-01,25.14,25.23,24.95,25.14,52400,24.70
2010-09-30,24.88,25.04,24.56,24.87,48400,24.44
2010-09-29,24.73,24.91,24.68,24.82,51700,24.39
2010-09-28,24.79,24.79,24.33,24.67,72700,24.24
2010-09-27,24.74,24.84,24.64,24.75,115800,24.32
2010-09-24,24.46,24.64,24.38,24.64,64900,24.21
2010-09-23,24.08,24.30,23.98,24.14,75300,23.72
2010-09-22,24.20,24.32,24.10,24.26,46300,23.84
2010-09-21,24.17,24.21,24.03,24.11,61300,23.69
2010-09-20,23.74,24.11,23.74,24.07,70700,23.65
2010-09-17,23.65,23.71,23.53,23.57,42700,23.16
2010-09-16,23.40,23.58,23.31,23.58,131100,23.17
2010-09-15,23.45,23.53,23.30,23.51,42100,23.10
2010-09-14,23.43,23.62,23.31,23.50,42000,23.09
2010-09-13,23.16,23.48,23.16,23.47,97900,23.06
2010-09-10,22.68,22.85,22.68,22.80,17500,22.41
2010-09-09,22.83,22.84,22.66,22.72,17300,22.33
2010-09-08,22.63,22.78,22.63,22.72,32800,22.33
2010-09-07,22.80,22.82,22.51,22.54,37800,22.15
2010-09-03,22.85,22.85,22.66,22.80,36700,22.41
2010-09-02,22.40,22.60,22.34,22.58,27400,22.19
2010-09-01,21.95,22.37,21.95,22.33,41500,21.94
2010-08-31,21.53,21.81,21.53,21.67,40000,21.29
2010-08-30,21.93,21.95,21.63,21.65,224100,21.28
2010-08-27,21.72,22.05,21.55,22.04,30800,21.66
2010-08-26,21.77,21.91,21.56,21.61,65800,21.24
2010-08-25,21.71,21.75,21.34,21.73,62000,21.35
2010-08-24,21.95,21.95,21.64,21.71,52100,21.33
2010-08-23,22.30,22.45,22.12,22.15,41400,21.77
2010-08-20,22.12,22.40,22.11,22.39,29500,22.00
2010-08-19,22.54,22.61,22.22,22.29,19900,21.90
2010-08-18,22.44,22.55,22.34,22.41,40000,22.02
2010-08-17,22.40,22.48,22.23,22.37,21600,21.98
2010-08-16,22.11,22.16,22.02,22.12,16000,21.74
2010-08-13,22.05,22.12,21.94,21.99,21200,21.61
2010-08-12,21.70,22.03,21.60,21.98,25800,21.60
2010-08-11,22.19,22.41,21.90,21.94,29300,21.56
2010-08-10,22.57,22.72,22.46,22.67,21300,22.28
2010-08-09,22.85,23.00,22.85,22.92,29800,22.52
2010-08-06,22.64,22.83,22.52,22.83,23400,22.43
2010-08-05,22.64,22.76,22.56,22.73,50000,22.34
2010-08-04,22.64,22.83,22.59,22.83,119300,22.43
2010-08-03,22.63,22.64,22.35,22.60,151400,22.21
2010-08-02,22.50,22.64,22.42,22.62,38400,22.23
2010-07-30,21.67,22.08,21.67,22.08,13600,21.70
2010-07-29,22.16,22.16,21.69,21.93,21400,21.55
2010-07-28,22.12,22.20,21.85,21.92,14600,21.54
2010-07-27,22.20,22.29,22.03,22.14,44700,21.76
2010-07-26,21.86,22.18,21.85,22.14,64500,21.76
2010-07-23,21.66,22.06,21.66,22.03,31600,21.65
2010-07-22,21.45,21.85,21.45,21.82,10900,21.44
2010-07-21,21.44,21.57,21.17,21.18,45100,20.81
2010-07-20,20.90,21.37,20.89,21.37,13200,21.00
2010-07-19,21.07,21.08,20.82,21.07,47100,20.71
2010-07-16,21.14,21.14,20.83,20.88,16000,20.52
2010-07-15,21.25,21.38,21.08,21.33,25300,20.96
2010-07-14,21.29,21.50,21.29,21.40,18800,21.03
2010-07-13,21.39,21.66,21.39,21.60,34300,21.23
2010-07-12,21.52,21.59,21.26,21.34,37500,20.97
2010-07-09,21.14,21.43,21.14,21.41,75700,21.04
2010-07-08,20.85,21.15,20.85,21.14,73700,20.77
2010-07-07,20.33,20.99,20.33,20.99,24700,20.63
2010-07-06,21.10,21.10,20.37,20.47,179000,20.12
2010-07-02,20.50,20.71,20.36,20.47,23500,20.12
2010-07-01,20.53,20.67,20.09,20.54,307900,20.18
2010-06-30,20.68,20.91,20.54,20.57,25700,20.21
2010-06-29,20.90,20.91,20.45,20.51,75900,20.15
2010-06-28,21.54,21.73,21.49,21.60,335900,21.23
2010-06-25,21.35,21.70,21.33,21.65,23700,21.28
2010-06-24,21.79,21.79,21.34,21.36,16300,20.99
2010-06-23,21.80,22.00,21.57,21.80,33500,21.42
2010-06-22,21.99,22.17,21.68,21.71,133800,21.33
2010-06-21,22.16,22.59,22.15,22.24,73600,21.74
2010-06-18,21.93,21.93,21.69,21.83,142400,21.34
2010-06-17,22.12,22.12,21.63,21.80,68300,21.31
2010-06-16,21.52,22.08,21.52,21.96,36100,21.46
2010-06-15,21.33,21.88,21.33,21.87,53500,21.38
2010-06-14,21.24,21.63,21.21,21.25,88000,20.77
2010-06-11,20.72,21.14,20.72,21.13,33700,20.65
2010-06-10,20.65,20.97,20.65,20.97,21300,20.50
2010-06-09,20.38,20.68,20.15,20.15,16700,19.70
2010-06-08,20.11,20.23,19.83,20.21,31100,19.75
2010-06-07,20.63,20.63,19.86,19.94,21000,19.49
2010-06-04,20.59,20.84,20.34,20.34,28100,19.88
2010-06-03,21.05,21.12,20.81,21.07,13000,20.59
2010-06-02,20.43,20.92,20.41,20.92,48600,20.45
2010-06-01,20.42,20.75,20.27,20.29,61100,19.83
2010-05-28,21.01,21.16,20.65,20.76,18800,20.29
2010-05-27,20.19,20.94,20.19,20.93,18800,20.46
2010-05-26,20.00,20.39,19.78,19.83,138200,19.38
2010-05-25,19.33,19.85,19.18,19.84,190100,19.39
2010-05-24,20.18,20.43,20.12,20.12,40400,19.67
2010-05-21,19.40,20.28,19.25,20.28,962400,19.82
2010-05-20,19.86,20.00,19.52,19.66,82300,19.22
2010-05-19,20.50,20.65,20.09,20.41,78100,19.95
2010-05-18,21.30,21.43,20.74,20.78,36200,20.31
2010-05-17,21.20,21.39,20.62,21.14,69200,20.66
2010-05-14,21.75,21.75,21.10,21.36,50000,20.88
2010-05-13,22.29,22.30,21.90,21.96,53800,21.46
2010-05-12,21.86,22.18,21.86,22.17,29900,21.67
2010-05-11,21.36,21.94,21.29,21.73,38000,21.24
2010-05-10,21.56,22.02,21.47,22.02,64400,21.52
2010-05-07,20.79,20.95,19.82,20.57,215400,20.11
2010-05-06,21.45,21.55,9.50,20.64,356100,20.17
2010-05-05,21.43,21.78,21.05,21.57,1043300,21.08
2010-05-04,22.28,22.41,21.69,21.70,70500,21.21
2010-05-03,22.46,22.72,22.46,22.66,69300,22.15
2010-04-30,22.83,22.89,22.47,22.52,39100,22.01
2010-04-29,22.38,22.78,22.38,22.75,51700,22.24
2010-04-28,22.45,22.49,22.14,22.23,57900,21.73
2010-04-27,22.85,22.85,22.19,22.24,47800,21.74
2010-04-26,23.05,23.08,22.94,22.96,42800,22.44
2010-04-23,22.73,22.93,22.71,22.93,43800,22.41
2010-04-22,22.45,22.77,22.31,22.77,36200,22.26
2010-04-21,22.68,22.68,22.45,22.58,50300,22.07
2010-04-20,22.50,22.75,22.50,22.71,25000,22.20
2010-04-19,22.27,22.42,22.05,22.36,70700,21.86
2010-04-16,22.95,22.95,22.34,22.48,51800,21.97
2010-04-15,23.00,23.16,23.00,23.05,39800,22.53
2010-04-14,22.95,23.14,22.82,23.10,48700,22.58
2010-04-13,22.93,22.93,22.68,22.84,22300,22.32
2010-04-12,23.02,23.05,22.91,22.93,37900,22.41
2010-04-09,22.91,23.08,22.91,23.08,22800,22.56
2010-04-08,22.60,22.84,22.48,22.81,20100,22.30
2010-04-07,22.84,22.93,22.62,22.74,465500,22.23
2010-04-06,22.80,22.97,22.72,22.92,44100,22.40
2010-04-05,22.64,22.88,22.50,22.84,39200,22.32
2010-04-01,22.40,22.53,22.27,22.45,39100,21.94
2010-03-31,22.09,22.23,22.06,22.12,36100,21.62
2010-03-30,22.08,22.26,22.08,22.22,46200,21.72
2010-03-29,21.92,22.19,21.92,22.19,71100,21.69
2010-03-26,21.95,22.07,21.79,21.91,139500,21.42
2010-03-25,21.86,22.04,21.72,21.75,46900,21.26
2010-03-24,22.03,22.03,21.83,21.89,33900,21.40
2010-03-23,22.03,22.09,21.90,22.09,34500,21.59
2010-03-22,21.75,22.00,21.55,21.95,65300,21.45
2010-03-19,22.22,22.22,21.75,21.81,27100,21.32
2010-03-18,22.28,22.28,22.06,22.15,202300,21.65
2010-03-17,22.24,22.34,22.17,22.24,51900,21.74
2010-03-16,22.04,22.11,21.97,22.11,28400,21.61
2010-03-15,21.89,22.09,21.86,21.99,47200,21.49
2010-03-12,22.17,22.21,22.00,22.04,56600,21.54
2010-03-11,22.09,22.13,21.89,22.10,51200,21.60
2010-03-10,21.97,22.12,21.95,22.10,36100,21.60
2010-03-09,21.89,22.03,21.65,21.89,53100,21.40
2010-03-08,21.86,21.93,21.74,21.90,194000,21.41
2010-03-05,21.55,21.79,21.46,21.77,81700,21.28
2010-03-04,21.27,21.36,21.16,21.33,138500,20.85
2010-03-03,21.30,21.53,21.26,21.38,448400,20.90
2010-03-02,21.39,21.47,21.31,21.35,81600,20.87
2010-03-01,21.08,21.23,21.00,21.23,52300,20.75
2010-02-26,20.67,20.93,20.64,20.90,49900,20.43
2010-02-25,20.17,20.51,20.11,20.50,36400,20.04
2010-02-24,20.39,20.55,20.39,20.53,22500,20.07
2010-02-23,20.58,20.58,20.26,20.31,21400,19.85
2010-02-22,20.65,20.65,20.47,20.53,38700,20.07
2010-02-19,20.49,20.55,20.38,20.48,26900,20.02
2010-02-18,20.59,20.75,20.54,20.73,21100,20.26
2010-02-17,20.74,20.75,20.58,20.64,26100,20.17
2010-02-16,20.30,20.59,20.29,20.59,65700,20.13
2010-02-12,20.04,20.18,19.87,20.15,43500,19.70
2010-02-11,19.84,20.22,19.83,20.22,106900,19.76
2010-02-10,19.71,19.78,19.46,19.70,39200,19.26
2010-02-09,19.44,19.71,19.35,19.57,46200,19.13
2010-02-08,19.12,19.38,19.08,19.08,75000,18.65
2010-02-05,19.22,19.23,18.74,19.22,223100,18.79
2010-02-04,19.93,20.07,19.30,19.31,69100,18.87
2010-02-03,20.31,20.51,20.30,20.38,502600,19.92
2010-02-02,19.89,20.23,19.83,20.20,128900,19.74
2010-02-01,19.66,20.00,19.50,19.79,185400,19.34
2010-01-29,19.84,19.94,19.34,19.42,83800,18.98
2010-01-28,20.05,20.05,19.43,19.54,55800,19.10
2010-01-27,19.89,19.89,19.48,19.82,113200,19.37
2010-01-26,20.14,20.27,19.98,20.00,87700,19.55
2010-01-25,20.50,20.66,20.31,20.48,64400,20.02
2010-01-22,20.74,20.83,20.25,20.29,167600,19.83
2010-01-21,21.44,21.45,20.81,20.87,140800,20.40
2010-01-20,21.83,21.83,21.45,21.60,65800,21.11
2010-01-19,21.79,22.17,21.79,22.12,78800,21.62
2010-01-15,22.16,22.16,21.76,21.83,77000,21.34
2010-01-14,22.26,22.33,22.16,22.18,251300,21.68
2010-01-13,22.23,22.35,21.95,22.21,51600,21.71
2010-01-12,22.35,22.35,21.95,22.05,59500,21.55
2010-01-11,22.61,22.67,22.36,22.47,53000,21.96
2010-01-08,22.30,22.44,22.25,22.44,43400,21.93
2010-01-07,22.46,22.46,22.21,22.35,74000,21.85
2010-01-06,22.64,22.64,22.52,22.59,263900,22.08
2010-01-05,22.08,22.48,22.02,22.48,111900,21.97
2010-01-04,21.50,22.02,21.50,22.02,89100,21.52
2009-12-31,21.45,21.45,21.30,21.34,32200,20.86
2009-12-30,21.37,21.47,21.23,21.38,60200,20.90
2009-12-29,21.47,21.50,21.32,21.38,37600,20.90
2009-12-28,21.52,21.56,21.34,21.44,79000,20.96
2009-12-24,21.48,21.48,21.39,21.45,29500,20.97
2009-12-23,21.04,21.34,21.04,21.32,52000,20.84
2009-12-22,20.87,20.99,20.85,20.94,46300,20.47
2009-12-21,20.91,21.07,20.90,20.96,28600,20.47
2009-12-18,20.98,21.09,20.79,21.05,32400,20.56
2009-12-17,21.05,21.10,20.94,20.99,52000,20.50
2009-12-16,21.30,21.40,21.27,21.36,29900,20.86
2009-12-15,21.24,21.31,21.11,21.18,32800,20.68
2009-12-14,21.26,21.38,21.19,21.34,50700,20.84
2009-12-11,21.35,21.35,21.02,21.13,46600,20.63
2009-12-10,21.06,21.27,21.03,21.23,61200,20.73
2009-12-09,21.18,21.18,20.95,21.14,30300,20.64
2009-12-08,21.04,21.25,21.01,21.07,47000,20.58
2009-12-07,21.43,21.43,21.21,21.28,46000,20.78
2009-12-04,21.82,21.82,21.19,21.46,36400,20.96
2009-12-03,21.50,21.70,21.30,21.31,49400,20.81
2009-12-02,21.49,21.56,21.34,21.47,79500,20.97
2009-12-01,21.30,21.50,21.30,21.41,371300,20.91
2009-11-30,20.87,20.88,20.65,20.88,56800,20.39
2009-11-27,20.50,20.88,20.00,20.69,71500,20.20
2009-11-25,21.03,21.35,21.03,21.35,55400,20.85
2009-11-24,21.03,21.06,20.83,20.98,33200,20.49
2009-11-23,21.37,21.47,21.15,21.24,29000,20.74
2009-11-20,20.80,20.95,20.77,20.93,31100,20.44
2009-11-19,21.08,21.08,20.69,20.77,117400,20.28
2009-11-18,21.39,21.42,21.12,21.28,65900,20.78
2009-11-17,21.23,21.42,21.16,21.42,47500,20.92
2009-11-16,21.00,21.40,21.00,21.34,79300,20.84
2009-11-13,20.75,20.92,20.66,20.92,37400,20.43
2009-11-12,20.85,20.93,20.45,20.54,164900,20.06
2009-11-11,20.81,21.10,20.81,20.91,49500,20.42
2009-11-10,20.52,20.62,20.43,20.59,41200,20.11
2009-11-09,20.21,20.73,20.21,20.73,46600,20.24
2009-11-06,19.79,20.00,19.69,19.86,63200,19.39
2009-11-05,19.75,19.87,19.63,19.85,26200,19.38
2009-11-04,19.45,19.78,19.40,19.50,55300,19.04
2009-11-03,18.73,19.10,18.53,19.06,40400,18.61
2009-11-02,18.85,19.19,18.72,18.99,45800,18.54
2009-10-30,19.44,19.49,18.65,18.72,56500,18.28
2009-10-29,19.01,19.58,19.01,19.52,45300,19.06
2009-10-28,19.47,19.47,18.79,18.86,269700,18.42
2009-10-27,19.95,19.95,19.49,19.55,108300,19.09
2009-10-26,20.43,20.61,20.02,20.05,37700,19.58
2009-10-23,20.51,20.68,20.29,20.33,45900,19.85
2009-10-22,20.31,20.40,20.06,20.35,44400,19.87
2009-10-21,20.54,20.73,20.33,20.34,75000,19.86
2009-10-20,20.90,20.90,20.52,20.68,36300,20.19
2009-10-19,20.66,20.93,20.56,20.90,89500,20.41
2009-10-16,20.54,20.54,20.22,20.41,49300,19.93
2009-10-15,20.66,20.67,20.54,20.62,277000,20.14
2009-10-14,20.50,20.82,20.50,20.82,64900,20.33
2009-10-13,20.23,20.24,20.00,20.17,57800,19.70
2009-10-12,20.32,20.37,20.09,20.14,43400,19.67
2009-10-09,20.30,20.34,20.10,20.21,60600,19.74
2009-10-08,20.34,20.45,20.28,20.34,112200,19.86
2009-10-07,20.19,20.19,20.01,20.11,63700,19.64
2009-10-06,19.84,20.25,19.84,20.14,248400,19.67
2009-10-05,19.18,19.65,19.17,19.57,33000,19.11
2009-10-02,18.90,19.17,18.68,19.08,113000,18.63
2009-10-01,19.70,19.82,19.08,19.11,48100,18.66
2009-09-30,19.78,19.95,19.45,19.78,285600,19.32
2009-09-29,19.77,19.85,19.63,19.73,78100,19.27
2009-09-28,19.30,19.76,19.30,19.71,55400,19.25
2009-09-25,19.46,19.56,19.30,19.43,83800,18.97
2009-09-24,19.91,19.91,19.33,19.50,54300,19.04
2009-09-23,20.11,20.24,19.90,19.93,73600,19.46
2009-09-22,19.88,20.11,19.88,20.08,87300,19.61
2009-09-21,19.52,19.78,19.32,19.76,112500,19.30
2009-09-18,19.93,19.93,19.81,19.87,34900,19.40
2009-09-17,20.01,20.26,19.84,19.94,75400,19.47
2009-09-16,19.80,20.02,19.72,19.96,92400,19.49
2009-09-15,19.26,19.54,19.22,19.47,63200,19.01
2009-09-14,19.12,19.29,18.93,19.26,190800,18.81
2009-09-11,19.42,19.47,19.15,19.24,74000,18.79
2009-09-10,19.29,19.39,19.13,19.32,81700,18.87
2009-09-09,18.98,19.22,18.91,19.18,62200,18.73
2009-09-08,18.65,19.00,18.64,18.98,252700,18.53
2009-09-04,18.15,18.33,18.00,18.30,38200,17.87
2009-09-03,17.75,17.88,17.69,17.84,18100,17.42
2009-09-02,17.37,17.64,17.37,17.49,32200,17.08
2009-09-01,17.90,18.06,17.35,17.40,78000,16.99
2009-08-31,18.00,18.00,17.65,17.85,41900,17.43
2009-08-28,18.38,18.49,18.11,18.20,26700,17.77
2009-08-27,18.25,18.32,18.00,18.28,52400,17.85
2009-08-26,18.27,18.47,18.25,18.31,51700,17.88
2009-08-25,18.32,18.42,18.18,18.26,44900,17.83
2009-08-24,18.32,18.38,18.09,18.09,103400,17.67
2009-08-21,18.11,18.20,17.96,18.09,78600,17.67
2009-08-20,17.76,17.99,17.72,17.95,92900,17.53
2009-08-19,17.36,17.72,17.31,17.64,121700,17.23
2009-08-18,17.50,17.75,17.50,17.72,84400,17.30
2009-08-17,17.81,17.85,17.31,17.32,214300,16.91
2009-08-14,18.58,18.58,18.18,18.31,45200,17.88
2009-08-13,18.77,18.85,18.52,18.60,69200,18.16
2009-08-12,18.30,18.69,18.27,18.61,70000,18.17
2009-08-11,18.65,18.74,18.26,18.40,84000,17.97
2009-08-10,18.75,18.89,18.60,18.70,85200,18.26
2009-08-07,18.77,18.89,18.60,18.77,50400,18.33
2009-08-06,19.13,19.13,18.67,18.72,64800,18.28
2009-08-05,19.07,19.09,18.63,18.89,55700,18.45
2009-08-04,19.00,19.14,18.77,19.08,62300,18.63
2009-08-03,18.56,19.07,18.56,19.07,79000,18.62
2009-07-31,18.43,18.43,18.20,18.29,53200,17.86
2009-07-30,18.17,18.41,18.16,18.24,81900,17.81
2009-07-29,17.90,17.92,17.70,17.74,60300,17.32
2009-07-28,18.35,18.41,17.98,18.31,49100,17.88
2009-07-27,18.40,18.56,18.25,18.44,121300,18.01
2009-07-24,18.25,18.39,18.05,18.38,178300,17.95
2009-07-23,17.81,18.33,17.81,18.28,141200,17.85
2009-07-22,17.50,17.66,17.37,17.61,67700,17.20
2009-07-21,17.70,17.70,17.40,17.62,82700,17.21
2009-07-20,16.95,17.64,16.95,17.64,101300,17.23
2009-07-17,16.77,16.97,16.73,16.89,116000,16.49
2009-07-16,16.53,16.68,16.30,16.62,29800,16.23
2009-07-15,16.23,16.57,16.01,16.54,81600,16.15
2009-07-14,15.85,15.85,15.66,15.85,16500,15.48
2009-07-13,15.52,15.65,15.14,15.65,57300,15.28
2009-07-10,15.40,15.53,15.30,15.43,23600,15.07
2009-07-09,15.60,15.70,15.40,15.62,50700,15.25
2009-07-08,15.20,15.44,14.65,15.07,137300,14.72
2009-07-07,15.80,15.80,15.44,15.53,43200,15.17
2009-07-06,16.00,16.00,15.54,15.86,59600,15.49
2009-07-02,16.36,16.36,16.11,16.11,54300,15.73
2009-07-01,16.66,16.78,16.59,16.68,33500,16.29
2009-06-30,16.66,16.70,16.25,16.44,37000,16.05
2009-06-29,16.87,16.87,16.69,16.80,38600,16.41
2009-06-26,16.83,16.86,16.49,16.81,96400,16.42
2009-06-25,16.23,16.49,15.98,16.49,46800,16.10
2009-06-24,15.59,16.21,15.59,16.04,56500,15.66
2009-06-23,15.60,15.67,15.06,15.48,145200,15.12
2009-06-22,16.45,16.47,15.64,15.65,76500,15.21
2009-06-19,16.60,16.73,16.50,16.54,98900,16.08
2009-06-18,16.36,16.40,16.12,16.32,43200,15.87
2009-06-17,16.23,16.46,15.99,16.25,98300,15.80
2009-06-16,16.98,17.03,16.36,16.43,68600,15.97
2009-06-15,17.33,17.33,16.48,16.71,95700,16.25
2009-06-12,17.87,17.87,17.37,17.48,82400,16.99
2009-06-11,17.94,18.05,17.60,17.89,105700,17.39
2009-06-10,17.75,17.80,17.46,17.64,76700,17.15
2009-06-09,17.21,17.48,17.21,17.42,95800,16.94
2009-06-08,17.15,17.25,16.82,17.22,63000,16.74
2009-06-05,17.51,17.65,17.27,17.39,108400,16.91
2009-06-04,17.06,17.29,16.94,17.29,98700,16.81
2009-06-03,17.09,17.09,16.57,16.81,71600,16.34
2009-06-02,17.18,17.39,16.93,17.15,161400,16.67
2009-06-01,17.07,17.32,16.94,17.29,164100,16.81
2009-05-29,16.32,16.48,16.17,16.43,131400,15.97
2009-05-28,16.15,16.16,15.85,16.16,87000,15.71
2009-05-27,15.98,16.15,15.72,15.91,51100,15.47
2009-05-26,15.29,15.59,15.00,15.59,34300,15.16
2009-05-22,15.53,15.62,15.07,15.49,53500,15.06
2009-05-21,15.35,15.46,14.93,15.10,93800,14.68
2009-05-20,15.78,15.97,15.54,15.54,77700,15.11
2009-05-19,15.70,15.75,15.36,15.51,108300,15.08
2009-05-18,15.50,15.79,15.33,15.79,153600,15.35
2009-05-15,14.25,14.58,14.08,14.12,35300,13.73
2009-05-14,13.79,14.70,13.68,14.28,15000,13.88
2009-05-13,14.51,14.51,13.75,13.87,31200,13.48
2009-05-12,14.75,14.86,14.31,14.62,53700,14.21
2009-05-11,14.73,14.73,14.14,14.48,42300,14.08
2009-05-08,14.84,14.84,14.58,14.77,30500,14.36
2009-05-07,15.10,15.12,14.27,14.31,40700,13.91
2009-05-06,15.03,15.03,14.60,14.88,59600,14.47
2009-05-05,15.00,15.00,14.38,14.75,59800,14.34
2009-05-04,14.06,14.89,14.06,14.89,84200,14.48
2009-05-01,13.55,13.70,13.36,13.68,56300,13.30
2009-04-30,13.67,13.67,13.32,13.36,41900,12.99
2009-04-29,12.91,13.45,12.91,13.31,57300,12.94
2009-04-28,12.63,12.78,12.61,12.65,32100,12.30
2009-04-27,13.08,13.10,12.67,12.95,80000,12.59
2009-04-24,12.94,13.33,12.94,13.18,33200,12.81
2009-04-23,12.86,12.92,12.71,12.89,16700,12.53
2009-04-22,12.41,12.87,12.41,12.53,25600,12.18
2009-04-21,12.08,12.71,12.08,12.70,43000,12.35
2009-04-20,12.75,13.25,12.35,12.44,30100,12.09
2009-04-17,13.02,13.12,12.92,13.05,45200,12.69
2009-04-16,13.01,13.13,12.81,12.97,21500,12.61
2009-04-15,12.93,13.20,12.80,13.01,65500,12.65
2009-04-14,12.93,13.03,12.75,12.80,21300,12.44
2009-04-13,12.70,13.07,12.70,13.02,24300,12.66
2009-04-09,12.87,12.87,12.50,12.72,20000,12.37
2009-04-08,11.94,12.18,11.94,12.09,18200,11.75
2009-04-07,12.00,12.03,11.88,11.90,7400,11.57
2009-04-06,12.16,12.25,12.01,12.23,51200,11.89
2009-04-03,12.17,12.37,11.95,12.20,81800,11.86
2009-04-02,11.95,12.35,11.92,12.04,47000,11.70
2009-04-01,11.20,11.48,11.12,11.48,4200,11.16
2009-03-31,10.82,11.35,10.82,11.18,24300,10.87
2009-03-30,11.00,11.70,10.70,10.76,27200,10.46
2009-03-27,11.65,11.65,11.41,11.41,18900,11.09
2009-03-26,11.64,11.75,11.51,11.67,25500,11.35
2009-03-25,11.15,11.46,11.00,11.31,34600,11.00
2009-03-24,11.10,11.36,11.09,11.10,19500,10.79
2009-03-23,10.50,11.39,10.50,11.39,28400,11.07
2009-03-20,10.62,10.62,10.23,10.30,21000,10.01
2009-03-19,10.69,10.70,10.54,10.62,10900,10.32
2009-03-18,10.44,10.63,10.30,10.57,7200,10.28
2009-03-17,10.25,10.44,10.00,10.44,16300,10.15
2009-03-16,10.42,10.50,10.21,10.22,13700,9.94
2009-03-13,10.14,10.25,10.08,10.22,20000,9.94
2009-03-12,9.80,10.01,9.57,9.98,24900,9.70
2009-03-11,9.87,9.87,9.61,9.67,14000,9.40
2009-03-10,9.14,9.74,9.14,9.70,54900,9.43
2009-03-09,8.98,9.28,8.96,8.97,34900,8.72
2009-03-06,9.17,9.24,8.92,9.12,57600,8.87
2009-03-05,9.34,9.35,9.08,9.12,14900,8.87
2009-03-04,9.44,9.67,9.44,9.60,16600,9.33
2009-03-03,8.92,9.10,8.85,8.95,25000,8.70
2009-03-02,9.29,9.29,8.80,8.85,50000,8.60
2009-02-27,9.55,9.69,9.50,9.50,10400,9.24
2009-02-26,9.92,9.92,9.62,9.71,12400,9.44
2009-02-25,9.96,10.02,9.73,9.94,89500,9.66
2009-02-24,9.60,10.07,9.57,10.03,10400,9.75
2009-02-23,9.92,9.97,9.55,9.55,10700,9.28
2009-02-20,9.79,9.87,9.58,9.76,38300,9.49
2009-02-19,10.20,10.20,9.90,9.90,6400,9.62
2009-02-18,10.05,10.06,9.83,9.96,25200,9.68
2009-02-17,10.38,10.38,9.85,9.90,41700,9.62
2009-02-13,10.78,10.78,10.62,10.69,17500,10.39
2009-02-12,10.54,10.65,10.35,10.63,43900,10.33
2009-02-11,10.86,10.91,10.60,10.71,15100,10.41
2009-02-10,11.17,11.27,10.61,10.68,15800,10.38
2009-02-09,11.10,11.33,11.05,11.24,33900,10.93
2009-02-06,10.75,11.10,10.66,11.10,28600,10.79
2009-02-05,10.40,10.63,10.25,10.56,10600,10.27
2009-02-04,10.40,10.59,10.31,10.38,3600,10.09
2009-02-03,10.11,10.27,10.04,10.26,10900,9.97
2009-02-02,10.07,10.17,9.94,10.05,8800,9.77
2009-01-30,10.36,10.36,10.16,10.16,7100,9.88
2009-01-29,10.50,10.50,10.20,10.23,8400,9.95
2009-01-28,10.56,10.76,10.51,10.76,15400,10.46
2009-01-27,10.14,10.24,10.10,10.16,65200,9.88
2009-01-26,9.95,10.28,9.90,10.03,10000,9.75
2009-01-23,9.67,9.97,9.55,9.86,35000,9.59
2009-01-22,9.86,9.92,9.58,9.78,20600,9.51
2009-01-21,10.08,10.15,9.68,10.12,18000,9.84
2009-01-20,10.51,10.52,9.79,9.79,25700,9.52
2009-01-16,10.71,10.73,10.32,10.59,26100,10.30
2009-01-15,10.50,10.56,10.00,10.32,38100,10.03
2009-01-14,10.76,10.76,10.37,10.43,28300,10.14
2009-01-13,10.92,10.98,10.72,10.85,23900,10.55
2009-01-12,11.21,11.21,10.71,10.78,56700,10.48
2009-01-09,11.73,11.73,11.30,11.50,14800,11.18
2009-01-08,11.57,12.49,11.38,11.80,21300,11.47
2009-01-07,12.50,12.50,11.61,11.68,133000,11.36
2009-01-06,12.84,12.99,12.73,12.89,26100,12.53
2009-01-05,12.50,12.80,12.42,12.64,29600,12.29
2009-01-02,11.98,12.50,11.98,12.48,22900,12.13
2008-12-31,11.67,11.86,11.60,11.75,30100,11.42
2008-12-30,11.46,11.60,11.41,11.60,16000,11.28
2008-12-29,11.28,11.39,11.18,11.31,22900,11.00
2008-12-26,11.15,11.20,11.04,11.09,61300,10.78
2008-12-24,11.15,11.29,11.15,11.21,3100,10.90
2008-12-23,11.34,11.41,11.13,11.13,17600,10.82
2008-12-22,12.03,12.12,11.37,11.53,23700,11.21
2008-12-19,11.89,12.15,11.89,12.02,7900,11.69
2008-12-18,12.15,12.26,11.96,11.96,32900,11.63
2008-12-17,12.00,12.26,11.89,12.20,34300,11.86
2008-12-16,11.50,12.00,11.50,11.92,21000,11.59
2008-12-15,11.94,11.94,11.30,11.51,16900,11.19
2008-12-12,11.30,11.68,11.20,11.59,16800,11.27
2008-12-11,11.58,11.97,11.41,11.57,22100,11.25
2008-12-10,11.60,11.75,11.46,11.67,9500,11.35
2008-12-09,11.31,11.96,11.06,11.11,32200,10.80
2008-12-08,11.03,11.63,11.03,11.55,46000,11.23
2008-12-05,10.31,10.70,9.98,10.66,13800,10.36
2008-12-04,10.46,10.71,10.17,10.24,6600,9.96
2008-12-03,10.21,10.63,10.21,10.63,14400,10.33
2008-12-02,9.87,10.33,9.87,10.32,26400,10.03
2008-12-01,10.40,10.61,9.82,9.88,8800,9.61
2008-11-28,10.56,10.85,10.56,10.85,37800,10.55
2008-11-26,10.29,10.87,10.17,10.80,11700,10.50
2008-11-25,10.17,10.69,9.85,10.08,11900,9.80
2008-11-24,10.00,10.35,9.82,10.18,25300,9.90
2008-11-21,9.42,9.70,8.95,9.67,41200,9.40
2008-11-20,9.29,9.49,8.60,8.67,60800,8.43
2008-11-19,10.12,10.14,9.62,9.63,23100,9.36
2008-11-18,10.57,10.60,10.01,10.40,30300,10.11
2008-11-17,10.56,10.93,10.50,10.79,40500,10.49
2008-11-14,11.09,11.47,10.68,10.68,9400,10.38
2008-11-13,10.49,11.54,10.16,11.51,167300,11.19
2008-11-12,11.01,11.15,10.57,10.63,30300,10.33
2008-11-11,11.70,11.90,11.21,11.41,22000,11.09
2008-11-10,12.63,13.05,12.10,12.10,12600,11.76
2008-11-07,11.89,12.20,11.79,12.13,34300,11.79
2008-11-06,12.31,12.31,11.21,11.45,14600,11.13
2008-11-05,12.85,13.00,12.35,12.36,16200,12.02
2008-11-04,13.25,13.55,13.03,13.55,32200,13.17
2008-11-03,12.90,12.93,12.62,12.69,17200,12.34
2008-10-31,12.06,12.61,12.06,12.39,28600,12.05
2008-10-30,12.23,12.37,11.80,12.25,34700,11.91
2008-10-29,10.85,11.81,10.70,11.42,19100,11.10
2008-10-28,10.06,11.00,10.00,10.84,73400,10.54
2008-10-27,9.77,10.29,9.75,9.75,27400,9.48
2008-10-24,10.27,10.65,10.10,10.44,18900,10.15
2008-10-23,11.73,11.91,10.95,11.38,25300,11.06
2008-10-22,12.50,12.50,11.60,11.80,18500,11.47
2008-10-21,13.86,13.86,12.80,12.80,29000,12.44
2008-10-20,13.21,13.55,12.87,13.29,10500,12.92
2008-10-17,11.97,13.22,11.97,12.71,80600,12.36
2008-10-16,12.28,12.73,11.73,12.73,16200,12.38
2008-10-15,13.47,13.47,11.99,11.99,15100,11.66
2008-10-14,15.65,15.65,13.48,13.77,27300,13.39
2008-10-13,13.46,14.87,12.98,14.21,203200,13.81
2008-10-10,11.99,12.20,11.11,11.82,51700,11.49
2008-10-09,12.20,13.30,12.00,12.00,26600,11.67
2008-10-08,12.25,13.40,12.23,12.86,91100,12.50
2008-10-07,13.86,14.29,13.03,13.20,116800,12.83
2008-10-06,14.16,14.16,13.20,14.01,164500,13.62
2008-10-03,15.60,15.89,15.01,15.01,81400,14.59
2008-10-02,16.30,16.30,15.34,15.38,68200,14.95
2008-10-01,16.08,16.37,15.82,16.09,14700,15.64
2008-09-30,15.31,16.12,15.31,16.08,33200,15.63
2008-09-29,16.16,16.31,13.77,14.67,43700,14.26
2008-09-26,17.38,17.38,16.80,17.10,8200,16.62
2008-09-25,17.71,18.04,17.52,17.75,4500,17.26
2008-09-24,16.95,17.62,16.95,17.45,24800,16.96
2008-09-23,17.49,17.71,16.85,17.20,43200,16.72
2008-09-22,17.67,18.21,17.53,17.55,48200,17.06
2008-09-19,17.25,18.59,17.25,18.40,56700,17.89
2008-09-18,16.65,17.14,15.65,17.14,64800,16.66
2008-09-17,15.85,16.62,15.57,15.79,59200,15.35
2008-09-16,15.78,16.89,15.72,16.84,82900,16.37
2008-09-15,16.72,17.23,16.57,16.62,86500,16.16
2008-09-12,17.50,18.00,17.44,17.88,37700,17.38
2008-09-11,17.25,17.82,17.25,17.82,336900,17.32
2008-09-10,17.86,18.18,17.72,17.99,22600,17.49
2008-09-09,18.57,18.67,17.73,17.73,53800,17.24
2008-09-08,19.77,19.77,18.59,18.87,15700,18.34
2008-09-05,18.04,18.90,18.04,18.84,30900,18.32
2008-09-04,19.29,19.29,18.65,18.66,63900,18.14
2008-09-03,19.79,19.84,19.36,19.50,21400,18.96
2008-09-02,20.05,20.44,19.83,19.95,30300,19.39
2008-08-29,20.05,20.18,19.95,20.04,9900,19.48
2008-08-28,19.77,20.09,19.77,20.03,22700,19.47
2008-08-27,19.56,20.12,19.01,20.03,75000,19.47
2008-08-26,19.78,19.82,19.56,19.69,15100,19.14
2008-08-25,20.04,20.04,19.63,19.63,8700,19.08
2008-08-22,19.83,19.97,19.77,19.92,13400,19.37
2008-08-21,19.54,19.65,19.27,19.64,10200,19.09
2008-08-20,19.51,19.76,19.51,19.76,63300,19.21
2008-08-19,19.01,19.09,18.85,18.85,37900,18.33
2008-08-18,19.76,19.76,19.04,19.20,35000,18.67
2008-08-15,19.50,19.67,19.39,19.42,40900,18.88
2008-08-14,19.01,19.74,19.01,19.57,21400,19.03
2008-08-13,19.19,19.23,19.00,19.13,42600,18.60
2008-08-12,19.60,19.66,19.27,19.31,39200,18.77
2008-08-11,19.88,20.00,19.71,19.81,10400,19.26
2008-08-08,19.71,20.00,19.43,19.83,107500,19.28
2008-08-07,20.00,20.87,19.19,19.19,20600,18.66
2008-08-06,19.90,20.27,19.81,20.20,40600,19.64
2008-08-05,19.01,19.90,18.69,19.90,49800,19.35
2008-08-04,19.80,19.80,19.13,19.37,41700,18.83
2008-08-01,19.82,19.86,19.51,19.77,12700,19.22
2008-07-31,19.87,19.98,19.66,19.73,10300,19.18
2008-07-30,20.05,20.12,19.67,19.93,14700,19.38
2008-07-29,19.07,19.83,19.04,19.74,15500,19.19
2008-07-28,19.53,19.78,19.20,19.23,28400,18.69
2008-07-25,19.55,19.75,19.50,19.72,24400,19.17
2008-07-24,21.27,21.27,19.55,19.55,24500,19.01
2008-07-23,20.10,20.60,20.10,20.48,30700,19.91
2008-07-22,19.27,19.95,19.20,19.89,24700,19.34
2008-07-21,19.45,19.73,19.39,19.39,27500,18.85
2008-07-18,19.46,19.77,19.26,19.46,34400,18.92
2008-07-17,19.44,20.00,18.35,19.50,49100,18.96
2008-07-16,18.32,19.20,18.32,19.17,36400,18.64
2008-07-15,18.22,18.70,17.80,18.34,89400,17.83
2008-07-14,19.08,19.24,18.72,18.78,30200,18.26
2008-07-11,19.17,19.17,18.60,18.88,26500,18.35
2008-07-10,19.33,19.54,19.14,19.39,47000,18.85
2008-07-09,19.51,19.84,19.26,19.26,32300,18.72
2008-07-08,19.01,19.49,18.74,19.45,30800,18.91
2008-07-07,19.21,19.57,18.93,19.20,56900,18.67
2008-07-03,19.43,19.43,18.59,18.96,29300,18.43
2008-07-02,19.59,19.69,18.99,18.99,17000,18.46
2008-07-01,19.32,19.45,18.90,19.38,51700,18.84
2008-06-30,19.83,19.98,19.71,19.80,17100,19.25
2008-06-27,19.78,19.98,19.52,19.77,60000,19.22
2008-06-26,20.63,20.64,20.00,20.00,77000,19.44
2008-06-25,20.58,21.16,20.41,20.91,65500,20.33
2008-06-24,20.51,20.65,20.22,20.46,63800,19.89
2008-06-23,21.21,21.21,20.47,20.74,55700,20.16
2008-06-20,21.00,21.50,20.81,21.49,86000,20.77
2008-06-19,21.66,22.09,21.64,21.99,41000,21.25
2008-06-18,22.00,22.00,21.60,21.81,40800,21.07
2008-06-17,22.13,22.29,21.97,22.01,35300,21.27
2008-06-16,22.14,22.72,21.80,21.91,42200,21.17
2008-06-13,21.38,21.79,21.34,21.77,22500,21.04
2008-06-12,21.31,21.79,21.31,21.53,55500,20.80
2008-06-11,21.59,21.68,21.08,21.09,98700,20.38
2008-06-10,21.77,21.80,21.50,21.65,84300,20.92
2008-06-09,22.59,22.59,21.94,22.18,51900,21.43
2008-06-06,23.19,23.19,22.43,22.46,38000,21.70
2008-06-05,22.85,23.52,22.85,23.46,21800,22.67
2008-06-04,22.77,22.92,22.57,22.69,26300,21.93
2008-06-03,23.27,23.27,22.73,22.93,49500,22.16
2008-06-02,23.88,23.88,23.25,23.43,45200,22.64
2008-05-30,23.50,23.85,23.45,23.75,47700,22.95
2008-05-29,23.07,23.35,22.98,23.23,52100,22.45
2008-05-28,22.83,23.07,22.78,23.07,23500,22.29
2008-05-27,22.85,22.90,22.50,22.88,37400,22.11
2008-05-23,23.28,23.28,22.81,22.95,82000,22.18
2008-05-22,23.49,23.60,23.30,23.45,41100,22.66
2008-05-21,23.98,24.10,23.46,23.49,66300,22.70
2008-05-20,24.06,24.06,23.58,23.68,45200,22.88
2008-05-19,24.43,24.73,24.20,24.32,55000,23.50
2008-05-16,24.26,24.32,24.02,24.28,32200,23.46
2008-05-15,23.83,24.12,23.78,24.08,31700,23.27
2008-05-14,23.57,24.00,23.57,23.74,43000,22.94
2008-05-13,23.43,23.48,23.22,23.48,34400,22.69
2008-05-12,23.28,23.41,23.00,23.41,29700,22.62
2008-05-09,23.18,23.33,23.11,23.32,44300,22.53
2008-05-08,23.61,23.61,23.32,23.45,29500,22.66
2008-05-07,24.25,24.44,23.41,23.50,67400,22.71
2008-05-06,24.15,24.65,24.10,24.58,36600,23.75
2008-05-05,24.33,24.44,24.20,24.29,114100,23.47
2008-05-02,24.29,24.79,24.29,24.44,94100,23.62
2008-05-01,23.70,24.13,23.70,24.13,29800,23.32
2008-04-30,23.77,24.00,23.65,23.75,51300,22.95
2008-04-29,23.70,23.79,23.60,23.71,32700,22.91
2008-04-28,23.60,23.68,23.02,23.53,96600,22.74
2008-04-25,23.62,23.74,23.28,23.71,27700,22.91
2008-04-24,23.43,23.66,22.91,23.53,33500,22.74
2008-04-23,22.98,23.36,22.95,23.33,49500,22.54
2008-04-22,22.81,22.81,22.35,22.57,28700,21.81
2008-04-21,22.52,22.80,22.34,22.80,48600,22.03
2008-04-18,22.49,22.54,22.25,22.50,46000,21.74
2008-04-17,22.08,22.09,21.80,21.97,33900,21.23
2008-04-16,21.59,22.15,21.59,22.15,38400,21.40
2008-04-15,21.21,21.41,21.18,21.38,124200,20.66
2008-04-14,20.80,20.94,20.71,20.84,31800,20.14
2008-04-11,21.28,21.28,20.92,20.98,24200,20.27
2008-04-10,21.25,21.45,21.04,21.42,15300,20.70
2008-04-09,21.65,21.65,21.15,21.23,22900,20.51
2008-04-08,21.90,21.93,21.69,21.81,18200,21.07
2008-04-07,22.09,22.43,22.02,22.15,31800,21.40
2008-04-04,21.77,21.99,21.51,21.81,18000,21.07
2008-04-03,21.36,21.78,21.36,21.78,24300,21.05
2008-04-02,21.49,21.54,21.13,21.39,32300,20.67
2008-04-01,20.37,21.57,20.37,21.53,36700,20.80
2008-03-31,20.33,20.45,20.20,20.36,45500,19.67
2008-03-28,20.77,20.97,20.61,20.64,29000,19.94
2008-03-27,20.51,20.67,20.33,20.39,45200,19.70
2008-03-26,20.74,20.74,20.33,20.45,24900,19.76
2008-03-25,20.65,20.98,20.50,20.87,43100,20.17
2008-03-24,19.45,20.34,19.45,20.15,43200,19.47
2008-03-20,18.77,19.27,18.51,19.22,85000,18.57
2008-03-19,20.07,20.20,19.00,19.05,48400,18.41
2008-03-18,19.17,20.17,19.17,20.17,67100,19.49
2008-03-17,19.00,19.51,18.73,19.16,113800,18.51
2008-03-14,20.71,20.85,19.89,20.07,81300,19.39
2008-03-13,20.45,20.89,20.17,20.79,62500,20.09
2008-03-12,21.67,21.76,21.10,21.13,43200,20.42
2008-03-11,20.99,21.67,20.89,21.67,71300,20.94
2008-03-10,20.80,20.96,20.28,20.30,69600,19.62
2008-03-07,21.22,21.40,20.64,20.85,86900,20.15
2008-03-06,21.94,22.10,21.38,21.46,125500,20.74
2008-03-05,21.96,22.36,21.90,22.12,38200,21.37
2008-03-04,22.13,22.19,21.39,21.82,85500,21.08
2008-03-03,22.75,22.89,22.24,22.47,64900,21.71
2008-02-29,23.44,23.44,22.75,22.81,58100,22.04
2008-02-28,23.65,23.95,23.58,23.64,36300,22.84
2008-02-27,23.60,24.00,23.38,23.91,35000,23.10
2008-02-26,23.18,23.67,23.10,23.57,52300,22.78
2008-02-25,22.96,23.35,22.75,23.34,60700,22.55
2008-02-22,23.08,23.11,22.55,23.11,339600,22.33
2008-02-21,23.60,23.60,22.53,23.01,89800,22.23
2008-02-20,23.00,23.45,22.87,23.38,26800,22.59
2008-02-19,23.93,23.93,23.38,23.38,30200,22.59
2008-02-15,23.60,23.60,23.11,23.47,77400,22.68
2008-02-14,23.61,23.70,23.16,23.19,83400,22.41
2008-02-13,22.81,23.38,22.81,23.37,48100,22.58
2008-02-12,22.55,23.19,22.55,22.73,55200,21.96
2008-02-11,22.10,22.44,21.97,22.44,22100,21.68
2008-02-08,22.39,22.68,22.19,22.48,34300,21.72
2008-02-07,22.15,22.69,21.73,22.51,75100,21.75
2008-02-06,23.02,23.15,22.27,22.30,32600,21.55
2008-02-05,23.95,23.95,22.96,23.01,59800,22.23
2008-02-04,24.47,24.48,24.14,24.30,33300,23.48
2008-02-01,23.48,24.80,23.48,24.80,34700,23.96
2008-01-31,21.97,23.35,21.83,23.12,73700,22.34
2008-01-30,23.00,23.42,22.62,22.82,81900,22.05
2008-01-29,23.55,23.55,22.99,23.42,49900,22.63
2008-01-28,23.23,23.56,22.82,23.55,26300,22.76
2008-01-25,23.88,24.88,23.36,23.59,121000,22.79
2008-01-24,22.94,23.42,22.88,23.30,49600,22.51
2008-01-23,22.02,23.38,21.31,23.13,69100,22.35
2008-01-22,20.94,23.17,20.23,22.92,156000,22.15
2008-01-18,23.91,24.05,23.00,23.65,86700,22.85
2008-01-17,24.28,24.74,23.37,23.38,79400,22.59
2008-01-16,24.41,24.50,23.22,24.10,135900,23.29
2008-01-15,25.91,25.93,24.72,24.92,149600,24.08
2008-01-14,26.66,26.74,26.36,26.68,47900,25.78
2008-01-11,27.02,27.03,26.51,26.68,101200,25.78
2008-01-10,26.82,27.56,26.62,27.43,99900,26.51
2008-01-09,26.86,27.37,26.43,27.37,76000,26.45
2008-01-08,27.07,27.43,26.49,26.50,50600,25.61
2008-01-07,27.10,27.18,26.48,27.09,39700,26.18
2008-01-04,27.40,27.40,26.60,26.75,64700,25.85
2008-01-03,27.45,27.60,27.25,27.33,21500,26.41
2008-01-02,27.97,28.00,27.17,27.37,61500,26.45
2007-12-31,28.05,28.05,27.65,27.71,53800,26.78
2007-12-28,28.05,28.21,27.75,27.95,74700,27.01
2007-12-27,28.62,28.62,27.75,27.77,57900,26.83
2007-12-26,28.39,28.77,28.30,28.77,41700,27.80
2007-12-24,28.15,28.35,28.13,28.35,29100,27.39
2007-12-21,27.65,27.80,27.38,27.80,61600,26.86
2007-12-20,26.82,27.00,26.62,26.97,62400,26.05
2007-12-19,26.80,27.00,26.52,26.83,78500,25.91
2007-12-18,25.82,26.60,25.82,26.57,79800,25.66
2007-12-17,26.98,26.98,25.82,25.82,130300,24.93
2007-12-14,27.48,27.77,27.24,27.48,54800,26.54
2007-12-13,27.88,28.25,27.24,27.82,84100,26.87
2007-12-12,28.98,29.28,28.05,28.61,90900,27.63
2007-12-11,29.35,29.47,27.96,28.02,118600,27.06
2007-12-10,29.04,29.28,28.96,29.16,70300,28.16
2007-12-07,29.25,29.25,28.85,29.09,101300,28.09
2007-12-06,28.75,29.37,28.72,29.29,141600,28.29
2007-12-05,28.46,29.01,28.46,28.87,275900,27.88
2007-12-04,27.78,28.08,27.72,27.93,113900,26.97
2007-12-03,28.06,28.06,27.61,27.72,83900,26.77
2007-11-30,28.59,29.00,27.75,28.06,144600,27.10
2007-11-29,27.39,28.14,27.39,27.70,50100,26.75
2007-11-28,26.49,27.74,26.40,27.59,137700,26.64
2007-11-27,25.72,26.16,25.37,26.13,76100,25.23
2007-11-26,26.08,26.41,25.40,25.40,73900,24.53
2007-11-23,25.38,25.75,25.26,25.50,37200,24.63
2007-11-21,25.34,25.34,24.57,24.86,94300,24.01
2007-11-20,26.02,26.56,25.55,26.15,55200,25.25
2007-11-19,26.26,26.36,25.50,25.63,83900,24.75
2007-11-16,27.08,27.08,26.19,26.83,57700,25.91
2007-11-15,27.24,27.31,26.38,26.65,34000,25.74
2007-11-14,28.18,28.31,27.20,27.31,72700,26.37
2007-11-13,25.55,27.25,25.55,27.14,85600,26.21
2007-11-12,26.00,26.28,25.06,25.14,133500,24.28
2007-11-09,27.35,27.43,26.72,26.85,122900,25.93
2007-11-08,28.00,28.54,26.45,27.36,208300,26.42
2007-11-07,29.17,29.17,28.31,28.39,187100,27.42
2007-11-06,29.35,29.41,28.65,29.40,145800,28.39
2007-11-05,29.50,29.50,28.43,29.06,209100,28.06
2007-11-02,31.10,31.40,30.02,30.87,102700,29.81
2007-11-01,31.45,31.85,30.50,30.62,135900,29.57
2007-10-31,31.31,31.77,30.98,31.73,147900,30.64
2007-10-30,31.50,31.52,30.60,30.69,152800,29.64
2007-10-29,31.24,31.51,30.93,31.35,162300,30.28
2007-10-26,30.00,30.50,29.98,30.42,119500,29.38
2007-10-25,29.82,29.82,29.14,29.54,73800,28.53
2007-10-24,30.12,30.12,29.00,29.72,109100,28.70
2007-10-23,29.78,30.50,29.70,30.28,251100,29.24
2007-10-22,28.40,29.19,27.89,29.19,117500,28.19
2007-10-19,29.75,29.75,28.50,28.50,205400,27.52
2007-10-18,29.32,29.91,29.01,29.81,114300,28.79
2007-10-17,29.41,30.54,29.41,30.37,187700,29.33
2007-10-16,29.00,29.07,28.12,28.31,77400,27.34
2007-10-15,29.70,29.72,28.76,29.24,157700,28.24
2007-10-12,28.07,28.70,28.00,28.70,102300,27.72
2007-10-11,28.92,29.72,27.22,27.69,159300,26.74
2007-10-10,28.18,28.18,27.76,28.15,100000,27.19
2007-10-09,27.63,27.92,27.44,27.90,59900,26.94
2007-10-08,27.25,27.25,27.01,27.15,39200,26.22
2007-10-05,27.30,27.67,27.16,27.60,53100,26.65
2007-10-04,26.43,26.70,26.15,26.64,32200,25.73
2007-10-03,27.13,27.14,26.37,26.51,77500,25.60
2007-10-02,27.62,27.62,27.24,27.47,81800,26.53
2007-10-01,26.55,27.20,26.55,27.08,86900,26.15
2007-09-28,26.74,26.74,26.22,26.38,108600,25.48
2007-09-27,26.48,26.54,26.25,26.50,90900,25.59
2007-09-26,25.99,25.99,25.72,25.90,73800,25.01
2007-09-25,25.39,25.56,25.16,25.56,51900,24.68
2007-09-24,25.47,25.54,25.11,25.32,73600,24.45
2007-09-21,24.41,24.67,24.41,24.67,48000,23.82
2007-09-20,24.33,24.33,23.97,24.05,44000,23.23
2007-09-19,24.42,24.54,24.12,24.25,117300,23.42
2007-09-18,23.15,24.02,23.14,23.96,91900,23.14
2007-09-17,23.02,23.07,22.80,23.02,21800,22.23
2007-09-14,22.90,23.10,22.80,23.10,26000,22.31
2007-09-13,22.91,23.00,22.83,22.93,25400,22.14
2007-09-12,22.72,22.84,22.58,22.68,11800,21.90
2007-09-11,22.46,22.86,22.46,22.83,52600,22.05
2007-09-10,22.82,22.82,22.13,22.51,27700,21.74
2007-09-07,22.53,22.57,22.29,22.37,41500,21.60
2007-09-06,23.25,23.25,22.74,22.99,26600,22.20
2007-09-05,23.03,23.03,22.64,22.73,23400,21.95
2007-09-04,22.99,23.34,22.82,23.23,32900,22.43
2007-08-31,22.86,23.08,22.80,22.98,41300,22.19
2007-08-30,22.31,22.50,22.09,22.20,17400,21.44
2007-08-29,21.88,22.49,21.88,22.49,34700,21.72
2007-08-28,22.43,22.43,21.50,21.50,21400,20.76
2007-08-27,22.37,22.83,22.37,22.77,35900,21.99
2007-08-24,21.33,21.84,21.32,21.80,31500,21.05
2007-08-23,21.50,21.50,20.95,21.11,27100,20.39
2007-08-22,20.94,21.23,20.90,21.22,30800,20.49
2007-08-21,20.23,20.24,20.00,20.24,18900,19.55
2007-08-20,20.51,20.51,19.97,20.25,45300,19.56
2007-08-17,20.28,20.28,19.56,20.14,44600,19.45
2007-08-16,19.22,19.45,18.46,19.23,55900,18.57
2007-08-15,20.43,20.59,19.95,19.95,54000,19.27
2007-08-14,21.29,21.30,20.78,20.82,21500,20.11
2007-08-13,21.33,21.48,21.21,21.27,15000,20.54
2007-08-10,21.07,21.24,20.67,21.13,28500,20.41
2007-08-09,21.75,21.75,21.21,21.25,20800,20.52
2007-08-08,21.83,22.19,21.71,21.95,60800,21.20
2007-08-07,20.99,21.32,20.77,21.19,23700,20.46
2007-08-06,21.31,21.31,20.52,21.10,106000,20.38
2007-08-03,21.75,21.75,21.14,21.14,22500,20.42
2007-08-02,21.90,21.95,21.71,21.90,16700,21.15
2007-08-01,22.02,22.02,21.46,21.92,85100,21.17
2007-07-31,22.90,22.90,22.26,22.26,50300,21.50
2007-07-30,22.05,22.46,22.00,22.43,31100,21.66
2007-07-27,22.13,22.25,21.75,21.84,26600,21.09
2007-07-26,22.73,22.73,21.70,22.13,70200,21.37
2007-07-25,22.96,23.08,22.57,22.80,28400,22.02
2007-07-24,23.23,23.24,22.61,22.66,42100,21.88
2007-07-23,23.41,23.41,23.22,23.31,42800,22.51
2007-07-20,23.34,23.34,23.01,23.08,50900,22.29
2007-07-19,23.17,23.28,23.15,23.28,37100,22.48
2007-07-18,23.01,23.06,22.76,22.91,45400,22.12
2007-07-17,23.79,23.79,23.22,23.30,25000,22.50
2007-07-16,23.64,23.64,23.32,23.38,61900,22.58
2007-07-13,23.62,23.66,23.46,23.64,29500,22.83
2007-07-12,23.07,23.52,23.07,23.52,56800,22.71
2007-07-11,22.96,23.05,22.75,22.98,33200,22.19
2007-07-10,23.23,23.29,22.97,22.98,33100,22.19
2007-07-09,23.17,23.39,23.15,23.35,95600,22.55
2007-07-06,22.64,22.99,22.64,22.99,43100,22.20
2007-07-05,22.78,22.78,22.41,22.51,27000,21.74
2007-07-03,22.48,22.68,22.48,22.65,12900,21.87
2007-07-02,22.37,22.37,22.07,22.32,14900,21.55
2007-06-29,22.05,22.11,21.81,21.81,25900,21.06
2007-06-28,21.74,22.00,21.66,21.95,9300,21.20
2007-06-27,21.45,21.66,21.38,21.66,17100,20.92
2007-06-26,21.62,21.66,21.45,21.51,12300,20.77
2007-06-25,21.85,21.85,21.47,21.54,25500,20.80
2007-06-22,21.90,21.91,21.70,21.77,13600,21.02
2007-06-21,21.77,21.91,21.63,21.91,35600,21.16
2007-06-20,21.83,21.90,21.53,21.57,38700,20.83
2007-06-19,21.50,21.68,21.43,21.61,32200,20.87
2007-06-18,21.43,21.52,21.35,21.41,20200,20.68
2007-06-15,21.24,21.36,21.24,21.33,21900,20.60
2007-06-14,20.92,21.12,20.91,21.09,13400,20.37
2007-06-13,20.80,20.83,20.64,20.77,13900,20.06
2007-06-12,20.69,20.71,20.50,20.50,12500,19.80
2007-06-11,20.73,20.89,20.64,20.81,17400,20.10
2007-06-08,20.29,20.66,20.29,20.65,17300,19.94
2007-06-07,20.63,20.70,20.20,20.24,26100,19.55
2007-06-06,20.85,20.85,20.51,20.53,19900,19.83
2007-06-05,20.82,20.94,20.80,20.86,13500,20.14
2007-06-04,20.80,20.82,20.69,20.81,13500,20.10
2007-06-01,20.91,20.91,20.76,20.86,34900,20.14
2007-05-31,20.75,20.80,20.66,20.67,58300,19.96
2007-05-30,20.26,20.52,20.07,20.52,54800,19.82
2007-05-29,20.64,20.69,20.40,20.51,39600,19.81
2007-05-25,20.30,20.51,20.30,20.50,112500,19.80
2007-05-24,20.53,20.58,20.02,20.11,38700,19.42
2007-05-23,21.02,21.03,20.50,20.56,98600,19.86
2007-05-22,21.17,21.18,20.83,20.93,127800,20.21
2007-05-21,20.93,21.06,20.81,20.99,108100,20.27
2007-05-18,20.93,20.96,20.70,20.77,19400,20.06
2007-05-17,20.72,20.74,20.57,20.68,38900,19.97
2007-05-16,20.72,20.73,20.52,20.73,34500,20.02
2007-05-15,20.27,20.61,20.27,20.34,13200,19.64
2007-05-14,20.43,20.43,20.38,20.38,9500,19.68
2007-05-11,20.34,20.35,20.30,20.35,11500,19.65
