Date,Open,High,Low,Close,Volume,Adj Close
2012-05-04,26.89,26.95,26.78,26.78,434000,26.78
2012-05-03,27.04,27.12,26.91,26.94,469000,26.94
2012-05-02,27.03,27.04,26.96,27.04,455500,27.04
2012-05-01,27.00,27.19,26.94,27.08,489800,27.08
2012-04-30,26.99,27.03,26.94,27.02,1595000,27.02
2012-04-27,27.01,27.07,26.94,27.03,526600,27.03
2012-04-26,26.78,26.99,26.75,26.96,1383000,26.96
2012-04-25,26.72,26.81,26.68,26.78,438200,26.78
2012-04-24,26.52,26.66,26.50,26.62,551100,26.62
2012-04-23,26.55,26.55,26.39,26.49,482800,26.49
2012-04-20,26.59,26.78,26.55,26.70,336800,26.70
2012-04-19,26.60,26.68,26.41,26.51,424300,26.51
2012-04-18,26.60,26.65,26.56,26.61,411600,26.61
2012-04-17,26.54,26.70,26.43,26.67,460300,26.67
2012-04-16,26.41,26.47,26.31,26.42,416500,26.42
2012-04-13,26.38,26.46,26.29,26.30,451900,26.30
2012-04-12,26.37,26.47,26.30,26.46,550300,26.40
2012-04-11,26.36,26.38,26.27,26.32,8534200,26.26
2012-04-10,26.48,26.48,26.16,26.19,1356200,26.13
2012-04-09,26.49,26.58,26.48,26.51,444600,26.45
2012-04-05,26.74,26.75,26.65,26.74,526500,26.68
2012-04-04,26.79,26.81,26.73,26.76,1070300,26.70
2012-04-03,26.96,26.97,26.75,26.87,493400,26.81
2012-04-02,26.79,26.99,26.76,26.94,501800,26.87
2012-03-30,26.76,26.83,26.72,26.80,486500,26.74
2012-03-29,26.57,26.69,26.44,26.68,502700,26.62
2012-03-28,26.77,26.78,26.56,26.65,462100,26.59
2012-03-27,26.79,26.84,26.75,26.78,592700,26.72
2012-03-26,26.61,26.75,26.59,26.75,380300,26.69
2012-03-23,26.48,26.50,26.38,26.50,378600,26.44
2012-03-22,26.38,26.49,26.35,26.47,255000,26.41
2012-03-21,26.47,26.52,26.42,26.47,394200,26.41
2012-03-20,26.38,26.48,26.36,26.46,387500,26.40
2012-03-19,26.48,26.53,26.40,26.45,299700,26.39
2012-03-16,26.58,26.61,26.45,26.46,717100,26.40
2012-03-15,26.55,26.55,26.30,26.53,628900,26.47
2012-03-14,26.72,26.74,26.53,26.58,432800,26.45
2012-03-13,26.61,26.74,26.57,26.71,544800,26.58
2012-03-12,26.45,26.60,26.45,26.58,6884500,26.45
2012-03-09,26.37,26.44,26.31,26.41,467500,26.28
2012-03-08,26.29,26.36,26.22,26.33,403400,26.20
2012-03-07,26.12,26.18,25.99,26.17,400600,26.04
2012-03-06,26.15,26.18,26.03,26.07,441000,25.94
2012-03-05,26.15,26.30,26.13,26.27,416800,26.14
2012-03-02,26.25,26.25,26.14,26.21,456500,26.08
2012-03-01,26.19,26.24,26.14,26.21,727700,26.08
2012-02-29,26.18,26.23,26.06,26.12,400800,25.99
2012-02-28,26.18,26.19,26.08,26.15,537900,26.02
2012-02-27,26.04,26.17,25.98,26.14,439300,26.01
2012-02-24,26.10,26.16,26.05,26.13,620800,26.00
2012-02-23,25.97,26.06,25.92,26.05,323500,25.92
2012-02-22,25.97,26.01,25.88,25.97,456700,25.84
2012-02-21,26.05,26.11,25.92,25.97,568500,25.84
2012-02-17,26.08,26.11,26.00,26.03,608900,25.90
2012-02-16,25.86,26.01,25.85,25.99,305800,25.86
2012-02-15,25.96,26.00,25.74,25.83,410300,25.70
2012-02-14,25.91,25.96,25.83,25.95,726100,25.75
2012-02-13,26.00,26.01,25.89,25.92,461300,25.72
2012-02-10,25.85,25.88,25.80,25.87,586900,25.67
2012-02-09,25.96,25.99,25.88,25.99,552100,25.79
2012-02-08,26.02,26.02,25.90,26.00,973100,25.80
2012-02-07,25.88,26.05,25.83,26.01,609900,25.81
2012-02-06,25.94,25.96,25.88,25.91,477600,25.71
2012-02-03,26.00,26.06,25.95,26.00,645900,25.80
2012-02-02,25.96,25.98,25.83,25.83,15831900,25.63
2012-02-01,25.85,25.96,25.83,25.89,1187000,25.69
2012-01-31,25.76,25.81,25.60,25.72,391500,25.52
2012-01-30,25.69,25.70,25.56,25.66,1129200,25.46
2012-01-27,25.95,25.95,25.72,25.80,5391600,25.60
2012-01-26,26.08,26.34,25.92,25.99,655000,25.79
2012-01-25,25.69,26.03,25.61,26.01,3499900,25.81
2012-01-24,25.78,25.78,25.71,25.74,399900,25.54
2012-01-23,25.90,25.95,25.78,25.87,513800,25.67
2012-01-20,25.89,25.89,25.75,25.88,609900,25.68
2012-01-19,25.87,25.89,25.75,25.85,608200,25.65
2012-01-18,25.81,25.88,25.71,25.88,618700,25.68
2012-01-17,25.91,25.96,25.76,25.80,1042000,25.60
2012-01-13,25.66,25.72,25.55,25.72,395600,25.52
2012-01-12,25.87,25.89,25.74,25.82,817800,25.56
2012-01-11,25.79,25.80,25.73,25.78,1378400,25.52
2012-01-10,25.88,25.91,25.80,25.84,541000,25.58
2012-01-09,25.73,25.73,25.60,25.70,460200,25.44
2012-01-06,25.82,25.82,25.64,25.68,1272000,25.42
2012-01-05,25.70,25.80,25.56,25.79,2407500,25.53
2012-01-04,25.83,25.85,25.73,25.78,556900,25.52
2012-01-03,26.25,26.37,25.81,25.82,1024900,25.56
2011-12-30,26.08,26.09,25.93,25.93,593800,25.67
2011-12-29,25.97,26.09,25.93,26.06,494200,25.79
2011-12-28,26.08,26.08,25.87,25.90,1129900,25.64
2011-12-27,25.94,26.09,25.93,26.06,1298500,25.79
2011-12-23,25.82,25.95,25.77,25.95,356200,25.69
2011-12-22,25.76,25.77,25.66,25.75,808300,25.49
2011-12-21,25.54,25.75,25.50,25.75,519500,25.49
2011-12-20,25.17,25.47,25.17,25.46,392400,25.20
2011-12-19,25.21,25.38,24.88,24.94,605000,24.69
2011-12-16,25.20,25.34,25.00,25.08,821700,24.82
2011-12-15,24.98,25.18,24.98,25.09,659400,24.83
2011-12-14,25.03,25.09,24.90,24.93,371000,24.59
2011-12-13,25.21,25.32,24.98,25.06,392600,24.72
2011-12-12,25.26,25.26,24.95,25.11,385600,24.77
2011-12-09,25.13,25.34,25.09,25.31,306100,24.97
2011-12-08,25.28,25.28,24.96,25.02,768300,24.68
2011-12-07,25.28,25.42,25.12,25.35,784100,25.01
2011-12-06,25.30,25.43,25.21,25.33,771300,24.99
2011-12-05,25.42,25.42,25.12,25.25,368200,24.91
2011-12-02,25.40,25.40,25.04,25.07,634900,24.73
2011-12-01,25.18,25.44,25.06,25.22,793700,24.88
2011-11-30,25.00,25.23,24.98,25.23,427100,24.89
2011-11-29,24.41,24.60,24.38,24.50,328900,24.17
2011-11-28,24.35,24.45,24.21,24.33,488400,24.00
2011-11-25,23.82,24.07,23.82,23.92,299700,23.60
2011-11-23,24.07,24.07,23.83,23.87,1145900,23.55
2011-11-22,24.35,24.37,24.15,24.22,987300,23.89
2011-11-21,24.48,24.50,24.20,24.36,855000,24.03
2011-11-18,24.70,24.97,24.59,24.67,348300,24.34
2011-11-17,24.72,24.83,24.44,24.58,3095300,24.25
2011-11-16,24.89,25.10,24.74,24.77,590600,24.44
2011-11-15,24.97,25.20,24.89,25.07,772000,24.73
2011-11-14,25.30,25.33,25.00,25.06,531900,24.65
2011-11-11,25.21,25.43,25.15,25.29,419900,24.88
2011-11-10,24.97,25.02,24.77,24.95,264500,24.54
2011-11-09,24.98,25.05,24.68,24.73,505900,24.33
2011-11-08,25.23,25.37,25.03,25.37,1052100,24.96
2011-11-07,25.07,25.19,24.85,25.15,607000,24.74
2011-11-04,24.99,25.06,24.79,25.04,343000,24.63
2011-11-03,24.98,25.20,24.85,25.18,341000,24.77
2011-11-02,24.81,25.12,24.67,24.80,744400,24.40
2011-11-01,24.60,24.77,24.44,24.53,797600,24.13
2011-10-31,25.17,25.31,25.04,25.04,2077300,24.63
2011-10-28,25.43,25.43,25.28,25.36,1815200,24.95
2011-10-27,25.40,25.59,25.22,25.49,1276600,25.07
2011-10-26,25.00,25.01,24.69,24.93,918200,24.52
2011-10-25,25.00,25.02,24.73,24.77,382200,24.37
2011-10-24,25.48,25.48,25.00,25.09,730900,24.68
2011-10-21,24.90,25.08,24.87,25.08,910600,24.67
2011-10-20,24.58,24.68,24.42,24.64,265600,24.24
2011-10-19,24.57,24.79,24.45,24.49,684700,24.09
2011-10-18,24.26,24.71,24.12,24.58,342600,24.18
2011-10-17,24.49,24.49,24.21,24.25,711100,23.86
2011-10-14,24.47,24.48,24.35,24.48,360500,24.08
2011-10-13,24.25,24.36,24.13,24.31,277300,23.85
2011-10-12,24.39,24.48,24.29,24.34,452600,23.88
2011-10-11,24.33,24.33,24.21,24.26,299400,23.80
2011-10-10,24.20,24.39,24.15,24.39,861500,23.93
2011-10-07,24.03,24.11,23.78,23.84,491100,23.39
2011-10-06,23.56,23.90,23.45,23.89,425900,23.44
2011-10-05,23.55,23.58,23.28,23.57,611600,23.12
2011-10-04,23.06,23.44,22.75,23.44,869800,22.99
2011-10-03,23.70,24.22,23.19,23.20,871900,22.76
2011-09-30,23.92,24.04,23.70,23.70,519100,23.25
2011-09-29,24.02,24.11,23.67,23.97,182900,23.51
2011-09-28,24.15,24.16,23.68,23.73,124200,23.28
2011-09-27,24.22,24.32,23.97,24.00,677600,23.54
2011-09-26,23.82,23.86,23.48,23.86,666700,23.41
2011-09-23,23.29,23.54,23.24,23.43,218200,22.98
2011-09-22,23.26,23.38,23.09,23.34,637600,22.90
2011-09-21,24.34,36.56,23.78,23.83,180600,23.38
2011-09-20,24.29,24.59,24.20,24.32,105100,23.86
2011-09-19,24.17,24.29,23.95,24.16,120000,23.70
2011-09-16,24.27,24.38,24.20,24.30,188500,23.84
2011-09-15,24.04,24.15,23.91,24.13,89400,23.67
2011-09-14,23.68,24.13,23.57,23.92,58400,23.40
2011-09-13,23.58,23.69,23.40,23.65,668400,23.13
2011-09-12,23.21,23.53,23.08,23.50,1428200,22.99
2011-09-09,23.75,23.75,23.29,23.40,598800,22.89
2011-09-08,23.96,24.17,23.93,23.93,81600,23.41
2011-09-07,23.85,24.03,23.76,24.03,156400,23.50
2011-09-06,23.23,23.61,23.17,23.60,181700,23.08
2011-09-02,23.81,23.93,23.72,23.72,519500,23.20
2011-09-01,24.33,24.44,24.09,24.11,277300,23.58
2011-08-31,24.35,24.38,24.16,24.29,193500,23.76
2011-08-30,24.07,24.28,23.95,24.17,212900,23.64
2011-08-29,25.12,25.22,23.85,24.13,380300,23.60
2011-08-26,23.34,23.71,23.08,23.60,95400,23.08
2011-08-25,23.90,23.90,23.38,23.43,487100,22.92
2011-08-24,23.50,23.83,23.43,23.81,165800,23.29
2011-08-23,23.08,23.49,22.96,23.49,539300,22.98
2011-08-22,23.28,23.28,22.91,22.93,1067300,22.43
2011-08-19,22.90,23.22,22.90,22.91,2433900,22.41
2011-08-18,23.26,23.28,22.87,23.09,223800,22.58
2011-08-17,23.60,23.81,23.50,23.62,569800,23.10
2011-08-16,23.43,23.58,23.33,23.53,89600,23.01
2011-08-15,23.22,23.59,23.22,23.59,97300,23.07
2011-08-12,23.27,23.33,22.61,23.22,100200,22.65
2011-08-11,22.34,23.32,22.33,23.07,143400,22.50
2011-08-10,22.72,22.84,22.19,22.22,355300,21.67
2011-08-09,22.45,23.47,21.74,22.92,182000,22.36
2011-08-08,23.26,23.26,22.11,22.17,219700,21.62
2011-08-05,23.41,23.48,22.86,23.35,728400,22.78
2011-08-04,23.80,23.80,23.09,23.09,210200,22.52
2011-08-03,23.81,23.91,23.61,23.91,140800,23.32
2011-08-02,24.13,24.17,23.84,23.85,35300,23.26
2011-08-01,24.56,24.56,24.05,24.23,139100,23.63
2011-07-29,24.35,24.51,24.25,24.34,41300,23.74
2011-07-28,24.59,24.69,24.47,24.47,27100,23.87
2011-07-27,24.92,24.92,24.63,24.66,637100,24.05
2011-07-26,25.03,25.03,24.90,24.90,73800,24.29
2011-07-25,24.96,25.08,24.95,25.01,16000,24.39
2011-07-22,25.24,25.24,25.08,25.11,78300,24.49
2011-07-21,25.09,25.25,25.03,25.24,105300,24.62
2011-07-20,24.97,24.99,24.87,24.91,60200,24.30
2011-07-19,24.81,24.95,24.76,24.92,538100,24.31
2011-07-18,24.70,24.71,24.58,24.68,2262700,24.07
2011-07-15,24.93,24.93,24.80,24.80,9500,24.19
2011-07-14,25.18,25.20,24.95,24.97,68600,24.25
2011-07-13,25.19,25.27,25.05,25.05,30800,24.33
2011-07-12,25.03,25.25,25.03,25.12,19600,24.40
2011-07-11,25.16,25.16,25.04,25.07,14100,24.35
2011-07-08,25.24,25.33,25.24,25.33,34200,24.60
2011-07-07,25.54,25.54,25.40,25.44,106800,24.71
2011-07-06,25.21,25.35,25.21,25.33,261900,24.60
2011-07-05,25.32,25.33,25.19,25.21,461300,24.48
2011-07-01,25.09,25.32,25.04,25.31,245200,24.58
2011-06-30,25.00,25.04,24.89,25.03,198100,24.31
2011-06-29,24.94,24.94,24.80,24.90,630700,24.18
2011-06-28,24.73,24.78,24.71,24.78,71900,24.07
2011-06-27,24.57,24.68,24.54,24.64,63900,23.93
2011-06-24,24.62,24.68,24.48,24.52,17100,23.81
2011-06-23,24.64,24.64,24.36,24.49,99600,23.79
2011-06-22,24.86,24.86,24.77,24.78,197600,24.07
2011-06-21,24.92,24.92,24.77,24.86,29900,24.14
2011-06-20,24.62,24.78,24.60,24.75,34600,24.04
2011-06-17,24.76,24.76,24.57,24.61,44200,23.90
2011-06-16,24.48,24.52,24.39,24.48,19600,23.78
2011-06-15,24.55,24.58,24.30,24.35,25500,23.65
2011-06-14,24.77,24.79,24.63,24.73,25200,24.02
2011-06-13,24.41,24.64,24.41,24.57,19400,23.86
2011-06-10,24.75,24.75,24.50,24.50,104900,23.79
2011-06-09,24.73,24.82,24.62,24.75,595200,24.04
2011-06-08,24.70,24.70,24.56,24.66,900,23.95
2011-06-07,24.75,24.76,24.66,24.72,2800,24.01
2011-06-06,24.77,24.77,24.60,24.61,9300,23.90
2011-06-03,24.75,24.84,24.68,24.72,11000,24.01
2011-06-02,25.17,25.17,24.95,24.96,6100,24.24
2011-06-01,25.42,25.42,25.11,25.11,33400,24.39
2011-05-31,25.43,25.43,25.31,25.41,4500,24.68
2011-05-27,25.29,25.29,25.18,25.23,16600,24.50
2011-05-26,25.12,25.16,24.99,25.13,9300,24.41
2011-05-25,25.17,25.17,24.98,25.15,12700,24.43
2011-05-24,25.34,25.34,25.16,25.20,10500,24.47
2011-05-23,25.27,25.27,25.19,25.19,11000,24.47
2011-05-20,25.55,25.55,25.35,25.44,15700,24.71
2011-05-19,25.58,25.58,25.41,25.43,6800,24.70
2011-05-18,25.46,25.46,25.32,25.32,2000,24.59
2011-05-17,25.24,25.36,25.24,25.36,16900,24.63
2011-05-16,25.37,25.39,25.28,25.28,10000,24.55
2011-05-13,25.44,25.44,25.26,25.34,13100,24.61
2011-05-12,25.16,25.45,25.15,25.45,8200,24.72
2011-05-11,25.23,25.24,25.06,25.11,28900,24.39
2011-05-10,25.19,25.27,25.19,25.25,9700,24.52
2011-05-09,24.90,24.92,24.90,24.92,600,24.20
2011-05-06,25.08,25.08,24.87,24.92,12500,24.20
2011-05-05,24.88,24.95,24.73,24.79,42900,24.08
