Date,Open,High,Low,Close,Volume,Adj Close
2012-05-04,21.84,22.63,21.84,22.47,84200,22.47
2012-05-03,20.69,21.60,20.69,21.51,39000,21.51
2012-05-02,21.03,21.25,20.73,20.82,45000,20.82
2012-05-01,21.14,21.25,20.25,20.78,32100,20.78
2012-04-30,20.92,21.31,20.92,21.13,25000,21.13
2012-04-27,20.52,21.31,20.52,20.78,33100,20.78
2012-04-26,21.85,21.87,20.98,21.09,37400,21.09
2012-04-25,22.22,22.30,21.66,21.67,39000,21.67
2012-04-24,22.74,22.89,22.47,22.70,32300,22.70
2012-04-23,23.20,23.40,22.79,22.84,149800,22.84
2012-04-20,22.15,22.30,21.78,22.18,137800,22.18
2012-04-19,22.02,22.46,21.63,22.15,14700,22.15
2012-04-18,22.09,22.09,21.81,21.98,7400,21.98
2012-04-17,22.12,22.37,21.62,21.79,11800,21.79
2012-04-16,22.36,23.05,22.30,22.73,30200,22.73
2012-04-13,22.22,22.69,22.16,22.68,310500,22.68
2012-04-12,23.00,23.00,21.97,22.04,37600,22.04
2012-04-11,23.17,23.28,22.91,23.14,78100,23.14
2012-04-10,22.62,23.97,22.47,23.90,67300,23.90
2012-04-09,22.50,22.72,22.41,22.48,27000,22.48
2012-04-05,21.73,21.81,21.47,21.64,7700,21.64
2012-04-04,21.46,21.71,21.30,21.53,28500,21.53
2012-04-03,20.90,21.18,20.62,20.79,66000,20.79
2012-04-02,21.29,21.38,20.46,20.72,201500,20.72
2012-03-30,20.96,21.49,20.96,21.23,12100,21.23
2012-03-29,21.81,22.03,21.33,21.36,19300,21.36
2012-03-28,21.04,21.75,20.93,21.36,47300,21.36
2012-03-27,20.63,20.94,20.62,20.93,19700,20.93
2012-03-26,21.06,21.13,20.75,20.75,123300,20.75
2012-03-23,21.90,22.36,21.59,21.63,50500,21.63
2012-03-22,21.85,22.22,21.72,21.92,33000,21.92
2012-03-21,21.09,21.54,21.09,21.32,20000,21.32
2012-03-20,21.34,21.67,21.26,21.36,67000,21.36
2012-03-19,21.30,21.30,20.75,21.00,40600,21.00
2012-03-16,21.11,21.19,21.04,21.15,9900,21.15
2012-03-15,21.52,21.71,21.12,21.16,21800,21.16
2012-03-14,21.36,21.78,21.18,21.66,56300,21.66
2012-03-13,22.26,22.26,21.36,21.36,34100,21.36
2012-03-12,22.52,22.68,22.48,22.59,26300,22.59
2012-03-09,22.80,22.88,22.25,22.40,35500,22.40
2012-03-08,22.93,23.48,22.78,22.90,43500,22.90
2012-03-07,24.31,24.31,23.61,23.71,44900,23.71
2012-03-06,24.10,24.55,23.87,24.39,71200,24.39
2012-03-05,22.91,23.42,22.91,23.17,33300,23.17
2012-03-02,22.54,22.89,22.39,22.83,15300,22.83
2012-03-01,22.55,22.72,22.30,22.40,18000,22.40
2012-02-29,22.51,23.01,22.28,22.97,26400,22.97
2012-02-28,22.48,22.78,22.30,22.54,16800,22.54
2012-02-27,23.12,23.22,22.35,22.54,27400,22.54
2012-02-24,22.45,22.62,4.46,22.56,65600,22.56
2012-02-23,23.12,23.33,22.60,22.64,14100,22.64
2012-02-22,22.90,23.20,22.69,23.08,12900,23.08
2012-02-21,22.30,23.02,22.30,22.83,14100,22.83
2012-02-17,22.26,22.65,22.26,22.60,9300,22.60
2012-02-16,23.56,23.56,22.58,22.65,18500,22.65
2012-02-15,22.98,23.66,22.94,23.47,35200,23.47
2012-02-14,23.60,23.80,23.37,23.37,15900,23.37
2012-02-13,23.20,23.65,23.20,23.28,11500,23.28
2012-02-10,23.99,24.17,23.76,23.89,28000,23.89
2012-02-09,23.16,23.57,23.16,23.23,19400,23.23
2012-02-08,23.52,23.79,23.22,23.42,7100,23.42
2012-02-07,23.90,24.11,23.49,23.64,23200,23.64
2012-02-06,23.92,24.09,23.69,23.72,19400,23.72
2012-02-03,23.80,24.11,23.57,23.57,60000,23.57
2012-02-02,24.91,25.05,24.61,24.85,22400,24.85
2012-02-01,25.45,25.46,24.73,24.98,51400,24.98
2012-01-31,25.47,26.40,25.47,26.12,25300,26.12
2012-01-30,26.14,26.56,25.84,26.05,13600,26.05
2012-01-27,26.10,26.10,25.46,25.57,21000,25.57
2012-01-26,24.77,25.98,24.67,25.80,23600,25.80
2012-01-25,26.22,26.61,25.23,25.37,23400,25.37
2012-01-24,26.91,27.07,26.27,26.28,13500,26.28
2012-01-23,26.32,26.95,26.00,26.44,36700,26.44
2012-01-20,26.35,26.75,26.35,26.58,15600,26.58
2012-01-19,26.75,26.79,26.20,26.35,30200,26.35
2012-01-18,28.11,28.38,26.95,26.96,33900,26.96
2012-01-17,27.69,28.35,27.42,28.18,68800,28.18
2012-01-13,28.55,29.10,28.44,28.50,15200,28.50
2012-01-12,28.45,28.84,27.93,27.98,26500,27.98
2012-01-11,28.82,28.84,28.27,28.30,8200,28.30
2012-01-10,28.55,28.71,28.36,28.49,28600,28.49
2012-01-09,29.57,30.10,29.44,29.56,12200,29.56
2012-01-06,30.19,30.25,29.48,29.92,11600,29.92
2012-01-05,30.93,31.43,29.70,29.78,20700,29.78
2012-01-04,30.60,30.95,30.21,30.40,10300,30.40
2012-01-03,29.64,30.38,29.14,30.29,38800,30.29
2011-12-30,30.95,31.15,30.81,31.13,24600,31.13
2011-12-29,31.81,31.81,30.90,30.98,15200,30.98
2011-12-28,30.95,32.12,30.90,32.03,32800,32.03
2011-12-27,31.08,31.19,30.50,30.70,8700,30.70
2011-12-23,31.25,31.40,30.85,30.85,22700,30.85
2011-12-22,32.30,32.30,31.34,31.61,12100,31.61
2011-12-21,32.94,33.57,32.40,32.57,22300,32.57
2011-12-20,34.34,34.34,32.70,32.81,40700,32.81
2011-12-19,34.34,36.64,34.20,36.46,36600,36.46
2011-12-16,34.70,35.37,33.75,34.86,54600,34.86
2011-12-15,34.81,35.86,34.77,35.61,15100,35.61
2011-12-14,35.47,36.40,35.09,36.18,37600,36.18
2011-12-13,32.46,35.35,32.28,34.77,37900,34.77
2011-12-12,33.00,34.02,32.93,33.28,55900,33.28
2011-12-09,33.28,33.37,31.50,31.75,29700,31.75
2011-12-08,32.29,33.88,31.88,33.80,32500,33.80
2011-12-07,31.78,32.65,31.11,31.26,40100,31.26
2011-12-06,30.88,31.58,30.71,31.22,42900,31.22
2011-12-05,30.72,31.49,30.15,31.08,27600,31.08
2011-12-02,31.17,32.24,30.75,32.12,20700,32.12
2011-12-01,32.36,32.50,31.57,32.19,26600,32.19
2011-11-30,33.51,33.74,31.99,31.99,60600,31.99
2011-11-29,36.75,37.48,36.20,37.02,34200,37.02
2011-11-28,37.13,38.11,36.51,37.31,76100,37.31
2011-11-25,41.51,41.51,39.76,41.02,28000,41.02
2011-11-23,39.28,40.88,39.19,40.80,48700,40.80
2011-11-22,37.79,38.69,37.03,38.04,75100,38.04
2011-11-21,37.55,38.33,37.00,37.48,109400,37.48
2011-11-18,35.23,36.01,34.78,35.66,36700,35.66
2011-11-17,33.92,36.19,33.80,35.62,44000,35.62
2011-11-16,33.24,33.78,31.92,33.78,28000,33.78
2011-11-15,32.93,33.57,31.77,32.24,36600,32.24
2011-11-14,32.47,33.30,32.19,32.86,33900,32.86
2011-11-11,32.91,33.00,31.60,31.83,28700,31.83
2011-11-10,33.25,35.20,33.00,34.15,46100,34.15
2011-11-09,33.52,35.02,33.01,34.91,83400,34.91
2011-11-08,31.57,32.78,30.99,31.09,60900,31.09
2011-11-07,32.20,33.53,31.80,32.03,41700,32.03
2011-11-04,33.33,33.77,32.00,32.11,40400,32.11
2011-11-03,33.29,34.72,31.83,32.05,44900,32.05
2011-11-02,34.47,35.42,33.58,34.18,47500,34.18
2011-11-01,36.50,36.69,34.93,36.13,67400,36.13
2011-10-31,32.56,33.29,31.82,33.29,58200,33.29
2011-10-28,31.43,31.78,30.84,31.02,16400,31.02
2011-10-27,31.63,32.95,30.25,31.05,85400,31.05
2011-10-26,34.83,37.16,34.51,35.12,49900,35.12
2011-10-25,34.70,36.52,34.70,36.35,36000,36.35
2011-10-24,36.12,36.20,33.90,33.94,72400,33.94
2011-10-21,37.59,37.92,36.36,36.48,65300,36.48
2011-10-20,39.24,41.40,39.00,39.07,64600,39.07
2011-10-19,38.53,40.11,37.70,39.83,37100,39.83
2011-10-18,40.84,42.40,37.25,38.17,51800,38.17
2011-10-17,39.31,41.21,38.89,41.09,45300,41.09
2011-10-14,39.04,40.00,38.30,38.57,28000,38.57
2011-10-13,41.24,42.48,40.20,40.55,36800,40.55
2011-10-12,40.80,41.25,39.08,40.62,60000,40.62
2011-10-11,43.59,43.59,41.66,41.99,25400,41.99
2011-10-10,44.53,44.53,42.03,42.03,47200,42.03
2011-10-07,44.34,47.83,44.34,47.05,45200,47.05
2011-10-06,49.06,49.92,45.20,45.20,45000,45.20
2011-10-05,51.50,53.31,48.37,48.84,55300,48.84
2011-10-04,59.42,61.38,51.89,51.97,111400,51.97
2011-10-03,52.71,57.50,50.37,57.50,86700,57.50
2011-09-30,50.10,51.40,48.49,51.28,41200,51.28
2011-09-29,45.23,50.38,45.14,47.50,72000,47.50
2011-09-28,44.08,48.42,43.72,48.42,56200,48.42
2011-09-27,43.60,45.21,41.57,44.26,65600,44.26
2011-09-26,48.69,51.29,46.22,46.42,51800,46.42
2011-09-23,51.81,52.30,49.16,49.72,45200,49.72
2011-09-22,50.75,53.00,48.97,50.99,81700,50.99
2011-09-21,42.08,46.29,41.61,46.18,48400,46.18
2011-09-20,40.25,41.93,39.50,41.79,58800,41.79
2011-09-19,42.22,42.59,40.20,40.98,58200,40.98
2011-09-16,39.50,40.59,38.98,39.59,33600,39.59
2011-09-15,40.09,41.85,39.71,39.89,46500,39.89
2011-09-14,43.03,45.16,40.24,41.57,50500,41.57
2011-09-13,45.10,46.15,43.51,43.78,48300,43.78
2011-09-12,48.96,49.02,45.83,45.92,35700,45.92
2011-09-09,44.35,47.31,43.76,46.54,55200,46.54
2011-09-08,42.49,43.32,41.00,43.00,39700,43.00
2011-09-07,43.65,44.23,41.33,41.36,39100,41.36
2011-09-06,49.94,49.94,46.20,46.26,64800,46.26
2011-09-02,44.88,45.84,43.81,45.37,46700,45.37
2011-09-01,39.97,41.93,39.12,41.92,24000,41.92
2011-08-31,40.11,41.04,38.55,40.24,37200,40.24
2011-08-30,42.40,42.90,40.06,40.67,29200,40.67
2011-08-29,44.62,44.68,41.53,41.60,45400,41.60
2011-08-26,51.00,52.93,46.18,46.66,74600,46.66
2011-08-25,45.99,50.35,45.79,49.97,42200,49.97
2011-08-24,49.82,50.20,46.99,47.24,32600,47.24
2011-08-23,55.03,55.63,49.29,49.29,42400,49.29
2011-08-22,50.82,56.20,50.82,55.52,82300,55.52
2011-08-19,55.75,55.75,50.71,55.65,58200,55.65
2011-08-18,50.18,54.16,50.18,53.06,64900,53.06
2011-08-17,44.74,46.62,43.64,45.90,32500,45.90
2011-08-16,45.67,46.60,44.00,45.44,28800,45.44
2011-08-15,45.85,45.85,43.64,43.67,39100,43.67
2011-08-12,47.07,48.66,46.10,47.31,52100,47.31
2011-08-11,56.04,56.20,46.24,48.45,88500,48.45
2011-08-10,54.62,57.01,51.51,57.01,64200,57.01
2011-08-09,57.43,63.26,50.95,50.95,172100,50.95
2011-08-08,57.00,62.49,53.51,62.49,150600,62.49
2011-08-05,47.23,54.05,46.73,50.38,131900,50.38
2011-08-04,43.42,48.88,43.42,48.87,124500,48.87
2011-08-03,42.26,45.00,41.56,41.58,104100,41.58
2011-08-02,39.56,42.35,38.88,42.34,76900,42.34
2011-08-01,36.31,39.64,36.31,38.76,80700,38.76
2011-07-29,39.12,39.50,37.04,37.83,74000,37.83
2011-07-28,36.92,37.63,35.97,37.48,54000,37.48
2011-07-27,34.94,37.10,34.94,36.93,82000,36.93
2011-07-26,34.00,34.50,33.94,34.40,13000,34.40
2011-07-25,34.33,34.33,33.28,33.81,20100,33.81
2011-07-22,33.52,33.63,33.00,33.12,6900,33.12
2011-07-21,33.98,34.21,33.18,33.36,18000,33.36
2011-07-20,34.17,34.82,34.12,34.45,13700,34.45
2011-07-19,35.61,35.64,34.26,34.38,18000,34.38
2011-07-18,35.36,36.95,35.36,36.31,60200,36.31
2011-07-15,35.47,35.77,34.97,35.04,29400,35.04
2011-07-14,34.49,35.99,34.06,35.79,24200,35.79
2011-07-13,34.24,34.76,33.47,34.57,26300,34.57
2011-07-12,34.93,35.02,34.29,34.96,28100,34.96
2011-07-11,33.50,34.70,33.33,34.52,38200,34.52
2011-07-08,32.83,33.18,32.33,32.40,25500,32.40
2011-07-07,31.73,31.93,31.45,31.62,38700,31.62
2011-07-06,33.00,33.47,32.70,32.79,26100,32.79
2011-07-05,32.76,33.33,32.72,32.89,16600,32.89
2011-07-01,34.46,34.59,32.70,32.83,78700,32.83
2011-06-30,35.02,35.14,34.25,34.56,45700,34.56
2011-06-29,35.75,36.27,35.03,35.41,38500,35.41
2011-06-28,37.47,37.64,36.26,36.28,19800,36.28
2011-06-27,38.51,39.00,37.67,37.85,26200,37.85
2011-06-24,37.37,38.76,37.33,38.68,35000,38.68
2011-06-23,39.24,39.60,37.42,37.54,64800,37.54
2011-06-22,37.35,37.48,36.40,37.48,31600,37.48
2011-06-21,38.30,38.40,36.80,36.94,23800,36.94
2011-06-20,40.08,40.21,38.79,39.09,30700,39.09
2011-06-17,38.81,40.17,38.81,39.83,31900,39.83
2011-06-16,40.18,41.21,39.49,40.26,37000,40.26
2011-06-15,39.35,40.36,38.71,40.12,45200,40.12
2011-06-14,39.19,39.19,37.83,38.20,50200,38.20
2011-06-13,39.86,40.78,39.18,40.08,64100,40.08
2011-06-10,38.74,40.10,38.64,39.87,38600,39.87
2011-06-09,38.78,38.99,37.74,38.18,68200,38.18
2011-06-08,38.34,39.03,38.13,38.88,44900,38.88
2011-06-07,37.57,37.95,36.99,37.93,83600,37.93
2011-06-06,36.99,38.27,36.75,38.25,78800,38.25
2011-06-03,37.08,37.08,35.82,36.65,51100,36.65
2011-06-02,35.44,36.00,34.75,35.42,32700,35.42
2011-06-01,33.21,35.40,33.10,35.30,15100,35.30
2011-05-31,32.78,33.75,32.75,33.00,12100,33.00
2011-05-27,34.15,34.24,33.64,33.92,18300,33.92
2011-05-26,35.58,35.65,34.48,34.51,13300,34.51
2011-05-25,36.35,36.42,35.03,35.27,17800,35.27
2011-05-24,35.41,36.18,35.12,35.88,19200,35.88
2011-05-23,35.68,35.92,35.45,35.68,34200,35.68
2011-05-20,33.89,34.70,33.84,34.21,16000,34.21
2011-05-19,33.33,34.25,33.33,33.58,6600,33.58
2011-05-18,35.26,35.38,33.74,33.87,33700,33.87
2011-05-17,35.64,35.91,35.00,35.31,58700,35.31
2011-05-16,34.80,35.00,33.75,34.89,19500,34.89
2011-05-13,33.51,34.39,33.39,34.23,12500,34.23
2011-05-12,34.41,34.58,33.14,33.37,33000,33.37
2011-05-11,33.03,34.17,32.91,33.86,12000,33.86
2011-05-10,33.63,33.63,32.75,32.81,9500,32.81
2011-05-09,34.88,34.88,33.79,33.94,27000,33.94
2011-05-06,34.00,34.87,33.47,34.67,39600,34.67
2011-05-05,35.53,35.78,34.20,35.17,31100,35.17
2011-05-04,33.99,35.25,33.99,34.75,30000,34.75
2011-05-03,33.41,34.45,33.20,33.95,24000,33.95
2011-05-02,32.64,33.25,32.27,33.13,12000,33.13
2011-04-29,32.90,33.24,32.78,32.99,7400,32.99
2011-04-28,33.44,33.48,32.86,33.06,31900,33.06
2011-04-27,33.78,34.17,33.28,33.35,14200,33.35
2011-04-26,34.55,34.55,33.71,33.92,13600,33.92
2011-04-25,34.66,35.10,34.50,34.70,16500,34.70
2011-04-21,34.76,35.01,34.61,34.63,18500,34.63
2011-04-20,35.30,35.57,35.06,35.22,29800,35.22
2011-04-19,37.49,37.64,37.09,37.09,17900,37.09
2011-04-18,37.90,38.52,37.51,37.73,34600,37.73
2011-04-15,36.95,37.18,36.13,36.30,32000,36.30
2011-04-14,38.17,38.17,37.04,37.08,15400,37.08
2011-04-13,36.72,37.63,36.72,37.20,30400,37.20
2011-04-12,37.41,37.93,37.06,37.59,89500,37.59
2011-04-11,35.92,36.95,35.78,36.68,21800,36.68
2011-04-08,34.78,36.60,34.78,36.14,18900,36.14
2011-04-07,35.17,36.02,35.14,35.54,23500,35.54
2011-04-06,34.47,35.57,34.45,35.24,23400,35.24
2011-04-05,35.64,35.64,34.74,35.19,12100,35.19
2011-04-04,35.01,35.64,34.97,35.44,28200,35.44
2011-04-01,35.32,35.63,35.05,35.45,16700,35.45
2011-03-31,36.49,36.61,36.00,36.12,19000,36.12
2011-03-30,36.75,36.81,36.13,36.29,25900,36.29
2011-03-29,38.67,38.81,37.36,37.40,13800,37.40
2011-03-28,37.69,38.41,37.45,38.40,11600,38.40
2011-03-25,38.15,38.40,37.20,37.82,33900,37.82
2011-03-24,39.02,39.91,38.37,38.56,15300,38.56
2011-03-23,40.51,41.10,39.49,39.82,23900,39.82
2011-03-22,39.34,40.13,39.32,40.02,15800,40.02
2011-03-21,39.91,40.09,39.25,39.46,58700,39.46
2011-03-18,40.43,41.77,40.43,41.54,19600,41.54
2011-03-17,41.17,42.66,41.17,42.04,36100,42.04
2011-03-16,42.20,44.13,41.35,43.44,70100,43.44
2011-03-15,43.69,44.40,41.14,41.88,80600,41.88
2011-03-14,41.18,41.58,40.18,40.69,33300,40.69
2011-03-11,42.01,42.01,39.74,40.10,35000,40.10
2011-03-10,40.52,41.33,40.17,41.11,39700,41.11
2011-03-09,39.51,39.54,38.65,38.91,10300,38.91
2011-03-08,39.60,40.25,38.30,38.71,22700,38.71
2011-03-07,38.02,40.51,38.02,39.83,35500,39.83
2011-03-04,37.86,39.26,37.77,38.52,19900,38.52
2011-03-03,38.79,38.83,37.78,37.92,24800,37.92
2011-03-02,40.88,40.89,39.64,40.17,46900,40.17
2011-03-01,38.09,40.73,38.05,40.61,46900,40.61
2011-02-28,38.30,39.16,38.16,38.52,27300,38.52
2011-02-25,40.28,40.40,38.85,38.85,25600,38.85
2011-02-24,41.02,42.05,40.37,40.97,42000,40.97
2011-02-23,7.98,8.45,7.91,8.24,49700,41.20
2011-02-22,7.69,7.99,7.57,7.96,23200,39.80
2011-02-18,7.37,7.44,7.36,7.41,5500,37.05
2011-02-17,7.55,7.55,7.37,7.40,5700,37.00
2011-02-16,7.55,7.58,7.46,7.49,13100,37.45
2011-02-15,7.60,7.70,7.60,7.67,3600,38.35
2011-02-14,7.60,7.65,7.55,7.55,7000,37.75
2011-02-11,7.98,7.98,7.63,7.65,8400,38.25
2011-02-10,8.07,8.07,7.83,7.85,8400,39.25
2011-02-09,7.96,8.02,7.88,7.96,11900,39.80
2011-02-08,8.00,8.04,7.89,7.90,4900,39.50
2011-02-07,8.09,8.10,7.90,7.99,11500,39.95
2011-02-04,8.25,8.33,8.14,8.17,10500,40.85
2011-02-03,8.45,8.55,8.26,8.29,9200,41.45
2011-02-02,8.37,8.42,8.27,8.40,16900,42.00
2011-02-01,8.50,8.55,8.30,8.34,12700,41.70
2011-01-31,8.89,8.94,8.63,8.71,11900,43.55
2011-01-28,8.44,8.98,8.40,8.95,17800,44.75
2011-01-27,8.65,8.65,8.46,8.50,9900,42.50
2011-01-26,8.76,8.83,8.59,8.63,9500,43.15
2011-01-25,8.96,9.09,8.87,8.87,9100,44.35
2011-01-24,9.00,9.05,8.80,8.84,8900,44.20
2011-01-21,8.87,9.08,8.81,9.04,20200,45.20
2011-01-20,9.00,9.22,8.93,9.07,22000,45.35
2011-01-19,8.53,8.95,8.53,8.90,13700,44.50
2011-01-18,8.63,8.67,8.51,8.51,26100,42.55
2011-01-14,8.87,8.88,8.63,8.63,8000,43.15
2011-01-13,8.74,8.86,8.73,8.81,17000,44.05
2011-01-12,8.77,8.90,8.76,8.79,10500,43.95
2011-01-11,9.04,9.08,8.94,9.00,11900,45.00
2011-01-10,9.32,9.43,9.09,9.12,10300,45.60
2011-01-07,9.06,9.41,9.00,9.17,16500,45.85
2011-01-06,9.06,9.18,9.01,9.12,14500,45.60
2011-01-05,9.31,9.34,9.05,9.08,14800,45.40
2011-01-04,8.94,9.40,8.93,9.24,20800,46.20
2011-01-03,9.15,9.15,8.91,9.01,14100,45.05
2010-12-31,9.28,9.39,9.27,9.36,4800,46.80
2010-12-30,9.32,9.32,9.22,9.28,6000,46.40
2010-12-29,9.33,9.33,9.24,9.28,6000,46.40
2010-12-28,9.30,9.42,9.30,9.37,3200,46.85
2010-12-27,9.41,9.51,9.32,9.33,3700,46.65
2010-12-23,9.30,9.39,9.27,9.34,5900,46.70
2010-12-22,9.33,9.34,9.25,9.28,7100,46.40
2010-12-21,9.44,9.50,9.31,9.33,11200,46.65
2010-12-20,9.65,9.73,9.52,9.58,7100,47.90
2010-12-17,9.81,9.81,9.63,9.67,5000,48.35
2010-12-16,10.06,10.10,9.78,9.80,16500,49.00
2010-12-15,9.94,10.09,9.76,10.06,14500,50.30
2010-12-14,9.79,9.97,9.75,9.89,19000,49.45
2010-12-13,9.75,9.88,9.72,9.88,4300,49.40
2010-12-10,9.95,10.01,9.79,9.83,12000,49.15
2010-12-09,10.02,10.16,9.98,10.05,5200,50.25
2010-12-08,10.09,10.26,10.03,10.15,1800,50.75
2010-12-07,9.79,10.14,9.77,10.14,20500,50.70
2010-12-06,10.15,10.24,10.07,10.13,13100,50.65
2010-12-03,10.41,10.44,10.08,10.13,10100,50.65
2010-12-02,10.72,10.75,10.31,10.33,21100,51.65
2010-12-01,10.96,10.96,10.73,10.78,28200,53.90
2010-11-30,11.67,11.73,11.34,11.51,10600,57.55
2010-11-29,11.53,11.75,11.27,11.33,19200,56.65
2010-11-26,11.31,11.32,11.16,11.24,3600,56.20
2010-11-24,11.47,11.47,11.07,11.08,14200,55.40
2010-11-23,11.74,11.86,11.62,11.74,20000,58.70
2010-11-22,11.58,11.64,11.30,11.31,13100,56.55
2010-11-19,11.72,11.82,11.43,11.43,12600,57.15
2010-11-18,11.76,11.76,11.44,11.63,29400,58.15
2010-11-17,12.26,12.30,12.02,12.16,11900,60.80
2010-11-16,11.99,12.47,11.87,12.28,58600,61.40
2010-11-15,11.55,11.69,11.35,11.68,10800,58.40
2010-11-12,11.45,11.81,11.33,11.67,23100,58.35
2010-11-11,11.53,11.54,11.14,11.18,10400,55.90
2010-11-10,11.39,11.64,11.17,11.18,10100,55.90
2010-11-09,11.00,11.50,10.93,11.39,21800,56.95
2010-11-08,11.10,11.21,11.03,11.06,4600,55.30
2010-11-05,11.20,11.23,10.98,11.03,36700,55.15
2010-11-04,11.42,11.54,11.20,11.22,29600,56.10
2010-11-03,11.95,12.40,11.91,11.93,13000,59.65
2010-11-02,12.05,12.22,11.95,12.01,9100,60.05
2010-11-01,12.12,12.54,11.94,12.36,12700,61.80
2010-10-29,12.59,12.59,12.30,12.34,6300,61.70
2010-10-28,12.20,12.66,12.14,12.48,9100,62.40
2010-10-27,12.65,12.81,12.42,12.44,7600,62.20
2010-10-26,12.60,12.68,12.29,12.41,12500,62.05
2010-10-25,12.34,12.38,12.02,12.38,22400,61.90
2010-10-22,12.69,12.75,12.52,12.54,4400,62.70
2010-10-21,12.63,13.02,12.35,12.72,21800,63.60
2010-10-20,13.16,13.16,12.61,12.80,15600,64.00
2010-10-19,13.04,13.41,12.77,13.19,27500,65.95
2010-10-18,12.80,12.80,12.58,12.62,7800,63.10
2010-10-15,12.50,13.04,12.47,12.76,11700,63.80
2010-10-14,12.64,12.98,12.57,12.77,18000,63.85
2010-10-13,12.75,12.79,12.41,12.64,23200,63.20
2010-10-12,13.19,13.47,12.85,12.93,20500,64.65
2010-10-11,13.13,13.17,12.96,13.11,16600,65.55
2010-10-08,13.52,13.53,13.04,13.17,23700,65.85
2010-10-07,13.27,13.77,13.27,13.51,16800,67.55
2010-10-06,13.31,13.65,13.27,13.51,21800,67.55
2010-10-05,13.76,13.83,13.17,13.33,51000,66.65
2010-10-04,13.95,14.38,13.72,14.16,23800,70.80
2010-10-01,13.70,14.02,13.58,13.81,14800,69.05
2010-09-30,13.65,14.20,13.38,13.95,16600,69.75
2010-09-29,13.96,14.12,13.75,13.92,16000,69.60
2010-09-28,14.13,14.66,13.85,13.92,28300,69.60
2010-09-27,14.10,14.32,14.00,14.27,23900,71.35
2010-09-24,14.57,14.66,14.07,14.15,28800,70.75
2010-09-23,15.25,15.33,14.68,15.19,29500,75.95
2010-09-22,14.63,14.96,14.35,14.83,20000,74.15
2010-09-21,14.25,14.61,14.20,14.54,38200,72.70
2010-09-20,14.88,15.03,14.22,14.32,46400,71.60
2010-09-17,14.93,15.37,14.90,15.08,16100,75.40
2010-09-16,15.27,15.36,15.11,15.17,13800,75.85
2010-09-15,15.40,15.58,15.07,15.11,11700,75.55
2010-09-14,15.35,15.54,15.01,15.25,20500,76.25
2010-09-13,15.41,15.49,15.19,15.28,33300,76.40
2010-09-10,16.06,16.21,15.88,15.96,17100,79.80
2010-09-09,15.71,16.32,15.61,16.16,20900,80.80
2010-09-08,16.58,16.58,16.08,16.29,51200,81.45
2010-09-07,16.15,16.66,16.15,16.58,23700,82.90
2010-09-03,15.94,16.35,15.80,16.01,33700,80.05
2010-09-02,17.27,17.32,16.58,16.65,21600,83.25
2010-09-01,18.34,18.46,17.31,17.38,32600,86.90
2010-08-31,19.53,19.78,18.87,19.28,26400,96.40
2010-08-30,18.67,19.26,18.35,19.22,18300,96.10
2010-08-27,18.98,20.12,18.33,18.42,23200,92.10
2010-08-26,18.96,19.67,18.67,19.58,15300,97.90
2010-08-25,19.94,20.29,19.04,19.19,44400,95.95
2010-08-24,19.48,19.93,19.03,19.47,35600,97.35
2010-08-23,17.94,18.64,17.75,18.64,17800,93.20
2010-08-20,18.43,18.83,18.20,18.27,20300,91.35
2010-08-19,17.68,18.43,17.41,18.20,44900,91.00
2010-08-18,17.58,17.90,17.10,17.34,12300,86.70
2010-08-17,17.80,18.04,17.13,17.55,64900,87.75
2010-08-16,18.76,19.00,18.26,18.47,33700,92.35
2010-08-13,18.53,18.53,18.01,18.46,11000,92.30
2010-08-12,19.19,19.19,18.11,18.30,32500,91.50
2010-08-11,17.45,18.09,17.34,18.00,32400,90.00
2010-08-10,16.53,16.81,16.22,16.45,18300,82.25
2010-08-09,16.01,16.29,15.90,15.99,12300,79.95
2010-08-06,16.80,16.98,16.26,16.35,19000,81.75
2010-08-05,16.35,16.48,16.10,16.20,10100,81.00
2010-08-04,16.21,16.47,16.00,16.02,15600,80.10
2010-08-03,16.40,16.75,16.21,16.47,14500,82.35
2010-08-02,16.23,16.66,16.04,16.13,35000,80.65
2010-07-30,18.19,18.21,17.04,17.22,17000,86.10
2010-07-29,16.71,17.90,16.62,17.33,33000,86.65
2010-07-28,16.71,17.29,16.55,17.07,31900,85.35
2010-07-27,15.92,16.77,15.84,16.57,29500,82.85
2010-07-26,17.00,17.17,16.26,16.26,21700,81.30
2010-07-23,17.97,18.11,17.11,17.12,32100,85.60
2010-07-22,18.60,18.60,17.61,17.81,24700,89.05
2010-07-21,18.16,19.47,18.04,19.29,34600,96.45
2010-07-20,20.31,20.59,18.46,18.58,41000,92.90
2010-07-19,19.61,20.27,19.25,19.44,34600,97.20
2010-07-16,18.54,19.96,18.49,19.83,28100,99.15
2010-07-15,18.10,18.96,18.07,18.17,31800,90.85
2010-07-14,18.28,18.58,17.97,18.21,24900,91.05
2010-07-13,18.49,18.65,17.86,18.08,50400,90.40
2010-07-12,19.22,19.67,18.80,19.24,15100,96.20
2010-07-09,19.54,19.73,18.97,19.00,12700,95.00
2010-07-08,19.62,20.30,19.38,19.57,33000,97.85
2010-07-07,22.46,22.67,20.14,20.22,41000,101.10
2010-07-06,21.41,23.18,21.00,22.65,102400,113.25
2010-07-02,21.77,22.96,21.69,22.55,32200,112.75
2010-07-01,22.38,23.53,21.70,22.15,86800,110.75
2010-06-30,21.52,22.03,20.59,21.85,43700,109.25
2010-06-29,20.20,21.58,19.98,21.23,41700,106.15
2010-06-28,18.75,19.36,18.64,19.17,10400,95.85
2010-06-25,19.33,19.79,18.70,18.91,51200,94.55
2010-06-24,18.84,19.56,18.64,19.47,28600,97.35
2010-06-23,18.38,19.07,18.05,18.44,24700,92.20
2010-06-22,17.20,18.44,16.97,18.40,20300,92.00
2010-06-21,16.25,17.54,16.21,17.29,42400,86.45
2010-06-18,16.76,17.14,16.76,16.97,18000,84.85
2010-06-17,16.65,17.42,16.56,16.96,19400,84.80
2010-06-16,17.10,17.22,16.59,16.90,24500,84.50
2010-06-15,17.73,17.77,16.70,16.77,21300,83.85
2010-06-14,17.67,18.21,17.27,18.13,28500,90.65
2010-06-11,19.47,19.49,18.29,18.32,23500,91.60
2010-06-10,19.73,19.84,18.74,18.78,36300,93.90
2010-06-09,20.55,21.24,19.50,20.96,62100,104.80
2010-06-08,21.60,22.41,20.97,21.01,29400,105.05
2010-06-07,20.12,21.66,20.00,21.64,29900,108.20
2010-06-04,19.55,20.59,18.91,20.30,29200,101.50
2010-06-03,18.41,18.78,18.12,18.20,22500,91.00
2010-06-02,19.95,20.30,18.62,18.62,21600,93.10
2010-06-01,19.40,20.38,18.82,20.38,28000,101.90
2010-05-28,18.29,19.22,18.22,18.95,24100,94.75
2010-05-27,19.24,19.63,18.25,18.25,32000,91.25
2010-05-26,20.38,20.82,19.30,20.72,24200,103.60
2010-05-25,22.49,23.14,20.76,20.77,47500,103.85
2010-05-24,20.42,20.95,19.42,20.95,27600,104.75
2010-05-21,22.67,22.80,19.90,20.14,68900,100.70
2010-05-20,20.39,21.50,20.15,21.38,54200,106.90
2010-05-19,18.91,19.85,18.24,18.96,42200,94.80
2010-05-18,17.02,18.59,16.90,18.45,28700,92.25
2010-05-17,17.48,18.77,17.18,17.61,56400,88.05
2010-05-14,17.05,18.13,16.95,17.69,38400,88.45
2010-05-13,16.08,16.65,15.84,16.56,12600,82.80
2010-05-12,16.82,16.82,16.00,16.05,24700,80.25
2010-05-11,17.64,17.68,16.42,17.10,21500,85.50
2010-05-10,17.34,17.78,16.99,17.05,34800,85.25
2010-05-07,19.19,20.92,18.57,20.15,56600,100.75
2010-05-06,17.55,21.75,16.33,18.95,53000,94.75
2010-05-05,17.31,17.68,16.56,17.20,52400,86.00
2010-05-04,16.03,16.91,16.00,16.68,32000,83.40
2010-05-03,15.91,15.96,15.36,15.40,16100,77.00
2010-04-30,15.21,16.17,15.18,16.17,12200,80.85
2010-04-29,15.65,15.72,15.19,15.29,12000,76.45
2010-04-28,16.03,16.41,15.80,16.10,17200,80.50
2010-04-27,15.24,16.37,15.20,16.25,20900,81.25
2010-04-26,14.89,15.07,14.74,15.07,5700,75.35
2010-04-23,15.31,15.47,14.90,14.95,18200,74.75
2010-04-22,16.26,16.48,15.33,15.37,23100,76.85
2010-04-21,15.90,16.15,15.82,15.87,9900,79.35
2010-04-20,16.39,16.50,15.99,16.01,20700,80.05
2010-04-19,16.95,17.31,16.49,16.68,32200,83.40
2010-04-16,16.02,16.90,15.89,16.62,25200,83.10
2010-04-15,15.97,15.99,15.71,15.89,7500,79.45
2010-04-14,16.31,16.38,15.85,15.87,22400,79.35
2010-04-13,16.66,16.93,16.50,16.54,7000,82.70
2010-04-12,16.60,16.70,16.54,16.61,6600,83.05
2010-04-09,17.17,17.20,16.72,16.75,9400,83.75
2010-04-08,17.48,17.72,17.10,17.21,17800,86.05
2010-04-07,16.99,17.46,16.88,17.21,18800,86.05
2010-04-06,17.31,17.31,16.78,16.86,12600,84.30
2010-04-05,17.54,17.69,17.01,17.01,26800,85.05
2010-04-01,17.99,18.18,17.69,17.85,16900,89.25
2010-03-31,18.33,18.45,18.05,18.45,14500,92.25
2010-03-30,18.06,18.42,17.94,18.19,9500,90.95
2010-03-29,18.39,18.42,18.15,18.18,13000,90.90
2010-03-26,18.52,18.93,18.28,18.68,18900,93.40
2010-03-25,17.93,18.73,17.86,18.69,11800,93.45
2010-03-24,18.29,18.41,18.09,18.32,17700,91.60
2010-03-23,18.34,18.54,17.99,18.02,8400,90.10
2010-03-22,19.51,19.52,18.38,18.41,27600,92.05
2010-03-19,18.25,19.12,18.25,19.01,11300,95.05
2010-03-18,18.19,18.60,18.19,18.54,8500,92.70
2010-03-17,18.50,18.50,18.07,18.25,16800,91.25
2010-03-16,19.41,19.41,18.70,18.71,16700,93.55
2010-03-15,19.30,19.82,19.27,19.35,12400,96.75
2010-03-12,19.06,19.48,19.06,19.22,10400,96.10
2010-03-11,19.86,19.99,19.34,19.34,12000,96.70
2010-03-10,19.98,20.00,19.52,19.58,6600,97.90
2010-03-09,20.33,20.33,19.71,20.00,8800,100.00
2010-03-08,20.21,20.23,19.95,20.05,13100,100.25
2010-03-05,20.69,20.80,20.10,20.19,13200,100.95
2010-03-04,21.06,21.42,21.04,21.18,4200,105.90
2010-03-03,21.15,21.38,20.86,21.26,17300,106.30
2010-03-02,21.48,21.52,21.14,21.34,12400,106.70
2010-03-01,22.41,22.41,21.67,21.67,6400,108.35
2010-02-26,22.95,23.30,22.69,22.84,3800,114.20
2010-02-25,24.09,24.17,22.92,22.95,19500,114.75
2010-02-24,23.44,23.70,23.04,23.04,8600,115.20
2010-02-23,22.93,23.83,22.80,23.73,12600,118.65
2010-02-22,22.45,22.90,22.37,22.78,9400,113.90
2010-02-19,23.21,23.36,22.55,22.79,13000,113.95
2010-02-18,23.62,23.74,23.03,23.09,11400,115.45
2010-02-17,23.75,23.95,23.49,23.54,7400,117.70
2010-02-16,24.58,25.01,23.97,24.00,13800,120.00
2010-02-12,26.49,26.72,25.46,25.57,9000,127.85
2010-02-11,26.83,27.12,25.60,25.64,8900,128.20
2010-02-10,26.84,27.47,26.30,26.75,11400,133.75
2010-02-09,26.64,27.37,25.97,26.55,15000,132.75
2010-02-08,27.13,27.81,26.55,27.66,16400,138.30
2010-02-05,27.32,29.06,27.14,27.14,26900,135.70
2010-02-04,25.49,27.36,25.44,27.32,24000,136.60
2010-02-03,24.65,24.97,24.34,24.78,6800,123.90
2010-02-02,25.24,25.41,24.17,24.27,18700,121.35
2010-02-01,26.73,26.73,25.43,25.45,17400,127.25
2010-01-29,25.79,27.05,24.97,26.86,19900,134.30
2010-01-28,24.79,26.34,24.69,25.83,15800,129.15
2010-01-27,25.53,26.00,24.98,25.04,12100,125.20
2010-01-26,25.11,25.50,24.55,25.23,14500,126.15
2010-01-25,24.51,25.32,24.41,24.93,10600,124.65
2010-01-22,23.81,25.29,23.74,25.24,16600,126.20
2010-01-21,22.60,23.75,22.28,23.74,14800,118.70
2010-01-20,22.71,23.24,22.59,22.68,12500,113.40
2010-01-19,22.92,22.92,22.08,22.08,9000,110.40
2010-01-15,22.21,23.17,22.09,22.94,13300,114.70
2010-01-14,22.43,22.44,22.01,22.09,5300,110.45
2010-01-13,22.77,23.23,22.15,22.24,7500,111.20
2010-01-12,22.67,23.30,22.61,23.04,9100,115.20
2010-01-11,21.90,22.49,21.87,22.22,5900,111.10
2010-01-08,22.78,22.87,22.22,22.25,8300,111.25
2010-01-07,22.99,23.19,22.48,22.57,10000,112.85
2010-01-06,23.08,23.16,22.78,22.87,6200,114.35
2010-01-05,23.66,23.68,23.17,23.18,5400,115.90
2010-01-04,24.04,24.04,23.38,23.50,8100,117.50
2009-12-31,23.79,24.66,23.67,24.66,7400,123.30
2009-12-30,24.15,24.15,23.80,23.92,7300,119.60
2009-12-29,23.57,23.82,23.54,23.80,3100,119.00
2009-12-28,23.27,23.82,23.25,23.67,4700,118.35
2009-12-24,23.83,23.83,23.52,23.60,6300,118.00
2009-12-23,24.25,24.50,23.96,24.00,7100,120.00
2009-12-22,24.85,24.92,24.47,24.48,11700,122.40
2009-12-21,25.36,25.43,24.92,25.02,15300,125.10
2009-12-18,25.92,26.77,25.81,25.91,10600,129.55
2009-12-17,26.09,26.39,25.84,26.31,9200,131.55
2009-12-16,25.46,25.71,25.10,25.53,8000,127.65
2009-12-15,26.12,26.16,25.66,25.98,5800,129.90
2009-12-14,26.32,26.56,25.72,25.73,9800,128.65
2009-12-11,26.99,27.45,26.79,26.84,7600,134.20
2009-12-10,27.45,27.65,27.15,27.47,10100,137.35
2009-12-09,28.33,28.80,27.95,28.03,9900,140.15
2009-12-08,28.21,28.70,27.68,28.11,10500,140.55
2009-12-07,27.57,27.68,26.94,27.39,5100,136.95
2009-12-04,26.85,28.43,26.49,27.33,13400,136.65
2009-12-03,27.29,28.44,26.87,28.33,12100,141.65
2009-12-02,28.10,28.10,27.11,27.61,10400,138.05
2009-12-01,28.63,28.75,27.82,28.09,14000,140.45
2009-11-30,29.75,30.37,29.36,29.39,19000,146.95
2009-11-27,31.08,31.10,28.94,29.77,14000,148.85
2009-11-25,28.39,28.71,27.98,28.04,7400,140.20
2009-11-24,28.68,29.43,28.67,28.80,8700,144.00
2009-11-23,28.32,28.89,27.67,28.61,13600,143.05
2009-11-20,29.75,30.02,29.35,29.62,19800,148.10
2009-11-19,28.46,29.68,28.24,29.15,19300,145.75
2009-11-18,27.60,28.03,27.28,27.64,4300,138.20
2009-11-17,27.49,27.91,27.25,27.35,8900,136.75
2009-11-16,28.01,28.04,26.85,27.15,26800,135.75
2009-11-13,29.09,29.65,28.37,28.67,17800,143.35
2009-11-12,28.44,29.50,27.96,29.38,10000,146.90
2009-11-11,27.96,28.65,27.50,28.19,11400,140.95
2009-11-10,29.02,29.36,28.36,28.81,19700,144.05
2009-11-09,30.15,30.15,28.69,28.70,23700,143.50
2009-11-06,31.96,32.19,30.55,31.07,28500,155.35
2009-11-05,32.39,32.63,31.10,31.11,15900,155.55
2009-11-04,32.10,33.44,31.49,33.30,23300,166.50
2009-11-03,34.86,35.26,32.99,33.09,19200,165.45
2009-11-02,34.20,35.63,32.78,34.15,28600,170.75
2009-10-30,32.14,34.90,31.88,34.71,43400,173.55
2009-10-29,33.55,33.67,31.56,31.83,47300,159.15
2009-10-28,31.63,34.54,31.63,34.50,40600,172.50
2009-10-27,30.29,31.62,30.02,31.50,32800,157.50
2009-10-26,29.31,30.64,28.09,30.46,35800,152.30
2009-10-23,27.76,29.68,27.76,29.40,16800,147.00
2009-10-22,29.26,30.00,27.97,28.07,18500,140.35
2009-10-21,28.61,29.21,27.37,29.15,14500,145.75
2009-10-20,27.43,28.67,27.43,28.30,12800,141.50
2009-10-19,28.36,28.64,27.32,27.53,17200,137.65
2009-10-16,28.24,29.11,28.23,28.60,19300,143.00
2009-10-15,28.57,28.68,27.73,27.75,20100,138.75
2009-10-14,28.63,29.04,27.95,27.95,16000,139.75
2009-10-13,29.74,30.29,29.44,29.73,15400,148.65
2009-10-12,29.22,29.73,28.79,29.41,7700,147.05
2009-10-09,30.44,30.59,29.68,29.72,6800,148.60
2009-10-08,30.90,31.22,29.92,30.33,16100,151.65
2009-10-07,32.05,32.30,31.52,31.72,11000,158.60
2009-10-06,32.04,32.53,30.86,31.75,17600,158.75
2009-10-05,34.72,35.13,33.00,33.01,20300,165.05
2009-10-02,35.57,35.96,34.37,35.42,29100,177.10
2009-10-01,31.85,34.44,31.69,34.44,27900,172.20
2009-09-30,30.62,32.53,30.51,31.28,16500,156.40
2009-09-29,30.94,31.50,30.24,31.03,12400,155.15
2009-09-28,32.72,32.97,31.00,31.14,11100,155.70
2009-09-25,33.05,33.66,32.50,33.35,16000,166.75
2009-09-24,31.04,33.25,30.78,32.80,20600,164.00
2009-09-23,29.74,31.05,29.42,31.05,10300,155.25
2009-09-22,29.97,30.50,29.72,29.90,8500,149.50
2009-09-21,31.26,31.59,30.46,30.73,9400,153.65
2009-09-18,29.94,30.93,29.94,30.40,5600,152.00
2009-09-17,29.96,30.90,29.24,30.41,11300,152.05
2009-09-16,31.46,31.65,29.95,29.98,19100,149.90
2009-09-15,32.51,32.92,31.46,31.67,13000,158.35
2009-09-14,34.60,34.74,32.68,32.70,7700,163.50
2009-09-11,33.69,34.33,33.05,33.72,6100,168.60
2009-09-10,35.08,35.86,33.80,33.80,15500,169.00
2009-09-09,36.35,36.92,34.81,35.20,14200,176.00
2009-09-08,36.74,37.43,36.47,36.51,9500,182.55
2009-09-04,39.87,40.20,37.99,38.00,23800,190.00
2009-09-03,40.58,41.71,39.69,39.71,9900,198.55
2009-09-02,41.06,41.66,40.45,41.35,17900,206.75
2009-09-01,38.52,40.80,36.66,40.50,27200,202.50
2009-08-31,37.66,38.50,37.53,37.94,23300,189.70
2009-08-28,35.57,37.38,35.34,36.50,13800,182.50
2009-08-27,37.24,38.92,36.47,36.74,11400,183.70
2009-08-26,37.49,37.88,36.70,37.23,15500,186.15
2009-08-25,36.99,37.38,36.05,37.16,12200,185.80
2009-08-24,36.83,38.02,36.42,37.68,17400,188.40
2009-08-21,38.77,39.00,37.30,37.45,17600,187.25
2009-08-20,41.10,41.58,39.77,39.79,13400,198.95
2009-08-19,43.71,43.71,40.99,41.24,22400,206.20
2009-08-18,43.06,43.50,41.95,41.95,15500,209.75
2009-08-17,42.37,43.97,42.20,43.70,19300,218.50
2009-08-14,38.79,41.24,38.69,40.36,13900,201.80
2009-08-13,38.97,40.50,38.69,38.77,6400,193.85
2009-08-12,41.44,41.44,38.79,39.76,8500,198.80
2009-08-11,40.40,41.81,40.24,41.38,9200,206.90
2009-08-10,40.07,40.64,39.32,39.81,11900,199.05
2009-08-07,40.33,41.34,38.53,39.31,17200,196.55
2009-08-06,40.65,42.63,40.25,42.27,7100,211.35
2009-08-05,40.77,42.64,40.72,41.25,12300,206.25
2009-08-04,42.48,42.63,40.65,41.01,11300,205.05
2009-08-03,43.27,43.85,41.88,41.91,17000,209.55
2009-07-31,45.13,45.41,43.69,44.77,6000,223.85
2009-07-30,45.11,45.46,43.41,44.92,19500,224.60
2009-07-29,46.75,47.67,46.31,47.09,12400,235.45
2009-07-28,46.41,47.47,45.46,45.89,11300,229.45
2009-07-27,46.11,47.28,45.50,45.58,10700,227.90
2009-07-24,48.16,48.67,46.18,46.22,10900,231.10
2009-07-23,51.68,51.68,46.80,47.34,16100,236.70
2009-07-22,52.79,53.00,50.75,51.60,5900,258.00
2009-07-21,50.91,54.26,50.72,52.13,11400,260.65
2009-07-20,53.79,54.35,52.01,52.28,14600,261.40
2009-07-17,54.61,56.08,54.56,55.09,6400,275.45
2009-07-16,57.21,57.66,54.04,54.69,8400,273.45
2009-07-15,58.88,59.78,56.50,56.67,17700,283.35
2009-07-14,64.12,65.14,62.22,62.22,17300,311.10
2009-07-13,67.65,71.33,64.07,64.29,17300,321.45
2009-07-10,69.53,70.90,67.71,68.80,15700,344.00
2009-07-09,67.88,69.88,66.88,68.35,30600,341.75
2009-07-08,68.06,72.50,67.46,69.88,39100,349.40
2009-07-07,64.66,68.99,64.34,68.99,16300,344.95
2009-07-06,65.21,66.90,63.98,64.12,26400,320.60
2009-07-02,61.00,63.28,60.76,63.09,16300,315.45
2009-07-01,57.93,58.46,56.43,58.06,8700,290.30
2009-06-30,58.20,60.90,57.60,59.21,10000,296.05
2009-06-29,59.41,60.87,57.91,58.44,9400,292.20
2009-06-26,61.33,61.38,59.46,60.47,7700,302.35
2009-06-25,65.87,66.01,60.10,60.25,13400,301.25
2009-06-24,33.13,33.18,31.42,32.48,12800,162.40
2009-06-23,33.27,34.63,32.43,33.79,31000,168.95
2009-06-22,31.60,33.64,31.46,33.57,30300,167.85
2009-06-19,29.92,30.98,29.77,30.59,10500,152.95
2009-06-18,31.20,31.93,30.62,30.92,14000,154.60
2009-06-17,31.17,32.48,30.47,31.30,29000,156.50
2009-06-16,29.00,31.31,28.91,31.07,26300,155.35
2009-06-15,28.53,30.10,28.53,29.54,16000,147.70
2009-06-12,28.21,28.75,27.50,27.51,14000,137.55
2009-06-11,27.74,27.74,26.50,27.47,15400,137.35
2009-06-10,26.90,28.90,26.74,27.88,10200,139.40
2009-06-09,28.06,28.39,27.22,27.54,12900,137.70
2009-06-08,28.54,29.67,27.85,28.38,16500,141.90
2009-06-05,26.77,28.76,26.18,27.86,42100,139.30
2009-06-04,28.41,29.30,27.87,27.87,11900,139.35
2009-06-03,28.00,29.71,27.93,28.88,21500,144.40
2009-06-02,27.79,28.00,26.96,27.41,12000,137.05
2009-06-01,29.28,29.43,27.15,27.66,22100,138.30
2009-05-29,32.12,32.73,30.74,30.74,9800,153.70
2009-05-28,32.96,34.82,32.44,32.51,21600,162.55
2009-05-27,32.41,33.85,31.52,33.67,13000,168.35
2009-05-26,36.98,37.00,32.06,32.20,24400,161.00
2009-05-22,34.98,36.39,34.66,35.73,16200,178.65
2009-05-21,35.19,36.71,34.65,35.51,21700,177.55
2009-05-20,32.02,33.89,30.66,33.75,14100,168.75
2009-05-19,33.52,34.13,32.10,32.95,16200,164.75
2009-05-18,36.55,36.57,33.41,33.53,13300,167.65
2009-05-15,37.22,38.26,35.54,37.56,22100,187.80
2009-05-14,38.17,38.65,35.78,36.80,21800,184.00
2009-05-13,35.75,38.50,35.67,38.50,19600,192.50
2009-05-12,32.47,35.70,32.47,34.12,9600,170.60
2009-05-11,32.22,33.69,32.21,33.22,9500,166.10
2009-05-08,32.37,33.65,30.91,31.18,10500,155.90
2009-05-07,30.68,34.75,30.55,34.31,14300,171.55
2009-05-06,31.72,33.65,31.56,31.88,8100,159.40
2009-05-05,33.16,34.07,32.61,32.84,9300,164.20
2009-05-04,35.99,36.33,32.68,32.78,10100,163.90
2009-05-01,38.40,38.40,36.27,37.08,11500,185.40
2009-04-30,36.08,37.70,34.99,37.40,10100,187.00
2009-04-29,39.79,39.93,36.50,37.91,11100,189.55
2009-04-28,41.94,42.35,39.56,41.05,9900,205.25
2009-04-27,41.07,41.22,38.85,40.75,11300,203.75
2009-04-24,40.65,41.65,38.15,39.18,13200,195.90
2009-04-23,42.53,44.49,41.81,41.84,12000,209.20
2009-04-22,44.89,45.02,39.48,42.68,11500,213.40
2009-04-21,47.89,47.96,43.01,43.01,11200,215.05
2009-04-20,43.44,46.62,43.00,46.52,17100,232.60
2009-04-17,41.78,42.71,39.99,40.84,9100,204.20
2009-04-16,44.32,45.90,41.12,42.31,5200,211.55
2009-04-15,48.42,49.05,45.66,45.95,5100,229.75
2009-04-14,46.48,47.78,44.80,47.78,9600,238.90
2009-04-13,46.19,47.49,43.92,44.75,8100,223.75
2009-04-09,48.44,48.90,44.78,44.85,19500,224.25
2009-04-08,53.22,55.13,52.28,52.36,16100,261.80
2009-04-07,53.35,55.53,53.00,55.49,11100,277.45
2009-04-06,50.69,52.83,50.33,50.82,6900,254.10
2009-04-03,52.06,53.25,49.21,49.27,7000,246.35
2009-04-02,54.39,54.57,49.56,52.29,14000,261.45
2009-04-01,65.04,66.04,58.51,59.20,12300,296.00
2009-03-31,62.18,64.24,58.73,62.60,18100,313.00
2009-03-30,62.18,66.08,61.45,64.44,11100,322.20
2009-03-27,56.71,58.39,56.11,58.12,7400,290.60
2009-03-26,58.09,58.99,54.20,54.21,5600,271.05
2009-03-25,60.39,66.24,57.13,60.62,9900,303.10
2009-03-24,61.50,62.12,58.49,62.07,6200,310.35
2009-03-23,68.54,70.51,58.51,58.78,9000,293.90
2009-03-20,68.66,75.62,68.50,74.91,7600,374.55
2009-03-19,65.20,69.69,65.19,69.53,6400,347.65
2009-03-18,75.75,77.91,66.32,68.23,14400,341.15
2009-03-17,83.00,85.06,74.48,74.48,13300,372.40
2009-03-16,77.84,82.70,76.53,82.70,10200,413.50
2009-03-13,82.21,85.51,80.22,80.94,3400,404.70
2009-03-12,95.28,98.46,82.31,83.20,14500,416.00
2009-03-11,94.36,98.17,90.89,95.07,13500,475.35
2009-03-10,113.26,114.58,96.80,96.80,34600,484.00
2009-03-09,122.26,123.35,111.86,121.60,43600,608.00
2009-03-06,114.12,126.69,109.82,118.00,22800,590.00
2009-03-05,109.94,118.60,107.25,116.86,15500,584.30
2009-03-04,108.05,109.36,98.17,102.47,15600,512.35
2009-03-03,104.79,116.22,104.79,113.02,21600,565.10
2009-03-02,100.75,110.84,99.14,110.09,8300,550.45
2009-02-27,97.09,97.09,88.41,94.01,12600,470.05
2009-02-26,82.20,91.33,81.94,90.55,7400,452.75
2009-02-25,84.64,90.00,81.08,85.72,8900,428.60
2009-02-24,94.01,95.71,82.48,82.97,10500,414.85
2009-02-23,84.62,96.60,84.10,96.39,9400,481.95
2009-02-20,89.45,92.51,83.76,86.68,10900,433.40
2009-02-19,78.45,85.08,76.97,84.50,4900,422.50
2009-02-18,77.56,83.16,77.56,80.89,11800,404.45
2009-02-17,76.44,79.15,75.57,79.07,22700,395.35
2009-02-13,67.53,69.27,65.77,69.05,7300,345.25
2009-02-12,72.05,74.41,67.36,67.36,15300,336.80
2009-02-11,68.25,71.83,66.47,69.36,9900,346.80
2009-02-10,62.52,70.62,60.82,69.49,25700,347.45
2009-02-09,61.37,62.52,59.86,61.01,2900,305.05
2009-02-06,67.53,67.80,60.71,61.33,11400,306.65
2009-02-05,73.09,74.44,65.94,67.83,15900,339.15
2009-02-04,71.05,72.67,66.85,71.30,9300,356.50
2009-02-03,73.53,75.96,69.92,71.01,13200,355.05
2009-02-02,77.51,78.31,72.83,74.27,12000,371.35
2009-01-30,66.78,75.17,66.11,73.55,13300,367.75
2009-01-29,63.93,68.55,63.85,68.46,9900,342.30
2009-01-28,65.11,65.58,60.52,61.65,14100,308.25
2009-01-27,70.75,72.52,68.15,69.33,5500,346.65
2009-01-26,72.73,74.34,67.19,71.61,17700,358.05
2009-01-23,80.81,81.22,70.52,72.87,25700,364.35
2009-01-22,75.49,78.22,70.68,75.31,22600,376.55
2009-01-21,79.60,81.71,70.41,70.41,19100,352.05
2009-01-20,69.55,80.05,69.41,79.60,12600,398.00
2009-01-16,67.43,74.96,67.42,69.00,13300,345.00
2009-01-15,75.09,81.57,69.28,72.53,12800,362.65
2009-01-14,71.22,76.66,71.12,74.91,16400,374.55
2009-01-13,69.01,70.58,66.42,67.87,20000,339.35
2009-01-12,63.17,69.58,63.17,68.19,11800,340.95
2009-01-09,58.82,63.60,58.72,61.56,2600,307.80
