Date,Open,High,Low,Close,Volume,Adj Close
2012-05-04,27.72,27.72,27.34,27.41,291800,27.41
2012-05-03,28.19,28.33,27.79,27.85,285300,27.85
2012-05-02,27.80,28.18,27.80,28.15,244000,28.15
2012-05-01,27.97,28.21,27.84,27.93,422000,27.93
2012-04-30,28.11,28.11,27.82,27.87,193000,27.87
2012-04-27,28.00,28.18,27.89,28.10,256300,28.10
2012-04-26,27.67,27.94,27.64,27.88,353600,27.88
2012-04-25,27.41,27.65,27.41,27.64,152300,27.64
2012-04-24,27.18,27.22,26.89,27.01,134400,27.01
2012-04-23,27.22,27.22,26.93,27.17,222100,27.17
2012-04-20,27.48,27.69,27.47,27.47,276100,27.47
2012-04-19,27.50,27.70,27.25,27.40,181700,27.40
2012-04-18,27.42,27.61,27.39,27.55,92000,27.55
2012-04-17,27.24,27.54,27.24,27.46,306300,27.46
2012-04-16,27.31,27.37,27.01,27.09,97800,27.09
2012-04-13,27.26,27.33,27.10,27.19,92700,27.19
2012-04-12,26.96,27.35,26.95,27.30,328500,27.30
2012-04-11,26.83,26.99,26.83,26.93,284700,26.93
2012-04-10,27.21,27.24,26.57,26.60,351500,26.60
2012-04-09,27.19,27.30,27.02,27.25,150300,27.25
2012-04-05,27.27,27.51,27.27,27.49,64600,27.49
2012-04-04,27.45,27.45,27.20,27.36,65000,27.36
2012-04-03,27.46,27.69,27.46,27.64,106600,27.64
2012-04-02,27.30,27.64,27.03,27.53,191600,27.53
2012-03-30,27.37,27.39,27.23,27.30,67700,27.30
2012-03-29,27.17,27.28,27.00,27.25,96200,27.25
2012-03-28,27.36,27.41,27.10,27.28,163100,27.28
2012-03-27,27.50,27.53,27.43,27.45,99300,27.45
2012-03-26,27.20,27.49,27.20,27.49,181000,27.49
2012-03-23,27.00,27.10,26.76,27.08,72200,27.08
2012-03-22,27.00,27.04,26.85,27.00,63600,27.00
2012-03-21,27.15,27.26,27.12,27.15,76800,27.15
2012-03-20,27.12,27.18,27.03,27.14,159100,27.14
2012-03-19,27.12,27.31,27.00,27.25,85700,27.25
2012-03-16,27.17,27.25,27.05,27.12,105500,27.12
2012-03-15,27.06,27.16,26.99,27.14,142600,27.14
2012-03-14,27.11,27.15,26.93,27.03,222300,27.03
2012-03-13,26.85,27.11,26.79,27.11,91500,27.11
2012-03-12,26.75,26.80,26.66,26.71,40400,26.71
2012-03-09,26.60,26.79,26.60,26.75,126300,26.75
2012-03-08,26.38,26.60,26.33,26.55,119200,26.55
2012-03-07,26.11,26.30,26.08,26.25,90600,26.25
2012-03-06,26.28,26.28,25.98,26.06,236900,26.06
2012-03-05,26.52,26.53,26.37,26.49,76900,26.49
2012-03-02,26.62,26.67,26.46,26.53,81000,26.53
2012-03-01,26.49,26.69,26.48,26.65,113000,26.65
2012-02-29,26.53,26.60,26.40,26.41,94500,26.41
2012-02-28,26.51,26.60,26.39,26.49,113000,26.49
2012-02-27,26.25,26.50,26.15,26.42,153400,26.42
2012-02-24,26.36,26.47,26.34,26.39,82000,26.39
2012-02-23,26.17,26.35,26.12,26.32,85800,26.32
2012-02-22,26.11,26.16,26.00,26.09,160500,26.09
2012-02-21,26.13,26.23,26.02,26.11,56800,26.11
2012-02-17,26.20,26.20,26.02,26.08,111900,26.08
2012-02-16,25.88,26.08,25.85,26.06,568600,26.06
2012-02-15,26.07,26.13,25.80,25.87,85500,25.87
2012-02-14,25.93,26.02,25.87,25.99,231500,25.99
2012-02-13,25.91,25.98,25.80,25.96,52400,25.96
2012-02-10,25.71,25.77,25.58,25.75,140100,25.75
2012-02-09,25.86,25.93,25.71,25.92,100400,25.92
2012-02-08,25.74,25.86,25.60,25.79,76500,25.79
2012-02-07,25.59,25.73,25.47,25.70,175700,25.70
2012-02-06,25.58,25.61,25.49,25.58,120500,25.58
2012-02-03,25.45,25.63,25.45,25.61,148500,25.61
2012-02-02,25.37,25.38,25.20,25.24,144900,25.24
2012-02-01,25.17,25.36,25.17,25.27,162200,25.27
2012-01-31,25.08,25.15,24.88,25.03,145200,25.03
2012-01-30,24.89,25.01,24.72,24.96,77700,24.96
2012-01-27,24.97,25.07,24.92,25.04,64600,25.04
2012-01-26,25.24,25.29,24.94,25.02,147700,25.02
2012-01-25,24.91,25.21,24.84,25.18,133300,25.18
2012-01-24,24.82,24.97,24.77,24.96,89600,24.96
2012-01-23,24.90,25.08,24.81,24.95,189800,24.95
2012-01-20,25.16,25.16,24.88,24.94,244200,24.94
2012-01-19,25.01,25.16,24.98,25.11,409700,25.11
2012-01-18,24.68,24.96,24.63,24.96,138000,24.96
2012-01-17,24.74,24.97,24.60,24.66,250200,24.66
2012-01-13,24.47,24.55,24.33,24.55,206300,24.55
2012-01-12,24.54,24.61,24.41,24.59,239900,24.59
2012-01-11,24.44,24.50,24.39,24.47,1039900,24.47
2012-01-10,24.45,24.50,24.37,24.46,112900,24.46
2012-01-09,24.19,24.28,24.11,24.23,112400,24.23
2012-01-06,24.18,24.26,24.05,24.13,161400,24.13
2012-01-05,23.88,24.17,23.71,24.15,157700,24.15
2012-01-04,23.85,24.02,23.80,23.95,117900,23.95
2012-01-03,24.22,24.26,23.87,23.90,91200,23.90
2011-12-30,23.98,24.00,23.83,23.83,251000,23.83
2011-12-29,23.90,24.03,23.82,23.98,91700,23.98
2011-12-28,24.18,24.18,23.76,23.81,64900,23.81
2011-12-27,24.01,24.19,23.95,24.12,110500,24.12
2011-12-23,23.89,24.02,23.81,24.01,92000,24.01
2011-12-22,23.77,23.91,23.70,23.79,93800,23.79
2011-12-21,23.78,23.79,23.50,23.77,69500,23.77
2011-12-20,23.43,23.78,23.42,23.74,102700,23.74
2011-12-19,23.43,23.55,23.06,23.11,99700,23.11
2011-12-16,23.19,23.49,23.19,23.32,88100,23.32
2011-12-15,23.33,23.33,23.06,23.14,130300,23.12
2011-12-14,23.35,23.35,22.94,23.05,264000,23.03
2011-12-13,23.95,24.03,23.35,23.43,87900,23.41
2011-12-12,23.93,23.95,23.65,23.81,128100,23.79
2011-12-09,23.78,24.19,23.78,24.13,86400,24.11
2011-12-08,24.01,24.06,23.68,23.71,146800,23.69
2011-12-07,24.09,24.22,23.84,24.15,88400,24.13
2011-12-06,24.35,24.35,24.10,24.17,80300,24.15
2011-12-05,24.41,24.51,24.19,24.30,181200,24.28
2011-12-02,24.35,24.47,24.11,24.11,102300,24.09
2011-12-01,24.17,24.36,24.12,24.15,124600,24.13
2011-11-30,23.96,24.21,23.96,24.21,200900,24.19
2011-11-29,23.47,23.57,23.32,23.38,304900,23.36
2011-11-28,23.36,23.53,23.24,23.44,178000,23.42
2011-11-25,22.75,22.95,22.64,22.70,28600,22.68
2011-11-23,23.05,23.09,22.79,22.80,204100,22.78
2011-11-22,23.22,23.36,23.03,23.21,186200,23.19
2011-11-21,23.03,23.34,23.00,23.24,1554900,23.22
2011-11-18,23.51,23.59,23.25,23.29,137100,23.27
2011-11-17,23.73,23.83,23.34,23.44,146600,23.42
2011-11-16,23.98,24.19,23.73,23.74,62800,23.72
2011-11-15,23.89,24.26,23.83,24.15,53000,24.13
2011-11-14,24.01,24.09,23.86,23.92,122600,23.90
2011-11-11,23.82,24.07,23.75,24.04,91100,24.02
2011-11-10,23.77,23.77,23.36,23.56,119300,23.54
2011-11-09,23.94,24.06,23.59,23.65,179600,23.63
2011-11-08,24.34,24.51,24.05,24.49,204800,24.47
2011-11-07,24.32,24.36,23.90,24.24,121700,24.22
2011-11-04,24.12,24.30,23.91,24.25,127000,24.23
2011-11-03,24.07,24.34,23.70,24.31,285700,24.29
2011-11-02,23.87,24.04,23.68,23.84,77400,23.82
2011-11-01,23.45,23.80,23.29,23.60,263500,23.58
2011-10-31,24.29,24.45,24.08,24.10,178200,24.08
2011-10-28,24.45,24.61,24.36,24.51,314000,24.49
2011-10-27,24.37,24.64,24.08,24.42,522200,24.40
2011-10-26,23.88,23.93,23.32,23.69,611400,23.67
2011-10-25,24.08,24.08,23.57,23.62,403500,23.60
2011-10-24,23.74,24.20,23.73,24.14,966300,24.12
2011-10-21,23.60,23.78,23.43,23.72,931900,23.70
2011-10-20,23.30,23.35,23.00,23.31,325700,23.29
2011-10-19,23.66,23.77,23.23,23.25,353300,23.23
2011-10-18,23.43,23.87,23.09,23.67,208300,23.65
2011-10-17,23.75,23.82,23.38,23.41,122900,23.39
2011-10-14,23.67,23.79,23.50,23.76,234600,23.74
2011-10-13,23.21,23.47,23.10,23.39,374000,23.37
2011-10-12,23.37,23.62,23.34,23.36,876600,23.34
2011-10-11,23.00,23.42,23.00,23.25,167000,23.23
2011-10-10,22.87,23.18,22.79,23.17,74600,23.15
2011-10-07,22.74,22.74,22.25,22.36,285200,22.34
2011-10-06,22.01,22.57,21.94,22.57,246000,22.55
2011-10-05,21.64,22.12,21.41,22.06,290300,22.04
2011-10-04,20.81,21.62,20.54,21.52,1200000,21.50
2011-10-03,21.84,22.09,21.07,21.07,854400,21.05
2011-09-30,22.28,22.47,21.95,21.96,205700,21.94
2011-09-29,23.21,23.21,22.10,22.57,164300,22.55
2011-09-28,23.44,23.55,22.77,22.77,152000,22.75
2011-09-27,23.63,23.83,23.26,23.34,132500,23.32
2011-09-26,22.88,23.11,22.30,23.06,391600,23.04
2011-09-23,22.32,22.70,22.29,22.62,219000,22.60
2011-09-22,22.48,22.79,22.07,22.42,507500,22.40
2011-09-21,23.90,23.92,23.21,23.21,171600,23.19
2011-09-20,24.16,24.42,23.87,23.87,96600,23.85
2011-09-19,23.72,24.21,23.63,24.07,49500,24.05
2011-09-16,24.16,24.36,23.95,24.17,79800,24.15
2011-09-15,24.17,24.17,23.82,24.09,52300,24.05
2011-09-14,23.63,24.19,23.26,23.95,170900,23.91
2011-09-13,23.13,23.57,23.07,23.49,286000,23.45
2011-09-12,22.65,23.13,22.55,23.07,297600,23.03
2011-09-09,23.42,23.90,22.84,23.00,133400,22.96
2011-09-08,23.76,24.05,23.61,23.68,199000,23.64
2011-09-07,23.57,23.93,23.55,23.92,198300,23.88
2011-09-06,22.72,23.26,22.51,23.24,142100,23.20
2011-09-02,23.42,23.61,23.20,23.32,174200,23.28
2011-09-01,24.38,24.53,23.90,23.97,188800,23.93
2011-08-31,24.32,24.70,24.10,24.30,686100,24.26
2011-08-30,23.85,24.35,23.74,24.23,873200,24.19
2011-08-29,23.51,23.96,23.50,23.96,138000,23.92
2011-08-26,22.36,23.19,22.10,23.18,241000,23.14
2011-08-25,23.14,23.17,22.52,22.54,261700,22.50
2011-08-24,22.58,23.00,22.50,23.00,216700,22.96
2011-08-23,21.73,22.63,21.66,22.63,110000,22.59
2011-08-22,22.16,22.30,21.60,21.67,109900,21.63
2011-08-19,21.75,22.29,21.64,21.64,205500,21.60
2011-08-18,22.78,22.78,21.87,22.12,431600,22.08
2011-08-17,23.67,23.78,23.17,23.34,262800,23.30
2011-08-16,23.58,23.69,23.27,23.48,481600,23.44
2011-08-15,23.67,23.87,23.49,23.87,387100,23.83
2011-08-12,23.34,23.60,23.13,23.45,540900,23.41
2011-08-11,22.15,23.40,22.13,23.12,511600,23.08
2011-08-10,22.42,22.81,22.01,22.08,638400,22.04
2011-08-09,22.16,22.75,21.39,22.74,989100,22.70
2011-08-08,22.46,22.64,21.45,21.46,1154800,21.42
2011-08-05,23.69,23.89,22.66,23.23,1027100,23.19
2011-08-04,24.66,24.66,23.45,23.48,1426500,23.44
2011-08-03,24.81,25.03,24.24,25.02,1892200,24.98
2011-08-02,25.43,25.66,24.78,24.81,328700,24.77
2011-08-01,26.01,26.08,25.32,25.61,353500,25.57
2011-07-29,25.43,25.86,25.25,25.71,312700,25.67
2011-07-28,25.76,26.11,25.70,25.73,104100,25.69
2011-07-27,26.25,26.35,25.70,25.76,254600,25.72
2011-07-26,26.58,26.58,26.31,26.39,176200,26.35
2011-07-25,26.62,26.81,26.53,26.61,388100,26.57
2011-07-22,26.80,26.84,26.60,26.80,397700,26.76
2011-07-21,26.63,26.89,26.63,26.72,387900,26.68
2011-07-20,26.72,26.72,26.42,26.52,412400,26.48
2011-07-19,26.30,26.66,26.30,26.64,184800,26.60
2011-07-18,26.32,26.32,25.94,26.14,222500,26.10
2011-07-15,26.33,26.39,26.10,26.36,165900,26.32
2011-07-14,26.54,26.68,26.13,26.21,282300,26.17
2011-07-13,26.46,26.75,26.44,26.50,500900,26.46
2011-07-12,26.42,26.53,26.27,26.33,341800,26.29
2011-07-11,26.74,26.84,26.39,26.48,461800,26.44
2011-07-08,26.84,26.97,26.71,26.97,368300,26.93
2011-07-07,27.02,27.17,27.02,27.11,859100,27.07
2011-07-06,26.67,26.87,26.60,26.83,428000,26.79
2011-07-05,26.57,26.75,26.50,26.70,287600,26.66
2011-07-01,26.11,26.58,26.08,26.55,233700,26.51
2011-06-30,25.93,26.16,25.87,26.08,306000,26.04
2011-06-29,25.78,25.92,25.62,25.84,183300,25.80
2011-06-28,25.32,25.66,25.28,25.66,164400,25.62
2011-06-27,25.04,25.30,24.92,25.22,62000,25.18
2011-06-24,25.30,25.33,24.96,25.01,43300,24.97
2011-06-23,24.87,25.29,24.71,25.29,155700,25.25
2011-06-22,25.40,25.47,25.21,25.23,193100,25.19
2011-06-21,24.87,25.35,24.87,25.32,129400,25.28
2011-06-20,24.50,24.77,24.44,24.73,66800,24.69
2011-06-17,24.67,24.76,24.56,24.61,60200,24.57
2011-06-16,24.48,24.66,24.22,24.47,269300,24.43
2011-06-15,24.79,24.83,24.49,24.54,68900,24.50
2011-06-14,24.69,25.00,24.69,24.94,54100,24.90
2011-06-13,24.64,24.76,24.36,24.46,291600,24.42
2011-06-10,24.93,24.96,24.57,24.60,207000,24.56
2011-06-09,24.89,25.14,24.82,25.04,152000,25.00
2011-06-08,25.02,25.04,24.78,24.82,150600,24.78
2011-06-07,25.22,25.28,25.07,25.09,116200,25.05
2011-06-06,25.39,25.44,25.04,25.05,171700,25.01
2011-06-03,25.38,25.63,25.28,25.42,98000,25.38
2011-06-02,25.72,25.87,25.60,25.73,52500,25.69
2011-06-01,26.32,26.35,25.69,25.71,140100,25.67
2011-05-31,26.40,26.40,26.12,26.35,337300,26.31
2011-05-27,26.05,26.15,26.00,26.08,198000,26.04
2011-05-26,25.64,25.94,25.60,25.90,112700,25.86
2011-05-25,25.42,25.79,25.27,25.67,113200,25.63
2011-05-24,25.68,25.77,25.48,25.52,83900,25.48
2011-05-23,25.62,25.71,25.48,25.61,131400,25.57
2011-05-20,26.21,26.21,25.85,25.98,259300,25.94
2011-05-19,26.20,26.28,26.06,26.19,104100,26.15
2011-05-18,25.74,26.13,25.66,26.11,113100,26.07
2011-05-17,25.66,25.75,25.45,25.67,217900,25.63
2011-05-16,25.94,26.14,25.78,25.82,264400,25.78
2011-05-13,26.37,26.44,26.01,26.03,152400,25.99
2011-05-12,26.13,26.39,25.97,26.34,65000,26.30
2011-05-11,26.57,26.58,26.13,26.26,169900,26.22
2011-05-10,26.38,26.66,26.38,26.60,90300,26.56
2011-05-09,26.09,26.36,26.09,26.29,284000,26.25
2011-05-06,26.16,26.35,25.95,26.06,58700,26.02
2011-05-05,25.79,26.14,25.74,25.88,52700,25.84
2011-05-04,26.14,26.22,25.80,25.96,141000,25.92
2011-05-03,26.36,26.36,25.98,26.12,284000,26.08
2011-05-02,26.65,26.68,26.36,26.41,100000,26.37
2011-04-29,26.47,26.59,26.41,26.53,165000,26.49
2011-04-28,26.27,26.44,26.27,26.38,122000,26.34
2011-04-27,26.26,26.30,26.02,26.29,230600,26.25
2011-04-26,26.13,26.29,26.08,26.18,129600,26.14
2011-04-25,26.05,26.10,25.91,26.01,260800,25.97
2011-04-21,26.12,26.12,25.89,26.07,150500,26.03
2011-04-20,25.74,25.85,25.69,25.84,223200,25.80
2011-04-19,25.27,25.37,25.15,25.36,181600,25.32
2011-04-18,25.19,25.21,24.92,25.17,109400,25.13
2011-04-15,25.41,25.57,25.32,25.55,38600,25.51
2011-04-14,25.14,25.37,25.07,25.34,81500,25.30
2011-04-13,25.26,25.40,25.17,25.34,82500,25.30
2011-04-12,25.20,25.33,25.02,25.18,129000,25.14
2011-04-11,25.62,25.62,25.28,25.38,75900,25.34
2011-04-08,25.84,25.85,25.38,25.53,97700,25.49
2011-04-07,25.72,25.86,25.57,25.69,98800,25.65
2011-04-06,26.09,26.12,25.65,25.77,318800,25.73
2011-04-05,25.85,26.00,25.76,25.87,135800,25.83
2011-04-04,25.89,25.91,25.76,25.86,456600,25.82
2011-04-01,25.84,25.89,25.70,25.80,115900,25.76
2011-03-31,25.54,25.65,25.50,25.64,65400,25.60
2011-03-30,25.54,25.61,25.41,25.56,194700,25.52
2011-03-29,25.05,25.36,24.97,25.36,350400,25.32
2011-03-28,25.37,25.37,25.10,25.12,131200,25.08
2011-03-25,25.10,25.38,25.03,25.22,119300,25.18
2011-03-24,24.87,25.05,24.67,25.00,109700,24.96
2011-03-23,24.56,24.79,24.42,24.72,344400,24.68
2011-03-22,24.72,24.72,24.57,24.64,362800,24.60
2011-03-21,24.63,24.80,24.57,24.72,182400,24.68
2011-03-18,24.60,24.60,24.25,24.30,61400,24.26
2011-03-17,24.38,24.51,24.21,24.28,191000,24.24
2011-03-16,24.41,24.57,23.94,24.10,346400,24.06
2011-03-15,23.97,24.55,23.78,24.43,323800,24.39
2011-03-14,24.58,24.78,24.40,24.59,318000,24.55
2011-03-11,24.38,24.84,24.37,24.72,178600,24.68
2011-03-10,24.69,24.73,24.43,24.55,57700,24.51
2011-03-09,24.97,25.04,24.82,24.99,101100,24.95
2011-03-08,24.95,25.19,24.75,25.08,76400,25.04
2011-03-07,25.27,25.34,24.69,24.90,58000,24.86
2011-03-04,25.38,25.38,25.05,25.21,67300,25.17
2011-03-03,25.01,25.37,25.01,25.32,51400,25.28
2011-03-02,24.53,24.92,24.53,24.76,221300,24.72
2011-03-01,25.13,25.13,24.49,24.58,57400,24.54
2011-02-28,25.16,25.17,24.82,25.00,162000,24.96
2011-02-25,24.78,24.99,24.76,24.99,188100,24.95
2011-02-24,24.39,24.69,24.26,24.54,81300,24.50
2011-02-23,24.77,24.83,24.05,24.37,257100,24.33
2011-02-22,25.17,25.31,24.70,24.76,405800,24.72
2011-02-18,25.65,25.65,25.44,25.54,61100,25.50
2011-02-17,25.68,25.69,25.57,25.61,223700,25.57
2011-02-16,25.66,25.80,25.60,25.65,158700,25.61
2011-02-15,25.70,25.70,25.49,25.56,116300,25.52
2011-02-14,25.68,25.75,25.63,25.71,207700,25.67
2011-02-11,25.24,25.64,25.20,25.56,295700,25.52
2011-02-10,25.02,25.37,24.98,25.33,229400,25.29
2011-02-09,25.04,25.27,25.04,25.16,234500,25.12
2011-02-08,24.95,25.11,24.94,25.10,360000,25.06
2011-02-07,24.89,25.10,24.89,24.98,247400,24.94
2011-02-04,24.65,24.83,24.62,24.82,163500,24.78
2011-02-03,24.47,24.64,24.35,24.59,168200,24.55
2011-02-02,24.45,24.62,24.45,24.50,181200,24.46
2011-02-01,24.38,24.61,24.38,24.51,96700,24.47
2011-01-31,24.04,24.27,24.01,24.20,158900,24.16
2011-01-28,24.51,24.52,23.92,23.99,71500,23.95
2011-01-27,24.27,24.53,24.27,24.49,127100,24.45
2011-01-26,24.02,24.23,23.94,24.17,109800,24.13
2011-01-25,23.84,23.92,23.72,23.92,166600,23.88
2011-01-24,23.72,23.97,23.66,23.93,110500,23.89
2011-01-21,23.92,24.00,23.70,23.71,146200,23.67
2011-01-20,23.93,23.94,23.58,23.78,333800,23.74
2011-01-19,24.45,24.45,24.01,24.08,68700,24.04
2011-01-18,24.37,24.44,24.25,24.44,227000,24.40
2011-01-14,24.23,24.33,24.13,24.33,236900,24.29
2011-01-13,24.20,24.31,24.14,24.22,231500,24.18
2011-01-12,24.19,24.19,24.05,24.15,145100,24.11
2011-01-11,24.03,24.09,23.87,23.95,135400,23.91
2011-01-10,23.67,23.96,23.60,23.93,69300,23.89
2011-01-07,23.86,23.89,23.55,23.78,379000,23.74
2011-01-06,23.85,23.90,23.73,23.80,198600,23.76
2011-01-05,23.60,23.83,23.57,23.81,214800,23.77
2011-01-04,23.83,23.86,23.44,23.66,301900,23.62
2011-01-03,23.72,23.94,23.72,23.79,223400,23.75
2010-12-31,23.52,23.58,23.48,23.51,98900,23.47
2010-12-30,23.63,23.64,23.55,23.55,102800,23.51
2010-12-29,23.68,23.68,23.56,23.61,91100,23.57
2010-12-28,23.65,23.65,23.50,23.55,55300,23.51
2010-12-27,23.51,23.62,23.39,23.60,61100,23.56
2010-12-23,23.76,23.76,23.57,23.61,141400,23.57
2010-12-22,23.74,23.74,23.65,23.69,169400,23.65
2010-12-21,23.59,23.71,23.57,23.68,600400,23.64
2010-12-20,23.52,23.54,23.34,23.50,90000,23.46
2010-12-17,23.46,23.50,23.34,23.45,66400,23.41
2010-12-16,23.25,23.46,23.19,23.44,97200,23.36
2010-12-15,23.26,23.43,23.19,23.24,351500,23.16
2010-12-14,23.43,23.45,23.25,23.28,122200,23.20
2010-12-13,23.68,23.68,23.40,23.41,77300,23.33
2010-12-10,23.49,23.54,23.37,23.52,120200,23.44
2010-12-09,23.61,23.61,23.30,23.40,182100,23.32
2010-12-08,23.41,23.46,23.23,23.37,80000,23.29
2010-12-07,23.71,23.71,23.38,23.38,484700,23.30
2010-12-06,23.38,23.42,23.29,23.38,231000,23.30
2010-12-03,23.20,23.42,23.18,23.40,287100,23.32
2010-12-02,23.09,23.30,23.09,23.27,537700,23.19
2010-12-01,22.93,23.10,22.93,23.06,182400,22.99
2010-11-30,22.53,22.73,22.50,22.64,128600,22.57
2010-11-29,22.74,22.78,22.48,22.74,592400,22.67
2010-11-26,22.81,22.89,22.75,22.84,47000,22.77
2010-11-24,22.63,22.90,22.63,22.90,98700,22.83
2010-11-23,22.46,22.54,22.36,22.46,93100,22.39
2010-11-22,22.41,22.76,22.41,22.75,98900,22.68
2010-11-19,22.35,22.52,22.27,22.51,97800,22.44
2010-11-18,22.29,22.44,22.29,22.34,166700,22.27
2010-11-17,21.92,22.07,21.71,21.98,64000,21.91
2010-11-16,22.14,22.21,21.77,21.86,128500,21.79
2010-11-15,22.38,22.53,22.34,22.35,54800,22.28
2010-11-12,22.56,22.63,22.21,22.33,124800,22.26
2010-11-11,22.51,22.76,22.44,22.74,63000,22.67
2010-11-10,22.54,22.69,22.40,22.66,136800,22.59
2010-11-09,22.78,22.85,22.43,22.52,68100,22.45
2010-11-08,22.65,22.71,22.58,22.67,102500,22.60
2010-11-05,22.73,22.82,22.64,22.70,160900,22.63
2010-11-04,22.69,22.74,22.63,22.71,331300,22.64
2010-11-03,22.42,22.46,22.17,22.44,62500,22.37
2010-11-02,22.27,22.37,22.21,22.36,35900,22.29
2010-11-01,22.21,22.31,21.95,22.09,94800,22.02
2010-10-29,21.89,22.11,21.89,22.09,175000,22.02
2010-10-28,22.14,22.14,21.85,21.98,91700,21.91
2010-10-27,21.88,21.96,21.71,21.96,86800,21.89
2010-10-26,21.75,22.02,21.75,21.97,288800,21.90
2010-10-25,21.87,22.07,21.87,21.92,97100,21.85
2010-10-22,21.74,21.80,21.69,21.79,42100,21.72
2010-10-21,21.67,21.87,21.48,21.68,151500,21.61
2010-10-20,21.32,21.67,21.32,21.59,225100,21.52
2010-10-19,21.44,21.69,21.15,21.27,347300,21.20
2010-10-18,21.74,22.75,21.54,22.75,171000,22.68
2010-10-15,21.73,21.76,21.46,21.64,331400,21.57
2010-10-14,21.56,21.68,21.44,21.57,216100,21.50
2010-10-13,21.62,21.73,21.53,21.62,351200,21.55
2010-10-12,21.23,21.48,21.09,21.45,68200,21.38
2010-10-11,21.43,21.43,21.29,21.31,80300,21.24
2010-10-08,21.19,21.38,21.07,21.32,247500,21.25
2010-10-07,21.24,21.26,20.98,21.13,254600,21.06
2010-10-06,21.33,21.40,21.08,21.14,157900,21.07
2010-10-05,21.24,21.41,21.10,21.37,123700,21.30
2010-10-04,20.95,21.02,20.69,20.88,273800,20.81
2010-10-01,21.16,21.25,20.89,20.99,229700,20.92
2010-09-30,21.34,21.34,20.91,21.00,449300,20.93
2010-09-29,21.11,21.19,21.01,21.12,196600,21.05
2010-09-28,21.04,21.16,20.76,21.13,347300,21.06
2010-09-27,21.06,21.13,20.96,21.03,216900,20.96
2010-09-24,20.95,21.07,20.85,21.06,615600,20.99
2010-09-23,20.58,20.85,20.53,20.57,269700,20.50
2010-09-22,20.81,20.92,20.62,20.72,958400,20.65
2010-09-21,20.89,20.98,20.76,20.81,524900,20.74
2010-09-20,20.58,20.89,20.58,20.87,55400,20.80
2010-09-17,20.58,20.59,20.45,20.54,136600,20.47
2010-09-16,20.42,20.52,20.41,20.50,860600,20.43
2010-09-15,20.35,20.51,20.28,20.47,65000,20.40
2010-09-14,20.39,20.53,20.32,20.41,69100,20.34
2010-09-13,20.33,20.47,20.33,20.44,81400,20.37
2010-09-10,20.12,20.16,20.07,20.11,12700,20.05
2010-09-09,20.31,20.38,20.02,20.09,34100,20.03
2010-09-08,19.98,20.19,19.98,20.08,60400,20.02
2010-09-07,20.05,20.05,19.91,19.91,47100,19.85
2010-09-03,20.05,20.20,19.97,20.13,77900,20.06
2010-09-02,19.62,19.85,19.59,19.84,61600,19.78
2010-09-01,19.15,19.56,19.15,19.55,30200,19.49
2010-08-31,18.77,18.98,18.66,18.88,248600,18.82
2010-08-30,19.18,19.18,18.84,18.84,35100,18.78
2010-08-27,19.02,19.22,18.70,19.19,292700,19.13
2010-08-26,19.05,19.15,18.81,18.85,85700,18.79
2010-08-25,18.67,19.01,18.50,18.95,599300,18.89
2010-08-24,18.93,18.97,18.63,18.79,55900,18.73
2010-08-23,19.42,19.45,19.16,19.18,35900,19.12
2010-08-20,19.30,19.35,19.14,19.35,23200,19.29
2010-08-19,19.57,19.57,19.26,19.31,43300,19.25
2010-08-18,19.51,19.78,19.46,19.70,40700,19.64
2010-08-17,19.42,19.75,19.41,19.58,43700,19.52
2010-08-16,19.11,19.32,19.07,19.21,209500,19.15
2010-08-13,19.28,19.36,19.20,19.20,17200,19.14
2010-08-12,18.99,19.41,18.95,19.32,55500,19.26
2010-08-11,19.59,19.68,19.30,19.34,26000,19.28
2010-08-10,20.04,20.14,19.84,19.99,220300,19.93
2010-08-09,20.13,20.23,20.09,20.21,150100,20.14
2010-08-06,19.85,20.11,19.80,20.05,99300,19.99
2010-08-05,20.02,20.15,19.96,20.10,140400,20.04
2010-08-04,20.01,20.17,20.00,20.17,68300,20.10
2010-08-03,20.11,20.11,19.87,19.98,138100,19.92
2010-08-02,20.06,20.18,20.02,20.16,163100,20.09
2010-07-30,19.57,19.88,19.44,19.82,22200,19.76
2010-07-29,19.95,19.99,19.57,19.78,28000,19.72
2010-07-28,19.88,19.97,19.76,19.84,236500,19.78
2010-07-27,20.19,20.25,19.86,19.95,214200,19.89
2010-07-26,19.82,20.07,19.80,20.07,680600,20.01
2010-07-23,19.42,19.80,19.42,19.78,25200,19.72
2010-07-22,19.14,19.52,19.14,19.46,51500,19.40
2010-07-21,19.30,19.30,18.87,18.96,18000,18.90
2010-07-20,18.63,19.20,18.60,19.17,39700,19.11
2010-07-19,18.80,18.87,18.56,18.82,22000,18.76
2010-07-16,19.22,19.24,18.74,18.75,22400,18.69
2010-07-15,19.32,19.36,19.08,19.35,95500,19.29
2010-07-14,19.33,19.43,19.25,19.35,25600,19.29
2010-07-13,19.24,19.45,19.18,19.37,17400,19.31
2010-07-12,19.03,19.16,18.92,19.05,61700,18.99
2010-07-09,18.90,19.12,18.90,19.09,40100,19.03
2010-07-08,19.00,19.05,18.73,18.91,43600,18.85
2010-07-07,18.19,18.80,18.19,18.78,114500,18.72
2010-07-06,18.29,18.55,18.01,18.14,135500,18.08
2010-07-02,18.38,18.42,18.04,18.12,198800,18.06
2010-07-01,18.33,18.45,17.91,18.30,624400,18.24
2010-06-30,18.57,18.80,18.32,18.38,117100,18.32
2010-06-29,19.00,19.00,18.44,18.54,281700,18.48
2010-06-28,19.58,19.62,19.38,19.41,30200,19.35
2010-06-25,19.28,19.54,19.19,19.48,61500,19.42
2010-06-24,19.60,19.60,19.27,19.27,64900,19.21
2010-06-23,19.61,19.84,19.45,19.68,302700,19.62
2010-06-22,20.12,20.27,19.64,19.68,180300,19.62
2010-06-21,20.49,20.56,20.01,20.13,212300,20.06
2010-06-18,20.23,20.32,20.14,20.20,64100,20.13
2010-06-17,20.33,20.39,20.05,20.25,439700,20.17
2010-06-16,20.23,20.41,20.15,20.27,162800,20.19
2010-06-15,20.01,20.34,19.96,20.33,122000,20.25
2010-06-14,19.91,20.13,19.75,19.77,45800,19.69
2010-06-11,19.29,19.67,19.29,19.67,19800,19.59
2010-06-10,19.03,19.43,19.03,19.40,67000,19.32
2010-06-09,18.80,19.21,18.66,18.74,40700,18.66
2010-06-08,18.56,18.70,18.35,18.70,70500,18.62
2010-06-07,19.12,19.14,18.56,18.59,35300,18.51
2010-06-04,19.52,19.65,18.97,19.05,56100,18.97
2010-06-03,19.84,19.98,19.73,19.93,111400,19.85
2010-06-02,19.24,19.76,19.21,19.76,31800,19.68
2010-06-01,19.55,19.70,19.17,19.17,36400,19.09
2010-05-28,19.88,20.03,19.57,19.71,263800,19.63
2010-05-27,19.43,19.99,19.43,19.99,111100,19.91
2010-05-26,19.14,19.57,19.03,19.07,128500,18.99
2010-05-25,18.51,19.01,18.25,19.00,72300,18.92
2010-05-24,19.10,19.35,18.99,19.02,183800,18.94
2010-05-21,18.44,19.25,17.96,19.16,236700,19.08
2010-05-20,19.12,19.12,18.59,18.67,482700,18.59
2010-05-19,19.72,19.93,19.22,19.60,242900,19.52
2010-05-18,20.46,20.55,19.81,19.86,42900,19.78
2010-05-17,20.34,20.39,19.75,20.25,87000,20.17
2010-05-14,20.64,20.64,20.10,20.26,69600,20.18
2010-05-13,21.07,21.23,20.80,20.86,81300,20.77
2010-05-12,20.70,21.12,20.70,21.09,54100,21.00
2010-05-11,20.35,20.89,20.25,20.58,69600,20.50
2010-05-10,20.17,20.62,20.17,20.61,331100,20.53
2010-05-07,19.86,20.01,19.03,19.38,416100,19.30
2010-05-06,20.59,20.79,9.00,19.97,523800,19.89
2010-05-05,20.67,21.05,20.42,20.68,101500,20.59
2010-05-04,21.15,21.27,20.90,21.03,84000,20.94
2010-05-03,21.53,21.72,21.48,21.70,32700,21.61
2010-04-30,21.82,21.86,21.23,21.23,16900,21.14
2010-04-29,21.52,21.89,21.47,21.82,235900,21.73
2010-04-28,21.40,21.47,21.15,21.25,24900,21.16
2010-04-27,21.89,21.90,21.30,21.33,42700,21.24
2010-04-26,22.09,22.24,22.03,22.06,46900,21.97
2010-04-23,21.80,22.05,21.76,22.05,68600,21.96
2010-04-22,21.27,21.79,21.15,21.75,22700,21.66
2010-04-21,21.32,21.46,21.27,21.44,31800,21.35
2010-04-20,21.15,21.32,21.11,21.31,44900,21.22
2010-04-19,20.95,21.10,20.70,21.00,30900,20.91
2010-04-16,21.39,21.39,20.97,21.10,27100,21.01
2010-04-15,21.38,21.52,21.36,21.46,40500,21.37
2010-04-14,21.26,21.89,21.22,21.44,146300,21.35
2010-04-13,21.09,21.14,20.91,21.12,38800,21.03
2010-04-12,21.14,21.15,21.05,21.09,52300,21.00
2010-04-09,20.97,21.08,20.92,21.07,36300,20.98
2010-04-08,20.77,20.96,20.63,20.95,46900,20.86
2010-04-07,20.97,20.98,20.76,20.86,52700,20.77
2010-04-06,20.89,21.07,20.89,21.02,24900,20.93
2010-04-05,20.63,20.95,20.63,20.94,33100,20.85
2010-04-01,20.50,20.67,20.40,20.56,74300,20.48
2010-03-31,20.39,20.51,20.33,20.35,19300,20.27
2010-03-30,20.55,20.57,20.39,20.48,17400,20.40
2010-03-29,20.41,20.52,20.41,20.48,16000,20.40
2010-03-26,20.37,20.46,20.20,20.30,14100,20.22
2010-03-25,20.58,20.65,20.29,20.31,27600,20.23
2010-03-24,20.50,20.53,20.43,20.45,19700,20.37
2010-03-23,20.47,20.61,20.36,20.59,57700,20.51
2010-03-22,20.01,20.41,19.88,20.39,26300,20.31
2010-03-19,20.34,20.40,20.09,20.09,21500,20.01
2010-03-18,20.36,20.40,20.27,20.29,19900,20.21
2010-03-17,20.35,20.47,20.35,20.42,62700,20.34
2010-03-16,20.13,20.29,20.09,20.29,21000,20.21
2010-03-15,20.04,20.07,19.88,20.07,26400,19.99
2010-03-12,20.18,20.18,20.05,20.13,131800,20.05
2010-03-11,19.97,20.15,19.88,20.08,186500,20.00
2010-03-10,19.93,20.06,19.87,20.02,145600,19.94
2010-03-09,19.77,20.02,19.77,19.92,343400,19.84
2010-03-08,19.86,19.91,19.81,19.85,96400,19.77
2010-03-05,19.63,19.87,19.63,19.86,372700,19.78
2010-03-04,19.55,19.57,19.38,19.51,28300,19.43
2010-03-03,19.53,19.63,19.45,19.50,108700,19.42
2010-03-02,19.47,19.58,19.43,19.50,138900,19.42
2010-03-01,19.05,19.42,19.05,19.42,73700,19.34
2010-02-26,18.95,19.03,18.80,19.02,19600,18.94
2010-02-25,18.51,18.90,18.48,18.90,11200,18.82
2010-02-24,18.76,18.85,18.70,18.80,15000,18.72
2010-02-23,18.84,18.86,18.59,18.62,15600,18.54
2010-02-22,18.99,18.99,18.90,18.91,25800,18.83
2010-02-19,18.84,19.01,18.81,18.93,130500,18.85
2010-02-18,18.71,18.89,18.70,18.88,52100,18.80
2010-02-17,18.64,18.69,18.58,18.69,12600,18.61
2010-02-16,18.27,18.52,18.27,18.52,23100,18.44
2010-02-12,17.91,18.16,17.91,18.15,39100,18.08
2010-02-11,17.80,18.13,17.75,18.10,48800,18.03
2010-02-10,17.85,17.92,17.64,17.80,39000,17.73
2010-02-09,17.77,17.91,17.67,17.84,33100,17.77
2010-02-08,17.61,17.83,17.51,17.55,47600,17.48
2010-02-05,17.64,17.64,17.20,17.55,69700,17.48
2010-02-04,18.04,18.04,17.47,17.48,31700,17.41
2010-02-03,18.21,18.29,18.15,18.19,15600,18.12
2010-02-02,18.07,18.31,17.99,18.29,43500,18.21
2010-02-01,17.67,18.03,17.67,18.01,120000,17.94
2010-01-29,17.93,18.11,17.59,17.62,39800,17.55
2010-01-28,18.28,18.30,17.84,17.94,28200,17.87
2010-01-27,18.09,18.22,17.95,18.19,26200,18.12
2010-01-26,18.13,18.33,18.05,18.17,38800,18.10
2010-01-25,18.26,18.30,18.08,18.18,53900,18.11
2010-01-22,18.54,18.57,18.07,18.09,40400,18.02
2010-01-21,19.02,19.07,18.59,18.59,22100,18.51
2010-01-20,19.03,19.03,18.81,18.98,57300,18.90
2010-01-19,18.94,19.20,18.94,19.20,61400,19.12
2010-01-15,19.15,19.15,18.89,18.96,26200,18.88
2010-01-14,19.12,19.22,19.11,19.21,36900,19.13
2010-01-13,19.05,19.20,18.88,19.19,47800,19.11
2010-01-12,19.12,19.13,18.83,18.96,42300,18.88
2010-01-11,19.28,19.30,19.17,19.28,26300,19.20
2010-01-08,19.00,19.23,18.99,19.23,47800,19.15
2010-01-07,18.99,19.09,18.92,19.09,97300,19.01
2010-01-06,19.02,19.09,19.02,19.04,31300,18.96
2010-01-05,18.97,19.05,18.89,19.05,27700,18.97
2010-01-04,18.87,18.95,18.84,18.93,26900,18.85
2009-12-31,18.84,18.84,18.62,18.62,30500,18.54
2009-12-30,18.81,18.85,18.75,18.84,24900,18.76
2009-12-29,18.91,19.00,18.86,18.86,66900,18.78
2009-12-28,18.90,18.97,18.86,18.91,26100,18.83
2009-12-24,18.88,19.24,18.88,18.93,200800,18.85
2009-12-23,18.72,18.85,18.68,18.82,58800,18.74
2009-12-22,18.60,18.70,18.60,18.70,44100,18.62
2009-12-21,18.39,18.58,18.39,18.53,23900,18.45
2009-12-18,18.32,18.35,18.13,18.33,19000,18.25
2009-12-17,18.39,18.39,18.23,18.24,21700,18.16
2009-12-16,18.48,18.60,18.46,18.50,40300,18.42
2009-12-15,18.39,18.48,18.32,18.34,43900,18.26
2009-12-14,18.33,18.49,18.23,18.49,18700,18.41
2009-12-11,18.22,18.22,18.07,18.17,20600,18.09
2009-12-10,18.11,18.17,18.10,18.11,14000,18.03
2009-12-09,17.96,18.06,17.83,18.05,9100,17.97
2009-12-08,18.01,18.09,17.90,17.99,18300,17.91
2009-12-07,18.30,18.30,18.08,18.14,11100,18.06
2009-12-04,18.18,18.44,18.03,18.27,40200,18.19
2009-12-03,18.17,18.34,17.99,17.99,19500,17.91
2009-12-02,18.25,18.25,18.07,18.15,19900,18.07
2009-12-01,17.75,18.11,17.75,18.02,30100,17.94
2009-11-30,17.60,17.73,17.50,17.72,32700,17.64
2009-11-27,17.52,17.86,17.15,17.66,21400,17.58
2009-11-25,17.96,18.08,17.95,18.06,10700,17.98
2009-11-24,18.06,18.06,17.84,17.93,142300,17.85
2009-11-23,18.04,18.29,17.98,18.02,101500,17.94
2009-11-20,17.86,17.95,17.78,17.86,19300,17.78
2009-11-19,18.21,18.21,17.86,17.98,57700,17.90
2009-11-18,18.31,18.43,18.26,18.36,41400,18.28
2009-11-17,18.42,18.46,18.27,18.43,31800,18.35
2009-11-16,18.18,18.55,18.18,18.47,39800,18.39
2009-11-13,17.99,18.14,17.88,18.11,47200,18.03
2009-11-12,18.24,18.29,17.88,17.90,37100,17.82
2009-11-11,18.20,18.33,18.09,18.20,37500,18.12
2009-11-10,17.97,18.14,17.91,18.06,129700,17.98
2009-11-09,17.61,18.00,17.61,18.00,50600,17.92
2009-11-06,17.42,17.54,17.31,17.47,101900,17.39
2009-11-05,17.19,17.46,17.15,17.46,20100,17.38
2009-11-04,17.32,17.48,17.05,17.05,59000,16.97
2009-11-03,16.80,17.24,16.78,17.22,125600,17.14
2009-11-02,16.80,17.15,16.60,16.89,141600,16.81
2009-10-30,17.39,17.39,16.69,16.81,221300,16.73
2009-10-29,16.98,17.41,16.98,17.39,82000,17.31
2009-10-28,17.45,17.46,16.78,16.81,153900,16.73
2009-10-27,17.90,17.91,17.49,17.51,79800,17.43
2009-10-26,18.14,18.44,17.82,17.85,80400,17.77
2009-10-23,18.54,18.54,18.12,18.14,41900,18.06
2009-10-22,18.18,18.51,18.02,18.46,32100,18.38
2009-10-21,18.33,18.62,18.18,18.18,64300,18.10
2009-10-20,18.53,18.57,18.27,18.37,24400,18.29
2009-10-19,18.33,18.57,18.27,18.53,23400,18.45
2009-10-16,18.34,18.40,18.17,18.29,36600,18.21
2009-10-15,18.51,18.54,18.37,18.54,52000,18.46
2009-10-14,18.36,18.57,18.31,18.54,34600,18.46
2009-10-13,18.24,18.24,18.00,18.11,34600,18.03
2009-10-12,18.30,18.38,18.15,18.21,16800,18.13
2009-10-09,18.05,18.18,18.00,18.18,14100,18.10
2009-10-08,17.92,18.16,17.87,18.08,28800,18.00
2009-10-07,17.74,17.80,17.63,17.74,25600,17.66
2009-10-06,17.64,17.92,17.60,17.78,27800,17.70
2009-10-05,17.10,17.51,17.10,17.50,39900,17.42
2009-10-02,16.89,17.16,16.75,17.01,575800,16.93
2009-10-01,17.69,17.69,17.07,17.07,48900,16.99
2009-09-30,17.89,17.96,17.51,17.72,28700,17.64
2009-09-29,17.84,18.01,17.73,17.80,27500,17.72
2009-09-28,17.49,17.87,17.49,17.84,17000,17.76
2009-09-25,17.48,17.56,17.33,17.38,15900,17.30
2009-09-24,17.92,17.95,17.44,17.52,153100,17.44
2009-09-23,18.18,18.18,17.83,17.83,24400,17.75
2009-09-22,18.06,18.15,17.98,18.11,29000,18.03
2009-09-21,17.77,18.00,17.68,17.91,33800,17.83
2009-09-18,18.05,18.05,17.83,17.98,46300,17.90
2009-09-17,18.04,18.19,17.83,17.96,31800,17.86
2009-09-16,17.82,18.08,17.79,18.06,55100,17.96
2009-09-15,17.46,17.74,17.46,17.72,25300,17.62
2009-09-14,17.22,17.49,17.22,17.48,9800,17.38
2009-09-11,17.38,17.47,17.24,17.36,33300,17.26
2009-09-10,17.14,17.38,17.08,17.38,22300,17.28
2009-09-09,16.82,17.20,16.76,17.10,40400,17.01
2009-09-08,16.69,16.84,16.69,16.82,15700,16.73
2009-09-04,16.34,16.61,16.28,16.56,22900,16.47
2009-09-03,16.16,16.37,16.06,16.37,37500,16.28
2009-09-02,16.01,16.17,15.99,16.10,27200,16.01
2009-09-01,16.51,16.75,16.06,16.10,193900,16.01
2009-08-31,16.74,16.74,16.49,16.58,18500,16.49
2009-08-28,16.93,17.01,16.69,16.81,27900,16.72
2009-08-27,16.77,16.83,16.47,16.82,22300,16.73
2009-08-26,16.79,16.87,16.67,16.73,31900,16.64
2009-08-25,16.79,17.00,16.79,16.83,44400,16.74
2009-08-24,16.93,17.05,16.75,16.75,51200,16.66
2009-08-21,16.57,16.89,16.57,16.87,83500,16.78
2009-08-20,16.25,16.57,16.19,16.56,72300,16.47
2009-08-19,15.94,16.29,15.94,16.23,48000,16.14
2009-08-18,15.96,16.15,15.96,16.12,85700,16.03
2009-08-17,16.27,16.27,15.85,15.87,41900,15.78
2009-08-14,16.49,16.49,16.29,16.41,24100,16.32
2009-08-13,16.57,16.67,16.50,16.66,62600,16.57
2009-08-12,16.39,16.68,16.39,16.54,35800,16.45
2009-08-11,16.39,16.43,16.24,16.35,29400,16.26
2009-08-10,16.55,16.59,16.39,16.50,31100,16.41
2009-08-07,16.36,16.66,16.33,16.59,66000,16.50
2009-08-06,16.36,16.52,16.13,16.20,126300,16.11
2009-08-05,16.30,16.37,16.13,16.26,59500,16.17
2009-08-04,16.19,16.38,16.18,16.30,21900,16.21
2009-08-03,16.08,16.30,16.05,16.29,28600,16.20
2009-07-31,15.83,16.06,15.83,15.95,41300,15.86
2009-07-30,15.68,16.02,15.68,15.87,178400,15.78
2009-07-29,15.57,15.57,15.40,15.51,33800,15.42
2009-07-28,15.69,15.69,15.42,15.64,112600,15.55
2009-07-27,15.67,15.80,15.59,15.77,123800,15.68
2009-07-24,15.48,15.74,15.46,15.74,71500,15.65
2009-07-23,15.21,15.65,15.19,15.62,95200,15.53
2009-07-22,15.16,15.25,15.11,15.19,23000,15.11
2009-07-21,15.26,15.26,14.90,15.16,113600,15.08
2009-07-20,14.97,15.13,14.94,15.13,159000,15.05
2009-07-17,14.81,14.88,14.72,14.86,26600,14.78
2009-07-16,14.59,14.93,14.57,14.84,87100,14.76
2009-07-15,14.39,14.68,14.39,14.63,36700,14.55
2009-07-14,14.13,14.24,14.02,14.23,27100,14.15
2009-07-13,13.78,14.12,13.59,14.09,40600,14.01
2009-07-10,13.68,13.81,13.57,13.74,88900,13.66
2009-07-09,13.68,13.79,13.62,13.70,67200,13.62
2009-07-08,13.69,13.74,13.37,13.62,226900,13.55
2009-07-07,13.91,13.93,13.62,13.64,63200,13.57
2009-07-06,14.02,14.04,13.80,13.99,61500,13.91
2009-07-02,14.45,14.45,14.12,14.12,61100,14.04
2009-07-01,14.59,14.78,14.59,14.60,35500,14.52
2009-06-30,14.65,14.65,14.44,14.51,75100,14.43
2009-06-29,14.49,14.65,14.44,14.59,30000,14.51
2009-06-26,14.47,14.53,14.42,14.47,34200,14.39
2009-06-25,14.14,14.49,14.12,14.47,69100,14.39
2009-06-24,14.13,14.30,14.10,14.15,43500,14.07
2009-06-23,14.12,14.12,13.97,14.01,66900,13.93
2009-06-22,14.36,14.36,14.07,14.08,250100,14.00
2009-06-19,14.56,14.59,14.39,14.45,157700,14.37
2009-06-18,14.38,14.56,14.34,14.52,254600,14.37
2009-06-17,14.30,14.50,14.30,14.40,154700,14.25
2009-06-16,14.57,14.61,14.31,14.32,82800,14.17
2009-06-15,14.66,14.66,14.44,14.50,33200,14.35
2009-06-12,14.79,14.80,14.64,14.77,94100,14.61
2009-06-11,14.79,15.00,14.79,14.83,38300,14.67
2009-06-10,14.82,14.82,14.63,14.76,22800,14.60
2009-06-09,14.76,14.93,14.74,14.85,23600,14.69
2009-06-08,14.75,14.83,14.57,14.75,27200,14.59
2009-06-05,14.90,14.91,14.73,14.77,79900,14.61
2009-06-04,14.69,14.78,14.65,14.75,30200,14.59
2009-06-03,14.79,14.79,14.57,14.68,30000,14.52
2009-06-02,14.78,14.90,14.72,14.84,67200,14.68
2009-06-01,14.45,14.82,14.45,14.79,36200,14.63
2009-05-29,14.21,14.29,14.14,14.29,31500,14.14
2009-05-28,14.07,14.18,13.92,14.13,53300,13.98
2009-05-27,14.16,14.32,14.00,14.03,213000,13.88
2009-05-26,13.70,14.28,13.70,14.22,77100,14.07
2009-05-22,13.75,13.94,13.74,13.85,46500,13.70
2009-05-21,13.91,13.95,13.71,13.84,81300,13.69
2009-05-20,14.27,14.40,14.04,14.05,310700,13.90
2009-05-19,14.09,14.28,14.06,14.15,50100,14.00
2009-05-18,13.90,14.13,13.87,14.09,246100,13.94
2009-05-15,13.78,13.96,13.77,13.80,100800,13.65
2009-05-14,13.71,13.95,13.71,13.86,192200,13.71
2009-05-13,13.87,13.95,13.70,13.74,243000,13.59
2009-05-12,14.16,14.21,13.96,14.13,77500,13.98
2009-05-11,14.18,14.30,14.06,14.20,64400,14.05
2009-05-08,14.17,14.43,14.17,14.30,112200,14.15
2009-05-07,14.50,14.53,14.05,14.12,90100,13.97
2009-05-06,14.48,14.48,14.22,14.39,79700,14.24
2009-05-05,14.38,14.38,14.23,14.35,41900,14.20
2009-05-04,14.22,14.36,14.16,14.36,27200,14.21
2009-05-01,14.02,14.17,13.96,14.06,26700,13.91
2009-04-30,14.35,14.40,14.07,14.10,53900,13.95
2009-04-29,14.11,14.30,14.09,14.16,42700,14.01
2009-04-28,13.68,14.11,13.68,13.97,39200,13.82
2009-04-27,13.69,14.11,13.69,13.92,24200,13.77
2009-04-24,13.82,14.09,13.82,13.93,65500,13.78
2009-04-23,13.82,13.85,13.61,13.83,61200,13.68
2009-04-22,13.68,14.02,13.61,13.74,152500,13.59
2009-04-21,13.38,13.71,13.20,13.71,56700,13.56
2009-04-20,13.70,13.70,13.49,13.50,35000,13.36
2009-04-17,14.00,14.00,13.82,13.93,93400,13.78
2009-04-16,13.64,14.00,13.64,13.92,40800,13.77
2009-04-15,13.50,13.65,13.48,13.65,46000,13.50
2009-04-14,13.64,13.74,13.55,13.61,27100,13.47
2009-04-13,13.72,13.88,13.64,13.79,43500,13.64
2009-04-09,13.76,13.87,13.75,13.85,66300,13.70
2009-04-08,13.45,13.54,13.32,13.54,38000,13.40
2009-04-07,13.53,13.53,13.34,13.34,32100,13.20
2009-04-06,13.60,13.69,13.46,13.64,69300,13.49
2009-04-03,13.66,13.79,13.53,13.79,42300,13.64
2009-04-02,13.47,13.74,13.47,13.53,60600,13.39
2009-04-01,12.91,13.24,12.89,13.18,74100,13.04
2009-03-31,12.99,13.26,12.90,13.09,33400,12.95
2009-03-30,12.88,12.94,12.81,12.90,66200,12.76
2009-03-27,13.31,13.40,13.23,13.23,43400,13.09
2009-03-26,13.07,13.50,13.07,13.47,548600,13.33
2009-03-25,13.22,13.30,12.75,13.10,85000,12.96
2009-03-24,13.17,13.24,12.99,12.99,65700,12.85
2009-03-23,12.73,13.29,12.73,13.28,196200,13.14
2009-03-20,12.83,12.94,12.58,12.61,22900,12.48
2009-03-19,13.03,13.03,12.85,12.87,110400,12.73
2009-03-18,12.65,13.05,12.55,12.96,135400,12.82
2009-03-17,12.32,12.74,12.29,12.74,35900,12.60
2009-03-16,12.59,12.63,12.32,12.32,114000,12.19
2009-03-13,12.49,12.49,12.27,12.42,108400,12.29
2009-03-12,11.88,12.39,11.82,12.36,53700,12.23
2009-03-11,11.83,12.03,11.83,11.92,76800,11.79
2009-03-10,11.41,11.92,11.41,11.86,45400,11.73
2009-03-09,11.50,11.61,11.28,11.33,55700,11.21
2009-03-06,11.60,11.70,11.24,11.49,105100,11.37
2009-03-05,11.78,11.85,11.25,11.53,93800,11.41
2009-03-04,11.76,12.15,11.76,11.98,59200,11.85
2009-03-03,11.84,11.94,11.63,11.71,137200,11.59
2009-03-02,12.12,12.12,11.57,11.76,206700,11.63
2009-02-27,12.23,12.51,11.94,12.27,117100,12.14
2009-02-26,12.81,12.84,12.40,12.42,63400,12.29
2009-02-25,12.80,12.88,12.48,12.63,57800,12.50
2009-02-24,12.42,12.79,12.35,12.75,113600,12.61
2009-02-23,12.83,12.88,12.30,12.32,212200,12.19
2009-02-20,12.51,12.87,12.50,12.79,126500,12.65
2009-02-19,13.13,13.14,12.77,12.81,220200,12.67
2009-02-18,13.01,13.10,12.85,12.96,278600,12.82
2009-02-17,13.05,13.16,11.87,12.98,289100,12.84
2009-02-13,13.65,13.70,13.49,13.49,42100,13.35
2009-02-12,13.35,13.61,13.17,13.60,419200,13.46
2009-02-11,13.50,13.66,13.37,13.57,42900,13.43
2009-02-10,13.98,14.07,13.50,13.52,41600,13.38
2009-02-09,14.18,14.18,14.01,14.09,71900,13.94
2009-02-06,13.76,14.16,13.76,14.13,63200,13.98
2009-02-05,13.50,14.03,13.50,13.81,133100,13.66
2009-02-04,13.70,13.94,13.62,13.67,61300,13.52
2009-02-03,13.68,13.80,13.51,13.72,82500,13.57
2009-02-02,13.39,13.60,13.27,13.55,46300,13.41
2009-01-30,13.84,13.89,13.44,13.49,25300,13.35
2009-01-29,13.96,14.08,13.79,13.81,31000,13.66
2009-01-28,13.94,14.18,13.94,14.14,43300,13.99
2009-01-27,13.64,13.82,13.59,13.75,50100,13.60
2009-01-26,13.71,13.87,13.53,13.64,53000,13.49
2009-01-23,13.38,13.68,13.00,13.58,79700,13.44
2009-01-22,13.70,13.84,13.39,13.59,94800,13.45
2009-01-21,13.46,13.85,13.26,13.77,200900,13.62
2009-01-20,13.93,13.93,13.28,13.29,43800,13.15
2009-01-16,13.84,14.00,13.65,13.97,59500,13.82
2009-01-15,13.46,13.91,13.29,13.79,182000,13.64
2009-01-14,13.94,13.94,13.33,13.59,245100,13.45
2009-01-13,13.89,14.07,13.85,13.98,66900,13.83
2009-01-12,14.35,14.35,13.85,14.01,48500,13.86
2009-01-09,14.51,14.51,14.17,14.27,54100,14.12
2009-01-08,14.33,14.56,14.33,14.55,86000,14.40
2009-01-07,14.68,15.16,14.47,14.54,127400,14.39
2009-01-06,14.90,15.12,14.80,14.98,131100,14.82
2009-01-05,14.99,15.02,14.81,14.96,144800,14.80
2009-01-02,14.77,15.06,14.47,15.01,280300,14.85
2008-12-31,14.35,14.73,14.34,14.64,86000,14.48
2008-12-30,14.01,14.38,13.72,14.36,87900,14.21
2008-12-29,14.10,14.13,13.79,13.94,192600,13.79
2008-12-26,14.03,14.17,13.94,14.17,97400,14.02
2008-12-24,13.90,14.12,13.90,14.01,100500,13.86
2008-12-23,14.16,14.22,13.86,13.94,64900,13.79
2008-12-22,14.22,14.22,13.77,14.03,68100,13.88
2008-12-19,14.41,14.51,14.20,14.33,43300,14.18
2008-12-18,14.41,14.55,14.09,14.18,95100,14.03
2008-12-17,14.23,14.68,14.10,14.44,551300,14.29
2008-12-16,14.24,14.26,13.60,14.24,59100,14.09
2008-12-15,13.84,13.84,13.26,13.47,64200,13.33
2008-12-12,13.21,13.71,13.16,13.67,75300,13.52
2008-12-11,13.96,14.21,13.45,13.57,80300,13.43
2008-12-10,13.90,14.21,13.87,14.12,82000,13.97
2008-12-09,14.08,14.40,13.75,13.79,104100,13.64
2008-12-08,14.00,14.35,13.92,14.16,97300,14.01
2008-12-05,12.98,13.75,12.69,13.75,89000,13.60
2008-12-04,13.29,13.61,12.92,13.10,119600,12.96
2008-12-03,12.91,13.49,12.88,13.48,45700,13.34
2008-12-02,12.75,13.18,12.71,13.15,95500,13.01
2008-12-01,13.41,13.41,12.54,12.54,103800,12.41
2008-11-28,13.78,13.97,13.69,13.97,36600,13.82
2008-11-26,12.97,13.83,12.93,13.78,46200,13.63
2008-11-25,12.98,13.26,12.78,13.20,88700,13.06
2008-11-24,12.30,13.09,12.22,12.93,98300,12.79
2008-11-21,11.72,12.08,11.33,12.08,171000,11.95
2008-11-20,12.22,12.44,11.52,11.54,471600,11.42
2008-11-19,13.20,13.25,12.36,12.42,140800,12.29
2008-11-18,13.19,13.47,12.82,13.18,85500,13.04
2008-11-17,13.34,13.60,13.25,13.26,48900,13.12
2008-11-14,13.95,14.15,13.49,13.49,66300,13.35
2008-11-13,13.17,14.09,12.73,14.09,159900,13.94
2008-11-12,13.65,13.73,13.15,13.16,657600,13.02
2008-11-11,14.01,14.06,13.67,13.87,64900,13.72
2008-11-10,14.66,14.92,14.16,14.31,50000,14.16
2008-11-07,14.49,14.58,14.30,14.56,96900,14.41
2008-11-06,14.78,14.88,14.24,14.33,63100,14.18
2008-11-05,15.54,15.85,15.00,15.00,203500,14.84
2008-11-04,15.71,15.94,15.61,15.78,57300,15.61
2008-11-03,15.50,15.64,15.34,15.45,67000,15.29
2008-10-31,15.21,15.62,14.86,15.46,83000,15.30
2008-10-30,15.17,15.21,14.65,15.01,63600,14.85
2008-10-29,14.24,14.98,14.14,14.55,36000,14.40
2008-10-28,13.75,14.22,13.00,14.11,86100,13.96
2008-10-27,13.16,13.82,13.16,13.17,193300,13.03
2008-10-24,12.35,13.94,12.35,13.71,135000,13.56
2008-10-23,14.29,14.60,13.38,13.99,118600,13.84
2008-10-22,14.87,15.12,13.97,14.16,146200,14.01
2008-10-21,15.47,15.81,15.16,15.16,66400,15.00
2008-10-20,15.31,15.81,15.13,15.72,85300,15.55
2008-10-17,15.00,15.74,14.81,15.12,77100,14.96
2008-10-16,14.72,15.08,13.89,15.06,72600,14.90
2008-10-15,16.15,16.15,14.71,14.76,134900,14.60
2008-10-14,16.71,19.00,15.79,16.23,578600,16.06
2008-10-13,15.50,16.50,15.50,16.50,99700,16.32
2008-10-10,12.27,15.44,12.27,14.84,311400,14.68
2008-10-09,16.08,16.50,14.80,14.94,174200,14.78
2008-10-08,15.58,16.55,15.49,16.04,233500,15.87
2008-10-07,16.95,17.43,16.07,16.07,114000,15.90
2008-10-06,17.44,17.44,16.17,16.98,699200,16.80
2008-10-03,18.22,18.57,17.68,17.71,116400,17.52
2008-10-02,18.67,18.82,17.95,17.99,87000,17.80
2008-10-01,19.06,19.18,18.88,19.01,294000,18.81
2008-09-30,18.22,19.42,18.22,19.42,442000,19.21
2008-09-29,20.01,20.01,17.85,18.42,338400,18.22
2008-09-26,19.72,20.46,19.68,20.46,68300,20.24
2008-09-25,20.76,20.82,19.65,20.68,84700,20.46
2008-09-24,20.33,20.66,20.13,20.37,74100,20.15
2008-09-23,21.05,21.23,20.46,20.52,220100,20.30
2008-09-22,22.33,22.33,21.05,21.11,104300,20.89
2008-09-19,21.82,21.82,19.85,21.82,144400,21.59
2008-09-18,20.37,21.01,19.42,20.82,269100,20.60
2008-09-17,20.91,20.94,20.10,20.22,257200,20.00
2008-09-16,20.37,21.23,19.61,21.16,335300,20.93
2008-09-15,20.78,21.50,20.68,20.75,199700,20.53
2008-09-12,21.37,21.92,21.36,21.82,497300,21.59
2008-09-11,20.84,21.45,20.64,21.45,430300,21.22
2008-09-10,20.75,21.29,20.71,21.09,308200,20.87
2008-09-09,21.88,21.88,20.67,20.67,241200,20.45
2008-09-08,22.00,22.25,21.55,21.80,160200,21.57
2008-09-05,21.73,21.95,21.27,21.87,538000,21.64
2008-09-04,22.41,22.46,21.66,21.80,670000,21.57
2008-09-03,22.86,23.02,22.36,22.56,105600,22.32
2008-09-02,23.93,23.93,22.89,22.95,386500,22.71
2008-08-29,23.85,23.90,23.52,23.58,130600,23.33
2008-08-28,23.77,23.88,23.65,23.84,41200,23.59
2008-08-27,23.34,23.71,23.34,23.65,45800,23.40
2008-08-26,23.15,23.36,23.15,23.31,58500,23.06
2008-08-25,23.63,23.63,23.08,23.18,117500,22.93
2008-08-22,23.75,23.76,23.54,23.67,61300,23.42
2008-08-21,23.53,23.73,23.40,23.63,39700,23.38
2008-08-20,23.23,23.56,23.23,23.56,235100,23.31
2008-08-19,23.27,23.30,23.10,23.23,140400,22.98
2008-08-18,23.63,23.70,23.22,23.30,66600,23.05
2008-08-15,23.82,23.82,23.49,23.58,148400,23.33
2008-08-14,23.64,23.79,23.43,23.79,183800,23.54
2008-08-13,23.19,23.78,23.18,23.74,230700,23.49
2008-08-12,23.65,23.66,23.31,23.42,148100,23.17
2008-08-11,23.45,23.66,23.36,23.65,191200,23.40
2008-08-08,23.47,23.66,23.19,23.66,55400,23.41
2008-08-07,23.63,23.94,23.33,23.44,102200,23.19
2008-08-06,23.33,23.92,23.33,23.88,252400,23.63
2008-08-05,23.30,23.49,22.78,23.49,604900,23.24
2008-08-04,24.04,24.04,23.02,23.19,268800,22.94
2008-08-01,24.53,24.53,23.87,24.01,172000,23.75
2008-07-31,24.78,24.78,24.19,24.24,324100,23.98
2008-07-30,24.28,24.75,24.08,24.75,239000,24.49
2008-07-29,23.75,24.10,23.75,24.10,271900,23.84
2008-07-28,23.93,24.03,23.65,23.68,150400,23.43
2008-07-25,23.73,24.77,23.64,23.93,422200,23.68
2008-07-24,24.44,24.81,23.51,23.58,680700,23.33
2008-07-23,24.76,25.25,24.15,24.26,1397500,24.00
2008-07-22,24.50,24.52,24.19,24.52,271200,24.26
2008-07-21,24.70,24.71,24.32,24.61,302100,24.35
2008-07-18,24.54,24.54,24.18,24.32,313100,24.06
2008-07-17,24.49,24.61,24.17,24.35,800300,24.09
2008-07-16,24.17,24.38,23.87,24.38,164200,24.12
2008-07-15,24.66,24.66,23.84,24.11,236900,23.85
2008-07-14,24.91,24.95,24.45,24.58,250200,24.32
2008-07-11,24.68,24.79,24.21,24.65,126200,24.39
2008-07-10,24.43,24.75,24.17,24.74,213900,24.48
2008-07-09,24.64,24.94,24.23,24.23,107000,23.97
2008-07-08,24.28,24.53,23.74,24.53,206000,24.27
2008-07-07,24.57,24.82,23.98,24.25,235500,23.99
2008-07-03,24.78,24.80,24.20,24.48,142800,24.22
2008-07-02,25.90,25.95,24.71,24.71,203700,24.45
2008-07-01,25.69,25.79,25.19,25.79,157100,25.52
2008-06-30,25.87,26.03,25.78,25.83,55000,25.56
2008-06-27,25.69,25.94,25.58,25.77,100500,25.50
2008-06-26,26.17,26.17,25.66,25.73,225400,25.46
2008-06-25,26.30,26.60,26.22,26.41,152800,26.13
2008-06-24,26.47,26.58,26.22,26.27,151400,25.99
2008-06-23,26.50,26.67,26.43,26.64,97600,26.36
2008-06-20,26.79,26.80,26.30,26.40,108100,26.12
2008-06-19,26.85,26.95,26.65,26.88,121400,26.59
2008-06-18,26.85,26.85,26.59,26.76,135900,26.48
2008-06-17,27.00,27.08,26.88,26.91,432900,26.62
2008-06-16,26.76,26.92,26.61,26.85,118200,26.56
2008-06-13,26.38,26.72,26.38,26.72,102200,26.44
2008-06-12,26.36,26.54,25.90,26.16,895500,25.88
2008-06-11,26.80,26.80,26.30,26.34,413400,26.06
2008-06-10,26.71,26.84,26.50,26.75,132300,26.47
2008-06-09,26.86,27.09,26.74,26.97,75800,26.68
2008-06-06,27.36,27.42,26.79,26.81,203500,26.52
2008-06-05,26.93,27.46,26.91,27.44,164300,27.15
2008-06-04,26.89,27.09,26.76,26.81,146800,26.52
2008-06-03,27.14,27.25,26.71,26.92,114700,26.63
2008-06-02,27.18,27.18,26.89,27.04,109100,26.75
2008-05-30,27.08,27.28,27.08,27.23,184000,26.94
2008-05-29,26.97,27.13,26.85,26.98,72500,26.69
2008-05-28,26.60,27.00,26.08,27.00,127300,26.71
2008-05-27,26.44,26.51,26.20,26.49,73000,26.21
2008-05-23,26.63,26.63,26.24,26.45,91100,26.17
2008-05-22,26.84,26.89,26.62,26.73,451800,26.45
2008-05-21,27.34,27.46,26.75,26.80,126300,26.51
2008-05-20,27.22,27.34,27.13,27.34,97000,27.05
2008-05-19,27.50,27.73,27.23,27.33,118900,27.04
2008-05-16,27.39,27.49,27.20,27.48,77500,27.19
2008-05-15,26.87,27.31,26.87,27.31,47600,27.02
2008-05-14,27.08,27.26,26.94,26.96,107200,26.67
2008-05-13,26.83,26.97,26.61,26.97,119500,26.68
2008-05-12,26.50,26.73,26.25,26.73,308700,26.45
2008-05-09,26.30,26.61,26.30,26.42,94500,26.14
2008-05-08,26.41,26.59,26.34,26.58,169400,26.30
2008-05-07,26.86,26.95,26.36,26.41,86900,26.13
2008-05-06,26.28,26.88,26.28,26.83,113600,26.54
2008-05-05,26.45,26.49,26.33,26.45,151200,26.17
2008-05-02,26.46,26.60,26.25,26.37,249400,26.09
2008-05-01,25.93,26.25,25.83,26.20,180500,25.92
2008-04-30,26.06,26.27,25.86,26.00,190200,25.72
2008-04-29,26.32,26.44,26.00,26.06,71900,25.78
2008-04-28,26.61,26.65,26.47,26.54,237000,26.26
2008-04-25,26.41,26.60,26.21,26.55,213800,26.27
2008-04-24,26.26,26.39,25.80,26.29,194400,26.01
2008-04-23,26.26,26.44,26.16,26.29,82000,26.01
2008-04-22,26.41,26.43,26.07,26.25,137900,25.97
2008-04-21,26.36,26.53,26.27,26.49,119800,26.21
2008-04-18,26.50,26.59,26.27,26.47,472900,26.19
2008-04-17,26.13,26.23,25.86,26.00,80800,25.72
2008-04-16,25.73,26.23,25.72,26.20,228300,25.92
2008-04-15,25.53,26.25,25.26,25.57,87900,25.30
2008-04-14,25.32,25.49,25.20,25.35,56200,25.08
2008-04-11,25.53,25.53,25.23,25.29,388800,25.02
2008-04-10,25.47,25.73,25.35,25.68,87400,25.41
2008-04-09,25.87,25.91,25.46,25.56,78600,25.29
2008-04-08,25.66,25.87,25.58,25.84,102100,25.57
2008-04-07,25.85,26.11,25.66,25.78,150700,25.51
2008-04-04,25.63,26.01,25.57,25.81,185500,25.54
2008-04-03,25.42,25.69,25.30,25.51,90900,25.24
2008-04-02,25.39,25.68,25.29,25.46,109000,25.19
2008-04-01,25.19,25.35,24.72,25.35,90600,25.08
2008-03-31,24.54,24.67,24.37,24.55,75600,24.29
2008-03-28,24.81,24.87,24.43,24.45,191700,24.19
2008-03-27,25.21,25.21,24.64,24.72,157700,24.46
2008-03-26,24.78,25.11,24.78,25.00,209600,24.73
2008-03-25,24.72,25.24,24.60,24.99,472700,24.72
2008-03-24,23.99,24.83,23.99,24.61,200000,24.35
2008-03-20,23.72,24.02,23.30,23.99,61400,23.73
2008-03-19,24.48,24.62,23.69,23.70,33900,23.45
2008-03-18,23.81,24.38,23.64,24.30,174800,24.04
2008-03-17,23.60,23.74,23.14,23.52,119200,23.27
2008-03-14,24.65,24.65,23.51,24.06,100900,23.80
2008-03-13,23.91,24.53,23.69,24.42,450000,24.16
2008-03-12,24.35,24.51,24.10,24.14,229800,23.88
2008-03-11,23.62,24.53,23.62,24.22,156500,23.96
2008-03-10,24.19,24.19,23.48,23.53,394500,23.28
2008-03-07,24.37,24.63,24.00,24.20,553200,23.94
2008-03-06,25.13,25.13,24.60,24.60,305700,24.34
2008-03-05,24.96,25.26,24.88,25.10,101700,24.83
2008-03-04,24.82,24.97,24.48,24.80,267700,24.54
2008-03-03,24.84,25.05,24.71,25.02,115600,24.75
2008-02-29,25.35,25.52,24.79,24.91,560200,24.65
2008-02-28,25.45,25.72,25.42,25.56,123500,25.29
2008-02-27,25.67,25.85,25.46,25.61,205500,25.34
2008-02-26,25.48,25.87,25.38,25.73,223000,25.46
2008-02-25,25.07,25.62,25.05,25.61,104400,25.34
2008-02-22,25.24,25.24,24.74,25.16,79400,24.89
2008-02-21,25.43,25.58,24.93,24.97,98500,24.70
2008-02-20,24.60,25.27,24.60,25.18,69700,24.91
2008-02-19,25.26,25.26,24.85,24.88,86000,24.62
2008-02-15,24.50,24.80,24.50,24.79,88400,24.53
2008-02-14,25.24,25.24,24.80,24.85,308100,24.59
2008-02-13,25.11,25.34,24.82,25.16,172700,24.89
2008-02-12,24.85,25.07,24.59,24.69,223700,24.43
2008-02-11,24.00,24.69,24.00,24.66,86400,24.40
2008-02-08,24.04,24.41,24.04,24.29,115400,24.03
2008-02-07,24.17,24.29,23.69,24.12,81400,23.86
2008-02-06,24.69,24.69,23.93,23.96,248900,23.71
2008-02-05,25.04,25.04,24.31,24.33,370800,24.07
2008-02-04,25.48,25.48,25.08,25.16,369100,24.89
2008-02-01,25.59,25.59,24.87,25.21,215300,24.94
2008-01-31,25.03,25.03,24.06,24.80,492000,24.54
2008-01-30,24.77,25.66,24.25,24.66,617900,24.40
2008-01-29,24.65,24.65,24.25,24.60,692100,24.34
2008-01-28,24.77,24.77,23.75,24.29,448600,24.03
2008-01-25,25.15,25.15,23.89,23.98,125200,23.72
2008-01-24,24.50,24.50,23.67,24.17,110000,23.91
2008-01-23,22.08,23.94,22.08,23.66,148800,23.41
2008-01-22,23.76,23.76,23.60,23.60,497400,23.35
2008-01-18,24.84,24.84,23.50,23.87,317200,23.62
2008-01-17,24.62,24.99,23.92,23.92,222300,23.67
2008-01-16,24.88,25.42,24.29,24.79,283100,24.53
2008-01-15,25.23,25.96,24.83,25.32,68800,25.05
2008-01-14,25.11,26.02,25.11,25.96,58900,25.68
2008-01-11,25.95,25.95,25.50,25.60,76200,25.33
2008-01-10,26.38,26.81,24.54,25.99,109600,25.71
2008-01-09,25.20,25.77,25.07,25.77,628800,25.50
2008-01-08,26.84,26.84,25.66,25.74,670000,25.47
2008-01-07,25.52,26.48,25.43,26.08,213900,25.80
2008-01-04,26.60,26.84,26.28,26.32,151200,26.04
2008-01-03,27.40,27.40,26.67,27.03,119700,26.74
2008-01-02,27.59,27.87,26.87,27.01,52900,26.72
2007-12-31,27.27,27.60,27.27,27.29,51600,27.00
2007-12-28,27.78,27.78,27.41,27.55,77700,27.26
2007-12-27,27.87,27.87,27.45,27.46,67600,27.17
2007-12-26,27.79,27.89,27.64,27.88,135200,27.58
2007-12-24,27.75,27.85,27.66,27.85,93800,27.55
2007-12-21,27.15,27.65,27.15,27.64,131600,27.35
2007-12-20,26.65,27.09,26.65,27.09,92600,26.80
2007-12-19,26.75,26.85,26.61,26.76,763500,26.48
2007-12-18,26.82,26.82,26.30,26.69,107200,26.41
2007-12-17,27.18,27.20,26.42,26.48,99300,26.20
2007-12-14,27.17,27.40,27.09,27.13,97200,26.84
2007-12-13,27.28,27.38,27.01,27.38,251200,27.09
2007-12-12,27.91,28.50,27.05,27.28,1031400,26.99
2007-12-11,28.08,28.12,27.14,27.18,229300,26.89
2007-12-10,28.10,28.45,27.80,27.94,528200,27.64
2007-12-07,27.90,28.01,27.68,27.77,279000,27.47
2007-12-06,27.50,27.70,27.15,27.69,1508800,27.40
2007-12-05,27.10,27.22,26.98,27.13,496900,26.84
2007-12-04,26.53,26.75,26.53,26.66,160800,26.38
2007-12-03,26.88,26.99,26.70,26.82,229900,26.53
2007-11-30,27.08,27.34,26.66,26.90,554900,26.61
2007-11-29,26.60,26.86,26.51,26.74,109700,26.46
2007-11-28,26.18,26.65,26.07,26.64,118200,26.36
2007-11-27,25.77,25.77,25.38,25.76,234500,25.49
2007-11-26,25.79,26.08,25.46,25.48,56000,25.21
2007-11-23,25.59,25.76,25.50,25.76,10200,25.49
2007-11-21,25.48,25.70,25.19,25.36,24900,25.09
2007-11-20,25.70,26.04,25.38,25.63,34000,25.36
2007-11-19,25.99,25.99,25.57,25.64,33300,25.37
2007-11-16,26.25,26.25,25.82,26.11,103300,25.83
2007-11-15,26.21,26.31,25.77,26.00,24400,25.72
2007-11-14,26.44,26.63,26.24,26.24,236000,25.96
2007-11-13,25.92,26.20,25.69,26.20,59000,25.92
2007-11-12,26.14,26.27,25.50,25.63,59600,25.36
2007-11-09,26.56,26.69,26.31,26.38,68200,26.10
2007-11-08,26.99,27.06,26.45,26.85,72300,26.56
2007-11-07,26.64,27.41,26.64,26.87,41200,26.58
2007-11-06,27.39,27.56,27.15,27.56,23300,27.27
2007-11-05,26.80,27.20,26.80,27.09,25300,26.80
2007-11-02,27.26,27.37,26.89,27.33,38500,27.04
2007-11-01,27.47,27.50,27.00,27.09,77100,26.80
2007-10-31,27.55,27.77,27.32,27.77,36600,27.47
2007-10-30,27.64,27.70,27.34,27.38,66500,27.09
2007-10-29,27.68,27.85,27.65,27.80,32200,27.50
2007-10-26,27.60,27.60,27.35,27.57,19700,27.28
2007-10-25,27.12,27.32,26.97,27.24,43300,26.95
2007-10-24,27.15,27.23,26.67,27.18,40300,26.89
2007-10-23,26.90,27.25,26.89,27.20,87800,26.91
2007-10-22,26.12,26.80,26.12,26.78,81700,26.50
2007-10-19,27.47,27.47,26.68,26.68,61200,26.40
2007-10-18,27.44,27.63,27.37,27.57,32800,27.28
2007-10-17,27.71,27.71,27.20,27.50,37500,27.21
2007-10-16,27.50,27.50,27.32,27.44,30000,27.15
2007-10-15,27.97,27.97,27.39,27.67,58100,27.38
2007-10-12,27.45,27.82,27.45,27.79,48900,27.49
2007-10-11,27.98,28.00,27.36,27.44,63400,27.15
2007-10-10,27.68,27.77,27.47,27.72,60800,27.43
2007-10-09,27.40,27.68,27.34,27.68,123200,27.39
2007-10-08,27.27,27.35,27.22,27.33,51300,27.04
2007-10-05,27.20,27.35,27.09,27.28,50100,26.99
2007-10-04,26.83,26.95,26.71,26.95,420300,26.66
2007-10-03,26.85,26.99,26.80,26.83,50000,26.54
2007-10-02,27.05,27.17,26.94,27.07,53700,26.78
2007-10-01,26.85,27.15,26.85,27.08,26900,26.79
2007-09-28,26.60,26.89,26.58,26.69,61800,26.41
2007-09-27,26.80,26.80,26.59,26.77,39300,26.49
2007-09-26,26.45,26.57,26.36,26.54,63500,26.26
2007-09-25,26.08,26.30,26.03,26.30,64200,26.02
2007-09-24,26.35,26.66,26.23,26.28,35500,26.00
2007-09-21,26.30,26.42,26.26,26.33,43900,26.05
2007-09-20,26.24,26.39,26.17,26.21,35600,25.91
2007-09-19,26.47,26.63,26.21,26.34,148500,26.04
2007-09-18,25.36,27.20,25.29,26.11,186700,25.81
2007-09-17,25.22,25.38,25.22,25.29,20800,25.00
2007-09-14,25.15,25.41,25.00,25.41,24000,25.12
2007-09-13,25.20,25.36,25.06,25.20,129400,24.91
2007-09-12,24.87,25.14,24.87,24.98,32700,24.69
2007-09-11,24.95,25.07,24.79,25.01,37000,24.72
2007-09-10,25.00,25.03,24.47,24.75,60600,24.46
2007-09-07,25.01,25.20,24.83,24.99,58300,24.70
2007-09-06,25.60,25.60,25.26,25.41,160200,25.12
2007-09-05,25.58,25.58,25.20,25.36,219400,25.07
2007-09-04,25.24,25.75,25.23,25.57,86900,25.27
2007-08-31,25.17,25.39,25.10,25.29,125500,25.00
2007-08-30,24.62,25.05,24.62,24.84,84300,24.55
2007-08-29,24.46,25.00,24.45,24.88,77300,24.59
2007-08-28,24.90,24.90,24.28,24.31,135100,24.03
2007-08-27,25.25,25.25,24.95,25.01,158800,24.72
2007-08-24,24.94,25.26,24.80,25.23,136800,24.94
2007-08-23,25.12,25.34,24.63,24.83,263200,24.54
2007-08-22,24.74,25.00,24.69,24.96,148500,24.67
2007-08-21,24.09,24.39,24.08,24.32,73600,24.04
2007-08-20,24.25,24.32,23.88,24.23,58900,23.95
2007-08-17,24.24,24.60,23.59,24.05,97000,23.77
2007-08-16,23.40,23.85,22.05,23.83,252300,23.55
2007-08-15,24.10,24.53,23.63,23.64,150600,23.37
2007-08-14,25.10,25.13,24.32,24.32,64700,24.04
2007-08-13,25.10,25.34,24.92,24.92,55800,24.63
2007-08-10,24.08,24.84,24.05,24.70,74200,24.41
2007-08-09,24.86,25.14,24.16,24.64,866000,24.35
2007-08-08,25.22,25.63,25.12,25.30,131100,25.01
2007-08-07,24.87,25.20,24.85,25.08,24400,24.79
2007-08-06,24.75,24.92,24.07,24.90,228700,24.61
2007-08-03,25.50,25.52,24.67,24.67,76900,24.38
2007-08-02,25.35,25.58,25.26,25.52,25300,25.22
2007-08-01,25.30,25.33,24.80,25.23,252400,24.94
2007-07-31,25.95,26.07,25.33,25.33,214400,25.04
2007-07-30,25.30,25.71,25.19,25.62,47800,25.32
2007-07-27,25.50,25.71,25.09,25.19,82700,24.90
2007-07-26,26.00,26.00,25.07,25.50,199400,25.20
2007-07-25,26.51,26.59,25.90,26.21,83800,25.91
2007-07-24,26.78,26.85,26.32,26.40,79800,26.09
2007-07-23,27.28,27.28,27.05,27.09,35300,26.78
2007-07-20,27.52,27.52,26.99,27.11,51600,26.80
2007-07-19,27.35,27.48,27.33,27.46,42400,27.14
2007-07-18,27.14,27.26,26.96,27.26,42700,26.94
2007-07-17,27.45,27.45,27.18,27.22,147700,26.90
2007-07-16,27.55,27.55,27.20,27.24,128400,26.92
2007-07-13,27.42,27.48,27.29,27.46,57900,27.14
2007-07-12,27.07,27.31,27.07,27.30,177500,26.98
2007-07-11,26.54,26.88,26.54,26.87,151700,26.56
2007-07-10,27.00,27.00,26.61,26.66,70700,26.35
2007-07-09,26.98,27.08,26.89,27.02,30000,26.71
2007-07-06,26.75,26.90,26.41,26.90,378200,26.59
2007-07-05,26.75,26.75,26.51,26.70,49800,26.39
2007-07-03,26.50,26.64,26.50,26.56,13100,26.25
2007-07-02,26.10,26.44,26.10,26.44,41300,26.13
2007-06-29,26.24,26.30,25.87,26.00,104900,25.70
2007-06-28,26.11,26.23,25.99,26.08,68700,25.78
2007-06-27,25.50,26.03,25.14,26.03,77300,25.73
2007-06-26,26.06,26.06,25.67,25.67,30000,25.37
2007-06-25,26.19,26.22,25.82,25.88,55300,25.58
2007-06-22,26.35,26.35,26.00,26.10,38800,25.80
2007-06-21,26.08,26.32,26.00,26.29,58900,25.99
2007-06-20,26.57,26.70,26.17,26.17,59300,25.87
2007-06-19,26.45,26.65,26.40,26.65,67700,26.34
2007-06-18,26.72,26.93,26.50,26.56,706300,26.25
2007-06-15,26.60,26.63,26.47,26.56,192500,26.25
2007-06-14,26.20,26.48,26.20,26.33,54000,26.03
2007-06-13,25.89,26.11,25.80,26.11,73100,25.81
2007-06-12,25.88,26.00,25.67,25.70,33200,25.40
2007-06-11,25.97,26.14,25.92,26.02,54500,25.72
2007-06-08,25.71,26.10,25.62,26.10,96100,25.80
2007-06-07,26.36,26.40,25.80,25.80,50700,25.50
2007-06-06,26.61,26.70,26.31,26.40,61000,26.09
2007-06-05,27.00,27.00,26.67,26.84,84600,26.53
2007-06-04,26.93,27.00,26.79,26.94,79800,26.63
2007-06-01,27.00,27.01,26.81,26.86,84400,26.55
2007-05-31,26.81,26.88,26.67,26.77,57300,26.46
2007-05-30,26.05,26.68,26.05,26.68,108800,26.37
2007-05-29,26.32,26.32,26.15,26.28,44400,25.98
2007-05-25,26.07,26.49,26.01,26.14,38200,25.84
2007-05-24,26.44,26.60,25.86,25.95,87900,25.65
2007-05-23,26.51,26.68,26.40,26.40,43800,26.09
2007-05-22,26.55,26.56,26.39,26.43,92200,26.12
2007-05-21,26.35,26.90,26.28,26.44,114500,26.13
2007-05-18,26.22,26.32,26.04,26.25,32800,25.95
2007-05-17,26.10,26.20,25.99,26.13,36700,25.83
2007-05-16,26.24,26.24,25.95,26.15,76300,25.85
2007-05-15,26.30,26.42,26.04,26.11,64300,25.81
2007-05-14,26.43,26.43,26.17,26.25,29400,25.95
2007-05-11,25.90,26.33,25.90,26.32,45900,26.02
2007-05-10,26.32,26.32,25.90,25.97,83900,25.67
2007-05-09,26.10,26.45,26.09,26.43,61600,26.12
2007-05-08,26.00,26.11,25.75,26.09,103000,25.79
2007-05-07,26.17,26.17,25.98,26.06,65900,25.76
2007-05-04,26.00,26.60,25.94,26.04,34100,25.74
2007-05-03,26.05,26.05,25.83,25.93,73300,25.63
2007-05-02,25.53,26.07,25.53,26.01,62800,25.71
2007-05-01,25.56,25.65,25.33,25.50,48600,25.20
2007-04-30,26.01,26.05,25.63,25.67,94000,25.37
2007-04-27,26.00,26.12,25.92,26.08,43200,25.78
2007-04-26,26.14,26.19,25.99,26.14,72300,25.84
2007-04-25,25.97,26.53,25.85,26.02,55600,25.72
2007-04-24,25.99,25.99,25.75,25.90,81700,25.60
2007-04-23,25.86,26.01,25.85,25.96,76500,25.66
2007-04-20,25.82,25.93,25.65,25.80,92600,25.50
2007-04-19,25.55,25.65,25.35,25.56,43100,25.26
2007-04-18,25.55,25.70,25.40,25.62,136700,25.32
2007-04-17,25.68,26.28,25.59,25.70,72300,25.40
2007-04-16,25.65,25.79,25.50,25.69,153400,25.39
2007-04-13,25.44,25.46,25.28,25.46,146800,25.17
2007-04-12,25.28,25.39,25.17,25.38,64800,25.09
2007-04-11,25.54,25.54,25.19,25.26,97900,24.97
2007-04-10,25.51,25.61,25.41,25.49,122800,25.19
2007-04-09,25.55,25.55,25.34,25.42,207100,25.13
2007-04-05,25.28,25.33,25.15,25.30,219700,25.01
2007-04-04,25.25,25.27,25.11,25.26,266000,24.97
2007-04-03,25.06,25.22,25.06,25.16,211100,24.87
2007-04-02,24.83,24.95,24.73,24.92,55300,24.63
2007-03-30,24.75,24.90,24.60,24.73,42300,24.44
2007-03-29,24.80,24.87,24.45,24.69,61800,24.40
2007-03-28,24.65,24.73,24.51,24.55,48200,24.27
2007-03-27,24.88,24.88,24.74,24.81,96200,24.52
2007-03-26,25.00,25.01,24.61,24.87,97700,24.58
2007-03-23,24.87,24.97,24.85,24.91,86700,24.62
2007-03-22,24.95,26.58,24.71,24.81,161200,24.52
2007-03-21,24.47,24.84,24.37,24.80,246200,24.51
2007-03-20,24.21,24.39,24.16,24.37,51900,24.09
2007-03-19,24.04,24.17,23.94,24.17,30200,23.89
2007-03-16,24.02,24.03,23.73,23.83,49500,23.55
2007-03-15,23.90,24.01,23.80,23.97,21100,23.69
2007-03-14,23.82,23.82,23.43,23.80,38100,23.52
2007-03-13,24.17,24.25,23.68,23.68,49400,23.41
2007-03-12,24.17,24.31,24.02,24.26,66900,23.98
2007-03-09,24.25,24.25,24.05,24.18,40500,23.90
2007-03-08,24.05,24.26,24.00,24.05,82600,23.77
2007-03-07,23.69,23.93,23.65,23.70,136400,23.43
2007-03-06,23.50,23.79,23.42,23.70,45800,23.43
2007-03-05,23.30,23.47,23.08,23.08,44000,22.81
2007-03-02,23.90,23.97,23.52,23.56,94300,23.29
2007-03-01,23.68,24.18,23.59,24.00,264100,23.72
