Date,Open,High,Low,Close,Volume,Adj Close
2012-05-04,11.41,11.58,11.03,11.31,353000,11.31
2012-05-03,12.09,12.09,11.42,11.55,628000,11.55
2012-05-02,11.89,12.09,11.63,12.09,468400,12.09
2012-05-01,11.55,12.08,11.43,12.07,704200,12.07
2012-04-30,11.42,11.54,11.09,11.50,995000,11.50
2012-04-27,11.37,11.50,11.20,11.25,477700,11.25
2012-04-26,10.52,11.36,10.52,11.29,1025700,11.29
2012-04-25,10.55,10.58,10.46,10.51,404400,10.51
2012-04-24,10.71,10.91,10.40,10.45,1434100,10.45
2012-04-23,10.51,10.81,10.42,10.66,261200,10.66
2012-04-20,10.70,10.90,10.57,10.64,209200,10.64
2012-04-19,10.49,10.90,10.46,10.47,242300,10.47
2012-04-18,10.70,10.77,10.42,10.49,205600,10.49
2012-04-17,10.61,11.17,10.53,10.73,222800,10.73
2012-04-16,10.78,10.79,10.52,10.56,167400,10.56
2012-04-13,10.80,10.87,10.69,10.77,437800,10.77
2012-04-12,10.90,11.23,10.82,10.85,361900,10.85
2012-04-11,11.44,11.52,10.82,10.91,457000,10.91
2012-04-10,12.39,12.40,11.28,11.30,335200,11.30
2012-04-09,12.28,12.45,12.20,12.27,171700,12.27
2012-04-05,12.38,12.67,12.25,12.44,152900,12.44
2012-04-04,12.69,12.94,12.12,12.38,338000,12.38
2012-04-03,12.73,12.97,12.68,12.79,232400,12.79
2012-04-02,12.40,12.72,12.28,12.72,282400,12.72
2012-03-30,12.43,12.56,12.23,12.41,260600,12.41
2012-03-29,12.64,12.72,12.24,12.26,264400,12.26
2012-03-28,12.97,13.08,12.53,12.72,215400,12.72
2012-03-27,13.01,13.14,12.94,12.95,208500,12.95
2012-03-26,12.70,13.01,12.69,12.94,252600,12.94
2012-03-23,12.16,12.58,12.12,12.56,143900,12.56
2012-03-22,12.55,12.64,12.10,12.19,112500,12.19
2012-03-21,12.28,12.65,12.22,12.64,139600,12.64
2012-03-20,12.17,12.36,12.00,12.24,131900,12.24
2012-03-19,12.58,12.66,12.18,12.20,250000,12.20
2012-03-16,12.72,12.96,12.47,12.74,920500,12.74
2012-03-15,12.41,12.72,12.18,12.69,162300,12.69
2012-03-14,12.49,12.52,12.26,12.44,161100,12.44
2012-03-13,12.57,12.68,12.37,12.49,180100,12.49
2012-03-12,12.52,12.85,12.32,12.57,263300,12.57
2012-03-09,12.84,13.11,12.42,12.52,236700,12.52
2012-03-08,13.03,13.21,12.79,12.81,232900,12.81
2012-03-07,12.76,13.02,12.74,12.97,150700,12.97
2012-03-06,13.00,13.09,12.66,12.70,208200,12.70
2012-03-05,13.11,13.23,13.02,13.14,235800,13.14
2012-03-02,13.14,13.26,12.99,13.14,170700,13.14
2012-03-01,13.15,13.37,13.11,13.15,213100,13.15
2012-02-29,13.13,13.44,13.03,13.04,191200,13.04
2012-02-28,13.32,13.46,13.00,13.14,148200,13.14
2012-02-27,13.59,13.60,13.29,13.30,108900,13.30
2012-02-24,13.49,13.80,13.36,13.62,226600,13.62
2012-02-23,13.08,13.63,12.94,13.46,203800,13.46
2012-02-22,13.25,13.31,12.96,13.01,372300,13.01
2012-02-21,13.80,13.80,12.98,13.06,372400,13.06
2012-02-17,13.64,13.89,13.55,13.76,218400,13.76
2012-02-16,12.85,13.59,12.45,13.55,530800,13.55
2012-02-15,12.80,13.24,12.55,12.83,417200,12.83
2012-02-14,13.59,13.83,12.54,12.80,599600,12.80
2012-02-13,13.75,14.04,13.58,13.76,467900,13.76
2012-02-10,14.02,14.29,13.53,13.65,242300,13.65
2012-02-09,14.41,14.41,13.90,14.26,158500,14.26
2012-02-08,14.48,14.50,14.06,14.36,205900,14.36
2012-02-07,13.70,14.50,13.64,14.47,683300,14.47
2012-02-06,13.49,13.77,13.39,13.70,388500,13.70
2012-02-03,13.49,13.69,13.39,13.50,220000,13.50
2012-02-02,13.30,13.51,13.25,13.30,272200,13.30
2012-02-01,13.25,13.45,13.15,13.27,220600,13.27
2012-01-31,13.33,13.47,13.12,13.18,203000,13.18
2012-01-30,13.20,13.44,13.11,13.26,486600,13.26
2012-01-27,13.30,13.58,13.24,13.25,320400,13.25
2012-01-26,13.71,13.80,13.10,13.31,841000,13.31
2012-01-25,14.06,14.11,13.58,13.64,267800,13.64
2012-01-24,14.32,14.45,13.88,13.99,197400,13.99
2012-01-23,14.40,14.52,14.22,14.35,116400,14.35
2012-01-20,14.25,14.48,14.13,14.42,196600,14.42
2012-01-19,14.52,14.77,14.29,14.32,236300,14.32
2012-01-18,14.55,14.75,14.47,14.47,218400,14.47
2012-01-17,14.99,14.99,14.57,14.59,163500,14.59
2012-01-13,14.85,14.88,14.61,14.83,300100,14.83
2012-01-12,14.59,14.99,14.41,14.97,393100,14.97
2012-01-11,14.24,14.59,14.15,14.58,260800,14.58
2012-01-10,14.08,14.29,14.00,14.29,342900,14.29
2012-01-09,14.09,14.23,13.77,13.91,313400,13.91
2012-01-06,14.61,14.61,13.85,13.97,422300,13.97
2012-01-05,14.14,14.73,13.94,14.58,414500,14.58
2012-01-04,14.02,14.63,13.52,14.19,937900,14.19
2012-01-03,16.94,17.09,13.70,13.83,3227100,13.83
2011-12-30,17.28,17.51,17.15,17.20,215000,17.20
2011-12-29,17.15,17.36,16.63,17.34,174400,17.34
2011-12-28,17.26,17.46,16.95,17.14,340300,17.14
2011-12-27,16.97,17.33,16.58,17.26,405700,17.26
2011-12-23,16.87,17.03,16.66,16.96,109900,16.96
2011-12-22,16.68,16.92,16.47,16.81,163900,16.81
2011-12-21,15.74,16.65,15.59,16.55,312200,16.55
2011-12-20,15.91,15.93,15.53,15.71,294600,15.71
2011-12-19,15.86,16.08,15.47,15.55,293400,15.55
2011-12-16,15.75,16.28,15.58,15.63,720300,15.63
2011-12-15,16.05,16.05,15.57,15.74,227000,15.74
2011-12-14,16.06,16.26,15.70,15.80,230700,15.80
2011-12-13,16.95,17.03,16.12,16.22,230400,16.22
2011-12-12,16.89,16.97,16.68,16.84,229200,16.84
2011-12-09,16.92,17.30,16.73,16.96,353300,16.96
2011-12-08,17.22,17.27,16.85,16.88,194900,16.88
2011-12-07,17.21,17.47,16.80,17.35,172800,17.35
2011-12-06,17.30,17.60,17.15,17.25,167000,17.25
2011-12-05,17.16,17.65,16.78,17.35,268000,17.35
2011-12-02,17.02,17.10,16.80,16.88,187400,16.88
2011-12-01,16.82,17.05,16.53,16.82,122700,16.82
2011-11-30,16.63,16.90,16.23,16.90,332100,16.90
2011-11-29,16.25,16.26,15.97,16.15,154400,16.15
2011-11-28,15.35,16.29,15.35,16.22,225200,16.22
2011-11-25,15.20,15.48,14.95,14.99,104600,14.99
2011-11-23,15.69,15.69,15.25,15.27,225900,15.27
2011-11-22,15.11,16.08,15.00,15.82,227200,15.82
2011-11-21,15.47,15.70,15.12,15.15,185600,15.15
2011-11-18,15.98,16.13,15.67,15.74,103900,15.74
2011-11-17,16.24,16.39,15.77,15.98,183200,15.98
2011-11-16,16.06,16.58,15.80,16.23,178400,16.23
2011-11-15,15.90,16.30,15.64,16.24,143100,16.24
2011-11-14,16.32,16.36,15.75,15.96,142000,15.96
2011-11-11,15.55,16.41,15.43,16.38,209500,16.38
2011-11-10,15.52,15.63,15.02,15.40,187900,15.40
2011-11-09,15.70,16.40,15.32,15.33,229600,15.33
2011-11-08,16.38,16.38,15.83,15.97,236300,15.97
2011-11-07,16.86,16.94,15.93,16.27,184700,16.27
2011-11-04,16.93,17.12,16.66,16.91,280400,16.91
2011-11-03,15.91,17.03,15.41,16.97,355000,16.97
2011-11-02,15.39,15.98,14.93,15.56,384900,15.56
2011-11-01,15.50,16.04,15.22,15.32,247500,15.32
2011-10-31,16.48,16.58,16.00,16.06,142100,16.06
2011-10-28,16.95,17.19,16.63,16.71,128700,16.71
2011-10-27,16.98,17.21,16.62,16.99,365100,16.99
2011-10-26,16.09,16.71,15.63,16.54,148700,16.54
2011-10-25,16.25,16.25,15.77,15.86,91600,15.86
2011-10-24,15.10,16.31,15.05,16.30,143200,16.30
2011-10-21,15.33,15.55,14.96,15.05,193500,15.05
2011-10-20,15.08,15.27,14.73,15.10,140500,15.10
2011-10-19,15.45,15.46,14.99,15.10,150400,15.10
2011-10-18,16.21,16.21,15.37,15.47,320000,15.47
2011-10-17,16.69,16.69,15.91,16.18,128200,16.18
2011-10-14,16.44,17.09,16.44,16.86,163700,16.86
2011-10-13,16.80,16.80,15.98,16.29,170600,16.29
2011-10-12,16.50,17.04,16.37,16.99,265500,16.99
2011-10-11,15.85,16.54,15.85,16.43,183300,16.43
2011-10-10,15.67,15.98,15.27,15.96,206800,15.96
2011-10-07,15.85,15.95,15.11,15.44,223900,15.44
2011-10-06,15.23,15.86,14.95,15.79,233600,15.79
2011-10-05,14.89,15.35,14.52,15.20,151400,15.20
2011-10-04,14.49,14.99,14.01,14.89,365700,14.89
2011-10-03,15.24,15.69,14.52,14.53,266400,14.53
2011-09-30,15.82,15.88,15.35,15.39,395100,15.39
2011-09-29,16.13,16.23,15.47,16.04,200900,16.04
2011-09-28,16.26,16.36,15.67,15.85,289700,15.85
2011-09-27,16.75,16.90,16.06,16.21,183900,16.21
2011-09-26,16.18,16.21,15.47,16.19,252100,16.19
2011-09-23,15.85,16.19,15.52,16.07,173000,16.07
2011-09-22,15.60,16.34,15.38,15.90,283100,15.90
2011-09-21,17.14,17.14,15.76,15.78,147700,15.78
2011-09-20,16.77,17.00,16.39,16.50,210900,16.50
2011-09-19,15.98,16.91,15.98,16.70,209000,16.70
2011-09-16,16.78,16.78,16.02,16.22,438000,16.22
2011-09-15,16.54,16.75,16.20,16.68,170000,16.68
2011-09-14,16.49,16.65,15.93,16.41,167600,16.41
2011-09-13,16.41,16.57,16.14,16.41,173500,16.41
2011-09-12,15.94,16.39,15.91,16.30,182600,16.30
2011-09-09,16.72,16.90,15.80,16.11,170900,16.11
2011-09-08,16.80,17.08,16.55,16.88,229200,16.88
2011-09-07,15.90,17.00,15.90,16.93,279000,16.93
2011-09-06,15.56,15.81,15.32,15.69,247800,15.69
2011-09-02,16.57,16.84,15.82,15.91,217200,15.91
2011-09-01,16.95,17.11,16.48,16.87,279600,16.87
2011-08-31,17.05,17.07,16.43,16.98,298800,16.98
2011-08-30,16.86,17.05,16.29,16.95,251500,16.95
2011-08-29,16.45,17.20,16.33,17.00,282600,17.00
2011-08-26,15.89,16.34,15.55,16.29,214900,16.29
2011-08-25,17.00,17.17,15.98,16.00,191600,16.00
2011-08-24,16.81,16.98,16.09,16.93,172300,16.93
2011-08-23,16.08,16.93,15.88,16.90,235200,16.90
2011-08-22,16.18,16.23,15.68,16.02,188800,16.02
2011-08-19,15.68,16.21,15.60,15.86,200500,15.86
2011-08-18,16.25,16.25,15.67,15.79,321000,15.79
2011-08-17,16.54,16.92,16.20,16.51,127000,16.51
2011-08-16,16.80,16.80,16.19,16.45,164600,16.45
2011-08-15,16.65,17.20,16.63,16.94,268900,16.94
2011-08-12,16.53,16.66,15.83,16.56,334100,16.56
2011-08-11,15.96,16.77,15.77,16.46,310300,16.46
2011-08-10,16.29,16.53,15.49,15.85,344800,15.85
2011-08-09,15.29,16.74,15.15,16.52,373700,16.52
2011-08-08,16.16,16.29,15.02,15.12,420500,15.12
2011-08-05,16.48,17.39,15.97,16.40,437700,16.40
2011-08-04,17.60,17.70,16.22,16.33,567900,16.33
2011-08-03,18.21,18.93,17.70,17.76,485600,17.76
2011-08-02,18.76,18.84,18.13,18.14,246900,18.14
2011-08-01,19.27,19.76,18.85,18.85,399200,18.85
2011-07-29,19.63,19.63,18.61,19.11,810000,19.11
2011-07-28,18.09,20.73,18.09,19.78,568800,19.78
2011-07-27,19.33,19.46,17.57,17.98,384000,17.98
2011-07-26,19.63,19.82,19.28,19.40,169900,19.40
2011-07-25,19.48,19.93,19.14,19.62,318800,19.62
2011-07-22,20.81,20.81,19.45,19.62,256900,19.62
2011-07-21,20.19,20.82,19.97,20.77,312900,20.77
2011-07-20,20.03,20.23,19.17,20.06,202200,20.06
2011-07-19,20.02,20.34,19.65,20.00,203400,20.00
2011-07-18,19.90,20.05,19.32,20.00,346300,20.00
2011-07-15,19.97,20.24,19.68,20.03,330200,20.03
2011-07-14,20.63,21.42,19.83,19.98,466100,19.98
2011-07-13,20.28,20.94,20.08,20.63,450100,20.63
2011-07-12,20.71,21.00,20.01,20.20,389400,20.20
2011-07-11,20.54,20.99,20.45,20.74,431800,20.74
2011-07-08,20.63,20.88,20.56,20.68,236300,20.68
2011-07-07,20.55,20.94,20.30,20.67,459400,20.67
2011-07-06,20.96,21.55,20.22,20.55,608600,20.55
2011-07-05,20.22,20.82,20.04,20.70,359000,20.70
2011-07-01,20.63,20.63,19.95,20.14,309600,20.14
2011-06-30,20.64,20.80,19.69,20.61,434700,20.61
2011-06-29,20.37,21.00,20.25,20.66,487400,20.66
2011-06-28,19.96,20.55,19.66,20.24,483700,20.24
2011-06-27,19.55,20.13,19.14,20.04,506300,20.04
2011-06-24,18.99,19.58,18.61,19.55,3066500,19.55
2011-06-23,18.25,19.18,18.08,19.01,442400,19.01
2011-06-22,17.75,18.40,17.58,18.34,398000,18.34
2011-06-21,17.29,18.00,17.29,17.77,239100,17.77
2011-06-20,16.64,17.65,16.64,17.50,426600,17.50
2011-06-17,17.69,17.90,16.78,16.95,740200,16.95
2011-06-16,17.45,17.79,17.32,17.65,637100,17.65
2011-06-15,17.21,17.56,17.00,17.54,2709600,17.54
2011-06-14,18.93,19.12,18.67,19.09,261800,19.09
2011-06-13,18.87,19.22,18.64,18.92,238000,18.92
2011-06-10,18.77,19.06,18.39,18.95,224900,18.95
2011-06-09,19.03,19.25,18.74,18.76,168500,18.76
2011-06-08,18.85,19.37,18.83,18.98,243600,18.98
2011-06-07,19.10,19.22,18.39,18.95,222900,18.95
2011-06-06,19.11,19.11,18.80,18.99,216300,18.99
2011-06-03,19.55,19.64,18.63,19.11,404300,19.11
2011-06-02,18.85,19.91,18.56,19.78,395700,19.78
2011-06-01,18.34,19.45,18.30,18.87,270100,18.87
2011-05-31,18.53,18.87,18.17,18.33,1141100,18.33
2011-05-27,18.60,18.62,18.04,18.36,310000,18.36
2011-05-26,18.42,18.64,18.05,18.50,249200,18.50
2011-05-25,18.36,18.70,17.82,18.41,388100,18.41
2011-05-24,19.19,19.70,18.18,18.34,325300,18.34
2011-05-23,18.52,19.40,18.05,19.12,469200,19.12
2011-05-20,18.46,19.25,18.35,18.55,1098400,18.55
2011-05-19,19.85,19.85,18.19,18.50,566400,18.50
2011-05-18,18.99,19.99,18.94,19.69,500500,19.69
2011-05-17,18.40,19.73,18.01,19.00,528400,19.00
2011-05-16,17.85,18.54,17.67,18.35,602200,18.35
2011-05-13,17.27,18.10,17.27,17.75,369300,17.75
2011-05-12,16.97,17.35,16.71,17.22,152900,17.22
2011-05-11,16.90,17.15,16.26,16.96,250000,16.96
2011-05-10,16.23,17.17,16.16,16.90,226500,16.90
2011-05-09,14.99,16.12,14.81,16.11,177600,16.11
2011-05-06,15.07,15.31,14.78,14.95,155000,14.95
2011-05-05,15.01,15.41,14.85,14.98,157700,14.98
2011-05-04,15.42,15.51,15.00,15.09,213000,15.09
2011-05-03,15.45,15.46,14.95,15.43,330800,15.43
2011-05-02,15.50,15.79,15.24,15.50,263100,15.50
2011-04-29,15.88,16.00,15.47,15.56,397000,15.56
2011-04-28,14.00,16.13,14.00,15.83,1600000,15.83
2011-04-27,13.68,13.76,13.60,13.75,157200,13.75
2011-04-26,13.76,13.95,13.50,13.71,268600,13.71
2011-04-25,13.44,13.85,13.18,13.75,175700,13.75
2011-04-21,13.61,13.62,13.44,13.48,59200,13.48
2011-04-20,13.70,13.70,13.42,13.55,119700,13.55
2011-04-19,13.75,13.75,13.51,13.59,129400,13.59
2011-04-18,13.66,13.75,13.62,13.68,361800,13.68
2011-04-15,13.60,13.74,13.55,13.73,75000,13.73
2011-04-14,13.54,13.74,13.54,13.68,82000,13.68
2011-04-13,13.69,13.80,13.51,13.64,95000,13.64
2011-04-12,13.62,13.74,13.51,13.62,109800,13.62
2011-04-11,13.70,13.74,13.50,13.65,78200,13.65
2011-04-08,13.51,13.73,13.42,13.65,120600,13.65
2011-04-07,13.72,13.80,13.40,13.44,101400,13.44
2011-04-06,13.50,13.80,13.31,13.68,86100,13.68
2011-04-05,13.33,13.55,13.19,13.50,92700,13.50
2011-04-04,13.11,13.32,13.11,13.18,104100,13.18
2011-04-01,13.37,13.56,13.00,13.06,198200,13.06
2011-03-31,13.57,13.66,13.30,13.32,216400,13.32
2011-03-30,13.50,13.67,13.31,13.52,95500,13.52
2011-03-29,13.50,13.61,13.25,13.45,152500,13.45
2011-03-28,13.42,13.62,13.42,13.51,95900,13.51
2011-03-25,13.50,13.85,13.27,13.32,209100,13.32
2011-03-24,13.38,13.80,13.29,13.40,678600,13.40
2011-03-23,14.79,14.94,14.60,14.82,55700,14.82
2011-03-22,15.00,15.17,14.72,14.84,76800,14.84
2011-03-21,15.22,15.22,14.89,15.00,77700,15.00
2011-03-18,14.68,15.43,14.52,15.02,172000,15.02
2011-03-17,14.48,14.66,14.30,14.49,43800,14.49
2011-03-16,14.59,14.59,14.28,14.29,97200,14.29
2011-03-15,13.84,14.85,13.67,14.65,138300,14.65
2011-03-14,13.82,14.13,13.54,14.03,53500,14.03
2011-03-11,14.02,14.24,13.35,13.91,237800,13.91
2011-03-10,14.45,14.93,13.82,14.54,125000,14.54
2011-03-09,14.52,14.95,14.48,14.57,97800,14.57
2011-03-08,13.27,14.50,13.10,14.47,152300,14.47
2011-03-07,13.53,13.56,13.14,13.28,165600,13.28
2011-03-04,13.58,13.84,13.44,13.52,124200,13.52
2011-03-03,13.50,13.68,13.39,13.59,102600,13.59
2011-03-02,13.56,13.76,13.37,13.40,114600,13.40
2011-03-01,13.85,14.17,13.56,13.56,119700,13.56
2011-02-28,14.29,14.29,13.77,13.78,187700,13.78
2011-02-25,14.22,14.47,13.98,14.16,102800,14.16
2011-02-24,14.35,14.57,14.00,14.20,139600,14.20
2011-02-23,14.34,14.87,14.01,14.35,140700,14.35
2011-02-22,13.83,14.60,13.71,14.26,161200,14.26
2011-02-18,13.99,14.36,13.70,13.89,166900,13.89
2011-02-17,16.00,16.00,13.73,13.89,687500,13.89
2011-02-16,14.83,14.83,13.79,13.88,103600,13.88
2011-02-15,14.46,14.60,14.10,14.16,115000,14.16
2011-02-14,13.86,14.93,13.86,14.45,309000,14.45
2011-02-11,13.48,13.61,13.45,13.56,11700,13.56
2011-02-10,13.60,13.83,13.45,13.56,7000,13.56
2011-02-09,13.52,13.90,13.37,13.66,11100,13.66
2011-02-08,13.49,13.92,13.42,13.63,18500,13.63
2011-02-07,13.85,14.10,13.40,13.55,120800,13.55
2011-02-04,13.87,14.10,13.18,13.85,859500,13.85
2011-02-03,13.59,14.13,13.48,13.99,26300,13.99
2011-02-02,14.17,14.31,13.62,13.66,24700,13.66
2011-02-01,14.38,14.57,14.05,14.18,27600,14.18
2011-01-31,13.26,14.83,13.15,14.33,77100,14.33
2011-01-28,14.71,14.71,13.05,13.15,56000,13.15
2011-01-27,14.86,14.86,14.61,14.69,23300,14.69
2011-01-26,14.82,15.04,14.46,14.80,105700,14.80
2011-01-25,14.57,14.81,14.39,14.74,18200,14.74
2011-01-24,14.35,14.66,14.06,14.64,102700,14.64
2011-01-21,14.39,14.63,14.28,14.35,99600,14.35
2011-01-20,14.50,14.50,14.03,14.34,37200,14.34
2011-01-19,15.07,15.22,14.57,14.62,34900,14.62
2011-01-18,14.53,15.05,14.53,15.00,34300,15.00
2011-01-14,14.50,14.71,14.44,14.60,24500,14.60
2011-01-13,14.89,14.89,14.44,14.45,33500,14.45
2011-01-12,14.90,15.05,14.82,14.88,112000,14.88
2011-01-11,14.81,14.92,14.50,14.77,26300,14.77
2011-01-10,14.60,15.00,14.54,14.82,37100,14.82
2011-01-07,14.83,14.85,14.55,14.69,46900,14.69
2011-01-06,14.77,14.83,14.71,14.83,38500,14.83
2011-01-05,14.97,14.97,14.69,14.79,56900,14.79
2011-01-04,14.85,15.00,14.25,15.00,238000,15.00
2011-01-03,14.62,14.94,14.26,14.87,103800,14.87
2010-12-31,14.65,14.67,14.32,14.62,48500,14.62
2010-12-30,14.49,14.70,14.48,14.70,20500,14.70
2010-12-29,14.72,14.72,14.37,14.48,46800,14.48
2010-12-28,14.68,14.85,14.39,14.61,34400,14.61
2010-12-27,14.57,14.70,14.38,14.67,31800,14.67
2010-12-23,14.85,14.85,14.44,14.63,22700,14.63
2010-12-22,14.58,14.88,14.26,14.88,87500,14.88
2010-12-21,14.25,14.61,13.95,14.59,87500,14.59
2010-12-20,14.10,14.25,13.76,14.21,98300,14.21
2010-12-17,14.25,14.51,13.84,14.01,197400,14.01
2010-12-16,14.20,14.29,14.08,14.26,57300,14.26
2010-12-15,14.00,14.40,13.97,14.20,35000,14.20
2010-12-14,14.59,14.69,13.40,13.84,134200,13.84
2010-12-13,14.95,14.95,14.24,14.51,78800,14.51
2010-12-10,14.05,14.89,13.50,14.86,54600,14.86
2010-12-09,14.77,14.77,14.00,14.07,95100,14.07
2010-12-08,14.94,15.02,14.72,14.75,154200,14.75
2010-12-07,15.10,15.10,14.73,14.89,43000,14.89
2010-12-06,15.06,15.11,14.78,14.95,98900,14.95
2010-12-03,14.22,15.13,14.22,15.01,76900,15.01
2010-12-02,15.04,15.10,14.05,14.30,676500,14.30
2010-12-01,15.03,15.36,14.51,14.96,60200,14.96
2010-11-30,17.93,17.93,14.70,14.78,112000,14.78
2010-11-29,15.13,15.13,14.57,14.98,70800,14.98
2010-11-26,15.30,15.47,15.25,15.30,6000,15.30
2010-11-24,14.63,15.83,14.63,15.42,75000,15.42
2010-11-23,14.51,14.81,13.92,14.54,46800,14.54
2010-11-22,15.13,15.32,14.34,14.65,56300,14.65
2010-11-19,16.25,16.25,15.15,15.22,219000,15.22
2010-11-18,16.45,16.65,16.00,16.23,59200,16.23
2010-11-17,16.15,16.43,15.66,16.27,92400,16.27
2010-11-16,16.58,16.68,15.73,16.06,46700,16.06
2010-11-15,16.11,17.06,16.11,16.63,32300,16.63
2010-11-12,16.00,16.23,15.99,16.10,156600,16.10
2010-11-11,16.02,16.49,15.80,16.14,37900,16.14
2010-11-10,16.56,16.70,16.07,16.18,35400,16.18
2010-11-09,17.29,17.30,16.38,16.45,80700,16.45
2010-11-08,16.64,17.72,16.64,17.41,103900,17.41
2010-11-05,16.17,17.00,15.81,16.84,146200,16.84
2010-11-04,16.00,16.20,15.75,16.03,130600,16.03
2010-11-03,15.83,16.00,15.67,15.86,96300,15.86
2010-11-02,15.54,15.80,15.38,15.80,42400,15.80
2010-11-01,15.26,15.52,15.02,15.39,32400,15.39
2010-10-29,14.32,15.21,14.17,15.19,147400,15.19
2010-10-28,14.77,14.77,14.37,14.56,29800,14.56
2010-10-27,14.87,15.00,14.30,14.65,83800,14.65
2010-10-26,15.62,15.62,14.91,15.00,95400,15.00
2010-10-25,15.26,15.79,15.01,15.65,78500,15.65
2010-10-22,15.05,15.22,14.90,15.16,81800,15.16
2010-10-21,15.25,15.25,14.71,15.04,84800,15.04
2010-10-20,15.17,15.28,15.12,15.16,102600,15.16
2010-10-19,15.20,15.34,14.83,15.10,214600,15.10
2010-10-18,15.43,15.48,15.32,15.37,43400,15.37
2010-10-15,15.43,15.45,15.30,15.35,165400,15.35
2010-10-14,15.42,15.44,15.11,15.35,262900,15.35
2010-10-13,15.75,15.75,15.00,15.48,184900,15.48
2010-10-12,15.90,15.99,15.40,15.79,316900,15.79
2010-10-11,15.82,16.25,15.56,16.00,82400,16.00
2010-10-08,15.23,15.83,14.78,15.82,566800,15.82
2010-10-07,14.38,14.72,13.65,14.62,70400,14.62
2010-10-06,14.26,15.00,12.96,14.24,325500,14.24
2010-10-05,14.43,14.43,13.61,14.26,187800,14.26
2010-10-04,13.72,14.35,12.71,14.15,218000,14.15
2010-10-01,11.78,14.26,11.24,13.69,613800,13.69
2010-09-30,10.00,11.23,10.00,11.14,149900,11.14
2010-09-29,9.79,9.99,9.79,9.99,63900,9.99
2010-09-28,9.77,9.89,9.65,9.85,76200,9.85
2010-09-27,9.71,9.83,9.50,9.78,97300,9.78
2010-09-24,9.13,9.78,9.00,9.71,94500,9.71
2010-09-23,8.73,9.05,8.73,9.00,43000,9.00
2010-09-22,8.68,8.86,8.66,8.81,17900,8.81
2010-09-21,8.72,8.82,8.72,8.74,45700,8.74
2010-09-20,8.50,8.76,8.43,8.75,37300,8.75
2010-09-17,8.61,8.61,8.26,8.45,86200,8.45
2010-09-16,8.51,8.59,8.40,8.50,40100,8.50
2010-09-15,8.43,8.70,8.43,8.49,154900,8.49
2010-09-14,8.75,8.75,8.25,8.50,47600,8.50
2010-09-13,8.54,8.80,8.40,8.74,26300,8.74
2010-09-10,8.35,8.62,8.26,8.48,38400,8.48
2010-09-09,8.82,8.82,8.25,8.40,29200,8.40
2010-09-08,8.95,8.99,8.65,8.75,45100,8.75
2010-09-07,8.79,9.18,8.70,8.97,47600,8.97
2010-09-03,8.64,9.30,8.57,8.69,43300,8.69
2010-09-02,8.75,8.75,8.50,8.61,12900,8.61
2010-09-01,8.84,8.84,8.59,8.78,31000,8.78
2010-08-31,8.68,8.79,8.24,8.66,16100,8.66
2010-08-30,8.32,8.99,8.32,8.67,73700,8.67
2010-08-27,7.82,8.21,7.82,8.21,27900,8.21
2010-08-26,7.47,7.75,7.47,7.71,20000,7.71
2010-08-25,6.90,7.50,6.90,7.46,27000,7.46
2010-08-24,6.18,6.75,6.18,6.70,30500,6.70
2010-08-23,6.53,6.62,6.25,6.25,14100,6.25
2010-08-20,6.84,6.84,6.43,6.51,26500,6.51
2010-08-19,7.28,7.49,6.84,6.84,20300,6.84
2010-08-18,7.35,7.40,7.24,7.33,14900,7.33
2010-08-17,7.26,7.50,7.13,7.37,16700,7.37
2010-08-16,6.89,7.45,6.89,7.17,13400,7.17
2010-08-13,6.66,7.46,6.66,6.91,23400,6.91
2010-08-12,6.50,6.78,6.50,6.69,13000,6.69
2010-08-11,7.11,7.11,6.60,6.60,20700,6.60
2010-08-10,7.52,7.71,7.23,7.23,11400,7.23
2010-08-09,7.37,7.70,7.37,7.63,8300,7.63
2010-08-06,7.73,7.97,7.30,7.31,4700,7.31
2010-08-05,7.77,7.92,7.77,7.83,5000,7.83
2010-08-04,7.95,7.95,7.70,7.93,6600,7.93
2010-08-03,7.94,8.24,7.78,7.89,33700,7.89
2010-08-02,7.88,8.03,7.51,7.95,119800,7.95
2010-07-30,7.84,7.84,7.35,7.74,33800,7.74
2010-07-29,7.00,7.20,6.89,7.15,4100,7.15
2010-07-28,7.36,7.36,6.95,6.99,8500,6.99
2010-07-27,7.40,7.47,7.02,7.41,12000,7.41
2010-07-26,7.46,7.57,6.85,7.35,24000,7.35
2010-07-23,6.83,7.40,6.81,7.40,14400,7.40
2010-07-22,6.22,6.85,6.17,6.85,15100,6.85
2010-07-21,6.35,6.61,6.06,6.11,16300,6.11
2010-07-20,6.25,6.46,6.01,6.32,37200,6.32
2010-07-19,6.39,6.39,6.25,6.31,8800,6.31
2010-07-16,6.52,6.59,6.25,6.45,26200,6.45
2010-07-15,6.36,6.65,6.36,6.55,82100,6.55
2010-07-14,6.70,6.70,6.31,6.37,15600,6.37
2010-07-13,6.64,6.80,6.47,6.74,74800,6.74
2010-07-12,6.33,6.65,6.23,6.54,17400,6.54
2010-07-09,6.76,6.76,6.26,6.37,20000,6.37
2010-07-08,6.95,6.95,6.68,6.75,47500,6.75
2010-07-07,6.65,6.91,6.58,6.86,35400,6.86
2010-07-06,7.15,7.22,6.46,6.63,61400,6.63
2010-07-02,7.05,7.09,6.87,6.94,15600,6.94
2010-07-01,7.11,7.16,6.87,6.97,11800,6.97
2010-06-30,7.46,7.46,6.99,7.07,18100,7.07
2010-06-29,7.34,7.89,7.33,7.48,42000,7.48
2010-06-28,7.24,7.72,7.16,7.45,28600,7.45
2010-06-25,7.28,7.57,6.94,7.22,1019200,7.22
2010-06-24,8.11,8.51,7.15,7.28,122600,7.28
2010-06-23,6.94,8.25,6.90,7.87,99800,7.87
2010-06-22,7.21,7.35,6.99,7.00,49300,7.00
2010-06-21,7.12,7.39,6.90,7.21,35700,7.21
2010-06-18,7.42,7.70,7.20,7.20,33200,7.20
2010-06-17,7.11,7.44,7.11,7.44,16300,7.44
2010-06-16,7.28,7.30,7.03,7.19,244900,7.19
2010-06-15,7.29,7.34,7.00,7.22,38900,7.22
2010-06-14,7.32,7.50,7.28,7.40,24600,7.40
2010-06-11,7.36,7.45,7.35,7.42,11600,7.42
2010-06-10,7.52,7.85,7.45,7.45,82300,7.45
2010-06-09,7.74,8.10,7.51,7.51,74100,7.51
2010-06-08,8.28,8.28,7.70,7.70,38800,7.70
2010-06-07,7.65,8.60,7.50,7.98,51600,7.98
2010-06-04,8.05,8.22,7.60,7.64,4200,7.64
2010-06-03,7.70,8.25,7.70,8.00,12700,8.00
2010-06-02,8.19,8.28,7.83,8.26,6400,8.26
2010-06-01,8.00,8.14,7.61,7.82,8400,7.82
2010-05-28,7.52,8.02,7.52,8.01,9900,8.01
2010-05-27,7.90,8.12,7.73,8.02,13100,8.02
2010-05-26,7.81,7.81,7.56,7.65,10200,7.65
2010-05-25,7.80,8.01,7.51,7.98,28900,7.98
2010-05-24,8.28,8.28,7.72,7.89,8800,7.89
2010-05-21,7.52,8.30,7.52,8.15,20000,8.15
2010-05-20,7.88,7.93,7.31,7.90,48600,7.90
2010-05-19,8.30,8.30,7.97,8.10,25800,8.10
2010-05-18,8.28,8.30,8.11,8.23,11800,8.23
2010-05-17,8.38,8.67,8.05,8.20,43700,8.20
2010-05-14,8.32,8.69,8.23,8.50,31800,8.50
2010-05-13,8.40,8.72,8.26,8.63,24300,8.63
2010-05-12,8.50,8.90,8.37,8.76,49500,8.76
2010-05-11,7.94,8.32,7.73,8.10,19300,8.10
2010-05-10,7.85,8.21,7.85,7.92,22500,7.92
2010-05-07,7.77,8.10,7.01,7.82,93700,7.82
2010-05-06,8.48,8.79,7.51,7.90,89700,7.90
2010-05-05,8.58,9.04,8.40,8.56,39700,8.56
2010-05-04,8.61,9.12,8.54,8.72,31900,8.72
2010-05-03,9.53,9.53,8.60,8.79,117300,8.79
2010-04-30,9.02,9.49,8.96,9.46,28000,9.46
2010-04-29,9.24,9.63,8.95,9.31,40600,9.31
2010-04-28,9.37,9.39,8.61,8.82,82000,8.82
2010-04-27,9.19,9.29,8.91,9.03,20200,9.03
2010-04-26,9.09,9.39,8.90,9.04,38500,9.04
2010-04-23,9.10,9.38,8.90,9.05,54800,9.05
2010-04-22,9.91,9.91,8.70,9.00,83200,9.00
2010-04-21,9.54,9.83,9.54,9.63,118200,9.63
2010-04-20,8.90,9.39,8.87,9.39,26300,9.39
2010-04-19,8.90,8.92,8.77,8.86,17100,8.86
2010-04-16,8.63,9.00,8.55,8.90,37800,8.90
2010-04-15,8.80,8.90,8.55,8.89,15400,8.89
2010-04-14,8.89,9.00,8.80,8.88,31400,8.88
2010-04-13,9.19,9.26,8.81,8.81,46000,8.81
2010-04-12,9.17,9.50,8.85,9.50,46100,9.50
2010-04-09,9.24,9.40,9.18,9.35,30500,9.35
2010-04-08,9.40,9.61,9.24,9.31,34800,9.31
2010-04-07,9.20,9.39,9.01,9.39,55300,9.39
2010-04-06,9.17,9.25,9.09,9.23,18500,9.23
2010-04-05,9.00,9.40,8.95,9.34,38200,9.34
2010-04-01,9.05,9.07,8.60,9.07,43900,9.07
2010-03-31,8.63,9.02,8.59,9.00,48000,9.00
2010-03-30,8.73,8.99,8.55,8.87,59700,8.87
2010-03-29,8.81,8.99,8.75,8.98,45500,8.98
2010-03-26,8.46,8.81,8.45,8.81,27200,8.81
2010-03-25,8.73,8.78,8.43,8.55,30200,8.55
2010-03-24,8.60,8.60,8.30,8.60,58100,8.60
2010-03-23,8.51,8.65,8.27,8.57,52100,8.57
2010-03-22,8.65,8.75,8.25,8.60,52600,8.60
2010-03-19,8.75,8.90,8.69,8.75,202900,8.75
2010-03-18,8.90,8.90,8.75,8.84,65900,8.84
2010-03-17,8.85,8.85,8.69,8.83,94800,8.83
2010-03-16,9.00,9.00,8.75,8.86,87600,8.86
2010-03-15,8.65,9.00,8.65,9.00,519400,9.00
2010-03-12,8.25,9.00,8.16,8.99,2995300,8.99
