2012-05-04|5.82|6.23|5.47|5.64|2905200|5.64
2012-05-03|5.75|5.80|5.59|5.70|1398300|5.70
2012-05-02|6.10|6.15|5.62|5.65|3284000|5.65
2012-05-01|6.10|6.68|6.04|6.05|3163400|6.05
2012-04-30|5.61|5.62|5.36|5.61|1277800|5.61
2012-04-27|5.50|5.66|5.48|5.64|604100|5.64
2012-04-26|5.41|5.52|5.41|5.46|470000|5.46
2012-04-25|5.47|5.55|5.32|5.39|569500|5.39
2012-04-24|5.41|5.50|5.38|5.44|542100|5.44
2012-04-23|5.43|5.46|5.21|5.38|670300|5.38
2012-04-20|5.59|5.68|5.46|5.51|605100|5.51
2012-04-19|5.83|5.89|5.54|5.58|896200|5.58
2012-04-18|6.14|6.15|5.80|5.82|690100|5.82
2012-04-17|5.91|6.22|5.85|6.18|876000|6.18
2012-04-16|5.75|5.96|5.75|5.85|532500|5.85
2012-04-13|5.98|5.99|5.71|5.73|595800|5.73
2012-04-12|5.96|6.20|5.87|6.03|1016400|6.03
2012-04-11|5.60|6.08|5.60|5.90|1455800|5.90
2012-04-10|5.53|5.69|5.39|5.55|1215500|5.55
2012-04-09|5.62|5.65|5.45|5.53|837000|5.53
2012-04-05|5.77|5.90|5.67|5.70|987200|5.70
2012-04-04|5.99|6.02|5.87|5.90|555400|5.90
2012-04-03|6.26|6.29|6.01|6.04|707100|6.04
2012-04-02|6.36|6.45|6.21|6.25|750900|6.25
2012-03-30|6.50|6.52|6.33|6.38|638900|6.38
2012-03-29|6.40|6.47|6.28|6.43|597500|6.43
2012-03-28|6.67|6.78|6.39|6.45|847600|6.45
2012-03-27|6.89|6.97|6.61|6.64|736200|6.64
2012-03-26|6.85|7.12|6.80|6.89|823700|6.89
2012-03-23|6.89|6.90|6.71|6.80|548100|6.80
2012-03-22|6.84|7.00|6.75|6.85|977500|6.85
2012-03-21|7.32|7.32|6.79|6.86|1620800|6.86
2012-03-20|7.84|7.84|7.18|7.31|2229300|7.31
2012-03-19|7.84|7.96|7.60|7.90|977900|7.90
2012-03-16|7.30|7.83|7.30|7.81|3264300|7.81
2012-03-15|7.22|7.45|7.16|7.31|444100|7.31
2012-03-14|7.38|7.44|7.15|7.25|341600|7.25
2012-03-13|6.97|7.46|6.90|7.42|734900|7.42
2012-03-12|7.25|7.38|6.81|6.92|559300|6.92
2012-03-09|7.04|7.34|7.00|7.24|650100|7.24
2012-03-08|6.81|7.22|6.81|7.17|630600|7.17
2012-03-07|6.68|6.78|6.41|6.75|900100|6.75
2012-03-06|6.84|6.98|6.69|6.83|1107200|6.83
2012-03-05|7.38|7.44|7.09|7.09|785000|7.09
2012-03-02|7.41|7.65|7.27|7.27|668200|7.27
2012-03-01|7.60|7.69|7.36|7.45|670700|7.45
2012-02-29|7.69|7.81|7.50|7.53|702900|7.53
2012-02-28|7.66|7.96|7.60|7.82|785800|7.82
2012-02-27|7.48|7.74|7.28|7.58|901700|7.58
2012-02-24|7.91|8.03|7.64|7.72|745300|7.72
2012-02-23|8.08|8.17|7.80|7.91|1148400|7.91
2012-02-22|8.63|8.64|8.09|8.23|1192000|8.23
2012-02-21|8.32|8.76|8.18|8.61|1584400|8.61
2012-02-17|8.37|9.54|8.10|8.13|7333800|8.13
2012-02-16|7.44|7.58|7.20|7.48|846100|7.48
2012-02-15|7.72|7.72|7.31|7.33|780800|7.33
2012-02-14|7.68|7.72|7.32|7.52|817800|7.52
2012-02-13|8.13|8.25|7.76|7.83|828700|7.83
2012-02-10|8.29|8.37|7.91|8.03|1084700|8.03
2012-02-09|7.53|8.75|7.51|8.44|2679000|8.44
2012-02-08|7.26|7.65|7.26|7.50|1464400|7.50
2012-02-07|8.19|8.21|7.12|7.20|1993700|7.20
2012-02-06|7.91|8.39|7.91|8.17|757600|8.17
2012-02-03|7.63|7.95|7.53|7.93|1438900|7.93
2012-02-02|7.21|7.51|7.08|7.48|659100|7.48
2012-02-01|6.90|7.24|6.82|7.13|697000|7.13
2012-01-31|7.36|7.40|6.80|6.85|910700|6.85
2012-01-30|7.30|7.40|6.95|7.32|891300|7.32
2012-01-27|6.82|7.25|6.82|7.25|776100|7.25
2012-01-26|6.88|7.17|6.81|6.86|526800|6.86
2012-01-25|6.85|7.00|6.70|6.84|516900|6.84
2012-01-24|6.65|6.90|6.57|6.84|621500|6.84
2012-01-23|7.32|7.37|6.55|6.62|1214200|6.62
2012-01-20|7.13|7.32|7.07|7.30|622100|7.30
2012-01-19|7.64|7.90|7.12|7.13|1070600|7.13
2012-01-18|7.25|7.69|7.09|7.59|774700|7.59
2012-01-17|7.64|7.82|7.24|7.28|988400|7.28
2012-01-13|7.75|7.83|7.47|7.55|993200|7.55
2012-01-12|7.51|7.84|7.16|7.79|1448400|7.79
2012-01-11|6.64|7.54|6.60|7.43|1904000|7.43
2012-01-10|6.65|6.77|6.57|6.69|588500|6.69
2012-01-09|6.54|6.79|6.34|6.51|729600|6.51
2012-01-06|6.53|6.75|6.45|6.49|525100|6.49
2012-01-05|6.55|6.65|6.47|6.54|874200|6.54
2012-01-04|6.50|6.64|6.44|6.59|558000|6.59
2012-01-03|6.48|6.59|6.44|6.44|917200|6.44
2011-12-30|5.87|6.26|5.86|6.23|847300|6.23
2011-12-29|5.98|5.98|5.75|5.95|1030500|5.95
2011-12-28|5.90|6.03|5.72|5.95|974500|5.95
2011-12-27|6.00|6.02|5.50|5.92|2056600|5.92
2011-12-23|6.94|6.99|5.92|6.00|4190800|6.00
2011-12-22|5.64|5.91|5.64|5.85|858900|5.85
2011-12-21|5.40|5.65|5.30|5.64|984900|5.64
2011-12-20|5.25|5.55|5.18|5.45|903700|5.45
2011-12-19|5.12|5.30|5.06|5.15|915500|5.15
2011-12-16|5.31|5.46|4.94|5.13|1725500|5.13
2011-12-15|5.49|5.49|5.19|5.29|966700|5.29
2011-12-14|6.02|6.07|5.30|5.30|1749300|5.30
2011-12-13|6.60|6.65|6.24|6.31|979400|6.31
2011-12-12|6.58|6.69|6.40|6.50|696000|6.50
2011-12-09|6.37|6.69|6.27|6.64|744500|6.64
2011-12-08|6.62|6.68|6.36|6.43|1168500|6.43
2011-12-07|7.08|7.37|6.56|6.63|1407300|6.63
2011-12-06|7.29|7.63|7.00|7.02|757000|7.02
2011-12-05|7.64|7.65|7.20|7.27|671400|7.27
2011-12-02|7.50|7.85|7.30|7.31|591300|7.31
2011-12-01|7.53|7.73|7.34|7.38|578300|7.38
2011-11-30|7.34|7.93|7.34|7.82|1453100|7.82
2011-11-29|6.92|7.42|6.59|7.27|1261100|7.27
2011-11-28|6.69|7.00|6.69|6.95|370000|6.95
2011-11-25|6.85|6.98|6.52|6.61|216700|6.61
2011-11-23|6.71|7.05|6.50|6.85|765200|6.85
2011-11-22|6.50|6.98|6.37|6.94|929800|6.94
2011-11-21|7.01|7.29|6.41|6.61|1008000|6.61
2011-11-18|7.50|7.50|6.80|6.87|1330700|6.87
2011-11-17|8.60|8.60|7.33|7.50|633400|7.50
2011-11-16|7.17|8.14|7.14|7.29|1327200|7.29
2011-11-15|7.66|7.78|7.08|7.22|1045800|7.22
2011-11-14|8.19|8.19|7.70|7.88|353800|7.88
2011-11-11|8.06|8.42|7.94|8.19|422300|8.19
2011-11-10|8.69|8.69|7.59|7.91|786800|7.91
2011-11-09|8.75|9.05|8.50|8.54|460500|8.54
2011-11-08|9.14|9.26|8.60|9.00|545600|9.00
2011-11-07|8.65|9.03|8.50|9.00|475900|9.00
2011-11-04|8.01|9.19|8.00|8.76|1179100|8.76
2011-11-03|9.68|9.90|8.65|8.76|1132300|8.76
2011-11-02|9.22|9.53|9.18|9.41|409200|9.41
2011-11-01|9.64|9.70|9.00|9.08|564200|9.08
2011-10-31|10.35|10.49|9.52|10.02|591900|10.02
2011-10-28|10.54|10.95|10.39|10.58|417000|10.58
2011-10-27|10.39|10.82|10.31|10.62|866100|10.62
2011-10-26|9.25|10.10|9.05|10.03|693600|10.03
2011-10-25|9.97|10.04|9.08|9.09|684700|9.09
2011-10-24|8.93|10.25|8.93|10.04|708000|10.04
2011-10-21|9.20|9.30|8.71|8.84|676000|8.84
2011-10-20|9.03|9.14|8.60|9.05|457100|9.05
2011-10-19|9.48|9.78|9.03|9.11|790000|9.11
2011-10-18|8.84|9.59|8.60|9.42|823600|9.42
2011-10-17|8.81|9.00|8.55|8.81|695600|8.81
2011-10-14|8.40|9.00|8.01|8.90|1166800|8.90
2011-10-13|8.45|8.67|8.01|8.29|451500|8.29
2011-10-12|8.32|8.94|8.23|8.55|651000|8.55
2011-10-11|8.33|8.42|8.01|8.24|428500|8.24
2011-10-10|8.27|8.54|8.17|8.45|446900|8.45
2011-10-07|8.44|8.56|7.84|8.11|596500|8.11
2011-10-06|7.84|8.58|7.78|8.43|638800|8.43
2011-10-05|7.31|7.81|7.05|7.78|695300|7.78
2011-10-04|7.19|7.49|6.60|7.46|796800|7.46
2011-10-03|8.30|8.36|7.06|7.14|664200|7.14
2011-09-30|8.52|8.62|8.06|8.09|556500|8.09
2011-09-29|9.63|9.88|8.60|8.74|1160500|8.74
2011-09-28|9.24|10.66|9.07|9.43|1225200|9.43
2011-09-27|9.03|9.55|9.00|9.29|581800|9.29
2011-09-26|9.16|9.35|8.58|8.84|517800|8.84
2011-09-23|9.19|9.39|8.85|9.12|574900|9.12
2011-09-22|9.49|9.50|8.78|9.04|986600|9.04
2011-09-21|10.02|10.33|9.55|9.55|894200|9.55
2011-09-20|11.17|11.39|9.90|10.02|861000|10.02
2011-09-19|11.15|11.26|10.85|11.05|718800|11.05
2011-09-16|11.98|12.24|11.14|11.25|1387900|11.25
2011-09-15|12.08|12.40|11.87|11.99|418500|11.99
2011-09-14|12.48|12.51|12.02|12.09|686900|12.09
2011-09-13|12.24|12.83|11.55|12.46|1161600|12.46
2011-09-12|11.87|12.13|11.75|11.98|524500|11.98
2011-09-09|12.49|12.55|11.80|11.82|680200|11.82
2011-09-08|13.46|13.60|12.49|12.50|1556100|12.50
2011-09-07|12.99|13.66|12.95|13.56|602400|13.56
2011-09-06|12.32|12.60|12.11|12.49|450200|12.49
2011-09-02|13.17|13.30|12.73|12.77|534600|12.77
2011-09-01|14.28|14.30|13.48|13.52|410500|13.52
2011-08-31|14.50|14.71|13.94|14.10|659100|14.10
2011-08-30|14.10|14.47|13.91|14.36|265000|14.36
2011-08-29|13.75|14.35|13.75|14.24|278500|14.24
2011-08-26|13.30|14.13|13.20|13.57|506200|13.57
2011-08-25|13.68|14.10|13.36|13.42|504400|13.42
2011-08-24|14.19|14.45|13.50|13.79|550800|13.79
2011-08-23|13.94|14.39|13.70|14.29|761700|14.29
2011-08-22|14.17|14.59|13.50|13.53|502400|13.53
2011-08-19|14.32|14.43|13.55|13.57|589000|13.57
2011-08-18|15.29|15.45|14.39|14.43|784000|14.43
2011-08-17|16.00|16.00|15.33|15.57|284100|15.57
2011-08-16|15.62|15.91|15.52|15.82|322700|15.82
2011-08-15|15.58|16.00|15.53|15.87|480300|15.87
2011-08-12|16.01|16.16|15.40|15.46|644300|15.46
2011-08-11|15.81|16.00|15.25|15.89|531500|15.89
2011-08-10|15.80|16.68|15.40|15.70|1640000|15.70
2011-08-09|15.00|16.29|15.00|16.24|825900|16.24
2011-08-08|16.32|16.78|15.48|15.51|1161900|15.51
2011-08-05|17.28|17.63|16.52|17.08|606500|17.08
2011-08-04|18.20|18.28|17.36|17.36|476600|17.36
2011-08-03|18.67|18.75|18.24|18.49|323000|18.49
2011-08-02|18.95|19.41|18.68|18.74|497500|18.74
2011-08-01|19.82|19.91|18.83|19.15|491500|19.15
2011-07-29|18.95|19.70|18.58|19.63|998000|19.63
2011-07-28|19.42|19.63|19.13|19.16|286500|19.16
2011-07-27|20.16|20.33|19.49|19.50|705600|19.50
2011-07-26|20.13|20.95|20.10|20.33|704100|20.33
2011-07-25|21.98|22.10|20.85|20.88|945100|20.88
2011-07-22|22.39|22.51|22.10|22.32|445700|22.32
2011-07-21|22.45|22.63|22.32|22.51|417300|22.51
2011-07-20|22.61|22.79|22.25|22.46|448900|22.46
2011-07-19|22.69|22.99|22.35|22.58|869100|22.58
2011-07-18|22.29|22.71|22.17|22.60|1130100|22.60
2011-07-15|22.11|23.25|21.49|22.74|1315400|22.74
2011-07-14|21.00|23.36|20.40|22.09|2079800|22.09
2011-07-13|20.18|20.70|20.09|20.63|982500|20.63
2011-07-12|19.84|20.04|19.57|19.89|907200|19.89
2011-07-11|19.34|20.05|19.26|19.90|616700|19.90
2011-07-08|19.75|20.02|19.26|19.86|543900|19.86
2011-07-07|19.85|20.25|19.42|20.06|904400|20.06
2011-07-06|19.50|19.98|18.50|19.87|1181500|19.87
2011-07-05|19.95|19.95|19.40|19.42|705700|19.42
2011-07-01|19.30|19.80|19.30|19.71|1055200|19.71
2011-06-30|18.33|19.47|18.30|19.33|2020700|19.33
2011-06-29|18.01|18.63|17.83|18.32|1886100|18.32
2011-06-28|17.18|18.11|17.12|18.02|1250800|18.02
2011-06-27|17.26|17.39|16.95|17.17|697800|17.17
2011-06-24|17.36|17.41|16.89|16.95|1597600|16.95
2011-06-23|17.22|17.55|16.86|17.29|2285300|17.29
2011-06-22|17.15|17.85|16.97|17.53|3334800|17.53
2011-06-21|17.75|17.80|16.95|17.27|3740800|17.27
2011-06-20|16.21|16.66|16.05|16.39|1245000|16.39
2011-06-17|17.07|17.10|16.55|16.72|2024800|16.72
2011-06-16|17.52|17.68|16.44|16.88|2691300|16.88
2011-06-15|17.68|18.00|17.20|17.66|6231500|17.66
2011-06-14|20.88|21.13|20.64|20.67|10335900|20.67
2011-06-13|21.19|21.36|21.11|21.27|4564900|21.27
2011-06-10|21.13|21.31|21.04|21.17|4439500|21.17
2011-06-09|21.18|21.38|21.11|21.30|2139600|21.30
2011-06-08|20.81|21.35|20.79|21.33|4764700|21.33
2011-06-07|21.03|21.10|20.80|20.95|1845800|20.95
2011-06-06|20.82|21.12|20.79|20.84|1705500|20.84
2011-06-03|20.49|21.18|20.38|20.95|1396600|20.95
2011-06-02|20.95|21.15|20.73|20.85|978500|20.85
2011-06-01|20.99|21.21|20.88|21.02|2055400|21.02
2011-05-31|21.05|21.20|20.84|21.06|2196400|21.06
2011-05-27|20.80|21.02|20.77|20.79|1453100|20.79
2011-05-26|20.72|20.88|20.66|20.84|1682900|20.84
2011-05-25|20.69|21.00|20.63|20.69|3876800|20.69
2011-05-24|21.00|21.15|20.81|20.97|1800000|20.97
2011-05-23|20.95|21.15|20.78|20.96|1396500|20.96
2011-05-20|21.12|21.31|21.10|21.14|1374700|21.14
2011-05-19|21.14|21.36|20.88|21.30|1607800|21.30
2011-05-18|21.00|21.29|20.93|21.10|1565100|21.10
2011-05-17|21.03|21.14|20.84|21.01|2719600|21.01
2011-05-16|21.16|21.25|20.93|21.11|2002400|21.11
2011-05-13|21.07|21.41|20.95|21.23|2604000|21.23
2011-05-12|21.30|21.61|21.25|21.38|2438600|21.38
2011-05-11|21.42|21.54|21.31|21.36|2046900|21.36
2011-05-10|21.36|21.66|21.29|21.60|1862900|21.60
2011-05-09|21.43|21.55|21.12|21.48|2113300|21.48
2011-05-06|21.30|21.50|21.30|21.41|2797700|21.41
2011-05-05|21.23|21.73|21.23|21.50|2908100|21.50
2011-05-04|21.40|21.59|21.17|21.45|2838900|21.45
2011-05-03|21.26|21.60|21.21|21.54|2438900|21.54
2011-05-02|21.18|21.70|17.02|21.47|3565500|21.47
2011-04-29|22.44|22.60|21.44|21.69|18800000|21.69
2011-04-28|15.76|16.34|15.37|16.12|5400000|16.12
2011-04-27|15.85|15.96|15.50|15.90|1191300|15.90
2011-04-26|15.78|16.01|15.67|15.93|969000|15.93
2011-04-25|15.95|15.97|15.61|15.76|1233200|15.76
2011-04-21|15.40|15.95|15.40|15.90|2087500|15.90
2011-04-20|15.45|15.49|15.12|15.29|1518800|15.29
2011-04-19|15.29|15.52|14.87|15.26|2693400|15.26
2011-04-18|15.50|15.54|15.10|15.34|2889400|15.34
2011-04-15|15.98|16.42|15.56|15.74|3467600|15.74
2011-04-14|16.35|16.38|15.96|16.23|2243700|16.23
2011-04-13|16.46|16.66|16.11|16.44|2886800|16.44
2011-04-12|16.20|16.40|15.89|16.27|3572000|16.27
2011-04-11|16.88|16.98|16.25|16.39|1926400|16.39
2011-04-08|16.98|17.10|16.70|16.85|2421400|16.85
2011-04-07|17.29|17.36|16.83|17.07|2228900|17.07
2011-04-06|17.67|17.70|17.20|17.38|1695600|17.38
2011-04-05|17.30|17.53|17.06|17.50|2358700|17.50
2011-04-04|17.38|17.70|17.10|17.47|3443300|17.47
2011-04-01|17.39|17.39|16.84|17.19|1828900|17.19
2011-03-31|17.10|17.29|16.95|17.14|1969200|17.14
2011-03-30|17.05|17.49|16.98|17.09|3117200|17.09
2011-03-29|16.50|16.96|16.20|16.78|2046700|16.78
2011-03-28|16.82|16.94|16.46|16.53|3139700|16.53
2011-03-25|16.61|16.61|16.27|16.40|1326500|16.40
2011-03-24|16.50|16.78|16.24|16.40|2963400|16.40
2011-03-23|15.83|16.44|15.75|16.41|3205000|16.41
2011-03-22|16.26|16.26|15.57|15.71|2511100|15.71
2011-03-21|15.48|16.40|15.42|16.11|4456000|16.11
2011-03-18|15.97|16.05|15.21|15.38|4624900|15.38
2011-03-17|16.01|16.56|15.82|15.85|5462200|15.85
2011-03-16|15.97|16.00|15.24|15.61|7229500|15.61
2011-03-15|14.83|16.26|14.77|16.07|11752300|16.07
2011-03-14|14.82|14.87|14.17|14.50|4858900|14.50
2011-03-11|14.28|14.43|13.91|14.27|6835100|14.27
2011-03-10|15.49|15.49|14.54|14.66|6628400|14.66
2011-03-09|15.78|16.15|15.71|15.74|2818500|15.74
2011-03-08|15.87|15.99|15.36|15.71|3631800|15.71
2011-03-07|16.46|16.55|15.76|15.82|5327000|15.82
2011-03-04|16.79|16.87|16.35|16.42|3893900|16.42
2011-03-03|17.50|17.74|16.66|16.70|6609900|16.70
2011-03-02|17.25|17.50|16.90|17.25|3331100|17.25
2011-03-01|17.10|17.85|16.85|17.23|5253200|17.23
2011-02-28|17.37|17.57|16.84|17.07|4957200|17.07
2011-02-25|18.49|18.50|17.43|17.57|4338000|17.57
2011-02-24|17.89|18.43|17.89|18.34|3004400|18.34
2011-02-23|17.92|18.50|17.35|17.87|3247900|17.87
2011-02-22|17.87|18.61|17.50|17.82|5903500|17.82
2011-02-18|19.40|19.88|18.04|18.04|15091300|18.04
2011-02-17|17.09|17.54|16.89|17.43|5777500|17.43
2011-02-16|16.63|17.15|16.51|17.14|4808000|17.14
2011-02-15|16.48|16.60|16.09|16.58|2704500|16.58
2011-02-14|16.09|16.56|15.91|16.49|5385900|16.49
2011-02-11|15.26|16.05|15.09|16.04|2713000|16.04
2011-02-10|15.35|15.46|15.11|15.33|1540400|15.33
2011-02-09|15.46|15.74|15.22|15.45|1834700|15.45
2011-02-08|15.65|15.83|15.20|15.37|2133300|15.37
2011-02-07|15.20|15.74|15.10|15.74|3011200|15.74
2011-02-04|15.15|15.23|14.66|15.01|2088300|15.01
2011-02-03|15.10|15.25|14.64|15.24|2496000|15.24
2011-02-02|13.73|15.14|13.73|15.12|6546700|15.12
2011-02-01|13.61|13.90|13.47|13.85|2335500|13.85
2011-01-31|13.24|13.69|13.15|13.44|1617300|13.44
2011-01-28|13.77|14.01|13.18|13.21|3150400|13.21
2011-01-27|13.83|13.95|13.64|13.76|3088700|13.76
2011-01-26|14.50|14.55|13.69|13.70|3745400|13.70
2011-01-25|14.37|15.44|14.19|14.23|7530200|14.23
2011-01-24|14.07|14.75|14.06|14.47|3158100|14.47
2011-01-21|14.66|14.80|14.03|14.05|2064700|14.05
2011-01-20|14.46|14.57|14.00|14.57|2841600|14.57
2011-01-19|14.59|14.88|14.25|14.55|3537500|14.55
2011-01-18|13.87|14.66|13.73|14.54|3687600|14.54
2011-01-14|13.87|14.03|13.67|13.80|1777700|13.80
2011-01-13|14.28|14.30|13.85|13.90|1589500|13.90
2011-01-12|14.25|14.34|14.09|14.26|1353500|14.26
2011-01-11|14.31|14.39|13.82|14.10|3073800|14.10
2011-01-10|13.85|14.63|13.82|14.62|4310900|14.62
2011-01-07|13.68|13.71|13.11|13.44|1293200|13.44
2011-01-06|13.81|14.04|13.55|13.63|1563300|13.63
2011-01-05|13.48|14.02|13.32|13.86|2010700|13.86
2011-01-04|13.16|13.69|13.16|13.63|2756300|13.63
2011-01-03|12.90|13.26|12.90|13.06|1198900|13.06
2010-12-31|12.98|13.00|12.78|12.83|787700|12.83
2010-12-30|13.05|13.16|12.90|13.02|883800|13.02
2010-12-29|13.05|13.23|13.00|13.12|947800|13.12
2010-12-28|13.30|13.35|13.02|13.03|583300|13.03
2010-12-27|13.15|13.38|13.06|13.31|1046800|13.31
2010-12-23|13.30|13.41|13.12|13.15|1029800|13.15
2010-12-22|13.41|13.51|13.22|13.34|973900|13.34
2010-12-21|13.10|13.64|13.08|13.47|1804600|13.47
2010-12-20|13.49|13.49|13.02|13.10|1982100|13.10
2010-12-17|13.59|13.61|13.36|13.52|1171700|13.52
2010-12-16|13.29|13.59|13.15|13.58|1253800|13.58
2010-12-15|13.54|13.77|13.27|13.32|1461600|13.32
2010-12-14|13.56|13.95|13.54|13.60|1505700|13.60
2010-12-13|13.73|13.90|13.53|13.58|1509300|13.58
2010-12-10|13.02|13.96|12.96|13.78|4972100|13.78
2010-12-09|13.04|13.07|12.76|12.89|1390200|12.89
2010-12-08|12.75|12.89|12.56|12.86|1534800|12.86
2010-12-07|13.00|13.05|12.52|12.61|1903400|12.61
2010-12-06|12.81|12.91|12.62|12.84|1397100|12.84
2010-12-03|12.35|12.92|12.27|12.91|2024300|12.91
2010-12-02|12.11|12.49|12.11|12.47|1779500|12.47
2010-12-01|11.95|12.17|11.87|12.06|2136700|12.06
2010-11-30|11.90|11.91|11.64|11.65|2445900|11.65
2010-11-29|12.30|12.35|11.79|11.95|3131000|11.95
2010-11-26|12.07|12.14|11.78|11.93|768200|11.93
2010-11-24|12.16|12.29|12.05|12.17|1417200|12.17
2010-11-23|12.10|12.22|11.93|12.08|2882100|12.08
2010-11-22|12.25|12.57|12.10|12.29|2853900|12.29
2010-11-19|12.99|13.10|12.23|12.31|5941900|12.31
2010-11-18|13.57|13.99|13.13|13.20|2483100|13.20
2010-11-17|13.60|13.60|13.12|13.31|1980600|13.31
2010-11-16|13.95|14.04|13.39|13.50|3306800|13.50
2010-11-15|14.03|14.21|13.76|14.13|2049700|14.13
2010-11-12|14.56|15.01|13.58|13.97|7182900|13.97
2010-11-11|13.70|14.22|13.56|14.11|2193200|14.11
2010-11-10|13.92|14.15|13.69|14.13|2049600|14.13
2010-11-09|14.46|14.56|14.01|14.05|1527300|14.05
2010-11-08|14.31|14.78|14.26|14.39|1509300|14.39
2010-11-05|14.15|14.55|14.03|14.32|1696200|14.32
2010-11-04|13.79|14.11|13.71|14.11|2164500|14.11
2010-11-03|13.45|13.61|13.22|13.58|1123800|13.58
2010-11-02|13.38|13.42|13.15|13.41|1427800|13.41
2010-11-01|13.60|13.68|13.06|13.27|2329600|13.27
2010-10-29|13.70|13.77|13.52|13.60|1296400|13.60
2010-10-28|13.85|14.16|13.60|13.86|1291700|13.86
2010-10-27|13.62|13.96|13.51|13.77|862400|13.77
2010-10-26|13.52|14.14|13.50|13.76|1209800|13.76
2010-10-25|13.46|13.91|13.46|13.70|1133700|13.70
2010-10-22|13.74|13.75|13.42|13.43|912500|13.43
2010-10-21|13.55|13.91|13.32|13.66|1398400|13.66
2010-10-20|13.59|13.82|13.45|13.52|1462200|13.52
2010-10-19|13.85|13.90|13.38|13.50|2067800|13.50
2010-10-18|14.13|14.66|14.01|14.09|2121100|14.09
2010-10-15|14.76|14.76|13.94|14.12|2852700|14.12
2010-10-14|14.27|15.20|14.27|14.52|4009900|14.52
2010-10-13|14.39|14.56|14.21|14.24|1264600|14.24
2010-10-12|14.00|14.57|14.00|14.30|2172300|14.30
2010-10-11|13.85|14.42|13.85|14.00|2379100|14.00
2010-10-08|13.64|13.89|13.37|13.81|1807300|13.81
2010-10-07|13.71|13.85|13.51|13.78|1241400|13.78
2010-10-06|13.63|13.77|13.52|13.57|1502200|13.57
2010-10-05|14.05|14.06|13.53|13.67|2086800|13.67
2010-10-04|13.71|13.91|13.30|13.48|1709600|13.48
2010-10-01|14.55|14.56|13.86|14.06|1253500|14.06
2010-09-30|14.50|14.69|14.02|14.40|2303700|14.40
2010-09-29|13.62|14.49|13.59|14.30|3387100|14.30
2010-09-28|13.57|13.79|13.16|13.68|1577900|13.68
2010-09-27|13.83|13.88|13.50|13.52|2163800|13.52
2010-09-24|13.58|14.00|13.56|13.94|3515200|13.94
2010-09-23|12.26|14.13|12.10|13.92|7089200|13.92
2010-09-22|12.59|12.75|12.36|12.62|1377300|12.62
2010-09-21|12.47|12.76|12.40|12.60|1332700|12.60
2010-09-20|12.03|12.60|11.98|12.50|2263000|12.50
2010-09-17|12.43|12.45|11.99|12.03|1548300|12.03
2010-09-16|12.30|12.57|12.27|12.33|1138600|12.33
2010-09-15|12.35|12.49|12.08|12.37|1350600|12.37
2010-09-14|12.15|12.60|12.05|12.50|1952000|12.50
2010-09-13|12.14|12.37|11.91|12.33|2751400|12.33
2010-09-10|11.56|12.15|11.56|12.09|2419900|12.09
2010-09-09|11.69|11.90|11.45|11.60|1906100|11.60
2010-09-08|11.26|11.62|11.23|11.60|1795500|11.60
2010-09-07|11.37|11.45|11.20|11.29|1530500|11.29
2010-09-03|11.53|11.63|11.26|11.47|1804000|11.47
2010-09-02|11.05|11.28|10.88|11.19|1279000|11.19
2010-09-01|11.06|11.25|10.98|11.12|2317000|11.12
2010-08-31|10.42|10.91|10.35|10.79|2575600|10.79
2010-08-30|11.43|11.45|10.53|10.53|3257900|10.53
2010-08-27|10.50|11.34|10.43|11.22|7979900|11.22
2010-08-26|10.34|10.58|9.98|10.03|2939300|10.03
2010-08-25|10.00|10.38|9.61|10.25|4593600|10.25
2010-08-24|10.50|10.52|10.01|10.11|4188800|10.11
2010-08-23|10.89|11.02|10.53|10.54|1881900|10.54
2010-08-20|11.04|11.14|10.74|10.89|1394900|10.89
2010-08-19|11.40|11.49|11.02|11.07|2307400|11.07
2010-08-18|11.63|11.95|11.48|11.55|2316000|11.55
2010-08-17|11.76|11.88|11.60|11.67|1856000|11.67
2010-08-16|11.97|12.06|11.61|11.65|2499700|11.65
2010-08-13|12.30|12.55|12.02|12.07|1506600|12.07
2010-08-12|12.45|12.64|12.19|12.39|2068600|12.39
2010-08-11|13.45|13.50|12.36|12.39|5396800|12.39
2010-08-10|13.57|13.73|12.85|12.93|3026600|12.93
2010-08-09|12.90|13.49|12.89|13.48|1931400|13.48
2010-08-06|12.75|12.89|12.51|12.82|1401000|12.82
2010-08-05|12.71|12.99|12.71|12.90|1135000|12.90
2010-08-04|12.88|12.97|12.66|12.89|859200|12.89
2010-08-03|13.03|13.18|12.70|12.78|1186100|12.78
2010-08-02|12.75|13.05|12.59|12.97|1326400|12.97
2010-07-30|12.46|12.62|12.25|12.43|1583400|12.43
2010-07-29|13.31|13.58|12.57|12.66|2498600|12.66
2010-07-28|13.34|13.39|13.00|13.09|1535400|13.09
2010-07-27|13.62|13.92|13.28|13.33|2202700|13.33
2010-07-26|13.52|13.64|13.28|13.34|1862100|13.34
2010-07-23|14.24|14.26|13.28|13.45|2722200|13.45
2010-07-22|13.48|14.19|13.26|14.15|2975400|14.15
2010-07-21|13.51|13.65|12.97|12.98|1986500|12.98
2010-07-20|13.27|13.55|13.13|13.42|1805400|13.42
2010-07-19|13.44|13.78|13.18|13.48|1525200|13.48
2010-07-16|13.87|14.11|13.42|13.46|2097800|13.46
2010-07-15|14.44|14.52|13.74|13.98|2930600|13.98
2010-07-14|14.01|14.73|13.87|14.49|2850800|14.49
2010-07-13|13.96|14.18|13.73|14.17|2259600|14.17
2010-07-12|14.26|14.36|13.62|13.81|1803400|13.81
2010-07-09|14.02|14.40|13.75|14.39|2034200|14.39
2010-07-08|13.89|14.07|13.47|14.02|2376700|14.02
2010-07-07|12.72|13.45|12.70|13.41|2223100|13.41
2010-07-06|13.26|13.45|12.64|12.69|2041600|12.69
2010-07-02|12.71|13.13|12.56|12.81|1716400|12.81
2010-07-01|12.27|12.70|12.00|12.65|1955000|12.65
2010-06-30|12.02|12.52|12.00|12.10|1396900|12.10
2010-06-29|12.70|12.71|11.89|12.02|2474900|12.02
2010-06-28|13.18|13.44|12.83|12.85|1542900|12.85
2010-06-25|13.62|13.62|12.98|13.27|3636700|13.27
2010-06-24|14.11|14.15|13.30|13.38|1691000|13.38
2010-06-23|14.28|14.56|13.90|14.19|1260200|14.19
2010-06-22|14.46|14.77|14.28|14.30|1001500|14.30
2010-06-21|15.12|15.34|14.41|14.51|1580100|14.51
2010-06-18|14.77|14.86|14.25|14.86|2389100|14.86
2010-06-17|14.25|14.99|13.99|14.79|3324400|14.79
2010-06-16|14.20|14.36|13.98|14.06|2153500|14.06
2010-06-15|13.53|14.40|13.53|14.23|2609500|14.23
2010-06-14|13.63|14.00|13.42|13.51|2589300|13.51
2010-06-11|12.65|13.41|12.56|13.40|2118500|13.40
2010-06-10|11.66|12.99|11.66|12.85|3223600|12.85
2010-06-09|11.88|12.07|11.26|11.37|2363500|11.37
2010-06-08|11.99|12.10|11.35|11.61|2052100|11.61
2010-06-07|12.72|12.79|11.63|11.79|3203500|11.79
2010-06-04|12.76|13.82|12.70|12.89|4199400|12.89
2010-06-03|13.25|13.33|12.64|13.13|2725400|13.13
2010-06-02|12.68|13.15|12.12|13.11|4283400|13.11
2010-06-01|13.09|13.52|12.22|12.25|3729700|12.25
2010-05-28|13.39|13.53|12.70|13.23|6089100|13.23
2010-05-27|11.59|13.25|11.40|13.20|8866000|13.20
2010-05-26|10.97|11.21|10.63|10.80|6113600|10.80
2010-05-25|10.47|10.88|10.11|10.73|3408900|10.73
2010-05-24|11.11|11.41|10.86|10.92|2701200|10.92
2010-05-21|11.25|11.88|10.75|11.22|4627400|11.22
2010-05-20|10.87|12.12|10.69|11.75|6097900|11.75
2010-05-19|11.59|11.59|10.71|11.30|5934500|11.30
2010-05-18|12.28|12.34|11.57|11.60|4981200|11.60
2010-05-17|13.10|13.22|11.90|12.07|4988400|12.07
2010-05-14|13.91|13.95|12.96|13.05|4198700|13.05
2010-05-13|14.18|14.48|13.98|14.12|2505500|14.12
2010-05-12|14.41|14.95|13.92|14.18|7024400|14.18
2010-05-11|15.14|15.81|15.10|15.29|3278200|15.29
2010-05-10|15.18|15.45|14.90|15.29|3233000|15.29
2010-05-07|14.77|15.07|14.05|14.35|2824600|14.35
2010-05-06|15.73|16.06|14.00|14.75|3687500|14.75
2010-05-05|15.79|16.08|15.50|16.00|2988800|16.00
2010-05-04|16.63|16.66|16.00|16.09|2774900|16.09
2010-05-03|16.85|17.07|16.59|16.94|2290300|16.94
2010-04-30|17.00|17.09|16.55|16.60|1396200|16.60
2010-04-29|17.03|17.21|16.69|17.01|2897200|17.01
2010-04-28|17.37|17.45|16.19|16.38|4980500|16.38
2010-04-27|17.81|18.10|17.25|17.27|3081200|17.27
2010-04-26|18.20|18.42|17.83|18.07|2038600|18.07
2010-04-23|18.07|18.22|17.90|18.22|1276200|18.22
2010-04-22|17.80|18.06|17.50|17.88|2432800|17.88
2010-04-21|18.90|18.90|17.85|17.94|3032700|17.94
2010-04-20|18.10|18.91|18.10|18.91|3869800|18.91
2010-04-19|18.17|18.25|17.75|18.03|2016300|18.03
2010-04-16|18.50|18.55|17.93|18.29|3906300|18.29
2010-04-15|18.38|18.72|18.16|18.67|4651900|18.67
2010-04-14|18.36|18.40|17.97|18.26|3325800|18.26
2010-04-13|18.38|18.43|18.12|18.15|1615800|18.15
2010-04-12|18.17|18.48|18.13|18.32|2040700|18.32
2010-04-09|18.70|18.79|18.15|18.18|2589000|18.18
2010-04-08|18.96|19.23|18.56|18.56|2803300|18.56
2010-04-07|19.17|19.36|18.83|19.29|1907500|19.29
2010-04-06|18.77|18.95|18.68|18.81|1495200|18.81
2010-04-05|19.15|19.18|18.95|19.08|848400|19.08
2010-04-01|19.04|19.32|18.76|19.01|1877900|19.01
2010-03-31|19.22|19.26|18.71|18.77|1722500|18.77
2010-03-30|18.98|19.27|18.80|19.23|2855100|19.23
2010-03-29|18.38|19.00|18.38|18.82|2655600|18.82
2010-03-26|18.08|18.55|18.05|18.22|3684000|18.22
2010-03-25|18.73|19.07|17.98|18.02|3586900|18.02
2010-03-24|18.38|18.76|18.31|18.50|1943000|18.50
2010-03-23|18.34|18.78|18.27|18.47|2740300|18.47
2010-03-22|18.84|18.84|18.10|18.21|4673200|18.21
2010-03-19|20.09|20.17|18.62|18.96|11225100|18.96
2010-03-18|22.02|22.19|21.56|22.04|2531700|22.04
2010-03-17|21.50|22.04|21.41|21.90|3295700|21.90
2010-03-16|20.81|21.24|20.66|21.24|1211800|21.24
2010-03-15|21.34|21.58|20.65|20.92|1294100|20.92
2010-03-12|21.36|21.70|21.12|21.40|1285500|21.40
2010-03-11|21.14|21.53|20.78|21.23|1469100|21.23
2010-03-10|20.27|21.15|20.27|21.03|1694400|21.03
2010-03-09|20.36|20.53|20.00|20.11|931000|20.11
2010-03-08|20.35|20.59|20.28|20.46|1640000|20.46
2010-03-05|20.30|20.58|20.10|20.42|2565600|20.42
2010-03-04|20.19|20.40|20.05|20.28|2730900|20.28
2010-03-03|19.50|20.05|19.37|19.81|2397700|19.81
2010-03-02|18.98|19.46|18.98|19.20|2392100|19.20
2010-03-01|18.78|19.06|18.65|19.05|1856500|19.05
2010-02-26|19.20|19.20|18.56|18.75|1901500|18.75
2010-02-25|18.50|18.68|17.82|18.56|2778100|18.56
2010-02-24|19.24|19.41|18.61|18.73|1965100|18.73
2010-02-23|19.63|19.70|19.05|19.13|2281300|19.13
2010-02-22|19.79|20.27|19.50|19.72|3445300|19.72
2010-02-19|19.77|20.05|19.68|19.79|1989100|19.79
2010-02-18|19.92|20.39|19.92|20.19|1857400|20.19
2010-02-17|20.44|20.57|19.90|20.15|2611900|20.15
2010-02-16|20.14|20.54|20.02|20.27|2999500|20.27
2010-02-12|20.20|20.20|19.33|19.69|3883300|19.69
2010-02-11|19.51|20.33|19.30|20.22|3076500|20.22
2010-02-10|19.72|19.72|18.92|19.11|1543800|19.11
2010-02-09|19.38|19.65|19.15|19.55|1371000|19.55
2010-02-08|19.53|19.56|19.02|19.03|1501400|19.03
2010-02-05|19.85|19.97|18.92|19.65|2434900|19.65
2010-02-04|20.71|20.95|19.61|19.61|2289400|19.61
2010-02-03|20.91|21.35|20.90|21.22|1326300|21.22
2010-02-02|21.28|21.28|20.50|20.98|2450300|20.98
2010-02-01|20.66|21.07|20.52|21.07|1423400|21.07
2010-01-29|21.20|21.59|20.37|20.39|1728700|20.39
2010-01-28|21.48|21.62|20.77|20.94|1973800|20.94
2010-01-27|21.93|21.95|20.52|20.83|3140100|20.83
2010-01-26|21.57|22.53|21.36|21.67|4915500|21.67
2010-01-25|21.31|22.04|20.75|20.84|3380600|20.84
2010-01-22|22.10|22.11|21.01|21.09|3296200|21.09
2010-01-21|22.27|22.85|21.95|21.98|3810800|21.98
2010-01-20|22.72|22.75|22.03|22.06|3175900|22.06
2010-01-19|23.39|23.54|22.88|23.04|2051300|23.04
2010-01-15|24.05|24.08|23.31|23.62|2161600|23.62
2010-01-14|24.96|25.30|23.70|23.91|3204800|23.91
2010-01-13|25.19|25.50|24.70|25.02|1243400|25.02
2010-01-12|25.56|25.64|25.01|25.23|1784800|25.23
2010-01-11|26.15|26.35|25.57|25.78|2215800|25.78
2010-01-08|25.57|25.78|25.10|25.28|1898900|25.28
2010-01-07|25.76|25.95|25.40|25.85|2010900|25.85
2010-01-06|24.90|25.79|24.86|25.77|2174000|25.77
2010-01-05|23.85|24.90|23.83|24.85|2056800|24.85
2010-01-04|24.01|24.10|23.50|23.95|1411100|23.95
2009-12-31|23.85|23.97|23.56|23.68|700100|23.68
2009-12-30|23.85|23.94|23.60|23.91|1391800|23.91
2009-12-29|24.39|24.50|23.79|24.01|1048000|24.01
2009-12-28|24.23|24.48|24.15|24.26|882900|24.26
2009-12-24|24.50|24.62|24.16|24.31|221200|24.31
2009-12-23|24.38|24.48|23.95|24.31|845200|24.31
2009-12-22|24.74|24.95|24.18|24.30|1115100|24.30
2009-12-21|24.53|24.77|24.15|24.51|1514300|24.51
2009-12-18|24.40|24.78|23.86|24.41|2175600|24.41
2009-12-17|24.36|24.90|23.86|24.31|2137400|24.31
2009-12-16|24.40|24.86|24.01|24.20|2270400|24.20
2009-12-15|23.71|24.60|23.52|24.12|3053200|24.12
2009-12-14|23.12|23.38|22.60|23.19|1605500|23.19
2009-12-11|22.90|23.49|22.56|22.76|1986900|22.76
2009-12-10|23.38|23.54|22.63|22.67|1933100|22.67
2009-12-09|23.66|23.89|23.21|23.36|1467400|23.36
2009-12-08|23.84|24.16|23.44|23.46|3567000|23.46
2009-12-07|23.00|24.61|22.94|24.45|4723900|24.45
2009-12-04|22.82|23.17|21.75|22.31|3422000|22.31
2009-12-03|21.91|22.70|21.50|22.51|3489300|22.51
2009-12-02|21.82|21.82|21.23|21.53|2326200|21.53
2009-12-01|21.84|21.98|21.35|21.62|3347300|21.62
2009-11-30|20.18|20.74|20.08|20.67|2117800|20.67
2009-11-27|20.03|20.41|20.00|20.05|1150500|20.05
2009-11-25|21.14|21.20|20.68|20.80|1359500|20.80
2009-11-24|21.06|21.30|20.70|20.90|1761900|20.90
2009-11-23|21.73|22.07|20.93|21.06|2761800|21.06
2009-11-20|21.45|21.86|21.20|21.48|2162000|21.48
2009-11-19|22.10|22.16|21.07|21.46|4040700|21.46
2009-11-18|22.46|22.52|21.90|22.08|5177400|22.08
2009-11-17|22.77|22.97|21.67|22.19|18314400|22.19
2009-11-16|26.52|27.54|26.52|27.23|1731900|27.23
2009-11-13|25.97|26.46|25.28|26.42|2601900|26.42
2009-11-12|27.03|27.20|25.63|25.72|2146800|25.72
2009-11-11|27.60|27.62|27.09|27.30|785400|27.30
2009-11-10|27.32|27.72|26.99|27.19|1672900|27.19
2009-11-09|27.24|27.64|27.00|27.45|1766000|27.45
2009-11-06|26.23|26.70|26.00|26.60|1699300|26.60
2009-11-05|26.08|26.79|26.02|26.65|2147400|26.65
2009-11-04|25.76|26.49|25.14|25.31|2180900|25.31
2009-11-03|24.52|25.60|24.31|25.35|1796700|25.35
2009-11-02|25.30|25.67|24.41|24.75|1787000|24.75
2009-10-30|25.76|25.84|24.64|24.81|2118200|24.81
2009-10-29|25.59|26.26|25.27|25.51|2460300|25.51
2009-10-28|26.83|26.87|25.50|25.59|2135000|25.59
2009-10-27|27.82|28.08|26.61|26.78|2568300|26.78
2009-10-26|28.33|28.87|27.00|27.07|3344800|27.07
2009-10-23|29.64|30.35|28.11|28.35|7548600|28.35
2009-10-22|32.68|33.58|31.60|33.30|3150500|33.30
2009-10-21|32.87|33.64|32.23|32.36|2037100|32.36
2009-10-20|33.17|33.80|32.05|33.21|2363400|33.21
2009-10-19|32.00|33.97|31.75|33.70|2916300|33.70
2009-10-16|32.00|32.17|31.42|31.60|1226500|31.60
2009-10-15|32.96|32.98|31.71|32.43|2548800|32.43
2009-10-14|32.80|32.99|31.69|32.44|2026900|32.44
2009-10-13|32.50|32.82|31.65|32.55|1196500|32.55
2009-10-12|31.89|32.98|31.84|32.82|2479100|32.82
2009-10-09|30.85|31.74|30.38|31.49|1444700|31.49
2009-10-08|30.22|31.17|29.92|30.70|1662200|30.70
2009-10-07|29.01|29.96|28.82|29.79|1128400|29.79
2009-10-06|28.89|29.34|27.96|28.74|1773100|28.74
2009-10-05|27.52|28.29|27.32|27.99|1448000|27.99
2009-10-02|28.48|28.99|27.48|27.53|2096600|27.53
2009-10-01|29.75|29.83|28.25|28.47|1869400|28.47
2009-09-30|30.58|31.00|29.76|29.89|1584300|29.89
2009-09-29|30.00|31.12|29.96|30.44|1866100|30.44
2009-09-28|30.19|30.50|29.59|30.27|2297500|30.27
2009-09-25|29.26|30.66|29.20|30.53|1479000|30.53
2009-09-24|31.41|31.64|29.67|29.68|2210200|29.68
2009-09-23|32.50|32.50|31.34|31.50|1415500|31.50
2009-09-22|33.00|33.73|32.36|32.53|1973000|32.53
2009-09-21|32.32|32.68|31.80|32.39|1739800|32.39
2009-09-18|32.33|33.20|32.12|33.09|1605500|33.09
2009-09-17|31.71|32.80|31.39|32.33|2584200|32.33
2009-09-16|30.86|31.80|30.32|31.47|1817900|31.47
2009-09-15|28.94|30.91|28.94|30.79|2400900|30.79
2009-09-14|28.60|29.72|27.87|29.59|2748600|29.59
2009-09-11|28.05|29.40|28.05|29.15|2868300|29.15
2009-09-10|27.27|28.09|27.27|28.00|1259600|28.00
2009-09-09|27.49|28.75|26.87|27.31|2978300|27.31
2009-09-08|26.47|27.40|26.20|27.28|2063000|27.28
2009-09-04|25.97|26.08|25.11|26.07|1069300|26.07
2009-09-03|24.51|25.92|24.16|25.79|2147200|25.79
2009-09-02|24.15|24.58|23.68|24.24|1619900|24.24
2009-09-01|25.08|25.52|24.02|24.19|1709100|24.19
2009-08-31|25.54|25.84|25.15|25.35|1034000|25.35
2009-08-28|25.90|26.53|25.85|26.14|804600|26.14
2009-08-27|25.59|25.95|25.20|25.93|1446800|25.93
2009-08-26|26.07|26.43|25.55|25.79|1342900|25.79
2009-08-25|26.48|26.68|26.07|26.20|1790500|26.20
2009-08-24|26.41|27.33|26.34|26.75|1871300|26.75
2009-08-21|26.96|27.05|26.13|26.25|2051900|26.25
2009-08-20|26.91|27.13|26.57|26.65|2146400|26.65
2009-08-19|26.20|26.60|25.75|26.43|1878300|26.43
2009-08-18|27.02|27.45|26.55|26.72|1644500|26.72
2009-08-17|26.81|26.99|26.25|26.57|1610500|26.57
2009-08-14|29.00|29.00|27.50|27.65|1979700|27.65
2009-08-13|29.00|29.00|28.01|28.32|1824800|28.32
2009-08-12|29.26|29.50|28.66|28.76|2650500|28.76
2009-08-11|30.61|31.24|30.00|30.11|1335400|30.11
2009-08-10|30.29|31.20|30.17|30.90|1464800|30.90
2009-08-07|30.80|30.94|29.85|30.69|1852100|30.69
2009-08-06|31.69|31.85|30.25|30.44|1713800|30.44
2009-08-05|33.02|33.02|30.75|31.04|2683000|31.04
2009-08-04|31.96|33.40|31.96|32.34|3337200|32.34
2009-08-03|32.28|32.99|31.78|32.50|2261400|32.50
2009-07-31|32.01|32.75|31.58|32.20|2819700|32.20
2009-07-30|31.93|34.00|31.80|33.45|4626800|33.45
2009-07-29|30.57|31.59|30.30|31.29|3284000|31.29
2009-07-28|30.01|31.91|29.80|31.35|4521700|31.35
2009-07-27|31.49|31.49|29.50|30.79|6328000|30.79
2009-07-24|29.70|32.46|29.64|32.04|14452300|32.04
2009-07-23|24.13|25.60|23.94|24.85|4718200|24.85
2009-07-22|23.95|24.25|23.35|24.03|2784900|24.03
2009-07-21|23.46|24.70|23.31|24.09|3501300|24.09
2009-07-20|23.55|23.66|22.68|23.08|1917200|23.08
2009-07-17|23.49|23.81|23.07|23.29|1363500|23.29
2009-07-16|23.67|24.11|23.25|23.61|1543000|23.61
2009-07-15|22.96|23.70|22.95|23.69|2107700|23.69
2009-07-14|22.94|22.94|22.17|22.74|3428800|22.74
2009-07-13|22.65|23.22|22.14|23.15|1770000|23.15
2009-07-10|23.64|23.67|22.11|22.35|2588000|22.35
2009-07-09|23.75|24.06|23.04|23.44|2468000|23.44
2009-07-08|23.99|23.99|22.52|23.22|2818500|23.22
2009-07-07|24.37|24.93|23.83|23.92|2225600|23.92
2009-07-06|25.76|25.77|23.80|24.51|3128000|24.51
2009-07-02|26.97|27.18|26.20|26.23|2096600|26.23
2009-07-01|26.98|27.28|26.83|27.06|2169300|27.06
2009-06-30|26.77|26.90|26.20|26.61|2058700|26.61
2009-06-29|27.39|27.39|26.00|26.27|2912700|26.27
2009-06-26|27.11|27.31|26.20|26.81|5733600|26.81
2009-06-25|27.10|27.45|26.25|26.39|4049400|26.39
2009-06-24|27.42|27.86|26.77|27.20|3217900|27.20
2009-06-23|27.35|27.44|26.02|26.87|2426600|26.87
2009-06-22|28.44|28.49|26.21|26.75|3510600|26.75
2009-06-19|29.57|29.80|28.29|28.49|3878400|28.49
2009-06-18|27.81|28.41|27.01|28.07|2289300|28.07
2009-06-17|28.96|29.02|27.37|28.01|2501400|28.01
2009-06-16|30.45|31.35|28.78|29.00|3363200|29.00
2009-06-15|31.86|32.02|30.15|30.30|2720800|30.30
2009-06-12|31.79|31.95|31.15|31.90|1770400|31.90
2009-06-11|32.36|32.63|31.39|32.34|2326400|32.34
2009-06-10|31.31|32.52|31.26|32.22|2968000|32.22
2009-06-09|30.45|31.41|30.09|30.55|2839100|30.55
2009-06-08|31.40|31.44|28.66|29.89|4680100|29.89
2009-06-05|30.91|32.68|29.90|31.57|4727500|31.57
2009-06-04|28.91|30.13|28.65|29.94|2223300|29.94
2009-06-03|30.12|30.15|27.90|28.58|2442400|28.58
2009-06-02|29.91|30.55|29.19|30.07|2586900|30.07
2009-06-01|29.85|30.20|29.54|29.76|2641200|29.76
2009-05-29|28.35|29.22|27.91|29.03|1924300|29.03
2009-05-28|28.75|28.79|26.96|27.78|2116100|27.78
2009-05-27|27.10|29.07|26.95|28.16|2651500|28.16
2009-05-26|25.97|27.14|25.82|27.06|1933100|27.06
2009-05-22|27.97|27.97|26.44|26.60|892100|26.60
2009-05-21|28.19|28.19|26.80|27.08|1337300|27.08
2009-05-20|28.21|29.50|27.75|28.37|3426500|28.37
2009-05-19|26.22|28.19|26.20|27.78|2621300|27.78
2009-05-18|24.74|26.49|24.30|26.33|2583300|26.33
2009-05-15|25.65|26.01|24.69|25.05|1800700|25.05
2009-05-14|25.14|25.55|24.43|25.21|2178700|25.21
2009-05-13|26.50|26.67|24.96|25.30|2830000|25.30
2009-05-12|28.39|28.50|26.51|27.25|2082000|27.25
2009-05-11|28.19|28.45|27.30|27.69|1605700|27.69
2009-05-08|29.58|29.68|27.75|29.00|2179400|29.00
2009-05-07|29.82|30.91|27.96|28.35|2245700|28.35
2009-05-06|29.47|30.25|28.68|29.17|3149200|29.17
2009-05-05|30.11|30.13|27.88|28.50|2822000|28.50
2009-05-04|26.81|31.00|26.81|30.18|4244200|30.18
2009-05-01|27.60|27.98|26.36|26.72|1809600|26.72
2009-04-30|26.87|29.16|26.50|27.38|5627500|27.38
2009-04-29|23.35|25.29|23.00|25.05|11965000|25.05
2009-04-28|22.43|23.07|22.10|22.61|4957300|22.61
2009-04-27|24.54|24.95|23.53|24.04|2459700|24.04
2009-04-24|24.38|26.50|24.10|25.41|3968800|25.41
2009-04-23|27.84|28.15|25.87|25.93|3253800|25.93
2009-04-22|25.89|29.39|25.10|27.30|3144200|27.30
2009-04-21|24.20|25.68|23.95|25.30|1713800|25.30
2009-04-20|26.27|26.35|24.23|24.23|1678400|24.23
2009-04-17|26.47|26.56|25.71|26.45|1719700|26.45
2009-04-16|27.46|27.46|26.02|26.49|1420100|26.49
2009-04-15|27.05|28.08|25.53|26.26|2211500|26.26
2009-04-14|25.22|27.01|25.08|26.51|1975300|26.51
2009-04-13|25.12|25.65|24.69|25.36|1248300|25.36
2009-04-09|24.00|26.10|23.91|26.04|2255000|26.04
2009-04-08|23.12|23.85|22.82|23.40|1345300|23.40
2009-04-07|24.04|24.36|22.89|22.97|1504100|22.97
2009-04-06|24.41|25.33|23.75|24.62|1586500|24.62
2009-04-03|25.10|25.45|23.81|24.67|1911000|24.67
2009-04-02|25.30|26.71|25.15|25.56|2569200|25.56
2009-04-01|24.42|24.76|23.19|24.59|2494800|24.59
2009-03-31|23.46|25.30|22.61|23.78|2908400|23.78
2009-03-30|24.10|24.79|23.02|23.82|2292000|23.82
2009-03-27|25.90|26.55|24.53|25.30|3233400|25.30
2009-03-26|24.98|29.73|24.91|26.68|5777100|26.68
2009-03-25|23.94|25.10|23.10|24.04|1700800|24.04
2009-03-24|24.01|24.38|22.94|23.96|1701600|23.96
2009-03-23|23.43|24.85|23.30|24.80|1520300|24.80
2009-03-20|25.19|25.19|22.36|22.47|2296600|22.47
2009-03-19|22.27|24.52|22.17|24.37|2968700|24.37
2009-03-18|21.29|21.90|20.95|21.65|2445100|21.65
2009-03-17|21.75|21.95|19.70|20.91|3846900|20.91
2009-03-16|23.95|24.79|22.92|23.31|2404100|23.31
2009-03-13|22.33|24.60|22.22|24.38|1999800|24.38
2009-03-12|22.46|23.61|21.68|23.10|3304500|23.10
2009-03-11|25.00|25.16|21.20|24.05|4883200|24.05
2009-03-10|22.92|26.27|22.72|25.56|2252900|25.56
2009-03-09|23.38|23.39|21.79|22.17|1900100|22.17
2009-03-06|24.80|24.94|22.37|23.39|1663500|23.39
2009-03-05|25.94|26.07|23.58|23.88|2416200|23.88
2009-03-04|27.20|27.65|26.50|26.55|1400000|26.55
2009-03-03|26.03|26.80|24.42|25.81|1933400|25.81
2009-03-02|27.51|27.84|25.19|25.38|1653800|25.38
2009-02-27|28.60|29.20|27.71|27.89|1894700|27.89
2009-02-26|31.90|31.97|29.20|29.57|2103200|29.57
2009-02-25|30.25|31.19|29.90|30.42|2715200|30.42
2009-02-24|31.15|33.25|30.24|33.07|2211000|33.07
2009-02-23|31.51|32.17|29.62|29.88|1489300|29.88
2009-02-20|31.25|31.98|30.51|30.92|1893800|30.92
2009-02-19|33.50|34.83|32.13|32.13|3409500|32.13
2009-02-18|32.07|33.70|31.71|32.15|1593800|32.15
2009-02-17|34.75|34.84|32.02|32.11|1849700|32.11
2009-02-13|34.96|36.05|34.50|35.00|1525000|35.00
2009-02-12|33.50|34.84|32.89|34.27|1495100|34.27
2009-02-11|35.31|36.35|33.06|34.70|1528900|34.70
2009-02-10|36.00|38.17|35.02|35.15|1959000|35.15
2009-02-09|35.60|36.96|35.06|35.94|1402200|35.94
2009-02-06|35.20|36.65|35.10|35.69|1422300|35.69
2009-02-05|34.84|36.00|34.05|35.30|1852900|35.30
2009-02-04|33.85|36.19|33.31|34.89|2441300|34.89
2009-02-03|32.25|33.75|31.83|32.67|1688600|32.67
2009-02-02|33.47|33.47|30.91|31.88|2465100|31.88
2009-01-30|32.33|35.29|30.67|33.56|8234800|33.56
2009-01-29|29.79|29.99|28.21|28.68|2154200|28.68
2009-01-28|30.05|31.79|29.55|30.48|1985200|30.48
2009-01-27|28.31|30.04|27.55|29.55|2243200|29.55
2009-01-26|31.31|31.86|28.54|28.80|2001700|28.80
2009-01-23|29.04|30.96|27.90|30.26|2272300|30.26
2009-01-22|31.28|32.56|28.30|29.17|2619100|29.17
2009-01-21|32.25|32.78|30.88|32.50|1217200|32.50
2009-01-20|33.68|33.68|30.66|30.85|1526100|30.85
2009-01-16|33.46|34.55|31.25|33.62|1856200|33.62
2009-01-15|31.63|34.19|30.60|32.90|2079800|32.90
2009-01-14|33.50|34.45|30.39|30.76|2153000|30.76
2009-01-13|34.25|34.95|33.14|34.82|1368300|34.82
2009-01-12|39.00|39.00|33.59|34.89|2707800|34.89
2009-01-09|40.99|41.22|38.50|38.66|2332300|38.66
2009-01-08|38.90|41.99|38.09|39.65|2301400|39.65
2009-01-07|41.31|41.35|36.68|38.07|1759900|38.07
2009-01-06|44.46|44.46|40.29|42.24|1902400|42.24
2009-01-05|41.48|46.30|40.61|45.15|1639500|45.15
2009-01-02|37.19|42.24|37.01|41.40|1290800|41.40
2008-12-31|36.70|37.67|36.13|37.00|824400|37.00
2008-12-30|35.93|36.50|34.34|36.34|1334700|36.34
2008-12-29|35.50|36.50|34.34|35.36|915300|35.36
2008-12-26|34.00|35.55|33.93|35.38|385700|35.38
2008-12-24|34.65|34.65|33.68|34.31|196800|34.31
2008-12-23|34.89|35.45|33.80|34.13|1085200|34.13
2008-12-22|35.47|35.47|31.57|33.99|846500|33.99
2008-12-19|34.85|35.79|33.40|35.00|1348100|35.00
2008-12-18|37.50|38.68|34.21|34.69|2406900|34.69
2008-12-17|31.70|37.12|31.30|36.82|2257700|36.82
2008-12-16|31.75|32.49|30.39|32.25|1212200|32.25
2008-12-15|33.25|33.61|30.22|30.54|827600|30.54
2008-12-12|30.01|33.31|29.55|32.87|1947400|32.87
2008-12-11|31.60|34.20|30.87|31.47|1683900|31.47
2008-12-10|31.05|33.45|30.65|32.01|1732000|32.01
2008-12-09|33.84|34.42|30.60|30.84|1615500|30.84
2008-12-08|34.78|36.80|34.18|34.89|1626600|34.89
2008-12-05|29.85|32.70|28.56|32.70|1481900|32.70
2008-12-04|33.87|34.97|29.49|30.07|2155100|30.07
2008-12-03|29.24|34.83|28.35|34.40|2683200|34.40
2008-12-02|30.50|30.50|28.90|30.17|1874400|30.17
2008-12-01|31.30|32.80|28.44|28.62|1968100|28.62
2008-11-28|33.88|35.40|32.87|34.73|971000|34.73
2008-11-26|29.99|35.20|29.05|34.01|2804900|34.01
2008-11-25|28.36|30.65|26.91|30.57|2407200|30.57
2008-11-24|22.63|30.89|22.48|28.26|5034500|28.26
2008-11-21|19.39|21.32|18.73|20.59|3282300|20.59
2008-11-20|23.43|23.43|18.50|19.00|2967200|19.00
2008-11-19|26.35|27.15|24.01|24.24|1747300|24.24
2008-11-18|26.33|27.26|25.00|27.00|1851400|27.00
2008-11-17|24.50|28.52|24.06|27.91|2077300|27.91
2008-11-14|26.70|27.60|24.70|25.56|1979100|25.56
2008-11-13|24.90|28.11|23.52|28.11|3941400|28.11
2008-11-12|27.53|27.60|24.43|24.72|3619500|24.72
2008-11-11|31.76|32.30|28.35|28.73|3319100|28.73
2008-11-10|35.15|35.47|32.00|32.53|1925700|32.53
2008-11-07|34.60|35.26|32.50|33.86|1971200|33.86
2008-11-06|33.80|35.86|32.60|33.02|3695700|33.02
2008-11-05|42.57|42.75|32.66|32.99|7605400|32.99
2008-11-04|46.76|52.22|46.76|50.50|3069300|50.50
2008-11-03|39.50|44.95|39.05|44.08|2886000|44.08
2008-10-31|37.79|39.06|35.76|39.06|2028100|39.06
2008-10-30|41.00|41.95|35.22|38.95|2711200|38.95
2008-10-29|33.63|39.78|33.63|37.67|3280200|37.67
2008-10-28|36.73|36.99|29.33|33.43|3406800|33.43
2008-10-27|38.23|39.55|34.62|34.68|1701400|34.68
2008-10-24|37.40|41.60|34.00|39.80|2308100|39.80
2008-10-23|44.49|44.49|39.05|42.90|2935700|42.90
2008-10-22|47.80|47.94|41.84|43.13|2010900|43.13
2008-10-21|52.35|54.50|49.03|49.11|1295700|49.11
2008-10-20|48.89|54.00|47.25|54.00|2225000|54.00
2008-10-17|44.68|51.90|44.20|46.86|4257200|46.86
2008-10-16|44.03|51.00|40.00|50.99|5102900|50.99
2008-10-15|47.39|48.00|40.52|40.94|2898100|40.94
2008-10-14|55.36|55.50|49.28|49.73|2599900|49.73
2008-10-13|47.47|52.38|45.68|52.00|2021100|52.00
2008-10-10|39.20|45.99|37.10|43.01|3143500|43.01
2008-10-09|51.14|55.00|42.00|42.66|2630900|42.66
2008-10-08|49.00|53.40|43.01|47.01|4050900|47.01
2008-10-07|60.81|61.16|50.19|51.99|3988400|51.99
2008-10-06|63.08|67.53|52.00|66.34|3005800|66.34
2008-10-03|71.64|77.00|65.10|67.66|1785100|67.66
2008-10-02|77.89|77.89|67.54|71.33|1838800|71.33
2008-10-01|77.00|79.00|74.61|77.25|2260900|77.25
2008-09-30|70.00|72.40|64.50|70.93|2620900|70.93
2008-09-29|80.59|80.59|60.75|60.75|3741100|60.75
2008-09-26|89.67|93.92|82.55|83.16|3180900|83.16
2008-09-25|91.02|98.21|90.13|94.84|1755300|94.84
2008-09-24|93.97|98.60|92.49|93.30|3167100|93.30
2008-09-23|88.09|93.89|86.32|87.51|2950000|87.51
2008-09-22|87.71|89.87|85.50|86.41|1836200|86.41
2008-09-19|89.52|107.00|85.89|89.62|3526500|89.62
2008-09-18|75.67|84.99|75.55|81.74|3065200|81.74
2008-09-17|77.14|79.87|72.16|75.39|4376000|75.39
2008-09-16|70.01|77.61|65.11|77.50|5579300|77.50
2008-09-15|76.46|77.50|71.43|72.40|6161700|72.40
2008-09-12|79.08|83.90|78.61|82.69|2440900|82.69
2008-09-11|77.38|81.49|74.80|80.20|3488800|80.20
2008-09-10|76.00|80.72|75.63|79.01|2548100|79.01
2008-09-09|88.17|88.17|75.39|75.55|4811400|75.55
2008-09-08|88.29|88.60|81.20|86.59|2746900|86.59
2008-09-05|84.67|86.49|80.50|85.74|2710600|85.74
2008-09-04|84.78|89.20|82.94|85.21|2949800|85.21
2008-09-03|92.49|92.50|84.11|84.81|3412100|84.81
2008-09-02|95.26|97.00|90.13|91.14|2408600|91.14
2008-08-29|95.01|98.49|94.11|97.55|1468200|97.55
2008-08-28|95.85|97.60|94.89|96.96|2672200|96.96
2008-08-27|91.69|94.46|91.11|93.44|1969100|93.44
2008-08-26|92.54|93.75|90.87|91.69|1511700|91.69
2008-08-25|96.01|96.98|91.79|92.94|1893300|92.94
2008-08-22|95.20|97.39|93.80|96.59|1855100|96.59
2008-08-21|91.00|96.68|90.75|94.45|2875300|94.45
2008-08-20|89.52|93.93|89.52|91.57|2955300|91.57
2008-08-19|87.05|90.87|86.88|90.05|3440800|90.05
2008-08-18|92.45|93.73|87.24|88.47|3416900|88.47
2008-08-15|87.64|94.90|87.57|92.52|9885700|92.52
2008-08-14|77.75|79.38|77.00|78.57|1206100|78.57
2008-08-13|76.89|79.45|75.09|78.60|1537900|78.60
2008-08-12|76.50|78.45|73.80|77.74|2741200|77.74
2008-08-11|71.81|76.67|70.50|75.65|2714900|75.65
2008-08-08|75.96|76.64|72.80|73.29|2356700|73.29
2008-08-07|74.73|76.26|74.19|76.26|1333300|76.26
2008-08-06|73.51|75.75|72.54|75.10|1235300|75.10
2008-08-05|73.28|75.09|71.92|74.23|1517000|74.23
2008-08-04|74.69|75.99|73.01|73.26|2100300|73.26
2008-08-01|77.65|78.53|74.71|76.42|1465400|76.42
2008-07-31|80.00|81.00|77.70|78.77|1832700|78.77
2008-07-30|78.30|80.89|76.18|80.38|2455600|80.38
2008-07-29|74.25|79.39|72.75|77.13|3099400|77.13
2008-07-28|74.74|76.00|72.21|72.21|1283100|72.21
2008-07-25|72.10|74.59|71.68|73.49|1329400|73.49
2008-07-24|75.21|76.76|72.51|72.69|2114000|72.69
2008-07-23|76.76|78.13|75.59|75.93|2191200|75.93
2008-07-22|79.02|80.68|74.60|77.85|3149500|77.85
2008-07-21|77.99|81.70|76.58|80.92|2332900|80.92
2008-07-18|77.25|77.67|74.21|76.70|2664700|76.70
2008-07-17|78.25|80.50|72.80|75.32|5249300|75.32
2008-07-16|76.20|81.43|76.01|80.15|3049200|80.15
2008-07-15|72.90|77.08|71.01|75.52|3079700|75.52
2008-07-14|72.51|74.64|71.50|73.81|2252800|73.81
2008-07-11|69.78|72.29|67.81|71.83|4282300|71.83
2008-07-10|65.50|71.38|64.50|70.06|5167200|70.06
2008-07-09|65.75|66.38|60.87|61.23|2132000|61.23
2008-07-08|63.71|64.50|60.59|63.51|2414100|63.51
2008-07-07|63.45|67.99|62.11|64.82|2459500|64.82
2008-07-03|61.88|65.03|59.75|64.32|1839100|64.32
2008-07-02|66.52|67.47|62.78|62.82|2985600|62.82
2008-07-01|67.98|68.52|65.16|66.65|4908500|66.65
2008-06-30|73.08|74.86|71.05|71.98|2283300|71.98
2008-06-27|74.45|74.72|70.76|72.71|4435400|72.71
2008-06-26|79.30|79.88|75.90|76.15|2393100|76.15
2008-06-25|81.61|82.17|78.57|81.00|1805300|81.00
2008-06-24|82.83|82.83|79.63|81.39|1835700|81.39
2008-06-23|81.40|85.04|81.40|82.65|2224600|82.65
2008-06-20|83.19|84.02|79.61|81.36|2714800|81.36
2008-06-19|84.00|85.54|82.81|83.93|2147500|83.93
2008-06-18|80.98|84.83|79.45|84.31|3467200|84.31
2008-06-17|83.98|84.60|81.28|81.97|2519600|81.97
2008-06-16|81.30|84.38|80.67|83.47|3743200|83.47
2008-06-13|73.01|77.99|72.90|77.75|1878100|77.75
2008-06-12|74.59|76.21|71.82|72.82|2462600|72.82
2008-06-11|73.80|75.89|73.16|73.48|2545800|73.48
2008-06-10|74.75|75.49|72.51|73.76|4052400|73.76
2008-06-09|80.05|80.33|74.88|76.68|2151400|76.68
2008-06-06|79.31|83.78|78.90|79.33|2542600|79.33
2008-06-05|79.26|81.75|78.75|79.69|2498600|79.69
2008-06-04|78.49|79.77|76.93|78.52|2637800|78.52
2008-06-03|79.20|81.25|77.08|79.19|2973600|79.19
2008-06-02|81.06|83.00|76.76|79.85|3171900|79.85
2008-05-30|80.00|83.15|79.70|81.84|4377400|81.84
2008-05-29|79.80|80.00|75.13|76.00|4229700|76.00
2008-05-28|81.81|84.23|78.68|83.00|2804200|83.00
2008-05-27|84.67|84.83|79.66|82.52|2778800|82.52
2008-05-23|83.48|85.97|82.75|85.19|1766400|85.19
2008-05-22|86.00|86.99|82.35|82.64|1931000|82.64
2008-05-21|89.33|89.53|83.66|85.33|2145300|85.33
2008-05-20|89.49|89.72|86.32|88.37|2792400|88.37
2008-05-19|93.45|96.73|88.33|89.62|3316900|89.62
2008-05-16|93.01|94.04|91.70|93.50|1701000|93.50
2008-05-15|93.00|95.70|90.14|92.48|2320900|92.48
2008-05-14|91.50|96.38|90.30|92.36|4375100|92.36
2008-05-13|86.59|89.59|84.75|89.00|4000500|89.00
2008-05-12|84.00|85.07|80.60|84.40|1871200|84.40
2008-05-09|82.66|84.83|81.10|82.30|1844400|82.30
2008-05-08|83.11|83.70|80.58|83.68|1711000|83.68
2008-05-07|86.21|86.70|82.47|83.45|2128900|83.45
2008-05-06|79.55|86.49|78.54|85.40|3416500|85.40
2008-05-05|82.09|82.34|77.95|80.10|2503500|80.10
2008-05-02|83.52|84.00|80.60|82.10|2538600|82.10
2008-05-01|87.00|87.48|80.17|82.30|3870200|82.30
2008-04-30|89.45|91.50|84.96|87.27|3004100|87.27
2008-04-29|86.29|87.66|82.50|87.46|2150600|87.46
2008-04-28|86.30|88.94|85.78|87.15|1443000|87.15
2008-04-25|88.00|88.87|84.91|86.29|2534800|86.29
2008-04-24|90.68|90.99|83.75|88.36|2304000|88.36
2008-04-23|91.60|92.84|89.17|89.79|2934400|89.79
2008-04-22|95.10|95.20|88.87|89.89|3464000|89.89
2008-04-21|92.20|93.84|89.91|93.50|2867700|93.50
2008-04-18|89.30|94.33|86.48|89.33|5906200|89.33
2008-04-17|94.43|98.80|84.16|86.80|12347200|86.80
2008-04-16|95.81|100.02|95.18|99.58|6579400|99.58
2008-04-15|90.15|94.69|87.46|94.42|4098500|94.42
2008-04-14|86.93|91.11|86.71|87.58|2208600|87.58
2008-04-11|85.00|91.03|84.70|87.76|3679500|87.76
2008-04-10|87.85|89.97|85.21|87.19|2956700|87.19
2008-04-09|91.25|92.46|88.40|89.42|2743900|89.42
2008-04-08|85.35|90.59|84.01|89.95|3240500|89.95
2008-04-07|93.89|94.34|84.41|86.44|4617600|86.44
2008-04-04|82.32|91.20|82.17|90.40|6129700|90.40
2008-04-03|81.94|85.46|79.67|82.01|3500500|82.01
2008-04-02|78.81|82.25|78.25|81.81|4025100|81.81
2008-04-01|76.87|79.40|75.06|77.31|3089300|77.31
2008-03-31|73.10|76.11|72.65|74.51|2239000|74.51
2008-03-28|75.22|77.80|72.58|73.63|2938400|73.63
2008-03-27|73.80|77.82|72.85|73.21|4306400|73.21
2008-03-26|72.13|72.70|70.00|71.69|2563600|71.69
2008-03-25|68.03|73.17|67.02|71.75|4117000|71.75
2008-03-24|62.00|68.95|61.35|68.24|2906100|68.24
2008-03-20|58.26|61.87|57.20|61.03|2535800|61.03
2008-03-19|61.48|62.95|57.53|57.67|2828700|57.67
2008-03-18|56.57|61.06|56.00|60.75|2939200|60.75
2008-03-17|57.15|59.42|53.18|54.95|3671300|54.95
2008-03-14|65.31|65.48|59.18|60.78|2596300|60.78
2008-03-13|61.00|65.20|58.20|64.34|3187800|64.34
2008-03-12|62.36|63.88|60.39|62.40|3305300|62.40
2008-03-11|58.60|62.67|56.64|59.63|3672200|59.63
2008-03-10|59.37|61.20|55.77|56.11|3506200|56.11
2008-03-07|61.61|63.18|58.53|60.00|3159800|60.00
2008-03-06|70.70|70.92|63.46|63.53|2608300|63.53
2008-03-05|67.20|71.06|66.56|70.03|2552300|70.03
2008-03-04|67.12|68.50|65.08|66.39|2157100|66.39
2008-03-03|64.72|67.60|64.07|66.58|2506600|66.58
2008-02-29|65.82|67.94|64.17|65.72|2853500|65.72
2008-02-28|68.61|70.02|66.08|66.18|2601400|66.18
2008-02-27|68.69|71.90|67.50|68.59|2814500|68.59
2008-02-26|69.00|72.05|65.09|70.67|5202300|70.67
2008-02-25|68.50|71.16|67.37|69.20|2955100|69.20
2008-02-22|69.49|71.16|67.05|69.50|2988400|69.50
2008-02-21|73.23|73.66|69.25|69.67|3887100|69.67
2008-02-20|71.23|73.61|69.73|72.98|6885900|72.98
2008-02-19|81.72|82.38|75.14|75.97|4578800|75.97
2008-02-15|79.30|80.40|76.50|79.44|3469200|79.44
2008-02-14|83.55|85.95|79.57|80.67|7169700|80.67
2008-02-13|78.57|80.48|75.33|80.12|6503900|80.12
2008-02-12|75.00|78.01|70.33|71.30|6010000|71.30
2008-02-11|69.95|75.00|68.60|73.58|7154800|73.58
2008-02-08|63.10|66.68|61.62|66.37|5995900|66.37
2008-02-07|59.40|65.90|55.45|63.39|9174800|63.39
2008-02-06|67.52|69.18|60.06|60.28|5189400|60.28
2008-02-05|74.31|74.88|66.50|66.64|6470200|66.64
2008-02-04|73.66|78.30|72.77|76.00|4361900|76.00
2008-02-01|69.75|73.75|68.98|73.14|3883500|73.14
2008-01-31|69.01|70.73|66.83|69.09|3774500|69.09
2008-01-30|73.63|74.55|69.05|70.30|4607200|70.30
2008-01-29|72.11|75.42|68.70|74.60|4968100|74.60
2008-01-28|75.29|75.58|70.52|72.20|5237300|72.20
2008-01-25|75.91|76.93|72.31|73.29|9101000|73.29
2008-01-24|65.92|72.00|60.25|69.21|18854500|69.21
2008-01-23|75.55|76.42|65.06|74.25|9770100|74.25
2008-01-22|67.38|79.08|65.50|77.92|6052200|77.92
2008-01-18|82.91|83.67|72.43|74.75|6925000|74.75
2008-01-17|85.83|89.24|80.13|80.96|6230200|80.96
2008-01-16|97.76|99.99|86.76|91.63|6609800|91.63
2008-01-15|107.38|109.07|95.67|98.12|3962700|98.12
2008-01-14|109.90|111.14|106.21|110.61|1849700|110.61
2008-01-11|114.97|115.80|107.00|108.68|2315900|108.68
2008-01-10|108.00|112.50|104.32|110.71|2643200|110.71
2008-01-09|113.49|117.60|102.49|111.12|4637700|111.12
2008-01-08|117.55|121.27|114.27|115.15|3529900|115.15
2008-01-07|127.61|128.97|113.50|117.77|4381500|117.77
2008-01-04|127.59|133.43|124.78|126.12|2534100|126.12
2008-01-03|127.88|134.34|127.02|131.29|2176500|131.29
2008-01-02|131.11|132.10|123.81|127.72|2235800|127.72
2007-12-31|130.33|133.42|129.08|130.39|1264000|130.39
2007-12-28|138.05|138.17|131.00|131.05|1736700|131.05
2007-12-27|140.25|142.75|134.29|135.13|1764800|135.13
2007-12-26|140.22|144.49|138.50|141.62|2553300|141.62
2007-12-24|130.60|139.90|130.05|138.15|1681300|138.15
2007-12-21|132.65|134.21|128.57|129.02|2485400|129.02
2007-12-20|130.89|132.69|127.94|131.63|1857400|131.63
2007-12-19|126.14|129.71|124.70|129.11|1764200|129.11
2007-12-18|124.22|126.33|119.80|125.35|1927300|125.35
2007-12-17|128.51|129.19|119.26|121.49|1822900|121.49
2007-12-14|125.99|131.97|124.42|128.19|2639800|128.19
2007-12-13|128.30|129.99|121.18|125.88|2666400|125.88
2007-12-12|131.48|131.49|123.00|127.20|2578400|127.20
2007-12-11|136.35|136.35|122.20|124.00|2713800|124.00
2007-12-10|136.19|138.13|131.50|133.64|2391200|133.64
2007-12-07|130.71|134.02|126.27|133.61|3535500|133.61
2007-12-06|132.70|132.70|123.92|125.44|2422700|125.44
2007-12-05|134.84|136.33|127.83|130.50|2764200|130.50
2007-12-04|128.00|133.11|124.56|128.17|3290200|128.17
2007-12-03|124.00|130.17|122.52|127.54|2767400|127.54
2007-11-30|128.23|132.00|121.14|124.44|4227700|124.44
2007-11-29|119.61|129.37|118.92|124.44|3914400|124.44
2007-11-28|111.13|122.58|109.15|121.10|4047900|121.10
2007-11-27|111.51|113.19|103.05|105.60|2147700|105.60
2007-11-26|105.98|115.00|104.15|108.00|3148400|108.00
2007-11-23|104.42|106.48|101.20|105.97|934600|105.97
2007-11-21|102.20|108.90|98.65|104.07|3542000|104.07
2007-11-20|115.51|118.16|103.87|106.37|2702100|106.37
2007-11-19|119.99|123.00|112.53|113.38|2394700|113.38
2007-11-16|119.50|119.99|112.60|117.39|2660900|117.39
2007-11-15|115.73|123.34|113.65|117.49|2683300|117.49
2007-11-14|115.84|124.85|113.55|115.90|3990900|115.90
2007-11-13|117.45|118.74|107.29|108.42|3724400|108.42
2007-11-12|126.00|128.85|108.59|109.88|4322200|109.88
2007-11-09|134.68|140.63|125.00|128.70|4142400|128.70
2007-11-08|157.11|164.49|137.46|141.93|6285600|141.93
2007-11-07|149.12|150.81|141.22|145.00|4105200|145.00
2007-11-06|135.68|152.62|135.24|149.56|5394800|149.56
2007-11-05|120.11|132.07|120.03|129.23|2835500|129.23
2007-11-02|126.00|126.00|119.78|123.85|2104200|123.85
2007-11-01|125.32|126.59|122.28|125.16|2670100|125.16
2007-10-31|123.97|128.77|122.42|126.46|3425200|126.46
2007-10-30|120.55|123.29|118.50|119.06|1452900|119.06
2007-10-29|118.42|123.90|117.89|121.84|2510200|121.84
2007-10-26|109.36|117.78|109.07|117.40|2373100|117.40
2007-10-25|111.68|112.00|103.78|106.78|2655800|106.78
2007-10-24|108.11|113.00|105.20|113.00|2647600|113.00
2007-10-23|104.50|109.89|103.03|108.37|2627100|108.37
2007-10-22|94.01|102.60|92.57|101.75|2259500|101.75
2007-10-19|97.00|98.17|94.60|95.56|1982900|95.56
2007-10-18|87.18|97.56|85.50|97.01|3798300|97.01
2007-10-17|94.05|94.70|89.21|89.83|1475300|89.83
2007-10-16|91.55|92.19|89.11|91.80|1034800|91.80
2007-10-15|91.71|92.99|89.50|90.57|1023100|90.57
2007-10-12|86.00|90.00|86.00|89.10|653000|89.10
2007-10-11|90.00|90.90|83.97|86.25|1096800|86.25
2007-10-10|89.47|91.25|88.59|88.79|1271500|88.79
2007-10-09|89.77|90.25|87.12|89.12|1258400|89.12
2007-10-08|88.40|90.13|87.51|88.61|541100|88.61
2007-10-05|87.25|89.88|86.76|89.08|968900|89.08
2007-10-04|85.00|86.44|83.90|85.84|944200|85.84
2007-10-03|86.19|89.50|84.50|85.46|1251600|85.46
2007-10-02|88.25|89.22|85.70|87.00|1632400|87.00
2007-10-01|83.64|88.05|81.50|87.91|1832900|87.91
2007-09-28|82.90|83.80|81.15|82.82|1056700|82.82
2007-09-27|83.49|84.89|80.59|80.81|1436800|80.81
2007-09-26|83.81|84.25|81.97|83.30|966500|83.30
2007-09-25|80.00|83.26|79.19|81.61|1059200|81.61
2007-09-24|85.00|86.93|80.10|81.12|1525000|81.12
2007-09-21|82.46|84.17|80.10|83.87|1703600|83.87
2007-09-20|81.93|83.50|81.29|82.42|1027900|82.42
2007-09-19|79.60|82.90|79.60|82.53|1765300|82.53
2007-09-18|75.25|79.30|75.01|78.58|1560300|78.58
2007-09-17|74.89|75.72|74.06|74.66|1001400|74.66
2007-09-14|74.47|75.35|73.80|74.44|930500|74.44
2007-09-13|73.03|74.77|72.78|74.68|769700|74.68
2007-09-12|73.36|75.23|72.29|72.62|1354500|72.62
2007-09-11|72.00|74.55|71.01|73.52|823000|73.52
2007-09-10|70.39|72.30|68.63|71.82|1083600|71.82
2007-09-07|72.54|72.85|68.76|69.57|1092000|69.57
2007-09-06|72.63|74.90|72.60|73.91|1124800|73.91
2007-09-05|71.75|73.02|70.93|72.63|1235500|72.63
2007-09-04|68.65|73.05|68.46|71.81|1629700|71.81
2007-08-31|66.39|69.20|65.81|68.33|2310400|68.33
2007-08-30|62.77|65.24|62.13|64.47|1255100|64.47
2007-08-29|60.63|64.04|60.63|63.54|1324300|63.54
2007-08-28|61.83|61.96|60.00|60.26|1606800|60.26
2007-08-27|63.21|63.75|62.05|62.51|804900|62.51
2007-08-24|64.00|64.00|62.64|63.53|1268000|63.53
2007-08-23|67.10|67.60|62.76|63.82|1911200|63.82
2007-08-22|65.50|67.47|63.50|66.39|2193200|66.39
2007-08-21|65.70|65.70|60.80|62.20|3709000|62.20
2007-08-20|66.95|68.00|64.52|65.55|1237100|65.55
2007-08-17|68.14|69.78|63.70|65.08|1749700|65.08
2007-08-16|66.02|67.68|59.64|65.32|3693500|65.32
2007-08-15|70.98|71.62|68.05|68.74|1027100|68.74
2007-08-14|71.60|73.00|70.14|71.48|1165000|71.48
2007-08-13|75.02|75.95|71.75|71.76|1097900|71.76
2007-08-10|75.90|76.98|71.90|73.72|2283000|73.72
2007-08-09|74.70|81.27|73.00|78.49|2985600|78.49
2007-08-08|69.00|80.45|68.87|77.07|3389500|77.07
2007-08-07|65.59|69.00|65.40|68.04|1344200|68.04
2007-08-06|67.39|69.08|63.35|65.92|2232000|65.92
2007-08-03|69.44|70.18|66.90|67.30|828400|67.30
2007-08-02|69.81|70.99|68.00|68.97|1231700|68.97
2007-08-01|69.96|70.44|68.00|69.70|999300|69.70
2007-07-31|73.13|74.94|68.92|70.53|1956800|70.53
2007-07-30|68.53|73.02|68.25|72.34|1820100|72.34
2007-07-27|67.62|69.45|66.75|67.84|1795200|67.84
2007-07-26|64.65|68.75|64.26|67.27|4387900|67.27
2007-07-25|67.98|69.00|65.50|65.76|1417600|65.76
2007-07-24|70.14|71.04|67.30|67.93|1558800|67.93
2007-07-23|68.00|72.85|67.81|70.54|1832200|70.54
2007-07-20|67.00|68.47|65.62|67.94|1258200|67.94
2007-07-19|67.13|68.93|64.66|68.71|3268100|68.71
2007-07-18|68.62|70.98|68.00|70.00|1770500|70.00
2007-07-17|69.10|70.30|67.83|68.36|1008600|68.36
2007-07-16|69.08|71.25|68.20|69.02|1993300|69.02
2007-07-13|68.10|68.93|67.83|68.24|598200|68.24
2007-07-12|68.11|68.53|66.58|68.53|1286300|68.53
2007-07-11|68.42|69.24|67.18|67.55|790900|67.55
2007-07-10|67.75|68.98|66.35|68.42|1686200|68.42
2007-07-09|69.52|69.80|67.52|67.93|2463400|67.93
2007-07-06|65.68|67.59|65.58|67.57|774700|67.57
2007-07-05|66.55|67.00|64.53|65.64|1302600|65.64
2007-07-03|65.85|66.25|64.83|66.20|868700|66.20
2007-07-02|62.77|66.00|62.77|65.14|1287700|65.14
2007-06-29|64.25|65.29|62.00|63.05|957100|63.05
2007-06-28|65.00|65.00|63.11|63.35|1535500|63.35
2007-06-27|61.00|64.00|60.67|63.72|1073100|63.72
2007-06-26|64.17|65.05|60.60|61.85|1832000|61.85
2007-06-25|64.51|65.55|62.98|63.77|2238900|63.77
2007-06-22|60.95|64.88|60.31|64.18|4679600|64.18
2007-06-21|59.50|61.59|58.74|60.77|1512700|60.77
2007-06-20|58.77|62.59|58.56|59.45|3795600|59.45
2007-06-19|57.66|58.43|57.11|57.68|912400|57.68
2007-06-18|58.50|58.97|57.33|58.37|1219600|58.37
2007-06-15|57.65|58.10|56.57|57.94|1362800|57.94
2007-06-14|54.73|57.60|54.65|57.40|2224700|57.40
2007-06-13|54.41|54.42|53.51|54.37|998200|54.37
2007-06-12|54.25|54.30|52.90|53.52|860800|53.52
2007-06-11|54.35|54.70|53.25|54.50|698700|54.50
2007-06-08|52.90|54.10|52.47|54.05|1055500|54.05
2007-06-07|55.25|55.60|52.32|52.93|1096800|52.93
2007-06-06|55.88|57.00|54.17|54.65|2223700|54.65
2007-06-05|52.37|56.84|51.85|55.92|2744500|55.92
2007-06-04|53.59|54.14|52.07|52.63|833800|52.63
2007-06-01|54.07|54.45|53.05|53.98|726200|53.98
2007-05-31|54.72|55.00|53.01|53.41|1307400|53.41
2007-05-30|51.50|54.38|51.00|54.33|1387800|54.33
2007-05-29|53.21|53.89|52.25|52.87|931800|52.87
2007-05-25|52.16|53.05|52.16|52.85|606700|52.85
2007-05-24|54.10|54.37|51.82|52.17|1649200|52.17
2007-05-23|56.00|56.20|53.70|54.06|1499500|54.06
2007-05-22|53.03|55.85|52.73|55.63|2062800|55.63
2007-05-21|52.80|54.00|52.50|52.89|1944800|52.89
2007-05-18|54.10|54.37|51.72|53.03|3003500|53.03
2007-05-17|55.59|55.90|54.15|54.63|810700|54.63
2007-05-16|55.01|56.31|53.07|55.89|1880200|55.89
2007-05-15|55.60|57.25|55.00|55.07|3022200|55.07
2007-05-14|57.91|58.00|55.88|56.63|1758200|56.63
2007-05-11|57.58|58.15|56.31|57.30|790400|57.30
2007-05-10|58.15|58.62|56.47|56.62|1601300|56.62
2007-05-09|57.83|58.48|57.25|58.35|1467300|58.35
2007-05-08|56.30|57.74|55.25|57.59|1648900|57.59
2007-05-07|58.52|60.50|55.70|56.20|3083500|56.20
2007-05-04|57.81|59.25|57.81|58.34|2329500|58.34
2007-05-03|57.17|57.58|56.28|56.83|1134600|56.83
2007-05-02|57.12|57.72|56.38|56.99|1536200|56.99
2007-05-01|58.50|58.57|55.03|57.10|4142200|57.10
2007-04-30|59.79|62.50|59.25|60.68|2309900|60.68
2007-04-27|58.69|59.55|58.49|59.55|1181900|59.55
2007-04-26|59.00|60.59|56.89|59.08|3318000|59.08
2007-04-25|57.02|59.63|56.62|58.00|2472500|58.00
2007-04-24|56.97|57.48|56.26|56.51|1242200|56.51
2007-04-23|57.47|57.50|55.78|56.80|1844400|56.80
2007-04-20|55.15|55.59|53.05|55.46|1347900|55.46
2007-04-19|56.00|57.17|53.93|54.12|1508100|54.12
2007-04-18|52.93|56.38|52.60|56.23|1706000|56.23
2007-04-17|54.47|55.00|53.53|54.27|1023100|54.27
2007-04-16|53.22|55.50|52.65|54.68|2077300|54.68
2007-04-13|51.92|53.70|50.60|53.06|1685700|53.06
2007-04-12|50.65|51.86|50.25|51.09|1412000|51.09
2007-04-11|50.29|51.50|49.79|50.46|1681700|50.46
2007-04-10|49.10|50.00|47.86|49.92|1087600|49.92
2007-04-09|49.48|49.79|48.25|48.60|786900|48.60
2007-04-05|49.18|50.66|48.38|48.75|990200|48.75
2007-04-04|47.74|50.09|47.22|49.08|2315300|49.08
2007-04-03|47.62|48.00|46.56|47.13|892300|47.13
2007-04-02|46.20|47.19|45.84|46.81|1714900|46.81
2007-03-30|46.36|47.85|45.41|45.50|937200|45.50
2007-03-29|47.45|48.00|44.69|46.46|1421100|46.46
2007-03-28|45.81|48.11|45.28|46.81|1941600|46.81
2007-03-27|43.80|45.25|42.82|45.12|1830400|45.12
2007-03-26|42.55|43.16|41.88|42.82|861300|42.82
2007-03-23|43.04|43.65|41.58|41.77|701300|41.77
2007-03-22|42.12|43.00|41.76|42.59|899000|42.59
2007-03-21|41.10|43.37|40.28|41.38|708800|41.38
2007-03-20|41.74|42.24|40.63|41.25|907700|41.25
2007-03-19|42.90|42.90|41.40|41.60|1220700|41.60
2007-03-16|43.50|44.31|41.70|41.90|716100|41.90
2007-03-15|44.28|44.99|43.27|43.33|706700|43.33
2007-03-14|43.77|44.19|42.41|43.63|470800|43.63
2007-03-13|44.27|44.49|43.42|43.87|599400|43.87
2007-03-12|43.04|44.95|42.30|44.63|787200|44.63
2007-03-09|43.48|43.73|42.24|43.01|571100|43.01
2007-03-08|42.33|43.74|42.24|43.01|1097200|43.01
2007-03-07|40.33|42.12|39.53|41.62|1055800|41.62
2007-03-06|40.20|40.62|39.41|40.17|550000|40.17
2007-03-05|39.75|40.00|38.82|39.25|990300|39.25
2007-03-02|41.82|42.59|40.08|40.36|883100|40.36
2007-03-01|43.20|43.21|41.19|41.85|1020700|41.85
2007-02-28|43.30|43.74|42.20|43.30|1307800|43.30
2007-02-27|45.26|45.50|42.08|43.51|1908300|43.51
2007-02-26|47.32|47.32|45.98|46.64|773000|46.64
2007-02-23|46.55|47.41|46.29|46.49|559900|46.49
2007-02-22|47.00|47.50|45.88|46.55|407600|46.55
2007-02-21|45.00|46.76|45.00|46.57|715300|46.57
2007-02-20|45.50|45.53|44.51|45.00|745200|45.00
2007-02-16|44.84|45.32|44.55|45.12|646500|45.12
2007-02-15|45.20|45.80|44.24|44.67|703800|44.67
2007-02-14|44.41|45.67|44.06|45.13|744400|45.13
2007-02-13|43.69|44.26|42.92|43.69|696600|43.69
2007-02-12|43.63|43.90|41.83|43.47|993600|43.47
2007-02-09|44.38|44.91|43.50|43.62|974400|43.62
2007-02-08|45.52|45.95|44.50|44.50|1029300|44.50
2007-02-07|46.40|46.43|45.20|45.75|1471600|45.75
2007-02-06|45.91|47.98|45.17|46.35|1445700|46.35
2007-02-05|43.50|46.38|43.36|45.79|1646800|45.79
2007-02-02|44.70|44.74|43.33|43.35|1800200|43.35
2007-02-01|44.80|45.17|43.70|44.51|738400|44.51
2007-01-31|45.20|45.20|43.90|44.30|690900|44.30
2007-01-30|44.90|45.30|43.77|44.98|1087100|44.98
2007-01-29|42.69|45.94|42.43|44.30|1552300|44.30
2007-01-26|40.54|43.68|39.87|43.30|997300|43.30
2007-01-25|41.68|41.68|39.54|40.73|1694100|40.73
2007-01-24|42.83|43.30|41.11|41.34|1178600|41.34
2007-01-23|41.91|43.81|41.73|42.29|665100|42.29
2007-01-22|42.15|42.15|41.01|41.85|737700|41.85
2007-01-19|41.78|43.54|41.14|42.48|721300|42.48
2007-01-18|42.68|42.82|41.39|41.90|424700|41.90
2007-01-17|42.49|43.55|42.30|42.70|783700|42.70
2007-01-16|42.65|43.14|41.71|42.25|686000|42.25
2007-01-12|44.01|44.42|41.69|42.07|1573600|42.07
2007-01-11|41.54|44.02|41.26|43.80|1756700|43.80
2007-01-10|38.60|41.77|38.54|41.25|1666500|41.25
2007-01-09|37.65|38.93|37.41|38.68|682500|38.68
2007-01-08|36.29|38.38|36.17|37.77|571300|37.77
2007-01-05|36.37|36.37|35.47|35.98|356100|35.98
2007-01-04|36.90|36.90|35.40|36.42|947500|36.42
2007-01-03|37.17|38.40|36.45|36.86|893300|36.86
2006-12-29|36.64|37.42|36.64|37.17|515200|37.17
2006-12-28|36.41|37.13|36.19|36.36|624100|36.36
2006-12-27|36.52|36.99|35.92|36.13|375200|36.13
2006-12-26|36.60|36.82|35.98|36.30|312300|36.30
2006-12-22|37.25|37.25|36.57|36.63|120400|36.63
2006-12-21|38.14|38.14|37.00|37.15|339100|37.15
2006-12-20|37.63|38.50|37.52|38.04|378600|38.04
2006-12-19|37.01|37.76|36.22|37.70|610300|37.70
2006-12-18|37.97|38.48|36.99|37.08|685500|37.08
2006-12-15|38.63|39.00|37.54|37.97|548300|37.97
2006-12-14|38.09|38.69|38.05|38.61|506600|38.61
2006-12-13|38.00|38.70|37.97|38.15|627600|38.15
2006-12-12|39.00|39.45|37.79|37.92|1518900|37.92
2006-12-11|38.20|39.20|37.60|38.88|1025700|38.88
2006-12-08|37.39|38.07|37.03|38.00|433600|38.00
2006-12-07|38.43|38.43|37.34|37.73|383000|37.73
2006-12-06|37.99|38.13|37.35|38.05|392200|38.05
2006-12-05|37.45|38.85|37.29|38.09|427900|38.09
2006-12-04|36.48|37.54|36.48|37.38|301800|37.38
2006-12-01|37.13|37.21|36.06|36.46|555200|36.46
2006-11-30|38.14|38.89|37.31|37.32|561300|37.32
2006-11-29|37.67|38.37|37.67|37.95|307000|37.95
2006-11-28|37.71|38.09|37.44|37.69|299900|37.69
2006-11-27|38.80|39.21|37.62|37.81|501800|37.81
2006-11-24|39.58|39.74|38.80|38.91|372700|38.91
2006-11-22|38.00|40.00|37.95|39.99|1235700|39.99
2006-11-21|37.72|38.11|37.41|38.10|786300|38.10
2006-11-20|36.92|37.56|36.81|37.02|549100|37.02
2006-11-17|37.86|38.11|36.64|36.91|709400|36.91
2006-11-16|38.56|39.14|36.51|37.86|1205400|37.86
2006-11-15|38.00|39.90|37.00|38.54|1743000|38.54
2006-11-14|36.28|38.21|36.11|38.14|1092500|38.14
2006-11-13|34.69|36.63|34.50|36.42|947800|36.42
2006-11-10|33.51|34.85|33.51|34.34|452800|34.34
2006-11-09|34.20|35.00|33.30|33.62|1019800|33.62
2006-11-08|33.05|35.06|32.98|34.01|857200|34.01
2006-11-07|32.97|34.17|32.97|33.80|619500|33.80
2006-11-06|31.71|33.07|31.70|32.74|334700|32.74
2006-11-03|32.42|32.85|31.42|31.50|426000|31.50
2006-11-02|32.00|32.56|31.94|32.31|428900|32.31
2006-11-01|33.64|33.99|31.98|32.59|651100|32.59
2006-10-31|33.37|35.00|33.06|33.65|757300|33.65
2006-10-30|33.06|33.94|32.00|33.52|654300|33.52
2006-10-27|32.35|32.81|32.15|32.57|437400|32.57
2006-10-26|31.15|32.83|31.15|32.51|831500|32.51
2006-10-25|31.09|31.50|30.83|31.02|579000|31.02
2006-10-24|31.11|31.22|30.75|31.02|495600|31.02
2006-10-23|31.76|32.00|30.97|31.40|669800|31.40
2006-10-20|31.79|32.13|31.33|31.60|712800|31.60
2006-10-19|31.43|32.30|30.54|31.94|2318600|31.94
2006-10-18|32.50|32.85|32.10|32.55|1388800|32.55
2006-10-17|31.29|32.14|31.23|31.70|1138300|31.70
2006-10-16|31.28|31.62|30.46|31.10|495600|31.10
2006-10-13|30.08|31.48|30.05|31.21|802000|31.21
2006-10-12|29.27|30.75|29.27|30.16|472300|30.16
2006-10-11|28.70|29.85|28.68|29.17|1211500|29.17
2006-10-10|28.45|29.14|27.80|28.95|453500|28.95
2006-10-09|26.85|28.46|26.46|28.45|863800|28.45
2006-10-06|28.60|28.72|26.35|26.95|1481400|26.95
2006-10-05|28.57|29.44|28.56|28.74|551800|28.74
2006-10-04|27.92|29.13|27.80|28.62|1112100|28.62
2006-10-03|27.55|27.85|26.93|27.55|676100|27.55
2006-10-02|27.34|27.75|27.21|27.74|606300|27.74
2006-09-29|28.02|28.40|27.50|27.74|611700|27.74
2006-09-28|27.44|27.99|27.10|27.64|464500|27.64
2006-09-27|27.06|27.30|26.76|27.30|392100|27.30
2006-09-26|27.14|27.14|26.03|26.64|574600|26.64
2006-09-25|26.33|27.06|25.90|26.99|532300|26.99
2006-09-22|26.60|26.80|25.71|26.27|498700|26.27
2006-09-21|27.36|27.85|26.61|26.80|400600|26.80
2006-09-20|27.90|28.43|27.00|27.17|506600|27.17
2006-09-19|29.29|29.30|27.17|27.75|589100|27.75
2006-09-18|28.76|29.84|28.60|29.24|189200|29.24
2006-09-15|29.49|29.49|27.67|28.81|688900|28.81
2006-09-14|30.00|30.00|28.89|29.26|312400|29.26
2006-09-13|29.25|29.86|29.09|29.75|449300|29.75
2006-09-12|28.88|29.62|28.58|29.24|458400|29.24
2006-09-11|29.85|29.99|28.50|28.56|898200|28.56
2006-09-08|30.54|30.73|29.75|29.99|433100|29.99
2006-09-07|30.52|31.08|29.94|30.54|324700|30.54
2006-09-06|31.56|31.56|30.35|30.73|391600|30.73
2006-09-05|31.45|31.45|30.69|31.39|149400|31.39
2006-09-01|31.92|32.48|30.68|31.31|326800|31.31
2006-08-31|31.75|32.40|31.18|32.06|350500|32.06
2006-08-30|30.48|31.95|30.48|31.46|328100|31.46
2006-08-29|30.37|30.96|30.16|30.40|368600|30.40
2006-08-28|30.85|30.98|30.31|30.49|176300|30.49
2006-08-25|30.90|31.35|30.17|30.82|375400|30.82
2006-08-24|31.89|31.89|30.70|30.90|284300|30.90
2006-08-23|32.08|32.48|31.02|31.62|185900|31.62
2006-08-22|32.00|32.25|31.50|31.88|186100|31.88
2006-08-21|32.70|32.95|31.77|31.88|132300|31.88
2006-08-18|32.75|32.92|31.87|32.88|197600|32.88
2006-08-17|33.50|33.74|32.56|32.60|211300|32.60
2006-08-16|32.34|33.63|31.93|33.50|373000|33.50
2006-08-15|30.80|32.21|30.36|31.98|403800|31.98
2006-08-14|30.64|30.85|30.17|30.32|196700|30.32
2006-08-11|31.03|31.03|30.05|30.47|163700|30.47
2006-08-10|31.30|31.57|30.57|31.01|424600|31.01
2006-08-09|32.54|32.71|31.30|31.40|185900|31.40
2006-08-08|32.40|32.65|31.68|32.00|127000|32.00
2006-08-07|31.89|32.81|31.75|32.25|260100|32.25
2006-08-04|33.70|34.25|31.73|32.05|411200|32.05
2006-08-03|32.56|33.33|31.98|33.10|284700|33.10
2006-08-02|31.61|32.80|31.53|32.32|368100|32.32
2006-08-01|31.60|31.86|30.90|31.42|393900|31.42
2006-07-31|32.02|32.02|31.13|31.93|267000|31.93
2006-07-28|32.06|32.83|31.45|31.97|389900|31.97
2006-07-27|32.88|33.57|31.88|32.28|388100|32.28
2006-07-26|32.86|32.99|31.83|32.80|639700|32.80
2006-07-25|30.00|33.08|29.99|33.00|1452500|33.00
2006-07-24|28.95|30.08|28.87|30.05|604700|30.05
2006-07-21|29.30|29.37|27.55|28.81|1028600|28.81
2006-07-20|30.00|30.28|27.27|28.02|2136500|28.02
2006-07-19|24.00|26.47|23.82|26.44|935500|26.44
2006-07-18|24.29|24.75|23.75|24.03|373800|24.03
2006-07-17|24.75|25.02|24.11|24.25|199800|24.25
2006-07-14|25.29|25.68|24.66|24.68|407900|24.68
2006-07-13|26.06|26.89|25.25|25.55|469400|25.55
2006-07-12|26.87|27.03|26.12|26.26|106100|26.26
2006-07-11|26.11|27.09|25.55|27.03|242700|27.03
2006-07-10|28.89|28.89|26.00|26.30|444100|26.30
2006-07-07|28.50|28.55|27.28|27.39|307000|27.39
2006-07-06|28.00|29.39|28.00|28.49|653300|28.49
2006-07-05|28.40|28.42|27.50|28.04|156700|28.04
2006-07-03|27.88|28.76|27.85|28.59|128800|28.59
2006-06-30|28.03|28.24|27.42|28.02|493900|28.02
2006-06-29|27.54|27.97|26.89|27.86|500900|27.86
2006-06-28|26.83|27.43|26.62|27.40|414300|27.40
2006-06-27|27.82|28.11|26.81|26.86|177100|26.86
2006-06-26|28.44|28.51|27.60|27.89|108600|27.89
2006-06-23|27.66|28.45|27.20|28.02|267100|28.02
2006-06-22|28.25|28.53|27.16|27.91|360600|27.91
2006-06-21|27.44|28.69|26.95|28.10|449200|28.10
2006-06-20|26.92|27.45|26.60|27.10|191400|27.10
2006-06-19|27.45|27.79|26.52|27.06|338900|27.06
2006-06-16|27.75|28.00|27.20|27.74|632100|27.74
2006-06-15|25.15|28.05|25.15|27.73|959200|27.73
2006-06-14|26.37|26.44|24.60|25.00|689600|25.00
2006-06-13|27.19|27.49|25.87|26.40|656900|26.40
2006-06-12|29.04|29.04|27.35|27.38|450300|27.38
2006-06-09|27.77|29.14|27.77|28.81|628600|28.81
2006-06-08|27.90|27.90|26.70|27.56|599500|27.56
2006-06-07|28.99|29.12|27.90|28.04|501600|28.04
2006-06-06|29.55|29.75|28.50|28.87|741400|28.87
2006-06-05|30.25|30.49|29.06|29.53|818900|29.53
2006-06-02|29.73|30.04|29.50|29.66|487400|29.66
2006-06-01|30.03|30.20|29.50|29.52|3602300|29.52
2006-05-31|32.00|32.00|30.00|30.39|754800|30.39
2006-05-30|33.13|33.13|31.16|31.85|382400|31.85
2006-05-26|33.00|33.36|32.50|32.95|228100|32.95
2006-05-25|30.40|32.90|30.40|32.83|527000|32.83
2006-05-24|31.97|31.97|29.72|30.33|300400|30.33
2006-05-23|29.71|32.40|29.71|30.70|648100|30.70
2006-05-22|31.25|31.25|28.50|29.45|944500|29.45
2006-05-19|30.25|31.43|30.10|31.14|376000|31.14
2006-05-18|31.08|31.72|30.28|30.37|727600|30.37
2006-05-17|33.50|33.50|30.00|30.30|963500|30.30
2006-05-16|33.76|34.65|33.16|33.62|341200|33.62
2006-05-15|35.91|36.27|33.18|33.76|580200|33.76
2006-05-12|35.50|36.66|35.00|36.39|325400|36.39
2006-05-11|38.16|39.60|35.21|35.29|555000|35.29
2006-05-10|40.07|40.20|38.07|38.12|430000|38.12
2006-05-09|39.80|40.16|39.50|39.66|101900|39.66
2006-05-08|39.50|40.00|39.08|39.48|344900|39.48
2006-05-05|40.14|40.29|39.02|39.35|199400|39.35
2006-05-04|40.00|40.38|39.48|39.74|231900|39.74
2006-05-03|39.26|40.00|39.00|39.96|184400|39.96
2006-05-02|39.24|39.48|38.32|39.04|104200|39.04
2006-05-01|38.79|39.47|38.70|39.10|274200|39.10
2006-04-28|37.75|39.14|37.51|38.42|288700|38.42
2006-04-27|39.39|39.76|37.31|37.71|304300|37.71
2006-04-26|40.60|40.79|39.30|39.71|283600|39.71
2006-04-25|39.60|40.77|39.00|40.30|411300|40.30
2006-04-24|39.70|39.80|38.50|39.25|416500|39.25
2006-04-21|39.46|39.90|38.15|38.46|394900|38.46
2006-04-20|39.65|40.02|37.84|38.59|954600|38.59
2006-04-19|39.30|42.00|38.69|42.00|927300|42.00
2006-04-18|37.96|38.95|37.24|38.68|517700|38.68
2006-04-17|36.45|38.35|36.00|37.45|385000|37.45
2006-04-13|36.60|36.88|35.41|35.79|193500|35.79
2006-04-12|34.75|36.93|34.65|36.09|313900|36.09
2006-04-11|35.72|35.85|34.60|34.66|242500|34.66
2006-04-10|35.85|35.85|34.85|35.40|411900|35.40
2006-04-07|36.66|37.00|35.26|35.67|756600|35.67
2006-04-06|36.95|37.40|36.82|37.25|316700|37.25
2006-04-05|35.95|36.90|35.95|36.76|409400|36.76
2006-04-04|37.20|37.39|35.54|36.18|1003000|36.18
2006-04-03|38.57|38.81|37.15|37.62|575300|37.62
2006-03-31|38.11|38.60|38.10|38.16|176100|38.16
2006-03-30|39.39|39.84|38.10|38.60|311100|38.60
2006-03-29|38.94|39.99|38.82|39.34|287600|39.34
2006-03-28|40.18|40.28|37.84|38.63|430600|38.63
2006-03-27|39.24|40.55|39.01|39.94|335400|39.94
2006-03-24|39.40|40.15|39.19|39.44|245000|39.44
2006-03-23|39.50|39.66|39.00|39.35|269500|39.35
2006-03-22|39.99|40.03|38.97|39.50|217000|39.50
2006-03-21|39.68|40.83|39.22|39.86|349600|39.86
2006-03-20|41.93|41.93|38.56|39.77|650900|39.77
2006-03-17|40.87|41.30|40.04|40.78|595800|40.78
2006-03-16|42.20|42.22|40.11|41.12|325000|41.12
2006-03-15|40.78|42.75|40.49|41.74|739800|41.74
2006-03-14|38.07|40.79|38.00|40.68|551600|40.68
2006-03-13|38.50|39.92|37.89|37.95|237100|37.95
2006-03-10|38.77|38.98|37.58|38.08|425200|38.08
2006-03-09|39.03|40.45|39.00|39.00|134400|39.00
2006-03-08|40.45|40.49|39.00|39.52|325500|39.52
2006-03-07|42.95|43.00|39.80|40.45|553900|40.45
2006-03-06|43.56|43.99|42.50|42.75|335000|42.75
2006-03-03|43.00|44.00|42.50|43.13|144600|43.13
2006-03-02|43.80|43.90|42.21|43.38|835100|43.38
2006-03-01|43.97|45.09|43.28|44.07|504500|44.07
2006-02-28|43.21|44.60|41.18|43.90|880600|43.90
2006-02-27|40.50|43.60|40.10|43.30|1138300|43.30
2006-02-24|38.59|40.13|37.90|39.67|406600|39.67
2006-02-23|37.35|38.60|36.86|38.40|357000|38.40
2006-02-22|37.14|37.95|36.88|37.53|378900|37.53
2006-02-21|39.50|39.74|36.98|37.48|697200|37.48
2006-02-17|36.88|38.34|36.51|38.21|576900|38.21
2006-02-16|35.17|36.85|35.05|36.53|241800|36.53
2006-02-15|35.50|36.85|34.84|35.11|304000|35.11
2006-02-14|36.90|36.90|35.08|35.80|524800|35.80
2006-02-13|37.15|37.98|36.31|37.09|228900|37.09
2006-02-10|37.57|37.57|35.60|37.20|336900|37.20
2006-02-09|36.58|38.30|36.58|37.83|238800|37.83
2006-02-08|35.82|37.30|35.61|37.07|356000|37.07
2006-02-07|37.65|37.65|35.40|35.55|382800|35.55
2006-02-06|36.92|38.42|36.68|37.50|458700|37.50
2006-02-03|37.70|38.00|36.07|36.42|305000|36.42
2006-02-02|38.51|40.10|37.53|37.99|678400|37.99
2006-02-01|40.75|41.22|38.23|38.49|782400|38.49
2006-01-31|39.50|40.20|38.10|40.00|1165900|40.00
2006-01-30|35.88|39.85|34.75|39.39|1031400|39.39
2006-01-27|35.98|37.91|35.25|35.91|1159500|35.91
2006-01-26|31.99|35.60|31.20|35.44|2073900|35.44
2006-01-25|31.67|32.11|29.08|30.13|1645000|30.13
2006-01-24|32.30|33.10|31.70|31.80|563500|31.80
2006-01-23|34.94|34.97|32.36|32.56|736300|32.56
2006-01-20|34.43|35.19|33.81|33.85|604900|33.85
2006-01-19|35.94|36.00|34.12|34.24|1061000|34.24
2006-01-18|33.65|35.30|32.53|35.25|870500|35.25
2006-01-17|33.98|35.00|33.38|34.06|416500|34.06
2006-01-13|35.60|36.55|33.85|33.98|786000|33.98
2006-01-12|37.88|38.04|34.65|34.85|1301600|34.85
2006-01-11|34.41|37.59|34.38|36.75|664200|36.75
2006-01-10|34.13|35.40|33.74|34.86|661100|34.86
2006-01-09|33.07|33.94|31.80|33.69|515500|33.69
2006-01-06|32.75|32.83|31.23|32.57|539400|32.57
2006-01-05|33.53|34.86|32.51|32.54|544900|32.54
2006-01-04|34.02|34.02|32.14|33.15|588300|33.15
2006-01-03|34.50|34.55|33.22|33.86|363700|33.86
2005-12-30|34.71|34.71|33.49|33.99|507600|33.99
2005-12-29|33.00|34.75|32.51|34.72|1090800|34.72
2005-12-28|30.50|33.00|29.99|32.43|461500|32.43
2005-12-27|28.76|30.15|28.69|29.99|330700|29.99
2005-12-23|28.89|28.89|27.21|28.02|233600|28.02
2005-12-22|28.74|28.95|28.23|28.77|100000|28.77
2005-12-21|28.91|29.13|27.90|28.81|357500|28.81
2005-12-20|29.69|30.22|28.97|29.02|286600|29.02
2005-12-19|30.99|31.00|29.53|30.04|375200|30.04
2005-12-16|29.95|30.83|28.78|30.78|1173700|30.78
2005-12-15|29.10|29.40|27.60|28.40|267300|28.40
2005-12-14|29.25|29.25|26.60|28.10|317500|28.10
2005-12-13|28.39|28.39|27.70|27.83|91600|27.83
2005-12-12|28.09|29.14|27.50|27.61|241400|27.61
2005-12-09|26.40|27.90|26.25|27.43|182200|27.43
2005-12-08|25.35|27.00|25.22|26.15|229200|26.15
2005-12-07|25.69|25.69|24.75|25.00|321400|25.00
2005-12-06|25.47|25.49|24.30|24.42|200600|24.42
2005-12-05|26.00|26.00|24.78|25.04|171700|25.04
2005-12-02|25.72|26.25|25.27|25.68|101300|25.68
2005-12-01|25.23|26.00|24.72|25.44|148100|25.44
2005-11-30|24.95|25.20|24.75|25.00|109400|25.00
2005-11-29|25.57|25.72|24.77|24.78|271200|24.78
2005-11-28|27.39|27.40|25.06|25.16|376200|25.16
2005-11-25|26.00|26.73|25.47|26.00|71100|26.00
2005-11-23|25.15|25.58|25.02|25.14|510000|25.14
2005-11-22|26.73|26.73|25.03|25.10|375900|25.10
2005-11-21|27.10|27.95|25.75|26.60|571800|26.60
2005-11-18|25.55|27.51|24.80|27.10|2155300|27.10
2005-11-17|28.00|28.01|24.81|25.45|10565600|25.45