Date,Open,High,Low,Close,Volume,Adj Close
2012-05-04,12.20,12.32,12.03,12.22,119100,12.22
2012-05-03,12.55,12.55,12.01,12.27,111400,12.27
2012-05-02,12.43,12.55,12.13,12.51,88000,12.51
2012-05-01,12.73,12.93,12.53,12.56,161000,12.56
2012-04-30,12.86,12.86,12.11,12.76,243100,12.76
2012-04-27,12.89,12.89,12.67,12.81,175000,12.81
2012-04-26,12.60,12.85,12.46,12.81,140900,12.81
2012-04-25,12.56,12.70,12.25,12.64,218500,12.64
2012-04-24,11.85,12.45,11.85,12.44,492000,12.44
2012-04-23,11.60,11.99,11.52,11.88,195000,11.88
2012-04-20,11.75,11.81,11.53,11.75,380400,11.75
2012-04-19,11.66,11.82,11.52,11.73,249000,11.73
2012-04-18,11.41,11.71,11.40,11.67,173400,11.67
2012-04-17,11.39,11.60,11.39,11.52,113500,11.52
2012-04-16,11.60,11.63,11.18,11.26,87400,11.26
2012-04-13,11.29,11.52,11.05,11.50,154700,11.50
2012-04-12,11.54,11.56,11.28,11.37,87400,11.37
2012-04-11,11.18,11.53,11.02,11.51,241300,11.51
2012-04-10,10.87,11.08,10.83,11.02,257200,11.02
2012-04-09,10.66,10.90,10.63,10.85,110600,10.85
2012-04-05,10.80,10.89,10.75,10.85,48600,10.85
2012-04-04,10.75,10.85,10.60,10.80,368800,10.80
2012-04-03,10.77,11.06,10.66,10.91,198900,10.91
2012-04-02,10.55,10.93,10.45,10.83,365600,10.83
2012-03-30,10.51,10.59,10.43,10.55,122800,10.55
2012-03-29,10.53,10.56,10.34,10.42,107400,10.42
2012-03-28,10.82,11.16,10.45,10.60,145800,10.60
2012-03-27,10.72,10.98,10.70,10.82,136200,10.82
2012-03-26,10.29,10.74,10.29,10.73,178100,10.73
2012-03-23,10.19,10.25,10.13,10.20,156600,10.20
2012-03-22,10.19,10.30,10.01,10.21,64800,10.21
2012-03-21,10.43,10.43,10.25,10.26,82800,10.26
2012-03-20,10.46,10.53,10.33,10.39,112600,10.39
2012-03-19,10.57,10.64,10.45,10.53,167900,10.53
2012-03-16,10.69,10.82,10.40,10.55,189300,10.55
2012-03-15,10.85,10.90,10.65,10.70,60600,10.70
2012-03-14,10.93,11.01,10.71,10.85,89600,10.85
2012-03-13,10.95,11.02,10.77,10.90,206700,10.90
2012-03-12,10.87,10.98,10.58,10.96,142600,10.96
2012-03-09,10.64,11.05,10.22,10.83,268700,10.83
2012-03-08,10.34,10.72,10.05,10.67,211100,10.67
2012-03-07,9.55,9.94,9.42,9.85,180600,9.85
2012-03-06,9.75,9.83,9.38,9.49,99200,9.49
2012-03-05,9.73,9.96,9.60,9.84,238000,9.84
2012-03-02,10.20,10.32,9.56,9.78,116300,9.78
2012-03-01,10.31,10.50,10.21,10.21,121200,10.21
2012-02-29,10.50,10.51,10.21,10.29,392200,10.29
2012-02-28,10.62,10.70,10.40,10.50,113000,10.50
2012-02-27,10.63,10.63,10.48,10.60,65400,10.60
2012-02-24,10.77,10.85,10.70,10.74,87000,10.74
2012-02-23,10.67,10.86,10.65,10.80,141300,10.80
2012-02-22,10.61,10.73,10.53,10.64,112900,10.64
2012-02-21,10.72,10.75,10.53,10.60,125400,10.60
2012-02-17,10.75,10.75,10.57,10.70,88300,10.70
2012-02-16,10.26,10.75,10.26,10.75,120300,10.75
2012-02-15,10.35,10.40,10.10,10.26,97700,10.26
2012-02-14,10.28,10.34,10.02,10.27,66500,10.27
2012-02-13,10.48,10.48,9.45,10.36,61400,10.36
2012-02-10,10.33,10.62,10.31,10.36,54200,10.36
2012-02-09,10.75,10.78,10.37,10.40,70400,10.40
2012-02-08,10.72,10.75,10.67,10.74,57400,10.74
2012-02-07,10.43,10.77,10.41,10.72,94000,10.72
2012-02-06,10.69,10.74,10.40,10.41,110200,10.41
2012-02-03,10.75,10.75,10.64,10.72,121400,10.72
2012-02-02,10.73,10.73,10.48,10.70,183800,10.70
2012-02-01,10.51,10.75,10.45,10.74,117800,10.74
2012-01-31,10.72,10.72,10.31,10.47,60700,10.47
2012-01-30,10.80,10.94,10.61,10.64,71100,10.64
2012-01-27,10.79,11.01,10.78,10.88,85500,10.88
2012-01-26,11.24,11.24,10.52,10.89,112900,10.89
2012-01-25,10.50,11.00,10.50,10.76,124000,10.76
2012-01-24,10.23,10.50,10.04,10.47,92900,10.47
2012-01-23,10.14,10.50,10.10,10.28,88600,10.28
2012-01-20,10.06,10.25,10.03,10.15,95000,10.15
2012-01-19,10.18,10.18,10.06,10.09,66900,10.09
2012-01-18,10.16,10.25,10.07,10.17,78500,10.17
2012-01-17,10.24,10.29,10.07,10.17,128900,10.17
2012-01-13,10.12,10.24,10.03,10.19,49500,10.19
2012-01-12,10.22,10.34,10.10,10.27,78400,10.27
2012-01-11,10.17,10.37,10.04,10.24,93000,10.24
2012-01-10,10.40,10.40,10.15,10.28,123200,10.28
2012-01-09,9.95,10.36,9.82,10.26,346000,10.26
2012-01-06,9.98,10.01,9.86,9.95,126000,9.95
2012-01-05,9.90,10.05,9.90,9.94,105300,9.94
2012-01-04,9.91,10.00,9.89,9.91,76700,9.91
2012-01-03,9.88,10.25,9.82,9.96,157200,9.96
2011-12-30,9.48,9.69,9.48,9.62,149900,9.62
2011-12-29,9.57,9.71,9.48,9.52,137500,9.52
2011-12-28,9.82,9.92,9.48,9.56,209500,9.56
2011-12-27,9.64,10.06,9.61,9.81,108000,9.81
2011-12-23,10.23,10.23,10.08,10.11,37800,10.11
2011-12-22,10.00,10.21,9.85,10.21,104600,10.21
2011-12-21,9.85,10.02,9.75,10.01,76000,10.01
2011-12-20,9.90,10.00,9.40,9.90,165200,9.90
2011-12-19,9.57,9.75,9.44,9.67,204700,9.67
2011-12-16,9.62,9.62,9.40,9.47,349300,9.47
2011-12-15,9.90,9.90,9.41,9.52,205400,9.52
2011-12-14,9.02,9.78,9.02,9.76,198500,9.76
2011-12-13,9.57,9.67,9.08,9.09,107800,9.09
2011-12-12,9.56,9.67,9.24,9.48,72700,9.48
2011-12-09,9.50,9.81,9.50,9.69,128300,9.69
2011-12-08,9.92,9.92,9.28,9.52,278700,9.52
2011-12-07,10.07,10.07,9.83,10.01,162900,10.01
2011-12-06,9.95,10.19,9.88,10.12,439200,10.12
2011-12-05,9.60,9.95,9.59,9.91,252400,9.91
2011-12-02,9.66,9.80,9.54,9.75,112100,9.75
2011-12-01,9.34,9.60,9.21,9.57,144200,9.57
2011-11-30,9.12,9.50,8.91,9.34,598700,9.34
2011-11-29,8.83,9.02,8.70,8.84,184800,8.84
2011-11-28,8.38,8.93,8.28,8.80,227200,8.80
2011-11-25,8.23,8.31,8.00,8.14,42900,8.14
2011-11-23,8.49,8.49,8.16,8.25,157200,8.25
2011-11-22,8.89,8.95,8.30,8.56,198700,8.56
2011-11-21,9.07,9.10,8.76,8.90,230300,8.90
2011-11-18,9.14,9.25,9.03,9.24,133800,9.24
2011-11-17,9.49,9.49,8.82,9.13,163500,9.13
2011-11-16,9.34,9.85,9.31,9.53,304300,9.53
2011-11-15,8.98,9.49,8.84,9.46,160300,9.46
2011-11-14,9.23,9.44,8.70,9.00,260400,9.00
2011-11-11,9.13,9.13,8.57,9.04,206400,9.04
2011-11-10,9.20,9.45,8.89,8.94,440200,8.94
2011-11-09,8.79,8.89,8.61,8.63,202300,8.63
2011-11-08,8.68,9.20,8.56,9.18,113800,9.18
2011-11-07,8.60,8.70,8.36,8.57,59800,8.57
2011-11-04,8.84,8.84,8.51,8.66,79000,8.66
2011-11-03,8.81,9.00,8.51,8.96,140000,8.96
2011-11-02,8.60,8.78,8.36,8.76,110400,8.76
2011-11-01,8.06,8.58,8.06,8.37,178200,8.37
2011-10-31,8.58,8.71,8.40,8.55,81500,8.55
2011-10-28,8.70,8.89,8.63,8.77,142500,8.77
2011-10-27,8.46,8.90,8.30,8.84,238500,8.84
2011-10-26,8.28,8.41,8.02,8.26,180100,8.26
2011-10-25,8.42,8.52,7.78,8.14,105300,8.14
2011-10-24,8.25,8.63,8.04,8.48,160500,8.48
2011-10-21,8.08,8.27,7.87,8.26,113300,8.26
2011-10-20,7.84,7.93,7.62,7.89,116600,7.89
2011-10-19,8.52,8.59,7.78,7.85,297600,7.85
2011-10-18,8.53,8.90,8.29,8.83,135600,8.83
2011-10-17,8.84,9.08,8.44,8.50,291600,8.50
2011-10-14,8.80,8.95,8.26,8.94,250800,8.94
2011-10-13,8.11,8.81,7.64,8.74,466000,8.74
2011-10-12,7.60,8.25,7.60,8.15,152700,8.15
2011-10-11,7.10,7.53,7.02,7.53,312200,7.53
2011-10-10,7.01,7.28,6.85,7.16,136700,7.16
2011-10-07,7.16,7.49,6.82,6.88,118800,6.88
2011-10-06,6.93,7.25,6.92,7.15,242900,7.15
2011-10-05,6.55,7.16,6.51,6.95,307000,6.95
2011-10-04,7.00,7.26,6.21,6.52,1312100,6.52
2011-10-03,7.56,7.72,6.89,6.92,301100,6.92
2011-09-30,7.59,7.71,7.45,7.56,173800,7.56
2011-09-29,8.24,8.24,7.47,7.70,216100,7.70
2011-09-28,8.61,8.63,8.05,8.06,246900,8.06
2011-09-27,9.13,9.26,8.83,8.97,196000,8.97
2011-09-26,9.21,9.48,8.52,8.95,212900,8.95
2011-09-23,8.50,9.12,8.21,9.11,174200,9.11
2011-09-22,8.71,8.96,8.22,8.45,222400,8.45
2011-09-21,9.28,9.59,9.12,9.15,236600,9.15
2011-09-20,8.61,9.65,8.49,9.32,430500,9.32
2011-09-19,7.90,8.82,7.90,8.61,524800,8.61
2011-09-16,7.70,7.91,7.57,7.85,364200,7.85
2011-09-15,7.69,7.69,7.55,7.62,138700,7.62
2011-09-14,7.67,7.75,7.28,7.65,184900,7.65
2011-09-13,7.36,7.62,7.27,7.57,129400,7.57
2011-09-12,7.36,7.53,7.16,7.30,162200,7.30
2011-09-09,7.79,8.13,7.43,7.47,111700,7.47
2011-09-08,8.15,8.17,7.83,7.88,131900,7.88
2011-09-07,7.70,8.21,7.69,8.19,141700,8.19
2011-09-06,7.80,7.86,7.35,7.58,318900,7.58
2011-09-02,7.80,7.93,7.55,7.56,194200,7.56
2011-09-01,8.34,8.50,7.84,7.84,172800,7.84
2011-08-31,9.11,9.42,8.21,8.25,473700,8.25
2011-08-30,8.56,9.09,8.25,9.08,258900,9.08
2011-08-29,7.90,8.93,7.90,8.58,313900,8.58
2011-08-26,7.20,7.93,7.19,7.86,209600,7.86
2011-08-25,7.50,7.50,7.10,7.33,130500,7.33
2011-08-24,7.24,7.50,7.21,7.47,217700,7.47
2011-08-23,7.12,7.32,7.03,7.23,201600,7.23
2011-08-22,7.19,7.19,6.97,7.08,253400,7.08
2011-08-19,7.39,7.39,6.80,7.05,873900,7.05
2011-08-18,8.20,8.29,7.21,7.35,328600,7.35
2011-08-17,8.38,8.69,8.00,8.34,579600,8.34
2011-08-16,10.11,10.11,8.22,8.40,1006600,8.40
2011-08-15,10.41,11.40,10.08,10.26,197200,10.26
2011-08-12,10.95,10.95,9.98,10.07,194300,10.07
2011-08-11,11.23,11.47,10.62,10.87,135600,10.87
2011-08-10,11.53,11.63,11.04,11.13,184100,11.13
2011-08-09,10.82,11.87,10.70,11.80,274100,11.80
2011-08-08,11.46,11.57,10.50,10.54,755600,10.54
2011-08-05,12.05,13.07,11.22,11.68,379400,11.68
2011-08-04,12.95,12.99,11.74,12.05,202500,12.05
2011-08-03,13.13,13.16,12.56,13.06,96100,13.06
2011-08-02,13.42,13.50,13.01,13.07,130400,13.07
2011-08-01,13.52,13.77,13.13,13.44,343100,13.44
2011-07-29,12.87,13.45,12.83,13.39,217300,13.39
2011-07-28,12.54,13.32,12.22,13.03,548400,13.03
2011-07-27,12.76,12.76,12.40,12.48,350400,12.48
2011-07-26,13.00,13.06,12.69,12.82,82500,12.82
2011-07-25,12.99,13.16,12.73,12.99,167000,12.99
2011-07-22,13.03,13.17,12.73,13.15,51900,13.15
2011-07-21,12.80,13.14,12.57,13.10,115400,13.10
2011-07-20,13.03,13.20,12.35,12.67,201500,12.67
2011-07-19,13.37,13.52,12.86,12.98,215300,12.98
2011-07-18,13.70,13.82,13.20,13.30,143900,13.30
2011-07-15,13.63,13.90,13.25,13.68,262000,13.68
2011-07-14,13.99,13.99,13.50,13.64,154900,13.64
2011-07-13,13.28,14.10,13.27,13.72,639300,13.72
2011-07-12,13.18,14.20,13.08,13.12,657600,13.12
2011-07-11,13.28,13.34,12.99,13.20,144100,13.20
2011-07-08,13.54,13.75,13.25,13.41,141800,13.41
2011-07-07,13.85,13.90,13.50,13.70,162100,13.70
2011-07-06,12.95,13.90,12.95,13.82,837800,13.82
2011-07-05,13.00,13.01,12.72,12.99,119700,12.99
2011-07-01,12.96,13.00,12.63,12.93,227000,12.93
2011-06-30,12.02,13.00,12.01,12.92,540000,12.92
2011-06-29,12.11,12.25,11.97,12.05,208900,12.05
2011-06-28,11.70,12.11,11.38,12.06,344500,12.06
2011-06-27,12.02,12.22,11.55,11.73,522400,11.73
2011-06-24,12.12,12.47,11.77,12.01,5020600,12.01
2011-06-23,12.55,12.63,11.87,12.39,263300,12.39
2011-06-22,12.68,12.73,12.14,12.64,169500,12.64
2011-06-21,12.90,12.90,12.55,12.68,136100,12.68
2011-06-20,12.65,13.00,12.56,12.71,167100,12.71
2011-06-17,12.67,12.79,12.48,12.73,305700,12.73
2011-06-16,12.75,13.01,12.47,12.60,92900,12.60
2011-06-15,12.74,13.10,12.63,12.78,201700,12.78
2011-06-14,12.88,13.20,12.83,12.87,255300,12.87
2011-06-13,12.79,13.43,12.62,12.79,512400,12.79
2011-06-10,12.95,12.99,12.47,12.72,127700,12.72
2011-06-09,12.67,13.06,12.26,12.98,153800,12.98
2011-06-08,13.11,13.12,11.81,12.70,311200,12.70
2011-06-07,13.26,13.26,12.80,13.15,83500,13.15
2011-06-06,13.12,13.47,12.99,13.20,198600,13.20
2011-06-03,13.01,13.21,12.96,13.11,71800,13.11
2011-06-02,13.11,13.24,12.93,13.14,99500,13.14
2011-06-01,13.35,13.48,12.87,13.16,183900,13.16
2011-05-31,12.96,13.43,12.72,13.39,795700,13.39
2011-05-27,12.76,12.99,12.67,12.89,115200,12.89
2011-05-26,13.20,13.25,12.64,12.80,252400,12.80
2011-05-25,12.93,13.24,12.66,13.16,244100,13.16
2011-05-24,13.01,13.38,12.60,12.92,250000,12.92
2011-05-23,12.70,13.25,12.47,12.89,368500,12.89
2011-05-20,12.02,12.80,12.02,12.73,269900,12.73
2011-05-19,12.20,12.54,11.89,12.00,273700,12.00
2011-05-18,11.85,12.20,11.66,12.10,451600,12.10
2011-05-17,11.02,12.16,11.02,11.98,502400,11.98
2011-05-16,10.71,11.40,10.53,11.00,202000,11.00
2011-05-13,10.66,10.66,10.50,10.52,51100,10.52
2011-05-12,10.56,10.70,10.37,10.66,34300,10.66
2011-05-11,10.35,10.70,10.04,10.68,110700,10.68
2011-05-10,10.26,10.38,10.20,10.34,33600,10.34
2011-05-09,10.18,10.25,10.04,10.22,24100,10.22
2011-05-06,10.18,10.20,9.94,10.20,13000,10.20
2011-05-05,10.16,10.22,9.90,10.11,42600,10.11
2011-05-04,10.26,10.28,9.92,10.18,30000,10.18
2011-05-03,10.06,10.30,10.02,10.20,34400,10.20
2011-05-02,10.30,10.30,10.13,10.13,10600,10.13
2011-04-29,10.29,10.48,10.18,10.32,37000,10.32
2011-04-28,10.15,10.20,10.05,10.20,16600,10.20
2011-04-27,10.12,10.17,10.05,10.17,35300,10.17
2011-04-26,10.10,10.18,9.97,10.17,374700,10.17
2011-04-25,10.05,10.14,9.87,10.11,44400,10.11
2011-04-21,9.59,10.10,9.59,10.10,1144700,10.10
2011-04-20,9.04,9.92,9.00,9.89,97400,9.89
2011-04-19,9.98,10.07,9.56,9.81,109900,9.81
2011-04-18,10.20,10.24,9.93,9.94,41400,9.94
2011-04-15,10.25,10.34,10.21,10.26,34600,10.26
2011-04-14,10.20,10.43,10.10,10.18,40900,10.18
2011-04-13,10.22,10.36,10.20,10.31,41500,10.31
2011-04-12,10.42,10.44,10.20,10.33,13700,10.33
2011-04-11,10.24,10.46,10.23,10.42,11800,10.42
2011-04-08,10.49,10.50,10.28,10.41,40400,10.41
2011-04-07,10.32,10.49,10.30,10.39,38200,10.39
2011-04-06,10.55,10.55,10.37,10.48,77600,10.48
2011-04-05,10.50,10.55,10.42,10.54,51300,10.54
2011-04-04,10.41,10.58,10.37,10.52,90100,10.52
2011-04-01,10.49,10.55,10.37,10.45,50400,10.45
2011-03-31,10.25,10.56,10.18,10.42,49900,10.42
2011-03-30,10.35,10.50,10.29,10.50,48700,10.50
2011-03-29,10.26,10.48,10.13,10.35,172700,10.35
2011-03-28,10.58,10.58,10.30,10.39,76000,10.39
2011-03-25,10.70,10.70,10.40,10.56,97400,10.56
2011-03-24,10.27,10.71,10.23,10.63,81600,10.63
2011-03-23,9.39,10.52,9.39,10.31,170700,10.31
2011-03-22,9.10,9.53,8.98,9.47,92500,9.47
2011-03-21,9.00,9.24,8.94,9.24,141700,9.24
2011-03-18,9.07,9.12,9.00,9.02,149700,9.02
2011-03-17,8.94,9.17,8.86,8.96,191500,8.96
2011-03-16,8.44,8.65,8.15,8.60,143000,8.60
2011-03-15,8.53,8.54,7.84,8.15,110400,8.15
2011-03-14,8.70,8.80,8.57,8.64,5200,8.64
2011-03-11,8.75,8.76,8.59,8.60,38400,8.60
2011-03-10,8.87,8.98,8.79,8.81,20800,8.81
2011-03-09,9.45,9.45,8.89,9.15,8400,9.15
2011-03-08,8.96,9.53,8.90,9.39,52200,9.39
2011-03-07,8.70,9.07,8.70,8.97,17500,8.97
2011-03-04,8.87,9.01,8.54,8.81,50700,8.81
2011-03-03,9.00,9.06,8.89,8.89,40100,8.89
2011-03-02,8.95,9.09,8.76,9.06,15400,9.06
2011-03-01,8.98,9.19,8.77,9.09,48300,9.09
2011-02-28,8.76,9.11,8.76,9.08,23700,9.08
2011-02-25,8.89,9.34,8.74,9.09,37000,9.09
2011-02-24,8.72,8.87,8.50,8.64,20500,8.64
2011-02-23,8.72,8.90,8.72,8.80,1700,8.80
2011-02-22,8.98,9.37,8.68,8.94,87500,8.94
2011-02-18,9.12,9.27,9.01,9.09,58600,9.09
2011-02-17,9.03,9.12,8.95,9.12,14700,9.12
2011-02-16,9.66,9.66,8.96,9.02,23800,9.02
2011-02-15,9.50,9.50,8.75,8.83,13300,8.83
2011-02-14,9.50,9.50,8.77,8.94,23900,8.94
2011-02-11,9.01,9.01,8.80,8.97,9100,8.97
2011-02-10,9.25,9.25,9.00,9.01,11800,9.01
2011-02-09,9.38,9.38,8.75,9.20,110000,9.20
2011-02-08,9.39,9.45,8.85,9.02,674400,9.02
2011-02-07,9.30,9.36,8.79,9.05,350800,9.05
2011-02-04,8.43,9.69,8.30,9.05,1915900,9.05
