Date,Open,High,Low,Close,Volume,Adj Close
2012-05-04,13.31,13.31,12.48,12.70,1716700,12.70
2012-05-03,14.11,14.31,13.26,13.50,2658300,13.50
2012-05-02,13.64,13.67,12.90,13.52,1521800,13.52
2012-05-01,13.51,14.08,13.21,13.82,1801400,13.82
2012-04-30,12.91,13.68,12.69,13.51,1566500,13.51
2012-04-27,12.71,12.98,12.45,12.95,1263900,12.95
2012-04-26,12.07,12.69,11.96,12.59,1496500,12.59
2012-04-25,11.91,12.22,11.68,12.16,892900,12.16
2012-04-24,11.34,11.88,11.24,11.70,932400,11.70
2012-04-23,11.09,11.51,10.90,11.29,1103900,11.29
2012-04-20,11.85,12.18,11.35,11.38,837500,11.38
2012-04-19,12.10,12.13,11.61,11.66,912300,11.66
2012-04-18,12.41,12.62,11.99,12.11,852200,12.11
2012-04-17,12.26,12.68,12.22,12.52,862900,12.52
2012-04-16,12.51,12.53,11.93,12.09,832400,12.09
2012-04-13,13.25,13.25,12.33,12.38,687800,12.38
2012-04-12,12.85,13.35,12.85,13.28,638900,13.28
2012-04-11,12.58,12.98,12.54,12.81,1066000,12.81
2012-04-10,12.44,12.81,12.14,12.37,1138800,12.37
2012-04-09,12.42,12.80,12.26,12.52,855600,12.52
2012-04-05,13.11,13.30,12.73,12.76,854100,12.76
2012-04-04,13.14,13.31,12.92,13.19,815600,13.19
2012-04-03,13.50,13.55,13.15,13.40,1223100,13.40
2012-04-02,13.18,13.78,13.00,13.55,1665700,13.55
2012-03-30,13.28,13.38,12.85,13.19,1106600,13.19
2012-03-29,13.19,13.28,12.86,13.14,858000,13.14
2012-03-28,13.69,13.70,12.84,13.36,1320600,13.36
2012-03-27,14.56,14.56,13.66,13.72,1205000,13.72
2012-03-26,14.27,14.85,14.27,14.56,1697300,14.56
2012-03-23,13.39,14.26,13.32,14.01,1728600,14.01
2012-03-22,13.57,13.62,13.26,13.37,855300,13.37
2012-03-21,13.94,14.32,13.46,13.83,807100,13.83
2012-03-20,14.05,14.09,13.61,13.99,1059600,13.99
2012-03-19,14.12,14.60,13.90,14.25,883800,14.25
2012-03-16,13.56,14.43,13.56,14.14,2138000,14.14
2012-03-15,13.43,13.52,13.07,13.49,1368400,13.49
2012-03-14,13.77,13.88,13.24,13.30,856500,13.30
2012-03-13,13.68,13.85,13.45,13.84,1587900,13.84
2012-03-12,13.88,13.88,13.11,13.49,1027100,13.49
2012-03-09,13.95,14.24,13.73,13.92,585300,13.92
2012-03-08,13.84,14.15,13.70,14.01,549300,14.01
2012-03-07,13.34,13.77,13.13,13.73,823700,13.73
2012-03-06,13.47,13.52,13.04,13.22,908500,13.22
2012-03-05,14.23,14.23,13.33,13.70,1564800,13.70
2012-03-02,14.43,14.67,14.07,14.36,1500500,14.36
2012-03-01,14.43,14.70,14.20,14.44,1789800,14.44
2012-02-29,14.86,15.23,14.36,14.40,1560100,14.40
2012-02-28,14.88,15.10,14.57,14.84,1139900,14.84
2012-02-27,14.39,15.06,13.84,14.89,1876900,14.89
2012-02-24,14.08,14.58,13.99,14.41,2066100,14.41
2012-02-23,13.50,14.94,13.01,14.44,4193300,14.44
2012-02-22,12.04,12.28,11.70,12.11,1107900,12.11
2012-02-21,12.64,12.67,12.03,12.09,1227200,12.09
2012-02-17,12.29,12.62,12.29,12.59,1088800,12.59
2012-02-16,11.90,12.26,11.56,12.19,837400,12.19
2012-02-15,12.15,12.40,11.83,11.97,1646000,11.97
2012-02-14,11.71,12.40,11.54,12.19,1865900,12.19
2012-02-13,10.71,11.84,10.71,11.78,1482500,11.78
2012-02-10,10.64,10.89,10.47,10.49,760900,10.49
2012-02-09,11.13,11.25,10.72,10.93,1123200,10.93
2012-02-08,11.24,11.43,10.84,11.14,730900,11.14
2012-02-07,10.94,11.26,10.58,11.20,1438900,11.20
2012-02-06,10.13,10.91,10.06,10.90,993500,10.90
2012-02-03,10.13,10.50,10.00,10.22,1310300,10.22
2012-02-02,9.25,9.98,9.16,9.94,1000100,9.94
2012-02-01,9.37,9.44,9.10,9.25,1199600,9.25
2012-01-31,9.58,9.73,9.24,9.28,831900,9.28
2012-01-30,9.46,9.63,9.20,9.48,666400,9.48
2012-01-27,8.86,9.63,8.86,9.60,970700,9.60
2012-01-26,9.57,9.67,8.85,8.89,1069200,8.89
2012-01-25,9.37,9.56,9.00,9.51,814100,9.51
2012-01-24,9.40,9.48,9.18,9.41,704800,9.41
2012-01-23,9.70,9.86,9.47,9.52,696300,9.52
2012-01-20,10.01,10.13,9.58,9.74,769500,9.74
2012-01-19,10.03,10.23,9.97,10.05,856400,10.05
2012-01-18,9.07,10.04,9.07,9.90,1504800,9.90
2012-01-17,9.19,9.29,8.93,9.07,1562700,9.07
2012-01-13,9.06,9.17,8.83,9.06,1209300,9.06
2012-01-12,9.27,9.41,8.94,9.22,919600,9.22
2012-01-11,9.31,9.40,9.18,9.29,610900,9.29
2012-01-10,9.17,9.41,9.12,9.36,519300,9.36
2012-01-09,9.11,9.17,8.79,8.97,1442800,8.97
2012-01-06,9.26,9.45,9.03,9.05,1171400,9.05
2012-01-05,9.75,9.78,9.11,9.20,1282400,9.20
2012-01-04,9.69,9.98,9.48,9.89,882800,9.89
2012-01-03,9.35,9.84,9.35,9.79,1427500,9.79
2011-12-30,8.77,9.12,8.70,9.10,9347700,9.10
2011-12-29,8.59,8.85,8.50,8.82,963500,8.82
2011-12-28,9.24,9.24,8.51,8.53,1063200,8.53
2011-12-27,9.25,9.46,9.22,9.27,680200,9.27
2011-12-23,9.50,9.56,9.07,9.25,952300,9.25
2011-12-22,9.33,9.58,9.31,9.54,659300,9.54
2011-12-21,9.12,9.36,8.82,9.24,874400,9.24
2011-12-20,8.67,9.21,8.67,9.17,1997300,9.17
2011-12-19,8.85,8.93,8.33,8.41,1099800,8.41
2011-12-16,8.97,9.19,8.66,8.75,2088400,8.75
2011-12-15,9.37,9.41,8.79,8.82,1428200,8.82
2011-12-14,9.63,9.65,9.12,9.20,1636200,9.20
2011-12-13,10.36,10.60,9.72,9.77,1048300,9.77
2011-12-12,10.48,10.50,10.07,10.21,906800,10.21
2011-12-09,10.67,10.81,10.56,10.70,850500,10.70
2011-12-08,11.33,11.57,10.53,10.57,1127600,10.57
2011-12-07,11.33,11.56,10.96,11.46,1042700,11.46
2011-12-06,11.49,11.63,11.12,11.44,573600,11.44
2011-12-05,11.82,11.94,11.36,11.49,734900,11.49
2011-12-02,11.71,11.79,11.23,11.43,729900,11.43
2011-12-01,11.40,11.66,11.24,11.54,870800,11.54
2011-11-30,10.98,11.46,10.76,11.46,1570200,11.46
2011-11-29,10.34,10.48,10.09,10.30,383000,10.30
2011-11-28,10.06,10.85,10.02,10.30,1009000,10.30
2011-11-25,9.80,10.15,9.59,9.59,340400,9.59
2011-11-23,10.07,10.11,9.78,9.90,1081500,9.90
2011-11-22,10.56,10.78,10.20,10.23,983000,10.23
2011-11-21,10.63,10.68,10.25,10.60,804100,10.60
2011-11-18,10.63,10.98,10.35,10.92,1951300,10.92
2011-11-17,11.70,11.74,10.47,10.59,1812400,10.59
2011-11-16,11.84,12.27,11.60,11.63,932800,11.63
2011-11-15,11.64,12.08,11.40,11.99,709600,11.99
2011-11-14,12.47,12.47,11.60,11.69,959800,11.69
2011-11-11,12.07,12.61,12.04,12.56,1467700,12.56
2011-11-10,11.80,12.01,11.38,11.87,994900,11.87
2011-11-09,11.78,11.92,11.43,11.54,1365300,11.54
2011-11-08,11.78,12.39,11.72,12.25,1648100,12.25
2011-11-07,11.58,12.02,11.22,11.67,1285900,11.67
2011-11-04,10.99,11.74,10.99,11.65,1647200,11.65
2011-11-03,9.63,11.55,9.63,11.50,3238800,11.50
2011-11-02,9.40,9.65,9.23,9.53,885400,9.53
2011-11-01,9.20,9.39,8.78,9.18,1606500,9.18
2011-10-31,10.20,10.20,9.47,9.50,1593400,9.50
2011-10-28,10.25,10.49,10.18,10.40,1326600,10.40
2011-10-27,9.43,10.49,9.18,10.29,1934900,10.29
2011-10-26,9.27,9.32,8.79,9.07,727600,9.07
2011-10-25,9.55,9.94,9.04,9.08,813500,9.08
2011-10-24,8.95,9.43,8.86,9.38,1299800,9.38
2011-10-21,9.20,9.50,8.82,8.97,1244500,8.97
2011-10-20,8.80,9.04,8.55,9.00,719800,9.00
2011-10-19,9.25,9.44,8.79,8.84,579600,8.84
2011-10-18,8.74,9.32,8.53,9.27,1317700,9.27
2011-10-17,9.32,9.42,8.68,8.72,1353600,8.72
2011-10-14,9.23,9.54,9.10,9.41,1372800,9.41
2011-10-13,9.07,9.11,8.78,9.02,1398600,9.02
2011-10-12,9.00,9.30,8.89,9.13,1572800,9.13
2011-10-11,8.79,8.95,8.66,8.86,1383800,8.86
2011-10-10,9.01,9.13,8.63,8.85,1180200,8.85
2011-10-07,9.51,9.57,8.72,8.79,1074600,8.79
2011-10-06,9.12,9.53,9.04,9.49,1515500,9.49
2011-10-05,8.98,9.39,8.77,9.23,1108900,9.23
2011-10-04,8.64,9.04,8.26,8.99,2100000,8.99
2011-10-03,9.59,9.64,8.73,8.78,2075800,8.78
2011-09-30,9.48,10.01,9.42,9.72,1970800,9.72
2011-09-29,9.20,9.85,9.18,9.76,2394500,9.76
2011-09-28,9.30,9.47,8.84,8.87,1769100,8.87
2011-09-27,9.43,9.95,9.21,9.30,1652500,9.30
2011-09-26,8.33,9.12,8.16,9.11,1883000,9.11
2011-09-23,8.57,8.66,8.07,8.21,2398600,8.21
2011-09-22,9.33,9.55,8.26,8.54,2116600,8.54
2011-09-21,9.96,10.26,9.54,9.71,1700100,9.71
2011-09-20,10.33,10.37,9.96,9.96,817200,9.96
2011-09-19,10.28,10.44,9.96,10.24,1161700,10.24
2011-09-16,10.74,10.87,10.44,10.59,1332000,10.59
2011-09-15,10.69,10.86,10.54,10.84,1099900,10.84
2011-09-14,10.66,10.72,10.19,10.50,1146000,10.50
2011-09-13,10.69,10.75,10.31,10.53,1174600,10.53
2011-09-12,10.26,10.61,10.17,10.60,744700,10.60
2011-09-09,11.11,11.18,10.39,10.49,1136700,10.49
2011-09-08,11.38,11.53,11.10,11.26,1385300,11.26
2011-09-07,10.78,11.52,10.60,11.51,1173800,11.51
2011-09-06,10.62,10.71,10.36,10.62,1188000,10.62
2011-09-02,11.21,11.37,10.97,11.03,783400,11.03
2011-09-01,11.87,12.07,11.52,11.54,792600,11.54
2011-08-31,11.69,11.92,11.59,11.84,1219900,11.84
2011-08-30,11.03,11.77,10.91,11.58,1573500,11.58
2011-08-29,10.46,11.14,10.40,11.12,1411700,11.12
2011-08-26,9.86,10.41,9.80,10.27,780300,10.27
2011-08-25,10.51,10.63,9.90,9.97,1006500,9.97
2011-08-24,10.26,10.48,10.04,10.44,912800,10.44
2011-08-23,10.13,10.32,9.86,10.32,1286100,10.32
2011-08-22,10.61,10.71,9.97,10.03,1239300,10.03
2011-08-19,11.03,11.27,10.30,10.33,2800700,10.33
2011-08-18,12.09,12.09,11.15,11.28,2389800,11.28
2011-08-17,11.92,12.60,11.92,12.52,1871200,12.52
2011-08-16,12.17,12.45,11.67,11.82,1960300,11.82
2011-08-15,11.55,12.19,11.40,12.14,1727600,12.14
2011-08-12,11.24,11.53,11.00,11.39,2075500,11.39
2011-08-11,10.72,11.16,10.48,11.00,3243500,11.00
2011-08-10,10.89,11.52,10.58,10.63,3464800,10.63
2011-08-09,11.28,11.39,10.22,11.09,3602500,11.09
2011-08-08,11.77,12.50,10.97,10.97,3563400,10.97
2011-08-05,13.98,14.09,11.80,12.21,3821300,12.21
2011-08-04,17.01,17.01,13.68,13.85,3465100,13.85
2011-08-03,17.58,17.64,16.96,17.32,1237900,17.32
2011-08-02,18.02,18.28,17.61,17.62,787700,17.62
2011-08-01,18.72,18.76,17.91,18.15,607900,18.15
2011-07-29,17.75,18.71,17.66,18.48,953300,18.48
2011-07-28,18.34,18.67,17.98,18.00,548200,18.00
2011-07-27,18.71,18.82,18.20,18.34,829700,18.34
2011-07-26,18.72,19.05,18.46,18.89,519800,18.89
2011-07-25,18.87,19.19,18.70,18.72,463500,18.72
2011-07-22,19.16,19.24,18.75,19.06,374800,19.06
2011-07-21,18.86,19.13,18.70,19.10,351900,19.10
2011-07-20,18.98,19.13,18.76,18.81,410600,18.81
2011-07-19,18.79,18.98,18.68,18.98,621500,18.98
2011-07-18,18.83,18.89,18.24,18.66,619600,18.66
2011-07-15,18.49,18.93,18.43,18.90,661000,18.90
2011-07-14,18.81,18.92,18.27,18.49,918400,18.49
2011-07-13,19.04,19.16,18.59,18.68,918600,18.68
2011-07-12,18.85,19.16,18.73,18.92,558800,18.92
2011-07-11,18.94,19.07,18.59,18.90,717800,18.90
2011-07-08,19.33,19.53,19.16,19.22,487500,19.22
2011-07-07,19.58,19.66,19.38,19.62,567700,19.62
2011-07-06,19.66,19.71,19.16,19.39,654300,19.39
2011-07-05,20.07,20.21,19.65,19.71,442500,19.71
2011-07-01,19.80,20.13,19.60,20.04,648400,20.04
2011-06-30,19.80,20.15,19.78,19.83,676400,19.83
2011-06-29,19.72,20.19,19.59,19.81,816600,19.81
2011-06-28,19.67,20.02,19.53,19.57,1076000,19.57
2011-06-27,19.99,19.99,19.37,19.52,1256400,19.52
2011-06-24,20.65,20.72,20.03,20.03,5289900,20.03
2011-06-23,20.55,20.81,20.23,20.67,804700,20.67
2011-06-22,20.52,21.26,20.42,20.85,829100,20.85
2011-06-21,19.85,20.66,19.85,20.62,745700,20.62
2011-06-20,19.70,20.00,19.56,19.72,579200,19.72
2011-06-17,20.08,20.21,19.76,19.82,755400,19.82
2011-06-16,19.93,20.04,19.57,19.91,661300,19.91
2011-06-15,19.97,20.52,19.74,19.92,785800,19.92
2011-06-14,20.45,20.65,20.17,20.24,816500,20.24
2011-06-13,20.05,20.21,19.40,19.62,870200,19.62
2011-06-10,20.15,20.30,19.98,20.00,628300,20.00
2011-06-09,20.15,20.39,19.93,20.25,612800,20.25
2011-06-08,19.79,20.49,19.79,20.07,1516000,20.07
2011-06-07,19.88,19.89,19.57,19.63,748000,19.63
2011-06-06,20.30,20.30,19.59,19.77,1176600,19.77
2011-06-03,20.01,20.53,19.95,20.22,511000,20.22
2011-06-02,20.54,20.88,20.25,20.32,782400,20.32
2011-06-01,21.55,21.70,20.51,20.54,672800,20.54
2011-05-31,21.78,21.81,21.23,21.55,807000,21.55
2011-05-27,21.18,21.60,21.15,21.54,707500,21.54
2011-05-26,20.69,21.14,20.63,21.08,498300,21.08
2011-05-25,19.90,20.89,19.87,20.78,765400,20.78
2011-05-24,20.00,20.35,19.96,19.97,581200,19.97
2011-05-23,19.98,20.13,19.85,19.91,337300,19.91
2011-05-20,20.14,20.50,19.92,20.29,572500,20.29
2011-05-19,20.51,20.52,19.99,20.20,441100,20.20
2011-05-18,19.84,20.42,19.82,20.39,675300,20.39
2011-05-17,19.89,20.14,19.66,19.78,882600,19.78
2011-05-16,20.29,20.50,19.88,19.94,683100,19.94
2011-05-13,20.70,20.84,20.22,20.40,449300,20.40
2011-05-12,20.51,20.92,20.28,20.62,1459200,20.62
2011-05-11,21.24,21.31,20.53,20.60,830400,20.60
2011-05-10,21.28,21.63,21.13,21.29,609600,21.29
2011-05-09,20.87,21.36,20.71,21.24,843600,21.24
2011-05-06,21.42,21.83,20.79,20.84,981500,20.84
2011-05-05,21.45,21.58,20.88,21.23,2036000,21.23
2011-05-04,21.84,21.95,21.43,21.52,1254600,21.52
2011-05-03,21.73,21.92,21.48,21.87,1176100,21.87
2011-05-02,21.73,21.93,21.31,21.79,1104900,21.79
2011-04-29,21.51,21.91,21.46,21.71,1036700,21.71
2011-04-28,21.87,21.87,21.48,21.51,508000,21.51
2011-04-27,22.36,22.36,21.53,21.88,651800,21.88
2011-04-26,22.54,22.68,22.28,22.29,375100,22.29
2011-04-25,22.49,22.69,22.41,22.47,558400,22.47
2011-04-21,22.56,22.68,22.37,22.47,478000,22.47
2011-04-20,22.77,22.81,22.47,22.50,489900,22.50
2011-04-19,22.38,22.55,22.20,22.49,505600,22.49
2011-04-18,22.16,22.49,22.08,22.33,601600,22.33
2011-04-15,22.24,22.63,22.02,22.44,783400,22.44
2011-04-14,21.66,22.17,21.52,22.17,739000,22.17
2011-04-13,21.93,22.00,21.46,21.90,534600,21.90
2011-04-12,22.11,22.11,21.58,21.75,635400,21.75
2011-04-11,22.29,22.50,22.11,22.25,636700,22.25
2011-04-08,22.78,23.10,22.20,22.24,436000,22.24
2011-04-07,22.73,22.93,22.44,22.62,635200,22.62
2011-04-06,23.33,23.60,22.71,22.74,767100,22.74
2011-04-05,23.56,23.75,22.96,23.22,733200,23.22
2011-04-04,24.11,24.31,23.61,23.66,350800,23.66
2011-04-01,23.99,24.23,23.62,23.99,1030300,23.99
2011-03-31,24.16,24.58,23.70,23.73,492300,23.73
2011-03-30,24.22,24.35,23.68,24.24,383000,24.24
2011-03-29,23.72,24.24,23.72,24.08,341100,24.08
2011-03-28,23.78,24.13,23.61,23.72,908000,23.72
2011-03-25,23.90,23.99,23.43,23.76,444800,23.76
2011-03-24,23.33,23.65,22.84,23.55,583500,23.55
2011-03-23,23.04,23.22,22.93,23.18,643500,23.18
2011-03-22,23.38,23.83,22.88,23.03,584500,23.03
2011-03-21,22.89,23.36,22.52,23.35,1479700,23.35
2011-03-18,22.09,22.09,21.60,21.92,2007200,21.92
2011-03-17,21.80,22.09,21.66,21.93,502600,21.93
2011-03-16,21.76,21.97,21.25,21.51,842100,21.51
2011-03-15,21.26,21.86,21.17,21.71,800800,21.71
2011-03-14,21.71,21.87,21.46,21.81,745700,21.81
2011-03-11,21.53,22.12,21.53,21.80,620000,21.80
2011-03-10,22.24,22.32,21.73,21.78,1105200,21.78
2011-03-09,22.42,22.78,22.33,22.51,526300,22.51
2011-03-08,22.69,22.77,22.31,22.51,920800,22.51
2011-03-07,23.03,23.13,22.59,22.63,602500,22.63
2011-03-04,23.04,23.14,22.74,22.82,778500,22.82
2011-03-03,23.03,23.24,22.85,22.97,846600,22.97
2011-03-02,22.41,22.96,22.41,22.77,1020900,22.77
2011-03-01,23.30,23.44,22.40,22.45,899400,22.45
2011-02-28,22.38,22.83,22.37,22.70,780500,22.70
2011-02-25,22.26,22.36,21.93,22.33,990200,22.33
2011-02-24,22.43,23.85,21.09,22.23,1609300,22.23
2011-02-23,23.16,23.85,23.10,23.15,580500,23.15
2011-02-22,22.99,23.48,22.87,23.17,618000,23.17
2011-02-18,24.20,24.20,23.15,23.33,858300,23.33
2011-02-17,23.74,24.21,23.54,24.09,981900,24.09
2011-02-16,23.79,23.82,23.54,23.76,716400,23.76
2011-02-15,23.64,23.75,23.52,23.60,801800,23.60
2011-02-14,23.81,24.01,23.50,23.67,1074000,23.67
2011-02-11,23.78,23.96,23.70,23.71,541800,23.71
2011-02-10,24.32,24.52,23.81,23.88,482800,23.88
2011-02-09,24.64,25.10,24.33,24.40,243300,24.40
2011-02-08,24.76,25.00,24.47,24.76,383100,24.76
2011-02-07,24.81,25.25,24.71,24.78,229800,24.78
2011-02-04,24.79,25.02,24.66,24.80,255300,24.80
2011-02-03,24.76,24.87,24.54,24.81,306800,24.81
2011-02-02,24.91,25.21,24.75,24.81,774300,24.81
2011-02-01,25.05,25.14,24.67,24.90,457800,24.90
2011-01-31,24.00,25.43,23.96,24.81,719800,24.81
2011-01-28,24.20,24.29,23.62,23.97,359200,23.97
2011-01-27,23.95,24.37,23.88,24.18,393400,24.18
2011-01-26,23.37,24.08,23.27,24.01,613300,24.01
2011-01-25,23.54,23.59,23.00,23.24,543700,23.24
2011-01-24,23.47,23.61,23.17,23.49,394200,23.49
2011-01-21,24.34,24.44,23.37,23.53,518700,23.53
2011-01-20,24.25,24.41,23.84,24.10,477500,24.10
2011-01-19,24.86,24.94,24.29,24.43,360200,24.43
2011-01-18,24.26,24.91,24.05,24.89,741100,24.89
2011-01-14,23.61,24.35,23.54,24.32,401600,24.32
2011-01-13,24.02,24.18,23.49,23.61,284400,23.61
2011-01-12,23.94,24.09,23.85,23.96,427200,23.96
2011-01-11,23.24,24.13,23.24,23.70,628700,23.70
2011-01-10,22.96,23.34,22.83,23.21,479000,23.21
2011-01-07,23.04,23.22,22.66,23.00,454500,23.00
2011-01-06,23.44,23.50,22.86,22.94,509300,22.94
2011-01-05,23.51,23.66,23.21,23.36,697000,23.36
2011-01-04,23.90,24.04,23.42,23.59,471700,23.59
2011-01-03,24.19,24.40,23.53,23.79,463000,23.79
2010-12-31,24.12,24.26,23.93,23.95,537400,23.95
2010-12-30,24.12,24.36,24.03,24.12,295800,24.12
2010-12-29,24.27,24.30,23.96,24.10,204900,24.10
2010-12-28,24.41,24.53,24.17,24.19,282600,24.19
2010-12-27,24.18,24.50,24.13,24.36,195100,24.36
2010-12-23,24.26,24.58,24.13,24.23,312400,24.23
2010-12-22,24.11,24.36,23.90,24.23,357400,24.23
2010-12-21,23.56,24.08,23.54,24.07,331300,24.07
2010-12-20,23.06,23.59,22.85,23.51,396300,23.51
2010-12-17,22.35,23.00,22.20,23.00,836700,23.00
2010-12-16,22.78,22.84,22.29,22.40,463200,22.40
2010-12-15,23.03,23.30,22.74,22.76,452000,22.76
2010-12-14,23.73,23.90,23.02,23.12,397200,23.12
2010-12-13,24.22,24.42,23.60,23.73,539600,23.73
2010-12-10,23.67,24.10,23.47,24.08,339500,24.08
2010-12-09,23.34,23.61,22.99,23.58,472500,23.58
2010-12-08,23.02,23.37,22.91,23.17,261800,23.17
2010-12-07,23.80,23.91,22.88,23.01,345600,23.01
2010-12-06,23.23,23.54,23.13,23.53,321700,23.53
2010-12-03,22.97,23.29,22.77,23.24,262900,23.24
2010-12-02,23.06,23.27,22.73,23.08,356900,23.08
2010-12-01,23.02,23.18,22.83,22.99,340700,22.99
2010-11-30,22.84,23.25,22.59,22.67,673800,22.67
2010-11-29,22.91,23.26,22.28,23.08,461100,23.08
2010-11-26,23.19,23.28,22.95,23.01,122800,23.01
2010-11-24,23.19,23.44,23.02,23.30,166600,23.30
2010-11-23,23.23,23.23,22.91,22.97,257600,22.97
2010-11-22,23.63,23.77,23.04,23.45,282600,23.45
2010-11-19,23.30,23.94,22.95,23.82,434100,23.82
2010-11-18,23.22,23.48,23.15,23.31,293500,23.31
2010-11-17,23.10,23.35,22.77,22.99,317500,22.99
2010-11-16,22.93,23.19,22.81,23.10,399500,23.10
2010-11-15,23.22,23.45,23.04,23.13,310700,23.13
2010-11-12,23.06,23.31,22.72,23.17,765500,23.17
2010-11-11,23.48,23.99,23.45,23.55,591100,23.55
2010-11-10,22.23,23.77,22.19,23.75,1098900,23.75
2010-11-09,22.01,22.45,21.70,22.19,831200,22.19
2010-11-08,22.64,22.68,21.99,22.08,1724700,22.08
2010-11-05,23.94,23.94,22.65,22.79,1673400,22.79
2010-11-04,27.00,27.00,23.47,24.19,2452000,24.19
2010-11-03,25.55,26.45,25.38,26.42,1081900,26.42
2010-11-02,25.74,25.76,25.10,25.50,459400,25.50
2010-11-01,25.55,25.96,25.14,25.39,370200,25.39
2010-10-29,25.01,25.45,25.00,25.17,433500,25.17
2010-10-28,25.49,25.49,24.80,25.12,347600,25.12
2010-10-27,25.17,25.47,24.86,25.27,290600,25.27
2010-10-26,25.04,25.74,24.97,25.39,486200,25.39
2010-10-25,25.39,25.72,25.10,25.13,372200,25.13
2010-10-22,24.84,25.22,24.71,25.14,269000,25.14
2010-10-21,25.00,25.15,24.31,24.68,495300,24.68
2010-10-20,24.23,24.97,24.19,24.90,388300,24.90
2010-10-19,24.65,25.02,24.09,24.19,1230000,24.19
2010-10-18,25.37,25.37,24.96,25.07,436200,25.07
2010-10-15,25.25,25.56,24.93,25.36,831900,25.36
2010-10-14,25.13,25.27,24.69,25.06,332000,25.06
2010-10-13,24.70,25.25,24.65,25.14,337400,25.14
2010-10-12,24.35,24.67,24.03,24.56,777000,24.56
2010-10-11,24.23,24.62,24.10,24.58,522600,24.58
2010-10-08,24.06,24.53,23.96,24.19,469900,24.19
2010-10-07,24.41,24.41,23.63,24.03,747500,24.03
2010-10-06,23.97,24.30,23.83,24.30,849900,24.30
2010-10-05,23.01,24.23,23.01,23.97,845800,23.97
2010-10-04,23.07,23.13,22.51,22.77,789600,22.77
2010-10-01,23.04,23.20,22.71,23.11,1030200,23.11
2010-09-30,22.71,22.96,22.44,22.71,1189700,22.71
2010-09-29,21.78,22.55,21.74,22.50,494700,22.50
2010-09-28,21.68,21.87,21.33,21.85,897000,21.85
2010-09-27,22.48,22.48,21.61,21.65,862200,21.65
2010-09-24,22.14,22.71,22.14,22.53,277600,22.53
2010-09-23,22.20,22.28,21.90,21.96,417600,21.96
2010-09-22,22.34,22.62,22.25,22.47,579400,22.47
2010-09-21,22.41,22.73,22.15,22.38,548600,22.38
2010-09-20,22.44,22.73,22.11,22.63,633600,22.63
2010-09-17,22.87,23.02,22.20,22.23,1024900,22.23
2010-09-16,23.26,23.44,22.54,22.74,659500,22.74
2010-09-15,23.43,23.48,23.01,23.35,442800,23.35
2010-09-14,23.38,23.67,23.10,23.48,615600,23.48
2010-09-13,22.99,23.52,22.94,23.38,724400,23.38
2010-09-10,23.09,23.12,22.65,22.73,1098800,22.73
2010-09-09,23.60,23.65,23.03,23.07,535300,23.07
2010-09-08,23.36,23.79,23.13,23.33,637000,23.33
2010-09-07,23.29,23.55,23.16,23.20,459400,23.20
2010-09-03,23.21,23.60,23.12,23.52,434300,23.52
2010-09-02,23.04,23.05,22.63,22.93,517800,22.93
2010-09-01,22.51,23.02,22.30,22.95,1127100,22.95
2010-08-31,22.07,22.39,21.93,22.13,1476100,22.13
2010-08-30,21.84,22.58,21.84,22.15,1029100,22.15
2010-08-27,21.31,22.02,21.07,22.00,1066300,22.00
2010-08-26,20.85,21.14,20.82,21.08,737900,21.08
2010-08-25,20.39,20.83,20.00,20.74,2295900,20.74
2010-08-24,21.00,21.01,20.50,20.57,968700,20.57
2010-08-23,21.45,21.68,21.17,21.31,475600,21.31
2010-08-20,21.61,21.68,21.18,21.34,533700,21.34
2010-08-19,22.29,22.47,21.72,21.79,742000,21.79
2010-08-18,22.82,22.94,22.37,22.52,469100,22.52
2010-08-17,22.07,23.24,21.95,23.03,861800,23.03
2010-08-16,21.84,22.09,21.73,21.84,789900,21.84
2010-08-13,22.46,22.85,22.07,22.11,636100,22.11
2010-08-12,22.11,22.68,22.00,22.57,1109000,22.57
2010-08-11,23.03,23.09,22.42,22.60,1371000,22.60
2010-08-10,23.56,23.84,23.06,23.55,1357500,23.55
2010-08-09,24.58,24.59,23.79,24.06,1061700,24.06
2010-08-06,24.77,24.97,24.10,24.37,1492600,24.37
2010-08-05,24.43,26.52,24.43,25.97,2224300,25.97
2010-08-04,27.83,28.20,27.46,27.76,1090400,27.76
2010-08-03,27.54,27.96,27.07,27.60,633500,27.60
2010-08-02,27.18,27.90,27.11,27.60,887800,27.60
2010-07-30,26.09,26.75,26.05,26.67,475100,26.67
2010-07-29,26.21,26.70,25.81,26.50,560600,26.50
2010-07-28,26.45,26.45,25.89,25.99,471100,25.99
2010-07-27,28.23,29.96,26.08,26.44,593300,26.44
2010-07-26,26.27,26.55,26.16,26.46,488300,26.46
2010-07-23,25.72,26.34,25.46,26.31,483400,26.31
2010-07-22,26.05,26.25,25.72,26.03,714900,26.03
2010-07-21,26.14,26.36,25.32,25.58,699700,25.58
2010-07-20,24.50,26.21,24.48,26.00,1155600,26.00
2010-07-19,24.94,25.10,24.24,24.81,537000,24.81
2010-07-16,25.11,25.22,24.59,24.71,625800,24.71
2010-07-15,25.94,25.94,24.88,25.34,659200,25.34
2010-07-14,25.75,26.22,25.29,25.86,894900,25.86
2010-07-13,26.39,26.45,25.73,25.88,729700,25.88
2010-07-12,26.22,26.50,25.75,25.98,752800,25.98
2010-07-09,26.61,26.96,26.37,26.39,645200,26.39
2010-07-08,26.36,26.74,26.07,26.58,1397800,26.58
2010-07-07,24.86,26.01,24.85,25.93,1382800,25.93
2010-07-06,25.02,25.59,24.52,24.86,1103300,24.86
2010-07-02,26.14,26.14,25.10,25.28,822200,25.28
2010-07-01,25.91,26.16,24.78,25.91,1047000,25.91
2010-06-30,25.96,26.94,25.61,25.81,896200,25.81
2010-06-29,26.09,26.21,25.53,25.94,1175100,25.94
2010-06-28,26.77,26.92,26.12,26.58,443400,26.58
2010-06-25,26.03,26.89,25.85,26.64,930200,26.64
2010-06-24,26.50,26.51,25.63,25.97,865800,25.97
2010-06-23,27.07,27.12,26.18,26.73,693400,26.73
2010-06-22,27.83,28.31,26.90,27.04,757600,27.04
2010-06-21,28.46,28.71,27.45,27.75,713000,27.75
2010-06-18,27.44,27.90,27.32,27.82,914400,27.82
2010-06-17,27.42,27.96,27.08,27.37,971300,27.37
2010-06-16,26.78,27.69,26.74,27.31,869900,27.31
2010-06-15,26.42,27.15,26.42,27.02,528300,27.02
2010-06-14,26.29,27.02,26.03,26.34,751500,26.34
2010-06-11,25.20,26.21,25.20,26.02,496400,26.02
2010-06-10,24.52,25.61,24.40,25.59,665900,25.59
2010-06-09,24.49,25.33,23.87,24.00,744000,24.00
2010-06-08,24.44,24.71,23.69,24.35,766400,24.35
2010-06-07,25.24,25.54,24.33,24.43,661600,24.43
2010-06-04,25.34,26.44,25.06,25.18,783600,25.18
2010-06-03,25.11,26.03,24.91,25.87,787900,25.87
2010-06-02,24.23,25.13,24.09,25.12,798200,25.12
2010-06-01,25.00,25.38,24.04,24.06,1114500,24.06
2010-05-28,25.53,25.84,25.06,25.50,1182500,25.50
2010-05-27,24.22,25.58,24.22,25.58,1070300,25.58
2010-05-26,24.18,24.63,23.68,23.83,1158200,23.83
2010-05-25,23.58,24.22,23.38,23.99,2079300,23.99
2010-05-24,24.67,24.83,24.32,24.36,783600,24.36
2010-05-21,23.97,25.25,23.57,24.72,1486300,24.72
2010-05-20,25.07,25.35,24.28,24.44,1235200,24.44
2010-05-19,25.74,26.19,25.05,25.84,826200,25.84
2010-05-18,26.39,26.92,25.80,25.87,651200,25.87
2010-05-17,26.62,26.87,25.22,25.94,830000,25.94
2010-05-14,26.71,26.82,26.02,26.41,444000,26.41
2010-05-13,26.87,27.33,26.68,26.97,782800,26.97
2010-05-12,26.66,27.41,26.55,27.02,586400,27.02
2010-05-11,25.75,27.42,25.72,26.58,1146000,26.58
2010-05-10,26.05,26.31,25.51,26.19,855200,26.19
2010-05-07,26.07,26.22,24.32,24.90,1887400,24.90
2010-05-06,28.25,28.97,22.53,26.12,2446500,26.12
2010-05-05,28.29,29.00,27.63,27.89,1212100,27.89
2010-05-04,29.21,29.45,28.16,28.64,831800,28.64
2010-05-03,29.37,29.90,28.82,29.68,839800,29.68
2010-04-30,29.48,29.58,28.56,29.15,874200,29.15
2010-04-29,29.28,29.54,28.49,29.30,565800,29.30
2010-04-28,29.04,29.18,28.68,29.13,671200,29.13
2010-04-27,29.26,29.84,28.77,28.93,516700,28.93
2010-04-26,30.00,30.19,29.42,29.52,820100,29.52
2010-04-23,30.00,30.28,29.81,30.05,1708900,30.05
2010-04-22,29.00,30.04,28.69,29.87,485900,29.87
2010-04-21,28.74,29.39,28.60,29.25,1393800,29.25
2010-04-20,27.41,29.61,27.41,28.59,1812400,28.59
2010-04-19,27.43,27.85,26.97,27.26,436500,27.26
2010-04-16,28.12,28.16,27.50,27.56,941500,27.56
2010-04-15,28.40,28.81,28.20,28.39,811000,28.39
2010-04-14,28.11,28.80,27.97,28.48,884500,28.48
2010-04-13,27.99,28.17,27.39,27.95,1045000,27.95
2010-04-12,26.58,28.36,26.53,28.00,2013600,28.00
2010-04-09,25.83,26.56,25.54,26.52,1044800,26.52
2010-04-08,25.46,25.92,25.21,25.86,833700,25.86
2010-04-07,25.87,25.93,25.47,25.62,555200,25.62
2010-04-06,25.33,26.26,25.32,25.84,1382400,25.84
2010-04-05,25.22,25.78,25.00,25.55,1740900,25.55
2010-04-01,24.37,25.10,24.35,24.97,373100,24.97
2010-03-31,24.27,24.63,24.01,24.17,725700,24.17
2010-03-30,24.16,24.55,24.06,24.28,596100,24.28
2010-03-29,24.07,24.45,24.03,24.31,494900,24.31
2010-03-26,24.08,24.43,23.82,23.86,452800,23.86
2010-03-25,25.19,25.37,23.86,23.90,1459700,23.90
2010-03-24,24.96,25.54,24.96,25.10,680700,25.10
2010-03-23,25.20,25.43,24.80,25.07,1293300,25.07
2010-03-22,24.87,25.38,24.66,25.13,464900,25.13
2010-03-19,25.77,25.96,25.09,25.14,786700,25.14
2010-03-18,26.22,26.39,25.56,25.69,553400,25.69
2010-03-17,26.13,26.46,25.87,26.15,661500,26.15
2010-03-16,26.16,26.22,25.80,26.00,974400,26.00
2010-03-15,25.87,26.22,25.46,26.15,746300,26.15
2010-03-12,26.09,26.34,25.75,25.93,1244600,25.93
2010-03-11,25.81,26.14,25.71,26.03,1380100,26.03
2010-03-10,25.27,25.98,25.13,25.91,913700,25.91
2010-03-09,24.79,25.41,24.60,25.20,1239700,25.20
2010-03-08,24.15,25.13,24.15,24.87,949600,24.87
2010-03-05,24.42,24.78,24.17,24.25,824000,24.25
2010-03-04,24.84,24.94,24.01,24.31,953700,24.31
2010-03-03,24.25,25.24,24.14,24.88,856900,24.88
2010-03-02,23.57,24.23,23.41,24.09,1310900,24.09
2010-03-01,22.82,23.55,22.81,23.55,1154500,23.55
2010-02-26,22.84,23.10,22.52,22.75,1122100,22.75
2010-02-25,21.55,23.20,21.13,23.05,2094700,23.05
2010-02-24,21.59,22.00,21.52,21.93,517100,21.93
2010-02-23,21.71,21.83,21.30,21.63,707100,21.63
2010-02-22,21.98,21.98,21.49,21.73,855400,21.73
2010-02-19,21.79,22.00,21.71,21.84,549300,21.84
2010-02-18,21.89,22.17,21.57,21.79,547700,21.79
2010-02-17,21.69,21.85,21.42,21.83,466200,21.83
2010-02-16,21.33,21.45,21.15,21.39,444800,21.39
2010-02-12,20.58,21.14,20.38,21.08,756400,21.08
2010-02-11,20.30,20.95,20.21,20.89,514400,20.89
2010-02-10,19.97,20.41,19.60,20.31,517700,20.31
2010-02-09,19.80,20.53,19.71,20.09,1032000,20.09
2010-02-08,19.75,19.99,19.41,19.49,414600,19.49
2010-02-05,19.60,19.96,19.24,19.76,780300,19.76
2010-02-04,19.81,19.93,19.41,19.60,848800,19.60
2010-02-03,20.42,20.70,19.96,20.05,889100,20.05
2010-02-02,20.59,20.86,20.40,20.50,902300,20.50
2010-02-01,20.43,20.88,20.30,20.61,689000,20.61
2010-01-29,21.13,21.54,20.23,20.28,1906000,20.28
2010-01-28,21.21,21.27,20.44,21.02,772200,21.02
2010-01-27,21.41,21.50,20.56,21.17,695700,21.17
2010-01-26,20.98,21.81,20.83,21.42,1056400,21.42
2010-01-25,20.53,21.30,20.36,21.10,1182300,21.10
2010-01-22,19.93,20.94,19.55,20.30,1829200,20.30
2010-01-21,20.75,20.75,19.71,20.00,2410400,20.00
2010-01-20,21.14,21.16,20.63,20.82,624700,20.82
2010-01-19,21.31,21.78,21.20,21.51,923100,21.51
2010-01-15,21.41,21.48,20.76,21.34,1005200,21.34
2010-01-14,22.23,22.43,21.25,21.47,1979000,21.47
2010-01-13,22.72,22.72,21.82,22.38,620900,22.38
2010-01-12,22.94,23.27,22.32,22.58,1008400,22.58
2010-01-11,23.89,23.99,22.78,23.18,596400,23.18
2010-01-08,23.29,23.84,23.04,23.82,420200,23.82
2010-01-07,23.20,23.60,22.89,23.29,900500,23.29
2010-01-06,22.59,23.42,22.46,23.32,602000,23.32
2010-01-05,22.50,22.96,22.50,22.66,975800,22.66
2010-01-04,21.62,22.61,21.58,22.61,772200,22.61
2009-12-31,21.34,21.89,21.29,21.45,491500,21.45
2009-12-30,21.19,21.45,21.14,21.35,370200,21.35
2009-12-29,21.20,21.44,21.19,21.36,547900,21.36
2009-12-28,20.97,21.20,20.96,21.20,403800,21.20
2009-12-24,20.78,20.95,20.60,20.92,129200,20.92
2009-12-23,21.13,21.13,20.61,20.74,793900,20.74
2009-12-22,20.96,21.09,20.83,20.95,458500,20.95
2009-12-21,20.41,21.10,20.36,20.95,695700,20.95
2009-12-18,20.92,21.16,20.02,20.29,2198200,20.29
2009-12-17,21.20,21.46,20.49,20.83,1077000,20.83
2009-12-16,21.38,21.72,21.15,21.49,712300,21.49
2009-12-15,21.05,21.49,20.90,21.20,759200,21.20
2009-12-14,21.06,21.35,21.03,21.03,413800,21.03
2009-12-11,20.70,20.94,20.47,20.75,688300,20.75
2009-12-10,20.77,21.10,20.57,20.61,589300,20.61
2009-12-09,20.81,21.05,20.36,20.57,645800,20.57
2009-12-08,20.71,20.99,20.37,20.82,700400,20.82
2009-12-07,21.05,21.27,20.76,21.00,603500,21.00
2009-12-04,21.18,21.66,20.51,21.08,1000500,21.08
2009-12-03,21.05,21.27,20.57,20.71,779300,20.71
2009-12-02,21.14,21.48,20.98,21.07,839500,21.07
2009-12-01,21.25,21.71,21.05,21.11,1086900,21.11
2009-11-30,21.01,21.13,20.49,20.95,588900,20.95
2009-11-27,21.05,21.40,20.57,21.11,225900,21.11
2009-11-25,21.85,21.85,21.15,21.69,1006600,21.69
2009-11-24,21.14,21.71,20.92,21.71,1099000,21.71
2009-11-23,21.62,22.01,21.16,21.20,783100,21.20
2009-11-20,21.06,21.24,20.75,21.07,722000,21.07
2009-11-19,21.89,21.89,20.86,21.33,867300,21.33
2009-11-18,22.62,22.69,21.96,22.07,746500,22.07
2009-11-17,22.27,22.61,21.90,22.55,450500,22.55
2009-11-16,22.49,22.96,22.22,22.41,1002600,22.41
2009-11-13,22.46,22.61,21.75,22.15,733500,22.15
2009-11-12,23.02,23.21,22.31,22.42,831600,22.42
2009-11-11,23.42,23.53,22.76,23.01,739100,23.01
2009-11-10,22.92,23.07,22.59,23.03,934200,23.03
2009-11-09,22.04,23.33,22.02,23.05,1138800,23.05
2009-11-06,21.59,22.40,21.32,21.71,1018000,21.71
2009-11-05,22.35,23.15,21.24,22.02,1956700,22.02
2009-11-04,21.14,21.62,20.92,20.97,1110900,20.97
2009-11-03,20.00,20.95,19.73,20.85,757800,20.85
2009-11-02,20.65,20.96,19.80,20.24,1242900,20.24
2009-10-30,21.99,21.99,20.15,20.43,1786800,20.43
2009-10-29,21.78,22.20,21.60,22.15,1368800,22.15
2009-10-28,22.72,22.85,21.46,21.47,1316100,21.47
2009-10-27,23.01,23.10,22.29,22.77,1576300,22.77
2009-10-26,23.81,24.23,22.60,22.79,1493000,22.79
2009-10-23,24.40,24.41,23.45,23.80,1941900,23.80
2009-10-22,24.16,24.61,23.44,24.35,1604200,24.35
2009-10-21,23.86,24.99,23.79,24.13,1459400,24.13
2009-10-20,25.03,25.07,23.88,24.01,1617000,24.01
2009-10-19,24.30,25.17,23.96,25.07,1539000,25.07
2009-10-16,25.63,25.91,25.00,25.37,937900,25.37
2009-10-15,25.50,26.35,25.30,25.90,808000,25.90
2009-10-14,25.79,25.81,25.21,25.62,700000,25.62
2009-10-13,25.15,25.69,24.53,25.39,974100,25.39
2009-10-12,25.07,25.29,24.87,25.13,551100,25.13
2009-10-09,24.62,24.78,23.92,24.56,784300,24.56
2009-10-08,24.25,24.82,24.00,24.62,1569000,24.62
2009-10-07,23.23,24.16,23.23,24.08,1380700,24.08
2009-10-06,23.61,23.93,23.13,23.32,1393200,23.32
2009-10-05,22.35,23.36,22.35,23.14,1102600,23.14
2009-10-02,22.38,22.75,22.01,22.54,1273400,22.54
2009-10-01,23.45,23.91,22.60,22.75,1483700,22.75
2009-09-30,23.92,24.03,23.06,23.74,1114700,23.74
2009-09-29,23.90,24.28,23.45,23.68,1038400,23.68
2009-09-28,23.61,24.19,23.34,24.01,1014000,24.01
2009-09-25,23.59,23.93,23.06,23.41,1461500,23.41
2009-09-24,24.23,24.25,23.14,23.70,1760800,23.70
2009-09-23,25.61,25.89,24.48,24.56,1032800,24.56
2009-09-22,25.16,26.07,25.16,25.94,1212800,25.94
2009-09-21,23.90,25.12,23.41,24.86,1438200,24.86
2009-09-18,24.81,24.86,23.89,24.55,2546100,24.55
2009-09-17,25.19,25.29,24.24,24.46,1361200,24.46
2009-09-16,23.90,25.45,23.90,25.26,2397600,25.26
2009-09-15,22.69,24.24,22.69,24.01,2454300,24.01
2009-09-14,22.51,22.80,21.77,22.63,1820900,22.63
2009-09-11,20.73,23.58,20.60,22.82,5592400,22.82
2009-09-10,19.19,20.57,19.00,20.47,2030500,20.47
2009-09-09,18.57,19.22,18.18,19.15,1463800,19.15
2009-09-08,17.37,18.60,17.37,18.52,1688200,18.52
2009-09-04,16.73,17.05,16.48,16.95,1118100,16.95
2009-09-03,16.97,17.04,16.54,16.79,1283700,16.79
2009-09-02,17.32,17.39,16.73,16.77,1129600,16.77
2009-09-01,17.87,18.61,17.30,17.37,862000,17.37
2009-08-31,18.32,18.32,17.71,18.03,1148000,18.03
2009-08-28,18.40,18.54,17.97,18.39,1134900,18.39
2009-08-27,17.06,18.23,17.06,18.20,1766600,18.20
2009-08-26,17.36,17.39,16.83,17.34,984700,17.34
2009-08-25,18.13,18.13,17.26,17.33,601000,17.33
2009-08-24,17.98,18.15,17.74,17.94,879700,17.94
2009-08-21,17.22,17.95,17.18,17.84,773200,17.84
2009-08-20,16.75,17.19,16.75,17.05,426000,17.05
2009-08-19,16.38,17.05,16.37,16.83,867100,16.83
2009-08-18,16.32,16.81,16.32,16.63,446000,16.63
2009-08-17,16.70,16.78,16.20,16.27,1105900,16.27
2009-08-14,17.78,17.78,17.05,17.24,550000,17.24
2009-08-13,17.10,17.78,16.83,17.76,852000,17.76
2009-08-12,16.71,17.24,16.68,16.93,617400,16.93
2009-08-11,17.29,17.39,16.77,16.78,1245700,16.78
2009-08-10,17.60,17.74,17.18,17.29,1186000,17.29
2009-08-07,18.56,18.84,17.47,17.68,1261200,17.68
2009-08-06,17.81,18.55,17.72,18.23,2278000,18.23
2009-08-05,17.61,17.89,17.28,17.51,1276400,17.51
2009-08-04,17.69,18.12,17.53,17.70,1077800,17.70
2009-08-03,17.66,18.28,17.58,18.15,1017800,18.15
2009-07-31,17.26,17.61,17.14,17.39,516300,17.39
2009-07-30,16.90,17.65,16.90,17.26,734700,17.26
2009-07-29,16.98,17.09,16.52,16.72,885500,16.72
2009-07-28,17.23,17.49,16.89,17.14,883700,17.14
2009-07-27,17.39,17.68,17.13,17.65,847000,17.65
2009-07-24,16.99,17.33,16.86,17.31,1275300,17.31
2009-07-23,16.88,17.48,16.80,17.24,961000,17.24
2009-07-22,16.57,16.97,16.25,16.84,954700,16.84
2009-07-21,16.89,17.05,16.39,16.81,808000,16.81
2009-07-20,16.79,17.14,16.34,16.81,1228600,16.81
2009-07-17,16.41,16.81,16.22,16.57,2012600,16.57
2009-07-16,15.87,16.55,15.56,16.42,1928900,16.42
2009-07-15,15.53,16.01,15.32,15.89,1616700,15.89
2009-07-14,14.42,15.52,14.42,15.07,2441600,15.07
2009-07-13,14.36,14.40,13.69,14.34,1645100,14.34
2009-07-10,14.12,14.50,13.97,14.38,1406400,14.38
2009-07-09,14.38,14.69,14.00,14.36,1353000,14.36
2009-07-08,14.27,14.57,13.70,14.20,2169700,14.20
2009-07-07,14.69,14.70,14.30,14.32,2351900,14.32
2009-07-06,14.77,14.95,14.18,14.76,2082200,14.76
2009-07-02,15.72,15.72,15.10,15.13,1086200,15.13
2009-07-01,16.23,16.53,15.99,16.05,1197300,16.05
2009-06-30,15.99,16.44,15.67,16.04,1279400,16.04
2009-06-29,16.84,16.97,16.11,16.21,1363000,16.21
2009-06-26,15.82,16.85,15.70,16.64,2109900,16.64
2009-06-25,15.66,15.89,15.26,15.76,2494800,15.76
2009-06-24,15.62,15.75,14.80,14.91,1991500,14.91
2009-06-23,15.28,15.91,15.22,15.50,2048100,15.50
2009-06-22,15.73,15.74,15.02,15.12,1659500,15.12
2009-06-19,16.31,16.46,15.81,16.01,1245600,16.01
2009-06-18,16.22,16.52,15.79,16.08,638800,16.08
2009-06-17,16.92,17.18,15.99,16.05,1693500,16.05
2009-06-16,17.81,18.20,16.90,17.01,1326300,17.01
2009-06-15,17.74,18.29,17.35,17.60,1476600,17.60
2009-06-12,18.52,18.63,17.85,18.21,801700,18.21
2009-06-11,18.68,19.11,18.61,18.75,741000,18.75
2009-06-10,18.81,18.81,18.05,18.70,1313100,18.70
2009-06-09,18.37,18.65,18.06,18.38,1606700,18.38
2009-06-08,18.15,18.44,17.82,18.02,2003200,18.02
2009-06-05,18.64,18.73,18.08,18.30,3909500,18.30
2009-06-04,19.23,19.37,18.56,18.67,3559400,18.67
2009-06-03,20.93,20.93,19.39,19.83,889600,19.83
2009-06-02,20.66,21.62,20.66,21.21,1024400,21.21
2009-06-01,20.30,21.37,20.15,21.16,749100,21.16
2009-05-29,19.15,19.91,19.10,19.91,593500,19.91
2009-05-28,19.46,19.46,18.50,19.25,715000,19.25
2009-05-27,19.03,19.53,18.73,18.88,744600,18.88
2009-05-26,17.98,18.98,17.58,18.89,532400,18.89
2009-05-22,18.46,18.69,18.11,18.18,365500,18.18
2009-05-21,18.68,18.74,17.83,18.30,625100,18.30
2009-05-20,19.41,19.89,18.93,18.97,838900,18.97
2009-05-19,18.42,19.40,18.25,19.14,873200,19.14
2009-05-18,17.71,18.56,17.60,18.42,1078300,18.42
2009-05-15,18.07,18.47,17.19,17.62,981300,17.62
2009-05-14,17.96,18.64,17.70,18.34,1082000,18.34
2009-05-13,19.16,19.36,17.81,18.09,1348100,18.09
2009-05-12,19.01,19.72,18.42,19.58,1422400,19.58
2009-05-11,18.91,19.43,18.72,19.13,1644000,19.13
2009-05-08,20.33,21.00,18.72,19.51,2999700,19.51
2009-05-07,21.61,23.27,19.70,20.01,2407100,20.01
2009-05-06,22.82,23.60,22.46,23.40,1390200,23.40
2009-05-05,21.45,22.16,20.94,22.09,1752000,22.09
2009-05-04,20.46,21.58,20.15,21.27,3233500,21.27
2009-05-01,20.65,20.65,19.58,20.01,2823400,20.01
2009-04-30,22.24,22.82,20.63,20.65,1569900,20.65
2009-04-29,21.67,22.32,21.67,22.17,1139900,22.17
2009-04-28,20.85,22.08,20.45,21.58,908900,21.58
2009-04-27,21.00,21.60,20.64,21.15,851900,21.15
2009-04-24,21.43,21.72,21.10,21.56,1132300,21.56
2009-04-23,20.84,21.35,20.39,20.90,1074300,20.90
2009-04-22,20.04,21.11,19.77,20.51,1637100,20.51
2009-04-21,19.75,20.52,19.66,20.18,687500,20.18
2009-04-20,21.52,21.61,19.93,20.00,790100,20.00
2009-04-17,21.37,22.18,21.24,21.91,726600,21.91
2009-04-16,20.16,21.46,19.75,21.27,1106600,21.27
2009-04-15,19.48,19.94,19.28,19.91,554400,19.91
2009-04-14,19.30,20.08,18.90,19.54,1196700,19.54
2009-04-13,18.39,19.61,18.12,19.34,880900,19.34
2009-04-09,18.37,19.18,18.29,19.06,764900,19.06
2009-04-08,17.41,17.92,17.07,17.83,926400,17.83
2009-04-07,17.27,17.45,16.95,17.21,1097300,17.21
2009-04-06,16.80,17.70,16.60,17.65,1361700,17.65
2009-04-03,16.17,17.58,16.17,17.33,1187100,17.33
2009-04-02,16.82,16.91,16.13,16.43,2885200,16.43
2009-04-01,15.58,16.24,15.28,15.97,1147100,15.97
2009-03-31,16.38,16.49,15.75,16.02,990100,16.02
2009-03-30,16.33,16.64,15.78,16.09,1000000,16.09
2009-03-27,17.15,17.27,16.46,17.00,927100,17.00
2009-03-26,17.00,17.93,17.00,17.44,1244300,17.44
2009-03-25,16.95,17.31,16.14,16.89,844500,16.89
2009-03-24,17.08,17.37,16.60,16.96,683600,16.96
2009-03-23,16.16,17.54,16.16,17.54,856800,17.54
2009-03-20,17.58,17.58,15.93,16.22,1282000,16.22
2009-03-19,17.10,17.70,16.90,17.27,905700,17.27
2009-03-18,16.08,16.80,15.48,16.53,1358800,16.53
2009-03-17,15.73,16.27,15.31,16.17,1193500,16.17
2009-03-16,15.70,16.19,15.59,15.70,1368300,15.70
2009-03-13,16.24,16.74,15.73,15.78,1766300,15.78
2009-03-12,15.94,16.52,15.51,16.33,1475800,16.33
2009-03-11,16.58,16.73,15.88,15.93,1958700,15.93
2009-03-10,15.33,16.89,15.33,16.51,1108300,16.51
2009-03-09,14.95,16.01,14.59,15.09,1129000,15.09
2009-03-06,15.53,15.72,14.29,14.91,1224900,14.91
2009-03-05,15.50,16.04,14.58,15.45,1646800,15.45
2009-03-04,16.15,16.56,15.74,16.14,1231400,16.14
2009-03-03,16.71,16.91,15.75,15.84,1051400,15.84
2009-03-02,17.59,18.01,15.97,16.38,1294800,16.38
2009-02-27,14.20,18.91,14.20,18.10,913500,18.10
2009-02-26,18.60,19.59,17.71,17.88,2188300,17.88
2009-02-25,18.71,19.07,17.52,17.99,1670700,17.99
2009-02-24,18.82,19.40,18.51,18.77,1652000,18.77
2009-02-23,20.46,20.50,18.64,18.69,637400,18.69
2009-02-20,20.01,20.58,19.50,20.16,589100,20.16
2009-02-19,20.90,21.38,20.60,20.74,576000,20.74
2009-02-18,21.16,21.22,20.38,20.59,816600,20.59
2009-02-17,21.09,21.68,20.87,20.92,738000,20.92
2009-02-13,22.39,23.28,22.39,22.67,540800,22.67
2009-02-12,21.86,22.39,21.41,22.29,1008700,22.29
2009-02-11,22.96,23.49,21.86,22.36,608800,22.36
2009-02-10,23.98,24.39,22.58,22.75,730200,22.75
2009-02-09,23.85,25.28,23.68,24.01,661500,24.01
2009-02-06,23.38,23.81,22.68,23.59,1040200,23.59
2009-02-05,22.58,23.73,21.93,23.58,966500,23.58
2009-02-04,22.17,23.08,22.03,22.65,816100,22.65
2009-02-03,22.29,22.37,21.40,22.04,685600,22.04
2009-02-02,21.95,22.57,21.71,22.15,878900,22.15
2009-01-30,22.75,23.12,21.94,22.16,615100,22.16
2009-01-29,23.00,23.59,22.11,22.39,1146900,22.39
2009-01-28,22.66,23.58,22.44,23.14,854500,23.14
2009-01-27,21.95,22.57,21.64,22.34,919300,22.34
2009-01-26,22.03,23.00,21.38,21.80,663900,21.80
2009-01-23,19.58,22.61,19.54,21.87,801700,21.87
2009-01-22,20.96,21.10,19.86,20.23,1040400,20.23
2009-01-21,21.09,21.45,20.44,21.44,1542300,21.44
2009-01-20,22.36,22.90,20.61,20.74,588200,20.74
2009-01-16,22.34,23.09,22.04,22.78,830500,22.78
2009-01-15,21.96,22.04,20.42,21.95,978100,21.95
2009-01-14,23.27,23.27,21.45,22.05,746200,22.05
2009-01-13,22.78,23.89,22.36,23.69,624600,23.69
2009-01-12,23.75,23.85,22.31,22.78,610100,22.78
2009-01-09,25.71,25.71,23.78,24.00,526400,24.00
2009-01-08,25.11,25.74,23.90,25.71,734500,25.71
2009-01-07,26.42,26.50,25.08,25.28,1168900,25.28
2009-01-06,24.95,26.99,24.69,26.80,1464500,26.80
2009-01-05,23.01,25.04,22.72,24.63,1316200,24.63
2009-01-02,21.39,23.18,21.26,22.96,631400,22.96
2008-12-31,20.49,21.58,20.09,21.30,933700,21.30
2008-12-30,19.72,20.60,19.09,20.55,691000,20.55
2008-12-29,19.81,20.46,18.75,19.82,806600,19.82
2008-12-26,18.87,19.51,18.79,19.50,207900,19.50
2008-12-24,19.20,19.25,18.68,18.84,332200,18.84
2008-12-23,20.02,20.28,19.03,19.65,511100,19.65
2008-12-22,20.67,20.90,18.74,19.27,813000,19.27
2008-12-19,20.31,21.36,20.18,20.66,890300,20.66
2008-12-18,22.27,22.32,19.83,20.24,948500,20.24
2008-12-17,21.27,22.55,21.20,22.07,959900,22.07
2008-12-16,21.56,21.60,20.23,21.56,857800,21.56
2008-12-15,20.40,21.32,19.28,19.84,699300,19.84
2008-12-12,18.28,20.25,18.18,20.01,795200,20.01
2008-12-11,20.16,21.13,18.75,19.11,889400,19.11
2008-12-10,18.96,20.07,18.58,19.98,1456800,19.98
2008-12-09,18.60,19.62,18.42,18.95,1831000,18.95
2008-12-08,19.08,19.24,17.68,18.88,2147400,18.88
2008-12-05,17.06,18.99,16.39,18.84,1774300,18.84
2008-12-04,17.81,18.26,16.86,17.37,2211600,17.37
2008-12-03,15.95,17.65,15.10,17.65,2206400,17.65
2008-12-02,16.37,16.70,15.39,16.52,1496800,16.52
2008-12-01,16.89,17.06,15.44,15.85,1474200,15.85
2008-11-28,16.28,17.67,16.20,17.55,402100,17.55
2008-11-26,14.80,17.29,14.55,17.09,932500,17.09
2008-11-25,15.57,15.97,14.26,14.90,2902900,14.90
2008-11-24,13.83,15.60,13.43,15.50,1448100,15.50
2008-11-21,13.20,13.74,11.97,13.52,2700400,13.52
2008-11-20,14.73,14.73,12.30,12.49,2615200,12.49
2008-11-19,16.91,17.58,14.78,14.95,1525500,14.95
2008-11-18,16.50,17.30,16.18,17.21,907400,17.21
2008-11-17,17.33,18.07,16.61,16.84,944200,16.84
2008-11-14,18.76,19.05,17.17,17.34,972700,17.34
2008-11-13,16.09,19.22,16.00,19.22,1445000,19.22
2008-11-12,17.86,18.02,15.84,16.00,1617000,16.00
2008-11-11,18.53,19.19,17.79,18.20,907300,18.20
2008-11-10,20.79,21.36,18.91,19.25,961000,19.25
2008-11-07,20.62,21.67,19.55,20.26,889600,20.26
2008-11-06,22.32,22.52,19.00,20.55,1226200,20.55
2008-11-05,22.97,23.50,22.02,22.77,838100,22.77
2008-11-04,22.33,23.77,21.99,23.36,989500,23.36
2008-11-03,22.23,22.91,21.54,21.79,1004100,21.79
2008-10-31,21.00,23.44,20.04,22.41,1309100,22.41
2008-10-30,19.14,21.47,18.89,21.47,1010600,21.47
2008-10-29,17.73,19.99,17.27,19.12,1342300,19.12
2008-10-28,17.28,17.75,15.92,17.75,890600,17.75
2008-10-27,18.24,19.11,16.43,16.43,700800,16.43
2008-10-24,18.19,19.36,16.93,19.07,1308600,19.07
2008-10-23,20.16,20.65,17.98,19.06,1668500,19.06
2008-10-22,22.03,22.03,18.99,19.86,1141600,19.86
2008-10-21,24.00,24.15,22.03,22.81,730700,22.81
2008-10-20,21.90,24.70,21.85,24.70,974500,24.70
2008-10-17,21.92,23.14,19.98,21.40,1385600,21.40
2008-10-16,20.12,21.32,19.45,21.32,2778500,21.32
2008-10-15,23.92,23.96,20.01,20.01,990800,20.01
2008-10-14,25.89,26.92,24.01,24.67,1922100,24.67
2008-10-13,21.94,25.06,21.36,25.06,1946600,25.06
2008-10-10,20.89,23.01,19.64,20.45,2344000,20.45
2008-10-09,23.98,25.18,21.82,22.16,1398000,22.16
2008-10-08,22.52,25.48,22.35,23.63,2053800,23.63
2008-10-07,25.33,26.00,23.33,23.33,2148200,23.33
2008-10-06,25.76,25.76,22.12,24.96,2009000,24.96
2008-10-03,27.10,28.44,26.01,26.15,1254700,26.15
2008-10-02,30.30,30.69,26.54,26.92,1532200,26.92
2008-10-01,32.09,32.09,29.72,30.68,760900,30.68
2008-09-30,32.52,33.44,31.17,31.96,1165500,31.96
2008-09-29,33.66,33.81,30.79,31.82,1193400,31.82
2008-09-26,34.76,35.07,33.52,34.79,1169500,34.79
2008-09-25,35.50,35.94,34.97,35.50,983100,35.50
2008-09-24,37.44,37.65,35.61,36.01,1346300,36.01
2008-09-23,39.85,39.98,36.83,37.25,580100,37.25
2008-09-22,40.47,40.55,38.70,39.14,629100,39.14
2008-09-19,38.98,47.88,38.98,40.15,1721700,40.15
2008-09-18,36.16,37.37,35.00,36.90,1602700,36.90
2008-09-17,36.50,37.45,35.50,36.00,1399500,36.00
2008-09-16,36.03,37.28,34.00,37.00,2162400,37.00
2008-09-15,38.28,38.97,36.62,36.85,961000,36.85
2008-09-12,40.38,41.23,39.84,40.10,1618200,40.10
2008-09-11,40.00,40.86,39.64,40.37,1822900,40.37
2008-09-10,40.36,40.50,39.85,40.30,1458000,40.30
2008-09-09,41.87,41.87,39.96,39.96,1944400,39.96
2008-09-08,44.37,44.63,41.67,42.56,1244100,42.56
2008-09-05,43.65,43.76,42.66,43.50,1299200,43.50
2008-09-04,43.72,44.15,42.99,43.65,1081500,43.65
2008-09-03,43.56,44.00,43.12,43.79,1314500,43.79
2008-09-02,44.66,45.39,43.25,43.25,1030200,43.25
2008-08-29,47.46,47.55,45.66,45.71,669700,45.71
2008-08-28,48.12,48.64,46.59,47.45,801500,47.45
2008-08-27,48.58,49.30,47.99,48.49,619100,48.49
2008-08-26,47.30,48.36,46.73,48.34,633300,48.34
2008-08-25,47.26,47.45,46.55,46.97,622700,46.97
2008-08-22,49.42,49.56,47.18,47.50,832100,47.50
2008-08-21,48.34,49.91,48.28,49.40,908600,49.40
2008-08-20,48.08,48.58,47.65,48.20,1485100,48.20
2008-08-19,47.17,48.12,47.02,47.75,1151500,47.75
2008-08-18,48.90,48.90,46.80,47.21,900000,47.21
2008-08-15,48.99,49.21,47.46,48.77,938800,48.77
2008-08-14,48.45,49.29,47.61,49.00,804300,49.00
2008-08-13,47.68,48.83,46.85,48.83,1283600,48.83
2008-08-12,48.68,48.93,47.69,47.86,825700,47.86
2008-08-11,48.57,49.91,48.25,48.78,2167500,48.78
2008-08-08,48.66,49.39,47.46,48.90,2971300,48.90
2008-08-07,49.80,50.55,48.42,48.64,1619900,48.64
2008-08-06,53.58,54.00,45.93,49.71,3808000,49.71
2008-08-05,55.78,56.50,54.53,55.42,904000,55.42
2008-08-04,56.27,57.51,55.05,55.47,884400,55.47
2008-08-01,56.01,57.66,56.01,56.38,596300,56.38
2008-07-31,58.71,59.80,56.11,56.44,1200300,56.44
2008-07-30,57.54,58.47,56.43,57.03,1574300,57.03
2008-07-29,58.51,58.60,56.97,57.54,1035200,57.54
2008-07-28,58.97,61.41,58.59,58.65,906300,58.65
2008-07-25,59.38,60.20,58.31,58.86,1076600,58.86
2008-07-24,61.43,62.13,57.95,58.99,1406300,58.99
2008-07-23,61.88,63.03,60.70,61.52,1451500,61.52
2008-07-22,63.10,63.16,60.97,61.97,1153500,61.97
2008-07-21,62.23,63.71,61.84,63.61,1587700,63.61
2008-07-18,63.57,64.08,61.44,61.79,947700,61.79
2008-07-17,62.91,64.89,62.34,63.12,902200,63.12
2008-07-16,64.25,64.34,62.27,63.21,736700,63.21
2008-07-15,66.45,66.48,63.95,63.98,941300,63.98
2008-07-14,66.75,67.15,65.50,66.60,1192600,66.60
2008-07-11,67.15,68.31,65.83,66.20,853500,66.20
2008-07-10,65.10,67.56,64.62,67.50,835000,67.50
2008-07-09,66.43,67.10,64.72,65.18,623500,65.18
2008-07-08,66.09,66.82,63.79,66.59,1337700,66.59
2008-07-07,67.90,68.65,66.37,66.41,1162800,66.41
2008-07-03,68.87,69.96,66.37,67.90,617500,67.90
2008-07-02,71.35,72.03,68.34,68.37,1127100,68.37
2008-07-01,72.73,72.73,69.32,71.69,850800,71.69
2008-06-30,72.94,73.50,71.45,71.49,851100,71.49
2008-06-27,72.54,73.48,70.44,72.85,4940500,72.85
2008-06-26,73.65,73.85,70.57,71.99,980800,71.99
2008-06-25,72.58,73.37,71.55,73.25,629100,73.25
2008-06-24,74.24,74.95,72.50,72.50,697100,72.50
2008-06-23,72.66,74.58,72.57,74.43,564200,74.43
2008-06-20,73.66,74.82,71.86,72.16,695100,72.16
2008-06-19,74.73,75.42,73.39,73.87,396600,73.87
2008-06-18,73.59,74.73,73.09,74.52,401800,74.52
2008-06-17,72.00,74.72,71.88,74.09,538600,74.09
2008-06-16,71.19,72.76,71.03,72.00,376700,72.00
2008-06-13,70.99,71.47,69.69,71.32,644600,71.32
2008-06-12,71.38,71.96,70.64,70.71,446300,70.71
2008-06-11,71.85,72.28,70.68,70.70,450200,70.70
2008-06-10,71.82,72.70,71.55,72.03,753100,72.03
2008-06-09,72.07,73.18,71.09,72.67,1049200,72.67
2008-06-06,71.77,73.56,71.52,72.35,719400,72.35
2008-06-05,70.05,71.73,69.09,71.62,700800,71.62
2008-06-04,69.82,71.77,69.67,70.07,483800,70.07
2008-06-03,71.44,72.39,69.53,69.97,991800,69.97
2008-06-02,73.49,73.56,71.63,72.09,642900,72.09
2008-05-30,74.15,74.67,73.37,73.52,503100,73.52
2008-05-29,74.19,74.83,73.15,74.31,1316100,74.31
2008-05-28,71.76,74.66,71.55,74.62,708000,74.62
2008-05-27,72.25,72.81,71.27,71.69,530200,71.69
2008-05-23,73.82,73.82,71.93,72.24,881200,72.24
2008-05-22,76.11,77.27,72.81,73.47,982100,73.47
2008-05-21,75.86,78.77,75.37,75.70,1112000,75.70
2008-05-20,74.20,75.90,73.98,75.90,573600,75.90
2008-05-19,74.79,75.02,73.04,74.40,530500,74.40
2008-05-16,75.42,75.43,72.92,74.18,503900,74.18
2008-05-15,74.51,74.71,72.78,74.71,686900,74.71
2008-05-14,74.60,74.94,72.69,73.48,655700,73.48
2008-05-13,72.99,74.48,72.33,74.48,627700,74.48
2008-05-12,73.28,73.64,71.83,73.11,840100,73.11
2008-05-09,72.86,74.38,71.14,74.14,1025500,74.14
2008-05-08,68.94,73.25,68.94,72.91,1191000,72.91
2008-05-07,69.95,75.54,67.72,69.14,2216300,69.14
2008-05-06,67.11,69.17,66.71,68.73,705400,68.73
2008-05-05,66.64,67.57,66.27,67.21,510200,67.21
2008-05-02,67.00,67.22,66.12,66.55,385900,66.55
2008-05-01,66.90,67.24,65.59,66.54,637000,66.54
2008-04-30,66.41,67.78,66.35,66.79,542300,66.79
2008-04-29,66.10,67.84,65.68,66.39,712000,66.39
2008-04-28,66.70,69.09,66.51,67.25,630900,67.25
2008-04-25,65.37,66.50,65.37,66.25,712600,66.25
2008-04-24,65.90,66.00,65.19,65.37,944500,65.37
2008-04-23,67.33,67.33,64.96,65.77,743500,65.77
2008-04-22,69.43,69.48,67.00,67.46,651500,67.46
2008-04-21,68.82,69.55,68.34,69.43,491600,69.43
2008-04-18,65.87,70.00,65.87,69.49,1124000,69.49
2008-04-17,65.27,67.52,64.38,66.46,1253400,66.46
2008-04-16,64.77,65.36,64.28,65.35,837100,65.35
2008-04-15,63.54,64.32,62.96,64.17,827700,64.17
2008-04-14,64.00,64.40,62.76,63.30,691500,63.30
2008-04-11,65.10,65.14,63.87,64.00,606800,64.00
2008-04-10,64.70,65.94,64.12,65.35,821900,65.35
2008-04-09,68.00,68.05,64.16,64.70,754900,64.70
2008-04-08,66.30,68.50,66.17,67.61,493300,67.61
2008-04-07,67.29,69.11,66.94,67.03,440000,67.03
2008-04-04,65.51,69.35,65.35,67.02,765100,67.02
2008-04-03,64.00,66.74,64.00,65.96,640400,65.96
2008-04-02,64.46,64.62,63.97,64.10,504100,64.10
2008-04-01,65.79,65.79,63.92,64.36,696800,64.36
2008-03-31,63.75,65.20,63.68,64.54,639700,64.54
2008-03-28,64.19,64.46,63.44,63.59,329300,63.59
2008-03-27,61.98,64.76,61.53,64.19,972800,64.19
2008-03-26,60.50,62.67,60.40,61.67,648600,61.67
2008-03-25,60.00,62.17,59.83,61.05,744700,61.05
2008-03-24,60.00,61.57,59.94,60.16,615400,60.16
2008-03-20,61.13,62.57,60.00,60.19,2435200,60.19
2008-03-19,64.34,64.40,61.41,61.41,928500,61.41
2008-03-18,63.10,64.65,63.10,64.00,799200,64.00
2008-03-17,64.11,64.54,62.90,63.10,1418100,63.10
2008-03-14,67.30,67.30,65.05,65.92,528300,65.92
2008-03-13,65.81,67.72,64.67,67.15,496000,67.15
2008-03-12,67.50,67.99,66.13,66.36,395500,66.36
2008-03-11,67.27,69.97,65.70,67.50,618100,67.50
2008-03-10,65.30,66.06,64.59,65.08,533300,65.08
2008-03-07,65.03,66.66,63.84,65.03,552500,65.03
2008-03-06,67.12,68.68,65.46,66.15,552600,66.15
2008-03-05,68.00,68.57,66.47,68.04,405300,68.04
2008-03-04,67.00,68.13,65.48,67.30,769900,67.30
2008-03-03,69.80,70.09,66.96,68.21,526800,68.21
2008-02-29,71.25,71.37,68.89,69.65,950400,69.65
2008-02-28,72.95,74.99,71.05,72.02,1699200,72.02
2008-02-27,67.47,70.90,67.30,70.20,674200,70.20
2008-02-26,65.51,69.02,65.51,68.29,802700,68.29
2008-02-25,66.30,67.33,65.47,66.16,1051800,66.16
2008-02-22,68.43,68.73,66.00,66.45,820500,66.45
2008-02-21,71.70,72.00,68.30,68.43,517200,68.43
2008-02-20,71.62,71.98,70.68,71.40,444600,71.40
2008-02-19,71.25,73.05,71.25,71.82,323400,71.82
2008-02-15,69.70,70.85,69.52,70.53,331200,70.53
2008-02-14,71.85,72.23,69.90,70.34,489300,70.34
2008-02-13,70.31,71.75,69.65,71.61,569100,71.61
2008-02-12,69.40,70.70,68.51,69.22,561100,69.22
2008-02-11,67.64,69.22,66.52,69.09,335200,69.09
2008-02-08,66.08,67.73,65.53,67.64,416700,67.64
2008-02-07,63.25,66.12,63.25,66.08,553200,66.08
2008-02-06,67.25,67.42,65.01,65.12,457200,65.12
2008-02-05,67.50,68.57,66.10,66.50,395900,66.50
2008-02-04,67.12,71.81,66.80,69.08,558100,69.08
2008-02-01,65.47,67.17,65.47,67.12,930500,67.12
2008-01-31,64.56,65.93,63.40,65.42,762100,65.42
2008-01-30,67.75,68.03,65.46,65.55,663900,65.55
2008-01-29,69.50,69.50,67.82,68.53,675500,68.53
2008-01-28,69.30,69.67,67.29,69.00,764600,69.00
2008-01-25,69.60,70.68,66.35,67.80,831200,67.80
2008-01-24,67.28,71.45,66.35,68.75,1157300,68.75
2008-01-23,64.00,67.25,62.04,67.05,1213400,67.05
2008-01-22,64.58,70.00,63.38,65.30,912500,65.30
2008-01-18,66.88,69.31,65.35,67.13,1416900,67.13
2008-01-17,73.30,73.59,66.86,66.86,1271700,66.86
2008-01-16,75.00,75.30,72.68,73.00,900900,73.00
2008-01-15,76.65,76.65,75.00,75.71,568200,75.71
2008-01-14,76.40,78.39,75.53,77.66,758600,77.66
2008-01-11,75.44,79.25,75.38,76.40,707300,76.40
2008-01-10,74.40,77.75,74.09,76.24,795700,76.24
2008-01-09,76.57,77.41,74.13,75.90,763900,75.90
2008-01-08,78.36,79.11,76.24,76.95,603800,76.95
2008-01-07,79.13,79.50,76.51,78.06,487400,78.06
2008-01-04,79.77,80.55,77.41,78.63,460200,78.63
2008-01-03,82.34,82.34,80.20,80.55,320500,80.55
2008-01-02,81.14,82.90,80.37,81.42,540900,81.42
2007-12-31,82.00,82.20,81.35,81.80,268800,81.80
2007-12-28,80.99,82.45,80.99,81.99,240600,81.99
2007-12-27,83.33,83.33,80.89,80.90,256700,80.90
2007-12-26,81.50,84.00,80.88,82.93,332000,82.93
2007-12-24,82.00,82.11,80.79,81.82,161400,81.82
2007-12-21,79.00,82.02,78.37,81.23,1074800,81.23
2007-12-20,76.00,77.89,75.14,77.89,540400,77.89
2007-12-19,77.09,78.00,75.30,75.95,470100,75.95
2007-12-18,77.00,77.57,74.17,77.40,457800,77.40
2007-12-17,78.00,78.66,75.57,76.32,480500,76.32
2007-12-14,80.44,80.44,78.30,78.30,489000,78.30
2007-12-13,83.20,83.20,79.67,81.31,480900,81.31
2007-12-12,79.95,82.82,79.95,82.60,592600,82.60
2007-12-11,82.25,83.38,79.20,79.95,449300,79.95
2007-12-10,81.80,82.31,78.00,81.82,475900,81.82
2007-12-07,80.59,80.93,78.19,80.83,443300,80.83
2007-12-06,78.00,80.25,77.50,80.25,594600,80.25
2007-12-05,79.25,79.50,76.41,77.89,362700,77.89
2007-12-04,78.67,78.67,76.13,77.16,686400,77.16
2007-12-03,80.08,80.31,78.94,79.44,472900,79.44
2007-11-30,80.95,81.33,79.20,80.04,549300,80.04
2007-11-29,80.65,81.63,79.91,81.01,535200,81.01
2007-11-28,80.55,82.48,80.10,81.16,828600,81.16
2007-11-27,80.75,81.36,78.25,80.10,983700,80.10
2007-11-26,83.50,84.10,80.29,81.14,560600,81.14
2007-11-23,82.43,84.00,82.23,83.58,136800,83.58
2007-11-21,82.00,83.69,79.57,82.08,569200,82.08
2007-11-20,80.90,82.53,79.79,81.86,880100,81.86
2007-11-19,84.82,84.82,80.09,81.32,583500,81.32
2007-11-16,84.12,85.68,82.30,84.95,582700,84.95
2007-11-15,86.35,86.88,83.30,84.37,629800,84.37
2007-11-14,87.62,88.33,86.30,86.63,410800,86.63
2007-11-13,85.20,87.97,85.20,87.33,828500,87.33
2007-11-12,87.39,88.00,84.56,85.20,948400,85.20
2007-11-09,86.75,88.54,84.79,87.63,601900,87.63
2007-11-08,90.41,90.41,86.27,86.90,714500,86.90
2007-11-07,88.20,89.09,86.58,87.00,575200,87.00
2007-11-06,86.20,89.18,85.55,88.51,957500,88.51
2007-11-05,83.30,85.17,81.92,84.49,393500,84.49
2007-11-02,82.90,83.35,81.30,83.30,806500,83.30
2007-11-01,82.75,83.76,81.55,82.27,606700,82.27
2007-10-31,83.34,84.99,82.68,84.20,661500,84.20
2007-10-30,84.40,84.40,83.00,83.29,377900,83.29
2007-10-29,85.50,85.60,84.13,84.80,306700,84.80
2007-10-26,85.96,86.99,85.40,85.50,926000,85.50
2007-10-25,85.40,85.40,84.05,85.25,767700,85.25
2007-10-24,84.40,84.88,83.45,84.88,624400,84.88
2007-10-23,82.55,85.01,81.98,85.00,696900,85.00
2007-10-22,81.60,83.60,80.82,82.05,864600,82.05
2007-10-19,85.62,85.62,82.08,82.30,645200,82.30
2007-10-18,85.90,86.12,85.13,85.62,378100,85.62
2007-10-17,86.25,86.76,84.00,85.65,428300,85.65
2007-10-16,86.50,87.58,85.58,85.73,534900,85.73
2007-10-15,87.30,87.70,85.35,86.66,633300,86.66
2007-10-12,88.50,88.50,86.16,86.85,862600,86.85
2007-10-11,88.00,92.75,87.88,88.95,2300100,88.95
2007-10-10,84.75,89.20,84.65,87.88,2818300,87.88
2007-10-09,83.75,84.95,82.51,84.70,895100,84.70
2007-10-08,83.20,87.71,82.95,83.40,674300,83.40
2007-10-05,84.25,84.25,82.56,83.20,464700,83.20
2007-10-04,85.64,85.64,81.51,83.00,678400,83.00
2007-10-03,84.38,85.40,84.31,84.58,584700,84.58
2007-10-02,82.50,85.89,82.50,84.98,841300,84.98
2007-10-01,80.00,84.08,80.00,82.58,1274200,82.58
2007-09-28,79.90,80.70,79.52,80.34,868800,80.34
2007-09-27,78.30,80.37,78.15,79.99,490100,79.99
2007-09-26,79.00,80.32,78.03,78.25,742500,78.25
2007-09-25,77.60,79.11,77.60,78.77,374500,78.77
2007-09-24,78.80,79.72,78.35,78.45,440000,78.45
2007-09-21,78.74,79.85,77.95,79.50,876000,79.50
2007-09-20,78.60,79.83,77.35,78.00,301000,78.00
2007-09-19,79.00,80.00,77.30,78.39,371200,78.39
2007-09-18,77.45,79.05,76.67,78.37,446600,78.37
2007-09-17,79.10,79.10,76.78,77.05,536800,77.05
2007-09-14,78.50,79.15,72.53,78.93,371500,78.93
2007-09-13,79.25,79.99,78.85,79.41,406900,79.41
2007-09-12,78.98,79.00,78.38,78.81,313700,78.81
2007-09-11,78.50,79.09,78.04,78.98,655000,78.98
2007-09-10,77.30,78.66,74.85,78.33,751100,78.33
2007-09-07,79.40,79.40,75.65,77.55,646800,77.55
2007-09-06,79.25,79.73,78.16,79.49,461000,79.49
2007-09-05,78.85,80.00,77.75,79.35,854100,79.35
2007-09-04,77.50,79.82,76.75,79.10,654400,79.10
2007-08-31,77.50,77.90,76.07,77.50,760600,77.50
2007-08-30,77.03,78.25,76.83,77.43,787000,77.43
2007-08-29,75.30,77.40,75.25,77.33,229300,77.33
2007-08-28,75.25,75.70,75.02,75.40,532500,75.40
2007-08-27,77.10,77.50,74.38,75.37,447000,75.37
2007-08-24,76.10,77.43,76.00,77.12,416000,77.12
2007-08-23,79.00,79.10,75.51,76.25,742700,76.25
2007-08-22,77.00,80.49,75.85,78.25,996500,78.25
2007-08-21,79.40,80.75,78.00,78.50,1029100,78.50
