Market Cap (intraday)|848820000
Enterprise Value|797970000
Trailing P/E (ttm, intraday)|54.91
Forward P/E|28.13
PEG Ratio (5 yr expected)|1.46
Price/Sales (ttm)|2.24
Price/Book (mrq)|4.56
Enterprise Value/Revenue (ttm)|2.11
Enterprise Value/EBITDA (ttm)|17.45
Fiscal Year Ends|
Most Recent Quarter (mrq)|Apr
Profit Margin (ttm)|4.14%
Operating Margin (ttm)|7.37%
Return on Assets (ttm)|8.26%
Return on Equity (ttm)|8.82%
Revenue (ttm)|378220000
Revenue Per Share (ttm)|29.10
Qtrly Revenue Growth (yoy)|7.10%
Gross Profit (ttm)|185540000
EBITDA (ttm)|45730000
Net Income Avl to Common (ttm)|15660000
Diluted EPS (ttm)|1.17
Qtrly Earnings Growth (yoy)|-38.60%
Total Cash (mrq)|50850000
Total Cash Per Share (mrq)|3.84
Total Debt (mrq)|0.00
Total Debt/Equity (mrq)|N/A
Current Ratio (mrq)|4.87
Book Value Per Share (mrq)|14.08
Operating Cash Flow (ttm)|21180000
Levered Free Cash Flow (ttm)|11100000
Beta|0.50
52-Week Change|36.74%
S&amp;P500 52-Week Change|2.16%
52-Week High|77.60
52-Week Low|46.59
50-Day Moving Average|72.65
200-Day Moving Average|64.35
Avg Vol 3 month|152629
Avg Vol 10 day|263412
Shares Outstanding|13240000
Float|10420000
% Held by Insiders|1.51%
% Held by Institutions|106.60%
Shares Short|2430000
Short Ratio|16.00
Short % of Float|21.50%
Shares Short Prior Month|2440000
Forward Annual Dividend Rate|N/A
Forward Annual Dividend Yield|N/A
Trailing Annual Dividend Yield|N/A
Trailing Annual Dividend Yield|N/A
5 Year Average Dividend Yield|N/A
Payout Ratio|N/A
Dividend Date|N/A
Ex-Dividend Date|N/A
Last Split Factor (new per old)|N/A
Last Split Date|N/A