2012-05-04|57.28|57.53|56.90|57.36|216600|57.36
2012-05-03|57.59|57.96|57.56|57.61|157000|57.61
2012-05-02|57.66|57.95|57.32|57.69|208000|57.69
2012-05-01|57.56|58.47|57.45|58.04|225900|58.04
2012-04-30|57.77|57.90|57.17|57.69|229000|57.69
2012-04-27|56.55|57.99|56.46|57.92|348500|57.92
2012-04-26|55.48|56.51|55.42|56.46|307100|56.46
2012-04-25|54.74|55.42|54.61|55.36|147500|55.36
2012-04-24|54.98|55.15|54.37|54.41|195500|54.41
2012-04-23|54.32|54.95|54.29|54.88|216200|54.88
2012-04-20|54.47|55.22|54.38|54.92|185300|54.92
2012-04-19|54.95|55.17|54.05|54.20|208300|54.20
2012-04-18|54.13|55.11|54.13|55.08|211500|55.08
2012-04-17|53.96|54.45|53.85|54.23|162400|54.23
2012-04-16|53.86|54.22|53.34|53.57|251800|53.57
2012-04-13|53.98|54.32|53.50|53.73|234800|53.73
2012-04-12|54.03|54.22|53.76|54.03|158200|54.03
2012-04-11|52.90|54.29|52.72|53.97|351700|53.97
2012-04-10|53.12|53.50|52.47|52.64|163500|52.64
2012-04-09|53.06|53.51|52.90|53.34|102300|53.34
2012-04-05|53.73|53.74|53.20|53.44|236400|53.44
2012-04-04|53.64|53.99|53.35|53.82|309400|53.82
2012-04-03|54.59|54.76|54.34|54.69|212600|54.69
2012-04-02|53.60|54.76|53.50|54.60|252100|54.60
2012-03-30|54.31|54.39|53.52|53.54|239300|53.54
2012-03-29|54.01|54.25|53.37|54.20|268400|54.20
2012-03-28|54.56|54.73|53.89|54.15|178300|54.15
2012-03-27|55.00|55.31|54.57|54.62|298500|54.62
2012-03-26|54.03|55.02|54.03|54.96|273400|54.96
2012-03-23|52.78|53.75|52.62|53.70|300000|53.70
2012-03-22|52.40|52.94|52.31|52.75|271200|52.75
2012-03-21|53.04|53.12|52.59|52.96|137000|52.96
2012-03-20|52.67|53.05|52.55|52.90|229300|52.90
2012-03-19|53.21|53.34|52.43|53.09|143300|53.09
2012-03-16|53.38|53.67|53.03|53.13|223000|53.13
2012-03-15|52.87|53.47|52.86|53.32|195500|53.32
2012-03-14|53.77|53.80|52.97|53.05|279900|53.05
2012-03-13|53.41|53.65|53.24|53.65|199000|53.65
2012-03-12|53.49|53.75|52.84|53.26|237500|53.26
2012-03-09|53.99|54.04|53.44|53.54|219000|53.54
2012-03-08|53.33|53.87|53.18|53.74|151900|53.74
2012-03-07|53.00|53.15|52.70|53.05|293700|53.05
2012-03-06|52.66|53.33|52.63|52.99|344400|52.99
2012-03-05|53.45|53.60|52.98|53.21|260500|53.21
2012-03-02|53.57|53.86|53.42|53.58|176300|53.58
2012-03-01|54.08|54.09|53.28|53.54|302800|53.54
2012-02-29|53.55|54.28|53.41|54.04|338700|53.83
2012-02-28|52.84|53.40|52.66|53.23|267000|53.02
2012-02-27|52.65|53.02|52.33|52.90|193300|52.69
2012-02-24|52.63|53.09|52.35|52.79|492700|52.58
2012-02-23|51.35|52.99|51.01|52.54|591000|52.33
2012-02-22|50.47|50.89|50.19|50.68|471500|50.48
2012-02-21|50.68|51.15|50.25|50.51|508400|50.31
2012-02-17|50.09|50.80|50.06|50.57|295900|50.37
2012-02-16|48.98|50.04|48.84|49.96|399500|49.76
2012-02-15|49.14|49.30|48.76|49.08|205100|48.89
2012-02-14|48.69|49.02|48.69|49.02|185400|48.83
2012-02-13|48.78|49.02|48.53|48.88|136500|48.69
2012-02-10|48.88|48.93|48.52|48.63|295100|48.44
2012-02-09|49.12|49.18|48.87|49.07|304400|48.88
2012-02-08|49.24|49.36|48.70|48.95|202900|48.76
2012-02-07|49.04|49.34|48.84|49.26|100000|49.07
2012-02-06|48.88|49.31|48.72|49.09|139300|48.90
2012-02-03|49.10|49.71|48.84|49.06|186900|48.87
2012-02-02|48.64|49.11|48.60|48.88|175500|48.69
2012-02-01|48.92|49.33|48.43|48.64|322400|48.45
2012-01-31|48.95|49.22|48.59|48.71|172500|48.52
2012-01-30|48.39|48.83|48.28|48.69|165100|48.50
2012-01-27|48.67|49.14|48.47|48.73|391800|48.54
2012-01-26|49.01|49.23|48.52|48.77|153600|48.58
2012-01-25|48.11|48.96|48.06|48.81|140300|48.62
2012-01-24|48.32|48.44|47.88|48.14|131200|47.95
2012-01-23|48.39|48.93|48.39|48.62|217600|48.43
2012-01-20|48.00|48.43|47.85|48.20|109200|48.01
2012-01-19|48.04|48.72|47.98|48.18|221000|47.99
2012-01-18|47.56|48.32|47.53|47.84|210500|47.65
2012-01-17|48.03|48.03|47.36|47.61|162800|47.42
2012-01-13|47.36|47.85|47.36|47.65|204300|47.46
2012-01-12|47.38|48.01|47.38|47.74|207100|47.55
2012-01-11|47.09|47.40|47.07|47.29|148100|47.10
2012-01-10|47.11|47.21|46.55|46.98|192400|46.79
2012-01-09|47.26|47.26|46.55|46.85|233200|46.67
2012-01-06|47.81|47.81|47.01|47.02|209600|46.83
2012-01-05|47.96|48.11|47.57|47.87|381300|47.68
2012-01-04|48.59|48.81|48.05|48.15|262700|47.96
2012-01-03|49.35|49.45|48.41|48.54|250800|48.35
2011-12-30|48.35|48.79|48.23|48.42|117900|48.23
2011-12-29|48.08|48.40|47.99|48.27|101000|48.08
2011-12-28|48.64|48.84|47.92|48.03|197500|47.84
2011-12-27|48.38|48.87|48.23|48.78|96700|48.59
2011-12-23|48.40|48.89|48.26|48.38|221800|48.19
2011-12-22|48.11|48.45|48.05|48.38|252200|48.19
2011-12-21|47.68|48.12|47.68|47.93|117700|47.74
2011-12-20|47.71|48.17|47.51|47.65|227100|47.46
2011-12-19|47.34|47.53|46.99|47.03|143400|46.84
2011-12-16|47.51|47.76|47.17|47.41|264800|47.22
2011-12-15|47.24|47.69|47.20|47.44|223300|47.25
2011-12-14|47.25|47.38|46.44|46.86|297400|46.68
2011-12-13|48.29|48.53|47.26|47.57|381100|47.38
2011-12-12|49.25|49.53|47.79|48.20|463100|48.01
2011-12-09|49.99|50.38|49.77|49.89|295100|49.69
2011-12-08|50.70|51.28|49.86|49.97|353800|49.77
2011-12-07|50.65|51.31|50.26|51.15|169600|50.95
2011-12-06|50.57|50.92|50.29|50.75|125100|50.55
2011-12-05|50.84|51.21|50.34|50.74|164200|50.54
2011-12-02|51.33|51.48|50.13|50.40|162000|50.20
2011-12-01|50.55|51.94|50.44|51.19|268200|50.99
2011-11-30|50.45|50.86|50.09|50.55|227600|50.35
2011-11-29|49.20|49.87|49.19|49.53|193200|49.33
2011-11-28|49.52|49.56|49.02|49.19|122300|49.00
2011-11-25|48.31|48.78|48.18|48.49|55300|48.14
2011-11-23|49.05|49.15|48.58|48.60|159400|48.25
2011-11-22|49.63|49.86|49.26|49.37|159300|49.01
2011-11-21|49.40|49.86|49.23|49.68|159600|49.32
2011-11-18|49.72|50.10|49.21|49.97|209700|49.61
2011-11-17|50.00|50.12|49.10|49.37|177400|49.01
2011-11-16|51.03|51.06|49.79|49.96|169800|49.60
2011-11-15|50.91|51.59|50.86|51.37|148000|51.00
2011-11-14|50.73|51.56|50.72|51.03|191300|50.66
2011-11-11|49.90|51.35|49.89|51.00|277400|50.63
2011-11-10|49.08|49.73|48.13|49.25|415000|48.89
2011-11-09|48.77|48.98|48.46|48.46|211700|48.11
2011-11-08|49.86|50.14|49.24|49.62|181300|49.26
2011-11-07|49.14|49.80|48.78|49.71|177600|49.35
2011-11-04|48.62|49.30|48.30|49.25|211800|48.89
2011-11-03|49.23|49.26|48.38|49.01|244500|48.65
2011-11-02|49.32|49.50|48.45|48.66|250600|48.31
2011-11-01|48.08|49.07|47.40|48.70|423600|48.35
2011-10-31|49.90|50.18|49.30|49.32|259300|48.96
2011-10-28|50.18|50.39|49.50|49.91|225600|49.55
2011-10-27|51.52|52.06|50.25|50.43|388200|50.06
2011-10-26|50.51|50.69|49.78|50.42|268300|50.05
2011-10-25|50.47|50.74|49.89|49.95|231900|49.59
2011-10-24|50.25|50.73|50.17|50.68|239800|50.31
2011-10-21|49.42|50.01|49.35|50.00|166100|49.64
2011-10-20|48.50|49.01|48.18|48.89|272900|48.53
2011-10-19|49.09|49.44|48.41|48.57|226300|48.22
2011-10-18|48.74|49.38|48.29|49.17|260100|48.81
2011-10-17|48.88|49.32|48.56|48.57|303500|48.22
2011-10-14|48.46|48.99|48.24|48.92|285400|48.56
2011-10-13|47.41|48.07|47.22|48.02|462800|47.67
2011-10-12|48.21|48.28|47.16|47.41|621800|47.07
2011-10-11|47.38|47.83|46.96|47.52|351400|47.17
2011-10-10|47.36|48.11|47.33|47.89|81200|47.54
2011-10-07|47.48|47.85|46.82|46.87|371300|46.53
2011-10-06|46.60|47.16|46.26|47.16|264000|46.82
2011-10-05|46.23|46.85|45.97|46.68|417700|46.34
2011-10-04|45.23|46.17|45.00|46.17|670900|45.83
2011-10-03|46.00|46.53|45.54|45.54|468700|45.21
2011-09-30|46.54|47.16|46.27|46.28|454200|45.94
2011-09-29|47.94|48.49|46.76|47.19|412200|46.85
2011-09-28|48.89|48.91|47.32|47.45|324800|47.11
2011-09-27|48.39|50.19|48.30|48.81|662200|48.46
2011-09-26|47.06|47.94|46.37|47.82|390300|47.47
2011-09-23|45.99|47.27|45.93|47.18|428000|46.84
2011-09-22|45.47|46.45|45.23|46.39|649100|46.05
2011-09-21|46.96|47.68|46.92|47.02|400800|46.68
2011-09-20|46.54|47.85|46.22|47.26|393600|46.92
2011-09-19|45.11|46.75|45.07|46.49|351300|46.15
2011-09-16|46.83|46.98|45.77|46.08|371400|45.75
2011-09-15|46.60|46.96|46.26|46.60|202000|46.26
2011-09-14|45.94|46.41|45.48|45.97|294000|45.64
2011-09-13|45.62|46.00|45.56|45.92|178500|45.59
2011-09-12|44.94|45.68|44.92|45.62|303400|45.29
2011-09-09|46.35|46.61|45.15|45.52|334800|45.19
2011-09-08|47.00|47.42|46.84|46.86|170800|46.52
2011-09-07|46.77|47.22|46.35|47.18|301900|46.84
2011-09-06|46.26|46.66|45.50|46.43|441300|46.09
2011-09-02|46.49|48.02|46.28|47.49|439000|47.14
2011-09-01|48.08|48.20|47.05|47.21|479800|46.87
2011-08-31|48.13|48.39|47.40|47.82|325700|47.47
2011-08-30|48.13|48.46|47.75|47.96|257600|47.61
2011-08-29|47.75|48.48|47.55|48.38|153600|48.03
2011-08-26|45.85|47.51|45.85|47.10|247300|46.76
2011-08-25|47.01|47.23|46.18|46.43|244100|46.09
2011-08-24|46.79|47.53|46.59|46.82|247700|46.48
2011-08-23|45.04|46.89|45.04|46.88|207100|46.54
2011-08-22|45.34|45.63|44.59|44.85|332100|44.52
2011-08-19|44.43|46.19|44.39|44.64|304100|44.32
2011-08-18|45.35|45.39|44.37|44.83|288900|44.50
2011-08-17|46.63|47.78|46.30|46.37|329300|45.86
2011-08-16|46.30|46.86|45.82|46.43|258000|45.92
2011-08-15|46.38|46.92|46.12|46.80|229900|46.29
2011-08-12|46.70|46.78|45.64|45.97|314400|45.46
2011-08-11|43.91|46.41|43.35|46.05|565800|45.54
2011-08-10|43.68|44.15|42.96|43.47|435800|42.99
2011-08-09|43.05|44.28|41.74|44.20|629400|43.71
2011-08-08|42.82|44.25|42.46|42.46|521900|41.99
2011-08-05|46.15|46.30|43.24|44.41|480500|43.92
2011-08-04|47.06|47.20|45.27|45.80|400100|45.30
2011-08-03|47.44|47.84|47.00|47.76|171300|47.23
2011-08-02|48.00|48.27|47.53|47.55|225400|47.03
2011-08-01|48.34|48.57|47.64|48.31|176900|47.78
2011-07-29|47.58|48.24|46.97|47.93|181700|47.40
2011-07-28|46.92|48.56|46.92|47.98|268600|47.45
2011-07-27|48.38|48.41|46.87|46.97|169000|46.45
2011-07-26|48.16|48.66|48.00|48.49|130900|47.96
2011-07-25|48.20|48.39|47.85|48.05|102400|47.52
2011-07-22|47.99|48.30|47.99|48.17|117100|47.64
2011-07-21|48.37|48.77|48.27|48.32|150500|47.79
2011-07-20|48.38|48.43|48.06|48.21|146100|47.68
2011-07-19|48.66|48.84|48.14|48.24|95800|47.71
2011-07-18|48.15|48.40|47.91|48.24|98600|47.71
2011-07-15|48.60|48.75|48.10|48.51|106800|47.98
2011-07-14|48.80|49.08|48.07|48.30|107000|47.77
2011-07-13|48.19|48.92|48.12|48.52|142400|47.99
2011-07-12|48.00|48.25|47.75|47.98|170100|47.45
2011-07-11|48.44|48.63|48.18|48.38|140900|47.85
2011-07-08|48.60|48.98|48.49|48.79|161300|48.25
2011-07-07|49.27|49.45|48.86|48.92|156500|48.38
2011-07-06|49.33|49.49|48.52|48.73|184300|48.19
2011-07-05|49.54|49.99|49.23|49.33|187400|48.79
2011-07-01|48.95|49.63|48.83|49.62|129600|49.07
2011-06-30|48.31|49.09|48.10|48.81|309100|48.27
2011-06-29|47.74|48.21|47.63|48.06|154700|47.53
2011-06-28|46.90|47.77|46.90|47.31|144600|46.79
2011-06-27|46.23|46.83|46.18|46.76|135900|46.25
2011-06-24|46.55|47.14|46.08|46.29|182700|45.78
2011-06-23|46.02|46.88|45.62|46.67|222200|46.16
2011-06-22|45.83|46.70|45.83|46.39|213200|45.88
2011-06-21|45.56|46.59|45.56|46.10|250700|45.59
2011-06-20|44.34|45.66|44.31|45.38|233600|44.88
2011-06-17|44.66|45.55|44.39|44.45|244100|43.96
2011-06-16|44.33|44.90|44.26|44.42|211900|43.93
2011-06-15|44.42|44.84|44.30|44.52|202300|44.03
2011-06-14|44.33|44.78|44.33|44.64|116600|44.15
2011-06-13|44.15|44.41|43.94|44.06|152000|43.58
2011-06-10|44.67|44.79|43.95|44.17|174400|43.68
2011-06-09|44.02|44.83|43.93|44.70|237100|44.21
2011-06-08|44.19|44.30|43.91|43.95|250400|43.47
2011-06-07|44.12|44.69|44.12|44.31|311600|43.82
2011-06-06|45.34|45.60|43.90|44.16|366700|43.67
2011-06-03|45.20|45.81|44.63|45.35|187200|44.85
2011-06-02|45.77|45.98|45.43|45.65|173000|45.15
2011-06-01|46.53|46.76|45.64|45.70|228500|45.20
2011-05-31|47.18|47.34|46.55|46.56|343200|46.05
2011-05-27|46.13|46.77|45.80|46.64|180200|46.13
2011-05-26|45.73|46.14|45.51|45.98|500600|45.47
2011-05-25|46.64|46.86|45.77|46.15|476000|45.64
2011-05-24|46.90|47.37|46.73|47.19|173100|46.50
2011-05-23|46.82|47.34|46.66|47.13|102500|46.44
2011-05-20|47.24|47.32|46.68|47.05|154800|46.36
2011-05-19|47.48|47.52|47.23|47.41|155500|46.72
2011-05-18|47.07|47.36|47.00|47.30|130700|46.61
2011-05-17|46.86|47.31|46.75|47.11|185300|46.42
2011-05-16|47.68|47.71|46.92|47.03|208800|46.34
2011-05-13|47.77|48.21|47.40|47.82|423800|47.12
2011-05-12|48.70|48.82|46.64|47.56|1021600|46.86
2011-05-11|50.67|51.04|49.91|49.92|403300|49.19
2011-05-10|50.02|50.65|50.01|50.42|265300|49.68
2011-05-09|49.31|49.86|49.06|49.80|228000|49.07
2011-05-06|48.63|49.38|48.58|49.11|188700|48.39
2011-05-05|47.99|48.44|47.83|48.24|201500|47.53
2011-05-04|48.44|48.49|47.86|48.48|166000|47.77
2011-05-03|48.83|48.84|47.83|48.34|291000|47.63
2011-05-02|48.74|49.05|48.68|48.78|145000|48.07
2011-04-29|48.36|48.71|48.08|48.63|143000|47.92
2011-04-28|48.66|49.03|48.29|48.47|169200|47.76
2011-04-27|48.79|48.86|48.45|48.72|222500|48.01
2011-04-26|48.77|49.20|48.46|48.58|281400|47.87
2011-04-25|48.49|48.63|48.20|48.55|176900|47.84
2011-04-21|48.24|48.34|47.87|48.06|83800|47.36
2011-04-20|47.32|48.29|47.32|48.02|148000|47.32
2011-04-19|47.64|47.72|46.78|46.95|145000|46.26
2011-04-18|47.49|47.52|46.66|47.28|182200|46.59
2011-04-15|47.37|47.93|47.26|47.85|149000|47.15
2011-04-14|46.63|47.63|46.62|47.44|215900|46.75
2011-04-13|46.79|47.16|46.59|46.91|149200|46.22
2011-04-12|45.65|46.81|45.65|46.60|259700|45.92
2011-04-11|45.48|46.09|45.33|45.78|115300|45.11
2011-04-08|46.08|46.20|45.38|45.45|217100|44.78
2011-04-07|46.23|46.32|45.75|45.83|186100|45.16
2011-04-06|46.78|47.00|46.12|46.25|100400|45.57
2011-04-05|46.45|47.13|46.43|46.52|246500|45.84
2011-04-04|45.60|46.40|45.48|46.29|203500|45.61
2011-04-01|45.58|46.00|45.47|45.70|192600|45.03
2011-03-31|45.73|45.75|45.26|45.31|150800|44.65
2011-03-30|45.81|45.93|45.61|45.66|196700|44.99
2011-03-29|45.62|45.69|45.44|45.56|104200|44.89
2011-03-28|46.17|46.35|45.23|45.54|245600|44.87
2011-03-25|46.08|46.75|45.91|45.93|142800|45.26
2011-03-24|46.63|46.69|45.81|46.07|223100|45.40
2011-03-23|46.47|46.53|45.89|46.35|194800|45.67
2011-03-22|46.24|47.04|46.18|46.46|287600|45.78
2011-03-21|45.58|46.23|45.46|46.08|234700|45.41
2011-03-18|44.84|45.02|44.49|44.85|256300|44.19
2011-03-17|43.84|44.71|43.84|44.65|242800|44.00
2011-03-16|43.99|44.15|43.13|43.37|310900|42.74
2011-03-15|43.85|44.25|43.42|43.99|255700|43.35
2011-03-14|45.00|45.29|44.75|45.01|170200|44.35
2011-03-11|44.84|45.18|44.75|44.85|158800|44.19
2011-03-10|45.16|45.64|45.03|45.03|232300|44.37
2011-03-09|44.76|45.47|44.76|45.40|229600|44.74
2011-03-08|44.39|45.00|44.33|44.77|243600|44.11
2011-03-07|44.51|44.70|43.75|44.32|234300|43.67
2011-03-04|44.39|44.65|44.18|44.29|157500|43.64
2011-03-03|43.95|44.50|43.94|44.30|215500|43.65
2011-03-02|43.83|44.45|43.73|44.10|278300|43.28
2011-03-01|43.85|44.26|43.38|43.77|265700|42.96
2011-02-28|43.36|44.25|43.36|44.09|312400|43.28
2011-02-25|42.79|43.28|42.79|43.21|99700|42.41
2011-02-24|42.22|42.94|41.91|42.64|253100|41.85
2011-02-23|42.02|42.99|41.57|42.33|344200|41.55
2011-02-22|42.28|42.49|41.79|41.83|236600|41.06
2011-02-18|42.47|43.16|42.23|42.47|186400|41.68
2011-02-17|42.24|42.65|42.22|42.37|146900|41.59
2011-02-16|42.24|42.79|42.22|42.47|107200|41.68
2011-02-15|42.36|42.54|42.00|42.12|107100|41.34
2011-02-14|42.12|42.51|41.93|42.49|299800|41.70
2011-02-11|41.50|42.13|41.46|42.10|173900|41.32
2011-02-10|41.27|41.83|41.16|41.58|123300|40.81
2011-02-09|41.09|41.54|41.09|41.46|150000|40.69
2011-02-08|41.34|41.59|41.07|41.13|231800|40.37
2011-02-07|41.80|42.15|41.09|41.45|248900|40.68
2011-02-04|41.83|42.19|41.60|41.70|191000|40.93
2011-02-03|41.69|42.08|41.45|41.64|218200|40.87
2011-02-02|41.36|41.92|41.15|41.68|228900|40.91
2011-02-01|41.18|41.38|40.92|41.26|104200|40.50
2011-01-31|40.88|41.19|40.78|40.98|144600|40.22
2011-01-28|41.17|41.55|40.80|40.84|192900|40.09
2011-01-27|41.56|41.56|41.03|41.22|172100|40.46
2011-01-26|41.30|42.10|41.14|41.42|222800|40.65
2011-01-25|41.16|41.54|41.12|41.28|141000|40.52
2011-01-24|41.57|41.67|41.20|41.31|139600|40.55
2011-01-21|41.37|42.03|41.33|41.59|198100|40.82
2011-01-20|41.07|41.36|40.92|41.07|202000|40.31
2011-01-19|41.73|42.07|41.39|41.46|188500|40.69
2011-01-18|41.73|41.96|40.82|41.82|338900|41.05
2011-01-14|42.33|42.75|42.17|42.58|166000|41.79
2011-01-13|43.48|43.56|42.33|42.47|287700|41.68
2011-01-12|43.22|43.48|43.00|43.38|192700|42.58
2011-01-11|42.51|43.02|42.47|42.86|239500|42.07
2011-01-10|42.32|42.67|41.89|42.27|201200|41.49
2011-01-07|42.24|42.71|42.02|42.42|155000|41.64
2011-01-06|42.39|42.77|42.06|42.08|180900|41.30
2011-01-05|41.41|42.28|41.34|42.28|194000|41.50
2011-01-04|41.50|41.83|41.24|41.48|220500|40.71
2011-01-03|41.57|41.57|41.30|41.38|56500|40.62
2010-12-31|41.49|41.74|41.13|41.23|138800|40.47
2010-12-30|41.04|41.47|40.97|41.36|101200|40.60
2010-12-29|40.74|41.08|40.71|41.06|82400|40.30
2010-12-28|40.68|40.81|40.34|40.70|59700|39.95
2010-12-27|40.80|40.80|40.37|40.61|36300|39.86
2010-12-23|40.71|40.95|40.64|40.83|89800|40.08
2010-12-22|40.73|40.91|40.53|40.69|118800|39.94
2010-12-21|40.24|40.78|40.14|40.62|177400|39.87
2010-12-20|40.49|40.71|40.05|40.27|250000|39.53
2010-12-17|40.84|40.91|40.26|40.56|348400|39.81
2010-12-16|40.35|40.95|40.35|40.94|205600|40.18
2010-12-15|40.52|40.66|40.24|40.40|172700|39.65
2010-12-14|41.09|41.27|40.44|40.67|234800|39.92
2010-12-13|41.41|41.58|41.03|41.10|134300|40.34
2010-12-10|41.30|41.43|40.97|41.21|110600|40.45
2010-12-09|41.35|41.58|41.25|41.27|138700|40.51
2010-12-08|41.32|41.83|40.97|41.09|238300|40.33
2010-12-07|41.08|41.64|41.01|41.27|243000|40.51
2010-12-06|40.58|41.08|40.30|41.02|148000|40.26
2010-12-03|41.03|41.57|40.51|40.86|149900|40.10
2010-12-02|40.36|41.13|40.35|41.01|217600|40.25
2010-12-01|39.78|40.16|39.64|39.99|150400|39.25
2010-11-30|39.17|39.63|39.05|39.43|175600|38.70
2010-11-29|39.83|39.83|39.04|39.59|113900|38.86
2010-11-26|39.62|40.13|39.49|40.02|127600|39.15
2010-11-24|39.84|40.83|39.84|40.65|317500|39.77
2010-11-23|39.52|39.82|39.29|39.55|178600|38.69
2010-11-22|39.43|40.09|39.16|39.71|295600|38.85
2010-11-19|38.79|39.57|38.77|39.54|164000|38.68
2010-11-18|38.90|39.42|38.65|38.75|134200|37.91
2010-11-17|38.63|38.78|38.44|38.66|134100|37.82
2010-11-16|39.03|39.06|38.38|38.67|230800|37.83
2010-11-15|38.86|39.48|38.85|39.12|295100|38.27
2010-11-12|38.60|38.75|38.41|38.62|159700|37.78
2010-11-11|38.95|39.25|38.72|38.93|217800|38.09
2010-11-10|38.77|39.46|38.68|39.39|225300|38.54
2010-11-09|39.09|39.42|38.74|38.79|232000|37.95
2010-11-08|38.32|39.13|38.24|38.87|262800|38.03
2010-11-05|38.63|38.79|38.38|38.38|94100|37.55
2010-11-04|38.72|39.21|38.38|38.44|222400|37.61
2010-11-03|38.31|38.50|37.60|38.18|250900|37.35
2010-11-02|38.01|38.19|37.90|38.15|72500|37.32
2010-11-01|37.88|37.88|37.47|37.76|97800|36.94
2010-10-29|37.73|37.96|37.55|37.63|93800|36.81
2010-10-28|37.21|37.91|37.12|37.68|141600|36.86
2010-10-27|37.70|37.70|36.89|37.01|143100|36.21
2010-10-26|37.93|38.50|37.76|37.93|158600|37.11
2010-10-25|37.83|38.26|37.62|38.06|154500|37.24
2010-10-22|37.12|37.66|37.04|37.54|132300|36.73
2010-10-21|37.19|37.37|36.82|37.07|120600|36.27
2010-10-20|36.81|37.23|36.66|37.03|100800|36.23
2010-10-19|36.68|37.00|36.31|36.68|190300|35.89
2010-10-18|36.94|37.46|36.90|37.38|243400|36.57
2010-10-15|37.17|37.18|36.71|37.02|88500|36.22
2010-10-14|37.01|37.23|36.76|36.95|103100|36.15
2010-10-13|37.11|37.33|36.89|36.99|137000|36.19
2010-10-12|37.05|37.10|36.76|36.84|111300|36.04
2010-10-11|37.09|37.23|36.96|37.10|48300|36.30
2010-10-08|36.86|37.06|36.63|36.97|81600|36.17
2010-10-07|37.04|37.17|36.61|36.76|128000|35.96
2010-10-06|36.91|37.13|36.82|36.97|103200|36.17
2010-10-05|36.57|37.00|36.52|36.92|183900|36.12
2010-10-04|36.59|36.85|36.26|36.53|160200|35.74
2010-10-01|36.50|36.70|36.18|36.69|182400|35.89
2010-09-30|36.81|36.91|36.20|36.41|172200|35.62
2010-09-29|37.07|37.07|36.17|36.45|155800|35.66
2010-09-28|37.13|37.22|36.58|36.91|157100|36.11
2010-09-27|37.01|37.67|36.99|37.22|181500|36.41
2010-09-24|36.57|37.02|36.57|36.87|113500|36.07
2010-09-23|36.61|36.82|36.14|36.31|159000|35.52
2010-09-22|36.63|37.10|36.34|36.82|132800|36.02
2010-09-21|37.04|37.04|36.59|36.62|261300|35.83
2010-09-20|36.56|37.60|36.30|36.96|201700|36.16
2010-09-17|36.36|36.63|36.14|36.40|299400|35.61
2010-09-16|36.17|36.20|35.90|36.20|111100|35.42
2010-09-15|36.26|36.48|35.80|36.34|145200|35.55
2010-09-14|36.37|37.01|36.35|36.35|132600|35.56
2010-09-13|36.55|36.69|36.05|36.41|134200|35.62
2010-09-10|36.06|36.66|35.98|36.25|160600|35.46
2010-09-09|37.39|37.46|35.90|36.08|237500|35.30
2010-09-08|36.75|37.21|36.64|36.98|97300|36.18
2010-09-07|37.01|37.17|36.53|36.62|161700|35.83
2010-09-03|36.76|37.34|36.62|37.11|155900|36.31
2010-09-02|36.00|36.37|35.79|36.37|152200|35.58
2010-09-01|35.71|36.27|35.71|35.84|136900|35.06
2010-08-31|35.31|35.65|35.05|35.38|140200|34.61
2010-08-30|35.59|35.75|35.39|35.48|212200|34.71
2010-08-27|35.12|35.55|34.75|35.46|137700|34.69
2010-08-26|35.19|35.37|35.02|35.10|125900|34.34
2010-08-25|34.71|35.03|34.51|35.03|189400|34.27
2010-08-24|34.84|35.25|34.45|35.03|215100|34.27
2010-08-23|35.66|35.75|35.19|35.19|113300|34.43
2010-08-20|35.67|35.77|35.27|35.54|82300|34.77
2010-08-19|36.20|36.20|35.68|35.89|118100|35.11
2010-08-18|36.09|36.46|35.85|36.28|122600|35.37
2010-08-17|35.77|36.26|35.48|36.04|121900|35.14
2010-08-16|35.51|35.59|35.18|35.48|114500|34.59
2010-08-13|35.99|36.28|35.29|35.52|164500|34.63
2010-08-12|34.18|36.64|33.84|36.14|547200|35.23
2010-08-11|34.26|34.28|33.77|33.92|133300|33.07
2010-08-10|34.71|34.95|34.39|34.83|124600|33.96
2010-08-09|34.65|35.34|34.65|35.13|108900|34.25
2010-08-06|34.53|34.80|34.32|34.72|75300|33.85
2010-08-05|34.68|34.81|34.53|34.74|94100|33.87
2010-08-04|34.63|34.89|34.52|34.62|75600|33.75
2010-08-03|34.50|34.83|34.04|34.43|142900|33.57
2010-08-02|34.45|34.64|34.37|34.48|46700|33.62
2010-07-30|33.72|34.44|33.52|34.16|141500|33.30
2010-07-29|34.19|34.33|33.74|33.99|101800|33.14
2010-07-28|34.43|34.43|33.96|34.07|100900|33.22
2010-07-27|34.91|34.99|34.10|34.34|176700|33.48
2010-07-26|34.44|34.79|34.38|34.73|109800|33.86
2010-07-23|34.42|34.51|34.13|34.35|141900|33.49
2010-07-22|34.11|34.74|34.11|34.52|202000|33.65
2010-07-21|34.24|34.49|33.69|33.89|264700|33.04
2010-07-20|32.95|34.17|32.95|34.11|264200|33.25
2010-07-19|32.93|33.21|32.83|33.12|190000|32.29
2010-07-16|33.33|33.49|32.80|33.00|132600|32.17
2010-07-15|33.44|33.70|33.05|33.54|180900|32.70
2010-07-14|33.03|33.59|33.03|33.39|192500|32.55
2010-07-13|33.49|33.49|33.09|33.22|275100|32.39
2010-07-12|33.37|33.65|33.06|33.19|109700|32.36
2010-07-09|33.15|33.48|32.98|33.41|130600|32.57
2010-07-08|33.03|33.25|32.76|33.04|182100|32.21
2010-07-07|31.88|32.94|31.84|32.90|226100|32.08
2010-07-06|32.28|32.39|31.68|31.90|188600|31.10
2010-07-02|32.20|32.68|31.85|31.94|227400|31.14
2010-07-01|32.03|32.26|31.59|32.18|298800|31.37
2010-06-30|32.06|32.46|31.86|32.00|273300|31.20
2010-06-29|32.86|32.86|32.04|32.17|310900|31.36
2010-06-28|33.04|33.64|33.04|33.31|167600|32.47
2010-06-25|33.17|33.66|33.03|33.26|206900|32.43
2010-06-24|33.12|33.25|32.79|33.06|158500|32.23
2010-06-23|33.00|33.47|32.93|33.29|206100|32.46
2010-06-22|33.43|33.91|33.07|33.21|200600|32.38
2010-06-21|33.80|33.91|33.23|33.34|187200|32.50
2010-06-18|33.75|34.00|33.33|33.44|171300|32.60
2010-06-17|33.90|34.00|33.47|33.70|167500|32.86
2010-06-16|33.80|34.00|33.67|34.00|253100|33.15
2010-06-15|33.34|33.96|33.34|33.93|132000|33.08
2010-06-14|33.66|33.66|33.22|33.27|138200|32.44
2010-06-11|32.98|33.30|32.82|33.23|202500|32.40
2010-06-10|33.25|33.50|32.98|33.35|156400|32.51
2010-06-09|33.26|33.36|32.65|32.91|293800|32.08
2010-06-08|32.69|33.03|32.43|33.03|333600|32.20
2010-06-07|32.58|33.08|32.46|32.58|296800|31.76
2010-06-04|32.68|33.04|32.37|32.47|252400|31.66
2010-06-03|33.51|33.51|32.87|33.29|330100|32.46
2010-06-02|33.20|33.31|32.93|33.23|274300|32.40
2010-06-01|32.95|33.49|32.81|32.88|299200|32.06
2010-05-28|33.59|33.85|33.11|33.11|225000|32.28
2010-05-27|32.60|33.56|32.60|33.55|272400|32.71
2010-05-26|32.45|32.76|32.18|32.24|406600|31.43
2010-05-25|32.27|32.44|31.19|32.40|513300|31.47
2010-05-24|32.85|33.38|32.75|32.98|297400|32.03
2010-05-21|31.95|32.75|31.95|32.75|362500|31.81
2010-05-20|32.46|32.77|32.00|32.39|344300|31.46
2010-05-19|33.49|33.96|32.94|33.46|222000|32.50
2010-05-18|34.35|34.62|33.66|33.75|304900|32.78
2010-05-17|34.04|34.37|33.61|34.01|317600|33.03
2010-05-14|34.65|34.65|33.40|33.99|330400|33.02
2010-05-13|33.66|35.17|33.66|34.70|646600|33.70
2010-05-12|33.52|33.65|33.16|33.64|330000|32.68
2010-05-11|32.62|33.66|32.62|33.31|834500|32.35
2010-05-10|32.77|33.14|32.74|32.87|353900|31.93
2010-05-07|31.71|31.88|30.91|31.62|371000|30.71
2010-05-06|32.37|32.62|29.92|31.64|446700|30.73
2010-05-05|32.53|33.04|32.35|32.71|169000|31.77
2010-05-04|33.18|33.31|32.67|32.88|176700|31.94
2010-05-03|33.10|33.64|33.10|33.46|122300|32.50
2010-04-30|33.53|33.66|32.93|32.99|206300|32.04
2010-04-29|33.70|33.88|33.49|33.52|203200|32.56
2010-04-28|33.92|33.96|33.03|33.47|225400|32.51
2010-04-27|33.87|34.05|33.47|33.68|304800|32.71
2010-04-26|33.82|34.17|33.81|34.08|127000|33.10
2010-04-23|34.00|34.00|33.66|33.88|131100|32.91
2010-04-22|33.45|33.96|33.29|33.90|205900|32.93
2010-04-21|33.58|33.78|33.41|33.45|147400|32.49
2010-04-20|32.91|33.54|32.74|33.50|343000|32.54
2010-04-19|32.74|32.92|32.40|32.56|214000|31.63
2010-04-16|33.21|33.31|32.70|32.77|187500|31.83
2010-04-15|33.32|33.37|33.16|33.28|175200|32.33
2010-04-14|33.37|33.50|33.17|33.27|314500|32.32
2010-04-13|33.35|33.39|33.05|33.05|158900|32.10
2010-04-12|33.34|33.46|33.26|33.30|150300|32.34
2010-04-09|33.62|33.63|33.20|33.33|163500|32.37
2010-04-08|33.44|33.64|33.06|33.58|285100|32.62
2010-04-07|33.31|33.65|33.29|33.54|314800|32.58
2010-04-06|33.10|33.45|33.10|33.42|408100|32.46
2010-04-05|33.25|33.28|33.10|33.24|186000|32.29
2010-04-01|32.64|33.12|32.64|33.10|212800|32.15
2010-03-31|32.79|32.79|32.44|32.59|221500|31.66
2010-03-30|32.89|33.18|32.69|32.69|138700|31.75
2010-03-29|32.87|32.94|32.66|32.94|134200|32.00
2010-03-26|32.80|32.87|32.52|32.70|108100|31.76
2010-03-25|32.80|32.91|32.51|32.82|251100|31.88
2010-03-24|32.71|32.86|32.50|32.64|122500|31.70
2010-03-23|32.63|32.92|32.63|32.80|134700|31.86
2010-03-22|32.19|32.80|32.03|32.68|233800|31.74
2010-03-19|33.08|33.19|32.49|32.49|270100|31.56
2010-03-18|33.17|33.32|32.74|33.00|313100|32.05
2010-03-17|33.35|33.46|33.20|33.35|151900|32.39
2010-03-16|33.47|33.64|33.09|33.23|253800|32.28
2010-03-15|33.43|34.00|33.40|33.53|231100|32.57
2010-03-12|33.16|33.58|33.02|33.53|217700|32.57
2010-03-11|32.61|33.05|32.35|32.90|230500|31.96
2010-03-10|32.61|32.84|32.37|32.60|320300|31.66
2010-03-09|32.05|32.81|31.92|32.58|328300|31.65
2010-03-08|32.10|32.12|31.85|31.99|182800|31.07
2010-03-05|31.29|32.12|31.29|31.74|344100|30.83
2010-03-04|30.97|31.16|30.82|30.91|361800|30.02
2010-03-03|30.89|31.26|30.88|31.05|191100|30.04
2010-03-02|30.74|30.96|30.73|30.93|211200|29.92
2010-03-01|30.30|30.67|30.30|30.61|347400|29.61
2010-02-26|30.51|30.51|29.81|30.33|267600|29.34
2010-02-25|30.12|30.47|29.80|30.39|355500|29.40
2010-02-24|30.13|30.56|30.06|30.36|231500|29.37
2010-02-23|30.39|30.65|29.98|30.13|281900|29.15
2010-02-22|30.22|30.65|30.22|30.49|343400|29.50
2010-02-19|29.99|30.27|29.98|30.23|130700|29.25
2010-02-18|30.10|30.35|29.95|30.08|195900|29.10
2010-02-17|29.82|30.60|29.77|30.12|411800|29.14
2010-02-16|29.79|29.92|29.63|29.87|138900|28.90
2010-02-12|29.40|29.61|29.24|29.58|156100|28.62
2010-02-11|29.18|29.56|29.07|29.50|108200|28.54
2010-02-10|29.08|29.35|28.97|29.27|202900|28.32
2010-02-09|29.02|29.16|28.84|29.02|238000|28.08
2010-02-08|28.99|29.25|28.83|28.83|191200|27.89
2010-02-05|29.02|29.14|28.75|29.06|418100|28.11
2010-02-04|29.10|29.20|28.65|29.05|392300|28.11
2010-02-03|29.35|29.55|29.28|29.34|214400|28.39
2010-02-02|29.65|29.72|29.41|29.52|263500|28.56
2010-02-01|28.78|29.62|28.71|29.56|282700|28.60
2010-01-29|28.84|29.02|28.64|28.64|264900|27.71
2010-01-28|29.06|29.08|28.72|28.82|162300|27.88
2010-01-27|28.76|28.98|28.70|28.91|200800|27.97
2010-01-26|28.41|29.04|28.33|28.90|165900|27.96
2010-01-25|28.77|28.91|28.64|28.72|308800|27.79
2010-01-22|29.00|29.08|28.69|28.81|330500|27.87
2010-01-21|29.80|29.82|29.02|29.10|553900|28.15
2010-01-20|29.85|29.88|29.58|29.66|236800|28.70
2010-01-19|30.09|30.20|30.02|30.12|192500|29.14
2010-01-15|30.33|30.33|29.89|30.05|569400|29.07
2010-01-14|30.54|30.56|30.21|30.29|695000|29.30
2010-01-13|30.45|30.61|30.37|30.49|666100|29.50
2010-01-12|30.41|30.46|30.22|30.34|309900|29.35
2010-01-11|30.85|30.85|30.57|30.60|214900|29.60
2010-01-08|30.32|30.81|30.32|30.69|283400|29.69
2010-01-07|30.49|30.66|30.37|30.45|240100|29.46
2010-01-06|30.67|31.00|30.56|30.62|308100|29.62
2010-01-05|30.96|31.00|30.53|30.64|281600|29.64
2010-01-04|30.64|30.99|30.53|30.77|501900|29.77
2009-12-31|30.48|30.75|30.30|30.51|377200|29.52
2009-12-30|30.36|30.50|30.21|30.26|365600|29.28
2009-12-29|30.15|30.66|30.03|30.46|410600|29.47
2009-12-28|30.06|30.24|29.75|29.80|197400|28.83
2009-12-24|29.68|30.13|29.67|30.10|164300|29.12
2009-12-23|29.22|29.76|29.21|29.69|354300|28.72
2009-12-22|28.94|29.23|28.94|29.08|362800|28.13
2009-12-21|29.24|29.38|28.82|28.98|421700|28.04
2009-12-18|28.97|29.06|28.79|29.02|534700|28.08
2009-12-17|28.89|29.05|28.76|28.92|424400|27.98
2009-12-16|28.99|29.29|28.99|29.18|422500|28.23
2009-12-15|28.95|29.11|28.81|28.97|393100|28.03
2009-12-14|28.86|29.18|28.75|29.08|512200|28.13
2009-12-11|29.11|29.29|28.80|28.82|573900|27.88
2009-12-10|28.95|29.13|28.94|29.10|482200|28.15
2009-12-09|28.67|28.78|28.38|28.74|598900|27.81
2009-12-08|28.59|28.71|28.37|28.65|747300|27.72
2009-12-07|28.69|29.09|28.57|28.76|531300|27.82
2009-12-04|28.92|29.25|28.52|28.65|577300|27.72
2009-12-03|29.23|29.40|28.67|28.68|823900|27.75
2009-12-02|29.21|29.45|29.05|29.23|865400|28.28
2009-12-01|29.56|29.64|29.10|29.29|1165700|28.34
2009-11-30|29.20|29.70|28.95|29.56|7730800|28.60
2009-11-27|28.55|28.89|28.44|28.70|324400|27.77
2009-11-25|29.19|29.36|29.08|29.20|1110300|28.16
2009-11-24|29.35|29.47|28.94|28.97|703200|27.94
2009-11-23|29.60|29.61|29.27|29.40|849200|28.35
2009-11-20|29.36|29.56|29.00|29.11|902500|28.07
2009-11-19|29.72|30.06|29.40|29.58|951000|28.52
2009-11-18|29.75|30.18|29.75|30.01|866000|28.94
2009-11-17|30.15|30.48|29.64|29.77|928100|28.71
2009-11-16|29.97|30.50|29.90|30.33|1182600|29.25
2009-11-13|29.40|29.86|29.40|29.67|1091600|28.61
2009-11-12|29.51|29.75|29.30|29.41|1061000|28.36
2009-11-11|29.24|29.74|29.24|29.63|670400|28.57
2009-11-10|28.42|29.13|28.42|29.05|599600|28.01
2009-11-09|28.85|29.02|28.46|28.53|641600|27.51
2009-11-06|28.12|28.56|28.04|28.41|451000|27.40
2009-11-05|28.44|28.54|28.09|28.39|784400|27.38
2009-11-04|28.06|28.51|28.01|28.18|715500|27.17
2009-11-03|27.95|28.22|27.71|27.90|742900|26.90
2009-11-02|28.73|28.73|27.62|27.97|1037000|26.97
2009-10-30|29.63|29.93|28.45|28.47|993500|27.45
2009-10-29|29.27|29.69|29.00|29.64|787300|28.58
2009-10-28|29.12|29.46|29.08|29.13|1025000|28.09
2009-10-27|29.37|29.60|29.21|29.41|1077600|28.36
2009-10-26|28.98|29.42|28.96|29.21|511000|28.17
2009-10-23|29.68|29.68|28.85|28.90|674700|27.87
2009-10-22|29.14|29.71|29.06|29.67|659500|28.61
2009-10-21|29.35|29.56|29.17|29.22|659500|28.18
2009-10-20|29.99|30.00|29.32|29.41|539100|28.36
2009-10-19|30.24|30.39|30.07|30.08|407400|29.01
2009-10-16|29.37|30.15|29.27|30.12|830300|29.04
2009-10-15|29.28|29.54|29.28|29.50|807200|28.45
2009-10-14|29.27|29.60|29.27|29.30|754600|28.25
2009-10-13|29.20|29.43|29.04|29.08|495500|28.04
2009-10-12|29.16|29.37|29.04|29.14|296000|28.10
2009-10-09|28.84|29.12|28.84|29.12|466400|28.08
2009-10-08|28.51|28.98|28.46|28.84|771900|27.81
2009-10-07|28.69|28.80|28.37|28.41|992100|27.40
2009-10-06|28.52|28.82|28.47|28.68|665300|27.66
2009-10-05|28.16|28.34|27.92|28.34|1211500|27.33
2009-10-02|27.58|27.96|27.55|27.88|1117400|26.88
2009-10-01|28.41|28.44|27.66|27.66|1846600|26.67
2009-09-30|28.39|28.73|28.27|28.30|1562100|27.29
2009-09-29|28.06|28.60|28.00|28.39|2091300|27.38
2009-09-28|28.00|28.44|27.77|27.94|2000700|26.94
2009-09-25|27.48|28.15|27.18|27.99|17225800|26.99
2009-09-24|28.11|28.18|27.12|27.62|1682100|26.63
2009-09-23|28.44|28.65|27.91|27.94|978500|26.94
2009-09-22|28.81|28.81|28.18|28.45|1467200|27.43
2009-09-21|28.99|29.08|28.54|28.56|745200|27.54
2009-09-18|29.52|29.67|29.18|29.29|692600|28.24
2009-09-17|29.74|30.12|29.52|29.61|532600|28.55
2009-09-16|28.95|29.92|28.75|29.83|877600|28.76
2009-09-15|28.82|29.00|28.77|28.99|601700|27.95
2009-09-14|28.63|28.83|28.38|28.80|495500|27.77
2009-09-11|28.87|28.90|28.65|28.68|452700|27.66
2009-09-10|28.89|29.00|28.70|28.81|384000|27.78
2009-09-09|28.84|28.96|28.53|28.90|320600|27.87
2009-09-08|28.97|28.99|28.61|28.77|395000|27.74
2009-09-04|28.10|28.77|28.10|28.63|297300|27.61
2009-09-03|27.92|28.22|27.90|28.08|380100|27.08
2009-09-02|27.92|28.18|27.79|28.03|383300|27.03
2009-09-01|28.22|28.61|27.97|28.13|786000|27.13
2009-08-31|28.56|28.61|27.98|28.25|487600|27.24
2009-08-28|29.07|29.20|28.54|28.80|318100|27.77
2009-08-27|29.04|29.20|28.53|29.03|652500|27.99
2009-08-26|29.51|29.51|28.89|29.02|653000|27.98
2009-08-25|29.52|29.97|29.34|29.71|665100|28.65
2009-08-24|29.66|29.69|29.24|29.31|308000|28.26
2009-08-21|29.15|29.57|29.15|29.54|395400|28.49
2009-08-20|28.98|29.16|28.86|29.11|374400|28.07
2009-08-19|28.89|29.33|28.76|28.98|531300|27.95
2009-08-18|28.78|29.34|28.63|29.29|570800|28.24
2009-08-17|29.24|29.24|28.72|28.86|462200|27.83
2009-08-14|29.49|29.85|29.23|29.55|510800|28.49
2009-08-13|29.66|29.69|29.35|29.59|560900|28.44
2009-08-12|29.66|30.06|29.39|29.71|504100|28.56
2009-08-11|30.17|30.17|29.55|29.79|489500|28.64
2009-08-10|29.47|30.18|29.32|30.18|669500|29.01
2009-08-07|29.42|29.93|29.27|29.56|1189200|28.42
2009-08-06|27.98|30.05|27.98|29.74|1690500|28.59
2009-08-05|27.39|28.05|27.27|27.98|463700|26.90
2009-08-04|27.45|27.50|27.15|27.39|485900|26.33
2009-08-03|27.40|27.50|27.02|27.50|181900|26.44
2009-07-31|26.55|27.25|26.55|27.09|474700|26.04
2009-07-30|27.08|27.18|26.49|26.52|390900|25.49
2009-07-29|26.72|26.95|26.59|26.89|369800|25.85
2009-07-28|26.91|27.09|26.73|26.76|579600|25.72
2009-07-27|27.04|27.33|26.76|26.91|381500|25.87
2009-07-24|26.87|27.10|26.81|27.01|527800|25.96
2009-07-23|26.58|26.98|26.39|26.94|534700|25.90
2009-07-22|26.35|26.77|26.35|26.41|347500|25.39
2009-07-21|26.49|26.58|26.15|26.46|365600|25.44
2009-07-20|26.21|26.39|25.93|26.34|352400|25.32
2009-07-17|26.03|26.16|25.77|25.94|416800|24.94
2009-07-16|25.89|26.12|25.69|26.07|344900|25.06
2009-07-15|25.65|26.05|25.63|26.05|722300|25.04
2009-07-14|25.00|25.41|24.89|25.41|493400|24.43
2009-07-13|24.52|24.85|24.27|24.85|492400|23.89
2009-07-10|24.68|24.89|24.39|24.51|331600|23.56
2009-07-09|24.91|24.91|24.52|24.71|390100|23.75
2009-07-08|24.48|24.68|24.42|24.68|420400|23.72
2009-07-07|25.01|25.05|24.42|24.49|451600|23.54
2009-07-06|24.43|24.92|24.30|24.91|498600|23.95
2009-07-02|24.66|24.73|24.51|24.51|383400|23.56
2009-07-01|24.63|25.01|24.55|24.98|352800|24.01
2009-06-30|24.79|24.90|24.45|24.54|649000|23.59
2009-06-29|25.02|25.08|24.67|24.89|662500|23.93
2009-06-26|25.07|25.34|24.75|24.84|1143400|23.88
2009-06-25|24.74|25.48|24.73|25.17|570400|24.20
2009-06-24|25.35|25.40|24.77|24.89|385100|23.93
2009-06-23|25.54|25.60|24.98|25.07|332000|24.10
2009-06-22|25.44|25.67|25.11|25.44|639900|24.46
2009-06-19|25.58|25.93|25.58|25.84|311400|24.84
2009-06-18|25.41|25.78|25.20|25.61|267200|24.62
2009-06-17|25.19|25.60|25.00|25.37|470100|24.39
2009-06-16|25.68|25.68|25.23|25.30|400200|24.32
2009-06-15|25.89|25.89|25.32|25.51|440000|24.52
2009-06-12|26.10|26.10|25.80|26.10|472600|25.09
2009-06-11|26.74|27.00|26.46|26.47|798900|25.45
2009-06-10|26.84|26.84|26.20|26.54|598100|25.51
2009-06-09|26.50|26.91|26.50|26.75|705100|25.71
2009-06-08|26.35|26.47|25.99|26.39|394900|25.37
2009-06-05|26.52|26.52|26.11|26.37|425900|25.35
2009-06-04|26.50|26.61|26.13|26.49|378800|25.46
2009-06-03|26.86|27.00|26.31|26.57|549900|25.54
2009-06-02|27.13|27.24|26.79|27.00|547800|25.95
2009-06-01|26.79|27.44|26.71|27.11|665600|26.06
2009-05-29|25.73|26.51|25.73|26.48|1095700|25.46
2009-05-28|25.60|25.69|25.22|25.68|644100|24.60
2009-05-27|25.65|25.84|25.42|25.49|616900|24.42
2009-05-26|25.10|25.65|24.88|25.65|795300|24.57
2009-05-22|24.96|25.29|24.82|25.02|505700|23.97
2009-05-21|24.85|24.99|24.61|24.82|913700|23.78
2009-05-20|25.06|25.45|24.95|24.95|618900|23.90
2009-05-19|24.84|25.24|24.67|24.96|526900|23.91
2009-05-18|24.59|24.96|24.30|24.96|448100|23.91
2009-05-15|24.59|24.84|24.39|24.40|606400|23.37
2009-05-14|24.56|24.95|24.31|24.48|907400|23.45
2009-05-13|24.29|24.67|24.16|24.27|749700|23.25
2009-05-12|24.29|24.48|23.96|24.30|802400|23.28
2009-05-11|24.73|24.73|24.16|24.19|761000|23.17
2009-05-08|25.04|25.07|24.33|24.84|1302900|23.79
2009-05-07|25.98|25.98|24.54|24.70|870200|23.66
2009-05-06|25.43|25.80|25.08|25.80|1099000|24.71
2009-05-05|25.06|25.34|24.91|25.34|457400|24.27
2009-05-04|24.66|25.15|24.41|25.05|623500|24.00
2009-05-01|24.27|24.64|24.01|24.41|627600|23.38
2009-04-30|24.87|25.12|24.26|24.29|812600|23.27
2009-04-29|24.38|24.79|24.07|24.51|623800|23.48
2009-04-28|23.97|24.49|23.84|23.93|608000|22.92
2009-04-27|24.53|24.84|24.03|24.23|656900|23.21
2009-04-24|24.77|24.95|24.59|24.67|588600|23.63
2009-04-23|24.23|24.74|24.00|24.74|715300|23.70
2009-04-22|24.42|25.11|24.05|24.10|1062300|23.09
2009-04-21|24.44|24.89|24.41|24.86|744300|23.81
2009-04-20|25.10|25.14|24.40|24.62|903100|23.58
2009-04-17|25.62|25.64|25.22|25.43|737100|24.36
2009-04-16|26.02|26.15|25.44|25.67|829200|24.59
2009-04-15|26.01|26.45|25.73|26.05|459900|24.95
2009-04-14|26.76|26.76|26.02|26.12|553300|25.02
2009-04-13|26.74|26.88|26.48|26.77|455200|25.64
2009-04-09|26.90|27.00|26.67|26.82|927500|25.69
2009-04-08|26.06|26.37|25.84|26.33|508700|25.22
2009-04-07|26.08|26.33|25.86|26.16|556300|25.06
2009-04-06|26.10|26.50|26.04|26.28|434900|25.17
2009-04-03|26.09|26.64|26.09|26.64|490800|25.52
2009-04-02|25.91|26.89|25.91|26.36|758500|25.25
2009-04-01|25.48|25.81|25.13|25.64|906100|24.56
2009-03-31|25.58|25.89|25.02|25.37|724800|24.30
2009-03-30|25.22|25.40|24.83|25.34|745800|24.27
2009-03-27|26.49|26.78|25.69|25.70|578400|24.62
2009-03-26|25.97|27.03|25.88|27.03|1154700|25.89
2009-03-25|26.06|26.39|25.36|26.02|764600|24.93
2009-03-24|26.47|26.69|26.04|26.05|688700|24.95
2009-03-23|25.78|26.63|25.25|26.63|762700|25.51
2009-03-20|25.79|26.04|25.02|25.18|704600|24.12
2009-03-19|26.21|26.25|25.58|25.88|459700|24.79
2009-03-18|25.15|26.17|25.00|26.06|1300600|24.96
2009-03-17|24.75|25.16|24.51|25.15|1201000|24.09
2009-03-16|24.95|25.19|24.63|24.70|1114100|23.66
2009-03-13|24.74|24.93|24.28|24.75|930300|23.71
2009-03-12|24.05|25.00|23.64|24.89|1280900|23.84
2009-03-11|23.86|24.16|23.67|23.92|835200|22.91
2009-03-10|22.89|23.80|22.81|23.67|719800|22.67
2009-03-09|22.42|22.93|22.33|22.46|780700|21.51
2009-03-06|22.68|23.06|22.44|23.05|885800|22.08
2009-03-05|23.01|23.44|22.52|22.65|853800|21.70
2009-03-04|23.12|23.82|22.95|23.57|994100|22.58
2009-03-03|23.34|23.81|22.93|22.96|1277700|21.99
2009-03-02|23.17|23.66|23.01|23.30|1624900|22.32
2009-02-27|23.52|24.00|22.86|23.60|1488400|22.61
2009-02-26|24.66|24.66|23.86|23.87|1386800|22.79
2009-02-25|24.50|24.90|24.24|24.53|1198400|23.42
2009-02-24|24.23|24.74|23.91|24.67|1289200|23.55
2009-02-23|25.00|25.00|23.79|24.06|1496300|22.97
2009-02-20|24.46|25.25|22.78|24.68|3335700|23.56
2009-02-19|22.70|22.84|22.45|22.66|1332200|21.63
2009-02-18|22.84|22.90|22.20|22.40|924100|21.39
2009-02-17|22.68|23.02|22.53|22.71|982000|21.68
2009-02-13|23.50|23.94|23.06|23.70|1180100|22.63
2009-02-12|23.03|23.42|22.65|23.40|1238500|22.34
2009-02-11|23.57|23.82|22.98|23.14|863600|22.09
2009-02-10|24.45|24.57|23.59|23.72|648300|22.65
2009-02-09|24.60|24.71|24.20|24.66|386000|23.54
2009-02-06|24.07|24.75|23.91|24.49|832700|23.38
2009-02-05|24.19|24.42|24.03|24.18|1048200|23.08
2009-02-04|24.45|24.73|24.11|24.24|753500|23.14
2009-02-03|24.54|24.74|24.07|24.40|682300|23.29
2009-02-02|24.20|24.68|23.92|24.43|679000|23.32
2009-01-30|25.02|25.09|24.25|24.57|555100|23.46
2009-01-29|25.55|25.78|24.96|25.16|480900|24.02
2009-01-28|25.85|26.14|25.51|25.69|658400|24.53
2009-01-27|25.09|25.54|24.83|25.42|540700|24.27
2009-01-26|24.46|25.43|24.46|25.25|816400|24.11
2009-01-23|24.20|24.96|23.94|24.67|794000|23.55
2009-01-22|23.88|24.76|23.83|24.60|996300|23.49
2009-01-21|23.91|24.22|23.39|24.13|740900|23.04
2009-01-20|24.60|24.68|23.74|24.00|1046200|22.91
2009-01-16|24.95|25.27|24.48|24.93|824100|23.80
2009-01-15|24.15|24.85|23.91|24.62|733900|23.51
2009-01-14|24.55|24.85|23.98|24.14|889800|23.05
2009-01-13|25.07|25.66|24.75|25.09|761600|23.95
2009-01-12|25.20|25.63|25.09|25.54|591900|24.38
2009-01-09|26.30|26.48|25.39|25.47|895600|24.32
2009-01-08|26.66|26.67|26.06|26.63|492200|25.42
2009-01-07|27.16|27.20|26.40|26.79|733800|25.58
2009-01-06|28.57|28.59|27.58|27.94|798100|26.67
2009-01-05|28.99|29.15|28.23|28.36|573400|27.08
2009-01-02|28.74|29.01|28.27|28.92|607000|27.61
2008-12-31|27.95|28.97|27.94|28.84|646500|27.53
2008-12-30|27.33|28.00|27.24|27.87|520600|26.61
2008-12-29|27.70|27.70|27.08|27.21|486100|25.98
2008-12-26|27.34|27.59|27.29|27.54|118400|26.29
2008-12-24|27.40|27.40|27.13|27.34|193800|26.10
2008-12-23|26.85|27.52|26.85|27.25|569500|26.02
2008-12-22|27.24|27.39|26.53|27.02|655300|25.80
2008-12-19|26.70|27.42|26.63|26.87|700600|25.65
2008-12-18|27.35|27.37|26.38|26.85|855500|25.63
2008-12-17|27.11|27.73|26.84|27.50|780800|26.25
2008-12-16|25.43|27.49|25.43|27.41|920800|26.17
2008-12-15|25.46|25.88|25.03|25.67|830200|24.51
2008-12-12|25.10|25.81|24.95|25.42|699000|24.27
2008-12-11|26.15|26.24|25.25|25.55|702600|24.39
2008-12-10|25.68|25.86|25.22|25.77|705300|24.60
2008-12-09|25.86|26.00|25.05|25.18|1099600|24.04
2008-12-08|25.33|26.73|25.14|26.40|1594500|25.20
2008-12-05|23.20|24.58|22.82|24.46|1047900|23.35
2008-12-04|23.80|24.89|23.38|23.61|986900|22.54
2008-12-03|23.20|24.25|23.20|24.18|1738300|23.08
2008-12-02|24.35|24.35|23.43|23.71|954900|22.64
2008-12-01|24.82|25.83|23.97|24.07|1169200|22.98
2008-11-28|24.55|24.93|24.09|24.89|433600|23.76
2008-11-26|23.48|24.98|23.31|24.82|719700|23.70
2008-11-25|23.05|23.98|22.69|23.80|1116700|22.72
2008-11-24|21.20|22.97|21.20|22.68|795600|21.65
2008-11-21|20.61|21.24|20.04|21.19|1279600|20.23
2008-11-20|20.81|21.44|20.44|20.57|1276800|19.64
2008-11-19|21.89|22.63|21.34|21.48|849600|20.51
2008-11-18|21.89|22.64|21.77|22.40|723600|21.39
2008-11-17|21.99|22.38|21.81|21.90|762300|20.82
2008-11-14|23.00|23.23|22.27|22.33|714700|21.23
2008-11-13|22.24|23.39|21.06|23.36|933700|22.21
2008-11-12|22.88|22.97|21.45|21.61|1333400|20.55
2008-11-11|24.25|24.33|22.95|23.24|1263100|22.10
2008-11-10|24.88|25.45|24.14|24.30|685200|23.10
2008-11-07|24.60|25.66|24.60|25.46|629600|24.21
2008-11-06|25.62|25.66|24.56|24.63|1089800|23.42
2008-11-05|26.00|26.51|25.21|25.23|848000|23.99
2008-11-04|25.86|26.58|25.60|26.57|562700|25.26
2008-11-03|25.14|25.75|24.96|25.46|460800|24.21
2008-10-31|23.96|25.30|23.96|25.17|695800|23.93
2008-10-30|23.74|24.10|23.26|24.00|711400|22.82
2008-10-29|22.02|23.78|21.95|23.20|951900|22.06
2008-10-28|21.83|22.15|21.44|22.12|926500|21.03
2008-10-27|21.45|22.09|21.40|21.49|1053000|20.43
2008-10-24|22.46|22.51|21.81|21.96|872500|20.88
2008-10-23|22.39|22.80|21.96|22.80|1551000|21.68
2008-10-22|23.06|23.26|22.42|22.73|832700|21.61
2008-10-21|23.86|24.23|23.56|23.69|602000|22.52
2008-10-20|24.18|24.64|23.83|24.45|485400|23.25
2008-10-17|23.80|24.48|23.50|24.09|906700|22.90
2008-10-16|23.60|24.42|23.00|24.16|935000|22.97
2008-10-15|24.70|24.70|23.48|23.48|760400|22.32
2008-10-14|25.50|27.96|24.02|24.70|713400|23.48
2008-10-13|24.19|25.46|24.19|25.01|187400|23.78
2008-10-10|22.71|24.04|22.49|23.63|1323700|22.47
2008-10-09|25.45|25.70|23.57|23.82|600800|22.65
2008-10-08|25.40|26.45|25.27|25.46|954200|24.21
2008-10-07|26.32|26.71|25.69|25.87|784000|24.60
2008-10-06|26.91|27.09|25.33|26.65|832100|25.34
2008-10-03|27.99|28.10|27.35|27.57|748700|26.21
2008-10-02|28.46|28.65|27.31|27.34|630400|25.99
2008-10-01|29.64|29.91|28.35|28.60|773300|27.19
2008-09-30|29.91|29.98|28.89|29.63|535900|28.17
2008-09-29|30.43|30.94|29.04|29.61|495200|28.15
2008-09-26|30.11|30.87|29.66|30.81|551400|29.29
2008-09-25|30.44|30.54|29.77|30.07|458100|28.59
2008-09-24|30.95|30.97|29.96|29.97|454600|28.50
2008-09-23|31.34|31.35|30.79|30.90|464800|29.38
2008-09-22|30.92|31.29|30.55|30.90|543300|29.38
2008-09-19|31.49|31.75|30.85|30.98|798400|29.46
2008-09-18|29.62|32.00|29.37|31.72|1333300|30.16
2008-09-17|29.67|29.94|29.21|29.44|597500|27.99
2008-09-16|29.71|30.65|29.45|30.08|804700|28.60
2008-09-15|30.04|30.91|29.44|30.47|597700|28.97
2008-09-12|31.54|31.85|30.74|31.06|620200|29.53
2008-09-11|30.57|32.13|30.57|32.10|653800|30.52
2008-09-10|30.58|31.36|30.43|31.24|625100|29.70
2008-09-09|30.50|30.97|30.36|30.38|634400|28.88
2008-09-08|31.02|31.26|30.16|30.69|644900|29.18
2008-09-05|30.87|31.07|30.25|30.72|477700|29.21
2008-09-04|31.21|31.73|30.75|30.82|412000|29.30
2008-09-03|31.11|31.47|30.75|31.33|805200|29.79
2008-09-02|31.47|32.24|31.22|31.27|591300|29.73
2008-08-29|31.78|32.08|31.20|31.46|487700|29.91
2008-08-28|31.19|32.11|30.91|32.00|430800|30.43
2008-08-27|30.92|31.41|30.74|31.35|402200|29.81
2008-08-26|31.23|31.30|30.78|31.02|586600|29.49
2008-08-25|31.76|31.76|31.24|31.39|434300|29.85
2008-08-22|31.90|31.92|31.19|31.83|479600|30.26
2008-08-21|31.28|31.86|31.14|31.68|474600|30.12
2008-08-20|31.33|31.63|30.91|31.44|509000|29.89
2008-08-19|31.57|31.69|31.02|31.43|599800|29.88
2008-08-18|31.71|31.99|31.47|31.56|381400|30.01
2008-08-15|31.73|31.98|31.36|31.89|513700|30.32
2008-08-14|30.93|31.88|30.87|31.56|610600|30.01
2008-08-13|30.89|31.30|30.71|31.20|584500|29.58
2008-08-12|31.44|31.60|30.72|31.51|759100|29.88
2008-08-11|30.41|31.47|30.41|31.46|1077000|29.83
2008-08-08|29.35|30.91|29.22|30.50|1383200|28.92
2008-08-07|28.20|30.12|27.68|29.45|2094500|27.93
2008-08-06|28.15|28.61|27.85|28.46|691800|26.99
2008-08-05|27.15|28.38|27.01|28.34|747900|26.87
2008-08-04|27.22|27.22|26.34|27.18|523000|25.77
2008-08-01|27.36|27.52|26.97|27.35|494700|25.93
2008-07-31|27.33|27.33|27.05|27.19|494000|25.78
2008-07-30|27.39|27.55|26.99|27.22|361500|25.81
2008-07-29|26.92|27.23|26.90|27.09|698100|25.69
2008-07-28|27.02|27.23|26.68|26.79|393100|25.40
2008-07-25|28.06|28.26|27.18|27.27|502500|25.86
2008-07-24|28.59|28.65|27.80|27.86|441300|26.42
2008-07-23|28.09|28.58|27.88|28.49|708000|27.02
2008-07-22|27.53|27.93|27.43|27.87|624100|26.43
2008-07-21|28.21|28.24|27.50|27.64|460300|26.21
2008-07-18|27.85|28.27|27.47|28.00|819000|26.55
2008-07-17|28.00|28.66|27.89|28.44|581700|26.97
2008-07-16|26.93|28.03|26.69|27.98|705900|26.53
2008-07-15|27.87|28.08|26.93|27.07|975400|25.67
2008-07-14|28.13|28.13|27.65|27.83|413500|26.39
2008-07-11|28.20|28.37|27.61|27.81|513500|26.37
2008-07-10|28.29|28.94|28.04|28.15|475300|26.69
2008-07-09|28.53|28.94|28.21|28.40|809000|26.93
2008-07-08|28.35|29.08|28.35|28.74|671900|27.25
2008-07-07|27.95|28.42|27.83|28.28|561500|26.82
2008-07-03|28.13|28.23|27.67|27.98|387100|26.53
2008-07-02|28.76|28.97|28.34|28.36|692100|26.89
2008-07-01|28.50|28.67|28.20|28.53|617500|27.05
2008-06-30|28.06|28.93|28.06|28.69|753600|27.20
2008-06-27|28.56|29.20|27.67|28.73|1377900|27.24
2008-06-26|29.92|30.14|29.34|29.65|632900|28.12
2008-06-25|29.62|30.35|29.47|30.16|417900|28.60
2008-06-24|29.55|29.93|29.33|29.38|647300|27.86
2008-06-23|30.31|30.43|29.74|29.84|383600|28.30
2008-06-20|30.81|30.81|30.30|30.38|371100|28.81
2008-06-19|30.86|31.06|30.56|30.87|355400|29.27
2008-06-18|30.83|31.16|30.61|30.84|365800|29.24
2008-06-17|31.40|31.40|30.99|31.05|252900|29.44
2008-06-16|31.56|31.57|30.98|31.28|379200|29.66
2008-06-13|31.06|31.52|30.84|31.10|443300|29.49
2008-06-12|31.09|31.45|31.03|31.20|571600|29.58
2008-06-11|31.10|31.27|30.84|30.91|486500|29.31
2008-06-10|30.69|31.24|30.50|31.13|622200|29.52
2008-06-09|31.40|31.59|30.83|30.91|549100|29.31
2008-06-06|31.94|32.00|31.49|31.50|637300|29.87
2008-06-05|32.22|32.35|32.02|32.18|621400|30.51
2008-06-04|32.49|32.55|32.25|32.27|570400|30.60
2008-06-03|32.68|32.85|32.46|32.73|393600|31.04
2008-06-02|32.84|33.10|32.62|32.72|391100|31.03
2008-05-30|33.32|33.37|32.91|33.19|338000|31.47
2008-05-29|33.42|33.48|33.25|33.30|295700|31.58
2008-05-28|32.96|33.28|32.94|33.11|384300|31.40
2008-05-27|33.26|33.26|32.82|32.85|544500|31.06
2008-05-23|33.20|33.44|32.97|33.33|559200|31.52
2008-05-22|33.28|33.40|33.04|33.15|398500|31.35
2008-05-21|33.08|33.36|33.08|33.15|596800|31.35
2008-05-20|33.05|33.16|32.77|33.02|726400|31.22
2008-05-19|33.12|33.13|32.74|32.79|413200|31.01
2008-05-16|33.50|33.60|33.09|33.14|580300|31.34
2008-05-15|32.71|33.24|32.71|33.24|524800|31.43
2008-05-14|33.00|33.24|32.76|32.81|434700|31.03
2008-05-13|32.54|32.96|32.51|32.89|433200|31.10
2008-05-12|32.53|32.76|32.43|32.58|410200|30.81
2008-05-09|32.37|32.92|32.35|32.55|455300|30.78
2008-05-08|32.43|32.59|32.25|32.54|478600|30.77
2008-05-07|32.71|32.74|32.43|32.51|438500|30.74
2008-05-06|32.25|32.73|32.08|32.61|573000|30.84
2008-05-05|32.16|32.38|32.08|32.33|493900|30.57
2008-05-02|33.00|33.00|32.00|32.05|1131000|30.31
2008-05-01|32.90|33.27|32.47|32.98|1120300|31.19
2008-04-30|34.52|34.89|34.09|34.35|690700|32.48
2008-04-29|34.11|34.31|34.03|34.18|264700|32.32
2008-04-28|33.97|34.17|33.80|34.09|553400|32.24
2008-04-25|33.80|33.89|33.67|33.75|428800|31.91
2008-04-24|33.87|33.94|33.53|33.80|370000|31.96
2008-04-23|34.05|34.12|33.72|33.81|415700|31.97
2008-04-22|33.93|34.22|33.86|34.16|435600|32.30
2008-04-21|34.01|34.25|33.88|34.21|307400|32.35
2008-04-18|34.28|34.41|34.00|34.09|544600|32.24
2008-04-17|34.41|34.41|33.76|33.91|391100|32.07
2008-04-16|34.13|34.61|34.11|34.59|355100|32.71
2008-04-15|33.74|34.02|33.54|33.79|443200|31.95
2008-04-14|33.90|34.17|33.81|33.92|275700|32.07
2008-04-11|34.01|34.27|33.83|34.04|335800|32.19
2008-04-10|34.28|34.49|34.11|34.36|294800|32.49
2008-04-09|34.79|34.86|34.18|34.36|396700|32.49
2008-04-08|34.96|35.09|34.78|34.94|291300|33.04
2008-04-07|35.21|35.40|34.90|35.17|343500|33.26
2008-04-04|35.22|35.62|35.03|35.31|366400|33.39
2008-04-03|35.27|35.54|34.96|35.24|364400|33.32
2008-04-02|34.77|35.62|34.70|35.31|597000|33.39
2008-04-01|34.21|34.85|34.15|34.85|531000|32.95
2008-03-31|33.48|34.10|33.28|34.05|724300|32.20
2008-03-28|34.08|34.11|33.46|33.62|480600|31.79
2008-03-27|34.11|34.40|33.69|33.76|843700|31.92
2008-03-26|34.10|34.17|33.67|33.96|692900|32.11
2008-03-25|33.63|34.39|33.33|34.07|458900|32.22
2008-03-24|33.22|34.00|33.22|33.50|691300|31.68
2008-03-20|33.49|33.59|33.16|33.21|1010900|31.40
2008-03-19|34.27|34.37|33.62|33.62|475900|31.79
2008-03-18|33.92|34.09|33.54|33.97|520000|32.12
2008-03-17|33.55|34.66|33.49|33.68|678300|31.85
2008-03-14|34.63|34.63|33.77|34.55|701400|32.67
2008-03-13|34.49|35.00|34.22|34.61|1047000|32.73
2008-03-12|34.82|35.27|34.72|34.95|573800|33.05
2008-03-11|34.51|34.70|34.04|34.62|499500|32.74
2008-03-10|34.20|34.55|33.76|33.88|519500|32.04
2008-03-07|34.83|34.89|34.12|34.17|749000|32.31
2008-03-06|35.06|35.51|34.65|34.84|413800|32.94
2008-03-05|34.95|35.39|34.90|35.37|474900|33.45
2008-03-04|34.29|34.71|34.03|34.67|566400|32.78
2008-03-03|35.28|35.32|34.14|34.50|595200|32.62
2008-02-29|35.54|35.70|35.09|35.17|406500|33.26
2008-02-28|35.48|35.83|35.45|35.60|353300|33.66
2008-02-27|35.65|35.74|35.26|35.50|381200|33.48
2008-02-26|35.43|35.79|35.19|35.63|724900|33.61
2008-02-25|35.40|35.51|35.03|35.47|440700|33.46
2008-02-22|35.17|35.19|34.38|35.13|543300|33.14
2008-02-21|35.19|35.43|34.71|35.02|532400|33.03
2008-02-20|34.45|35.40|34.45|35.15|823000|33.15
2008-02-19|34.99|35.14|34.68|35.14|567300|33.15
2008-02-15|35.06|35.14|34.57|34.98|423300|32.99
2008-02-14|35.33|35.42|34.71|34.96|454900|32.98
2008-02-13|34.76|35.38|34.59|35.38|521900|33.37
2008-02-12|34.74|34.76|34.20|34.45|333700|32.49
2008-02-11|34.20|34.31|33.86|34.23|509800|32.29
2008-02-08|34.03|34.44|33.77|34.10|525700|32.16
2008-02-07|33.54|34.08|33.32|33.76|627100|31.84
2008-02-06|33.82|33.92|33.30|33.47|326400|31.57
2008-02-05|33.99|34.02|33.46|33.55|348900|31.65
2008-02-04|34.80|34.91|34.00|34.24|411300|32.30
2008-02-01|34.36|35.01|34.27|34.78|534100|32.81
2008-01-31|34.21|34.59|33.87|34.25|924300|32.31
2008-01-30|35.13|35.55|34.50|34.50|345100|32.54
2008-01-29|35.14|35.19|34.72|35.19|315100|33.19
2008-01-28|34.48|34.92|34.29|34.86|350400|32.88
2008-01-25|35.69|35.72|34.68|34.75|443200|32.78
2008-01-24|35.24|35.70|34.81|35.24|527400|33.24
2008-01-23|33.14|34.94|33.11|34.90|561300|32.92
2008-01-22|32.81|33.88|32.36|33.76|736100|31.84
2008-01-18|34.05|35.06|33.96|34.11|988700|32.17
2008-01-17|35.16|35.56|33.71|34.02|677700|32.09
2008-01-16|34.61|35.60|34.42|35.09|1106700|33.10
2008-01-15|36.24|36.41|34.55|34.95|1076800|32.97
2008-01-14|35.51|36.45|35.38|36.43|830600|34.36
2008-01-11|35.80|36.00|35.02|35.36|492100|33.35
2008-01-10|36.33|36.39|35.85|36.29|564000|34.23
2008-01-09|35.09|36.08|34.99|36.08|631300|34.03
2008-01-08|36.11|36.55|35.36|35.43|1017000|33.42
2008-01-07|36.53|36.89|35.96|36.15|775600|34.10
2008-01-04|36.99|37.04|36.36|36.52|373000|34.45
2008-01-03|37.06|37.42|36.97|37.18|322100|35.07
2008-01-02|37.07|37.49|36.92|37.34|360100|35.22
2007-12-31|37.60|37.66|36.85|36.93|199300|34.83
2007-12-28|38.02|38.04|37.57|37.64|200800|35.50
2007-12-27|38.09|38.09|37.47|37.57|203000|35.44
2007-12-26|37.97|38.07|37.68|37.71|128700|35.57
2007-12-24|38.22|38.31|37.91|37.92|105900|35.77
2007-12-21|37.22|37.80|37.22|37.75|444100|35.61
2007-12-20|37.62|38.06|37.11|37.38|567800|35.26
2007-12-19|37.79|38.22|37.10|37.45|589400|35.32
2007-12-18|37.51|38.39|37.51|37.92|483700|35.77
2007-12-17|38.20|38.89|38.17|38.35|492800|36.17
2007-12-14|38.06|38.69|38.05|38.38|286900|36.20
2007-12-13|38.80|38.95|38.15|38.43|328600|36.25
2007-12-12|39.32|39.52|38.61|38.88|377600|36.67
2007-12-11|39.65|39.93|38.96|39.07|411500|36.85
2007-12-10|38.66|39.64|38.66|39.51|240700|37.27
2007-12-07|38.57|38.91|38.57|38.86|287600|36.65
2007-12-06|38.15|38.54|38.03|38.52|261000|36.33
2007-12-05|37.97|38.27|37.95|38.14|224800|35.97
2007-12-04|38.82|38.82|37.97|38.17|300600|36.00
2007-12-03|38.22|39.20|38.22|38.85|389200|36.64
2007-11-30|38.04|38.53|38.04|38.43|546400|36.25
2007-11-29|38.63|38.63|37.78|38.13|436000|35.97
2007-11-28|38.34|39.30|38.34|38.65|355600|36.46
2007-11-27|38.22|38.31|37.51|38.28|382200|36.11
2007-11-26|38.25|38.60|37.86|38.06|268900|35.90
2007-11-23|38.15|38.25|38.01|38.14|112300|35.97
2007-11-21|38.11|38.25|37.68|37.88|374400|35.73
2007-11-20|38.33|38.70|37.97|38.48|289600|36.30
2007-11-19|39.00|39.00|38.21|38.52|416700|36.33
2007-11-16|39.00|39.23|38.68|39.07|353200|36.85
2007-11-15|38.71|39.19|38.28|38.65|404600|36.46
2007-11-14|39.52|39.52|38.61|38.80|465200|36.60
2007-11-13|38.60|39.10|38.41|38.99|688800|36.78
2007-11-12|38.82|39.34|38.46|38.54|461400|36.35
2007-11-09|39.50|39.50|39.00|39.18|497500|36.96
2007-11-08|39.02|39.80|38.85|39.73|682700|37.47
2007-11-07|38.60|39.71|38.60|39.13|624500|36.91
2007-11-06|38.12|38.69|38.12|38.61|432300|36.42
2007-11-05|38.35|38.43|37.54|38.15|684900|35.98
2007-11-02|38.22|38.45|37.46|38.37|820000|36.19
2007-11-01|37.73|37.86|37.42|37.69|454300|35.48
2007-10-31|37.65|38.15|37.49|37.90|798700|35.68
2007-10-30|37.52|37.64|37.17|37.51|398500|35.31
2007-10-29|37.64|37.66|37.23|37.55|569400|35.35
2007-10-26|38.00|38.08|37.17|37.35|556100|35.16
2007-10-25|37.69|37.75|37.20|37.50|281500|35.30
2007-10-24|37.55|37.77|36.94|37.77|560200|35.56
2007-10-23|36.97|37.55|36.80|37.55|553600|35.35
2007-10-22|35.89|36.46|35.73|36.40|361100|34.27
2007-10-19|37.08|37.21|36.76|36.91|244300|34.75
2007-10-18|36.52|36.90|36.46|36.67|246200|34.52
2007-10-17|36.51|36.71|36.46|36.54|215000|34.40
2007-10-16|36.50|36.59|36.22|36.43|244900|34.30
2007-10-15|36.76|36.77|36.48|36.64|290900|34.49
2007-10-12|36.68|36.89|36.62|36.82|252000|34.66
2007-10-11|36.83|37.23|36.41|36.74|321200|34.59
2007-10-10|36.45|36.90|36.43|36.76|191000|34.61
2007-10-09|36.75|36.76|36.27|36.52|173600|34.38
2007-10-08|36.78|36.95|36.60|36.87|137300|34.71
2007-10-05|36.23|36.94|36.01|36.75|565700|34.60
2007-10-04|35.82|36.05|35.52|35.88|275900|33.78
2007-10-03|35.40|35.92|35.26|35.52|305400|33.44
2007-10-02|35.53|35.70|35.27|35.62|259200|33.53
2007-10-01|34.96|35.48|34.93|35.44|211100|33.36
2007-09-28|35.00|35.12|34.76|34.85|166800|32.81
2007-09-27|34.87|35.00|34.74|34.90|328600|32.86
2007-09-26|34.32|34.73|34.18|34.64|242200|32.61
2007-09-25|34.61|34.62|34.17|34.25|280200|32.24
2007-09-24|34.30|34.97|34.30|34.86|423100|32.82
2007-09-21|34.46|34.71|34.30|34.32|195900|32.31
2007-09-20|34.33|34.44|34.17|34.43|347600|32.41
2007-09-19|34.53|34.85|34.08|34.14|318400|32.14
2007-09-18|33.46|34.42|33.46|34.42|444900|32.40
2007-09-17|33.88|34.00|33.30|33.32|493200|31.37
2007-09-14|33.16|33.91|33.16|33.84|259100|31.86
2007-09-13|33.48|33.62|33.14|33.23|427400|31.28
2007-09-12|33.32|33.38|32.83|33.13|403200|31.19
2007-09-11|33.21|33.42|33.04|33.42|321300|31.46
2007-09-10|33.30|33.45|32.80|32.90|342900|30.97
2007-09-07|33.17|33.52|33.00|33.32|226700|31.37
2007-09-06|33.41|33.51|32.94|33.34|181900|31.39
2007-09-05|33.22|33.55|32.97|33.42|253700|31.46
2007-09-04|33.24|33.77|33.11|33.41|433700|31.45
2007-08-31|32.85|33.14|32.66|33.11|245400|31.17
2007-08-30|32.57|32.91|32.49|32.65|254300|30.74
2007-08-29|32.21|32.86|32.15|32.84|232200|30.92
2007-08-28|32.38|32.38|31.99|31.99|303600|30.12
2007-08-27|32.45|32.78|32.45|32.64|178000|30.73
2007-08-24|32.41|32.77|32.28|32.58|171700|30.67
2007-08-23|32.33|32.49|32.17|32.27|312300|30.38
2007-08-22|32.36|32.50|31.99|31.99|260200|30.12
2007-08-21|32.07|32.34|31.81|32.30|298400|30.41
2007-08-20|32.28|32.43|32.09|32.25|209500|30.36
2007-08-17|33.09|33.23|31.77|32.14|358800|30.26
2007-08-16|31.31|32.37|31.18|32.16|377700|30.28
2007-08-15|32.11|32.99|31.98|32.42|332300|30.52
2007-08-14|33.11|33.19|32.30|32.38|324700|30.48
2007-08-13|33.49|33.50|32.71|33.21|360500|31.26
2007-08-10|33.25|34.32|32.48|33.33|743000|31.31
2007-08-09|33.00|34.30|32.54|34.09|1134700|32.03
2007-08-08|33.29|34.14|33.29|34.04|862900|31.98
2007-08-07|32.23|33.24|32.18|33.20|512700|31.19
2007-08-06|31.54|32.43|31.45|32.33|387400|30.38
2007-08-03|31.33|31.95|30.91|31.49|543900|29.59
2007-08-02|31.53|31.89|31.34|31.72|329000|29.80
2007-08-01|31.18|31.38|30.52|31.29|341500|29.40
2007-07-31|31.50|31.50|30.87|30.87|276000|29.00
2007-07-30|31.00|31.13|30.72|30.85|256500|28.98
2007-07-27|30.83|31.48|30.61|31.04|421300|29.16
2007-07-26|31.64|31.64|30.54|30.83|424000|28.97
2007-07-25|32.06|32.23|31.67|32.01|364300|30.07
2007-07-24|32.54|32.63|31.89|31.97|682300|30.04
2007-07-23|32.41|32.71|32.35|32.57|302800|30.60
2007-07-20|32.65|32.77|32.30|32.45|241700|30.49
2007-07-19|32.70|32.73|32.50|32.62|291100|30.65
2007-07-18|32.48|32.59|32.16|32.48|440500|30.52
2007-07-17|32.17|32.55|32.12|32.39|386500|30.43
2007-07-16|32.14|32.26|31.94|32.16|309500|30.22
2007-07-13|31.81|32.04|31.66|32.03|197400|30.09
2007-07-12|31.41|31.82|31.27|31.71|359700|29.79
2007-07-11|31.21|31.46|31.05|31.21|376500|29.32
2007-07-10|31.08|31.45|31.08|31.40|411900|29.50
2007-07-09|31.38|31.44|31.10|31.14|621500|29.26
2007-07-06|31.49|31.51|31.18|31.24|638500|29.35
2007-07-05|31.47|31.47|31.12|31.25|756600|29.36
2007-07-03|30.81|30.90|30.76|30.80|218100|28.94
2007-07-02|30.82|30.90|30.15|30.57|277400|28.72
2007-06-29|30.70|30.84|30.60|30.75|387100|28.89
2007-06-28|30.91|30.92|30.68|30.69|488400|28.83
2007-06-27|30.74|30.78|30.34|30.50|422000|28.66
2007-06-26|30.77|30.90|30.62|30.74|328200|28.88
2007-06-25|30.48|30.80|30.34|30.62|429000|28.77
2007-06-22|30.67|30.75|30.48|30.60|543900|28.75
2007-06-21|30.91|30.97|30.54|30.58|484500|28.73
2007-06-20|31.00|31.15|30.91|30.97|690600|29.10
2007-06-19|31.01|31.13|30.80|31.03|401300|29.15
2007-06-18|31.57|31.60|30.95|31.00|938300|29.13
2007-06-15|32.06|32.16|31.55|31.59|560900|29.68
2007-06-14|32.00|32.25|31.81|31.84|668200|29.91
2007-06-13|31.18|31.64|31.18|31.64|213700|29.73
2007-06-12|31.49|31.49|31.00|31.05|251900|29.17
2007-06-11|31.29|31.65|31.29|31.63|589400|29.72
2007-06-08|31.03|31.26|30.88|31.25|263400|29.36
2007-06-07|31.05|31.46|30.83|31.24|337400|29.35
2007-06-06|31.30|31.35|30.82|31.18|313300|29.29
2007-06-05|31.52|31.70|31.29|31.32|171300|29.43
2007-06-04|31.49|31.60|31.21|31.60|280400|29.69
2007-06-01|31.27|31.77|31.13|31.63|407900|29.72
2007-05-31|31.18|31.41|31.04|31.13|865500|29.25
2007-05-30|31.52|31.52|31.05|31.15|488700|29.27
2007-05-29|32.01|32.04|31.53|31.56|332800|29.65
2007-05-25|31.75|32.00|31.69|31.83|267700|29.91
2007-05-24|31.85|31.93|31.62|31.68|253600|29.76
2007-05-23|31.87|31.90|31.66|31.89|156200|29.96
2007-05-22|31.75|31.84|31.74|31.78|155800|29.86
2007-05-21|31.69|31.79|31.49|31.60|85900|29.69
2007-05-18|31.54|31.79|31.54|31.64|177600|29.73
2007-05-17|31.45|31.56|31.43|31.45|153000|29.55
2007-05-16|31.46|31.48|31.15|31.29|222700|29.40
2007-05-15|31.44|31.55|31.30|31.42|281100|29.52
2007-05-14|31.36|31.65|31.31|31.31|262300|29.42
2007-05-11|31.25|31.30|31.19|31.29|291200|29.40
2007-05-10|31.42|31.57|31.19|31.25|301400|29.36
2007-05-09|31.51|31.65|31.44|31.55|369200|29.58
2007-05-08|31.56|31.68|31.53|31.63|262600|29.66
2007-05-07|31.58|31.70|31.50|31.55|480500|29.58
2007-05-04|31.59|31.70|31.15|31.53|1197700|29.56
2007-05-03|31.87|32.04|31.71|32.00|454800|30.01
2007-05-02|31.77|32.10|31.64|31.71|354200|29.73
2007-05-01|31.70|31.89|31.50|31.85|565700|29.86
2007-04-30|32.11|32.11|31.53|31.53|430500|29.56
2007-04-27|32.07|32.10|31.90|31.97|194600|29.98
2007-04-26|32.00|32.29|32.00|32.10|428200|30.10
2007-04-25|32.32|32.50|32.17|32.17|379800|30.16
2007-04-24|32.42|32.46|32.13|32.14|387100|30.14
2007-04-23|32.30|32.66|32.29|32.46|481500|30.44
2007-04-20|32.33|32.49|32.25|32.46|316200|30.44
2007-04-19|32.64|32.64|31.96|32.12|382600|30.12
2007-04-18|31.60|32.26|31.60|32.25|436200|30.24
2007-04-17|31.62|31.76|31.54|31.61|256500|29.64
2007-04-16|31.41|31.86|31.33|31.62|491900|29.65
2007-04-13|31.07|31.26|31.01|31.26|324000|29.31
2007-04-12|30.69|31.05|30.50|31.02|464900|29.09
2007-04-11|30.46|30.65|30.34|30.46|361100|28.56
2007-04-10|30.54|30.60|30.40|30.47|316400|28.57
2007-04-09|30.52|30.57|30.28|30.38|659200|28.49
2007-04-05|30.85|30.85|30.41|30.44|362800|28.54
2007-04-04|30.57|30.72|30.33|30.43|317900|28.53
2007-04-03|30.40|30.68|30.35|30.53|473400|28.63
2007-04-02|30.44|30.61|30.20|30.39|339300|28.50
2007-03-30|30.71|30.83|30.39|30.42|368900|28.52
2007-03-29|30.18|30.53|29.95|30.50|406200|28.60
2007-03-28|30.02|30.38|29.82|30.14|357700|28.26
2007-03-27|30.38|30.45|30.07|30.12|364200|28.24
2007-03-26|30.39|30.50|30.24|30.34|258900|28.45
2007-03-23|30.40|30.40|30.18|30.21|389500|28.33
2007-03-22|30.45|30.81|30.25|30.50|494500|28.60
2007-03-21|30.00|30.48|29.92|30.45|403200|28.55
2007-03-20|30.23|30.23|29.84|29.92|375600|28.05
2007-03-19|29.56|30.03|29.56|29.98|382300|28.11
2007-03-16|29.89|30.04|29.47|29.60|511100|27.75
2007-03-15|29.75|30.04|29.71|29.90|651200|28.04
2007-03-14|29.63|29.74|28.89|29.74|676800|27.89
2007-03-13|30.06|30.06|29.54|29.70|334200|27.85
2007-03-12|30.03|30.14|29.86|30.00|284800|28.13
2007-03-09|30.03|30.18|29.79|29.97|571300|28.10
2007-03-08|29.73|29.91|29.68|29.78|605800|27.92
2007-03-07|29.85|30.05|29.63|29.71|397000|27.86
2007-03-06|29.96|30.19|29.68|29.75|414400|27.90
2007-03-05|29.58|29.89|29.50|29.50|357600|27.66
2007-03-02|30.20|30.48|29.84|29.91|627900|28.05
2007-03-01|29.70|30.53|29.49|30.39|813700|28.50
2007-02-28|30.08|30.23|29.88|30.07|671400|28.20
2007-02-27|30.88|30.90|29.50|30.00|1123200|28.13
2007-02-26|30.84|31.13|30.83|31.03|410000|29.10
2007-02-23|30.98|31.05|30.70|30.85|241200|28.93
2007-02-22|31.17|31.17|30.75|30.82|228800|28.90
2007-02-21|31.10|31.25|30.89|31.12|313400|29.18
2007-02-20|31.20|31.62|30.73|30.96|934500|29.03
2007-02-16|31.34|31.36|31.05|31.17|424300|29.17
2007-02-15|31.18|31.37|30.95|31.21|559300|29.21
2007-02-14|30.50|31.05|30.50|31.04|357400|29.05
2007-02-13|30.30|30.69|30.24|30.45|580500|28.50
2007-02-12|30.90|30.95|30.23|30.31|699700|28.37
2007-02-09|31.26|31.36|30.75|30.83|526600|28.85
2007-02-08|31.39|31.39|31.08|31.13|803400|29.13
2007-02-07|31.75|31.91|31.20|31.38|1121900|29.37
2007-02-06|31.35|31.65|31.30|31.35|551500|29.34
2007-02-05|31.01|31.31|30.93|31.25|754400|29.25
2007-02-02|31.04|31.29|30.85|30.88|478100|28.90
2007-02-01|30.98|31.06|30.91|30.98|391300|28.99
2007-01-31|30.92|31.01|30.68|31.00|204800|29.01
2007-01-30|31.00|31.04|30.86|31.00|628600|29.01
2007-01-29|30.70|31.04|30.68|30.98|421400|28.99
2007-01-26|31.28|31.28|30.47|30.60|291400|28.64
2007-01-25|31.05|31.35|30.72|30.95|367400|28.96
2007-01-24|30.97|31.52|30.95|31.25|563100|29.25
2007-01-23|30.73|31.04|30.68|30.97|479000|28.98
2007-01-22|31.05|31.25|30.69|30.83|290200|28.85
2007-01-19|31.08|31.28|30.84|31.03|343800|29.04
2007-01-18|31.87|31.87|30.95|31.13|365900|29.13
2007-01-17|31.24|31.98|31.24|31.87|539700|29.83
2007-01-16|30.92|31.35|30.78|31.29|493300|29.28
2007-01-12|31.31|31.44|30.77|30.98|627600|28.99
2007-01-11|30.92|31.17|30.89|30.98|654700|28.99
2007-01-10|31.02|31.09|30.83|31.00|460300|29.01
2007-01-09|30.89|31.13|30.80|31.04|760300|29.05
2007-01-08|31.03|31.27|30.84|31.01|1549100|29.02
2007-01-05|29.44|31.31|29.44|31.31|2111800|29.30
2007-01-04|28.71|29.40|28.65|29.31|3980200|27.43
2007-01-03|29.04|29.30|28.58|28.78|449100|26.93
2006-12-29|28.99|29.20|28.79|28.96|221700|27.10
2006-12-28|28.73|29.12|28.71|29.02|360500|27.16
2006-12-27|29.12|29.15|28.91|29.01|287700|27.15
2006-12-26|29.07|29.23|28.94|29.15|113100|27.28
2006-12-22|29.04|29.41|29.04|29.15|243100|27.28
2006-12-21|29.30|29.43|29.13|29.14|316500|27.27
2006-12-20|29.04|29.61|28.98|29.29|412200|27.41
2006-12-19|29.14|29.17|28.97|29.01|603200|27.15
2006-12-18|29.59|29.60|29.32|29.39|357900|27.50
2006-12-15|29.72|29.74|29.27|29.33|374300|27.45
2006-12-14|29.65|29.76|29.61|29.72|239300|27.81
2006-12-13|29.21|29.96|29.21|29.70|1070200|27.80
2006-12-12|29.75|29.75|29.10|29.27|784800|27.39
2006-12-11|29.60|30.02|29.60|29.95|2224500|28.03
2006-12-08|30.00|30.27|29.59|29.68|619300|27.78
2006-12-07|30.50|30.51|29.95|30.13|464500|28.20
2006-12-06|30.47|30.53|30.38|30.46|286300|28.51
2006-12-05|30.41|30.60|30.37|30.40|513100|28.45
2006-12-04|30.51|30.99|30.27|30.30|828400|28.36
2006-12-01|30.83|30.84|30.30|30.53|463400|28.57
2006-11-30|30.58|30.94|30.50|30.88|405600|28.90
2006-11-29|30.67|30.90|30.50|30.64|822500|28.67
2006-11-28|29.81|30.63|29.68|30.50|1099400|28.54
2006-11-27|30.55|30.60|29.73|29.98|640700|28.06
2006-11-24|30.30|30.59|30.17|30.45|203100|28.50
2006-11-22|30.00|30.35|29.85|30.21|534800|28.27
2006-11-21|29.77|30.00|29.59|29.85|1022300|27.94
2006-11-20|29.42|29.77|29.34|29.59|906500|27.69
2006-11-17|29.52|29.58|29.28|29.58|553200|27.68
2006-11-16|29.90|29.99|29.22|29.58|1055900|27.68
2006-11-15|29.89|30.06|29.65|29.75|1114000|27.84
2006-11-14|30.00|30.05|29.78|29.86|874400|27.94
2006-11-13|29.66|29.87|29.51|29.86|416200|27.94
2006-11-10|29.76|30.04|29.71|29.72|486500|27.81
2006-11-09|30.00|30.19|29.65|29.81|663300|27.90
2006-11-08|29.46|30.09|29.40|29.99|921100|28.07
2006-11-07|29.26|29.79|29.15|29.54|1233400|27.65
2006-11-06|28.75|29.25|28.69|29.09|1076000|27.22
2006-11-03|28.75|28.81|28.41|28.62|564200|26.78
2006-11-02|28.47|28.81|28.22|28.71|585000|26.81
2006-11-01|28.70|28.71|28.27|28.48|1390400|26.59
2006-10-31|28.42|29.14|28.42|28.90|1389700|26.99
2006-10-30|28.33|28.43|27.86|28.38|626200|26.50
2006-10-27|28.85|29.34|28.33|28.39|2402700|26.51
2006-10-26|27.71|28.62|27.10|28.29|3096800|26.42
2006-10-25|27.26|27.90|27.25|27.62|2249300|25.79
2006-10-24|27.64|27.79|27.29|27.30|2598000|25.49
2006-10-23|27.67|28.20|27.51|27.70|2168500|25.87
2006-10-20|28.00|28.00|27.68|27.70|1878500|25.87
2006-10-19|27.50|27.82|27.50|27.81|1281600|25.97
2006-10-18|27.56|27.57|27.36|27.45|1904900|25.63
2006-10-17|27.51|27.66|27.26|27.31|1916100|25.50
2006-10-16|27.57|27.76|27.16|27.38|1595100|25.57
2006-10-13|27.46|27.98|27.41|27.56|1089300|25.74
2006-10-12|27.59|27.79|27.41|27.58|3056900|25.75
2006-10-11|27.96|28.28|27.52|27.59|3831500|25.76
2006-10-10|27.91|28.16|27.70|28.10|2056400|26.24
2006-10-09|27.63|27.71|27.22|27.31|2345500|25.50
2006-10-06|26.50|28.00|26.33|27.75|4063000|25.91
2006-10-05|26.28|26.95|26.05|26.76|6323100|24.99
2006-10-04|25.72|26.00|25.60|25.99|5396500|24.27
2006-10-03|25.89|26.13|25.72|25.83|5124000|24.12
2006-10-02|26.09|26.12|25.84|25.93|7370500|24.21
2006-09-29|26.32|26.40|26.08|26.30|2053400|24.56
2006-09-28|26.20|26.47|26.15|26.35|1289500|24.61
2006-09-27|25.73|26.40|25.36|26.20|2834900|24.47
2006-09-26|24.89|24.89|24.37|24.72|492200|23.08
2006-09-25|24.91|24.98|24.59|24.92|706900|23.27
2006-09-22|25.05|25.20|24.84|24.90|251600|23.25
2006-09-21|25.45|25.53|25.05|25.05|460100|23.39
2006-09-20|27.50|27.50|25.19|25.35|502600|23.67
2006-09-19|25.48|25.67|25.33|25.54|302200|23.85
2006-09-18|25.76|25.76|25.51|25.58|188200|23.89
2006-09-15|25.60|25.72|25.22|25.66|594600|23.96
2006-09-14|25.88|25.88|25.46|25.68|484300|23.98
2006-09-13|26.00|26.35|25.83|25.87|531900|24.16
2006-09-12|25.82|25.99|25.76|25.92|504800|24.20
2006-09-11|25.93|25.93|25.71|25.82|945800|24.11
2006-09-08|26.10|26.19|25.86|25.94|359100|24.22
2006-09-07|26.58|26.59|26.17|26.27|374500|24.53
2006-09-06|26.70|26.85|26.54|26.65|1005000|24.89
2006-09-05|27.03|27.03|26.58|26.59|870700|24.83
2006-09-01|26.01|27.16|26.01|27.03|698800|25.24
2006-08-31|25.86|26.04|25.77|26.01|167400|24.29
2006-08-30|26.00|26.13|25.00|25.83|245900|24.12
2006-08-29|25.77|26.16|25.76|26.16|173100|24.43
2006-08-28|25.73|25.87|25.66|25.77|257400|24.06
2006-08-25|25.71|25.88|25.64|25.73|202600|24.03
2006-08-24|25.86|25.86|25.56|25.72|296100|24.02
2006-08-23|25.60|25.86|25.60|25.86|832000|24.15
2006-08-22|25.75|25.75|25.41|25.58|283300|23.89
2006-08-21|25.98|26.00|25.55|25.60|268900|23.91
2006-08-18|25.54|26.00|25.34|25.91|215600|24.19
2006-08-17|24.76|25.50|24.74|25.41|699300|23.73
2006-08-16|24.41|24.81|24.41|24.81|215100|23.17
2006-08-15|24.21|24.51|24.20|24.41|393500|22.79
2006-08-14|24.00|24.24|23.97|24.22|122000|22.62
2006-08-11|24.09|24.09|23.94|23.97|152400|22.38
2006-08-10|23.79|24.10|23.79|24.09|262500|22.50
2006-08-09|24.29|24.39|23.84|23.94|741000|22.36
2006-08-08|24.43|24.77|24.21|24.29|238400|22.68
2006-08-07|24.59|24.71|24.32|24.70|371700|23.01
2006-08-04|24.46|24.88|24.46|24.69|346800|23.00
2006-08-03|24.45|24.70|24.45|24.55|821500|22.87
2006-08-02|24.49|24.66|24.36|24.47|492000|22.79
2006-08-01|24.85|24.86|24.38|24.50|976400|22.82
2006-07-31|25.04|25.43|24.89|24.94|421900|23.23
2006-07-28|25.10|25.50|24.96|25.01|528600|23.30
2006-07-27|25.25|25.60|24.76|24.85|453100|23.15
2006-07-26|24.77|25.41|24.74|25.10|482200|23.38
2006-07-25|24.44|24.83|24.37|24.68|313800|22.99
2006-07-24|24.30|24.46|24.24|24.38|98700|22.71
2006-07-21|24.75|24.77|24.52|24.54|91700|22.86
2006-07-20|24.83|25.06|24.74|24.83|216500|23.13
2006-07-19|24.34|25.12|24.31|25.00|233500|23.29
2006-07-18|24.82|24.84|24.44|24.54|382700|22.86
2006-07-17|24.88|24.92|24.78|24.81|210400|23.11
2006-07-14|25.05|25.20|24.84|24.90|579700|23.19
2006-07-13|25.45|25.58|25.00|25.07|193000|23.35
2006-07-12|25.41|25.72|25.37|25.53|253700|23.78
2006-07-11|25.14|25.59|24.95|25.51|450500|23.76
2006-07-10|25.42|25.57|25.13|25.18|420400|23.45
2006-07-07|25.63|25.68|25.41|25.41|551300|23.67
2006-07-06|25.76|25.76|25.58|25.64|580600|23.88
2006-07-05|26.00|26.03|25.43|25.55|907500|23.80
2006-07-03|25.75|25.99|25.64|25.75|223200|23.99
2006-06-30|25.85|26.08|25.69|25.75|1002900|23.99
2006-06-29|25.69|25.88|25.38|25.54|980600|23.79
2006-06-28|26.50|26.63|25.18|25.59|960400|23.84
2006-06-27|27.25|27.48|26.45|26.55|546600|24.73
2006-06-26|27.30|27.52|27.08|27.08|377200|25.22
2006-06-23|27.39|27.40|27.15|27.15|96000|25.29
2006-06-22|27.70|27.70|27.35|27.38|391600|25.50
2006-06-21|27.59|27.91|27.35|27.50|581200|25.62
2006-06-20|27.17|27.50|27.16|27.30|276000|25.43
2006-06-19|27.49|27.50|27.18|27.32|479700|25.45
2006-06-16|27.49|27.49|27.16|27.47|337200|25.59
2006-06-15|26.80|27.44|26.55|27.26|312600|25.39
2006-06-14|26.50|26.69|26.45|26.69|237700|24.86
2006-06-13|26.44|26.64|26.21|26.56|539200|24.74
2006-06-12|26.57|26.65|26.35|26.53|301500|24.71
2006-06-09|26.30|26.72|26.30|26.66|256100|24.83
2006-06-08|26.23|26.23|25.85|26.17|203500|24.38
2006-06-07|26.24|26.32|26.08|26.22|396100|24.42
2006-06-06|26.25|26.28|26.00|26.27|334800|24.47
2006-06-05|26.60|26.60|26.34|26.35|177300|24.54
2006-06-02|26.65|26.74|26.41|26.56|232700|24.74
2006-06-01|26.42|26.70|26.30|26.60|218500|24.78
2006-05-31|26.77|26.77|26.33|26.45|375600|24.64
2006-05-30|26.42|26.51|26.39|26.42|341500|24.61
2006-05-26|26.34|26.37|26.20|26.25|313600|24.45
2006-05-25|26.16|26.32|26.10|26.28|345200|24.48
2006-05-24|26.02|26.20|25.75|25.91|931000|24.13
2006-05-23|26.11|26.20|25.99|25.99|339100|24.21
2006-05-22|26.40|26.47|25.91|26.11|191100|24.32
2006-05-19|26.86|26.91|26.53|26.56|420400|24.74
2006-05-18|27.40|27.41|26.85|26.91|505100|25.07
2006-05-17|27.79|27.79|27.24|27.30|483900|25.43
2006-05-16|27.36|27.57|27.36|27.54|413000|25.65
2006-05-15|27.51|27.54|27.15|27.40|472400|25.52
2006-05-12|28.13|28.15|27.53|27.76|394100|25.86
2006-05-11|28.60|28.66|28.19|28.25|302800|26.31
2006-05-10|28.58|29.04|28.49|28.69|245600|26.72
2006-05-09|28.39|28.78|28.24|28.57|610700|26.61
2006-05-08|28.38|28.56|28.05|28.22|301700|26.29
2006-05-05|28.30|28.57|28.00|28.45|316000|26.50
2006-05-04|28.78|28.78|28.15|28.24|523200|26.30
2006-05-03|28.21|29.08|27.92|28.78|1163600|26.81
2006-05-02|27.70|28.15|27.64|28.15|628500|26.22
2006-05-01|27.36|27.56|27.34|27.54|751400|25.65
2006-04-28|27.84|28.05|27.10|27.15|1388300|25.29
2006-04-27|27.10|28.49|27.00|27.72|1450400|25.82
2006-04-26|26.85|27.15|26.75|27.11|862100|25.25
2006-04-25|26.57|26.87|26.57|26.70|296000|24.87
2006-04-24|26.63|26.64|26.42|26.56|566600|24.74
2006-04-21|26.76|26.90|26.57|26.64|359600|24.81
2006-04-20|26.97|27.01|26.61|26.75|606000|24.92
2006-04-19|26.31|27.26|26.31|26.97|719900|25.12
2006-04-18|26.48|26.60|26.20|26.38|1144300|24.57
2006-04-17|26.70|26.79|26.45|26.48|571300|24.67
2006-04-13|26.49|26.81|26.45|26.55|597600|24.73
2006-04-12|26.81|27.00|26.56|26.58|652000|24.76
2006-04-11|27.10|27.20|26.83|26.84|742400|25.00
2006-04-10|27.75|27.89|27.11|27.14|421400|25.28
2006-04-07|28.25|28.25|27.53|27.65|884500|25.75
2006-04-06|27.24|28.11|27.15|28.07|2142200|26.15
2006-04-05|26.10|26.71|26.10|26.67|841300|24.84
2006-04-04|26.18|26.39|25.99|26.12|789300|24.33
2006-04-03|26.30|26.59|25.89|26.20|1315500|24.40
2006-03-31|26.69|26.85|26.48|26.55|530800|24.73
2006-03-30|27.06|27.20|26.53|26.69|1736700|24.86
2006-03-29|26.35|27.20|26.35|26.86|2657500|25.02
2006-03-28|26.65|26.88|26.06|26.48|3767300|24.67
2006-03-27|28.34|28.40|27.03|27.10|4533800|25.24