Date,Open,High,Low,Close,Volume,Adj Close
2012-05-04,18.82,18.82,18.55,18.55,2500,18.55
2012-05-03,18.82,19.00,18.48,18.66,10000,18.66
2012-05-02,19.49,19.49,18.85,19.25,12000,19.25
2012-05-01,19.25,19.40,19.01,19.39,13800,19.39
2012-04-30,18.82,19.29,18.82,19.13,6500,19.13
2012-04-27,18.46,19.22,18.46,19.17,27200,19.17
2012-04-26,19.00,19.36,18.76,18.77,12700,18.77
2012-04-25,18.73,19.35,18.69,18.90,1700,18.90
2012-04-24,19.08,19.31,18.74,18.74,18000,18.74
2012-04-23,18.99,19.07,18.35,18.94,40300,18.94
2012-04-20,18.99,19.04,18.81,19.00,6400,19.00
2012-04-19,18.80,19.18,18.80,19.05,30700,19.05
2012-04-18,18.78,18.96,18.78,18.90,6600,18.90
2012-04-17,19.43,19.43,18.89,19.00,8400,19.00
2012-04-16,18.85,19.27,18.83,19.27,14200,19.27
2012-04-13,19.21,19.24,18.84,18.98,12900,18.98
2012-04-12,19.00,19.49,19.00,19.21,21700,19.21
2012-04-11,18.87,19.47,18.84,19.15,7900,19.15
2012-04-10,19.30,19.30,18.94,19.01,20500,19.01
2012-04-09,19.31,19.48,19.31,19.36,9500,19.36
2012-04-05,19.28,19.67,19.26,19.32,23900,19.32
2012-04-04,19.71,19.80,19.50,19.65,18400,19.65
2012-04-03,20.19,20.50,20.03,20.20,17400,20.20
2012-04-02,19.87,20.49,19.87,20.41,12700,20.41
2012-03-30,19.94,20.08,19.83,20.07,7000,20.07
2012-03-29,19.60,20.25,19.60,19.87,36200,19.87
2012-03-28,20.17,20.55,20.01,20.01,32100,20.01
2012-03-27,20.88,21.08,20.59,20.94,34800,20.94
2012-03-26,20.90,20.94,20.22,20.59,22700,20.59
2012-03-23,20.01,20.68,19.83,20.65,21900,20.65
2012-03-22,19.52,20.58,19.52,20.31,12000,20.31
2012-03-21,20.66,20.75,20.29,20.66,73100,20.66
2012-03-20,20.40,20.82,19.41,20.68,60400,20.68
2012-03-19,19.53,20.40,19.47,20.32,89700,20.32
2012-03-16,20.10,20.10,19.58,19.65,25100,19.65
2012-03-15,20.33,20.33,20.05,20.12,21800,20.12
2012-03-14,20.64,20.64,20.11,20.29,21700,20.29
2012-03-13,20.26,20.72,20.25,20.70,19200,20.70
2012-03-12,20.40,20.56,20.40,20.48,12000,20.48
2012-03-09,19.98,20.48,19.96,20.32,12600,20.32
2012-03-08,20.34,20.34,19.76,20.17,18000,20.17
2012-03-07,19.76,20.32,19.67,19.90,28000,19.90
2012-03-06,19.64,20.04,19.50,20.01,38800,20.01
2012-03-05,20.57,20.95,20.30,20.39,51500,20.39
2012-03-02,21.10,21.16,20.87,21.08,20000,21.08
2012-03-01,21.26,21.26,20.66,20.82,28000,20.82
2012-02-29,21.33,21.79,20.60,21.27,24800,21.27
2012-02-28,21.85,21.85,21.18,21.54,41100,21.54
2012-02-27,21.51,21.80,21.40,21.44,17200,21.44
2012-02-24,21.74,21.85,21.48,21.83,20800,21.83
2012-02-23,21.95,21.95,21.51,21.83,24200,21.83
2012-02-22,21.05,21.49,21.01,21.49,40700,21.49
2012-02-21,21.21,21.79,20.71,21.00,83400,21.00
2012-02-17,20.97,20.97,20.26,20.43,19400,20.43
2012-02-16,19.97,21.10,19.83,20.72,47600,20.72
2012-02-15,20.00,20.61,20.00,20.29,21400,20.29
2012-02-14,21.02,21.38,19.86,20.00,91400,20.00
2012-02-13,21.00,21.70,21.00,21.46,21100,21.46
2012-02-10,22.43,22.55,21.08,21.26,95200,21.26
2012-02-09,23.47,23.98,23.05,23.07,74400,23.07
2012-02-08,22.50,23.39,22.45,23.24,93400,23.24
2012-02-07,21.74,22.47,21.06,22.32,59600,22.32
2012-02-06,21.57,21.83,21.00,21.72,62800,21.72
2012-02-03,21.80,21.85,21.20,21.28,30100,21.28
2012-02-02,20.82,21.85,20.80,21.51,104400,21.51
2012-02-01,20.56,20.92,20.34,20.74,61600,20.74
2012-01-31,20.17,21.49,20.17,20.56,84200,20.56
2012-01-30,21.10,21.30,20.46,21.03,65900,21.03
2012-01-27,19.65,21.83,19.65,20.58,231900,20.58
2012-01-26,19.89,20.00,19.58,19.99,39800,19.99
2012-01-25,19.00,19.41,18.55,19.38,38600,19.38
2012-01-24,18.50,19.05,18.50,18.86,50100,18.86
2012-01-23,19.20,19.65,19.00,19.18,29400,19.18
2012-01-20,18.95,18.99,18.50,18.89,71600,18.89
2012-01-19,20.83,20.83,18.64,18.80,197600,18.80
2012-01-18,20.63,22.46,20.62,20.95,144100,20.95
2012-01-17,19.16,20.96,19.16,20.40,131800,20.40
2012-01-13,18.11,18.88,17.79,18.73,177600,18.73
2012-01-12,18.49,19.14,17.50,18.58,379500,18.58
2012-01-11,17.16,17.35,17.14,17.25,15300,17.25
2012-01-10,16.90,16.99,16.83,16.87,16000,16.87
2012-01-09,16.29,16.62,16.22,16.55,8700,16.55
2012-01-06,16.44,16.45,16.25,16.28,14700,16.28
2012-01-05,16.29,16.41,16.24,16.40,11300,16.40
2012-01-04,16.47,16.54,16.40,16.50,6300,16.50
2012-01-03,16.31,16.59,16.30,16.48,7700,16.48
2011-12-30,16.02,16.22,16.01,16.12,11000,16.12
2011-12-29,15.67,15.89,15.55,15.89,17600,15.89
2011-12-28,16.25,16.25,15.90,15.90,32500,15.90
2011-12-27,16.58,16.70,16.55,16.60,7500,16.60
2011-12-23,16.56,16.64,16.48,16.50,10900,16.50
2011-12-22,16.44,16.54,16.41,16.46,5700,16.46
2011-12-21,16.50,16.66,16.46,16.57,9800,16.57
2011-12-20,16.59,16.65,16.50,16.57,7400,16.57
2011-12-19,16.37,16.50,16.26,16.31,15800,16.31
2011-12-16,16.45,16.53,16.37,16.43,51100,16.43
2011-12-15,16.37,16.42,16.21,16.41,5300,16.41
2011-12-14,16.73,16.73,16.32,16.47,41500,16.47
2011-12-13,17.43,17.43,17.02,17.02,4900,17.02
2011-12-12,17.24,17.30,17.12,17.26,4600,17.26
2011-12-09,17.56,17.69,17.34,17.69,4900,17.69
2011-12-08,17.40,17.40,17.31,17.34,1700,17.34
2011-12-07,17.73,17.73,17.50,17.71,47100,17.71
2011-12-06,17.62,17.72,17.40,17.72,7500,17.72
2011-12-05,17.84,17.94,17.75,17.77,3600,17.77
2011-12-02,18.09,18.14,17.94,18.01,3400,18.01
2011-12-01,18.12,18.18,17.95,18.13,3400,18.13
2011-11-30,17.94,18.15,17.94,18.15,13100,18.15
2011-11-29,17.83,17.90,17.75,17.81,2100,17.81
2011-11-28,17.96,18.05,17.75,17.87,5800,17.87
2011-11-25,17.88,17.88,17.60,17.60,1900,17.60
2011-11-23,18.39,18.39,17.77,17.88,10900,17.88
2011-11-22,18.10,18.22,18.10,18.13,5800,18.13
2011-11-21,18.40,18.40,17.76,17.95,11400,17.95
2011-11-18,18.43,18.59,18.29,18.43,26900,18.43
2011-11-17,18.65,18.65,18.29,18.39,9000,18.39
2011-11-16,18.86,18.99,18.77,18.81,10900,18.81
2011-11-15,19.01,19.11,19.01,19.06,5000,19.06
2011-11-14,19.20,19.30,19.05,19.07,8400,19.07
2011-11-11,19.03,19.22,18.99,19.20,8800,19.20
2011-11-10,18.95,18.95,18.65,18.82,13300,18.82
2011-11-09,19.55,19.60,18.83,18.93,9100,18.93
2011-11-08,19.72,19.75,19.52,19.56,13600,19.56
2011-11-07,19.81,19.81,19.28,19.30,7600,19.30
2011-11-04,18.90,19.86,18.90,18.99,28000,18.99
2011-11-03,19.09,19.10,18.85,19.10,3700,19.10
2011-11-02,18.62,18.74,18.53,18.57,7100,18.57
2011-11-01,18.12,18.45,18.12,18.45,4100,18.45
2011-10-31,18.81,18.81,18.70,18.70,9100,18.70
2011-10-28,18.99,19.23,18.99,19.07,5800,19.07
2011-10-27,18.81,19.14,18.72,19.06,22400,19.06
2011-10-26,18.48,18.60,18.37,18.58,18700,18.58
2011-10-25,17.88,18.24,17.85,18.17,4800,18.17
2011-10-24,17.91,18.00,17.84,17.95,7100,17.95
2011-10-21,17.49,17.65,17.45,17.50,9900,17.50
2011-10-20,17.34,17.44,17.08,17.35,12100,17.35
2011-10-19,17.89,17.89,17.62,17.62,5100,17.62
2011-10-18,17.79,17.90,17.68,17.79,5100,17.79
2011-10-17,18.28,18.28,18.01,18.07,9700,18.07
2011-10-14,18.03,18.10,18.00,18.03,6300,18.03
2011-10-13,17.68,17.80,17.68,17.80,2200,17.80
2011-10-12,18.02,18.09,17.96,18.05,5300,18.05
2011-10-11,17.59,17.70,17.56,17.70,3800,17.70
2011-10-10,17.66,17.80,17.54,17.69,15000,17.69
2011-10-07,17.85,17.85,17.29,17.35,13600,17.35
2011-10-06,17.35,17.70,17.32,17.62,6800,17.62
2011-10-05,16.71,17.27,16.61,17.16,22000,17.16
2011-10-04,17.33,17.33,16.72,16.89,28200,16.89
2011-10-03,17.50,17.59,17.26,17.48,64600,17.48
2011-09-30,17.65,17.74,17.50,17.64,3600,17.64
2011-09-29,17.91,17.97,17.58,17.83,12000,17.83
2011-09-28,18.09,18.11,17.62,17.67,16600,17.67
2011-09-27,18.44,18.55,18.12,18.13,77700,18.13
2011-09-26,18.17,18.28,17.84,18.10,41600,18.10
2011-09-23,19.09,19.15,18.31,18.67,123700,18.67
2011-09-22,19.96,20.00,19.49,19.73,54400,19.73
2011-09-21,20.79,20.87,20.51,20.51,7300,20.51
2011-09-20,20.55,20.86,20.55,20.80,6200,20.80
2011-09-19,20.99,20.99,20.61,20.68,25700,20.68
2011-09-16,21.00,21.20,20.89,21.02,45500,21.02
2011-09-15,21.02,21.02,20.68,20.84,18900,20.84
2011-09-14,21.12,21.23,21.10,21.12,26200,21.12
2011-09-13,21.26,21.31,21.12,21.15,120900,21.15
2011-09-12,21.32,21.32,20.99,21.21,20700,21.21
2011-09-09,21.52,21.60,21.37,21.41,9100,21.41
2011-09-08,21.66,21.92,21.54,21.82,11000,21.82
2011-09-07,21.45,21.51,21.09,21.36,8900,21.36
2011-09-06,21.81,21.86,21.64,21.77,6300,21.77
2011-09-02,21.85,22.10,21.85,22.03,16900,22.03
2011-09-01,21.68,21.72,21.46,21.62,12300,21.62
2011-08-31,21.57,21.78,21.56,21.65,6900,21.65
2011-08-30,21.55,21.77,21.48,21.72,6200,21.72
2011-08-29,21.41,21.46,21.23,21.35,6800,21.35
2011-08-26,21.47,21.49,21.29,21.36,17300,21.36
2011-08-25,21.06,21.30,21.06,21.30,111700,21.30
2011-08-24,21.70,21.70,20.99,21.16,33100,21.16
2011-08-23,22.29,22.29,21.90,21.91,35000,21.91
2011-08-22,22.06,22.63,22.06,22.40,58500,22.40
2011-08-19,22.01,22.31,21.68,21.68,57400,21.68
2011-08-18,21.50,21.97,21.34,21.97,101200,21.97
2011-08-17,21.53,21.79,21.33,21.50,36200,21.50
2011-08-16,21.21,21.37,21.19,21.25,18900,21.25
2011-08-15,21.00,21.14,20.85,21.08,31800,21.08
2011-08-12,21.01,21.15,20.90,21.01,12500,21.01
2011-08-11,20.85,20.99,20.75,20.94,21800,20.94
2011-08-10,20.44,20.81,20.40,20.65,13800,20.65
2011-08-09,20.30,20.52,20.30,20.41,22700,20.41
2011-08-08,20.20,20.37,19.98,20.02,34200,20.02
2011-08-05,20.06,20.12,19.73,20.06,30800,20.06
2011-08-04,20.57,20.57,20.00,20.19,52700,20.19
2011-08-03,20.87,20.88,20.76,20.83,19400,20.83
2011-08-02,21.06,21.06,20.85,20.91,34800,20.91
2011-08-01,20.96,21.00,20.88,20.90,12200,20.90
2011-07-29,20.87,20.93,20.71,20.76,14300,20.76
2011-07-28,20.90,20.95,20.90,20.90,7400,20.90
2011-07-27,21.16,21.28,21.01,21.05,8800,21.05
2011-07-26,20.91,21.17,20.83,21.11,13700,21.11
2011-07-25,20.96,21.02,20.77,20.86,32900,20.86
2011-07-22,20.91,21.00,20.90,20.99,6500,20.99
2011-07-21,20.82,20.86,20.75,20.81,9000,20.81
2011-07-20,20.61,20.75,20.00,20.75,11000,20.75
2011-07-19,20.73,20.74,20.59,20.64,11100,20.64
2011-07-18,20.71,20.76,20.70,20.71,4300,20.71
2011-07-15,20.56,20.58,20.45,20.57,4700,20.57
2011-07-14,20.71,20.82,20.60,20.62,39400,20.62
2011-07-13,20.45,20.67,20.45,20.54,13500,20.54
2011-07-12,20.15,20.35,20.07,20.21,13700,20.21
2011-07-11,20.20,20.23,20.12,20.18,9000,20.18
2011-07-08,20.37,20.38,20.18,20.24,26800,20.24
2011-07-07,20.23,20.45,20.23,20.41,17500,20.41
2011-07-06,20.32,20.32,20.13,20.15,6100,20.15
2011-07-05,20.25,20.39,20.24,20.34,12200,20.34
2011-07-01,19.96,20.06,19.95,20.05,10700,20.05
2011-06-30,20.50,20.50,20.10,20.11,11100,20.11
2011-06-29,20.08,20.24,19.99,20.24,20700,20.24
2011-06-28,19.78,19.81,19.65,19.81,15600,19.81
2011-06-27,19.61,19.73,19.49,19.61,36400,19.61
2011-06-24,19.81,19.81,19.61,19.70,10300,19.70
2011-06-23,20.02,20.02,19.44,19.89,82800,19.89
2011-06-22,20.50,20.57,20.43,20.48,3100,20.48
2011-06-21,20.33,20.52,20.33,20.48,6400,20.48
2011-06-20,20.28,20.31,20.20,20.28,11800,20.28
2011-06-17,20.50,20.56,20.45,20.54,5600,20.54
2011-06-16,20.53,20.64,20.51,20.58,17000,20.58
2011-06-15,20.90,21.00,20.69,20.81,18400,20.81
2011-06-14,21.06,21.08,20.99,21.04,13000,21.04
2011-06-13,21.35,21.35,21.04,21.11,9300,21.11
2011-06-10,21.41,21.46,21.34,21.45,11400,21.45
2011-06-09,21.45,21.65,21.45,21.60,4700,21.60
2011-06-08,21.42,21.43,21.34,21.40,4100,21.40
2011-06-07,21.39,21.49,21.30,21.48,6500,21.48
2011-06-06,21.37,21.47,21.18,21.22,54800,21.22
2011-06-03,21.30,21.42,21.21,21.31,9900,21.31
2011-06-02,21.40,21.40,21.18,21.23,7100,21.23
2011-06-01,21.50,21.55,21.33,21.35,12800,21.35
2011-05-31,21.38,21.54,21.37,21.49,55800,21.49
2011-05-27,20.93,21.10,20.87,21.10,18800,21.10
2011-05-26,20.78,20.85,20.68,20.81,18700,20.81
2011-05-25,20.81,20.95,20.81,20.88,5900,20.88
2011-05-24,20.60,20.74,20.60,20.73,10100,20.73
2011-05-23,20.56,20.59,20.43,20.51,4700,20.51
2011-05-20,20.63,20.81,20.63,20.77,3500,20.77
2011-05-19,20.77,20.81,20.74,20.77,2000,20.77
2011-05-18,20.70,20.81,20.66,20.77,5900,20.77
2011-05-17,20.54,20.90,20.45,20.66,92600,20.66
2011-05-16,20.36,20.70,20.36,20.58,28800,20.58
2011-05-13,20.89,20.89,20.50,20.59,20300,20.59
2011-05-12,20.55,20.89,20.49,20.65,17000,20.65
2011-05-11,21.01,21.07,20.73,20.80,16900,20.80
2011-05-10,21.25,21.25,21.00,21.14,5500,21.14
2011-05-09,21.39,21.39,20.92,21.05,14000,21.05
2011-05-06,20.74,21.13,20.56,20.93,85800,20.93
2011-05-05,21.09,21.25,20.55,20.68,52200,20.68
2011-05-04,21.62,21.97,21.23,21.39,44000,21.39
2011-05-03,21.28,22.17,21.28,21.85,48000,21.85
2011-05-02,23.82,24.42,22.00,22.28,93000,22.28
2011-04-29,21.77,23.35,21.71,23.10,143000,23.10
2011-04-28,21.61,21.78,21.60,21.78,17100,21.78
2011-04-27,21.63,21.63,21.21,21.49,10600,21.49
2011-04-26,21.25,21.69,21.00,21.44,18700,21.44
2011-04-25,21.45,21.47,21.20,21.42,75400,21.42
2011-04-21,21.23,21.38,21.12,21.32,18100,21.32
2011-04-20,20.60,21.20,20.60,21.10,17400,21.10
2011-04-19,20.93,21.18,20.67,20.73,11600,20.73
2011-04-18,20.56,21.04,20.56,20.99,24100,20.99
2011-04-15,20.96,21.06,20.90,20.95,12600,20.95
2011-04-14,20.85,21.08,20.83,21.07,12800,21.07
2011-04-13,20.72,20.96,20.72,20.81,7900,20.81
2011-04-12,21.02,21.02,20.62,20.72,35500,20.72
2011-04-11,21.39,21.39,20.91,21.02,71000,21.02
2011-04-08,20.87,21.29,20.69,21.21,18300,21.21
2011-04-07,21.10,21.10,20.88,20.91,20400,20.91
2011-04-06,21.10,21.33,21.00,21.08,18900,21.08
2011-04-05,20.96,21.08,20.89,21.06,13400,21.06
2011-04-04,20.87,21.01,20.87,20.97,14600,20.97
2011-04-01,20.64,20.85,20.60,20.82,15200,20.82
2011-03-31,20.77,21.01,20.67,20.75,12000,20.75
2011-03-30,20.81,20.85,20.66,20.75,35200,20.75
2011-03-29,20.44,20.54,20.38,20.48,11700,20.48
2011-03-28,20.29,20.60,20.29,20.46,44100,20.46
2011-03-25,20.60,20.71,20.58,20.58,8100,20.58
2011-03-24,20.66,20.81,20.65,20.68,7700,20.68
2011-03-23,20.78,20.80,20.27,20.68,14000,20.68
2011-03-22,20.81,20.81,20.26,20.51,53100,20.51
2011-03-21,20.41,20.56,20.21,20.56,20900,20.56
2011-03-18,19.90,20.13,19.90,20.09,21100,20.09
2011-03-17,20.01,20.01,19.74,19.92,28900,19.92
2011-03-16,20.20,20.20,19.77,19.85,11300,19.85
2011-03-15,19.72,20.07,19.72,19.95,54600,19.95
2011-03-14,20.66,20.69,20.33,20.57,67600,20.57
2011-03-11,20.31,20.92,20.12,20.85,14400,20.85
2011-03-10,21.00,21.00,20.67,20.68,21200,20.68
2011-03-09,21.04,21.27,21.00,21.14,9500,21.14
2011-03-08,21.20,21.31,21.10,21.20,9500,21.20
2011-03-07,21.79,21.79,21.27,21.37,57900,21.37
2011-03-04,21.97,21.97,21.75,21.85,12900,21.85
2011-03-03,21.98,21.98,21.19,21.63,6800,21.63
2011-03-02,21.89,22.00,21.84,21.92,30600,21.92
2011-03-01,21.69,22.00,21.55,21.83,101900,21.83
2011-02-28,21.20,21.50,21.19,21.31,30800,21.31
2011-02-25,21.80,21.80,21.02,21.19,120900,21.19
2011-02-24,21.12,21.38,21.07,21.28,15800,21.28
2011-02-23,21.89,22.00,21.03,21.85,14700,21.85
2011-02-22,21.30,22.23,20.99,21.47,90500,21.47
2011-02-18,21.96,21.96,21.64,21.71,19700,21.71
2011-02-17,21.61,21.77,21.59,21.77,8400,21.77
2011-02-16,22.00,22.00,21.51,21.57,33500,21.57
2011-02-15,21.67,21.67,21.53,21.53,6600,21.53
2011-02-14,21.81,21.81,21.47,21.55,16300,21.55
2011-02-11,21.52,21.56,21.17,21.17,26900,21.17
2011-02-10,21.66,21.72,21.50,21.50,14100,21.50
2011-02-09,22.00,22.00,21.81,21.89,24600,21.89
2011-02-08,21.80,21.94,21.80,21.93,18700,21.93
2011-02-07,21.66,21.76,21.62,21.66,14700,21.66
2011-02-04,21.74,21.88,21.67,21.72,10000,21.72
2011-02-03,21.40,21.64,20.85,21.62,21400,21.62
2011-02-02,21.53,21.62,21.53,21.59,2500,21.59
2011-02-01,21.32,21.50,21.32,21.49,10700,21.49
2011-01-31,20.99,21.13,20.57,21.07,23900,21.07
2011-01-28,20.91,21.22,20.91,21.06,13200,21.06
2011-01-27,21.38,21.38,20.90,20.93,18000,20.93
2011-01-26,21.03,21.28,21.02,21.25,7800,21.25
2011-01-25,21.40,21.40,20.91,21.00,27900,21.00
2011-01-24,21.50,21.50,21.33,21.33,6500,21.33
2011-01-21,21.40,21.50,21.29,21.44,23100,21.44
2011-01-20,21.50,21.50,21.16,21.36,18000,21.36
2011-01-19,21.62,21.74,21.56,21.62,21600,21.62
2011-01-18,21.75,21.75,21.44,21.46,14500,21.46
2011-01-14,21.37,21.43,21.22,21.32,27000,21.32
2011-01-13,21.37,21.51,21.22,21.25,24100,21.25
2011-01-12,21.01,21.25,21.01,21.18,37500,21.18
2011-01-11,20.73,20.86,20.71,20.84,9800,20.84
2011-01-10,20.49,20.62,20.49,20.54,9700,20.54
2011-01-07,20.42,20.54,20.35,20.40,11700,20.40
2011-01-06,20.45,20.45,20.34,20.35,12400,20.35
2011-01-05,20.50,20.50,20.18,20.33,24800,20.33
2011-01-04,20.80,20.80,20.51,20.60,18400,20.60
2011-01-03,21.00,21.19,20.85,20.90,22200,20.90
2010-12-31,20.69,20.97,20.63,20.92,10100,20.92
2010-12-30,20.96,20.96,20.54,20.61,18200,20.61
2010-12-29,20.76,20.80,20.66,20.77,6000,20.77
2010-12-28,20.76,20.76,20.53,20.73,14000,20.73
2010-12-27,20.40,20.59,20.16,20.36,83400,20.36
2010-12-23,20.33,20.51,20.27,20.31,6100,20.31
2010-12-22,20.33,20.50,20.33,20.43,16400,20.43
2010-12-21,20.17,20.33,20.17,20.30,8400,20.30
2010-12-20,20.90,20.90,20.05,20.15,8600,20.15
2010-12-17,20.07,20.16,20.06,20.10,13000,20.10
2010-12-16,20.19,20.19,19.90,20.05,15400,20.05
2010-12-15,20.54,20.54,20.05,20.05,9600,20.05
2010-12-14,20.60,21.17,20.06,20.19,43600,20.19
2010-12-13,20.25,20.65,20.25,20.60,43600,20.60
2010-12-10,20.82,20.82,20.05,20.34,12300,20.34
2010-12-09,20.55,20.57,20.13,20.28,11600,20.28
2010-12-08,20.03,20.50,20.03,20.50,18000,20.50
2010-12-07,20.95,20.95,20.15,20.15,28600,20.15
2010-12-06,20.47,20.60,20.31,20.52,82000,20.52
2010-12-03,20.49,20.50,20.34,20.49,9700,20.49
2010-12-02,20.06,20.48,20.06,20.38,20200,20.38
2010-12-01,20.17,20.17,19.84,19.91,10300,19.91
2010-11-30,19.57,19.78,19.52,19.78,13700,19.78
2010-11-29,19.46,19.51,19.26,19.47,22400,19.47
2010-11-26,19.46,19.63,19.46,19.51,2300,19.51
2010-11-24,19.69,19.84,19.57,19.59,7200,19.59
2010-11-23,19.64,19.66,19.44,19.60,15500,19.60
2010-11-22,19.82,19.86,19.61,19.76,6600,19.76
2010-11-19,19.92,19.92,19.59,19.75,16900,19.75
2010-11-18,19.44,20.56,19.44,19.83,65200,19.83
2010-11-17,19.29,19.40,19.19,19.31,27400,19.31
2010-11-16,19.90,19.91,19.34,19.40,49900,19.40
2010-11-15,21.50,21.50,20.00,20.01,70300,20.01
2010-11-12,20.26,20.61,20.07,20.58,65700,20.58
2010-11-11,20.34,20.75,20.34,20.71,27100,20.71
2010-11-10,20.89,20.89,20.41,20.63,42800,20.63
2010-11-09,20.72,21.41,20.58,20.75,89600,20.75
2010-11-08,21.28,21.28,20.72,20.95,33300,20.95
2010-11-05,20.74,21.03,20.65,20.94,61900,20.94
2010-11-04,20.55,21.20,20.55,21.10,75400,21.10
2010-11-03,20.15,20.28,20.00,20.16,85100,20.16
2010-11-02,20.33,20.33,20.21,20.28,11800,20.28
2010-11-01,20.35,20.40,20.11,20.11,26200,20.11
2010-10-29,20.04,20.17,20.03,20.10,10100,20.10
2010-10-28,19.92,20.00,19.88,19.97,21100,19.97
2010-10-27,20.17,20.17,19.81,19.87,14500,19.87
2010-10-26,19.86,20.17,19.86,20.15,18000,20.15
2010-10-25,19.94,20.09,19.94,19.99,42700,19.99
2010-10-22,19.78,19.81,19.71,19.78,60400,19.78
2010-10-21,19.95,19.95,19.64,19.80,10500,19.80
2010-10-20,19.98,19.98,19.69,19.94,20300,19.94
2010-10-19,19.74,19.81,19.65,19.65,15800,19.65
2010-10-18,19.85,20.05,19.85,20.03,24900,20.03
2010-10-15,20.00,20.13,19.93,20.02,13200,20.02
2010-10-14,20.07,20.23,20.07,20.16,13900,20.16
2010-10-13,20.00,20.22,20.00,20.15,17600,20.15
2010-10-12,19.95,20.00,19.78,19.85,44600,19.85
2010-10-11,20.20,20.20,19.90,19.97,30100,19.97
2010-10-08,20.19,20.25,20.07,20.14,27900,20.14
2010-10-07,20.50,20.50,20.01,20.03,24500,20.03
2010-10-06,20.26,20.31,20.06,20.25,42400,20.25
2010-10-05,19.73,20.10,19.73,20.10,27200,20.10
2010-10-04,19.79,19.79,19.68,19.79,36200,19.79
2010-10-01,19.65,19.92,19.65,19.89,22000,19.89
2010-09-30,19.61,19.65,19.45,19.59,11000,19.59
2010-09-29,19.28,19.56,18.83,19.48,25100,19.48
2010-09-28,19.20,19.37,19.09,19.37,17100,19.37
2010-09-27,19.55,19.55,19.23,19.24,68000,19.24
2010-09-24,19.50,19.50,19.37,19.50,33700,19.50
2010-09-23,19.11,19.47,19.11,19.47,13100,19.47
2010-09-22,19.30,19.40,19.22,19.32,26100,19.32
2010-09-21,19.17,19.25,19.00,19.25,28600,19.25
2010-09-20,19.20,19.34,19.20,19.25,26500,19.25
2010-09-17,19.07,19.23,19.06,19.06,42800,19.06
2010-09-16,19.07,19.16,18.93,19.07,26400,19.07
2010-09-15,18.77,19.13,18.77,19.07,33400,19.07
2010-09-14,18.57,18.94,18.57,18.83,41000,18.83
2010-09-13,18.19,18.41,18.19,18.39,21400,18.39
2010-09-10,18.57,18.57,18.19,18.20,17500,18.20
2010-09-09,18.40,18.40,18.32,18.35,7400,18.35
2010-09-08,18.51,18.51,18.42,18.45,12400,18.45
2010-09-07,18.42,18.49,18.39,18.45,39000,18.45
2010-09-03,18.49,18.49,18.35,18.39,43100,18.39
2010-09-02,18.40,18.40,18.27,18.31,35100,18.31
2010-09-01,18.01,18.18,18.01,18.13,25800,18.13
2010-08-31,17.93,18.01,17.92,17.96,4100,17.96
2010-08-30,17.95,18.18,17.53,18.05,26400,18.05
2010-08-27,18.07,18.15,17.71,18.12,18000,18.12
2010-08-26,18.09,18.18,18.05,18.10,33500,18.10
2010-08-25,17.90,18.11,17.51,18.06,7700,18.06
2010-08-24,17.60,17.99,17.52,17.95,9400,17.95
2010-08-23,17.81,17.91,17.75,17.80,35300,17.80
2010-08-20,17.88,17.93,17.84,17.84,12300,17.84
2010-08-19,18.17,18.18,17.73,18.03,23800,18.03
2010-08-18,18.03,18.18,18.02,18.13,3400,18.13
2010-08-17,18.17,18.29,18.15,18.15,89200,18.15
2010-08-16,18.07,18.19,18.07,18.13,23700,18.13
2010-08-13,18.02,18.05,17.93,17.99,5900,17.99
2010-08-12,17.96,18.12,17.96,18.08,8500,18.08
2010-08-11,18.16,18.17,17.79,17.96,71000,17.96
2010-08-10,17.80,18.27,17.80,18.26,31500,18.26
2010-08-09,18.50,18.50,17.77,18.24,26400,18.24
2010-08-06,18.60,18.69,18.50,18.57,5600,18.57
2010-08-05,18.57,18.63,18.50,18.57,5800,18.57
2010-08-04,18.83,18.83,18.63,18.70,6800,18.70
2010-08-03,18.80,18.86,18.67,18.68,16900,18.68
2010-08-02,18.80,18.96,18.77,18.95,85100,18.95
2010-07-30,18.51,18.67,18.42,18.67,5500,18.67
2010-07-29,18.31,18.57,18.31,18.47,17500,18.47
2010-07-28,18.18,18.23,18.18,18.19,7200,18.19
2010-07-27,18.17,18.44,18.12,18.14,31400,18.14
2010-07-26,18.30,18.47,18.30,18.34,57000,18.34
2010-07-23,18.18,18.34,18.14,18.27,17000,18.27
2010-07-22,18.05,18.14,18.03,18.09,9200,18.09
2010-07-21,18.03,18.05,17.88,17.93,12000,17.93
2010-07-20,17.79,18.01,17.79,17.95,11600,17.95
2010-07-19,17.78,17.88,17.76,17.88,9400,17.88
2010-07-16,17.94,17.97,17.78,17.82,14000,17.82
2010-07-15,18.08,18.15,18.06,18.15,4800,18.15
2010-07-14,18.04,18.15,17.78,18.06,2500,18.06
2010-07-13,18.05,18.18,18.05,18.05,9200,18.05
2010-07-12,18.12,18.12,17.90,17.98,5100,17.98
2010-07-09,17.88,18.20,17.88,18.17,30700,18.17
2010-07-08,18.09,18.09,17.82,18.01,13700,18.01
2010-07-07,17.83,18.09,17.83,18.07,14600,18.07
2010-07-06,17.85,17.99,17.81,17.91,17800,17.91
2010-07-02,17.72,17.94,17.68,17.75,17200,17.75
2010-07-01,17.96,17.98,17.66,17.77,62200,17.77
2010-06-30,18.16,18.24,18.12,18.12,27200,18.12
2010-06-29,18.31,18.40,18.13,18.22,39100,18.22
2010-06-28,18.73,18.76,18.54,18.54,30700,18.54
2010-06-25,18.48,18.68,18.45,18.47,33600,18.47
2010-06-24,18.46,18.65,18.37,18.53,23300,18.53
2010-06-23,18.77,18.77,18.48,18.66,17500,18.66
2010-06-22,19.02,19.02,18.82,18.94,11700,18.94
2010-06-21,18.99,19.18,18.80,18.88,35600,18.88
2010-06-18,18.73,18.97,18.57,18.94,32700,18.94
2010-06-17,18.76,18.80,18.67,18.77,11500,18.77
2010-06-16,18.84,18.84,18.54,18.65,12600,18.65
2010-06-15,18.60,18.82,18.59,18.75,25300,18.75
2010-06-14,18.31,18.70,18.31,18.58,22500,18.58
2010-06-11,18.25,18.38,18.22,18.29,9500,18.29
2010-06-10,18.11,18.42,18.11,18.28,45700,18.28
2010-06-09,18.21,18.33,18.07,18.17,69400,18.17
2010-06-08,17.93,18.18,17.93,18.14,27600,18.14
2010-06-07,18.04,18.05,17.72,17.95,131600,17.95
2010-06-04,18.27,18.30,17.96,17.98,15400,17.98
2010-06-03,18.50,18.53,18.19,18.35,40900,18.35
2010-06-02,18.23,18.50,18.23,18.50,21900,18.50
2010-06-01,18.31,18.57,18.31,18.40,11900,18.40
2010-05-28,18.57,18.61,18.30,18.32,18400,18.32
2010-05-27,18.31,18.58,18.21,18.52,38500,18.52
2010-05-26,18.29,18.29,17.51,18.15,40200,18.15
2010-05-25,17.63,17.93,17.58,17.90,53200,17.90
2010-05-24,17.98,18.23,17.98,18.20,39400,18.20
2010-05-21,17.62,17.91,17.57,17.74,102100,17.74
2010-05-20,18.25,18.32,17.17,17.88,181400,17.88
2010-05-19,20.19,20.19,18.77,19.01,84000,19.01
2010-05-18,20.19,20.25,19.89,19.98,13800,19.98
2010-05-17,20.49,20.49,19.71,19.93,93900,19.93
2010-05-14,20.64,20.64,20.34,20.55,28300,20.55
2010-05-13,20.93,20.93,20.61,20.75,130500,20.75
2010-05-12,20.69,20.90,20.39,20.87,78200,20.87
2010-05-11,20.09,20.32,20.09,20.29,39400,20.29
2010-05-10,20.13,20.23,20.09,20.20,13900,20.20
2010-05-07,19.69,19.90,19.55,19.83,26600,19.83
2010-05-06,19.81,19.99,19.43,19.58,72700,19.58
2010-05-05,19.50,19.81,19.35,19.59,61600,19.59
2010-05-04,20.26,20.32,19.93,19.93,51000,19.93
2010-05-03,20.82,20.87,20.54,20.57,22500,20.57
2010-04-30,20.86,20.87,20.77,20.82,24400,20.82
2010-04-29,20.45,20.78,20.45,20.75,13300,20.75
2010-04-28,20.48,20.48,20.38,20.40,33400,20.40
2010-04-27,20.88,20.88,20.45,20.58,26900,20.58
2010-04-26,20.89,21.00,20.80,20.93,29000,20.93
2010-04-23,20.92,20.93,20.61,20.85,16000,20.85
2010-04-22,20.79,20.90,20.62,20.88,14400,20.88
2010-04-21,20.61,20.81,20.61,20.76,26400,20.76
2010-04-20,20.44,20.60,20.44,20.58,12200,20.58
2010-04-19,20.15,20.37,20.15,20.34,34600,20.34
2010-04-16,20.40,20.52,20.14,20.20,45000,20.20
2010-04-15,20.70,20.70,20.58,20.60,13300,20.60
2010-04-14,20.57,20.74,20.54,20.70,27400,20.70
2010-04-13,20.60,20.60,20.34,20.48,32000,20.48
2010-04-12,20.57,20.95,20.57,20.67,27000,20.67
2010-04-09,20.73,20.73,20.58,20.67,28800,20.67
2010-04-08,20.37,20.85,20.37,20.65,33800,20.65
2010-04-07,20.50,20.73,20.47,20.49,76100,20.49
2010-04-06,20.38,20.47,20.30,20.46,43800,20.46
2010-04-05,20.00,20.60,20.00,20.40,45900,20.40
2010-04-01,19.75,20.94,19.71,19.97,61200,19.97
2010-03-31,19.50,19.71,19.50,19.70,56300,19.70
2010-03-30,19.44,19.44,19.21,19.36,8500,19.36
2010-03-29,19.21,19.49,19.21,19.49,15100,19.49
2010-03-26,19.05,19.14,19.00,19.08,26700,19.08
2010-03-25,18.98,19.24,18.96,19.19,22100,19.19
2010-03-24,18.96,19.01,18.81,18.82,39600,18.82
2010-03-23,19.13,19.59,19.03,19.16,9600,19.16
2010-03-22,18.91,19.12,18.48,19.02,37800,19.02
2010-03-19,19.39,19.39,19.12,19.14,11700,19.14
2010-03-18,19.51,19.56,19.36,19.50,32900,19.50
2010-03-17,19.60,19.60,19.43,19.46,20400,19.46
2010-03-16,19.37,19.52,19.37,19.52,66800,19.52
2010-03-15,19.18,19.38,18.96,19.33,32300,19.33
2010-03-12,19.36,19.36,18.92,19.21,25100,19.21
2010-03-11,19.00,19.19,18.85,19.19,14100,19.19
2010-03-10,19.10,19.26,18.86,18.86,13800,18.86
2010-03-09,19.14,19.14,18.88,18.98,21500,18.98
2010-03-08,19.00,19.16,18.74,19.16,63200,19.16
2010-03-05,18.78,18.95,18.69,18.79,34100,18.79
2010-03-04,18.73,18.82,18.65,18.79,25900,18.79
2010-03-03,18.89,18.96,18.80,18.80,17300,18.80
2010-03-02,18.53,18.86,18.53,18.75,16300,18.75
2010-03-01,18.64,18.64,18.30,18.47,35300,18.47
2010-02-26,18.40,18.40,18.25,18.35,22300,18.35
2010-02-25,17.97,18.23,17.92,18.20,50900,18.20
2010-02-24,17.85,18.05,17.85,17.90,13100,17.90
2010-02-23,18.10,18.10,17.88,17.97,55800,17.97
2010-02-22,18.22,18.22,18.10,18.12,9500,18.12
2010-02-19,17.95,18.39,17.89,18.22,62700,18.22
2010-02-18,18.29,18.29,18.05,18.18,23000,18.18
2010-02-17,18.50,18.50,18.13,18.22,65200,18.22
2010-02-16,18.20,18.39,18.13,18.36,18500,18.36
2010-02-12,18.03,18.10,17.47,17.95,55900,17.95
2010-02-11,17.98,18.26,17.75,18.24,37600,18.24
2010-02-10,17.97,18.00,17.72,17.91,19300,17.91
2010-02-09,17.59,17.95,17.59,17.81,22600,17.81
2010-02-08,17.65,17.65,17.43,17.45,29200,17.45
2010-02-05,17.55,17.69,17.08,17.57,138400,17.57
2010-02-04,18.33,18.45,17.70,17.78,86900,17.78
2010-02-03,19.00,19.00,18.70,18.89,38700,18.89
2010-02-02,18.80,18.89,18.57,18.88,38000,18.88
2010-02-01,18.20,18.60,18.05,18.60,58400,18.60
2010-01-29,17.90,18.17,17.78,17.98,39700,17.98
2010-01-28,18.10,18.22,17.71,17.96,44600,17.96
2010-01-27,18.21,18.26,17.63,17.93,70300,17.93
2010-01-26,18.07,18.38,17.91,18.32,95700,18.32
2010-01-25,18.51,18.55,18.38,18.49,94200,18.49
2010-01-22,18.88,18.92,18.18,18.44,118600,18.44
2010-01-21,19.54,19.54,19.01,19.07,121300,19.07
2010-01-20,19.62,19.75,19.04,19.45,62100,19.45
2010-01-19,19.45,19.91,19.40,19.73,97500,19.73
2010-01-15,19.19,19.68,19.10,19.32,33400,19.32
2010-01-14,19.07,19.54,19.07,19.40,72100,19.40
2010-01-13,18.85,19.09,18.76,18.95,39900,18.95
2010-01-12,19.08,19.46,18.50,18.85,84200,18.85
2010-01-11,19.35,19.42,19.25,19.26,65900,19.26
2010-01-08,19.02,19.23,18.81,19.19,69300,19.19
2010-01-07,19.35,19.40,18.89,19.03,101800,19.03
2010-01-06,19.45,19.58,19.38,19.39,94800,19.39
2010-01-05,19.11,19.20,18.61,19.13,72200,19.13
2010-01-04,18.54,19.51,18.54,19.12,129200,19.12
2009-12-31,18.24,18.44,18.22,18.40,14300,18.40
2009-12-30,18.13,18.26,18.03,18.24,26700,18.24
2009-12-29,18.63,18.94,18.10,18.21,53000,18.21
2009-12-28,18.32,18.48,18.01,18.37,49400,18.37
2009-12-24,17.51,18.27,17.51,18.03,45800,18.03
2009-12-23,17.11,17.53,16.96,17.47,51100,17.47
2009-12-22,17.23,17.28,16.52,16.89,120500,16.89
2009-12-21,17.60,17.80,17.28,17.30,64300,17.30
2009-12-18,17.62,17.85,17.44,17.52,77700,17.52
2009-12-17,17.99,18.07,17.50,17.80,56600,17.80
2009-12-16,18.23,18.49,18.14,18.14,26600,18.14
2009-12-15,17.85,18.29,17.80,18.02,38300,18.02
2009-12-14,17.65,18.16,17.65,18.11,91200,18.11
2009-12-11,17.99,17.99,17.50,17.75,22200,17.75
2009-12-10,18.00,18.00,17.57,17.75,64400,17.75
2009-12-09,17.43,18.10,17.20,17.82,38800,17.82
2009-12-08,17.96,18.07,17.25,17.45,114800,17.45
2009-12-07,17.64,18.48,17.64,18.24,154200,18.24
2009-12-04,19.65,19.68,17.71,18.80,352300,18.80
2009-12-03,19.86,20.63,19.70,20.04,96700,20.04
2009-12-02,19.34,19.98,19.24,19.73,114700,19.73
2009-12-01,18.61,19.25,18.61,19.12,67600,19.12
2009-11-30,18.86,18.86,18.16,18.51,65700,18.51
2009-11-27,18.01,18.60,17.86,18.38,61100,18.38
2009-11-25,18.24,18.75,18.14,18.72,98400,18.72
2009-11-24,18.23,18.24,17.86,18.02,83000,18.02
2009-11-23,17.85,18.25,17.85,18.03,176800,18.03
2009-11-20,17.70,18.06,17.53,17.70,65400,17.70
2009-11-19,17.73,17.77,17.55,17.72,52600,17.72
2009-11-18,17.95,18.03,17.70,17.80,99600,17.80
2009-11-17,17.88,18.10,17.71,17.95,232600,17.95
2009-11-16,17.42,18.00,17.42,17.75,230000,17.75
2009-11-13,16.61,17.35,16.39,17.20,79500,17.20
2009-11-12,17.43,17.43,16.70,16.76,89800,16.76
2009-11-11,16.30,16.90,16.10,16.90,123900,16.90
2009-11-10,16.20,16.41,16.08,16.28,71400,16.28
2009-11-09,16.35,16.45,16.27,16.40,58700,16.40
2009-11-06,16.29,16.46,16.10,16.25,56300,16.25
2009-11-05,16.45,16.45,16.28,16.44,37400,16.44
2009-11-04,16.45,16.68,16.23,16.46,184300,16.46
2009-11-03,16.00,16.42,16.00,16.32,95600,16.32
2009-11-02,16.00,16.13,15.98,16.07,44700,16.07
2009-10-30,15.90,15.96,15.79,15.88,69700,15.88
2009-10-29,15.92,16.11,15.92,16.09,39100,16.09
2009-10-28,15.79,15.88,15.61,15.74,60800,15.74
2009-10-27,16.00,16.02,15.70,15.82,48400,15.82
2009-10-26,16.50,16.51,16.00,16.06,71600,16.06
2009-10-23,17.50,17.50,16.33,16.43,67300,16.43
2009-10-22,16.66,16.66,16.20,16.49,54100,16.49
2009-10-21,16.45,16.69,16.11,16.29,87100,16.29
2009-10-20,16.45,16.78,16.09,16.38,70800,16.38
2009-10-19,16.41,16.50,16.33,16.40,49000,16.40
2009-10-16,16.20,16.50,16.03,16.33,75500,16.33
2009-10-15,15.99,16.46,15.99,16.46,70600,16.46
2009-10-14,16.44,16.49,16.21,16.38,48600,16.38
2009-10-13,16.14,16.50,16.12,16.31,136000,16.31
2009-10-12,16.22,16.29,15.96,16.10,40300,16.10
2009-10-09,16.21,16.22,15.85,16.11,70500,16.11
2009-10-08,15.98,16.28,15.92,16.16,188600,16.16
2009-10-07,16.03,16.10,15.91,16.04,119600,16.04
2009-10-06,15.79,15.96,15.74,15.90,77700,15.90
2009-10-05,15.28,15.66,15.28,15.54,62900,15.54
2009-10-02,15.20,15.54,15.10,15.37,27700,15.37
2009-10-01,15.70,15.86,15.23,15.23,46400,15.23
2009-09-30,15.45,15.66,15.40,15.61,150300,15.61
2009-09-29,15.51,15.51,15.21,15.33,85200,15.33
2009-09-28,15.37,15.49,15.28,15.45,32800,15.45
2009-09-25,15.59,15.70,15.32,15.45,55500,15.45
2009-09-24,16.05,16.05,15.51,15.61,82000,15.61
2009-09-23,16.04,16.14,15.90,15.97,46500,15.97
2009-09-22,16.04,16.30,16.04,16.18,121500,16.18
2009-09-21,15.89,16.00,15.73,15.88,50100,15.88
2009-09-18,16.15,16.20,16.00,16.20,67100,16.20
2009-09-17,16.18,16.33,16.05,16.09,114900,16.09
2009-09-16,16.10,16.37,16.10,16.31,198800,16.31
2009-09-15,15.76,16.00,15.68,16.00,126000,16.00
2009-09-14,15.91,15.91,15.80,15.80,32900,15.80
2009-09-11,15.86,15.95,15.55,15.92,172500,15.92
2009-09-10,15.57,15.70,15.33,15.51,43800,15.51
2009-09-09,15.66,15.70,15.34,15.38,125200,15.38
2009-09-08,15.56,15.65,15.36,15.58,168400,15.58
2009-09-04,15.23,15.25,15.00,15.25,37200,15.25
2009-09-03,15.17,15.22,14.98,15.18,209400,15.18
2009-09-02,14.57,14.99,14.54,14.89,44300,14.89
2009-09-01,14.88,14.92,14.67,14.73,32700,14.73
2009-08-31,14.84,14.95,14.84,14.88,3900,14.88
2009-08-28,15.00,15.01,14.93,14.95,22800,14.95
2009-08-27,14.89,14.95,14.75,14.93,16400,14.93
2009-08-26,14.98,14.98,14.78,14.87,75400,14.87
2009-08-25,15.00,15.00,14.95,14.96,3500,14.96
2009-08-24,14.97,15.00,14.88,14.94,16500,14.94
2009-08-21,15.00,15.19,14.98,15.05,20100,15.05
2009-08-20,14.85,14.98,14.85,14.94,24600,14.94
2009-08-19,14.70,14.92,14.70,14.91,42000,14.91
2009-08-18,14.63,14.90,14.53,14.73,17900,14.73
2009-08-17,15.09,15.09,14.54,14.68,47300,14.68
2009-08-14,15.30,15.48,15.08,15.30,42000,15.30
2009-08-13,15.15,15.35,15.06,15.30,28700,15.30
2009-08-12,14.74,15.18,14.65,14.94,21200,14.94
2009-08-11,14.92,15.05,14.75,14.81,33700,14.81
2009-08-10,15.02,15.10,14.91,14.91,33100,14.91
2009-08-07,15.19,15.37,15.08,15.20,67000,15.20
2009-08-06,15.67,15.67,15.00,15.15,65300,15.15
2009-08-05,15.55,15.55,15.23,15.49,86500,15.49
2009-08-04,14.93,15.43,14.93,15.26,71200,15.26
2009-08-03,14.89,15.00,14.81,14.98,115700,14.98
2009-07-31,14.36,14.71,14.33,14.68,91800,14.68
2009-07-30,14.27,14.60,14.25,14.29,63100,14.29
2009-07-29,14.19,14.31,14.06,14.16,65500,14.16
2009-07-28,14.76,14.78,14.41,14.50,47400,14.50
2009-07-27,14.52,14.90,14.50,14.88,68200,14.88
2009-07-24,14.32,14.44,14.26,14.40,22900,14.40
2009-07-23,14.25,14.50,14.21,14.37,110500,14.37
2009-07-22,14.15,14.30,14.00,14.26,44600,14.26
2009-07-21,14.40,14.50,14.03,14.15,57500,14.15
2009-07-20,14.36,14.47,14.25,14.30,79500,14.30
2009-07-17,14.08,14.25,14.04,14.12,27600,14.12
2009-07-16,13.96,14.17,13.94,14.01,18300,14.01
2009-07-15,13.98,14.08,13.93,14.08,39300,14.08
2009-07-14,13.56,13.81,13.56,13.81,46400,13.81
2009-07-13,13.15,13.63,13.00,13.48,24500,13.48
2009-07-10,13.19,13.59,13.14,13.25,36300,13.25
2009-07-09,13.29,13.50,13.26,13.38,32500,13.38
2009-07-08,13.50,13.50,12.81,13.03,113600,13.03
2009-07-07,13.76,13.80,13.58,13.67,37000,13.67
2009-07-06,13.79,14.12,13.65,13.85,71500,13.85
2009-07-02,14.33,14.60,14.30,14.56,36900,14.56
2009-07-01,14.44,14.59,14.44,14.55,31000,14.55
2009-06-30,14.40,14.51,14.15,14.21,14300,14.21
2009-06-29,14.76,14.76,14.17,14.50,22900,14.50
2009-06-26,14.78,14.80,14.46,14.64,27200,14.64
2009-06-25,14.37,14.49,14.29,14.49,44700,14.49
2009-06-24,14.40,14.98,14.00,14.06,97400,14.06
2009-06-23,13.88,14.41,13.86,14.39,55800,14.39
2009-06-22,14.64,14.64,13.65,13.90,275900,13.90
2009-06-19,14.55,15.00,14.55,14.73,35500,14.73
2009-06-18,14.51,14.69,14.51,14.61,17800,14.61
2009-06-17,14.77,14.77,14.36,14.60,54500,14.60
2009-06-16,14.86,15.00,14.67,14.81,48900,14.81
2009-06-15,14.84,15.14,14.50,14.56,84700,14.56
2009-06-12,15.40,15.40,15.05,15.17,70700,15.17
2009-06-11,15.48,15.53,15.23,15.44,132200,15.44
2009-06-10,15.25,15.49,15.15,15.48,76100,15.48
2009-06-09,15.37,15.45,14.90,14.96,116200,14.96
2009-06-08,14.90,15.20,14.70,14.95,106200,14.95
2009-06-05,16.58,16.58,15.13,15.65,253300,15.65
2009-06-04,15.11,15.75,15.10,15.69,149900,15.69
2009-06-03,15.12,15.24,14.84,14.84,185300,14.84
2009-06-02,14.79,15.29,14.77,15.28,133000,15.28
2009-06-01,14.82,14.89,14.70,14.78,93600,14.78
2009-05-29,14.25,14.86,14.22,14.66,148800,14.66
2009-05-28,13.78,13.98,13.72,13.90,72100,13.90
2009-05-27,13.82,14.00,13.74,13.78,40700,13.78
2009-05-26,13.87,14.25,13.74,13.84,60900,13.84
2009-05-22,14.11,14.20,14.00,14.11,119000,14.11
2009-05-21,13.94,14.15,13.79,14.13,135200,14.13
2009-05-20,13.93,14.14,13.82,14.04,177200,14.04
2009-05-19,13.68,14.00,13.68,13.97,61600,13.97
2009-05-18,13.44,13.84,13.44,13.72,99000,13.72
2009-05-15,13.44,13.59,13.34,13.38,58900,13.38
2009-05-14,13.35,13.55,13.35,13.53,52800,13.53
2009-05-13,13.61,13.62,13.37,13.37,53400,13.37
2009-05-12,13.54,13.85,13.50,13.85,58700,13.85
2009-05-11,13.56,13.65,13.25,13.42,93100,13.42
2009-05-08,13.93,13.99,13.73,13.88,63800,13.88
2009-05-07,13.82,14.00,13.82,13.94,128700,13.94
2009-05-06,13.71,13.85,13.67,13.75,80600,13.75
2009-05-05,13.64,13.79,13.61,13.65,112200,13.65
2009-05-04,13.32,13.78,13.32,13.60,66100,13.60
2009-05-01,13.22,13.43,12.79,13.27,178300,13.27
2009-04-30,13.35,13.51,13.20,13.29,76800,13.29
2009-04-29,13.31,13.56,13.17,13.40,146400,13.40
2009-04-28,13.44,13.54,13.11,13.33,153200,13.33
2009-04-27,14.03,14.03,13.75,13.86,63800,13.86
2009-04-24,14.49,14.50,14.23,14.30,99100,14.30
2009-04-23,14.40,14.42,14.20,14.42,90200,14.42
2009-04-22,14.12,14.24,14.08,14.16,172500,14.16
2009-04-21,14.00,14.05,13.87,13.91,200400,13.91
2009-04-20,14.35,14.39,13.64,14.00,239300,14.00
2009-04-17,14.78,14.79,14.23,14.71,44300,14.71
2009-04-16,14.73,14.91,14.63,14.68,99600,14.68
2009-04-15,14.70,14.88,14.70,14.79,154100,14.79
2009-04-14,15.00,15.00,14.62,14.66,235900,14.66
2009-04-13,15.21,15.39,15.10,15.10,126100,15.10
2009-04-09,14.75,14.81,14.53,14.80,406200,14.80
2009-04-08,14.29,14.50,14.29,14.45,77500,14.45
2009-04-07,14.11,14.25,14.03,14.21,85900,14.21
2009-04-06,13.87,14.08,13.87,13.97,66100,13.97
2009-04-03,14.25,14.25,14.00,14.17,36800,14.17
2009-04-02,14.19,14.19,13.54,14.11,99300,14.11
2009-04-01,13.92,14.09,13.79,13.93,39300,13.93
2009-03-31,13.75,13.80,13.51,13.79,56400,13.79
2009-03-30,13.85,13.87,13.55,13.73,88700,13.73
2009-03-27,13.86,13.96,13.76,13.85,102900,13.85
2009-03-26,14.20,14.25,14.00,14.05,79800,14.05
2009-03-25,13.75,13.88,13.57,13.84,139500,13.84
2009-03-24,13.70,13.98,13.56,13.75,85200,13.75
2009-03-23,13.88,14.10,13.75,13.98,118600,13.98
2009-03-20,13.78,14.14,13.54,13.69,401000,13.69
2009-03-19,13.38,14.38,13.30,14.34,566700,14.34
2009-03-18,12.84,13.50,12.55,13.02,62500,13.02
2009-03-17,12.84,12.96,12.71,12.80,33900,12.80
2009-03-16,12.91,12.96,12.75,12.95,45300,12.95
2009-03-13,12.81,12.98,12.75,12.97,59300,12.97
2009-03-12,12.83,13.00,12.67,12.88,30700,12.88
2009-03-11,12.80,12.88,12.72,12.77,41300,12.77
2009-03-10,12.78,12.83,12.60,12.70,63700,12.70
2009-03-09,13.04,13.08,12.80,12.92,62400,12.92
2009-03-06,13.03,13.16,13.01,13.06,59200,13.06
2009-03-05,12.60,13.03,12.60,12.94,39100,12.94
2009-03-04,12.91,12.91,12.54,12.66,64700,12.66
2009-03-03,12.69,12.73,12.50,12.58,103500,12.58
2009-03-02,13.23,13.25,12.75,12.85,88600,12.85
2009-02-27,12.95,13.22,12.84,13.08,109900,13.08
2009-02-26,12.78,12.89,12.56,12.86,88100,12.86
2009-02-25,12.72,12.87,12.63,12.70,65200,12.70
2009-02-24,13.12,13.12,12.43,12.65,288400,12.65
2009-02-23,13.15,13.25,13.04,13.21,114400,13.21
2009-02-20,13.36,13.58,13.18,13.26,285200,13.26
2009-02-19,13.13,13.35,13.01,13.12,491900,13.12
2009-02-18,13.85,13.85,13.35,13.59,391600,13.59
2009-02-17,13.87,13.87,13.26,13.37,164900,13.37
2009-02-13,12.99,13.19,12.85,13.05,79000,13.05
2009-02-12,13.31,13.37,13.05,13.22,107700,13.22
2009-02-11,13.05,13.23,12.75,13.09,169500,13.09
2009-02-10,12.67,12.75,12.56,12.70,127000,12.70
2009-02-09,12.10,12.26,12.10,12.19,58200,12.19
2009-02-06,12.05,12.27,12.05,12.27,75500,12.27
2009-02-05,12.07,12.07,11.94,11.99,50500,11.99
2009-02-04,12.05,12.05,11.76,11.79,19100,11.79
2009-02-03,11.86,11.86,11.65,11.80,44500,11.80
2009-02-02,11.90,11.93,11.82,11.88,21000,11.88
2009-01-30,12.01,12.20,11.81,12.04,84800,12.04
2009-01-29,11.74,11.99,11.68,11.91,26700,11.91
2009-01-28,11.42,12.00,11.41,11.74,87700,11.74
2009-01-27,12.25,12.25,11.50,11.63,26900,11.63
2009-01-26,11.96,11.97,11.65,11.74,97700,11.74
2009-01-23,11.32,11.81,11.32,11.77,81600,11.77
2009-01-22,11.40,11.45,11.25,11.44,9800,11.44
2009-01-21,11.84,11.84,11.20,11.39,37200,11.39
2009-01-20,12.00,12.23,11.51,11.54,37300,11.54
2009-01-16,12.43,12.43,11.51,11.68,57100,11.68
2009-01-15,11.42,11.42,11.25,11.39,46300,11.39
2009-01-14,11.62,11.67,11.42,11.48,47900,11.48
2009-01-13,11.65,12.13,11.60,11.70,48500,11.70
2009-01-12,12.50,12.52,11.81,11.88,163300,11.88
2009-01-09,14.05,14.05,12.10,12.61,281400,12.61
2009-01-08,13.70,14.00,12.89,13.40,323900,13.40
2009-01-07,13.17,13.39,12.72,12.93,250700,12.93
2009-01-06,12.01,12.43,12.00,12.21,464000,12.21
2009-01-05,11.68,11.94,11.55,11.79,34600,11.79
2009-01-02,11.75,12.14,11.70,11.81,37300,11.81
2008-12-31,11.27,11.79,11.25,11.65,33700,11.65
2008-12-30,12.06,12.06,11.36,11.36,17100,11.36
2008-12-29,11.60,12.68,11.04,12.08,55000,12.08
2008-12-26,11.66,11.85,11.49,11.80,9500,11.80
2008-12-24,10.80,11.41,10.80,11.41,4800,11.41
2008-12-23,10.98,11.03,10.51,10.51,10000,10.51
2008-12-22,10.82,11.02,10.75,10.97,7000,10.97
2008-12-19,10.69,10.77,10.32,10.56,17500,10.56
2008-12-18,11.26,11.44,10.78,11.01,22600,11.01
2008-12-17,10.95,14.97,10.63,12.00,83500,12.00
2008-12-16,10.55,10.80,10.20,10.80,13500,10.80
2008-12-15,10.60,10.95,10.35,10.80,10000,10.80
2008-12-12,10.44,10.63,10.15,10.51,7200,10.51
2008-12-11,10.11,10.56,10.06,10.49,16700,10.49
2008-12-10,10.38,10.64,10.25,10.58,21400,10.58
2008-12-09,10.00,10.00,9.79,9.90,1400,9.90
2008-12-08,10.23,10.59,10.22,10.25,2800,10.25
2008-12-05,10.17,10.75,9.75,9.99,3900,9.99
2008-12-04,10.10,10.10,9.85,9.95,3600,9.95
2008-12-03,10.15,10.15,9.95,9.95,1200,9.95
2008-12-02,10.19,10.21,9.97,10.18,13200,10.18
2008-12-01,9.99,10.20,9.75,9.75,9400,9.75
2008-11-28,11.29,11.29,10.50,11.06,11400,11.06
2008-11-26,10.84,10.84,10.65,10.65,1000,10.65
2008-11-25,10.94,10.94,10.62,10.90,5600,10.90
2008-11-24,10.50,10.87,10.49,10.70,14600,10.70
2008-11-21,10.20,10.31,9.89,10.22,9800,10.22
2008-11-20,9.64,9.85,9.49,9.54,8000,9.54
2008-11-19,10.16,10.20,10.01,10.20,3700,10.20
2008-11-18,9.99,10.33,9.78,10.33,6200,10.33
2008-11-17,10.23,10.23,9.95,10.20,2300,10.20
2008-11-14,10.61,10.61,10.21,10.52,4000,10.52
2008-11-13,10.08,10.48,10.07,10.36,9100,10.36
2008-11-12,10.05,10.05,9.93,9.93,400,9.93
2008-11-11,10.16,10.36,10.01,10.36,8600,10.36
2008-11-10,11.13,11.13,10.34,10.83,7100,10.83
2008-11-07,10.16,10.69,10.16,10.69,400,10.69
2008-11-06,11.11,11.11,10.16,10.20,45400,10.20
2008-11-05,11.33,11.33,10.83,11.00,8000,11.00
2008-11-04,10.69,10.89,10.57,10.74,11200,10.74
2008-11-03,10.67,10.70,10.25,10.25,3600,10.25
2008-10-31,10.59,14.40,10.59,10.70,32900,10.70
2008-10-30,10.25,11.00,10.25,10.68,5500,10.68
2008-10-29,10.16,10.25,10.16,10.23,2200,10.23
2008-10-28,9.75,10.25,9.75,10.16,3700,10.16
2008-10-27,9.90,9.90,9.01,9.75,8800,9.75
2008-10-24,8.56,9.96,8.56,9.93,12700,9.93
2008-10-23,11.00,11.00,9.98,10.08,14200,10.08
2008-10-22,11.27,11.61,11.14,11.61,3200,11.61
2008-10-21,12.23,12.23,12.22,12.22,200,12.22
2008-10-20,12.07,12.30,11.99,12.12,3400,12.12
2008-10-17,11.00,12.07,10.81,12.06,1500,12.06
2008-10-16,12.75,12.75,10.44,11.55,11200,11.55
2008-10-15,14.55,14.55,13.48,13.63,1400,13.63
2008-10-14,14.50,14.50,13.56,14.40,3500,14.40
2008-10-13,11.39,14.85,11.39,14.85,14400,14.85
2008-10-10,13.13,13.39,12.00,12.48,14100,12.48
2008-10-09,11.00,13.00,11.00,12.84,17600,12.84
2008-10-08,13.60,14.30,10.75,10.75,16000,10.75
2008-10-07,14.06,14.11,13.20,13.52,5900,13.52
2008-10-06,14.00,14.40,13.20,13.71,11600,13.71
2008-10-03,13.87,14.14,13.45,14.00,8300,14.00
2008-10-02,14.59,14.60,13.30,14.19,12800,14.19
2008-10-01,14.39,14.60,14.36,14.53,6000,14.53
2008-09-30,13.70,14.20,13.02,14.20,15900,14.20
2008-09-29,13.81,14.62,13.51,14.60,13600,14.60
2008-09-26,14.30,14.40,13.85,14.10,12500,14.10
2008-09-25,15.01,15.13,14.11,14.90,12000,14.90
2008-09-24,15.87,15.88,15.45,15.49,5700,15.49
2008-09-23,17.60,17.60,15.26,15.71,31500,15.71
2008-09-22,16.00,19.60,15.74,18.35,28800,18.35
2008-09-19,14.00,16.00,13.71,15.77,7500,15.77
2008-09-18,14.10,14.17,13.70,13.83,8600,13.83
2008-09-17,13.11,15.88,12.80,14.01,39800,14.01
2008-09-16,13.48,13.80,12.80,13.24,19700,13.24
2008-09-15,14.75,14.75,14.33,14.33,3600,14.33
2008-09-12,14.75,15.13,14.41,15.01,16500,15.01
2008-09-11,14.69,14.69,13.84,14.10,12900,14.10
2008-09-10,15.20,15.20,14.50,14.64,24500,14.64
2008-09-09,15.88,15.88,15.28,15.30,10200,15.30
2008-09-08,16.75,16.83,16.49,16.62,9200,16.62
2008-09-05,17.14,17.14,16.69,16.91,10900,16.91
2008-09-04,17.41,17.41,17.21,17.40,1400,17.40
2008-09-03,17.46,17.46,17.24,17.30,3600,17.30
2008-09-02,17.86,17.86,15.46,17.40,12100,17.40
2008-08-29,18.29,18.29,18.29,18.29,000,18.29
2008-08-28,18.16,18.52,18.00,18.29,7800,18.29
2008-08-27,18.05,18.06,17.80,17.82,9800,17.82
2008-08-26,17.70,17.70,17.60,17.60,2100,17.60
2008-08-25,17.61,17.80,17.61,17.80,2800,17.80
2008-08-22,17.98,17.98,17.46,17.70,11600,17.70
2008-08-21,17.65,18.18,17.59,18.00,9100,18.00
2008-08-20,17.25,17.40,16.90,17.40,2300,17.40
2008-08-19,16.75,16.91,16.50,16.81,17000,16.81
2008-08-18,17.40,17.40,17.25,17.30,5600,17.30
2008-08-15,17.51,17.60,16.95,17.03,27200,17.03
2008-08-14,18.59,18.69,18.50,18.51,3100,18.51
2008-08-13,18.10,18.61,18.10,18.61,2900,18.61
2008-08-12,18.20,18.48,17.70,18.00,20600,18.00
2008-08-11,19.40,19.40,18.51,18.62,32500,18.62
2008-08-08,19.36,19.40,19.19,19.35,17100,19.35
2008-08-07,19.94,19.94,19.40,19.43,3500,19.43
2008-08-06,19.79,20.25,19.71,19.99,10100,19.99
2008-08-05,19.17,19.84,19.17,19.66,21800,19.66
2008-08-04,19.84,19.84,19.08,19.14,16700,19.14
2008-08-01,20.66,20.77,19.93,20.40,24600,20.40
2008-07-31,21.54,21.90,21.54,21.82,5000,21.82
2008-07-30,21.47,21.64,21.44,21.64,6400,21.64
2008-07-29,21.42,22.00,21.42,21.98,37000,21.98
2008-07-28,21.92,22.14,21.66,22.06,22900,22.06
2008-07-25,21.33,21.58,21.15,21.58,3200,21.58
2008-07-24,21.26,21.27,21.08,21.14,8000,21.14
2008-07-23,22.03,22.03,21.42,21.51,26000,21.51
2008-07-22,23.02,23.16,22.25,22.34,7200,22.34
2008-07-21,23.10,24.28,22.71,22.72,3800,22.72
2008-07-18,22.86,22.94,22.84,22.87,6400,22.87
2008-07-17,23.85,23.85,21.76,22.97,57000,22.97
2008-07-16,24.36,24.36,23.94,24.01,23200,24.01
2008-07-15,24.82,24.83,24.55,24.56,7800,24.56
2008-07-14,25.31,25.33,24.83,25.11,9700,25.11
2008-07-11,24.96,25.40,24.96,25.39,5600,25.39
2008-07-10,24.97,25.04,24.67,24.87,9200,24.87
2008-07-09,24.87,24.87,24.05,24.40,8600,24.40
2008-07-08,24.76,24.76,24.07,24.32,12700,24.32
2008-07-07,24.36,24.57,24.29,24.50,17100,24.50
2008-07-03,25.01,25.22,25.01,25.09,5100,25.09
2008-07-02,25.75,25.75,25.52,25.52,22800,25.52
2008-07-01,26.18,26.18,25.27,25.66,16500,25.66
2008-06-30,25.55,26.07,25.43,26.07,65100,26.07
2008-06-27,25.53,25.58,25.19,25.50,19700,25.50
2008-06-26,25.59,25.59,25.33,25.54,13100,25.54
2008-06-25,24.86,25.32,24.86,24.99,9600,24.99
2008-06-24,25.00,25.20,24.77,25.00,13600,25.00
2008-06-23,25.03,25.48,25.03,25.24,9700,25.24
2008-06-20,25.47,25.54,25.36,25.37,4900,25.37
2008-06-19,25.67,25.67,25.22,25.22,6000,25.22
2008-06-18,25.86,25.92,25.78,25.85,9700,25.85
2008-06-17,25.24,25.47,25.24,25.36,4200,25.36
2008-06-16,25.25,25.33,25.23,25.24,13900,25.24
2008-06-13,25.12,25.17,25.02,25.04,2700,25.04
2008-06-12,24.78,25.03,24.70,25.02,7500,25.02
2008-06-11,25.00,25.19,24.98,25.18,7300,25.18
2008-06-10,24.81,25.07,24.27,24.58,12600,24.58
2008-06-09,25.31,25.37,25.28,25.28,3400,25.28
2008-06-06,25.38,25.69,25.25,25.46,17900,25.46
2008-06-05,24.52,24.76,24.37,24.68,3100,24.68
2008-06-04,24.50,24.59,24.50,24.50,5500,24.50
2008-06-03,24.42,24.68,24.35,24.63,13500,24.63
2008-06-02,24.73,24.97,24.65,24.65,22400,24.65
2008-05-30,24.71,24.79,24.50,24.73,15900,24.73
2008-05-29,24.44,24.58,24.30,24.53,28900,24.53
2008-05-28,25.38,25.54,25.06,25.54,71400,25.54
2008-05-27,26.70,26.71,26.03,26.04,43900,26.04
2008-05-23,26.63,27.29,26.47,26.65,15800,26.65
2008-05-22,26.65,26.77,26.54,26.54,28900,26.54
2008-05-21,26.63,27.00,26.54,26.97,21000,26.97
2008-05-20,26.30,26.41,25.95,26.27,17000,26.27
2008-05-19,26.55,26.56,26.24,26.41,15000,26.41
2008-05-16,26.23,26.33,26.05,26.18,11200,26.18
2008-05-15,25.48,25.57,25.38,25.54,16800,25.54
2008-05-14,25.06,25.06,24.80,24.96,24400,24.96
2008-05-13,25.17,25.50,25.10,25.22,29500,25.22
2008-05-12,25.37,25.98,25.26,25.87,56300,25.87
2008-05-09,25.62,25.92,25.23,25.67,23400,25.67
