Date,Open,High,Low,Close,Volume,Adj Close
2012-05-04,46.64,49.27,46.55,46.94,10454500,46.94
2012-05-03,52.58,52.64,45.55,46.20,24934000,46.20
2012-05-02,59.17,59.28,52.16,52.70,23207600,52.70
2012-05-01,70.40,70.75,51.93,56.30,30779700,56.30
2012-04-30,70.45,71.02,69.30,70.32,2117700,70.32
2012-04-27,72.34,72.99,70.13,70.47,2417900,70.47
2012-04-26,70.38,72.37,70.00,72.23,1362000,72.23
2012-04-25,69.50,71.25,69.13,70.15,2095600,70.15
2012-04-24,72.47,72.96,67.81,69.10,3169000,69.10
2012-04-23,71.50,73.00,70.57,72.69,1699000,72.69
2012-04-20,71.11,72.68,71.11,72.32,1323300,72.32
2012-04-19,70.91,71.38,70.26,70.91,786000,70.91
2012-04-18,69.65,71.45,69.52,70.93,1209900,70.93
2012-04-17,68.68,70.37,68.31,69.83,996600,69.83
2012-04-16,69.07,69.15,67.67,68.26,1163500,68.26
2012-04-13,68.62,69.07,68.32,68.92,870600,68.92
2012-04-12,68.41,68.87,67.94,68.67,1155500,68.67
2012-04-11,68.54,68.79,67.65,68.06,1420800,68.06
2012-04-10,68.62,69.27,67.64,67.88,1428100,67.88
2012-04-09,68.92,69.28,68.36,68.73,726400,68.73
2012-04-05,69.15,69.86,68.75,69.72,1033000,69.72
2012-04-04,69.75,70.42,68.65,69.63,1351900,69.63
2012-04-03,69.43,70.59,69.33,70.54,1246900,70.54
2012-04-02,69.54,70.70,69.11,70.11,1579500,70.11
2012-03-30,69.88,69.93,68.72,68.82,1441400,68.82
2012-03-29,69.59,70.00,68.87,69.27,1149500,69.27
2012-03-28,71.63,71.63,69.58,70.17,1675400,70.17
2012-03-27,71.41,72.00,71.11,71.40,1370300,71.40
2012-03-26,71.31,72.11,70.68,71.21,1404900,71.21
2012-03-23,70.45,70.96,70.14,70.74,1258600,70.74
2012-03-22,71.01,71.18,70.05,70.27,1493000,70.27
2012-03-21,71.13,71.67,71.05,71.13,864100,71.13
2012-03-20,71.44,71.72,71.00,71.13,908000,71.13
2012-03-19,71.93,72.00,71.38,71.62,1353700,71.62
2012-03-16,70.51,70.77,70.11,70.58,1100300,70.58
2012-03-15,69.57,71.41,69.57,70.75,1660500,70.75
2012-03-14,69.57,69.96,69.33,69.90,785000,69.90
2012-03-13,69.11,69.90,68.88,69.87,780600,69.87
2012-03-12,69.51,69.51,68.35,68.58,1186800,68.58
2012-03-09,66.90,70.35,66.90,69.29,2379800,69.29
2012-03-08,66.07,67.34,66.06,66.88,1036000,66.88
2012-03-07,65.59,66.61,64.93,65.92,1472800,65.92
2012-03-06,66.39,66.49,65.25,65.51,1359400,65.51
2012-03-05,66.97,67.38,66.10,66.97,1224800,66.97
2012-03-02,67.67,68.01,67.19,67.46,960400,67.16
2012-03-01,66.10,67.73,65.66,67.70,1673600,67.40
2012-02-29,66.70,67.50,66.13,66.21,1288900,65.92
2012-02-28,66.25,67.20,65.64,66.97,1764800,66.67
2012-02-27,66.58,66.93,65.17,66.50,1482700,66.20
2012-02-24,66.74,66.94,65.90,66.45,1232000,66.15
2012-02-23,67.07,67.30,66.26,66.57,1793300,66.27
2012-02-22,64.14,67.40,64.00,66.81,5280900,66.51
2012-02-21,61.33,62.91,60.89,62.46,3092000,62.18
2012-02-17,60.33,60.65,59.85,60.61,1182000,60.34
2012-02-16,59.67,60.50,59.33,60.12,1012300,59.85
2012-02-15,59.83,59.83,59.20,59.58,1209500,59.32
2012-02-14,60.05,60.63,59.28,59.42,898100,59.16
2012-02-13,59.21,60.68,58.91,60.24,1519200,59.97
2012-02-10,58.96,59.01,57.54,58.78,1299500,58.52
2012-02-09,59.78,59.86,59.01,59.64,803800,59.37
2012-02-08,59.40,60.00,59.10,59.84,838500,59.57
2012-02-07,59.25,59.67,58.78,59.21,698100,58.95
2012-02-06,58.50,59.20,57.86,59.19,855900,58.93
2012-02-03,57.99,58.97,57.55,58.88,1357400,58.62
2012-02-02,58.04,58.24,57.33,57.47,750800,57.21
2012-02-01,58.16,58.16,57.50,57.76,1146000,57.50
2012-01-31,57.30,58.18,57.30,57.88,1467000,57.62
2012-01-30,57.10,57.53,56.61,57.06,1080100,56.81
2012-01-27,57.03,57.97,56.75,57.48,1116700,57.22
2012-01-26,57.96,58.30,56.90,56.99,1536800,56.74
2012-01-25,56.71,57.74,55.93,57.49,949900,57.23
2012-01-24,56.78,56.97,55.52,56.56,1272500,56.31
2012-01-23,57.25,57.93,56.86,57.11,807300,56.86
2012-01-20,57.80,57.99,56.99,57.20,858700,56.95
2012-01-19,57.14,58.27,57.00,57.92,849200,57.66
2012-01-18,57.41,57.64,56.76,57.18,959600,56.93
2012-01-17,57.09,57.73,56.64,57.19,1147100,56.94
2012-01-13,55.42,56.53,55.24,56.52,1559600,56.27
2012-01-12,54.45,55.55,54.05,55.55,1384400,55.30
2012-01-11,54.12,55.49,53.39,54.04,1376200,53.80
2012-01-10,52.97,54.55,52.87,54.52,1631500,54.28
2012-01-09,51.94,52.90,51.76,52.30,996100,52.07
2012-01-06,51.49,52.42,51.49,51.86,1101800,51.63
2012-01-05,51.91,51.91,50.70,51.23,1776600,51.00
2012-01-04,52.13,52.88,51.76,51.91,919900,51.68
2012-01-03,52.65,53.35,52.30,52.46,1155200,52.23
2011-12-30,52.49,52.69,51.67,51.67,626000,51.44
2011-12-29,51.87,52.66,51.76,52.54,594900,52.31
2011-12-28,52.67,52.97,51.60,51.88,772800,51.65
2011-12-27,51.62,52.88,51.62,52.70,655900,52.47
2011-12-23,51.67,51.79,51.17,51.79,620800,51.56
2011-12-22,51.98,52.80,51.17,51.40,968500,51.17
2011-12-21,52.57,52.61,51.50,51.98,943500,51.75
2011-12-20,52.12,52.86,52.12,52.74,889800,52.51
2011-12-19,51.66,52.10,51.31,51.45,878800,51.22
2011-12-16,51.43,52.47,50.96,51.66,2060200,51.43
2011-12-15,51.51,52.08,50.69,51.02,1277300,50.79
2011-12-14,52.00,52.09,50.50,50.84,1351300,50.61
2011-12-13,54.27,54.34,51.89,52.47,1355000,52.24
2011-12-12,54.65,55.05,53.42,53.86,638600,53.62
2011-12-09,54.80,55.50,54.23,55.17,1330700,54.92
2011-12-08,54.50,55.39,54.25,54.64,987700,54.40
2011-12-07,55.59,55.64,54.35,54.80,1004700,54.56
2011-12-06,57.00,57.45,55.52,55.96,806000,55.71
2011-12-05,56.67,57.21,56.40,57.02,1561400,56.77
2011-12-02,56.38,56.86,55.46,55.87,1142000,55.62
2011-12-01,55.76,56.56,55.20,55.90,1401700,55.65
2011-11-30,55.89,57.00,55.30,55.30,5712700,55.05
2011-11-29,54.15,54.66,53.57,53.91,1558300,53.67
2011-11-28,54.34,54.86,53.42,53.98,2254000,53.74
2011-11-25,53.26,53.82,52.88,53.18,682500,52.94
2011-11-23,53.61,53.82,52.52,53.22,1304900,52.98
2011-11-22,54.12,54.47,53.19,54.11,1864100,53.87
2011-11-21,56.08,56.08,53.64,53.91,2701000,53.67
2011-11-18,56.23,57.50,55.80,57.11,1475600,56.86
2011-11-17,56.70,57.10,55.80,55.99,1617600,55.74
2011-11-16,58.99,59.17,56.35,56.68,1498200,56.43
2011-11-15,57.01,58.20,56.95,57.91,1257700,57.65
2011-11-14,57.01,57.50,56.57,57.16,1382300,56.91
2011-11-11,56.55,57.72,56.38,56.98,892700,56.73
2011-11-10,57.56,57.92,55.95,56.15,1884300,55.90
2011-11-09,57.47,58.39,57.02,57.15,1072600,56.90
2011-11-08,58.97,59.25,57.54,58.70,1551300,58.24
2011-11-07,59.82,60.27,58.65,58.87,2604300,58.41
2011-11-04,60.17,60.40,58.82,59.92,1640400,59.45
2011-11-03,60.40,60.94,59.82,60.78,1886600,60.30
2011-11-02,58.85,59.79,58.32,59.75,1747700,59.28
2011-11-01,55.12,60.30,54.60,58.03,5675100,57.58
2011-10-31,61.34,63.40,60.15,62.36,4219200,61.87
2011-10-28,58.58,61.92,58.58,61.34,2544100,60.86
2011-10-27,58.66,59.22,57.77,59.01,1381000,58.55
2011-10-26,57.45,58.32,56.34,57.14,963400,56.69
2011-10-25,57.46,57.72,56.21,56.36,1185900,55.92
2011-10-24,57.07,57.93,56.60,57.66,1199300,57.21
2011-10-21,56.39,57.33,56.39,56.66,741500,56.22
2011-10-20,55.63,56.42,55.12,55.49,1055700,55.06
2011-10-19,57.00,57.49,55.44,55.58,805900,55.14
2011-10-18,56.22,56.94,55.10,56.69,693400,56.25
2011-10-17,57.52,57.95,55.83,56.07,747500,55.63
2011-10-14,56.50,58.00,56.50,57.58,984600,57.13
2011-10-13,56.08,56.34,54.89,56.01,1067800,55.57
2011-10-12,55.61,56.57,55.11,56.14,1858300,55.70
2011-10-11,53.50,55.17,53.35,55.02,987300,54.59
2011-10-10,53.04,54.10,52.53,53.82,1220200,53.40
2011-10-07,53.90,54.14,51.71,52.37,1112100,51.96
2011-10-06,50.87,53.45,50.86,53.29,1938400,52.87
2011-10-05,50.29,51.29,49.34,50.76,2334400,50.36
2011-10-04,49.78,50.16,47.50,50.08,3400000,49.69
2011-10-03,53.00,53.94,50.58,50.77,2071400,50.37
2011-09-30,54.49,55.85,53.00,53.60,2150100,53.18
2011-09-29,59.01,59.16,54.28,55.86,2600200,55.42
2011-09-28,58.46,59.29,57.15,57.61,1658000,57.16
2011-09-27,58.64,60.00,57.75,58.15,2126900,57.69
2011-09-26,55.38,57.74,54.34,57.64,2159000,57.19
2011-09-23,53.71,54.86,53.18,54.66,1467500,54.23
2011-09-22,54.71,55.38,53.04,53.89,2285800,53.47
2011-09-21,58.02,58.87,56.67,56.70,1166700,56.26
2011-09-20,57.19,59.54,56.85,57.91,1250300,57.46
2011-09-19,57.53,57.81,56.44,57.09,1210200,56.64
2011-09-16,57.39,58.50,57.39,58.45,1340200,57.99
2011-09-15,56.67,57.49,56.38,57.37,1028200,56.92
2011-09-14,55.82,56.70,54.43,55.97,1032400,55.53
2011-09-13,52.73,55.50,52.68,54.85,1538300,54.42
2011-09-12,53.09,53.56,51.59,52.34,1521200,51.93
2011-09-09,56.85,56.98,53.23,53.81,1650800,53.39
2011-09-08,56.59,57.73,56.59,57.19,937100,56.74
2011-09-07,56.43,57.10,56.01,57.02,749000,56.57
2011-09-06,53.75,55.59,53.29,55.44,1025300,55.01
2011-09-02,54.95,55.93,54.47,55.33,812600,54.90
2011-09-01,56.12,57.52,55.94,56.09,1051500,55.65
2011-08-31,56.45,57.50,55.47,55.80,1116800,55.36
2011-08-30,55.26,56.44,54.13,55.87,1136200,55.43
2011-08-29,55.20,56.25,54.81,55.62,950200,55.18
2011-08-26,52.84,54.55,51.51,54.39,814600,53.96
2011-08-25,55.09,55.46,53.12,53.21,1058000,52.79
2011-08-24,52.70,54.46,52.46,54.33,1234700,53.90
2011-08-23,50.00,52.84,49.47,52.65,1579500,52.24
2011-08-22,49.05,50.30,48.40,49.73,1900000,49.34
2011-08-19,50.40,52.01,49.49,49.97,1638600,49.58
2011-08-18,53.33,53.33,51.13,51.48,1688500,51.08
2011-08-17,55.07,55.64,54.03,54.34,1185100,53.91
2011-08-16,56.23,56.30,54.00,55.00,1335800,54.57
2011-08-15,56.82,57.19,55.93,56.60,960200,56.16
2011-08-12,56.20,56.31,55.11,56.03,1265100,55.59
2011-08-11,54.25,56.27,53.51,55.34,2230600,54.91
2011-08-10,55.43,55.46,53.88,53.98,2888200,53.36
2011-08-09,52.42,56.88,51.85,56.12,2971000,55.47
2011-08-08,55.16,56.35,51.59,51.59,2804500,51.00
2011-08-05,58.77,59.34,55.69,58.38,2340600,57.71
2011-08-04,60.53,60.53,57.93,57.98,2601800,57.31
2011-08-03,59.09,61.13,58.42,61.06,2845000,60.36
2011-08-02,60.35,63.35,58.65,58.70,6328300,58.02
2011-08-01,57.10,57.11,53.52,55.54,2505000,54.90
2011-07-29,54.26,56.50,53.00,55.72,1479200,55.08
2011-07-28,56.97,57.03,55.56,56.44,1177900,55.79
2011-07-27,58.88,58.88,57.02,57.09,1300800,56.43
2011-07-26,59.01,59.95,58.78,59.21,809700,58.53
2011-07-25,58.70,58.85,58.12,58.55,663200,57.88
2011-07-22,58.44,59.09,58.04,58.80,667100,58.12
2011-07-21,58.11,58.36,57.37,57.95,520400,57.28
2011-07-20,58.68,58.94,57.69,57.75,521100,57.09
2011-07-19,57.54,58.55,57.52,58.22,608900,57.55
2011-07-18,57.34,57.34,56.25,57.07,728900,56.41
2011-07-15,58.06,58.15,57.15,57.61,615000,56.95
2011-07-14,58.90,59.10,57.36,57.97,796700,57.30
2011-07-13,58.49,59.62,58.41,58.50,805700,57.83
2011-07-12,57.51,58.21,57.51,57.88,776200,57.21
2011-07-11,58.37,59.00,57.51,57.80,867200,57.13
2011-07-08,58.23,59.36,57.65,59.11,928000,58.43
2011-07-07,59.91,60.99,58.90,59.01,1215400,58.33
2011-07-06,59.35,59.73,58.50,59.08,1191000,58.40
2011-07-05,58.30,60.14,58.06,59.14,1540000,58.46
2011-07-01,57.97,58.39,57.41,57.94,865900,57.27
2011-06-30,57.51,57.99,56.92,57.64,850400,56.98
2011-06-29,57.46,58.72,56.79,57.11,1127600,56.45
2011-06-28,55.35,57.56,55.33,57.47,1085900,56.81
2011-06-27,55.06,55.74,54.49,54.93,936000,54.30
2011-06-24,55.09,55.37,54.63,54.93,871800,54.30
2011-06-23,53.73,55.23,53.19,55.11,961900,54.48
2011-06-22,54.96,55.14,54.28,54.32,584600,53.69
2011-06-21,53.50,55.35,53.50,54.99,911200,54.36
2011-06-20,52.82,53.62,52.46,53.39,739900,52.78
2011-06-17,52.73,53.63,52.43,52.80,1036000,52.19
2011-06-16,53.88,54.55,51.68,52.45,1594700,51.85
2011-06-15,54.81,55.16,53.89,54.05,960400,53.43
2011-06-14,54.51,54.98,54.41,54.56,1051100,53.93
2011-06-13,53.39,55.25,53.39,54.01,1283200,53.39
2011-06-10,53.78,54.00,52.62,53.29,919900,52.68
2011-06-09,53.16,54.73,52.96,54.00,1498300,53.38
2011-06-08,54.50,54.74,52.43,52.76,1682900,52.15
2011-06-07,54.83,55.23,54.35,54.49,1182700,53.86
2011-06-06,55.33,55.88,54.24,54.31,811100,53.68
2011-06-03,55.86,56.31,55.01,55.24,1289900,54.60
2011-06-02,54.51,57.37,54.51,56.91,1986800,56.25
2011-06-01,56.28,56.39,54.51,54.56,1436300,53.93
2011-05-31,55.21,56.49,54.79,56.28,1277900,55.63
2011-05-27,54.45,54.75,54.03,54.50,961000,53.87
2011-05-26,53.37,54.35,53.32,54.24,1040200,53.62
2011-05-25,53.31,53.50,52.03,53.31,1053700,52.70
2011-05-24,52.50,52.83,51.89,52.41,834000,51.81
2011-05-23,51.84,52.62,50.74,52.39,1170100,51.79
2011-05-20,52.56,52.70,51.82,52.04,1045400,51.44
2011-05-19,53.65,53.79,52.08,52.73,1390200,52.02
2011-05-18,52.23,54.60,51.50,53.29,2203100,52.58
2011-05-17,104.40,104.96,103.20,103.86,1520200,51.23
2011-05-16,106.83,106.85,103.81,104.31,1322000,51.46
2011-05-13,106.83,107.83,106.23,106.75,1187800,52.66
2011-05-12,107.80,107.80,105.57,106.69,1682000,52.63
2011-05-11,107.94,108.49,105.81,107.81,1832400,53.18
2011-05-10,106.50,108.42,106.22,107.55,1778600,53.05
2011-05-09,105.00,106.68,104.71,106.15,1858200,52.36
2011-05-06,104.41,105.48,103.30,104.84,1570600,51.72
2011-05-05,99.87,104.51,99.53,103.47,2008000,51.04
2011-05-04,101.59,101.72,99.64,100.22,2461800,49.44
2011-05-03,97.13,104.32,97.13,102.22,6488600,50.43
2011-05-02,90.63,92.65,90.00,90.25,2842000,44.52
2011-04-29,89.95,90.20,89.74,89.78,828000,44.29
2011-04-28,90.00,90.00,89.10,89.80,1089000,44.30
2011-04-27,88.59,90.32,88.51,89.99,1426000,44.39
2011-04-26,85.98,88.08,85.80,88.04,862400,43.43
2011-04-25,85.82,86.40,85.31,85.75,696800,42.30
2011-04-21,86.50,86.69,85.92,86.00,672200,42.42
2011-04-20,87.40,87.40,85.55,85.96,1124800,42.40
2011-04-19,85.30,86.58,84.92,86.41,630600,42.63
2011-04-18,85.78,85.78,84.29,85.42,808000,42.14
2011-04-15,84.74,86.14,84.18,86.14,827400,42.49
2011-04-14,85.00,85.00,84.00,84.62,758400,41.74
2011-04-13,84.50,85.69,84.16,85.30,912200,42.08
2011-04-12,82.97,84.66,82.84,84.13,653400,41.50
2011-04-11,83.18,84.29,82.73,83.86,744000,41.37
2011-04-08,83.22,84.15,83.02,83.46,563400,41.17
2011-04-07,82.48,83.42,82.34,83.24,694800,41.06
2011-04-06,82.97,83.80,82.21,82.94,986600,40.91
2011-04-05,80.99,82.79,80.99,82.70,696200,40.80
2011-04-04,81.20,81.80,80.75,81.00,764200,39.96
2011-04-01,81.54,81.94,80.63,81.25,1094400,40.08
2011-03-31,81.88,82.12,81.14,81.36,382000,40.14
2011-03-30,81.44,82.52,81.35,81.81,722600,40.36
2011-03-29,81.27,81.79,80.82,80.97,817200,39.94
2011-03-28,80.99,82.14,80.99,81.17,868400,40.04
2011-03-25,80.55,81.49,80.23,80.86,1060400,39.89
2011-03-24,81.53,81.76,80.03,80.51,1484200,39.72
2011-03-23,80.44,82.00,80.00,81.21,1439000,40.06
2011-03-22,80.77,80.99,79.51,80.66,1557800,39.79
2011-03-21,77.56,81.00,76.97,80.64,2080400,39.78
2011-03-18,77.30,77.55,76.56,76.75,930400,37.86
2011-03-17,77.70,78.00,76.74,76.78,914000,37.88
2011-03-16,77.56,78.28,76.50,76.88,1154800,37.93
2011-03-15,76.63,78.32,75.51,77.70,1357800,38.33
2011-03-14,79.51,79.54,77.78,78.51,1004000,38.73
2011-03-11,78.53,79.63,77.75,79.37,1235000,39.15
2011-03-10,79.32,80.15,78.37,79.19,2086000,39.06
2011-03-09,77.49,81.20,77.39,80.32,2145000,39.62
2011-03-08,75.51,77.72,75.40,77.68,1743200,38.32
2011-03-07,76.48,76.66,74.53,75.01,1305800,37.00
2011-03-04,76.58,76.84,75.80,76.56,1217800,37.77
2011-03-03,76.31,76.74,75.94,76.56,1454800,37.64
2011-03-02,75.52,76.92,75.01,76.00,1201600,37.37
2011-03-01,78.32,78.32,74.59,75.42,1980200,37.08
2011-02-28,78.20,79.52,78.01,78.41,1295800,38.55
2011-02-25,77.17,78.51,76.52,78.20,1256200,38.45
2011-02-24,76.13,77.28,75.20,77.02,2800000,37.87
2011-02-23,75.10,77.64,71.71,76.90,5030800,37.81
2011-02-22,68.79,70.00,68.45,69.85,1222800,34.34
2011-02-18,68.70,69.80,68.60,69.54,1052000,34.19
2011-02-17,67.61,68.63,67.22,68.34,1757800,33.60
2011-02-16,67.19,67.36,66.26,67.18,859200,33.03
2011-02-15,68.33,68.50,66.91,66.96,659000,32.92
2011-02-14,68.05,68.79,67.95,68.49,423000,33.68
2011-02-11,67.81,68.34,67.51,68.07,708200,33.47
2011-02-10,68.98,69.12,67.67,68.07,858400,33.47
2011-02-09,67.61,69.20,67.45,69.16,1245600,34.01
2011-02-08,67.19,68.25,67.18,68.17,515200,33.52
2011-02-07,66.92,67.71,66.52,67.26,879800,33.07
2011-02-04,67.14,67.26,66.36,66.99,411600,32.94
2011-02-03,67.15,67.52,66.53,67.22,605000,33.05
2011-02-02,67.19,68.03,67.02,67.12,742600,33.00
2011-02-01,65.54,67.50,65.54,67.38,487000,33.13
2011-01-31,65.41,65.89,64.74,65.33,682400,32.12
2011-01-28,67.10,67.25,65.22,65.31,574800,32.11
2011-01-27,66.17,67.07,65.80,67.01,908800,32.95
2011-01-26,65.94,66.73,65.92,66.16,972400,32.53
2011-01-25,64.26,65.80,64.08,65.68,1190000,32.29
2011-01-24,63.67,64.94,62.51,64.35,1321000,31.64
2011-01-21,64.43,65.70,64.43,65.05,992800,31.98
2011-01-20,63.56,64.41,63.17,64.12,1006600,31.53
2011-01-19,65.67,65.86,63.09,63.76,2473800,31.35
2011-01-18,68.31,68.34,64.81,65.89,2515000,32.40
2011-01-14,69.19,69.49,67.88,68.62,947200,33.74
2011-01-13,69.28,69.48,68.57,69.37,543000,34.11
2011-01-12,69.61,70.18,69.32,69.36,573400,34.10
2011-01-11,70.00,70.00,68.38,69.33,680000,34.09
2011-01-10,68.83,70.27,68.66,69.66,687600,34.25
2011-01-07,69.50,69.89,68.40,69.19,358400,34.02
2011-01-06,68.64,69.60,68.35,69.20,414600,34.03
2011-01-05,67.98,69.00,67.72,68.72,800000,33.79
2011-01-04,68.69,68.96,67.79,68.34,879600,33.60
2011-01-03,68.62,69.45,68.62,68.85,647000,33.85
2010-12-31,68.71,68.79,68.06,68.37,364400,33.62
2010-12-30,68.80,69.25,68.54,68.75,280800,33.80
2010-12-29,68.63,69.33,68.63,68.80,363400,33.83
2010-12-28,69.06,69.06,68.25,68.60,426800,33.73
2010-12-27,68.61,69.00,68.13,68.86,534600,33.86
2010-12-23,69.09,69.35,68.57,69.00,441600,33.93
2010-12-22,68.86,69.47,68.23,69.27,555000,34.06
2010-12-21,68.38,68.99,68.17,68.69,428200,33.77
2010-12-20,68.75,68.83,68.01,68.30,606600,33.58
2010-12-17,68.37,69.01,68.26,68.43,772600,33.65
2010-12-16,68.76,69.18,68.01,68.16,811800,33.51
2010-12-15,68.81,69.01,68.12,68.74,1124600,33.80
2010-12-14,68.22,69.34,68.14,68.78,748200,33.82
2010-12-13,69.35,69.38,68.25,68.31,791800,33.59
2010-12-10,69.13,69.53,68.89,69.02,833800,33.94
2010-12-09,69.44,69.79,68.95,69.05,917600,33.95
2010-12-08,69.64,69.72,68.91,69.05,1105200,33.95
2010-12-07,70.48,70.93,69.35,69.44,955200,34.14
2010-12-06,70.21,70.37,67.51,69.86,1707800,34.35
2010-12-03,70.73,71.16,70.44,70.79,427200,34.81
2010-12-02,69.00,71.29,69.00,70.91,1183200,34.87
2010-12-01,69.36,70.35,68.77,69.23,1756400,34.04
2010-11-30,68.84,69.71,68.50,68.63,3767600,33.74
2010-11-29,68.42,70.03,68.20,69.77,928400,34.31
2010-11-26,68.61,69.50,68.50,68.87,177600,33.86
2010-11-24,68.59,68.97,68.44,68.83,550400,33.84
2010-11-23,68.75,68.78,67.80,68.26,843800,33.56
2010-11-22,68.70,69.49,68.61,69.27,910000,34.06
2010-11-19,67.90,68.80,67.50,68.78,753400,33.82
2010-11-18,67.69,68.27,67.69,67.92,816000,33.40
2010-11-17,66.14,67.36,65.91,67.08,557200,32.98
2010-11-16,66.84,66.85,65.71,66.17,1075600,32.54
2010-11-15,67.43,68.00,67.23,67.36,766800,33.12
2010-11-12,67.46,67.75,66.56,67.33,1035600,33.11
2010-11-11,65.36,67.92,65.36,67.65,1185000,33.26
2010-11-10,65.40,65.92,64.95,65.92,725600,32.41
2010-11-09,66.69,67.12,65.63,65.81,1180200,32.24
2010-11-08,65.30,66.99,65.00,66.65,1227200,32.65
2010-11-05,65.48,66.25,65.28,65.68,1012200,32.17
2010-11-04,64.56,65.62,64.07,65.52,1506200,32.09
2010-11-03,62.75,63.62,62.45,63.58,2267800,31.14
2010-11-02,63.15,63.31,60.25,62.75,4524400,30.74
2010-11-01,64.48,65.43,63.57,64.95,2165600,31.81
2010-10-29,63.24,63.90,63.21,63.86,621400,31.28
2010-10-28,63.71,63.88,62.97,63.22,726000,30.97
2010-10-27,62.73,63.95,62.65,63.27,918600,30.99
2010-10-26,63.28,63.74,62.60,62.96,793800,30.84
2010-10-25,64.02,64.39,63.36,63.46,556800,31.08
2010-10-22,63.54,63.73,63.24,63.69,524800,31.20
2010-10-21,64.42,64.60,62.80,63.28,1222800,31.00
2010-10-20,62.80,64.23,62.73,64.01,979000,31.35
2010-10-19,64.01,64.39,62.27,62.61,1429600,30.67
2010-10-18,65.27,65.69,64.61,64.75,981200,31.72
2010-10-15,65.92,66.00,64.94,65.17,767200,31.92
2010-10-14,64.86,65.84,64.80,65.34,1243200,32.01
2010-10-13,65.73,66.33,64.64,64.85,1216400,31.77
2010-10-12,64.83,65.33,64.70,65.27,1277000,31.97
2010-10-11,64.48,65.50,64.48,64.95,991000,31.81
2010-10-08,63.18,64.92,62.99,64.51,1410800,31.60
2010-10-07,61.75,63.29,61.68,63.20,1100600,30.96
2010-10-06,61.71,62.77,61.27,61.45,1248000,30.10
2010-10-05,60.44,61.78,60.44,61.75,1196200,30.25
2010-10-04,60.84,60.97,59.50,60.21,767200,29.49
2010-10-01,60.48,61.46,60.29,60.84,1010600,29.80
2010-09-30,59.39,60.45,58.88,60.35,1504600,29.56
2010-09-29,59.74,60.65,59.26,59.27,1684000,29.03
2010-09-28,59.24,59.91,58.20,59.77,780800,29.28
2010-09-27,59.75,59.95,58.78,58.82,969000,28.81
2010-09-24,58.36,60.07,58.36,59.77,817200,29.28
2010-09-23,58.51,59.04,57.25,58.05,1037600,28.43
2010-09-22,59.58,59.90,58.76,59.12,548400,28.96
2010-09-21,59.90,60.01,58.95,59.50,877400,29.14
2010-09-20,59.24,60.12,59.14,60.08,1018600,29.43
2010-09-17,59.48,59.78,58.31,58.88,1058400,28.84
2010-09-16,58.92,59.56,58.45,59.20,377200,29.00
2010-09-15,58.79,59.55,58.56,59.11,725600,28.95
2010-09-14,59.90,59.99,59.02,59.13,1095600,28.96
2010-09-13,58.21,59.80,58.00,59.70,1603400,29.24
2010-09-10,58.47,58.52,57.56,57.59,919000,28.21
2010-09-09,58.88,59.45,57.95,58.05,1742200,28.43
2010-09-08,56.33,58.88,56.33,58.09,2157200,28.45
2010-09-07,56.49,57.12,56.23,56.32,1439400,27.59
2010-09-03,56.60,57.03,56.30,56.45,1431600,27.65
2010-09-02,56.50,56.75,56.13,56.19,877400,27.52
2010-09-01,56.34,56.76,55.72,56.38,1478200,27.62
2010-08-31,54.69,56.24,54.33,55.58,1952800,27.22
2010-08-30,55.03,55.45,54.21,55.09,1311600,26.98
2010-08-27,53.73,55.57,52.84,55.05,1350000,26.96
2010-08-26,53.76,54.97,53.12,53.19,885000,26.05
2010-08-25,54.20,54.44,53.23,54.07,1460400,26.48
2010-08-24,55.15,55.45,54.15,54.64,1422800,26.76
2010-08-23,55.57,57.28,55.57,55.84,1784400,27.35
2010-08-20,55.41,55.59,55.00,55.44,535200,27.16
2010-08-19,56.10,56.10,55.02,55.48,773200,27.18
2010-08-18,56.63,56.96,56.18,56.18,736600,27.52
2010-08-17,55.41,57.58,55.25,56.75,1663400,27.80
2010-08-16,54.19,55.30,53.92,55.24,852200,27.06
2010-08-13,54.23,55.37,54.11,54.55,855200,26.72
2010-08-12,54.36,54.59,53.88,54.56,1261600,26.72
2010-08-11,55.92,55.96,54.95,55.06,1635000,26.97
2010-08-10,56.50,57.59,56.08,56.72,1462000,27.78
2010-08-09,57.19,57.54,56.75,57.24,732600,27.92
2010-08-06,54.89,56.63,54.89,56.49,1362200,27.55
2010-08-05,56.20,56.37,54.75,55.15,1060600,26.90
2010-08-04,54.85,56.51,53.75,56.38,3359200,27.50
2010-08-03,53.10,55.82,52.50,54.93,6775000,26.79
2010-08-02,50.23,50.39,49.10,49.19,1417400,23.99
2010-07-30,49.42,50.18,49.20,49.64,762600,24.21
2010-07-29,50.67,50.99,49.46,50.22,497200,24.49
2010-07-28,51.07,51.40,50.32,50.56,564000,24.66
2010-07-27,51.72,51.79,51.10,51.14,678600,24.94
2010-07-26,49.80,51.52,49.80,51.30,999200,25.02
2010-07-23,49.06,50.12,48.83,50.10,577000,24.43
2010-07-22,50.00,50.37,49.02,49.24,1065000,24.01
2010-07-21,49.68,50.00,49.23,49.50,963800,24.14
2010-07-20,48.87,49.18,48.00,49.15,670200,23.97
2010-07-19,49.20,49.52,48.35,48.93,591400,23.86
2010-07-16,49.90,49.90,48.83,49.08,868800,23.94
2010-07-15,49.39,50.19,48.95,50.06,1879800,24.41
2010-07-14,48.22,49.17,47.81,49.02,623800,23.91
2010-07-13,48.84,48.92,48.15,48.56,927600,23.68
2010-07-12,48.68,48.99,48.18,48.51,626400,23.66
2010-07-09,47.95,48.64,47.95,48.64,232600,23.72
2010-07-08,48.00,48.47,47.52,48.11,448600,23.46
2010-07-07,45.53,47.80,45.32,47.76,624000,23.29
2010-07-06,46.82,46.90,45.30,45.61,746400,22.24
2010-07-02,47.84,47.85,45.60,46.01,599200,22.44
2010-07-01,46.44,46.55,44.95,46.34,849600,22.60
2010-06-30,45.95,47.38,45.94,46.05,901800,22.46
2010-06-29,46.73,46.73,45.63,46.27,1439000,22.57
2010-06-28,48.17,48.21,47.25,47.33,670400,23.08
2010-06-25,47.21,48.11,47.06,47.75,1032200,23.29
2010-06-24,46.89,47.74,46.89,47.26,675800,23.05
2010-06-23,48.16,48.36,47.28,47.56,858000,23.19
2010-06-22,49.06,49.94,48.19,48.24,1159600,23.53
2010-06-21,49.93,50.00,48.66,48.95,1090800,23.87
2010-06-18,48.07,49.64,47.93,49.34,1701400,24.06
2010-06-17,48.51,48.51,47.72,48.08,561000,23.45
2010-06-16,47.40,48.69,47.33,48.25,987800,23.53
2010-06-15,46.64,47.98,46.44,47.92,913000,23.37
2010-06-14,47.11,47.49,46.30,46.57,1034800,22.71
2010-06-11,45.98,47.22,45.85,47.14,1661400,22.99
2010-06-10,44.64,46.40,44.31,46.28,1034800,22.57
2010-06-09,43.85,44.79,43.57,43.82,705800,21.37
2010-06-08,43.71,43.75,42.70,43.48,1096200,21.20
2010-06-07,44.89,44.91,43.30,43.30,796200,21.12
2010-06-04,45.97,46.20,44.58,44.75,896000,21.82
2010-06-03,46.44,47.33,46.39,46.93,941800,22.89
2010-06-02,44.53,46.60,44.53,46.55,1516600,22.70
2010-06-01,44.67,45.32,44.35,44.39,1092200,21.65
2010-05-28,45.80,45.80,44.86,45.15,1009400,22.02
2010-05-27,44.13,45.57,44.03,45.52,1138800,22.20
2010-05-26,43.71,44.57,43.16,43.30,1322400,21.12
2010-05-25,43.09,43.75,42.35,43.55,1781400,21.24
2010-05-24,44.11,44.60,43.62,43.92,1674600,21.42
2010-05-21,42.69,44.97,42.33,44.18,2592800,21.55
2010-05-20,44.76,45.79,43.15,43.64,3577400,21.28
2010-05-19,45.70,46.41,44.60,46.27,1916200,22.57
2010-05-18,46.78,47.44,45.82,45.98,1615000,22.42
2010-05-17,47.07,47.52,45.63,46.52,1736000,22.69
2010-05-14,47.99,48.19,46.50,47.02,1541400,22.93
2010-05-13,47.73,49.26,47.71,48.27,1763800,23.54
2010-05-12,46.85,47.45,46.57,47.12,1396800,22.98
2010-05-11,46.34,47.05,46.03,46.67,2706200,22.76
2010-05-10,48.41,48.75,46.79,46.93,1481600,22.89
2010-05-07,46.41,46.55,44.75,45.88,2120600,22.38
2010-05-06,47.42,48.31,43.80,46.25,2171600,22.56
2010-05-05,49.50,49.82,47.51,48.11,2193200,23.37
2010-05-04,50.61,53.00,49.62,49.95,5763400,24.26
2010-05-03,48.83,49.48,48.53,49.01,2448600,23.80
2010-04-30,48.14,48.76,47.92,48.25,1667600,23.43
2010-04-29,47.49,48.70,47.49,48.34,1902600,23.48
2010-04-28,47.30,47.72,46.74,47.31,1446600,22.98
2010-04-27,47.60,47.86,46.45,46.70,1392400,22.68
2010-04-26,48.50,48.67,47.94,48.15,2048200,23.38
2010-04-23,46.49,48.49,46.21,48.45,2642200,23.53
2010-04-22,45.52,46.58,45.14,46.54,933800,22.60
2010-04-21,45.94,46.57,45.57,45.95,732200,22.32
2010-04-20,44.45,46.00,44.45,45.89,1490000,22.29
2010-04-19,44.80,44.90,43.84,44.25,1338000,21.49
2010-04-16,46.17,46.49,44.56,45.04,1514600,21.87
2010-04-15,46.03,46.74,45.68,46.11,1211400,22.39
2010-04-14,44.87,46.40,44.84,46.31,1544000,22.49
2010-04-13,45.26,45.34,43.83,44.79,2601400,21.75
2010-04-12,46.12,46.12,45.40,45.46,684600,22.08
2010-04-09,45.99,46.24,45.56,46.12,860000,22.40
2010-04-08,46.39,46.39,45.30,45.96,718400,22.32
2010-04-07,46.61,46.75,45.94,46.44,633200,22.55
2010-04-06,46.93,46.93,45.93,46.53,985800,22.60
2010-04-05,47.96,47.96,46.19,46.47,1425800,22.57
2010-04-01,46.42,47.91,46.39,47.66,1341000,23.15
2010-03-31,45.53,46.60,45.53,46.12,912600,22.40
2010-03-30,46.54,46.64,45.91,46.45,1150400,22.56
2010-03-29,44.91,46.70,44.73,46.10,2049600,22.39
2010-03-26,44.42,44.74,43.90,44.62,819400,21.67
2010-03-25,44.47,45.00,44.09,44.41,985800,21.57
2010-03-24,44.16,44.20,43.75,44.13,789400,21.43
2010-03-23,42.88,44.50,42.87,44.27,1315200,21.50
2010-03-22,42.78,43.05,42.42,42.99,603400,20.88
2010-03-19,44.06,44.22,42.60,42.85,1421200,20.81
2010-03-18,43.60,44.20,43.14,44.14,824800,21.44
2010-03-17,43.59,43.90,43.30,43.50,567200,21.13
2010-03-16,43.40,43.64,42.83,43.58,504800,21.17
2010-03-15,43.64,43.67,42.93,43.19,596800,20.98
2010-03-12,43.24,43.74,43.10,43.65,785200,21.20
2010-03-11,42.78,42.99,42.38,42.99,1019000,20.88
2010-03-10,43.22,43.22,42.40,42.77,815200,20.77
2010-03-09,42.29,43.23,42.29,43.22,1091800,20.99
2010-03-08,43.03,43.03,42.18,42.66,899800,20.72
2010-03-05,42.72,43.04,42.57,42.84,816000,20.81
2010-03-04,42.78,43.05,42.05,42.24,985800,20.51
2010-03-03,42.19,43.14,42.13,42.62,1704200,20.70
2010-03-02,41.30,42.56,41.30,42.00,2560400,20.40
2010-03-01,39.92,41.47,39.65,41.35,2562600,20.08
2010-02-26,38.84,40.37,38.25,40.05,2161600,19.45
2010-02-25,38.58,39.28,38.00,39.14,1403400,18.91
2010-02-24,38.33,39.42,37.48,39.01,3754800,18.85
2010-02-23,39.21,39.41,37.85,38.25,2341600,18.48
2010-02-22,40.30,40.30,38.38,39.43,2036000,19.05
2010-02-19,40.69,40.74,39.98,40.07,987800,19.36
2010-02-18,40.15,40.99,40.11,40.90,893600,19.76
2010-02-17,40.06,40.53,39.70,40.00,850400,19.33
2010-02-16,39.13,39.91,38.93,39.76,785800,19.21
2010-02-12,37.81,38.72,37.34,38.72,1074200,18.71
2010-02-11,37.33,38.14,37.12,38.06,1225800,18.39
2010-02-10,37.87,37.99,37.06,37.23,972800,17.99
2010-02-09,38.30,38.36,37.46,37.87,948400,18.30
2010-02-08,38.35,38.35,37.64,38.01,709400,18.37
2010-02-05,38.55,38.95,37.78,38.45,993400,18.58
2010-02-04,39.73,39.94,38.56,38.58,806000,18.64
2010-02-03,40.50,40.75,40.00,40.19,533800,19.42
2010-02-02,39.74,40.85,39.45,40.71,726400,19.67
2010-02-01,39.15,39.49,38.79,39.48,1227400,19.08
2010-01-29,41.18,41.18,38.83,38.85,1297800,18.77
2010-01-28,40.84,41.42,40.54,41.08,1236400,19.85
2010-01-27,40.75,40.89,40.00,40.50,694200,19.57
2010-01-26,41.00,41.17,40.36,40.87,720000,19.75
2010-01-25,41.58,41.75,41.11,41.20,768600,19.91
2010-01-22,42.50,42.59,41.12,41.28,919400,19.95
2010-01-21,44.03,44.34,42.50,42.56,868200,20.56
2010-01-20,44.96,45.18,43.78,43.88,968800,21.20
2010-01-19,44.59,45.16,44.46,45.03,1907600,21.76
2010-01-15,43.23,45.00,43.17,44.55,2437200,21.53
2010-01-14,43.06,43.45,42.81,43.06,2063400,20.81
2010-01-13,42.81,43.15,42.13,43.06,1372200,20.81
2010-01-12,43.30,43.60,42.55,42.99,1245800,20.77
2010-01-11,43.75,43.75,43.22,43.58,1190600,21.06
2010-01-08,42.82,43.78,42.82,43.70,1519200,21.11
2010-01-07,42.81,43.13,42.71,43.01,1271600,20.78
2010-01-06,42.35,43.15,42.35,42.86,1396200,20.71
2010-01-05,41.45,42.31,41.17,42.08,1437600,20.33
2010-01-04,40.83,41.75,40.83,41.33,1203800,19.97
2009-12-31,40.55,40.86,40.51,40.57,631600,19.60
2009-12-30,40.85,40.87,40.58,40.74,608600,19.68
2009-12-29,40.66,40.94,40.49,40.80,937000,19.71
2009-12-28,40.90,41.23,40.11,40.28,844400,19.46
2009-12-24,40.45,41.06,40.37,40.84,352400,19.73
2009-12-23,40.54,40.96,40.15,40.25,2098400,19.45
2009-12-22,40.75,41.04,40.25,40.52,1366600,19.58
2009-12-21,40.59,41.54,40.23,40.73,1729000,19.68
2009-12-18,41.50,41.50,40.56,40.95,1652400,19.79
2009-12-17,41.70,41.99,41.06,41.25,2186200,19.93
2009-12-16,41.93,42.61,41.73,42.13,1544000,20.36
2009-12-15,41.43,42.25,41.25,41.97,1854600,20.28
2009-12-14,41.38,41.98,41.38,41.77,2308200,20.18
2009-12-11,41.78,42.00,40.68,41.17,2505600,19.89
2009-12-10,42.72,43.09,42.40,42.74,1077400,20.65
2009-12-09,42.89,42.89,42.00,42.55,1287600,20.56
2009-12-08,43.25,43.59,42.61,43.25,715200,20.90
2009-12-07,43.50,43.72,43.18,43.32,1130000,20.93
2009-12-04,43.37,43.92,42.53,43.35,1144800,20.95
2009-12-03,43.24,43.44,42.66,42.77,1207600,20.67
2009-12-02,43.94,44.23,43.02,43.24,1269800,20.89
2009-12-01,42.53,44.43,42.45,43.98,1619000,21.25
2009-11-30,42.40,42.52,41.60,41.94,1796800,20.26
2009-11-27,42.51,42.62,41.60,42.41,396000,20.49
2009-11-25,43.50,43.55,42.89,43.36,800600,20.95
2009-11-24,43.60,43.60,42.61,43.26,673400,20.90
2009-11-23,42.62,43.73,42.62,43.53,1212800,21.03
2009-11-20,42.44,42.75,42.12,42.40,1313600,20.39
2009-11-19,43.12,43.12,42.30,42.69,1407000,20.53
2009-11-18,43.67,44.05,43.14,43.64,886200,20.99
2009-11-17,43.05,43.70,42.81,43.58,1350200,20.96
2009-11-16,42.00,43.38,41.91,43.15,1309400,20.75
2009-11-13,41.93,41.95,41.46,41.88,923400,20.14
2009-11-12,41.89,41.93,41.28,41.62,1136800,20.02
2009-11-11,41.36,41.97,41.05,41.80,1586800,20.10
2009-11-10,39.97,41.11,39.94,40.90,2240600,19.67
2009-11-09,39.96,40.05,39.76,40.00,1675000,19.24
2009-11-06,39.29,39.90,39.00,39.67,2421400,19.08
2009-11-05,38.33,39.45,38.22,39.45,1798000,18.97
2009-11-04,37.53,38.66,37.53,38.07,1978200,18.31
2009-11-03,36.99,37.65,35.33,37.53,4570200,18.05
2009-11-02,33.52,34.66,33.39,34.64,1515600,16.66
2009-10-30,34.84,35.00,33.36,33.65,1438600,16.18
2009-10-29,33.75,35.03,33.63,34.76,1336800,16.72
2009-10-28,35.83,35.83,33.53,33.63,2276800,16.17
2009-10-27,37.24,37.31,35.73,35.87,1416200,17.25
2009-10-26,38.23,38.82,37.18,37.24,1260000,17.91
2009-10-23,38.44,38.49,37.80,38.00,1114800,18.27
2009-10-22,38.16,38.74,38.00,38.55,1112400,18.54
2009-10-21,38.47,39.19,38.20,38.29,1271000,18.41
2009-10-20,37.17,38.49,37.17,38.42,2264000,18.48
2009-10-19,37.15,37.57,36.74,37.17,896400,17.88
2009-10-16,37.14,37.39,36.92,37.20,908200,17.89
2009-10-15,36.82,37.24,36.47,37.24,995600,17.91
2009-10-14,36.92,37.30,36.60,37.08,1969600,17.83
2009-10-13,35.95,36.90,35.76,36.75,1828800,17.67
2009-10-12,36.59,36.72,35.73,35.98,1198200,17.30
2009-10-09,35.40,36.78,35.25,36.27,1993200,17.44
2009-10-08,34.50,35.40,34.38,35.31,1134000,16.98
2009-10-07,34.06,34.35,33.92,34.19,884800,16.44
2009-10-06,33.50,34.67,33.33,34.26,1385200,16.48
2009-10-05,32.69,33.49,32.29,33.37,1032600,16.05
2009-10-02,31.79,32.75,31.47,32.39,888600,15.58
2009-10-01,32.79,33.09,31.83,32.02,898600,15.40
2009-09-30,32.53,33.00,31.38,32.74,926600,15.74
2009-09-29,32.30,32.56,32.08,32.30,1134800,15.53
2009-09-28,31.92,32.26,31.61,32.09,653200,15.43
2009-09-25,31.47,32.01,31.38,31.89,401400,15.34
2009-09-24,32.58,32.84,31.54,31.84,738400,15.31
2009-09-23,32.67,32.85,32.29,32.39,725800,15.58
2009-09-22,33.05,33.05,32.13,32.68,1168600,15.72
2009-09-21,31.69,33.30,31.69,32.99,566800,15.86
2009-09-18,33.07,33.33,32.43,33.30,489800,16.01
2009-09-17,33.95,34.34,32.57,32.68,1307400,15.72
2009-09-16,32.45,34.13,32.24,34.04,1712200,16.37
2009-09-15,31.96,32.30,31.79,32.23,738600,15.50
2009-09-14,31.56,32.24,31.42,32.14,730000,15.46
2009-09-11,32.74,32.75,31.57,31.93,919800,15.36
2009-09-10,31.95,32.76,31.95,32.67,600600,15.71
2009-09-09,31.01,32.46,30.78,32.10,1219000,15.44
2009-09-08,30.40,31.45,30.10,31.08,1273000,14.95
2009-09-04,30.20,30.41,29.84,30.31,675000,14.58
2009-09-03,29.81,30.06,29.19,30.03,669000,14.44
2009-09-02,30.01,30.31,29.78,29.78,859600,14.32
2009-09-01,30.26,30.86,30.02,30.22,1163600,14.53
2009-08-31,30.49,30.61,30.19,30.28,1072400,14.56
2009-08-28,31.20,31.35,30.30,30.72,843000,14.77
2009-08-27,31.40,31.49,30.58,30.85,1080000,14.84
2009-08-26,32.35,32.42,31.14,31.26,1229200,15.03
2009-08-25,33.00,33.33,32.44,32.69,690800,15.62
2009-08-24,33.00,33.36,32.81,33.04,703400,15.79
2009-08-21,32.59,33.02,32.42,32.99,766200,15.77
2009-08-20,32.39,32.79,32.26,32.45,829600,15.51
2009-08-19,32.03,32.51,31.93,32.39,800600,15.48
2009-08-18,32.50,33.00,32.35,32.53,1082200,15.55
2009-08-17,32.47,32.88,32.36,32.64,779000,15.60
2009-08-14,33.18,33.35,32.95,33.32,1116000,15.93
2009-08-13,33.31,33.39,32.94,33.28,1193600,15.91
2009-08-12,31.71,33.05,31.50,32.97,1440000,15.76
2009-08-11,32.00,32.08,31.50,31.92,1075600,15.26
2009-08-10,32.18,32.50,31.99,32.21,868600,15.39
2009-08-07,32.55,32.69,31.55,32.14,1656400,15.36
2009-08-06,31.90,32.52,31.71,31.91,1199600,15.25
2009-08-05,31.47,32.16,30.70,32.06,2268000,15.32
2009-08-04,31.48,32.63,30.88,31.30,6556600,14.96
2009-08-03,34.80,35.87,33.96,35.77,2607400,17.10
2009-07-31,33.77,34.93,33.70,34.41,1671800,16.45
2009-07-30,31.91,33.99,31.85,33.57,1685200,16.05
2009-07-29,32.00,32.43,31.22,31.61,1657000,15.11
2009-07-28,32.00,32.80,31.62,32.47,1426600,15.52
2009-07-27,32.56,32.56,31.45,32.00,691200,15.29
2009-07-24,32.19,32.63,31.89,32.43,701800,15.50
2009-07-23,32.01,32.99,31.43,32.39,1234400,15.48
2009-07-22,31.63,32.16,31.43,31.63,906600,15.12
2009-07-21,32.79,32.84,31.44,32.09,891000,15.34
2009-07-20,32.27,32.86,31.97,32.27,877600,15.42
2009-07-17,32.70,32.90,31.55,31.70,820400,15.15
2009-07-16,32.41,32.87,32.22,32.54,914800,15.55
2009-07-15,31.34,32.53,30.99,32.49,1656400,15.53
2009-07-14,30.03,30.95,30.03,30.68,1301400,14.66
2009-07-13,29.61,30.29,29.33,29.85,1180200,14.27
2009-07-10,29.85,30.71,28.92,29.37,1842800,14.04
2009-07-09,30.39,30.49,29.88,30.21,1504800,14.44
2009-07-08,30.38,30.46,29.91,30.44,1587000,14.55
2009-07-07,30.29,30.57,29.86,30.18,1573400,14.42
2009-07-06,30.58,30.73,29.80,30.51,1444200,14.58
2009-07-02,31.44,31.61,30.30,30.62,1206200,14.64
2009-07-01,31.64,31.95,31.29,31.85,1098800,15.22
2009-06-30,31.27,31.98,30.74,31.54,2204000,15.07
2009-06-29,31.40,31.76,30.90,31.26,1892600,14.94
2009-06-26,30.00,31.45,29.67,31.42,2152400,15.02
2009-06-25,27.90,30.14,27.80,30.14,1522200,14.41
2009-06-24,27.50,28.13,27.43,27.85,1076400,13.31
2009-06-23,28.46,28.73,27.25,27.48,967800,13.13
2009-06-22,28.67,28.67,27.78,28.08,1245200,13.42
2009-06-19,28.95,29.69,28.82,29.04,717800,13.88
2009-06-18,27.75,28.82,27.10,28.82,1349800,13.77
2009-06-17,28.69,28.69,27.39,27.75,1763600,13.26
2009-06-16,29.66,30.00,28.35,28.50,1244200,13.62
2009-06-15,31.11,31.11,29.70,29.76,1055800,14.22
2009-06-12,30.22,31.45,29.84,31.22,1319800,14.92
2009-06-11,30.87,31.07,30.01,30.13,1200400,14.40
2009-06-10,31.25,31.39,30.14,30.70,1371000,14.67
2009-06-09,30.26,31.11,30.08,30.92,1351600,14.78
2009-06-08,30.75,30.75,29.75,30.09,1191200,14.38
2009-06-05,30.93,31.04,29.77,30.73,983200,14.69
2009-06-04,30.23,30.54,29.44,30.46,1353600,14.56
2009-06-03,30.34,30.58,29.87,30.30,1709000,14.48
2009-06-02,30.06,30.90,29.80,30.47,1828800,14.56
2009-06-01,29.21,30.47,29.21,30.16,1566200,14.42
2009-05-29,28.66,29.21,28.31,29.21,1446600,13.96
2009-05-28,28.85,29.32,28.26,28.56,1081800,13.65
2009-05-27,28.25,28.94,28.08,28.63,1196000,13.68
2009-05-26,27.51,28.91,27.33,28.40,1291200,13.57
2009-05-22,27.24,28.26,27.10,27.88,978200,13.33
2009-05-21,27.43,27.71,26.84,27.25,1024800,13.02
2009-05-20,27.56,28.33,27.22,27.80,1333000,13.29
2009-05-19,26.73,27.33,26.29,27.26,1157400,12.93
2009-05-18,26.00,26.86,25.81,26.85,1248200,12.74
2009-05-15,25.53,26.41,25.53,25.92,1162400,12.30
2009-05-14,24.73,25.64,24.69,25.53,1489800,12.11
2009-05-13,25.88,25.88,24.73,24.95,2339000,11.84
2009-05-12,26.15,26.26,25.65,26.07,1242200,12.37
2009-05-11,25.64,26.21,25.64,25.87,1138600,12.27
2009-05-08,25.61,26.62,25.41,26.22,1733400,12.44
2009-05-07,25.66,25.99,24.66,25.08,2400800,11.90
2009-05-06,24.66,25.70,24.11,25.31,2005400,12.01
2009-05-05,25.40,25.80,23.15,24.50,6317800,11.62
2009-05-04,20.60,23.22,20.60,22.90,4580200,10.86
2009-05-01,19.78,20.45,19.78,20.31,1898000,9.64
2009-04-30,20.50,20.72,19.80,19.82,1829800,9.40
2009-04-29,18.94,20.68,18.77,20.09,2359800,9.53
2009-04-28,19.12,19.57,18.51,18.59,2513000,8.82
2009-04-27,20.47,20.58,19.10,19.17,3398800,9.10
2009-04-24,19.89,21.01,19.62,20.83,2394600,9.88
2009-04-23,18.49,19.95,18.38,19.83,2569400,9.41
2009-04-22,18.01,18.88,17.60,18.59,1987000,8.82
2009-04-21,17.24,18.06,17.24,18.02,1129000,8.55
2009-04-20,18.53,18.53,17.37,17.38,1529800,8.25
2009-04-17,18.15,18.79,18.04,18.63,1087400,8.84
2009-04-16,17.99,18.68,17.81,18.24,1904200,8.65
2009-04-15,18.57,18.93,17.65,17.99,1856800,8.54
2009-04-14,18.56,18.95,18.02,18.80,2118200,8.92
2009-04-13,17.63,18.82,17.30,18.58,1783200,8.82
2009-04-09,16.81,17.75,16.80,17.64,1222200,8.37
2009-04-08,16.43,16.61,15.86,16.48,1245000,7.82
2009-04-07,16.95,17.01,16.39,16.39,1377200,7.78
2009-04-06,17.15,17.55,16.83,17.18,1592200,8.15
2009-04-03,17.02,17.23,16.80,17.15,1072000,8.14
2009-04-02,16.14,17.11,16.07,17.02,1917200,8.08
2009-04-01,14.88,15.89,14.71,15.82,1569000,7.51
2009-03-31,15.28,15.32,14.88,14.98,1943600,7.11
2009-03-30,15.40,15.51,14.73,14.98,1290000,7.11
2009-03-27,16.33,16.38,15.78,15.80,1412600,7.50
2009-03-26,15.85,16.50,15.40,16.41,2260200,7.79
2009-03-25,14.68,15.55,14.54,15.44,1831400,7.33
2009-03-24,14.72,14.79,14.31,14.45,1649000,6.86
2009-03-23,13.62,14.80,13.62,14.79,1438200,7.02
2009-03-20,13.97,14.00,13.11,13.51,1709200,6.41
2009-03-19,13.84,14.11,13.65,14.04,1141800,6.66
2009-03-18,13.45,13.75,13.30,13.64,1366600,6.47
2009-03-17,13.68,13.74,13.20,13.48,1241600,6.40
2009-03-16,14.00,14.31,13.57,13.66,990200,6.48
2009-03-13,13.59,14.17,13.40,14.04,2663200,6.66
2009-03-12,13.22,13.81,13.03,13.41,2304400,6.36
2009-03-11,12.60,13.36,12.57,13.24,2655800,6.28
2009-03-10,12.40,12.96,12.40,12.62,1833400,5.99
2009-03-09,12.87,12.89,12.12,12.28,1421600,5.83
2009-03-06,12.86,13.28,12.53,12.94,2417400,6.14
2009-03-05,13.68,13.77,12.73,12.80,1539000,6.07
2009-03-04,14.03,14.34,13.95,13.99,1645000,6.64
2009-03-03,13.58,14.11,13.55,14.01,2465400,6.65
2009-03-02,13.27,13.48,13.05,13.33,3001600,6.32
2009-02-27,14.42,14.42,13.20,13.64,4631200,6.47
2009-02-26,14.60,15.84,14.60,14.62,2791200,6.84
2009-02-25,17.49,17.49,14.11,14.52,7751600,6.79
2009-02-24,18.11,18.60,18.00,18.33,1631200,8.58
2009-02-23,19.46,19.50,18.03,18.13,1815400,8.48
2009-02-20,19.01,19.50,18.77,19.27,1201800,9.02
2009-02-19,20.05,20.43,19.09,19.22,1494800,8.99
2009-02-18,19.72,20.35,19.37,20.18,884400,9.44
2009-02-17,20.08,20.18,19.60,19.71,810200,9.22
2009-02-13,20.97,21.22,20.50,20.69,778800,9.68
2009-02-12,20.55,21.27,20.03,21.19,1296400,9.92
2009-02-11,20.60,20.93,20.49,20.65,668600,9.66
2009-02-10,20.77,20.96,20.21,20.60,870200,9.64
2009-02-09,21.03,21.24,20.88,20.92,711400,9.79
2009-02-06,20.82,21.40,20.63,21.03,843200,9.84
2009-02-05,20.98,21.10,20.37,20.68,2064400,9.68
2009-02-04,20.92,21.88,20.91,21.03,705000,9.84
2009-02-03,20.50,21.05,20.27,20.91,855000,9.79
2009-02-02,20.41,20.86,20.29,20.50,794400,9.59
2009-01-30,20.85,20.95,20.12,20.51,1873200,9.60
2009-01-29,21.01,21.01,20.21,20.49,1067600,9.59
2009-01-28,20.53,21.08,20.53,20.99,768800,9.82
2009-01-27,19.80,20.88,19.74,20.53,1030200,9.61
2009-01-26,20.03,20.44,19.70,19.81,915200,9.27
2009-01-23,19.53,20.30,19.15,20.00,1243000,9.36
2009-01-22,20.43,20.50,19.64,19.94,1056000,9.33
2009-01-21,19.87,20.84,19.75,20.77,1200200,9.72
2009-01-20,20.78,21.19,19.47,19.60,1236200,9.17
2009-01-16,21.64,21.64,20.50,21.04,1272200,9.85
2009-01-15,21.00,21.29,20.10,21.02,1305600,9.84
2009-01-14,21.16,21.52,20.65,21.13,1260400,9.89
2009-01-13,21.69,21.89,21.23,21.50,1021600,10.06
2009-01-12,21.96,22.00,21.32,21.86,1136000,10.23
2009-01-09,22.45,22.82,21.73,22.00,933200,10.30
2009-01-08,22.28,22.50,21.17,22.39,898800,10.48
2009-01-07,22.95,22.95,21.74,22.17,1279000,10.37
2009-01-06,22.48,23.46,22.30,23.00,1489400,10.76
2009-01-05,21.42,22.51,21.03,22.40,1572800,10.48
2009-01-02,21.70,21.89,20.97,21.75,1549600,10.18
2008-12-31,20.87,21.79,20.69,21.68,1507400,10.15
2008-12-30,20.57,20.74,20.15,20.61,1333800,9.64
2008-12-29,20.13,20.40,19.80,20.37,1541200,9.53
2008-12-26,19.57,20.43,19.39,20.29,562000,9.49
2008-12-24,19.28,19.80,18.97,19.48,559200,9.12
2008-12-23,19.42,19.91,19.03,19.51,1775000,9.13
2008-12-22,18.63,19.96,18.63,19.55,1587600,9.15
2008-12-19,19.23,19.86,18.28,18.85,1761400,8.82
2008-12-18,18.75,20.00,18.75,19.24,3031200,9.00
2008-12-17,17.25,19.03,17.17,18.80,3456600,8.80
2008-12-16,16.85,17.57,16.74,17.38,3277400,8.13
2008-12-15,17.14,17.45,16.63,16.89,1402800,7.90
2008-12-12,17.10,17.51,16.56,17.27,1259000,8.08
2008-12-11,18.57,18.71,17.00,17.37,2138600,8.13
2008-12-10,18.47,19.01,18.15,18.61,1247200,8.71
2008-12-09,18.19,19.00,17.64,18.45,1745000,8.63
2008-12-08,18.33,19.19,18.29,18.52,1681000,8.67
2008-12-05,16.47,17.83,16.08,17.83,1141600,8.34
2008-12-04,16.90,17.43,16.26,16.56,1014600,7.75
2008-12-03,16.77,17.38,16.21,17.15,1624800,8.03
2008-12-02,17.44,17.64,16.71,17.48,2251600,8.18
2008-12-01,17.26,17.30,16.63,16.74,1779200,7.83
2008-11-28,18.32,18.46,17.40,17.78,1422000,8.32
2008-11-26,16.33,18.90,16.33,18.60,1802400,8.70
2008-11-25,16.29,17.19,16.29,16.81,2257200,7.87
2008-11-24,15.78,16.59,15.33,16.21,1835000,7.59
2008-11-21,15.25,15.56,14.47,15.29,2547400,7.16
2008-11-20,15.40,15.90,14.80,15.04,3435200,6.94
2008-11-19,16.73,16.73,15.41,15.50,3674400,7.16
2008-11-18,16.52,17.00,16.12,16.56,2131600,7.65
2008-11-17,17.61,17.63,16.30,16.31,2388600,7.53
2008-11-14,18.71,18.74,17.47,17.56,2373600,8.11
2008-11-13,17.75,19.11,16.60,18.95,3153400,8.75
2008-11-12,18.19,18.57,17.35,17.43,2673800,8.05
2008-11-11,19.51,19.51,18.51,18.55,2866200,8.57
2008-11-10,20.50,20.77,19.28,19.78,1915600,9.13
2008-11-07,20.05,20.47,19.87,20.17,2490600,9.31
2008-11-06,19.98,20.32,18.93,19.86,3039400,9.17
2008-11-05,19.39,20.45,18.98,19.70,3914400,9.10
2008-11-04,20.59,20.87,17.23,19.46,9967000,8.99
2008-11-03,24.60,26.00,24.18,25.45,2624200,11.75
2008-10-31,23.73,24.56,22.15,24.43,2475200,11.28
2008-10-30,25.12,25.83,23.15,23.46,2184600,10.83
2008-10-29,23.95,25.44,23.54,24.48,1721400,11.30
2008-10-28,20.64,24.50,20.42,24.46,3593400,11.29
2008-10-27,21.01,21.11,19.70,20.38,3795400,9.41
2008-10-24,24.08,24.08,21.41,21.41,3245400,9.89
2008-10-23,28.50,28.50,23.35,24.73,5360000,11.42
2008-10-22,30.07,30.07,27.23,28.24,1573200,13.04
2008-10-21,30.45,30.80,29.83,30.21,1030000,13.95
2008-10-20,29.55,30.45,29.05,30.45,649400,14.06
2008-10-17,30.51,30.51,28.82,29.05,1253600,13.41
2008-10-16,28.87,30.25,27.26,30.24,1958200,13.96
2008-10-15,31.02,31.02,28.27,28.52,1340400,13.17
2008-10-14,31.45,31.78,30.33,30.85,2159800,14.24
2008-10-13,29.50,30.38,29.03,30.17,564400,13.93
2008-10-10,29.45,30.12,27.00,27.55,4665600,12.72
2008-10-09,33.81,34.74,30.12,30.65,2865800,14.15
2008-10-08,34.31,35.55,33.34,33.91,2762600,15.66
2008-10-07,36.92,36.92,34.31,34.31,1897800,15.84
2008-10-06,37.26,37.79,35.00,36.44,2345000,16.83
2008-10-03,38.12,38.75,37.36,37.36,1356800,17.25
2008-10-02,38.80,38.80,37.73,37.99,1807000,17.54
2008-10-01,39.40,39.49,38.42,38.93,1049800,17.98
2008-09-30,39.00,39.60,38.19,39.52,2187400,18.25
2008-09-29,39.99,40.15,38.20,38.62,1549400,17.83
2008-09-26,40.92,40.97,39.80,40.05,1701400,18.49
2008-09-25,41.26,42.21,41.01,41.40,2348400,19.12
2008-09-24,41.46,41.54,40.60,41.01,1941800,18.94
2008-09-23,40.20,41.49,39.90,41.09,2907000,18.97
2008-09-22,41.58,41.58,40.27,40.39,1352400,18.65
2008-09-19,41.11,42.55,40.76,41.52,2878400,19.17
2008-09-18,39.84,40.20,37.82,39.47,2742800,18.22
2008-09-17,41.45,41.61,39.19,39.49,1804000,18.23
2008-09-16,41.19,42.50,40.84,41.62,1509000,19.22
2008-09-15,42.27,42.75,41.01,41.81,1602400,19.31
2008-09-12,43.35,43.86,42.40,42.67,1677200,19.70
2008-09-11,43.41,44.36,43.23,43.57,1503000,20.12
2008-09-10,44.28,44.77,43.73,44.24,2940000,20.43
2008-09-09,45.51,45.51,44.17,44.17,2230400,20.39
2008-09-08,45.00,45.47,44.01,45.30,2104400,20.92
2008-09-05,45.40,45.50,43.50,44.73,2612800,20.65
2008-09-04,45.71,46.18,45.23,45.76,1324200,21.13
2008-09-03,46.47,46.50,45.35,46.08,1998400,21.28
2008-09-02,47.33,48.44,46.61,46.78,2320800,21.60
2008-08-29,46.50,47.39,46.27,47.10,1374600,21.75
2008-08-28,46.66,47.17,45.60,46.88,1479400,21.65
2008-08-27,45.84,46.58,45.84,46.50,1350000,21.47
2008-08-26,46.82,46.99,45.65,46.08,3122600,21.28
2008-08-25,48.60,48.75,46.79,47.05,2142800,21.72
2008-08-22,47.50,48.80,47.20,48.58,3657000,22.34
2008-08-21,45.43,46.91,44.80,46.64,3370200,21.45
2008-08-20,44.65,45.57,44.11,45.41,1508600,20.88
2008-08-19,45.73,46.40,44.54,44.81,2545200,20.61
2008-08-18,46.38,47.00,45.39,46.05,1529800,21.18
2008-08-15,46.54,46.57,44.96,46.08,1475400,21.19
2008-08-14,46.36,46.48,45.76,46.39,1158800,21.33
2008-08-13,46.97,47.29,45.85,46.42,1696200,21.35
2008-08-12,45.66,46.99,45.55,46.75,2953800,21.50
2008-08-11,45.63,46.05,45.47,45.64,1812200,20.99
2008-08-08,44.98,45.94,44.50,45.47,1394400,20.91
2008-08-07,46.12,46.13,43.71,44.77,3126800,20.59
2008-08-06,44.79,46.00,43.60,46.00,5987000,21.15
2008-08-05,43.80,44.72,43.37,43.41,2829200,19.96
2008-08-04,43.10,44.37,43.00,43.83,2310400,20.15
2008-08-01,43.23,43.57,42.62,43.03,1276400,19.79
2008-07-31,43.23,43.93,42.76,43.19,1622600,19.86
2008-07-30,43.84,44.75,43.18,43.57,1696200,20.04
2008-07-29,43.11,44.17,42.81,43.70,1385800,20.09
2008-07-28,43.23,43.77,42.84,42.95,1126000,19.75
2008-07-25,43.02,43.25,42.75,42.96,1142400,19.75
2008-07-24,42.90,43.31,42.78,43.00,1830200,19.77
2008-07-23,43.45,44.41,42.78,43.13,2538800,19.83
2008-07-22,41.76,44.00,41.00,43.78,4024600,20.13
2008-07-21,40.60,41.97,40.46,41.55,2898200,19.11
2008-07-18,41.22,41.29,39.94,40.05,1788000,18.42
2008-07-17,39.32,41.07,39.32,41.07,2605000,18.89
2008-07-16,38.35,39.80,38.07,39.56,1962200,18.19
2008-07-15,37.50,38.50,37.31,38.14,1388200,17.54
2008-07-14,38.18,38.23,37.36,37.69,1369200,17.33
2008-07-11,37.40,38.38,37.20,37.79,1663800,17.38
2008-07-10,38.40,38.40,37.00,37.75,2089600,17.36
2008-07-09,38.72,38.80,37.64,38.24,2075400,17.58
2008-07-08,37.45,37.96,37.27,37.73,2801200,17.35
2008-07-07,38.02,38.10,36.94,37.32,1805000,17.16
2008-07-03,38.35,38.75,37.87,38.21,767000,17.57
2008-07-02,39.01,39.16,37.75,37.94,1745600,17.45
2008-07-01,38.34,39.48,38.25,38.69,2254800,17.79
2008-06-30,39.00,39.20,37.51,38.75,2361400,17.82
2008-06-27,38.68,39.25,38.06,38.63,4155800,17.76
2008-06-26,38.55,39.54,38.29,38.67,2597400,17.78
2008-06-25,38.24,38.50,37.55,38.06,1629200,17.50
2008-06-24,37.41,39.54,36.84,37.94,2328400,17.45
2008-06-23,36.60,37.68,36.60,37.34,1570600,17.17
2008-06-20,36.50,37.51,36.16,36.60,2048200,16.83
2008-06-19,37.40,37.91,37.06,37.48,1401400,17.23
2008-06-18,38.40,38.42,36.84,37.31,2552400,17.16
2008-06-17,37.63,38.57,37.03,38.47,2206400,17.69
2008-06-16,37.88,37.96,36.66,37.76,2320600,17.36
2008-06-13,36.16,37.97,35.70,37.78,3911600,17.37
2008-06-12,38.27,38.42,36.09,36.27,2858600,16.68
2008-06-11,38.34,38.79,37.80,37.99,1845000,17.47
2008-06-10,38.33,38.74,38.08,38.60,1537400,17.75
2008-06-09,39.50,39.58,38.29,38.33,2209400,17.63
2008-06-06,39.90,40.27,38.17,39.43,1208200,18.13
2008-06-05,39.00,39.99,38.85,39.90,1938200,18.35
2008-06-04,38.62,38.97,38.35,38.84,1436800,17.86
2008-06-03,39.38,39.38,38.29,39.09,1560600,17.97
2008-06-02,38.96,39.65,38.30,38.95,1802800,17.91
2008-05-30,38.90,39.25,38.23,38.54,1685200,17.72
2008-05-29,39.26,39.39,38.54,38.85,2057400,17.86
2008-05-28,39.40,39.70,38.51,39.17,2497200,18.01
2008-05-27,39.53,39.84,38.56,39.09,2605200,17.88
2008-05-23,39.00,39.50,38.34,39.07,2318600,17.87
2008-05-22,39.66,40.13,37.64,39.06,8581000,17.87
2008-05-21,39.46,40.98,38.66,39.27,7943200,17.97
2008-05-20,39.66,40.69,38.08,39.00,7585400,17.84
2008-05-19,40.98,41.51,40.05,40.17,5624000,18.38
2008-05-16,43.97,44.71,41.81,41.93,2253200,19.18
2008-05-15,43.41,44.55,43.40,44.28,1691000,20.26
2008-05-14,43.77,43.91,43.04,43.24,2140200,19.78
2008-05-13,43.73,44.74,42.88,43.56,1633000,19.93
2008-05-12,43.45,43.63,41.23,43.40,2631600,19.85
2008-05-09,43.28,43.82,42.84,43.36,1260200,19.84
2008-05-08,44.00,44.84,43.89,44.24,2172200,20.24
2008-05-07,44.00,44.93,43.82,43.89,2950400,20.08
2008-05-06,43.73,44.21,43.03,43.85,1952800,20.06
2008-05-05,42.69,43.76,41.10,43.76,3813000,20.02
2008-05-02,43.50,43.77,40.46,41.90,3876200,19.17
2008-05-01,44.45,44.45,40.52,42.97,7318000,19.66
2008-04-30,43.10,45.23,42.75,43.78,4541200,20.03
2008-04-29,41.54,43.37,41.40,42.42,3397200,19.41
2008-04-28,40.03,41.75,40.00,41.36,4053200,18.92
2008-04-25,43.99,43.99,38.68,40.08,9479400,18.34
2008-04-24,44.10,44.54,43.08,44.02,1576800,20.14
2008-04-23,42.33,45.39,42.33,44.19,3395000,20.22
2008-04-22,47.34,47.34,41.22,43.57,9767800,19.93
2008-04-21,48.48,48.95,46.92,47.30,1485400,21.64
2008-04-18,49.56,50.09,48.74,49.01,2098000,22.42
2008-04-17,47.65,49.47,47.65,49.05,2290400,22.44
2008-04-16,46.34,47.91,46.34,47.56,2321000,21.76
2008-04-15,46.77,47.47,46.10,46.31,1998800,21.19
2008-04-14,46.14,47.50,46.14,46.75,2687400,21.39
2008-04-11,47.05,47.24,44.33,45.94,7483600,21.02
2008-04-10,48.29,49.60,47.94,48.60,1601600,22.23
2008-04-09,50.38,50.38,48.24,48.87,1584600,22.36
2008-04-08,49.77,50.45,48.92,50.00,1226200,22.87
2008-04-07,50.29,50.71,49.35,49.90,1536000,22.83
2008-04-04,49.60,51.09,49.40,50.00,2416600,22.87
2008-04-03,48.94,49.50,48.59,49.28,2518200,22.54
2008-04-02,48.92,49.25,48.39,49.02,2439400,22.43
2008-04-01,47.45,49.50,47.26,48.88,3347400,22.36
2008-03-31,46.25,47.79,45.51,47.50,2499800,21.73
2008-03-28,46.94,47.90,45.36,46.10,6489000,21.09
2008-03-27,49.50,49.89,48.59,48.64,1996400,22.25
2008-03-26,48.55,49.69,47.84,49.26,3129200,22.54
2008-03-25,48.20,49.10,47.67,48.57,4696400,22.22
2008-03-24,48.00,48.49,47.44,47.96,3746000,21.94
2008-03-20,47.49,48.00,46.62,47.99,2649800,21.95
2008-03-19,46.88,47.45,46.72,47.15,1730600,21.57
2008-03-18,46.25,46.90,45.87,46.58,2006200,21.31
2008-03-17,46.29,46.40,44.74,45.17,1555200,20.66
2008-03-14,47.14,47.34,45.91,46.72,901200,21.37
2008-03-13,46.49,47.21,46.49,46.89,2254200,21.45
2008-03-12,44.91,47.32,44.31,47.05,3394800,21.52
2008-03-11,45.25,45.71,43.76,44.50,2143400,20.36
2008-03-10,46.70,46.70,44.78,44.90,1768600,20.54
2008-03-07,44.28,46.68,44.28,46.58,2103800,21.31
2008-03-06,45.46,45.90,44.95,45.05,2030400,20.61
2008-03-05,44.17,46.05,44.07,46.05,2930000,21.07
2008-03-04,44.71,44.87,43.58,44.17,2495600,20.21
2008-03-03,42.24,44.65,41.85,44.50,2240600,20.36
2008-02-29,42.94,43.05,41.77,41.83,1609200,19.14
2008-02-28,43.20,44.24,42.66,43.13,2385400,19.73
2008-02-27,44.50,45.00,43.00,43.00,5675000,19.67
2008-02-26,42.91,43.19,42.72,43.00,1156600,19.58
2008-02-25,43.00,43.01,42.22,42.91,1275600,19.54
2008-02-22,42.00,43.00,41.95,43.00,2016000,19.58
2008-02-21,41.75,42.46,41.75,42.00,1291000,19.12
2008-02-20,40.76,41.96,40.50,41.83,2317200,19.05
2008-02-19,39.83,42.40,39.83,41.37,3438200,18.84
2008-02-15,39.16,39.70,39.05,39.46,1478000,17.97
2008-02-14,39.58,39.77,39.00,39.12,818600,17.81
2008-02-13,39.95,40.03,39.38,39.48,677400,17.98
2008-02-12,40.34,40.39,39.73,40.00,443000,18.21
2008-02-11,40.40,40.50,39.80,40.19,474800,18.30
2008-02-08,39.95,41.00,39.85,40.59,496000,18.48
2008-02-07,39.60,40.23,39.30,40.05,498200,18.24
2008-02-06,40.72,40.97,39.71,39.92,609400,18.18
2008-02-05,40.95,41.13,40.27,40.80,799800,18.58
2008-02-04,40.82,41.39,40.32,41.28,1091200,18.80
2008-02-01,39.60,40.63,39.45,40.42,1386600,18.41
2008-01-31,39.25,40.07,39.15,39.61,1012000,18.04
2008-01-30,39.65,39.94,38.92,39.36,1087000,17.92
2008-01-29,40.00,40.35,39.57,39.65,958600,18.05
2008-01-28,39.43,40.00,39.00,40.00,849600,18.21
2008-01-25,40.21,40.87,38.69,39.35,1834200,17.92
2008-01-24,38.30,40.19,38.30,39.74,1569600,18.10
2008-01-23,38.00,38.64,37.55,38.27,1241600,17.43
2008-01-22,38.14,39.34,37.65,38.28,2880600,17.43
2008-01-18,38.58,40.40,38.58,39.81,1719200,18.13
2008-01-17,40.22,41.43,38.24,38.93,1554400,17.73
2008-01-16,39.07,40.26,39.07,39.85,689000,18.15
2008-01-15,41.24,41.45,39.16,39.36,1583200,17.92
2008-01-14,42.25,42.25,40.73,41.13,731800,18.73
2008-01-11,41.01,42.09,39.97,41.95,4343200,19.10
2008-01-10,39.25,40.31,39.02,39.53,805200,18.00
2008-01-09,39.41,40.27,39.25,39.75,2065200,18.10
2008-01-08,38.53,39.76,38.53,39.21,1870600,17.85
2008-01-07,38.52,39.37,37.91,38.25,2430400,17.42
2008-01-04,38.18,39.16,37.93,38.40,2112400,17.49
2008-01-03,39.86,39.87,38.29,38.46,1164600,17.51
2008-01-02,40.68,40.68,39.11,39.38,1142200,17.93
2007-12-31,39.76,40.61,39.76,40.28,601400,18.34
2007-12-28,40.58,40.58,39.85,40.15,544200,18.28
2007-12-27,39.95,40.13,39.87,39.98,455200,18.21
2007-12-26,40.19,40.19,39.19,40.07,445000,18.25
2007-12-24,39.32,40.04,39.15,39.83,529000,18.14
2007-12-21,40.12,40.12,39.09,39.09,1111600,17.80
2007-12-20,39.92,40.30,38.30,39.63,2269600,18.05
2007-12-19,39.92,40.35,39.65,40.00,890400,18.21
2007-12-18,40.50,40.50,39.06,40.10,1854800,18.26
2007-12-17,41.30,41.67,40.67,40.88,594200,18.61
2007-12-14,42.19,42.29,41.46,41.73,1165200,19.00
2007-12-13,41.61,42.17,40.88,42.17,1287000,19.20
2007-12-12,41.90,42.30,40.83,41.66,2149800,18.97
2007-12-11,42.57,42.57,40.16,40.56,2010000,18.47
2007-12-10,42.96,42.98,42.12,42.36,1253000,19.29
2007-12-07,42.03,43.15,41.50,42.63,10665200,19.41
2007-12-06,41.50,42.25,41.50,42.03,2437800,19.14
2007-12-05,42.13,42.25,41.10,41.48,1994000,18.89
2007-12-04,41.20,42.12,41.08,41.80,1727400,19.03
2007-12-03,41.51,41.82,41.04,41.22,1635200,18.77
2007-11-30,41.10,42.00,40.94,41.87,2783000,19.07
2007-11-29,40.80,41.19,40.39,40.89,2077600,18.62
2007-11-28,39.31,41.07,38.85,40.94,2731000,18.64
2007-11-27,39.27,39.61,38.83,39.31,693600,17.81
2007-11-26,38.68,40.00,38.47,38.75,1336200,17.56
2007-11-23,38.79,38.79,38.19,38.49,465800,17.44
2007-11-21,38.90,38.90,37.50,38.16,1436600,17.29
2007-11-20,40.73,40.73,38.30,38.86,2403200,17.61
2007-11-19,40.00,40.42,39.88,40.05,2766200,18.14
2007-11-16,39.59,40.28,39.25,39.92,2142600,18.09
2007-11-15,38.20,40.22,37.96,39.75,3802800,18.01
2007-11-14,37.07,38.40,36.23,38.05,2475400,17.24
2007-11-13,37.45,37.54,35.86,36.57,3625000,16.57
2007-11-12,38.72,39.43,36.78,36.99,2322600,16.76
2007-11-09,38.13,39.87,38.01,39.15,2724600,17.74
2007-11-08,38.31,39.59,38.06,38.32,2984000,17.36
2007-11-07,39.39,39.39,35.30,37.71,12077800,17.08
2007-11-06,40.10,40.33,38.11,39.35,6814400,17.83
2007-11-05,42.90,43.00,36.72,38.70,16478400,17.53
2007-11-02,43.24,43.52,42.71,43.35,837800,19.64
2007-11-01,43.50,44.20,42.55,42.91,1641800,19.44
2007-10-31,42.51,44.93,42.50,44.09,2673400,19.97
2007-10-30,42.70,42.93,42.21,42.67,1268800,19.33
2007-10-29,42.75,43.23,42.00,42.83,2188800,19.40
2007-10-26,42.68,43.02,42.00,42.77,1006600,19.38
2007-10-25,42.50,42.91,42.07,42.53,1518400,19.27
2007-10-24,43.08,43.75,42.05,42.58,1639600,19.29
2007-10-23,44.25,44.25,43.00,43.08,1224800,19.52
2007-10-22,44.00,44.73,43.57,44.13,666000,19.99
2007-10-19,45.05,45.25,43.86,44.19,842000,20.02
2007-10-18,44.28,45.43,44.27,45.15,944000,20.45
2007-10-17,44.75,44.93,43.94,44.40,1091800,20.11
2007-10-16,44.79,44.99,44.34,44.49,1482000,20.16
2007-10-15,45.21,45.75,44.83,45.22,1113800,20.49
2007-10-12,44.80,45.76,44.80,45.72,1592800,20.71
2007-10-11,45.06,45.15,44.50,44.80,704000,20.30
2007-10-10,44.23,45.11,44.23,44.70,940400,20.25
2007-10-09,44.99,44.99,43.86,44.46,1477600,20.14
2007-10-08,44.58,44.98,44.50,44.88,618200,20.33
2007-10-05,44.93,45.15,44.32,44.40,601600,20.11
2007-10-04,45.03,45.22,44.40,44.61,1107400,20.21
2007-10-03,45.49,45.95,44.79,45.08,916600,20.42
2007-10-02,45.59,45.75,44.96,45.61,1935000,20.66
2007-10-01,45.47,46.04,45.13,45.74,2699600,20.72
2007-09-28,45.64,45.64,44.99,45.46,1240400,20.60
2007-09-27,45.00,45.70,44.76,45.39,1270200,20.56
2007-09-26,44.81,45.25,44.35,45.23,1143200,20.49
2007-09-25,44.82,44.97,44.55,44.81,1220800,20.30
2007-09-24,44.15,45.26,44.12,45.15,2662200,20.45
2007-09-21,44.50,44.74,43.50,43.94,1510400,19.91
2007-09-20,42.99,44.79,42.73,44.79,3603600,20.29
2007-09-19,41.99,43.04,41.55,42.92,1645800,19.44
2007-09-18,40.74,41.95,40.70,41.76,849000,18.92
2007-09-17,41.10,41.45,40.66,40.74,1060800,18.46
2007-09-14,41.77,42.00,40.79,41.31,1170000,18.72
2007-09-13,42.56,42.90,42.00,42.04,759800,19.05
2007-09-12,42.40,42.87,42.18,42.37,771200,19.20
2007-09-11,41.88,42.78,41.88,42.54,1106000,19.27
2007-09-10,41.86,42.25,41.33,41.88,842800,18.97
2007-09-07,41.37,42.00,41.25,41.93,1834000,19.00
2007-09-06,41.75,41.85,41.22,41.50,1688000,18.80
2007-09-05,41.22,41.86,41.02,41.41,2861800,18.76
2007-09-04,42.45,42.46,41.21,41.28,2166600,18.70
2007-08-31,42.10,43.30,41.75,42.45,3200400,19.23
2007-08-30,41.96,42.28,41.70,41.90,765200,18.98
2007-08-29,41.65,42.16,41.47,42.16,1402600,19.10
2007-08-28,42.18,42.34,41.29,41.54,1763400,18.73
2007-08-27,42.00,42.75,41.67,42.54,1710000,19.18
2007-08-24,40.75,42.05,40.75,42.03,4839800,18.95
2007-08-23,39.79,40.50,39.60,40.22,2623800,18.13
2007-08-22,39.00,39.70,38.86,39.50,1261800,17.81
2007-08-21,38.45,39.17,38.38,38.93,769400,17.55
2007-08-20,38.75,39.42,37.75,38.45,1765400,17.34
2007-08-17,39.05,39.98,37.16,38.82,2753000,17.50
2007-08-16,38.25,38.87,37.45,38.39,2433600,17.31
2007-08-15,40.35,40.44,38.49,38.51,1828400,17.36
2007-08-14,40.45,40.65,39.44,39.72,2109000,17.91
2007-08-13,39.10,41.25,39.10,40.45,2205600,18.24
2007-08-10,37.55,39.88,37.52,38.79,3176200,17.49
2007-08-09,39.70,40.07,37.02,37.94,3415600,17.11
2007-08-08,40.59,40.78,39.70,39.70,2803600,17.90
2007-08-07,42.00,42.67,39.61,40.95,4664000,18.46
2007-08-06,42.20,42.61,41.51,41.90,1822600,18.89
2007-08-03,42.52,43.00,41.45,42.24,1827800,19.04
2007-08-02,40.84,42.01,40.08,42.01,1367000,18.94
2007-08-01,41.05,41.25,40.18,40.73,1545800,18.36
2007-07-31,41.21,41.84,40.63,40.98,1104600,18.48
2007-07-30,41.06,41.52,40.98,41.26,920000,18.60
2007-07-27,41.60,41.86,41.06,41.06,766200,18.51
2007-07-26,42.09,42.40,41.19,41.78,1613200,18.84
2007-07-25,43.50,44.65,42.32,42.57,1829400,19.19
2007-07-24,44.29,44.39,43.70,44.03,1353400,19.85
2007-07-23,43.66,44.46,42.90,44.33,1256400,19.99
2007-07-20,43.80,43.97,43.43,43.70,1050800,19.70
2007-07-19,43.88,44.08,43.76,43.89,1582000,19.79
2007-07-18,43.80,43.90,43.47,43.88,1489400,19.78
2007-07-17,43.39,43.92,43.32,43.65,3043400,19.68
2007-07-16,42.25,43.94,42.25,43.50,3705000,19.61
2007-07-13,41.40,42.41,41.31,42.25,2655800,19.05
2007-07-12,40.68,41.50,40.68,41.35,1410200,18.64
2007-07-11,40.50,40.90,40.35,40.58,782400,18.30
2007-07-10,40.61,41.00,40.61,40.75,1004600,18.37
2007-07-09,40.48,41.49,40.29,40.70,1593400,18.35
2007-07-06,40.30,40.52,40.16,40.41,1158600,18.22
2007-07-05,40.17,40.39,39.30,40.30,803000,18.17
2007-07-03,39.96,40.35,39.90,40.17,875000,18.11
2007-07-02,39.59,40.16,39.59,40.14,1846400,18.10
2007-06-29,39.50,39.96,39.50,39.65,1226600,17.88
2007-06-28,39.45,39.59,39.36,39.49,1024400,17.80
2007-06-27,39.50,39.87,39.24,39.41,1152400,17.77
2007-06-26,39.45,39.74,39.02,39.50,1676200,17.81
2007-06-25,39.60,39.75,39.13,39.31,2243400,17.72
2007-06-22,39.22,39.95,38.58,39.90,5953400,17.99
2007-06-21,39.11,39.36,38.47,39.19,1164400,17.67
2007-06-20,39.53,39.59,39.11,39.20,1402000,17.67
2007-06-19,39.75,39.84,39.45,39.53,602800,17.82
2007-06-18,39.99,40.46,39.69,39.76,886400,17.93
2007-06-15,39.84,40.11,39.50,40.00,1759400,18.03
2007-06-14,39.40,39.84,39.40,39.75,987200,17.92
2007-06-13,39.43,39.50,39.12,39.30,448200,17.72
2007-06-12,39.91,39.98,39.38,39.43,627800,17.78
2007-06-11,39.80,40.06,39.71,39.91,560800,17.99
2007-06-08,39.17,39.86,39.10,39.80,834200,17.94
2007-06-07,39.89,40.01,38.91,39.38,1341800,17.75
2007-06-06,40.01,40.25,39.90,40.01,1266800,18.04
2007-06-05,40.57,40.64,40.08,40.16,1177400,18.11
2007-06-04,39.76,40.75,39.75,40.57,2308400,18.29
2007-06-01,40.30,40.53,40.28,40.51,1988800,18.26
2007-05-31,40.30,40.34,39.95,40.25,1732800,18.15
2007-05-30,40.00,40.32,39.90,40.30,2221600,18.17
2007-05-29,40.15,40.27,40.07,40.25,1907200,18.15
2007-05-25,39.65,40.15,39.53,39.99,1602400,18.03
2007-05-24,39.79,40.16,39.50,39.64,2057600,17.87
2007-05-23,40.15,40.26,39.85,39.91,2779600,17.99
2007-05-22,39.89,40.29,39.55,40.19,1972400,18.12
2007-05-21,39.35,39.85,39.19,39.81,2313200,17.95
2007-05-18,39.51,39.70,39.45,39.50,1097400,17.81
2007-05-17,39.50,39.72,39.47,39.55,1674200,17.83
2007-05-16,39.93,39.93,39.48,39.50,2058600,17.81
2007-05-15,39.20,39.56,39.11,39.39,2571400,17.76
2007-05-14,38.80,39.32,38.75,39.23,2388000,17.69
2007-05-11,38.56,39.00,38.56,38.96,925800,17.57
2007-05-10,38.87,39.00,38.51,38.76,2211600,17.48
2007-05-09,38.40,39.09,38.35,38.79,3959200,17.49
2007-05-08,38.80,38.80,38.13,38.54,1893600,17.38
2007-05-07,38.50,38.61,37.91,38.40,2073200,17.31
2007-05-04,39.00,39.48,37.90,38.48,6642600,17.35
2007-05-03,40.40,40.43,40.05,40.31,606800,18.17
2007-05-02,40.10,40.90,39.50,40.53,1852400,18.27
2007-05-01,40.19,40.40,39.50,40.00,1528000,18.03
2007-04-30,40.75,40.98,40.03,40.09,688800,18.07
2007-04-27,41.45,41.45,40.46,40.64,1887200,18.32
2007-04-26,41.18,41.30,40.65,41.26,4289800,18.60
2007-04-25,40.25,40.63,39.97,40.29,3854000,18.07
2007-04-24,39.86,40.00,39.71,39.95,1328400,17.92
2007-04-23,40.45,40.45,39.66,39.86,890000,17.88
2007-04-20,39.80,40.28,39.79,40.11,5623200,17.99
2007-04-19,38.80,39.76,38.69,39.76,5573200,17.84
2007-04-18,39.25,39.25,38.70,38.79,959000,17.40
2007-04-17,39.75,39.75,39.04,39.24,277800,17.60
2007-04-16,39.65,39.99,39.56,39.75,443200,17.83
2007-04-13,39.22,39.59,39.20,39.50,381600,17.72
2007-04-12,38.86,39.48,38.83,39.25,1042200,17.61
2007-04-11,38.55,39.08,38.35,38.98,1251600,17.49
2007-04-10,38.35,40.49,38.35,38.80,3978800,17.41
2007-04-09,38.51,38.66,37.90,38.31,8402400,17.19
2007-04-05,38.95,40.76,38.53,40.27,11274600,18.07
2007-04-04,38.87,39.10,38.51,38.88,1591000,17.44
2007-04-03,42.54,42.54,39.05,39.15,1451400,17.56
2007-04-02,39.20,39.44,39.00,39.25,871800,17.61
2007-03-30,38.90,39.60,38.79,39.19,5826200,17.58
2007-03-29,40.40,40.49,40.07,40.27,930600,18.07
2007-03-28,39.70,40.50,39.67,40.32,2011600,18.09
2007-03-27,39.75,39.88,39.71,39.80,801000,17.86
2007-03-26,39.60,39.84,39.49,39.77,1368200,17.84
2007-03-23,40.01,40.50,39.36,39.60,3413400,17.77
2007-03-22,38.88,39.21,38.72,39.15,766800,17.56
2007-03-21,39.00,39.11,38.53,39.08,1509200,17.53
2007-03-20,38.10,39.17,38.10,39.11,4557800,17.55
2007-03-19,37.90,38.05,37.60,38.04,1215200,17.07
2007-03-16,37.40,37.90,37.39,37.60,704800,16.87
2007-03-15,37.49,37.60,37.28,37.40,812000,16.78
2007-03-14,37.50,38.00,37.29,37.49,1733200,16.82
2007-03-13,37.79,37.84,37.40,37.62,1144800,16.88
2007-03-12,37.75,38.03,37.59,37.89,861000,17.00
2007-03-09,37.32,38.04,37.30,37.75,2404400,16.94
2007-03-08,37.20,37.64,37.16,37.32,994600,16.74
2007-03-07,37.00,37.29,37.00,37.20,647600,16.69
2007-03-06,36.87,37.18,36.85,37.00,1502800,16.60
2007-03-05,37.61,37.69,36.73,36.86,2038600,16.54
2007-03-02,37.46,37.62,37.30,37.59,538200,16.86
2007-03-01,37.65,37.75,37.33,37.51,1086200,16.83
2007-02-28,37.50,37.82,37.32,37.65,1854200,16.89
2007-02-27,37.94,38.31,37.25,37.50,3131800,16.82
2007-02-26,37.70,37.80,37.52,37.75,1063000,16.94
2007-02-23,37.51,37.81,37.50,37.78,1564400,16.95
2007-02-22,37.60,37.69,37.50,37.51,1260600,16.83
2007-02-21,37.46,37.65,37.40,37.52,1902600,16.83
2007-02-20,37.62,37.68,37.43,37.45,4283200,16.80
2007-02-16,37.50,37.74,37.42,37.65,3595200,16.89
2007-02-15,38.00,38.06,37.18,37.53,2258600,16.84
2007-02-14,38.15,38.23,37.95,37.98,2741000,17.04
2007-02-13,38.20,38.20,37.94,38.11,2330200,17.10
2007-02-12,38.35,38.40,38.00,38.25,3089000,17.16
2007-02-09,38.35,38.64,38.27,38.33,3262400,17.20
2007-02-08,38.49,38.66,38.30,38.35,4321800,17.20
2007-02-07,39.30,39.34,38.15,38.49,12963600,17.27
2007-02-06,40.00,40.35,39.73,39.80,9323800,17.86
2007-02-05,39.57,40.42,39.35,40.12,16997000,18.00
2007-02-02,32.90,33.43,32.85,33.10,1206800,14.85
2007-02-01,33.00,33.10,32.50,32.72,1062200,14.68
2007-01-31,32.76,33.51,32.56,32.80,1644400,14.71
2007-01-30,33.10,33.10,32.56,32.75,1725200,14.69
2007-01-29,33.19,33.49,32.85,33.15,768200,14.87
2007-01-26,33.80,33.80,33.03,33.19,716800,14.89
2007-01-25,33.30,33.85,33.26,33.80,1091200,15.16
2007-01-24,32.90,33.32,32.79,33.25,854600,14.92
2007-01-23,32.75,33.00,32.55,32.88,673600,14.75
2007-01-22,33.05,33.20,32.21,32.67,979000,14.66
2007-01-19,31.96,32.89,31.91,32.74,905400,14.69
2007-01-18,31.95,32.44,31.52,31.98,939800,14.35
2007-01-17,31.81,32.30,31.51,31.99,1322000,14.35
2007-01-16,32.01,32.25,31.65,31.99,1231800,14.35
2007-01-12,32.47,32.47,31.72,32.01,1293200,14.36
2007-01-11,32.23,32.66,31.56,32.09,1322400,14.40
2007-01-10,32.35,32.35,31.76,32.06,2617000,14.38
2007-01-09,32.49,33.42,31.84,32.10,2750400,14.40
2007-01-08,30.50,32.35,30.10,32.35,5101400,14.51
2007-01-05,37.97,37.97,29.25,29.74,22428800,13.34
2007-01-04,39.30,39.39,38.79,39.30,581600,17.63
2007-01-03,39.66,39.93,39.09,39.32,754400,17.64
2006-12-29,39.66,40.39,39.66,40.16,209000,18.02
2006-12-28,39.85,39.85,39.48,39.63,244400,17.78
2006-12-27,39.90,40.05,39.84,39.90,198600,17.90
2006-12-26,39.98,40.01,39.60,39.99,286800,17.94
2006-12-22,39.93,40.00,39.65,39.98,199000,17.94
2006-12-21,40.06,40.15,39.75,39.93,248800,17.91
2006-12-20,40.56,40.63,39.75,40.16,479000,18.02
2006-12-19,40.66,40.88,40.22,40.72,275800,18.27
2006-12-18,41.10,41.10,40.09,40.68,499800,18.25
2006-12-15,40.80,41.22,40.70,41.19,402400,18.48
2006-12-14,40.05,40.72,40.05,40.70,275600,18.26
2006-12-13,40.15,40.20,39.50,40.17,290400,18.02
2006-12-12,40.39,40.40,39.95,40.25,143200,18.06
2006-12-11,40.10,41.15,40.10,40.40,391600,18.12
2006-12-08,39.83,39.90,39.32,39.86,329200,17.88
2006-12-07,40.60,40.64,39.83,39.93,240600,17.91
2006-12-06,40.85,40.85,40.01,40.45,525200,18.15
2006-12-05,39.40,41.26,39.40,41.25,1038000,18.51
2006-12-04,38.73,39.57,38.73,39.31,496600,17.64
2006-12-01,38.78,38.94,38.50,38.73,306400,17.38
2006-11-30,39.00,39.65,38.50,38.96,611400,17.48
2006-11-29,39.10,39.64,39.10,39.60,289200,17.77
2006-11-28,39.20,39.40,38.76,39.12,474400,17.55
2006-11-27,40.40,40.45,39.26,39.40,438400,17.68
2006-11-24,40.45,40.92,40.45,40.65,81000,18.24
2006-11-22,40.85,41.11,40.66,40.92,559800,18.36
2006-11-21,40.12,41.08,40.12,40.90,573000,18.35
2006-11-20,40.47,40.61,40.30,40.32,394400,18.09
2006-11-17,41.31,41.31,40.47,40.72,915400,18.27
2006-11-16,39.90,41.34,39.54,41.32,1935400,18.54
2006-11-15,39.77,39.90,39.66,39.88,793400,17.89
2006-11-14,39.35,39.85,39.30,39.78,526600,17.85
2006-11-13,38.90,39.60,38.80,39.60,744600,17.77
2006-11-10,38.75,39.00,38.62,38.94,2977200,17.47
2006-11-09,38.70,38.95,38.20,38.75,694600,17.38
2006-11-08,38.15,38.99,38.10,38.65,645600,17.34
2006-11-07,39.99,40.94,38.00,38.06,3138400,17.07
2006-11-06,37.25,38.36,37.15,38.25,811200,17.16
2006-11-03,36.76,37.20,36.46,37.20,336600,16.69
2006-11-02,36.25,36.73,36.18,36.72,388600,16.47
2006-11-01,36.60,37.04,36.27,36.61,704800,16.42
2006-10-31,36.30,36.61,36.05,36.60,401400,16.42
2006-10-30,35.65,36.16,35.24,36.10,704600,16.20
2006-10-27,36.20,36.40,35.61,35.78,217200,16.05
2006-10-26,36.10,36.35,35.56,36.05,308400,16.17
2006-10-25,36.10,36.15,35.94,35.95,540200,16.13
2006-10-24,36.45,36.50,36.00,36.10,379000,16.20
2006-10-23,36.83,36.98,36.10,36.52,286600,16.38
2006-10-20,37.40,37.50,36.85,37.08,201800,16.63
2006-10-19,37.63,37.71,37.12,37.66,308600,16.90
2006-10-18,37.07,37.59,37.07,37.58,268200,16.86
2006-10-17,36.94,37.00,36.40,36.97,748800,16.59
2006-10-16,37.19,37.20,36.69,36.74,1028800,16.48
2006-10-13,37.64,37.75,37.10,37.19,483400,16.68
2006-10-12,38.10,38.27,37.61,37.65,248600,16.89
2006-10-11,38.18,38.30,37.84,38.17,131400,17.12
2006-10-10,37.30,38.39,37.24,38.27,281800,17.17
2006-10-09,37.81,37.95,37.55,37.75,115200,16.94
2006-10-06,38.06,38.10,37.65,37.96,293600,17.03
2006-10-05,38.10,38.41,37.76,38.26,155200,17.16
2006-10-04,37.15,38.21,37.12,38.00,355400,17.05
2006-10-03,37.50,37.50,37.04,37.15,419400,16.67
2006-10-02,37.83,37.92,37.45,37.50,405200,16.82
2006-09-29,37.64,37.95,37.18,37.88,429600,16.99
2006-09-28,38.10,38.10,37.50,37.63,485000,16.88
2006-09-27,37.00,38.20,36.60,38.10,1314200,17.09
2006-09-26,36.63,37.00,36.30,36.94,675600,16.57
2006-09-25,36.70,36.92,36.10,36.73,337600,16.48
2006-09-22,36.52,36.90,36.46,36.66,306800,16.45
2006-09-21,36.90,36.94,36.50,36.70,554400,16.46
2006-09-20,36.06,37.45,36.00,36.93,1317000,16.57
2006-09-19,35.00,36.40,34.94,36.06,2347800,16.18
2006-09-18,32.00,33.03,31.92,32.70,995600,14.67
2006-09-15,32.69,32.69,31.86,32.00,1244600,14.36
2006-09-14,33.15,33.15,32.65,32.70,634000,14.67
2006-09-13,33.55,33.67,33.14,33.25,719600,14.92
2006-09-12,33.00,33.85,32.94,33.56,332000,15.06
2006-09-11,32.76,33.28,32.26,33.07,353000,14.84
2006-09-08,32.65,33.40,32.65,33.01,315400,14.81
2006-09-07,32.83,32.83,32.09,32.46,870800,14.56
2006-09-06,33.20,33.30,32.89,33.03,285400,14.82
2006-09-05,33.05,33.55,32.83,33.50,610400,15.03
2006-09-01,32.77,33.33,32.56,33.11,333800,14.85
2006-08-31,32.85,32.85,32.01,32.67,366400,14.66
2006-08-30,32.40,32.94,32.26,32.90,430400,14.76
2006-08-29,32.15,32.22,31.47,32.21,687600,14.45
2006-08-28,31.67,32.15,31.61,32.05,219200,14.38
2006-08-25,30.45,32.05,30.45,31.97,515600,14.34
2006-08-24,31.02,31.20,30.65,31.15,446000,13.97
2006-08-23,31.59,31.65,30.51,30.97,306000,13.89
2006-08-22,31.95,32.00,30.81,31.34,369400,14.06
2006-08-21,31.71,31.95,31.06,31.32,417200,14.05
2006-08-18,31.85,31.94,31.45,31.66,530400,14.20
2006-08-17,31.41,31.99,31.08,31.75,1145000,14.24
2006-08-16,30.70,31.30,30.60,31.26,883000,14.02
2006-08-15,30.30,30.59,30.10,30.37,986600,13.62
2006-08-14,28.95,29.90,28.95,29.90,826800,13.41
2006-08-11,28.83,29.14,27.73,29.01,1076600,13.01
2006-08-10,28.83,28.91,27.80,28.84,998000,12.94
2006-08-09,30.00,30.21,29.08,29.33,605600,13.16
2006-08-08,29.70,30.03,29.27,29.80,838200,13.37
2006-08-07,30.90,30.95,29.21,29.75,2139800,13.35
2006-08-04,33.00,33.35,29.91,30.74,1985600,13.79
2006-08-03,33.70,34.29,32.40,32.40,2362000,14.54
2006-08-02,35.99,36.10,33.00,33.00,1674800,14.80
2006-08-01,35.80,36.30,35.67,35.97,913200,16.14
2006-07-31,35.13,35.81,34.82,35.72,377800,16.02
2006-07-28,35.00,35.16,34.85,35.16,292000,15.77
2006-07-27,34.50,35.08,34.41,34.95,549400,15.68
2006-07-26,34.10,34.52,33.80,34.50,466800,15.48
2006-07-25,33.84,34.09,33.50,33.94,615200,15.23
2006-07-24,33.60,34.04,33.55,33.84,943400,15.18
2006-07-21,34.99,35.00,31.78,33.08,1386400,14.84
2006-07-20,35.01,35.33,34.95,35.00,243600,15.70
2006-07-19,34.53,35.50,34.25,35.00,608400,15.70
2006-07-18,35.19,35.40,34.00,34.48,575800,15.47
2006-07-17,35.23,35.50,34.86,35.20,736400,15.79
2006-07-14,35.75,35.75,34.75,35.15,415000,15.77
2006-07-13,36.00,36.20,35.70,35.75,1031400,16.04
2006-07-12,36.72,36.83,35.83,36.00,865800,16.15
2006-07-11,36.60,37.31,36.50,36.82,743200,16.52
2006-07-10,37.80,38.15,34.20,37.50,2344800,16.82
2006-07-07,39.55,39.60,37.53,37.80,636000,16.96
2006-07-06,40.00,40.95,39.52,39.70,521000,17.81
2006-07-05,39.97,39.99,39.60,39.95,265000,17.92
2006-07-03,40.00,40.15,39.75,39.98,205800,17.94
2006-06-30,39.44,40.50,39.44,39.90,519200,17.90
2006-06-29,38.04,39.47,37.72,39.05,453800,17.52
2006-06-28,38.01,38.25,37.46,37.94,308000,17.02
2006-06-27,38.45,38.51,37.91,38.20,364000,17.14
2006-06-26,38.80,39.00,38.33,38.37,398000,17.21
2006-06-23,39.00,39.05,38.53,38.64,206800,17.33
2006-06-22,38.43,39.35,38.43,38.94,191000,17.47
2006-06-21,39.11,39.80,38.90,39.10,488400,17.54
2006-06-20,38.60,39.48,37.85,39.09,332800,17.54
2006-06-19,39.49,39.50,38.44,38.44,496000,17.24
2006-06-16,38.99,39.94,37.85,38.07,405600,17.08
2006-06-15,37.68,39.29,37.68,38.98,464800,17.49
2006-06-14,37.45,38.25,37.45,37.61,215000,16.87
2006-06-13,37.38,38.46,37.38,37.65,689400,16.89
2006-06-12,38.48,38.75,37.40,37.43,205600,16.79
2006-06-09,38.33,38.75,38.29,38.46,207800,17.25
2006-06-08,38.71,38.74,37.50,38.25,794000,17.16
2006-06-07,38.98,39.09,38.66,38.72,511400,17.37
2006-06-06,40.40,40.45,38.50,38.77,645000,17.39
2006-06-05,40.57,41.21,39.50,39.95,774600,17.92
2006-06-02,39.81,40.58,39.81,40.50,910800,18.17
2006-06-01,39.45,39.92,38.76,39.73,657200,17.82
2006-05-31,38.50,39.50,38.40,39.25,1107200,17.61
2006-05-30,39.35,39.40,37.24,37.38,678600,16.77
2006-05-26,38.38,39.36,38.25,39.25,657600,17.61
2006-05-25,37.84,38.60,37.59,38.48,558200,17.26
2006-05-24,37.30,37.76,36.88,37.59,571200,16.86
2006-05-23,38.02,38.37,37.31,37.37,414800,16.76
2006-05-22,37.92,38.18,36.07,37.77,873000,16.94
2006-05-19,38.00,38.20,37.52,37.92,612400,17.01
2006-05-18,39.40,39.45,37.53,37.75,572200,16.94
2006-05-17,40.69,40.69,37.75,38.95,982400,17.47
2006-05-16,40.30,40.89,40.15,40.69,1290400,18.25
2006-05-15,39.48,40.65,38.86,40.51,1165800,18.17
2006-05-12,39.50,39.95,39.25,39.58,1227600,17.76
2006-05-11,39.86,39.90,39.32,39.50,2247400,17.72
2006-05-10,39.05,39.90,38.89,39.86,977400,17.88
2006-05-09,38.00,39.27,38.00,38.95,1377000,17.47
2006-05-08,38.00,38.35,37.92,38.13,804800,17.11
2006-05-05,37.95,38.40,37.50,38.10,1672600,17.09
2006-05-04,35.10,37.80,35.10,37.77,4305800,16.94
2006-05-03,34.25,34.58,33.96,34.13,788800,15.31
2006-05-02,34.85,34.97,34.06,34.19,593600,15.34
2006-05-01,34.80,35.29,34.50,34.60,903000,15.52
2006-04-28,35.76,35.95,34.75,34.80,567400,15.61
2006-04-27,36.40,36.41,35.15,35.75,681600,16.04
2006-04-26,35.23,36.54,35.20,36.50,2009600,16.37
2006-04-25,34.50,35.24,34.50,35.23,1514200,15.80
2006-04-24,33.50,34.15,32.91,34.15,424600,15.32
2006-04-21,33.73,33.88,33.50,33.65,259400,15.10
2006-04-20,33.50,33.55,33.23,33.48,481200,15.02
2006-04-19,33.90,34.12,33.28,33.54,188800,15.05
2006-04-18,33.90,34.00,33.72,33.90,127400,15.21
2006-04-17,34.20,34.34,33.74,33.91,345200,15.21
2006-04-13,33.50,34.15,33.37,34.02,323800,15.26
2006-04-12,33.55,33.78,33.40,33.65,84200,15.10
2006-04-11,34.05,34.05,33.40,33.59,218200,15.07
2006-04-10,33.92,34.05,33.79,33.94,93400,15.23
2006-04-07,34.04,34.13,33.73,33.82,100800,15.17
2006-04-06,34.15,34.29,33.78,33.97,354400,15.24
2006-04-05,34.20,34.32,34.00,34.01,175800,15.26
2006-04-04,33.90,34.25,33.90,34.15,224000,15.32
2006-04-03,33.90,34.07,33.79,34.06,200000,15.28
2006-03-31,33.70,34.13,33.50,33.77,293800,15.15
2006-03-30,33.97,34.12,33.66,33.85,373400,15.19
2006-03-29,33.60,33.95,33.53,33.87,328000,15.19
2006-03-28,33.25,33.50,33.25,33.50,186800,15.03
2006-03-27,33.10,33.67,33.00,33.40,375000,14.98
2006-03-24,32.96,33.10,32.51,33.00,188000,14.80
2006-03-23,33.10,33.19,32.70,32.79,192600,14.71
2006-03-22,33.00,33.25,32.92,33.08,221400,14.84
2006-03-21,33.76,33.85,33.20,33.45,199600,15.01
2006-03-20,34.47,34.59,33.50,33.91,433600,15.21
2006-03-17,34.78,34.84,34.42,34.57,1000600,15.51
2006-03-16,34.88,34.89,34.64,34.78,643600,15.60
2006-03-15,34.41,34.85,34.41,34.62,1069000,15.53
2006-03-14,33.60,34.41,33.48,34.41,390600,15.44
2006-03-13,32.90,33.80,32.90,33.57,175400,15.06
2006-03-10,32.50,33.00,32.20,32.99,534000,14.80
2006-03-09,32.45,32.56,32.34,32.43,370800,14.55
2006-03-08,31.53,32.45,31.35,32.30,438000,14.49
2006-03-07,32.01,32.01,31.50,31.66,320000,14.20
2006-03-06,32.40,32.40,32.10,32.26,278400,14.47
2006-03-03,32.00,32.45,31.95,32.30,407200,14.49
2006-03-02,31.53,32.09,31.45,32.00,393600,14.36
2006-03-01,31.00,31.93,31.00,31.83,311600,14.28
2006-02-28,31.35,31.46,30.92,30.99,464400,13.90
2006-02-27,31.00,31.15,30.78,30.95,486800,13.88
2006-02-24,31.16,31.24,30.87,31.00,461800,13.91
2006-02-23,30.70,31.50,30.65,31.10,1198600,13.95
2006-02-22,30.00,32.50,29.48,30.45,4741600,13.66
2006-02-21,34.93,35.55,34.80,35.25,494200,15.81
2006-02-17,35.40,35.40,34.80,34.83,268200,15.63
2006-02-16,35.15,35.36,34.95,35.34,209600,15.85
2006-02-15,35.00,35.42,34.85,35.15,315000,15.77
2006-02-14,34.05,35.15,33.80,35.00,494800,15.70
2006-02-13,34.39,34.39,33.79,34.10,157200,15.30
2006-02-10,34.80,34.95,34.00,34.49,194200,15.47
2006-02-09,34.80,35.09,34.70,34.80,203800,15.61
2006-02-08,35.29,35.40,34.09,34.70,367800,15.57
2006-02-07,34.15,35.55,34.15,35.54,837600,15.94
2006-02-06,34.50,34.55,33.88,33.95,184400,15.23
2006-02-03,33.85,34.59,33.79,34.55,151800,15.50
2006-02-02,35.05,35.18,33.90,33.95,442400,15.23
2006-02-01,34.80,35.15,34.70,35.00,353600,15.70
2006-01-31,34.94,34.98,34.36,34.60,1040400,15.52
2006-01-30,33.19,33.94,33.05,33.94,1004200,15.23
2006-01-27,31.75,32.25,31.63,32.12,720800,14.41
2006-01-26,31.00,31.85,30.75,31.50,598400,14.13
2006-01-25,32.99,33.00,29.41,30.80,2491600,13.82
2006-01-24,33.08,33.35,32.80,33.05,285800,14.83
2006-01-23,32.90,33.30,32.65,33.08,199800,14.84
2006-01-20,32.05,32.80,32.05,32.80,274000,14.71
2006-01-19,32.30,32.35,31.80,31.90,259800,14.31
2006-01-18,32.65,32.77,32.00,32.30,563600,14.49
2006-01-17,32.10,32.95,32.00,32.70,514800,14.67
2006-01-13,32.16,32.16,31.70,31.85,459800,14.29
2006-01-12,32.93,32.93,32.00,32.21,294600,14.45
2006-01-11,33.75,33.79,32.40,32.95,445800,14.78
2006-01-10,33.72,34.10,33.67,33.79,236600,15.16
2006-01-09,33.49,34.10,33.25,33.87,422800,15.19
2006-01-06,33.15,33.50,32.79,33.45,273800,15.01
2006-01-05,33.43,33.49,33.00,33.12,278400,14.86
2006-01-04,33.12,33.47,32.87,33.43,1020400,15.00
2006-01-03,32.72,33.40,32.31,33.17,411200,14.88
2005-12-30,32.48,32.60,31.62,32.52,618400,14.59
2005-12-29,31.65,32.62,31.65,32.47,227600,14.57
2005-12-28,32.00,32.00,31.42,31.75,268000,14.24
2005-12-27,32.33,32.33,31.50,32.05,345600,14.38
2005-12-23,31.99,32.49,31.37,32.38,249600,14.53
2005-12-22,31.30,32.12,31.06,32.05,684400,14.38
2005-12-21,31.95,31.95,30.75,31.52,305400,14.14
2005-12-20,31.00,31.81,30.60,31.14,423200,13.97
2005-12-19,30.85,31.48,30.55,31.30,454000,14.04
2005-12-16,31.25,31.25,31.00,31.10,404000,13.95
2005-12-15,31.55,31.56,31.00,31.30,907200,14.04
2005-12-14,31.50,32.16,30.71,31.80,4176000,14.27
2005-12-13,31.79,31.80,30.48,30.59,1820600,13.72
2005-12-12,31.49,31.95,30.35,31.91,719600,14.32
2005-12-09,31.30,32.50,31.30,31.55,616800,14.15
2005-12-08,30.26,32.17,29.90,32.01,595800,14.36
2005-12-07,29.36,30.26,29.32,30.25,265200,13.57
2005-12-06,29.47,29.47,29.14,29.33,311800,13.16
2005-12-05,29.50,29.54,29.20,29.37,120200,13.18
2005-12-02,29.30,30.09,29.26,29.45,350200,13.21
2005-12-01,28.95,29.36,28.70,29.27,546800,13.13
2005-11-30,28.92,28.95,28.70,28.95,272800,12.99
2005-11-29,29.85,29.85,28.90,29.00,548800,13.01
2005-11-28,30.20,30.35,29.55,29.84,167000,13.39
2005-11-25,29.80,30.65,29.80,30.24,246600,13.57
2005-11-23,29.10,29.65,29.10,29.65,110600,13.30
2005-11-22,29.15,29.40,28.95,29.22,378000,13.11
2005-11-21,29.00,29.15,28.75,29.10,74200,13.05
2005-11-18,29.00,29.07,28.75,29.00,70200,13.01
2005-11-17,28.47,29.10,28.22,28.81,137000,12.92
2005-11-16,28.45,28.90,28.05,28.57,214200,12.82
2005-11-15,28.50,28.69,27.80,28.20,597400,12.65
2005-11-14,30.25,30.25,29.25,29.35,204400,13.17
2005-11-11,30.45,30.45,29.80,30.15,175400,13.53
2005-11-10,30.87,30.99,30.20,30.50,295000,13.68
2005-11-09,30.96,31.44,29.15,30.95,994600,13.88
2005-11-08,32.50,33.75,30.51,30.96,1857800,13.89
2005-11-07,30.57,31.20,29.99,30.00,628800,13.46
2005-11-04,29.72,32.00,29.55,30.59,1046000,13.72
2005-11-03,27.35,29.46,27.26,29.32,416000,13.15
2005-11-02,27.05,27.28,26.97,27.20,521000,12.20
2005-11-01,27.00,27.10,26.83,26.92,111200,12.08
2005-10-31,27.31,27.33,26.80,26.90,454600,12.07
2005-10-28,27.29,27.36,26.92,27.31,83400,12.25
2005-10-27,27.50,27.65,27.00,27.24,81400,12.22
2005-10-26,27.80,27.80,27.40,27.50,64200,12.34
2005-10-25,28.10,28.23,27.57,27.70,88600,12.43
2005-10-24,27.69,28.14,27.60,28.00,113000,12.56
2005-10-21,27.75,27.90,27.45,27.67,126400,12.41
2005-10-20,27.59,27.90,27.59,27.90,56400,12.52
2005-10-19,27.78,27.78,27.40,27.59,95000,12.38
2005-10-18,28.11,28.11,27.50,27.58,168800,12.37
2005-10-17,27.85,28.35,27.80,28.11,72000,12.61
2005-10-14,27.41,27.90,27.30,27.75,160800,12.45
2005-10-13,25.42,27.22,25.42,27.21,619400,12.21
2005-10-12,28.25,28.25,25.25,25.41,612600,11.40
2005-10-11,28.70,28.71,28.26,28.31,54000,12.70
2005-10-10,28.75,28.81,28.68,28.70,133600,12.88
2005-10-07,28.90,28.92,28.55,28.60,96600,12.83
2005-10-06,28.75,28.88,28.22,28.24,114000,12.67
2005-10-05,28.50,28.79,28.35,28.67,255400,12.86
2005-10-04,28.93,29.34,28.50,28.50,228200,12.79
2005-10-03,30.34,30.45,28.75,28.91,463800,12.97
2005-09-30,29.72,30.50,29.43,30.14,196200,13.52
2005-09-29,29.50,29.67,29.48,29.67,160000,13.31
2005-09-28,28.75,29.60,28.75,29.50,217600,13.23
2005-09-27,29.65,29.65,29.01,29.22,137200,13.11
2005-09-26,28.23,29.74,28.23,29.60,334400,13.28
2005-09-23,28.00,28.13,27.60,28.13,119600,12.62
2005-09-22,27.80,28.09,27.67,28.00,490000,12.56
2005-09-21,29.57,29.57,26.50,27.60,888600,12.38
2005-09-20,29.53,29.95,29.25,29.37,175000,13.18
2005-09-19,29.13,29.69,29.13,29.45,78800,13.21
2005-09-16,28.40,29.20,28.40,29.03,227800,13.02
2005-09-15,28.51,28.84,28.20,28.30,471000,12.70
2005-09-14,29.40,29.49,28.27,28.50,198800,12.79
2005-09-13,29.43,29.55,29.30,29.30,67400,13.14
2005-09-12,29.50,29.57,29.25,29.49,41000,13.23
2005-09-09,28.91,29.62,28.91,29.50,118000,13.23
2005-09-08,29.20,29.20,28.55,28.81,373600,12.92
2005-09-07,29.81,29.90,29.25,29.37,193600,13.18
2005-09-06,30.00,30.12,29.87,29.89,160400,13.41
2005-09-02,30.20,30.20,29.59,30.02,282800,13.47
2005-09-01,29.50,30.30,29.48,30.16,282800,13.53
2005-08-31,29.00,29.85,28.80,29.60,605200,13.28
2005-08-30,29.00,29.00,28.70,28.83,380600,12.93
2005-08-29,29.08,29.40,28.95,28.98,149000,13.00
2005-08-26,28.75,29.14,28.68,29.05,91800,13.03
2005-08-25,28.95,29.04,28.27,28.68,179600,12.87
2005-08-24,28.92,29.00,28.70,28.75,197400,12.90
2005-08-23,29.80,29.90,28.70,28.91,208400,12.97
2005-08-22,29.85,29.94,29.60,29.71,233000,13.33
2005-08-19,28.85,30.44,28.84,29.77,415600,13.36
2005-08-18,28.25,29.14,28.08,28.85,195000,12.94
2005-08-17,27.97,28.48,27.90,28.30,187000,12.70
2005-08-16,28.07,28.43,28.00,28.00,228800,12.56
2005-08-15,27.80,28.45,27.72,28.12,478200,12.62
2005-08-12,27.75,28.30,27.35,27.45,630400,12.31
2005-08-11,26.80,27.98,26.75,27.69,799000,12.42
2005-08-10,26.60,26.94,26.55,26.70,373800,11.98
2005-08-09,27.45,27.45,26.59,26.72,563800,11.99
2005-08-08,27.50,27.70,26.75,27.20,234000,12.20
2005-08-05,28.10,28.35,27.45,27.50,461000,12.34
2005-08-04,27.50,28.14,27.50,27.94,844000,12.53
2005-08-03,28.40,28.50,27.37,27.77,879400,12.46
2005-08-02,25.00,28.55,25.00,28.25,5429800,12.67
2005-08-01,23.00,23.40,22.78,23.40,439400,10.50
2005-07-29,23.75,23.75,22.55,22.99,1158400,10.31
2005-07-28,24.30,24.45,23.55,23.68,676800,10.62
2005-07-27,24.50,24.50,24.15,24.30,370200,10.90
2005-07-26,24.54,24.70,24.37,24.45,253000,10.97
2005-07-25,24.15,24.79,24.15,24.29,680600,10.90
2005-07-22,24.00,24.14,23.95,24.00,497800,10.77
2005-07-21,23.50,23.96,23.42,23.87,757400,10.71
2005-07-20,23.45,23.55,23.35,23.50,379400,10.54
2005-07-19,23.63,23.99,23.35,23.35,339200,10.48
2005-07-18,24.00,24.02,23.30,23.40,465600,10.50
2005-07-15,22.90,24.10,22.85,23.64,638400,10.61
2005-07-14,22.43,23.20,22.38,22.72,1121600,10.19
2005-07-13,22.41,22.57,22.35,22.38,91000,10.04
2005-07-12,22.50,22.55,22.35,22.40,419000,10.05
2005-07-11,22.60,22.65,22.24,22.43,1567200,10.06
2005-07-08,21.59,21.71,21.00,21.71,689000,9.74
2005-07-07,21.25,21.61,21.23,21.59,460000,9.69
2005-07-06,21.49,21.49,21.20,21.22,259200,9.52
2005-07-05,21.46,21.49,21.35,21.46,93400,9.63
2005-07-01,21.65,21.80,21.35,21.40,474800,9.60
2005-06-30,21.42,21.65,21.42,21.61,259400,9.69
2005-06-29,21.00,21.86,20.97,21.40,1212000,9.60
2005-06-28,20.65,20.94,20.65,20.86,88800,9.36
2005-06-27,20.85,20.89,20.74,20.75,698600,9.31
2005-06-24,20.45,21.13,20.45,20.81,652000,9.34
2005-06-23,20.70,20.77,20.40,20.45,236200,9.17
2005-06-22,20.80,20.85,20.36,20.50,206200,9.20
2005-06-21,20.55,20.90,20.50,20.70,205200,9.29
2005-06-20,19.54,21.00,19.35,20.69,625600,9.28
2005-06-17,18.75,19.63,18.75,19.56,782800,8.77
2005-06-16,18.80,18.80,18.55,18.70,518600,8.39
2005-06-15,18.16,18.87,18.02,18.55,580200,8.32
2005-06-14,17.85,18.24,17.77,18.06,222200,8.10
2005-06-13,17.84,17.90,17.69,17.78,91800,7.98
2005-06-10,17.82,18.00,17.70,17.77,61600,7.97
2005-06-09,17.95,18.00,17.77,17.77,40000,7.97
2005-06-08,18.10,18.15,17.90,17.93,90400,8.04
2005-06-07,18.10,18.44,18.05,18.20,255000,8.16
2005-06-06,17.70,18.04,17.70,18.04,90400,8.09
2005-06-03,17.95,18.09,17.84,17.84,85400,8.00
2005-06-02,17.81,18.00,17.76,18.00,123400,8.08
2005-06-01,18.13,18.35,17.50,17.67,232800,7.93
2005-05-31,18.25,18.25,17.95,18.13,416400,8.13
2005-05-27,17.95,18.40,17.95,18.24,352200,8.18
2005-05-26,17.85,18.10,17.80,17.80,341600,7.99
2005-05-25,18.00,18.00,17.70,17.85,389800,8.01
2005-05-24,18.10,18.20,17.80,17.95,1023200,8.05
2005-05-23,18.15,18.75,18.02,18.10,169800,8.12
2005-05-20,18.00,18.20,17.75,18.20,154000,8.16
2005-05-19,18.09,18.10,17.84,17.98,292200,8.07
2005-05-18,18.00,18.16,17.71,18.09,198000,8.12
2005-05-17,17.10,17.90,16.99,17.70,561800,7.94
2005-05-16,16.67,17.35,16.67,16.95,543400,7.60
2005-05-13,16.45,17.05,16.45,16.67,170600,7.48
2005-05-12,16.50,16.69,16.45,16.55,105400,7.42
2005-05-11,16.15,16.48,16.05,16.48,158600,7.39
2005-05-10,16.15,16.23,16.00,16.03,135800,7.19
2005-05-09,16.05,16.12,16.00,16.00,171600,7.18
2005-05-06,16.30,16.36,16.00,16.05,179400,7.20
2005-05-05,15.99,16.35,15.91,16.32,129600,7.32
2005-05-04,15.92,15.99,15.75,15.98,201400,7.17
2005-05-03,15.50,16.05,15.50,15.82,496600,7.10
2005-05-02,15.15,15.15,14.85,14.85,36200,6.66
2005-04-29,14.95,15.25,14.95,15.10,116200,6.77
2005-04-28,15.00,15.05,14.90,14.90,15000,6.68
2005-04-27,14.85,15.00,14.85,15.00,25800,6.73
2005-04-26,15.10,15.12,14.75,14.84,20400,6.66
2005-04-25,15.20,15.20,15.10,15.14,10600,6.79
2005-04-22,15.35,15.35,15.01,15.20,85800,6.82
2005-04-21,15.10,15.30,15.10,15.25,70000,6.84
2005-04-20,15.04,15.19,15.00,15.18,976000,6.81
2005-04-19,14.60,15.00,14.60,15.00,1036000,6.73
2005-04-18,14.65,14.80,14.60,14.65,355800,6.57
2005-04-15,14.56,14.70,14.55,14.65,32000,6.57
2005-04-14,14.64,14.70,14.52,14.65,16800,6.57
2005-04-13,14.76,14.83,14.64,14.64,30000,6.57
2005-04-12,14.90,14.90,14.76,14.76,96000,6.62
2005-04-11,14.92,15.05,14.80,14.93,189400,6.70
2005-04-08,14.80,14.99,14.80,14.96,12200,6.71
2005-04-07,14.85,14.85,14.80,14.80,13000,6.64
2005-04-06,14.80,14.86,14.75,14.80,205800,6.64
2005-04-05,15.18,15.18,14.65,14.80,153400,6.64
2005-04-04,15.30,15.39,15.14,15.18,27400,6.81
2005-04-01,15.10,15.41,15.10,15.20,33200,6.82
2005-03-31,15.40,15.43,15.10,15.24,134600,6.84
2005-03-30,15.60,15.60,15.30,15.40,124000,6.91
2005-03-29,15.75,15.75,15.50,15.65,124000,7.02
2005-03-28,16.00,16.00,15.74,15.75,66200,7.07
2005-03-24,15.85,16.00,15.70,16.00,80400,7.18
2005-03-23,16.08,16.08,15.82,15.90,63200,7.13
2005-03-22,16.05,16.08,16.03,16.03,46400,7.19
2005-03-21,16.15,16.15,16.00,16.05,42000,7.20
2005-03-18,16.10,16.10,16.00,16.06,470400,7.20
2005-03-17,16.00,16.10,15.99,16.00,358400,7.18
2005-03-16,16.00,16.05,15.89,15.99,291400,7.17
2005-03-15,16.15,16.20,16.00,16.00,199200,7.18
2005-03-14,16.15,16.29,16.15,16.15,408800,7.25
2005-03-11,16.00,16.15,16.00,16.15,194400,7.25
2005-03-10,16.15,16.15,15.98,15.99,317400,7.17
2005-03-09,16.00,16.29,15.90,16.15,279400,7.25
2005-03-08,16.00,16.05,15.95,16.00,455400,7.18
2005-03-07,15.90,16.15,15.75,16.00,403000,7.18
2005-03-04,15.85,16.01,15.80,15.90,118600,7.13
2005-03-03,15.85,15.87,15.70,15.80,111000,7.09
2005-03-02,15.85,15.85,15.70,15.85,58000,7.11
2005-03-01,15.73,15.85,15.60,15.85,124000,7.11
2005-02-28,15.75,15.82,15.66,15.78,68000,7.08
2005-02-25,15.95,15.97,15.75,15.76,109200,7.07
2005-02-24,16.24,16.24,15.91,15.95,106600,7.16
2005-02-23,16.40,16.40,16.20,16.25,98400,7.29
2005-02-22,16.60,16.70,16.36,16.40,143200,7.36
2005-02-18,16.45,16.70,16.40,16.50,106800,7.40
2005-02-17,16.05,16.50,16.00,16.50,78200,7.40
2005-02-16,15.80,16.00,15.72,16.00,279200,7.18
2005-02-15,15.95,16.10,15.30,15.86,155200,7.12
2005-02-14,16.48,16.48,15.90,15.90,183200,7.13
2005-02-11,16.45,16.67,16.40,16.48,77600,7.39
2005-02-10,16.44,16.60,16.37,16.51,85200,7.41
2005-02-09,16.63,16.65,16.25,16.44,31800,7.38
2005-02-08,16.30,16.65,16.30,16.63,92400,7.46
2005-02-07,16.15,16.30,16.15,16.30,60600,7.31
2005-02-04,16.00,16.20,15.95,16.10,600000,7.22
2005-02-03,16.10,16.15,15.85,16.00,132200,7.18
2005-02-02,16.35,16.35,16.10,16.13,249400,7.24
2005-02-01,16.05,16.35,15.80,16.35,135000,7.33
2005-01-31,15.90,16.05,15.82,16.05,64200,7.20
2005-01-28,15.90,15.99,15.40,15.80,1410000,7.09
2005-01-27,15.90,16.05,15.70,15.80,749000,7.09
2005-01-26,16.10,16.16,15.75,15.80,954400,7.09
2005-01-25,16.20,16.25,16.05,16.10,368000,7.22
2005-01-24,16.22,16.24,16.05,16.10,169800,7.22
2005-01-21,16.25,16.27,16.00,16.10,140800,7.22
2005-01-20,16.30,16.32,16.10,16.10,203000,7.22
2005-01-19,16.20,16.40,16.15,16.15,234000,7.25
2005-01-18,16.15,16.20,15.95,16.08,156200,7.21
2005-01-14,16.00,16.10,15.90,16.00,107200,7.18
2005-01-13,15.90,16.08,15.80,15.96,362600,7.16
2005-01-12,15.90,16.00,15.60,15.75,228000,7.07
2005-01-11,16.05,16.05,15.85,15.90,126600,7.13
2005-01-10,15.65,16.01,15.65,16.00,144000,7.18
2005-01-07,15.95,15.95,15.65,15.65,142600,7.02
2005-01-06,15.50,15.80,15.40,15.65,602800,7.02
2005-01-05,16.15,16.15,15.55,15.60,230600,7.00
2005-01-04,16.35,16.35,15.80,15.99,203800,7.17
2005-01-03,16.25,16.45,15.60,16.03,207800,7.19
2004-12-31,15.85,16.40,15.75,16.25,863400,7.29
2004-12-30,15.75,15.79,15.07,15.75,434200,7.07
2004-12-29,16.00,16.08,15.55,15.71,106600,7.05
2004-12-28,15.93,16.24,15.85,15.98,312800,7.17
2004-12-27,16.72,16.75,15.75,15.98,703600,7.17
2004-12-23,16.20,16.85,16.10,16.50,1009800,7.40
2004-12-22,15.35,16.10,14.90,15.95,609600,7.16
2004-12-21,14.60,15.61,14.40,15.60,919400,7.00
2004-12-20,14.60,15.20,14.60,14.60,338400,6.55
2004-12-17,14.60,14.73,14.36,14.70,954400,6.59
2004-12-16,14.00,14.89,14.00,14.72,12120000,6.60
