Date,Open,High,Low,Close,Volume,Adj Close
2012-05-04,52.23,52.73,52.05,52.55,9600,52.55
2012-05-03,52.62,52.68,51.76,52.26,11000,52.26
2012-05-02,53.00,53.22,52.76,53.12,20000,53.12
2012-05-01,54.21,54.40,53.67,53.72,9900,53.72
2012-04-30,53.34,53.96,53.25,53.92,11000,53.92
2012-04-27,54.47,54.51,54.27,54.40,5000,54.40
2012-04-26,53.38,54.30,53.32,54.05,7600,54.05
2012-04-25,53.54,53.55,52.22,53.39,8900,53.39
2012-04-24,53.85,54.00,53.38,53.53,4700,53.53
2012-04-23,53.41,53.56,52.91,53.55,19500,53.55
2012-04-20,55.16,55.16,54.92,55.09,6700,55.09
2012-04-19,54.21,55.65,54.21,55.07,8100,55.07
2012-04-18,54.75,55.00,54.51,54.88,8200,54.88
2012-04-17,55.18,55.44,54.62,55.06,4400,55.06
2012-04-16,55.00,55.01,54.54,54.77,5600,54.77
2012-04-13,55.86,55.86,54.53,54.67,3400,54.67
2012-04-12,54.87,56.57,54.87,56.18,9200,56.18
2012-04-11,55.00,55.11,54.64,54.79,4600,54.79
2012-04-10,53.26,55.22,53.26,55.22,7500,55.22
2012-04-09,55.20,55.20,54.50,54.76,3700,54.76
2012-04-05,54.55,55.21,54.55,55.15,4200,55.15
2012-04-04,55.30,55.30,53.39,54.29,18500,54.29
2012-04-03,57.50,57.72,56.68,56.68,7600,56.68
2012-04-02,56.37,57.76,56.37,57.36,3100,57.36
2012-03-30,56.63,56.67,56.06,56.24,6700,56.24
2012-03-29,55.47,55.94,54.98,55.94,4500,55.94
2012-03-28,56.37,56.44,55.32,55.78,11700,55.78
2012-03-27,57.41,57.57,56.54,56.58,20800,56.58
2012-03-26,56.74,57.20,56.64,57.20,14200,57.20
2012-03-23,55.25,56.04,54.90,55.91,8700,55.91
2012-03-22,54.74,54.92,54.17,54.54,9200,54.54
2012-03-21,55.75,56.28,55.56,55.87,10300,55.87
2012-03-20,56.12,56.31,55.32,55.76,10200,55.76
2012-03-19,56.49,57.49,56.47,57.24,9500,57.24
2012-03-16,56.56,56.77,56.42,56.54,6500,56.54
2012-03-15,55.50,57.12,55.50,56.36,14700,56.36
2012-03-14,56.88,57.45,55.00,55.88,20900,55.88
2012-03-13,57.82,58.61,57.41,57.83,10800,57.83
2012-03-12,59.03,59.03,58.12,58.43,7100,58.43
2012-03-09,57.93,59.89,57.93,59.52,10800,59.52
2012-03-08,58.67,59.01,58.30,58.92,7800,58.92
2012-03-07,57.31,58.39,57.16,58.14,20500,58.14
2012-03-06,57.13,57.45,56.59,57.33,25200,57.33
2012-03-05,60.01,62.14,58.50,59.17,38500,59.17
2012-03-02,60.93,61.01,59.97,60.44,10900,60.44
2012-03-01,60.66,62.18,60.49,61.81,14000,61.81
2012-02-29,64.70,65.44,59.06,60.23,65700,60.23
2012-02-28,62.89,64.84,62.77,64.42,13300,64.42
2012-02-27,61.69,62.06,61.49,61.73,13200,61.73
2012-02-24,62.05,62.15,61.43,61.79,13100,61.79
2012-02-23,60.67,62.01,60.52,61.78,24100,61.78
2012-02-22,59.36,60.01,59.31,59.99,5200,59.99
2012-02-21,59.04,60.04,58.99,59.95,16600,59.95
2012-02-17,58.49,58.49,57.69,57.78,5600,57.78
2012-02-16,57.21,58.45,57.06,58.39,3700,58.39
2012-02-15,58.94,59.04,57.75,58.23,12400,58.23
2012-02-14,58.51,58.77,57.97,58.37,17000,58.37
2012-02-13,58.67,58.93,58.33,58.76,11000,58.76
2012-02-10,58.32,58.90,58.06,58.29,16200,58.29
2012-02-09,59.93,60.00,58.94,58.94,10700,58.94
2012-02-08,59.62,59.62,58.76,59.17,21500,59.17
2012-02-07,58.95,59.75,58.70,59.62,8400,59.62
2012-02-06,58.15,58.91,58.07,58.60,6400,58.60
2012-02-03,59.10,59.23,58.11,58.53,15100,58.53
2012-02-02,58.83,59.85,58.77,59.81,19600,59.81
2012-02-01,59.09,59.11,58.40,58.65,18800,58.65
2012-01-31,59.13,59.20,57.47,57.70,18300,57.70
2012-01-30,58.19,58.60,58.00,58.15,5800,58.15
2012-01-27,58.20,59.09,58.20,59.04,8800,59.04
2012-01-26,58.76,58.79,58.05,58.09,19200,58.09
2012-01-25,55.27,58.10,54.94,57.86,36300,57.86
2012-01-24,55.97,56.18,55.54,55.55,27400,55.55
2012-01-23,55.75,56.89,55.75,56.21,61100,56.21
2012-01-20,53.13,55.86,52.91,55.81,49600,55.81
2012-01-19,52.99,53.27,52.90,53.15,10300,53.15
2012-01-18,52.67,53.14,52.45,52.97,14800,52.97
2012-01-17,52.44,52.89,52.00,52.11,9100,52.11
2012-01-13,51.64,52.04,51.26,51.52,11500,51.52
2012-01-12,52.86,53.29,52.13,52.31,15100,52.31
2012-01-11,51.65,52.47,51.51,52.11,15500,52.11
2012-01-10,52.13,52.40,51.83,51.93,23300,51.93
2012-01-09,50.58,50.62,50.00,50.19,50000,50.19
2012-01-06,50.95,50.97,49.71,49.83,23900,49.83
2012-01-05,49.89,51.06,49.89,50.80,47900,50.80
2012-01-04,50.79,51.28,50.51,50.67,28600,50.67
2012-01-03,49.90,51.64,49.85,51.47,41400,51.47
2011-12-30,48.69,49.36,47.99,47.99,134200,47.99
2011-12-29,45.99,48.39,45.74,48.39,46100,48.39
2011-12-28,49.30,49.30,46.70,46.95,56100,46.95
2011-12-27,50.09,50.55,49.74,49.84,23500,49.84
2011-12-23,51.00,51.03,50.55,50.56,5800,50.56
2011-12-22,50.89,50.98,50.48,50.63,19900,50.63
2011-12-21,51.08,51.40,50.80,51.10,17500,51.10
2011-12-20,51.26,51.50,51.11,51.41,31500,51.41
2011-12-19,50.55,50.74,49.93,50.08,18800,50.08
2011-12-16,51.39,51.78,51.00,51.68,36100,51.68
2011-12-15,50.90,50.97,49.58,50.57,33900,50.57
2011-12-14,50.75,51.35,49.74,50.23,61100,50.23
2011-12-13,54.61,55.78,53.13,53.53,32300,53.53
2011-12-12,54.51,54.65,53.90,54.65,26300,54.65
2011-12-09,55.63,56.41,55.62,56.17,11200,56.17
2011-12-08,55.77,56.04,54.89,55.05,19500,55.05
2011-12-07,57.06,57.13,56.40,56.83,7900,56.83
2011-12-06,55.50,57.38,55.38,57.32,24200,57.32
2011-12-05,57.37,57.47,55.67,55.75,25400,55.75
2011-12-02,58.10,58.10,56.54,56.83,40500,56.83
2011-12-01,57.60,58.17,56.83,57.15,19000,57.15
2011-11-30,56.29,57.39,56.29,57.39,18000,57.39
2011-11-29,55.58,56.07,55.44,55.64,15200,55.64
2011-11-28,56.05,56.21,55.90,56.01,6400,56.01
2011-11-25,54.49,55.32,54.15,54.15,12400,54.15
2011-11-23,55.30,55.90,54.78,55.50,39600,55.50
2011-11-22,55.42,57.65,55.36,57.16,35000,57.16
2011-11-21,54.62,55.22,53.56,55.21,33300,55.21
2011-11-18,55.71,56.88,55.40,56.39,27700,56.39
2011-11-17,57.52,57.52,54.24,55.07,54700,55.07
2011-11-16,59.46,59.80,58.63,58.95,43100,58.95
2011-11-15,60.35,60.72,59.53,60.40,11200,60.40
2011-11-14,60.20,60.25,59.32,59.82,13600,59.82
2011-11-11,59.49,60.73,59.49,60.59,9500,60.59
2011-11-10,59.56,59.61,57.91,59.41,11100,59.41
2011-11-09,60.65,60.65,58.95,59.40,55200,59.40
2011-11-08,60.84,61.50,60.54,60.91,25200,60.91
2011-11-07,60.46,61.07,60.34,61.07,20700,61.07
2011-11-04,59.58,59.89,59.00,59.44,23500,59.44
2011-11-03,60.45,60.60,59.13,60.18,20900,60.18
2011-11-02,59.09,60.00,58.95,59.54,31200,59.54
2011-11-01,56.73,58.38,56.42,57.95,58300,57.95
2011-10-31,60.22,60.22,59.61,59.88,14600,59.88
2011-10-28,61.32,61.56,60.52,61.28,20600,61.28
2011-10-27,59.10,61.64,58.84,61.16,35400,61.16
2011-10-26,58.81,58.95,57.81,58.11,45300,58.11
2011-10-25,55.09,58.19,54.71,57.96,40300,57.96
2011-10-24,55.08,55.73,54.82,55.17,34600,55.17
2011-10-21,54.49,54.64,54.00,54.54,102500,54.54
2011-10-20,53.53,54.52,52.06,53.15,79900,53.15
2011-10-19,55.39,55.65,53.76,53.96,1056300,53.96
2011-10-18,54.07,56.25,53.20,56.17,27000,56.17
2011-10-17,56.13,56.19,54.84,55.66,44500,55.66
2011-10-14,56.09,56.51,55.45,56.05,14100,56.05
2011-10-13,55.97,55.97,54.93,55.40,56700,55.40
2011-10-12,56.89,57.22,56.22,56.93,27800,56.93
2011-10-11,55.54,56.24,55.30,56.21,27000,56.21
2011-10-10,55.82,56.26,55.61,55.92,20500,55.92
2011-10-07,56.37,56.72,53.62,54.15,45400,54.15
2011-10-06,53.73,56.11,53.62,55.81,43000,55.81
2011-10-05,51.69,53.23,50.88,52.84,61200,52.84
2011-10-04,52.92,53.02,49.91,52.23,256800,52.23
2011-10-03,53.61,53.98,52.56,52.71,111600,52.71
2011-09-30,52.82,53.23,51.65,51.65,118600,51.65
2011-09-29,53.58,53.94,51.96,53.50,129800,53.50
2011-09-28,55.12,55.39,51.35,51.56,330200,51.56
2011-09-27,57.36,57.42,54.89,55.85,199100,55.85
2011-09-26,49.22,53.62,48.99,53.25,741100,53.25
2011-09-23,57.09,58.32,52.03,53.66,170700,53.66
2011-09-22,65.16,65.19,61.82,62.80,141200,62.80
2011-09-21,70.26,71.22,69.00,69.26,40600,69.26
2011-09-20,68.82,70.56,68.63,69.78,61600,69.78
2011-09-19,69.98,69.98,68.27,69.56,70000,69.56
2011-09-16,70.04,71.59,70.04,70.81,27800,70.81
2011-09-15,70.33,70.69,68.97,69.83,39000,69.83
2011-09-14,71.43,71.43,70.55,71.23,34200,71.23
2011-09-13,71.06,72.41,70.88,71.73,32700,71.73
2011-09-12,71.63,72.25,69.40,70.35,130900,70.35
2011-09-09,72.95,74.14,72.15,72.89,36300,72.89
2011-09-08,74.56,74.70,73.72,74.16,48400,74.16
2011-09-07,71.23,73.30,70.71,72.95,51500,72.95
2011-09-06,74.01,74.72,72.91,73.74,87300,73.74
2011-09-02,75.14,76.04,74.85,75.84,76300,75.84
2011-09-01,72.68,73.27,72.29,72.83,69400,72.83
2011-08-31,72.83,73.57,72.14,72.80,43800,72.80
2011-08-30,72.40,72.87,71.50,72.61,66200,72.61
2011-08-29,71.71,71.85,70.63,71.37,100800,71.37
2011-08-26,71.95,72.74,70.55,72.63,25300,72.63
2011-08-25,69.14,72.14,68.94,71.93,84400,71.93
2011-08-24,72.09,72.44,68.57,69.76,115900,69.76
2011-08-23,75.39,76.09,72.77,73.20,153300,73.20
2011-08-22,75.85,76.98,75.47,76.70,95700,76.70
2011-08-19,74.36,75.07,72.71,75.02,139300,75.02
2011-08-18,71.55,71.80,70.84,71.32,28600,71.32
2011-08-17,70.48,71.07,69.76,70.69,71200,70.69
2011-08-16,69.29,70.31,69.29,70.19,114500,70.19
2011-08-15,68.92,69.73,68.70,69.55,171000,69.55
2011-08-12,67.43,68.66,67.21,68.53,97500,68.53
2011-08-11,67.59,68.41,66.49,68.02,242700,68.02
2011-08-10,67.30,69.26,67.03,68.96,185300,68.96
2011-08-09,66.63,67.34,64.80,65.39,397200,65.39
2011-08-08,68.87,69.50,67.00,68.31,623200,68.31
2011-08-05,68.93,68.97,65.91,67.06,128000,67.06
2011-08-04,73.97,74.04,66.94,67.69,182400,67.69
2011-08-03,71.91,73.64,71.80,72.90,147400,72.90
2011-08-02,70.35,71.57,69.84,71.49,56600,71.49
2011-08-01,68.86,70.16,68.50,68.78,24800,68.78
2011-07-29,70.47,70.73,69.57,69.82,77600,69.82
2011-07-28,70.49,70.81,68.59,69.76,203700,69.76
2011-07-27,72.49,72.58,70.29,70.42,91700,70.42
2011-07-26,70.71,71.79,70.19,71.76,17200,71.76
2011-07-25,71.07,71.48,70.00,70.66,43800,70.66
2011-07-22,69.82,70.51,69.75,70.22,34700,70.22
2011-07-21,70.02,70.13,68.13,68.81,40300,68.81
2011-07-20,67.40,70.30,66.82,70.30,33000,70.30
2011-07-19,70.87,70.87,67.70,68.32,55000,68.32
2011-07-18,70.60,71.31,70.29,70.94,67500,70.94
2011-07-15,67.46,68.79,67.46,68.77,27900,68.77
2011-07-14,68.51,68.84,67.05,67.20,67100,67.20
2011-07-13,65.24,67.09,65.24,66.84,78800,66.84
2011-07-12,61.65,63.69,61.49,63.20,28300,63.20
2011-07-11,64.23,64.39,62.30,62.71,45500,62.71
2011-07-08,64.42,64.42,63.48,64.19,39600,64.19
2011-07-07,63.60,64.12,63.34,63.77,29800,63.77
2011-07-06,62.51,63.35,62.51,63.05,55800,63.05
2011-07-05,61.16,62.45,61.05,62.18,56100,62.18
2011-07-01,59.22,59.59,58.60,59.24,65000,59.24
2011-06-30,61.34,61.34,60.40,60.79,28700,60.79
2011-06-29,59.89,61.11,59.55,61.01,63200,61.01
2011-06-28,59.05,59.49,58.64,59.21,36500,59.21
2011-06-27,59.21,59.53,58.39,58.55,73400,58.55
2011-06-24,61.00,61.17,59.73,59.88,71200,59.88
2011-06-23,62.38,62.39,60.76,61.75,102000,61.75
2011-06-22,63.88,64.35,63.63,63.76,27000,63.76
2011-06-21,63.18,63.99,63.18,63.75,40200,63.75
2011-06-20,62.68,63.25,62.38,62.99,50800,62.99
2011-06-17,61.96,62.86,61.96,62.79,80100,62.79
2011-06-16,62.06,62.60,61.59,62.21,38100,62.21
2011-06-15,61.74,62.92,61.47,62.63,80100,62.63
2011-06-14,60.67,62.29,60.66,62.22,58300,62.22
2011-06-13,62.21,62.36,60.52,60.75,116700,60.75
2011-06-10,64.28,64.41,63.20,63.29,83800,63.29
2011-06-09,65.25,65.94,65.00,65.94,137400,65.94
2011-06-08,64.05,64.76,63.73,64.76,47700,64.76
2011-06-07,65.42,65.42,63.91,64.92,65700,64.92
2011-06-06,64.95,65.23,63.70,64.18,120700,64.18
2011-06-03,62.33,63.80,61.99,63.44,117300,63.44
2011-06-02,64.97,65.14,62.29,63.34,232300,63.34
2011-06-01,66.58,67.33,63.79,64.24,210300,64.24
2011-05-31,67.70,67.76,66.55,67.57,100400,67.57
2011-05-27,66.61,66.86,65.98,66.53,40400,66.53
2011-05-26,65.65,65.81,64.34,65.55,78900,65.55
2011-05-25,65.29,66.52,65.16,66.32,196800,66.32
2011-05-24,62.95,64.37,62.72,64.25,178500,64.25
2011-05-23,60.61,61.59,60.61,61.51,106300,61.51
2011-05-20,60.92,61.85,59.92,61.29,236500,61.29
2011-05-19,61.79,62.05,60.53,61.50,306300,61.50
2011-05-18,60.92,62.23,60.46,61.42,521900,61.42
2011-05-17,58.45,59.42,57.72,59.33,463400,59.33
2011-05-16,60.63,61.76,58.78,58.86,1510400,58.86
2011-05-13,61.74,62.61,59.41,61.69,155800,61.69
2011-05-12,59.09,62.13,57.26,59.77,848000,59.77
2011-05-11,65.42,65.60,61.35,61.72,687300,61.72
2011-05-10,66.79,68.00,66.54,67.42,272000,67.42
2011-05-09,64.87,66.46,64.28,66.40,379900,66.40
2011-05-06,60.82,63.71,60.22,61.75,608300,61.75
2011-05-05,65.61,66.11,60.22,60.38,788300,60.38
2011-05-04,72.36,72.63,68.28,68.79,599900,68.79
2011-05-03,76.84,77.69,71.17,72.93,899100,72.93
2011-05-02,79.38,82.97,76.44,76.97,555500,76.97
2011-04-29,85.72,86.26,83.81,84.39,173000,84.39
2011-04-28,85.18,86.98,83.00,84.98,405900,84.98
2011-04-27,80.65,84.85,78.82,84.61,155100,84.61
2011-04-26,80.46,80.46,78.40,79.15,229500,79.15
2011-04-25,84.52,84.60,80.15,82.39,554100,82.39
2011-04-21,80.48,81.99,79.89,81.97,190800,81.97
2011-04-20,78.56,79.68,77.63,79.41,151200,79.41
2011-04-19,75.97,77.54,75.42,77.44,117200,77.44
2011-04-18,75.87,76.50,74.17,76.37,151900,76.37
2011-04-15,74.59,75.39,74.15,75.32,105900,75.32
2011-04-14,72.03,73.93,71.89,73.93,116200,73.93
2011-04-13,71.18,71.65,70.50,71.28,101000,71.28
2011-04-12,71.41,71.43,69.80,70.42,134600,70.42
2011-04-11,72.50,72.63,69.91,70.75,160400,70.75
2011-04-08,70.83,71.84,70.47,71.74,92300,71.74
2011-04-07,69.42,69.77,69.19,69.70,78300,69.70
2011-04-06,69.67,69.88,68.93,69.60,126100,69.60
2011-04-05,67.44,69.02,67.44,69.02,64900,69.02
2011-04-04,67.76,67.80,67.26,67.67,95300,67.67
2011-04-01,65.59,66.52,65.14,66.36,88100,66.36
2011-03-31,66.47,66.65,65.90,66.15,88900,66.15
2011-03-30,66.00,66.09,64.97,65.78,53100,65.78
2011-03-29,64.79,65.32,64.54,65.11,98700,65.11
2011-03-28,64.38,65.38,64.28,65.17,125800,65.17
2011-03-25,65.92,66.21,64.77,65.47,206700,65.47
2011-03-24,66.24,67.02,64.74,65.02,242500,65.02
2011-03-23,63.97,65.64,63.97,65.61,151900,65.61
2011-03-22,63.14,63.98,63.04,63.90,127400,63.90
2011-03-21,62.98,63.63,62.74,63.45,266100,63.45
2011-03-18,61.35,61.90,61.31,61.68,469800,61.68
2011-03-17,60.08,60.81,59.76,60.23,1293100,60.23
2011-03-16,60.69,61.50,59.43,59.90,63400,59.90
2011-03-15,59.41,60.95,59.26,60.34,101900,60.34
2011-03-14,63.20,63.57,62.65,62.83,22600,62.83
2011-03-11,60.04,63.46,59.88,62.88,101800,62.88
2011-03-10,61.98,62.02,60.74,61.67,74300,61.67
2011-03-09,63.85,63.85,62.60,63.35,51500,63.35
2011-03-08,63.22,63.35,62.48,63.15,38400,63.15
2011-03-07,63.71,64.15,62.91,63.18,119500,63.18
2011-03-04,60.66,62.33,60.66,62.28,63300,62.28
2011-03-03,60.27,60.60,59.57,59.95,84300,59.95
2011-03-02,61.00,61.25,59.95,60.72,64700,60.72
2011-03-01,60.20,60.76,59.99,60.75,37500,60.75
2011-02-28,58.66,59.45,58.37,59.36,57300,59.36
2011-02-25,57.47,58.38,57.09,58.36,82700,58.36
2011-02-24,58.19,58.46,55.50,55.90,102200,55.90
2011-02-23,57.92,59.06,57.92,58.60,80000,58.60
2011-02-22,58.34,58.42,57.16,57.82,92300,57.82
2011-02-18,55.65,57.47,55.64,56.95,77600,56.95
2011-02-17,54.02,55.67,53.91,55.64,128300,55.64
2011-02-16,53.88,54.20,53.01,53.75,132500,53.75
2011-02-15,53.97,54.11,53.64,53.81,39500,53.81
2011-02-14,53.18,53.77,53.18,53.72,46100,53.72
2011-02-11,52.74,52.97,52.10,52.47,44600,52.47
2011-02-10,52.44,53.10,52.32,52.89,60300,52.89
2011-02-09,53.28,53.44,52.74,52.95,52200,52.95
2011-02-08,52.08,53.24,52.00,53.11,56000,53.11
2011-02-07,51.20,51.63,50.96,51.49,64000,51.49
2011-02-04,50.60,51.30,50.45,50.97,88100,50.97
2011-02-03,49.64,50.82,49.02,50.70,49400,50.70
2011-02-02,49.66,50.13,49.38,49.73,62300,49.73
2011-02-01,49.70,50.17,48.96,50.03,56300,50.03
2011-01-31,48.74,49.80,48.74,49.14,72100,49.14
2011-01-28,46.84,49.07,46.84,48.98,56700,48.98
2011-01-27,48.37,48.59,46.92,47.08,182200,47.08
2011-01-26,46.91,48.22,46.72,48.22,72700,48.22
2011-01-25,47.03,47.20,46.37,47.00,86600,47.00
2011-01-24,47.63,48.25,47.02,47.18,113700,47.18
2011-01-21,47.80,48.37,47.66,48.17,72700,48.17
2011-01-20,48.90,49.02,48.02,48.23,129200,48.23
2011-01-19,51.73,51.73,50.31,50.47,113100,50.47
2011-01-18,50.72,51.23,50.72,50.83,52100,50.83
2011-01-14,50.45,50.55,49.59,50.17,86700,50.17
2011-01-13,52.37,52.37,50.34,50.64,58500,50.64
2011-01-12,52.30,52.39,51.91,52.39,80700,52.39
2011-01-11,52.12,52.28,51.84,52.18,53200,52.18
2011-01-10,51.10,51.40,50.85,51.15,54500,51.15
2011-01-07,50.98,51.80,50.53,50.73,43000,50.73
2011-01-06,51.77,51.77,50.84,51.43,84900,51.43
2011-01-05,51.41,51.87,50.46,51.79,66600,51.79
2011-01-04,53.56,53.56,51.81,52.56,180700,52.56
2011-01-03,54.81,55.02,53.92,54.23,88700,54.23
2010-12-31,54.13,54.67,54.13,54.51,39000,54.51
2010-12-30,54.30,54.37,53.68,53.83,38400,53.83
2010-12-29,53.89,54.22,53.84,54.03,28700,54.03
2010-12-28,52.60,53.59,52.48,53.49,47900,53.49
2010-12-27,51.67,51.78,51.43,51.73,28600,51.73
2010-12-23,51.41,51.96,51.02,51.75,33600,51.75
2010-12-22,51.81,51.93,51.63,51.63,24200,51.63
2010-12-21,51.57,51.99,51.39,51.83,20800,51.83
2010-12-20,51.82,52.13,50.88,52.03,29400,52.03
2010-12-17,51.17,51.77,50.79,51.52,29800,51.52
2010-12-16,51.09,51.19,50.09,51.19,76800,51.19
2010-12-15,51.43,52.08,50.74,50.74,44900,50.74
2010-12-14,51.93,52.67,51.75,52.19,42000,52.19
2010-12-13,52.20,52.47,51.94,52.12,40400,52.12
2010-12-10,50.30,50.79,49.57,50.69,48600,50.69
2010-12-09,50.86,51.25,50.39,50.58,45500,50.58
2010-12-08,51.22,51.44,49.48,50.18,119000,50.18
2010-12-07,54.09,54.33,50.68,50.98,182900,50.98
2010-12-06,52.42,53.50,52.25,53.37,79100,53.37
2010-12-03,51.27,51.94,51.17,51.75,69400,51.75
2010-12-02,50.32,51.30,50.28,50.59,39700,50.59
2010-12-01,50.28,50.64,49.80,50.34,46700,50.34
2010-11-30,48.83,50.08,48.64,49.68,75900,49.68
2010-11-29,47.50,48.24,46.94,48.07,25500,48.07
2010-11-26,47.28,47.60,47.01,47.43,34000,47.43
2010-11-24,48.50,48.84,48.08,48.80,38600,48.80
2010-11-23,48.87,49.06,48.13,48.55,51100,48.55
2010-11-22,48.18,49.23,48.01,49.20,59500,49.20
2010-11-19,47.09,48.47,46.67,48.39,73400,48.39
2010-11-18,46.80,47.81,46.63,47.68,75200,47.68
2010-11-17,45.21,45.80,45.04,45.23,38300,45.23
2010-11-16,45.00,45.28,44.21,45.05,91200,45.05
2010-11-15,46.19,46.75,45.11,45.11,48500,45.11
2010-11-12,48.12,48.36,45.66,46.16,189700,46.16
2010-11-11,48.63,49.14,47.86,49.07,113600,49.07
2010-11-10,49.10,49.10,46.95,48.32,191200,48.32
2010-11-09,50.31,51.92,46.16,47.38,442400,47.38
2010-11-08,47.38,49.12,47.14,49.11,118000,49.11
2010-11-05,46.25,47.59,46.17,47.34,113300,47.34
2010-11-04,45.10,46.39,45.00,46.32,94300,46.32
2010-11-03,43.89,43.94,42.32,43.79,168400,43.79
2010-11-02,43.92,44.05,43.64,43.94,30100,43.94
2010-11-01,43.97,44.10,43.39,43.53,48200,43.53
2010-10-29,42.57,43.68,42.47,43.68,76800,43.68
2010-10-28,42.04,42.46,41.73,42.35,26900,42.35
2010-10-27,41.84,41.85,41.29,41.69,56400,41.69
2010-10-26,41.09,42.30,41.06,42.12,43500,42.12
2010-10-25,41.99,42.06,41.41,41.73,49400,41.73
2010-10-22,40.94,41.13,40.79,41.13,44600,41.13
2010-10-21,42.15,42.43,40.69,40.85,96200,40.85
2010-10-20,41.61,42.34,41.61,42.18,110700,42.18
2010-10-19,41.75,42.39,41.13,41.28,129500,41.28
2010-10-18,42.63,43.34,42.58,43.32,57200,43.32
2010-10-15,43.41,43.41,42.55,42.92,77500,42.92
2010-10-14,42.66,43.48,42.65,43.45,219200,43.45
2010-10-13,41.57,42.45,41.57,42.42,196300,42.42
2010-10-12,41.13,41.51,40.74,41.24,61000,41.24
2010-10-11,40.96,41.32,40.80,41.13,39100,41.13
2010-10-08,40.27,41.16,40.25,41.09,55800,41.09
2010-10-07,41.34,41.34,39.73,39.77,94500,39.77
2010-10-06,40.51,40.99,40.41,40.98,102300,40.98
2010-10-05,39.51,40.49,39.41,40.37,171500,40.37
2010-10-04,39.03,39.06,38.74,38.90,52300,38.90
2010-10-01,38.89,39.16,38.87,39.11,50200,39.11
2010-09-30,38.86,38.95,38.10,38.53,151100,38.53
2010-09-29,38.56,38.88,38.51,38.69,144200,38.69
2010-09-28,37.68,38.50,37.48,38.49,149300,38.49
2010-09-27,38.05,38.05,37.78,37.93,117600,37.93
2010-09-24,37.82,37.97,37.69,37.97,198200,37.97
2010-09-23,37.19,37.56,37.00,37.38,237800,37.38
2010-09-22,37.37,37.43,37.06,37.42,219200,37.42
2010-09-21,36.57,37.39,36.33,37.22,641700,37.22
2010-09-20,36.90,37.06,36.64,36.68,281800,36.68
2010-09-17,36.80,36.87,36.51,36.65,13800,36.65
2010-09-16,36.55,36.80,36.50,36.74,18500,36.74
2010-09-15,36.16,36.42,36.16,36.39,10200,36.39
2010-09-14,35.81,36.27,35.77,36.17,24400,36.17
2010-09-13,35.36,35.73,35.21,35.28,37300,35.28
2010-09-10,35.14,35.37,35.00,35.12,27200,35.12
2010-09-09,35.26,35.39,34.91,34.94,10200,34.94
2010-09-08,35.27,35.42,35.20,35.24,36900,35.24
2010-09-07,35.30,35.30,34.93,34.97,4700,34.97
2010-09-03,34.68,35.25,34.57,35.07,32100,35.07
2010-09-02,34.68,34.84,34.50,34.78,30100,34.78
2010-09-01,34.22,34.26,34.14,34.25,15300,34.25
2010-08-31,34.08,34.31,33.98,34.18,19500,34.18
2010-08-30,33.75,33.77,33.64,33.67,13500,33.67
2010-08-27,33.85,34.15,33.57,33.75,19300,33.75
2010-08-26,33.80,33.85,33.53,33.58,17700,33.58
2010-08-25,33.14,33.63,33.07,33.44,19600,33.44
2010-08-24,31.56,32.66,31.56,32.52,15600,32.52
2010-08-23,31.83,31.90,31.72,31.80,9500,31.80
2010-08-20,32.00,32.00,31.70,31.85,6600,31.85
2010-08-19,32.84,32.84,32.35,32.47,4800,32.47
2010-08-18,32.18,32.68,32.18,32.61,13500,32.61
2010-08-17,32.78,32.89,32.75,32.79,7000,32.79
2010-08-16,32.57,32.66,32.53,32.53,3700,32.53
2010-08-13,32.01,32.06,31.85,32.05,1800,32.05
2010-08-12,31.78,32.00,31.78,31.96,4700,31.96
2010-08-11,31.93,31.96,31.54,31.69,5800,31.69
2010-08-10,31.98,32.69,31.92,32.48,17200,32.48
2010-08-09,32.56,32.56,32.37,32.48,2100,32.48
2010-08-06,32.78,32.87,32.65,32.68,34100,32.68
2010-08-05,32.43,32.57,32.24,32.48,4400,32.48
2010-08-04,33.02,33.07,32.30,32.46,11700,32.46
2010-08-03,32.63,32.79,32.57,32.60,20400,32.60
2010-08-02,32.61,32.84,32.48,32.48,19300,32.48
2010-07-30,31.66,32.04,31.60,31.79,16100,31.79
2010-07-29,31.09,31.24,31.09,31.14,6600,31.14
2010-07-28,31.00,31.05,30.91,31.05,5200,31.05
2010-07-27,31.90,31.90,31.18,31.30,28400,31.30
2010-07-26,32.20,32.24,32.02,32.22,13800,32.22
2010-07-23,32.16,32.27,32.03,32.09,8100,32.09
2010-07-22,31.55,32.18,31.55,32.03,31900,32.03
2010-07-21,31.59,31.67,31.23,31.26,23600,31.26
2010-07-20,31.19,31.47,31.13,31.40,49500,31.40
2010-07-19,31.37,31.37,31.00,31.25,65400,31.25
2010-07-16,31.70,31.71,31.51,31.71,11200,31.71
2010-07-15,32.31,32.57,32.31,32.50,21900,32.50
2010-07-14,32.29,32.78,32.20,32.56,28300,32.56
2010-07-13,32.43,32.51,32.29,32.35,114800,32.35
2010-07-12,31.96,32.01,31.68,31.88,7400,31.88
2010-07-09,31.98,32.23,31.98,32.13,13400,32.13
2010-07-08,32.00,32.06,31.42,31.90,380100,31.90
2010-07-07,31.42,32.11,31.42,32.02,274900,32.02
2010-07-06,31.65,31.70,31.25,31.59,7800,31.59
2010-07-02,31.73,31.73,31.28,31.65,23500,31.65
2010-07-01,32.73,32.73,31.47,31.53,39900,31.53
2010-06-30,33.10,33.13,32.93,33.00,8800,33.00
2010-06-29,33.08,33.08,32.65,32.86,5200,32.86
2010-06-28,33.91,33.95,33.20,33.28,19400,33.28
2010-06-25,33.60,33.95,33.47,33.88,21100,33.88
2010-06-24,32.70,33.36,32.70,33.11,5300,33.11
2010-06-23,33.10,33.10,32.48,32.89,15800,32.89
2010-06-22,33.62,33.72,33.32,33.49,9700,33.49
2010-06-21,34.36,34.36,33.18,33.20,36300,33.20
2010-06-18,33.92,34.21,33.92,34.09,26800,34.09
2010-06-17,33.44,33.51,33.21,33.30,17200,33.30
2010-06-16,33.00,33.00,32.77,32.77,5400,32.77
2010-06-15,32.65,33.10,32.65,33.04,2700,33.04
2010-06-14,32.76,32.83,32.44,32.56,4300,32.56
2010-06-11,32.52,32.52,32.19,32.47,14200,32.47
2010-06-10,31.95,32.74,31.95,32.37,27100,32.37
2010-06-09,32.46,32.46,32.16,32.16,31800,32.16
2010-06-08,32.65,32.78,32.43,32.45,29800,32.45
2010-06-07,30.74,32.44,30.74,32.31,95700,32.31
2010-06-04,31.28,31.28,30.74,30.92,21100,30.92
2010-06-03,32.54,32.54,31.70,31.94,69700,31.94
2010-06-02,32.41,32.56,32.20,32.55,96900,32.55
2010-06-01,33.00,33.19,32.72,32.75,32100,32.75
2010-05-28,32.71,32.75,32.50,32.74,6200,32.74
2010-05-27,32.43,32.98,32.43,32.86,29500,32.86
2010-05-26,32.47,32.69,32.17,32.23,37900,32.23
2010-05-25,31.33,31.76,31.22,31.75,56400,31.75
2010-05-24,31.67,32.08,31.64,31.83,22800,31.83
2010-05-21,31.11,31.69,30.93,31.32,10600,31.32
2010-05-20,31.43,31.72,31.18,31.44,58100,31.44
2010-05-19,33.20,33.20,31.87,32.37,86100,32.37
2010-05-18,33.55,33.97,33.52,33.72,49300,33.72
2010-05-17,34.46,34.46,33.37,33.54,37300,33.54
2010-05-14,34.91,34.91,33.72,34.31,41300,34.31
2010-05-13,34.87,35.28,34.38,34.54,121300,34.54
2010-05-12,34.75,35.01,34.66,34.72,27800,34.72
2010-05-11,33.88,34.50,33.88,34.42,105300,34.42
2010-05-10,33.09,33.12,32.80,32.85,184200,32.85
2010-05-07,31.45,33.06,31.13,32.69,115600,32.69
2010-05-06,31.29,31.40,30.65,31.39,54300,31.39
2010-05-05,30.51,31.24,30.27,30.92,188900,30.92
2010-05-04,33.07,33.07,31.72,31.82,89700,31.82
2010-05-03,33.44,33.51,33.11,33.38,26700,33.38
2010-04-30,33.31,33.34,33.04,33.11,16700,33.11
2010-04-29,32.17,32.97,32.17,32.84,14500,32.84
2010-04-28,31.96,32.32,31.73,32.20,31200,32.20
2010-04-27,32.25,32.70,32.14,32.40,25000,32.40
2010-04-26,32.49,32.67,32.44,32.48,34400,32.48
2010-04-23,31.85,32.45,31.78,32.42,39900,32.42
2010-04-22,31.86,32.00,31.66,32.00,5300,32.00
2010-04-21,31.90,32.22,31.76,32.16,26300,32.16
2010-04-20,31.85,32.01,31.66,31.67,15600,31.67
2010-04-19,31.33,31.59,31.27,31.47,16500,31.47
2010-04-16,32.41,32.50,31.34,31.51,74100,31.51
2010-04-15,32.63,32.92,32.59,32.76,13600,32.76
2010-04-14,32.76,32.83,32.69,32.77,11700,32.77
2010-04-13,32.38,32.43,31.95,32.40,20600,32.40
2010-04-12,32.74,32.85,32.27,32.29,49700,32.29
2010-04-09,32.48,32.78,32.48,32.71,18700,32.71
2010-04-08,32.07,32.23,32.00,32.12,17700,32.12
2010-04-07,32.20,32.45,32.15,32.26,23600,32.26
2010-04-06,32.08,32.14,31.88,31.94,27000,31.94
2010-04-05,31.94,32.20,31.89,32.19,7700,32.19
2010-04-01,31.86,31.95,31.72,31.83,9800,31.83
2010-03-31,31.21,31.30,31.00,31.04,43500,31.04
2010-03-30,30.81,30.90,30.63,30.83,8000,30.83
2010-03-29,30.70,30.93,30.65,30.87,12700,30.87
2010-03-26,29.76,30.07,29.67,30.06,10900,30.06
2010-03-25,29.77,29.83,29.52,29.52,15700,29.52
2010-03-24,29.62,29.73,29.45,29.52,13100,29.52
2010-03-23,29.82,30.35,29.82,30.25,11500,30.25
2010-03-22,29.60,30.11,29.59,30.10,14100,30.10
2010-03-19,30.86,30.86,30.14,30.19,12300,30.19
2010-03-18,31.07,31.12,30.84,30.94,7300,30.94
2010-03-17,30.93,31.15,30.93,30.97,13800,30.97
2010-03-16,30.95,31.01,30.75,30.96,8200,30.96
2010-03-15,30.32,30.42,30.22,30.33,10800,30.33
2010-03-12,30.54,30.61,30.12,30.31,52800,30.31
2010-03-11,30.15,30.53,30.06,30.50,15200,30.50
2010-03-10,30.95,31.37,30.14,30.20,28400,30.20
2010-03-09,30.26,30.93,30.26,30.71,25400,30.71
2010-03-08,31.07,31.07,30.47,30.61,15100,30.61
2010-03-05,30.70,31.08,30.70,30.79,15700,30.79
2010-03-04,30.65,30.69,30.34,30.44,10800,30.44
2010-03-03,30.51,30.82,30.49,30.51,35100,30.51
2010-03-02,29.66,30.31,29.57,30.03,28800,30.03
2010-03-01,29.42,29.50,29.17,29.18,24100,29.18
2010-02-26,28.85,29.33,28.74,29.24,22100,29.24
2010-02-25,27.85,28.66,27.85,28.57,21400,28.57
2010-02-24,28.34,28.44,28.20,28.25,4000,28.25
2010-02-23,28.39,28.52,28.05,28.18,21000,28.18
2010-02-22,29.11,29.11,28.70,28.73,13700,28.73
2010-02-19,28.71,29.26,28.47,28.94,30400,28.94
2010-02-18,28.78,28.84,28.40,28.70,29100,28.70
2010-02-17,28.73,28.91,28.30,28.52,28600,28.52
2010-02-16,28.21,28.79,28.04,28.66,43600,28.66
2010-02-12,27.28,27.59,27.13,27.56,25200,27.56
2010-02-11,27.16,27.97,27.01,27.81,23500,27.81
2010-02-10,27.28,27.31,26.84,27.06,26300,27.06
2010-02-09,27.10,27.64,26.97,27.41,68900,27.41
2010-02-08,26.82,27.07,26.58,26.64,419200,26.64
2010-02-05,26.92,27.03,26.04,26.92,355500,26.92
2010-02-04,28.53,28.54,27.20,27.20,139200,27.20
2010-02-03,29.46,29.56,28.98,29.13,14700,29.13
2010-02-02,29.86,29.86,29.56,29.64,30600,29.64
2010-02-01,28.99,29.67,28.95,29.67,23400,29.67
2010-01-29,28.73,28.96,28.50,28.79,82000,28.79
2010-01-28,29.67,29.67,28.46,28.83,155700,28.83
2010-01-27,29.64,29.73,29.22,29.47,28400,29.47
2010-01-26,29.32,30.09,29.25,29.77,133300,29.77
2010-01-25,30.38,30.58,30.23,30.48,80600,30.48
2010-01-22,30.48,30.53,30.03,30.33,138200,30.33
2010-01-21,31.70,31.89,30.88,31.00,36700,31.00
2010-01-20,32.57,32.62,31.73,31.91,116100,31.91
2010-01-19,33.01,33.51,33.01,33.51,14600,33.51
2010-01-15,33.05,33.05,32.77,32.81,36400,32.81
2010-01-14,33.11,33.33,32.89,33.28,31000,33.28
2010-01-13,32.72,33.16,32.44,33.16,49700,33.16
2010-01-12,32.93,33.09,32.33,32.50,114800,32.50
2010-01-11,33.41,33.46,33.04,33.09,57900,33.09
2010-01-08,32.87,32.96,32.55,32.94,128400,32.94
2010-01-07,32.36,32.71,32.32,32.47,98800,32.47
2010-01-06,32.03,32.47,31.99,32.38,780100,32.38
2010-01-05,31.24,31.85,31.18,31.75,175600,31.75
2010-01-04,31.00,31.33,30.95,31.24,632700,31.24
2009-12-31,30.25,30.30,30.00,30.09,46800,30.09
2009-12-30,30.08,30.15,29.92,30.03,39000,30.03
2009-12-29,31.09,31.14,30.36,30.55,119800,30.55
2009-12-28,31.40,31.46,31.13,31.29,33400,31.29
2009-12-24,30.84,31.21,30.83,31.20,30300,31.20
2009-12-23,30.46,30.70,30.46,30.54,92300,30.54
2009-12-22,30.19,30.56,29.87,30.25,80800,30.25
2009-12-21,30.92,30.98,30.27,30.27,32700,30.27
2009-12-18,30.71,30.92,30.50,30.78,47800,30.78
2009-12-17,31.15,31.27,30.53,30.53,45600,30.53
2009-12-16,31.25,31.73,31.25,31.58,43300,31.58
2009-12-15,30.87,31.23,30.85,31.10,61400,31.10
2009-12-14,30.85,31.08,30.63,31.04,78800,31.04
2009-12-11,30.91,30.91,30.18,30.66,350100,30.66
2009-12-10,30.96,31.11,30.56,31.03,266700,31.03
2009-12-09,31.61,31.87,30.51,31.13,91400,31.13
2009-12-08,32.03,32.13,31.28,31.38,86300,31.38
2009-12-07,32.12,32.69,31.89,32.41,81900,32.41
2009-12-04,33.62,33.62,32.71,32.99,76700,32.99
2009-12-03,33.92,34.18,33.65,33.82,45600,33.82
2009-12-02,34.65,34.71,34.25,34.30,50800,34.30
2009-12-01,33.55,34.40,33.49,34.13,378500,34.13
2009-11-30,32.38,33.03,32.35,32.94,80100,32.94
2009-11-27,31.96,32.95,31.96,32.69,60100,32.69
2009-11-25,33.30,33.68,33.20,33.60,45000,33.60
2009-11-24,33.25,33.25,32.76,33.16,62400,33.16
2009-11-23,33.70,33.79,33.16,33.23,83600,33.23
2009-11-20,32.61,33.11,32.60,33.11,26200,33.11
2009-11-19,33.01,33.20,32.44,33.20,54000,33.20
2009-11-18,33.53,33.60,32.83,33.13,49100,33.13
2009-11-17,32.57,32.95,32.52,32.95,37500,32.95
2009-11-16,31.83,32.97,31.83,32.79,63800,32.79
2009-11-13,30.57,31.19,30.45,31.17,22800,31.17
2009-11-12,31.06,31.32,30.77,30.77,22800,30.77
2009-11-11,31.65,31.65,31.08,31.38,41600,31.38
2009-11-10,31.05,31.26,30.71,30.97,68300,30.97
2009-11-09,31.59,31.66,31.22,31.42,55800,31.42
2009-11-06,31.18,31.46,30.94,31.05,29700,31.05
2009-11-05,31.19,31.27,31.05,31.16,37400,31.16
2009-11-04,31.20,31.51,31.00,31.16,99800,31.16
2009-11-03,29.14,30.99,29.08,30.85,119500,30.85
2009-11-02,29.42,29.93,29.19,29.37,527500,29.37
2009-10-30,29.53,29.60,28.90,29.20,66700,29.20
2009-10-29,29.37,29.83,29.37,29.80,45400,29.80
2009-10-28,29.24,29.52,28.77,28.88,31100,28.88
2009-10-27,30.30,30.30,29.49,29.78,69300,29.78
2009-10-26,31.61,31.79,30.41,30.61,83500,30.61
2009-10-23,32.01,32.01,31.21,31.65,78900,31.65
2009-10-22,31.19,31.52,31.05,31.48,57300,31.48
2009-10-21,31.31,31.82,31.26,31.57,42300,31.57
2009-10-20,31.75,31.79,31.15,31.32,34700,31.32
2009-10-19,31.20,31.71,31.03,31.69,45400,31.69
2009-10-16,31.00,31.39,30.93,31.25,38800,31.25
2009-10-15,31.39,31.71,30.97,30.99,84000,30.99
2009-10-14,31.98,32.10,31.83,31.95,35600,31.95
2009-10-13,31.66,31.97,31.44,31.80,59100,31.80
2009-10-12,31.89,32.05,31.73,31.77,49000,31.77
2009-10-09,31.70,31.84,31.40,31.69,38500,31.69
2009-10-08,31.50,32.04,31.35,31.88,122300,31.88
2009-10-07,31.08,31.41,30.97,31.38,168000,31.38
2009-10-06,30.65,31.12,30.59,31.04,38900,31.04
2009-10-05,28.95,29.75,28.91,29.75,40900,29.75
2009-10-02,28.81,29.37,28.79,28.85,96300,28.85
2009-10-01,29.78,29.86,29.22,29.22,95800,29.22
2009-09-30,29.31,29.81,29.08,29.76,64000,29.76
2009-09-29,28.89,28.98,28.75,28.91,44300,28.91
2009-09-28,28.58,29.11,28.58,28.91,23900,28.91
2009-09-25,28.77,28.97,28.62,28.62,23600,28.62
2009-09-24,30.19,30.21,28.92,29.17,115700,29.17
2009-09-23,30.39,30.49,29.88,30.18,59300,30.18
2009-09-22,30.83,30.85,30.53,30.68,30900,30.68
2009-09-21,29.92,30.32,29.78,30.15,23700,30.15
2009-09-18,30.86,30.86,30.38,30.38,68400,30.38
2009-09-17,31.16,31.34,30.76,30.86,74900,30.86
2009-09-16,31.03,31.25,30.86,31.19,71100,31.19
2009-09-15,29.66,30.52,29.66,30.50,92900,30.50
2009-09-14,29.70,29.76,29.52,29.63,41100,29.63
2009-09-11,30.26,30.33,29.84,30.05,91700,30.05
2009-09-10,29.18,29.90,29.17,29.84,147800,29.84
2009-09-09,29.63,29.86,29.12,29.24,330800,29.24
2009-09-08,29.85,30.01,29.31,29.40,299000,29.40
2009-09-04,28.63,29.23,28.36,29.07,99900,29.07
2009-09-03,28.07,29.00,28.03,28.89,88700,28.89
2009-09-02,26.94,27.65,26.62,27.65,73100,27.65
2009-09-01,26.50,27.00,26.33,26.81,74000,26.81
2009-08-31,26.13,26.65,26.10,26.60,16800,26.60
2009-08-28,26.41,26.60,26.28,26.34,20900,26.34
2009-08-27,25.51,25.62,25.15,25.53,80200,25.53
2009-08-26,25.54,25.62,25.42,25.62,12600,25.62
2009-08-25,25.62,25.79,25.48,25.56,49700,25.56
2009-08-24,25.80,25.85,25.20,25.27,126700,25.27
2009-08-21,25.42,25.51,25.31,25.31,45100,25.31
2009-08-20,24.77,24.93,24.77,24.87,16000,24.87
2009-08-19,24.32,24.90,24.23,24.66,51400,24.66
2009-08-18,24.87,25.10,24.84,24.99,31900,24.99
2009-08-17,25.14,25.15,24.75,25.04,48800,25.04
2009-08-14,26.89,26.89,26.12,26.31,37800,26.31
2009-08-13,26.57,26.91,26.42,26.91,76900,26.91
2009-08-12,25.52,26.10,25.52,26.00,161600,26.00
2009-08-11,25.58,25.74,25.48,25.62,107200,25.62
2009-08-10,25.80,25.95,25.63,25.71,138600,25.71
2009-08-07,26.50,26.56,26.05,26.05,125700,26.05
2009-08-06,26.73,26.79,25.84,26.03,121600,26.03
2009-08-05,26.53,26.53,26.15,26.36,194300,26.36
2009-08-04,25.76,26.37,25.66,26.08,300000,26.08
2009-08-03,25.72,25.83,25.43,25.45,319600,25.45
2009-07-31,24.08,24.98,24.08,24.89,45200,24.89
2009-07-30,24.03,24.28,23.98,24.05,106200,24.05
2009-07-29,24.30,24.35,23.56,23.80,135400,23.80
2009-07-28,24.84,24.87,24.33,24.51,258000,24.51
2009-07-27,25.19,25.20,25.00,25.12,52000,25.12
2009-07-24,24.71,24.85,24.65,24.85,182000,24.85
2009-07-23,24.49,24.82,24.44,24.56,69600,24.56
2009-07-22,24.02,24.60,24.02,24.44,82300,24.44
2009-07-21,24.42,24.43,24.07,24.23,36000,24.23
2009-07-20,24.49,24.55,24.31,24.46,84000,24.46
2009-07-17,23.94,24.06,23.89,23.95,59800,23.95
2009-07-16,23.66,23.84,23.61,23.76,27200,23.76
2009-07-15,23.74,23.78,23.58,23.72,65900,23.72
2009-07-14,23.05,23.20,22.96,23.06,67400,23.06
2009-07-13,22.35,22.94,22.23,22.90,75600,22.90
2009-07-10,22.52,22.66,22.39,22.62,51600,22.62
2009-07-09,22.93,23.19,22.84,22.94,71700,22.94
2009-07-08,23.00,23.27,22.78,22.99,526200,22.99
2009-07-07,23.59,23.66,23.38,23.39,494300,23.39
2009-07-06,23.48,23.81,23.30,23.81,47700,23.81
2009-07-02,24.04,24.08,23.93,23.93,77400,23.93
2009-07-01,24.72,24.88,24.58,24.69,36700,24.69
2009-06-30,25.00,25.04,24.18,24.38,209600,24.38
2009-06-29,25.13,25.13,24.82,24.89,93700,24.89
2009-06-26,25.45,25.52,25.27,25.31,36600,25.31
2009-06-25,25.06,25.18,25.00,25.18,27700,25.18
2009-06-24,25.21,25.32,24.78,24.88,37200,24.88
2009-06-23,24.83,24.91,24.47,24.79,56700,24.79
2009-06-22,24.84,24.94,24.61,24.66,96600,24.66
2009-06-19,25.64,25.78,25.42,25.53,53500,25.53
2009-06-18,25.52,25.70,25.42,25.45,96600,25.45
2009-06-17,25.40,25.79,25.26,25.76,74400,25.76
2009-06-16,25.54,25.63,25.33,25.48,71600,25.48
2009-06-15,25.89,25.89,25.20,25.33,114300,25.33
2009-06-12,26.78,27.04,26.59,26.62,92200,26.62
2009-06-11,27.16,27.90,27.04,27.58,38900,27.58
2009-06-10,27.68,27.68,27.04,27.31,83400,27.31
2009-06-09,27.42,27.43,27.11,27.41,31200,27.41
2009-06-08,26.92,26.96,26.52,26.90,73700,26.90
2009-06-05,27.34,27.89,27.24,27.31,95100,27.31
2009-06-04,27.65,28.59,27.55,28.46,243500,28.46
2009-06-03,28.43,28.60,27.38,27.54,238800,27.54
2009-06-02,28.82,28.82,28.25,28.68,237800,28.68
2009-06-01,28.39,28.45,27.91,27.99,230100,27.99
2009-05-29,27.73,28.17,27.62,28.15,85700,28.15
2009-05-28,27.13,27.39,27.02,27.19,127900,27.19
2009-05-27,26.22,26.89,26.17,26.57,49200,26.57
2009-05-26,25.93,26.31,25.86,26.17,49700,26.17
2009-05-22,26.49,26.50,26.26,26.39,64500,26.39
2009-05-21,25.44,26.10,25.28,26.05,56200,26.05
2009-05-20,25.59,25.80,25.50,25.66,146900,25.66
2009-05-19,25.07,25.67,25.06,25.46,105400,25.46
2009-05-18,24.98,24.98,24.53,24.80,54300,24.80
2009-05-15,25.02,25.44,24.99,25.14,34900,25.14
2009-05-14,25.00,25.26,24.89,25.16,61600,25.16
2009-05-13,24.99,25.45,24.94,25.09,55000,25.09
2009-05-12,25.53,25.58,25.31,25.50,82700,25.50
2009-05-11,24.84,25.11,24.78,25.07,124900,25.07
2009-05-08,25.04,25.10,24.79,25.10,70300,25.10
2009-05-07,25.00,25.23,24.50,24.83,85500,24.83
2009-05-06,24.58,24.77,24.50,24.61,141000,24.61
2009-05-05,24.20,24.25,23.79,23.95,65300,23.95
2009-05-04,22.54,23.56,22.54,23.30,79500,23.30
2009-05-01,22.08,22.60,22.01,22.31,53200,22.31
2009-04-30,22.11,22.40,21.92,22.13,148900,22.13
2009-04-29,22.72,22.99,22.70,22.90,30500,22.90
2009-04-28,22.33,22.41,22.16,22.33,36500,22.33
2009-04-27,23.34,23.40,22.99,23.08,85200,23.08
2009-04-24,23.08,23.24,22.89,23.13,46200,23.13
2009-04-23,22.17,23.07,22.17,22.85,43200,22.85
2009-04-22,21.79,22.13,21.73,22.09,122500,22.09
2009-04-21,21.80,21.80,21.33,21.48,59600,21.48
2009-04-20,21.56,21.81,21.55,21.63,41500,21.63
2009-04-17,21.53,21.55,21.14,21.17,68900,21.17
2009-04-16,22.64,22.64,21.75,21.85,205600,21.85
2009-04-15,22.91,23.00,22.77,22.77,52500,22.77
2009-04-14,22.85,22.99,22.61,22.85,34000,22.85
2009-04-13,22.86,23.01,22.73,22.85,194800,22.85
2009-04-09,21.82,22.20,21.78,22.05,124400,22.05
2009-04-08,22.05,22.18,21.88,22.02,81500,22.02
2009-04-07,21.76,22.08,21.76,22.00,44300,22.00
2009-04-06,22.17,22.17,21.68,21.68,79100,21.68
2009-04-03,23.04,23.16,22.80,22.95,18400,22.95
2009-04-02,22.76,23.56,22.58,23.23,74900,23.23
2009-04-01,23.46,23.46,23.12,23.34,19600,23.34
2009-03-31,23.60,23.69,22.64,23.27,64500,23.27
2009-03-30,23.48,24.22,23.32,23.40,63300,23.40
2009-03-27,23.83,23.98,23.78,23.91,41400,23.91
2009-03-26,24.50,24.65,24.27,24.30,61700,24.30
2009-03-25,23.83,24.41,23.55,24.24,253900,24.24
2009-03-24,24.11,24.23,23.83,24.17,107800,24.17
2009-03-23,24.71,24.95,24.50,24.51,183100,24.51
2009-03-20,24.37,24.87,24.18,24.72,147700,24.72
2009-03-19,23.89,24.53,23.89,24.37,111600,24.37
2009-03-18,22.53,23.27,21.34,23.06,225300,23.06
2009-03-17,23.07,23.09,22.74,22.84,15000,22.84
2009-03-16,23.30,23.30,22.94,23.19,65500,23.19
2009-03-13,23.67,23.79,23.49,23.71,24200,23.71
2009-03-12,23.03,23.45,22.97,23.27,43900,23.27
2009-03-11,22.71,23.09,22.62,22.83,28800,22.83
2009-03-10,22.80,22.82,22.38,22.62,52400,22.62
2009-03-09,23.99,24.05,22.93,23.19,90400,23.19
2009-03-06,23.89,24.12,23.80,23.89,63400,23.89
2009-03-05,23.35,23.87,23.19,23.82,40700,23.82
2009-03-04,23.41,23.45,22.99,23.16,33000,23.16
2009-03-03,22.80,22.98,22.29,22.93,63500,22.93
2009-03-02,23.68,23.68,22.72,23.19,141700,23.19
2009-02-27,23.84,23.94,22.99,23.44,61700,23.44
2009-02-26,24.19,24.19,23.21,23.54,182000,23.54
2009-02-25,24.90,25.38,24.41,24.46,121700,24.46
2009-02-24,26.12,26.54,24.60,24.77,145200,24.77
2009-02-23,25.58,26.27,25.32,26.05,284100,26.05
2009-02-20,26.06,26.26,25.83,25.98,228800,25.98
2009-02-19,25.37,25.40,24.96,25.20,132200,25.20
2009-02-18,25.41,25.91,25.32,25.85,73400,25.85
2009-02-17,25.25,25.56,25.19,25.49,303900,25.49
2009-02-13,24.18,24.62,23.92,24.56,131800,24.56
2009-02-12,24.13,24.40,24.12,24.35,204400,24.35
2009-02-11,23.95,24.58,23.90,24.35,168500,24.35
2009-02-10,23.66,23.77,23.50,23.60,35800,23.60
2009-02-09,23.41,23.43,23.10,23.16,226000,23.16
2009-02-06,23.23,23.70,23.23,23.48,199700,23.48
2009-02-05,23.04,23.23,22.83,23.13,52500,23.13
2009-02-04,22.36,22.57,22.36,22.49,20200,22.49
2009-02-03,22.11,22.36,21.86,22.30,73000,22.30
2009-02-02,22.28,22.59,22.13,22.13,64700,22.13
2009-01-30,22.42,22.74,22.14,22.74,78000,22.74
2009-01-29,21.30,22.22,21.12,22.22,98500,22.22
2009-01-28,21.60,21.79,21.35,21.55,19500,21.55
2009-01-27,21.55,21.83,21.43,21.47,36300,21.47
2009-01-26,21.77,22.00,21.58,21.64,94400,21.64
2009-01-23,20.79,21.62,20.24,21.40,103600,21.40
2009-01-22,20.53,20.59,20.33,20.41,65400,20.41
2009-01-21,20.33,20.45,19.92,20.19,21300,20.19
2009-01-20,20.28,20.42,19.93,20.10,72900,20.10
2009-01-16,19.68,20.25,19.68,20.21,51100,20.21
2009-01-15,18.86,19.14,18.59,19.08,43600,19.08
2009-01-14,18.94,19.04,18.59,18.91,15100,18.91
2009-01-13,18.96,19.41,18.96,19.25,26000,19.25
2009-01-12,19.77,19.85,18.94,19.08,49700,19.08
2009-01-09,19.96,20.81,19.92,20.21,10400,20.21
2009-01-08,19.93,20.16,19.87,20.04,19700,20.04
2009-01-07,20.07,20.18,19.60,19.72,48300,19.72
2009-01-06,19.94,20.73,19.94,20.63,76400,20.63
2009-01-05,19.42,20.26,19.19,20.15,33700,20.15
2009-01-02,20.10,20.74,20.10,20.62,36600,20.62
2008-12-31,19.52,20.48,19.28,20.46,31600,20.46
2008-12-30,19.84,19.96,18.17,19.56,48400,19.56
2008-12-29,19.98,20.00,19.36,19.53,53200,19.53
2008-12-26,18.57,19.39,18.40,19.14,25100,19.14
2008-12-24,18.65,18.65,18.34,18.52,186700,18.52
2008-12-23,19.28,19.28,18.19,18.38,107600,18.38
2008-12-22,19.59,19.70,19.34,19.39,101000,19.39
2008-12-19,19.60,19.72,19.41,19.46,369300,19.46
2008-12-18,20.14,20.88,19.67,19.74,41700,19.74
2008-12-17,20.00,20.90,20.00,20.70,123400,20.70
2008-12-16,20.07,20.10,18.93,20.07,55500,20.07
2008-12-15,18.58,19.23,18.51,19.20,38000,19.20
2008-12-12,18.35,18.84,18.33,18.65,50200,18.65
2008-12-11,18.93,19.11,18.73,18.84,41200,18.84
2008-12-10,18.47,18.68,18.31,18.66,31400,18.66
2008-12-09,17.74,18.11,17.72,17.81,15500,17.81
2008-12-08,18.71,18.75,18.11,18.11,34300,18.11
2008-12-05,16.88,17.32,16.74,17.28,35900,17.28
2008-12-04,17.21,17.57,17.19,17.32,31800,17.32
2008-12-03,17.37,17.74,17.23,17.64,31600,17.64
2008-12-02,17.41,17.87,17.31,17.64,20600,17.64
2008-12-01,17.01,17.31,16.88,16.88,29400,16.88
2008-11-28,18.76,18.95,18.65,18.95,26400,18.95
2008-11-26,19.03,19.18,18.70,18.88,66000,18.88
2008-11-25,19.18,19.18,18.48,18.88,27900,18.88
2008-11-24,18.67,19.50,18.67,19.25,62200,19.25
2008-11-21,17.27,17.66,17.10,17.62,107200,17.62
2008-11-20,16.97,16.97,14.81,16.49,129500,16.49
2008-11-19,17.58,17.92,16.93,16.97,300500,16.97
2008-11-18,16.91,17.81,16.91,17.61,65300,17.61
2008-11-17,17.02,17.43,17.00,17.06,402500,17.06
2008-11-14,17.52,17.61,17.32,17.42,20900,17.42
2008-11-13,17.05,17.15,16.09,17.15,78000,17.15
2008-11-12,17.50,17.70,16.90,16.90,42600,16.90
2008-11-11,18.12,18.31,17.54,17.87,52000,17.87
2008-11-10,19.03,19.11,18.51,18.79,61400,18.79
2008-11-07,18.40,18.58,18.20,18.42,62300,18.42
2008-11-06,19.55,19.64,18.16,18.33,216100,18.33
2008-11-05,18.80,19.29,18.54,18.92,59600,18.92
2008-11-04,18.87,19.10,18.46,18.72,80200,18.72
2008-11-03,17.98,18.26,17.78,17.94,59100,17.94
2008-10-31,17.73,18.17,17.42,17.75,57500,17.75
2008-10-30,18.39,18.39,17.61,17.93,29500,17.93
2008-10-29,17.83,18.50,17.54,17.91,81300,17.91
2008-10-28,16.56,16.63,15.64,16.62,82000,16.62
2008-10-27,16.24,16.84,16.24,16.41,43900,16.41
2008-10-24,16.29,17.25,16.18,17.02,32600,17.02
2008-10-23,17.04,18.06,16.94,17.30,57700,17.30
2008-10-22,17.97,18.08,17.13,17.23,98200,17.23
2008-10-21,17.70,18.67,17.70,18.53,88400,18.53
2008-10-20,17.50,18.01,17.33,17.93,65000,17.93
2008-10-17,17.20,17.35,16.67,17.20,239800,17.20
2008-10-16,18.63,18.63,16.91,17.74,235500,17.74
2008-10-15,19.09,19.37,18.50,18.97,52300,18.97
2008-10-14,19.97,20.26,19.68,20.12,50000,20.12
2008-10-13,19.62,19.93,19.06,19.67,77500,19.67
2008-10-10,21.21,21.65,17.34,18.22,268000,18.22
2008-10-09,21.47,22.77,21.39,22.77,30300,22.77
2008-10-08,21.90,21.90,21.27,21.66,36300,21.66
2008-10-07,21.38,21.60,20.63,21.22,27300,21.22
2008-10-06,20.79,20.97,19.99,20.11,62600,20.11
2008-10-03,20.47,21.50,20.37,20.50,63500,20.50
2008-10-02,21.95,21.95,19.94,19.94,113800,19.94
2008-10-01,22.76,23.82,22.67,23.14,66000,23.14
2008-09-30,22.93,23.10,21.60,22.05,82400,22.05
2008-09-29,23.68,24.53,23.60,23.98,92400,23.98
2008-09-26,24.28,25.17,24.28,24.60,32400,24.60
2008-09-25,24.92,25.37,24.06,24.39,62000,24.39
2008-09-24,25.04,25.05,24.38,24.39,36500,24.39
2008-09-23,24.90,24.90,23.95,24.57,54300,24.57
2008-09-22,24.05,25.03,23.89,25.03,82900,25.03
2008-09-19,22.95,23.31,22.34,23.19,78100,23.19
2008-09-18,23.03,23.81,21.55,21.91,284600,21.91
2008-09-17,20.04,22.64,19.98,22.37,132100,22.37
2008-09-16,19.58,19.63,19.06,19.16,95800,19.16
2008-09-15,20.14,20.46,19.79,20.46,58100,20.46
2008-09-12,19.69,20.07,19.48,20.07,25000,20.07
2008-09-11,19.70,19.70,18.79,19.25,45900,19.25
2008-09-10,21.08,21.10,19.67,19.70,89700,19.70
2008-09-09,21.88,21.91,20.76,20.80,109500,20.80
2008-09-08,22.88,23.00,21.76,22.23,109500,22.23
2008-09-05,23.64,23.82,22.20,22.45,35100,22.45
2008-09-04,23.85,23.91,23.28,23.45,25500,23.45
2008-09-03,23.64,23.79,23.35,23.64,26500,23.64
2008-09-02,23.17,24.21,22.92,23.89,40700,23.89
2008-08-29,25.32,25.32,24.84,24.92,22600,24.92
2008-08-28,25.50,25.54,24.85,25.18,14100,25.18
2008-08-27,25.03,25.05,24.75,24.84,17600,24.84
2008-08-26,24.77,25.22,24.77,25.10,28800,25.10
2008-08-25,24.87,24.98,24.50,24.69,36000,24.69
2008-08-22,24.81,25.07,24.44,24.48,84400,24.48
2008-08-21,25.24,25.55,24.95,25.53,66700,25.53
2008-08-20,24.22,24.43,23.62,24.42,22800,24.42
2008-08-19,23.71,24.47,23.55,24.33,24900,24.33
2008-08-18,24.00,24.37,24.00,24.08,43300,24.08
2008-08-15,24.18,24.32,23.37,23.49,125400,23.49
2008-08-14,26.53,26.73,25.96,26.00,46000,26.00
2008-08-13,26.55,27.40,26.55,27.28,46800,27.28
2008-08-12,26.87,27.10,26.46,26.79,125400,26.79
2008-08-11,28.16,28.26,26.71,26.83,85800,26.83
2008-08-08,28.59,28.72,27.98,28.11,126800,28.11
2008-08-07,30.60,30.60,29.50,29.61,58800,29.61
2008-08-06,30.45,30.55,30.16,30.30,30100,30.30
2008-08-05,30.77,30.94,30.14,30.21,61100,30.21
2008-08-04,31.86,31.96,31.06,31.07,28500,31.07
2008-08-01,31.97,32.51,31.97,32.04,37800,32.04
2008-07-31,32.72,32.82,32.45,32.54,9100,32.54
2008-07-30,31.02,32.36,30.91,32.18,69600,32.18
2008-07-29,31.63,33.00,31.38,31.90,31800,31.90
2008-07-28,32.38,32.38,31.74,32.27,21100,32.27
2008-07-25,31.78,32.13,31.28,32.05,37300,32.05
2008-07-24,31.96,32.25,31.48,32.11,55200,32.11
2008-07-23,32.85,32.85,31.87,31.99,71400,31.99
2008-07-22,34.23,34.27,32.82,33.05,53800,33.05
2008-07-21,33.85,34.02,33.64,34.02,63400,34.02
2008-07-18,33.82,33.96,33.30,33.48,94000,33.48
2008-07-17,34.60,35.29,33.83,34.17,98300,34.17
2008-07-16,35.01,35.19,34.34,34.48,80900,34.48
2008-07-15,35.44,35.69,34.38,34.85,158000,34.85
2008-07-14,34.89,35.46,34.72,35.26,133600,35.26
2008-07-11,34.53,34.80,34.35,34.69,83100,34.69
2008-07-10,33.51,33.77,33.44,33.77,49700,33.77
2008-07-09,33.14,33.43,33.00,33.38,28100,33.38
2008-07-08,32.65,32.93,32.25,32.89,35300,32.89
2008-07-07,32.91,33.20,32.45,32.68,41000,32.68
2008-07-03,33.61,33.72,33.31,33.49,19800,33.49
2008-07-02,33.32,33.97,33.28,33.79,53100,33.79
2008-07-01,32.91,33.50,32.78,33.40,95400,33.40
2008-06-30,32.42,32.54,31.75,32.13,40900,32.13
2008-06-27,32.14,32.56,31.99,32.25,44500,32.25
2008-06-26,31.75,32.09,31.60,31.80,29300,31.80
2008-06-25,30.86,31.04,30.48,31.03,47300,31.03
2008-06-24,30.88,31.18,30.67,30.78,32000,30.78
2008-06-23,30.78,31.06,30.70,30.90,66900,30.90
2008-06-20,32.12,32.29,32.04,32.10,13400,32.10
2008-06-19,32.51,32.51,31.96,31.96,31000,31.96
2008-06-18,32.11,32.16,31.74,31.98,34600,31.98
2008-06-17,31.24,31.71,31.23,31.50,24500,31.50
2008-06-16,32.08,32.08,31.64,31.75,56400,31.75
2008-06-13,30.32,30.61,30.32,30.40,24100,30.40
2008-06-12,30.44,30.57,30.03,30.41,30300,30.41
2008-06-11,31.06,31.28,30.95,31.21,13500,31.21
2008-06-10,31.03,31.33,30.50,30.57,40800,30.57
2008-06-09,32.00,32.13,31.49,31.53,27200,31.53
2008-06-06,31.85,32.43,31.73,32.30,22400,32.30
2008-06-05,31.02,31.69,31.02,31.66,17200,31.66
2008-06-04,30.67,31.20,30.62,31.08,17600,31.08
2008-06-03,30.60,31.03,30.35,30.86,10200,30.86
2008-06-02,30.98,31.30,30.60,30.93,18600,30.93
2008-05-30,30.98,31.22,30.86,31.09,16500,31.09
2008-05-29,31.22,31.56,30.48,30.56,45000,30.56
2008-05-28,31.91,32.55,31.82,32.10,25100,32.10
2008-05-27,32.95,32.95,32.03,32.12,51900,32.12
2008-05-23,33.58,33.73,33.21,33.57,69600,33.57
2008-05-22,33.00,33.33,32.85,33.14,71700,33.14
2008-05-21,32.57,33.37,32.57,33.27,95700,33.27
2008-05-20,31.50,32.74,31.41,32.74,67400,32.74
2008-05-19,31.53,31.53,31.05,31.45,47300,31.45
2008-05-16,31.31,31.49,31.12,31.40,380000,31.40
2008-05-15,31.14,31.34,30.61,30.95,99100,30.95
2008-05-14,30.96,31.05,30.47,30.49,67000,30.49
2008-05-13,30.98,31.06,30.63,30.78,42600,30.78
2008-05-12,31.20,31.92,31.15,31.66,38300,31.66
2008-05-09,31.13,31.24,30.42,31.07,31200,31.07
2008-05-08,31.07,31.24,30.93,31.17,23700,31.17
2008-05-07,30.50,30.85,30.47,30.77,21200,30.77
2008-05-06,30.90,31.42,30.80,31.20,26500,31.20
2008-05-05,30.90,31.04,30.73,30.93,24000,30.93
2008-05-02,29.84,30.50,29.84,30.30,50100,30.30
2008-05-01,30.43,30.43,29.50,29.95,80700,29.95
2008-04-30,30.79,31.15,30.48,31.05,34000,31.05
2008-04-29,30.68,30.81,30.45,30.51,49200,30.51
2008-04-28,31.17,31.73,31.13,31.51,23000,31.51
2008-04-25,31.15,31.28,30.80,31.10,40200,31.10
2008-04-24,31.16,31.33,30.84,30.91,66800,30.91
2008-04-23,31.75,32.08,31.43,31.72,45200,31.72
2008-04-22,32.35,33.11,32.29,32.70,92300,32.70
2008-04-21,32.74,32.75,32.04,32.29,62100,32.29
2008-04-18,32.12,33.39,31.98,32.94,88800,32.94
2008-04-17,34.13,34.13,33.59,33.59,28300,33.59
2008-04-16,33.89,34.26,33.60,33.79,56300,33.79
2008-04-15,32.76,33.04,32.71,32.99,34900,32.99
2008-04-14,32.71,33.02,32.57,32.66,32700,32.66
2008-04-11,33.00,33.19,32.22,32.76,59100,32.76
2008-04-10,33.60,33.70,32.94,33.15,34500,33.15
2008-04-09,32.90,33.97,32.90,33.61,43800,33.61
2008-04-08,32.57,32.70,32.40,32.56,32700,32.56
2008-04-07,33.34,33.75,33.22,33.26,48200,33.26
2008-04-04,32.38,32.95,32.17,32.82,50600,32.82
2008-04-03,31.58,32.48,31.32,32.19,18200,32.19
2008-04-02,30.93,32.20,30.93,31.94,85700,31.94
2008-04-01,30.72,31.25,30.08,30.77,157900,30.77
2008-03-31,33.50,33.50,31.45,31.71,106800,31.71
2008-03-28,32.87,33.30,32.50,33.04,108000,33.04
2008-03-27,33.42,34.34,33.34,34.17,54600,34.17
2008-03-26,33.10,34.05,32.88,33.70,170000,33.70
2008-03-25,32.06,33.12,32.05,33.11,102000,33.11
2008-03-24,31.05,31.77,31.00,31.44,103500,31.44
2008-03-20,32.09,33.12,29.76,30.90,313500,30.90
2008-03-19,35.59,35.70,33.50,33.65,273500,33.65
2008-03-18,37.32,37.52,35.94,36.12,105600,36.12
2008-03-17,36.95,38.21,36.50,37.23,133100,37.23
2008-03-14,38.38,39.18,37.82,38.30,172300,38.30
2008-03-13,38.28,38.45,37.44,38.04,114800,38.04
2008-03-12,36.65,37.23,36.42,37.14,95500,37.14
2008-03-11,37.13,37.13,35.67,36.26,78100,36.26
2008-03-10,35.89,36.71,35.00,36.30,124100,36.30
2008-03-07,37.47,37.79,36.52,37.30,100200,37.30
2008-03-06,38.29,38.37,36.69,37.49,132900,37.49
2008-03-05,37.12,38.53,36.71,38.53,249700,38.53
2008-03-04,37.83,37.98,36.11,36.65,245000,36.65
2008-03-03,37.64,38.13,37.10,37.65,252200,37.65
2008-02-29,36.62,36.76,36.08,36.71,122200,36.71
2008-02-28,35.85,36.79,35.69,36.75,194000,36.75
2008-02-27,35.72,35.91,35.00,35.72,89600,35.72
2008-02-26,33.79,34.95,33.66,34.82,93900,34.82
2008-02-25,33.59,33.64,33.16,33.61,46100,33.61
2008-02-22,33.33,33.51,32.87,33.45,102100,33.45
2008-02-21,33.27,33.46,32.90,33.00,59300,33.00
2008-02-20,32.11,33.07,32.11,33.07,27300,33.07
2008-02-19,32.28,32.56,32.15,32.46,44000,32.46
2008-02-15,32.41,32.41,31.51,31.67,33700,31.67
2008-02-14,31.82,32.19,31.82,31.94,18300,31.94
2008-02-13,31.70,32.19,31.46,32.01,31700,32.01
2008-02-12,32.52,32.52,31.70,31.84,38300,31.84
2008-02-11,32.02,32.51,31.79,32.50,65300,32.50
2008-02-08,31.38,31.80,31.35,31.80,86700,31.80
2008-02-07,30.74,31.17,30.74,31.13,9300,31.13
2008-02-06,30.76,30.82,30.50,30.61,7900,30.61
2008-02-05,30.42,30.54,30.12,30.28,23600,30.28
2008-02-04,30.67,31.15,30.43,30.96,19900,30.96
2008-02-01,31.81,31.84,31.00,31.15,52700,31.15
2008-01-31,31.08,31.56,30.86,31.40,37000,31.40
2008-01-30,30.97,31.35,30.86,31.05,13900,31.05
2008-01-29,30.85,31.15,30.67,30.97,16600,30.97
2008-01-28,30.66,31.07,30.52,31.05,29400,31.05
2008-01-25,30.59,30.64,30.28,30.53,34300,30.53
2008-01-24,30.41,30.49,29.99,30.49,25200,30.49
2008-01-23,29.37,30.00,29.26,29.75,20300,29.75
2008-01-22,29.32,30.08,29.05,29.78,87000,29.78
2008-01-18,30.06,30.31,29.80,30.20,96000,30.20
2008-01-17,29.73,29.97,29.46,29.46,30600,29.46
2008-01-16,29.96,30.09,29.30,29.32,52800,29.32
2008-01-15,30.47,30.73,29.76,29.93,51300,29.93
2008-01-14,30.39,30.93,30.32,30.63,36700,30.63
2008-01-11,29.92,30.44,29.92,30.40,31800,30.40
2008-01-10,29.20,30.33,29.20,30.31,19900,30.31
2008-01-09,29.33,29.68,29.22,29.30,22200,29.30
2008-01-08,29.02,29.50,28.99,29.50,32700,29.50
2008-01-07,28.77,28.77,28.38,28.49,14000,28.49
2008-01-04,28.75,28.86,28.46,28.70,10900,28.70
2008-01-03,28.80,28.92,28.52,28.90,16100,28.90
2008-01-02,28.15,28.75,28.15,28.54,10000,28.54
2007-12-31,27.89,27.96,27.68,27.79,9000,27.79
2007-12-28,27.97,27.97,27.72,27.79,3300,27.79
2007-12-27,27.61,27.73,27.34,27.50,4300,27.50
2007-12-26,27.60,27.80,27.58,27.61,13200,27.61
2007-12-24,27.20,27.49,27.20,27.48,4000,27.48
2007-12-21,27.07,27.20,26.96,27.00,3200,27.00
2007-12-20,26.56,26.88,26.45,26.77,9700,26.77
2007-12-19,26.56,26.66,26.46,26.65,15800,26.65
2007-12-18,26.58,26.58,26.32,26.44,3000,26.44
2007-12-17,26.17,26.18,25.82,26.04,12200,26.04
2007-12-14,27.09,27.35,26.78,26.88,113100,26.01
2007-12-13,28.03,28.03,27.29,27.48,45600,26.59
2007-12-12,27.74,28.75,27.74,28.49,7200,27.57
2007-12-11,28.55,28.73,28.15,28.17,12200,27.26
2007-12-10,29.00,29.00,28.39,28.47,12400,27.55
2007-12-07,27.95,28.01,27.79,28.01,4000,27.10
2007-12-06,27.58,28.29,27.58,28.26,3300,27.35
2007-12-05,27.82,27.93,27.51,27.81,15500,26.91
2007-12-04,27.80,28.01,27.76,27.94,46000,27.04
2007-12-03,27.15,27.69,27.15,27.54,26200,26.65
2007-11-30,27.29,27.45,26.85,27.33,22700,26.45
2007-11-29,27.68,28.00,27.64,27.77,16800,26.87
2007-11-28,28.17,28.24,27.81,28.22,9400,27.31
2007-11-27,28.31,28.37,27.96,28.19,36500,27.28
2007-11-26,28.90,29.04,28.56,28.76,35900,27.83
2007-11-23,28.70,28.93,28.63,28.90,5200,27.96
2007-11-21,28.59,28.59,28.00,28.18,45800,27.27
2007-11-20,28.32,28.87,28.28,28.78,36800,27.85
2007-11-19,28.24,28.31,27.51,27.69,18700,26.79
2007-11-16,28.65,28.68,28.13,28.18,8300,27.27
2007-11-15,28.51,28.62,27.91,28.15,20200,27.24
2007-11-14,29.59,29.59,29.10,29.30,19200,28.35
2007-11-13,28.90,29.00,28.24,28.46,26100,27.54
2007-11-12,31.70,31.70,28.06,28.06,38300,27.15
2007-11-09,30.15,30.38,29.85,30.19,61400,29.21
2007-11-08,30.60,30.85,29.79,30.11,48700,29.14
2007-11-07,30.27,30.56,29.75,29.83,62100,28.86
2007-11-06,29.71,30.18,29.70,30.18,61700,29.20
2007-11-05,28.40,28.90,28.32,28.76,21300,27.83
2007-11-02,27.79,28.60,27.59,28.56,8300,27.64
2007-11-01,27.55,27.81,27.25,27.54,18400,26.65
2007-10-31,28.06,28.43,27.43,28.26,46000,27.35
2007-10-30,27.67,27.95,27.60,27.74,14100,26.84
2007-10-29,28.20,28.26,27.84,28.26,7800,27.35
2007-10-26,27.67,27.87,27.64,27.85,5700,26.95
2007-10-25,26.94,27.42,26.93,27.23,19700,26.35
2007-10-24,26.46,26.65,26.30,26.57,5300,25.71
2007-10-23,26.68,26.68,26.41,26.58,4700,25.72
2007-10-22,26.34,26.49,26.17,26.37,6900,25.52
2007-10-19,27.06,27.06,26.10,26.53,5600,25.67
2007-10-18,26.84,27.00,26.84,26.98,3800,26.11
2007-10-17,27.09,27.09,26.60,26.60,6300,25.74
2007-10-16,26.90,26.90,26.58,26.65,8200,25.79
2007-10-15,27.40,27.42,27.00,27.00,6200,26.13
2007-10-12,27.03,27.08,26.96,27.08,3800,26.20
2007-10-11,26.82,27.56,26.82,26.95,25100,26.08
2007-10-10,26.63,26.72,26.61,26.63,4300,25.77
2007-10-09,26.25,26.53,26.25,26.37,8400,25.52
2007-10-08,26.11,26.19,25.96,26.05,9500,25.21
2007-10-05,26.32,26.43,26.20,26.22,3700,25.37
2007-10-04,25.90,26.29,25.79,26.24,19200,25.39
2007-10-03,26.39,26.43,26.04,26.14,3900,25.29
2007-10-02,26.03,26.21,25.81,26.12,33700,25.27
2007-10-01,26.87,26.98,26.75,26.87,30900,26.00
2007-09-28,26.91,27.20,26.91,27.01,19400,26.14
2007-09-27,26.55,26.66,26.39,26.52,5800,25.66
2007-09-26,26.41,26.65,26.23,26.28,6200,25.43
2007-09-25,26.20,26.49,26.20,26.47,24200,25.61
2007-09-24,26.54,26.63,26.38,26.38,19100,25.53
2007-09-21,26.48,26.57,26.11,26.49,17600,25.63
2007-09-20,26.15,26.50,26.06,26.30,29300,25.45
2007-09-19,25.52,25.56,25.42,25.51,1700,24.68
2007-09-18,25.34,25.62,25.00,25.62,13300,24.79
2007-09-17,25.02,25.17,24.89,25.16,5500,24.35
2007-09-14,24.77,25.00,24.65,24.66,5900,23.86
2007-09-13,24.61,24.79,24.50,24.60,28700,23.80
2007-09-12,24.81,24.91,24.65,24.82,9900,24.02
2007-09-11,24.81,25.07,24.75,25.00,8500,24.19
2007-09-10,24.81,24.81,24.49,24.73,9600,23.93
2007-09-07,24.77,24.77,24.43,24.55,12000,23.76
2007-09-06,24.29,24.58,24.09,24.43,12200,23.64
2007-09-05,23.96,24.00,23.93,23.95,1800,23.17
2007-09-04,23.76,24.19,23.72,24.11,30800,23.33
2007-08-31,23.81,23.81,23.56,23.80,15600,23.03
2007-08-30,23.16,23.32,23.16,23.21,4200,22.46
2007-08-29,23.39,23.45,23.31,23.45,1500,22.69
2007-08-28,23.04,23.39,23.00,23.11,10900,22.36
2007-08-27,23.51,23.51,23.11,23.11,8100,22.36
2007-08-24,22.91,23.69,22.91,23.69,13500,22.92
2007-08-23,23.27,23.27,22.99,23.03,7600,22.28
2007-08-22,23.09,23.24,22.85,22.91,4500,22.17
2007-08-21,23.07,23.10,22.69,22.73,10300,21.99
2007-08-20,23.37,23.37,23.10,23.13,27800,22.38
2007-08-17,25.87,25.87,22.30,23.32,31900,22.57
2007-08-16,24.38,24.38,21.95,22.97,60200,22.23
2007-08-15,24.52,24.90,24.52,24.67,2100,23.87
2007-08-14,25.14,25.30,25.00,25.01,6000,24.20
2007-08-13,25.20,25.20,25.16,25.16,300,24.35
2007-08-10,25.12,25.50,25.05,25.28,3400,24.46
2007-08-09,25.14,25.14,24.81,24.88,4900,24.07
2007-08-08,25.88,25.88,25.77,25.84,1200,25.00
2007-08-07,25.45,25.80,25.45,25.72,16900,24.89
2007-08-06,25.72,25.72,25.39,25.47,5000,24.65
2007-08-03,25.54,25.80,25.54,25.77,3900,24.94
2007-08-02,25.50,25.50,25.44,25.45,1900,24.63
2007-08-01,25.57,25.57,25.37,25.37,1800,24.55
2007-07-31,25.50,25.53,25.31,25.31,4700,24.49
2007-07-30,25.09,25.38,25.09,25.37,2600,24.55
2007-07-27,24.96,24.96,24.82,24.91,3000,24.10
2007-07-26,25.37,25.52,24.96,25.13,42800,24.32
2007-07-25,25.86,25.86,25.72,25.73,22800,24.90
2007-07-24,26.31,26.39,26.15,26.18,9300,25.33
2007-07-23,26.13,26.19,26.05,26.09,4800,25.25
2007-07-20,26.27,26.33,26.17,26.17,4800,25.32
2007-07-19,26.15,26.16,26.00,26.09,3700,25.25
2007-07-18,25.41,26.10,25.41,25.95,48100,25.11
2007-07-17,25.51,25.62,25.37,25.40,7300,24.58
2007-07-16,25.56,25.60,25.51,25.57,10700,24.74
2007-07-13,25.77,25.82,25.56,25.66,10300,24.83
2007-07-12,25.60,25.80,25.58,25.73,18400,24.90
2007-07-11,25.42,25.42,25.31,25.33,8900,24.51
2007-07-10,25.27,25.52,25.27,25.34,11100,24.52
2007-07-09,25.22,25.26,25.04,25.08,27000,24.27
2007-07-06,24.68,25.12,24.65,25.04,51300,24.23
2007-07-05,24.65,24.69,24.48,24.60,56300,23.80
2007-07-03,24.73,24.74,24.57,24.66,18000,23.86
2007-07-02,24.77,24.93,24.71,24.93,9200,24.12
2007-06-29,24.58,24.65,24.25,24.39,23800,23.60
2007-06-28,25.07,25.07,24.42,24.60,15400,23.80
2007-06-27,24.15,24.29,24.04,24.17,6900,23.39
2007-06-26,24.86,24.86,23.92,24.12,47600,23.34
2007-06-25,25.36,25.48,25.32,25.35,9000,24.53
2007-06-22,25.81,25.84,25.80,25.84,1200,25.00
2007-06-21,25.98,25.98,25.59,25.82,28300,24.98
2007-06-20,26.10,26.10,26.09,26.09,1000,25.25
2007-06-19,25.98,26.25,25.98,26.25,5800,25.40
2007-06-18,26.28,26.28,26.08,26.08,4200,25.24
2007-06-15,26.07,26.08,26.00,26.08,2300,25.24
2007-06-14,25.95,25.98,25.91,25.98,12900,25.14
2007-06-13,25.87,25.87,25.83,25.83,500,24.99
2007-06-12,25.75,25.86,25.75,25.77,800,24.94
2007-06-11,25.92,26.04,25.80,26.04,5800,25.20
2007-06-08,26.31,26.31,25.55,25.83,39600,24.99
2007-06-07,26.94,27.05,26.42,26.52,30700,25.66
2007-06-06,27.03,27.06,26.88,26.95,8700,26.08
2007-06-05,27.03,27.12,27.03,27.07,8400,26.19
2007-06-04,27.06,27.14,26.94,26.94,18300,26.07
2007-06-01,26.68,26.99,26.67,26.92,5100,26.05
2007-05-31,26.51,26.57,26.34,26.47,6500,25.61
2007-05-30,25.79,25.90,25.79,25.88,3500,25.04
2007-05-29,25.95,25.97,25.93,25.97,1700,25.13
2007-05-25,25.40,25.52,25.40,25.52,1600,24.69
2007-05-24,25.72,25.72,25.16,25.30,3600,24.48
2007-05-23,25.77,25.81,25.64,25.72,6300,24.89
2007-05-22,25.60,25.69,25.43,25.49,12400,24.66
2007-05-21,25.29,25.71,25.29,25.71,19800,24.88
2007-05-18,25.35,25.54,25.35,25.47,2600,24.65
2007-05-17,25.00,25.34,25.00,25.30,10800,24.48
2007-05-16,25.81,25.85,25.25,25.45,18300,24.63
2007-05-15,25.84,26.10,25.84,25.99,8700,25.15
2007-05-14,25.80,25.88,25.75,25.84,6200,25.00
2007-05-11,25.89,26.07,25.88,26.04,13100,25.20
2007-05-10,26.00,26.12,25.66,25.68,7900,24.85
2007-05-09,26.19,26.31,26.19,26.31,1200,25.46
2007-05-08,26.39,26.59,26.24,26.54,15400,25.68
2007-05-07,26.75,26.75,26.59,26.61,2600,25.75
2007-05-04,26.57,26.68,26.43,26.49,7300,25.63
2007-05-03,26.09,26.38,26.09,26.31,8200,25.46
2007-05-02,25.85,26.12,25.85,26.03,36900,25.19
2007-05-01,26.14,26.27,25.92,26.08,22400,25.24
2007-04-30,26.57,26.57,26.38,26.42,38500,25.56
2007-04-27,26.49,26.69,26.46,26.69,11200,25.83
2007-04-26,26.53,26.55,26.07,26.28,9400,25.43
2007-04-25,27.23,27.30,27.02,27.20,10400,26.32
2007-04-24,27.56,27.56,27.10,27.12,29000,26.24
2007-04-23,27.43,27.62,27.29,27.59,7300,26.70
2007-04-20,27.42,27.45,27.36,27.43,1900,26.54
2007-04-19,26.74,27.00,26.73,26.84,5800,25.97
2007-04-18,27.50,27.52,27.34,27.52,8500,26.63
2007-04-17,27.56,27.57,27.40,27.40,3200,26.51
2007-04-16,27.60,27.61,27.24,27.58,8300,26.69
2007-04-13,27.64,27.69,27.50,27.65,2900,26.76
2007-04-12,27.26,27.34,26.91,27.28,134900,26.40
2007-04-11,27.57,27.57,27.10,27.21,10900,26.33
2007-04-10,27.43,27.45,27.30,27.40,27200,26.51
2007-04-09,27.23,27.25,27.01,27.01,14800,26.14
2007-04-05,26.90,27.45,26.85,27.01,33100,26.14
2007-04-04,26.56,26.82,26.56,26.82,11600,25.95
2007-04-03,26.18,26.47,26.10,26.35,50800,25.50
2007-04-02,25.85,26.18,25.64,26.18,24700,25.33
2007-03-30,26.25,26.62,26.19,26.41,7900,25.56
2007-03-29,26.07,26.16,25.87,26.16,6300,25.31
2007-03-28,26.44,26.47,26.28,26.30,1900,25.45
2007-03-27,26.20,26.20,25.97,26.03,6800,25.19
2007-03-26,26.22,26.31,26.16,26.31,5600,25.46
2007-03-23,26.24,26.24,25.80,25.90,12100,25.06
2007-03-22,26.33,26.49,26.29,26.44,9000,25.58
2007-03-21,26.31,26.31,25.90,26.29,7900,25.44
2007-03-20,26.24,26.29,26.13,26.13,2300,25.28
2007-03-19,25.84,26.01,25.77,25.90,3600,25.06
2007-03-16,25.74,25.87,25.73,25.84,9300,25.00
2007-03-15,25.36,25.70,25.34,25.56,13000,24.73
2007-03-14,25.15,25.24,24.80,25.23,5400,24.41
2007-03-13,25.56,25.56,25.06,25.12,6700,24.31
2007-03-12,25.27,25.50,25.15,25.50,6200,24.67
2007-03-09,25.24,25.40,25.19,25.40,1200,24.58
2007-03-08,25.66,25.72,25.47,25.52,15100,24.69
2007-03-07,25.25,25.62,25.17,25.49,8000,24.66
2007-03-06,25.12,25.48,25.08,25.43,13400,24.61
2007-03-05,24.54,25.20,24.36,24.92,31600,24.11
2007-03-02,25.70,25.89,25.07,25.43,434600,24.61
2007-03-01,27.78,27.79,26.57,26.76,17800,25.89
2007-02-28,27.87,27.97,27.50,27.88,12300,26.98
2007-02-27,28.50,28.75,25.72,27.80,35400,26.90
2007-02-26,28.85,28.96,28.60,28.96,24700,28.02
2007-02-23,28.63,28.75,28.53,28.65,26600,27.72
2007-02-22,28.02,28.10,27.84,27.97,12000,27.06
2007-02-21,27.32,28.23,27.32,27.98,7900,27.07
2007-02-20,27.37,27.44,27.00,27.20,18600,26.32
2007-02-16,27.30,27.51,27.28,27.49,13900,26.60
2007-02-15,27.52,27.56,27.33,27.56,3900,26.67
2007-02-14,27.64,27.69,27.53,27.69,8500,26.79
2007-02-13,27.45,27.52,27.35,27.40,4500,26.51
2007-02-12,27.08,27.15,26.82,27.00,3800,26.13
2007-02-09,27.40,27.45,27.22,27.29,7000,26.41
2007-02-08,27.04,27.27,27.00,27.18,5900,26.30
2007-02-07,27.03,27.09,26.90,26.90,7800,26.03
2007-02-06,27.06,27.07,26.85,26.88,7900,26.01
2007-02-05,26.59,26.72,26.58,26.59,4300,25.73
2007-02-02,26.56,26.56,26.09,26.41,5800,25.56
2007-02-01,27.07,27.07,26.88,26.88,6600,26.01
2007-01-31,26.82,26.85,26.64,26.69,1200,25.83
2007-01-30,26.30,26.34,26.25,26.34,2700,25.49
2007-01-29,26.12,26.29,25.90,25.90,16100,25.06
2007-01-26,26.40,26.42,26.26,26.35,3400,25.50
2007-01-25,26.52,26.55,26.25,26.25,9600,25.40
2007-01-24,25.98,26.14,25.80,26.11,7800,25.26
2007-01-23,25.88,26.21,25.88,26.21,2000,25.36
2007-01-22,25.70,25.83,25.50,25.53,1300,24.70
2007-01-19,25.15,25.43,25.09,25.43,1200,24.61
2007-01-18,25.45,25.45,24.94,25.00,2000,24.19
2007-01-17,24.92,24.92,24.92,24.92,1300,24.11
2007-01-16,25.40,25.40,24.81,24.85,8000,24.05
2007-01-12,25.06,25.39,24.97,25.34,1200,24.52
2007-01-11,24.60,24.60,24.44,24.44,800,23.65
2007-01-10,24.45,24.51,24.23,24.50,800,23.71
2007-01-09,24.37,24.76,24.37,24.73,700,23.93
2007-01-08,24.25,24.39,24.12,24.39,16400,23.60
2007-01-05,24.02,24.17,24.02,24.17,3000,23.39
