Date,Open,High,Low,Close,Volume,Adj Close
2012-05-04,20.50,20.52,19.92,20.13,413200,20.13
2012-05-03,20.70,20.70,20.31,20.57,281000,20.57
2012-05-02,20.54,20.87,20.47,20.74,372600,20.74
2012-05-01,20.93,21.23,20.73,20.73,329600,20.73
2012-04-30,21.03,21.09,20.86,20.94,303300,20.94
2012-04-27,21.16,21.22,20.99,21.09,201500,21.09
2012-04-26,20.99,21.20,20.99,21.12,303900,21.12
2012-04-25,21.15,21.28,20.96,21.03,313300,21.03
2012-04-24,21.01,21.12,20.83,20.93,332700,20.93
2012-04-23,21.08,21.14,20.81,20.99,412900,20.99
2012-04-20,21.76,21.80,21.20,21.35,384200,21.35
2012-04-19,21.68,21.82,21.37,21.51,163700,21.51
2012-04-18,21.89,21.89,21.57,21.71,211100,21.71
2012-04-17,21.89,22.25,21.83,22.00,205100,22.00
2012-04-16,21.45,21.78,21.40,21.68,277000,21.68
2012-04-13,21.67,21.67,21.38,21.39,388600,21.39
2012-04-12,21.51,21.85,21.47,21.71,299900,21.71
2012-04-11,21.37,21.51,21.19,21.50,390200,21.50
2012-04-10,21.75,21.76,21.13,21.19,418800,21.19
2012-04-09,21.91,22.00,21.68,21.77,307800,21.77
2012-04-05,22.35,22.43,22.23,22.32,167400,22.32
2012-04-04,22.67,22.71,22.33,22.50,293300,22.50
2012-04-03,22.97,23.04,22.73,22.89,166100,22.89
2012-04-02,22.86,23.09,22.60,23.04,406300,23.04
2012-03-30,23.29,23.29,22.95,22.95,250100,22.95
2012-03-29,22.88,23.17,22.80,23.13,206400,23.13
2012-03-28,23.03,23.24,22.92,23.02,281200,23.02
2012-03-27,23.13,23.13,22.88,22.97,211200,22.97
2012-03-26,23.08,23.10,22.67,23.10,373300,23.10
2012-03-23,22.96,22.99,22.74,22.93,173400,22.93
2012-03-22,22.83,23.01,22.65,22.99,181700,22.99
2012-03-21,23.09,23.20,22.91,23.02,128100,23.02
2012-03-20,23.00,23.20,22.76,22.99,208600,22.99
2012-03-19,22.97,23.32,22.87,23.02,229600,23.02
2012-03-16,23.30,23.30,22.98,22.98,460000,22.98
2012-03-15,23.10,23.34,22.84,23.27,169900,23.27
2012-03-14,23.61,23.70,23.04,23.12,87800,23.12
2012-03-13,23.54,23.84,23.41,23.84,218000,23.65
2012-03-12,23.25,23.53,23.13,23.37,195600,23.18
2012-03-09,23.17,23.53,23.11,23.19,250600,23.00
2012-03-08,23.01,23.19,22.75,23.15,165200,22.96
2012-03-07,22.87,22.93,22.70,22.83,148000,22.65
2012-03-06,22.77,23.05,22.69,22.78,237400,22.60
2012-03-05,22.65,23.11,22.40,23.03,293700,22.84
2012-03-02,23.03,23.03,22.70,22.76,390700,22.58
2012-03-01,23.15,23.28,22.99,23.03,266000,22.84
2012-02-29,23.33,23.41,22.97,22.97,358500,22.78
2012-02-28,23.49,23.53,23.14,23.31,266500,23.12
2012-02-27,23.16,23.55,22.87,23.46,220000,23.27
2012-02-24,23.24,23.51,23.14,23.32,118100,23.13
2012-02-23,22.95,23.22,22.85,23.21,253100,23.02
2012-02-22,23.19,23.29,22.94,22.96,224800,22.77
2012-02-21,23.81,23.81,23.21,23.24,190500,23.05
2012-02-17,23.91,23.94,23.58,23.69,145300,23.50
2012-02-16,23.23,23.83,23.23,23.82,242200,23.63
2012-02-15,23.62,23.67,23.11,23.16,208400,22.97
2012-02-14,23.59,23.69,23.34,23.51,159500,23.32
2012-02-13,23.75,23.85,23.57,23.62,215600,23.43
2012-02-10,23.67,23.73,23.46,23.56,220900,23.37
2012-02-09,23.90,23.92,23.68,23.70,168300,23.51
2012-02-08,23.61,23.88,23.40,23.70,351800,23.51
2012-02-07,23.20,23.62,23.05,23.55,206500,23.36
2012-02-06,23.59,23.73,22.96,23.22,284400,23.03
2012-02-03,23.83,24.18,23.73,23.82,264900,23.63
2012-02-02,23.73,23.94,23.01,23.46,441800,23.27
2012-02-01,23.55,24.01,23.38,23.90,395300,23.71
2012-01-31,23.38,23.71,23.35,23.45,243000,23.26
2012-01-30,23.32,23.51,22.90,23.21,292000,23.02
2012-01-27,23.47,23.68,23.42,23.49,324000,23.30
2012-01-26,23.59,23.73,23.45,23.60,322000,23.41
2012-01-25,23.36,23.59,23.08,23.55,293200,23.36
2012-01-24,23.21,23.47,23.00,23.40,388900,23.21
2012-01-23,23.46,23.50,23.11,23.39,227600,23.20
2012-01-20,22.65,23.50,22.59,23.46,412500,23.27
2012-01-19,22.72,22.84,22.44,22.71,248400,22.53
2012-01-18,22.47,22.71,22.37,22.71,184900,22.53
2012-01-17,22.51,22.71,22.39,22.45,213600,22.27
2012-01-13,22.30,22.48,22.20,22.36,131500,22.18
2012-01-12,22.47,22.60,22.19,22.59,188600,22.41
2012-01-11,22.40,22.54,22.27,22.39,239600,22.21
2012-01-10,22.63,22.64,22.36,22.45,167400,22.27
2012-01-09,22.49,22.50,22.04,22.31,163300,22.13
2012-01-06,22.39,22.60,22.11,22.39,202500,22.21
2012-01-05,22.29,22.62,21.95,22.43,177000,22.25
2012-01-04,22.30,22.56,22.29,22.35,157800,22.17
2012-01-03,22.90,22.90,22.54,22.59,224200,22.41
2011-12-30,22.53,22.64,22.31,22.32,160500,22.14
2011-12-29,22.23,22.61,22.00,22.54,130400,22.36
2011-12-28,22.73,22.74,22.07,22.13,241000,21.95
2011-12-27,22.28,22.82,22.07,22.78,153200,22.60
2011-12-23,22.30,22.47,22.29,22.35,88200,22.17
2011-12-22,22.44,22.60,22.19,22.30,275900,22.12
2011-12-21,22.06,22.41,21.84,22.35,470300,22.17
2011-12-20,21.47,22.24,21.38,22.18,356800,22.00
2011-12-19,21.65,22.17,20.94,20.98,304800,20.81
2011-12-16,21.36,21.62,20.97,21.19,745300,21.02
2011-12-15,21.17,21.35,21.02,21.27,210700,21.10
2011-12-14,20.97,21.12,20.82,20.84,205200,20.67
2011-12-13,21.89,22.20,21.20,21.28,244400,20.92
2011-12-12,21.74,21.83,21.43,21.77,191000,21.40
2011-12-09,21.36,22.26,21.33,21.99,266300,21.61
2011-12-08,22.12,22.26,21.24,21.30,227200,20.94
2011-12-07,22.19,22.45,21.85,22.35,148200,21.97
2011-12-06,22.28,22.46,22.06,22.24,240600,21.86
2011-12-05,22.33,22.56,22.10,22.31,283000,21.93
2011-12-02,22.49,22.60,21.91,21.97,336100,21.59
2011-12-01,22.66,22.77,22.16,22.21,411300,21.83
2011-11-30,22.66,22.78,21.70,22.73,617000,22.34
2011-11-29,22.45,22.46,20.60,20.98,540500,20.62
2011-11-28,20.21,21.21,19.96,21.14,488700,20.78
2011-11-25,19.79,20.07,19.59,19.60,96100,19.27
2011-11-23,20.22,20.36,19.79,19.87,231100,19.53
2011-11-22,20.80,20.96,20.26,20.41,204300,20.06
2011-11-21,20.88,21.00,20.50,20.79,278500,20.43
2011-11-18,21.00,21.33,20.82,21.22,235500,20.86
2011-11-17,21.45,21.45,20.89,21.00,241700,20.64
2011-11-16,21.69,22.11,21.37,21.40,286000,21.03
2011-11-15,21.47,22.10,21.44,21.91,376100,21.54
2011-11-14,21.37,21.58,21.18,21.51,300200,21.14
2011-11-11,21.11,21.53,21.04,21.50,188900,21.13
2011-11-10,20.88,21.11,20.57,20.88,210300,20.52
2011-11-09,21.48,21.52,20.55,20.57,293600,20.22
2011-11-08,21.97,22.05,21.51,21.93,266100,21.56
2011-11-07,21.63,21.99,21.33,21.86,331000,21.49
2011-11-04,21.17,21.64,21.17,21.63,294100,21.26
2011-11-03,20.88,21.55,20.72,21.40,391100,21.03
2011-11-02,20.47,20.66,20.22,20.63,209800,20.28
2011-11-01,20.50,21.04,20.10,20.18,272300,19.84
2011-10-31,21.28,21.54,21.10,21.11,164400,20.75
2011-10-28,21.60,21.99,21.51,21.71,318000,21.34
2011-10-27,21.60,21.85,21.46,21.60,535400,21.23
2011-10-26,20.92,21.16,20.30,21.01,258900,20.65
2011-10-25,21.17,21.18,20.59,20.62,251500,20.27
2011-10-24,20.96,21.50,20.96,21.26,406400,20.90
2011-10-21,20.16,20.91,20.02,20.84,574400,20.48
2011-10-20,19.62,19.99,19.43,19.89,163600,19.55
2011-10-19,20.17,20.25,19.43,19.59,304100,19.26
2011-10-18,19.70,20.39,19.51,20.16,302100,19.82
2011-10-17,20.43,20.52,19.54,19.61,283800,19.27
2011-10-14,19.96,20.52,19.94,20.47,402500,20.12
2011-10-13,19.64,19.84,19.36,19.82,239000,19.48
2011-10-12,19.35,19.86,19.35,19.73,278900,19.39
2011-10-11,18.92,19.34,18.90,19.25,231700,18.92
2011-10-10,18.55,19.00,18.26,18.98,317900,18.66
2011-10-07,18.81,19.02,18.21,18.27,217600,17.96
2011-10-06,18.12,18.81,18.10,18.80,309300,18.48
2011-10-05,18.14,18.28,17.90,18.14,304100,17.83
2011-10-04,17.28,18.21,17.10,18.16,493500,17.85
2011-10-03,18.24,18.41,17.39,17.40,432700,17.10
2011-09-30,18.43,18.81,18.37,18.40,456300,18.09
2011-09-29,18.44,18.88,18.05,18.68,285400,18.36
2011-09-28,18.67,18.76,18.06,18.11,357100,17.80
2011-09-27,18.78,19.10,18.47,18.67,318800,18.35
2011-09-26,18.32,18.50,17.82,18.47,197000,18.15
2011-09-23,17.86,18.36,17.77,18.17,207700,17.86
2011-09-22,17.98,18.24,17.67,17.86,337200,17.55
2011-09-21,18.91,19.10,18.31,18.37,271000,18.06
2011-09-20,19.19,19.38,18.84,18.85,252800,18.53
2011-09-19,19.22,19.31,18.88,19.14,184800,18.81
2011-09-16,19.71,19.77,19.27,19.42,332400,19.09
2011-09-15,19.39,19.63,19.11,19.60,334900,19.27
2011-09-14,19.32,19.56,19.00,19.26,355700,18.93
2011-09-13,18.89,19.42,18.82,19.32,316100,18.80
2011-09-12,18.37,18.88,18.34,18.86,238200,18.36
2011-09-09,19.00,19.16,18.40,18.61,317200,18.11
2011-09-08,19.67,19.90,19.11,19.15,249800,18.64
2011-09-07,19.38,19.92,19.27,19.85,214400,19.32
2011-09-06,18.68,19.23,18.56,19.11,267700,18.60
2011-09-02,19.54,19.61,18.95,19.09,345000,18.58
2011-09-01,20.37,20.61,19.78,19.89,310900,19.36
2011-08-31,20.75,20.75,20.13,20.40,491500,19.85
2011-08-30,20.38,20.88,20.28,20.74,280200,20.19
2011-08-29,20.02,20.54,19.92,20.53,269100,19.98
2011-08-26,19.15,19.88,18.82,19.82,234300,19.29
2011-08-25,20.26,20.37,19.21,19.27,253300,18.75
2011-08-24,19.76,20.22,19.64,20.16,235300,19.62
2011-08-23,19.07,19.78,18.90,19.75,273400,19.22
2011-08-22,19.36,19.52,18.86,18.97,204500,18.46
2011-08-19,19.08,19.68,19.00,19.03,349300,18.52
2011-08-18,19.65,19.65,19.10,19.34,517100,18.82
2011-08-17,20.22,20.31,19.87,20.07,243200,19.53
2011-08-16,20.07,20.36,19.66,20.14,378200,19.60
2011-08-15,19.37,20.23,19.37,20.19,542800,19.65
2011-08-12,19.13,19.54,18.75,19.16,603800,18.65
2011-08-11,18.84,19.45,18.52,18.98,937200,18.47
2011-08-10,18.22,19.52,17.97,18.73,1178300,18.23
2011-08-09,19.25,19.64,17.78,18.45,1926400,17.96
2011-08-08,16.53,20.14,16.33,18.75,779900,18.25
2011-08-05,20.47,20.73,19.83,20.15,463500,19.61
2011-08-04,21.10,21.24,20.32,20.35,272700,19.81
2011-08-03,21.07,21.36,20.44,21.29,180000,20.72
2011-08-02,21.56,21.85,21.00,21.01,280200,20.45
2011-08-01,22.03,22.03,21.35,21.66,235100,21.08
2011-07-29,21.72,22.04,21.50,21.89,184500,21.30
2011-07-28,21.98,22.14,21.75,21.88,195000,21.29
2011-07-27,22.31,22.32,21.95,21.97,286100,21.38
2011-07-26,22.63,22.63,22.32,22.33,126400,21.73
2011-07-25,22.78,22.91,22.54,22.59,155100,21.99
2011-07-22,23.09,23.13,22.85,23.00,149800,22.38
2011-07-21,22.85,23.21,22.71,23.09,148500,22.47
2011-07-20,23.00,23.00,22.73,22.80,146800,22.19
2011-07-19,22.62,23.02,22.53,23.01,181200,22.39
2011-07-18,22.99,23.04,22.44,22.48,258600,21.88
2011-07-15,22.86,23.16,22.82,23.06,197700,22.44
2011-07-14,23.33,23.49,22.89,22.91,192600,22.30
2011-07-13,23.61,23.81,23.20,23.26,341000,22.64
2011-07-12,23.41,23.75,23.27,23.49,240900,22.86
2011-07-11,23.59,23.60,23.30,23.46,217100,22.83
2011-07-08,23.79,23.94,23.60,23.79,323900,23.15
2011-07-07,23.98,24.20,23.85,24.00,394600,23.36
2011-07-06,24.07,24.15,23.79,23.81,330600,23.17
2011-07-05,24.08,24.14,23.76,24.04,196800,23.40
2011-07-01,23.69,24.16,23.58,24.08,347900,23.44
2011-06-30,23.52,23.80,23.42,23.65,405300,23.02
2011-06-29,23.19,23.53,23.14,23.40,676500,22.77
2011-06-28,22.67,23.20,22.64,23.19,285700,22.57
2011-06-27,22.69,22.70,22.02,22.66,710900,22.05
2011-06-24,23.20,23.20,22.55,22.70,4373200,22.09
2011-06-23,23.12,23.25,22.86,23.15,289000,22.53
2011-06-22,23.09,23.40,22.92,23.26,248100,22.64
2011-06-21,23.03,23.18,22.93,23.13,333300,22.51
2011-06-20,22.48,23.00,22.48,23.00,208100,22.38
2011-06-17,22.68,22.76,22.49,22.54,280200,21.94
2011-06-16,22.38,22.52,22.22,22.50,231800,21.90
2011-06-15,22.32,22.48,22.25,22.40,221800,21.80
2011-06-14,22.50,22.71,22.22,22.41,321300,21.81
2011-06-13,22.52,22.71,22.43,22.56,157400,21.77
2011-06-10,22.70,22.70,22.38,22.45,344600,21.67
2011-06-09,22.80,22.96,22.59,22.81,213600,22.01
2011-06-08,22.07,23.08,21.99,22.84,803200,22.04
2011-06-07,22.09,22.21,21.88,22.16,217000,21.39
2011-06-06,22.00,22.08,21.91,22.05,172300,21.28
2011-06-03,22.39,22.61,22.06,22.08,248200,21.31
2011-06-02,22.70,22.71,22.36,22.60,271600,21.81
2011-06-01,22.67,22.80,22.49,22.59,217200,21.80
2011-05-31,22.63,22.80,22.47,22.75,331900,21.95
2011-05-27,22.42,22.55,22.33,22.55,112300,21.76
2011-05-26,22.29,22.40,22.13,22.40,120700,21.62
2011-05-25,22.27,22.46,22.21,22.36,128500,21.58
2011-05-24,22.28,22.42,22.21,22.35,101400,21.57
2011-05-23,22.37,22.38,22.22,22.28,134900,21.50
2011-05-20,22.77,22.85,22.60,22.63,119400,21.84
2011-05-19,22.76,22.89,22.49,22.83,136900,22.03
2011-05-18,22.43,22.72,22.41,22.72,123700,21.93
2011-05-17,22.31,22.63,22.19,22.46,181300,21.67
2011-05-16,22.44,22.50,22.28,22.40,188100,21.62
2011-05-13,22.69,22.82,22.35,22.54,133300,21.75
2011-05-12,22.58,22.80,22.48,22.67,176000,21.88
2011-05-11,22.47,22.65,22.36,22.61,193900,21.82
2011-05-10,22.52,22.70,22.41,22.51,645100,21.72
2011-05-09,22.23,22.50,22.11,22.50,154000,21.71
2011-05-06,22.49,22.52,22.25,22.29,201000,21.51
2011-05-05,23.07,23.29,22.44,22.45,402800,21.67
2011-05-04,22.70,22.70,22.25,22.44,252000,21.66
2011-05-03,22.71,22.75,22.55,22.66,204000,21.87
2011-05-02,22.82,23.00,22.69,22.78,215000,21.98
2011-04-29,22.88,22.97,22.79,22.92,180000,22.12
2011-04-28,23.05,23.07,22.67,22.90,154600,22.10
2011-04-27,22.73,23.11,22.62,23.11,232900,22.30
2011-04-26,22.44,22.84,22.42,22.74,83700,21.95
2011-04-25,22.46,22.55,22.36,22.42,102300,21.64
2011-04-21,22.62,22.69,22.29,22.52,110200,21.73
2011-04-20,22.48,22.64,22.38,22.57,131600,21.78
2011-04-19,22.37,22.42,22.27,22.34,115400,21.56
2011-04-18,22.66,22.67,22.25,22.28,180000,21.50
2011-04-15,22.49,22.90,22.45,22.82,185500,22.02
2011-04-14,22.25,22.63,22.25,22.45,193200,21.67
2011-04-13,22.78,22.79,22.32,22.37,215900,21.59
2011-04-12,22.71,22.90,22.52,22.75,308100,21.95
2011-04-11,21.89,22.85,21.88,22.75,593400,21.95
2011-04-08,21.77,21.95,21.68,21.92,1440200,21.15
2011-04-07,21.80,21.96,21.71,21.75,424800,20.99
2011-04-06,21.82,21.89,21.66,21.74,403800,20.98
2011-04-05,21.72,21.85,21.62,21.71,321100,20.95
2011-04-04,21.77,21.89,21.70,21.75,188700,20.99
2011-04-01,21.71,21.83,21.47,21.79,220100,21.03
2011-03-31,21.55,21.59,21.43,21.50,169600,20.75
2011-03-30,21.57,21.60,21.48,21.51,129300,20.76
2011-03-29,21.47,21.56,21.40,21.42,64000,20.67
2011-03-28,21.49,21.58,21.35,21.50,100000,20.75
2011-03-25,21.46,21.58,21.42,21.42,150000,20.67
2011-03-24,21.58,21.75,21.47,21.49,119400,20.74
2011-03-23,21.71,21.71,21.44,21.48,191600,20.73
2011-03-22,21.70,21.75,21.58,21.72,107100,20.96
2011-03-21,21.70,21.77,21.53,21.66,151000,20.90
2011-03-18,21.43,21.70,21.19,21.63,255300,20.87
2011-03-17,21.36,21.38,21.10,21.18,142100,20.44
2011-03-16,21.05,21.30,20.90,21.10,185000,20.36
2011-03-15,20.82,21.20,20.82,21.04,154400,20.30
2011-03-14,21.59,21.75,21.20,21.23,225100,20.30
2011-03-11,21.56,21.77,21.42,21.66,122400,20.72
2011-03-10,21.62,21.75,21.53,21.65,145400,20.71
2011-03-09,21.68,21.79,21.54,21.78,157300,20.83
2011-03-08,21.76,21.79,21.57,21.69,153300,20.74
2011-03-07,22.02,22.02,21.60,21.73,122800,20.78
2011-03-04,22.00,22.04,21.75,21.91,129400,20.95
2011-03-03,21.69,22.06,21.60,22.02,290000,21.06
2011-03-02,21.52,21.57,21.40,21.48,375400,20.54
2011-03-01,21.85,22.03,21.41,21.47,259900,20.53
2011-02-28,21.85,21.96,21.69,21.75,179600,20.80
2011-02-25,21.83,21.84,21.62,21.75,221000,20.80
2011-02-24,21.30,21.78,21.29,21.76,176200,20.81
2011-02-23,21.62,21.88,21.30,21.31,281600,20.38
2011-02-22,22.00,22.23,21.62,21.68,171900,20.73
2011-02-18,22.01,22.28,21.91,22.25,131400,21.28
2011-02-17,22.00,22.08,21.90,21.97,229300,21.01
2011-02-16,21.83,22.03,21.73,21.99,265800,21.03
2011-02-15,21.99,22.00,21.73,21.73,270300,20.78
2011-02-14,21.97,22.07,21.95,21.96,209900,21.00
2011-02-11,21.75,22.00,21.61,21.99,372600,21.03
2011-02-10,21.62,21.78,21.62,21.75,122300,20.80
2011-02-09,21.75,21.90,21.57,21.65,204200,20.71
2011-02-08,21.80,21.87,21.67,21.75,149200,20.80
2011-02-07,21.80,21.89,21.70,21.80,233100,20.85
2011-02-04,21.77,21.79,21.55,21.64,155000,20.70
2011-02-03,21.85,21.99,21.66,21.67,199600,20.73
2011-02-02,21.94,22.12,21.83,21.96,223800,21.00
2011-02-01,21.84,22.14,21.80,21.82,394200,20.87
2011-01-31,22.19,22.19,21.60,21.61,296700,20.67
2011-01-28,22.45,22.45,22.05,22.05,151900,21.09
2011-01-27,22.39,22.44,22.05,22.44,177400,21.46
2011-01-26,22.23,22.41,22.14,22.33,227400,21.36
2011-01-25,22.25,22.32,22.10,22.23,160700,21.26
2011-01-24,22.18,22.34,22.06,22.27,148700,21.30
2011-01-21,22.18,22.18,21.91,22.06,143700,21.10
2011-01-20,21.61,22.06,21.61,22.05,162200,21.09
2011-01-19,22.08,22.08,21.58,21.61,363100,20.67
2011-01-18,22.47,22.50,22.11,22.18,213400,21.21
2011-01-14,21.87,22.39,21.85,22.37,196900,21.39
2011-01-13,21.94,22.09,21.72,21.88,249400,20.93
2011-01-12,21.85,21.95,21.72,21.90,185800,20.95
2011-01-11,21.89,21.94,21.60,21.67,216200,20.73
2011-01-10,21.98,22.00,21.60,21.71,300500,20.76
2011-01-07,22.18,22.20,21.65,21.69,343700,20.74
2011-01-06,21.02,22.16,20.76,22.01,990300,21.05
2011-01-05,20.62,21.05,20.61,21.04,363100,20.12
2011-01-04,20.75,20.75,20.50,20.66,158700,19.76
2011-01-03,20.96,20.99,20.68,20.73,184000,19.83
2010-12-31,21.13,21.13,20.78,20.81,126800,19.90
2010-12-30,21.04,21.16,20.94,21.05,131800,20.13
2010-12-29,20.77,21.00,20.75,20.92,145500,20.01
2010-12-28,20.64,20.81,20.58,20.72,124300,19.82
2010-12-27,20.65,20.82,20.50,20.62,175400,19.72
2010-12-23,20.72,20.90,20.67,20.67,176500,19.77
2010-12-22,20.52,20.77,20.45,20.74,236200,19.84
2010-12-21,20.33,20.71,20.28,20.51,344400,19.62
2010-12-20,20.50,20.64,20.24,20.25,257000,19.37
2010-12-17,20.45,20.60,20.37,20.51,456600,19.62
2010-12-16,20.31,20.61,20.03,20.52,430500,19.63
2010-12-15,19.78,20.09,19.73,19.95,684000,19.08
2010-12-14,19.52,19.90,19.50,19.80,297600,18.94
2010-12-13,19.46,19.55,19.35,19.52,271100,18.67
2010-12-10,19.47,19.64,19.40,19.58,542200,18.54
2010-12-09,19.56,19.58,19.30,19.38,213300,18.36
2010-12-08,19.41,19.57,19.36,19.44,254900,18.41
2010-12-07,19.59,19.66,19.38,19.42,232900,18.39
2010-12-06,19.60,19.65,19.34,19.44,253200,18.41
2010-12-03,19.53,19.70,19.38,19.65,329200,18.61
2010-12-02,19.37,19.69,19.31,19.61,1117500,18.57
2010-12-01,19.52,19.63,19.17,19.31,477200,18.29
2010-11-30,19.34,19.43,19.19,19.31,454800,18.29
2010-11-29,19.13,19.53,19.13,19.50,315300,18.47
2010-11-26,19.09,19.40,19.05,19.26,111100,18.24
2010-11-24,19.72,19.76,19.19,19.21,576800,18.19
2010-11-23,20.04,20.16,19.41,19.73,367200,18.69
2010-11-22,20.24,20.31,20.01,20.15,105900,19.08
2010-11-19,20.32,20.36,20.09,20.31,117400,19.24
2010-11-18,20.25,20.38,20.09,20.36,99900,19.28
2010-11-17,20.05,20.15,19.86,20.06,146000,19.00
2010-11-16,19.94,20.08,19.70,20.02,216000,18.96
2010-11-15,20.12,20.28,20.00,20.00,124800,18.94
2010-11-12,20.01,20.17,19.90,20.00,168100,18.94
2010-11-11,19.91,20.13,19.91,20.11,262300,19.05
2010-11-10,20.27,20.32,19.82,20.05,374400,18.99
2010-11-09,21.35,21.40,20.20,20.24,609600,19.17
2010-11-08,21.35,21.37,21.17,21.37,340000,20.24
2010-11-05,21.21,21.61,21.21,21.42,258600,20.29
2010-11-04,21.74,21.76,21.19,21.30,343300,20.17
2010-11-03,21.72,21.86,21.34,21.59,108000,20.45
2010-11-02,21.62,21.68,21.46,21.66,106700,20.51
2010-11-01,21.51,21.76,21.25,21.47,155700,20.33
2010-10-29,21.55,21.58,21.35,21.49,116900,20.35
2010-10-28,21.75,21.75,21.46,21.65,123100,20.51
2010-10-27,21.69,21.75,21.30,21.53,150300,20.39
2010-10-26,21.96,21.96,21.67,21.80,105400,20.65
2010-10-25,22.06,22.14,21.92,22.00,196200,20.84
2010-10-22,22.08,22.08,21.91,21.99,131600,20.83
2010-10-21,22.23,22.32,21.88,22.06,188000,20.89
2010-10-20,21.99,22.23,21.96,22.08,81500,20.91
2010-10-19,22.02,22.05,21.77,21.91,289600,20.75
2010-10-18,22.36,22.36,21.87,22.13,174100,20.96
2010-10-15,22.42,22.52,22.22,22.32,148800,21.14
2010-10-14,22.29,22.36,22.10,22.32,217900,21.14
2010-10-13,22.13,22.35,21.97,22.30,142000,21.12
2010-10-12,21.79,22.11,21.55,22.01,161100,20.85
2010-10-11,21.56,21.85,21.51,21.77,174000,20.62
2010-10-08,21.56,21.69,21.43,21.62,126900,20.48
2010-10-07,21.85,21.99,21.47,21.58,240700,20.44
2010-10-06,21.65,21.76,21.31,21.76,178300,20.61
2010-10-05,21.41,21.75,21.31,21.68,278300,20.53
2010-10-04,21.64,21.76,21.22,21.26,192600,20.14
2010-10-01,21.60,21.71,21.50,21.71,319200,20.56
2010-09-30,21.44,21.60,21.22,21.51,298900,20.37
2010-09-29,21.50,21.60,21.24,21.49,95400,20.35
2010-09-28,21.24,21.59,21.18,21.55,206900,20.41
2010-09-27,21.23,21.23,20.99,21.22,164300,20.10
2010-09-24,20.99,21.23,20.97,21.23,99000,20.11
2010-09-23,20.78,21.24,20.73,20.83,155200,19.73
2010-09-22,21.22,21.24,20.81,20.84,118600,19.74
2010-09-21,21.39,21.40,21.09,21.24,135200,20.12
2010-09-20,21.53,21.57,21.32,21.42,189100,20.29
2010-09-17,21.20,21.56,21.06,21.51,304100,20.37
2010-09-16,21.20,21.33,20.97,21.02,139300,19.91
2010-09-15,21.02,21.20,20.82,21.20,141600,20.08
2010-09-14,21.11,21.36,20.87,21.05,139000,19.94
2010-09-13,21.06,21.36,20.94,21.30,119600,20.00
2010-09-10,20.97,21.12,20.82,20.88,188300,19.60
2010-09-09,20.69,21.01,20.64,20.87,106000,19.59
2010-09-08,20.25,20.71,20.12,20.64,203600,19.38
2010-09-07,20.51,20.52,20.19,20.25,204500,19.01
2010-09-03,20.30,20.64,20.30,20.57,231200,19.31
2010-09-02,19.71,20.27,19.59,20.24,194500,19.00
2010-09-01,19.10,19.78,19.10,19.77,171200,18.56
2010-08-31,19.44,19.46,18.98,19.03,618900,17.86
2010-08-30,19.89,19.92,19.48,19.51,212400,18.32
2010-08-27,19.92,20.04,19.71,19.99,137400,18.77
2010-08-26,20.07,20.10,19.82,19.85,255400,18.63
2010-08-25,20.12,20.19,19.97,20.07,743800,18.84
2010-08-24,20.09,20.25,20.03,20.22,211100,18.98
2010-08-23,20.11,20.35,20.10,20.27,198800,19.03
2010-08-20,20.21,20.21,20.03,20.09,230400,18.86
2010-08-19,20.29,20.30,20.09,20.14,220800,18.91
2010-08-18,20.28,20.36,20.21,20.33,91600,19.09
2010-08-17,20.45,20.49,20.29,20.35,210000,19.10
2010-08-16,20.18,20.35,20.18,20.32,182000,19.08
2010-08-13,20.31,20.44,20.18,20.31,169500,19.07
2010-08-12,20.01,20.40,20.01,20.32,196600,19.08
2010-08-11,20.33,20.42,20.20,20.25,230800,19.01
2010-08-10,20.74,20.74,20.54,20.60,254700,19.34
2010-08-09,21.19,21.35,20.67,20.76,320300,19.49
2010-08-06,21.02,21.05,20.61,20.98,255100,19.70
2010-08-05,21.28,21.41,20.95,20.99,324400,19.70
2010-08-04,22.22,22.29,21.20,21.32,590900,20.01
2010-08-03,22.60,22.60,22.04,22.13,211400,20.77
2010-08-02,22.25,22.59,22.11,22.57,309400,21.19
2010-07-30,21.77,22.12,21.57,22.09,204700,20.74
2010-07-29,21.84,21.87,21.43,21.79,249800,20.46
2010-07-28,22.00,22.01,21.68,21.71,121500,20.38
2010-07-27,21.86,22.23,21.82,21.99,270500,20.64
2010-07-26,21.30,21.85,21.22,21.85,374400,20.51
2010-07-23,21.08,21.30,21.08,21.30,167500,20.00
2010-07-22,20.99,21.18,20.87,21.16,202500,19.86
2010-07-21,21.27,21.27,20.69,20.80,175300,19.53
2010-07-20,20.85,21.29,20.80,21.29,190100,19.99
2010-07-19,21.00,21.00,20.85,20.96,141500,19.68
2010-07-16,21.04,21.04,20.77,20.88,161800,19.60
2010-07-15,21.13,21.13,20.80,20.96,72500,19.68
2010-07-14,21.11,21.17,20.95,21.06,117500,19.77
2010-07-13,21.23,21.23,20.90,21.09,199300,19.80
2010-07-12,21.04,21.15,20.81,21.00,152400,19.71
2010-07-09,21.30,21.31,20.81,21.05,138600,19.76
2010-07-08,21.07,21.36,21.04,21.36,206400,20.05
2010-07-07,20.89,21.06,20.80,21.04,261600,19.75
2010-07-06,21.23,21.41,20.74,20.95,189800,19.67
2010-07-02,21.38,21.41,21.11,21.16,76600,19.86
2010-07-01,21.50,21.51,20.89,21.38,236900,20.07
2010-06-30,21.51,21.70,21.35,21.39,266300,20.08
2010-06-29,21.44,21.72,21.29,21.50,209200,20.18
2010-06-28,21.25,21.63,21.23,21.54,133200,20.22
2010-06-25,20.85,21.46,20.83,21.37,890000,20.06
2010-06-24,21.00,21.09,20.76,20.85,217300,19.57
2010-06-23,21.66,21.66,21.02,21.04,205800,19.75
2010-06-22,22.19,22.24,21.53,21.54,180700,20.22
2010-06-21,22.32,22.59,22.13,22.22,168000,20.86
2010-06-18,22.26,22.35,21.95,22.20,313000,20.84
2010-06-17,22.36,22.40,22.12,22.32,152600,20.95
2010-06-16,22.16,22.49,22.16,22.36,187500,20.99
2010-06-15,22.14,22.38,22.09,22.34,142000,20.97
2010-06-14,22.12,22.24,21.95,22.03,465300,20.68
2010-06-11,21.97,22.39,21.97,22.31,148100,20.77
2010-06-10,22.35,22.35,21.92,22.18,169400,20.65
2010-06-09,21.97,22.24,21.91,22.01,233100,20.49
2010-06-08,22.21,22.53,21.86,22.00,217900,20.48
2010-06-07,22.90,22.90,22.23,22.25,285000,20.71
2010-06-04,23.69,23.69,22.62,22.72,234100,21.15
2010-06-03,23.51,23.92,23.34,23.84,212200,22.19
2010-06-02,23.26,23.46,22.89,23.41,406000,21.79
2010-06-01,24.08,24.16,23.58,23.60,177200,21.97
2010-05-28,23.98,24.68,23.98,24.29,220900,22.61
2010-05-27,23.71,24.14,23.68,24.08,159500,22.42
2010-05-26,23.38,23.78,23.38,23.45,355100,21.83
2010-05-25,23.29,23.53,23.04,23.34,384000,21.73
2010-05-24,23.54,23.95,23.43,23.60,293600,21.97
2010-05-21,23.48,23.84,23.22,23.68,158400,22.04
2010-05-20,24.05,24.49,23.11,23.57,257600,21.94
2010-05-19,24.91,25.17,24.47,24.57,275200,22.87
2010-05-18,25.81,26.21,24.89,25.17,476800,23.43
2010-05-17,25.24,25.82,25.04,25.77,225800,23.99
2010-05-14,25.25,25.39,25.00,25.30,193300,23.55
2010-05-13,25.59,25.83,25.26,25.44,270500,23.68
2010-05-12,25.03,25.48,24.88,25.44,241700,23.68
2010-05-11,24.89,25.17,24.88,24.88,242200,23.16
2010-05-10,24.36,25.20,24.13,25.14,367100,23.40
2010-05-07,24.46,24.81,23.65,24.03,352000,22.37
2010-05-06,23.73,25.35,23.44,24.51,420000,22.82
2010-05-05,24.01,24.16,23.47,23.66,216300,22.02
2010-05-04,24.41,24.50,24.04,24.21,161700,22.54
2010-05-03,24.50,24.55,24.00,24.49,188900,22.80
2010-04-30,24.40,24.85,24.22,24.58,276600,22.88
2010-04-29,24.02,24.34,23.84,24.20,179400,22.53
2010-04-28,24.09,24.16,23.48,24.07,257700,22.41
2010-04-27,24.54,24.74,24.04,24.10,346200,22.43
2010-04-26,24.58,24.80,24.52,24.71,163000,23.00
2010-04-23,24.55,24.56,24.27,24.53,155000,22.83
2010-04-22,24.51,24.78,24.33,24.55,150800,22.85
2010-04-21,24.49,24.95,24.49,24.69,176400,22.98
2010-04-20,24.30,24.71,24.18,24.61,219500,22.91
2010-04-19,24.04,24.47,23.89,24.45,338000,22.76
2010-04-16,23.82,24.26,23.80,24.04,170100,22.38
2010-04-15,24.22,24.68,23.96,23.98,239500,22.32
2010-04-14,24.21,24.27,23.90,24.15,187700,22.48
2010-04-13,23.86,24.27,23.76,24.02,274800,22.36
2010-04-12,23.78,23.81,23.58,23.81,114200,22.16
2010-04-09,23.58,23.76,23.40,23.69,173500,22.05
2010-04-08,23.97,23.99,23.53,23.73,266800,22.09
2010-04-07,22.68,24.11,22.68,24.07,499200,22.41
2010-04-06,22.37,22.75,22.30,22.64,271700,21.07
2010-04-05,22.56,22.65,22.39,22.47,178200,20.92
2010-04-01,22.07,22.70,22.07,22.48,236400,20.93
2010-03-31,22.16,22.25,21.99,21.99,138200,20.47
2010-03-30,22.00,22.17,22.00,22.11,104100,20.58
2010-03-29,22.00,22.14,21.75,22.06,140800,20.53
2010-03-26,22.04,22.10,21.99,22.02,250700,20.50
2010-03-25,22.29,22.29,22.00,22.10,186300,20.57
2010-03-24,22.27,22.48,22.19,22.27,162000,20.73
2010-03-23,22.13,22.30,22.00,22.27,194000,20.73
2010-03-22,21.91,22.25,21.91,22.09,127700,20.56
2010-03-19,22.01,22.16,21.98,22.09,196100,20.56
2010-03-18,22.12,22.14,21.85,22.03,188500,20.51
2010-03-17,22.13,22.18,21.93,22.05,169200,20.53
2010-03-16,21.71,22.15,21.65,22.08,209800,20.55
2010-03-15,21.48,21.78,21.41,21.72,78400,20.22
2010-03-12,21.49,21.73,21.33,21.72,157200,20.04
2010-03-11,21.18,21.42,21.18,21.42,78200,19.77
2010-03-10,21.13,21.32,21.11,21.28,168500,19.64
2010-03-09,21.18,21.32,21.13,21.23,179000,19.59
2010-03-08,21.31,21.31,21.03,21.25,134300,19.61
2010-03-05,21.11,21.22,21.06,21.19,89500,19.55
2010-03-04,21.10,21.14,21.01,21.06,170400,19.43
2010-03-03,20.90,21.25,20.80,21.07,252200,19.44
2010-03-02,20.53,20.98,20.42,20.91,377800,19.30
2010-03-01,20.03,20.55,20.03,20.47,291300,18.89
2010-02-26,20.09,20.24,19.99,20.05,251000,18.50
2010-02-25,20.00,20.19,19.43,20.19,158200,18.63
2010-02-24,20.01,20.35,19.85,20.05,350300,18.50
2010-02-23,20.09,20.09,19.92,20.00,126500,18.46
2010-02-22,19.91,20.16,19.79,20.05,165300,18.50
2010-02-19,19.50,19.88,19.36,19.77,231900,18.24
2010-02-18,19.32,19.50,19.29,19.43,189700,17.93
2010-02-17,19.16,19.43,19.05,19.39,235000,17.89
2010-02-16,19.46,19.60,19.15,19.25,222800,17.76
2010-02-12,19.00,19.50,18.77,19.50,378600,17.99
2010-02-11,18.92,19.09,18.76,19.09,166600,17.62
2010-02-10,18.80,18.94,18.73,18.94,204100,17.48
2010-02-09,18.73,18.93,18.59,18.77,224900,17.32
2010-02-08,18.42,18.79,18.42,18.60,170000,17.16
2010-02-05,18.63,18.77,18.26,18.50,299900,17.07
2010-02-04,18.63,18.97,18.32,18.54,304300,17.11
2010-02-03,18.29,18.66,18.17,18.56,344000,17.13
2010-02-02,18.25,18.46,18.10,18.42,202400,17.00
2010-02-01,18.50,18.50,18.13,18.30,217800,16.89
2010-01-29,18.58,18.63,18.34,18.35,296500,16.93
2010-01-28,18.24,18.47,18.13,18.35,394600,16.93
2010-01-27,17.85,18.18,17.80,18.12,313100,16.72
2010-01-26,17.89,17.95,17.81,17.85,196200,16.47
2010-01-25,17.95,18.16,17.86,17.89,392000,16.51
2010-01-22,18.00,18.05,17.90,17.91,295700,16.53
2010-01-21,18.15,18.16,17.85,17.91,374300,16.53
2010-01-20,18.35,18.39,17.95,18.05,474400,16.66
2010-01-19,18.31,18.37,18.21,18.32,378700,16.91
2010-01-15,18.50,18.50,18.18,18.25,606800,16.84
2010-01-14,18.65,18.68,18.42,18.47,511600,17.04
2010-01-13,18.58,18.85,18.58,18.67,294900,17.23
2010-01-12,18.75,18.77,18.55,18.61,314600,17.17
2010-01-11,19.66,19.70,18.68,18.72,1453600,17.27
2010-01-08,19.05,19.50,19.05,19.48,163100,17.98
2010-01-07,19.13,19.21,19.04,19.17,194600,17.69
2010-01-06,19.03,19.15,19.00,19.14,191000,17.66
2010-01-05,18.96,19.13,18.91,19.06,253700,17.59
2010-01-04,18.95,19.13,18.90,19.00,185300,17.53
2009-12-31,18.78,19.03,18.78,18.84,206700,17.39
2009-12-30,18.80,18.93,18.60,18.90,154900,17.44
2009-12-29,19.01,19.04,18.65,18.70,233100,17.26
2009-12-28,18.77,19.00,18.75,18.84,275400,17.39
2009-12-24,18.85,18.99,18.58,18.64,146000,17.20
2009-12-23,18.75,18.82,18.60,18.79,178800,17.34
2009-12-22,18.71,18.82,18.50,18.70,214500,17.26
2009-12-21,18.84,19.00,18.62,18.65,294400,17.21
2009-12-18,18.98,19.03,18.37,18.65,739300,17.21
2009-12-17,18.95,19.05,18.57,18.80,625800,17.35
2009-12-16,19.61,19.65,18.71,18.91,381300,17.45
2009-12-15,19.34,19.54,19.21,19.49,458800,17.99
2009-12-14,19.86,19.95,19.46,19.49,266300,17.81
2009-12-11,19.77,19.89,19.61,19.68,186900,17.99
2009-12-10,19.45,19.61,19.30,19.59,216000,17.90
2009-12-09,19.06,19.32,18.85,19.32,183000,17.66
2009-12-08,19.22,19.22,18.85,19.03,160100,17.39
2009-12-07,19.31,19.31,19.07,19.13,86900,17.48
2009-12-04,19.11,19.25,18.90,19.08,136000,17.44
2009-12-03,19.10,19.49,18.68,18.71,213500,17.10
2009-12-02,18.62,19.03,18.50,18.93,341400,17.30
2009-12-01,18.50,18.74,18.32,18.48,538900,16.89
2009-11-30,18.33,18.40,17.89,18.30,276500,16.72
2009-11-27,18.55,18.64,18.25,18.25,92700,16.68
2009-11-25,18.51,19.07,18.41,18.83,156200,17.21
2009-11-24,19.79,20.24,18.34,18.57,833600,16.97
2009-11-23,20.25,20.27,19.68,19.95,268600,18.23
2009-11-20,19.90,20.19,19.82,20.13,118000,18.40
2009-11-19,20.22,20.22,19.72,19.84,91200,18.13
2009-11-18,20.25,20.28,20.01,20.17,55700,18.43
2009-11-17,20.17,20.41,20.04,20.41,151300,18.65
2009-11-16,19.90,20.20,19.80,20.06,93700,18.33
2009-11-13,19.81,20.02,19.74,19.90,58800,18.19
2009-11-12,20.29,20.49,19.84,19.89,67700,18.18
2009-11-11,20.39,20.56,20.03,20.43,198600,18.67
2009-11-10,19.98,20.36,19.98,20.36,248900,18.61
2009-11-09,20.20,20.32,19.93,20.09,104200,18.36
2009-11-06,19.75,20.19,19.70,20.19,149000,18.45
2009-11-05,19.82,19.86,19.51,19.85,77100,18.14
2009-11-04,19.69,19.91,19.46,19.63,171600,17.94
2009-11-03,20.09,20.09,19.33,19.45,157600,17.78
2009-11-02,19.88,20.34,19.44,20.03,306200,18.31
2009-10-30,19.89,20.06,19.65,19.98,238800,18.26
2009-10-29,20.04,20.17,19.90,20.04,106600,18.31
2009-10-28,20.33,20.33,19.91,19.94,84500,18.22
2009-10-27,20.22,20.56,20.08,20.46,97100,18.70
2009-10-26,20.53,20.78,20.10,20.13,167400,18.40
2009-10-23,20.97,21.12,20.61,20.67,183500,18.89
2009-10-22,20.52,21.02,20.38,21.02,164000,19.21
2009-10-21,20.85,21.03,20.56,20.62,69100,18.84
2009-10-20,20.64,20.89,20.59,20.77,102900,18.98
2009-10-19,20.90,21.01,20.60,20.72,95100,18.94
2009-10-16,20.71,21.08,20.71,21.01,114000,19.20
2009-10-15,20.71,21.01,20.71,20.92,135600,19.12
2009-10-14,20.96,21.08,20.82,20.85,137100,19.05
2009-10-13,20.92,21.08,20.71,20.91,130300,19.11
2009-10-12,20.89,21.08,20.80,21.04,126700,19.23
2009-10-09,20.49,20.83,20.49,20.70,158800,18.92
2009-10-08,20.50,20.82,20.46,20.55,113000,18.78
2009-10-07,20.32,20.65,20.13,20.54,80600,18.77
2009-10-06,20.22,20.52,20.22,20.44,89100,18.68
2009-10-05,20.33,20.33,20.07,20.22,190500,18.48
2009-10-02,20.34,20.67,20.11,20.17,174200,18.43
2009-10-01,20.45,20.66,20.21,20.50,197400,18.73
2009-09-30,20.79,20.79,20.13,20.37,499100,18.62
2009-09-29,20.77,20.92,20.55,20.57,155300,18.80
2009-09-28,20.63,20.95,20.56,20.85,236600,19.05
2009-09-25,20.50,20.75,20.50,20.63,396000,18.85
2009-09-24,20.90,20.90,20.42,20.64,105400,18.86
2009-09-23,20.90,21.00,20.71,20.81,176400,19.02
2009-09-22,20.69,20.94,20.55,20.86,137700,19.06
2009-09-21,20.19,20.64,19.68,20.59,171400,18.82
2009-09-18,20.87,21.00,20.33,20.40,216200,18.64
2009-09-17,20.85,20.96,20.60,20.75,106100,18.96
2009-09-16,20.54,20.87,20.37,20.76,71600,18.97
2009-09-15,20.89,20.96,20.41,20.50,158100,18.73
2009-09-14,20.47,20.84,20.47,20.79,107300,19.00
2009-09-11,20.95,20.99,20.81,20.94,134100,18.97
2009-09-10,20.90,21.03,20.68,20.97,145700,19.00
2009-09-09,20.48,20.88,20.47,20.87,132000,18.90
2009-09-08,20.77,20.99,20.58,20.72,84900,18.77
2009-09-04,20.48,20.66,20.25,20.66,137500,18.71
2009-09-03,20.29,20.48,20.07,20.41,123000,18.49
2009-09-02,20.28,20.68,20.05,20.39,291200,18.47
2009-09-01,20.12,21.00,20.06,20.31,234300,18.40
2009-08-31,20.26,20.26,19.76,20.02,159700,18.13
2009-08-28,20.47,20.50,20.00,20.12,131300,18.23
2009-08-27,20.11,20.39,19.72,20.25,117500,18.34
2009-08-26,20.27,20.34,19.70,19.91,131400,18.03
2009-08-25,20.05,20.43,20.05,20.18,90900,18.28
2009-08-24,20.19,20.28,19.83,20.09,126400,18.20
2009-08-21,19.81,20.23,19.65,20.08,106600,18.19
2009-08-20,19.36,19.71,19.36,19.59,60000,17.75
2009-08-19,19.01,19.57,19.01,19.57,116900,17.73
2009-08-18,19.25,19.40,19.19,19.27,112400,17.46
2009-08-17,19.52,19.66,19.22,19.36,199100,17.54
2009-08-14,19.68,20.20,19.57,19.73,284300,17.87
2009-08-13,19.27,19.65,19.04,19.57,191400,17.73
2009-08-12,19.78,19.78,18.55,19.25,256600,17.44
2009-08-11,18.62,18.78,18.46,18.69,120800,16.93
2009-08-10,19.30,19.30,18.65,18.73,233400,16.97
2009-08-07,19.00,19.39,19.00,19.24,384700,17.43
2009-08-06,18.30,18.94,18.30,18.89,304300,17.11
2009-08-05,18.39,18.49,18.12,18.35,508200,16.62
2009-08-04,18.10,18.43,17.99,18.25,160300,16.53
2009-08-03,18.22,18.22,17.70,18.02,101400,16.32
2009-07-31,18.00,18.15,17.89,18.12,176200,16.41
2009-07-30,17.78,18.04,17.50,17.99,165800,16.30
2009-07-29,17.56,17.77,17.50,17.54,194800,15.89
2009-07-28,17.61,17.79,17.50,17.50,91300,15.85
2009-07-27,17.60,17.70,17.22,17.59,124000,15.93
2009-07-24,17.42,17.66,17.25,17.53,222400,15.88
2009-07-23,17.26,17.57,17.20,17.40,179300,15.76
2009-07-22,17.65,17.70,17.13,17.17,234600,15.55
2009-07-21,17.86,17.86,17.57,17.82,174500,16.14
2009-07-20,17.82,17.82,17.53,17.70,120900,16.03
2009-07-17,17.51,17.67,17.29,17.66,183100,16.00
2009-07-16,17.50,17.64,17.34,17.42,249500,15.78
2009-07-15,17.47,17.69,17.20,17.68,124100,16.01
2009-07-14,17.12,17.41,16.88,17.40,94200,15.76
2009-07-13,16.78,17.00,16.50,16.98,189300,15.38
2009-07-10,16.74,16.78,16.52,16.71,103500,15.14
2009-07-09,17.03,17.03,16.60,16.70,84500,15.13
2009-07-08,17.01,17.05,16.71,16.88,143400,15.29
2009-07-07,17.02,17.63,17.00,17.01,254300,15.41
2009-07-06,16.74,17.17,16.57,17.16,407300,15.54
2009-07-02,16.93,17.04,16.54,16.92,199200,15.33
2009-07-01,16.85,17.40,16.70,17.17,429800,15.55
2009-06-30,16.76,16.86,15.88,16.64,503400,15.07
2009-06-29,16.16,16.85,16.11,16.76,558700,15.18
2009-06-26,16.30,16.35,15.99,16.25,1150100,14.72
2009-06-25,16.20,16.46,16.12,16.28,358500,14.75
2009-06-24,16.76,16.77,16.28,16.32,502200,14.78
2009-06-23,17.08,17.30,16.69,16.69,449100,15.12
2009-06-22,17.06,17.19,16.94,16.94,192300,15.34
2009-06-19,17.30,17.42,17.12,17.30,242500,15.67
2009-06-18,17.25,17.42,16.91,17.10,310100,15.49
2009-06-17,16.42,17.30,16.42,17.21,184700,15.59
2009-06-16,16.80,16.90,16.46,16.49,208900,14.94
2009-06-15,17.12,17.12,16.43,16.64,132800,15.07
2009-06-12,17.01,17.11,16.77,17.06,131000,15.45
2009-06-11,17.29,17.56,17.14,17.28,172100,15.49
2009-06-10,17.19,17.29,16.90,17.27,154900,15.48
2009-06-09,17.25,17.32,16.85,16.92,173200,15.16
2009-06-08,17.35,17.59,17.03,17.29,223600,15.49
2009-06-05,17.44,17.48,16.95,17.42,166100,15.61
2009-06-04,17.34,17.43,16.68,17.18,235200,15.40
2009-06-03,18.02,18.17,16.94,17.13,301000,15.35
2009-06-02,17.78,18.10,17.65,18.10,289200,16.22
2009-06-01,17.43,18.12,17.33,18.07,151900,16.19
2009-05-29,17.01,17.16,16.69,17.16,270100,15.38
2009-05-28,17.45,17.55,16.74,16.78,136600,15.04
2009-05-27,17.64,17.64,17.17,17.25,223800,15.46
2009-05-26,16.95,17.64,16.85,17.55,245000,15.73
2009-05-22,16.96,17.35,16.79,16.87,176500,15.12
2009-05-21,17.60,17.60,16.66,16.76,321500,15.02
2009-05-20,17.73,17.93,17.44,17.46,244600,15.65
2009-05-19,16.75,17.77,16.70,17.72,241800,15.88
2009-05-18,16.90,16.90,16.34,16.86,275500,15.11
2009-05-15,16.26,16.49,16.00,16.41,401700,14.71
2009-05-14,16.62,17.06,16.37,16.44,302400,14.73
2009-05-13,16.51,16.90,16.50,16.70,208800,14.97
2009-05-12,17.03,17.14,16.76,16.89,257100,15.14
2009-05-11,17.75,18.46,16.87,17.15,306300,15.37
2009-05-08,17.89,18.13,17.60,17.76,165500,15.92
2009-05-07,17.53,18.09,17.25,18.03,215100,16.16
2009-05-06,17.51,17.61,16.97,17.41,194900,15.60
2009-05-05,17.50,17.72,17.23,17.60,281900,15.77
2009-05-04,17.51,17.81,17.09,17.60,310200,15.77
2009-05-01,17.82,17.84,17.27,17.67,138700,15.83
2009-04-30,17.96,18.41,17.96,18.18,332800,16.29
2009-04-29,17.13,17.93,16.96,17.85,307900,16.00
2009-04-28,17.10,17.47,17.00,17.13,371000,15.35
2009-04-27,16.85,17.41,16.73,17.08,240300,15.31
2009-04-24,16.87,16.96,16.00,16.89,252000,15.14
2009-04-23,17.42,17.50,16.31,16.65,248900,14.92
2009-04-22,17.11,17.55,16.74,17.55,426000,15.73
2009-04-21,16.80,17.60,16.80,17.60,298500,15.77
2009-04-20,16.66,17.13,16.61,16.81,418600,15.06
2009-04-17,16.43,17.06,16.23,17.00,379600,15.23
2009-04-16,16.23,16.48,15.93,16.48,256800,14.77
2009-04-15,15.76,16.07,15.75,16.04,178700,14.37
2009-04-14,16.02,16.20,15.67,15.77,290900,14.13
2009-04-13,16.51,16.69,15.85,16.02,292100,14.36
2009-04-09,16.44,17.00,15.74,17.00,635200,15.23
2009-04-08,15.22,16.09,15.18,16.02,348500,14.36
2009-04-07,16.16,16.26,15.16,15.24,474100,13.66
2009-04-06,16.50,17.00,16.12,16.26,197600,14.57
2009-04-03,16.75,17.00,16.74,17.00,212700,15.23
2009-04-02,16.21,17.00,16.15,16.89,267900,15.14
2009-04-01,15.99,16.12,15.52,16.04,188600,14.37
2009-03-31,15.41,16.20,15.41,16.01,181800,14.35
2009-03-30,16.00,16.00,15.26,15.41,331200,13.81
2009-03-27,15.10,16.11,15.10,15.85,265400,14.20
2009-03-26,14.89,16.04,14.68,16.04,369900,14.37
2009-03-25,15.31,15.65,14.64,14.68,685400,13.16
2009-03-24,16.22,16.32,15.42,15.45,295400,13.85
2009-03-23,15.90,16.40,15.55,16.13,314900,14.45
2009-03-20,15.83,16.19,15.76,15.85,221700,14.20
2009-03-19,16.33,16.41,15.61,15.71,355300,14.08
2009-03-18,16.85,16.95,15.95,16.03,405600,14.36
2009-03-17,16.62,16.85,16.53,16.75,227000,15.01
2009-03-16,17.00,17.00,16.48,16.67,216700,14.94
2009-03-13,16.69,17.00,16.26,16.75,468000,15.01
2009-03-12,15.55,16.95,15.55,16.85,423000,14.93
2009-03-11,16.20,16.20,15.65,15.70,265300,13.91
2009-03-10,15.70,16.11,15.42,15.85,400900,14.05
2009-03-09,15.62,16.16,15.33,15.49,533300,13.73
2009-03-06,15.58,16.12,15.10,16.05,399800,14.22
2009-03-05,15.94,16.03,15.50,15.64,344500,13.86
2009-03-04,17.02,17.05,16.13,16.20,285800,14.36
2009-03-03,15.99,17.26,15.95,16.86,432300,14.94
2009-03-02,16.44,16.48,15.75,15.84,187300,14.04
2009-02-27,17.00,17.07,16.62,16.77,147300,14.86
2009-02-26,17.56,17.63,17.05,17.26,241600,15.30
2009-02-25,17.66,17.94,17.28,17.63,112800,15.63
2009-02-24,17.46,17.62,17.13,17.56,155500,15.56
2009-02-23,18.32,18.66,17.50,17.52,123500,15.53
2009-02-20,17.57,18.18,17.55,17.95,135100,15.91
2009-02-19,18.20,18.48,17.79,18.06,212400,16.01
2009-02-18,18.30,18.35,17.47,18.06,208200,16.01
2009-02-17,17.94,18.67,17.86,17.96,244900,15.92
2009-02-13,18.85,19.13,18.77,19.06,185700,16.89
2009-02-12,18.90,19.08,18.34,19.08,161900,16.91
2009-02-11,19.30,19.30,18.24,18.93,259100,16.78
2009-02-10,19.30,19.96,19.01,19.22,354300,17.03
2009-02-09,19.00,19.58,18.76,19.37,214300,17.17
2009-02-06,18.71,19.23,18.64,19.16,173200,16.98
2009-02-05,18.79,18.92,18.35,18.46,133700,16.36
2009-02-04,19.25,19.25,18.54,18.66,158600,16.54
2009-02-03,19.37,19.37,18.66,19.00,181100,16.84
2009-02-02,18.40,19.01,18.23,18.92,175900,16.77
2009-01-30,18.56,18.66,18.18,18.49,170900,16.39
2009-01-29,19.20,19.57,18.71,18.79,168700,16.65
2009-01-28,19.31,19.56,19.03,19.39,236200,17.19
2009-01-27,19.10,19.17,18.54,19.13,114200,16.95
2009-01-26,18.21,18.86,18.08,18.79,100600,16.65
2009-01-23,18.35,18.43,17.81,17.92,363300,15.88
2009-01-22,18.98,18.98,17.74,18.17,296100,16.10
2009-01-21,18.01,19.16,17.84,18.89,297800,16.74
2009-01-20,18.80,18.81,17.67,17.69,211100,15.68
2009-01-16,17.63,19.34,17.63,19.05,271100,16.88
2009-01-15,18.00,18.10,17.43,17.68,179100,15.67
2009-01-14,18.45,18.45,17.60,18.21,395200,16.14
2009-01-13,16.60,18.47,16.21,18.43,402400,16.33
2009-01-12,16.99,17.14,16.79,16.87,340500,14.95
2009-01-09,17.53,17.75,17.02,17.20,184500,15.24
2009-01-08,17.41,17.69,17.17,17.65,195700,15.64
2009-01-07,17.52,17.85,17.28,17.46,143100,15.47
2009-01-06,17.51,17.91,17.41,17.89,201900,15.86
2009-01-05,18.01,18.01,17.05,17.18,242800,15.23
2009-01-02,16.51,18.08,16.33,17.95,367300,15.91
2008-12-31,16.59,16.87,16.21,16.68,210400,14.78
2008-12-30,16.40,16.52,16.07,16.40,159300,14.54
2008-12-29,16.30,16.34,15.83,16.18,277700,14.34
2008-12-26,16.13,16.42,16.13,16.40,151300,14.54
2008-12-24,16.04,16.19,15.51,16.13,172500,14.30
2008-12-23,16.24,17.04,16.01,16.25,237200,14.40
2008-12-22,15.43,16.18,15.28,16.08,465300,14.25
2008-12-19,14.88,15.73,14.66,15.39,1048000,13.64
2008-12-18,15.15,15.20,14.58,14.98,411200,13.28
2008-12-17,15.25,15.44,14.60,15.15,286900,13.43
2008-12-16,14.93,15.35,14.44,15.29,327800,13.55
2008-12-15,15.83,15.89,14.88,14.95,294000,13.25
2008-12-12,16.30,16.32,15.75,15.89,249100,13.92
2008-12-11,16.96,16.97,16.16,16.36,159500,14.33
2008-12-10,16.24,16.91,16.15,16.71,190800,14.64
2008-12-09,15.95,16.88,15.95,16.30,263600,14.28
2008-12-08,15.62,16.50,15.62,16.36,293400,14.33
2008-12-05,15.63,15.76,15.02,15.42,202600,13.51
2008-12-04,15.43,15.78,15.35,15.56,154300,13.63
2008-12-03,14.80,15.73,14.60,15.60,180700,13.67
2008-12-02,15.62,15.62,14.71,14.86,301000,13.02
2008-12-01,15.67,16.16,15.32,15.36,187600,13.45
2008-11-28,16.63,16.85,15.92,15.92,81000,13.95
2008-11-26,15.90,16.54,15.65,16.47,285400,14.43
2008-11-25,15.50,16.95,15.28,16.36,320300,14.33
2008-11-24,14.07,15.09,14.00,14.84,285800,13.00
2008-11-21,14.81,14.99,13.28,13.96,304800,12.23
2008-11-20,15.50,15.73,14.40,14.42,386500,12.63
2008-11-19,17.58,17.69,15.80,15.86,232400,13.89
2008-11-18,18.27,18.34,17.08,17.58,201600,15.40
2008-11-17,18.53,18.76,18.21,18.25,199100,15.99
2008-11-14,19.59,19.59,18.69,18.74,73300,16.42
2008-11-13,18.90,19.05,18.00,19.05,178500,16.69
2008-11-12,18.24,18.95,18.24,18.61,133000,16.30
2008-11-11,18.65,19.38,18.52,18.52,115800,16.22
2008-11-10,19.10,19.24,18.51,18.93,130600,16.58
2008-11-07,18.79,19.44,18.79,19.13,100000,16.76
2008-11-06,18.67,19.06,18.67,18.87,193800,16.53
2008-11-05,18.88,19.20,18.87,18.87,108800,16.53
2008-11-04,19.03,19.52,18.87,18.88,107500,16.54
2008-11-03,18.90,19.08,18.72,18.87,250100,16.53
2008-10-31,18.77,19.26,18.63,19.00,308400,16.64
2008-10-30,18.98,19.24,18.27,18.72,132300,16.40
2008-10-29,19.43,20.11,18.52,18.66,200500,16.35
2008-10-28,17.82,19.30,17.54,19.24,129600,16.85
2008-10-27,17.70,17.96,17.27,17.41,325100,15.25
2008-10-24,18.31,18.31,17.26,17.66,198100,15.47
2008-10-23,17.97,18.71,17.30,18.19,312700,15.93
2008-10-22,18.12,18.21,17.59,17.97,260800,15.74
2008-10-21,18.17,18.48,17.96,18.27,374200,16.00
2008-10-20,18.09,18.11,17.91,18.11,371500,15.86
2008-10-17,17.57,18.29,16.98,18.10,239200,15.86
2008-10-16,16.85,17.75,16.50,17.58,404200,15.40
2008-10-15,18.00,18.12,16.75,16.75,153900,14.67
2008-10-14,19.46,19.47,18.04,18.26,126300,16.00
2008-10-13,17.34,18.84,17.34,18.50,59400,16.21
2008-10-10,17.00,18.54,17.00,17.25,436300,15.11
2008-10-09,18.60,18.95,18.10,18.18,337000,15.93
2008-10-08,18.11,18.74,18.00,18.21,418600,15.95
2008-10-07,19.80,20.21,18.41,18.68,259100,16.36
2008-10-06,18.53,20.10,18.53,19.80,368100,17.34
2008-10-03,20.84,21.11,20.36,20.36,216100,17.83
2008-10-02,20.64,21.11,20.50,20.84,197200,18.26
2008-10-01,20.22,20.98,20.00,20.88,311200,18.29
2008-09-30,20.00,20.43,19.08,20.16,347400,17.66
2008-09-29,18.50,20.19,18.03,19.78,266900,17.33
2008-09-26,20.10,20.44,19.70,20.21,349900,17.70
2008-09-25,20.24,20.45,19.95,20.21,698400,17.70
2008-09-24,21.05,21.10,20.25,20.30,241500,17.78
2008-09-23,21.37,21.86,20.81,20.81,255500,18.23
2008-09-22,21.69,21.92,21.26,21.53,197400,18.86
2008-09-19,19.85,22.85,18.81,21.96,427600,19.24
2008-09-18,22.45,22.72,21.99,22.20,295000,19.45
2008-09-17,22.00,22.75,22.00,22.50,277400,19.71
2008-09-16,22.00,22.37,21.78,22.24,243800,19.48
2008-09-15,22.55,22.62,21.89,22.35,332700,19.58
2008-09-12,22.58,22.89,22.19,22.89,326100,20.05
2008-09-11,22.70,23.00,22.59,22.90,267000,19.90
2008-09-10,22.76,23.09,22.66,22.86,299300,19.86
2008-09-09,24.16,24.17,22.82,22.82,76700,19.83
2008-09-08,23.69,24.13,23.50,24.00,65300,20.86
2008-09-05,23.57,23.69,23.24,23.50,132200,20.42
2008-09-04,23.80,23.81,23.44,23.44,68700,20.37
2008-09-03,23.45,24.00,23.45,23.73,87700,20.62
2008-09-02,23.99,24.00,23.66,23.69,40300,20.59
2008-08-29,23.19,23.84,23.12,23.78,93000,20.66
2008-08-28,23.09,23.73,23.09,23.39,45200,20.33
2008-08-27,22.95,23.32,22.90,23.09,100900,20.06
2008-08-26,22.86,23.14,22.86,23.12,108300,20.09
2008-08-25,23.09,23.16,22.86,22.98,153300,19.97
2008-08-22,22.43,23.02,22.06,23.02,86600,20.00
2008-08-21,23.27,23.27,21.72,22.56,147100,19.60
2008-08-20,23.81,23.86,23.11,23.34,54500,20.28
2008-08-19,23.83,23.87,23.20,23.64,48600,20.54
2008-08-18,24.27,24.27,23.51,23.68,101600,20.58
2008-08-15,24.03,24.23,23.75,24.17,148700,21.00
2008-08-14,24.03,24.10,23.87,24.05,77100,20.90
2008-08-13,24.10,24.10,23.41,23.98,84300,20.84
2008-08-12,23.95,24.17,23.15,24.02,128300,20.87
2008-08-11,24.20,24.80,23.84,23.86,180600,20.73
2008-08-08,24.00,24.19,23.61,24.19,103600,21.02
2008-08-07,23.72,23.95,23.20,23.95,94300,20.81
2008-08-06,23.28,23.61,23.26,23.59,101100,20.50
2008-08-05,23.08,23.58,23.08,23.55,97800,20.46
2008-08-04,23.20,23.41,23.08,23.16,39900,20.13
2008-08-01,23.73,23.73,23.00,23.43,72700,20.36
2008-07-31,23.44,23.60,22.91,23.15,102200,20.12
2008-07-30,23.51,23.59,23.03,23.51,81000,20.43
2008-07-29,23.00,23.37,22.89,23.06,152700,20.04
2008-07-28,23.16,23.60,22.83,22.94,58200,19.93
2008-07-25,22.44,23.39,22.44,23.16,114700,20.13
2008-07-24,23.00,23.09,22.51,22.64,169200,19.67
2008-07-23,23.08,23.34,22.60,22.95,121300,19.94
2008-07-22,23.30,23.30,22.80,23.08,148100,20.06
2008-07-21,23.52,23.62,23.18,23.30,39500,20.25
2008-07-18,23.26,23.32,23.01,23.18,54800,20.14
2008-07-17,22.84,23.14,22.84,23.04,178100,20.02
2008-07-16,22.82,23.23,22.75,23.00,47900,19.99
2008-07-15,22.72,23.07,22.31,22.82,135600,19.83
2008-07-14,23.52,23.60,22.70,23.10,121900,20.07
2008-07-11,23.14,23.53,22.52,23.26,212200,20.21
2008-07-10,22.70,23.49,22.41,23.14,179300,20.11
2008-07-09,22.40,23.00,22.38,22.70,89200,19.73
2008-07-08,21.79,22.72,21.45,22.68,94200,19.71
2008-07-07,22.21,22.36,21.79,21.79,126500,18.93
2008-07-03,21.89,22.43,21.71,22.21,63000,19.30
2008-07-02,22.90,22.90,21.83,21.89,113100,19.02
2008-07-01,21.65,22.65,21.49,22.58,239700,19.62
2008-06-30,23.43,24.14,21.40,21.40,196100,18.60
2008-06-27,22.55,23.72,22.09,23.43,550100,20.36
2008-06-26,22.09,22.62,22.03,22.29,165100,19.37
2008-06-25,22.80,23.20,22.46,22.46,240900,19.52
2008-06-24,23.68,24.00,22.80,22.80,130800,19.81
2008-06-23,23.86,23.86,23.30,23.76,105700,20.65
2008-06-20,23.92,23.97,23.23,23.86,517900,20.73
2008-06-19,23.41,23.41,22.74,23.01,78100,19.99
2008-06-18,23.10,23.31,22.31,23.07,130200,20.05
2008-06-17,22.16,23.05,21.75,22.87,253300,19.87
2008-06-16,21.94,22.37,21.92,22.01,121500,19.13
2008-06-13,22.60,22.85,21.67,21.98,141700,19.10
2008-06-12,22.96,23.25,22.15,22.60,154900,19.64
2008-06-11,23.46,23.72,22.51,23.11,213600,19.92
2008-06-10,23.02,23.75,22.51,23.56,357500,20.31
2008-06-09,23.00,23.30,22.74,23.02,194800,19.85
2008-06-06,23.00,23.00,22.65,22.99,123100,19.82
2008-06-05,22.81,23.20,22.71,23.08,135100,19.90
2008-06-04,22.41,23.01,22.10,22.97,143000,19.80
2008-06-03,22.73,23.24,22.20,22.41,75100,19.32
2008-06-02,21.79,23.11,21.79,22.95,138700,19.78
2008-05-30,21.46,22.15,21.46,22.15,501300,19.10
2008-05-29,21.61,21.75,21.48,21.67,192600,18.68
2008-05-28,22.35,22.55,21.32,21.62,141800,18.64
2008-05-27,22.93,23.05,22.07,22.14,117400,19.09
2008-05-23,23.64,23.64,22.91,22.93,79200,19.77
2008-05-22,23.51,23.62,23.07,23.28,142500,20.07
2008-05-21,23.99,23.99,23.42,23.62,201200,20.36
2008-05-20,24.00,24.24,23.50,23.76,127500,20.48
2008-05-19,23.89,24.34,23.84,24.29,213400,20.94
2008-05-16,23.75,23.97,23.50,23.56,245700,20.31
2008-05-15,22.50,23.95,22.48,23.51,440100,20.27
2008-05-14,21.25,23.36,21.25,22.55,429900,19.44
2008-05-13,20.51,21.58,20.28,21.43,306100,18.47
2008-05-12,19.82,20.88,19.82,20.81,159600,17.94
2008-05-09,19.41,19.91,19.41,19.82,34300,17.09
2008-05-08,19.28,19.81,19.28,19.55,110500,16.85
2008-05-07,18.98,19.44,18.92,19.32,130800,16.66
2008-05-06,18.90,19.16,18.80,18.98,127000,16.36
2008-05-05,19.31,19.47,18.95,19.08,87400,16.45
2008-05-02,19.35,19.45,18.83,19.28,116700,16.62
2008-05-01,19.19,19.33,18.66,19.30,174600,16.64
2008-04-30,18.24,19.13,18.10,19.04,135600,16.41
2008-04-29,19.18,19.18,18.10,18.29,296400,15.77
2008-04-28,19.58,19.61,18.50,19.06,124900,16.43
2008-04-25,18.55,19.98,18.40,19.67,191800,16.96
2008-04-24,17.91,18.35,17.80,18.22,233700,15.71
2008-04-23,18.21,18.21,17.75,18.02,148200,15.53
2008-04-22,18.05,18.32,17.94,18.23,378500,15.72
2008-04-21,18.15,18.34,17.90,18.12,461000,15.62
2008-04-18,18.25,18.41,17.90,18.21,399400,15.70
2008-04-17,18.73,18.78,17.98,18.01,739900,15.53
2008-04-16,19.30,19.30,18.83,18.92,397100,16.31
2008-04-15,19.62,19.62,18.95,19.38,921300,16.71
2008-04-14,19.50,19.86,19.40,19.71,671200,16.99
2008-04-11,19.43,19.55,18.65,19.50,873500,16.81
2008-04-10,20.00,20.33,19.29,19.43,1157700,16.75
2008-04-09,19.41,20.26,19.41,20.05,628900,17.28
2008-04-08,18.33,20.12,18.33,19.97,839100,17.22
2008-04-07,19.70,19.99,19.00,19.71,1912000,16.99
2008-04-04,20.50,20.62,20.03,20.37,1007000,17.56
2008-04-03,21.80,21.80,19.60,20.30,2366500,17.50
2008-04-02,21.60,23.97,20.90,20.90,1326200,18.02
2008-04-01,21.90,22.10,20.00,21.50,2030500,18.53
2008-03-31,23.01,23.57,21.04,22.10,3767100,19.05
2008-03-28,23.35,23.55,23.15,23.15,87900,19.96
