Date,Open,High,Low,Close,Volume,Adj Close
2012-05-04,16.28,16.62,15.83,16.53,747700,16.53
2012-05-03,16.50,16.50,16.06,16.11,347100,16.11
2012-05-02,16.20,16.22,15.78,16.05,543300,16.05
2012-05-01,16.29,16.73,16.26,16.29,258900,16.29
2012-04-30,16.60,16.64,16.23,16.30,251000,16.30
2012-04-27,16.05,16.47,15.86,16.36,367400,16.36
2012-04-26,15.80,15.92,15.80,15.82,217600,15.82
2012-04-25,15.95,15.99,15.74,15.84,268300,15.84
2012-04-24,15.91,15.96,15.68,15.80,424600,15.80
2012-04-23,15.40,15.85,15.22,15.85,262100,15.85
2012-04-20,15.57,15.85,15.50,15.63,378900,15.63
2012-04-19,15.36,15.75,15.10,15.16,449000,15.16
2012-04-18,15.18,15.30,14.97,15.28,300300,15.28
2012-04-17,15.29,15.47,15.17,15.21,317400,15.21
2012-04-16,15.49,15.54,15.02,15.15,325300,15.15
2012-04-13,15.70,15.71,15.28,15.42,175000,15.42
2012-04-12,15.27,15.95,15.25,15.76,230000,15.76
2012-04-11,14.98,15.31,14.89,15.21,386400,15.21
2012-04-10,15.31,15.69,14.82,14.87,525700,14.87
2012-04-09,14.85,15.59,14.78,15.29,395600,15.29
2012-04-05,14.91,15.30,14.91,15.11,165700,15.11
2012-04-04,14.90,15.11,14.86,14.99,154100,14.99
2012-04-03,14.94,15.14,14.81,15.14,302500,15.14
2012-04-02,15.44,15.49,14.91,15.06,379400,15.06
2012-03-30,15.33,15.56,15.21,15.51,337000,15.51
2012-03-29,15.49,15.72,15.03,15.21,361400,15.21
2012-03-28,14.93,15.14,14.62,14.90,253900,14.90
2012-03-27,15.00,15.12,14.65,14.82,339900,14.82
2012-03-26,14.53,14.69,14.43,14.49,128800,14.49
2012-03-23,13.94,14.50,13.88,14.39,157300,14.39
2012-03-22,14.00,14.00,13.74,13.86,187300,13.86
2012-03-21,13.95,14.29,13.92,14.11,201300,14.11
2012-03-20,14.22,14.22,13.86,13.93,210600,13.93
2012-03-19,14.36,14.57,14.24,14.32,260600,14.32
2012-03-16,14.22,14.50,14.07,14.42,319100,14.42
2012-03-15,14.12,14.50,13.95,14.20,278000,14.20
2012-03-14,14.65,14.80,14.01,14.13,349900,14.13
2012-03-13,14.34,14.80,14.25,14.71,387400,14.71
2012-03-12,14.15,14.34,13.92,14.22,276600,14.22
2012-03-09,13.91,14.19,13.70,14.12,355900,14.12
2012-03-08,14.03,14.05,13.49,13.85,306000,13.85
2012-03-07,13.10,13.62,13.10,13.55,118000,13.55
2012-03-06,13.32,13.44,13.02,13.06,153100,13.06
2012-03-05,13.27,13.58,13.13,13.46,127500,13.46
2012-03-02,13.59,13.73,13.28,13.35,203500,13.35
2012-03-01,13.31,13.93,13.31,13.57,296000,13.57
2012-02-29,13.04,13.45,13.02,13.21,255300,13.21
2012-02-28,12.99,13.16,12.87,12.99,238700,12.99
2012-02-27,13.31,13.31,12.98,13.04,223400,13.04
2012-02-24,13.79,13.86,13.35,13.35,27600,13.35
2012-02-23,13.73,13.90,13.49,13.86,210000,13.82
2012-02-22,13.79,13.83,13.51,13.73,167300,13.69
2012-02-21,13.38,13.82,13.35,13.80,284300,13.76
2012-02-17,13.76,13.79,13.25,13.34,82100,13.30
2012-02-16,13.33,13.80,13.16,13.72,95800,13.68
2012-02-15,13.70,13.75,13.22,13.28,131400,13.24
2012-02-14,13.37,13.69,13.29,13.64,159900,13.60
2012-02-13,13.80,13.93,13.28,13.35,163900,13.31
2012-02-10,13.75,13.90,13.53,13.72,146800,13.68
2012-02-09,14.30,14.34,13.74,13.88,192200,13.84
2012-02-08,14.16,14.39,14.03,14.27,290600,14.23
2012-02-07,13.74,14.09,13.65,14.07,272900,14.03
2012-02-06,13.51,13.70,13.35,13.64,201600,13.60
2012-02-03,13.15,13.67,13.08,13.53,310900,13.49
2012-02-02,13.00,13.15,12.75,12.95,171800,12.91
2012-02-01,12.73,13.13,12.60,12.94,249400,12.90
2012-01-31,12.33,12.61,12.20,12.59,181900,12.56
2012-01-30,11.94,12.25,11.71,12.21,170100,12.18
2012-01-27,12.09,12.25,11.47,12.03,333800,12.00
2012-01-26,13.15,13.29,12.67,12.77,240300,12.73
2012-01-25,13.08,13.15,12.75,13.15,268200,13.11
2012-01-24,12.68,13.09,12.61,13.08,125000,13.04
2012-01-23,12.96,13.12,12.61,12.73,165800,12.70
2012-01-20,12.68,12.98,12.62,12.91,141400,12.87
2012-01-19,12.96,12.98,12.44,12.73,203500,12.70
2012-01-18,12.36,12.88,12.31,12.87,289200,12.83
2012-01-17,12.13,12.47,12.10,12.29,230800,12.26
2012-01-13,11.71,12.08,11.66,12.01,427100,11.98
2012-01-12,11.32,11.80,11.29,11.71,158900,11.68
2012-01-11,11.30,11.41,11.14,11.29,85500,11.26
2012-01-10,11.27,11.52,11.27,11.38,147500,11.35
2012-01-09,11.62,11.62,10.99,11.13,363800,11.10
2012-01-06,11.56,11.89,11.47,11.62,181500,11.59
2012-01-05,11.54,11.54,11.06,11.52,341600,11.49
2012-01-04,11.73,11.80,11.53,11.70,123900,11.67
2012-01-03,11.68,11.81,11.59,11.75,236100,11.72
2011-12-30,11.39,11.44,11.29,11.41,163200,11.38
2011-12-29,11.09,11.46,11.09,11.39,275000,11.36
2011-12-28,11.35,11.36,11.10,11.20,174700,11.17
2011-12-27,11.16,11.37,10.90,11.35,311800,11.32
2011-12-23,11.04,11.24,11.00,11.18,133300,11.15
2011-12-22,10.98,11.13,10.84,11.03,318300,11.00
2011-12-21,10.75,11.01,10.53,10.95,163300,10.92
2011-12-20,10.67,11.01,10.55,10.77,247200,10.74
2011-12-19,10.85,10.92,10.40,10.44,419000,10.41
2011-12-16,10.60,10.87,10.50,10.85,472900,10.82
2011-12-15,10.52,10.67,10.25,10.49,506100,10.46
2011-12-14,9.82,10.47,9.41,10.43,646100,10.40
2011-12-13,10.46,10.62,9.78,9.88,368400,9.85
2011-12-12,10.53,10.57,10.15,10.41,273900,10.38
2011-12-09,10.50,10.73,10.49,10.65,326000,10.62
2011-12-08,10.62,10.63,10.28,10.43,376900,10.40
2011-12-07,10.90,11.11,10.49,10.66,952400,10.63
2011-12-06,11.17,11.34,10.99,11.11,425800,11.08
2011-12-05,11.77,11.82,11.08,11.17,371300,11.14
2011-12-02,11.07,11.77,11.07,11.59,446500,11.56
2011-12-01,10.99,11.02,10.80,10.91,441500,10.88
2011-11-30,11.35,11.56,10.76,10.99,1023500,10.96
2011-11-29,11.27,11.34,10.78,10.95,386800,10.92
2011-11-28,10.85,11.64,10.85,11.25,471500,11.22
2011-11-25,10.72,10.82,10.50,10.50,149900,10.47
2011-11-23,11.18,11.28,10.83,10.84,229000,10.81
2011-11-22,11.62,11.84,11.23,11.29,280700,11.26
2011-11-21,11.63,11.81,11.12,11.72,457000,11.69
2011-11-18,12.10,12.15,11.63,12.03,399900,12.00
2011-11-17,13.00,13.02,12.11,12.15,927000,11.90
2011-11-16,14.32,14.47,13.61,13.68,889500,13.40
2011-11-15,14.87,15.02,14.72,14.73,374500,14.43
2011-11-14,15.36,15.56,14.78,14.89,389300,14.58
2011-11-11,15.65,16.05,15.32,15.40,322900,15.08
2011-11-10,15.50,15.60,15.03,15.50,499100,15.18
2011-11-09,15.72,15.99,15.25,15.33,510200,15.01
2011-11-08,16.84,16.84,15.99,16.18,726300,15.85
2011-11-07,16.18,16.85,16.12,16.60,798800,16.26
2011-11-04,15.20,16.29,15.20,16.13,553600,15.80
2011-11-03,15.04,15.47,14.78,15.35,568300,15.03
2011-11-02,14.40,14.73,14.18,14.66,152800,14.36
2011-11-01,14.24,14.55,13.98,14.08,289200,13.79
2011-10-31,14.66,14.81,14.45,14.48,325900,14.18
2011-10-28,14.98,15.08,14.86,15.01,327900,14.70
2011-10-27,15.31,15.31,14.68,14.88,412700,14.57
2011-10-26,14.59,14.87,14.26,14.67,341600,14.37
2011-10-25,14.95,14.95,14.08,14.18,313900,13.89
2011-10-24,15.33,15.52,14.78,15.00,302500,14.69
2011-10-21,15.29,15.60,14.94,15.24,288900,14.93
2011-10-20,14.48,14.89,14.23,14.86,160800,14.55
2011-10-19,15.08,15.35,14.33,14.47,445900,14.17
2011-10-18,14.66,15.34,14.31,15.14,388200,14.83
2011-10-17,15.24,15.32,14.53,14.60,255000,14.30
2011-10-14,14.75,15.40,14.75,15.33,185300,15.01
2011-10-13,14.36,14.60,13.98,14.53,171400,14.23
2011-10-12,14.24,14.66,14.23,14.40,243500,14.10
2011-10-11,13.62,14.13,13.50,14.01,177400,13.72
2011-10-10,12.61,13.66,12.61,13.66,375500,13.38
2011-10-07,12.92,12.93,12.17,12.27,181100,12.02
2011-10-06,12.18,12.94,11.90,12.91,401000,12.64
2011-10-05,12.23,12.46,11.79,12.19,253900,11.94
2011-10-04,10.73,12.10,10.30,12.10,688100,11.85
2011-10-03,11.13,11.60,10.72,10.82,379100,10.60
2011-09-30,11.47,11.82,11.26,11.27,135800,11.04
2011-09-29,12.45,12.48,11.29,11.65,246100,11.41
2011-09-28,12.50,12.71,12.16,12.21,254500,11.96
2011-09-27,12.83,13.11,12.27,12.47,379700,12.21
2011-09-26,12.26,12.64,11.52,12.63,256700,12.37
2011-09-23,11.98,12.35,11.87,12.17,145000,11.92
2011-09-22,12.00,12.52,11.70,12.02,629600,11.77
2011-09-21,13.29,13.59,12.49,12.52,160000,12.26
2011-09-20,14.10,14.23,13.32,13.32,177400,13.05
2011-09-19,13.56,14.06,13.12,14.03,467100,13.74
2011-09-16,14.03,14.21,13.65,13.79,170600,13.51
2011-09-15,14.20,14.42,13.75,13.97,155600,13.68
2011-09-14,13.60,14.19,13.11,13.90,245400,13.61
2011-09-13,13.83,14.05,13.42,13.51,276200,13.23
2011-09-12,13.66,14.12,13.43,13.78,228000,13.50
2011-09-09,14.32,14.49,13.59,13.92,353300,13.63
2011-09-08,14.43,15.08,14.28,14.45,508500,14.15
2011-09-07,14.26,14.58,14.08,14.57,291600,14.27
2011-09-06,13.18,14.10,13.18,14.01,211800,13.72
2011-09-02,13.98,14.22,13.42,13.74,187700,13.46
2011-09-01,14.79,15.13,14.32,14.37,189400,14.07
2011-08-31,14.90,15.34,14.75,14.81,258400,14.50
2011-08-30,14.49,14.95,14.30,14.79,369200,14.48
2011-08-29,13.99,14.74,13.56,14.59,595100,14.29
2011-08-26,12.94,13.79,12.78,13.77,169900,13.49
2011-08-25,13.12,13.37,12.68,13.03,344300,12.76
2011-08-24,13.05,13.16,12.55,12.97,313000,12.70
2011-08-23,12.65,13.23,12.50,13.13,358800,12.86
2011-08-22,13.59,13.59,12.28,12.57,368300,12.31
2011-08-19,13.13,13.69,13.04,13.28,363000,12.97
2011-08-18,13.47,13.55,12.81,13.41,490600,13.10
2011-08-17,14.28,14.60,14.03,14.14,265700,13.81
2011-08-16,14.09,14.31,13.75,14.16,251200,13.83
2011-08-15,13.98,14.57,13.98,14.37,192200,14.03
2011-08-12,14.04,14.25,13.65,13.84,510300,13.52
2011-08-11,12.53,13.99,12.53,13.79,741500,13.47
2011-08-10,12.05,13.16,11.86,12.39,725500,12.10
2011-08-09,11.58,12.24,11.27,12.23,743300,11.94
2011-08-08,12.88,12.94,11.19,11.28,645600,11.02
2011-08-05,14.16,14.20,12.85,13.39,774600,13.08
2011-08-04,15.81,15.90,13.92,14.02,502200,13.69
2011-08-03,15.74,15.74,14.57,15.53,241500,15.17
2011-08-02,16.34,16.58,15.67,15.69,152600,15.32
2011-08-01,16.91,16.97,15.99,16.46,204000,16.07
2011-07-29,16.13,16.63,15.60,16.62,200600,16.23
2011-07-28,16.33,16.80,16.20,16.34,137400,15.96
2011-07-27,16.97,16.97,16.22,16.36,227600,15.98
2011-07-26,17.34,17.43,16.85,17.01,170800,16.61
2011-07-25,17.18,17.47,17.01,17.25,219900,16.85
2011-07-22,17.01,17.50,16.70,17.12,426000,16.72
2011-07-21,16.93,17.38,16.88,16.95,232300,16.55
2011-07-20,16.95,17.00,16.72,16.86,97600,16.46
2011-07-19,16.39,16.98,16.39,16.90,253300,16.50
2011-07-18,16.58,16.58,15.78,16.23,235500,15.85
2011-07-15,16.44,16.90,16.38,16.76,210200,16.37
2011-07-14,16.38,16.65,15.95,16.31,179000,15.93
2011-07-13,16.19,16.66,16.11,16.29,204700,15.91
2011-07-12,16.12,16.44,15.99,16.07,329800,15.69
2011-07-11,16.12,16.16,15.62,16.16,223000,15.78
2011-07-08,16.06,16.57,16.00,16.34,165800,15.96
2011-07-07,16.00,16.28,15.73,16.23,305000,15.85
2011-07-06,15.65,16.00,15.62,15.87,292100,15.50
2011-07-05,15.78,15.86,15.35,15.64,188700,15.27
2011-07-01,15.70,15.90,15.50,15.76,183200,15.39
2011-06-30,15.00,15.83,14.95,15.70,379200,15.33
2011-06-29,14.79,14.92,14.56,14.88,212400,14.53
2011-06-28,14.10,14.72,14.07,14.72,411300,14.38
2011-06-27,13.96,14.28,13.84,14.03,212000,13.70
2011-06-24,14.30,14.34,13.70,14.01,612700,13.68
2011-06-23,13.93,14.28,13.64,14.24,578600,13.91
2011-06-22,14.25,14.50,14.04,14.15,459000,13.82
2011-06-21,13.60,14.00,13.59,13.98,211100,13.65
2011-06-20,13.27,13.59,12.97,13.50,268100,13.18
2011-06-17,13.73,13.83,13.09,13.36,286900,13.05
2011-06-16,13.97,14.04,13.46,13.64,194000,13.32
2011-06-15,14.35,14.39,13.91,13.97,257400,13.64
2011-06-14,14.38,14.79,14.38,14.49,306600,14.15
2011-06-13,14.46,14.87,14.21,14.29,482600,13.96
2011-06-10,14.15,14.51,14.10,14.25,229300,13.92
2011-06-09,13.98,14.37,13.95,14.29,147200,13.96
2011-06-08,14.35,14.49,13.80,13.90,337800,13.57
2011-06-07,14.10,14.53,14.10,14.36,262900,14.02
2011-06-06,14.71,14.71,13.94,13.99,329600,13.66
2011-06-03,14.18,15.00,14.07,14.72,193800,14.38
2011-06-02,14.70,14.79,13.83,14.41,453900,14.07
2011-06-01,15.04,15.20,14.39,14.72,1168300,14.38
2011-05-31,14.61,15.41,14.61,15.09,843000,14.74
2011-05-27,14.74,15.30,14.33,14.61,378900,14.27
2011-05-26,14.38,14.76,14.30,14.65,181200,14.31
2011-05-25,14.32,14.73,14.23,14.41,218800,14.07
2011-05-24,14.73,14.76,14.03,14.35,235200,14.01
2011-05-23,14.73,14.82,14.51,14.64,192800,14.30
2011-05-20,15.00,15.06,14.76,14.91,235600,14.56
2011-05-19,14.46,15.11,14.46,15.09,423800,14.70
2011-05-18,14.16,14.63,14.00,14.38,381400,14.01
2011-05-17,14.48,14.50,13.95,14.04,196100,13.68
2011-05-16,14.26,14.87,14.18,14.49,246300,14.11
2011-05-13,14.14,14.49,14.11,14.30,127300,13.93
2011-05-12,14.45,14.50,13.65,14.11,295000,13.74
2011-05-11,14.94,15.01,14.35,14.42,277000,14.05
2011-05-10,14.59,15.27,14.59,15.04,462100,14.65
2011-05-09,13.67,14.65,13.59,14.55,367200,14.17
2011-05-06,13.14,13.94,13.14,13.59,386600,13.24
2011-05-05,13.36,13.36,12.61,12.84,130200,12.51
2011-05-04,12.97,13.13,12.58,13.07,205000,12.73
2011-05-03,13.21,13.50,12.71,12.99,234000,12.65
2011-05-02,13.39,13.68,13.26,13.28,136000,12.94
2011-04-29,13.56,13.59,13.32,13.43,83000,13.08
2011-04-28,13.35,13.54,13.14,13.53,200800,13.18
2011-04-27,13.52,13.53,13.25,13.37,246300,13.02
2011-04-26,13.80,13.83,13.46,13.51,199600,13.16
2011-04-25,13.94,13.95,13.71,13.78,108900,13.42
2011-04-21,13.75,13.93,13.60,13.91,111300,13.55
2011-04-20,13.40,13.70,13.32,13.66,156000,13.31
2011-04-19,13.62,13.62,13.11,13.16,230300,12.82
2011-04-18,13.75,13.79,13.21,13.61,160200,13.26
2011-04-15,14.11,14.19,13.93,14.01,134600,13.65
2011-04-14,13.70,14.19,13.65,14.12,132600,13.75
2011-04-13,13.42,13.99,13.41,13.80,196600,13.44
2011-04-12,13.15,13.46,12.95,13.29,326200,12.95
2011-04-11,13.40,13.46,13.11,13.22,206900,12.88
2011-04-08,13.75,13.75,13.18,13.33,318900,12.98
2011-04-07,13.70,13.80,13.33,13.52,129100,13.17
2011-04-06,14.14,14.37,13.56,13.59,238500,13.24
2011-04-05,13.69,14.07,13.66,14.06,239600,13.70
2011-04-04,13.63,13.96,13.55,13.71,194500,13.35
2011-04-01,13.70,13.82,13.49,13.54,182500,13.19
2011-03-31,13.67,13.89,13.45,13.56,187600,13.21
2011-03-30,13.22,13.66,13.12,13.62,331000,13.27
2011-03-29,12.76,13.27,12.53,13.15,583900,12.81
2011-03-28,13.03,13.15,12.64,12.65,187200,12.32
2011-03-25,12.94,13.47,12.94,12.99,241700,12.65
2011-03-24,12.61,12.91,12.44,12.88,108900,12.55
2011-03-23,12.88,12.88,12.43,12.58,236300,12.25
2011-03-22,12.31,12.95,12.31,12.95,262000,12.61
2011-03-21,12.23,12.28,11.96,12.26,320900,11.94
2011-03-18,12.74,12.77,11.98,12.02,362600,11.71
2011-03-17,12.99,13.22,12.61,12.62,326300,12.29
2011-03-16,12.81,13.02,12.73,12.73,242500,12.40
2011-03-15,12.50,13.14,12.50,12.83,286700,12.50
2011-03-14,12.03,13.35,11.99,12.92,551100,12.59
2011-03-11,10.74,12.34,10.74,12.27,460400,11.95
2011-03-10,10.80,11.81,10.65,11.58,400600,11.28
2011-03-09,10.90,11.18,10.81,11.09,150300,10.80
2011-03-08,10.98,11.12,10.65,10.91,193500,10.63
2011-03-07,11.49,11.49,10.82,10.99,158200,10.71
2011-03-04,11.56,11.65,11.35,11.40,102200,11.10
2011-03-03,11.22,11.68,11.22,11.52,125100,11.22
2011-03-02,10.96,11.26,10.83,11.16,157900,10.87
2011-03-01,11.31,11.40,10.98,11.00,238200,10.72
2011-02-28,11.19,11.61,11.01,11.25,232800,10.96
2011-02-25,10.38,11.16,10.25,11.15,179500,10.86
2011-02-24,10.59,10.60,10.14,10.39,363300,10.08
2011-02-23,10.69,10.79,10.42,10.58,250200,10.27
2011-02-22,10.61,11.14,10.41,10.63,339100,10.32
2011-02-18,11.51,11.51,10.51,10.65,574000,10.34
2011-02-17,11.80,12.22,11.35,11.49,560800,11.15
2011-02-16,11.00,11.76,10.84,11.74,535200,11.39
2011-02-15,10.48,10.95,10.35,10.85,494600,10.53
2011-02-14,9.79,10.45,9.79,10.32,752800,10.02
2011-02-11,9.13,9.74,9.13,9.73,179600,9.44
2011-02-10,8.90,9.15,8.90,9.13,52400,8.86
2011-02-09,9.02,9.09,8.84,8.97,122100,8.71
2011-02-08,9.04,9.06,9.00,9.03,175600,8.76
2011-02-07,9.02,9.13,8.92,9.02,213800,8.75
2011-02-04,8.89,9.05,8.82,8.98,225400,8.72
2011-02-03,9.05,9.05,8.77,8.88,183900,8.62
2011-02-02,8.72,9.50,8.72,9.03,246700,8.76
2011-02-01,8.45,8.78,8.27,8.58,117900,8.33
2011-01-31,8.00,8.46,8.00,8.33,57400,8.08
2011-01-28,8.25,8.53,8.04,8.04,115300,7.80
2011-01-27,8.50,8.50,8.19,8.29,40900,8.05
2011-01-26,7.98,8.52,7.98,8.47,130000,8.22
2011-01-25,7.99,8.04,7.83,7.99,31600,7.75
2011-01-24,7.85,8.18,7.85,8.06,64900,7.82
2011-01-21,7.54,8.08,7.50,7.86,143800,7.63
2011-01-20,7.67,7.69,7.43,7.53,62000,7.31
2011-01-19,7.70,8.00,7.62,7.73,125900,7.50
2011-01-18,7.61,7.75,7.48,7.68,382700,7.45
2011-01-14,7.18,7.73,7.04,7.63,247600,7.41
2011-01-13,6.84,7.19,6.83,7.17,102700,6.96
2011-01-12,6.93,6.98,6.87,6.90,141900,6.70
2011-01-11,6.92,6.92,6.87,6.90,29700,6.70
2011-01-10,6.93,6.98,6.86,6.89,43300,6.69
2011-01-07,7.15,7.15,6.98,6.99,25100,6.78
2011-01-06,7.25,7.25,7.03,7.13,33700,6.92
2011-01-05,7.24,7.26,7.18,7.23,29700,7.02
2011-01-04,7.37,7.39,7.19,7.26,27600,7.05
2011-01-03,7.36,7.40,7.34,7.39,66600,7.17
2010-12-31,7.32,7.39,7.25,7.28,30200,7.07
2010-12-30,7.34,7.40,7.31,7.32,51600,7.10
2010-12-29,7.40,7.40,7.39,7.40,40400,7.18
2010-12-28,7.38,7.40,7.33,7.38,13600,7.16
2010-12-27,7.31,7.40,7.31,7.39,31200,7.17
2010-12-23,7.26,7.42,7.26,7.32,24200,7.10
2010-12-22,7.31,7.40,7.25,7.27,35200,7.06
2010-12-21,7.35,7.41,7.24,7.30,38300,7.08
2010-12-20,7.27,7.39,7.17,7.33,22600,7.11
2010-12-17,7.27,7.30,7.08,7.27,58200,7.06
2010-12-16,7.12,7.30,7.06,7.29,32200,7.08
2010-12-15,7.26,7.37,7.26,7.29,27600,7.08
2010-12-14,7.42,7.42,7.25,7.29,30500,7.08
2010-12-13,7.54,7.54,7.37,7.37,21200,7.15
2010-12-10,7.50,7.58,7.18,7.55,77300,7.33
2010-12-09,7.56,7.56,7.45,7.50,29100,7.28
2010-12-08,7.48,7.50,7.45,7.50,12800,7.28
2010-12-07,7.50,7.52,7.38,7.44,39100,7.22
2010-12-06,7.36,7.46,7.36,7.42,19500,7.20
2010-12-03,7.38,7.44,7.37,7.40,20200,7.18
2010-12-02,7.38,7.51,7.37,7.41,36900,7.19
2010-12-01,7.25,7.54,7.13,7.40,74100,7.18
2010-11-30,7.23,7.23,7.03,7.12,51900,6.91
2010-11-29,7.15,7.31,7.10,7.30,20900,7.08
2010-11-26,7.25,7.25,7.15,7.21,5500,7.00
2010-11-24,7.13,7.26,7.13,7.26,32800,7.05
2010-11-23,6.96,7.08,6.95,7.06,39000,6.85
2010-11-22,7.14,7.18,6.90,7.06,52100,6.85
2010-11-19,7.15,7.25,6.94,7.20,70700,6.99
2010-11-18,7.14,7.20,7.09,7.14,34500,6.93
2010-11-17,6.99,7.25,6.65,7.06,89500,6.85
2010-11-16,7.05,7.08,6.90,7.00,39200,6.79
2010-11-15,6.92,7.18,6.84,7.14,33000,6.89
2010-11-12,7.04,7.07,6.89,6.90,30300,6.66
2010-11-11,7.16,7.23,7.11,7.12,26200,6.87
2010-11-10,7.05,7.23,6.91,7.18,32400,6.93
2010-11-09,7.05,7.08,7.01,7.05,66500,6.81
2010-11-08,7.12,7.22,6.95,7.01,53500,6.77
2010-11-05,7.39,7.40,7.14,7.16,90100,6.91
2010-11-04,7.42,7.64,7.32,7.62,59000,7.36
2010-11-03,7.31,7.44,7.20,7.42,28100,7.16
2010-11-02,7.25,7.34,7.17,7.32,33000,7.07
2010-11-01,7.39,7.39,7.10,7.16,41800,6.91
2010-10-29,7.26,7.37,7.26,7.35,16000,7.10
2010-10-28,7.31,7.33,7.23,7.31,31900,7.06
2010-10-27,7.25,7.33,7.24,7.29,39600,7.04
2010-10-26,7.28,7.38,7.19,7.31,52100,7.06
2010-10-25,7.36,7.41,7.31,7.35,20800,7.10
2010-10-22,7.32,7.32,7.22,7.27,47500,7.02
2010-10-21,7.47,7.47,7.20,7.32,87800,7.07
2010-10-20,7.47,7.58,7.37,7.41,37300,7.15
2010-10-19,7.53,7.62,7.18,7.45,106300,7.19
2010-10-18,7.31,7.50,7.24,7.48,34100,7.22
2010-10-15,7.31,7.33,7.15,7.31,47600,7.06
2010-10-14,7.29,7.35,7.15,7.21,29700,6.96
2010-10-13,7.15,7.32,7.05,7.28,56400,7.03
2010-10-12,7.09,7.14,6.95,7.13,28200,6.88
2010-10-11,7.00,7.15,6.95,7.13,17900,6.88
2010-10-08,7.07,7.11,6.98,7.04,62400,6.80
2010-10-07,7.15,7.15,6.70,7.09,53400,6.84
2010-10-06,7.03,7.19,6.99,7.08,80800,6.83
2010-10-05,7.03,7.08,6.72,7.05,182100,6.81
2010-10-04,7.14,7.16,6.88,6.94,36400,6.70
2010-10-01,7.22,7.23,7.06,7.21,21400,6.96
2010-09-30,7.27,7.29,7.02,7.16,43000,6.91
2010-09-29,7.07,7.23,7.00,7.23,34800,6.98
2010-09-28,7.02,7.11,6.90,7.11,28900,6.86
2010-09-27,6.99,7.64,6.90,6.98,38100,6.74
2010-09-24,6.83,6.99,6.69,6.98,48500,6.74
2010-09-23,6.67,6.80,6.63,6.71,26600,6.48
2010-09-22,6.78,6.79,6.65,6.70,31700,6.47
2010-09-21,6.93,6.93,6.73,6.78,30500,6.55
2010-09-20,6.97,7.00,6.87,6.96,56000,6.72
2010-09-17,6.84,6.95,6.67,6.94,73900,6.70
2010-09-16,6.84,6.84,6.73,6.77,14400,6.54
2010-09-15,6.87,6.87,6.69,6.84,17000,6.60
2010-09-14,6.68,6.93,6.68,6.88,33900,6.64
2010-09-13,6.65,6.79,6.56,6.72,35300,6.49
2010-09-10,6.54,6.70,6.54,6.60,22100,6.37
2010-09-09,6.88,6.90,6.51,6.54,55600,6.31
2010-09-08,6.95,7.04,6.77,6.78,65600,6.55
2010-09-07,7.05,7.09,6.89,6.91,55100,6.67
2010-09-03,7.11,7.11,7.04,7.10,15100,6.85
2010-09-02,6.93,7.02,6.84,7.01,24300,6.77
2010-09-01,6.82,6.91,6.77,6.91,31600,6.67
2010-08-31,6.56,6.73,6.56,6.71,47600,6.48
2010-08-30,6.62,6.69,6.55,6.55,65900,6.32
2010-08-27,6.62,6.68,6.55,6.67,45800,6.44
2010-08-26,6.57,6.66,6.53,6.53,49300,6.30
2010-08-25,6.33,6.59,6.31,6.56,44000,6.33
2010-08-24,6.22,6.40,6.22,6.34,135100,6.12
2010-08-23,6.68,6.84,6.35,6.36,50900,6.14
2010-08-20,6.49,6.59,6.45,6.58,45300,6.35
2010-08-19,6.75,6.84,6.50,6.55,55100,6.29
2010-08-18,6.94,6.97,6.79,6.80,36200,6.53
2010-08-17,6.92,7.02,6.92,6.97,33100,6.69
2010-08-16,6.80,6.91,6.78,6.85,34600,6.57
2010-08-13,6.99,7.06,6.86,6.86,55200,6.58
2010-08-12,6.83,7.12,6.80,7.00,41600,6.72
2010-08-11,7.25,7.27,6.97,6.99,65300,6.71
2010-08-10,7.45,7.52,7.40,7.41,48900,7.11
2010-08-09,7.57,7.57,7.49,7.56,86000,7.26
2010-08-06,7.47,7.50,7.33,7.50,98100,7.20
2010-08-05,7.45,7.62,7.45,7.55,33800,7.25
2010-08-04,7.38,7.50,7.32,7.46,33600,7.16
2010-08-03,7.39,7.43,7.11,7.36,31600,7.06
2010-08-02,7.50,7.62,7.38,7.39,172700,7.09
2010-07-30,7.29,7.50,7.29,7.50,92900,7.20
2010-07-29,7.24,7.37,7.12,7.35,30400,7.05
2010-07-28,7.36,7.40,7.17,7.20,28100,6.91
2010-07-27,7.33,7.43,7.28,7.40,28800,7.10
2010-07-26,7.26,7.30,7.21,7.26,79900,6.97
2010-07-23,7.08,7.29,7.08,7.26,79700,6.97
2010-07-22,6.92,7.19,6.84,7.13,55100,6.84
2010-07-21,7.02,7.09,6.81,6.81,32700,6.54
2010-07-20,6.70,7.00,6.64,6.99,37500,6.71
2010-07-19,6.86,6.86,6.65,6.75,40100,6.48
2010-07-16,7.10,7.10,6.75,6.82,54700,6.55
2010-07-15,7.20,7.20,7.07,7.16,47200,6.87
2010-07-14,7.44,7.44,7.18,7.21,45100,6.92
2010-07-13,7.66,7.66,7.42,7.49,53700,7.19
2010-07-12,7.78,7.78,7.52,7.58,32000,7.28
2010-07-09,7.48,7.77,7.48,7.77,127500,7.46
2010-07-08,7.52,7.55,7.41,7.52,187300,7.22
2010-07-07,7.41,7.52,7.26,7.46,94200,7.16
2010-07-06,7.39,7.58,7.22,7.36,149700,7.06
2010-07-02,7.40,7.40,7.14,7.17,39300,6.88
2010-07-01,7.29,7.41,7.07,7.33,96800,7.04
2010-06-30,7.28,7.47,7.21,7.30,82600,7.01
2010-06-29,7.34,7.34,7.16,7.26,92700,6.97
2010-06-28,7.45,7.56,7.35,7.48,85300,7.18
2010-06-25,7.50,7.52,7.31,7.40,399300,7.10
2010-06-24,7.40,7.50,7.30,7.47,47300,7.17
2010-06-23,7.30,7.41,7.12,7.36,74800,7.06
2010-06-22,7.46,7.47,7.29,7.33,41900,7.04
2010-06-21,7.79,7.79,7.41,7.46,41400,7.16
2010-06-18,7.88,7.95,7.60,7.67,166500,7.36
2010-06-17,8.25,8.25,7.65,7.83,227700,7.52
2010-06-16,7.69,8.25,7.55,8.17,135300,7.84
2010-06-15,7.40,7.73,7.29,7.70,92400,7.39
2010-06-14,7.25,7.36,7.13,7.27,84600,6.98
2010-06-11,6.89,7.13,6.89,7.10,82900,6.81
2010-06-10,6.69,6.99,6.64,6.98,58600,6.70
2010-06-09,6.63,6.68,6.51,6.57,70400,6.31
2010-06-08,6.65,6.65,6.57,6.61,91400,6.34
2010-06-07,6.59,6.88,6.59,6.61,75900,6.34
2010-06-04,6.53,6.65,6.52,6.54,110100,6.28
2010-06-03,6.60,6.74,6.55,6.66,78000,6.39
2010-06-02,6.19,6.56,6.18,6.56,83400,6.30
2010-06-01,6.55,6.55,6.18,6.19,99200,5.94
2010-05-28,6.57,6.70,6.50,6.63,76400,6.36
2010-05-27,6.57,6.64,6.46,6.61,53300,6.34
2010-05-26,6.34,6.64,6.34,6.45,73100,6.19
2010-05-25,6.16,6.37,6.16,6.34,61000,6.08
2010-05-24,6.51,6.60,6.42,6.46,55500,6.20
2010-05-21,6.19,6.55,6.06,6.50,98700,6.24
2010-05-20,6.76,6.83,6.26,6.26,97100,5.97
2010-05-19,6.98,7.00,6.74,6.88,80300,6.56
2010-05-18,7.06,7.18,6.93,6.98,76300,6.66
2010-05-17,7.02,7.02,6.78,6.95,64200,6.63
2010-05-14,6.92,7.03,6.81,6.92,44800,6.60
2010-05-13,6.95,7.10,6.85,6.98,43100,6.66
2010-05-12,6.68,6.98,6.68,6.97,55400,6.65
2010-05-11,6.49,6.78,6.47,6.65,66100,6.34
2010-05-10,6.81,6.84,6.41,6.55,112900,6.25
2010-05-07,6.76,6.82,6.30,6.55,148000,6.25
2010-05-06,6.75,6.90,6.50,6.69,113400,6.38
2010-05-05,7.01,7.13,6.75,6.76,65400,6.45
2010-05-04,7.20,7.20,7.02,7.20,94200,6.87
2010-05-03,7.02,7.30,7.02,7.30,67300,6.96
2010-04-30,7.11,7.13,6.98,7.01,29900,6.69
2010-04-29,6.95,7.16,6.94,7.13,39700,6.80
2010-04-28,6.88,7.02,6.84,6.94,37700,6.62
2010-04-27,7.25,7.30,6.82,6.86,43300,6.54
2010-04-26,7.29,7.40,7.20,7.24,47200,6.91
2010-04-23,7.00,7.32,7.00,7.30,66100,6.96
2010-04-22,7.06,7.23,7.05,7.11,83500,6.78
2010-04-21,7.26,7.29,7.06,7.10,68900,6.77
2010-04-20,7.00,7.31,7.00,7.28,76100,6.94
2010-04-19,6.95,6.97,6.80,6.94,72700,6.62
2010-04-16,7.05,7.05,6.88,6.95,74900,6.63
2010-04-15,7.15,7.20,7.02,7.07,140300,6.74
2010-04-14,7.27,7.27,7.17,7.17,89000,6.84
2010-04-13,7.51,7.51,7.25,7.26,43900,6.93
2010-04-12,7.71,7.77,7.48,7.53,67500,7.18
2010-04-09,7.49,8.00,7.46,7.68,501400,7.33
2010-04-08,7.68,7.71,7.44,7.49,83600,7.15
2010-04-07,7.80,8.23,7.61,7.68,292200,7.33
2010-04-06,7.81,8.04,7.80,7.83,104700,7.47
2010-04-05,7.44,7.85,7.38,7.82,86200,7.46
2010-04-01,7.23,7.45,7.23,7.40,84600,7.06
2010-03-31,7.20,7.35,7.18,7.28,54000,6.94
2010-03-30,7.18,7.30,7.15,7.21,39000,6.88
2010-03-29,7.11,7.28,7.11,7.19,57400,6.86
2010-03-26,7.09,7.20,7.09,7.11,32000,6.78
2010-03-25,7.32,7.37,7.07,7.08,52000,6.75
2010-03-24,7.08,7.36,6.98,7.30,95600,6.96
2010-03-23,7.15,7.22,7.07,7.11,99800,6.78
2010-03-22,7.08,7.30,7.01,7.17,60900,6.84
2010-03-19,7.44,7.44,7.13,7.15,217600,6.82
2010-03-18,7.57,7.64,7.36,7.40,86000,7.06
2010-03-17,7.59,7.65,7.49,7.60,59500,7.25
2010-03-16,7.62,7.66,7.56,7.60,46300,7.25
2010-03-15,7.88,7.89,7.50,7.59,168400,7.24
2010-03-12,8.08,8.20,7.95,7.98,38400,7.61
2010-03-11,8.34,8.34,7.92,8.01,106900,7.64
2010-03-10,7.84,8.44,7.80,8.37,141000,7.98
2010-03-09,7.90,7.96,7.80,7.88,41400,7.52
2010-03-08,8.02,8.05,7.80,7.90,42600,7.54
2010-03-05,7.98,8.06,7.80,8.05,73400,7.68
2010-03-04,7.77,7.99,7.77,7.92,43300,7.56
2010-03-03,7.67,7.83,7.67,7.78,60400,7.42
2010-03-02,7.28,7.73,7.27,7.63,100900,7.28
2010-03-01,7.29,7.41,7.18,7.24,42400,6.91
2010-02-26,7.48,7.48,7.27,7.27,56200,6.94
2010-02-25,7.38,7.50,7.32,7.50,42600,7.15
2010-02-24,7.45,7.59,7.33,7.47,69600,7.13
2010-02-23,7.54,7.60,7.45,7.49,42800,7.15
2010-02-22,7.50,7.59,7.46,7.58,24600,7.19
2010-02-19,7.45,7.52,7.34,7.50,54300,7.12
2010-02-18,7.48,7.48,7.34,7.45,38900,7.07
2010-02-17,7.48,7.48,7.30,7.46,65500,7.08
2010-02-16,6.87,7.48,6.83,7.45,124100,7.07
2010-02-12,6.75,6.90,6.67,6.80,98300,6.45
2010-02-11,6.79,6.85,6.69,6.83,55300,6.48
2010-02-10,6.80,6.92,6.73,6.83,53200,6.48
2010-02-09,6.84,6.98,6.74,6.85,46300,6.50
2010-02-08,6.84,6.89,6.77,6.79,36500,6.44
2010-02-05,6.89,6.89,6.56,6.84,130500,6.49
2010-02-04,7.11,7.14,6.86,6.90,138300,6.55
2010-02-03,7.17,7.20,7.03,7.14,67600,6.78
2010-02-02,7.10,7.24,7.04,7.20,66400,6.83
2010-02-01,7.01,7.13,6.95,7.12,53800,6.76
2010-01-29,7.11,7.22,6.90,6.98,123500,6.63
2010-01-28,7.37,7.39,7.00,7.10,70800,6.74
2010-01-27,6.99,7.36,6.74,7.30,263600,6.93
2010-01-26,7.11,7.17,7.00,7.04,65000,6.68
2010-01-25,7.15,7.17,7.02,7.12,89000,6.76
2010-01-22,7.15,7.35,6.94,7.06,147500,6.70
2010-01-21,7.37,7.44,7.15,7.17,69400,6.81
2010-01-20,7.44,7.47,7.20,7.36,216800,6.99
2010-01-19,7.52,7.71,7.45,7.56,96600,7.18
2010-01-15,7.58,7.60,7.50,7.53,199800,7.15
2010-01-14,7.55,7.66,7.49,7.54,113700,7.16
2010-01-13,7.61,7.68,7.23,7.55,212000,7.17
2010-01-12,7.77,7.77,7.57,7.61,126500,7.22
2010-01-11,7.72,7.90,7.72,7.82,170300,7.42
2010-01-08,7.63,7.70,7.52,7.66,204600,7.27
2010-01-07,7.64,7.74,7.56,7.72,118700,7.33
2010-01-06,7.65,7.82,7.61,7.67,153000,7.28
2010-01-05,7.37,7.66,7.37,7.60,154200,7.21
2010-01-04,7.07,7.49,7.07,7.31,445000,6.94
2009-12-31,7.04,7.04,6.81,6.81,89300,6.46
2009-12-30,6.98,7.06,6.87,7.05,81600,6.69
2009-12-29,7.05,7.05,6.91,7.00,40300,6.64
2009-12-28,7.02,7.10,6.82,7.06,150300,6.70
2009-12-24,7.10,7.14,6.97,7.02,48000,6.66
2009-12-23,6.77,7.15,6.77,7.11,226900,6.75
2009-12-22,6.73,6.98,6.66,6.75,174000,6.41
2009-12-21,6.26,6.83,6.22,6.74,212000,6.40
2009-12-18,6.49,6.65,6.12,6.25,386500,5.93
2009-12-17,6.11,6.63,6.11,6.47,297800,6.14
2009-12-16,5.93,6.20,5.76,6.12,404400,5.81
2009-12-15,5.91,6.10,5.78,5.85,406500,5.55
2009-12-14,5.85,6.00,5.76,5.95,347100,5.65
2009-12-11,5.95,5.95,5.65,5.80,308900,5.51
2009-12-10,6.06,6.12,5.85,5.90,115800,5.60
2009-12-09,6.14,6.14,5.83,6.07,317200,5.76
2009-12-08,6.04,6.23,6.00,6.14,196300,5.83
2009-12-07,6.24,6.33,6.00,6.09,483000,5.78
2009-12-04,6.31,6.45,6.14,6.26,80400,5.94
2009-12-03,6.41,6.43,6.15,6.24,330200,5.92
2009-12-02,6.57,6.61,6.28,6.37,287600,6.05
2009-12-01,6.91,6.92,6.53,6.57,530100,6.24
2009-11-30,6.69,6.90,6.26,6.87,607400,6.52
2009-11-27,6.50,6.76,6.45,6.70,67800,6.36
2009-11-25,6.67,6.75,6.57,6.71,70400,6.37
2009-11-24,6.77,6.80,6.56,6.74,73200,6.40
2009-11-23,6.70,6.90,6.66,6.73,80000,6.39
2009-11-20,6.56,6.80,6.30,6.56,376700,6.23
2009-11-19,6.87,6.93,6.61,6.65,123000,6.28
2009-11-18,6.68,6.90,6.68,6.89,147900,6.50
2009-11-17,6.72,6.76,6.68,6.69,71900,6.31
2009-11-16,6.78,6.99,6.69,6.72,115900,6.34
2009-11-13,6.89,6.95,6.70,6.76,63600,6.38
2009-11-12,7.00,7.06,6.82,6.88,132300,6.49
2009-11-11,7.05,7.16,6.88,7.03,69000,6.63
2009-11-10,6.97,7.10,6.80,7.01,194300,6.62
2009-11-09,7.33,7.42,6.96,7.03,137100,6.63
2009-11-06,7.13,7.38,6.81,7.28,385000,6.87
2009-11-05,6.74,7.28,6.72,7.26,143700,6.85
2009-11-04,6.76,6.89,6.65,6.70,126400,6.32
2009-11-03,6.65,6.89,6.43,6.71,157700,6.33
2009-11-02,6.82,6.88,6.66,6.76,124100,6.38
2009-10-30,7.21,7.24,6.74,6.75,167900,6.37
2009-10-29,6.99,7.26,6.89,7.25,94800,6.84
2009-10-28,7.20,7.31,6.89,6.90,181800,6.51
2009-10-27,7.51,7.63,7.23,7.24,86200,6.83
2009-10-26,7.54,7.71,7.52,7.54,494900,7.12
2009-10-23,7.92,7.97,7.53,7.55,110700,7.13
2009-10-22,7.80,7.91,7.67,7.85,80500,7.41
2009-10-21,7.91,8.10,7.81,7.84,177100,7.40
2009-10-20,8.12,8.15,7.81,7.91,605500,7.47
2009-10-19,8.08,8.15,7.94,8.15,150600,7.69
2009-10-16,8.06,8.06,7.80,8.03,174300,7.58
2009-10-15,7.95,8.19,7.79,8.14,555000,7.68
2009-10-14,8.11,8.15,7.93,8.01,132600,7.56
2009-10-13,8.02,8.20,7.84,8.01,294900,7.56
2009-10-12,8.38,8.42,8.00,8.08,843000,7.63
2009-10-09,8.44,8.54,8.38,8.44,56600,7.97
2009-10-08,8.51,8.61,8.45,8.45,56100,7.97
2009-10-07,8.25,8.51,8.18,8.49,101200,8.01
2009-10-06,8.56,8.70,8.18,8.30,174500,7.83
2009-10-05,8.20,8.54,8.12,8.54,81700,8.06
2009-10-02,8.14,8.24,8.02,8.18,65700,7.72
2009-10-01,8.53,8.53,8.20,8.26,120900,7.80
2009-09-30,8.79,8.79,8.37,8.57,172100,8.09
2009-09-29,8.63,8.78,8.58,8.74,114300,8.25
2009-09-28,8.60,8.73,8.53,8.64,59500,8.15
2009-09-25,8.53,8.71,8.45,8.60,112300,8.12
2009-09-24,8.56,8.64,8.40,8.54,135200,8.06
2009-09-23,8.49,8.70,8.36,8.56,124000,8.08
2009-09-22,8.45,8.62,8.37,8.50,167700,8.02
2009-09-21,8.57,8.59,8.36,8.40,122200,7.93
2009-09-18,8.92,8.92,8.59,8.60,182300,8.12
2009-09-17,8.42,9.20,8.42,8.90,157600,8.40
2009-09-16,8.35,8.52,8.35,8.49,78100,8.01
2009-09-15,8.37,8.43,8.32,8.33,52300,7.86
2009-09-14,8.28,8.47,8.22,8.40,114000,7.93
2009-09-11,8.36,8.47,8.19,8.27,66400,7.80
2009-09-10,8.42,8.55,8.16,8.32,117700,7.85
2009-09-09,8.48,8.70,8.35,8.40,81500,7.93
2009-09-08,8.55,8.59,8.44,8.48,134000,8.00
2009-09-04,8.26,8.44,8.24,8.44,79900,7.97
2009-09-03,8.25,8.35,8.09,8.32,107200,7.85
2009-09-02,8.00,8.21,7.92,8.10,336400,7.64
2009-09-01,8.08,8.49,7.99,8.05,243200,7.60
2009-08-31,8.11,8.20,7.91,8.09,118100,7.63
2009-08-28,8.41,8.45,8.00,8.10,84400,7.64
2009-08-27,8.50,8.51,8.20,8.33,134400,7.86
2009-08-26,8.28,8.60,8.26,8.51,118000,8.03
2009-08-25,8.10,8.41,8.10,8.27,266500,7.80
2009-08-24,8.00,8.10,7.98,8.04,134000,7.59
2009-08-21,7.84,8.00,7.84,7.97,193100,7.49
2009-08-20,7.47,7.81,7.40,7.81,143100,7.34
2009-08-19,7.18,7.59,7.18,7.46,240300,7.01
2009-08-18,7.06,7.23,7.00,7.23,156900,6.79
2009-08-17,7.02,7.16,6.84,7.02,184700,6.59
2009-08-14,7.46,7.46,7.03,7.03,153400,6.60
2009-08-13,7.75,7.85,7.46,7.46,216400,7.01
2009-08-12,7.78,7.90,7.60,7.64,123600,7.18
2009-08-11,7.99,8.04,7.55,7.78,163700,7.31
2009-08-10,8.08,8.16,7.98,8.00,129600,7.51
2009-08-07,8.31,8.36,8.00,8.12,196100,7.63
2009-08-06,8.31,8.70,8.06,8.10,126700,7.61
2009-08-05,8.44,8.44,8.12,8.24,115000,7.74
2009-08-04,8.52,8.57,8.35,8.42,126700,7.91
2009-08-03,8.57,8.67,8.40,8.54,156900,8.02
2009-07-31,8.63,8.68,8.50,8.52,94800,8.00
2009-07-30,8.58,8.74,8.57,8.65,100500,8.12
2009-07-29,8.54,8.59,8.30,8.50,147200,7.98
2009-07-28,8.75,8.76,8.46,8.61,163500,8.09
2009-07-27,8.60,8.93,8.57,8.84,158900,8.30
2009-07-24,8.68,8.72,8.53,8.61,94900,8.09
2009-07-23,8.13,8.94,8.13,8.74,276900,8.21
2009-07-22,8.11,8.24,8.08,8.17,127600,7.67
2009-07-21,8.25,8.28,7.97,8.23,179700,7.73
2009-07-20,7.86,8.10,7.81,8.06,124800,7.57
2009-07-17,7.56,7.85,7.56,7.80,205100,7.33
2009-07-16,7.59,7.67,7.36,7.54,81700,7.08
2009-07-15,7.47,7.69,7.41,7.66,111100,7.19
2009-07-14,7.17,7.35,7.09,7.35,110900,6.90
2009-07-13,7.18,7.22,6.85,7.22,132900,6.78
2009-07-10,7.30,7.30,7.04,7.10,156300,6.67
2009-07-09,7.39,7.71,7.27,7.35,168400,6.90
2009-07-08,7.73,7.90,7.20,7.32,197600,6.88
2009-07-07,8.16,8.23,7.70,7.71,151100,7.24
2009-07-06,8.35,8.35,8.06,8.17,119100,7.67
2009-07-02,8.45,8.63,8.35,8.63,200700,8.11
2009-07-01,8.54,8.77,8.52,8.53,92900,8.01
2009-06-30,8.54,8.57,8.39,8.48,206100,7.96
2009-06-29,8.55,8.64,8.38,8.58,207600,8.06
2009-06-26,8.57,8.60,8.28,8.57,340000,8.05
2009-06-25,7.92,8.67,7.92,8.66,150800,8.13
2009-06-24,8.02,8.25,7.95,8.01,89700,7.52
2009-06-23,8.14,8.30,7.99,8.06,155000,7.57
2009-06-22,8.81,8.84,8.05,8.09,215100,7.60
2009-06-19,9.08,9.11,8.75,8.92,336200,8.38
2009-06-18,8.35,9.00,8.31,8.91,288100,8.37
2009-06-17,8.37,8.47,8.20,8.38,164700,7.87
2009-06-16,8.84,8.84,8.32,8.32,180700,7.81
2009-06-15,8.68,8.74,8.52,8.62,143500,8.10
2009-06-12,8.93,8.95,8.46,8.76,363600,8.23
2009-06-11,9.16,9.27,8.95,8.99,109900,8.44
2009-06-10,8.93,9.36,8.68,9.17,270400,8.61
2009-06-09,9.10,9.14,8.63,8.81,215900,8.27
2009-06-08,9.10,9.25,8.90,9.02,128900,8.47
2009-06-05,9.58,9.58,8.90,9.10,137000,8.55
2009-06-04,9.41,9.63,9.19,9.45,136300,8.88
2009-06-03,9.90,9.90,9.12,9.41,233600,8.84
2009-06-02,10.54,10.70,10.07,10.09,299000,9.48
2009-06-01,10.40,10.80,10.40,10.56,156700,9.92
2009-05-29,9.77,10.30,9.75,10.25,139800,9.63
2009-05-28,9.66,10.02,9.58,9.70,239200,9.11
2009-05-27,9.07,9.78,9.07,9.45,161300,8.88
2009-05-26,9.06,9.42,9.03,9.12,239100,8.57
2009-05-22,9.48,9.48,9.11,9.14,104100,8.58
2009-05-21,9.38,9.50,9.21,9.44,155700,8.83
2009-05-20,9.43,9.92,9.43,9.57,177000,8.95
2009-05-19,9.22,9.56,8.99,9.42,103700,8.81
2009-05-18,9.27,9.65,9.20,9.22,178700,8.62
2009-05-15,9.83,9.83,9.11,9.21,129800,8.62
2009-05-14,9.37,9.94,9.18,9.91,174400,9.27
2009-05-13,9.64,9.78,9.46,9.54,243500,8.92
2009-05-12,10.53,10.62,9.66,10.01,212400,9.36
2009-05-11,10.27,10.64,9.80,10.56,188800,9.88
2009-05-08,10.29,10.38,9.93,10.27,285200,9.61
2009-05-07,11.11,11.11,9.76,10.18,525500,9.52
2009-05-06,10.96,11.41,10.57,11.35,217200,10.62
2009-05-05,10.80,10.98,10.42,10.82,103600,10.12
2009-05-04,10.40,10.86,10.36,10.83,135300,10.13
2009-05-01,10.28,10.63,10.00,10.40,238900,9.73
2009-04-30,10.21,10.46,10.00,10.27,298400,9.61
2009-04-29,10.04,10.30,9.89,10.21,193900,9.55
2009-04-28,9.63,10.04,9.63,9.94,217800,9.30
2009-04-27,10.21,10.21,9.78,9.94,203400,9.30
2009-04-24,9.97,10.50,9.75,10.35,445400,9.68
2009-04-23,9.67,9.98,9.59,9.90,336000,9.26
2009-04-22,9.73,9.87,9.39,9.68,345700,9.06
2009-04-21,9.43,10.10,9.32,9.89,378900,9.25
2009-04-20,10.06,10.06,9.30,9.51,262600,8.90
2009-04-17,10.22,10.35,10.19,10.26,314300,9.60
2009-04-16,10.02,10.34,9.66,10.18,381600,9.52
2009-04-15,10.74,10.74,9.74,10.01,625000,9.36
2009-04-14,11.46,11.83,11.00,11.04,281400,10.33
2009-04-13,11.85,11.85,11.06,11.63,262700,10.88
2009-04-09,11.95,12.41,11.54,11.90,322300,11.13
2009-04-08,11.00,11.80,10.75,11.71,276100,10.95
2009-04-07,10.10,11.21,10.10,10.86,513400,10.16
2009-04-06,11.39,11.39,10.44,10.50,378400,9.82
2009-04-03,10.74,11.35,10.74,11.14,469000,10.42
2009-04-02,10.50,11.34,10.05,10.84,543400,10.14
2009-04-01,10.16,10.37,9.69,10.16,452700,9.50
2009-03-31,10.13,10.82,10.11,10.36,311900,9.69
2009-03-30,10.30,10.49,9.61,10.08,566400,9.43
2009-03-27,11.00,11.13,10.54,10.77,336100,10.07
2009-03-26,11.09,11.45,10.84,11.32,245200,10.59
2009-03-25,10.07,10.75,9.92,10.61,458900,9.93
2009-03-24,10.93,10.93,9.95,10.01,471900,9.36
2009-03-23,10.72,11.61,10.47,10.94,423900,10.23
2009-03-20,10.07,10.76,9.75,10.33,275800,9.66
2009-03-19,10.11,10.55,9.93,9.98,310800,9.34
2009-03-18,9.86,10.24,9.77,9.97,320400,9.33
2009-03-17,9.53,10.08,9.51,9.90,691700,9.26
2009-03-16,8.88,9.96,8.88,9.63,574400,9.01
2009-03-13,8.46,8.82,8.13,8.80,215100,8.23
2009-03-12,7.96,8.75,7.72,8.52,289500,7.97
2009-03-11,7.80,8.40,7.78,8.04,399700,7.52
2009-03-10,7.15,7.76,7.15,7.66,287800,7.17
2009-03-09,6.58,7.10,6.58,6.95,182300,6.50
2009-03-06,6.21,6.82,6.13,6.70,212700,6.27
2009-03-05,6.66,7.38,5.96,6.02,242200,5.63
2009-03-04,6.12,6.58,5.93,6.41,284900,6.00
2009-03-03,5.98,6.27,5.93,5.93,465400,5.55
2009-03-02,6.64,6.68,5.92,5.99,271000,5.60
2009-02-27,6.75,7.20,6.57,6.80,152400,6.36
2009-02-26,6.70,7.05,6.63,6.92,249000,6.47
2009-02-25,6.32,6.72,6.14,6.57,301200,6.15
2009-02-24,6.23,6.52,5.86,6.42,328600,6.01
2009-02-23,6.33,6.43,5.89,5.96,350200,5.58
2009-02-20,6.72,6.76,5.78,6.34,417900,5.93
2009-02-19,7.06,7.41,6.78,6.86,217500,6.42
2009-02-18,7.57,7.65,6.91,6.97,237400,6.52
2009-02-17,8.32,8.32,7.54,7.55,217100,7.06
2009-02-13,7.99,8.49,7.87,8.47,272200,7.92
2009-02-12,7.50,8.06,7.08,8.03,212000,7.48
2009-02-11,7.80,8.03,7.45,7.60,204700,7.08
2009-02-10,7.92,8.22,7.74,7.88,233300,7.34
2009-02-09,7.54,8.20,7.54,7.96,199800,7.41
2009-02-06,7.40,7.73,7.34,7.71,142200,7.18
2009-02-05,7.32,7.61,7.14,7.43,255400,6.92
2009-02-04,7.37,7.59,7.25,7.36,336800,6.85
2009-02-03,7.31,7.43,7.06,7.33,282000,6.82
2009-02-02,6.70,7.39,6.70,7.26,409300,6.76
2009-01-30,7.38,7.38,6.71,6.95,268700,6.47
2009-01-29,7.30,7.40,7.06,7.14,207900,6.65
2009-01-28,7.34,7.67,7.11,7.43,389700,6.92
2009-01-27,7.21,7.39,6.82,7.29,211500,6.79
2009-01-26,6.75,7.26,6.67,7.20,283000,6.70
2009-01-23,6.43,7.03,6.40,6.76,260500,6.29
2009-01-22,7.28,7.28,6.55,6.64,197500,6.18
2009-01-21,6.50,7.41,6.35,7.41,327300,6.90
2009-01-20,7.00,7.00,6.21,6.35,327200,5.91
2009-01-16,6.79,6.79,5.92,6.37,291300,5.93
2009-01-15,6.04,6.60,5.95,6.55,193100,6.10
2009-01-14,6.16,6.25,5.83,6.00,159600,5.59
2009-01-13,5.70,6.20,5.50,6.12,107200,5.70
2009-01-12,5.65,5.98,5.58,5.72,121500,5.33
2009-01-09,6.35,6.35,5.76,5.81,100600,5.41
2009-01-08,6.04,6.39,5.96,6.36,93400,5.92
2009-01-07,5.95,6.08,5.66,6.08,205300,5.66
2009-01-06,6.08,6.10,5.83,6.00,351600,5.59
2009-01-05,5.50,5.94,5.46,5.86,209500,5.46
2009-01-02,5.31,5.49,5.27,5.49,170900,5.11
2008-12-31,5.06,5.43,4.85,5.29,273800,4.93
2008-12-30,5.01,5.13,4.81,5.00,580300,4.66
2008-12-29,5.44,5.48,5.11,5.15,134200,4.79
2008-12-26,5.26,5.45,5.15,5.45,73900,5.07
2008-12-24,5.08,5.25,4.88,5.23,65300,4.87
2008-12-23,5.20,5.34,4.89,5.05,150300,4.70
2008-12-22,5.31,5.32,4.90,5.11,196500,4.76
2008-12-19,5.20,5.49,5.18,5.31,247100,4.94
2008-12-18,5.36,5.46,5.01,5.34,152700,4.97
2008-12-17,5.28,5.45,4.85,5.45,253000,5.07
2008-12-16,4.61,5.27,4.61,5.27,164600,4.91
2008-12-15,5.20,5.34,4.56,4.56,100200,4.25
2008-12-12,4.91,5.41,4.78,5.28,137000,4.92
2008-12-11,5.10,5.40,4.93,5.00,141300,4.66
2008-12-10,4.97,5.38,4.96,5.13,142800,4.78
2008-12-09,4.60,5.17,4.36,4.99,464500,4.65
2008-12-08,5.00,5.07,4.32,4.61,284100,4.29
2008-12-05,4.82,4.90,4.23,4.88,334400,4.54
2008-12-04,5.60,5.75,4.90,4.93,250600,4.59
2008-12-03,5.61,5.76,5.39,5.65,200100,5.26
2008-12-02,5.26,5.97,5.01,5.61,791700,5.22
2008-12-01,5.33,5.64,5.03,5.12,395900,4.77
2008-11-28,5.09,5.51,5.03,5.50,94900,5.12
2008-11-26,4.62,5.25,4.58,5.25,274600,4.89
2008-11-25,4.44,4.76,4.17,4.76,196500,4.43
2008-11-24,3.85,4.45,3.73,4.44,288800,4.13
2008-11-21,4.00,4.14,3.51,3.85,321100,3.58
2008-11-20,4.74,4.74,4.10,4.20,272200,3.87
2008-11-19,5.43,5.43,4.84,4.84,386000,4.47
2008-11-18,4.82,5.43,4.65,5.43,436000,5.01
2008-11-17,5.47,5.50,4.81,4.84,233900,4.47
2008-11-14,5.31,5.77,5.06,5.51,337100,5.08
2008-11-13,4.65,5.39,4.24,5.39,304100,4.97
2008-11-12,4.95,5.00,4.53,4.54,184400,4.19
2008-11-11,4.99,5.29,4.73,5.14,428900,4.74
2008-11-10,5.00,5.11,4.73,5.00,419300,4.61
2008-11-07,5.42,5.85,4.60,4.88,599000,4.50
2008-11-06,6.01,6.15,5.02,5.43,575400,5.01
2008-11-05,6.00,6.00,5.50,5.93,403800,5.47
2008-11-04,5.16,6.02,5.16,6.02,256300,5.55
2008-11-03,5.57,5.57,5.09,5.11,250900,4.71
2008-10-31,4.62,5.59,4.53,5.59,412800,5.16
2008-10-30,4.37,4.79,4.27,4.70,205900,4.34
2008-10-29,4.26,4.56,4.13,4.14,231700,3.82
2008-10-28,4.21,4.21,3.81,4.19,283400,3.87
2008-10-27,4.29,4.34,3.90,3.93,173000,3.63
2008-10-24,4.20,4.35,4.00,4.23,210400,3.90
2008-10-23,4.75,5.02,4.08,4.46,747800,4.11
2008-10-22,4.88,5.15,4.48,4.63,360100,4.27
2008-10-21,4.85,5.24,4.85,4.99,387200,4.60
2008-10-20,4.87,5.66,4.84,5.00,261200,4.61
2008-10-17,4.59,5.47,4.42,4.76,511100,4.39
2008-10-16,4.50,4.81,4.12,4.76,548200,4.39
2008-10-15,5.13,5.29,4.51,4.51,331400,4.16
2008-10-14,5.96,6.13,5.32,5.35,289700,4.94
2008-10-13,5.51,5.93,5.29,5.88,186400,5.42
2008-10-10,5.01,5.49,4.59,5.01,633600,4.62
2008-10-09,6.57,6.70,5.47,5.50,328100,5.07
2008-10-08,6.71,7.08,6.08,6.61,413000,6.10
2008-10-07,8.05,8.06,7.00,7.00,348300,6.46
2008-10-06,8.07,8.08,7.22,7.87,447300,7.26
2008-10-03,8.29,8.61,8.07,8.28,388000,7.64
2008-10-02,8.74,8.84,8.20,8.23,216300,7.59
2008-10-01,9.09,9.09,8.74,8.85,425900,8.17
2008-09-30,9.70,9.70,8.97,9.27,658500,8.55
2008-09-29,9.72,9.80,8.65,9.29,442400,8.57
2008-09-26,9.85,10.13,9.29,10.05,460300,9.27
2008-09-25,9.75,10.07,9.57,10.00,491200,9.23
2008-09-24,9.39,9.99,9.27,9.66,454200,8.91
2008-09-23,9.47,10.08,9.16,9.24,512100,8.52
2008-09-22,10.82,10.82,9.60,9.68,489100,8.93
2008-09-19,10.65,10.75,9.75,10.75,604900,9.92
2008-09-18,9.11,9.89,8.97,9.78,693900,9.02
2008-09-17,9.04,9.51,8.72,8.87,435800,8.18
2008-09-16,8.30,9.43,8.30,9.18,477800,8.47
2008-09-15,9.09,9.45,8.65,8.74,453900,8.06
2008-09-12,8.54,9.83,8.54,9.60,639100,8.86
2008-09-11,7.75,8.52,7.73,8.49,599400,7.83
2008-09-10,8.10,8.10,7.66,7.81,422000,7.21
2008-09-09,8.65,8.75,7.95,7.99,489600,7.37
2008-09-08,8.70,8.90,8.48,8.59,421200,7.93
2008-09-05,8.02,8.51,7.76,8.47,462000,7.81
2008-09-04,8.30,8.59,8.17,8.21,442200,7.57
2008-09-03,7.58,8.19,7.40,8.12,425200,7.49
2008-09-02,8.04,8.35,7.55,7.57,204900,6.98
2008-08-29,8.16,8.17,7.86,7.90,168400,7.29
2008-08-28,8.20,8.23,7.88,8.13,231900,7.50
2008-08-27,7.71,8.13,7.64,8.10,201600,7.47
2008-08-26,7.40,7.80,7.28,7.74,198000,7.14
2008-08-25,7.65,7.66,7.39,7.42,196900,6.85
2008-08-22,7.75,7.84,7.62,7.72,146300,7.09
2008-08-21,7.78,7.90,7.54,7.75,188300,7.12
2008-08-20,7.94,8.05,7.64,7.83,206700,7.19
2008-08-19,7.94,8.00,7.65,7.94,259100,7.29
2008-08-18,8.57,8.61,7.93,8.00,189300,7.34
2008-08-15,8.51,8.75,8.30,8.41,314600,7.72
2008-08-14,8.74,8.77,8.51,8.52,248500,7.82
2008-08-13,8.53,8.79,8.39,8.64,500900,7.93
2008-08-12,8.41,8.46,7.96,8.40,571000,7.71
2008-08-11,8.01,8.48,8.01,8.30,394200,7.62
2008-08-08,7.53,8.09,7.53,8.01,493400,7.35
2008-08-07,8.83,8.83,7.41,7.53,730900,6.91
2008-08-06,8.00,9.11,7.85,9.08,827300,8.34
2008-08-05,7.75,8.07,7.75,8.00,515200,7.34
2008-08-04,8.01,8.05,7.60,7.70,324600,7.07
2008-08-01,8.00,8.04,7.81,7.96,279200,7.31
2008-07-31,8.11,8.11,7.91,7.99,404000,7.34
2008-07-30,8.19,8.40,7.93,8.02,470400,7.36
2008-07-29,7.88,8.13,7.79,8.00,496000,7.34
2008-07-28,8.15,8.15,7.68,7.71,286200,7.08
2008-07-25,7.87,8.08,7.76,8.02,430400,7.36
2008-07-24,8.23,8.23,7.69,7.71,436700,7.08
2008-07-23,8.48,8.55,8.18,8.28,510300,7.60
2008-07-22,7.85,8.51,7.81,8.30,494100,7.62
2008-07-21,7.45,8.11,7.42,7.91,585700,7.26
2008-07-18,7.82,7.93,7.45,7.55,466900,6.93
2008-07-17,8.08,8.11,7.73,7.88,497200,7.23
2008-07-16,7.62,8.17,7.60,8.17,288800,7.50
2008-07-15,7.65,8.05,7.34,7.78,477400,7.14
2008-07-14,8.03,8.32,7.47,7.71,355800,7.08
2008-07-11,8.56,8.56,7.38,8.12,621200,7.45
2008-07-10,8.89,8.90,8.44,8.61,256900,7.90
2008-07-09,9.12,9.34,8.85,8.92,334200,8.19
2008-07-08,9.36,9.46,8.98,9.16,399400,8.41
2008-07-07,8.64,9.50,8.64,9.32,478000,8.56
2008-07-03,9.17,9.20,8.52,8.70,163700,7.99
2008-07-02,9.08,9.30,9.07,9.20,390300,8.45
2008-07-01,9.10,9.19,8.87,9.08,197300,8.34
2008-06-30,9.15,9.49,9.13,9.21,307700,8.46
2008-06-27,9.31,9.31,8.84,9.01,716800,8.27
2008-06-26,10.24,10.24,9.27,9.37,351900,8.60
2008-06-25,10.00,10.62,9.98,10.10,538600,9.27
2008-06-24,9.99,10.04,9.77,9.98,489900,9.16
2008-06-23,10.53,10.53,9.98,10.07,305800,9.24
2008-06-20,10.90,10.94,10.37,10.53,214200,9.67
2008-06-19,10.45,10.97,10.34,10.90,219400,10.01
2008-06-18,10.86,10.97,10.27,10.40,218200,9.55
2008-06-17,11.02,11.28,10.97,11.01,161300,10.11
2008-06-16,11.66,11.73,10.88,10.94,299400,10.04
2008-06-13,11.45,11.88,11.42,11.76,215400,10.80
2008-06-12,11.08,11.53,11.01,11.39,235300,10.46
2008-06-11,11.26,11.34,10.68,11.13,335300,10.22
2008-06-10,11.66,11.71,11.25,11.28,251700,10.36
2008-06-09,12.35,12.38,11.59,11.76,407200,10.80
2008-06-06,13.26,13.26,12.36,12.38,271000,11.37
2008-06-05,13.30,13.37,13.15,13.30,233300,12.21
2008-06-04,13.26,13.61,13.15,13.17,345900,12.09
2008-06-03,12.98,13.32,12.82,13.18,715600,12.10
2008-06-02,13.00,13.34,12.73,12.95,520800,11.89
2008-05-30,12.74,13.03,12.61,13.03,282900,11.96
2008-05-29,12.84,12.90,12.56,12.79,242500,11.74
2008-05-28,13.00,13.02,12.63,12.73,340300,11.69
2008-05-27,13.25,13.25,12.91,12.96,232100,11.90
2008-05-23,13.60,13.79,13.06,13.13,254400,12.05
2008-05-22,13.80,14.13,13.66,13.75,231200,12.62
2008-05-21,13.00,14.40,12.87,13.67,801900,12.55
2008-05-20,12.50,12.65,12.07,12.58,278800,11.55
2008-05-19,12.62,12.85,12.38,12.56,311800,11.53
2008-05-16,12.55,12.67,12.14,12.49,198300,11.47
2008-05-15,12.13,12.59,11.95,12.49,265200,11.47
2008-05-14,11.50,12.08,11.32,12.05,448400,11.03
2008-05-13,10.65,11.27,10.65,11.26,426400,10.30
2008-05-12,10.19,10.71,10.19,10.64,269100,9.74
2008-05-09,10.25,10.30,10.15,10.15,79000,9.29
2008-05-08,10.91,10.91,10.23,10.35,207300,9.47
2008-05-07,11.37,11.40,10.76,10.94,166200,10.01
2008-05-06,11.63,11.85,10.93,11.20,239500,10.25
2008-05-05,11.08,11.31,10.85,11.31,179400,10.35
2008-05-02,11.02,11.08,10.74,11.04,122600,10.10
2008-05-01,10.95,11.04,10.75,10.98,178500,10.05
2008-04-30,11.10,11.20,10.95,11.03,178200,10.09
2008-04-29,11.08,11.19,11.00,11.10,128400,10.16
2008-04-28,11.13,11.24,11.00,11.01,136300,10.08
2008-04-25,11.40,11.40,10.94,11.06,159100,10.12
2008-04-24,11.03,11.31,10.85,11.28,160300,10.32
2008-04-23,11.21,11.26,10.81,10.83,147400,9.91
2008-04-22,11.75,11.75,11.21,11.22,187400,10.27
2008-04-21,12.15,12.16,11.76,11.78,126900,10.78
2008-04-18,12.43,12.59,12.12,12.18,143800,11.15
2008-04-17,11.90,12.36,11.88,12.30,159100,11.26
2008-04-16,11.76,12.15,11.76,11.99,203600,10.97
2008-04-15,12.00,12.00,11.65,11.72,94900,10.73
2008-04-14,12.03,12.27,11.86,11.94,172000,10.93
2008-04-11,12.55,12.58,11.99,12.03,149300,11.01
2008-04-10,12.84,12.84,12.47,12.57,182200,11.50
2008-04-09,12.90,13.12,12.68,12.73,204500,11.65
2008-04-08,12.80,13.10,12.66,12.85,256400,11.76
2008-04-07,12.57,12.98,12.47,12.80,355200,11.71
2008-04-04,12.64,12.90,12.32,12.32,153000,11.27
2008-04-03,12.90,13.13,12.56,12.68,191400,11.60
2008-04-02,12.87,13.17,12.69,13.17,280700,12.05
2008-04-01,12.96,12.96,12.72,12.86,247200,11.77
2008-03-31,12.94,12.94,12.54,12.67,276000,11.60
2008-03-28,13.16,13.16,12.72,12.72,200200,11.64
2008-03-27,13.35,13.41,13.01,13.05,152400,11.94
2008-03-26,13.08,13.65,12.80,13.35,245900,12.22
2008-03-25,13.30,13.49,12.98,12.98,148500,11.88
2008-03-24,13.28,13.74,13.28,13.39,174400,12.25
2008-03-20,13.25,13.47,12.82,13.47,393300,12.33
2008-03-19,13.33,13.77,13.05,13.05,347600,11.94
2008-03-18,12.96,13.57,12.83,13.40,323100,12.26
2008-03-17,13.07,13.36,12.85,12.88,357700,11.79
2008-03-14,14.15,14.25,13.39,13.52,211400,12.37
2008-03-13,13.85,14.22,13.17,14.15,348400,12.95
2008-03-12,14.97,14.97,14.01,14.15,239900,12.95
2008-03-11,14.18,14.97,14.10,14.96,267000,13.69
2008-03-10,14.09,14.19,13.76,13.87,186700,12.69
2008-03-07,14.00,14.26,13.95,14.11,242800,12.91
2008-03-06,15.00,15.05,14.01,14.07,217300,12.88
2008-03-05,15.25,15.30,14.82,15.01,233900,13.74
2008-03-04,15.54,15.88,15.09,15.18,213600,13.89
2008-03-03,15.75,16.46,15.61,15.80,194000,14.46
2008-02-29,16.09,16.25,15.60,15.78,284400,14.44
2008-02-28,17.15,17.36,16.13,16.43,169700,15.04
2008-02-27,16.44,17.19,16.43,17.18,233300,15.72
2008-02-26,15.66,16.92,15.65,16.70,349800,15.28
2008-02-25,15.70,16.83,15.70,16.71,319600,15.29
2008-02-22,16.30,16.38,15.16,15.69,172800,14.36
2008-02-21,17.16,17.16,15.91,16.15,223300,14.78
2008-02-20,16.59,17.05,16.59,16.98,127200,15.54
2008-02-19,16.05,17.08,16.05,16.71,173900,15.29
2008-02-15,16.15,16.15,15.59,15.94,101000,14.59
2008-02-14,16.50,16.61,16.17,16.22,109700,14.81
2008-02-13,16.48,16.71,16.35,16.65,140800,15.20
2008-02-12,16.83,17.05,16.41,16.48,187700,15.05
2008-02-11,16.77,16.85,16.39,16.83,157700,15.37
2008-02-08,16.25,17.17,16.22,16.80,198700,15.34
2008-02-07,16.26,16.48,15.98,16.31,285400,14.89
2008-02-06,16.82,16.98,16.32,16.32,210000,14.90
2008-02-05,16.39,16.67,16.30,16.63,176300,15.18
2008-02-04,16.55,16.82,16.44,16.70,200700,15.25
2008-02-01,16.59,16.93,16.40,16.72,203800,15.27
2008-01-31,16.10,16.67,16.00,16.43,233000,15.00
2008-01-30,16.61,16.81,16.22,16.32,326200,14.90
2008-01-29,16.05,16.51,16.02,16.45,313100,15.02
2008-01-28,15.40,15.76,15.19,15.75,172400,14.38
2008-01-25,15.81,15.96,15.19,15.39,245800,14.05
2008-01-24,15.55,15.85,15.31,15.48,270900,14.13
2008-01-23,15.33,15.59,14.83,15.45,290300,14.11
2008-01-22,14.99,15.67,14.95,15.64,248500,14.28
2008-01-18,15.81,15.97,15.32,15.59,358900,14.23
2008-01-17,16.25,16.71,15.81,15.81,445900,14.44
2008-01-16,16.56,16.58,15.93,16.05,376900,14.65
2008-01-15,16.59,16.72,16.18,16.55,428100,15.11
2008-01-14,17.40,18.10,16.56,16.93,480200,15.46
2008-01-11,17.45,17.54,16.81,16.96,193200,15.49
2008-01-10,17.26,17.83,17.15,17.67,170000,16.13
2008-01-09,18.08,18.08,16.77,17.33,307000,15.82
2008-01-08,18.61,18.75,18.00,18.10,380700,16.53
2008-01-07,19.42,19.51,18.69,18.75,426200,17.12
2008-01-04,19.40,19.57,19.14,19.40,221200,17.71
2008-01-03,20.14,20.20,19.58,19.67,189700,17.96
2008-01-02,20.16,20.47,20.03,20.18,158000,18.42
2007-12-31,20.26,20.26,20.01,20.23,132800,18.47
2007-12-28,20.30,20.45,20.11,20.26,81200,18.50
2007-12-27,20.58,20.58,20.06,20.18,175900,18.42
2007-12-26,20.51,20.93,20.26,20.73,116600,18.93
2007-12-24,20.20,20.37,20.03,20.36,57500,18.59
2007-12-21,19.47,20.14,19.47,20.14,191900,18.39
2007-12-20,19.85,19.85,19.24,19.54,142800,17.84
2007-12-19,19.50,19.85,19.38,19.79,157400,18.07
2007-12-18,20.27,20.27,18.97,19.49,251300,17.79
2007-12-17,18.94,19.90,18.30,19.74,572100,18.02
2007-12-14,17.61,18.10,17.60,17.95,337800,16.39
2007-12-13,18.03,18.31,17.50,17.82,261400,16.27
2007-12-12,18.40,18.40,18.13,18.22,246200,16.64
2007-12-11,18.36,18.61,17.90,18.03,261200,16.46
2007-12-10,18.64,18.70,18.28,18.37,213000,16.77
2007-12-07,18.25,18.59,18.21,18.41,489800,16.81
2007-12-06,18.61,18.82,18.22,18.44,344700,16.84
2007-12-05,19.00,19.05,18.25,18.50,233700,16.89
2007-12-04,18.65,18.90,18.35,18.75,363100,17.12
2007-12-03,18.73,18.96,18.50,18.63,245200,17.01
2007-11-30,18.91,19.08,18.31,18.44,422100,16.84
2007-11-29,18.46,19.17,18.46,18.55,259800,16.94
2007-11-28,18.59,19.09,18.51,18.80,258700,17.16
2007-11-27,19.37,19.44,18.65,18.90,274800,17.26
2007-11-26,19.90,20.08,19.36,19.53,155000,17.83
2007-11-23,20.06,20.29,19.63,19.92,48900,18.19
2007-11-21,19.81,20.22,19.55,20.11,125300,18.36
2007-11-20,20.50,20.86,19.64,19.97,179900,18.23
2007-11-19,20.52,20.63,19.89,20.43,136000,18.65
2007-11-16,20.97,21.23,20.35,20.65,263200,18.85
2007-11-15,20.75,21.33,20.64,20.82,193400,19.01
2007-11-14,21.66,21.85,21.00,21.09,185100,19.26
2007-11-13,21.65,21.68,21.00,21.60,239700,19.72
2007-11-12,21.28,21.77,21.20,21.49,173600,19.62
2007-11-09,21.55,21.79,21.27,21.54,140500,19.67
2007-11-08,21.74,22.48,20.01,22.17,342600,20.24
2007-11-07,23.69,24.05,22.38,22.45,210000,20.50
2007-11-06,23.30,23.49,23.05,23.32,112700,21.29
2007-11-05,22.70,23.25,22.70,23.12,108700,21.11
2007-11-02,23.43,23.51,22.79,23.07,170700,21.06
2007-11-01,23.39,23.84,22.81,22.89,178300,20.90
2007-10-31,23.74,24.27,23.71,23.99,195500,21.69
2007-10-30,24.00,24.49,23.62,23.69,124800,21.42
2007-10-29,24.35,24.45,23.93,24.26,176100,21.93
2007-10-26,24.59,24.98,24.30,24.69,241900,22.32
2007-10-25,23.84,23.90,23.28,23.71,174100,21.44
2007-10-24,23.25,23.63,22.79,23.41,284100,21.16
2007-10-23,23.79,23.90,23.16,23.25,196100,21.02
2007-10-22,23.84,23.84,22.73,23.47,256700,21.22
2007-10-19,24.73,24.90,23.75,23.84,269600,21.55
2007-10-18,24.55,25.25,24.54,24.88,173500,22.49
2007-10-17,24.96,24.99,24.14,24.54,232300,22.19
2007-10-16,24.75,25.11,24.62,24.80,146000,22.42
2007-10-15,24.70,25.40,24.54,25.07,247100,22.67
2007-10-12,24.71,25.34,24.63,24.78,279000,22.40
2007-10-11,26.00,26.17,24.60,24.64,260500,22.28
2007-10-10,24.76,26.08,24.02,25.88,587700,23.40
2007-10-09,25.47,25.83,25.19,25.63,133500,23.17
2007-10-08,25.10,25.93,25.00,25.52,201700,23.07
2007-10-05,24.88,25.68,24.88,25.27,229200,22.85
2007-10-04,24.57,25.33,24.57,25.00,352500,22.60
2007-10-03,25.25,25.50,24.34,24.44,196500,22.10
2007-10-02,25.66,25.83,25.05,25.48,158000,23.04
2007-10-01,25.08,25.95,24.99,25.51,269300,23.06
2007-09-28,25.94,26.00,24.70,25.08,344900,22.67
2007-09-27,27.87,27.91,25.24,26.17,727000,23.66
2007-09-26,28.15,28.15,27.18,27.80,165400,25.13
2007-09-25,27.54,28.15,27.43,27.80,358600,25.13
2007-09-24,27.90,28.00,27.02,27.45,209900,24.82
2007-09-21,27.33,28.00,27.02,27.97,235700,25.29
2007-09-20,26.89,27.15,26.44,27.07,228200,24.47
2007-09-19,27.40,27.77,27.00,27.06,266700,24.46
2007-09-18,27.51,27.68,26.55,27.39,196600,24.76
2007-09-17,26.34,27.75,26.23,27.15,293600,24.55
2007-09-14,26.29,26.73,25.85,26.54,171000,23.99
2007-09-13,26.22,26.95,26.00,26.53,261600,23.99
2007-09-12,25.27,26.56,25.20,26.22,367600,23.71
2007-09-11,25.10,25.22,24.66,25.00,319100,22.60
2007-09-10,25.84,26.00,24.63,25.06,304100,22.66
2007-09-07,25.77,26.22,25.58,26.13,252300,23.62
2007-09-06,26.21,26.70,25.56,26.17,307200,23.66
2007-09-05,27.80,27.94,25.60,25.98,654800,23.49
2007-09-04,27.41,28.34,26.96,28.05,273700,25.36
2007-08-31,27.58,27.77,27.06,27.42,118700,24.79
2007-08-30,26.90,27.87,26.57,26.91,188100,24.33
2007-08-29,26.70,27.17,26.36,27.08,145400,24.48
2007-08-28,27.52,27.71,26.22,26.40,211600,23.87
2007-08-27,28.00,28.27,27.57,28.04,565300,25.35
2007-08-24,27.64,28.34,27.21,28.04,173300,25.35
2007-08-23,27.10,27.75,26.62,27.42,231100,24.79
2007-08-22,25.70,26.78,25.51,26.72,269000,24.16
2007-08-21,25.45,26.47,25.34,25.54,185800,23.09
2007-08-20,26.40,26.80,24.84,25.51,269400,23.06
2007-08-17,26.46,27.32,26.02,26.65,240500,24.09
2007-08-16,25.65,25.95,24.31,25.31,324600,22.88
2007-08-15,26.85,27.20,26.21,26.43,233100,23.86
2007-08-14,27.08,27.37,26.11,27.00,305400,24.38
2007-08-13,27.00,27.77,26.40,27.10,655000,24.47
2007-08-10,22.40,27.45,21.35,25.89,694100,23.37
2007-08-09,23.25,24.28,22.50,22.97,600800,20.74
2007-08-08,24.25,25.34,23.84,24.27,531300,21.91
2007-08-07,26.25,26.25,23.70,24.08,664700,21.74
2007-08-06,23.82,25.11,23.42,24.91,422400,22.49
2007-08-03,25.11,25.36,23.80,23.93,254200,21.60
2007-08-02,24.85,25.41,24.38,25.07,333800,22.63
2007-08-01,26.13,26.84,24.51,24.96,530300,22.53
2007-07-31,27.60,28.09,26.48,26.48,274600,23.91
2007-07-30,26.00,26.72,25.67,26.61,177800,24.02
2007-07-27,26.10,26.85,25.50,25.90,223400,23.38
2007-07-26,26.54,27.25,25.15,26.36,456100,23.80
2007-07-25,28.30,28.64,26.84,27.23,652800,24.58
2007-07-24,30.00,30.00,27.58,28.17,622000,25.43
2007-07-23,30.40,30.77,30.00,30.28,395500,27.34
2007-07-20,30.37,30.37,29.43,29.68,224800,26.79
2007-07-19,30.71,30.72,29.92,30.28,279700,27.34
2007-07-18,29.50,30.21,29.12,30.21,398000,27.27
2007-07-17,30.29,30.33,29.47,29.65,438100,26.77
2007-07-16,29.83,30.27,29.52,29.70,490000,26.81
2007-07-13,29.01,29.51,28.89,29.21,386600,26.37
2007-07-12,29.10,29.27,28.27,28.59,536500,25.81
2007-07-11,29.95,30.66,29.43,29.75,415300,26.86
2007-07-10,29.30,30.00,29.06,29.72,363900,26.83
2007-07-09,29.47,29.47,28.98,29.35,505200,26.50
2007-07-06,29.20,29.22,28.60,28.66,276600,25.87
2007-07-05,28.40,29.43,28.39,28.83,515600,26.03
2007-07-03,27.80,28.77,27.60,28.10,271100,25.37
2007-07-02,26.65,27.92,26.61,27.50,340600,24.83
2007-06-29,26.82,27.19,26.56,26.65,265200,24.06
2007-06-28,26.77,27.20,26.58,26.89,242900,24.28
2007-06-27,26.98,27.20,26.19,26.77,371500,24.17
2007-06-26,27.62,28.22,27.07,27.23,344800,24.58
2007-06-25,27.24,28.49,26.96,27.58,423000,24.90
2007-06-22,27.20,27.75,26.67,27.24,375700,24.59
2007-06-21,26.25,27.39,26.16,27.36,455500,24.70
2007-06-20,26.65,26.77,25.96,26.03,275100,23.50
2007-06-19,25.20,26.18,25.17,26.01,302700,23.48
2007-06-18,24.52,25.78,24.52,25.20,489800,22.75
2007-06-15,24.53,24.64,23.89,24.37,167700,22.00
2007-06-14,24.68,24.68,24.05,24.20,123100,21.85
2007-06-13,23.56,24.39,23.56,24.36,188200,21.99
2007-06-12,23.62,23.91,23.27,23.31,147400,21.04
2007-06-11,23.73,24.24,23.72,23.87,166900,21.55
2007-06-08,23.30,23.67,23.01,23.50,319900,21.22
2007-06-07,24.30,24.30,23.02,23.07,318300,20.83
2007-06-06,24.88,24.88,23.53,24.24,210500,21.88
2007-06-05,24.44,24.86,23.98,24.27,233200,21.91
2007-06-04,24.02,24.47,23.91,24.30,232700,21.94
2007-06-01,24.00,25.00,23.89,24.02,336000,21.68
2007-05-31,24.16,24.50,23.69,23.85,204800,21.53
2007-05-30,23.82,23.82,22.54,23.61,321000,21.31
2007-05-29,23.56,24.00,23.36,23.82,130100,21.50
2007-05-25,23.62,24.25,23.38,23.56,167800,21.27
2007-05-24,23.82,23.82,23.14,23.36,169500,21.09
2007-05-23,23.84,23.99,23.49,23.74,133800,21.43
2007-05-22,23.26,24.37,23.20,23.91,368100,21.59
2007-05-21,23.40,23.94,22.71,23.26,451600,21.00
2007-05-18,21.25,23.60,21.19,23.48,711200,21.20
2007-05-17,21.35,21.71,20.96,21.11,211700,19.06
2007-05-16,21.62,21.82,20.84,21.32,239900,19.25
2007-05-15,21.90,21.97,21.43,21.51,429100,19.42
2007-05-14,21.56,22.43,21.50,21.82,476900,19.70
2007-05-11,21.47,21.50,20.78,21.49,131400,19.40
2007-05-10,21.09,21.63,20.00,21.10,173600,19.05
2007-05-09,20.84,21.58,20.82,21.19,175600,19.13
2007-05-08,21.40,21.71,20.79,21.36,123300,19.28
2007-05-07,21.62,21.72,21.18,21.37,147100,19.29
2007-05-04,21.67,21.85,21.28,21.62,186900,19.52
2007-05-03,21.41,21.85,20.27,21.77,432200,19.65
2007-05-02,19.48,21.50,19.47,21.41,423100,19.33
2007-05-01,18.99,19.50,18.75,19.49,106600,17.60
2007-04-30,19.55,19.87,19.05,19.07,105900,17.22
2007-04-27,19.65,19.84,19.30,19.56,60600,17.66
2007-04-26,19.92,19.98,19.15,19.64,86800,17.73
2007-04-25,19.33,20.09,19.33,19.92,213900,17.98
2007-04-24,19.00,19.32,19.00,19.32,99900,17.44
2007-04-23,19.11,19.28,18.93,18.94,109900,17.10
2007-04-20,18.98,19.19,18.76,19.14,179100,17.28
2007-04-19,18.87,18.95,18.67,18.76,98400,16.94
2007-04-18,19.19,19.25,18.73,18.97,97500,17.13
2007-04-17,19.58,19.65,19.00,19.10,224300,17.24
2007-04-16,20.00,20.10,19.64,19.64,172400,17.73
2007-04-13,19.93,20.00,19.87,19.91,78900,17.97
2007-04-12,19.61,19.86,19.39,19.85,112800,17.92
2007-04-11,19.77,19.90,19.38,19.56,169400,17.45
2007-04-10,19.77,19.90,19.60,19.71,174700,17.58
2007-04-09,19.27,19.70,19.27,19.63,248100,17.51
2007-04-05,19.40,19.50,19.16,19.17,98800,17.10
2007-04-04,18.76,19.40,18.68,19.40,141400,17.30
2007-04-03,19.48,19.53,18.68,18.76,176700,16.73
2007-04-02,19.25,19.49,19.11,19.48,142900,17.38
2007-03-30,19.22,19.28,18.83,19.13,129600,17.06
2007-03-29,19.25,19.25,19.00,19.18,113600,17.11
2007-03-28,18.92,19.15,18.90,19.15,219400,17.08
2007-03-27,18.80,18.85,18.41,18.83,156900,16.80
2007-03-26,18.74,19.00,18.59,18.87,141300,16.83
2007-03-23,18.90,19.10,18.75,18.77,134600,16.74
2007-03-22,18.46,18.95,18.41,18.84,184100,16.80
2007-03-21,18.00,18.41,18.00,18.30,140200,16.32
2007-03-20,17.52,18.01,17.47,17.93,171400,15.99
2007-03-19,17.59,17.60,17.15,17.58,137800,15.68
2007-03-16,17.42,17.48,17.26,17.41,116300,15.53
2007-03-15,17.42,17.49,17.36,17.43,233800,15.55
2007-03-14,17.58,17.61,17.15,17.48,153000,15.59
2007-03-13,17.40,17.60,17.26,17.42,287000,15.54
2007-03-12,17.41,17.49,17.12,17.44,126200,15.56
2007-03-09,16.93,17.57,16.78,17.55,171300,15.65
2007-03-08,16.90,16.92,16.45,16.79,198000,14.98
2007-03-07,16.38,16.70,16.36,16.61,83200,14.82
2007-03-06,16.25,16.48,16.08,16.28,93200,14.52
2007-03-05,15.75,16.35,15.71,16.01,104800,14.28
2007-03-02,16.26,16.45,15.93,15.96,88800,14.24
2007-03-01,16.34,16.47,15.75,16.35,90100,14.58
2007-02-28,16.86,17.00,16.20,16.50,130100,14.72
2007-02-27,17.09,17.50,16.63,16.85,246700,15.03
2007-02-26,17.45,17.56,17.22,17.52,160700,15.63
2007-02-23,17.03,17.36,16.95,17.36,280000,15.48
2007-02-22,16.49,17.01,16.41,17.00,294900,15.16
2007-02-21,15.94,16.53,15.86,16.53,131100,14.74
2007-02-20,15.92,16.10,15.70,16.10,97600,14.36
2007-02-16,16.08,16.08,15.67,15.94,89400,14.22
2007-02-15,16.15,16.33,15.99,16.08,82600,14.34
2007-02-14,15.42,16.31,15.42,16.27,202900,14.48
2007-02-13,15.21,15.44,15.18,15.42,274000,13.72
2007-02-12,15.35,15.55,15.08,15.22,225100,13.54
2007-02-09,15.76,15.94,15.32,15.45,140100,13.75
2007-02-08,15.82,15.96,15.69,15.79,144200,14.05
2007-02-07,16.05,16.11,15.90,15.98,112400,14.22
2007-02-06,16.61,16.75,16.16,16.22,84900,14.43
2007-02-05,16.75,16.90,16.39,16.46,98800,14.65
2007-02-02,16.99,17.14,16.81,16.81,89000,14.96
2007-02-01,17.02,17.02,16.87,16.98,49500,15.11
2007-01-31,17.00,17.03,16.55,17.02,147300,15.15
2007-01-30,17.00,17.32,16.80,17.20,121600,15.31
2007-01-29,16.94,17.10,16.76,16.99,140100,15.12
2007-01-26,16.22,16.90,16.15,16.87,190500,15.01
2007-01-25,16.49,16.49,16.14,16.24,294800,14.45
2007-01-24,15.82,16.47,15.73,16.44,134400,14.63
2007-01-23,15.35,15.98,15.24,15.91,124200,14.16
2007-01-22,15.95,15.95,15.14,15.24,167100,13.56
2007-01-19,15.23,15.87,15.20,15.75,178900,14.02
2007-01-18,15.36,15.48,15.10,15.23,73400,13.55
2007-01-17,15.40,15.66,15.32,15.48,66000,13.77
2007-01-16,15.50,15.55,15.19,15.49,89300,13.78
2007-01-12,15.49,15.62,15.34,15.50,91100,13.79
2007-01-11,14.82,15.79,14.82,15.22,198700,13.54
2007-01-10,15.11,15.17,14.83,14.92,161200,13.28
2007-01-09,15.25,15.36,15.07,15.21,225400,13.53
2007-01-08,15.41,15.63,15.20,15.41,171000,13.71
2007-01-05,15.21,15.63,15.00,15.40,286000,13.70
2007-01-04,15.05,15.66,15.00,15.33,297100,13.64
2007-01-03,16.25,16.38,15.81,15.92,142300,14.17
2006-12-29,16.65,16.65,16.11,16.39,103500,14.58
2006-12-28,16.75,16.75,16.56,16.64,46100,14.81
2006-12-27,16.70,16.81,16.60,16.78,40200,14.93
2006-12-26,16.44,16.75,16.44,16.74,48900,14.90
2006-12-22,16.60,16.89,16.40,16.44,63800,14.63
2006-12-21,16.98,17.08,16.66,16.66,103300,14.83
2006-12-20,17.50,17.52,16.98,17.05,118200,15.17
2006-12-19,17.00,17.32,16.70,17.27,194900,15.37
2006-12-18,17.80,17.80,17.00,17.09,127700,15.21
2006-12-15,17.58,17.85,17.58,17.80,164100,15.84
2006-12-14,17.50,17.95,17.50,17.57,169900,15.63
2006-12-13,17.80,17.87,17.45,17.61,182200,15.67
2006-12-12,17.82,17.92,17.52,17.90,306200,15.93
2006-12-11,17.75,17.84,17.35,17.77,162900,15.81
2006-12-08,17.64,17.69,17.37,17.64,79300,15.70
2006-12-07,17.66,17.78,17.50,17.54,73400,15.61
2006-12-06,17.12,17.70,17.12,17.66,181500,15.71
2006-12-05,17.43,17.43,17.12,17.20,172000,15.31
2006-12-04,17.07,17.31,16.95,17.27,177200,15.37
2006-12-01,17.04,17.15,16.56,17.08,175900,15.20
2006-11-30,16.80,17.22,16.52,17.04,311100,15.16
2006-11-29,15.76,16.50,15.72,16.50,638800,14.68
2006-11-28,16.17,16.26,15.80,15.83,248800,14.09
2006-11-27,16.66,16.80,16.17,16.17,181500,14.39
2006-11-24,16.61,16.98,16.61,16.75,65400,14.91
2006-11-22,16.75,17.01,16.70,16.70,116500,14.86
2006-11-21,16.81,17.02,16.72,16.93,266600,15.07
2006-11-20,17.26,17.28,16.81,17.09,171300,15.21
2006-11-17,17.11,17.36,17.09,17.25,173200,15.35
2006-11-16,17.23,17.23,16.94,17.15,348700,15.26
2006-11-15,16.97,17.38,16.88,17.25,367600,15.32
2006-11-14,17.08,17.23,16.60,16.99,338800,15.09
2006-11-13,18.00,18.00,16.71,16.98,378800,15.08
2006-11-10,18.00,18.17,17.91,18.01,170200,15.99
2006-11-09,16.70,18.10,16.70,18.10,613100,16.07
2006-11-08,18.44,18.77,18.43,18.70,164700,16.60
2006-11-07,18.46,18.60,18.42,18.44,121400,16.37
2006-11-06,18.47,18.59,18.37,18.44,202200,16.37
2006-11-03,18.11,18.48,18.11,18.37,186000,16.31
2006-11-02,18.29,18.33,17.98,18.14,205900,16.11
2006-11-01,18.63,18.63,18.00,18.29,135400,16.24
2006-10-31,18.45,18.79,18.45,18.63,235800,16.54
2006-10-30,18.73,18.73,18.41,18.54,82100,16.46
2006-10-27,18.75,18.81,18.52,18.75,222800,16.65
2006-10-26,18.32,18.75,18.21,18.75,218400,16.65
2006-10-25,18.19,19.00,18.19,18.75,332500,16.65
2006-10-24,17.90,18.24,17.69,18.18,109800,16.14
2006-10-23,18.14,18.34,18.05,18.11,154200,16.08
2006-10-20,18.44,18.48,18.14,18.32,101000,16.27
2006-10-19,18.19,18.45,18.05,18.35,125800,16.29
2006-10-18,18.50,18.50,17.96,18.05,130800,16.03
2006-10-17,18.50,18.60,18.35,18.43,301400,16.36
2006-10-16,18.15,18.47,18.15,18.44,200300,16.37
2006-10-13,17.70,18.22,17.65,18.18,225800,16.14
2006-10-12,18.00,18.06,17.35,17.66,245400,15.68
2006-10-11,17.40,17.66,17.34,17.57,89800,15.60
2006-10-10,17.45,17.80,17.05,17.42,160300,15.47
2006-10-09,17.31,17.55,17.15,17.45,173200,15.49
2006-10-06,17.72,17.72,17.04,17.18,177900,15.25
2006-10-05,17.25,17.74,17.23,17.47,172400,15.51
2006-10-04,16.71,17.16,16.63,17.11,184400,15.19
2006-10-03,17.45,17.60,16.65,16.81,508800,14.93
2006-10-02,18.50,18.56,17.73,17.95,212200,15.94
2006-09-29,18.31,18.50,18.27,18.50,280300,16.43
2006-09-28,18.19,18.44,18.09,18.31,318000,16.26
2006-09-27,17.94,18.50,17.18,18.14,565600,16.11
2006-09-26,16.89,17.36,16.89,17.28,163100,15.34
2006-09-25,16.29,16.88,16.00,16.79,201800,14.91
2006-09-22,16.73,16.82,16.30,16.44,236900,14.60
2006-09-21,17.22,17.35,16.60,16.61,364200,14.75
2006-09-20,16.82,18.10,16.43,17.22,435100,15.29
2006-09-19,17.96,18.40,16.57,16.92,571900,15.02
2006-09-18,17.68,18.57,17.50,17.95,340300,15.94
2006-09-15,17.20,17.85,16.82,17.76,356500,15.77
2006-09-14,17.80,17.83,16.91,17.00,281500,15.09
2006-09-13,16.86,17.57,16.80,17.54,472800,15.57
2006-09-12,16.03,16.78,16.01,16.69,547400,14.82
2006-09-11,17.25,17.48,16.30,16.43,922700,14.59
2006-09-08,18.66,18.98,17.67,18.06,428600,16.04
2006-09-07,18.41,18.94,18.28,18.80,451900,16.69
2006-09-06,19.56,19.65,18.50,19.14,776800,16.99
2006-09-05,21.10,21.10,20.10,20.22,424100,17.95
2006-09-01,20.92,21.76,20.92,21.10,294000,18.73
2006-08-31,20.24,21.33,19.82,20.91,423000,18.57
2006-08-30,20.10,20.44,19.51,20.05,493800,17.80
2006-08-29,20.46,20.49,19.04,19.93,839500,17.70
2006-08-28,21.80,21.82,20.00,20.46,807400,18.17
2006-08-25,21.47,22.18,21.39,21.62,418200,19.20
2006-08-24,21.90,22.20,21.01,21.31,559900,18.92
2006-08-23,22.40,22.85,20.85,21.78,1160500,19.34
2006-08-22,20.98,21.66,20.70,21.64,888000,19.21
2006-08-21,21.00,21.00,20.25,20.50,710600,18.20
2006-08-18,19.40,19.90,19.16,19.90,348600,17.67
2006-08-17,19.31,19.80,18.80,19.32,417200,17.15
2006-08-16,19.12,19.39,18.55,19.29,429200,17.13
2006-08-15,19.49,19.50,18.35,18.88,426600,16.76
2006-08-14,18.85,19.75,18.72,19.30,622300,17.14
2006-08-11,17.50,18.92,17.48,18.60,679000,16.51
2006-08-10,17.12,17.48,17.10,17.48,449000,15.52
2006-08-09,17.00,17.39,16.33,17.32,928800,15.38
2006-08-08,16.00,16.03,15.71,15.79,138500,14.02
2006-08-07,16.00,16.20,15.75,15.95,159500,14.16
2006-08-04,16.49,16.50,15.90,16.00,97300,14.21
2006-08-03,16.46,16.52,16.21,16.29,115700,14.46
2006-08-02,16.55,16.55,16.25,16.46,177500,14.61
2006-08-01,16.55,16.55,16.14,16.36,145400,14.53
2006-07-31,16.06,16.30,15.92,16.30,173400,14.47
2006-07-28,16.12,16.14,15.91,16.03,89000,14.23
2006-07-27,16.00,16.25,15.81,15.95,75100,14.16
2006-07-26,15.56,15.99,15.10,15.88,129000,14.10
2006-07-25,15.42,15.89,15.20,15.76,100400,13.99
2006-07-24,15.40,15.45,15.29,15.45,207300,13.72
2006-07-21,15.45,15.45,15.05,15.15,63200,13.45
2006-07-20,15.70,15.74,15.21,15.44,75100,13.71
2006-07-19,15.10,15.60,15.05,15.53,119500,13.79
2006-07-18,15.55,15.57,15.07,15.28,93100,13.57
2006-07-17,15.42,15.67,15.06,15.47,79200,13.74
2006-07-14,15.05,15.75,14.93,15.29,216500,13.58
2006-07-13,15.40,15.41,15.02,15.22,168400,13.51
2006-07-12,15.52,15.54,15.30,15.45,106200,13.72
2006-07-11,15.37,15.55,15.31,15.54,92800,13.80
2006-07-10,15.19,15.62,15.19,15.62,190000,13.87
2006-07-07,15.00,15.46,15.00,15.17,102700,13.47
2006-07-06,15.10,15.20,14.96,15.12,77800,13.43
2006-07-05,15.29,15.32,14.83,15.20,107400,13.50
2006-07-03,15.20,15.39,15.01,15.21,82700,13.50
2006-06-30,16.00,16.00,15.20,15.20,577800,13.50
2006-06-29,14.90,15.72,14.78,15.58,346400,13.83
2006-06-28,14.65,15.08,14.50,14.95,257300,13.27
2006-06-27,14.70,14.72,14.23,14.39,89700,12.78
2006-06-26,14.30,14.44,14.10,14.44,129600,12.82
2006-06-23,14.50,14.51,14.26,14.30,124800,12.70
2006-06-22,14.91,14.91,14.25,14.48,93300,12.86
2006-06-21,14.08,14.80,14.08,14.59,230400,12.95
2006-06-20,13.75,14.07,13.00,14.00,113900,12.43
2006-06-19,13.95,13.95,13.40,13.65,163000,12.12
2006-06-16,13.18,13.93,13.01,13.75,117100,12.21
2006-06-15,12.75,13.45,12.70,13.18,436600,11.70
2006-06-14,12.50,12.60,12.30,12.49,283700,11.09
2006-06-13,13.15,13.33,12.08,12.28,549300,10.90
2006-06-12,14.25,14.30,12.97,13.20,252100,11.72
2006-06-09,14.40,14.70,14.22,14.35,182700,12.74
2006-06-08,14.60,14.67,13.87,14.16,351600,12.57
2006-06-07,14.38,14.84,13.83,14.49,301100,12.87
2006-06-06,14.81,14.89,14.12,14.35,302700,12.74
2006-06-05,15.10,15.40,15.01,15.04,275100,13.35
2006-06-02,14.75,15.12,14.60,15.00,190200,13.32
2006-06-01,14.90,15.10,14.25,14.66,307500,13.02
2006-05-31,15.00,15.14,14.77,14.80,223000,13.14
2006-05-30,15.20,15.46,14.79,15.00,406500,13.32
2006-05-26,15.33,15.33,15.11,15.15,244300,13.45
2006-05-25,15.83,15.87,14.89,15.33,312300,13.61
2006-05-24,16.29,16.40,15.35,15.75,206400,13.98
2006-05-23,15.24,16.30,15.24,16.00,254000,14.21
2006-05-22,15.15,15.20,14.93,15.14,441900,13.44
2006-05-19,15.70,15.72,14.55,15.15,361500,13.45
2006-05-18,15.77,16.00,15.60,15.60,105400,13.85
2006-05-17,16.40,16.40,15.60,15.67,285400,13.91
2006-05-16,16.40,16.75,16.03,16.06,407200,14.26
2006-05-15,17.70,17.70,16.30,16.39,560000,14.55
2006-05-12,17.85,17.99,17.70,17.71,567500,15.72
2006-05-11,17.39,17.71,17.35,17.68,848500,15.70
2006-05-10,17.15,17.35,17.03,17.29,593800,15.35
2006-05-09,17.19,17.26,16.85,16.95,412300,15.05
2006-05-08,16.50,16.97,16.48,16.83,569400,14.94
2006-05-05,16.28,16.55,16.26,16.42,752700,14.58
2006-05-04,16.11,17.15,16.10,16.25,7249500,14.43
