Date,Open,High,Low,Close,Volume,Adj Close
2012-05-04,8.74,8.78,8.47,8.51,5702100,8.51
2012-05-03,8.93,8.95,8.72,8.79,3320900,8.79
2012-05-02,8.89,8.92,8.77,8.88,3581700,8.88
2012-05-01,8.92,9.07,8.87,8.96,1718100,8.96
2012-04-30,9.07,9.08,8.86,8.92,2733700,8.92
2012-04-27,8.98,9.03,8.87,9.00,3383200,9.00
2012-04-26,8.90,9.01,8.81,8.94,2879700,8.94
2012-04-25,9.06,9.14,8.86,8.98,4298500,8.98
2012-04-24,8.77,8.90,8.76,8.84,2989400,8.84
2012-04-23,8.83,8.87,8.66,8.83,5572200,8.83
2012-04-20,9.07,9.19,8.99,9.06,2931700,9.06
2012-04-19,9.15,9.20,8.91,9.02,2879300,9.02
2012-04-18,9.04,9.24,9.04,9.22,4024900,9.22
2012-04-17,9.07,9.26,9.00,9.16,3831400,9.16
2012-04-16,9.17,9.23,8.88,8.99,5462600,8.99
2012-04-13,9.23,9.25,8.97,9.11,3766500,9.11
2012-04-12,9.00,9.37,8.98,9.34,5377200,9.34
2012-04-11,9.20,9.22,9.03,9.07,3556500,9.07
2012-04-10,9.10,9.19,8.92,9.06,5532400,9.06
2012-04-09,9.10,9.27,9.07,9.21,3850500,9.21
2012-04-05,9.21,9.45,9.13,9.25,3867000,9.25
2012-04-04,9.23,9.29,9.17,9.20,6296700,9.20
2012-04-03,9.69,9.73,9.35,9.46,4313700,9.46
2012-04-02,9.38,9.69,9.36,9.63,3714700,9.63
2012-03-30,9.68,9.70,9.36,9.46,4832000,9.46
2012-03-29,9.33,9.57,9.27,9.56,5186400,9.56
2012-03-28,9.77,9.78,9.45,9.52,6543500,9.52
2012-03-27,10.03,10.10,9.83,9.85,4153300,9.85
2012-03-26,10.18,10.19,10.01,10.10,2915100,10.10
2012-03-23,9.87,10.06,9.80,9.99,4390100,9.99
2012-03-22,10.00,10.06,9.81,9.92,5762500,9.92
2012-03-21,10.46,10.49,10.15,10.21,9243600,10.21
2012-03-20,10.47,10.58,10.31,10.58,3959700,10.58
2012-03-19,10.68,10.87,10.64,10.69,4674000,10.69
2012-03-16,10.73,10.80,10.68,10.73,4300500,10.73
2012-03-15,10.66,10.82,10.58,10.69,5312700,10.69
2012-03-14,10.34,10.65,10.32,10.54,6810500,10.54
2012-03-13,9.92,10.39,9.88,10.39,5788800,10.39
2012-03-12,9.85,10.03,9.83,9.90,3863900,9.90
2012-03-09,9.97,10.15,9.94,10.03,5297200,10.03
2012-03-08,10.01,10.12,9.88,10.07,4439400,10.07
2012-03-07,9.88,9.89,9.66,9.81,6796300,9.81
2012-03-06,10.07,10.09,9.81,9.92,7795300,9.92
2012-03-05,10.64,10.66,10.32,10.34,7247200,10.34
2012-03-02,10.47,10.59,10.40,10.55,5001500,10.55
2012-03-01,10.23,10.51,10.21,10.46,6042800,10.46
2012-02-29,10.45,10.58,10.22,10.22,5709200,10.22
2012-02-28,10.25,10.40,10.18,10.37,4157000,10.37
2012-02-27,10.18,10.29,10.13,10.24,2664800,10.24
2012-02-24,10.32,10.40,10.28,10.34,3035000,10.34
2012-02-23,10.39,10.40,10.21,10.32,3484900,10.32
2012-02-22,10.41,10.48,10.30,10.36,5452900,10.36
2012-02-21,10.41,10.48,10.31,10.39,3325600,10.39
2012-02-17,10.36,10.36,10.16,10.25,3971000,10.25
2012-02-16,10.00,10.28,9.97,10.26,6319900,10.26
2012-02-15,10.21,10.29,10.02,10.10,7167900,10.10
2012-02-14,10.56,10.59,10.31,10.43,4962500,10.43
2012-02-13,10.56,10.61,10.46,10.54,6467700,10.54
2012-02-10,10.55,10.55,10.31,10.39,6723700,10.39
2012-02-09,10.65,10.78,10.56,10.72,6740500,10.72
2012-02-08,10.85,10.96,10.66,10.70,6509400,10.70
2012-02-07,10.81,10.90,10.63,10.87,7092500,10.87
2012-02-06,10.78,10.86,10.69,10.83,4560100,10.83
2012-02-03,10.72,10.99,10.64,10.88,6474700,10.88
2012-02-02,10.67,10.71,10.50,10.59,8374400,10.59
2012-02-01,10.54,10.83,10.54,10.74,8723500,10.74
2012-01-31,10.56,10.63,10.20,10.27,9594300,10.27
2012-01-30,10.39,10.43,10.23,10.36,5599100,10.36
2012-01-27,10.43,10.66,10.38,10.54,6682000,10.54
2012-01-26,10.59,10.72,10.41,10.49,6621300,10.49
2012-01-25,10.32,10.56,10.20,10.51,5643400,10.51
2012-01-24,10.22,10.47,10.17,10.44,4918300,10.44
2012-01-23,10.23,10.52,10.15,10.41,8310500,10.41
2012-01-20,10.12,10.26,10.07,10.24,8829300,10.24
2012-01-19,9.75,9.93,9.67,9.86,7032400,9.86
2012-01-18,9.46,9.71,9.42,9.71,3307400,9.71
2012-01-17,9.31,9.47,9.26,9.44,4364300,9.44
2012-01-13,9.04,9.20,8.92,9.18,4026700,9.18
2012-01-12,9.26,9.44,9.16,9.36,4523500,9.36
2012-01-11,9.13,9.24,9.05,9.19,3757800,9.19
2012-01-10,8.97,9.18,8.95,9.08,5263900,9.08
2012-01-09,8.69,8.76,8.55,8.63,3080600,8.63
2012-01-06,8.66,8.74,8.49,8.53,3031800,8.53
2012-01-05,8.71,8.73,8.53,8.63,3375100,8.63
2012-01-04,8.65,8.93,8.56,8.84,4880700,8.84
2012-01-03,8.44,8.77,8.42,8.75,5085400,8.75
2011-12-30,8.04,8.23,8.04,8.18,1597900,8.18
2011-12-29,7.98,8.09,7.95,8.07,2645300,8.07
2011-12-28,8.13,8.16,7.89,7.91,3373400,7.91
2011-12-27,8.09,8.21,8.06,8.14,2271800,8.14
2011-12-23,8.08,8.11,7.93,8.09,2550000,8.09
2011-12-22,7.88,8.13,7.86,8.07,3928300,8.07
2011-12-21,7.91,7.93,7.71,7.88,3618100,7.88
2011-12-20,7.59,7.84,7.57,7.80,4186800,7.80
2011-12-19,7.55,7.56,7.27,7.31,3514400,7.31
2011-12-16,7.60,7.67,7.48,7.57,5647700,7.57
2011-12-15,7.79,7.81,7.58,7.62,4250700,7.62
2011-12-14,7.75,7.83,7.57,7.66,3656400,7.66
2011-12-13,8.03,8.15,7.73,7.86,5360100,7.86
2011-12-12,8.13,8.13,7.88,7.99,3342400,7.99
2011-12-09,8.15,8.41,8.14,8.37,3057300,8.37
2011-12-08,8.36,8.43,8.09,8.12,3796600,8.12
2011-12-07,8.70,8.73,8.54,8.58,3422100,8.58
2011-12-06,8.58,8.84,8.52,8.76,3471700,8.76
2011-12-05,8.51,8.74,8.51,8.72,3171200,8.72
2011-12-02,8.48,8.55,8.24,8.33,3364200,8.33
2011-12-01,8.30,8.50,8.24,8.38,4146600,8.38
2011-11-30,8.37,8.40,8.12,8.30,5663700,8.30
2011-11-29,7.81,7.96,7.72,7.77,4068600,7.77
2011-11-28,8.03,8.15,7.93,8.07,4149600,8.07
2011-11-25,7.56,7.77,7.54,7.55,2264800,7.55
2011-11-23,8.08,8.09,7.76,7.76,4075100,7.76
2011-11-22,8.36,8.43,8.08,8.22,4505100,8.22
2011-11-21,8.36,8.53,8.21,8.48,5092600,8.48
2011-11-18,9.08,9.10,8.75,8.81,4351200,8.81
2011-11-17,9.45,9.52,8.90,8.97,5966300,8.97
2011-11-16,9.22,9.46,9.17,9.21,4200800,9.21
2011-11-15,9.26,9.51,9.21,9.44,3012500,9.44
2011-11-14,9.35,9.43,9.19,9.40,2943100,9.40
2011-11-11,9.30,9.61,9.28,9.49,3052900,9.49
2011-11-10,9.35,9.37,8.98,9.06,3888300,9.06
2011-11-09,9.33,9.37,8.97,8.99,4872900,8.99
2011-11-08,9.62,9.72,9.40,9.70,4578900,9.70
2011-11-07,9.52,9.72,9.50,9.60,3934100,9.60
2011-11-04,9.18,9.48,9.04,9.45,3453600,9.45
2011-11-03,9.41,9.46,9.17,9.31,5318600,9.31
2011-11-02,9.37,9.42,9.11,9.29,3247300,9.29
2011-11-01,8.81,9.25,8.71,8.99,8067200,8.99
2011-10-31,9.67,9.67,9.36,9.36,5815200,9.36
2011-10-28,9.56,9.94,9.50,9.89,8532800,9.89
2011-10-27,9.37,9.85,9.09,9.69,9043400,9.69
2011-10-26,8.76,8.80,8.44,8.72,4307500,8.72
2011-10-25,8.68,8.69,8.39,8.44,4797800,8.44
2011-10-24,8.09,8.74,8.07,8.74,6006700,8.74
2011-10-21,7.92,8.08,7.90,8.07,3396000,8.07
2011-10-20,7.86,7.98,7.63,7.76,5112400,7.76
2011-10-19,8.27,8.28,7.93,7.95,4442600,7.95
2011-10-18,7.93,8.38,7.79,8.34,6142300,8.34
2011-10-17,8.52,8.55,8.05,8.05,5347400,8.05
2011-10-14,8.63,8.70,8.51,8.69,4673300,8.69
2011-10-13,8.64,8.65,8.17,8.53,7499600,8.53
2011-10-12,8.50,8.87,8.49,8.75,4275500,8.75
2011-10-11,8.22,8.52,8.17,8.38,5281700,8.38
2011-10-10,8.07,8.37,8.04,8.34,3973300,8.34
2011-10-07,8.09,8.22,7.76,7.79,5619800,7.79
2011-10-06,7.69,8.03,7.65,8.00,8007600,8.00
2011-10-05,7.47,7.59,7.33,7.53,5152200,7.53
2011-10-04,7.35,7.50,7.07,7.46,7800000,7.46
2011-10-03,7.84,8.04,7.45,7.46,7787800,7.46
2011-09-30,8.05,8.36,7.86,7.94,8124700,7.94
2011-09-29,8.39,8.49,8.06,8.20,4779800,8.20
2011-09-28,8.51,8.65,8.18,8.19,5433800,8.19
2011-09-27,8.70,8.83,8.39,8.47,6990600,8.47
2011-09-26,8.33,8.47,7.87,8.46,6601600,8.46
2011-09-23,8.04,8.29,7.97,8.20,4666700,8.20
2011-09-22,8.24,8.48,7.94,8.02,8058400,8.02
2011-09-21,9.14,9.25,8.81,8.83,5721600,8.83
2011-09-20,9.49,9.52,9.19,9.25,4618800,9.25
2011-09-19,9.25,9.58,9.11,9.49,5100500,9.49
2011-09-16,9.55,9.59,9.37,9.58,7232300,9.58
2011-09-15,9.49,9.58,9.25,9.42,4408400,9.42
2011-09-14,9.20,9.36,8.79,9.24,5936100,9.24
2011-09-13,9.22,9.36,9.05,9.12,4851700,9.12
2011-09-12,8.99,9.20,8.78,9.10,8100700,9.10
2011-09-09,9.45,9.49,9.16,9.20,6257900,9.20
2011-09-08,9.72,9.93,9.60,9.73,5139300,9.73
2011-09-07,9.55,9.89,9.51,9.88,3557800,9.88
2011-09-06,9.04,9.45,8.95,9.41,7565100,9.41
2011-09-02,9.70,9.82,9.50,9.58,4920500,9.58
2011-09-01,10.11,10.34,10.07,10.11,5724300,10.11
2011-08-31,10.13,10.25,9.86,10.05,5475000,10.05
2011-08-30,9.62,9.98,9.53,9.94,4530600,9.94
2011-08-29,9.45,9.83,9.40,9.80,3765200,9.80
2011-08-26,9.04,9.34,8.84,9.34,4579000,9.34
2011-08-25,9.35,9.43,9.07,9.14,7965900,9.14
2011-08-24,9.25,9.50,9.11,9.35,5065300,9.35
2011-08-23,8.82,9.26,8.70,9.26,4540100,9.26
2011-08-22,9.14,9.17,8.75,8.78,4487000,8.78
2011-08-19,8.92,9.31,8.80,8.86,7159500,8.86
2011-08-18,9.03,9.13,8.78,8.92,6894900,8.92
2011-08-17,9.46,9.54,9.19,9.48,4707800,9.48
2011-08-16,9.55,9.62,9.27,9.39,6076200,9.39
2011-08-15,9.73,9.95,9.70,9.83,6843600,9.83
2011-08-12,9.37,9.57,9.07,9.42,8127900,9.42
2011-08-11,8.60,9.34,8.39,9.21,9783000,9.21
2011-08-10,8.56,8.91,8.28,8.33,9919100,8.33
2011-08-09,8.29,8.71,8.01,8.70,9164100,8.70
2011-08-08,8.86,8.89,8.11,8.11,9839400,8.11
2011-08-05,9.33,9.55,8.76,9.22,13142200,9.22
2011-08-04,9.82,9.82,9.18,9.20,12107100,9.20
2011-08-03,10.12,10.17,9.74,10.11,7321800,10.11
2011-08-02,10.41,10.44,10.02,10.03,4927600,10.03
2011-08-01,10.78,10.78,10.29,10.38,5824100,10.38
2011-07-29,10.54,10.71,10.50,10.62,7890200,10.62
2011-07-28,10.70,10.77,10.51,10.55,3443000,10.55
2011-07-27,10.65,10.74,10.38,10.63,6495800,10.63
2011-07-26,11.06,11.06,10.80,10.88,4870600,10.88
2011-07-25,11.12,11.29,11.03,11.06,5226100,11.06
2011-07-22,11.50,11.55,11.16,11.27,3211700,11.27
2011-07-21,11.15,11.44,11.08,11.40,4802000,11.40
2011-07-20,11.26,11.30,11.06,11.15,3578400,11.15
2011-07-19,11.05,11.30,10.93,11.18,5913900,11.18
2011-07-18,10.97,11.11,10.89,10.97,5362200,10.97
2011-07-15,11.49,11.50,11.10,11.19,5351700,11.19
2011-07-14,11.73,11.74,11.37,11.44,4546400,11.44
2011-07-13,11.72,11.97,11.56,11.70,4346600,11.70
2011-07-12,11.65,11.89,11.59,11.62,4641800,11.62
2011-07-11,12.14,12.20,11.75,11.84,6295100,11.84
2011-07-08,12.56,12.59,12.26,12.41,3194800,12.41
2011-07-07,12.58,12.76,12.51,12.62,4136600,12.62
2011-07-06,12.46,12.54,12.31,12.45,3605300,12.45
2011-07-05,12.74,12.82,12.54,12.60,3111100,12.60
2011-07-01,12.43,12.70,12.33,12.62,3563700,12.62
2011-06-30,12.62,12.67,12.35,12.46,4184600,12.46
2011-06-29,12.25,12.75,12.12,12.53,8446200,12.53
2011-06-28,11.95,12.27,11.92,12.19,4710700,12.19
2011-06-27,11.81,11.99,11.73,11.92,3592100,11.92
2011-06-24,11.97,12.02,11.79,11.81,3196700,11.81
2011-06-23,11.87,11.90,11.70,11.88,5089500,11.88
2011-06-22,12.07,12.13,11.95,11.97,4415300,11.97
2011-06-21,12.15,12.18,11.97,12.11,4138000,12.11
2011-06-20,12.16,12.27,12.06,12.11,3597600,12.11
2011-06-17,12.20,12.32,12.07,12.15,4141900,12.15
2011-06-16,12.32,12.38,11.99,12.18,5272300,12.18
2011-06-15,12.42,12.62,12.30,12.41,4584100,12.41
2011-06-14,12.58,12.78,12.54,12.59,5973400,12.59
2011-06-13,12.65,12.80,12.57,12.65,3536000,12.65
2011-06-10,12.80,12.84,12.57,12.73,5257800,12.73
2011-06-09,13.14,13.20,12.62,12.74,11873700,12.74
2011-06-08,13.36,13.43,13.06,13.19,4758200,13.19
2011-06-07,13.43,13.64,13.35,13.37,4535600,13.37
2011-06-06,13.81,13.81,13.35,13.47,4754900,13.47
2011-06-03,13.86,14.16,13.83,13.93,4297800,13.93
2011-06-02,13.85,14.04,13.72,13.91,3111800,13.91
2011-06-01,14.16,14.23,13.83,13.89,3590800,13.89
2011-05-31,14.13,14.24,13.92,14.24,5321600,14.24
2011-05-27,14.01,14.13,13.93,14.03,3175500,14.03
2011-05-26,13.80,13.96,13.69,13.89,4330600,13.89
2011-05-25,13.74,13.89,13.70,13.74,4625200,13.74
2011-05-24,13.86,13.96,13.65,13.80,3765000,13.80
2011-05-23,13.51,13.78,13.47,13.72,3307800,13.72
2011-05-20,13.97,14.01,13.71,13.83,4063900,13.83
2011-05-19,14.29,14.29,13.84,14.06,3232900,14.06
2011-05-18,14.25,14.43,14.10,14.20,3877600,14.20
2011-05-17,13.80,14.26,13.66,14.13,5254100,14.13
2011-05-16,13.79,14.21,13.76,13.80,6080700,13.80
2011-05-13,14.09,14.28,13.70,13.94,5643600,13.94
2011-05-12,13.95,14.40,13.82,14.18,5000000,14.18
2011-05-11,14.24,14.35,14.02,14.15,5406800,14.15
2011-05-10,14.49,14.57,14.39,14.54,3237800,14.54
2011-05-09,14.51,14.63,14.18,14.36,3360200,14.36
2011-05-06,14.58,14.73,14.33,14.45,6468900,14.45
2011-05-05,14.47,14.77,14.18,14.29,6983600,14.29
2011-05-04,15.66,15.66,15.24,15.29,8538400,14.48
2011-05-03,15.46,15.63,15.24,15.47,7523400,14.65
2011-05-02,16.10,16.12,15.57,15.65,4548400,14.82
2011-04-29,15.84,16.13,15.81,15.93,3341700,15.09
2011-04-28,15.62,15.81,15.45,15.75,4986500,14.92
2011-04-27,16.03,16.09,15.47,16.02,5233800,15.17
2011-04-26,15.92,16.05,15.77,16.05,2602300,15.20
2011-04-25,15.87,15.98,15.72,15.94,2684300,15.10
2011-04-21,16.03,16.09,15.75,15.94,1362900,15.10
2011-04-20,15.98,16.03,15.75,15.87,2979000,15.03
2011-04-19,15.48,15.77,15.48,15.61,3709300,14.78
2011-04-18,15.38,15.43,15.13,15.37,3935600,14.56
2011-04-15,15.70,15.71,15.36,15.66,3439600,14.83
2011-04-14,15.79,15.88,15.38,15.60,3873500,14.77
2011-04-13,16.24,16.29,15.60,15.72,6254500,14.89
2011-04-12,16.45,16.46,16.07,16.27,3114300,15.41
2011-04-11,16.76,16.83,16.39,16.56,3432700,15.68
2011-04-08,17.14,17.14,16.75,16.83,3242800,15.94
2011-04-07,17.03,17.17,16.79,16.89,3965300,16.00
2011-04-06,17.33,17.33,16.93,16.98,2734400,16.08
2011-04-05,17.22,17.39,17.15,17.18,2614600,16.27
2011-04-04,16.96,17.29,16.88,17.22,3803200,16.31
2011-04-01,16.84,16.95,16.65,16.83,2395800,15.94
2011-03-31,16.67,16.81,16.60,16.66,3542700,15.78
2011-03-30,16.85,16.87,16.52,16.65,3016600,15.77
2011-03-29,16.49,16.79,16.36,16.61,3773500,15.73
2011-03-28,16.27,16.50,16.22,16.36,2870000,15.49
2011-03-25,16.26,16.42,16.16,16.27,2641600,15.41
2011-03-24,16.28,16.37,16.07,16.26,3193700,15.40
2011-03-23,15.90,16.24,15.80,16.15,3142500,15.29
2011-03-22,15.85,15.94,15.64,15.86,4530900,15.02
2011-03-21,16.07,16.11,15.71,15.76,3806200,14.93
2011-03-18,15.65,15.89,15.51,15.73,3391600,14.90
2011-03-17,15.68,15.84,15.35,15.41,4486200,14.59
2011-03-16,16.37,16.42,15.35,15.57,8928200,14.75
2011-03-15,15.60,16.20,15.59,16.15,4023500,15.29
2011-03-14,16.06,16.22,15.79,16.20,4042600,15.34
2011-03-11,15.59,15.94,15.56,15.73,3764100,14.90
2011-03-10,15.96,16.01,15.65,15.75,3713900,14.92
2011-03-09,16.14,16.39,15.87,16.17,3610600,15.31
2011-03-08,16.09,16.24,15.66,16.06,2932500,15.21
2011-03-07,16.68,16.81,16.03,16.07,4228900,15.22
2011-03-04,16.71,16.78,16.39,16.73,3679200,15.84
2011-03-03,16.31,16.67,16.28,16.62,5056100,15.74
2011-03-02,15.95,16.32,15.95,16.10,3455600,15.25
2011-03-01,16.30,16.33,15.97,16.03,3091700,15.18
2011-02-28,16.29,16.52,16.16,16.27,3134600,15.41
2011-02-25,16.53,16.55,16.17,16.25,3488800,15.39
2011-02-24,16.28,16.34,16.07,16.33,4236300,15.46
2011-02-23,16.31,16.47,16.03,16.29,5030800,15.43
2011-02-22,16.35,16.95,16.25,16.38,6965600,15.51
2011-02-18,16.80,16.93,16.65,16.91,4495300,16.01
2011-02-17,16.83,16.88,16.66,16.68,7491700,15.80
2011-02-16,16.70,17.12,16.67,16.96,5111100,16.06
2011-02-15,16.41,16.80,16.35,16.78,4433900,15.89
2011-02-14,16.55,16.84,16.51,16.59,3258600,15.71
2011-02-11,16.40,16.71,16.25,16.52,4454900,15.64
2011-02-10,16.56,16.64,16.30,16.53,4632500,15.65
2011-02-09,17.03,17.12,16.41,16.59,5885000,15.71
2011-02-08,17.34,17.43,17.21,17.26,4087800,16.35
2011-02-07,16.89,17.15,16.84,16.98,2634500,16.08
2011-02-04,17.10,17.28,16.69,17.04,3545400,16.14
2011-02-03,17.22,17.39,16.83,17.29,2876800,16.37
2011-02-02,17.22,17.42,16.93,17.00,3403600,16.10
2011-02-01,17.30,17.63,17.24,17.25,4353800,16.34
2011-01-31,16.90,17.08,16.69,17.06,4662500,16.16
2011-01-28,17.06,17.07,16.30,16.62,4957300,15.74
2011-01-27,17.47,17.62,17.06,17.09,4809200,16.18
2011-01-26,17.61,17.81,17.42,17.56,4517200,16.63
2011-01-25,17.50,17.50,17.21,17.47,3459100,16.54
2011-01-24,17.23,17.67,17.23,17.57,2721300,16.64
2011-01-21,17.66,17.71,17.34,17.47,5561300,16.54
2011-01-20,17.26,17.58,16.90,17.53,6830800,16.60
2011-01-19,17.78,17.80,17.34,17.50,6968900,16.57
2011-01-18,17.93,18.13,17.76,17.78,4305700,16.84
2011-01-14,17.74,18.05,17.70,18.01,2196000,17.06
2011-01-13,18.22,18.33,17.92,18.00,6021000,17.05
2011-01-12,18.01,18.41,17.98,18.33,5587500,17.36
2011-01-11,17.63,17.88,17.63,17.83,4953400,16.89
2011-01-10,17.44,17.55,17.32,17.45,4457200,16.53
2011-01-07,17.56,17.65,17.26,17.50,5142300,16.57
2011-01-06,17.38,17.66,17.21,17.44,6308600,16.52
2011-01-05,17.24,17.62,17.11,17.48,6046100,16.55
2011-01-04,17.12,17.24,16.89,17.24,6108600,16.33
2011-01-03,16.75,16.99,16.74,16.87,3212900,15.98
2010-12-31,16.42,16.75,16.32,16.67,1777500,15.79
2010-12-30,16.29,16.50,16.26,16.42,2774900,15.55
2010-12-29,16.07,16.23,16.01,16.12,2324300,15.27
2010-12-28,16.05,16.13,15.80,15.97,2932200,15.12
2010-12-27,16.25,16.29,16.09,16.26,2496200,15.40
2010-12-23,16.00,16.32,15.97,16.30,2172700,15.44
2010-12-22,16.08,16.19,16.01,16.18,2552500,15.32
2010-12-21,16.26,16.51,16.20,16.22,3414000,15.36
2010-12-20,16.10,16.21,15.94,15.95,3247000,15.11
2010-12-17,16.30,16.40,16.13,16.22,2472800,15.36
2010-12-16,16.36,16.39,16.16,16.38,3466000,15.51
2010-12-15,16.79,16.83,16.27,16.38,7172800,15.51
2010-12-14,16.99,17.13,16.82,16.96,3525200,16.06
2010-12-13,16.57,17.16,16.50,16.96,7540400,16.06
2010-12-10,16.22,16.47,16.12,16.45,3706800,15.58
2010-12-09,16.43,16.48,16.12,16.33,4257500,15.46
2010-12-08,16.44,16.56,16.12,16.37,3041800,15.50
2010-12-07,17.02,17.08,16.52,16.59,5613800,15.71
2010-12-06,16.50,16.70,16.43,16.54,4131100,15.66
2010-12-03,16.09,16.39,16.07,16.37,4193900,15.50
2010-12-02,15.82,16.29,15.82,16.25,5808400,15.39
2010-12-01,15.98,16.10,15.84,15.95,3601700,15.11
2010-11-30,15.62,15.85,15.54,15.65,6889000,14.82
2010-11-29,15.84,16.00,15.67,15.95,4585000,15.11
2010-11-26,16.02,16.23,15.98,16.08,2321000,15.23
2010-11-24,16.23,16.47,16.23,16.39,4578100,15.52
2010-11-23,16.28,16.34,15.97,16.15,4729700,15.29
2010-11-22,16.65,16.79,16.41,16.68,4185600,15.80
2010-11-19,16.85,17.02,16.69,16.93,3178500,16.03
2010-11-18,16.90,17.06,16.83,16.95,3462400,16.05
2010-11-17,16.56,16.77,16.48,16.62,6089700,15.74
2010-11-16,16.66,16.77,16.34,16.56,5767200,15.68
2010-11-15,17.09,17.34,16.92,17.00,2474200,16.10
2010-11-12,17.10,17.32,16.90,17.14,4362500,16.23
2010-11-11,17.39,17.49,17.19,17.34,3457100,16.42
2010-11-10,17.51,17.69,17.16,17.61,4809300,16.68
2010-11-09,17.91,17.93,17.39,17.51,4722500,16.58
2010-11-08,17.82,18.03,17.67,17.80,5580200,16.86
2010-11-05,18.14,18.23,17.82,17.98,4453000,17.03
2010-11-04,17.85,18.24,17.82,18.21,5447200,17.25
2010-11-03,17.24,17.51,17.07,17.50,6458800,16.57
2010-11-02,17.16,17.46,17.07,17.35,4875800,16.43
2010-11-01,16.86,17.08,16.81,16.92,4675200,16.02
2010-10-29,16.97,16.97,16.62,16.88,3902700,15.99
2010-10-28,16.79,16.97,16.59,16.89,5506000,16.00
2010-10-27,16.79,16.79,16.28,16.40,6894400,15.53
2010-10-26,16.65,16.70,16.51,16.68,5360400,15.80
2010-10-25,17.06,17.21,16.90,17.03,4019200,16.13
2010-10-22,17.09,17.32,16.77,16.90,5391000,16.00
2010-10-21,16.93,17.02,16.33,16.70,5118400,15.82
2010-10-20,16.79,17.02,16.66,16.81,5572800,15.92
2010-10-19,17.11,17.30,16.90,17.03,4044300,16.13
2010-10-18,17.49,17.75,17.41,17.67,2492400,16.73
2010-10-15,17.67,17.67,17.32,17.59,3424400,16.66
2010-10-14,17.62,17.69,17.40,17.60,3166800,16.67
2010-10-13,17.61,17.98,17.61,17.72,3833100,16.78
2010-10-12,17.47,17.53,17.16,17.47,3019000,16.54
2010-10-11,17.72,17.87,17.56,17.63,2494200,16.70
2010-10-08,17.17,17.62,17.17,17.53,4033800,16.60
2010-10-07,17.44,17.46,16.92,17.09,3632400,16.18
2010-10-06,17.36,17.64,17.20,17.36,4321100,16.44
2010-10-05,17.47,17.71,17.43,17.51,5024000,16.58
2010-10-04,17.72,17.84,17.44,17.62,3864900,16.69
2010-10-01,17.76,17.84,17.43,17.76,4390000,16.82
2010-09-30,17.68,17.72,17.27,17.67,4917900,16.73
2010-09-29,17.61,17.72,17.35,17.37,4408800,16.45
2010-09-28,17.20,17.67,16.97,17.61,6106500,16.68
2010-09-27,16.62,17.19,16.56,17.07,5749100,16.17
2010-09-24,16.75,17.02,16.55,16.62,3382300,15.74
2010-09-23,16.50,16.86,16.38,16.66,3410200,15.78
2010-09-22,16.68,16.87,16.52,16.67,2736900,15.79
2010-09-21,16.39,16.72,16.28,16.57,4008700,15.69
2010-09-20,16.53,16.63,16.39,16.52,2804500,15.64
2010-09-17,16.77,16.77,16.34,16.40,4115700,15.53
2010-09-16,16.63,16.75,16.53,16.73,2870100,15.84
2010-09-15,16.72,16.85,16.43,16.58,4266200,15.70
2010-09-14,16.73,17.02,16.60,16.85,4495100,15.96
2010-09-13,16.72,16.88,16.67,16.77,3493000,15.88
2010-09-10,16.54,16.62,16.22,16.33,2704400,15.46
2010-09-09,16.75,16.77,16.41,16.52,2318800,15.64
2010-09-08,16.27,16.65,16.22,16.44,3937200,15.57
2010-09-07,15.93,16.44,15.93,16.23,3449700,15.37
2010-09-03,16.71,16.77,16.22,16.34,4085300,15.47
2010-09-02,16.25,16.43,16.10,16.42,3506300,15.55
2010-09-01,15.80,16.32,15.77,16.18,5978100,15.32
2010-08-31,15.45,15.68,15.34,15.45,5395500,14.63
2010-08-30,15.53,15.66,15.37,15.39,2836100,14.57
2010-08-27,15.54,15.83,15.39,15.71,4278800,14.88
2010-08-26,15.64,15.75,15.34,15.38,3641200,14.57
2010-08-25,15.92,15.92,15.46,15.63,4983300,14.80
2010-08-24,15.82,16.01,15.55,15.87,4248900,15.03
2010-08-23,16.55,16.62,15.95,16.00,3978400,15.15
2010-08-20,16.32,16.35,16.03,16.35,3322100,15.48
2010-08-19,16.64,16.79,16.36,16.47,2997200,15.60
2010-08-18,16.70,16.80,16.52,16.60,3974700,15.72
2010-08-17,16.97,17.04,16.75,16.78,2677000,15.89
2010-08-16,16.42,16.81,16.42,16.70,2524500,15.82
2010-08-13,16.73,16.79,16.46,16.52,3154900,15.64
2010-08-12,16.42,16.78,16.30,16.63,2863800,15.75
2010-08-11,16.90,16.96,16.48,16.55,4070900,15.67
2010-08-10,17.08,17.35,16.85,17.26,3806400,16.35
2010-08-09,17.50,17.63,17.29,17.34,1962600,16.42
2010-08-06,17.39,17.57,17.24,17.39,3146200,16.47
2010-08-05,17.49,17.59,17.21,17.56,3456000,16.63
2010-08-04,17.49,17.69,17.32,17.64,4130100,16.71
2010-08-03,17.12,17.50,17.09,17.43,6929200,16.51
2010-08-02,17.12,17.44,17.12,17.28,5513100,16.36
2010-07-30,16.68,17.03,16.45,16.79,6346500,15.90
2010-07-29,17.03,17.17,16.77,17.06,6619600,16.16
2010-07-28,16.59,17.10,16.53,16.77,5374400,15.88
2010-07-27,17.12,17.19,16.59,16.64,5414900,15.76
2010-07-26,16.96,17.17,16.81,17.08,4204700,16.18
2010-07-23,16.44,16.98,16.36,16.96,4995500,16.06
2010-07-22,16.20,16.74,16.14,16.61,6702200,15.73
2010-07-21,15.90,16.10,15.71,15.88,7209900,15.04
2010-07-20,14.70,15.72,14.70,15.66,5961300,14.83
2010-07-19,14.76,14.95,14.63,14.90,3706500,14.11
2010-07-16,14.77,14.81,14.54,14.59,4315600,13.82
2010-07-15,15.33,15.36,14.77,15.00,6475400,14.21
2010-07-14,15.46,15.67,15.21,15.34,5731600,14.53
2010-07-13,15.86,15.99,15.63,15.70,4295900,14.87
2010-07-12,15.95,16.07,15.44,15.63,4019100,14.80
2010-07-09,16.00,16.33,15.93,16.26,3253500,15.40
2010-07-08,15.93,15.98,15.54,15.96,4501700,15.11
2010-07-07,15.31,15.88,15.28,15.82,4870500,14.98
2010-07-06,15.55,15.80,15.12,15.33,5395000,14.52
2010-07-02,15.16,15.28,14.87,15.12,4570600,14.32
2010-07-01,14.55,15.05,14.34,14.99,7896000,14.20
2010-06-30,14.86,15.08,14.63,14.69,6188600,13.91
2010-06-29,15.05,15.07,14.41,14.55,6593000,13.78
2010-06-28,15.88,15.95,15.60,15.60,4929100,14.77
2010-06-25,15.58,15.78,15.34,15.74,3018500,14.91
2010-06-24,15.71,15.84,15.20,15.53,5943700,14.71
2010-06-23,15.38,15.60,15.07,15.50,2968100,14.68
2010-06-22,15.57,15.85,15.31,15.35,3392700,14.54
2010-06-21,15.73,15.87,15.42,15.48,3717900,14.66
2010-06-18,15.31,15.37,15.07,15.15,2660300,14.35
2010-06-17,15.61,15.68,15.05,15.20,5095700,14.39
2010-06-16,15.31,15.65,15.23,15.49,3544300,14.67
2010-06-15,15.15,15.54,15.15,15.50,3747000,14.68
2010-06-14,15.52,15.62,15.09,15.13,4320400,14.33
2010-06-11,14.75,15.30,14.75,15.23,5007500,14.42
2010-06-10,14.46,15.01,14.42,15.01,5525700,14.21
2010-06-09,14.26,14.47,13.93,14.01,3878200,13.27
2010-06-08,13.79,14.01,13.63,13.94,5568200,13.20
2010-06-07,14.04,14.28,13.57,13.63,6322900,12.91
2010-06-04,14.65,14.87,14.10,14.18,7463800,13.43
2010-06-03,15.43,15.57,14.63,15.12,3584300,14.32
2010-06-02,14.87,15.30,14.76,15.28,5409700,14.47
2010-06-01,14.87,15.24,14.63,14.65,6360400,13.87
2010-05-28,15.32,15.40,14.94,15.08,6532700,14.28
2010-05-27,14.87,15.34,14.72,15.34,6745400,14.53
2010-05-26,14.41,14.72,14.12,14.31,9290000,13.55
2010-05-25,13.38,14.09,13.33,13.97,10023200,13.23
2010-05-24,14.58,14.63,14.08,14.09,7523700,13.34
2010-05-21,13.16,14.41,13.16,14.41,14997200,13.65
2010-05-20,13.60,13.81,13.18,13.38,15878200,12.67
2010-05-19,13.98,14.30,13.74,14.18,14440300,13.43
2010-05-18,15.41,15.48,14.34,14.41,8743800,13.65
2010-05-17,15.46,15.55,14.67,15.01,9956400,14.21
2010-05-14,16.15,16.15,15.39,15.63,7254000,14.80
2010-05-13,16.48,16.63,16.23,16.27,4727400,15.41
2010-05-12,16.86,16.88,16.52,16.58,5154700,15.70
2010-05-11,16.40,16.96,16.40,16.51,6845400,15.64
2010-05-10,16.95,17.18,16.53,16.86,8731300,15.97
2010-05-07,15.44,15.95,14.83,15.42,13685000,14.60
2010-05-06,16.23,16.66,14.21,15.56,11965900,14.74
2010-05-05,16.16,16.86,15.67,16.30,13217200,15.44
2010-05-04,17.26,17.30,16.42,16.50,14263400,15.63
2010-05-03,18.09,18.13,17.57,17.70,6498900,16.76
2010-04-30,19.00,19.07,18.56,18.65,4405300,17.11
2010-04-29,18.74,19.06,18.64,19.06,5851100,17.49
2010-04-28,18.68,18.72,18.11,18.46,5099200,16.94
2010-04-27,19.08,19.09,18.40,18.42,6332200,16.90
2010-04-26,19.54,19.63,19.32,19.38,2885700,17.78
2010-04-23,19.15,19.32,18.86,19.30,3924900,17.71
2010-04-22,18.82,19.22,18.46,19.22,7026100,17.63
2010-04-21,19.36,19.39,18.54,18.86,3674200,17.30
2010-04-20,19.39,19.48,19.00,19.15,3808000,17.57
2010-04-19,19.22,19.45,18.96,19.25,5132800,17.66
2010-04-16,20.00,20.16,19.23,19.46,5459300,17.85
2010-04-15,20.25,20.44,19.98,20.04,3322300,18.39
2010-04-14,20.75,20.77,20.33,20.50,2948300,18.81
2010-04-13,20.20,20.50,20.01,20.39,2847600,18.71
2010-04-12,20.37,20.48,20.07,20.15,3340900,18.49
2010-04-09,20.43,20.43,20.02,20.19,5778900,18.52
2010-04-08,19.46,20.16,19.42,20.11,6732600,18.45
2010-04-07,20.43,20.55,19.61,19.79,6708600,18.16
2010-04-06,41.00,41.79,40.90,40.96,12240400,18.79
2010-04-05,41.92,42.05,41.27,41.52,3502000,19.05
2010-04-01,40.97,41.50,40.86,41.34,5462200,18.96
2010-03-31,39.83,40.07,39.55,39.93,6020000,18.32
2010-03-30,40.57,40.77,39.32,39.66,6907600,18.19
2010-03-29,38.75,40.00,38.75,40.00,6401000,18.35
2010-03-26,37.97,38.69,37.54,38.18,5318400,17.51
2010-03-25,39.11,39.27,37.69,37.74,6491800,17.31
2010-03-24,38.28,39.05,38.08,38.62,7146800,17.72
2010-03-23,37.77,38.95,37.50,38.95,7280000,17.87
2010-03-22,36.12,37.05,36.09,36.81,5051400,16.89
2010-03-19,37.60,37.76,36.55,36.90,5516400,16.93
2010-03-18,37.52,37.91,36.72,37.41,5860600,17.16
2010-03-17,39.13,39.27,37.87,38.04,6037200,17.45
2010-03-16,38.49,39.11,38.27,39.02,5518800,17.90
2010-03-15,38.32,38.50,37.90,38.34,3997200,17.59
2010-03-12,38.89,38.89,38.31,38.50,5444600,17.66
2010-03-11,38.50,38.75,37.65,38.53,6592200,17.68
2010-03-10,37.81,38.49,37.30,38.19,12091400,17.52
2010-03-09,36.37,38.13,36.19,37.40,13287600,17.16
2010-03-08,35.72,36.14,35.32,35.97,6916800,16.50
2010-03-05,34.35,35.42,34.33,35.29,7157200,16.19
2010-03-04,34.42,34.52,33.38,34.02,5254800,15.61
2010-03-03,34.13,34.85,33.90,34.21,7682000,15.69
2010-03-02,33.88,34.44,33.71,34.01,6176800,15.60
2010-03-01,33.09,33.65,32.72,33.49,5263600,15.36
2010-02-26,32.70,33.08,32.11,32.69,7726800,15.00
2010-02-25,30.65,31.99,30.44,31.90,6915800,14.63
2010-02-24,31.71,31.96,31.05,31.38,5048000,14.40
2010-02-23,31.93,32.32,31.16,31.39,6314000,14.40
2010-02-22,33.03,33.06,32.12,32.21,5043200,14.78
2010-02-19,32.67,33.06,32.41,32.76,4983200,15.03
2010-02-18,31.94,33.02,31.85,32.96,4344400,15.12
2010-02-17,32.54,32.54,30.52,32.26,5079400,14.80
2010-02-16,31.59,32.60,31.59,32.31,3483200,14.82
2010-02-12,30.71,31.34,30.33,31.34,5612400,14.38
2010-02-11,30.87,31.69,30.41,31.56,7218400,14.48
2010-02-10,30.83,31.15,30.17,30.53,7286200,14.01
2010-02-09,30.13,30.74,30.00,30.44,8292000,13.96
2010-02-08,29.34,29.75,28.85,28.91,5941000,13.26
2010-02-05,29.12,29.58,28.01,29.49,12255800,13.53
2010-02-04,30.30,30.41,29.12,29.16,10362400,13.38
2010-02-03,30.84,31.09,30.29,30.82,6370600,14.14
2010-02-02,31.03,31.41,30.40,31.21,7173400,14.32
2010-02-01,29.66,30.86,29.44,30.86,6224600,14.16
2010-01-29,29.82,29.94,29.05,29.12,10708400,13.36
2010-01-28,29.46,29.65,28.51,29.03,8052400,13.32
2010-01-27,29.19,29.39,28.31,29.10,9002400,13.35
2010-01-26,28.81,29.86,28.49,29.13,4677200,13.36
2010-01-25,29.64,30.13,29.09,29.24,3979400,13.41
2010-01-22,29.98,30.57,29.14,29.24,9624600,13.41
2010-01-21,32.14,32.25,30.04,30.10,10717800,13.81
2010-01-20,32.43,32.60,31.66,32.50,6050400,14.91
2010-01-19,32.87,33.53,32.80,33.42,4358200,15.33
2010-01-15,33.50,33.66,32.58,32.92,4965200,15.10
2010-01-14,33.93,34.12,33.47,33.61,3411600,15.42
2010-01-13,34.16,34.19,33.47,33.83,5350200,15.52
2010-01-12,33.59,33.85,33.09,33.37,5200200,15.31
2010-01-11,34.32,34.41,34.05,34.30,5808600,15.73
2010-01-08,33.24,34.20,32.95,34.04,7284800,15.62
2010-01-07,32.94,33.04,32.58,32.84,4991000,15.06
2010-01-06,33.16,33.71,32.97,33.35,7070800,15.30
2010-01-05,33.52,33.96,33.13,33.31,6168800,15.28
2010-01-04,33.03,33.38,32.90,33.17,4642800,15.22
2009-12-31,32.72,32.72,31.60,31.93,2444000,14.65
2009-12-30,32.10,32.64,31.80,32.50,3572600,14.91
2009-12-29,32.25,32.44,32.11,32.17,3404400,14.76
2009-12-28,32.42,32.57,31.94,32.06,4208200,14.71
2009-12-24,31.64,31.78,31.44,31.61,1012000,14.50
2009-12-23,31.30,31.72,31.05,31.46,6238800,14.43
2009-12-22,31.06,31.43,30.92,31.30,10021400,14.36
2009-12-21,31.93,32.01,31.04,31.14,7911400,14.29
2009-12-18,32.35,32.36,31.19,31.79,17398600,14.58
2009-12-17,34.12,34.12,33.29,33.41,5481600,15.33
2009-12-16,34.63,35.06,34.43,34.55,4870400,15.85
2009-12-15,34.63,35.02,34.43,34.55,3263600,15.85
2009-12-14,35.03,35.17,34.77,34.95,3758200,16.03
2009-12-11,34.81,34.89,34.53,34.80,4377600,15.96
2009-12-10,34.69,34.87,34.29,34.75,5784800,15.94
2009-12-09,33.72,34.69,33.70,34.65,4664800,15.90
2009-12-08,34.66,34.76,33.81,34.06,6999400,15.62
2009-12-07,35.26,35.67,34.97,35.41,6026600,16.24
2009-12-04,36.47,36.67,34.74,35.40,7189600,16.24
2009-12-03,36.36,36.73,35.61,35.71,7114000,16.38
2009-12-02,35.55,36.25,35.50,36.16,9265200,16.59
2009-12-01,35.04,35.64,34.90,35.30,7361200,16.19
2009-11-30,34.35,34.52,33.70,34.29,6334800,15.73
2009-11-27,33.84,34.70,33.45,34.25,3747800,15.71
2009-11-25,35.08,35.49,34.68,35.30,6697000,16.19
2009-11-24,34.76,34.93,34.25,34.91,4930800,16.01
2009-11-23,35.98,35.98,34.88,35.21,4689200,16.15
2009-11-20,35.45,35.46,34.43,35.30,3726200,16.19
2009-11-19,35.46,35.46,34.37,35.45,7776400,16.26
2009-11-18,36.05,36.46,35.11,35.57,6041400,16.32
2009-11-17,35.71,36.30,35.02,36.23,7610400,16.62
2009-11-16,35.18,36.00,35.16,35.74,5880000,16.40
2009-11-13,33.70,35.10,33.50,34.73,6748600,15.93
2009-11-12,34.84,35.35,33.95,34.22,6850000,15.70
2009-11-11,35.84,36.15,34.59,34.92,5283000,16.02
2009-11-10,35.30,35.94,34.54,35.22,9094200,16.16
2009-11-09,35.80,36.24,35.68,35.94,8780400,16.49
2009-11-06,34.88,35.67,34.74,35.25,6738400,16.17
2009-11-05,34.88,35.72,34.87,35.54,8023600,16.30
2009-11-04,34.93,35.46,34.47,34.64,7313200,15.89
2009-11-03,32.45,34.49,32.17,33.86,8548200,15.53
2009-11-02,33.63,34.35,32.26,33.30,5851600,15.28
2009-10-30,35.10,35.10,32.22,33.16,8899400,15.21
2009-10-29,33.52,35.03,33.14,34.63,8249800,15.89
2009-10-28,33.94,34.23,31.77,32.01,10431200,14.68
2009-10-27,35.12,35.57,34.31,34.43,6770800,15.79
2009-10-26,37.01,37.75,35.41,35.79,7206600,16.42
2009-10-23,37.84,38.14,36.56,36.79,6008000,16.88
2009-10-22,37.04,37.33,36.15,37.21,4975000,17.07
2009-10-21,35.83,37.85,35.66,36.72,7712800,16.84
2009-10-20,35.75,36.15,34.06,35.40,6704000,16.24
2009-10-19,35.75,36.75,35.55,36.55,5008200,16.77
2009-10-16,35.57,36.45,35.25,35.67,6298800,16.36
2009-10-15,35.35,36.40,35.25,36.28,6387800,16.64
2009-10-14,34.33,35.66,34.20,35.61,8044800,16.34
2009-10-13,32.93,33.47,32.57,33.43,5245000,15.34
2009-10-12,33.45,33.50,33.00,33.15,3435000,15.21
2009-10-09,32.68,32.83,32.44,32.80,4478800,15.05
2009-10-08,32.13,32.82,31.91,32.76,7809800,15.03
2009-10-07,31.49,32.00,31.21,31.89,5868600,14.63
2009-10-06,31.65,32.13,31.15,31.74,5979200,14.56
2009-10-05,30.40,31.31,30.28,31.30,5974400,14.36
2009-10-02,29.03,30.20,28.94,30.10,10005400,13.81
2009-10-01,30.51,30.67,29.43,29.48,6152600,13.52
2009-09-30,30.46,31.06,29.89,30.60,10485200,14.04
2009-09-29,30.44,30.49,29.71,29.86,4475200,13.70
2009-09-28,29.53,30.33,29.45,30.20,4320600,13.85
2009-09-25,29.35,29.79,29.02,29.25,4306000,13.42
2009-09-24,30.12,30.23,29.04,29.24,5993000,13.41
2009-09-23,30.41,30.67,29.77,29.85,6094600,13.69
2009-09-22,30.60,30.81,30.11,30.68,5038800,14.07
2009-09-21,29.93,30.53,29.51,30.35,5579200,13.92
2009-09-18,30.10,30.39,29.95,30.17,6171800,13.84
2009-09-17,29.96,30.49,29.51,29.89,5307800,13.71
2009-09-16,29.80,30.30,29.50,30.17,7224200,13.84
2009-09-15,28.38,29.13,28.14,29.04,6277000,13.32
2009-09-14,27.35,28.21,27.35,28.19,4568200,12.93
2009-09-11,28.00,28.20,27.55,27.86,4378800,12.78
2009-09-10,27.41,27.93,27.15,27.83,4110000,12.77
2009-09-09,27.94,27.97,27.18,27.58,5127200,12.65
2009-09-08,27.76,28.06,27.49,27.97,4362600,12.83
2009-09-04,26.53,27.19,26.23,27.13,4052400,12.45
2009-09-03,26.12,26.24,25.66,26.24,4091400,12.04
2009-09-02,25.36,26.04,25.24,25.66,6150600,11.77
2009-09-01,26.06,26.76,25.35,25.44,6218000,11.67
2009-08-31,26.25,26.55,25.97,26.09,5377400,11.97
2009-08-28,27.31,27.38,26.51,26.86,4875000,12.32
2009-08-27,27.08,27.32,26.17,27.15,4773600,12.45
2009-08-26,27.19,27.20,26.60,27.12,3992000,12.44
2009-08-25,28.45,28.57,27.40,27.46,4402800,12.60
2009-08-24,28.03,28.59,27.95,28.02,5623800,12.85
2009-08-21,27.58,27.87,27.37,27.60,4885000,12.66
2009-08-20,26.54,27.25,26.47,27.07,4754600,12.42
2009-08-19,26.05,26.77,25.89,26.45,4087800,12.13
2009-08-18,26.11,26.82,26.11,26.57,4407800,12.19
2009-08-17,26.05,26.07,25.65,25.71,5491600,11.79
2009-08-14,27.96,28.08,26.86,27.19,6398600,12.47
2009-08-13,28.04,28.19,27.57,28.00,4237000,12.84
2009-08-12,26.69,27.90,26.69,27.63,5776600,12.67
2009-08-11,26.87,27.11,26.35,26.89,5523600,12.34
2009-08-10,27.25,27.77,26.89,27.24,5552400,12.50
2009-08-07,27.60,27.88,27.12,27.55,7314800,12.64
2009-08-06,27.25,27.49,26.48,27.02,6195200,12.40
2009-08-05,26.82,27.40,25.92,27.34,6670800,12.54
2009-08-04,26.83,27.22,26.38,26.64,6275000,12.22
2009-08-03,26.44,27.23,26.44,27.01,7246200,12.39
2009-07-31,25.44,25.99,25.28,25.60,6014000,11.74
2009-07-30,25.09,25.73,25.09,25.43,6649000,11.67
2009-07-29,24.96,24.98,24.35,24.52,8693400,11.25
2009-07-28,24.68,25.20,24.49,25.15,6271800,11.54
2009-07-27,24.94,25.08,24.37,25.08,6419400,11.51
2009-07-24,24.85,25.04,24.40,24.73,6147600,11.34
2009-07-23,24.28,25.35,24.17,24.93,9623400,11.44
2009-07-22,23.66,24.54,23.61,24.22,9532800,11.11
2009-07-21,24.30,24.34,23.20,24.02,10301800,11.02
2009-07-20,23.49,23.89,23.13,23.86,9514000,10.95
2009-07-17,22.78,22.92,22.26,22.56,7492400,10.35
2009-07-16,21.71,22.68,21.63,22.40,9213600,10.28
2009-07-15,20.91,21.93,20.87,21.81,9304200,10.01
2009-07-14,20.56,20.62,19.92,20.20,6595000,9.27
2009-07-13,20.11,20.55,19.47,20.55,8818400,9.43
2009-07-10,19.84,20.37,19.77,20.32,5993200,9.32
2009-07-09,20.58,20.80,20.12,20.48,5148600,9.39
2009-07-08,20.85,20.93,19.60,20.21,12006400,9.27
2009-07-07,21.25,21.48,20.51,20.56,5673200,9.43
2009-07-06,21.09,21.38,20.66,21.28,8113800,9.76
2009-07-02,21.96,22.22,21.52,21.97,5835200,10.08
2009-07-01,22.84,23.09,22.58,22.69,6872000,10.41
2009-06-30,23.13,23.23,22.11,22.35,7647800,10.25
2009-06-29,23.08,23.15,22.49,22.81,6264600,10.46
2009-06-26,23.00,23.42,22.78,23.18,6482200,10.63
2009-06-25,21.42,22.83,21.28,22.77,7773400,10.45
2009-06-24,22.11,22.48,21.40,21.68,8887800,9.95
2009-06-23,20.69,21.74,20.47,21.48,7236400,9.85
2009-06-22,21.73,21.73,20.45,20.49,9074200,9.40
2009-06-19,22.66,22.77,22.32,22.35,6406400,10.25
2009-06-18,22.35,22.66,21.90,22.14,6113400,10.16
2009-06-17,22.17,22.65,21.66,22.34,8515000,10.25
2009-06-16,24.04,24.16,22.64,22.73,8193200,10.43
2009-06-15,24.44,24.51,23.26,23.72,8039600,10.88
2009-06-12,25.44,25.65,24.75,25.07,7828800,11.50
2009-06-11,24.94,26.50,24.91,26.00,6858000,11.93
2009-06-10,25.62,25.62,24.44,25.00,6837200,11.47
2009-06-09,25.38,25.51,24.57,25.05,5857400,11.49
2009-06-08,24.51,24.99,23.77,24.83,7459000,11.39
2009-06-05,25.44,25.69,24.51,24.92,7842800,11.43
2009-06-04,23.98,24.77,23.67,24.62,9664800,11.29
2009-06-03,25.36,25.41,23.95,24.26,8737200,11.13
2009-06-02,25.91,26.47,25.61,26.32,9154800,12.07
2009-06-01,25.55,26.31,25.38,25.96,8043400,11.91
2009-05-29,24.19,24.59,23.81,24.52,9263200,11.25
2009-05-28,22.78,23.35,22.34,23.16,7721200,10.62
2009-05-27,22.45,23.12,22.04,22.15,7951200,10.16
2009-05-26,20.93,22.26,20.82,22.10,6690200,10.14
2009-05-22,21.37,21.55,21.02,21.08,7507600,9.67
2009-05-21,21.20,21.36,20.58,20.93,6747200,9.60
2009-05-20,21.87,22.61,21.60,21.72,8689000,9.96
2009-05-19,20.67,21.99,20.53,21.60,6888400,9.91
2009-05-18,19.51,20.67,19.51,20.60,5386600,9.45
2009-05-15,19.59,19.79,18.92,19.16,5541800,8.79
2009-05-14,19.16,19.69,18.81,19.54,6034400,8.96
2009-05-13,20.20,20.22,19.18,19.47,7396200,8.93
2009-05-12,21.55,21.66,20.42,20.94,5826400,9.61
2009-05-11,21.14,21.70,20.74,21.45,5055000,9.84
2009-05-08,21.15,21.66,20.94,21.63,6738400,9.92
2009-05-07,21.23,21.37,20.27,20.58,8196400,9.44
2009-05-06,20.30,21.26,20.26,21.02,6417600,9.64
2009-05-05,20.53,20.63,19.77,19.95,5972800,9.15
2009-05-04,19.26,20.19,19.15,20.19,6538800,9.26
2009-05-01,18.49,19.37,18.30,19.03,5389200,8.73
2009-04-30,18.43,18.97,18.28,18.52,6880400,8.50
2009-04-29,18.00,18.50,17.96,18.20,4864600,8.35
2009-04-28,17.34,17.87,17.23,17.62,4247000,8.08
2009-04-27,18.05,18.24,17.42,17.68,6165600,8.11
2009-04-24,18.59,18.70,18.30,18.45,6869600,8.46
2009-04-23,18.27,18.39,17.82,18.16,7065400,8.33
2009-04-22,17.79,18.61,17.72,18.05,8354400,8.28
2009-04-21,16.88,18.17,16.77,18.05,6034000,8.28
2009-04-20,17.69,17.71,17.10,17.15,5405000,7.87
2009-04-17,18.44,18.57,18.19,18.34,6718000,8.41
2009-04-16,18.21,18.48,17.73,18.25,7368200,8.37
2009-04-15,17.31,17.77,17.20,17.73,5142800,8.13
2009-04-14,17.75,18.26,17.43,17.52,9118400,8.04
2009-04-13,17.19,18.00,17.19,17.90,5685200,8.21
2009-04-09,17.03,17.50,17.03,17.47,7164600,8.01
2009-04-08,16.84,16.90,16.33,16.59,6194800,7.61
2009-04-07,16.46,16.81,16.24,16.46,5299200,7.55
2009-04-06,16.56,16.71,16.24,16.65,6076000,7.64
2009-04-03,16.68,17.13,16.55,16.96,7784000,7.78
2009-04-02,16.52,16.76,16.33,16.58,10894800,7.61
2009-04-01,14.70,15.62,14.53,15.50,8337400,7.11
2009-03-31,14.83,15.39,14.56,14.84,8089800,6.81
2009-03-30,14.43,14.50,14.08,14.43,8446000,6.62
2009-03-27,15.82,15.90,15.53,15.75,7706000,6.82
2009-03-26,16.22,16.27,15.86,16.26,8896800,7.04
2009-03-25,16.11,16.39,15.33,15.87,13891400,6.88
2009-03-24,15.57,16.10,15.51,15.77,8009600,6.83
2009-03-23,15.42,16.32,15.39,16.27,8431800,7.05
2009-03-20,15.16,15.42,14.86,14.98,7316000,6.49
2009-03-19,15.41,15.51,14.99,15.12,10261400,6.55
2009-03-18,13.92,15.31,13.53,14.93,14424400,6.47
2009-03-17,13.63,14.09,13.38,14.09,6321200,6.10
2009-03-16,14.24,14.77,13.89,13.95,8069800,6.04
2009-03-13,14.55,14.69,13.77,14.14,5312000,6.13
2009-03-12,13.96,14.50,13.56,14.41,6314200,6.24
2009-03-11,14.34,14.47,13.66,14.04,5682400,6.08
2009-03-10,13.31,14.20,13.28,14.12,7268400,6.12
2009-03-09,12.55,13.23,12.55,12.86,5602800,5.57
2009-03-06,13.31,13.56,12.62,13.04,7092600,5.65
2009-03-05,13.30,13.62,12.76,13.06,8481600,5.66
2009-03-04,13.35,14.10,13.26,13.90,10012600,6.02
2009-03-03,12.18,12.84,11.98,12.47,8198400,5.40
2009-03-02,12.69,12.89,11.85,11.99,8274600,5.19
2009-02-27,12.97,13.75,12.97,13.21,8085200,5.72
2009-02-26,13.76,14.00,13.28,13.42,7803000,5.81
2009-02-25,14.00,14.35,12.83,13.42,8151400,5.81
2009-02-24,12.62,13.55,12.51,13.51,9472200,5.85
2009-02-23,13.53,14.25,12.51,12.61,8816200,5.46
2009-02-20,13.54,14.45,13.53,14.17,11707000,6.14
2009-02-19,14.96,15.25,14.33,14.53,8205800,6.29
2009-02-18,15.61,15.61,14.51,14.67,11727000,6.36
2009-02-17,15.78,15.78,15.36,15.41,10604200,6.68
2009-02-13,16.00,16.64,15.91,16.45,9172400,7.13
2009-02-12,15.60,16.04,15.35,16.01,10054600,6.94
2009-02-11,16.79,17.10,15.73,16.10,10905600,6.97
2009-02-10,17.56,18.03,16.04,16.32,12093600,7.07
2009-02-09,18.23,18.61,17.15,17.65,6516400,7.65
2009-02-06,17.22,18.37,17.14,18.25,9851600,7.91
2009-02-05,16.43,17.17,15.98,17.10,9467000,7.41
2009-02-04,16.40,17.15,16.03,16.29,13370800,7.06
2009-02-03,15.27,16.00,15.15,15.80,6689400,6.84
2009-02-02,14.79,15.55,14.63,15.27,6176000,6.62
2009-01-30,15.79,15.92,14.89,15.10,8484200,6.54
2009-01-29,16.28,16.28,15.64,15.75,8616400,6.82
2009-01-28,16.07,16.55,15.91,16.43,10494200,7.12
2009-01-27,15.09,15.63,14.99,15.43,10023400,6.68
2009-01-26,15.00,15.53,14.80,14.87,7814800,6.44
2009-01-23,14.42,15.24,14.27,14.93,9787000,6.47
2009-01-22,15.15,15.55,14.91,15.16,12429800,6.57
2009-01-21,14.47,15.64,14.36,15.55,11939800,6.74
2009-01-20,15.55,15.55,13.86,14.00,11780800,6.07
2009-01-16,15.39,15.39,14.47,15.19,8904000,6.58
2009-01-15,14.05,14.94,13.23,14.59,11227200,6.32
2009-01-14,14.10,14.16,13.51,13.84,10146400,6.00
2009-01-13,14.55,15.24,14.29,14.80,9761000,6.41
2009-01-12,15.72,15.72,14.54,14.78,13436200,6.40
2009-01-09,17.03,17.06,15.96,16.11,9960400,6.98
2009-01-08,15.10,16.45,15.03,16.16,8227800,7.00
2009-01-07,15.96,16.09,15.18,15.36,9135200,6.65
2009-01-06,16.03,16.99,15.74,16.57,12891200,7.18
2009-01-05,13.58,15.60,13.58,15.14,12060800,6.56
2009-01-02,12.79,13.87,12.79,13.73,4204600,5.95
2008-12-31,12.26,13.01,12.26,12.81,3536200,5.55
2008-12-30,12.18,12.50,11.88,12.50,4195400,5.42
2008-12-29,11.97,12.02,11.52,11.73,4111000,5.08
2008-12-26,11.74,12.07,11.52,12.04,1735200,5.22
2008-12-24,11.56,12.03,11.49,11.84,1281200,5.13
2008-12-23,11.90,12.11,11.64,11.79,4153000,5.11
2008-12-22,13.18,13.25,11.67,11.96,5627600,5.18
2008-12-19,13.50,13.78,12.97,13.37,6282600,5.79
2008-12-18,13.79,13.97,12.87,13.08,12073200,5.67
2008-12-17,13.12,13.52,12.97,13.22,10053800,5.73
2008-12-16,12.45,13.61,12.40,13.56,8477600,5.87
2008-12-15,12.25,12.42,11.94,12.16,5680400,5.27
2008-12-12,11.48,12.31,11.26,12.10,8275200,5.24
2008-12-11,11.99,12.92,11.44,11.72,10611000,5.08
2008-12-10,11.40,12.10,11.40,11.87,11591800,5.14
2008-12-09,10.59,11.15,10.50,10.94,9706000,4.74
2008-12-08,10.05,10.83,10.05,10.62,9853400,4.60
2008-12-05,9.09,9.80,8.80,9.68,9392200,4.19
2008-12-04,9.57,9.98,9.17,9.42,6328400,4.08
2008-12-03,9.74,9.93,9.06,9.76,8942000,4.23
2008-12-02,10.07,10.37,9.76,10.26,6287600,4.44
2008-12-01,10.57,10.61,9.69,9.76,6185200,4.23
2008-11-28,11.55,11.68,11.32,11.52,2533600,4.99
2008-11-26,10.17,11.73,10.08,11.73,8390200,5.08
2008-11-25,10.70,10.72,10.00,10.50,8442200,4.55
2008-11-24,8.96,10.28,8.96,9.95,11631200,4.31
2008-11-21,8.60,9.01,7.97,8.99,11435800,3.89
2008-11-20,8.63,9.39,7.87,7.87,10099000,3.41
2008-11-19,9.44,9.62,8.79,8.81,9175600,3.82
2008-11-18,10.16,10.35,9.14,9.49,11178000,4.11
2008-11-17,9.87,10.63,9.63,9.90,9799800,4.29
2008-11-14,10.22,10.68,9.77,9.77,8399600,4.23
2008-11-13,9.87,11.11,8.86,10.99,12704400,4.76
2008-11-12,10.26,10.53,9.49,9.53,8254400,4.13
2008-11-11,10.50,11.29,10.13,10.90,6722800,4.72
2008-11-10,12.13,12.25,10.76,11.19,10218200,4.85
2008-11-07,11.67,11.94,11.04,11.45,9066800,4.96
2008-11-06,11.83,11.96,10.81,11.18,9678400,4.84
2008-11-05,13.79,13.90,12.07,12.31,9469000,5.33
2008-11-04,13.57,15.11,13.57,14.95,7336000,6.48
2008-11-03,13.18,13.61,12.91,13.30,5871400,5.76
2008-10-31,14.72,14.72,13.30,13.60,9016600,5.89
2008-10-30,14.00,15.25,13.85,15.05,11237600,6.52
2008-10-29,12.97,13.80,12.62,13.27,11166600,5.75
2008-10-28,11.16,12.93,10.62,12.93,9712800,5.60
2008-10-27,10.22,11.04,10.00,10.24,9000000,4.44
2008-10-24,9.92,11.05,9.83,10.38,8825600,4.50
2008-10-23,10.71,12.22,10.58,11.51,11536000,4.99
2008-10-22,12.08,12.25,10.68,11.12,11726000,4.82
2008-10-21,13.60,14.49,13.28,13.47,10085600,5.84
2008-10-20,14.29,15.12,14.27,15.12,9181000,6.55
2008-10-17,14.83,15.34,13.24,13.82,24031600,5.99
2008-10-16,11.00,13.85,10.14,12.69,29073400,5.50
2008-10-15,13.59,13.59,10.30,10.74,17199600,4.65
2008-10-14,16.56,17.86,14.25,14.75,16489000,6.39
2008-10-13,14.07,15.18,12.50,15.18,12716400,6.58
2008-10-10,10.39,12.24,9.35,11.64,23516800,5.04
2008-10-09,13.84,14.54,12.45,12.64,17912800,5.48
2008-10-08,11.27,13.70,10.88,12.74,22064000,5.52
2008-10-07,14.93,15.13,12.30,12.51,17536600,5.42
2008-10-06,14.13,14.96,11.84,14.85,20959400,6.43
2008-10-03,18.57,19.39,16.91,17.34,14384200,7.51
2008-10-02,19.57,20.60,17.69,17.86,12858800,7.74
2008-10-01,20.82,20.82,19.70,20.62,9784400,8.93
2008-09-30,20.08,21.36,19.78,21.26,10334800,9.21
2008-09-29,21.79,21.79,18.42,18.78,12274000,8.14
2008-09-26,23.99,24.04,22.91,23.98,8867800,10.39
2008-09-25,25.48,25.83,24.87,25.48,9981400,11.04
2008-09-24,25.52,26.17,25.04,25.38,8284400,11.00
2008-09-23,27.03,27.48,24.85,25.25,12358400,10.94
2008-09-22,29.24,29.24,27.67,27.86,10119200,12.07
2008-09-19,26.49,30.43,26.49,28.96,18439600,12.55
2008-09-18,23.79,24.84,21.67,24.20,13177200,10.48
2008-09-17,25.97,26.15,23.00,23.11,14708200,10.01
2008-09-16,24.47,26.87,24.26,26.55,13489400,11.50
2008-09-15,26.58,27.83,25.46,25.53,14181000,11.06
2008-09-12,26.28,28.67,26.28,28.47,15426600,12.33
2008-09-11,23.78,26.21,23.70,26.16,11675800,11.33
2008-09-10,24.41,25.42,23.49,24.89,12777400,10.78
2008-09-09,25.90,26.27,23.88,23.95,16209200,10.38
2008-09-08,29.47,29.70,26.76,27.00,10391600,11.70
2008-09-05,26.68,28.08,26.56,27.96,16518000,12.11
2008-09-04,30.64,30.72,28.09,28.56,13578000,12.37
2008-09-03,31.64,32.68,30.71,31.38,11143400,13.59
2008-09-02,34.08,34.08,32.30,32.37,9497800,14.02
2008-08-29,35.11,35.48,34.59,34.71,5187200,15.04
2008-08-28,35.00,35.37,34.27,34.81,7286000,15.08
2008-08-27,33.47,34.48,33.45,34.26,7313600,14.84
2008-08-26,32.54,33.42,32.49,33.07,6744000,14.33
2008-08-25,34.13,34.20,32.71,32.85,6741600,14.23
2008-08-22,35.02,35.05,33.46,33.86,9992800,14.67
2008-08-21,33.49,34.61,33.38,34.07,8880200,14.76
2008-08-20,32.95,33.44,32.14,33.22,9104000,14.34
2008-08-19,30.00,32.05,29.99,31.70,8840000,13.68
2008-08-18,32.13,32.57,30.53,31.08,10160000,13.41
2008-08-15,32.63,32.88,31.62,31.89,8035600,13.76
2008-08-14,33.81,33.90,32.65,33.20,8074000,14.33
2008-08-13,31.26,33.37,31.25,33.13,12034000,14.30
2008-08-12,32.13,32.71,31.52,32.03,13599000,13.82
2008-08-11,33.96,33.97,32.21,32.85,13663200,14.18
2008-08-08,34.34,34.34,33.34,34.10,9150000,14.72
2008-08-07,36.41,36.41,34.73,35.35,10119400,15.26
2008-08-06,35.60,37.21,35.60,36.56,8887000,15.78
2008-08-05,35.87,37.06,35.24,35.92,9037400,15.50
2008-08-04,37.00,37.33,35.60,36.08,10100600,15.57
2008-08-01,39.25,39.62,37.79,38.00,8129400,16.40
2008-07-31,40.66,40.66,38.84,39.19,12569200,16.91
2008-07-30,40.10,40.94,39.77,40.44,11810800,17.45
2008-07-29,37.41,38.24,37.41,37.79,9605400,16.31
2008-07-28,36.45,37.35,36.22,36.50,8144600,15.75
2008-07-25,35.64,36.32,34.95,35.83,11073600,15.46
2008-07-24,38.05,38.07,36.22,36.60,11593800,15.79
2008-07-23,39.01,39.85,37.75,37.99,10372800,16.39
2008-07-22,40.37,40.38,39.02,39.25,9358600,16.94
2008-07-21,38.86,40.15,38.63,39.90,9970600,17.22
2008-07-18,37.52,38.96,37.48,37.93,9036200,16.37
2008-07-17,39.98,40.21,37.28,38.25,13688200,16.51
2008-07-16,40.02,40.16,39.12,40.12,10794400,17.31
2008-07-15,39.13,40.33,38.18,39.64,11630600,17.11
2008-07-14,40.53,41.06,39.65,39.88,14737600,17.21
2008-07-11,38.95,40.30,38.35,39.36,11822800,16.99
2008-07-10,37.50,39.59,37.34,39.02,11516400,16.84
2008-07-09,38.20,39.85,37.40,37.71,7507000,16.27
2008-07-08,38.50,38.90,37.08,38.16,11626000,16.47
2008-07-07,38.15,39.97,38.09,38.76,11603400,16.73
2008-07-03,38.43,39.10,37.23,38.54,11508800,16.63
2008-07-02,43.12,43.27,38.90,39.20,18871600,16.92
2008-07-01,43.16,43.57,42.19,42.73,13039600,18.44
2008-06-30,44.61,45.03,44.24,44.41,6975000,19.17
2008-06-27,43.09,44.25,43.08,43.71,6878000,18.86
2008-06-26,44.04,44.17,42.50,43.21,6780200,18.65
2008-06-25,42.04,45.06,41.37,43.87,12531200,18.93
2008-06-24,41.82,42.57,41.05,41.99,9748800,18.12
2008-06-23,42.45,42.63,41.04,41.78,13227200,18.03
2008-06-20,44.50,44.52,42.27,42.67,8930600,18.41
2008-06-19,45.51,45.73,44.61,44.84,6294200,19.35
2008-06-18,46.56,46.56,44.70,45.18,11275400,19.50
2008-06-17,45.80,46.89,45.70,46.23,8531200,19.95
2008-06-16,44.55,45.31,44.51,44.57,4618200,19.23
2008-06-13,45.45,45.47,44.43,45.01,6206200,19.42
2008-06-12,45.47,46.18,44.40,44.96,6167800,19.40
2008-06-11,46.12,46.29,44.93,45.05,4926000,19.44
2008-06-10,46.59,46.86,44.80,45.89,9409800,19.80
2008-06-09,48.63,48.90,47.20,48.03,4711400,20.73
2008-06-06,49.52,50.28,48.21,48.21,4913400,20.81
2008-06-05,48.47,49.82,47.95,49.65,7635400,21.43
2008-06-04,47.00,47.32,46.00,46.70,7456400,20.15
2008-06-03,49.47,49.47,46.75,47.31,5931000,20.42
2008-06-02,48.27,48.82,47.77,48.51,6222600,20.93
2008-05-30,49.84,50.17,48.60,49.17,6072400,21.22
2008-05-29,51.14,51.17,48.55,49.05,8597800,21.17
2008-05-28,48.91,50.71,48.62,50.68,6315400,21.87
2008-05-27,49.48,49.49,48.19,48.89,4404800,21.10
2008-05-23,49.94,50.02,48.90,49.48,4846000,21.35
2008-05-22,49.37,50.86,48.80,49.91,6104400,21.54
2008-05-21,50.99,51.60,49.04,49.45,6358400,21.34
2008-05-20,50.58,51.00,49.40,51.00,8123400,22.01
2008-05-19,51.64,52.46,50.73,51.01,8135000,22.01
2008-05-16,50.40,50.98,50.00,50.94,7123600,21.98
2008-05-15,47.90,49.26,47.90,49.22,5888600,21.24
2008-05-14,48.09,48.63,47.15,47.33,4924600,20.43
2008-05-13,48.40,48.72,47.57,48.37,5618400,20.87
2008-05-12,47.65,48.19,46.60,47.98,6162200,20.71
2008-05-09,46.28,47.44,45.91,47.13,5974600,20.34
2008-05-08,45.21,46.80,45.21,46.25,7520200,19.96
2008-05-07,45.54,46.05,44.52,44.86,8450000,19.36
2008-05-06,43.69,44.88,43.50,44.88,5243400,19.37
2008-05-05,43.52,44.04,43.35,43.62,5819800,18.82
2008-05-02,45.64,45.85,42.75,43.31,7764600,18.69
2008-05-01,43.56,44.52,41.61,43.34,6943000,18.70
2008-04-30,41.39,44.20,40.95,43.15,10491400,18.62
2008-04-29,42.08,42.28,40.70,40.91,6612600,17.65
2008-04-28,43.32,43.37,42.76,42.89,6002200,18.51
2008-04-25,42.94,43.17,42.34,42.75,5407600,18.45
2008-04-24,44.05,44.05,42.00,42.63,5860600,18.40
2008-04-23,44.20,44.20,43.45,43.89,4651000,18.94
2008-04-22,43.50,45.10,43.10,44.00,7837000,18.99
2008-04-21,44.63,45.13,43.68,44.61,5970400,18.82
2008-04-18,43.29,43.81,42.70,43.40,5541800,18.30
2008-04-17,42.75,43.90,42.46,43.00,7067200,18.14
2008-04-16,41.39,43.48,41.39,43.31,15273600,18.27
2008-04-15,40.26,40.33,39.68,40.32,4119600,17.01
2008-04-14,40.70,40.70,39.54,39.85,3558600,16.81
2008-04-11,40.43,41.07,40.35,40.62,5886200,17.13
2008-04-10,40.45,41.22,39.53,40.96,6565800,17.28
2008-04-09,41.21,41.25,40.01,40.46,5650400,17.06
2008-04-08,39.14,40.70,39.03,40.55,6816600,17.10
2008-04-07,40.27,40.94,39.10,39.55,6848800,16.68
2008-04-04,38.42,39.70,38.21,39.22,6116000,16.54
2008-04-03,37.04,38.67,36.91,38.20,7698400,16.11
2008-04-02,37.52,38.34,37.20,37.52,6240800,15.82
2008-04-01,36.16,37.37,35.51,37.32,5286600,15.74
2008-03-31,35.75,36.43,35.06,35.99,4339800,15.18
2008-03-28,35.94,36.55,35.61,35.81,3690000,15.10
2008-03-27,36.52,36.92,35.66,35.87,5374000,15.13
2008-03-26,35.96,36.38,35.09,36.20,5971600,15.27
2008-03-25,36.24,36.41,35.61,36.24,6317200,15.28
2008-03-24,35.94,36.88,35.22,35.60,7376800,15.02
2008-03-20,35.70,35.89,33.71,35.54,10184600,14.99
2008-03-19,39.91,40.00,36.63,36.63,7829200,15.45
2008-03-18,39.01,40.01,38.18,39.83,6928800,16.80
2008-03-17,37.50,38.71,36.60,37.60,8104000,15.86
2008-03-14,39.55,39.55,37.92,39.12,7704800,16.50
2008-03-13,36.77,38.90,36.39,38.62,8948200,16.29
2008-03-12,37.54,38.61,37.12,37.43,6133000,15.79
2008-03-11,37.12,37.54,35.81,37.17,9343000,15.68
2008-03-10,37.48,37.59,35.60,36.01,9301400,15.19
2008-03-07,37.54,38.65,37.33,37.44,7186600,15.79
2008-03-06,39.14,39.14,37.78,37.99,8351000,16.02
2008-03-05,38.76,39.75,38.36,38.94,9870600,16.42
2008-03-04,39.19,39.64,37.52,38.49,9152600,16.23
2008-03-03,37.73,39.01,37.66,38.80,8972000,16.36
2008-02-29,38.13,38.29,36.80,37.39,7863800,15.77
2008-02-28,37.03,38.84,37.03,38.27,10798800,16.14
2008-02-27,37.31,38.33,36.95,37.42,12572200,15.78
2008-02-26,37.60,38.07,37.07,37.47,13140000,15.80
2008-02-25,38.26,38.45,37.50,38.39,12234600,16.19
2008-02-22,40.12,40.12,38.47,39.92,11277200,16.84
2008-02-21,41.04,41.98,40.65,40.82,12713000,17.22
2008-02-20,37.58,39.88,37.14,39.72,8082600,16.75
2008-02-19,37.53,39.14,37.02,38.27,12489800,16.14
2008-02-15,34.56,35.38,34.27,35.33,4917600,14.90
2008-02-14,34.97,35.59,34.16,34.60,6690600,14.59
2008-02-13,33.82,34.99,33.33,34.83,6000200,14.69
2008-02-12,33.77,34.71,32.87,33.43,6578600,14.10
