Date,Open,High,Low,Close,Volume,Adj Close
2012-05-04,23.25,23.26,22.80,23.09,1520200,23.09
2012-05-03,23.58,23.62,23.15,23.33,1138300,23.33
2012-05-02,23.16,23.90,23.14,23.52,2213700,23.52
2012-05-01,22.95,23.43,22.95,23.15,851700,23.15
2012-04-30,23.07,23.15,22.68,22.96,1021200,22.96
2012-04-27,23.07,23.17,22.86,23.09,792500,23.09
2012-04-26,22.71,23.03,22.69,22.98,1038500,22.98
2012-04-25,22.64,22.88,22.61,22.78,607000,22.78
2012-04-24,22.32,22.52,22.20,22.39,727600,22.39
2012-04-23,22.08,22.39,21.98,22.24,895500,22.24
2012-04-20,22.25,22.56,22.19,22.38,1052600,22.38
2012-04-19,22.23,22.38,21.95,22.09,533500,22.09
2012-04-18,22.13,22.27,22.05,22.21,569000,22.21
2012-04-17,22.14,22.40,22.02,22.26,636900,22.26
2012-04-16,22.39,22.39,21.85,22.07,778300,22.07
2012-04-13,22.18,22.32,22.05,22.27,862900,22.27
2012-04-12,21.88,22.31,21.88,22.29,970800,22.29
2012-04-11,21.93,21.96,21.61,21.82,1177900,21.82
2012-04-10,22.28,22.34,21.54,21.66,2504500,21.66
2012-04-09,22.80,22.99,22.22,22.50,16678700,22.50
2012-04-05,22.96,23.26,22.73,23.05,4063900,23.05
2012-04-04,21.79,22.01,21.44,21.99,907900,21.99
2012-04-03,22.00,22.08,21.70,21.85,609200,21.85
2012-04-02,21.92,22.19,21.75,22.08,1153800,22.08
2012-03-30,22.23,22.29,21.84,21.95,726500,21.95
2012-03-29,22.15,22.23,21.84,22.05,668200,22.05
2012-03-28,22.40,22.46,22.21,22.35,849100,22.35
2012-03-27,22.67,22.83,22.27,22.40,1159300,22.40
2012-03-26,22.50,22.85,22.43,22.56,1104800,22.56
2012-03-23,21.95,22.32,21.81,22.24,609500,22.24
2012-03-22,21.96,22.01,21.75,21.89,418500,21.89
2012-03-21,22.12,22.28,22.06,22.11,531500,22.11
2012-03-20,21.99,22.16,21.94,22.04,568000,22.04
2012-03-19,21.71,22.18,21.65,22.08,537700,22.08
2012-03-16,21.81,21.97,21.70,21.76,694400,21.76
2012-03-15,21.52,21.73,21.43,21.69,681300,21.69
2012-03-14,21.70,21.85,21.35,21.55,691300,21.55
2012-03-13,21.64,21.82,21.49,21.76,925600,21.76
2012-03-12,22.00,22.10,21.41,21.49,800300,21.49
2012-03-09,21.67,22.01,21.65,21.97,992500,21.97
2012-03-08,21.55,21.80,21.55,21.63,751800,21.63
2012-03-07,21.00,21.50,21.00,21.37,922700,21.37
2012-03-06,20.82,21.02,20.76,20.89,746100,20.89
2012-03-05,20.62,21.13,20.62,21.05,681000,21.05
2012-03-02,20.83,20.88,20.65,20.70,937200,20.70
2012-03-01,21.02,21.28,20.84,20.88,740100,20.88
2012-02-29,20.94,21.15,20.87,20.92,757000,20.92
2012-02-28,20.91,21.12,20.91,21.09,514500,20.88
2012-02-27,21.04,21.10,20.88,20.96,575300,20.75
2012-02-24,21.11,21.42,20.89,21.23,789300,21.02
2012-02-23,20.94,21.13,20.89,21.12,903600,20.91
2012-02-22,21.00,21.22,20.54,20.86,1080600,20.65
2012-02-21,21.50,21.50,21.19,21.36,1259400,21.15
2012-02-17,21.21,21.47,21.05,21.35,1115700,21.14
2012-02-16,20.81,21.06,20.71,20.92,1356600,20.71
2012-02-15,20.89,21.10,20.64,20.73,790400,20.52
2012-02-14,20.46,20.80,20.29,20.75,895700,20.54
2012-02-13,19.80,20.98,19.80,20.46,2648400,20.26
2012-02-10,19.75,19.87,19.50,19.56,997900,19.37
2012-02-09,20.13,20.25,19.75,19.89,756600,19.69
2012-02-08,20.22,20.44,19.87,20.07,937400,19.87
2012-02-07,20.25,20.32,20.15,20.19,426800,19.99
2012-02-06,20.36,20.37,20.09,20.26,709900,20.06
2012-02-03,20.71,20.77,20.40,20.45,1097600,20.25
2012-02-02,20.24,20.28,19.84,19.90,548200,19.70
2012-02-01,19.89,20.32,19.81,20.18,817200,19.98
2012-01-31,19.85,19.97,19.64,19.72,658000,19.52
2012-01-30,19.95,20.06,19.63,19.72,778500,19.52
2012-01-27,20.04,20.31,19.98,20.15,591000,19.95
2012-01-26,20.06,20.22,19.80,20.06,647000,19.86
2012-01-25,19.90,20.05,19.66,19.97,995200,19.77
2012-01-24,19.83,19.95,19.62,19.89,686400,19.69
2012-01-23,19.75,20.05,19.74,19.97,881600,19.77
2012-01-20,19.67,19.82,19.56,19.76,902300,19.56
2012-01-19,19.18,19.67,19.18,19.67,937300,19.47
2012-01-18,18.70,19.21,18.49,19.21,815400,19.02
2012-01-17,19.31,19.44,18.66,18.73,838600,18.54
2012-01-13,18.76,19.21,18.72,19.17,993400,18.98
2012-01-12,18.92,19.05,18.86,18.91,626500,18.72
2012-01-11,18.72,19.01,18.64,18.96,585600,18.77
2012-01-10,18.72,18.86,18.57,18.72,684100,18.53
2012-01-09,18.39,18.62,18.37,18.49,686400,18.31
2012-01-06,18.11,18.56,18.05,18.29,1495000,18.11
2012-01-05,18.42,18.45,17.93,18.04,2189400,17.86
2012-01-04,18.53,18.71,18.51,18.55,954000,18.37
2012-01-03,18.82,18.91,18.46,18.56,1739900,18.38
2011-12-30,18.56,18.57,18.35,18.49,1116100,18.31
2011-12-29,18.51,18.66,18.36,18.59,859100,18.40
2011-12-28,19.11,19.11,18.38,18.41,1439000,18.23
2011-12-27,19.55,19.56,19.03,19.07,1392700,18.88
2011-12-23,19.37,19.58,19.27,19.56,581600,19.37
2011-12-22,19.38,19.43,19.20,19.29,1236600,19.10
2011-12-21,18.81,19.31,18.77,19.28,1116800,19.09
2011-12-20,18.69,18.93,18.50,18.91,2144400,18.72
2011-12-19,19.03,19.17,18.34,18.40,1651500,18.22
2011-12-16,18.93,19.16,18.88,18.94,8253400,18.75
2011-12-15,18.68,18.93,18.64,18.76,2148700,18.57
2011-12-14,18.81,19.01,18.48,18.54,1965600,18.36
2011-12-13,19.68,19.76,18.90,19.00,2034700,18.81
2011-12-12,20.26,20.28,19.40,19.52,2244900,19.33
2011-12-09,20.11,20.50,20.11,20.41,1433300,20.21
2011-12-08,20.12,20.22,19.94,20.08,2111800,19.88
2011-12-07,20.20,20.37,19.98,20.28,1421700,20.08
2011-12-06,20.12,20.57,20.09,20.34,1847000,20.14
2011-12-05,20.24,20.35,19.91,20.16,1703500,19.96
2011-12-02,20.25,20.30,19.96,20.00,2990100,19.80
2011-12-01,19.52,19.97,19.44,19.92,1021700,19.72
2011-11-30,19.78,19.95,19.32,19.59,1373500,19.39
2011-11-29,18.83,19.16,18.79,18.86,1449300,18.67
2011-11-28,19.07,19.15,18.72,18.89,1091100,18.70
2011-11-25,18.60,18.84,18.49,18.56,361500,18.38
2011-11-23,19.23,19.29,18.66,18.67,929300,18.48
2011-11-22,19.35,19.57,19.20,19.36,1037300,19.17
2011-11-21,19.41,19.46,18.98,19.37,951600,19.18
2011-11-18,19.52,19.79,19.45,19.66,955400,19.46
2011-11-17,19.66,19.87,19.38,19.51,1507400,19.32
2011-11-16,19.67,20.11,19.52,19.68,1470300,19.48
2011-11-15,19.79,20.05,19.75,19.96,1123900,19.55
2011-11-14,19.79,20.04,19.79,19.92,1348300,19.51
2011-11-11,19.99,20.10,19.85,19.92,2347700,19.51
2011-11-10,19.95,19.99,19.68,19.89,1906300,19.48
2011-11-09,19.36,19.96,19.32,19.76,3994400,19.36
2011-11-08,20.48,20.69,20.09,20.62,903800,20.20
2011-11-07,20.41,20.53,19.84,20.34,623200,19.93
2011-11-04,20.50,21.00,20.05,20.46,1635500,20.04
2011-11-03,20.50,20.65,20.16,20.58,886700,20.16
2011-11-02,20.63,20.63,20.16,20.31,1011500,19.90
2011-11-01,20.04,20.57,19.97,20.23,1132400,19.82
2011-10-31,20.38,20.90,20.36,20.67,631800,20.25
2011-10-28,20.20,21.00,20.20,20.69,1050300,20.27
2011-10-27,20.14,20.49,20.03,20.25,1038800,19.84
2011-10-26,19.68,19.82,19.37,19.77,1443400,19.37
2011-10-25,19.79,19.83,19.45,19.49,777700,19.09
2011-10-24,19.34,19.91,19.34,19.85,1066900,19.45
2011-10-21,19.47,19.70,19.18,19.34,1333900,18.95
2011-10-20,19.35,19.52,18.90,19.13,1267200,18.74
2011-10-19,20.12,20.22,19.23,19.35,1156300,18.96
2011-10-18,20.07,20.48,19.83,20.22,867500,19.81
2011-10-17,19.97,20.26,19.96,20.06,1158500,19.65
2011-10-14,20.08,20.21,19.64,20.17,604000,19.76
2011-10-13,19.98,20.10,19.83,20.00,793000,19.59
2011-10-12,19.73,20.46,19.73,20.13,1239900,19.72
2011-10-11,19.43,19.82,19.35,19.71,748500,19.31
2011-10-10,19.09,19.56,19.06,19.54,639200,19.14
2011-10-07,18.95,19.26,18.70,18.79,724900,18.41
2011-10-06,18.76,18.94,18.59,18.79,1153300,18.41
2011-10-05,18.58,18.97,18.27,18.87,1163400,18.49
2011-10-04,18.05,18.70,17.78,18.64,1700000,18.26
2011-10-03,18.80,19.17,18.23,18.25,1259300,17.88
2011-09-30,18.91,19.31,18.86,18.88,1433500,18.50
2011-09-29,19.56,19.67,18.86,19.27,1405700,18.88
2011-09-28,19.81,19.87,18.97,19.15,2059000,18.76
2011-09-27,20.22,20.25,19.64,19.72,1199900,19.32
2011-09-26,20.10,20.17,19.55,19.93,1491900,19.52
2011-09-23,19.44,20.00,19.37,19.99,1570500,19.58
2011-09-22,18.70,19.50,18.57,19.43,1903500,19.03
2011-09-21,20.10,20.33,19.34,19.34,1563500,18.95
2011-09-20,20.45,20.77,20.03,20.08,2328000,19.67
2011-09-19,20.16,20.55,19.98,20.36,835800,19.95
2011-09-16,20.62,20.86,20.36,20.58,1312600,20.16
2011-09-15,20.35,20.53,20.09,20.49,522400,20.07
2011-09-14,20.15,20.45,19.85,20.19,982200,19.78
2011-09-13,19.92,20.18,19.76,20.08,734400,19.67
2011-09-12,19.47,19.92,19.34,19.78,713300,19.38
2011-09-09,20.11,20.26,19.60,19.76,1530800,19.36
2011-09-08,20.81,21.03,20.23,20.29,916100,19.88
2011-09-07,20.59,21.06,20.50,20.95,780300,20.52
2011-09-06,19.52,20.38,19.52,20.33,827700,19.92
2011-09-02,20.17,20.60,20.00,20.19,824700,19.78
2011-09-01,20.88,21.22,20.39,20.43,1056500,20.01
2011-08-31,21.09,21.25,20.69,20.95,1333700,20.52
2011-08-30,20.86,21.08,20.59,20.92,1826200,20.49
2011-08-29,20.41,20.99,20.41,20.97,731000,20.54
2011-08-26,19.44,20.21,19.21,20.20,724100,19.79
2011-08-25,20.11,20.36,19.46,19.60,960700,19.20
2011-08-24,19.61,20.10,19.45,20.01,888100,19.60
2011-08-23,19.30,19.76,19.13,19.62,1718800,19.22
2011-08-22,19.81,19.81,19.05,19.34,774000,18.95
2011-08-19,19.25,20.00,18.87,19.35,1491000,18.96
2011-08-18,19.31,19.50,18.95,19.25,1233400,18.86
2011-08-17,20.19,20.19,19.69,19.91,1874100,19.50
2011-08-16,19.59,19.73,19.00,19.24,2055300,18.85
2011-08-15,19.79,20.09,19.57,19.75,958200,19.35
2011-08-12,19.59,20.20,19.35,19.71,1127500,19.10
2011-08-11,18.67,19.83,18.67,19.47,1343400,18.87
2011-08-10,18.47,19.22,18.18,18.47,1452200,17.90
2011-08-09,18.23,19.20,18.04,19.19,2800000,18.60
2011-08-08,17.73,18.34,17.60,17.87,1983200,17.32
2011-08-05,17.91,18.84,17.10,18.22,2102000,17.66
2011-08-04,18.75,18.89,17.81,17.92,1204400,17.37
2011-08-03,18.99,19.06,18.55,18.94,952800,18.36
2011-08-02,19.23,19.42,18.91,18.91,935200,18.33
2011-08-01,19.77,19.79,19.05,19.36,917700,18.76
2011-07-29,19.36,19.66,19.14,19.49,1165200,18.89
2011-07-28,19.52,19.71,19.39,19.54,661400,18.94
2011-07-27,20.00,20.07,19.38,19.56,737100,18.96
2011-07-26,19.81,20.17,19.67,20.04,424000,19.42
2011-07-25,20.13,20.29,19.80,19.86,637800,19.25
2011-07-22,20.18,20.48,20.12,20.37,571100,19.74
2011-07-21,19.80,20.24,19.75,20.15,628000,19.53
2011-07-20,19.69,19.75,19.51,19.59,465700,18.99
2011-07-19,19.20,19.79,19.20,19.60,592500,19.00
2011-07-18,19.66,19.68,18.94,19.05,1217800,18.46
2011-07-15,19.82,19.89,19.55,19.72,729200,19.11
2011-07-14,20.13,20.27,19.77,19.81,529700,19.20
2011-07-13,19.92,20.39,19.88,20.14,728400,19.52
2011-07-12,19.65,20.01,19.58,19.78,715500,19.17
2011-07-11,19.91,20.03,19.69,19.72,609000,19.11
2011-07-08,20.04,20.13,19.85,20.09,787800,19.47
2011-07-07,20.25,20.31,20.01,20.25,832600,19.63
2011-07-06,20.21,20.32,20.04,20.15,1001700,19.53
2011-07-05,20.73,20.80,20.16,20.20,1802500,19.58
2011-07-01,20.82,21.25,20.72,21.12,930800,20.47
2011-06-30,20.68,20.89,20.60,20.71,1140200,20.07
2011-06-29,20.46,20.72,20.34,20.59,881200,19.96
2011-06-28,20.00,20.45,19.97,20.35,943000,19.72
2011-06-27,20.00,20.15,19.87,19.92,942900,19.31
2011-06-24,20.02,20.14,19.80,20.03,4769200,19.41
2011-06-23,19.51,20.14,19.28,20.01,1023200,19.39
2011-06-22,19.86,20.00,19.61,19.71,872300,19.10
2011-06-21,19.65,19.95,19.60,19.91,742300,19.30
2011-06-20,19.95,20.09,19.51,19.57,992000,18.97
2011-06-17,20.04,20.17,19.79,20.02,1980600,19.40
2011-06-16,19.53,19.95,19.50,19.87,1261700,19.26
2011-06-15,19.30,19.64,19.22,19.53,1116900,18.93
2011-06-14,19.21,19.66,19.15,19.51,1021300,18.91
2011-06-13,19.09,19.14,18.65,19.05,1093100,18.46
2011-06-10,19.22,19.47,18.95,19.00,915000,18.41
2011-06-09,19.38,19.39,19.13,19.28,706900,18.69
2011-06-08,19.32,19.48,19.12,19.35,1197000,18.75
2011-06-07,19.40,19.53,19.16,19.32,1238700,18.72
2011-06-06,19.97,19.97,19.08,19.29,2571800,18.70
2011-06-03,20.47,20.47,20.02,20.08,1359300,19.46
2011-06-02,20.59,20.71,20.37,20.67,1190100,20.03
2011-06-01,21.68,21.69,20.71,20.77,2145700,19.93
2011-05-31,21.99,22.09,21.64,21.75,1439100,20.87
2011-05-27,21.66,21.87,21.53,21.75,426900,20.87
2011-05-26,21.50,21.65,21.18,21.60,856300,20.72
2011-05-25,21.50,21.75,21.42,21.50,1488600,20.63
2011-05-24,21.64,21.79,21.45,21.74,1125300,20.86
2011-05-23,21.53,21.67,21.38,21.53,1740700,20.66
2011-05-20,21.41,21.92,21.30,21.75,1435000,20.87
2011-05-19,21.25,21.72,21.18,21.50,1018300,20.63
2011-05-18,20.95,21.09,20.82,21.01,2043900,20.16
2011-05-17,20.64,20.95,20.54,20.90,1530200,20.05
2011-05-16,20.65,20.95,20.45,20.69,1201800,19.85
2011-05-13,20.75,20.77,20.38,20.71,1259900,19.87
2011-05-12,20.74,20.79,20.46,20.71,1070500,19.87
2011-05-11,20.64,20.81,20.52,20.78,1522800,19.94
2011-05-10,20.41,20.80,20.39,20.75,4349200,19.91
2011-05-09,21.19,21.58,21.12,21.31,587300,20.44
2011-05-06,21.53,21.60,21.12,21.25,773700,20.39
2011-05-05,20.84,21.72,20.52,21.31,2355800,20.44
2011-05-04,20.26,20.35,19.82,19.97,951600,19.16
2011-05-03,20.29,20.37,20.16,20.35,579800,19.52
2011-05-02,20.39,20.61,20.25,20.28,953300,19.46
2011-04-29,20.19,20.40,19.93,20.33,1056200,19.50
2011-04-28,19.93,20.28,19.93,20.16,797900,19.34
2011-04-27,19.50,20.21,19.50,20.00,1136600,19.19
2011-04-26,19.15,19.52,19.05,19.52,832500,18.73
2011-04-25,19.09,19.19,18.95,19.14,410200,18.36
2011-04-21,19.25,19.25,19.07,19.11,388900,18.33
2011-04-20,19.25,19.34,19.05,19.16,592700,18.38
2011-04-19,19.45,19.53,18.99,19.06,746300,18.29
2011-04-18,19.10,19.37,18.95,19.35,855500,18.56
2011-04-15,19.05,19.41,18.90,19.36,1308900,18.57
2011-04-14,19.52,19.58,18.69,19.07,2250300,18.30
2011-04-13,19.91,20.00,19.73,19.83,498600,19.02
2011-04-12,19.87,20.00,19.73,19.73,653300,18.93
2011-04-11,20.31,20.45,19.67,19.97,1445400,19.16
2011-04-08,20.77,20.88,20.58,20.58,517200,19.74
2011-04-07,20.81,20.92,20.42,20.61,505200,19.77
2011-04-06,20.57,20.82,20.38,20.81,788500,19.96
2011-04-05,20.08,20.61,20.08,20.43,755000,19.60
2011-04-04,19.93,20.34,19.92,20.17,1019100,19.35
2011-04-01,19.64,19.99,19.55,19.98,1052300,19.17
2011-03-31,19.24,19.50,19.18,19.35,705800,18.56
2011-03-30,19.19,19.31,19.03,19.20,964900,18.42
2011-03-29,19.38,19.41,18.79,19.06,657400,18.29
2011-03-28,19.71,19.94,19.34,19.36,561800,18.57
2011-03-25,19.64,19.76,19.50,19.60,385300,18.80
2011-03-24,19.26,19.67,19.23,19.53,756800,18.74
2011-03-23,18.92,19.17,18.63,19.10,507900,18.32
2011-03-22,19.15,19.20,18.86,18.87,259200,18.10
2011-03-21,18.62,19.24,18.54,19.12,666900,18.34
2011-03-18,18.61,18.77,18.40,18.57,726500,17.82
2011-03-17,18.96,19.00,18.44,18.47,1038100,17.72
2011-03-16,18.98,19.03,18.64,18.68,1325600,17.92
2011-03-15,18.58,19.17,18.47,18.97,1005400,18.20
2011-03-14,19.24,19.35,18.87,18.98,653800,18.21
2011-03-11,19.28,19.48,19.19,19.33,601800,18.55
2011-03-10,19.38,19.45,19.11,19.28,788900,18.50
2011-03-09,19.54,19.73,19.46,19.54,854400,18.75
2011-03-08,19.36,19.64,19.21,19.50,529900,18.71
2011-03-07,19.47,19.54,19.26,19.40,914100,18.61
2011-03-04,19.78,19.78,19.05,19.43,765300,18.64
2011-03-03,19.40,19.87,19.38,19.76,1024500,18.96
2011-03-02,19.42,19.53,19.18,19.29,1004400,18.51
2011-03-01,20.37,20.37,19.57,19.58,978500,18.58
2011-02-28,20.25,20.56,19.96,20.08,1032000,19.06
2011-02-25,19.59,20.29,19.57,20.12,1157500,19.10
2011-02-24,19.47,20.00,19.25,19.88,1693500,18.87
2011-02-23,18.99,19.00,18.61,18.66,697200,17.71
2011-02-22,19.31,19.31,18.85,18.92,702300,17.96
2011-02-18,19.59,19.64,19.38,19.42,581900,18.43
2011-02-17,19.24,19.53,19.18,19.49,455700,18.50
2011-02-16,18.97,19.38,18.92,19.31,639600,18.33
2011-02-15,18.56,19.01,18.56,18.90,882800,17.94
2011-02-14,18.55,18.57,18.45,18.55,233100,17.61
2011-02-11,18.56,18.58,18.42,18.58,575000,17.63
2011-02-10,17.80,18.89,17.71,18.60,1423200,17.65
2011-02-09,17.72,18.00,17.71,17.86,475100,16.95
2011-02-08,17.50,17.76,17.30,17.76,635000,16.86
2011-02-07,17.50,17.73,17.42,17.50,654900,16.61
2011-02-04,17.53,17.54,17.35,17.48,868800,16.59
2011-02-03,17.25,17.52,17.07,17.50,581100,16.61
2011-02-02,17.11,17.30,16.98,17.23,466400,16.35
2011-02-01,17.00,17.24,17.00,17.16,681300,16.29
2011-01-31,16.98,17.02,16.70,16.95,914500,16.09
2011-01-28,17.14,17.27,16.73,16.82,710700,15.96
2011-01-27,17.23,17.23,17.00,17.20,412200,16.32
2011-01-26,17.37,17.63,17.14,17.21,566400,16.33
2011-01-25,17.05,17.28,16.88,17.28,587900,16.40
2011-01-24,17.27,17.27,17.00,17.07,699600,16.20
2011-01-21,17.67,17.73,17.04,17.18,1042000,16.31
2011-01-20,17.70,17.74,17.39,17.66,640800,16.76
2011-01-19,18.01,18.02,17.66,17.81,952100,16.90
2011-01-18,18.26,18.36,17.90,17.95,1227400,17.04
2011-01-14,17.75,17.84,17.53,17.79,474900,16.88
2011-01-13,17.80,17.85,17.69,17.75,605600,16.85
2011-01-12,17.67,17.85,17.65,17.74,686300,16.84
2011-01-11,17.67,17.78,17.50,17.55,576900,16.66
2011-01-10,17.53,17.65,17.47,17.62,573100,16.72
2011-01-07,17.68,17.73,17.38,17.60,605200,16.70
2011-01-06,17.85,17.93,17.54,17.63,898300,16.73
2011-01-05,17.89,17.89,17.66,17.81,681600,16.90
2011-01-04,17.48,17.99,17.35,17.95,1847300,17.04
2011-01-03,17.32,17.39,17.20,17.34,980100,16.46
2010-12-31,17.37,17.50,17.24,17.24,852300,16.36
2010-12-30,17.27,17.46,17.17,17.34,1150700,16.46
2010-12-29,17.32,17.43,17.23,17.23,480300,16.35
2010-12-28,17.56,17.58,17.11,17.27,1116000,16.39
2010-12-27,17.65,17.72,17.36,17.50,467000,16.61
2010-12-23,17.78,17.87,17.71,17.75,334500,16.85
2010-12-22,17.80,17.84,17.64,17.83,883300,16.92
2010-12-21,17.64,17.88,17.56,17.73,584200,16.83
2010-12-20,17.52,17.62,17.35,17.55,782300,16.66
2010-12-17,17.63,17.63,17.31,17.54,1598700,16.65
2010-12-16,17.66,17.67,17.33,17.59,2037200,16.69
2010-12-15,17.93,17.93,17.59,17.59,1482000,16.69
2010-12-14,18.05,18.13,17.90,17.91,586200,17.00
2010-12-13,18.18,18.18,17.92,18.01,483400,17.09
2010-12-10,18.14,18.17,18.04,18.10,675000,17.18
2010-12-09,18.20,18.32,18.00,18.09,532300,17.17
2010-12-08,18.25,18.31,18.05,18.06,773800,17.14
2010-12-07,18.58,18.60,18.14,18.20,1500600,17.27
2010-12-06,18.58,18.65,18.38,18.40,900700,17.46
2010-12-03,18.30,18.70,18.18,18.60,1761000,17.65
2010-12-02,18.01,18.41,17.97,18.29,2209100,17.36
2010-12-01,17.82,18.06,17.75,17.90,1801900,16.99
2010-11-30,17.61,17.79,17.49,17.55,699900,16.66
2010-11-29,17.98,17.98,17.47,17.75,472200,16.85
2010-11-26,17.90,17.99,17.79,17.94,117800,17.03
2010-11-24,17.95,18.05,17.85,18.00,779000,17.08
2010-11-23,17.60,17.86,17.44,17.81,656900,16.90
2010-11-22,17.69,17.84,17.40,17.82,614000,16.91
2010-11-19,17.80,17.92,17.61,17.70,629800,16.80
2010-11-18,17.79,17.95,17.76,17.79,534500,16.88
2010-11-17,17.72,17.95,17.69,17.82,643500,16.71
2010-11-16,18.09,18.10,17.71,17.85,852800,16.74
2010-11-15,18.24,18.37,18.13,18.19,281300,17.06
2010-11-12,18.10,18.47,18.08,18.11,627400,16.99
2010-11-11,18.31,18.43,18.14,18.20,1034500,17.07
2010-11-10,18.53,18.53,18.17,18.42,865500,17.28
2010-11-09,18.00,18.66,17.96,18.45,2827700,17.30
2010-11-08,18.24,18.81,18.11,18.57,733800,17.42
2010-11-05,17.93,18.66,17.90,18.35,1045100,17.21
2010-11-04,17.85,18.00,17.62,17.92,675600,16.81
2010-11-03,17.70,17.73,17.34,17.69,607600,16.59
2010-11-02,17.69,17.78,17.42,17.63,601600,16.54
2010-11-01,17.67,17.83,17.44,17.52,665200,16.43
2010-10-29,17.66,17.75,17.40,17.55,571300,16.46
2010-10-28,17.54,17.80,17.39,17.65,559200,16.55
2010-10-27,17.29,17.40,16.77,17.39,600100,16.31
2010-10-26,17.24,17.64,17.16,17.35,388900,16.27
2010-10-25,17.44,17.58,17.27,17.36,422300,16.28
2010-10-22,17.30,17.38,17.12,17.26,338100,16.19
2010-10-21,17.39,17.50,17.06,17.34,394100,16.26
2010-10-20,17.03,17.54,16.89,17.29,513300,16.22
2010-10-19,17.11,17.34,16.76,16.93,503600,15.88
2010-10-18,17.14,17.39,17.11,17.33,308600,16.25
2010-10-15,17.44,17.50,16.97,17.06,572000,16.00
2010-10-14,17.31,17.48,17.01,17.32,530100,16.24
2010-10-13,17.32,17.45,17.17,17.27,623300,16.20
2010-10-12,17.06,17.24,16.88,17.17,504000,16.10
2010-10-11,17.31,17.37,16.73,17.02,617800,15.96
2010-10-08,17.00,17.25,16.83,17.13,493500,16.07
2010-10-07,17.00,17.31,16.92,17.01,784700,15.95
2010-10-06,16.69,17.07,16.59,16.94,778800,15.89
2010-10-05,16.50,16.70,16.22,16.67,619800,15.64
2010-10-04,16.36,16.61,16.24,16.33,620000,15.32
2010-10-01,16.28,16.50,15.95,16.42,423300,15.40
2010-09-30,16.29,16.45,16.06,16.10,424800,15.10
2010-09-29,15.81,16.33,15.77,16.16,438600,15.16
2010-09-28,15.72,15.89,15.34,15.82,337400,14.84
2010-09-27,16.00,16.00,15.57,15.64,317000,14.67
2010-09-24,15.77,15.99,15.69,15.98,304700,14.99
2010-09-23,15.50,15.76,15.40,15.55,637000,14.58
2010-09-22,15.81,15.88,15.36,15.58,269900,14.61
2010-09-21,15.77,15.85,15.53,15.81,476800,14.83
2010-09-20,15.60,15.74,15.37,15.72,477800,14.74
2010-09-17,15.47,15.53,15.13,15.53,467100,14.57
2010-09-16,15.37,15.45,15.06,15.37,340800,14.42
2010-09-15,15.43,15.49,15.25,15.46,560500,14.50
2010-09-14,15.83,15.87,15.46,15.52,548900,14.56
2010-09-13,15.93,16.09,15.77,15.91,375400,14.92
2010-09-10,15.83,15.94,15.58,15.84,442700,14.86
2010-09-09,15.90,15.97,15.55,15.74,367400,14.76
2010-09-08,15.44,16.00,15.44,15.65,758000,14.68
2010-09-07,15.96,15.96,15.29,15.33,547900,14.38
2010-09-03,15.64,16.00,15.58,15.98,493100,14.99
2010-09-02,15.11,15.48,15.10,15.47,469800,14.51
2010-09-01,14.82,15.24,14.77,15.14,511300,14.20
2010-08-31,14.41,14.66,14.25,14.61,774300,13.70
2010-08-30,14.73,14.77,14.43,14.44,476700,13.54
2010-08-27,14.78,14.87,14.37,14.73,828400,13.82
2010-08-26,14.90,14.94,14.60,14.72,525800,13.81
2010-08-25,14.60,14.86,14.33,14.81,814600,13.89
2010-08-24,14.84,14.93,14.42,14.71,984100,13.80
2010-08-23,15.49,15.57,14.96,15.00,705200,14.07
2010-08-20,15.30,15.53,15.09,15.46,504600,14.50
2010-08-19,15.69,15.74,15.17,15.39,655400,14.43
2010-08-18,15.69,15.84,15.55,15.69,1013900,14.72
2010-08-17,15.95,15.95,15.64,15.67,1445400,14.70
2010-08-16,15.49,15.98,15.42,15.76,466100,14.78
2010-08-13,15.69,15.84,15.25,15.51,1231200,14.55
2010-08-12,15.87,16.08,15.67,15.78,894900,14.63
2010-08-11,16.20,16.26,15.88,16.09,1074700,14.92
2010-08-10,16.34,16.77,16.34,16.46,1142500,15.26
2010-08-09,16.75,16.89,16.44,16.52,685200,15.32
2010-08-06,15.88,16.83,15.85,16.58,957700,15.37
2010-08-05,15.75,16.18,15.38,16.00,1514200,14.84
2010-08-04,15.02,15.22,14.97,15.13,492700,14.03
2010-08-03,14.87,15.03,14.71,14.96,541800,13.87
2010-08-02,14.80,15.00,14.67,14.87,454400,13.79
2010-07-30,14.22,14.64,14.05,14.59,729700,13.53
2010-07-29,14.53,14.61,14.12,14.32,328900,13.28
2010-07-28,14.51,14.56,14.32,14.40,449100,13.35
2010-07-27,15.00,15.03,14.55,14.56,527000,13.50
2010-07-26,14.57,14.90,14.49,14.88,716000,13.80
2010-07-23,14.27,14.53,14.12,14.49,297300,13.44
2010-07-22,13.95,14.42,13.90,14.36,494300,13.31
2010-07-21,13.97,14.01,13.68,13.75,858900,12.75
2010-07-20,13.39,13.92,13.29,13.86,689100,12.85
2010-07-19,13.39,13.65,13.29,13.63,657500,12.64
2010-07-16,13.95,13.95,13.29,13.42,525700,12.44
2010-07-15,14.14,14.26,13.80,14.01,685600,12.99
2010-07-14,14.36,14.36,14.03,14.21,572900,13.18
2010-07-13,14.11,14.60,13.87,14.36,1321500,13.31
2010-07-12,13.96,14.13,13.88,13.93,556400,12.92
2010-07-09,13.97,14.09,13.78,14.04,396600,13.02
2010-07-08,13.94,14.20,13.78,13.94,733400,12.93
2010-07-07,13.41,13.92,13.27,13.80,1817800,12.80
2010-07-06,13.25,13.67,13.22,13.36,1720200,12.39
2010-07-02,13.14,13.14,12.86,12.95,794600,12.01
2010-07-01,13.14,13.27,12.73,13.07,1170900,12.12
2010-06-30,13.53,13.68,13.09,13.15,1219900,12.19
2010-06-29,14.52,14.53,13.34,13.57,1299500,12.58
2010-06-28,14.92,15.05,14.69,14.73,633400,13.66
2010-06-25,14.69,15.17,14.43,15.01,3700800,13.92
2010-06-24,14.78,14.95,14.59,14.69,565400,13.62
2010-06-23,14.81,14.94,14.60,14.80,291200,13.72
2010-06-22,15.51,15.65,14.79,14.85,893400,13.77
2010-06-21,16.38,16.46,15.50,15.62,674000,14.48
2010-06-18,15.77,16.19,15.54,16.19,830200,15.01
2010-06-17,15.64,15.73,15.35,15.68,436900,14.54
2010-06-16,15.68,15.90,15.53,15.66,922400,14.52
2010-06-15,15.38,15.87,15.31,15.86,503600,14.71
2010-06-14,15.63,15.72,15.21,15.32,650800,14.20
2010-06-11,14.96,15.66,14.96,15.50,786200,14.37
2010-06-10,15.05,15.27,14.73,15.03,393200,13.94
2010-06-09,14.58,15.09,14.48,14.85,847300,13.77
2010-06-08,14.64,14.75,14.22,14.53,909600,13.47
2010-06-07,14.98,15.23,14.59,14.63,911200,13.57
2010-06-04,14.97,15.29,14.94,14.98,1045500,13.89
2010-06-03,14.60,15.56,14.54,15.25,1235200,14.14
2010-06-02,14.61,14.72,14.13,14.61,1813100,13.55
2010-06-01,15.40,15.78,14.79,14.80,1456700,13.56
2010-05-28,16.53,16.53,15.81,15.99,417800,14.65
2010-05-27,16.02,16.52,15.94,16.51,586400,15.12
2010-05-26,16.00,16.36,15.69,15.76,692100,14.44
2010-05-25,15.41,15.90,14.97,15.87,854500,14.54
2010-05-24,16.43,16.46,15.66,15.69,606100,14.37
2010-05-21,15.51,16.48,15.36,16.40,1700200,15.02
2010-05-20,16.55,16.59,15.51,15.70,1759400,14.38
2010-05-19,17.06,17.15,16.53,16.88,939600,15.46
2010-05-18,17.51,17.79,17.10,17.13,807500,15.69
2010-05-17,17.22,17.55,17.07,17.36,1253500,15.90
2010-05-14,17.60,17.61,17.03,17.20,806000,15.75
2010-05-13,17.59,18.07,17.56,17.65,1385700,16.17
2010-05-12,17.75,17.88,17.52,17.64,1654000,16.16
2010-05-11,17.69,17.94,17.59,17.69,1561300,16.20
2010-05-10,18.55,18.55,17.55,17.75,1234600,16.26
2010-05-07,18.41,18.59,17.83,17.98,1247500,16.47
2010-05-06,18.20,19.80,17.42,18.48,2000000,16.93
2010-05-05,18.16,18.20,17.40,17.69,656800,16.20
2010-05-04,18.51,18.73,18.07,18.22,475300,16.69
2010-05-03,18.27,18.85,18.27,18.77,390100,17.19
2010-04-30,18.77,18.91,18.20,18.26,415700,16.73
2010-04-29,18.46,18.92,18.46,18.75,409500,17.17
2010-04-28,18.63,18.70,18.19,18.39,499500,16.84
2010-04-27,19.24,19.24,18.35,18.46,531400,16.91
2010-04-26,19.14,19.58,19.14,19.35,726800,17.72
2010-04-23,19.10,19.28,18.79,19.20,435500,17.59
2010-04-22,18.75,19.21,18.31,19.12,671900,17.51
2010-04-21,19.15,19.15,18.63,18.84,996000,17.26
2010-04-20,18.95,19.42,18.85,19.15,1056000,17.54
2010-04-19,18.75,19.00,18.65,18.88,799500,17.29
2010-04-16,18.86,19.00,18.59,18.90,905500,17.31
2010-04-15,18.76,19.01,18.71,19.01,1065200,17.41
2010-04-14,17.98,18.82,17.93,18.82,1024300,17.24
2010-04-13,18.05,18.21,17.81,18.00,961300,16.49
2010-04-12,18.41,18.53,17.85,18.14,849800,16.62
2010-04-09,18.52,18.72,18.02,18.46,1345800,16.91
2010-04-08,18.77,18.94,18.50,18.85,478900,17.27
2010-04-07,18.84,19.00,18.51,18.76,1015200,17.18
2010-04-06,18.49,19.00,18.35,18.92,775400,17.33
2010-04-05,18.65,18.78,18.44,18.55,557000,16.99
2010-04-01,18.49,18.59,18.26,18.47,497300,16.92
2010-03-31,18.33,18.45,18.05,18.34,625800,16.80
2010-03-30,17.80,18.39,17.80,18.34,992500,16.80
2010-03-29,17.87,17.90,17.08,17.82,835700,16.32
2010-03-26,18.29,18.34,18.07,18.20,829000,16.67
2010-03-25,17.91,18.47,17.87,18.21,1346600,16.68
2010-03-24,17.67,17.75,17.52,17.74,384400,16.25
2010-03-23,17.50,17.80,17.40,17.72,648300,16.23
2010-03-22,17.18,17.67,17.03,17.50,886700,16.03
2010-03-19,17.25,17.37,17.18,17.25,1054900,15.80
2010-03-18,17.20,17.36,17.18,17.25,547300,15.80
2010-03-17,17.33,17.40,17.12,17.28,678800,15.83
2010-03-16,17.38,17.41,17.25,17.37,888200,15.91
2010-03-15,17.24,17.44,17.02,17.32,1139500,15.86
2010-03-12,17.18,17.28,16.94,17.22,1781100,15.77
2010-03-11,16.78,17.17,16.57,17.10,5486500,15.66
2010-03-10,17.67,18.26,17.63,18.16,947800,16.63
2010-03-09,17.35,17.66,17.35,17.62,757500,16.14
2010-03-08,17.09,17.50,17.00,17.46,760300,15.99
2010-03-05,17.00,17.25,16.91,17.14,666500,15.70
2010-03-04,16.74,17.01,16.53,16.98,523800,15.55
2010-03-03,16.82,16.93,16.62,16.67,896700,15.27
2010-03-02,16.69,17.03,16.47,16.90,1822900,15.31
2010-03-01,16.20,16.52,16.06,16.25,892900,14.73
2010-02-26,15.83,16.15,15.35,16.11,802300,14.60
2010-02-25,15.64,16.25,15.50,16.03,2294700,14.53
2010-02-24,15.29,15.55,15.25,15.31,484300,13.87
2010-02-23,15.39,15.60,15.25,15.29,509700,13.86
2010-02-22,15.40,15.53,15.27,15.45,640400,14.00
2010-02-19,15.26,15.40,15.05,15.36,455500,13.92
2010-02-18,14.94,15.26,14.92,15.25,405000,13.82
2010-02-17,15.14,15.24,14.83,14.99,514100,13.58
2010-02-16,14.88,15.00,14.65,15.00,726600,13.59
2010-02-12,14.57,15.00,14.44,14.86,525300,13.47
2010-02-11,14.50,14.67,14.41,14.66,554200,13.28
2010-02-10,14.80,14.98,14.51,14.54,474200,13.18
2010-02-09,14.99,15.07,14.70,14.87,415700,13.47
2010-02-08,14.58,15.01,14.41,14.82,626000,13.43
2010-02-05,14.39,14.46,14.11,14.33,692900,12.99
2010-02-04,14.67,14.67,14.28,14.33,448600,12.99
2010-02-03,14.66,14.95,14.62,14.84,346100,13.45
2010-02-02,14.46,14.86,14.36,14.80,436000,13.41
2010-02-01,14.16,14.56,14.15,14.52,386700,13.16
2010-01-29,14.51,14.57,14.17,14.18,453400,12.85
2010-01-28,14.38,15.07,14.08,14.51,1031500,13.15
2010-01-27,14.48,14.81,14.45,14.73,338800,13.35
2010-01-26,14.51,14.68,14.42,14.60,1042700,13.23
2010-01-25,14.56,14.65,14.29,14.54,598800,13.18
2010-01-22,14.58,14.74,14.41,14.43,622700,13.08
2010-01-21,14.31,14.55,14.26,14.55,1053600,13.18
2010-01-20,14.55,14.56,14.11,14.33,2877500,12.99
2010-01-19,15.00,15.47,14.97,15.07,319100,13.66
2010-01-15,15.24,15.40,14.80,14.97,345800,13.57
2010-01-14,15.08,15.30,15.08,15.17,211700,13.75
2010-01-13,14.75,15.23,14.72,15.17,420400,13.75
2010-01-12,15.17,15.22,14.70,14.77,340800,13.38
2010-01-11,14.99,15.28,14.93,15.22,476400,13.79
2010-01-08,14.67,14.89,14.64,14.85,204900,13.46
2010-01-07,14.60,14.76,14.58,14.67,438800,13.29
2010-01-06,14.56,14.72,14.50,14.63,380900,13.26
2010-01-05,14.69,14.71,14.31,14.46,359500,13.10
2010-01-04,14.54,14.79,14.43,14.71,448200,13.33
2009-12-31,14.67,14.85,14.35,14.37,229700,13.02
2009-12-30,14.20,14.55,14.20,14.53,234600,13.17
2009-12-29,14.19,14.35,14.15,14.28,258400,12.94
2009-12-28,13.99,14.12,13.84,14.09,275100,12.77
2009-12-24,13.89,13.97,13.80,13.95,94000,12.64
2009-12-23,14.00,14.00,13.80,13.89,402100,12.59
2009-12-22,13.76,14.00,13.68,13.96,520800,12.65
2009-12-21,13.54,13.72,13.41,13.68,367200,12.40
2009-12-18,13.32,13.50,13.32,13.46,527700,12.20
2009-12-17,13.57,13.59,13.18,13.21,425800,11.97
2009-12-16,13.41,13.70,13.36,13.54,651400,12.27
2009-12-15,13.39,13.46,13.25,13.41,491500,12.15
2009-12-14,13.41,13.47,12.80,13.42,634900,12.16
2009-12-11,13.14,13.50,12.96,13.40,705700,12.14
2009-12-10,13.16,13.30,12.98,13.04,253900,11.82
2009-12-09,13.10,13.20,12.93,13.15,230200,11.92
2009-12-08,13.29,13.46,12.98,13.05,629600,11.83
2009-12-07,13.19,13.50,13.18,13.44,517000,12.18
2009-12-04,12.99,13.20,12.90,13.20,721600,11.96
2009-12-03,13.06,13.36,13.01,13.04,587900,11.82
2009-12-02,12.84,13.08,12.76,13.07,2066400,11.84
2009-12-01,12.65,12.85,12.65,12.79,811100,11.59
2009-11-30,12.46,12.68,12.38,12.65,497400,11.46
2009-11-27,12.30,12.65,12.25,12.44,176200,11.27
2009-11-25,12.63,12.66,12.47,12.59,335800,11.41
2009-11-24,12.56,12.72,12.43,12.58,425400,11.40
2009-11-23,12.31,12.68,12.31,12.59,594900,11.41
2009-11-20,12.43,12.45,12.25,12.34,234000,11.02
2009-11-19,12.28,12.50,12.19,12.47,374200,11.14
2009-11-18,12.37,12.42,12.14,12.32,390900,11.00
2009-11-17,12.20,12.38,12.14,12.33,275400,11.01
2009-11-16,12.23,12.40,12.04,12.29,460500,10.97
2009-11-13,12.46,12.46,12.07,12.25,260700,10.94
2009-11-12,12.50,12.65,12.21,12.40,277700,11.07
2009-11-11,12.56,12.75,12.40,12.52,555100,11.18
2009-11-10,12.35,13.32,11.96,12.43,1088200,11.10
2009-11-09,12.07,12.43,11.99,12.33,554600,11.01
2009-11-06,11.67,11.76,11.40,11.73,244300,10.47
2009-11-05,11.46,11.90,11.46,11.74,277900,10.48
2009-11-04,11.25,11.59,11.07,11.40,429800,10.18
2009-11-03,11.17,11.27,11.00,11.17,282000,9.97
2009-11-02,11.62,11.72,11.02,11.20,332600,10.00
2009-10-30,11.26,11.70,11.25,11.59,430600,10.35
2009-10-29,11.11,11.49,11.07,11.34,437400,10.13
2009-10-28,11.26,11.50,11.01,11.05,346600,9.87
2009-10-27,11.31,11.37,11.17,11.27,164600,10.06
2009-10-26,11.45,11.63,11.19,11.22,218200,10.02
2009-10-23,11.92,11.92,11.31,11.41,277500,10.19
2009-10-22,11.50,12.00,11.50,11.92,494900,10.64
2009-10-21,11.21,11.54,11.07,11.21,450100,10.01
2009-10-20,11.22,11.29,11.12,11.18,182800,9.98
2009-10-19,11.16,11.41,11.16,11.23,180600,10.03
2009-10-16,11.11,11.20,10.95,11.17,397600,9.97
2009-10-15,11.28,11.28,11.14,11.20,311500,10.00
2009-10-14,11.38,11.38,11.17,11.29,225800,10.08
2009-10-13,11.35,11.35,11.08,11.22,247800,10.02
2009-10-12,11.59,11.59,11.18,11.30,395800,10.09
2009-10-09,11.13,11.52,11.11,11.41,697400,10.19
2009-10-08,11.09,11.20,10.91,11.07,274300,9.89
2009-10-07,11.18,11.20,10.87,11.01,226000,9.83
2009-10-06,10.54,11.25,10.48,11.21,545300,10.01
2009-10-05,10.31,10.50,10.08,10.45,176800,9.33
2009-10-02,10.18,10.46,10.16,10.35,180200,9.24
2009-10-01,10.36,10.36,10.10,10.24,220500,9.14
2009-09-30,10.48,10.51,10.19,10.36,178500,9.25
2009-09-29,10.33,10.52,10.28,10.48,329900,9.36
2009-09-28,10.32,10.59,10.22,10.29,170400,9.19
2009-09-25,10.20,10.35,10.19,10.29,261400,9.19
2009-09-24,10.25,10.33,10.16,10.26,303000,9.16
2009-09-23,10.50,10.55,10.24,10.24,178400,9.14
2009-09-22,10.49,10.54,10.30,10.43,214700,9.31
2009-09-21,10.45,10.49,10.33,10.46,194800,9.34
2009-09-18,10.81,10.81,10.40,10.50,645400,9.38
2009-09-17,10.64,10.91,10.60,10.80,232200,9.64
2009-09-16,10.46,10.75,10.41,10.69,273700,9.55
2009-09-15,10.70,10.78,10.35,10.43,217500,9.31
2009-09-14,10.67,10.74,10.44,10.73,247300,9.58
2009-09-11,10.13,10.99,10.10,10.64,695800,9.50
2009-09-10,9.94,10.14,9.93,10.00,501500,8.93
2009-09-09,10.08,10.16,9.91,10.00,223600,8.93
2009-09-08,10.07,10.17,9.94,10.05,310600,8.97
2009-09-04,9.98,10.02,9.89,10.02,153900,8.95
2009-09-03,9.86,10.04,9.77,9.98,243500,8.91
2009-09-02,9.77,9.99,9.69,9.86,416000,8.80
2009-09-01,9.99,10.14,9.81,9.88,527700,8.82
2009-08-31,9.71,10.25,9.70,10.04,419000,8.97
2009-08-28,9.71,9.85,9.60,9.75,196700,8.71
2009-08-27,9.74,9.76,9.50,9.68,274900,8.64
2009-08-26,9.76,9.84,9.51,9.69,144700,8.65
2009-08-25,9.85,10.00,9.78,9.79,131500,8.74
2009-08-24,9.85,9.93,9.69,9.84,169600,8.79
2009-08-21,9.85,9.93,9.73,9.86,181900,8.80
2009-08-20,9.60,9.76,9.52,9.72,202700,8.68
2009-08-19,9.58,9.78,9.51,9.68,240800,8.64
2009-08-18,9.85,9.90,9.61,9.70,183900,8.66
2009-08-17,9.85,9.90,9.58,9.80,349500,8.75
2009-08-14,10.03,10.04,9.74,9.96,327900,8.89
2009-08-13,10.21,10.22,9.94,10.03,387100,8.96
2009-08-12,10.15,10.27,10.07,10.24,381100,8.98
2009-08-11,10.50,10.50,10.11,10.11,313900,8.87
2009-08-10,10.50,10.65,10.40,10.50,490900,9.21
2009-08-07,10.99,11.08,10.43,10.44,367800,9.16
2009-08-06,10.68,10.99,10.38,10.66,220600,9.35
2009-08-05,10.84,10.98,10.51,10.62,217000,9.32
2009-08-04,11.01,11.01,10.70,10.79,356300,9.47
2009-08-03,11.22,11.49,10.67,10.98,516100,9.63
2009-07-31,11.18,11.33,11.07,11.09,207300,9.73
2009-07-30,11.47,11.63,11.14,11.23,231400,9.85
2009-07-29,11.09,11.41,11.04,11.38,307100,9.98
2009-07-28,10.87,11.14,10.87,11.04,284400,9.69
2009-07-27,10.95,11.00,10.84,10.90,275300,9.56
2009-07-24,10.88,10.99,10.79,10.91,417800,9.57
2009-07-23,10.86,11.00,10.82,10.90,297000,9.56
2009-07-22,10.69,10.95,10.61,10.86,283400,9.53
2009-07-21,11.05,11.08,10.65,10.69,139700,9.38
2009-07-20,10.94,10.97,10.72,10.93,260900,9.59
2009-07-17,10.97,10.97,10.59,10.79,192200,9.47
2009-07-16,10.88,11.16,10.81,10.96,232800,9.61
2009-07-15,10.95,11.05,10.72,10.88,493200,9.54
2009-07-14,11.11,11.31,10.84,10.87,328900,9.54
2009-07-13,10.58,10.71,10.38,10.67,163100,9.36
2009-07-10,10.57,10.65,10.38,10.57,240100,9.27
2009-07-09,10.82,10.82,10.55,10.58,198200,9.28
2009-07-08,10.96,10.98,10.54,10.73,155500,9.41
2009-07-07,10.98,11.14,10.87,10.89,228100,9.55
2009-07-06,10.75,11.44,10.74,10.94,481500,9.60
2009-07-02,11.12,11.24,10.83,10.84,222100,9.51
2009-07-01,11.44,11.65,11.21,11.30,274400,9.91
2009-06-30,11.32,11.42,11.27,11.32,319400,9.93
2009-06-29,10.85,11.22,10.84,11.20,239100,9.83
2009-06-26,10.73,10.98,10.58,10.83,1018500,9.50
2009-06-25,10.51,10.81,10.41,10.74,171000,9.42
2009-06-24,10.66,10.74,10.42,10.63,154800,9.33
2009-06-23,10.74,10.78,10.53,10.55,128900,9.26
2009-06-22,10.89,10.94,10.64,10.64,170900,9.33
2009-06-19,11.10,11.27,10.89,10.96,511800,9.61
2009-06-18,10.76,11.49,10.73,11.00,522500,9.65
2009-06-17,10.59,10.72,10.50,10.55,233600,9.26
2009-06-16,10.66,10.75,10.48,10.55,312000,9.26
2009-06-15,10.67,10.78,10.51,10.71,264400,9.40
2009-06-12,10.55,10.78,10.51,10.74,221000,9.42
2009-06-11,10.50,10.85,10.45,10.59,382000,9.29
2009-06-10,10.81,10.81,10.24,10.40,296000,9.12
2009-06-09,10.81,10.84,10.64,10.68,223000,9.37
2009-06-08,11.09,11.13,10.75,10.82,240600,9.49
2009-06-05,11.21,11.30,10.92,11.08,200200,9.72
2009-06-04,11.36,11.39,11.03,11.21,186300,9.83
2009-06-03,11.07,11.29,11.07,11.25,199900,9.87
2009-06-02,11.04,11.19,10.96,11.13,578600,9.76
2009-06-01,10.66,11.09,10.66,10.99,390500,9.64
2009-05-29,10.56,10.64,10.43,10.62,193400,9.32
2009-05-28,10.53,10.69,10.23,10.67,1145300,9.20
2009-05-27,10.45,10.65,10.34,10.43,249400,9.00
2009-05-26,10.18,10.58,10.10,10.47,199400,9.03
2009-05-22,10.19,10.33,10.08,10.23,334400,8.82
2009-05-21,10.20,10.29,10.01,10.17,249000,8.77
2009-05-20,10.27,10.48,10.15,10.26,329000,8.85
2009-05-19,10.20,10.38,10.12,10.24,357000,8.83
2009-05-18,9.98,10.23,9.87,10.21,370700,8.81
2009-05-15,10.12,10.31,9.87,9.91,197000,8.55
2009-05-14,10.14,10.30,10.03,10.14,634500,8.75
2009-05-13,10.34,10.34,9.99,10.04,265200,8.66
2009-05-12,10.78,10.79,10.36,10.48,235800,9.04
2009-05-11,10.98,10.98,10.71,10.76,215400,9.28
2009-05-08,10.80,11.16,10.71,11.16,343300,9.63
2009-05-07,10.68,11.09,10.60,10.98,707300,9.47
2009-05-06,10.00,10.54,10.00,10.50,464100,9.06
2009-05-05,9.24,9.92,9.22,9.91,397900,8.55
2009-05-04,8.88,9.27,8.69,9.27,551400,8.00
2009-05-01,8.95,8.98,8.63,8.78,250700,7.57
2009-04-30,8.84,9.06,8.84,8.90,414000,7.68
2009-04-29,9.07,9.23,8.73,8.87,730800,7.65
2009-04-28,9.24,9.49,8.82,8.93,628900,7.70
2009-04-27,9.50,9.80,9.26,9.35,424600,8.06
2009-04-24,9.50,9.74,9.40,9.54,502800,8.23
2009-04-23,9.82,9.82,9.39,9.52,478000,8.21
2009-04-22,9.74,10.35,9.70,9.90,282700,8.54
2009-04-21,9.66,10.01,9.39,9.97,218600,8.60
2009-04-20,10.22,10.28,9.26,9.69,417000,8.36
2009-04-17,10.76,10.76,10.34,10.40,279200,8.97
2009-04-16,10.28,10.96,10.19,10.79,222200,9.31
2009-04-15,9.86,10.22,9.81,10.22,194000,8.81
2009-04-14,10.39,10.39,9.88,9.93,311800,8.56
2009-04-13,10.01,10.56,9.88,10.49,369600,9.05
2009-04-09,10.17,10.62,10.00,10.22,340000,8.81
2009-04-08,9.49,10.08,9.49,9.95,345800,8.58
2009-04-07,9.55,9.62,9.41,9.41,490000,8.12
2009-04-06,9.69,9.71,9.45,9.61,782600,8.29
2009-04-03,10.50,10.56,9.57,9.82,569300,8.47
2009-04-02,9.80,10.58,9.79,10.49,248700,9.05
2009-04-01,9.28,9.90,9.14,9.88,303900,8.52
2009-03-31,9.46,9.60,9.35,9.39,170100,8.10
2009-03-30,9.28,9.57,9.07,9.38,186300,8.09
2009-03-27,9.60,9.88,9.27,9.50,152500,8.19
2009-03-26,9.95,10.26,9.48,9.77,409800,8.43
2009-03-25,9.11,9.68,8.99,9.66,176900,8.33
2009-03-24,9.24,9.26,8.93,9.02,159900,7.78
2009-03-23,8.51,9.44,8.47,9.39,226300,8.10
2009-03-20,8.73,8.74,8.20,8.35,224500,7.20
2009-03-19,8.90,9.06,8.57,8.69,229500,7.49
2009-03-18,7.99,8.89,7.91,8.83,349300,7.62
2009-03-17,7.52,8.05,7.47,8.00,507100,6.90
2009-03-16,7.69,7.87,7.45,7.50,198200,6.47
2009-03-13,7.70,7.80,7.44,7.58,564600,6.54
2009-03-12,7.74,8.00,7.47,7.79,541800,6.72
2009-03-11,7.91,8.20,7.62,7.79,318400,6.72
2009-03-10,6.97,7.87,6.97,7.70,382100,6.64
2009-03-09,7.04,7.22,6.75,6.83,165500,5.89
2009-03-06,6.75,7.13,6.75,7.12,171900,6.14
2009-03-05,7.52,7.52,6.80,6.83,174600,5.89
2009-03-04,6.99,7.73,6.94,7.50,224100,6.47
2009-03-03,7.22,7.33,6.82,6.86,359100,5.92
2009-03-02,7.59,7.59,7.01,7.31,199200,6.15
2009-02-27,8.01,8.29,7.68,7.69,191400,6.47
2009-02-26,7.62,8.12,7.53,8.04,218000,6.76
2009-02-25,7.89,7.97,7.44,7.63,343700,6.42
2009-02-24,8.16,8.18,7.94,8.00,354000,6.73
2009-02-23,8.42,8.42,7.96,7.99,209800,6.72
2009-02-20,8.45,8.53,8.14,8.19,224700,6.89
2009-02-19,8.67,8.84,8.45,8.55,159700,7.19
2009-02-18,8.80,8.80,8.27,8.43,356800,7.09
2009-02-17,8.31,8.95,8.19,8.82,185400,7.42
2009-02-13,8.80,8.96,8.48,8.55,133200,7.19
2009-02-12,8.57,8.91,8.40,8.78,172100,7.39
2009-02-11,8.40,8.89,8.38,8.70,137800,7.32
2009-02-10,9.12,9.28,8.15,8.34,263100,7.02
2009-02-09,9.26,9.27,8.99,9.19,135200,7.73
2009-02-06,8.19,9.49,8.19,9.33,314700,7.85
2009-02-05,7.89,8.32,7.76,8.26,113500,6.95
2009-02-04,8.04,8.13,7.73,7.91,120400,6.65
2009-02-03,8.15,8.15,7.61,8.06,216200,6.78
2009-02-02,7.80,8.12,7.72,8.00,122800,6.73
2009-01-30,8.00,8.17,7.65,7.91,179900,6.65
2009-01-29,8.70,8.70,7.87,7.92,169000,6.66
2009-01-28,8.33,8.91,8.23,8.83,229400,7.43
2009-01-27,7.37,8.29,7.24,8.25,219500,6.94
2009-01-26,7.47,7.63,7.23,7.37,152800,6.20
2009-01-23,7.18,7.52,7.11,7.50,216200,6.31
2009-01-22,7.36,7.62,7.15,7.35,169100,6.18
2009-01-21,7.10,7.51,7.09,7.51,230000,6.32
2009-01-20,7.53,7.60,7.12,7.12,167700,5.99
2009-01-16,7.95,7.95,7.35,7.64,253400,6.43
2009-01-15,7.46,7.99,7.30,7.91,196200,6.65
2009-01-14,8.15,8.15,7.40,7.55,195400,6.35
2009-01-13,7.86,8.29,7.86,8.18,152500,6.88
2009-01-12,7.71,8.03,7.71,7.90,176300,6.65
2009-01-09,8.30,8.36,7.80,7.82,195100,6.58
2009-01-08,8.11,8.41,7.97,8.33,159300,7.01
2009-01-07,8.09,8.18,7.86,8.09,157900,6.81
2009-01-06,7.95,8.23,7.90,8.18,161900,6.88
2009-01-05,7.69,7.97,7.52,7.86,128200,6.61
2009-01-02,7.45,7.68,7.43,7.63,201800,6.42
2008-12-31,7.20,7.51,6.97,7.43,646700,6.25
2008-12-30,7.01,7.19,6.75,7.16,577200,6.02
2008-12-29,7.22,7.22,6.92,7.01,668700,5.90
2008-12-26,7.24,7.24,6.80,7.22,310400,6.07
2008-12-24,7.28,7.30,7.09,7.21,149800,6.07
2008-12-23,7.51,7.51,7.19,7.27,439400,6.12
2008-12-22,7.49,7.50,7.16,7.47,587900,6.28
2008-12-19,7.75,7.75,7.40,7.50,775100,6.31
2008-12-18,7.44,7.71,7.19,7.53,212400,6.33
2008-12-17,7.11,7.56,6.97,7.42,252000,6.24
2008-12-16,6.94,7.13,6.81,7.10,420500,5.97
2008-12-15,7.40,7.43,6.73,6.88,543800,5.79
2008-12-12,7.24,7.36,6.99,7.35,303200,6.18
2008-12-11,7.46,7.46,7.27,7.32,304900,6.16
2008-12-10,7.68,8.00,7.44,7.50,351300,6.31
2008-12-09,7.83,8.24,7.38,7.60,427400,6.39
2008-12-08,7.99,8.20,7.82,7.90,439600,6.65
2008-12-05,7.66,7.89,7.32,7.85,552400,6.60
2008-12-04,8.17,8.63,7.48,7.75,181200,6.52
2008-12-03,7.70,8.30,7.61,8.22,201600,6.91
2008-12-02,7.51,8.10,7.27,7.87,976600,6.62
2008-12-01,7.49,7.61,7.33,7.38,361000,6.21
2008-11-28,7.27,7.53,7.24,7.53,409700,6.33
2008-11-26,7.15,7.32,6.92,7.31,717100,6.15
2008-11-25,7.52,7.52,6.82,7.08,515200,5.96
2008-11-24,7.32,7.55,7.02,7.24,455500,6.09
2008-11-21,7.19,7.55,6.85,7.30,538900,5.99
2008-11-20,7.80,7.89,7.01,7.13,518800,5.85
2008-11-19,8.57,8.94,7.75,7.84,191200,6.43
2008-11-18,8.69,8.98,8.36,8.57,262100,7.03
2008-11-17,8.48,8.92,8.45,8.69,168100,7.13
2008-11-14,8.92,9.20,8.46,8.52,235900,6.99
2008-11-13,8.05,9.03,7.80,9.02,192200,7.40
2008-11-12,8.13,8.25,7.89,8.00,328600,6.56
2008-11-11,8.50,8.57,7.91,8.18,177000,6.71
2008-11-10,8.63,9.35,8.27,8.52,272900,6.99
2008-11-07,8.13,8.63,8.01,8.59,209900,7.05
2008-11-06,8.29,8.38,8.05,8.13,145200,6.67
2008-11-05,8.74,8.87,8.30,8.33,185100,6.83
2008-11-04,8.60,9.15,8.45,8.79,206800,7.21
2008-11-03,8.42,8.54,8.24,8.50,293700,6.97
2008-10-31,7.06,8.60,6.95,8.29,1628300,6.80
2008-10-30,7.32,7.55,6.90,7.08,746800,5.81
2008-10-29,7.45,7.58,7.29,7.32,427400,6.01
2008-10-28,8.04,8.22,7.36,7.45,515800,6.11
2008-10-27,8.52,8.72,7.88,7.89,286000,6.47
2008-10-24,8.41,9.02,8.27,8.62,584600,7.07
2008-10-23,9.67,9.75,8.60,8.87,878600,7.28
2008-10-22,10.71,10.89,9.41,9.60,337300,7.88
2008-10-21,11.33,11.35,10.87,10.89,243200,8.94
2008-10-20,11.76,11.86,11.38,11.49,170400,9.43
2008-10-17,11.44,12.47,11.42,11.72,188800,9.62
2008-10-16,10.95,11.84,10.55,11.82,207800,9.70
2008-10-15,11.53,11.53,10.78,10.91,260300,8.95
2008-10-14,11.81,12.11,11.25,11.43,252000,9.38
2008-10-13,12.30,12.36,11.35,11.81,158300,9.69
2008-10-10,10.15,11.62,10.15,11.59,798900,9.51
2008-10-09,11.62,11.86,10.62,10.64,325700,8.73
2008-10-08,11.58,12.00,11.25,11.60,216100,9.52
2008-10-07,12.98,13.09,11.87,11.92,219900,9.78
2008-10-06,13.12,13.24,12.29,12.91,322300,10.59
2008-10-03,14.40,14.51,13.46,13.50,269500,11.08
2008-10-02,14.26,14.50,14.20,14.27,175200,11.71
2008-10-01,13.60,14.46,13.49,14.34,212200,11.77
2008-09-30,13.50,13.89,13.30,13.60,195700,11.16
2008-09-29,13.61,14.44,13.21,13.26,154500,10.88
2008-09-26,13.56,13.89,13.50,13.71,94700,11.25
2008-09-25,13.34,14.22,13.34,13.72,117800,11.26
2008-09-24,13.36,13.64,13.18,13.32,123200,10.93
2008-09-23,13.62,14.00,13.15,13.36,196300,10.96
2008-09-22,13.70,13.81,13.49,13.53,140800,11.10
2008-09-19,13.75,14.30,12.70,13.70,660200,11.24
2008-09-18,13.55,14.06,13.54,13.75,485000,11.28
2008-09-17,13.00,14.15,13.00,13.55,349300,11.12
2008-09-16,12.85,13.33,12.79,13.33,724600,10.94
2008-09-15,13.95,13.97,13.20,13.37,230200,10.97
2008-09-12,14.45,14.52,14.07,14.13,113600,11.59
2008-09-11,14.79,14.93,14.35,14.57,110700,11.95
2008-09-10,15.12,15.29,14.75,14.80,258600,12.14
2008-09-09,14.94,15.44,14.89,14.95,957500,12.27
2008-09-08,15.28,16.30,14.76,14.89,351600,12.22
2008-09-05,14.44,14.78,14.27,14.56,143300,11.95
2008-09-04,14.35,14.63,14.04,14.52,234400,11.91
2008-09-03,14.62,14.76,14.44,14.57,133300,11.95
2008-09-02,14.89,15.06,14.33,14.62,298700,12.00
2008-08-29,15.10,15.27,14.64,14.69,188700,12.05
2008-08-28,15.38,15.39,14.57,15.25,399200,12.51
2008-08-27,15.94,16.20,15.81,15.87,424700,13.02
2008-08-26,15.86,15.95,15.71,15.91,402700,13.05
2008-08-25,15.18,15.99,14.97,15.82,1620800,12.98
2008-08-22,14.18,15.46,14.18,15.27,332700,12.53
2008-08-21,13.89,14.47,13.55,14.03,146000,11.51
2008-08-20,14.46,14.46,13.95,14.03,161800,11.36
2008-08-19,14.40,14.55,14.20,14.33,82700,11.61
2008-08-18,14.90,14.95,14.45,14.56,126700,11.79
2008-08-15,15.10,15.10,14.47,14.80,444200,11.99
2008-08-14,15.14,15.28,15.01,15.13,217100,12.25
2008-08-13,15.29,15.58,15.03,15.19,220000,12.30
2008-08-12,15.02,15.63,15.02,15.29,166400,12.38
2008-08-11,14.55,15.36,13.94,15.09,519500,12.22
2008-08-08,14.92,15.88,14.83,15.06,446600,12.20
2008-08-07,14.90,15.00,14.55,14.80,418800,11.99
2008-08-06,14.87,15.00,14.52,15.00,382800,12.15
2008-08-05,14.82,15.00,14.71,15.00,599200,12.15
2008-08-04,14.97,15.04,14.66,14.74,273500,11.94
2008-08-01,14.66,15.03,14.38,14.94,134500,12.10
2008-07-31,14.47,14.93,14.14,14.66,77700,11.87
2008-07-30,14.74,15.06,14.17,14.65,110300,11.87
2008-07-29,13.92,14.89,13.77,14.67,153800,11.88
2008-07-28,14.11,14.26,13.67,13.86,148300,11.23
2008-07-25,14.18,14.65,13.81,14.17,149500,11.48
2008-07-24,13.75,14.11,13.42,14.02,288800,11.36
2008-07-23,13.34,14.07,13.34,13.67,118900,11.07
2008-07-22,12.58,13.41,12.43,13.33,112400,10.80
2008-07-21,12.63,13.05,12.47,12.66,176300,10.25
2008-07-18,12.45,12.82,12.38,12.73,183900,10.31
2008-07-17,12.16,12.58,11.93,12.45,792100,10.08
2008-07-16,11.65,12.24,11.56,12.13,124200,9.82
2008-07-15,11.50,11.66,11.08,11.63,243500,9.42
2008-07-14,11.62,11.73,11.25,11.64,237000,9.43
2008-07-11,11.65,11.72,11.08,11.54,240900,9.35
2008-07-10,11.85,12.09,11.75,11.94,169000,9.67
2008-07-09,12.12,12.15,11.71,11.85,164100,9.60
2008-07-08,11.97,12.20,11.77,12.16,304800,9.85
2008-07-07,12.15,12.24,11.65,12.10,205500,9.80
2008-07-03,12.18,12.31,12.03,12.05,64500,9.76
2008-07-02,12.90,12.92,11.99,12.29,352300,9.95
2008-07-01,12.93,13.14,12.73,12.91,229400,10.46
2008-06-30,12.59,13.29,12.31,13.06,372600,10.58
2008-06-27,12.76,13.04,12.37,12.57,436600,10.18
2008-06-26,13.00,13.14,12.70,12.76,273900,10.34
2008-06-25,12.80,13.08,12.62,13.04,239600,10.56
2008-06-24,12.84,13.05,12.50,12.83,178600,10.39
2008-06-23,13.28,13.42,12.83,12.97,165400,10.51
2008-06-20,12.28,13.31,12.28,13.17,528100,10.67
2008-06-19,12.52,12.67,12.26,12.67,217000,10.26
2008-06-18,12.73,12.73,12.30,12.49,196800,10.12
2008-06-17,13.12,13.48,12.39,12.70,577100,10.29
2008-06-16,14.00,14.01,13.64,13.98,156300,11.32
2008-06-13,14.27,14.30,13.90,14.03,193800,11.36
2008-06-12,14.05,14.23,13.66,13.99,134700,11.33
2008-06-11,14.89,14.94,13.88,13.94,209100,11.29
2008-06-10,14.63,15.10,14.63,14.96,216000,12.12
2008-06-09,14.80,14.80,14.41,14.72,190900,11.92
2008-06-06,14.76,14.86,14.54,14.54,101000,11.78
2008-06-05,14.75,15.13,14.61,14.88,116700,12.05
2008-06-04,14.47,15.15,14.44,14.74,241600,11.94
2008-06-03,14.81,14.99,14.47,14.56,211900,11.79
2008-06-02,14.54,14.79,14.36,14.69,369900,11.90
2008-05-30,14.53,14.61,14.31,14.47,346100,11.72
2008-05-29,13.91,14.50,13.75,14.40,127700,11.66
2008-05-28,14.14,14.14,13.80,13.93,75700,11.28
2008-05-27,14.06,14.25,13.95,14.19,137400,11.35
2008-05-23,14.00,14.07,13.88,14.06,111400,11.24
2008-05-22,13.92,14.10,13.74,14.08,163000,11.26
2008-05-21,13.60,13.99,13.40,13.92,194000,11.13
2008-05-20,13.81,13.88,13.33,13.52,231900,10.81
2008-05-19,13.84,14.02,13.60,13.83,158400,11.06
2008-05-16,14.00,14.20,13.65,13.77,137600,11.01
2008-05-15,14.00,14.12,13.75,14.00,253400,11.20
2008-05-14,14.07,14.27,13.96,13.98,128700,11.18
2008-05-13,14.07,14.28,13.92,14.11,122600,11.28
2008-05-12,14.02,14.32,13.38,14.07,289900,11.25
2008-05-09,13.55,14.41,13.40,14.05,91000,11.24
2008-05-08,14.54,14.54,14.05,14.33,137000,11.46
2008-05-07,14.95,15.00,14.44,14.51,111800,11.60
2008-05-06,14.80,15.00,14.50,14.94,82600,11.95
2008-05-05,15.17,15.17,14.78,14.83,110000,11.86
2008-05-02,15.50,15.52,15.04,15.15,116000,12.12
2008-05-01,14.92,15.44,14.75,15.26,220100,12.20
2008-04-30,14.88,15.08,14.65,14.81,98100,11.84
2008-04-29,14.70,15.73,14.60,14.80,356100,11.84
2008-04-28,14.40,14.77,14.35,14.69,207800,11.75
2008-04-25,14.57,14.57,13.98,14.25,126600,11.40
2008-04-24,14.00,14.76,13.95,14.48,134500,11.58
2008-04-23,14.21,14.38,13.85,13.97,532400,11.17
2008-04-22,14.43,14.54,13.86,14.14,186600,11.31
2008-04-21,14.22,14.68,14.16,14.53,373800,11.62
2008-04-18,14.03,14.53,13.85,14.39,324800,11.51
2008-04-17,13.60,13.93,13.39,13.80,385500,11.04
2008-04-16,13.35,13.70,13.32,13.69,275900,10.95
2008-04-15,13.28,13.34,12.97,13.20,223500,10.56
2008-04-14,13.00,13.26,12.86,13.10,310500,10.48
2008-04-11,13.07,13.15,12.87,12.99,362800,10.39
2008-04-10,12.92,13.21,12.80,13.14,263600,10.51
2008-04-09,13.43,13.49,12.68,12.90,230800,10.32
2008-04-08,12.48,13.62,12.40,13.31,356000,10.64
2008-04-07,13.33,13.50,13.28,13.30,134500,10.64
2008-04-04,12.88,13.63,12.63,13.26,183200,10.60
2008-04-03,12.83,12.88,12.05,12.74,641600,10.19
2008-04-02,12.90,13.05,12.68,12.83,216100,10.26
2008-04-01,13.02,13.10,12.64,12.91,773100,10.32
2008-03-31,13.01,13.27,12.65,12.79,874800,10.23
2008-03-28,13.63,13.63,12.26,12.89,1008600,10.31
2008-03-27,13.96,13.97,13.50,13.58,184500,10.86
2008-03-26,14.54,14.54,13.92,13.92,142200,11.13
2008-03-25,14.64,14.64,14.46,14.59,123900,11.67
2008-03-24,14.60,14.67,14.53,14.62,155700,11.69
2008-03-20,14.99,15.03,14.51,14.52,596000,11.61
2008-03-19,14.49,15.25,14.42,15.07,135600,12.05
2008-03-18,14.50,14.73,14.10,14.50,287400,11.60
2008-03-17,13.90,15.08,13.90,14.28,144900,11.42
2008-03-14,15.03,15.03,14.25,14.33,260300,11.46
2008-03-13,13.75,15.00,13.47,14.74,770400,11.79
2008-03-12,13.94,14.20,13.36,13.90,103800,11.12
2008-03-11,13.47,13.91,13.34,13.89,122400,11.11
2008-03-10,13.20,13.37,12.78,13.10,281300,10.48
2008-03-07,13.56,13.92,12.69,13.17,278000,10.53
2008-03-06,14.05,14.23,13.19,13.81,474600,11.04
2008-03-05,14.00,14.70,13.91,14.12,203500,11.29
2008-03-04,14.27,14.72,14.20,14.37,143700,11.49
2008-03-03,14.44,14.78,14.19,14.48,151700,11.44
2008-02-29,14.65,15.12,14.38,14.44,325100,11.40
2008-02-28,14.99,15.04,14.01,14.80,432200,11.69
2008-02-27,15.24,15.36,14.91,15.09,145700,11.92
2008-02-26,15.29,15.74,15.14,15.36,198200,12.13
2008-02-25,15.38,16.03,15.24,15.38,134300,12.15
2008-02-22,15.30,15.42,15.00,15.40,83200,12.16
2008-02-21,15.80,16.07,15.18,15.30,99600,12.08
2008-02-20,15.14,15.65,15.01,15.65,100900,12.36
2008-02-19,15.50,15.57,15.11,15.22,94500,12.02
2008-02-15,15.29,15.51,14.68,15.29,118500,12.08
2008-02-14,15.44,15.56,14.92,15.35,145200,12.12
2008-02-13,15.67,15.86,15.35,15.44,168200,12.19
2008-02-12,14.72,15.51,14.68,15.49,128200,12.23
2008-02-11,14.28,15.20,13.95,14.74,131200,11.64
2008-02-08,14.14,14.44,13.71,14.02,97700,11.07
2008-02-07,14.45,14.56,14.00,14.15,143500,11.17
2008-02-06,15.30,15.38,14.61,14.65,94300,11.57
2008-02-05,15.56,15.66,14.97,15.16,187400,11.97
2008-02-04,15.65,16.30,15.35,15.92,245100,12.57
2008-02-01,14.36,16.22,14.21,15.79,282500,12.47
2008-01-31,13.85,15.33,13.85,14.30,229700,11.29
2008-01-30,14.36,14.53,14.16,14.16,141400,11.18
2008-01-29,14.34,14.55,14.23,14.44,250700,11.40
2008-01-28,14.01,14.46,13.89,14.19,299200,11.21
2008-01-25,14.45,14.85,13.60,13.98,213200,11.04
2008-01-24,14.49,14.69,14.25,14.28,165100,11.28
2008-01-23,13.72,14.50,13.62,14.48,378600,11.44
2008-01-22,13.86,14.45,13.50,14.09,174900,11.13
2008-01-18,14.19,14.30,13.66,13.86,288500,10.95
2008-01-17,14.10,14.24,13.71,14.14,139900,11.17
2008-01-16,13.75,14.28,13.67,14.16,202900,11.18
2008-01-15,14.00,14.45,13.90,14.06,364600,11.10
2008-01-14,13.75,14.35,13.52,14.21,156200,11.22
2008-01-11,13.83,14.55,13.62,13.65,370400,10.78
2008-01-10,12.62,14.32,12.57,13.96,624400,11.02
2008-01-09,13.59,13.88,12.24,12.70,618100,10.03
2008-01-08,15.23,15.23,13.45,13.73,318400,10.84
2008-01-07,15.82,15.85,15.14,15.22,190900,12.02
2008-01-04,16.46,16.46,15.70,15.71,138000,12.41
2008-01-03,17.00,17.08,16.53,16.58,152700,13.09
2008-01-02,16.97,17.09,16.79,17.00,178500,13.43
2007-12-31,17.05,17.19,16.82,17.00,162700,13.43
2007-12-28,17.00,17.15,16.97,17.10,103700,13.50
2007-12-27,16.75,16.94,16.69,16.90,110900,13.35
2007-12-26,16.51,16.98,16.50,16.80,118800,13.27
2007-12-24,16.28,16.86,16.28,16.45,285000,12.99
2007-12-21,16.45,16.56,16.13,16.28,652000,12.86
2007-12-20,16.45,16.45,15.81,15.92,182900,12.57
2007-12-19,16.30,16.54,16.21,16.39,115100,12.94
2007-12-18,16.50,17.00,16.36,16.37,688400,12.93
2007-12-17,16.26,16.57,16.01,16.23,120200,12.82
2007-12-14,16.15,16.69,16.15,16.51,278500,13.04
2007-12-13,16.29,16.42,15.95,16.22,160900,12.81
2007-12-12,16.84,17.55,16.40,16.46,861900,13.00
2007-12-11,16.36,17.22,16.36,16.87,1064700,13.32
2007-12-10,16.89,16.89,16.11,16.24,202200,12.83
2007-12-07,16.76,17.17,16.26,16.83,622900,13.29
2007-12-06,16.59,17.09,16.51,16.65,813400,13.15
2007-12-05,16.79,16.83,16.32,16.49,341400,13.02
2007-12-04,16.75,16.98,16.50,16.60,405200,13.11
2007-12-03,16.65,16.98,16.57,16.87,334800,13.32
2007-11-30,17.33,17.33,16.44,16.69,764500,13.18
2007-11-29,16.70,17.18,16.56,17.12,535300,13.52
2007-11-28,16.46,16.77,16.46,16.77,282000,13.10
2007-11-27,16.58,16.58,16.10,16.26,181200,12.70
2007-11-26,16.92,16.96,16.45,16.50,194600,12.89
2007-11-23,16.60,17.14,15.98,16.84,116500,13.16
2007-11-21,16.74,17.01,16.45,16.54,189400,12.92
2007-11-20,16.73,17.03,16.63,16.77,223400,13.10
2007-11-19,16.74,16.75,16.49,16.61,263300,12.98
2007-11-16,16.92,17.04,16.77,16.87,204600,13.18
2007-11-15,16.80,17.10,16.65,16.87,188700,13.18
2007-11-14,17.44,17.44,16.59,16.93,541000,13.23
2007-11-13,17.75,17.75,16.86,17.25,727300,13.48
2007-11-12,17.08,17.81,17.00,17.62,177500,13.77
2007-11-09,17.00,17.48,16.93,17.08,125500,13.34
2007-11-08,17.46,17.46,17.00,17.22,199600,13.45
2007-11-07,17.20,17.53,16.92,17.29,277600,13.51
2007-11-06,17.17,17.43,17.17,17.30,167600,13.52
2007-11-05,16.95,17.36,16.90,17.17,179400,13.41
2007-11-02,17.08,17.35,16.87,17.23,109700,13.46
2007-11-01,17.05,17.26,16.70,16.90,185800,13.20
2007-10-31,17.23,17.45,16.97,17.21,229700,13.45
2007-10-30,17.41,17.52,17.07,17.20,107700,13.44
2007-10-29,17.87,17.97,17.30,17.42,131100,13.61
2007-10-26,17.51,17.98,17.33,17.98,191800,14.05
2007-10-25,17.15,17.53,17.12,17.31,220000,13.52
2007-10-24,17.25,17.37,17.01,17.10,153400,13.36
2007-10-23,17.60,17.62,17.09,17.28,176400,13.50
2007-10-22,17.41,17.97,17.41,17.49,81300,13.66
2007-10-19,18.12,18.20,17.47,17.72,203000,13.84
2007-10-18,18.46,18.70,18.03,18.20,327100,14.22
2007-10-17,18.52,18.67,18.24,18.50,157600,14.45
2007-10-16,18.27,18.38,18.15,18.27,69600,14.27
2007-10-15,18.82,19.25,18.00,18.28,266700,14.28
2007-10-12,18.73,19.27,18.62,18.75,182900,14.65
2007-10-11,19.65,19.89,18.65,18.65,190200,14.57
2007-10-10,19.31,19.50,19.00,19.50,134300,15.23
2007-10-09,19.30,19.35,18.98,19.27,89400,15.06
2007-10-08,19.33,19.41,19.03,19.25,119300,15.04
2007-10-05,19.31,20.00,19.26,19.28,258800,15.06
2007-10-04,19.33,19.35,18.80,19.13,61900,14.95
2007-10-03,19.27,19.55,19.18,19.20,180900,15.00
2007-10-02,19.48,19.57,19.15,19.42,157100,15.17
2007-10-01,18.60,19.60,18.60,19.33,183700,15.10
2007-09-28,18.82,19.48,18.43,18.56,318800,14.50
2007-09-27,18.73,18.89,18.52,18.80,168100,14.69
2007-09-26,18.61,19.04,18.53,18.78,99200,14.67
2007-09-25,18.45,18.57,18.19,18.52,125200,14.47
2007-09-24,18.47,18.56,18.36,18.50,61300,14.45
2007-09-21,18.50,18.52,18.38,18.49,246400,14.45
2007-09-20,18.40,18.55,18.36,18.49,139900,14.45
2007-09-19,18.58,18.65,18.03,18.22,107200,14.23
2007-09-18,18.02,18.65,17.90,18.38,143200,14.36
2007-09-17,17.99,18.35,17.88,17.96,245500,14.03
2007-09-14,17.80,18.09,17.47,18.01,113900,14.07
2007-09-13,17.85,18.13,17.78,17.94,163600,14.02
2007-09-12,17.69,18.21,17.45,17.60,90100,13.75
2007-09-11,17.80,18.22,17.53,17.68,141000,13.81
2007-09-10,18.26,18.34,17.40,17.65,231800,13.79
2007-09-07,17.96,18.43,17.96,18.22,168400,14.23
2007-09-06,18.01,18.53,17.83,18.33,443700,14.32
2007-09-05,17.91,17.91,17.37,17.56,112600,13.72
2007-09-04,17.88,18.21,17.80,17.91,123800,13.99
2007-08-31,18.60,18.69,17.86,17.98,113800,14.05
2007-08-30,18.12,18.78,18.12,18.41,137800,14.38
2007-08-29,18.03,18.59,18.03,18.33,74200,14.22
2007-08-28,18.28,18.28,17.85,17.98,121800,13.95
2007-08-27,17.97,18.54,17.97,18.38,170400,14.26
2007-08-24,17.67,18.04,17.54,17.99,170400,13.96
2007-08-23,17.82,18.05,17.50,17.65,56900,13.69
2007-08-22,17.83,18.10,17.70,17.72,105700,13.75
2007-08-21,17.74,18.00,17.68,17.78,84400,13.79
2007-08-20,17.70,18.17,17.70,17.80,96200,13.81
2007-08-17,18.00,18.35,17.53,17.58,299400,13.64
2007-08-16,16.50,17.45,16.45,17.38,283000,13.48
2007-08-15,16.69,16.88,16.50,16.50,161600,12.80
2007-08-14,17.49,17.99,16.56,16.66,201300,12.92
2007-08-13,17.07,17.08,16.50,16.98,232400,13.17
2007-08-10,17.00,17.98,16.13,16.98,161400,13.17
2007-08-09,17.10,17.68,16.95,17.00,302700,13.19
2007-08-08,16.25,17.47,16.23,17.40,364200,13.50
2007-08-07,15.94,16.92,15.86,16.33,356200,12.67
2007-08-06,15.70,15.94,14.83,15.94,437000,12.37
2007-08-03,15.90,16.22,15.06,15.70,480800,12.18
2007-08-02,16.42,16.42,15.32,15.94,280400,12.37
2007-08-01,16.68,16.71,16.01,16.42,444500,12.74
2007-07-31,16.85,16.85,16.29,16.35,446400,12.68
2007-07-30,16.33,16.80,15.90,16.75,427200,12.99
2007-07-27,17.00,17.16,16.32,16.34,468700,12.68
2007-07-26,16.80,17.18,16.50,16.99,235800,13.18
2007-07-25,16.85,17.02,16.77,17.02,257500,13.20
2007-07-24,17.30,17.32,16.72,16.92,296600,13.13
2007-07-23,17.40,17.44,17.21,17.30,179200,13.42
2007-07-20,17.77,17.88,17.22,17.39,371500,13.49
2007-07-19,17.90,18.00,17.73,17.81,165700,13.82
2007-07-18,17.63,18.00,17.58,17.90,167500,13.89
2007-07-17,18.00,18.15,17.73,17.75,67100,13.77
2007-07-16,17.20,18.02,17.01,17.99,183000,13.96
2007-07-13,17.06,17.30,16.94,17.25,434000,13.38
2007-07-12,16.85,17.50,16.81,17.08,414100,13.25
2007-07-11,16.75,16.96,16.65,16.79,341400,13.02
2007-07-10,16.94,17.10,16.70,16.76,212400,13.00
2007-07-09,16.90,17.41,16.90,17.01,487700,13.20
2007-07-06,16.79,16.90,16.70,16.86,286600,13.08
2007-07-05,16.93,17.02,16.67,16.79,354200,13.02
2007-07-03,17.55,17.56,16.90,16.94,82100,13.14
2007-07-02,17.95,18.00,17.50,17.53,416700,13.60
2007-06-29,18.04,18.15,17.75,17.89,199800,13.88
2007-06-28,17.60,18.21,17.57,17.93,237300,13.91
2007-06-27,17.19,17.62,17.10,17.58,131900,13.64
2007-06-26,17.20,17.60,17.20,17.37,327500,13.47
2007-06-25,17.36,17.36,16.15,17.04,1790300,13.22
2007-06-22,18.00,18.21,17.35,17.42,1855100,13.51
2007-06-21,18.46,18.64,18.33,18.55,146900,14.39
2007-06-20,18.50,18.74,18.33,18.51,328000,14.36
2007-06-19,18.75,18.89,18.44,18.46,173800,14.32
2007-06-18,18.70,18.85,18.56,18.70,211500,14.51
2007-06-15,18.59,18.70,18.35,18.70,81600,14.51
2007-06-14,18.47,18.60,18.35,18.57,137000,14.41
2007-06-13,18.59,18.59,18.37,18.50,348300,14.35
2007-06-12,18.55,18.99,18.38,18.59,411700,14.42
2007-06-11,18.60,18.60,18.25,18.53,115600,14.37
2007-06-08,19.00,19.00,18.52,18.70,388900,14.51
2007-06-07,19.00,19.00,18.52,18.80,101900,14.58
2007-06-06,19.05,19.20,18.89,19.03,172400,14.76
2007-06-05,19.35,19.69,19.00,19.13,126400,14.84
2007-06-04,19.60,19.80,19.29,19.32,272700,14.99
2007-06-01,19.30,19.50,19.10,19.46,209400,15.10
2007-05-31,19.04,19.37,19.00,19.35,397500,15.01
2007-05-30,18.92,19.71,18.92,19.17,251700,14.87
2007-05-29,19.05,19.12,18.91,18.95,107500,14.70
2007-05-25,19.19,19.25,19.08,19.18,74400,14.88
2007-05-24,19.30,19.35,19.01,19.23,147800,14.92
2007-05-23,19.45,19.60,19.20,19.31,150300,14.98
2007-05-22,19.60,19.95,19.45,19.54,165700,15.16
2007-05-21,19.15,19.80,19.10,19.70,435800,15.28
2007-05-18,18.96,19.48,18.95,19.33,544000,14.99
2007-05-17,19.10,19.15,18.62,19.00,307500,14.74
2007-05-16,19.40,19.50,19.06,19.25,129700,14.93
2007-05-15,19.25,19.85,19.23,19.48,342200,15.11
2007-05-14,19.11,19.31,18.85,19.23,388300,14.92
2007-05-11,19.00,19.16,18.92,19.11,156400,14.82
2007-05-10,19.00,19.05,18.90,19.00,506000,14.74
2007-05-09,18.95,19.23,18.81,19.00,181400,14.74
2007-05-08,19.05,19.15,18.90,19.02,130600,14.75
2007-05-07,18.85,19.45,18.70,19.12,761000,14.83
2007-05-04,18.20,18.80,18.18,18.60,717300,14.43
2007-05-03,18.35,18.75,18.05,18.10,778500,14.04
2007-05-02,18.85,18.88,18.10,18.43,1659500,14.30
2007-05-01,18.90,18.99,18.60,18.85,1096400,14.62
2007-04-30,19.04,19.23,18.90,18.90,1411200,14.66
2007-04-27,19.50,19.60,18.96,19.00,829200,14.74
2007-04-26,19.30,20.69,19.20,19.51,1153800,15.13
2007-04-25,18.91,19.29,18.91,19.08,3461900,14.80
2007-04-24,19.00,19.30,17.74,18.91,18903300,14.67
