Date,Open,High,Low,Close,Volume,Adj Close
2012-05-04,15.64,15.64,15.20,15.52,5471300,15.52
2012-05-03,16.62,16.64,15.56,15.66,10480900,15.66
2012-05-02,15.80,16.32,15.68,16.22,8133500,16.22
2012-05-01,16.04,16.04,15.70,15.91,6663200,15.91
2012-04-30,15.75,15.83,15.32,15.41,4596300,15.41
2012-04-27,15.39,15.82,15.27,15.81,4710900,15.81
2012-04-26,14.89,15.43,14.84,15.36,6172600,15.36
2012-04-25,14.73,14.97,14.68,14.95,2637900,14.95
2012-04-24,14.50,14.85,14.39,14.56,3623700,14.56
2012-04-23,14.41,14.48,14.14,14.42,2341800,14.42
2012-04-20,14.66,14.90,14.56,14.58,4386400,14.58
2012-04-19,15.07,15.12,14.43,14.51,6786500,14.51
2012-04-18,14.65,15.14,14.65,15.02,5641600,15.02
2012-04-17,14.49,14.62,14.37,14.61,3130700,14.61
2012-04-16,14.71,14.78,14.32,14.33,3740700,14.33
2012-04-13,14.58,14.76,14.37,14.63,3109100,14.63
2012-04-12,14.27,14.77,14.23,14.66,2734100,14.66
2012-04-11,14.41,14.47,14.27,14.32,2977900,14.32
2012-04-10,14.94,14.95,14.16,14.19,7810200,14.19
2012-04-09,14.97,15.20,14.91,14.95,3976800,14.95
2012-04-05,14.87,15.25,14.82,15.24,4062900,15.24
2012-04-04,14.86,15.04,14.77,14.95,3698000,14.95
2012-04-03,15.29,15.38,14.95,15.06,2745800,15.06
2012-04-02,15.02,15.32,14.97,15.27,2482800,15.27
2012-03-30,15.02,15.14,14.71,15.04,4608600,15.04
2012-03-29,14.76,14.96,14.68,14.91,3360400,14.91
2012-03-28,14.93,15.00,14.67,14.89,3136700,14.89
2012-03-27,15.30,15.40,14.93,14.94,4568100,14.94
2012-03-26,15.34,15.47,15.25,15.33,1901900,15.33
2012-03-23,15.15,15.25,14.91,15.19,2966700,15.19
2012-03-22,15.09,15.24,15.04,15.16,2960300,15.16
2012-03-21,15.07,15.37,15.06,15.24,2137000,15.24
2012-03-20,15.21,15.28,14.96,15.07,4318300,15.07
2012-03-19,15.04,15.50,15.00,15.40,2742200,15.40
2012-03-16,15.09,15.22,14.94,15.08,3835200,15.08
2012-03-15,14.90,15.15,14.81,15.04,3185100,15.04
2012-03-14,14.99,15.21,14.83,14.92,2365300,14.92
2012-03-13,14.75,15.17,14.70,15.15,3685300,15.15
2012-03-12,14.80,14.94,14.59,14.63,2438900,14.63
2012-03-09,14.68,15.00,14.60,14.82,2632400,14.82
2012-03-08,14.51,14.75,14.47,14.62,3777500,14.62
2012-03-07,13.77,14.49,13.69,14.47,11888000,14.47
2012-03-06,13.96,14.05,13.61,13.65,4982800,13.65
2012-03-05,14.43,14.47,14.08,14.17,3188200,14.17
2012-03-02,14.59,14.73,14.40,14.48,2596400,14.48
2012-03-01,14.39,14.82,14.24,14.65,4608600,14.65
2012-02-29,14.35,14.56,14.19,14.30,3579600,14.30
2012-02-28,14.32,14.36,14.02,14.30,4537500,14.30
2012-02-27,14.63,14.64,14.26,14.27,6185100,14.27
2012-02-24,14.61,14.82,14.54,14.55,4345200,14.55
2012-02-23,14.02,14.89,13.96,14.53,9218200,14.53
2012-02-22,13.63,14.32,13.51,14.29,11747100,14.29
2012-02-21,13.99,14.09,13.39,13.60,9359200,13.60
2012-02-17,14.05,14.18,13.75,13.85,8250700,13.85
2012-02-16,14.24,14.26,13.72,13.97,14569400,13.97
2012-02-15,14.79,14.86,14.57,14.62,3208700,14.62
2012-02-14,14.83,14.88,14.57,14.72,4212900,14.72
2012-02-13,14.82,14.99,14.79,14.90,2310100,14.90
2012-02-10,14.62,14.80,14.52,14.69,4221900,14.69
2012-02-09,14.62,14.90,14.49,14.87,3649900,14.87
2012-02-08,14.50,14.72,14.44,14.58,1808900,14.58
2012-02-07,14.40,14.56,14.21,14.43,3781200,14.43
2012-02-06,14.42,14.68,14.34,14.43,2715300,14.43
2012-02-03,14.06,14.61,14.04,14.49,4892000,14.49
2012-02-02,13.92,14.01,13.78,13.91,3996500,13.91
2012-02-01,13.77,14.02,13.75,13.95,3725800,13.95
2012-01-31,13.91,14.00,13.55,13.60,3279900,13.60
2012-01-30,13.82,13.89,13.68,13.76,6562700,13.76
2012-01-27,13.53,14.08,13.52,14.02,5692300,14.02
2012-01-26,14.01,14.10,13.64,13.66,1465200,13.66
2012-01-25,13.40,13.73,13.35,13.62,6354100,13.62
2012-01-24,12.94,13.43,12.90,13.40,5249500,13.40
2012-01-23,12.94,13.12,12.84,13.02,5003600,13.02
2012-01-20,13.01,13.06,12.85,12.90,5168500,12.90
2012-01-19,12.95,13.30,12.94,13.03,5820600,13.03
2012-01-18,12.75,12.99,12.65,12.95,6364600,12.95
2012-01-17,12.95,13.00,12.61,12.70,2968600,12.70
2012-01-13,12.91,13.10,12.70,12.80,2577100,12.80
2012-01-12,12.98,13.15,12.63,13.09,3630400,13.09
2012-01-11,12.54,12.99,12.50,12.87,3339300,12.87
2012-01-10,12.50,12.83,12.46,12.65,4633500,12.65
2012-01-09,12.24,12.36,12.10,12.32,2017700,12.32
2012-01-06,12.15,12.40,12.07,12.15,2530900,12.15
2012-01-05,12.18,12.26,11.88,12.10,3599700,12.10
2012-01-04,11.86,12.34,11.73,12.27,4374100,12.27
2012-01-03,11.90,12.15,11.73,11.95,4231000,11.95
2011-12-30,11.67,11.79,11.55,11.72,2040700,11.72
2011-12-29,11.45,11.78,11.40,11.71,2509700,11.71
2011-12-28,11.35,11.88,11.29,11.42,3263500,11.42
2011-12-27,11.41,11.54,11.25,11.42,1868400,11.42
2011-12-23,11.41,11.50,11.30,11.46,1642800,11.46
2011-12-22,11.10,11.44,10.98,11.38,2991600,11.38
2011-12-21,11.05,11.23,10.81,11.09,2973600,11.09
2011-12-20,10.98,11.25,10.93,11.12,2522900,11.12
2011-12-19,11.37,11.40,10.66,10.70,2552400,10.70
2011-12-16,10.89,11.38,10.82,11.31,4613700,11.31
2011-12-15,10.99,11.00,10.60,10.67,4064600,10.67
2011-12-14,10.92,11.07,10.76,10.82,3696100,10.82
2011-12-13,11.43,11.54,10.98,11.04,3235500,11.04
2011-12-12,11.39,11.43,11.15,11.29,2720800,11.29
2011-12-09,11.36,11.60,11.25,11.57,3602400,11.57
2011-12-08,11.78,11.85,11.22,11.31,5344300,11.31
2011-12-07,11.85,12.03,11.70,11.92,1924900,11.92
2011-12-06,12.05,12.06,11.67,11.97,4034100,11.97
2011-12-05,12.06,12.18,11.84,11.95,3962500,11.95
2011-12-02,11.67,11.89,11.40,11.83,4518100,11.83
2011-12-01,11.24,11.51,11.09,11.43,4717000,11.43
2011-11-30,10.94,11.31,10.89,11.31,7890300,11.31
2011-11-29,10.50,10.74,10.50,10.53,3070800,10.53
2011-11-28,10.39,10.68,10.32,10.46,2641200,10.46
2011-11-25,10.03,10.39,9.95,9.99,1054700,9.99
2011-11-23,10.41,10.54,10.08,10.08,4156300,10.08
2011-11-22,10.61,10.81,10.47,10.60,2241600,10.60
2011-11-21,10.60,10.73,10.38,10.63,3252900,10.63
2011-11-18,11.10,11.17,10.81,10.85,2617200,10.85
2011-11-17,11.34,11.53,10.86,10.95,4440400,10.95
2011-11-16,11.62,11.78,11.31,11.35,3934100,11.35
2011-11-15,11.56,11.96,11.39,11.86,2973100,11.86
2011-11-14,11.79,11.84,11.49,11.59,3009800,11.59
2011-11-11,11.85,12.27,11.77,11.89,4333500,11.89
2011-11-10,11.71,11.81,11.27,11.65,3435300,11.65
2011-11-09,11.74,11.75,11.38,11.45,4382300,11.45
2011-11-08,11.86,12.22,11.51,12.18,3861500,12.18
2011-11-07,11.81,11.97,11.44,11.75,4347500,11.75
2011-11-04,11.13,11.96,11.02,11.93,5392000,11.93
2011-11-03,11.48,11.53,10.99,11.28,6105600,11.28
2011-11-02,11.75,11.75,10.78,11.24,4551700,11.24
2011-11-01,10.53,11.27,10.53,10.94,8699800,10.94
2011-10-31,12.00,12.00,11.58,11.60,2938100,11.60
2011-10-28,11.80,12.37,11.80,12.16,3622800,12.16
2011-10-27,11.54,12.06,11.45,11.87,5271900,11.87
2011-10-26,11.10,11.17,10.54,11.01,3880700,11.01
2011-10-25,11.29,11.32,10.85,10.89,2989300,10.89
2011-10-24,11.04,11.55,10.98,11.45,2950200,11.45
2011-10-21,10.79,10.99,10.54,10.96,4457200,10.96
2011-10-20,10.67,10.67,10.18,10.61,4934500,10.61
2011-10-19,11.14,11.24,10.58,10.63,6399900,10.63
2011-10-18,10.40,10.85,10.00,10.77,6387700,10.77
2011-10-17,10.91,11.01,10.32,10.41,3893400,10.41
2011-10-14,10.91,11.02,10.68,10.98,1913200,10.98
2011-10-13,10.49,10.86,10.07,10.73,6145200,10.73
2011-10-12,10.68,10.75,10.54,10.59,5147100,10.59
2011-10-11,10.00,10.48,9.92,10.22,4538600,10.22
2011-10-10,9.77,10.11,9.77,10.08,3606800,10.08
2011-10-07,9.56,9.83,9.40,9.64,6552300,9.64
2011-10-06,8.90,9.48,8.89,9.46,5359600,9.46
2011-10-05,8.63,9.08,8.58,8.99,6398500,8.99
2011-10-04,7.96,8.68,7.80,8.63,4500000,8.63
2011-10-03,8.82,9.00,8.11,8.11,6432000,8.11
2011-09-30,9.09,9.21,8.87,8.90,6128300,8.90
2011-09-29,9.62,9.77,9.02,9.36,4180400,9.36
2011-09-28,9.49,9.68,9.33,9.37,8692700,9.37
2011-09-27,9.52,10.01,9.40,9.50,6328500,9.50
2011-09-26,9.25,9.41,8.72,9.36,5029600,9.36
2011-09-23,8.98,9.28,8.89,9.15,4214200,9.15
2011-09-22,9.52,9.52,8.65,8.96,11750900,8.96
2011-09-21,10.56,10.56,9.87,9.87,5589500,9.87
2011-09-20,11.15,11.20,10.40,10.48,4404700,10.48
2011-09-19,11.11,11.24,10.92,11.09,3859900,11.09
2011-09-16,11.37,11.53,11.20,11.46,4023700,11.46
2011-09-15,11.42,11.67,11.12,11.42,5746500,11.42
2011-09-14,10.70,11.58,10.49,11.37,14647100,11.37
2011-09-13,10.25,10.28,9.73,10.02,7191300,10.02
2011-09-12,9.59,9.93,9.38,9.66,5108500,9.66
2011-09-09,9.89,10.16,9.65,9.83,5787500,9.83
2011-09-08,10.25,10.40,9.94,10.05,4392900,10.05
2011-09-07,10.25,10.54,10.20,10.32,5257100,10.32
2011-09-06,9.90,10.06,9.66,9.87,6203900,9.87
2011-09-02,10.77,10.77,10.13,10.30,5681200,10.30
2011-09-01,11.24,11.46,10.98,11.09,5204100,11.09
2011-08-31,11.12,11.41,10.95,11.20,5124700,11.20
2011-08-30,10.73,11.10,10.59,10.97,4669100,10.97
2011-08-29,10.25,10.87,10.18,10.84,4909700,10.84
2011-08-26,9.69,10.08,9.54,10.06,6226300,10.06
2011-08-25,10.04,10.25,9.69,9.80,4829600,9.80
2011-08-24,9.46,10.01,9.35,9.93,7259700,9.93
2011-08-23,9.47,9.57,9.08,9.31,9429800,9.31
2011-08-22,10.00,10.15,9.29,9.42,7210200,9.42
2011-08-19,10.01,10.43,9.63,9.71,5033300,9.71
2011-08-18,10.69,10.74,10.03,10.19,4887300,10.19
2011-08-17,11.36,11.52,11.10,11.20,4073600,11.20
2011-08-16,11.34,11.54,11.12,11.26,3931000,11.26
2011-08-15,11.11,11.56,11.09,11.55,5403200,11.55
2011-08-12,10.93,11.24,10.83,11.01,5122500,11.01
2011-08-11,10.24,11.00,10.11,10.78,9366800,10.78
2011-08-10,9.98,10.55,9.92,10.07,9949400,10.07
2011-08-09,10.38,10.80,9.56,10.42,10585800,10.42
2011-08-08,11.34,11.58,9.76,10.09,12102100,10.09
2011-08-05,12.32,12.45,10.89,11.79,10705600,11.79
2011-08-04,13.05,13.05,12.06,12.08,10251900,12.08
2011-08-03,13.58,13.73,12.49,13.29,11525100,13.29
2011-08-02,13.84,13.84,12.77,12.99,9360500,12.99
2011-08-01,14.16,14.50,13.80,13.94,3825700,13.94
2011-07-29,13.96,14.32,13.86,14.07,4505600,14.07
2011-07-28,14.62,14.80,14.11,14.12,4976500,14.12
2011-07-27,15.21,15.21,14.48,14.61,3698400,14.61
2011-07-26,15.45,15.45,15.21,15.24,1907900,15.24
2011-07-25,15.47,15.55,15.35,15.41,2092700,15.41
2011-07-22,15.65,15.82,15.58,15.68,1481400,15.68
2011-07-21,15.77,15.98,15.65,15.68,3000600,15.68
2011-07-20,15.33,15.90,15.13,15.68,4069500,15.68
2011-07-19,14.82,15.37,14.61,15.31,4965100,15.31
2011-07-18,15.00,15.01,14.45,14.78,2572400,14.78
2011-07-15,14.97,15.00,14.65,14.88,2397000,14.88
2011-07-14,15.24,15.33,14.60,14.92,3334300,14.92
2011-07-13,15.45,15.50,15.11,15.23,4080500,15.23
2011-07-12,15.54,15.74,15.32,15.34,2387900,15.34
2011-07-11,15.98,16.03,15.51,15.64,2071900,15.64
2011-07-08,16.24,16.28,15.93,16.27,1800200,16.27
2011-07-07,16.69,16.87,16.44,16.48,3201500,16.48
2011-07-06,16.21,16.51,16.00,16.49,2925700,16.49
2011-07-05,16.23,16.38,16.09,16.22,2024300,16.22
2011-07-01,16.02,16.37,15.87,16.25,2180300,16.25
2011-06-30,15.63,16.03,15.62,15.88,3671400,15.88
2011-06-29,15.65,15.75,15.50,15.62,1996300,15.62
2011-06-28,15.24,15.64,15.03,15.53,2812100,15.53
2011-06-27,15.18,15.35,15.00,15.22,2009800,15.22
2011-06-24,15.37,15.38,14.95,15.19,4859100,15.19
2011-06-23,15.07,15.31,14.88,15.31,3514800,15.31
2011-06-22,15.48,15.65,15.30,15.36,3498100,15.36
2011-06-21,15.40,15.62,15.37,15.58,2570000,15.58
2011-06-20,15.22,15.41,15.12,15.31,2351100,15.31
2011-06-17,15.21,15.57,15.10,15.30,4557900,15.30
2011-06-16,15.05,15.23,14.82,15.01,4530200,15.01
2011-06-15,15.13,15.51,14.89,15.05,5852200,15.05
2011-06-14,15.05,15.97,14.80,15.40,10655700,15.40
2011-06-13,14.17,14.29,13.77,14.12,3656900,14.12
2011-06-10,14.51,14.55,14.01,14.10,3978800,14.10
2011-06-09,14.50,14.65,14.28,14.58,3692100,14.58
2011-06-08,14.77,14.78,14.34,14.42,3950800,14.42
2011-06-07,14.97,15.10,14.80,14.83,3273900,14.83
2011-06-06,15.20,15.35,14.81,14.84,5212700,14.84
2011-06-03,15.37,15.67,15.24,15.31,3582400,15.31
2011-06-02,15.67,15.76,15.27,15.59,5072100,15.59
2011-06-01,16.16,16.20,15.55,15.62,4281000,15.62
2011-05-31,16.28,16.38,15.93,16.15,12549100,16.15
2011-05-27,15.89,16.15,15.89,16.08,3552000,16.08
2011-05-26,15.67,16.08,15.64,15.92,7213900,15.92
2011-05-25,15.73,15.80,15.39,15.73,9626500,15.73
2011-05-24,15.90,16.15,15.73,15.77,9605100,15.77
2011-05-23,15.76,15.84,15.49,15.83,5147700,15.83
2011-05-20,16.10,16.13,15.91,16.02,4668400,16.02
2011-05-19,16.13,16.34,16.06,16.13,5110000,16.13
2011-05-18,15.36,16.23,15.36,16.18,4964800,16.18
2011-05-17,15.87,15.95,15.49,15.68,6622800,15.68
2011-05-16,16.34,16.51,15.97,15.99,5406100,15.99
2011-05-13,16.74,17.01,16.35,16.39,4839900,16.39
2011-05-12,16.40,16.95,16.26,16.77,4634300,16.77
2011-05-11,16.55,16.72,16.30,16.47,5227300,16.47
2011-05-10,16.77,16.84,16.34,16.59,9092200,16.59
2011-05-09,17.25,17.64,16.44,16.68,10040900,16.68
2011-05-06,16.98,17.17,16.72,16.85,3478000,16.85
2011-05-05,16.48,16.91,16.39,16.75,5491600,16.75
2011-05-04,17.02,17.17,16.57,16.60,4659800,16.60
2011-05-03,16.96,17.10,16.76,17.04,4727900,17.04
2011-05-02,17.27,17.43,16.95,16.98,4795000,16.98
2011-04-29,17.19,17.25,17.06,17.21,3131500,17.21
2011-04-28,17.23,17.29,17.03,17.20,4978600,17.20
2011-04-27,17.19,17.47,16.82,17.25,7730500,17.25
2011-04-26,17.08,17.26,17.03,17.12,9300000,17.12
2011-04-25,17.11,17.21,16.95,17.01,3277600,17.01
2011-04-21,16.99,17.20,16.94,17.08,3426300,17.08
2011-04-20,17.33,17.46,16.74,16.85,6683100,16.85
2011-04-19,16.52,17.03,16.52,17.00,5756400,17.00
2011-04-18,16.56,16.78,16.46,16.63,6053200,16.63
2011-04-15,16.54,16.91,16.49,16.85,5966300,16.85
2011-04-14,16.47,16.62,16.23,16.48,6487800,16.48
2011-04-13,16.32,16.65,16.24,16.57,6010300,16.57
2011-04-12,15.86,16.30,15.84,16.19,4062700,16.19
2011-04-11,15.93,16.15,15.87,16.01,3740400,16.01
2011-04-08,16.22,16.25,15.88,16.02,4016000,16.02
2011-04-07,16.10,16.29,15.97,16.11,4555900,16.11
2011-04-06,16.13,16.31,16.00,16.10,5684200,16.10
2011-04-05,15.88,16.07,15.88,16.00,5459800,16.00
2011-04-04,15.99,16.00,15.70,15.91,5449900,15.91
2011-04-01,15.70,16.08,15.63,15.91,7861200,15.91
2011-03-31,15.67,15.75,15.47,15.63,3934600,15.63
2011-03-30,15.50,15.73,15.45,15.67,7156100,15.67
2011-03-29,15.39,15.65,15.32,15.40,24327700,15.40
2011-03-28,16.30,16.51,16.13,16.27,2758200,16.27
2011-03-25,16.25,16.51,16.11,16.29,3650900,16.29
2011-03-24,15.95,16.30,15.83,16.22,4461700,16.22
2011-03-23,15.60,15.86,15.34,15.81,3145300,15.81
2011-03-22,15.85,16.00,15.41,15.60,4650600,15.60
2011-03-21,15.63,15.68,15.43,15.50,4406900,15.50
2011-03-18,15.16,15.44,14.95,15.34,3915800,15.34
2011-03-17,15.09,15.13,14.80,14.99,3040200,14.99
2011-03-16,14.83,15.02,14.66,14.84,7191100,14.84
2011-03-15,14.29,15.01,14.17,14.87,5029200,14.87
2011-03-14,14.91,15.16,14.91,14.98,4142800,14.98
2011-03-11,14.67,15.20,14.67,15.12,2596700,15.12
2011-03-10,14.81,15.10,14.73,14.83,2989300,14.83
2011-03-09,15.17,15.28,14.91,15.02,3239800,15.02
2011-03-08,14.81,15.26,14.76,15.15,2690800,15.15
2011-03-07,15.15,15.15,14.63,14.81,3457600,14.81
2011-03-04,15.18,15.18,14.86,14.99,3283500,14.99
2011-03-03,14.95,15.32,14.90,15.20,2507900,15.20
2011-03-02,14.50,14.96,14.50,14.78,2491400,14.78
2011-03-01,15.21,15.25,14.54,14.60,4176100,14.60
2011-02-28,15.27,15.31,15.05,15.21,2260900,15.21
2011-02-25,14.93,15.16,14.87,15.14,2478600,15.14
2011-02-24,14.87,15.09,14.57,14.87,4748700,14.87
2011-02-23,14.73,15.37,14.23,14.90,10648100,14.90
2011-02-22,15.63,15.78,15.13,15.16,5863100,15.16
2011-02-18,16.19,16.19,15.89,15.91,2983700,15.91
2011-02-17,16.20,16.32,16.09,16.09,4333500,16.09
2011-02-16,16.23,16.36,16.09,16.29,6361200,16.29
2011-02-15,16.40,16.43,16.07,16.14,5052200,16.14
2011-02-14,16.41,16.63,16.26,16.52,4812500,16.52
2011-02-11,16.07,16.50,16.04,16.41,4277700,16.41
2011-02-10,15.80,16.30,15.72,16.22,10651200,16.22
2011-02-09,15.70,16.18,15.70,16.00,6102600,16.00
2011-02-08,15.32,15.89,15.26,15.86,7504000,15.86
2011-02-07,15.04,15.56,14.95,15.32,4431100,15.32
2011-02-04,15.09,15.12,14.77,14.93,2462200,14.93
2011-02-03,15.11,15.18,14.75,15.04,4197000,15.04
2011-02-02,15.12,15.56,15.00,15.08,3420900,15.08
2011-02-01,14.81,15.43,14.81,15.23,4824900,15.23
2011-01-31,14.48,14.94,14.40,14.71,3551800,14.71
2011-01-28,14.87,14.99,14.31,14.42,4857400,14.42
2011-01-27,14.63,14.97,14.45,14.87,3177800,14.87
2011-01-26,14.27,14.70,14.23,14.58,2808500,14.58
2011-01-25,14.34,14.49,14.01,14.20,4976300,14.20
2011-01-24,13.90,14.85,13.86,14.40,12892800,14.40
2011-01-21,13.94,14.12,13.82,13.96,2923800,13.96
2011-01-20,13.94,14.07,13.69,13.89,4338900,13.89
2011-01-19,14.18,14.18,13.78,13.90,3766100,13.90
2011-01-18,13.97,14.24,13.92,14.21,4332400,14.21
2011-01-14,13.71,14.11,13.68,13.96,4225400,13.96
2011-01-13,13.74,13.86,13.60,13.77,5495500,13.77
2011-01-12,14.15,14.15,13.58,13.68,9070800,13.68
2011-01-11,14.40,14.41,13.98,14.09,4084600,14.09
2011-01-10,14.32,14.38,14.08,14.31,3190800,14.31
2011-01-07,14.57,14.73,14.06,14.39,5742800,14.39
2011-01-06,14.89,14.92,14.29,14.54,4592600,14.54
2011-01-05,14.39,14.90,14.39,14.89,2948100,14.89
2011-01-04,14.85,15.04,14.12,14.54,3821500,14.54
2011-01-03,14.69,14.92,14.57,14.70,3249500,14.70
2010-12-31,14.32,14.93,14.27,14.49,2838300,14.49
2010-12-30,14.25,14.43,14.13,14.31,1251000,14.31
2010-12-29,14.13,14.36,14.09,14.25,2006300,14.25
2010-12-28,14.32,14.32,13.97,14.13,1210600,14.13
2010-12-27,14.22,14.33,14.05,14.23,1046000,14.23
2010-12-23,14.37,14.37,14.16,14.23,1110100,14.23
2010-12-22,14.53,14.56,14.24,14.37,1927400,14.37
2010-12-21,14.34,14.63,14.29,14.55,2301800,14.55
2010-12-20,14.26,14.46,14.08,14.31,1625300,14.31
2010-12-17,14.26,14.39,14.09,14.26,3425700,14.26
2010-12-16,14.08,14.25,13.64,14.22,4176200,14.22
2010-12-15,14.06,14.68,13.88,13.90,12496300,13.90
2010-12-14,13.69,13.88,13.57,13.64,3757400,13.64
2010-12-13,14.09,14.09,13.57,13.69,10387000,13.69
2010-12-10,13.75,14.06,13.74,13.92,3558500,13.92
2010-12-09,13.75,13.79,13.56,13.78,3432600,13.78
2010-12-08,13.37,13.69,13.33,13.61,3960700,13.61
2010-12-07,13.42,13.63,13.19,13.31,5446500,13.31
2010-12-06,13.24,13.40,13.14,13.34,6162500,13.34
2010-12-03,12.89,13.39,12.78,13.21,4369200,13.21
2010-12-02,12.73,13.13,12.71,12.96,4411200,12.96
2010-12-01,12.47,12.78,12.38,12.64,5189600,12.64
2010-11-30,12.06,12.37,12.06,12.26,2070500,12.26
2010-11-29,12.10,12.31,11.96,12.26,3178200,12.26
2010-11-26,12.17,12.38,12.17,12.23,498500,12.23
2010-11-24,12.09,12.40,12.07,12.32,2675500,12.32
2010-11-23,11.79,12.04,11.79,11.94,2013400,11.94
2010-11-22,12.23,12.39,12.03,12.10,3297200,12.10
2010-11-19,12.03,12.40,11.97,12.30,3053100,12.30
2010-11-18,11.98,12.28,11.91,12.04,2680800,12.04
2010-11-17,11.66,11.92,11.56,11.79,3276600,11.79
2010-11-16,11.73,11.82,11.36,11.74,5402800,11.74
2010-11-15,12.16,12.19,11.83,11.83,4276400,11.83
2010-11-12,12.33,12.49,11.88,12.02,5797300,12.02
2010-11-11,12.32,12.65,12.16,12.50,4754800,12.50
2010-11-10,12.10,12.60,11.95,12.51,5938000,12.51
2010-11-09,12.31,12.42,12.09,12.16,3937500,12.16
2010-11-08,12.24,12.41,11.99,12.24,2150500,12.24
2010-11-05,12.04,12.50,11.97,12.29,6197400,12.29
2010-11-04,11.40,12.13,11.33,11.99,7728800,11.99
2010-11-03,11.42,11.67,11.20,11.31,8473800,11.31
2010-11-02,11.37,11.44,11.18,11.35,3695300,11.35
2010-11-01,11.32,11.38,11.12,11.27,5506700,11.27
2010-10-29,11.46,11.49,11.11,11.32,4160700,11.32
2010-10-28,11.52,11.58,11.22,11.37,3489600,11.37
2010-10-27,11.38,11.42,11.13,11.40,2764100,11.40
2010-10-26,10.98,11.56,10.90,11.39,7757800,11.39
2010-10-25,10.72,11.24,10.71,11.14,7746200,11.14
2010-10-22,10.51,10.71,10.42,10.66,3650000,10.66
2010-10-21,10.54,10.78,10.36,10.46,5931400,10.46
2010-10-20,10.21,10.48,10.10,10.43,9694000,10.43
2010-10-19,10.13,10.24,9.95,10.02,5120900,10.02
2010-10-18,10.03,10.31,9.93,10.30,4945700,10.30
2010-10-15,10.20,10.37,9.92,10.00,3763500,10.00
2010-10-14,10.46,10.51,9.99,10.12,9137500,10.12
2010-10-13,10.53,10.68,10.37,10.53,7126600,10.53
2010-10-12,10.06,10.49,9.92,10.39,8678700,10.39
2010-10-11,10.13,10.16,9.95,10.06,3996600,10.06
2010-10-08,9.72,10.16,9.68,10.09,9474100,10.09
2010-10-07,9.96,9.96,9.59,9.72,13573000,9.72
2010-10-06,10.15,10.32,9.85,9.97,8142700,9.97
2010-10-05,10.09,10.27,9.97,10.14,9190800,10.14
2010-10-04,9.99,10.32,9.92,9.94,6854600,9.94
2010-10-01,10.59,10.62,9.95,10.01,19064000,10.01
2010-09-30,11.58,11.58,10.27,10.59,33765300,10.59
2010-09-29,11.39,11.85,11.21,11.61,12836000,11.61
2010-09-28,11.30,11.67,11.20,11.44,11993000,11.44
2010-09-27,11.15,11.34,11.11,11.28,3181900,11.28
2010-09-24,10.89,11.32,10.82,11.16,5319500,11.16
2010-09-23,10.74,10.89,10.44,10.45,6864800,10.45
2010-09-22,11.10,11.27,10.85,10.87,4065400,10.87
2010-09-21,11.15,11.43,11.09,11.16,3820700,11.16
2010-09-20,10.96,11.24,10.82,11.16,2818100,11.16
2010-09-17,10.92,11.06,10.66,10.99,7002600,10.99
2010-09-16,10.59,11.01,10.54,10.94,8597600,10.94
2010-09-15,10.57,10.78,10.27,10.71,5287500,10.71
2010-09-14,10.73,11.01,10.60,10.76,5005600,10.76
2010-09-13,10.64,11.02,10.49,10.84,24100900,10.84
2010-09-10,9.81,10.12,9.76,10.05,3671700,10.05
2010-09-09,10.02,10.05,9.78,9.81,2822900,9.81
2010-09-08,9.59,9.81,9.52,9.76,3129700,9.76
2010-09-07,9.65,9.69,9.47,9.50,2368500,9.50
2010-09-03,9.66,9.86,9.52,9.72,5083300,9.72
2010-09-02,9.17,9.54,9.04,9.47,5275900,9.47
2010-09-01,8.70,9.16,8.66,9.09,8672100,9.09
2010-08-31,8.55,8.68,8.36,8.51,10778000,8.51
2010-08-30,8.86,8.89,8.54,8.58,4129700,8.58
2010-08-27,8.86,8.90,8.41,8.84,4092300,8.84
2010-08-26,8.97,8.99,8.65,8.67,2832200,8.67
2010-08-25,8.84,8.95,8.65,8.86,3224500,8.86
2010-08-24,8.99,9.05,8.78,8.82,3979000,8.82
2010-08-23,9.31,9.40,9.08,9.08,3064500,9.08
2010-08-20,9.21,9.29,8.88,9.20,3990700,9.20
2010-08-19,9.59,9.64,9.18,9.21,4347400,9.21
2010-08-18,9.52,9.82,9.36,9.69,4086600,9.69
2010-08-17,9.49,9.60,9.18,9.46,5582600,9.46
2010-08-16,9.55,9.55,9.25,9.28,5868300,9.28
2010-08-13,9.64,9.80,9.43,9.43,4968200,9.43
2010-08-12,9.58,9.83,9.55,9.65,6811800,9.65
2010-08-11,9.90,9.90,9.56,9.79,7289200,9.79
2010-08-10,10.26,10.29,10.02,10.07,7036700,10.07
2010-08-09,10.28,10.40,10.03,10.35,12252100,10.35
2010-08-06,10.26,10.40,10.06,10.27,7615300,10.27
2010-08-05,10.82,10.91,10.44,10.46,7878700,10.46
2010-08-04,11.45,11.57,10.65,10.96,17097900,10.96
2010-08-03,11.98,11.98,11.47,11.57,8463900,11.57
2010-08-02,12.01,12.20,11.62,11.95,7110700,11.95
2010-07-30,10.98,11.80,10.84,11.74,7635200,11.74
2010-07-29,11.10,11.49,10.93,11.23,6681000,11.23
2010-07-28,10.90,11.08,10.74,11.00,5948800,11.00
2010-07-27,11.37,11.52,10.94,11.06,7468900,11.06
2010-07-26,11.22,11.40,11.08,11.34,3463000,11.34
2010-07-23,10.69,11.21,10.49,11.12,3792500,11.12
2010-07-22,10.34,11.00,10.31,10.92,6437100,10.92
2010-07-21,10.23,10.83,10.23,10.24,7905100,10.24
2010-07-20,10.00,10.12,9.70,10.02,4122100,10.02
2010-07-19,10.02,10.18,9.88,10.15,2737100,10.15
2010-07-16,10.58,10.64,9.96,10.03,5231300,10.03
2010-07-15,10.24,10.69,10.21,10.60,6486400,10.60
2010-07-14,10.27,10.41,10.01,10.26,2839000,10.26
2010-07-13,10.39,10.43,9.99,10.37,4012100,10.37
2010-07-12,10.13,10.30,9.89,10.04,2254900,10.04
2010-07-09,9.84,10.28,9.76,10.24,3813600,10.24
2010-07-08,9.85,10.00,9.70,9.91,7081100,9.91
2010-07-07,9.05,9.66,8.86,9.61,4849300,9.61
2010-07-06,9.35,9.49,8.55,8.73,4388000,8.73
2010-07-02,9.32,9.43,8.99,9.07,2753800,9.07
2010-07-01,9.54,9.94,8.68,9.31,5381900,9.31
2010-06-30,9.40,9.66,9.31,9.46,6063400,9.46
2010-06-29,9.74,9.74,9.28,9.41,4951400,9.41
2010-06-28,10.00,10.11,9.82,9.85,2128800,9.85
2010-06-25,9.90,10.04,9.70,9.98,5201200,9.98
2010-06-24,9.95,10.14,9.80,9.90,3469700,9.90
2010-06-23,9.91,10.28,9.75,10.08,4852300,10.08
2010-06-22,10.32,10.41,9.79,9.91,5573200,9.91
2010-06-21,10.55,10.73,10.21,10.34,3688100,10.34
2010-06-18,10.47,10.62,10.21,10.27,2692100,10.27
2010-06-17,10.75,10.83,10.18,10.48,2643400,10.48
2010-06-16,10.73,10.83,10.40,10.65,3831600,10.65
2010-06-15,10.69,10.97,10.17,10.88,5119800,10.88
2010-06-14,10.32,10.80,10.28,10.55,6005900,10.55
2010-06-11,10.18,10.40,9.93,10.27,3527500,10.27
2010-06-10,10.11,10.40,10.00,10.39,3740100,10.39
2010-06-09,9.54,10.32,9.54,9.86,8831100,9.86
2010-06-08,9.55,10.01,9.13,9.54,10139600,9.54
2010-06-07,10.21,10.32,9.69,9.76,7938500,9.76
2010-06-04,10.75,10.80,10.13,10.22,5557900,10.22
2010-06-03,10.88,11.22,10.77,11.09,6432300,11.09
2010-06-02,10.99,10.99,10.50,10.69,5158300,10.69
2010-06-01,11.25,11.38,10.78,10.78,4430800,10.78
2010-05-28,11.44,11.59,11.08,11.36,7661200,11.36
2010-05-27,11.10,11.54,10.99,11.33,18310200,11.33
2010-05-26,10.61,11.17,10.52,10.79,12812600,10.79
2010-05-25,9.77,10.37,9.64,10.29,11998500,10.29
2010-05-24,10.19,10.58,10.12,10.15,8132700,10.15
2010-05-21,10.06,10.58,10.03,10.45,7890600,10.45
2010-05-20,10.93,10.93,10.19,10.23,11991700,10.23
2010-05-19,11.45,11.71,10.90,11.20,5388100,11.20
2010-05-18,11.92,12.09,11.34,11.50,3044300,11.50
2010-05-17,12.27,12.38,11.38,11.87,8345200,11.87
2010-05-14,12.82,12.82,12.04,12.24,5925000,12.24
2010-05-13,12.96,13.24,12.75,12.93,5809200,12.93
2010-05-12,12.99,13.23,12.79,13.00,8209600,13.00
2010-05-11,12.66,13.50,12.55,13.12,6708100,13.12
2010-05-10,12.76,12.97,12.40,12.92,7029600,12.92
2010-05-07,12.41,12.65,11.53,12.01,8275000,12.01
2010-05-06,13.01,13.29,11.49,12.38,6800300,12.38
2010-05-05,13.08,13.58,12.23,13.08,7615300,13.08
2010-05-04,13.48,13.64,13.09,13.35,13187500,13.35
2010-05-03,13.80,14.21,13.43,13.60,17173800,13.60
2010-04-30,14.86,14.89,14.22,14.46,6552800,14.46
2010-04-29,14.32,14.93,14.19,14.75,7739700,14.75
2010-04-28,14.41,14.66,13.87,14.22,11487600,14.22
2010-04-27,14.55,14.65,14.02,14.16,10376600,14.16
2010-04-26,14.66,15.60,14.50,14.69,47960900,14.69
2010-04-23,12.78,13.00,12.56,12.88,6592700,12.88
2010-04-22,11.86,12.81,11.73,12.73,9381900,12.73
2010-04-21,11.91,12.05,11.69,11.91,3686600,11.91
2010-04-20,11.84,11.98,11.67,11.92,3250400,11.92
2010-04-19,11.85,11.90,11.47,11.70,4081100,11.70
2010-04-16,12.13,12.17,11.40,11.82,3569500,11.82
2010-04-15,12.26,12.50,12.11,12.17,3021500,12.17
2010-04-14,12.08,12.39,11.94,12.29,4442600,12.29
2010-04-13,11.81,12.02,11.65,11.96,4636300,11.96
2010-04-12,11.92,11.95,11.74,11.81,4001300,11.81
2010-04-09,12.02,12.10,11.75,11.95,3647200,11.95
2010-04-08,11.55,12.16,11.32,12.01,5230200,12.01
2010-04-07,11.73,11.85,11.50,11.64,4492500,11.64
2010-04-06,10.76,12.19,10.76,11.84,16722800,11.84
2010-04-05,10.40,10.94,10.40,10.78,3061600,10.78
2010-04-01,10.10,10.41,10.05,10.41,5718700,10.41
2010-03-31,9.95,10.28,9.85,9.99,8243000,9.99
2010-03-30,9.88,10.04,9.70,10.00,2391400,10.00
2010-03-29,10.05,10.13,9.79,9.91,3280600,9.91
2010-03-26,9.87,10.19,9.86,10.01,2825500,10.01
2010-03-25,9.85,10.30,9.78,9.87,5607800,9.87
2010-03-24,9.69,9.82,9.59,9.79,3165200,9.79
2010-03-23,9.61,9.87,9.41,9.78,3425300,9.78
2010-03-22,9.33,9.59,9.17,9.55,3537200,9.55
2010-03-19,9.77,9.78,9.39,9.40,3710300,9.40
2010-03-18,9.91,9.95,9.60,9.70,4529300,9.70
2010-03-17,10.35,10.44,9.94,9.94,5020100,9.94
2010-03-16,10.00,10.39,10.00,10.26,3590000,10.26
2010-03-15,9.96,10.08,9.85,10.01,3143000,10.01
2010-03-12,10.02,10.08,9.92,9.99,3622600,9.99
2010-03-11,9.78,10.01,9.72,9.99,5378400,9.99
2010-03-10,9.97,10.13,9.80,9.95,3577500,9.95
2010-03-09,9.87,9.95,9.79,9.90,4025900,9.90
2010-03-08,10.03,10.03,9.80,9.91,2320700,9.91
2010-03-05,9.87,10.10,9.84,9.98,4280800,9.98
2010-03-04,9.20,9.80,9.20,9.70,5033800,9.70
2010-03-03,9.37,9.49,9.20,9.23,2528000,9.23
2010-03-02,9.52,9.63,9.24,9.40,4187600,9.40
2010-03-01,9.50,9.67,9.38,9.50,4112100,9.50
2010-02-26,9.12,9.45,9.06,9.40,6058100,9.40
2010-02-25,9.60,9.60,9.09,9.12,7463600,9.12
2010-02-24,10.81,10.87,9.52,9.69,13800900,9.69
2010-02-23,10.93,10.97,10.44,10.52,5372500,10.52
2010-02-22,11.03,11.15,10.87,10.93,3384600,10.93
2010-02-19,11.10,11.23,10.91,10.96,2677700,10.96
2010-02-18,10.84,11.19,10.67,11.11,4065900,11.11
2010-02-17,10.87,11.22,10.86,11.03,5961500,11.03
2010-02-16,10.59,10.72,10.46,10.72,1718500,10.72
2010-02-12,10.39,10.47,10.22,10.40,2328900,10.40
2010-02-11,10.36,10.63,10.24,10.61,2019900,10.61
2010-02-10,10.27,10.42,10.19,10.36,2441400,10.36
2010-02-09,9.99,10.32,9.98,10.27,1864700,10.27
2010-02-08,10.04,10.16,9.70,9.85,1612000,9.85
2010-02-05,10.11,10.20,9.55,10.02,2398100,10.02
2010-02-04,10.45,10.45,10.05,10.13,1375600,10.13
2010-02-03,10.61,10.66,10.48,10.57,927400,10.57
2010-02-02,10.77,10.92,10.57,10.65,2243500,10.65
2010-02-01,10.48,10.79,10.27,10.74,2667600,10.74
2010-01-29,10.62,10.65,10.14,10.36,4133800,10.36
2010-01-28,11.07,11.10,10.39,10.59,2124800,10.59
2010-01-27,11.03,11.30,10.63,11.01,4574300,11.01
2010-01-26,10.88,10.95,10.63,10.74,4498400,10.74
2010-01-25,11.15,11.23,10.77,10.87,1840100,10.87
2010-01-22,11.34,11.51,10.97,11.03,1609600,11.03
2010-01-21,11.75,11.84,11.17,11.49,3897200,11.49
2010-01-20,11.87,11.93,11.62,11.71,1687400,11.71
2010-01-19,11.98,12.08,11.86,11.97,2001100,11.97
2010-01-15,12.16,12.16,11.75,12.07,1975000,12.07
2010-01-14,11.75,12.21,11.65,12.14,2064900,12.14
2010-01-13,11.72,11.84,11.48,11.71,1706700,11.71
2010-01-12,12.00,12.00,11.41,11.74,2024700,11.74
2010-01-11,12.19,12.25,11.87,12.11,1641300,12.11
2010-01-08,11.68,12.18,11.52,12.18,2715300,12.18
2010-01-07,11.67,11.83,11.53,11.65,1292200,11.65
2010-01-06,11.73,11.74,11.55,11.62,2292700,11.62
2010-01-05,11.82,12.05,11.64,11.77,3358800,11.77
2010-01-04,12.02,12.22,11.67,11.88,4036900,11.88
2009-12-31,12.12,12.12,11.87,11.92,1376500,11.92
2009-12-30,12.17,12.26,11.98,12.03,1073500,12.03
2009-12-29,12.40,12.50,12.11,12.27,929900,12.27
2009-12-28,12.37,12.50,12.23,12.33,1064400,12.33
2009-12-24,12.40,12.55,12.28,12.38,783000,12.38
2009-12-23,12.14,12.49,12.05,12.31,2791000,12.31
2009-12-22,11.50,12.40,11.48,12.07,5289700,12.07
2009-12-21,11.20,11.52,11.17,11.48,1467200,11.48
2009-12-18,11.07,11.21,10.89,11.20,1959800,11.20
2009-12-17,10.92,11.15,10.84,10.95,1695000,10.95
2009-12-16,10.78,11.14,10.77,11.10,3086100,11.10
2009-12-15,10.79,10.84,10.60,10.74,2427100,10.74
2009-12-14,10.83,10.92,10.76,10.86,1639400,10.86
2009-12-11,10.78,11.08,10.70,10.74,2025100,10.74
2009-12-10,10.89,11.05,10.71,10.91,2718900,10.91
2009-12-09,10.94,10.94,10.60,10.78,1407200,10.78
2009-12-08,10.80,10.92,10.55,10.89,1511200,10.89
2009-12-07,10.81,11.05,10.70,10.96,1931400,10.96
2009-12-04,10.64,11.10,10.57,10.91,4170300,10.91
2009-12-03,10.51,10.70,10.38,10.39,1887800,10.39
2009-12-02,10.22,10.64,10.22,10.50,4278800,10.50
2009-12-01,10.00,10.31,9.91,10.23,4077300,10.23
2009-11-30,9.63,9.80,9.51,9.80,2893800,9.80
2009-11-27,9.62,9.90,9.45,9.63,1101200,9.63
2009-11-25,10.03,10.24,9.91,10.00,1372600,10.00
2009-11-24,10.05,10.10,9.75,9.98,2436600,9.98
2009-11-23,10.09,10.14,9.64,9.71,1175900,9.71
2009-11-20,9.75,9.96,9.56,9.78,1627700,9.78
2009-11-19,10.18,10.32,9.76,9.89,2238700,9.89
2009-11-18,10.13,10.45,10.06,10.32,2061900,10.32
2009-11-17,10.03,10.15,9.82,10.13,1200800,10.13
2009-11-16,9.95,10.14,9.91,10.11,1273700,10.11
2009-11-13,9.84,10.04,9.64,9.79,1782500,9.79
2009-11-12,10.11,10.17,9.67,9.70,2708800,9.70
2009-11-11,9.90,10.25,9.85,10.19,2468000,10.19
2009-11-10,9.74,9.87,9.56,9.76,1583300,9.76
2009-11-09,9.57,9.94,9.54,9.85,1733500,9.85
2009-11-06,9.27,9.69,9.02,9.51,3173300,9.51
2009-11-05,8.97,9.34,8.97,9.29,2627200,9.29
2009-11-04,9.25,9.29,8.85,8.89,3043200,8.89
2009-11-03,9.02,9.19,8.82,9.11,4380300,9.11
2009-11-02,9.31,9.57,8.96,9.15,4438400,9.15
2009-10-30,9.90,10.03,8.98,9.31,6672500,9.31
2009-10-29,9.37,9.61,9.15,9.54,4733600,9.54
2009-10-28,10.13,10.13,9.07,9.12,6910200,9.12
2009-10-27,10.63,11.20,9.73,10.15,9950700,10.15
2009-10-26,10.06,10.35,9.53,9.62,2727900,9.62
2009-10-23,10.21,10.38,9.91,10.03,2993800,10.03
2009-10-22,10.32,10.36,9.90,10.27,2351500,10.27
2009-10-21,10.52,10.90,10.25,10.26,1333100,10.26
2009-10-20,10.64,10.88,10.35,10.56,6906100,10.56
2009-10-19,10.61,10.74,10.61,10.64,2015500,10.64
2009-10-16,10.91,10.91,10.45,10.70,3997000,10.70
2009-10-15,11.23,11.28,10.82,11.03,2128100,11.03
2009-10-14,11.24,11.30,10.91,11.28,4251700,11.28
2009-10-13,10.90,11.25,10.80,11.04,2676900,11.04
2009-10-12,10.91,11.10,10.87,10.93,2474900,10.93
2009-10-09,10.66,10.99,10.42,10.74,4826200,10.74
2009-10-08,10.17,10.54,10.08,10.16,7711900,10.16
2009-10-07,10.13,10.43,9.94,10.09,6971300,10.09
2009-10-06,10.36,10.61,10.02,10.20,3071000,10.20
2009-10-05,9.78,10.28,9.78,10.26,3066200,10.26
2009-10-02,9.95,9.99,9.59,9.86,2771000,9.86
2009-10-01,10.76,10.79,10.05,10.12,3433600,10.12
2009-09-30,10.50,11.03,10.14,10.83,3524600,10.83
2009-09-29,10.80,11.00,10.40,10.49,3155200,10.49
2009-09-28,10.73,11.20,10.67,10.79,2654800,10.79
2009-09-25,10.60,10.85,10.55,10.69,1982800,10.69
2009-09-24,11.50,11.72,10.68,10.68,2460700,10.68
2009-09-23,11.73,11.81,11.45,11.49,1374500,11.49
2009-09-22,11.49,11.99,11.48,11.70,3301300,11.70
2009-09-21,11.40,11.65,10.94,11.38,1878200,11.38
2009-09-18,11.39,11.50,11.12,11.40,1447600,11.40
2009-09-17,11.37,11.53,10.79,11.18,5456700,11.18
2009-09-16,11.10,11.38,11.04,11.30,3124200,11.30
2009-09-15,10.84,11.08,10.80,11.06,3739300,11.06
2009-09-14,10.65,10.93,10.39,10.85,2146200,10.85
2009-09-11,11.09,11.23,10.61,10.72,3695400,10.72
2009-09-10,10.59,11.20,10.48,10.99,6602400,10.99
2009-09-09,9.46,10.52,9.46,10.44,4658100,10.44
2009-09-08,9.62,9.66,9.34,9.52,5095300,9.52
2009-09-04,9.36,9.69,9.31,9.61,1425900,9.61
2009-09-03,9.22,9.33,8.90,9.26,2202600,9.26
2009-09-02,9.19,9.40,8.90,9.18,4199100,9.18
2009-09-01,9.81,10.05,9.18,9.29,3516500,9.29
2009-08-31,9.95,10.02,9.75,9.92,2386500,9.92
2009-08-28,10.40,10.60,9.94,10.14,2462300,10.14
2009-08-27,10.58,10.71,9.96,10.35,3502300,10.35
2009-08-26,10.78,10.95,10.53,10.58,3245500,10.58
2009-08-25,10.57,10.89,10.50,10.86,2418100,10.86
2009-08-24,10.91,11.03,10.37,10.46,3816400,10.46
2009-08-21,10.85,10.92,10.59,10.81,2333000,10.81
2009-08-20,10.12,10.75,10.12,10.74,3403300,10.74
2009-08-19,10.03,10.40,9.90,10.08,5066000,10.08
2009-08-18,9.95,10.26,9.85,10.26,3861200,10.26
2009-08-17,10.31,10.62,9.99,10.10,4389000,10.10
2009-08-14,11.17,11.17,10.65,11.02,2525700,11.02
2009-08-13,11.00,11.06,10.57,11.02,4101500,11.02
2009-08-12,10.87,11.09,10.81,10.88,3070400,10.88
2009-08-11,11.32,11.36,10.71,10.80,2858300,10.80
2009-08-10,10.93,11.53,10.86,11.35,4563700,11.35
2009-08-07,10.85,11.05,10.59,10.93,3134600,10.93
2009-08-06,10.61,10.88,10.24,10.40,2701300,10.40
2009-08-05,10.38,10.73,10.19,10.43,4120200,10.43
2009-08-04,9.85,10.55,9.85,10.46,4120800,10.46
2009-08-03,9.70,10.15,9.67,10.03,5972300,10.03
2009-07-31,9.38,9.76,9.26,9.44,3302000,9.44
2009-07-30,9.54,9.95,9.27,9.39,3473400,9.39
2009-07-29,9.27,9.62,9.13,9.34,4596700,9.34
2009-07-28,9.48,9.61,9.06,9.39,1974000,9.39
2009-07-27,9.65,9.69,9.32,9.45,2094200,9.45
2009-07-24,9.46,9.63,9.21,9.57,2817600,9.57
2009-07-23,9.03,9.50,8.96,9.44,2826100,9.44
2009-07-22,9.05,9.16,8.90,9.03,2504600,9.03
2009-07-21,9.23,9.47,8.86,9.18,2958000,9.18
2009-07-20,8.74,9.20,8.68,9.18,2663900,9.18
2009-07-17,8.91,8.93,8.62,8.78,3552300,8.78
2009-07-16,8.82,9.17,8.63,8.95,2662800,8.95
2009-07-15,8.85,9.00,8.58,8.86,8189500,8.86
2009-07-14,8.80,9.07,8.60,9.00,5465500,9.00
2009-07-13,8.60,8.93,8.25,8.91,9131200,8.91
2009-07-10,8.38,8.57,8.10,8.50,6693100,8.50
2009-07-09,8.20,8.45,8.00,8.33,8196900,8.33
2009-07-08,8.08,8.35,7.89,8.00,7584300,8.00
2009-07-07,7.89,8.16,7.72,7.97,5501600,7.97
2009-07-06,7.99,8.26,7.73,7.98,3722000,7.98
2009-07-02,8.27,8.45,7.91,8.04,9627700,8.04
2009-07-01,8.19,8.72,8.04,8.44,12693300,8.44
2009-06-30,8.16,8.24,7.69,7.99,7790700,7.99
2009-06-29,8.14,8.23,7.77,8.14,3506600,8.14
2009-06-26,7.97,8.20,7.54,8.08,16918600,8.08
2009-06-25,7.85,8.16,7.38,8.13,16189300,8.13
2009-06-24,6.84,7.20,6.76,7.01,7507100,7.01
2009-06-23,6.75,7.00,6.51,6.63,4705800,6.63
2009-06-22,7.07,7.21,6.50,6.57,5011800,6.57
2009-06-19,7.21,7.50,7.06,7.15,5980600,7.15
2009-06-18,7.14,7.17,6.74,7.01,6565600,7.01
2009-06-17,6.59,6.86,6.20,6.76,7181700,6.76
2009-06-16,6.46,6.90,6.43,6.59,6334800,6.59
2009-06-15,7.17,7.17,6.30,6.48,6990700,6.48
2009-06-12,7.08,7.40,6.83,7.26,3227400,7.26
2009-06-11,7.22,7.43,7.14,7.22,4644600,7.22
2009-06-10,7.20,7.32,6.90,7.08,5289800,7.08
2009-06-09,6.81,7.22,6.76,7.16,6860000,7.16
2009-06-08,6.62,6.79,6.55,6.74,5173500,6.74
2009-06-05,6.70,6.85,6.41,6.79,5710400,6.79
2009-06-04,6.32,6.55,6.14,6.52,4921300,6.52
2009-06-03,6.75,6.75,6.19,6.45,5076500,6.45
2009-06-02,7.10,7.15,6.46,6.79,6692700,6.79
2009-06-01,6.93,7.20,6.77,7.08,10145500,7.08
2009-05-29,6.70,6.87,6.56,6.85,10671400,6.85
2009-05-28,6.35,6.69,6.21,6.62,11644200,6.62
2009-05-27,6.23,6.46,6.14,6.35,5548300,6.35
2009-05-26,6.28,6.47,6.00,6.35,7328300,6.35
2009-05-22,6.37,6.46,6.18,6.26,12115100,6.26
2009-05-21,6.50,6.54,6.14,6.32,45237700,6.32
2009-05-20,7.03,7.57,6.61,6.76,11101500,6.76
2009-05-19,7.61,8.23,7.42,8.14,1416300,8.14
2009-05-18,7.07,7.74,6.90,7.70,1030500,7.70
2009-05-15,7.11,7.67,6.95,7.01,1405100,7.01
2009-05-14,7.00,7.55,6.70,7.22,1301700,7.22
2009-05-13,7.42,7.42,6.78,6.86,1284300,6.86
2009-05-12,8.51,8.76,7.36,7.68,1319100,7.68
2009-05-11,8.56,8.66,8.30,8.38,1232100,8.38
2009-05-08,9.12,9.12,8.61,8.81,1923100,8.81
2009-05-07,9.27,9.55,8.61,8.84,2169900,8.84
2009-05-06,8.35,9.29,8.35,9.00,4233000,9.00
2009-05-05,7.34,8.57,7.16,8.45,4243800,8.45
2009-05-04,6.59,7.56,6.59,7.53,2358400,7.53
2009-05-01,6.81,6.85,6.36,6.45,1688800,6.45
2009-04-30,6.47,7.07,6.28,6.80,2982500,6.80
2009-04-29,6.47,7.05,6.45,6.67,2320000,6.67
2009-04-28,6.68,7.09,6.45,6.73,1850800,6.73
2009-04-27,7.51,7.58,6.62,6.62,1687200,6.62
2009-04-24,7.28,8.01,7.03,7.56,1348600,7.56
2009-04-23,7.12,7.26,6.84,7.17,968800,7.17
2009-04-22,6.68,7.38,6.25,7.23,1006700,7.23
2009-04-21,6.57,6.92,6.25,6.74,1452100,6.74
2009-04-20,7.50,7.50,6.48,6.52,1635100,6.52
2009-04-17,6.90,8.07,6.90,7.83,1962300,7.83
2009-04-16,6.31,7.29,6.20,7.11,1437500,7.11
2009-04-15,6.11,6.44,6.05,6.21,1691700,6.21
2009-04-14,5.89,6.94,5.83,6.28,2602400,6.28
2009-04-13,5.50,6.11,5.19,6.01,1180600,6.01
2009-04-09,4.65,5.50,4.53,5.50,2153200,5.50
2009-04-08,4.29,4.50,4.28,4.48,820800,4.48
2009-04-07,4.49,4.57,4.26,4.35,1270300,4.35
2009-04-06,4.62,4.82,4.32,4.56,1538100,4.56
2009-04-03,4.53,4.88,4.25,4.85,1421400,4.85
2009-04-02,4.36,4.88,4.35,4.54,1589600,4.54
2009-04-01,3.91,4.28,3.61,4.22,1639300,4.22
2009-03-31,3.68,4.14,3.68,3.93,1708200,3.93
2009-03-30,4.08,4.10,3.36,3.56,1908000,3.56
2009-03-27,4.85,4.85,4.17,4.18,1786900,4.18
2009-03-26,3.91,4.85,3.91,4.85,1795200,4.85
2009-03-25,3.85,4.26,3.57,3.86,877400,3.86
2009-03-24,3.97,3.98,3.57,3.82,1458700,3.82
2009-03-23,3.40,4.00,3.27,3.98,1331100,3.98
2009-03-20,3.04,3.38,2.89,3.38,2026500,3.38
2009-03-19,2.99,3.28,2.93,2.94,1204500,2.94
2009-03-18,2.62,3.02,2.61,2.97,831500,2.97
2009-03-17,2.78,2.84,2.59,2.64,1100000,2.64
2009-03-16,2.75,2.99,2.70,2.84,1662900,2.84
2009-03-13,3.00,3.05,2.62,2.75,1675800,2.75
2009-03-12,2.40,3.06,2.35,3.02,1584400,3.02
2009-03-11,2.67,2.76,2.38,2.48,1930200,2.48
2009-03-10,2.12,2.73,2.10,2.50,3744900,2.50
2009-03-09,2.23,2.26,1.97,2.00,2403200,2.00
2009-03-06,2.69,2.72,2.18,2.24,2161500,2.24
2009-03-05,3.15,3.15,2.56,2.60,1766100,2.60
2009-03-04,2.93,3.50,2.93,3.32,1933600,3.32
2009-03-03,3.02,3.37,2.93,2.93,2790400,2.93
2009-03-02,3.10,3.10,2.80,2.91,1680500,2.91
2009-02-27,3.15,3.24,2.75,3.16,2545400,3.16
2009-02-26,3.59,3.59,3.12,3.24,1793600,3.24
2009-02-25,3.40,3.53,3.02,3.38,1978600,3.38
2009-02-24,3.37,3.85,2.69,3.40,2966700,3.40
2009-02-23,3.76,3.95,3.47,3.50,2904200,3.50
2009-02-20,4.25,4.30,3.51,3.69,2810700,3.69
2009-02-19,4.62,4.68,4.31,4.38,1419000,4.38
2009-02-18,4.68,4.78,4.43,4.52,1152900,4.52
2009-02-17,4.77,4.81,4.51,4.72,1068000,4.72
2009-02-13,5.23,5.28,5.05,5.09,862500,5.09
2009-02-12,5.03,5.29,4.94,5.29,1643300,5.29
2009-02-11,5.32,5.38,5.06,5.16,1044900,5.16
2009-02-10,5.54,5.77,5.16,5.28,1823900,5.28
2009-02-09,5.17,5.88,5.15,5.67,2616200,5.67
2009-02-06,4.96,5.38,4.81,5.22,3090200,5.22
2009-02-05,4.82,4.93,4.69,4.83,1609000,4.83
2009-02-04,4.98,5.21,4.91,5.02,1385600,5.02
2009-02-03,5.12,5.26,4.93,5.07,1246800,5.07
2009-02-02,5.08,5.14,4.73,4.99,962400,4.99
2009-01-30,5.34,5.42,4.97,5.06,642700,5.06
2009-01-29,5.61,5.80,5.22,5.24,892500,5.24
2009-01-28,5.30,5.93,5.28,5.80,1517200,5.80
2009-01-27,5.12,5.27,4.92,5.23,1259000,5.23
2009-01-26,5.19,5.28,4.95,5.07,1043700,5.07
2009-01-23,4.84,5.25,4.78,5.12,1230100,5.12
2009-01-22,5.11,5.31,4.98,5.08,1013400,5.08
2009-01-21,4.84,5.31,4.69,5.31,1526800,5.31
2009-01-20,5.18,5.18,4.78,4.81,1925300,4.81
2009-01-16,5.60,5.60,4.72,5.27,2803100,5.27
2009-01-15,5.35,5.71,4.90,5.39,2994500,5.39
2009-01-14,5.82,5.83,5.19,5.29,2916000,5.29
2009-01-13,5.77,6.01,5.71,5.85,2183700,5.85
2009-01-12,6.09,6.09,5.81,5.91,1502000,5.91
2009-01-09,6.01,6.16,5.99,6.02,935400,6.02
2009-01-08,5.71,6.00,5.58,5.97,1162800,5.97
2009-01-07,5.99,6.05,5.34,5.73,1246700,5.73
2009-01-06,5.30,6.27,5.30,6.06,2057400,6.06
2009-01-05,5.31,5.48,5.03,5.39,924100,5.39
2009-01-02,4.93,5.48,4.93,5.31,1252700,5.31
2008-12-31,4.39,5.07,4.39,5.07,1855200,5.07
2008-12-30,3.75,4.39,3.73,4.39,880200,4.39
2008-12-29,3.86,3.92,3.76,3.77,600100,3.77
2008-12-26,3.77,3.94,3.57,3.93,433600,3.93
2008-12-24,3.60,3.78,3.54,3.71,359200,3.71
2008-12-23,3.71,3.71,3.56,3.67,1121000,3.67
2008-12-22,3.85,4.00,3.69,3.71,1475600,3.71
2008-12-19,3.51,4.00,3.35,3.91,1991800,3.91
2008-12-18,3.39,3.63,3.25,3.56,1834700,3.56
2008-12-17,3.18,3.60,3.18,3.46,997300,3.46
2008-12-16,3.25,3.43,2.89,3.37,1935300,3.37
2008-12-15,3.38,3.55,3.17,3.26,1096400,3.26
2008-12-12,3.19,3.41,3.11,3.36,1344900,3.36
2008-12-11,3.51,3.95,3.38,3.43,1720700,3.43
2008-12-10,3.61,3.65,3.43,3.58,1612200,3.58
2008-12-09,3.60,3.80,3.50,3.51,1557300,3.51
2008-12-08,3.39,3.73,3.33,3.60,2030600,3.60
2008-12-05,2.92,3.33,2.82,3.29,1664200,3.29
2008-12-04,2.99,3.17,2.85,2.91,2250700,2.91
2008-12-03,2.90,3.30,2.82,3.09,1853100,3.09
2008-12-02,2.75,3.07,2.61,3.00,4254600,3.00
2008-12-01,3.50,3.63,2.69,2.73,3938900,2.73
2008-11-28,2.96,3.51,2.60,3.49,1393800,3.49
2008-11-26,2.28,3.29,2.22,3.17,2079200,3.17
2008-11-25,2.34,2.50,2.01,2.24,5443900,2.24
2008-11-24,1.66,2.50,1.56,2.13,5103200,2.13
2008-11-21,1.91,2.19,1.55,1.55,5266800,1.55
2008-11-20,2.71,2.83,1.58,1.81,5198100,1.81
2008-11-19,3.73,3.74,2.55,2.63,3502500,2.63
2008-11-18,3.96,4.10,3.63,3.80,2851200,3.80
2008-11-17,4.90,4.90,3.85,3.92,3161000,3.92
2008-11-14,5.01,5.01,4.27,4.70,2470600,4.70
2008-11-13,4.12,5.13,3.72,5.04,2929400,5.04
2008-11-12,4.79,4.79,4.00,4.04,3221300,4.04
2008-11-11,4.82,4.96,4.36,4.76,1777800,4.76
2008-11-10,5.55,5.61,4.75,4.96,1982400,4.96
2008-11-07,5.71,5.97,5.27,5.37,2071800,5.37
2008-11-06,5.25,6.30,5.15,5.83,5218000,5.83
2008-11-05,7.30,7.84,6.15,6.66,3064600,6.66
2008-11-04,7.50,7.52,6.96,7.21,2021600,7.21
2008-11-03,7.27,7.59,6.95,7.39,1614100,7.39
2008-10-31,6.89,7.54,6.75,7.19,2010400,7.19
2008-10-30,6.06,7.10,5.96,7.01,2334000,7.01
2008-10-29,4.85,5.97,4.76,5.72,2628500,5.72
2008-10-28,4.39,4.82,3.78,4.80,4030500,4.80
2008-10-27,3.97,4.44,3.83,4.20,2166900,4.20
2008-10-24,3.70,4.63,3.64,4.04,1877800,4.04
2008-10-23,4.77,4.77,3.94,4.23,1507800,4.23
2008-10-22,5.03,5.24,4.42,4.59,2224500,4.59
2008-10-21,5.22,5.45,4.90,5.11,1403200,5.11
2008-10-20,5.16,5.31,5.08,5.22,821700,5.22
2008-10-17,5.30,5.30,4.66,5.10,2024600,5.10
2008-10-16,4.99,5.15,4.59,5.00,2330400,5.00
2008-10-15,5.37,5.52,4.78,4.80,1408800,4.80
2008-10-14,5.73,5.73,5.10,5.36,3400100,5.36
2008-10-13,5.41,5.76,5.21,5.40,4177900,5.40
2008-10-10,4.70,5.77,4.50,5.10,3273800,5.10
2008-10-09,6.58,6.58,4.92,4.99,7038600,4.99
2008-10-08,6.00,7.01,5.59,6.45,1509000,6.45
2008-10-07,7.00,7.00,6.00,6.07,746000,6.07
2008-10-06,6.51,6.82,6.21,6.82,1712900,6.82
2008-10-03,6.90,7.22,6.42,6.50,2016600,6.50
2008-10-02,6.99,7.04,6.36,6.61,1864200,6.61
2008-10-01,7.38,7.46,6.78,6.98,2303300,6.98
2008-09-30,7.59,7.75,7.13,7.57,2448700,7.57
2008-09-29,8.09,8.37,7.00,7.32,2467500,7.32
2008-09-26,7.63,8.08,7.46,7.92,1525100,7.92
2008-09-25,7.79,8.02,7.65,7.79,1729100,7.79
2008-09-24,7.70,8.01,7.31,7.70,2221200,7.70
2008-09-23,8.64,8.83,7.83,7.93,1764900,7.93
2008-09-22,9.40,9.40,8.64,8.81,1216200,8.81
2008-09-19,8.95,9.43,8.89,9.43,2491200,9.43
2008-09-18,8.26,8.75,7.74,8.64,2826400,8.64
2008-09-17,9.13,9.18,8.19,8.22,1979700,8.22
2008-09-16,8.67,9.35,8.54,9.21,1817900,9.21
2008-09-15,9.22,9.30,8.65,8.89,1950500,8.89
2008-09-12,9.57,9.92,9.41,9.76,964400,9.76
2008-09-11,9.51,9.93,9.30,9.73,1170600,9.73
2008-09-10,9.89,9.89,9.22,9.72,2117800,9.72
2008-09-09,10.30,10.57,9.52,9.52,3104300,9.52
2008-09-08,9.84,10.33,9.58,10.32,2763100,10.32
2008-09-05,9.36,9.65,9.35,9.52,1666500,9.52
2008-09-04,9.80,9.80,9.40,9.54,3604500,9.54
2008-09-03,9.38,9.77,9.35,9.63,2548500,9.63
2008-09-02,9.57,9.94,9.35,9.51,1530300,9.51
2008-08-29,9.35,9.59,9.21,9.51,2055400,9.51
2008-08-28,9.20,9.38,9.13,9.34,1627000,9.34
2008-08-27,9.29,9.30,9.08,9.19,1765200,9.19
2008-08-26,9.06,9.29,8.89,9.27,2101000,9.27
2008-08-25,8.85,9.16,8.72,9.07,1759900,9.07
2008-08-22,8.62,8.99,8.55,8.92,1319900,8.92
2008-08-21,8.39,8.76,8.31,8.61,949400,8.61
2008-08-20,8.30,8.57,8.15,8.44,1483500,8.44
2008-08-19,8.69,8.79,8.17,8.26,1100800,8.26
2008-08-18,8.93,9.00,8.62,8.81,1089600,8.81
2008-08-15,8.91,9.05,8.29,8.89,1298100,8.89
2008-08-14,8.33,8.99,8.31,8.93,1683700,8.93
2008-08-13,8.66,8.81,8.05,8.49,2282700,8.49
2008-08-12,8.79,9.15,8.62,8.83,1547500,8.83
2008-08-11,8.60,9.19,8.02,9.00,2985500,9.00
2008-08-08,8.25,9.11,7.77,8.94,7388000,8.94
2008-08-07,8.88,9.90,8.64,9.01,3819500,9.01
2008-08-06,8.95,8.95,8.55,8.88,1472500,8.88
2008-08-05,8.36,9.10,8.36,9.06,2264300,9.06
2008-08-04,8.61,8.66,8.10,8.34,2086400,8.34
2008-08-01,8.65,8.85,8.35,8.66,1001200,8.66
2008-07-31,8.50,8.69,7.94,8.53,1532900,8.53
2008-07-30,8.76,9.14,8.40,8.44,1747400,8.44
2008-07-29,8.41,8.78,8.30,8.66,1406500,8.66
2008-07-28,8.47,8.62,8.00,8.27,2165900,8.27
2008-07-25,8.26,8.65,8.17,8.40,2819100,8.40
2008-07-24,8.81,8.81,7.92,8.07,3847900,8.07
2008-07-23,8.22,9.24,8.22,8.85,3991500,8.85
2008-07-22,7.60,8.31,7.44,8.31,2324300,8.31
2008-07-21,7.64,8.03,7.54,7.69,2486200,7.69
2008-07-18,7.71,7.80,7.20,7.47,1943500,7.47
2008-07-17,6.69,8.56,6.69,7.68,6499700,7.68
2008-07-16,6.05,6.84,5.91,6.73,3157300,6.73
2008-07-15,6.12,6.21,5.64,6.02,3620700,6.02
2008-07-14,6.05,6.38,5.89,6.14,3062600,6.14
2008-07-11,6.06,6.18,5.52,5.92,3741200,5.92
2008-07-10,6.66,6.70,6.13,6.26,2626000,6.26
2008-07-09,7.18,7.28,6.50,6.59,3832700,6.59
2008-07-08,6.50,7.14,6.08,7.02,11043400,7.02
2008-07-07,7.69,7.78,6.45,6.46,4399600,6.46
2008-07-03,7.16,7.25,6.83,6.90,4728500,6.90
2008-07-02,7.60,8.42,6.58,7.10,9966000,7.10
2008-07-01,9.15,9.21,8.06,8.47,7026200,8.47
2008-06-30,9.87,9.87,9.53,9.60,5440500,9.60
2008-06-27,9.96,10.02,9.62,9.78,4057300,9.78
2008-06-26,10.30,10.42,9.87,9.88,1627900,9.88
2008-06-25,10.33,10.72,10.27,10.48,2567700,10.48
2008-06-24,10.74,10.92,10.36,10.39,1897700,10.39
2008-06-23,10.87,11.02,10.59,10.87,1719700,10.87
2008-06-20,11.11,11.15,10.65,10.84,1518700,10.84
2008-06-19,10.98,11.19,10.90,11.16,1176800,11.16
2008-06-18,10.95,11.15,10.61,11.06,2566600,11.06
2008-06-17,11.68,11.75,11.10,11.13,1605900,11.13
2008-06-16,11.77,11.90,11.41,11.56,2850100,11.56
2008-06-13,11.97,12.15,11.83,11.88,1181100,11.88
2008-06-12,11.68,11.99,11.68,11.85,1027200,11.85
2008-06-11,11.84,11.97,11.53,11.63,997100,11.63
2008-06-10,11.85,12.08,11.72,11.93,1199100,11.93
2008-06-09,12.13,12.22,11.66,11.84,860700,11.84
2008-06-06,12.61,12.78,12.10,12.12,1150000,12.12
2008-06-05,12.88,12.97,12.70,12.85,1624800,12.85
2008-06-04,12.73,13.07,12.61,12.86,1247700,12.86
2008-06-03,12.69,13.09,12.52,12.75,976400,12.75
2008-06-02,13.20,13.20,12.57,12.70,810400,12.70
2008-05-30,13.26,13.51,13.17,13.22,1331300,13.22
2008-05-29,13.10,13.50,13.05,13.28,1151200,13.28
2008-05-28,12.98,13.19,12.82,13.16,1955000,13.16
2008-05-27,12.80,13.03,12.54,12.86,1071900,12.86
2008-05-23,13.24,13.42,12.66,12.74,3194900,12.74
2008-05-22,13.33,13.72,13.26,13.44,799700,13.44
2008-05-21,14.20,14.25,13.20,13.42,1239000,13.42
2008-05-20,14.40,14.70,14.02,14.13,1686800,14.13
2008-05-19,14.06,14.31,13.93,14.04,556300,14.04
2008-05-16,14.43,14.70,14.07,14.14,571200,14.14
2008-05-15,14.19,14.54,13.88,14.49,592800,14.49
2008-05-14,13.93,14.41,13.93,14.09,1021100,14.09
2008-05-13,13.91,14.12,13.74,13.99,993700,13.99
2008-05-12,13.39,13.81,13.32,13.73,416200,13.73
2008-05-09,13.48,13.69,13.22,13.38,359300,13.38
2008-05-08,13.37,13.95,13.21,13.63,1275600,13.63
2008-05-07,13.73,14.20,13.13,13.23,1033100,13.23
2008-05-06,13.10,13.73,12.71,13.66,902500,13.66
2008-05-05,13.28,13.47,12.93,13.06,1325800,13.06
2008-05-02,13.30,13.57,13.18,13.28,716900,13.28
2008-05-01,12.72,13.29,12.72,13.17,977500,13.17
2008-04-30,12.82,13.10,12.71,12.86,1631500,12.86
2008-04-29,12.76,12.96,12.50,12.96,1098300,12.96
2008-04-28,12.30,12.75,12.21,12.67,972200,12.67
2008-04-25,11.92,12.36,11.92,12.24,2571700,12.24
2008-04-24,11.86,12.70,11.45,12.01,5533700,12.01
2008-04-23,12.00,12.18,11.17,11.31,2743700,11.31
2008-04-22,12.75,12.75,11.76,11.92,1818100,11.92
2008-04-21,12.82,13.00,12.52,12.67,787900,12.67
2008-04-18,12.48,13.44,12.47,12.99,2275100,12.99
2008-04-17,12.11,12.60,11.94,12.33,1286900,12.33
2008-04-16,11.88,12.39,11.88,12.18,2181800,12.18
2008-04-15,12.46,12.60,11.76,11.92,2666400,11.92
2008-04-14,12.58,13.00,12.14,12.37,2654100,12.37
2008-04-11,12.84,12.95,12.29,12.53,2242700,12.53
2008-04-10,12.80,13.22,12.58,12.94,2281000,12.94
2008-04-09,13.52,13.71,12.53,12.75,2503800,12.75
2008-04-08,13.34,13.79,13.18,13.41,1938900,13.41
2008-04-07,13.24,13.87,13.23,13.46,2489600,13.46
2008-04-04,12.81,13.08,12.64,13.05,1296600,13.05
2008-04-03,12.77,12.93,12.45,12.78,2149500,12.78
2008-04-02,12.60,13.39,12.58,12.80,1908800,12.80
2008-04-01,12.09,12.60,12.03,12.55,1734200,12.55
2008-03-31,12.01,12.14,11.54,12.06,2373700,12.06
2008-03-28,12.30,12.52,12.23,12.35,1206400,12.35
2008-03-27,12.41,12.53,12.01,12.23,1392700,12.23
2008-03-26,12.70,12.70,12.01,12.30,1086900,12.30
2008-03-25,11.97,12.79,11.80,12.65,2280700,12.65
2008-03-24,11.12,12.00,11.11,11.79,1227900,11.79
2008-03-20,10.72,11.18,10.69,11.16,853700,11.16
2008-03-19,10.60,11.05,10.49,10.66,800100,10.66
2008-03-18,10.39,10.67,10.05,10.60,1786800,10.60
2008-03-17,10.20,10.43,9.96,10.11,1262300,10.11
2008-03-14,11.01,11.10,10.23,10.64,1351500,10.64
2008-03-13,10.54,11.12,9.96,10.79,1831600,10.79
2008-03-12,10.57,10.86,10.30,10.58,992500,10.58
2008-03-11,10.19,11.25,10.13,10.49,1565200,10.49
2008-03-10,10.70,10.79,9.90,10.06,973000,10.06
2008-03-07,10.64,10.95,10.43,10.63,1443600,10.63
2008-03-06,10.95,11.01,10.62,10.70,2000900,10.70
2008-03-05,11.20,11.20,10.82,10.93,2250400,10.93
2008-03-04,12.28,12.28,10.59,11.04,2455800,11.04
2008-03-03,12.04,12.17,11.51,11.70,1459100,11.70
2008-02-29,12.80,12.81,11.86,11.93,956200,11.93
2008-02-28,13.12,13.22,12.71,12.83,748400,12.83
2008-02-27,13.25,13.49,13.01,13.14,765900,13.14
2008-02-26,12.80,13.48,12.72,13.35,1360900,13.35
2008-02-25,12.81,12.98,12.50,12.87,1106300,12.87
2008-02-22,13.07,13.34,12.61,12.93,1696300,12.93
2008-02-21,14.99,14.99,12.74,13.07,3145300,13.07
2008-02-20,14.09,14.38,13.74,14.38,1682400,14.38
2008-02-19,14.00,14.22,13.85,14.04,1056700,14.04
2008-02-15,13.98,14.17,13.69,13.92,846100,13.92
2008-02-14,13.51,14.41,13.39,14.15,1389800,14.15
2008-02-13,13.76,13.82,13.17,13.42,1165900,13.42
2008-02-12,13.76,14.05,13.50,13.71,1025300,13.71
2008-02-11,13.99,13.99,13.47,13.60,766100,13.60
2008-02-08,14.39,14.39,13.63,14.12,1486200,14.12
2008-02-07,14.26,14.59,14.20,14.45,590000,14.45
2008-02-06,14.40,14.87,14.14,14.33,837700,14.33
2008-02-05,14.34,14.47,14.13,14.33,712900,14.33
2008-02-04,14.70,14.70,13.89,14.50,2058300,14.50
2008-02-01,15.00,15.32,14.68,15.00,955700,15.00
2008-01-31,14.12,15.03,13.84,14.88,1209100,14.88
2008-01-30,14.84,14.98,14.33,14.38,1422600,14.38
2008-01-29,13.94,15.31,13.94,14.77,1873100,14.77
2008-01-28,12.94,13.99,12.58,13.87,1584300,13.87
2008-01-25,13.31,13.39,12.39,12.85,1597700,12.85
2008-01-24,12.97,13.41,12.75,13.28,3198000,13.28
2008-01-23,11.74,13.21,11.71,12.91,3094500,12.91
2008-01-22,12.40,12.64,11.91,12.15,1892800,12.15
2008-01-18,13.28,13.28,12.48,12.89,2290100,12.89
2008-01-17,13.47,13.47,12.95,13.09,1013400,13.09
2008-01-16,13.15,13.54,12.96,13.43,684700,13.43
2008-01-15,13.31,13.43,12.71,13.26,1268000,13.26
2008-01-14,14.05,14.23,13.25,13.39,1217000,13.39
2008-01-11,13.92,14.25,13.65,13.95,1004400,13.95
2008-01-10,13.40,14.12,13.35,13.89,1063500,13.89
2008-01-09,13.50,13.74,13.18,13.66,2182900,13.66
2008-01-08,14.21,14.21,13.25,13.43,1595800,13.43
2008-01-07,14.00,14.63,14.00,14.29,1330100,14.29
2008-01-04,14.70,14.70,13.59,14.03,1445900,14.03
2008-01-03,15.25,15.28,14.57,14.90,962100,14.90
2008-01-02,15.83,15.85,14.84,15.26,1271400,15.26
2007-12-31,15.72,16.03,15.28,15.89,1226100,15.89
2007-12-28,15.77,15.94,15.35,15.60,1006400,15.60
2007-12-27,15.51,15.93,15.51,15.65,631100,15.65
2007-12-26,16.35,16.35,15.40,15.82,1049600,15.82
2007-12-24,16.45,16.79,16.15,16.39,440900,16.39
2007-12-21,15.98,16.64,15.74,16.47,2142400,16.47
2007-12-20,15.44,15.90,15.43,15.72,2088000,15.72
2007-12-19,15.01,15.26,14.93,15.15,1225900,15.15
2007-12-18,15.30,15.42,14.81,14.95,1282600,14.95
2007-12-17,15.34,15.38,15.03,15.23,1228100,15.23
2007-12-14,15.91,15.94,15.29,15.52,895500,15.52
2007-12-13,15.90,16.19,15.74,16.11,1452700,16.11
2007-12-12,16.01,16.25,15.53,15.88,2014600,15.88
2007-12-11,17.15,17.61,16.22,16.46,3374700,16.46
2007-12-10,17.55,17.61,16.80,17.00,1144900,17.00
2007-12-07,17.96,18.31,17.45,17.51,995900,17.51
2007-12-06,17.83,17.93,17.44,17.71,996300,17.71
2007-12-05,18.13,18.43,17.74,17.97,1326100,17.97
2007-12-04,18.36,18.43,17.71,18.01,1281400,18.01
2007-12-03,19.16,19.37,18.18,18.45,1404900,18.45
2007-11-30,18.80,19.58,18.44,19.10,2064500,19.10
2007-11-29,18.90,18.97,18.31,18.70,1366400,18.70
2007-11-28,17.20,19.41,17.20,18.81,2714500,18.81
2007-11-27,17.14,17.45,15.73,17.25,2841700,17.25
2007-11-26,17.47,17.77,16.91,17.20,2360400,17.20
2007-11-23,17.82,17.82,17.07,17.59,467300,17.59
2007-11-21,17.72,17.75,17.33,17.50,1778600,17.50
2007-11-20,17.35,18.02,17.12,17.80,1605100,17.80
2007-11-19,17.58,17.58,16.70,17.31,1457300,17.31
2007-11-16,18.27,18.27,17.35,17.57,653300,17.57
2007-11-15,18.04,18.74,17.97,18.12,916100,18.12
2007-11-14,19.11,19.11,17.77,18.01,1017300,18.01
2007-11-13,19.08,19.08,18.52,18.73,638400,18.73
2007-11-12,18.64,18.87,18.38,18.66,792200,18.66
2007-11-09,19.52,19.52,17.90,18.45,1897200,18.45
2007-11-08,18.40,20.64,18.26,19.88,2085400,19.88
2007-11-07,19.56,19.56,18.16,18.31,2005000,18.31
2007-11-06,19.88,20.13,19.72,19.80,967400,19.80
2007-11-05,20.97,20.97,19.46,19.74,1565400,19.74
2007-11-02,21.65,21.65,20.79,21.00,748100,21.00
2007-11-01,21.50,21.96,21.33,21.63,966500,21.63
2007-10-31,21.60,21.88,21.26,21.68,539200,21.68
2007-10-30,22.82,23.00,21.25,21.40,1423400,21.40
2007-10-29,24.51,24.52,22.29,22.98,1529200,22.98
2007-10-26,21.90,23.59,21.25,23.36,1101100,23.36
2007-10-25,22.00,22.10,21.36,21.71,454200,21.71
2007-10-24,22.32,22.52,21.83,22.08,846200,22.08
2007-10-23,22.69,22.82,22.02,22.48,482300,22.48
2007-10-22,21.78,22.81,21.44,22.55,481000,22.55
2007-10-19,23.31,23.36,21.40,22.00,1522400,22.00
2007-10-18,23.34,23.87,22.91,23.36,1228700,23.36
2007-10-17,22.70,23.25,22.64,23.22,1034200,23.22
2007-10-16,23.47,23.47,22.51,22.60,1125200,22.60
2007-10-15,24.58,24.61,23.57,23.73,913400,23.73
2007-10-12,24.63,25.25,24.02,24.45,1043800,24.45
2007-10-11,24.07,24.69,23.72,24.47,861500,24.47
2007-10-10,24.86,25.01,23.83,24.07,771500,24.07
2007-10-09,24.92,25.17,24.58,24.98,828100,24.98
2007-10-08,24.88,25.17,24.51,24.83,778900,24.83
2007-10-05,23.83,25.07,23.81,24.97,969300,24.97
2007-10-04,23.70,23.90,23.25,23.84,618500,23.84
2007-10-03,23.82,24.08,23.43,23.73,728000,23.73
2007-10-02,23.30,24.04,23.26,23.91,814100,23.91
2007-10-01,22.56,23.56,22.56,23.35,971100,23.35
2007-09-28,21.75,22.80,21.67,22.72,838700,22.72
2007-09-27,20.81,21.92,20.78,21.75,922500,21.75
2007-09-26,20.88,21.05,20.38,20.71,695600,20.71
2007-09-25,21.29,21.31,20.55,20.79,719100,20.79
2007-09-24,21.42,21.79,21.27,21.47,474900,21.47
2007-09-21,21.62,21.70,21.26,21.51,1218500,21.51
2007-09-20,21.22,21.99,21.17,21.51,1074600,21.51
2007-09-19,20.53,21.42,20.53,21.34,1569800,21.34
2007-09-18,19.94,20.60,19.94,20.39,1749200,20.39
2007-09-17,19.78,20.07,19.58,19.78,780700,19.78
2007-09-14,20.00,20.05,19.73,19.90,2262200,19.90
2007-09-13,20.43,20.49,19.82,20.05,983400,20.05
2007-09-12,20.89,21.35,20.12,20.33,1240700,20.33
2007-09-11,21.09,21.36,20.92,21.04,414600,21.04
2007-09-10,21.61,21.61,20.80,21.03,637100,21.03
2007-09-07,21.70,21.96,21.37,21.60,686200,21.60
2007-09-06,22.00,22.03,21.41,21.91,493100,21.91
2007-09-05,22.58,22.58,21.89,22.00,894200,22.00
2007-09-04,22.29,22.75,22.12,22.46,757600,22.46
2007-08-31,22.05,22.49,21.82,22.11,656800,22.11
2007-08-30,21.71,22.04,21.71,22.00,580600,22.00
2007-08-29,22.18,22.28,21.61,22.00,664800,22.00
2007-08-28,22.34,22.35,21.78,22.14,616000,22.14
2007-08-27,22.35,22.59,22.00,22.44,541200,22.44
2007-08-24,22.40,22.64,21.94,22.36,1109500,22.36
2007-08-23,22.18,22.50,20.97,22.30,723300,22.30
2007-08-22,22.08,22.46,21.93,22.26,728200,22.26
2007-08-21,21.59,22.35,21.47,21.79,364300,21.79
2007-08-20,21.37,22.00,21.21,21.69,556300,21.69
2007-08-17,22.17,22.32,19.86,21.20,2182200,21.20
2007-08-16,21.83,22.35,18.72,21.43,2368000,21.43
2007-08-15,22.70,22.75,21.81,21.94,1036400,21.94
2007-08-14,23.36,23.50,22.62,22.86,1053200,22.86
2007-08-13,22.49,23.69,21.55,23.10,698300,23.10
2007-08-10,22.39,23.05,20.88,22.19,1539400,22.19
2007-08-09,23.00,23.13,22.04,22.39,1366800,22.39
2007-08-08,22.02,24.00,21.77,23.60,2441000,23.60
2007-08-07,21.64,22.19,21.10,22.00,1082700,22.00
2007-08-06,21.51,22.45,21.10,22.19,1100300,22.19
2007-08-03,21.85,22.30,20.80,21.50,1406000,21.50
2007-08-02,23.13,23.71,20.21,21.89,3075800,21.89
2007-08-01,22.55,22.73,21.65,21.85,2583200,21.85
2007-07-31,22.02,22.64,21.99,22.39,5014600,22.39
2007-07-30,22.00,22.82,21.88,22.12,4087800,22.12
2007-07-27,23.19,23.20,22.59,22.88,815100,22.88
2007-07-26,23.40,23.50,22.60,23.19,1627600,23.19
2007-07-25,24.26,24.36,23.79,23.81,1075300,23.81
2007-07-24,24.19,24.82,23.42,24.31,1727100,24.31
2007-07-23,24.43,25.16,24.07,24.37,580600,24.37
2007-07-20,25.01,25.15,24.01,24.45,1468500,24.45
2007-07-19,25.21,25.55,24.93,24.94,1017600,24.94
2007-07-18,25.07,25.26,24.54,25.01,1438700,25.01
2007-07-17,25.50,25.58,25.09,25.28,1718200,25.28
2007-07-16,25.15,25.75,25.10,25.46,869500,25.46
2007-07-13,25.41,25.56,25.13,25.29,1565500,25.29
2007-07-12,25.57,25.73,25.39,25.56,915500,25.56
2007-07-11,26.11,26.19,25.56,25.60,1031400,25.60
2007-07-10,26.43,26.59,25.88,26.26,858500,26.26
2007-07-09,26.68,27.20,26.39,26.67,760500,26.67
2007-07-06,26.77,27.00,26.36,26.72,976500,26.72
2007-07-05,26.67,26.74,26.33,26.63,1174800,26.63
2007-07-03,26.45,26.82,26.23,26.59,642300,26.59
2007-07-02,26.57,26.65,26.19,26.38,1840600,26.38
2007-06-29,26.98,26.99,26.41,26.57,2437300,26.57
2007-06-28,25.94,26.83,25.84,26.78,2551500,26.78
2007-06-27,25.44,26.20,25.26,25.82,2478000,25.82
2007-06-26,25.32,25.50,25.05,25.44,1491300,25.44
2007-06-25,25.25,25.85,24.81,25.01,2686600,25.01
2007-06-22,25.45,25.87,24.79,25.54,9901500,25.54
2007-06-21,25.52,25.94,24.80,25.62,1320700,25.62
2007-06-20,25.14,26.05,24.52,25.52,2707200,25.52
2007-06-19,24.73,25.35,24.20,25.13,2442200,25.13
2007-06-18,24.13,25.17,24.10,25.03,2294800,25.03
2007-06-15,24.36,24.48,24.02,24.15,1470100,24.15
2007-06-14,24.22,24.84,23.80,24.32,3980100,24.32
2007-06-13,22.35,24.62,22.25,24.37,18643700,24.37
2007-06-12,22.10,23.25,22.10,22.45,3560700,22.45
2007-06-11,22.86,22.87,22.20,22.58,1432800,22.58
2007-06-08,22.76,23.11,22.59,23.02,874600,23.02
2007-06-07,23.34,23.44,22.75,22.80,1249800,22.80
2007-06-06,23.87,23.87,23.05,23.33,880700,23.33
2007-06-05,23.05,23.87,22.90,23.86,1776300,23.86
2007-06-04,22.35,23.05,22.17,23.05,987400,23.05
2007-06-01,21.30,22.57,21.18,22.49,961900,22.49
2007-05-31,22.00,22.12,20.95,21.18,2684100,21.18
2007-05-30,21.85,22.13,21.44,21.95,1005300,21.95
2007-05-29,21.09,21.95,21.09,21.85,757300,21.85
2007-05-25,20.74,21.38,20.74,21.26,1282400,21.26
2007-05-24,20.62,20.75,20.35,20.69,947000,20.69
2007-05-23,20.53,21.00,20.50,20.75,694800,20.75
2007-05-22,20.87,21.17,20.72,20.97,453200,20.97
2007-05-21,20.50,21.28,20.15,20.98,1181600,20.98
2007-05-18,21.85,21.88,21.06,21.25,837700,21.25
2007-05-17,21.80,22.04,21.69,21.97,515000,21.97
2007-05-16,21.19,21.80,21.19,21.80,561100,21.80
2007-05-15,20.64,21.43,20.63,21.13,533700,21.13
2007-05-14,20.60,21.02,20.60,20.75,255800,20.75
2007-05-11,20.57,20.98,20.25,20.51,546500,20.51
2007-05-10,21.30,21.30,20.58,20.67,515400,20.67
2007-05-09,21.40,21.45,21.01,21.39,1554200,21.39
2007-05-08,21.40,21.51,21.00,21.49,670700,21.49
2007-05-07,21.71,21.83,20.91,21.38,488900,21.38
2007-05-04,21.64,22.09,21.54,21.80,1257600,21.80
2007-05-03,21.26,21.85,21.11,21.69,910600,21.69
2007-05-02,20.35,21.56,20.34,21.48,1805400,21.48
2007-05-01,19.80,20.39,19.52,20.33,1665100,20.33
2007-04-30,21.04,21.04,19.82,19.90,2189800,19.90
2007-04-27,22.04,22.04,21.03,21.10,1406000,21.10
2007-04-26,23.50,23.75,20.00,22.13,3701700,22.13
2007-04-25,23.18,23.26,22.76,23.26,439200,23.26
2007-04-24,23.47,23.47,23.06,23.08,368200,23.08
2007-04-23,23.05,23.59,23.05,23.46,1210400,23.46
2007-04-20,22.90,23.43,22.82,23.22,445200,23.22
2007-04-19,24.94,24.94,22.21,22.70,642500,22.70
2007-04-18,23.32,23.56,22.85,23.06,647100,23.06
2007-04-17,23.58,23.74,23.12,23.39,656100,23.39
2007-04-16,23.75,23.79,23.56,23.70,633100,23.70
2007-04-13,23.70,23.76,23.63,23.74,206900,23.74
2007-04-12,23.85,23.90,23.46,23.73,169100,23.73
2007-04-11,24.09,24.19,23.74,23.84,403300,23.84
2007-04-10,24.23,24.57,24.03,24.19,439300,24.19
2007-04-09,24.00,24.20,23.71,24.17,322500,24.17
2007-04-05,23.72,24.04,23.59,23.98,303900,23.98
2007-04-04,24.25,24.56,23.72,23.72,874100,23.72
2007-04-03,23.42,24.23,23.27,24.15,358200,24.15
2007-04-02,23.84,23.85,23.36,23.42,679800,23.42
2007-03-30,23.19,23.93,23.18,23.70,433500,23.70
2007-03-29,23.61,23.61,23.21,23.27,512400,23.27
2007-03-28,23.83,23.83,23.11,23.41,466000,23.41
2007-03-27,22.78,23.95,22.63,23.35,818000,23.35
2007-03-26,22.91,23.00,22.60,22.78,600100,22.78
2007-03-23,22.75,22.84,22.44,22.78,237200,22.78
2007-03-22,22.37,22.90,21.92,22.86,414300,22.86
2007-03-21,21.85,22.55,21.55,22.47,651100,22.47
2007-03-20,21.68,22.08,21.68,21.76,482100,21.76
2007-03-19,21.99,22.47,21.50,21.78,789100,21.78
2007-03-16,21.89,22.05,21.76,22.03,570900,22.03
2007-03-15,22.00,22.05,21.69,21.89,1023200,21.89
2007-03-14,21.32,22.22,21.20,22.11,692200,22.11
2007-03-13,21.30,22.35,21.29,21.31,901800,21.31
2007-03-12,21.06,21.25,20.95,21.12,1070600,21.12
2007-03-09,21.00,21.13,20.69,20.90,1394400,20.90
2007-03-08,21.19,21.27,20.72,21.00,1429400,21.00
2007-03-07,21.09,21.28,20.79,20.91,420100,20.91
2007-03-06,21.10,21.32,21.00,21.23,375100,21.23
2007-03-05,20.90,21.60,20.84,21.00,683400,21.00
2007-03-02,21.50,21.98,21.10,21.11,596300,21.11
2007-03-01,20.40,21.00,20.34,20.48,961600,20.48
2007-02-28,21.26,21.46,20.77,21.26,808000,21.26
2007-02-27,21.36,21.42,20.51,21.26,498300,21.26
2007-02-26,21.56,21.75,20.97,21.36,628800,21.36
2007-02-23,21.95,21.95,21.40,21.56,285600,21.56
2007-02-22,21.75,22.05,21.69,21.70,134300,21.70
2007-02-21,22.00,22.00,21.60,21.74,278300,21.74
2007-02-20,21.95,22.28,21.57,22.25,379000,22.25
2007-02-16,21.42,22.05,21.37,21.90,587300,21.90
2007-02-15,21.07,21.80,20.75,21.62,567100,21.62
2007-02-14,20.40,21.32,20.28,21.22,709700,21.22
2007-02-13,20.50,20.61,20.28,20.36,364000,20.36
2007-02-12,20.70,20.73,20.29,20.30,1198500,20.30
2007-02-09,20.38,20.95,20.30,20.70,727800,20.70
2007-02-08,19.98,20.49,19.79,20.38,600900,20.38
2007-02-07,19.51,20.05,19.51,19.96,513000,19.96
2007-02-06,19.23,19.91,19.23,19.71,2112900,19.71
2007-02-05,19.00,19.45,18.71,19.43,651500,19.43
2007-02-02,18.98,19.10,18.90,18.90,315800,18.90
2007-02-01,18.70,19.40,18.70,18.95,450500,18.95
2007-01-31,18.57,18.80,18.25,18.62,710700,18.62
2007-01-30,18.80,19.00,18.46,18.77,2526100,18.77
2007-01-29,18.94,19.40,18.62,18.92,580600,18.92
2007-01-26,19.00,19.25,18.73,18.89,314900,18.89
2007-01-25,19.90,19.95,19.00,19.09,3794100,19.09
2007-01-24,18.70,19.40,18.60,19.33,2567500,19.33
2007-01-23,17.74,19.04,17.74,18.77,1076200,18.77
2007-01-22,17.61,18.50,17.22,18.19,1863200,18.19
2007-01-19,17.41,17.45,17.12,17.32,341900,17.32
2007-01-18,17.48,17.63,17.26,17.38,576800,17.38
2007-01-17,17.35,17.49,17.06,17.36,295600,17.36
2007-01-16,17.42,17.50,16.95,17.26,326900,17.26
2007-01-12,16.44,17.20,16.40,17.11,574000,17.11
2007-01-11,17.05,17.24,16.69,16.69,3731400,16.69
2007-01-10,16.81,17.10,16.58,17.08,3468500,17.08
2007-01-09,17.13,17.16,16.76,17.01,772400,17.01
2007-01-08,17.20,17.48,16.82,17.32,690900,17.32
2007-01-05,17.35,17.44,17.10,17.44,360700,17.44
2007-01-04,17.45,17.56,17.00,17.25,674000,17.25
2007-01-03,17.39,17.68,17.00,17.28,2032400,17.28
2006-12-29,17.10,17.48,17.08,17.39,507500,17.39
2006-12-28,17.15,17.21,16.88,17.00,337500,17.00
2006-12-27,16.95,17.10,16.84,17.00,652400,17.00
2006-12-26,17.20,17.24,16.88,16.88,502600,16.88
2006-12-22,17.31,17.34,16.60,17.05,1107800,17.05
2006-12-21,16.90,17.47,16.85,17.31,976000,17.31
2006-12-20,16.33,17.05,16.30,16.85,2151600,16.85
2006-12-19,16.51,16.70,16.31,16.33,1516000,16.33
2006-12-18,16.69,16.99,16.49,16.82,1591700,16.82
2006-12-15,16.20,16.80,16.14,16.79,6004000,16.79
2006-12-14,15.76,16.44,15.76,16.30,1013700,16.30
2006-12-13,16.10,16.19,15.74,16.06,537700,16.06
2006-12-12,16.05,16.15,15.91,16.15,217000,16.15
2006-12-11,15.93,16.20,15.86,16.13,2152000,16.13
2006-12-08,15.74,15.95,15.60,15.93,901700,15.93
2006-12-07,15.55,15.70,15.54,15.60,866000,15.60
2006-12-06,15.50,15.57,15.30,15.56,1917100,15.56
2006-12-05,15.65,15.79,15.57,15.62,593900,15.62
2006-12-04,15.75,15.78,15.45,15.66,1598000,15.66
2006-12-01,15.85,15.95,15.40,15.91,792800,15.91
2006-11-30,15.16,16.10,15.15,16.00,2668700,16.00
2006-11-29,15.00,15.18,14.90,15.17,1086600,15.17
2006-11-28,14.90,15.01,14.65,15.00,1805800,15.00
2006-11-27,15.05,15.10,14.55,14.75,3363100,14.75
2006-11-24,15.30,15.30,15.10,15.24,555600,15.24
2006-11-22,15.73,15.85,15.40,15.41,1792200,15.41
2006-11-21,16.10,16.21,15.60,15.61,2301700,15.61
2006-11-20,15.65,16.22,15.55,16.10,4437000,16.10
2006-11-17,15.72,15.90,15.25,15.66,4651000,15.66
2006-11-16,15.00,15.78,14.90,15.72,36124000,15.72
