Date,Open,High,Low,Close,Volume,Adj Close
2012-05-04,8.58,8.61,8.48,8.53,284900,8.53
2012-05-03,8.74,8.76,8.66,8.67,492000,8.67
2012-05-02,8.86,8.86,8.75,8.78,146000,8.78
2012-05-01,8.83,8.91,8.83,8.90,553900,8.90
2012-04-30,8.82,8.88,8.79,8.88,226000,8.88
2012-04-27,8.82,8.87,8.82,8.87,236100,8.87
2012-04-26,8.78,8.82,8.78,8.81,248800,8.81
2012-04-25,8.76,8.78,8.69,8.76,379600,8.76
2012-04-24,8.75,8.77,8.71,8.72,299800,8.72
2012-04-23,8.65,8.72,8.63,8.72,748300,8.72
2012-04-20,8.72,8.77,8.71,8.73,219200,8.73
2012-04-19,8.67,8.72,8.65,8.68,262200,8.68
2012-04-18,8.70,8.71,8.62,8.64,266300,8.64
2012-04-17,8.72,8.76,8.72,8.72,355400,8.72
2012-04-16,8.77,8.78,8.67,8.68,1506100,8.68
2012-04-13,8.83,8.86,8.76,8.80,363000,8.80
2012-04-12,8.76,8.88,8.76,8.88,278600,8.88
2012-04-11,8.75,8.78,8.73,8.74,539600,8.74
2012-04-10,8.82,8.85,8.70,8.71,454100,8.71
2012-04-09,8.83,8.87,8.81,8.86,657600,8.86
2012-04-05,8.82,8.91,8.82,8.90,554200,8.90
2012-04-04,8.90,8.93,8.84,8.87,655800,8.87
2012-04-03,9.07,9.07,8.97,8.99,230100,8.99
2012-04-02,8.89,9.07,8.89,9.04,431800,9.04
2012-03-30,8.79,8.97,8.75,8.95,228500,8.95
2012-03-29,8.96,8.96,8.80,8.83,409500,8.83
2012-03-28,8.98,9.01,8.95,8.96,263700,8.96
2012-03-27,9.09,9.12,9.04,9.06,243400,9.06
2012-03-26,9.05,9.11,9.01,9.09,408500,9.09
2012-03-23,9.01,9.08,8.98,9.03,228900,9.03
2012-03-22,8.94,8.96,8.91,8.94,289500,8.94
2012-03-21,9.05,9.07,9.02,9.02,177400,9.02
2012-03-20,9.09,9.09,9.00,9.03,412600,9.03
2012-03-19,9.16,9.20,9.15,9.16,192600,9.16
2012-03-16,9.08,9.18,9.08,9.18,363500,9.18
2012-03-15,9.05,9.11,9.04,9.10,163400,9.10
2012-03-14,9.11,9.17,9.04,9.07,198100,9.07
2012-03-13,9.12,9.16,9.09,9.16,360900,9.16
2012-03-12,9.07,9.10,9.03,9.08,444000,9.08
2012-03-09,9.06,9.15,9.03,9.12,222600,9.12
2012-03-08,9.05,9.10,9.05,9.05,293400,9.05
2012-03-07,9.08,9.08,8.96,9.03,402400,9.03
2012-03-06,9.04,9.05,9.00,9.02,447300,9.02
2012-03-05,9.15,9.25,9.15,9.18,310600,9.18
2012-03-02,9.26,9.26,9.16,9.21,231400,9.21
2012-03-01,9.22,9.35,9.16,9.32,1454200,9.32
2012-02-29,9.20,9.26,9.09,9.22,3915400,9.22
2012-02-28,9.22,9.27,9.17,9.19,1639800,9.19
2012-02-27,9.24,9.27,9.20,9.22,506700,9.22
2012-02-24,9.22,9.62,9.20,9.28,432400,9.28
2012-02-23,9.17,9.20,9.12,9.20,613500,9.20
2012-02-22,9.12,9.18,9.08,9.17,412300,9.17
2012-02-21,9.04,9.13,9.04,9.10,407400,9.10
2012-02-17,9.00,9.00,8.93,8.99,1303400,8.99
2012-02-16,8.91,8.97,8.89,8.95,262800,8.95
2012-02-15,8.96,8.97,8.90,8.94,274400,8.94
2012-02-14,8.89,8.93,8.89,8.92,544900,8.92
2012-02-13,8.90,8.96,8.85,8.93,282400,8.93
2012-02-10,8.85,8.89,8.83,8.86,295800,8.86
2012-02-09,8.98,9.02,8.94,8.98,535300,8.98
2012-02-08,8.97,9.01,8.91,8.95,538700,8.95
2012-02-07,8.90,8.98,8.87,8.95,208400,8.95
2012-02-06,8.89,8.94,8.86,8.94,308000,8.94
2012-02-03,8.87,8.90,8.82,8.89,489900,8.89
2012-02-02,8.77,8.82,8.74,8.80,807500,8.80
2012-02-01,8.85,8.88,8.80,8.82,540300,8.82
2012-01-31,8.89,8.90,8.76,8.79,382800,8.79
2012-01-30,8.85,8.86,8.78,8.80,339400,8.80
2012-01-27,8.88,8.93,8.84,8.90,783600,8.90
2012-01-26,8.92,8.98,8.87,8.89,525000,8.89
2012-01-25,8.75,8.88,8.73,8.85,201600,8.85
2012-01-24,8.71,8.80,8.69,8.77,328800,8.77
2012-01-23,8.71,8.80,8.71,8.79,266100,8.79
2012-01-20,8.67,8.71,8.62,8.66,191600,8.66
2012-01-19,8.73,8.74,8.60,8.73,144200,8.73
2012-01-18,8.64,8.70,8.63,8.69,410000,8.69
2012-01-17,8.64,8.70,8.62,8.67,219500,8.67
2012-01-13,8.59,8.60,8.51,8.59,594000,8.59
2012-01-12,8.75,8.79,8.50,8.59,543600,8.59
2012-01-11,8.55,8.76,8.50,8.75,180000,8.75
2012-01-10,8.80,8.81,8.74,8.77,565900,8.77
2012-01-09,8.67,8.71,8.65,8.68,495500,8.68
2012-01-06,8.70,8.70,8.60,8.67,170500,8.67
2012-01-05,8.71,8.72,8.62,8.63,168200,8.63
2012-01-04,8.72,8.82,8.72,8.76,891900,8.76
2012-01-03,8.69,8.79,8.67,8.79,3195200,8.79
2011-12-30,8.49,8.55,8.45,8.51,325400,8.51
2011-12-29,8.49,8.50,8.40,8.50,1015900,8.50
2011-12-28,8.58,8.58,8.42,8.49,635100,8.49
2011-12-27,8.61,8.61,8.44,8.55,411100,8.55
2011-12-23,8.18,8.51,8.18,8.45,235500,8.45
2011-12-22,8.45,8.51,8.44,8.47,597500,8.47
2011-12-21,8.37,8.45,8.34,8.41,976700,8.41
2011-12-20,8.33,8.39,8.33,8.39,753900,8.39
2011-12-19,8.20,8.24,8.15,8.17,315300,8.17
2011-12-16,8.18,8.22,8.13,8.19,357500,8.19
2011-12-15,8.22,8.24,8.12,8.12,511900,8.12
2011-12-14,8.28,8.31,8.13,8.17,656600,8.17
2011-12-13,8.43,8.55,8.42,8.44,426100,8.44
2011-12-12,8.42,8.44,8.36,8.40,430800,8.40
2011-12-09,8.45,8.55,8.32,8.53,240800,8.53
2011-12-08,8.53,8.59,8.49,8.50,279600,8.50
2011-12-07,8.69,8.69,8.57,8.58,872200,8.58
2011-12-06,8.58,8.71,8.54,8.71,427400,8.71
2011-12-05,8.72,8.76,8.62,8.65,583300,8.65
2011-12-02,8.66,8.71,8.64,8.69,405200,8.69
2011-12-01,8.63,8.72,8.58,8.62,290000,8.62
2011-11-30,8.70,8.76,8.66,8.69,383600,8.69
2011-11-29,8.51,8.62,8.49,8.61,1066300,8.61
2011-11-28,8.55,8.57,8.45,8.49,493200,8.49
2011-11-25,8.38,8.45,8.36,8.37,72300,8.37
2011-11-23,8.43,8.49,8.31,8.45,305200,8.45
2011-11-22,8.50,8.58,8.49,8.55,209700,8.55
2011-11-21,8.53,8.54,8.42,8.54,723200,8.54
2011-11-18,8.70,8.70,8.54,8.58,801600,8.58
2011-11-17,8.75,8.83,8.60,8.63,176200,8.63
2011-11-16,8.84,8.91,8.82,8.82,242400,8.82
2011-11-15,8.79,8.85,8.77,8.83,216700,8.83
2011-11-14,8.79,8.81,8.73,8.75,199700,8.75
2011-11-11,8.75,8.85,8.75,8.81,184400,8.81
2011-11-10,8.82,8.82,8.73,8.75,322500,8.75
2011-11-09,8.82,8.87,8.74,8.76,437500,8.76
2011-11-08,8.81,8.93,8.81,8.90,479000,8.90
2011-11-07,8.82,8.86,8.80,8.85,151300,8.85
2011-11-04,8.80,8.82,8.71,8.78,549100,8.78
2011-11-03,8.77,8.81,8.67,8.79,663100,8.79
2011-11-02,8.70,8.78,8.63,8.68,108800,8.68
2011-11-01,8.56,8.69,8.50,8.63,596000,8.63
2011-10-31,8.73,8.80,8.71,8.74,1386300,8.74
2011-10-28,8.84,8.90,8.81,8.89,250400,8.89
2011-10-27,8.84,8.99,8.80,8.92,588700,8.92
2011-10-26,8.77,8.80,8.63,8.66,621400,8.66
2011-10-25,8.76,8.84,8.71,8.74,958100,8.74
2011-10-24,8.59,8.75,8.59,8.73,318200,8.73
2011-10-21,8.59,8.64,8.50,8.53,529300,8.53
2011-10-20,8.47,8.47,8.32,8.45,179800,8.45
2011-10-19,8.62,8.68,8.46,8.47,139600,8.47
2011-10-18,8.54,8.70,8.50,8.65,315300,8.65
2011-10-17,8.67,8.67,8.58,8.58,345000,8.58
2011-10-14,8.68,8.72,8.64,8.70,335800,8.70
2011-10-13,8.51,8.56,8.43,8.51,162400,8.51
2011-10-12,8.56,8.69,8.51,8.52,389600,8.52
2011-10-11,8.48,8.58,8.36,8.52,267700,8.52
2011-10-10,8.41,8.51,8.41,8.46,123500,8.46
2011-10-07,8.35,8.37,8.22,8.28,540100,8.28
2011-10-06,8.19,8.35,8.16,8.35,162000,8.35
2011-10-05,8.04,8.17,8.02,8.14,3260800,8.14
2011-10-04,7.96,8.05,7.90,8.05,1091700,8.05
2011-10-03,7.97,8.15,7.90,8.04,1750500,8.04
2011-09-30,8.34,8.34,8.06,8.07,1952000,8.07
2011-09-29,8.39,8.43,8.33,8.36,282200,8.36
2011-09-28,8.47,8.52,8.24,8.24,803200,8.24
2011-09-27,8.46,8.58,8.46,8.51,340500,8.51
2011-09-26,8.24,8.36,8.19,8.35,401700,8.35
2011-09-23,8.33,8.41,8.18,8.30,2131300,8.30
2011-09-22,8.53,8.59,8.39,8.42,1265100,8.42
2011-09-21,8.92,9.00,8.78,8.78,282700,8.78
2011-09-20,8.93,9.04,8.92,8.92,224000,8.92
2011-09-19,9.00,9.00,8.89,8.94,254300,8.94
2011-09-16,9.23,9.23,9.10,9.12,331200,9.12
2011-09-15,9.24,9.26,9.16,9.19,429500,9.19
2011-09-14,9.20,9.20,9.12,9.15,249800,9.15
2011-09-13,9.24,9.26,9.16,9.20,174700,9.20
2011-09-12,9.16,9.24,9.14,9.22,329200,9.22
2011-09-09,9.23,9.26,9.17,9.21,289200,9.21
2011-09-08,9.40,9.45,9.36,9.38,151300,9.38
2011-09-07,9.33,9.42,9.31,9.39,267800,9.39
2011-09-06,9.15,9.28,9.11,9.28,216400,9.28
2011-09-02,9.26,9.38,9.24,9.33,596100,9.33
2011-09-01,9.45,9.46,9.36,9.37,2503900,9.37
2011-08-31,9.44,9.49,9.44,9.45,404300,9.45
2011-08-30,9.32,9.44,9.30,9.43,664100,9.43
2011-08-29,9.33,9.34,9.30,9.31,108100,9.31
2011-08-26,9.15,9.27,9.10,9.26,253900,9.26
2011-08-25,9.17,9.20,9.04,9.15,194100,9.15
2011-08-24,9.17,9.21,9.10,9.11,236000,9.11
2011-08-23,9.12,9.21,9.09,9.20,184100,9.20
2011-08-22,9.10,9.11,9.02,9.07,507800,9.07
2011-08-19,8.93,9.09,8.93,9.06,380300,9.06
2011-08-18,9.03,9.07,8.91,8.93,851100,8.93
2011-08-17,9.18,9.26,9.17,9.20,311200,9.20
2011-08-16,9.02,9.13,9.01,9.11,256800,9.11
2011-08-15,9.06,9.13,9.02,9.11,469100,9.11
2011-08-12,9.01,9.05,8.96,8.96,497000,8.96
2011-08-11,8.84,9.02,8.81,8.98,507700,8.98
2011-08-10,8.75,8.83,8.68,8.73,697200,8.73
2011-08-09,8.74,8.80,8.54,8.72,783400,8.72
2011-08-08,8.83,8.88,8.61,8.67,2433000,8.67
2011-08-05,9.04,9.10,8.88,9.02,1357400,9.02
2011-08-04,9.30,9.30,9.01,9.02,2068100,9.02
2011-08-03,9.45,9.46,9.33,9.35,826100,9.35
2011-08-02,9.46,9.53,9.44,9.49,191500,9.49
2011-08-01,9.62,9.65,9.42,9.51,1395900,9.51
2011-07-29,9.50,9.53,9.47,9.51,362000,9.51
2011-07-28,9.62,9.65,9.57,9.58,372900,9.58
2011-07-27,9.67,9.69,9.60,9.63,422000,9.63
2011-07-26,9.62,9.72,9.58,9.69,312700,9.69
2011-07-25,9.61,9.65,9.59,9.61,427500,9.61
2011-07-22,9.62,9.69,9.59,9.68,287800,9.68
2011-07-21,9.65,9.69,9.57,9.60,202500,9.60
2011-07-20,9.65,9.66,9.57,9.63,152000,9.63
2011-07-19,9.67,9.72,9.61,9.62,326400,9.62
2011-07-18,9.53,9.55,9.45,9.54,219700,9.54
2011-07-15,9.57,9.63,9.56,9.61,181000,9.61
2011-07-14,9.67,9.67,9.48,9.54,214400,9.54
2011-07-13,9.54,9.69,9.52,9.63,455300,9.63
2011-07-12,9.35,9.52,9.33,9.48,222600,9.48
2011-07-11,9.37,9.41,9.30,9.38,208200,9.38
2011-07-08,9.49,9.51,9.43,9.50,259700,9.50
2011-07-07,9.46,9.54,9.46,9.53,415500,9.53
2011-07-06,9.35,9.37,9.30,9.34,362500,9.34
2011-07-05,9.34,9.41,9.31,9.35,480500,9.35
2011-07-01,9.15,9.27,9.15,9.22,1733600,9.22
2011-06-30,9.39,9.39,9.15,9.19,1783200,9.19
2011-06-29,9.24,9.36,9.23,9.34,485200,9.34
2011-06-28,9.12,9.19,9.10,9.17,508500,9.17
2011-06-27,8.95,9.04,8.91,9.04,478800,9.04
2011-06-24,9.12,9.13,9.00,9.04,582700,9.04
2011-06-23,9.11,9.17,8.98,9.16,1639600,9.16
2011-06-22,9.34,9.40,9.30,9.31,1285500,9.31
2011-06-21,9.36,9.40,9.30,9.34,324000,9.34
2011-06-20,9.26,9.32,9.26,9.32,482200,9.32
2011-06-17,9.35,9.39,9.27,9.33,448200,9.33
2011-06-16,9.42,9.43,9.28,9.39,787300,9.39
2011-06-15,9.66,9.69,9.40,9.46,471100,9.46
2011-06-14,9.79,9.79,9.66,9.72,325600,9.72
2011-06-13,9.71,9.75,9.60,9.65,463400,9.65
2011-06-10,9.80,9.80,9.69,9.75,1087000,9.75
2011-06-09,9.84,9.89,9.81,9.84,572700,9.84
2011-06-08,9.72,9.83,9.60,9.80,528600,9.80
2011-06-07,9.71,9.74,9.65,9.69,360600,9.69
2011-06-06,9.77,9.85,9.65,9.66,447900,9.66
2011-06-03,9.66,9.78,9.66,9.76,518300,9.76
2011-06-02,9.74,9.77,9.65,9.75,380500,9.75
2011-06-01,9.85,9.92,9.69,9.72,309900,9.72
2011-05-31,9.89,9.89,9.82,9.85,526300,9.85
2011-05-27,9.77,9.80,9.75,9.77,393000,9.77
2011-05-26,9.76,9.76,9.67,9.72,269300,9.72
2011-05-25,9.60,9.74,9.60,9.71,395500,9.71
2011-05-24,9.57,9.62,9.49,9.56,471200,9.56
2011-05-23,9.47,9.51,9.42,9.47,503000,9.47
2011-05-20,9.54,9.65,9.43,9.63,387100,9.63
2011-05-19,9.65,9.69,9.55,9.57,776200,9.57
2011-05-18,9.52,9.70,9.51,9.64,503200,9.64
2011-05-17,9.34,9.44,9.26,9.42,800000,9.42
2011-05-16,9.44,9.51,9.36,9.38,573600,9.38
2011-05-13,9.47,9.52,9.34,9.45,759700,9.45
2011-05-12,9.40,9.53,9.29,9.43,1972900,9.43
2011-05-11,9.52,9.69,9.41,9.48,1967600,9.48
2011-05-10,9.66,9.80,9.65,9.78,564000,9.78
2011-05-09,9.53,9.71,9.49,9.70,765200,9.70
2011-05-06,9.45,9.65,9.37,9.40,935000,9.40
2011-05-05,9.80,9.80,9.30,9.43,1445600,9.43
2011-05-04,10.16,10.17,9.99,10.00,597900,10.00
2011-05-03,10.27,10.30,10.17,10.21,610500,10.21
2011-05-02,10.33,10.40,10.26,10.26,781500,10.26
2011-04-29,10.30,10.40,10.24,10.38,566000,10.38
2011-04-28,10.34,10.37,10.21,10.27,1611200,10.27
2011-04-27,10.30,10.36,10.22,10.33,816800,10.33
2011-04-26,10.36,10.37,10.30,10.34,443900,10.34
2011-04-25,10.40,10.43,10.28,10.36,720700,10.36
2011-04-21,10.33,10.39,10.29,10.36,299100,10.36
2011-04-20,10.31,10.37,10.28,10.31,1369500,10.31
2011-04-19,10.14,10.22,10.11,10.15,1011600,10.15
2011-04-18,10.17,10.18,10.06,10.17,485500,10.17
2011-04-15,10.17,10.26,10.14,10.23,497400,10.23
2011-04-14,10.11,10.19,10.08,10.19,420600,10.19
2011-04-13,10.17,10.23,10.07,10.13,343100,10.13
2011-04-12,10.27,10.27,10.06,10.12,642700,10.12
2011-04-11,10.48,10.49,10.34,10.35,514600,10.35
2011-04-08,10.40,10.51,10.37,10.50,456200,10.50
2011-04-07,10.31,10.35,10.25,10.32,321500,10.32
2011-04-06,10.33,10.36,10.27,10.29,450600,10.29
2011-04-05,10.23,10.29,10.21,10.24,746600,10.24
2011-04-04,10.22,10.27,10.18,10.24,732800,10.24
2011-04-01,10.11,10.16,10.05,10.16,357300,10.16
2011-03-31,10.05,10.15,10.05,10.11,490800,10.11
2011-03-30,9.94,9.94,9.85,9.92,461700,9.92
2011-03-29,9.91,9.96,9.86,9.94,455800,9.94
2011-03-28,9.94,9.97,9.88,9.89,521500,9.89
2011-03-25,10.07,10.08,9.98,10.05,944000,10.05
2011-03-24,9.98,10.04,9.93,10.03,498700,10.03
2011-03-23,9.99,10.01,9.95,9.98,543800,9.98
2011-03-22,9.82,9.97,9.80,9.95,538600,9.95
2011-03-21,9.87,9.93,9.83,9.87,746800,9.87
2011-03-18,9.81,9.87,9.77,9.86,663600,9.86
2011-03-17,9.60,9.79,9.58,9.77,1094500,9.77
2011-03-16,9.50,9.58,9.36,9.44,703100,9.44
2011-03-15,9.41,9.50,9.33,9.40,830500,9.40
2011-03-14,9.72,9.77,9.68,9.76,492700,9.76
2011-03-11,9.66,9.80,9.66,9.76,753700,9.76
2011-03-10,9.86,9.93,9.75,9.83,1416500,9.83
2011-03-09,10.09,10.10,9.95,10.00,629900,10.00
2011-03-08,10.08,10.08,10.00,10.03,607500,10.03
2011-03-07,10.28,10.28,10.12,10.12,596800,10.12
2011-03-04,10.19,10.22,10.15,10.21,662600,10.21
2011-03-03,10.07,10.12,10.03,10.12,688000,10.12
2011-03-02,10.06,10.12,10.03,10.10,1354700,10.10
2011-03-01,9.96,10.04,9.92,10.03,753200,10.03
2011-02-28,9.89,9.93,9.84,9.90,586200,9.90
2011-02-25,9.71,9.88,9.69,9.87,530400,9.87
2011-02-24,9.82,9.83,9.62,9.63,611800,9.63
2011-02-23,9.64,9.81,9.64,9.80,896900,9.80
2011-02-22,9.76,9.76,9.57,9.60,1138900,9.60
2011-02-18,9.56,9.63,9.51,9.56,1268800,9.56
2011-02-17,9.56,9.65,9.54,9.64,652400,9.64
2011-02-16,9.52,9.56,9.47,9.55,498800,9.55
2011-02-15,9.55,9.58,9.43,9.47,685900,9.47
2011-02-14,9.57,9.64,9.53,9.55,1026400,9.55
2011-02-11,9.55,9.56,9.48,9.53,395400,9.53
2011-02-10,9.56,9.61,9.53,9.56,424600,9.56
2011-02-09,9.55,9.62,9.50,9.58,551600,9.58
2011-02-08,9.45,9.54,9.42,9.52,909000,9.52
2011-02-07,9.55,9.57,9.46,9.49,758400,9.49
2011-02-04,9.61,9.62,9.48,9.52,662000,9.52
2011-02-03,9.65,9.66,9.56,9.59,655100,9.59
2011-02-02,9.59,9.65,9.56,9.63,393200,9.63
2011-02-01,9.55,9.59,9.52,9.53,579900,9.53
2011-01-31,9.37,9.59,9.37,9.50,399700,9.50
2011-01-28,9.27,9.38,9.26,9.36,698500,9.36
2011-01-27,9.31,9.31,9.22,9.23,472800,9.23
2011-01-26,9.17,9.31,9.15,9.28,391100,9.28
2011-01-25,9.14,9.18,9.09,9.12,639800,9.12
2011-01-24,9.25,9.30,9.21,9.22,280900,9.22
2011-01-21,9.26,9.31,9.23,9.30,345200,9.30
2011-01-20,9.18,9.23,9.10,9.21,570200,9.21
2011-01-19,9.37,9.40,9.27,9.30,351700,9.30
2011-01-18,9.26,9.36,9.25,9.32,781100,9.32
2011-01-14,9.25,9.33,9.22,9.32,495200,9.32
2011-01-13,9.34,9.34,9.26,9.28,540000,9.28
2011-01-12,9.31,9.36,9.29,9.33,725200,9.33
2011-01-11,9.20,9.24,9.15,9.23,869000,9.23
2011-01-10,9.11,9.13,9.06,9.13,387800,9.13
2011-01-07,9.08,9.12,8.99,9.05,389400,9.05
2011-01-06,9.19,9.22,9.07,9.10,649300,9.10
2011-01-05,9.04,9.22,9.00,9.18,487200,9.18
2011-01-04,9.26,9.26,9.06,9.13,1308100,9.13
2011-01-03,9.32,9.44,9.25,9.25,503700,9.25
2010-12-31,9.12,9.27,9.11,9.24,155600,9.24
2010-12-30,9.13,9.14,9.03,9.09,347900,9.09
2010-12-29,9.18,9.22,9.13,9.13,354700,9.13
2010-12-28,9.17,9.23,9.13,9.19,237400,9.19
2010-12-27,9.08,9.15,9.05,9.11,229300,9.11
2010-12-23,9.08,9.14,9.07,9.12,268700,9.12
2010-12-22,9.06,9.10,9.03,9.10,497000,9.10
2010-12-21,9.05,9.10,9.03,9.05,445400,9.05
2010-12-20,8.94,9.01,8.89,9.00,595700,9.00
2010-12-17,8.82,8.91,8.81,8.91,224400,8.91
2010-12-16,8.86,8.87,8.80,8.83,382800,8.83
2010-12-15,8.83,8.95,8.83,8.86,398800,8.86
2010-12-14,8.89,8.91,8.84,8.87,485300,8.87
2010-12-13,8.90,8.92,8.85,8.89,676700,8.89
2010-12-10,8.80,8.82,8.75,8.78,347100,8.78
2010-12-09,8.81,8.85,8.77,8.81,350800,8.81
2010-12-08,8.77,8.87,8.68,8.81,363300,8.81
2010-12-07,8.91,8.93,8.73,8.74,473200,8.74
2010-12-06,8.82,8.83,8.76,8.82,374200,8.82
2010-12-03,8.72,8.81,8.70,8.79,417900,8.79
2010-12-02,8.60,8.70,8.59,8.68,4020900,8.68
2010-12-01,8.46,8.58,8.44,8.58,316400,8.58
2010-11-30,8.32,8.37,8.30,8.32,324500,8.32
2010-11-29,8.33,8.38,8.27,8.38,371900,8.38
2010-11-26,8.26,8.31,8.26,8.31,329200,8.31
2010-11-24,8.22,8.37,8.21,8.33,327700,8.33
2010-11-23,8.12,8.20,8.08,8.17,309800,8.17
2010-11-22,8.20,8.24,8.14,8.24,340800,8.24
2010-11-19,8.26,8.29,8.20,8.25,787800,8.25
2010-11-18,8.28,8.35,8.26,8.35,627500,8.35
2010-11-17,8.18,8.24,8.11,8.13,460200,8.13
2010-11-16,8.37,8.37,8.16,8.16,809400,8.16
2010-11-15,8.52,8.54,8.46,8.48,253000,8.48
2010-11-12,8.62,8.66,8.43,8.46,759500,8.46
2010-11-11,8.85,8.85,8.78,8.79,576100,8.79
2010-11-10,8.85,8.95,8.75,8.86,1978000,8.86
2010-11-09,8.92,9.06,8.76,8.79,513400,8.79
2010-11-08,8.72,8.81,8.71,8.80,1676600,8.80
2010-11-05,8.72,8.78,8.68,8.77,669700,8.77
2010-11-04,8.67,8.73,8.64,8.73,743700,8.73
2010-11-03,8.51,8.55,8.41,8.53,820900,8.53
2010-11-02,8.49,8.49,8.46,8.48,291400,8.48
2010-11-01,8.50,8.50,8.38,8.40,370600,8.40
2010-10-29,8.33,8.36,8.28,8.36,474400,8.36
2010-10-28,8.36,8.38,8.31,8.35,206100,8.35
2010-10-27,8.29,8.34,8.23,8.30,960800,8.30
2010-10-26,8.32,8.39,8.30,8.39,334500,8.39
2010-10-25,8.38,8.40,8.28,8.33,289900,8.33
2010-10-22,8.24,8.27,8.20,8.27,478500,8.27
2010-10-21,8.29,8.34,8.15,8.18,514100,8.18
2010-10-20,8.12,8.31,8.12,8.29,421100,8.29
2010-10-19,8.16,8.22,8.07,8.07,394100,8.07
2010-10-18,8.25,8.34,8.23,8.31,671000,8.31
2010-10-15,8.35,8.35,8.22,8.25,291000,8.25
2010-10-14,8.37,8.42,8.33,8.33,321100,8.33
2010-10-13,8.36,8.40,8.32,8.34,553200,8.34
2010-10-12,8.23,8.35,8.20,8.30,293000,8.30
2010-10-11,8.29,8.38,8.24,8.26,617200,8.26
2010-10-08,8.18,8.37,8.07,8.30,655000,8.30
2010-10-07,8.15,8.15,7.98,7.98,244300,7.98
2010-10-06,8.10,8.13,8.06,8.10,477100,8.10
2010-10-05,8.01,8.08,7.98,8.07,349800,8.07
2010-10-04,7.95,7.96,7.90,7.93,277100,7.93
2010-10-01,8.02,8.04,7.93,7.98,416200,7.98
2010-09-30,7.96,7.99,7.85,7.98,607000,7.98
2010-09-29,7.81,7.92,7.76,7.90,288300,7.90
2010-09-28,7.85,7.92,7.82,7.87,188700,7.87
2010-09-27,7.93,7.93,7.81,7.88,625500,7.88
2010-09-24,7.83,7.90,7.83,7.90,214400,7.90
2010-09-23,7.73,7.80,7.70,7.75,122700,7.75
2010-09-22,7.79,7.83,7.73,7.78,268600,7.78
2010-09-21,7.81,7.81,7.72,7.74,207600,7.74
2010-09-20,7.81,7.85,7.78,7.81,240900,7.81
2010-09-17,7.77,7.80,7.71,7.77,219000,7.77
2010-09-16,7.77,7.79,7.57,7.73,363200,7.73
2010-09-15,7.75,7.78,7.73,7.74,208500,7.74
2010-09-14,7.75,7.82,7.74,7.76,381700,7.76
2010-09-13,7.74,7.78,7.72,7.75,250300,7.75
2010-09-10,7.60,7.68,7.60,7.67,149300,7.67
2010-09-09,7.65,7.67,7.58,7.58,130000,7.58
2010-09-08,7.60,7.68,7.60,7.63,316800,7.63
2010-09-07,7.54,7.64,7.51,7.60,116600,7.60
2010-09-03,7.55,7.60,7.49,7.60,140000,7.60
2010-09-02,7.48,7.55,7.46,7.55,266000,7.55
2010-09-01,7.41,7.50,7.41,7.45,636800,7.45
2010-08-31,7.44,7.47,7.31,7.34,272900,7.34
2010-08-30,7.47,7.50,7.45,7.47,183800,7.47
2010-08-27,7.39,7.48,7.35,7.46,120800,7.46
2010-08-26,7.35,7.38,7.31,7.34,299200,7.34
2010-08-25,7.25,7.28,7.19,7.28,185600,7.28
2010-08-24,7.25,7.28,7.22,7.23,141200,7.23
2010-08-23,7.38,7.41,7.33,7.34,438800,7.34
2010-08-20,7.38,7.41,7.36,7.37,624400,7.37
2010-08-19,7.53,7.53,7.42,7.45,166400,7.45
2010-08-18,7.46,7.50,7.40,7.50,154800,7.50
2010-08-17,7.50,7.55,7.49,7.49,278700,7.49
2010-08-16,7.49,7.49,7.36,7.44,227400,7.44
2010-08-13,7.48,7.52,7.45,7.47,51700,7.47
2010-08-12,7.47,7.55,7.45,7.49,192200,7.49
2010-08-11,7.58,7.58,7.49,7.51,268000,7.51
2010-08-10,7.62,7.68,7.57,7.64,212100,7.64
2010-08-09,7.69,7.76,7.69,7.71,273700,7.71
2010-08-06,7.80,7.84,7.67,7.70,319700,7.70
2010-08-05,7.85,7.89,7.81,7.83,388900,7.83
2010-08-04,7.77,7.82,7.75,7.81,465300,7.81
2010-08-03,7.70,7.75,7.69,7.72,630000,7.72
2010-08-02,7.68,7.74,7.67,7.71,439200,7.71
2010-07-30,7.39,7.56,7.39,7.55,326600,7.55
2010-07-29,7.37,7.47,7.37,7.44,279900,7.44
2010-07-28,7.27,7.33,7.25,7.30,169200,7.30
2010-07-27,7.35,7.37,7.23,7.28,347600,7.28
2010-07-26,7.32,7.37,7.30,7.33,165900,7.33
2010-07-23,7.34,7.37,7.32,7.36,338600,7.36
2010-07-22,7.28,7.36,7.28,7.35,174400,7.35
2010-07-21,7.27,7.28,7.17,7.19,268000,7.19
2010-07-20,7.10,7.20,7.10,7.18,242800,7.18
2010-07-19,7.21,7.23,7.12,7.18,790000,7.18
2010-07-16,7.22,7.22,7.13,7.16,226100,7.16
2010-07-15,7.20,7.27,7.13,7.24,507400,7.24
2010-07-14,7.17,7.24,7.13,7.19,472600,7.19
2010-07-13,7.15,7.18,7.11,7.18,160000,7.18
2010-07-12,7.07,7.11,7.03,7.04,126700,7.04
2010-07-09,7.09,7.15,7.08,7.14,470100,7.14
2010-07-08,7.10,7.12,7.02,7.10,685300,7.10
2010-07-07,6.92,7.04,6.91,7.03,4264000,7.03
2010-07-06,6.96,7.00,6.87,6.91,394200,6.91
2010-07-02,6.92,6.98,6.86,6.89,573400,6.89
2010-07-01,6.93,6.95,6.83,6.91,1932500,6.91
2010-06-30,6.96,7.02,6.94,6.99,486300,6.99
2010-06-29,6.99,7.00,6.91,6.93,453300,6.93
2010-06-28,7.18,7.18,7.10,7.11,289000,7.11
2010-06-25,7.15,7.22,7.11,7.19,313700,7.19
2010-06-24,7.07,7.12,7.05,7.07,125500,7.07
2010-06-23,7.13,7.13,7.02,7.03,151400,7.03
2010-06-22,7.18,7.22,7.13,7.13,299100,7.13
2010-06-21,7.27,7.30,7.15,7.15,226300,7.15
2010-06-18,7.15,7.20,7.12,7.15,167500,7.15
2010-06-17,7.22,7.22,7.15,7.19,244700,7.19
2010-06-16,7.11,7.22,7.11,7.20,198000,7.20
2010-06-15,7.10,7.18,7.06,7.18,333400,7.18
2010-06-14,7.04,7.10,7.02,7.03,284600,7.03
2010-06-11,6.95,6.98,6.89,6.98,192900,6.98
2010-06-10,6.90,6.98,6.90,6.97,244600,6.97
2010-06-09,6.87,6.92,6.83,6.83,169000,6.83
2010-06-08,6.73,6.80,6.71,6.77,491000,6.77
2010-06-07,6.72,6.78,6.68,6.73,290400,6.73
2010-06-04,6.85,6.88,6.72,6.72,263600,6.72
2010-06-03,6.93,6.97,6.88,6.94,286400,6.94
2010-06-02,6.91,6.96,6.87,6.92,179000,6.92
2010-06-01,6.92,7.05,6.87,6.87,500000,6.87
2010-05-28,7.07,7.10,6.97,6.99,180900,6.99
2010-05-27,7.00,7.09,6.97,7.07,634100,7.07
2010-05-26,6.90,6.96,6.86,6.87,227200,6.87
2010-05-25,6.71,6.84,6.71,6.84,852800,6.84
2010-05-24,6.91,6.96,6.87,6.89,252700,6.89
2010-05-21,6.81,6.95,6.81,6.89,715900,6.89
2010-05-20,6.83,6.89,6.75,6.83,663100,6.83
2010-05-19,6.98,7.00,6.89,6.95,591800,6.95
2010-05-18,7.09,7.14,7.00,7.03,268200,7.03
2010-05-17,7.15,7.17,6.98,7.02,465800,7.02
2010-05-14,7.33,7.33,7.15,7.18,475400,7.18
2010-05-13,7.43,7.45,7.37,7.39,285400,7.39
2010-05-12,7.43,7.49,7.39,7.45,287800,7.45
2010-05-11,7.35,7.43,7.35,7.41,305300,7.41
2010-05-10,7.43,7.49,7.36,7.41,207800,7.41
2010-05-07,7.30,7.35,7.21,7.29,716100,7.29
2010-05-06,7.44,7.48,7.21,7.31,720100,7.31
2010-05-05,7.44,7.56,7.41,7.51,695800,7.51
2010-05-04,7.76,7.76,7.63,7.64,335000,7.64
2010-05-03,7.84,7.88,7.81,7.84,180500,7.84
2010-04-30,7.81,7.85,7.76,7.83,285100,7.83
2010-04-29,7.77,7.81,7.74,7.75,252900,7.75
2010-04-28,7.72,7.73,7.65,7.72,237000,7.72
2010-04-27,7.76,7.82,7.66,7.68,431400,7.68
2010-04-26,7.90,7.91,7.80,7.80,400900,7.80
2010-04-23,7.80,7.88,7.78,7.88,269700,7.88
2010-04-22,7.73,7.83,7.70,7.83,320600,7.83
2010-04-21,7.76,7.85,7.75,7.82,324300,7.82
2010-04-20,7.74,7.81,7.74,7.78,594200,7.78
2010-04-19,7.70,7.73,7.65,7.71,314700,7.71
2010-04-16,7.88,7.90,7.76,7.81,322900,7.81
2010-04-15,7.90,7.93,7.88,7.93,192600,7.93
2010-04-14,7.85,7.92,7.83,7.90,316400,7.90
2010-04-13,7.78,7.83,7.71,7.82,293100,7.82
2010-04-12,7.81,7.85,7.75,7.78,286000,7.78
2010-04-09,7.81,7.83,7.75,7.78,251800,7.78
2010-04-08,7.75,7.79,7.74,7.79,298700,7.79
2010-04-07,7.81,7.88,7.78,7.79,666100,7.79
2010-04-06,7.68,7.87,7.68,7.85,528900,7.85
2010-04-05,7.78,7.84,7.75,7.84,377700,7.84
2010-04-01,7.68,7.75,7.67,7.74,309500,7.74
2010-03-31,7.68,7.68,7.58,7.61,230500,7.61
2010-03-30,7.58,7.63,7.57,7.63,342400,7.63
2010-03-29,7.56,7.63,7.55,7.61,181100,7.61
2010-03-26,7.50,7.50,7.42,7.47,462700,7.47
2010-03-25,7.53,7.53,7.42,7.43,327900,7.43
2010-03-24,7.48,7.50,7.45,7.45,342200,7.45
2010-03-23,7.57,7.62,7.53,7.57,321800,7.57
2010-03-22,7.48,7.60,7.44,7.59,249700,7.59
2010-03-19,7.66,7.67,7.54,7.58,189200,7.58
2010-03-18,7.64,7.69,7.64,7.68,270300,7.68
2010-03-17,7.67,7.72,7.63,7.70,306900,7.70
2010-03-16,7.58,7.64,7.54,7.62,389200,7.62
2010-03-15,7.54,7.54,7.46,7.51,464600,7.51
2010-03-12,7.65,7.67,7.54,7.59,274100,7.59
2010-03-11,7.61,7.62,7.58,7.62,269800,7.62
2010-03-10,7.61,7.71,7.57,7.63,296600,7.63
2010-03-09,7.61,7.66,7.59,7.62,201700,7.62
2010-03-08,7.68,7.72,7.62,7.64,296800,7.64
2010-03-05,7.66,7.71,7.63,7.68,245100,7.68
2010-03-04,7.65,7.66,7.57,7.61,181300,7.61
2010-03-03,7.66,7.70,7.62,7.66,265900,7.66
2010-03-02,7.55,7.64,7.53,7.60,302400,7.60
2010-03-01,7.60,7.63,7.47,7.54,563700,7.54
2010-02-26,7.51,7.60,7.47,7.60,220100,7.60
2010-02-25,7.44,7.48,7.38,7.47,210600,7.47
2010-02-24,7.52,7.58,7.48,7.58,295100,7.58
2010-02-23,7.56,7.56,7.48,7.51,469200,7.51
2010-02-22,7.64,7.64,7.56,7.62,408000,7.62
2010-02-19,7.57,7.63,7.53,7.63,320200,7.63
2010-02-18,7.54,7.60,7.50,7.60,417600,7.60
2010-02-17,7.50,7.55,7.47,7.53,622700,7.53
2010-02-16,7.45,7.55,7.42,7.54,244400,7.54
2010-02-12,7.28,7.31,7.21,7.31,613100,7.31
2010-02-11,7.32,7.38,7.22,7.36,515500,7.36
2010-02-10,7.24,7.30,7.14,7.29,1220500,7.29
2010-02-09,7.14,7.26,7.13,7.25,583600,7.25
2010-02-08,7.05,7.14,7.02,7.10,358300,7.10
2010-02-05,7.17,7.17,6.92,7.07,875200,7.07
2010-02-04,7.34,7.34,7.12,7.17,1063700,7.17
2010-02-03,7.43,7.47,7.35,7.36,447800,7.36
2010-02-02,7.33,7.48,7.32,7.48,540000,7.48
2010-02-01,7.18,7.30,7.18,7.30,327200,7.30
2010-01-29,7.31,7.31,7.16,7.18,755300,7.18
2010-01-28,7.33,7.33,7.18,7.29,679300,7.29
2010-01-27,7.35,7.38,7.21,7.29,732500,7.29
2010-01-26,7.38,7.45,7.34,7.39,410000,7.39
2010-01-25,7.47,7.50,7.44,7.48,784200,7.48
2010-01-22,7.50,7.53,7.39,7.41,931800,7.41
2010-01-21,7.65,7.67,7.51,7.55,421000,7.55
2010-01-20,7.65,7.66,7.57,7.62,873300,7.62
2010-01-19,7.67,7.76,7.61,7.76,440300,7.76
2010-01-15,7.78,7.81,7.69,7.72,364300,7.72
2010-01-14,7.87,7.88,7.78,7.81,311600,7.81
2010-01-13,7.82,7.87,7.70,7.85,453500,7.85
2010-01-12,7.90,7.97,7.77,7.83,638900,7.83
2010-01-11,8.09,8.11,8.00,8.03,635000,8.03
2010-01-08,8.05,8.06,7.98,8.02,365900,8.02
2010-01-07,8.11,8.11,8.02,8.02,501500,8.02
2010-01-06,8.06,8.16,8.02,8.15,591800,8.15
2010-01-05,8.03,8.03,7.97,8.03,696800,8.03
2010-01-04,8.00,8.02,7.95,8.01,357400,8.01
2009-12-31,7.89,7.89,7.80,7.84,190000,7.84
2009-12-30,7.83,7.85,7.78,7.84,238800,7.84
2009-12-29,7.87,7.87,7.79,7.83,351500,7.83
2009-12-28,7.70,7.86,7.70,7.85,361700,7.85
2009-12-24,7.69,7.71,7.66,7.70,173500,7.70
2009-12-23,7.58,7.66,7.55,7.66,281900,7.66
2009-12-22,7.49,7.54,7.40,7.51,452100,7.51
2009-12-21,7.60,7.61,7.47,7.50,263600,7.50
2009-12-18,7.61,7.61,7.48,7.56,185800,7.56
2009-12-17,7.59,7.59,7.49,7.53,471400,7.53
2009-12-16,7.55,7.67,7.55,7.63,472700,7.63
2009-12-15,7.52,7.56,7.50,7.53,391000,7.53
2009-12-14,7.49,7.52,7.46,7.51,298800,7.51
2009-12-11,7.46,7.46,7.37,7.45,241600,7.45
2009-12-10,7.45,7.46,7.38,7.44,315100,7.44
2009-12-09,7.56,7.57,7.35,7.40,471100,7.40
2009-12-08,7.58,7.60,7.50,7.51,546000,7.51
2009-12-07,7.61,7.69,7.58,7.63,528300,7.63
2009-12-04,7.82,7.82,7.63,7.65,384700,7.65
2009-12-03,7.77,7.83,7.71,7.75,297300,7.75
2009-12-02,7.83,7.86,7.73,7.78,404600,7.78
2009-12-01,7.85,7.97,7.78,7.83,632900,7.83
2009-11-30,7.69,7.82,7.62,7.79,522800,7.79
2009-11-27,7.50,7.70,7.47,7.69,254800,7.69
2009-11-25,7.68,7.80,7.64,7.79,340600,7.79
2009-11-24,7.73,7.73,7.56,7.63,468700,7.63
2009-11-23,7.87,7.87,7.67,7.71,376300,7.71
2009-11-20,7.62,7.72,7.62,7.72,363000,7.72
2009-11-19,7.75,7.79,7.64,7.72,248600,7.72
2009-11-18,7.92,7.92,7.77,7.82,343900,7.82
2009-11-17,7.80,7.83,7.70,7.82,724200,7.82
2009-11-16,7.58,7.79,7.58,7.78,425300,7.78
2009-11-13,7.48,7.55,7.45,7.54,317700,7.54
2009-11-12,7.59,7.59,7.49,7.51,230900,7.51
2009-11-11,7.69,7.70,7.61,7.65,413100,7.65
2009-11-10,7.63,7.66,7.52,7.61,763600,7.61
2009-11-09,7.57,7.65,7.56,7.63,370600,7.63
2009-11-06,7.52,7.58,7.43,7.49,478000,7.49
2009-11-05,7.67,7.71,7.59,7.65,4312900,7.65
2009-11-04,7.72,7.77,7.62,7.68,632100,7.68
2009-11-03,7.48,7.68,7.47,7.66,317700,7.66
2009-11-02,7.50,7.58,7.43,7.55,889400,7.55
2009-10-30,7.60,7.60,7.42,7.45,356300,7.45
2009-10-29,7.51,7.67,7.51,7.65,528700,7.65
2009-10-28,7.53,7.55,7.41,7.46,543500,7.46
2009-10-27,7.62,7.65,7.55,7.61,268200,7.61
2009-10-26,7.82,7.85,7.57,7.59,805900,7.59
2009-10-23,7.85,7.88,7.74,7.77,409200,7.77
2009-10-22,7.81,7.84,7.72,7.83,590900,7.83
2009-10-21,7.62,7.89,7.60,7.83,792600,7.83
2009-10-20,7.75,7.75,7.57,7.64,500700,7.64
2009-10-19,7.60,7.69,7.57,7.67,430300,7.67
2009-10-16,7.53,7.59,7.48,7.56,434600,7.56
2009-10-15,7.42,7.55,7.38,7.51,688200,7.51
2009-10-14,7.44,7.46,7.40,7.44,496200,7.44
2009-10-13,7.35,7.39,7.29,7.38,575400,7.38
2009-10-12,7.32,7.36,7.28,7.34,306900,7.34
2009-10-09,7.20,7.23,7.12,7.20,357000,7.20
2009-10-08,7.07,7.25,7.02,7.20,414700,7.20
2009-10-07,7.05,7.11,6.96,7.04,429800,7.04
2009-10-06,7.02,7.13,7.01,7.06,321800,7.06
2009-10-05,6.87,6.97,6.82,6.95,187000,6.95
2009-10-02,6.84,6.93,6.82,6.87,231700,6.87
2009-10-01,7.04,7.06,6.92,6.98,269000,6.98
2009-09-30,6.84,7.06,6.80,7.00,271100,7.00
2009-09-29,6.84,6.88,6.80,6.83,326300,6.83
2009-09-28,6.76,6.87,6.76,6.86,195100,6.86
2009-09-25,6.82,6.87,6.74,6.81,567500,6.81
2009-09-24,6.93,6.93,6.75,6.84,491200,6.84
2009-09-23,7.04,7.07,6.93,6.97,522900,6.97
2009-09-22,7.10,7.10,7.03,7.09,424700,7.09
2009-09-21,7.19,7.19,6.91,6.96,286900,6.96
2009-09-18,7.17,7.18,7.11,7.13,383400,7.13
2009-09-17,7.19,7.24,7.14,7.19,401800,7.19
2009-09-16,7.12,7.20,7.07,7.20,404500,7.20
2009-09-15,6.97,7.10,6.92,7.09,334800,7.09
2009-09-14,6.88,6.92,6.86,6.92,408000,6.92
2009-09-11,7.09,7.09,6.87,6.93,739500,6.93
2009-09-10,6.98,7.04,6.93,7.02,476900,7.02
2009-09-09,7.05,7.09,6.98,7.02,492600,7.02
2009-09-08,6.97,7.06,6.96,7.03,639100,7.03
2009-09-04,6.84,6.88,6.81,6.82,176900,6.82
2009-09-03,6.94,6.95,6.85,6.89,280800,6.89
2009-09-02,6.79,6.91,6.79,6.88,316100,6.88
2009-09-01,7.00,7.08,6.82,6.85,608900,6.85
2009-08-31,7.17,7.17,6.96,7.03,243100,7.03
2009-08-28,7.15,7.20,7.11,7.16,220200,7.16
2009-08-27,7.09,7.16,6.97,7.13,371300,7.13
2009-08-26,7.05,7.10,7.05,7.10,399500,7.10
2009-08-25,7.23,7.25,7.07,7.11,322500,7.11
2009-08-24,7.25,7.26,7.18,7.23,209600,7.23
2009-08-21,7.14,7.23,7.14,7.15,295900,7.15
2009-08-20,7.11,7.17,7.07,7.07,256600,7.07
2009-08-19,6.92,7.18,6.92,7.17,187900,7.17
2009-08-18,6.88,7.06,6.87,7.01,179200,7.01
2009-08-17,6.97,6.98,6.83,6.97,380800,6.97
2009-08-14,7.30,7.30,7.07,7.11,228100,7.11
2009-08-13,7.37,7.40,7.29,7.34,1894100,7.34
2009-08-12,7.15,7.29,7.15,7.28,217200,7.28
2009-08-11,7.27,7.27,7.15,7.18,237600,7.18
2009-08-10,7.28,7.34,7.23,7.29,284000,7.29
2009-08-07,7.33,7.38,7.24,7.26,280400,7.26
2009-08-06,7.41,7.43,7.28,7.33,331700,7.33
2009-08-05,7.45,7.46,7.35,7.46,873500,7.46
2009-08-04,7.36,7.43,7.31,7.40,313000,7.40
2009-08-03,7.30,7.40,7.20,7.39,523400,7.39
2009-07-31,6.97,7.15,6.93,7.13,156400,7.13
2009-07-30,6.88,7.01,6.82,6.95,334100,6.95
2009-07-29,6.87,6.87,6.69,6.72,252800,6.72
2009-07-28,6.98,6.99,6.87,6.95,301800,6.95
2009-07-27,6.97,7.02,6.95,7.02,391200,7.02
2009-07-24,6.92,7.00,6.92,6.97,237000,6.97
2009-07-23,6.83,6.98,6.81,6.97,366800,6.97
2009-07-22,6.80,6.85,6.72,6.83,233800,6.83
2009-07-21,6.91,6.94,6.75,6.83,250300,6.83
2009-07-20,6.83,6.88,6.78,6.87,358600,6.87
2009-07-17,6.72,6.81,6.71,6.78,325300,6.78
2009-07-16,6.68,6.68,6.59,6.66,397800,6.66
2009-07-15,6.61,6.66,6.60,6.66,386200,6.66
2009-07-14,6.60,6.60,6.47,6.50,401200,6.50
2009-07-13,6.37,6.47,6.32,6.43,397000,6.43
2009-07-10,6.42,6.43,6.33,6.40,222800,6.40
2009-07-09,6.50,6.50,6.39,6.48,256300,6.48
2009-07-08,6.50,6.52,6.35,6.39,1456900,6.39
2009-07-07,6.75,6.84,6.54,6.57,685800,6.57
2009-07-06,6.80,6.80,6.62,6.68,285300,6.68
2009-07-02,6.83,6.91,6.80,6.86,290400,6.86
2009-07-01,7.04,7.12,6.97,7.02,362800,7.02
2009-06-30,7.16,7.16,6.86,6.99,384200,6.99
2009-06-29,7.15,7.19,7.05,7.12,244200,7.12
2009-06-26,7.58,7.58,6.98,7.05,255100,7.05
2009-06-25,7.06,7.12,7.01,7.11,225000,7.11
2009-06-24,6.78,7.10,6.78,7.00,312300,7.00
2009-06-23,6.90,7.02,6.84,7.00,289600,7.00
2009-06-22,6.92,6.99,6.82,6.84,569800,6.84
2009-06-19,7.26,7.26,7.07,7.11,444100,7.11
2009-06-18,7.30,7.30,7.16,7.21,327800,7.21
2009-06-17,7.20,7.23,7.06,7.22,448200,7.22
2009-06-16,7.33,7.33,7.13,7.19,354300,7.19
2009-06-15,7.30,7.31,7.13,7.21,613800,7.21
2009-06-12,7.37,7.46,7.34,7.38,390900,7.38
2009-06-11,7.42,7.53,7.39,7.49,624900,7.49
2009-06-10,7.50,7.50,7.30,7.36,579300,7.36
2009-06-09,7.28,7.36,7.23,7.35,893800,7.35
2009-06-08,7.38,7.38,7.15,7.22,480000,7.22
2009-06-05,7.40,7.40,7.18,7.21,659300,7.21
2009-06-04,6.99,7.35,6.99,7.33,1265800,7.33
2009-06-03,7.27,7.30,7.00,7.09,788200,7.09
2009-06-02,7.40,7.40,7.20,7.30,869400,7.30
2009-06-01,7.24,7.37,7.19,7.36,906600,7.36
2009-05-29,7.21,7.21,7.02,7.10,1014300,7.10
2009-05-28,6.88,6.98,6.83,6.95,673400,6.95
2009-05-27,6.84,6.85,6.77,6.83,560800,6.83
2009-05-26,6.72,6.80,6.62,6.79,460700,6.79
2009-05-22,6.74,6.80,6.67,6.77,422000,6.77
2009-05-21,6.70,6.72,6.61,6.69,602800,6.69
2009-05-20,6.96,6.96,6.72,6.78,746800,6.78
2009-05-19,6.74,6.93,6.61,6.74,423100,6.74
2009-05-18,6.69,6.94,6.52,6.69,343800,6.69
2009-05-15,6.66,6.76,6.52,6.54,255800,6.54
2009-05-14,6.71,6.84,6.65,6.72,381400,6.72
2009-05-13,6.81,6.83,6.72,6.75,364600,6.75
2009-05-12,6.84,6.90,6.72,6.84,670800,6.84
2009-05-11,6.70,6.78,6.62,6.65,400000,6.65
2009-05-08,6.83,6.86,6.68,6.83,920000,6.83
2009-05-07,6.74,6.76,6.55,6.70,865100,6.70
2009-05-06,6.53,6.62,6.46,6.55,478800,6.55
2009-05-05,6.44,6.46,6.38,6.43,405300,6.43
2009-05-04,6.37,6.47,6.34,6.42,429600,6.42
2009-05-01,6.13,6.34,6.11,6.31,822100,6.31
2009-04-30,6.04,6.15,6.01,6.06,270900,6.06
2009-04-29,6.00,6.08,5.96,6.06,325600,6.06
2009-04-28,5.88,5.95,5.87,5.93,246400,5.93
2009-04-27,5.96,6.05,5.87,5.94,434900,5.94
2009-04-24,6.08,6.16,6.07,6.15,330800,6.15
2009-04-23,6.03,6.05,5.96,6.02,374400,6.02
2009-04-22,5.98,6.01,5.93,5.95,266800,5.95
2009-04-21,5.87,6.03,5.82,6.00,457600,6.00
2009-04-20,6.07,6.07,5.92,5.94,477100,5.94
2009-04-17,6.24,6.26,6.19,6.24,230100,6.24
2009-04-16,6.26,6.26,6.18,6.18,209100,6.18
2009-04-15,6.04,6.25,6.04,6.23,197800,6.23
2009-04-14,6.23,6.28,6.16,6.20,317700,6.20
2009-04-13,6.34,6.37,6.12,6.18,353700,6.18
2009-04-09,6.31,6.31,6.20,6.27,337400,6.27
2009-04-08,6.01,6.24,6.01,6.11,303400,6.11
2009-04-07,6.07,6.19,6.07,6.10,126900,6.10
2009-04-06,6.24,6.25,6.07,6.20,228400,6.20
2009-04-03,6.05,6.37,6.02,6.22,305700,6.22
2009-04-02,6.10,6.22,6.09,6.15,280900,6.15
2009-04-01,6.09,6.09,5.85,5.96,218000,5.96
2009-03-31,6.16,6.16,5.88,6.03,235800,6.03
2009-03-30,6.10,6.10,5.85,5.89,335000,5.89
2009-03-27,6.26,6.26,6.02,6.10,360400,6.10
2009-03-26,6.25,6.32,6.18,6.25,491700,6.25
2009-03-25,6.24,6.24,6.08,6.14,351300,6.14
2009-03-24,6.21,6.28,6.12,6.23,535600,6.23
2009-03-23,6.24,6.31,6.16,6.30,977800,6.30
2009-03-20,6.15,6.17,6.04,6.16,264300,6.16
2009-03-19,6.12,6.19,6.03,6.12,532300,6.12
2009-03-18,5.92,6.00,5.72,5.99,172800,5.99
2009-03-17,5.84,5.90,5.80,5.89,182600,5.89
2009-03-16,5.71,5.87,5.61,5.80,500800,5.80
2009-03-13,5.88,5.90,5.65,5.87,294500,5.87
2009-03-12,5.50,5.75,5.50,5.75,328500,5.75
2009-03-11,5.70,5.76,5.48,5.50,394900,5.50
2009-03-10,5.88,5.88,5.64,5.68,225800,5.68
2009-03-09,5.69,5.79,5.65,5.65,286900,5.65
2009-03-06,5.75,5.75,5.59,5.69,152500,5.69
2009-03-05,5.72,5.72,5.55,5.59,168900,5.59
2009-03-04,5.58,5.92,5.58,5.71,264200,5.71
2009-03-03,5.40,5.49,5.35,5.44,161300,5.44
2009-03-02,5.51,5.51,5.32,5.32,201700,5.32
2009-02-27,5.76,5.76,5.53,5.67,77700,5.67
2009-02-26,5.65,5.78,5.61,5.67,131700,5.67
2009-02-25,5.50,5.60,5.37,5.58,86400,5.58
2009-02-24,5.32,5.51,5.26,5.40,600500,5.40
2009-02-23,5.52,5.52,5.31,5.32,224200,5.32
2009-02-20,5.55,5.55,5.27,5.39,124400,5.39
2009-02-19,5.44,5.50,5.31,5.46,180300,5.46
2009-02-18,5.73,5.73,5.30,5.30,184900,5.30
2009-02-17,5.60,5.70,5.42,5.44,278700,5.44
2009-02-13,5.69,5.92,5.69,5.73,520900,5.73
2009-02-12,5.75,5.80,5.70,5.80,158700,5.80
2009-02-11,5.88,6.08,5.75,5.81,175000,5.81
2009-02-10,6.14,6.14,5.84,5.88,198700,5.88
2009-02-09,6.11,6.12,5.97,6.02,294000,6.02
2009-02-06,5.94,6.06,5.85,6.00,171900,6.00
2009-02-05,5.95,5.99,5.80,5.96,238200,5.96
2009-02-04,5.83,5.91,5.80,5.85,143800,5.85
2009-02-03,6.03,6.03,5.80,5.83,90800,5.83
2009-02-02,5.90,5.90,5.80,5.83,180400,5.83
2009-01-30,6.00,6.00,5.89,5.95,76000,5.95
2009-01-29,5.96,5.96,5.81,5.96,532400,5.96
2009-01-28,6.00,6.08,5.88,6.00,493200,6.00
2009-01-27,6.19,6.19,5.91,5.95,201600,5.95
2009-01-26,6.35,6.35,6.15,6.23,495400,6.23
2009-01-23,5.93,6.24,5.81,6.24,180400,6.24
2009-01-22,6.08,6.08,5.80,5.95,464900,5.95
2009-01-21,6.11,6.16,5.77,6.08,225200,6.08
2009-01-20,6.00,6.02,5.81,5.86,606400,5.86
2009-01-16,6.01,6.38,5.96,6.00,127300,6.00
2009-01-15,6.43,6.43,5.82,5.94,121600,5.94
2009-01-14,6.06,6.06,5.82,6.03,168700,6.03
2009-01-13,5.95,6.33,5.95,6.09,291000,6.09
2009-01-12,6.15,6.15,5.98,6.01,272900,6.01
2009-01-09,6.35,6.35,6.14,6.29,122600,6.29
2009-01-08,6.30,6.34,6.18,6.30,155900,6.30
2009-01-07,6.88,6.88,6.30,6.33,290300,6.33
2009-01-06,6.64,6.76,6.56,6.70,591600,6.70
2009-01-05,6.37,6.55,6.30,6.54,221000,6.54
2009-01-02,6.22,6.45,6.20,6.44,187200,6.44
2008-12-31,5.99,6.29,5.73,6.20,420700,6.20
2008-12-30,5.94,5.94,5.75,5.93,898300,5.93
2008-12-29,6.00,6.00,5.77,5.89,408800,5.89
2008-12-26,5.69,5.83,5.50,5.82,154800,5.82
2008-12-24,5.72,5.75,5.64,5.74,195200,5.74
2008-12-23,5.84,5.85,5.68,5.79,250100,5.79
2008-12-22,5.97,5.97,5.80,5.84,247800,5.84
2008-12-19,5.92,6.20,5.87,5.97,351900,5.97
2008-12-18,6.10,6.10,5.94,5.97,346800,5.97
2008-12-17,6.26,6.43,6.06,6.15,986800,6.15
2008-12-16,6.20,6.24,6.05,6.23,235800,6.23
2008-12-15,6.34,6.43,6.05,6.15,337400,6.15
2008-12-12,6.00,6.32,5.96,6.21,211600,6.21
2008-12-11,6.10,6.37,6.07,6.21,485600,6.21
2008-12-10,6.05,6.10,5.86,6.02,222200,6.02
2008-12-09,5.96,6.01,5.77,5.85,476900,5.85
2008-12-08,5.89,6.05,5.85,6.03,507100,6.03
2008-12-05,5.87,5.87,5.55,5.68,475000,5.68
2008-12-04,6.11,6.15,5.85,5.94,198300,5.94
2008-12-03,6.92,6.92,6.05,6.15,233900,6.15
2008-12-02,6.68,6.68,6.15,6.41,211800,6.41
2008-12-01,6.54,6.54,6.31,6.34,367300,6.34
2008-11-28,6.70,6.80,6.58,6.65,288600,6.65
2008-11-26,6.32,6.85,6.32,6.85,749200,6.85
2008-11-25,6.71,6.71,6.32,6.58,162500,6.58
2008-11-24,6.46,6.78,6.40,6.75,127100,6.75
2008-11-21,6.20,6.40,6.20,6.38,216200,6.38
2008-11-20,6.28,6.54,6.20,6.20,306800,6.20
2008-11-19,6.68,6.80,6.62,6.62,43200,6.62
2008-11-18,6.70,6.83,6.65,6.66,73700,6.66
2008-11-17,6.56,6.94,6.56,6.78,32900,6.78
2008-11-14,6.99,6.99,6.83,6.97,83900,6.97
2008-11-13,6.34,7.02,6.27,6.95,165600,6.95
2008-11-12,6.98,6.99,6.81,6.85,110700,6.85
2008-11-11,7.42,7.42,6.89,6.89,115800,6.89
2008-11-10,7.41,7.79,7.15,7.34,181200,7.34
2008-11-07,7.21,7.26,7.00,7.24,162300,7.24
2008-11-06,7.48,7.48,7.12,7.26,294000,7.26
2008-11-05,7.77,7.90,7.50,7.54,181800,7.54
2008-11-04,7.71,8.05,7.56,7.90,640400,7.90
2008-11-03,7.49,7.55,7.34,7.46,57400,7.46
2008-10-31,7.33,7.64,7.29,7.61,117300,7.61
2008-10-30,7.81,7.85,7.38,7.53,93400,7.53
2008-10-29,7.99,7.99,7.48,7.71,192400,7.71
2008-10-28,7.39,7.48,7.22,7.40,112900,7.40
2008-10-27,7.18,7.39,7.00,7.19,181900,7.19
2008-10-24,7.06,7.73,7.00,7.73,123200,7.73
2008-10-23,7.38,7.60,7.35,7.46,107100,7.46
2008-10-22,7.56,7.66,7.36,7.39,105100,7.39
2008-10-21,7.93,8.57,7.68,7.78,82900,7.78
2008-10-20,8.13,8.13,7.86,8.04,55800,8.04
2008-10-17,7.71,8.05,7.70,7.93,57200,7.93
2008-10-16,7.90,7.96,7.55,7.80,122200,7.80
2008-10-15,8.14,8.26,7.98,7.99,128900,7.99
2008-10-14,8.79,8.81,8.37,8.46,68900,8.46
2008-10-13,8.48,8.59,8.39,8.55,374600,8.55
2008-10-10,8.09,8.40,8.00,8.18,254800,8.18
2008-10-09,9.00,9.00,8.00,8.67,203400,8.67
2008-10-08,8.84,9.01,8.77,8.94,193500,8.94
2008-10-07,9.05,9.13,8.90,8.95,409300,8.95
2008-10-06,8.85,9.24,8.75,8.78,646100,8.78
2008-10-03,9.55,9.60,9.35,9.35,400300,9.35
2008-10-02,9.68,9.80,9.40,9.40,98400,9.40
2008-10-01,10.05,10.05,9.83,9.94,102500,9.94
2008-09-30,9.51,10.09,9.51,10.05,146200,10.05
2008-09-29,10.34,10.34,9.75,9.94,233600,9.94
2008-09-26,10.61,10.72,10.53,10.71,154600,10.71
2008-09-25,10.68,10.88,10.67,10.79,110300,10.79
2008-09-24,10.81,10.95,10.66,10.72,83800,10.72
2008-09-23,11.07,11.07,10.70,10.81,459500,10.81
2008-09-22,10.89,11.13,10.71,11.04,674300,11.04
2008-09-19,10.62,10.75,10.27,10.50,140900,10.50
2008-09-18,10.41,10.49,10.06,10.10,255100,10.10
2008-09-17,9.94,10.22,9.86,10.18,112100,10.18
2008-09-16,9.98,10.00,9.78,9.85,306700,9.85
2008-09-15,10.27,10.36,9.85,10.16,154200,10.16
2008-09-12,10.59,10.60,10.49,10.50,67300,10.50
2008-09-11,10.51,10.51,10.33,10.38,221900,10.38
2008-09-10,10.57,10.65,10.40,10.47,248000,10.47
2008-09-09,10.76,10.76,10.51,10.51,155500,10.51
2008-09-08,11.00,11.00,10.75,10.82,106800,10.82
2008-09-05,11.00,11.03,10.79,10.83,120700,10.83
2008-09-04,11.16,11.23,11.02,11.06,90500,11.06
2008-09-03,11.12,11.17,11.03,11.15,100100,11.15
2008-09-02,11.01,11.25,11.00,11.23,86200,11.23
2008-08-29,11.25,11.79,11.25,11.63,55100,11.63
2008-08-28,11.98,11.98,11.60,11.65,59600,11.65
2008-08-27,11.98,11.98,11.82,11.89,54500,11.89
2008-08-26,11.72,12.27,11.70,11.76,77400,11.76
2008-08-25,11.82,11.84,11.69,11.74,158600,11.74
2008-08-22,12.07,12.07,11.75,11.76,122900,11.76
2008-08-21,12.12,12.25,11.93,12.18,125000,12.18
2008-08-20,11.69,11.73,11.47,11.66,144100,11.66
2008-08-19,11.38,11.73,11.35,11.60,191600,11.60
2008-08-18,11.44,11.53,11.36,11.48,143800,11.48
2008-08-15,11.59,11.59,11.23,11.33,194400,11.33
2008-08-14,11.91,11.91,11.44,11.60,115700,11.60
2008-08-13,11.29,11.76,11.29,11.74,88500,11.74
2008-08-12,11.36,11.48,11.29,11.35,195600,11.35
2008-08-11,11.50,11.54,11.37,11.43,186000,11.43
2008-08-08,11.54,11.80,10.70,11.46,482000,11.46
2008-08-07,11.67,12.01,11.67,11.92,106700,11.92
2008-08-06,11.26,11.95,11.00,11.77,263900,11.77
2008-08-05,11.88,12.00,11.82,11.83,238000,11.83
2008-08-04,12.22,12.37,11.95,11.97,152900,11.97
2008-08-01,12.60,12.61,12.25,12.43,59800,12.43
2008-07-31,12.75,12.75,12.43,12.50,78700,12.50
2008-07-30,12.43,12.60,12.00,12.58,57800,12.58
2008-07-29,12.73,12.73,12.24,12.37,146400,12.37
2008-07-28,12.57,12.57,12.43,12.50,55400,12.50
2008-07-25,12.45,12.49,12.33,12.42,122800,12.42
2008-07-24,12.23,12.54,12.23,12.50,146800,12.50
2008-07-23,12.60,12.70,12.44,12.49,308600,12.49
2008-07-22,12.90,12.93,12.60,12.73,168100,12.73
2008-07-21,12.80,12.95,12.80,12.95,187900,12.95
2008-07-18,12.93,13.03,12.80,12.82,201300,12.82
2008-07-17,13.01,13.40,12.82,13.00,248900,13.00
2008-07-16,13.45,13.45,13.06,13.28,299300,13.28
2008-07-15,13.87,13.88,13.33,13.46,226300,13.46
2008-07-14,13.89,13.90,13.78,13.82,83300,13.82
2008-07-11,13.59,14.10,13.59,13.94,133400,13.94
2008-07-10,13.60,13.75,13.51,13.70,151600,13.70
2008-07-09,13.47,13.49,13.32,13.37,153800,13.37
2008-07-08,13.89,13.89,13.00,13.33,572200,13.33
2008-07-07,13.80,13.80,13.56,13.59,467400,13.59
2008-07-03,14.08,14.08,13.96,13.99,72700,13.99
2008-07-02,13.85,14.11,13.84,14.11,230200,14.11
2008-07-01,13.98,14.00,13.88,13.93,116200,13.93
2008-06-30,14.03,14.03,13.74,13.84,224900,13.84
2008-06-27,14.33,14.33,13.88,13.93,220900,13.93
2008-06-26,13.79,13.96,13.70,13.94,292300,13.94
2008-06-25,13.60,13.60,13.36,13.57,220100,13.57
2008-06-24,13.62,13.67,13.55,13.61,161200,13.61
2008-06-23,13.56,13.68,13.48,13.65,145100,13.65
2008-06-20,13.55,13.74,13.55,13.63,160200,13.63
2008-06-19,13.76,13.76,13.39,13.49,195400,13.49
2008-06-18,13.66,13.76,13.50,13.75,158400,13.75
2008-06-17,13.48,13.59,13.43,13.56,198000,13.56
2008-06-16,13.70,13.77,13.45,13.51,181300,13.51
2008-06-13,13.58,13.58,13.31,13.48,94700,13.48
2008-06-12,13.18,13.47,13.18,13.46,189900,13.46
2008-06-11,13.24,13.54,13.17,13.51,169200,13.51
2008-06-10,13.22,13.26,13.00,13.03,146600,13.03
2008-06-09,13.32,13.34,13.09,13.17,155500,13.17
2008-06-06,13.21,13.40,13.12,13.36,247900,13.36
2008-06-05,12.41,12.87,12.41,12.87,136000,12.87
2008-06-04,12.55,12.59,12.43,12.48,123700,12.48
2008-06-03,12.66,12.75,12.54,12.60,134600,12.60
2008-06-02,12.60,12.88,12.60,12.82,205900,12.82
2008-05-30,12.67,12.75,12.55,12.74,123700,12.74
2008-05-29,12.80,12.98,12.54,12.59,174300,12.59
2008-05-28,12.79,13.00,12.71,12.98,92500,12.98
2008-05-27,13.23,13.23,12.83,12.85,137000,12.85
2008-05-23,13.16,13.17,12.99,13.11,99100,13.11
2008-05-22,13.25,13.26,12.95,12.98,192800,12.98
2008-05-21,13.03,13.24,13.00,13.23,141800,13.23
2008-05-20,12.99,13.02,12.92,12.98,91600,12.98
2008-05-19,13.00,13.00,12.78,12.86,89000,12.86
2008-05-16,12.71,12.98,12.71,12.94,142200,12.94
2008-05-15,12.61,12.85,12.60,12.75,102200,12.75
2008-05-14,13.09,13.09,12.68,12.74,145000,12.74
2008-05-13,12.92,12.93,12.75,12.89,103000,12.89
2008-05-12,13.06,13.06,12.82,12.84,85800,12.84
2008-05-09,12.89,12.99,12.78,12.93,282100,12.93
2008-05-08,12.75,12.80,12.52,12.79,313600,12.79
2008-05-07,12.70,12.70,12.50,12.70,87700,12.70
2008-05-06,12.58,12.80,12.49,12.66,322700,12.66
2008-05-05,12.65,12.67,12.40,12.51,102600,12.51
2008-05-02,11.93,12.28,11.93,12.28,114200,12.28
2008-05-01,12.32,12.32,11.90,11.92,339300,11.92
2008-04-30,12.31,12.41,12.04,12.26,406500,12.26
2008-04-29,12.51,12.51,12.28,12.28,259600,12.28
2008-04-28,12.69,12.69,12.51,12.59,111100,12.59
2008-04-25,12.57,12.63,12.47,12.53,95400,12.53
2008-04-24,12.39,12.55,12.30,12.42,122200,12.42
2008-04-23,12.66,12.67,12.51,12.61,234500,12.61
2008-04-22,12.59,12.74,12.50,12.69,71800,12.69
2008-04-21,12.51,12.62,12.37,12.55,134600,12.55
2008-04-18,12.72,12.72,12.41,12.65,83700,12.65
2008-04-17,12.68,12.70,12.54,12.61,191200,12.61
2008-04-16,12.64,12.67,12.15,12.66,293500,12.66
2008-04-15,12.53,12.56,12.43,12.53,422900,12.53
2008-04-14,12.34,12.39,12.25,12.39,90900,12.39
2008-04-11,12.34,12.36,12.21,12.32,65700,12.32
2008-04-10,12.49,12.49,12.25,12.36,106900,12.36
2008-04-09,12.20,12.47,12.11,12.40,268600,12.40
2008-04-08,12.08,12.18,12.07,12.16,90400,12.16
2008-04-07,12.21,12.29,12.14,12.22,194700,12.22
2008-04-04,11.84,12.09,11.84,12.09,123700,12.09
2008-04-03,11.91,11.99,11.84,11.93,95600,11.93
2008-04-02,11.50,11.95,11.50,11.94,89100,11.94
2008-04-01,11.49,11.74,11.42,11.56,189100,11.56
2008-03-31,11.92,12.07,11.59,11.71,211900,11.71
2008-03-28,12.01,12.06,11.90,11.98,122600,11.98
2008-03-27,12.20,12.23,12.06,12.19,89700,12.19
2008-03-26,12.15,12.15,11.97,12.11,176000,12.11
2008-03-25,11.78,11.92,11.71,11.92,98500,11.92
2008-03-24,11.46,11.78,11.46,11.66,331900,11.66
2008-03-20,11.29,11.69,10.98,11.57,582000,11.57
2008-03-19,12.52,12.52,11.68,11.71,547400,11.71
2008-03-18,12.03,12.42,12.03,12.26,251500,12.26
2008-03-17,12.32,12.39,11.89,12.07,415500,12.07
2008-03-14,12.77,12.82,12.56,12.62,241600,12.62
2008-03-13,12.78,12.84,12.65,12.76,283000,12.76
2008-03-12,12.64,12.73,12.47,12.72,168000,12.72
2008-03-11,12.60,12.64,12.40,12.59,185700,12.59
2008-03-10,12.24,12.47,12.05,12.43,263300,12.43
2008-03-07,12.44,12.45,12.25,12.35,275700,12.35
2008-03-06,12.65,12.65,12.37,12.53,281200,12.53
2008-03-05,12.28,12.67,12.28,12.63,285000,12.63
2008-03-04,12.70,12.71,12.20,12.31,468900,12.31
2008-03-03,12.63,12.65,12.48,12.58,610800,12.58
2008-02-29,12.49,12.54,12.36,12.37,231200,12.37
2008-02-28,12.35,12.50,12.28,12.48,362500,12.48
2008-02-27,12.24,12.41,12.14,12.29,321400,12.29
2008-02-26,12.10,12.33,12.00,12.32,352300,12.32
2008-02-25,12.92,12.92,11.92,12.09,367200,12.09
2008-02-22,11.92,12.55,11.81,11.96,437800,11.96
2008-02-21,11.93,11.96,11.79,11.83,278000,11.83
2008-02-20,11.82,11.91,11.71,11.86,228400,11.86
2008-02-19,11.80,11.85,11.71,11.83,164900,11.83
2008-02-15,11.65,11.65,11.44,11.51,91200,11.51
2008-02-14,11.44,11.51,11.37,11.51,135700,11.51
2008-02-13,11.24,11.31,11.19,11.28,74100,11.28
2008-02-12,11.40,11.40,11.20,11.26,112800,11.26
2008-02-11,11.40,11.41,11.26,11.37,205600,11.37
2008-02-08,11.18,11.33,11.10,11.30,102200,11.30
2008-02-07,10.93,11.01,10.84,11.01,24400,11.01
2008-02-06,10.89,11.01,10.82,10.89,155200,10.89
2008-02-05,10.87,10.93,10.82,10.89,65500,10.89
2008-02-04,10.86,11.03,10.85,11.02,152900,11.02
2008-02-01,11.02,11.02,10.85,10.89,154500,10.89
2008-01-31,10.97,11.04,10.84,11.02,76900,11.02
2008-01-30,11.00,11.00,10.92,10.98,173000,10.98
2008-01-29,10.98,10.99,10.93,10.98,81800,10.98
2008-01-28,10.74,10.90,10.67,10.90,99600,10.90
2008-01-25,10.81,10.82,10.70,10.80,51800,10.80
2008-01-24,10.56,10.66,10.50,10.65,51000,10.65
2008-01-23,10.53,10.58,10.33,10.45,260400,10.45
2008-01-22,10.35,10.71,10.20,10.64,218000,10.64
2008-01-18,10.81,10.81,10.70,10.70,101600,10.70
2008-01-17,10.80,10.88,10.70,10.70,151000,10.70
2008-01-16,10.85,10.85,10.61,10.76,159300,10.76
2008-01-15,11.01,11.01,10.84,10.93,181500,10.93
2008-01-14,11.07,11.11,11.00,11.11,266700,11.11
2008-01-11,10.86,15.00,10.75,10.87,174700,10.87
2008-01-10,10.85,10.89,10.75,10.84,179900,10.84
2008-01-09,11.00,11.07,10.91,10.94,157800,10.94
2008-01-08,11.05,11.09,10.97,11.02,232300,11.02
2008-01-07,10.97,11.01,10.80,10.85,159100,10.85
2008-01-04,11.13,11.19,10.90,11.03,190200,11.03
2008-01-03,11.16,11.16,11.05,11.14,328800,11.14
2008-01-02,10.94,11.04,10.86,11.04,191400,11.04
2007-12-31,10.76,10.77,10.65,10.77,216300,10.77
2007-12-28,10.86,10.86,10.71,10.73,88300,10.73
2007-12-27,10.79,10.84,10.75,10.81,195800,10.81
2007-12-26,10.98,10.98,10.57,10.80,149700,10.80
2007-12-24,10.49,10.85,10.49,10.63,136100,10.63
2007-12-21,10.55,10.65,10.54,10.63,102900,10.63
2007-12-20,10.52,10.55,10.45,10.49,62400,10.49
2007-12-19,10.46,10.55,10.42,10.51,62500,10.51
2007-12-18,10.53,10.54,10.31,10.39,79700,10.39
2007-12-17,10.46,10.50,10.39,10.44,86200,10.44
2007-12-14,10.49,10.49,10.41,10.49,52700,10.49
2007-12-13,10.58,10.58,10.48,10.49,92600,10.49
2007-12-12,10.39,10.64,10.38,10.60,79600,10.60
2007-12-11,10.26,10.39,10.26,10.31,70000,10.31
2007-12-10,10.32,10.35,10.22,10.27,123900,10.27
2007-12-07,10.22,10.27,10.19,10.27,47800,10.27
2007-12-06,10.12,10.31,10.11,10.29,94900,10.29
2007-12-05,10.24,10.27,10.14,10.16,95700,10.16
2007-12-04,10.17,10.22,10.13,10.21,119100,10.21
2007-12-03,10.15,10.24,10.10,10.24,185300,10.24
2007-11-30,10.27,10.34,10.20,10.23,87000,10.23
2007-11-29,10.38,10.47,10.33,10.35,83800,10.35
2007-11-28,10.47,10.47,10.31,10.36,148500,10.36
2007-11-27,10.49,10.50,10.42,10.47,251400,10.47
2007-11-26,10.65,10.67,10.56,10.60,248600,10.60
2007-11-23,10.56,10.64,10.56,10.64,28400,10.64
2007-11-21,10.55,10.56,10.47,10.51,97300,10.51
2007-11-20,10.41,10.58,10.39,10.58,65700,10.58
2007-11-19,10.43,10.43,10.30,10.36,64200,10.36
2007-11-16,10.42,10.42,10.37,10.41,17600,10.41
2007-11-15,10.36,10.37,10.29,10.33,62500,10.33
2007-11-14,10.39,10.46,10.39,10.42,55400,10.42
2007-11-13,10.41,10.42,10.22,10.28,44700,10.28
2007-11-12,10.41,10.43,10.36,10.36,45300,10.36
2007-11-09,10.49,10.61,10.49,10.60,44100,10.60
2007-11-08,10.68,10.69,10.54,10.58,74100,10.58
2007-11-07,10.72,10.73,10.56,10.60,212500,10.60
2007-11-06,10.59,10.68,10.59,10.65,149400,10.65
2007-11-05,10.44,10.53,10.42,10.46,84300,10.46
2007-11-02,10.43,10.54,10.43,10.54,46400,10.54
2007-11-01,10.50,10.50,10.35,10.37,42500,10.37
2007-10-31,10.34,10.52,10.33,10.49,109700,10.49
2007-10-30,10.44,10.44,10.26,10.28,63000,10.28
2007-10-29,10.40,10.49,10.37,10.49,12200,10.49
2007-10-26,10.31,10.33,10.31,10.33,3000,10.33
2007-10-25,10.09,10.23,10.09,10.23,7600,10.23
2007-10-24,10.08,10.08,10.08,10.08,000,10.08
2007-10-23,10.08,10.08,10.08,10.08,400,10.08
2007-10-22,9.97,9.97,9.95,9.96,700,9.96
2007-10-19,10.12,10.12,10.12,10.12,1000,10.12
