Date,Open,High,Low,Close,Volume,Adj Close
2012-05-04,78.94,78.94,78.94,78.94,000,78.94
2012-05-03,78.89,78.94,78.89,78.94,6100,78.94
2012-05-02,78.94,78.94,78.94,78.94,900,78.94
2012-05-01,79.32,79.32,78.51,78.51,1500,78.51
2012-04-30,79.09,79.20,78.96,79.06,5800,79.06
2012-04-27,78.48,78.74,78.48,78.74,1100,78.74
2012-04-26,78.55,78.55,78.30,78.44,500,78.44
2012-04-25,77.52,77.83,77.41,77.68,1900,77.68
2012-04-24,78.37,78.37,78.05,78.05,1500,78.05
2012-04-23,78.92,78.92,78.55,78.57,4000,78.57
2012-04-20,77.69,78.04,77.64,78.02,2300,78.02
2012-04-19,78.26,78.26,78.15,78.23,1500,78.23
2012-04-18,77.84,77.84,77.84,77.84,500,77.84
2012-04-17,77.28,77.46,77.28,77.44,500,77.44
2012-04-16,77.75,78.31,77.64,77.87,2200,77.87
2012-04-13,77.69,77.69,77.43,77.44,7400,77.44
2012-04-12,77.11,77.11,76.44,76.44,400,76.44
2012-04-11,76.80,76.97,76.61,76.97,1500,76.97
2012-04-10,76.80,77.82,76.80,77.57,4300,77.57
2012-04-09,76.86,77.03,76.53,76.58,2500,76.58
2012-04-05,74.26,74.26,73.92,74.26,12100,74.26
2012-04-04,72.37,72.37,72.37,72.37,000,72.37
2012-04-03,74.40,74.66,72.21,72.37,2400,72.37
2012-04-02,73.97,73.97,73.97,73.97,200,73.97
2012-03-30,74.35,74.56,73.32,73.33,1300,73.33
2012-03-29,74.45,74.58,74.21,74.36,2500,74.36
2012-03-28,73.60,74.31,73.59,73.71,1300,73.71
2012-03-27,73.75,73.75,73.68,73.72,400,73.72
2012-03-26,72.30,73.00,72.17,72.76,2000,72.76
2012-03-23,73.00,73.17,73.00,73.17,200,73.17
2012-03-22,72.70,72.70,72.25,72.32,1400,72.32
2012-03-21,71.45,72.05,71.45,71.88,800,71.88
2012-03-20,71.20,71.20,70.75,70.95,4200,70.95
2012-03-19,71.50,71.50,70.91,70.94,300,70.94
2012-03-16,71.40,72.13,71.40,72.00,2300,72.00
2012-03-15,72.39,72.57,71.98,72.25,2700,72.25
2012-03-14,72.90,72.90,72.22,72.35,6600,72.35
2012-03-13,75.89,75.90,74.76,74.76,10800,74.76
2012-03-12,76.93,76.93,76.34,76.34,6700,76.34
2012-03-09,76.41,76.63,76.21,76.63,6700,76.63
2012-03-08,77.24,77.47,76.66,76.66,7400,76.66
2012-03-07,77.51,77.72,77.41,77.41,15700,77.41
2012-03-06,77.81,78.02,77.73,77.73,8400,77.73
2012-03-05,77.14,77.30,76.85,76.85,8900,76.85
2012-03-02,76.82,77.25,76.82,77.25,1000,77.25
2012-03-01,76.05,76.36,75.80,76.36,8400,76.36
2012-02-29,78.00,78.00,76.89,77.22,21800,77.22
2012-02-28,78.47,78.54,78.01,78.01,3500,78.01
2012-02-27,78.23,78.23,78.07,78.07,2900,78.07
2012-02-24,77.21,77.25,77.13,77.13,1600,77.13
2012-02-23,76.55,77.16,76.26,76.99,1800,76.99
2012-02-22,76.23,76.86,76.14,76.70,4400,76.70
2012-02-21,76.11,76.14,75.51,75.88,9000,75.88
2012-02-17,76.30,76.77,76.25,76.77,2500,76.77
2012-02-16,77.42,77.63,76.87,76.87,45100,76.87
2012-02-15,78.24,78.24,77.87,77.94,500,77.94
2012-02-14,77.58,78.10,77.58,77.74,2400,77.74
2012-02-13,77.54,77.59,77.32,77.32,400,77.32
2012-02-10,77.14,77.65,77.07,77.44,9000,77.44
2012-02-09,76.35,76.35,75.98,76.27,24400,76.27
2012-02-08,76.76,76.76,76.66,76.66,700,76.66
2012-02-07,77.28,77.28,76.59,76.68,6700,76.68
2012-02-06,77.55,78.14,77.55,78.14,3800,78.14
2012-02-03,77.68,77.68,77.30,77.55,2800,77.55
2012-02-02,79.10,79.36,79.03,79.31,1700,79.31
2012-02-01,79.22,79.30,78.99,79.17,2500,79.17
2012-01-31,78.84,79.89,78.84,79.89,3400,79.89
2012-01-30,79.20,79.34,78.93,78.93,2000,78.93
2012-01-27,77.65,78.22,77.65,78.13,5700,78.13
2012-01-26,77.16,77.42,77.16,77.37,3800,77.37
2012-01-25,75.10,77.51,75.10,76.17,19400,76.17
2012-01-24,74.85,75.19,74.57,75.11,2200,75.11
2012-01-23,74.60,74.93,74.55,74.91,3000,74.91
2012-01-20,75.95,76.07,75.44,75.51,15700,75.51
2012-01-19,76.32,76.35,76.21,76.22,2400,76.22
2012-01-18,78.33,78.33,77.51,77.64,1700,77.64
2012-01-17,78.17,78.44,78.06,78.44,6400,78.44
2012-01-13,78.24,78.60,78.11,78.14,6700,78.14
2012-01-12,77.30,77.30,76.86,77.17,2300,77.17
2012-01-11,76.95,77.49,76.90,77.46,5700,77.46
2012-01-10,76.14,76.60,76.14,76.25,3800,76.25
2012-01-09,76.94,77.18,76.62,76.62,6600,76.62
2012-01-06,76.45,76.76,76.43,76.54,5800,76.54
2012-01-05,76.35,76.35,75.75,75.80,2200,75.80
2012-01-04,75.69,75.92,75.58,75.82,18100,75.82
2012-01-03,76.43,77.01,76.33,76.42,1900,76.42
2011-12-30,77.58,78.20,77.55,77.87,36700,77.87
2011-12-29,76.78,77.39,76.59,77.19,21700,77.19
2011-12-28,75.80,77.02,75.80,76.85,6600,76.85
2011-12-27,75.25,75.46,75.24,75.46,2600,75.46
2011-12-23,75.72,75.72,75.07,75.47,27400,75.47
2011-12-22,76.66,76.79,76.25,76.36,4100,76.36
2011-12-21,76.67,76.67,75.97,75.97,1100,75.97
2011-12-20,77.29,77.29,76.80,76.82,8900,76.82
2011-12-19,78.01,78.87,77.90,78.77,20000,78.77
2011-12-16,77.50,78.14,77.49,78.03,4800,78.03
2011-12-15,76.59,76.99,76.48,76.95,3400,76.95
2011-12-14,76.31,77.11,76.31,77.11,4400,77.11
2011-12-13,74.76,76.30,74.52,76.14,5300,76.14
2011-12-12,77.00,77.22,76.72,76.76,14600,76.76
2011-12-09,77.43,77.43,76.15,76.15,5300,76.15
2011-12-08,76.40,77.61,76.40,77.60,3100,77.60
2011-12-07,75.96,76.66,75.77,76.50,10300,76.50
2011-12-06,75.50,75.77,75.48,75.48,1600,75.48
2011-12-05,75.12,76.12,75.12,76.12,2600,76.12
2011-12-02,74.66,76.22,74.66,76.22,10200,76.22
2011-12-01,74.66,75.52,74.51,75.41,9300,75.41
2011-11-30,75.38,75.74,75.17,75.33,22800,75.33
2011-11-29,76.29,76.72,76.16,76.65,1400,76.65
2011-11-28,75.58,77.26,75.58,77.05,16300,77.05
2011-11-25,77.60,77.60,77.10,77.10,5500,77.10
2011-11-23,77.15,78.65,77.09,78.49,99500,78.49
2011-11-22,77.09,77.81,77.06,77.78,2500,77.78
2011-11-21,77.23,77.35,77.01,77.01,6800,77.01
2011-11-18,77.01,77.04,76.34,76.43,18500,76.43
2011-11-17,76.62,77.75,76.38,77.32,17300,77.32
2011-11-16,76.45,76.87,76.45,76.87,4000,76.87
2011-11-15,76.52,76.92,75.93,76.05,20800,76.05
2011-11-14,75.78,76.39,75.78,76.26,3400,76.26
2011-11-11,75.33,75.33,74.77,74.94,4000,74.94
2011-11-10,76.29,76.29,75.54,76.00,5600,76.00
2011-11-09,77.34,77.50,76.35,77.07,22700,77.07
2011-11-08,75.98,76.25,75.05,75.19,8600,75.19
2011-11-07,75.75,76.99,75.61,76.17,24700,76.17
2011-11-04,75.26,75.86,75.24,75.82,2400,75.82
2011-11-03,75.36,75.94,75.05,75.28,16800,75.28
2011-11-02,75.40,76.46,75.38,76.37,19300,76.37
2011-11-01,76.20,76.89,75.48,76.80,111600,76.80
2011-10-31,72.55,74.05,72.55,74.04,35500,74.04
2011-10-28,71.18,71.57,70.82,71.25,23800,71.25
2011-10-27,71.38,71.65,69.81,70.15,19200,70.15
2011-10-26,73.65,73.95,72.78,72.78,46600,72.78
2011-10-25,72.30,74.33,72.30,74.33,14300,74.33
2011-10-24,72.49,72.49,72.29,72.38,8600,72.38
2011-10-21,72.68,72.89,72.19,72.59,18900,72.59
2011-10-20,73.22,73.98,72.89,72.94,37300,72.94
2011-10-19,72.79,73.53,72.79,73.41,20700,73.41
2011-10-18,73.67,74.15,72.89,73.16,7500,73.16
2011-10-17,72.31,73.16,72.31,73.16,3000,73.16
2011-10-14,71.91,72.23,71.86,71.86,1100,71.86
2011-10-13,72.86,73.54,72.74,72.95,36000,72.95
2011-10-12,72.29,72.42,71.29,72.17,15100,72.17
2011-10-11,73.37,73.37,72.75,72.89,15400,72.89
2011-10-10,72.73,72.89,71.43,71.93,17100,71.93
2011-10-07,74.80,75.06,73.80,74.54,46500,74.54
2011-10-06,76.68,76.89,75.62,75.64,33000,75.64
2011-10-05,78.07,78.07,77.34,77.45,3700,77.45
2011-10-04,79.97,80.16,78.33,78.34,27600,78.34
2011-10-03,78.05,79.43,78.03,79.42,17100,79.42
2011-09-30,77.52,77.52,76.52,77.20,13000,77.20
2011-09-29,75.44,76.42,75.35,75.89,9600,75.89
2011-09-28,75.61,75.83,74.01,75.82,16700,75.82
2011-09-27,75.85,76.01,75.40,75.88,15200,75.88
2011-09-26,77.90,78.21,77.28,77.35,27700,77.35
2011-09-23,80.20,80.20,78.47,78.55,4300,78.55
2011-09-22,79.65,80.71,79.64,80.71,12100,80.71
2011-09-21,77.46,78.27,77.03,78.22,6600,78.22
2011-09-20,76.88,77.14,76.72,77.12,2100,77.12
2011-09-19,76.80,77.21,76.62,76.86,8800,76.86
2011-09-16,74.26,75.08,74.11,74.91,8000,74.91
2011-09-15,74.68,74.99,74.41,74.68,23600,74.68
2011-09-14,76.03,76.55,75.78,76.31,7600,76.31
2011-09-13,76.47,76.47,76.05,76.33,5000,76.33
2011-09-12,77.39,77.66,76.82,76.82,15300,76.82
2011-09-09,76.91,77.63,76.75,77.56,52400,77.56
2011-09-08,76.23,76.42,75.72,76.42,21200,76.42
2011-09-07,75.81,76.04,75.28,75.43,16100,75.43
2011-09-06,77.17,77.31,76.34,76.74,4400,76.74
2011-09-02,75.71,76.33,75.28,76.21,13200,76.21
2011-09-01,73.26,74.18,72.04,74.17,19100,74.17
2011-08-31,73.70,73.70,72.47,72.52,4700,72.52
2011-08-30,73.25,73.50,73.21,73.24,1900,73.24
2011-08-29,71.70,72.00,71.70,71.85,2800,71.85
2011-08-26,73.49,74.00,72.59,72.99,13100,72.99
2011-08-25,71.76,72.68,71.63,72.51,23800,72.51
2011-08-24,73.11,73.11,71.23,71.25,6800,71.25
2011-08-23,74.01,74.95,73.68,73.68,19100,73.68
2011-08-22,73.79,74.57,73.79,74.53,7900,74.53
2011-08-19,74.63,74.78,73.94,74.78,8000,74.78
2011-08-18,74.98,76.21,74.27,74.59,67300,74.59
2011-08-17,72.50,73.42,71.81,73.41,10900,73.41
2011-08-16,71.17,72.61,71.15,72.23,34600,72.23
2011-08-15,71.70,71.91,71.05,71.05,21600,71.05
2011-08-12,71.00,71.88,70.78,71.82,20500,71.82
2011-08-11,71.96,72.23,68.67,70.16,34700,70.16
2011-08-10,72.43,73.57,71.73,73.56,20000,73.56
2011-08-09,68.92,74.11,68.01,70.80,108100,70.80
2011-08-08,67.75,69.68,67.75,69.56,39300,69.56
2011-08-05,67.17,68.42,66.42,66.42,100900,66.42
2011-08-04,66.48,68.81,66.46,68.81,57000,68.81
2011-08-03,65.96,66.87,65.89,66.17,35500,66.17
2011-08-02,64.91,66.19,64.65,66.11,34800,66.11
2011-08-01,63.34,64.54,63.34,64.21,67800,64.21
2011-07-29,62.45,63.79,62.39,63.56,21800,63.56
2011-07-28,61.52,61.58,61.28,61.31,33100,61.31
2011-07-27,60.97,61.30,60.61,61.00,4700,61.00
2011-07-26,60.75,61.42,60.75,61.29,13900,61.29
2011-07-25,60.50,61.14,60.36,60.52,21000,60.52
2011-07-22,60.88,61.11,60.73,61.11,25100,61.11
2011-07-21,60.96,61.16,60.11,60.43,19400,60.43
2011-07-20,61.79,61.79,61.43,61.43,4600,61.43
2011-07-19,61.40,62.28,61.28,62.28,18200,62.28
2011-07-18,61.98,62.11,61.62,61.69,22100,61.69
2011-07-15,60.72,61.76,60.71,61.76,3100,61.76
2011-07-14,61.36,61.73,61.01,61.01,3800,61.01
2011-07-13,61.34,62.07,61.05,62.05,62200,62.05
2011-07-12,61.61,61.76,61.18,61.74,18500,61.74
2011-07-11,60.94,61.46,60.81,61.41,5400,61.41
2011-07-08,59.72,60.25,59.66,60.07,34000,60.07
2011-07-07,58.35,58.35,58.07,58.28,19500,58.28
2011-07-06,59.25,59.29,58.96,58.96,16400,58.96
2011-07-05,58.32,58.63,58.20,58.61,49300,58.61
2011-07-01,58.28,58.28,57.38,57.55,574900,57.55
2011-06-30,59.02,59.02,57.44,58.01,35300,58.01
2011-06-29,59.29,59.45,58.58,58.62,27000,58.62
2011-06-28,61.13,61.13,59.50,59.68,44400,59.68
2011-06-27,62.25,62.26,61.34,61.39,27700,61.39
2011-06-24,61.87,62.31,61.87,62.09,12300,62.09
2011-06-23,61.18,61.64,61.18,61.32,23800,61.32
2011-06-22,60.67,60.81,60.22,60.36,27900,60.36
2011-06-21,60.41,60.64,60.20,60.38,3100,60.38
2011-06-20,61.68,61.78,61.04,61.24,24600,61.24
2011-06-17,61.35,61.58,61.33,61.52,60600,61.52
2011-06-16,61.37,61.88,61.07,61.66,38600,61.66
2011-06-15,59.66,61.11,59.66,61.09,37500,61.09
2011-06-14,59.75,59.75,59.25,59.25,11300,59.25
2011-06-13,60.65,61.05,60.57,60.72,4700,60.72
2011-06-10,61.05,61.33,60.90,61.05,77300,61.05
2011-06-09,61.31,61.38,58.94,60.70,19200,60.70
2011-06-08,60.99,61.46,60.92,61.27,23000,61.27
2011-06-07,60.15,60.83,59.83,60.83,87200,60.83
2011-06-06,60.05,60.68,60.05,60.54,110600,60.54
2011-06-03,61.05,61.05,60.22,60.66,87200,60.66
2011-06-02,60.35,60.61,59.93,59.93,27900,59.93
2011-06-01,60.20,61.10,60.20,61.05,448400,61.05
2011-05-31,58.91,59.60,58.89,59.53,18300,59.53
2011-05-27,59.11,59.38,59.11,59.27,20800,59.27
2011-05-26,58.77,59.28,58.77,59.28,29600,59.28
2011-05-25,58.53,58.54,58.11,58.27,52200,58.27
2011-05-24,57.99,58.42,57.84,58.33,8300,58.33
2011-05-23,58.56,58.57,58.16,58.16,29500,58.16
2011-05-20,57.77,57.95,57.49,57.95,65800,57.95
2011-05-19,56.67,57.52,56.64,57.52,29100,57.52
2011-05-18,58.11,58.13,57.35,57.36,15700,57.36
2011-05-17,58.20,58.40,58.02,58.26,5000,58.26
2011-05-16,57.45,57.77,57.35,57.77,2500,57.77
2011-05-13,57.40,57.45,57.19,57.37,1900,57.37
2011-05-12,57.11,57.18,56.72,56.74,9500,56.74
2011-05-11,56.47,57.05,56.34,57.05,4500,57.05
2011-05-10,56.94,56.97,56.55,56.55,7400,56.55
2011-05-09,57.19,57.27,57.16,57.27,5800,57.27
2011-05-06,56.24,57.19,56.21,57.00,20300,57.00
2011-05-05,56.57,56.99,56.44,56.95,12300,56.95
2011-05-04,55.99,56.26,55.99,56.15,13000,56.15
2011-05-03,55.69,55.75,55.68,55.74,11000,55.74
2011-05-02,55.18,55.58,55.18,55.43,3700,55.43
2011-04-29,54.74,55.32,54.74,55.31,7400,55.31
2011-04-28,54.81,54.99,54.79,54.86,3200,54.86
2011-04-27,54.29,54.41,54.00,54.41,5600,54.41
2011-04-26,54.36,54.72,54.34,54.72,14800,54.72
2011-04-25,53.78,54.11,53.74,54.11,21200,54.11
2011-04-21,53.90,53.90,53.65,53.65,3100,53.65
2011-04-20,53.85,53.85,53.47,53.47,12800,53.47
2011-04-19,53.85,54.22,53.84,54.05,8000,54.05
2011-04-18,53.28,53.99,53.07,53.89,43400,53.89
2011-04-15,53.25,53.54,53.10,53.44,95100,53.44
2011-04-14,53.02,53.02,52.38,52.38,27600,52.38
2011-04-13,51.91,52.86,51.91,52.84,7700,52.84
2011-04-12,52.35,52.53,52.26,52.26,9000,52.26
2011-04-11,51.31,51.45,51.16,51.39,23400,51.39
2011-04-08,51.25,51.49,51.10,51.21,75600,51.21
2011-04-07,51.78,51.88,51.34,51.63,8200,51.63
2011-04-06,52.06,52.06,51.59,51.60,11400,51.60
2011-04-05,52.75,52.75,52.25,52.34,6300,52.34
2011-04-04,53.22,53.27,53.05,53.12,11800,53.12
2011-04-01,51.94,52.76,51.94,52.76,11400,52.76
2011-03-31,53.11,53.12,52.36,52.37,36000,52.37
2011-03-30,52.29,52.82,52.29,52.79,4200,52.79
2011-03-29,52.91,52.91,52.11,52.29,49100,52.29
2011-03-28,52.43,52.78,52.41,52.78,12900,52.78
2011-03-25,53.36,53.43,52.66,52.75,16900,52.75
2011-03-24,53.50,53.60,53.15,53.15,34500,53.15
2011-03-23,54.63,54.63,53.80,53.96,9000,53.96
2011-03-22,53.78,54.18,53.77,54.17,14500,54.17
2011-03-21,55.55,55.55,54.88,55.24,35500,55.24
2011-03-18,55.71,56.12,55.68,55.96,8100,55.96
2011-03-17,56.24,56.28,55.71,56.21,23200,56.21
2011-03-16,56.11,57.43,56.05,56.74,81200,56.74
2011-03-15,56.21,56.33,55.24,55.34,59300,55.34
2011-03-14,54.88,55.12,54.71,54.71,58800,54.71
2011-03-11,54.70,54.70,54.20,54.35,10300,54.35
2011-03-10,53.86,54.66,53.63,54.64,42400,54.64
2011-03-09,52.81,53.60,52.74,53.31,54000,53.31
2011-03-08,52.73,52.85,52.46,52.47,21800,52.47
2011-03-07,52.45,53.33,52.45,52.81,15200,52.81
2011-03-04,52.66,53.23,52.66,53.14,11900,53.14
2011-03-03,52.63,52.63,52.05,52.10,21700,52.10
2011-03-02,53.75,53.87,53.22,53.22,6500,53.22
2011-03-01,53.12,54.02,53.02,53.95,32400,53.95
2011-02-28,53.91,53.95,53.84,53.84,7100,53.84
2011-02-25,53.54,53.85,53.54,53.85,2800,53.85
2011-02-24,53.48,53.62,53.22,53.40,8400,53.40
2011-02-23,53.38,53.60,52.87,52.95,19400,52.95
2011-02-22,52.35,53.33,52.34,53.31,67200,53.31
2011-02-18,51.60,51.83,51.60,51.83,10900,51.83
2011-02-17,51.85,52.10,51.70,51.87,15500,51.87
2011-02-16,51.24,51.73,51.24,51.32,8000,51.32
2011-02-15,51.16,51.32,51.12,51.25,15300,51.25
2011-02-14,51.10,51.37,51.10,51.24,32000,51.24
2011-02-11,51.09,51.49,50.94,51.17,33900,51.17
2011-02-10,50.86,50.98,50.35,50.49,32600,50.49
2011-02-09,50.44,51.14,50.10,50.86,98600,50.86
2011-02-08,51.03,51.15,50.00,50.10,36200,50.10
2011-02-07,50.72,51.08,50.65,51.08,46300,51.08
2011-02-04,51.77,51.89,50.92,51.16,32200,51.16
2011-02-03,52.37,52.70,52.13,52.15,58300,52.15
2011-02-02,53.77,53.77,52.77,53.03,97100,53.03
2011-02-01,53.61,53.78,53.28,53.45,22300,53.45
2011-01-31,54.63,54.86,53.98,54.16,4000,54.16
2011-01-28,53.73,54.92,53.73,54.76,73600,54.76
2011-01-27,53.41,54.03,53.20,53.97,27900,53.97
2011-01-26,53.91,53.96,53.29,53.44,26000,53.44
2011-01-25,53.78,54.77,53.48,54.49,42000,54.49
2011-01-24,53.58,53.83,53.54,53.57,42200,53.57
2011-01-21,52.94,53.54,52.79,53.54,12400,53.54
2011-01-20,53.71,53.72,52.67,53.12,24300,53.12
2011-01-19,53.90,54.44,53.83,54.30,26500,54.30
2011-01-18,54.01,54.10,53.43,53.91,21800,53.91
2011-01-14,55.11,55.25,54.29,54.33,33800,54.33
2011-01-13,53.68,54.72,53.64,54.72,63400,54.72
2011-01-12,53.47,53.99,53.19,53.75,65100,53.75
2011-01-11,54.46,54.46,53.76,54.15,17700,54.15
2011-01-10,54.57,54.75,54.22,54.75,15000,54.75
2011-01-07,53.37,54.54,53.30,54.24,33700,54.24
2011-01-06,52.81,53.31,52.59,53.03,6700,53.03
2011-01-05,52.96,53.12,52.10,52.42,17400,52.42
2011-01-04,54.01,54.34,53.69,54.13,28900,54.13
2011-01-03,53.22,54.17,52.99,53.82,17400,53.82
2010-12-31,53.59,55.00,53.59,54.11,29200,54.11
2010-12-30,53.43,53.64,52.90,53.51,75000,53.51
2010-12-29,52.27,54.88,52.03,53.75,14900,53.75
2010-12-28,53.45,53.49,52.04,52.09,37700,52.09
2010-12-27,52.57,53.71,52.57,53.67,17600,53.67
2010-12-23,53.30,53.31,52.90,53.12,5900,53.12
2010-12-22,54.10,54.10,53.44,53.68,8000,53.68
2010-12-21,54.24,54.32,53.46,54.26,40400,54.07
2010-12-20,54.72,54.98,53.61,53.94,60000,53.75
2010-12-17,53.14,54.04,52.88,53.94,28900,53.75
2010-12-16,51.77,52.66,51.36,52.59,34600,52.41
2010-12-15,52.82,53.01,51.21,51.78,61300,51.60
2010-12-14,53.46,53.73,51.94,52.39,187500,52.21
2010-12-13,55.69,56.73,55.43,56.52,146500,53.95
2010-12-10,56.88,56.88,55.95,55.95,6600,53.41
2010-12-09,57.48,57.78,56.87,57.39,37000,54.78
2010-12-08,57.27,57.40,55.83,57.03,43400,54.44
2010-12-07,60.03,60.07,58.34,58.54,38500,55.88
2010-12-06,61.35,61.61,61.01,61.61,53200,58.81
2010-12-03,61.64,61.67,60.41,60.44,39000,57.70
2010-12-02,60.75,61.30,60.40,60.48,61100,57.73
2010-12-01,61.37,61.86,60.85,60.94,51500,58.17
2010-11-30,63.89,64.00,63.24,63.35,18200,60.47
2010-11-29,63.19,63.23,62.82,63.08,22400,60.22
2010-11-26,62.42,62.69,62.23,62.63,11500,59.79
2010-11-24,63.10,63.10,61.75,61.84,46300,59.03
2010-11-23,64.26,64.51,63.68,63.96,68800,61.06
2010-11-22,63.03,63.58,62.90,63.50,55800,60.62
2010-11-19,62.06,62.54,62.03,62.44,29700,59.60
2010-11-18,62.11,62.24,61.48,62.22,49100,59.39
2010-11-17,63.33,63.61,62.49,62.62,4300,59.78
2010-11-16,62.53,63.17,61.73,63.17,30800,60.30
2010-11-15,63.08,63.50,61.77,61.77,40000,58.97
2010-11-12,65.47,65.66,64.29,64.29,25000,61.37
2010-11-11,66.26,66.27,65.40,65.90,13000,62.91
2010-11-10,65.44,66.16,64.29,66.16,18100,63.16
2010-11-09,66.84,66.84,65.39,65.41,28500,62.44
2010-11-08,67.25,67.44,66.95,66.96,3200,63.92
2010-11-05,67.73,67.90,67.06,67.06,8200,64.01
2010-11-04,67.47,68.10,67.47,67.84,18200,64.76
2010-11-03,66.27,66.48,65.12,66.22,21800,63.21
2010-11-02,65.50,65.64,65.49,65.56,4400,62.58
2010-11-01,65.79,65.79,64.85,65.00,2800,62.05
2010-10-29,64.83,65.35,64.81,65.20,5300,62.24
2010-10-28,64.18,64.47,64.11,64.35,5200,61.43
2010-10-27,64.07,64.12,63.32,63.34,8000,60.46
2010-10-26,65.09,65.15,64.50,64.50,4400,61.57
2010-10-25,66.65,66.68,65.74,65.74,4400,62.75
2010-10-22,65.68,65.84,65.68,65.82,2700,62.83
2010-10-21,66.47,66.63,65.91,65.91,6000,62.92
2010-10-20,66.52,67.07,66.39,66.85,11900,63.81
2010-10-19,65.98,67.12,65.98,66.97,10800,63.93
2010-10-18,66.25,66.70,66.06,66.55,7500,63.53
2010-10-15,65.98,65.98,65.10,65.44,6800,62.47
2010-10-14,67.25,68.19,65.50,66.27,16900,63.26
2010-10-13,66.81,67.43,66.50,67.41,5900,64.35
2010-10-12,68.05,68.28,67.43,67.47,23000,64.41
2010-10-11,67.75,68.15,67.75,68.06,11300,64.97
2010-10-08,68.30,68.51,67.82,67.83,4900,64.75
2010-10-07,67.70,67.77,67.61,67.71,22100,64.64
2010-10-06,67.58,67.91,67.42,67.45,18300,64.39
2010-10-05,66.36,66.42,66.09,66.26,7500,63.25
2010-10-04,65.93,66.26,65.83,66.26,32400,63.25
2010-10-01,64.89,65.59,64.85,65.56,293500,62.58
2010-09-30,65.40,65.53,64.33,65.45,15400,62.48
2010-09-29,66.18,66.22,65.64,65.70,9600,62.72
2010-09-28,65.56,66.30,65.56,66.12,11900,63.12
2010-09-27,64.89,65.47,64.89,65.47,18200,62.50
2010-09-24,64.12,64.29,63.99,64.04,16100,61.13
2010-09-23,65.69,65.69,64.54,64.86,37800,61.91
2010-09-22,65.03,65.26,64.64,64.64,33200,61.70
2010-09-21,63.27,64.55,63.18,64.55,23000,61.49
2010-09-20,62.52,62.78,62.12,62.78,39500,59.80
2010-09-17,62.12,62.52,62.00,62.13,11400,59.18
2010-09-16,62.02,62.19,61.66,61.81,20600,58.88
2010-09-15,62.84,63.29,62.29,62.30,31800,59.34
2010-09-14,62.99,63.39,62.77,63.29,17800,60.29
2010-09-13,61.05,62.31,61.05,62.13,11000,59.18
2010-09-10,61.22,61.42,60.95,61.26,13300,58.35
2010-09-09,62.50,62.68,60.50,61.93,34600,58.99
2010-09-08,63.74,63.97,63.18,63.56,31900,60.54
2010-09-07,63.71,64.43,63.61,64.37,14600,61.32
2010-09-03,62.07,62.84,62.00,62.53,26900,59.56
2010-09-02,64.21,64.21,63.73,63.91,52600,60.88
2010-09-01,65.56,65.69,63.76,64.85,200300,61.77
2010-08-31,66.51,66.61,65.99,66.61,24700,63.45
2010-08-30,64.52,65.63,64.48,65.63,28400,62.52
2010-08-27,65.45,66.28,63.41,63.65,100100,60.63
2010-08-26,65.55,66.47,65.35,66.46,27500,63.31
2010-08-25,66.97,67.42,65.30,65.50,27600,62.39
2010-08-24,65.73,66.52,65.50,66.22,28700,63.08
2010-08-23,64.21,64.69,63.97,64.68,19700,61.61
2010-08-20,64.96,65.14,64.25,64.36,41000,61.31
2010-08-19,63.88,65.22,63.88,65.01,17500,61.93
2010-08-18,64.67,64.85,63.87,63.99,37200,60.95
2010-08-17,64.48,64.56,63.68,64.09,27100,61.05
2010-08-16,64.81,65.09,64.46,64.96,22100,61.88
2010-08-13,62.76,63.35,62.67,63.33,29500,60.32
2010-08-12,62.90,62.99,62.22,62.27,22400,59.32
2010-08-11,62.30,62.82,62.28,62.77,24900,59.79
2010-08-10,60.69,61.68,60.46,61.66,18100,58.73
2010-08-09,60.52,60.74,60.45,60.62,11500,57.74
2010-08-06,60.29,60.73,60.03,60.68,24900,57.80
2010-08-05,59.33,59.46,59.33,59.41,700,56.59
2010-08-04,59.21,59.22,58.70,58.77,2800,55.98
2010-08-03,59.14,59.54,59.13,59.35,6400,56.53
2010-08-02,58.80,58.96,58.47,58.52,299000,55.74
2010-07-30,59.16,59.47,58.78,59.38,10900,56.56
2010-07-29,57.72,58.52,57.72,58.18,7800,55.42
2010-07-28,57.21,57.93,57.20,57.93,4700,55.18
2010-07-27,57.49,57.51,57.23,57.34,3000,54.62
2010-07-26,57.85,57.94,57.62,57.94,2200,55.19
2010-07-23,58.84,58.84,57.98,58.01,8500,55.26
2010-07-22,59.18,59.18,58.72,58.94,13900,56.14
2010-07-21,58.90,60.03,58.80,59.88,7300,57.04
2010-07-20,59.08,59.36,58.61,58.61,4500,55.83
2010-07-19,58.79,58.92,58.30,58.40,5300,55.63
2010-07-16,58.22,58.97,58.22,58.92,15300,56.12
2010-07-15,57.87,58.38,57.87,58.07,9400,55.31
2010-07-14,56.89,57.32,56.43,57.21,10200,54.50
2010-07-13,56.75,57.47,56.11,56.22,7800,53.55
2010-07-12,57.27,57.66,57.00,57.06,5100,54.35
2010-07-09,57.11,57.18,56.97,56.99,7500,54.29
2010-07-08,57.33,57.55,57.12,57.47,5500,54.74
2010-07-07,58.78,58.79,57.99,58.00,4000,55.25
2010-07-06,58.03,58.89,57.92,58.78,12200,55.99
2010-07-02,58.15,58.51,58.00,58.01,19000,55.26
2010-07-01,58.66,59.42,58.53,58.53,37200,55.75
2010-06-30,58.47,58.64,57.92,58.57,6200,55.79
2010-06-29,57.83,58.37,57.80,58.37,18700,55.60
2010-06-28,56.87,57.27,56.87,57.27,12400,54.55
2010-06-25,55.97,56.42,55.97,56.09,3000,53.43
2010-06-24,56.52,56.69,55.78,55.95,10600,53.30
2010-06-23,55.55,56.33,55.53,56.09,11900,53.43
2010-06-22,54.51,55.42,54.48,55.42,12900,52.79
2010-06-21,53.55,54.48,53.55,54.34,7900,51.65
2010-06-18,54.81,54.81,54.54,54.55,7300,51.85
2010-06-17,54.61,55.16,54.43,54.91,36500,52.19
2010-06-16,53.96,54.07,53.52,54.00,14800,51.33
2010-06-15,54.15,54.15,53.38,53.44,8700,50.80
2010-06-14,53.38,54.11,53.20,54.09,14700,51.41
2010-06-11,54.20,54.66,54.20,54.42,11500,51.73
2010-06-10,54.14,54.22,53.14,53.17,14300,50.54
2010-06-09,54.45,55.20,54.42,55.07,4300,52.34
2010-06-08,55.17,55.56,55.05,55.10,5800,52.37
2010-06-07,54.93,55.64,54.64,55.64,26700,52.89
2010-06-04,54.10,55.05,54.04,54.99,15500,52.27
2010-06-03,52.23,53.00,52.13,52.47,12800,49.87
2010-06-02,53.88,53.88,52.97,53.02,8000,50.40
2010-06-01,54.43,54.43,53.56,53.96,107600,51.29
2010-05-28,53.29,53.73,53.29,53.73,17700,51.07
2010-05-27,53.25,53.39,52.79,52.79,18300,50.18
2010-05-26,54.56,54.86,54.09,54.86,13900,52.15
2010-05-25,55.82,55.85,55.03,55.17,19800,52.44
2010-05-24,54.67,54.67,54.35,54.45,2100,51.76
2010-05-21,55.43,55.95,54.37,54.56,21100,51.86
2010-05-20,54.00,54.82,53.88,54.43,30600,51.74
2010-05-19,52.57,53.37,52.57,52.78,7400,50.17
2010-05-18,51.79,52.52,51.79,52.41,4600,49.82
2010-05-17,51.30,52.08,51.13,51.13,5900,48.60
2010-05-14,51.41,51.81,51.41,51.49,4200,48.94
2010-05-13,50.57,50.57,49.86,50.40,1900,47.91
2010-05-12,50.14,50.43,50.02,50.07,7800,47.59
2010-05-11,50.50,50.55,50.45,50.47,3600,47.97
2010-05-10,49.96,50.50,49.94,50.48,5200,47.98
2010-05-07,51.97,53.56,51.75,51.79,36900,49.23
2010-05-06,50.51,59.13,48.00,52.83,14600,50.22
2010-05-05,50.31,51.01,50.00,50.36,19900,47.87
2010-05-04,49.51,49.71,49.50,49.67,5700,47.21
2010-05-03,48.47,48.55,48.46,48.54,2500,46.14
2010-04-30,48.48,48.97,48.48,48.92,3700,46.50
2010-04-29,47.76,48.03,47.56,48.01,6500,45.63
2010-04-28,47.80,47.80,47.68,47.76,5400,45.40
2010-04-27,47.82,48.69,47.73,48.61,12600,46.20
2010-04-26,47.32,47.33,47.16,47.16,1300,44.83
2010-04-23,47.11,47.11,46.97,47.09,9400,44.76
2010-04-22,48.01,48.16,47.48,47.54,3300,45.19
2010-04-21,47.67,47.87,47.67,47.82,3100,45.45
2010-04-20,47.14,47.29,47.14,47.29,8000,44.95
2010-04-19,47.43,47.47,47.21,47.21,1600,44.87
2010-04-16,46.86,47.53,46.85,47.52,12500,45.17
2010-04-15,46.24,46.70,46.24,46.69,2500,44.38
2010-04-14,46.90,46.90,46.45,46.46,1700,44.16
2010-04-13,47.00,47.09,46.88,46.89,2100,44.57
2010-04-12,46.36,46.63,46.36,46.58,2300,44.28
2010-04-09,45.82,46.14,45.82,46.14,300,43.86
2010-04-08,46.56,46.56,46.08,46.11,1500,43.83
2010-04-07,45.29,46.38,45.29,46.29,4400,44.00
2010-04-06,45.50,45.50,45.15,45.32,6100,43.08
2010-04-05,45.27,45.27,44.75,44.95,6200,42.73
2010-04-01,46.31,46.40,46.20,46.26,2200,43.97
2010-03-31,46.51,46.69,46.51,46.64,1700,44.33
2010-03-30,46.01,46.31,45.91,46.31,3100,44.02
2010-03-29,46.35,46.35,46.13,46.21,3900,43.92
2010-03-26,46.36,46.36,46.35,46.35,1200,44.06
2010-03-25,46.24,48.00,45.72,46.05,8800,43.77
2010-03-24,47.55,48.84,46.55,46.60,2800,44.29
2010-03-23,48.39,48.39,48.29,48.31,1600,45.92
2010-03-22,48.79,48.80,48.73,48.74,3300,46.17
2010-03-19,48.39,48.39,48.30,48.37,600,45.82
2010-03-18,48.93,48.93,48.61,48.62,300,46.06
2010-03-17,48.91,48.98,48.83,48.98,2700,46.40
2010-03-16,48.41,48.84,48.41,48.77,5400,46.20
2010-03-15,47.81,48.21,47.80,48.10,6400,45.57
2010-03-12,47.57,48.08,47.55,48.08,2100,45.55
2010-03-11,48.02,48.02,47.84,47.84,7700,45.32
2010-03-10,47.84,47.95,47.84,47.95,900,45.43
2010-03-09,48.35,48.35,48.00,48.00,4300,45.47
2010-03-08,47.89,48.03,47.88,47.97,6200,45.44
2010-03-05,48.30,48.32,48.23,48.30,19800,45.76
2010-03-04,49.32,49.32,49.19,49.21,300,46.62
2010-03-03,49.00,49.05,48.99,49.04,700,46.46
2010-03-02,48.82,49.16,48.82,49.14,12200,46.55
2010-03-01,49.04,49.35,48.90,49.11,86800,46.52
2010-02-26,49.00,49.47,49.00,49.07,7100,46.49
2010-02-25,48.93,48.93,48.60,48.73,9600,46.16
2010-02-24,48.48,48.49,48.04,48.04,6600,45.51
2010-02-23,47.07,48.21,47.07,48.18,9200,45.64
2010-02-22,47.14,47.14,46.89,46.89,3400,44.42
2010-02-19,46.92,47.15,46.60,47.15,5600,44.67
2010-02-18,47.33,47.38,46.76,46.86,5600,44.39
2010-02-17,48.02,48.04,47.33,47.49,20500,44.99
2010-02-16,47.99,48.44,47.99,48.44,300,45.89
2010-02-12,48.25,48.25,48.05,48.05,3500,45.52
2010-02-11,47.94,47.94,47.37,47.72,2700,45.21
2010-02-10,48.69,48.71,47.91,47.93,14100,45.41
2010-02-09,48.98,49.24,48.55,48.55,10900,45.99
2010-02-08,49.35,49.36,49.20,49.31,5900,46.71
2010-02-05,48.94,49.74,48.81,49.54,12100,46.93
2010-02-04,48.46,49.15,48.46,49.15,17000,46.56
2010-02-03,48.16,48.16,47.75,47.88,7400,45.36
2010-02-02,48.53,48.64,48.47,48.62,6800,46.06
2010-02-01,48.30,48.45,48.23,48.36,113000,45.81
2010-01-29,48.21,48.75,48.21,48.75,12500,46.18
2010-01-28,48.32,48.32,48.10,48.18,3200,45.64
2010-01-27,49.13,49.23,48.29,48.45,20000,45.90
2010-01-26,49.14,49.16,48.50,48.65,5700,46.09
2010-01-25,48.59,48.71,48.48,48.53,5000,45.98
2010-01-22,48.72,48.91,48.64,48.91,10400,46.34
2010-01-21,48.09,48.93,48.09,48.81,11800,46.24
2010-01-20,48.26,48.29,48.19,48.19,2000,45.65
2010-01-19,47.69,47.72,47.47,47.68,6400,45.17
2010-01-15,48.04,48.16,47.94,47.95,15600,45.43
2010-01-14,46.94,47.51,46.94,47.24,2700,44.75
2010-01-13,47.11,47.31,46.63,46.70,4600,44.24
2010-01-12,47.39,47.48,47.13,47.48,5100,44.98
2010-01-11,46.42,46.42,46.09,46.19,2500,43.76
2010-01-08,46.36,46.37,45.96,46.31,31600,43.87
2010-01-07,46.11,46.39,45.97,46.15,15500,43.72
2010-01-06,46.67,46.67,46.12,46.12,10600,43.69
2010-01-05,46.77,46.97,46.77,46.80,9900,44.34
2010-01-04,46.20,46.33,45.89,46.16,2500,43.73
2009-12-31,45.61,46.28,45.12,46.28,12300,43.84
2009-12-30,46.41,46.49,46.21,46.49,3600,44.04
2009-12-29,46.00,46.25,45.79,46.22,11800,43.79
2009-12-28,46.21,46.21,45.83,45.83,3000,43.42
2009-12-24,46.74,46.76,46.35,46.35,2300,43.91
2009-12-23,47.35,47.39,46.82,46.89,3300,44.42
2009-12-22,47.00,47.05,46.78,46.98,13800,44.51
2009-12-21,48.82,48.82,47.85,47.99,22100,45.19
2009-12-18,50.10,50.18,49.64,49.67,7200,46.78
2009-12-17,49.80,50.41,49.80,50.41,6800,47.47
2009-12-16,49.35,49.62,48.98,48.99,15200,46.14
2009-12-15,48.99,49.13,48.85,49.13,1900,46.27
2009-12-14,49.82,49.82,49.52,49.54,17700,46.65
2009-12-11,49.87,49.87,49.20,49.65,20500,46.76
2009-12-10,50.52,50.52,50.16,50.32,5200,47.39
2009-12-09,51.70,51.70,50.94,50.99,3000,48.02
2009-12-08,51.89,52.06,51.38,51.46,6400,48.46
2009-12-07,50.74,50.96,50.74,50.96,400,47.99
2009-12-04,50.32,50.58,50.09,50.43,3600,47.49
2009-12-03,51.42,51.81,51.42,51.76,15600,48.74
2009-12-02,52.79,53.09,52.48,52.50,5200,49.44
2009-12-01,53.49,53.49,52.83,52.83,9700,49.75
2009-11-30,53.50,54.10,53.50,54.08,7700,50.93
2009-11-27,53.89,53.93,53.51,53.84,27700,50.70
2009-11-25,52.17,53.09,52.17,53.07,11700,49.98
2009-11-24,51.99,52.44,51.96,52.44,18400,49.39
2009-11-23,51.24,51.77,51.24,51.66,12600,48.65
2009-11-20,51.65,51.79,51.60,51.79,3300,48.77
2009-11-19,52.05,52.13,51.80,51.80,800,48.78
2009-11-18,51.75,51.97,51.75,51.95,2000,48.92
2009-11-17,51.75,52.25,51.64,52.18,9800,49.14
2009-11-16,51.45,52.17,51.33,51.99,15400,48.96
2009-11-13,50.91,50.91,50.76,50.81,3300,47.85
2009-11-12,50.54,50.76,50.00,50.76,8000,47.80
2009-11-11,50.75,51.00,50.75,50.75,1300,47.79
2009-11-10,50.63,50.63,50.18,50.30,9600,47.37
2009-11-09,50.20,50.28,50.20,50.27,1700,47.34
2009-11-06,49.88,50.00,49.50,49.99,7300,47.08
2009-11-05,49.51,49.57,49.51,49.57,700,46.68
2009-11-04,49.94,49.97,49.30,49.83,11000,46.93
2009-11-03,51.01,51.01,50.16,50.35,4200,47.42
2009-11-02,51.44,51.44,50.93,50.94,11200,47.97
2009-10-30,50.75,51.28,50.70,51.25,5600,48.26
2009-10-29,50.50,50.50,49.64,50.15,14700,47.23
2009-10-28,51.00,51.31,50.99,51.07,11400,48.10
2009-10-27,49.77,50.50,49.66,50.49,13200,47.55
2009-10-26,49.80,49.80,49.17,49.17,11700,46.31
2009-10-23,50.18,50.57,50.05,50.14,12600,47.22
2009-10-22,50.82,51.09,50.82,50.99,1100,48.02
2009-10-21,51.30,51.50,51.00,51.50,4300,48.50
2009-10-20,52.04,52.31,51.94,52.01,4700,48.98
2009-10-19,51.13,51.39,51.00,51.39,600,48.40
2009-10-16,50.78,51.08,50.55,51.08,9800,48.10
2009-10-15,50.28,51.02,50.28,50.41,8000,47.47
2009-10-14,51.00,51.54,50.75,50.88,16100,47.92
2009-10-13,52.26,52.36,51.88,52.10,6900,49.07
2009-10-12,51.73,51.91,51.63,51.75,1300,48.74
2009-10-09,52.65,52.65,51.09,51.34,19300,48.35
2009-10-08,54.04,54.19,52.96,53.15,17400,50.05
2009-10-07,53.47,54.03,53.47,53.93,10300,50.79
2009-10-06,53.10,53.11,52.82,52.92,4000,49.84
2009-10-05,53.96,53.96,53.40,53.40,17400,50.29
2009-10-02,54.50,54.50,53.25,53.29,17000,50.19
2009-10-01,52.98,53.88,52.98,53.68,8800,50.55
2009-09-30,52.65,52.65,52.27,52.27,2600,49.23
2009-09-29,51.93,52.53,51.88,52.32,13800,49.27
2009-09-28,52.10,52.47,51.94,52.47,4200,49.41
2009-09-25,51.55,52.07,50.97,51.99,24000,48.96
2009-09-24,50.99,51.52,50.61,51.29,25900,48.30
2009-09-23,50.50,50.95,50.38,50.81,1600,47.85
2009-09-22,50.04,50.45,49.89,50.45,30700,47.51
2009-09-21,50.68,50.92,50.16,50.32,17900,47.13
2009-09-18,50.75,51.02,50.18,50.28,11500,47.09
2009-09-17,50.51,51.35,50.25,51.33,10900,48.07
2009-09-16,50.84,50.84,50.23,50.41,21900,47.21
2009-09-15,50.46,50.72,50.24,50.53,1900,47.32
2009-09-14,51.43,51.65,50.97,50.97,8800,47.73
2009-09-11,52.07,52.54,51.90,51.90,3000,48.60
2009-09-10,50.93,51.84,50.86,51.64,13100,48.36
2009-09-09,49.82,50.24,49.77,50.24,21400,47.05
2009-09-08,50.30,50.65,50.24,50.25,5900,47.06
2009-09-04,51.73,51.73,50.60,50.65,27600,47.43
2009-09-03,51.95,52.25,51.89,51.89,10100,48.60
2009-09-02,51.59,52.39,51.59,52.32,23900,49.00
2009-09-01,50.73,51.74,49.37,51.46,21900,48.19
2009-08-31,50.84,51.20,50.45,51.10,21500,47.86
2009-08-28,49.89,50.62,49.89,50.62,8000,47.41
2009-08-27,50.54,50.56,50.05,50.22,7700,47.03
2009-08-26,50.50,50.70,50.45,50.67,12800,47.45
2009-08-25,49.84,50.47,49.78,50.47,2600,47.27
2009-08-24,48.55,50.05,48.55,50.02,9400,46.84
2009-08-21,49.29,49.29,48.93,48.96,15700,45.85
2009-08-20,50.16,50.83,50.16,50.67,6000,47.45
2009-08-19,50.44,50.51,49.93,50.31,2000,47.12
2009-08-18,50.15,50.15,49.62,49.64,1600,46.49
2009-08-17,49.94,50.30,49.94,50.28,15800,47.09
2009-08-14,49.17,49.77,49.03,49.12,5700,46.00
2009-08-13,48.14,48.83,47.64,48.59,5800,45.51
2009-08-12,48.04,48.04,45.24,47.43,23900,44.42
2009-08-11,47.18,47.78,47.12,47.77,10700,44.74
2009-08-10,45.93,46.70,45.68,46.67,5500,43.71
2009-08-07,45.85,45.87,45.46,45.65,6700,42.75
2009-08-06,46.68,46.89,46.42,46.85,3000,43.88
2009-08-05,47.01,47.94,46.71,46.78,16800,43.81
2009-08-04,48.68,48.68,47.17,47.73,39500,44.70
2009-08-03,49.21,49.21,47.87,48.34,7800,45.27
2009-07-31,49.00,50.12,48.80,50.12,10800,46.94
2009-07-30,47.55,48.47,47.36,48.47,7400,45.39
2009-07-29,48.10,48.15,47.51,47.75,6200,44.72
2009-07-28,47.49,48.30,47.31,47.51,42500,44.49
2009-07-27,46.66,47.18,46.66,47.18,800,44.18
2009-07-24,47.49,47.90,47.46,47.90,8100,44.86
2009-07-23,49.09,49.09,47.24,47.57,37400,44.55
2009-07-22,50.00,50.00,49.22,49.25,8700,46.12
2009-07-21,49.07,50.28,49.05,50.23,17000,47.04
2009-07-20,47.27,48.72,47.27,48.38,64500,45.31
2009-07-17,48.32,48.37,47.94,47.94,2700,44.90
2009-07-16,49.24,49.29,48.98,49.15,3200,46.03
2009-07-15,49.23,49.42,48.28,48.28,1900,45.21
2009-07-14,50.99,50.99,50.54,50.54,1400,47.33
2009-07-13,52.48,52.50,51.56,51.62,12100,48.34
2009-07-10,51.86,52.58,51.86,52.25,24300,48.93
2009-07-09,51.35,51.63,50.85,51.16,12700,47.91
2009-07-08,50.46,52.51,50.46,52.24,3800,48.92
2009-07-07,49.55,50.68,49.55,50.37,49300,47.17
2009-07-06,49.15,49.80,49.15,49.80,1800,46.64
2009-07-02,49.80,50.15,49.80,49.81,800,46.65
2009-07-01,48.68,49.30,48.65,49.30,9000,46.17
2009-06-30,49.10,49.79,48.79,49.79,9800,46.63
2009-06-29,50.15,50.16,49.54,49.88,1800,46.71
2009-06-26,49.71,49.71,49.27,49.50,5700,46.36
2009-06-25,47.74,49.34,47.74,49.34,11200,46.21
2009-06-24,48.00,48.57,47.20,47.41,29000,44.40
2009-06-23,47.34,47.96,47.34,47.92,1800,44.88
2009-06-22,47.28,47.43,46.97,47.36,2900,44.21
2009-06-19,45.48,46.50,45.38,46.42,14200,43.33
2009-06-18,46.57,46.58,45.65,45.65,3500,42.61
2009-06-17,48.26,48.64,47.50,47.56,3600,44.40
2009-06-16,46.93,47.99,46.72,47.99,25300,44.80
2009-06-15,47.00,47.33,46.95,47.08,31900,43.95
2009-06-12,45.99,46.55,45.67,46.21,17600,43.14
2009-06-11,44.21,46.08,44.19,45.37,27000,42.35
2009-06-10,45.00,45.20,43.80,44.52,15100,41.56
2009-06-09,45.66,45.72,45.13,45.49,14500,42.46
2009-06-08,46.00,46.00,44.72,44.72,7400,41.74
2009-06-05,46.05,46.45,45.36,45.75,12800,42.71
2009-06-04,47.89,48.17,46.95,47.05,9300,43.92
2009-06-03,48.31,49.26,48.31,49.26,2500,45.98
2009-06-02,48.33,48.33,47.50,48.15,2500,44.95
2009-06-01,48.62,48.62,47.20,47.39,2200,44.24
2009-05-29,48.85,50.51,48.67,50.43,3000,47.07
2009-05-28,48.09,48.45,47.00,47.98,11000,44.79
2009-05-27,49.22,49.30,47.20,47.24,12700,44.10
2009-05-26,51.15,51.15,49.35,49.37,2300,46.09
2009-05-22,51.05,51.28,50.48,50.90,14400,47.51
2009-05-21,54.17,54.25,54.16,54.25,1900,50.64
2009-05-20,54.09,54.09,53.98,53.98,400,50.39
2009-05-19,53.33,53.33,53.33,53.33,1000,49.78
2009-05-18,54.09,54.09,54.09,54.09,100,50.49
2009-05-15,54.83,54.83,54.83,54.83,100,51.18
2009-05-14,54.87,54.87,54.87,54.87,100,51.22
2009-05-13,55.09,55.40,55.09,55.40,3200,51.71
2009-05-12,54.45,54.45,54.45,54.45,000,50.83
2009-05-11,53.90,54.45,53.90,54.45,700,50.83
2009-05-08,52.65,52.65,52.65,52.65,000,49.15
2009-05-07,53.68,53.78,52.65,52.65,2600,49.15
2009-05-06,54.38,54.38,54.38,54.38,000,50.76
2009-05-05,54.38,54.38,54.38,54.38,000,50.76
2009-05-04,54.38,54.38,54.38,54.38,500,50.76
2009-05-01,54.86,54.86,54.86,54.86,000,51.21
2009-04-30,55.15,55.15,54.81,54.86,7000,51.21
2009-04-29,56.20,56.20,55.05,55.32,1600,51.64
2009-04-28,56.40,56.40,56.40,56.40,000,52.65
2009-04-27,56.40,56.40,56.40,56.40,000,52.65
2009-04-24,56.80,56.80,56.40,56.40,300,52.65
2009-04-23,56.91,57.78,56.91,57.78,200,53.94
2009-04-22,57.40,57.55,57.40,57.40,900,53.58
2009-04-21,59.45,59.45,58.03,58.03,3100,54.17
2009-04-20,58.50,58.50,58.50,58.50,000,54.61
2009-04-17,58.50,58.50,58.50,58.50,100,54.61
2009-04-16,59.33,59.33,59.33,59.33,100,55.38
