Date,Open,High,Low,Close,Volume,Adj Close
2012-05-04,14.55,14.62,13.76,13.86,796300,13.86
2012-05-03,15.79,15.85,14.65,14.70,649900,14.70
2012-05-02,15.70,15.89,15.46,15.87,302500,15.87
2012-05-01,15.89,16.21,15.75,15.75,347400,15.75
2012-04-30,16.11,16.11,15.75,15.88,270600,15.88
2012-04-27,15.81,16.12,15.67,16.10,200000,16.10
2012-04-26,15.92,15.95,15.71,15.81,254100,15.81
2012-04-25,15.68,15.97,15.55,15.92,323500,15.92
2012-04-24,15.33,15.62,15.28,15.49,229900,15.49
2012-04-23,15.70,15.70,15.25,15.33,353100,15.33
2012-04-20,15.41,15.87,15.12,15.83,540400,15.83
2012-04-19,14.69,15.46,14.69,15.10,426100,15.10
2012-04-18,14.80,14.94,14.59,14.60,310800,14.60
2012-04-17,14.53,15.06,14.51,14.86,291900,14.86
2012-04-16,14.40,14.57,14.08,14.45,326300,14.45
2012-04-13,14.77,14.91,14.21,14.36,459100,14.36
2012-04-12,15.12,15.27,14.78,14.81,361500,14.81
2012-04-11,14.96,15.33,14.86,15.07,310800,15.07
2012-04-10,15.39,15.72,14.75,14.82,517800,14.82
2012-04-09,15.63,16.12,15.40,15.41,268100,15.41
2012-04-05,15.91,16.19,15.91,16.04,402000,16.04
2012-04-04,15.94,16.26,15.78,16.21,400000,16.21
2012-04-03,16.08,16.48,16.07,16.25,402600,16.25
2012-04-02,15.34,16.11,15.33,16.08,720600,16.08
2012-03-30,15.57,15.71,15.17,15.32,343600,15.32
2012-03-29,15.23,15.49,15.19,15.44,339000,15.44
2012-03-28,15.39,15.65,15.09,15.34,229200,15.34
2012-03-27,15.97,15.97,15.33,15.34,295100,15.34
2012-03-26,15.73,15.98,15.68,15.94,419800,15.94
2012-03-23,15.51,15.65,15.33,15.60,256200,15.60
2012-03-22,15.44,15.61,15.28,15.56,284500,15.56
2012-03-21,15.30,15.65,15.27,15.55,345900,15.55
2012-03-20,15.49,15.55,15.21,15.23,350800,15.23
2012-03-19,15.52,15.80,15.33,15.59,383100,15.59
2012-03-16,15.56,15.76,15.40,15.59,789400,15.59
2012-03-15,15.53,15.59,15.21,15.50,310600,15.50
2012-03-14,15.57,15.64,15.43,15.54,783600,15.54
2012-03-13,15.21,15.60,15.15,15.58,447100,15.58
2012-03-12,15.03,15.23,14.93,15.10,640300,15.10
2012-03-09,14.93,15.28,14.81,15.07,598500,15.07
2012-03-08,14.83,15.08,14.72,14.96,423000,14.96
2012-03-07,14.53,14.93,14.53,14.80,512900,14.80
2012-03-06,14.58,14.75,14.29,14.48,604700,14.48
2012-03-05,14.60,14.93,14.53,14.74,602000,14.74
2012-03-02,14.78,15.00,14.50,14.60,499300,14.60
2012-03-01,14.75,15.24,14.74,14.76,378200,14.76
2012-02-29,15.17,15.28,14.64,14.66,541200,14.66
2012-02-28,14.90,15.25,14.75,15.17,605400,15.17
2012-02-27,15.50,15.66,14.94,14.97,592800,14.97
2012-02-24,15.71,15.79,15.28,15.71,635900,15.71
2012-02-23,15.16,15.84,15.07,15.80,780500,15.80
2012-02-22,15.11,15.17,14.76,15.08,706400,15.08
2012-02-21,15.26,15.42,15.06,15.14,709800,15.14
2012-02-17,15.81,15.83,15.08,15.16,548400,15.16
2012-02-16,15.00,15.83,15.00,15.74,697800,15.74
2012-02-15,15.47,15.48,14.92,14.95,680800,14.95
2012-02-14,15.32,15.45,15.19,15.44,641700,15.44
2012-02-13,15.32,15.58,15.30,15.45,698500,15.45
2012-02-10,15.41,15.45,15.04,15.27,1001200,15.27
2012-02-09,15.02,16.01,14.83,15.61,2076500,15.61
2012-02-08,16.08,16.34,15.88,16.16,615900,16.16
2012-02-07,16.45,16.62,16.00,16.12,876300,16.12
2012-02-06,16.49,16.54,16.15,16.38,671100,16.38
2012-02-03,16.34,16.81,16.34,16.55,1028100,16.55
2012-02-02,16.08,16.34,15.83,16.20,761200,16.20
2012-02-01,15.74,16.25,15.50,16.03,1158500,16.03
2012-01-31,15.57,15.79,15.40,15.69,6714500,15.69
2012-01-30,15.60,15.66,15.20,15.47,2010300,15.47
2012-01-27,15.18,15.68,15.05,15.19,1278100,15.19
2012-01-26,19.09,19.10,14.25,15.13,7676000,15.13
2012-01-25,18.85,19.22,18.72,19.11,761400,19.11
2012-01-24,18.75,19.05,18.68,18.72,867100,18.72
2012-01-23,19.13,19.40,18.70,18.75,856200,18.75
2012-01-20,19.34,19.48,18.77,18.91,805100,18.91
2012-01-19,19.53,19.57,19.12,19.34,685200,19.34
2012-01-18,19.52,19.60,19.27,19.38,658300,19.38
2012-01-17,19.37,19.62,19.27,19.58,1143200,19.58
2012-01-13,19.03,19.30,18.92,19.26,640300,19.26
2012-01-12,19.16,19.41,18.97,19.20,647800,19.20
2012-01-11,19.32,19.44,18.96,19.16,556300,19.16
2012-01-10,19.39,19.64,19.20,19.33,795500,19.33
2012-01-09,18.53,19.07,18.39,19.06,633700,19.06
2012-01-06,18.59,18.88,18.21,18.51,520000,18.51
2012-01-05,18.10,19.14,17.93,18.59,1101700,18.59
2012-01-04,17.53,17.76,17.29,17.73,561200,17.73
2012-01-03,17.77,18.00,17.52,17.64,827200,17.64
2011-12-30,17.42,17.57,17.02,17.39,533300,17.39
2011-12-29,17.21,17.62,17.00,17.47,510800,17.47
2011-12-28,17.55,17.79,17.02,17.17,478200,17.17
2011-12-27,17.13,17.73,16.94,17.49,677800,17.49
2011-12-23,18.10,18.20,17.06,17.15,998200,17.15
2011-12-22,16.94,17.18,16.79,17.02,472700,17.02
2011-12-21,16.49,16.95,16.35,16.88,486200,16.88
2011-12-20,16.07,16.62,16.06,16.46,576600,16.46
2011-12-19,16.26,16.37,15.75,15.76,465900,15.76
2011-12-16,16.29,16.45,16.05,16.19,1335700,16.19
2011-12-15,15.92,16.22,15.73,16.14,555000,16.14
2011-12-14,15.69,15.93,15.46,15.69,596200,15.69
2011-12-13,15.73,16.00,15.63,15.85,565200,15.85
2011-12-12,15.41,15.61,15.07,15.61,664300,15.61
2011-12-09,15.34,15.87,15.34,15.50,1204300,15.50
2011-12-08,15.87,15.97,15.26,15.28,816500,15.28
2011-12-07,16.05,16.16,15.76,16.00,587100,16.00
2011-12-06,16.55,16.65,16.01,16.06,558000,16.06
2011-12-05,16.72,16.74,16.27,16.57,605900,16.57
2011-12-02,16.40,16.90,16.39,16.42,1422300,16.42
2011-12-01,15.00,17.00,15.00,16.25,2531600,16.25
2011-11-30,15.96,15.96,14.79,15.04,1581500,15.04
2011-11-29,16.36,16.36,15.32,15.34,1022000,15.34
2011-11-28,14.97,16.47,14.87,16.44,1121500,16.44
2011-11-25,14.59,14.84,14.50,14.57,251200,14.57
2011-11-23,14.97,15.08,14.67,14.78,491400,14.78
2011-11-22,14.85,15.33,14.82,15.13,411200,15.13
2011-11-21,15.01,15.10,14.52,14.88,567800,14.88
2011-11-18,15.20,15.27,15.06,15.16,587900,15.16
2011-11-17,14.74,15.25,14.73,15.15,1003900,15.15
2011-11-16,14.82,15.20,14.74,14.78,438500,14.78
2011-11-15,15.00,15.15,14.69,14.95,529600,14.95
2011-11-14,14.88,15.28,14.81,15.15,636400,15.15
2011-11-11,14.92,15.04,14.76,14.92,528300,14.92
2011-11-10,14.63,15.00,14.55,14.81,586600,14.81
2011-11-09,14.37,14.80,14.22,14.46,814200,14.46
2011-11-08,14.45,14.72,14.06,14.65,712300,14.65
2011-11-07,14.63,14.95,14.22,14.34,1476000,14.34
2011-11-04,14.50,14.92,14.41,14.68,727400,14.68
2011-11-03,14.88,14.88,14.20,14.49,623300,14.49
2011-11-02,14.64,14.84,14.35,14.69,675200,14.69
2011-11-01,14.43,14.72,14.15,14.43,1212900,14.43
2011-10-31,14.15,15.33,14.03,14.80,4627600,14.80
2011-10-28,12.28,12.56,12.20,12.24,1126700,12.24
2011-10-27,12.16,12.81,12.03,12.30,1449400,12.30
2011-10-26,12.23,12.33,11.73,11.91,967400,11.91
2011-10-25,12.17,12.33,11.71,11.96,1619000,11.96
2011-10-24,13.34,13.98,13.26,13.96,746400,13.96
2011-10-21,13.25,13.37,12.97,13.34,979500,13.34
2011-10-20,13.07,13.33,12.67,12.95,981800,12.95
2011-10-19,13.26,13.36,12.81,13.10,652900,13.10
2011-10-18,12.91,13.33,12.72,13.32,675600,13.32
2011-10-17,13.03,13.35,12.75,12.89,635800,12.89
2011-10-14,13.56,13.59,12.85,13.21,1257800,13.21
2011-10-13,12.80,13.65,12.54,13.45,1203100,13.45
2011-10-12,12.47,12.95,12.39,12.76,657400,12.76
2011-10-11,12.15,12.49,11.93,12.49,675700,12.49
2011-10-10,12.33,12.61,11.87,12.24,933000,12.24
2011-10-07,12.49,12.63,11.75,12.26,1589700,12.26
2011-10-06,12.13,12.49,11.92,12.47,824600,12.47
2011-10-05,11.86,12.24,11.63,12.12,703000,12.12
2011-10-04,10.89,11.90,10.77,11.83,1224300,11.83
2011-10-03,11.36,11.79,11.01,11.02,1690600,11.02
2011-09-30,11.37,11.82,11.35,11.50,642600,11.50
2011-09-29,11.67,11.73,11.07,11.60,721100,11.60
2011-09-28,12.02,12.12,11.36,11.37,817200,11.37
2011-09-27,12.03,12.30,11.76,11.97,1013700,11.97
2011-09-26,11.60,11.92,11.36,11.78,1120300,11.78
2011-09-23,11.30,12.05,11.20,11.47,1822600,11.47
2011-09-22,10.28,11.37,10.15,11.23,4528900,11.23
2011-09-21,11.61,11.63,10.49,10.62,3611300,10.62
2011-09-20,12.34,12.85,11.60,11.60,4350400,11.60
2011-09-19,17.53,17.70,11.91,12.30,11847200,12.30
2011-09-16,17.70,17.82,17.38,17.75,806900,17.75
2011-09-15,17.38,17.60,16.79,17.55,554600,17.55
2011-09-14,16.95,17.40,16.60,17.19,619500,17.19
2011-09-13,16.48,16.78,16.20,16.71,611900,16.71
2011-09-12,16.10,16.63,16.07,16.39,389600,16.39
2011-09-09,16.93,17.25,16.26,16.42,527200,16.42
2011-09-08,16.73,17.39,16.62,17.10,499700,17.10
2011-09-07,16.58,17.00,16.24,16.92,636200,16.92
2011-09-06,15.57,16.43,15.50,16.38,540500,16.38
2011-09-02,16.38,16.68,16.04,16.13,672400,16.13
2011-09-01,17.05,17.47,16.69,16.78,479600,16.78
2011-08-31,17.42,17.70,16.78,16.92,672600,16.92
2011-08-30,17.17,17.52,16.50,17.40,759200,17.40
2011-08-29,16.57,17.30,16.46,17.28,1013800,17.28
2011-08-26,16.07,16.64,15.91,16.35,470200,16.35
2011-08-25,16.67,16.80,16.11,16.28,520500,16.28
2011-08-24,16.16,16.52,15.95,16.40,510900,16.40
2011-08-23,15.58,16.26,15.14,16.21,620500,16.21
2011-08-22,16.62,17.08,15.45,15.49,638700,15.49
2011-08-19,15.67,16.52,15.57,16.26,752900,16.26
2011-08-18,16.57,16.64,15.79,15.97,726300,15.97
2011-08-17,17.11,17.42,16.73,17.06,487800,17.06
2011-08-16,17.11,17.38,16.61,17.05,545000,17.05
2011-08-15,16.64,17.38,16.62,17.37,651500,17.37
2011-08-12,16.52,16.73,16.04,16.61,551300,16.61
2011-08-11,15.89,16.71,15.73,16.27,938900,16.27
2011-08-10,16.07,16.53,15.40,15.77,1050500,15.77
2011-08-09,15.50,16.39,14.83,16.36,1011600,16.36
2011-08-08,15.67,16.26,14.95,15.07,1290000,15.07
2011-08-05,17.25,17.90,15.51,16.41,1357300,16.41
2011-08-04,17.42,17.84,16.77,16.85,1721700,16.85
2011-08-03,17.15,17.26,16.46,17.21,742500,17.21
2011-08-02,17.28,17.78,17.06,17.07,681300,17.07
2011-08-01,18.09,18.49,17.14,17.30,640700,17.30
2011-07-29,17.26,17.84,17.10,17.66,553000,17.66
2011-07-28,17.89,18.03,17.50,17.58,611200,17.58
2011-07-27,18.24,18.28,17.79,17.86,657700,17.86
2011-07-26,18.64,18.64,18.25,18.35,476800,18.35
2011-07-25,19.01,19.04,18.57,18.62,470500,18.62
2011-07-22,19.16,19.55,19.04,19.40,519300,19.40
2011-07-21,19.30,19.45,19.07,19.11,666600,19.11
2011-07-20,19.58,19.71,19.08,19.16,776800,19.16
2011-07-19,19.28,19.99,19.26,19.48,1151800,19.48
2011-07-18,19.40,19.75,18.94,19.11,535000,19.11
2011-07-15,19.53,19.78,19.29,19.51,324000,19.51
2011-07-14,19.59,20.10,19.45,19.50,365300,19.50
2011-07-13,19.81,19.96,19.41,19.54,399400,19.54
2011-07-12,19.87,20.00,19.42,19.68,366700,19.68
2011-07-11,20.53,20.59,19.84,19.92,382000,19.92
2011-07-08,20.60,20.89,20.25,20.68,330700,20.68
2011-07-07,20.85,21.00,20.35,20.92,724800,20.92
2011-07-06,20.48,20.90,20.19,20.46,349800,20.46
2011-07-05,20.06,20.68,19.97,20.56,663500,20.56
2011-07-01,19.60,20.10,19.39,19.90,543500,19.90
2011-06-30,19.82,20.11,19.45,19.46,498100,19.46
2011-06-29,19.90,20.02,19.58,19.79,403400,19.79
2011-06-28,19.54,19.89,19.24,19.89,711800,19.89
2011-06-27,19.39,19.79,19.20,19.67,472800,19.67
2011-06-24,19.51,19.69,19.13,19.33,514400,19.33
2011-06-23,18.92,19.59,18.72,19.48,601800,19.48
2011-06-22,19.03,19.58,18.93,19.25,461100,19.25
2011-06-21,18.75,19.23,18.56,19.23,650400,19.23
2011-06-20,17.57,18.62,17.52,18.59,1113700,18.59
2011-06-17,18.46,18.53,17.52,17.75,2072200,17.75
2011-06-16,18.32,18.55,18.05,18.33,400200,18.33
2011-06-15,18.17,18.71,18.11,18.31,439600,18.31
2011-06-14,18.41,18.85,18.26,18.39,553900,18.39
2011-06-13,18.53,18.88,18.16,18.19,578100,18.19
2011-06-10,19.03,19.37,18.49,18.51,870300,18.51
2011-06-09,19.48,19.98,19.08,19.12,938800,19.12
2011-06-08,18.90,20.70,18.82,19.38,1318600,19.38
2011-06-07,19.32,19.32,18.92,19.01,583000,19.01
2011-06-06,19.23,19.57,19.03,19.09,376600,19.09
2011-06-03,19.37,19.56,19.00,19.12,550500,19.12
2011-06-02,19.35,19.68,19.23,19.68,394800,19.68
2011-06-01,20.11,20.18,19.33,19.34,728200,19.34
2011-05-31,20.00,20.20,19.70,20.01,891000,20.01
2011-05-27,19.53,20.00,19.51,19.87,867000,19.87
2011-05-26,19.20,19.59,19.05,19.41,608800,19.41
2011-05-25,19.17,19.49,18.42,19.17,903400,19.17
2011-05-24,18.69,18.69,18.31,18.42,392700,18.42
2011-05-23,18.38,18.70,18.13,18.69,359600,18.69
2011-05-20,18.55,18.87,18.50,18.60,354100,18.60
2011-05-19,19.00,19.00,18.25,18.60,385400,18.60
2011-05-18,18.36,18.93,18.36,18.84,434300,18.84
2011-05-17,18.78,18.97,18.05,18.41,528400,18.41
2011-05-16,18.84,19.13,18.80,18.85,812100,18.85
2011-05-13,19.25,19.34,18.61,18.74,711100,18.74
2011-05-12,18.53,19.28,18.53,19.22,522000,19.22
2011-05-11,19.11,19.11,18.50,18.81,706300,18.81
2011-05-10,19.19,19.79,19.18,19.51,866300,19.51
2011-05-09,17.62,19.18,17.55,19.18,1180400,19.18
2011-05-06,18.50,18.54,17.37,17.43,1253900,17.43
2011-05-05,18.51,18.98,17.63,18.25,936200,18.25
2011-05-04,18.47,18.57,17.80,18.18,673100,18.18
2011-05-03,19.16,19.17,18.24,18.49,727900,18.49
2011-05-02,19.03,19.33,18.80,19.17,631700,19.17
2011-04-29,19.48,19.88,18.67,18.86,1282400,18.86
2011-04-28,18.92,19.43,18.84,19.37,1100000,19.37
2011-04-27,18.84,18.94,18.48,18.88,651300,18.88
2011-04-26,18.42,18.93,18.40,18.84,679400,18.84
2011-04-25,17.77,18.47,17.76,18.43,826300,18.43
2011-04-21,16.99,17.82,16.74,17.69,1179700,17.69
2011-04-20,17.61,17.69,17.36,17.62,559700,17.62
2011-04-19,17.25,17.63,16.90,17.50,1158500,17.50
2011-04-18,16.88,17.23,16.42,17.19,869700,17.19
2011-04-15,15.52,17.17,15.52,17.04,1534600,17.04
2011-04-14,15.83,15.93,15.55,15.69,336000,15.69
2011-04-13,15.68,16.08,15.65,15.93,687600,15.93
2011-04-12,15.41,15.76,15.24,15.59,398100,15.59
2011-04-11,15.29,15.58,15.24,15.46,362700,15.46
2011-04-08,15.58,15.64,15.25,15.26,239600,15.26
2011-04-07,15.79,15.86,15.40,15.45,293200,15.45
2011-04-06,15.67,15.84,15.57,15.79,296200,15.79
2011-04-05,15.34,15.83,15.30,15.59,469300,15.59
2011-04-04,15.86,15.86,15.37,15.40,384600,15.40
2011-04-01,15.56,15.99,15.56,15.85,669400,15.85
2011-03-31,15.45,15.88,15.32,15.85,699200,15.85
2011-03-30,14.92,15.50,14.80,15.36,622400,15.36
2011-03-29,14.53,14.89,14.43,14.82,281800,14.82
2011-03-28,14.60,14.65,14.34,14.55,242800,14.55
2011-03-25,14.46,14.60,14.32,14.56,368900,14.56
2011-03-24,14.39,14.60,14.31,14.45,411900,14.45
2011-03-23,14.33,14.40,14.15,14.27,253600,14.27
2011-03-22,14.55,14.59,14.22,14.39,355900,14.39
2011-03-21,14.68,15.17,14.54,14.58,941600,14.58
2011-03-18,14.29,14.96,14.09,14.69,2987000,14.69
2011-03-17,14.16,14.25,14.00,14.15,892100,14.15
2011-03-16,13.98,14.18,13.81,13.92,460500,13.92
2011-03-15,13.94,14.09,13.85,13.96,539500,13.96
2011-03-14,13.81,14.48,13.81,14.32,672100,14.32
2011-03-11,13.50,14.27,13.47,14.04,539200,14.04
2011-03-10,13.99,14.13,13.56,13.61,590200,13.61
2011-03-09,14.37,14.42,14.17,14.20,685000,14.20
2011-03-08,14.21,14.42,13.95,14.37,1039800,14.37
2011-03-07,14.03,14.25,13.75,14.17,692700,14.17
2011-03-04,14.10,14.35,13.94,14.03,471900,14.03
2011-03-03,13.83,14.30,13.67,14.25,718600,14.25
2011-03-02,13.40,13.64,13.38,13.62,361800,13.62
2011-03-01,13.85,13.87,13.37,13.43,742100,13.43
2011-02-28,13.95,14.00,13.56,13.88,575100,13.88
2011-02-25,13.49,13.82,13.45,13.81,531200,13.81
2011-02-24,13.13,13.48,13.12,13.45,515200,13.45
2011-02-23,13.26,13.44,13.11,13.14,456500,13.14
2011-02-22,13.45,13.55,13.25,13.26,706300,13.26
2011-02-18,13.79,13.79,13.30,13.53,803900,13.53
2011-02-17,13.46,13.79,13.35,13.68,839100,13.68
2011-02-16,13.62,13.73,13.32,13.45,886100,13.45
2011-02-15,12.97,13.31,12.90,13.22,595200,13.22
2011-02-14,13.47,13.50,12.89,12.99,1008000,12.99
2011-02-11,13.16,13.50,13.10,13.39,656900,13.39
2011-02-10,13.58,13.65,13.04,13.16,2110800,13.16
2011-02-09,13.88,13.95,13.31,13.54,1157100,13.54
2011-02-08,13.02,13.60,12.99,13.58,789300,13.58
2011-02-07,12.87,13.45,12.87,12.98,1115400,12.98
2011-02-04,12.94,12.95,12.66,12.86,935700,12.86
2011-02-03,13.10,13.13,12.79,12.92,1067100,12.92
2011-02-02,12.90,13.20,12.87,13.04,570000,13.04
2011-02-01,12.80,13.03,12.75,12.92,600400,12.92
2011-01-31,12.69,12.97,12.52,12.79,839200,12.79
2011-01-28,12.99,13.14,12.40,12.49,1450900,12.49
2011-01-27,13.30,13.31,12.68,12.86,1313100,12.86
2011-01-26,12.71,13.46,12.58,13.26,2566100,13.26
2011-01-25,13.46,13.95,12.32,12.50,8935000,12.50
2011-01-24,15.21,16.09,15.21,15.80,1162000,15.80
2011-01-21,15.61,15.66,15.07,15.15,883700,15.15
2011-01-20,16.00,16.20,15.49,15.49,724700,15.49
2011-01-19,16.21,16.29,15.98,16.07,723700,16.07
2011-01-18,16.49,16.53,15.87,16.29,598100,16.29
2011-01-14,16.52,16.72,16.30,16.56,506100,16.56
2011-01-13,16.85,16.93,16.31,16.49,537200,16.49
2011-01-12,17.19,17.40,16.76,16.90,827200,16.90
2011-01-11,16.65,17.13,16.46,17.10,1111900,17.10
2011-01-10,16.49,16.78,16.24,16.62,824900,16.62
2011-01-07,16.28,16.73,16.17,16.62,1146800,16.62
2011-01-06,15.51,16.85,15.50,16.25,2177000,16.25
2011-01-05,15.36,15.59,15.33,15.54,507100,15.54
2011-01-04,15.22,15.48,15.14,15.32,581500,15.32
2011-01-03,15.10,15.18,14.90,15.13,972300,15.13
2010-12-31,15.01,15.02,14.64,14.97,471100,14.97
2010-12-30,15.19,15.31,15.01,15.02,501300,15.02
2010-12-29,15.16,15.41,15.13,15.17,356100,15.17
2010-12-28,15.63,15.64,15.02,15.10,448500,15.10
2010-12-27,15.46,15.63,15.41,15.59,270700,15.59
2010-12-23,15.19,15.66,15.00,15.45,1060800,15.45
2010-12-22,15.25,15.37,15.05,15.13,513700,15.13
2010-12-21,15.30,15.30,15.15,15.24,602200,15.24
2010-12-20,15.45,15.45,14.81,15.27,1003700,15.27
2010-12-17,15.05,15.60,15.05,15.45,1348500,15.45
2010-12-16,14.83,15.23,14.76,15.06,1009500,15.06
2010-12-15,14.42,15.15,14.37,14.76,940300,14.76
2010-12-14,14.42,14.57,14.27,14.40,513900,14.40
2010-12-13,14.71,14.80,14.15,14.35,1454300,14.35
2010-12-10,14.63,14.81,14.52,14.70,491500,14.70
2010-12-09,14.90,15.09,14.50,14.58,665000,14.58
2010-12-08,14.39,14.94,14.32,14.90,3757200,14.90
2010-12-07,15.63,15.69,15.11,15.18,793400,15.18
2010-12-06,15.70,15.76,15.19,15.47,529600,15.47
2010-12-03,15.61,15.95,15.50,15.72,380400,15.72
2010-12-02,15.47,16.00,15.31,15.65,723100,15.65
2010-12-01,15.53,15.65,15.24,15.42,551100,15.42
2010-11-30,15.24,15.48,15.06,15.25,1151500,15.25
2010-11-29,15.22,15.59,15.05,15.47,579400,15.47
2010-11-26,15.43,15.55,14.95,15.32,146300,15.32
2010-11-24,15.22,15.54,15.21,15.48,333600,15.48
2010-11-23,15.20,15.27,14.90,15.09,544100,15.09
2010-11-22,15.45,15.84,15.22,15.34,496700,15.34
2010-11-19,15.36,15.48,15.27,15.38,420500,15.38
2010-11-18,15.41,15.54,15.12,15.33,496900,15.33
2010-11-17,15.41,15.51,15.18,15.19,359700,15.19
2010-11-16,15.82,15.91,15.25,15.43,474200,15.43
2010-11-15,15.93,16.10,15.56,15.96,635800,15.96
2010-11-12,15.40,15.99,15.34,15.82,599500,15.82
2010-11-11,15.80,15.95,15.34,15.60,483500,15.60
2010-11-10,15.76,16.00,15.37,15.99,420300,15.99
2010-11-09,16.07,16.27,15.52,15.65,559300,15.65
2010-11-08,16.29,16.42,15.93,16.10,475500,16.10
2010-11-05,16.38,16.51,16.02,16.35,571600,16.35
2010-11-04,15.99,16.30,15.78,16.29,1183500,16.29
2010-11-03,15.18,15.77,15.00,15.71,1073700,15.71
2010-11-02,15.80,15.85,13.91,15.20,2136300,15.20
2010-11-01,17.38,17.66,15.79,15.90,2041400,15.90
2010-10-29,16.46,17.35,16.35,16.70,1656200,16.70
2010-10-28,16.08,16.65,15.70,16.49,1012800,16.49
2010-10-27,15.61,16.33,15.35,15.85,803200,15.85
2010-10-26,14.84,15.74,14.81,15.74,908400,15.74
2010-10-25,15.66,15.75,14.68,14.90,1588900,14.90
2010-10-22,15.57,15.76,15.38,15.45,764600,15.45
2010-10-21,15.61,16.55,14.86,15.57,2824700,15.57
2010-10-20,14.43,14.79,14.30,14.72,829000,14.72
2010-10-19,14.21,14.55,14.17,14.31,637000,14.31
2010-10-18,14.51,14.60,14.28,14.52,850600,14.52
2010-10-15,14.54,14.54,14.21,14.43,819400,14.43
2010-10-14,14.24,14.32,14.07,14.30,289800,14.30
2010-10-13,14.11,14.38,13.88,14.29,334600,14.29
2010-10-12,13.95,14.28,13.53,13.98,602500,13.98
2010-10-11,14.17,14.36,13.94,13.98,745800,13.98
2010-10-08,14.87,14.92,13.79,14.14,1722500,14.14
2010-10-07,15.00,15.22,14.76,14.89,399500,14.89
2010-10-06,14.99,15.03,14.68,14.84,510900,14.84
2010-10-05,14.81,15.06,14.65,14.99,447100,14.99
2010-10-04,14.74,14.87,14.26,14.57,531500,14.57
2010-10-01,15.29,15.50,14.60,14.72,714300,14.72
2010-09-30,15.00,15.20,14.75,15.05,624300,15.05
2010-09-29,14.71,14.85,14.56,14.78,361000,14.78
2010-09-28,14.84,14.88,14.44,14.80,364800,14.80
2010-09-27,14.69,14.84,14.34,14.76,442900,14.76
2010-09-24,14.62,14.72,14.48,14.66,384300,14.66
2010-09-23,14.48,14.85,14.18,14.31,367400,14.31
2010-09-22,14.86,15.07,14.15,14.39,676900,14.39
2010-09-21,15.17,15.25,14.91,14.96,490400,14.96
2010-09-20,14.85,15.22,14.63,15.17,726000,15.17
2010-09-17,15.14,15.14,14.67,14.77,627900,14.77
2010-09-16,15.10,15.23,14.75,14.96,594900,14.96
2010-09-15,15.51,15.63,15.02,15.17,677000,15.17
2010-09-14,15.19,15.58,15.15,15.55,682500,15.55
2010-09-13,15.46,15.65,15.11,15.29,623400,15.29
2010-09-10,15.05,15.39,14.92,15.29,399400,15.29
2010-09-09,15.35,15.37,14.75,15.04,624200,15.04
2010-09-08,15.12,15.55,14.80,15.07,877900,15.07
2010-09-07,14.67,15.37,13.06,15.06,2930700,15.06
2010-09-03,14.66,14.89,14.51,14.69,731000,14.69
2010-09-02,14.94,15.00,14.38,14.44,782100,14.44
2010-09-01,14.77,15.08,14.57,14.90,990000,14.90
2010-08-31,14.78,15.28,14.10,14.45,1344400,14.45
2010-08-30,16.19,16.40,14.81,14.82,1271500,14.82
2010-08-27,16.13,16.48,15.64,16.28,776400,16.28
2010-08-26,16.57,16.85,15.78,15.85,4030300,15.85
2010-08-25,15.25,15.76,14.88,15.68,940100,15.68
2010-08-24,15.22,15.46,14.67,15.30,964300,15.30
2010-08-23,16.12,16.28,15.36,15.42,660300,15.42
2010-08-20,15.76,16.16,15.65,16.02,910800,16.02
2010-08-19,16.12,16.21,15.61,15.80,1259900,15.80
2010-08-18,16.37,16.68,16.14,16.14,708400,16.14
2010-08-17,16.54,16.71,16.10,16.13,940700,16.13
2010-08-16,16.11,16.94,15.98,16.45,1002500,16.45
2010-08-13,16.21,16.51,16.01,16.15,751000,16.15
2010-08-12,16.02,16.64,15.88,16.32,876800,16.32
2010-08-11,16.79,16.92,16.14,16.24,1174200,16.24
2010-08-10,17.50,17.61,16.93,16.99,909900,16.99
2010-08-09,18.12,18.49,17.64,17.73,1119000,17.73
2010-08-06,17.09,18.08,16.98,18.00,2818600,18.00
2010-08-05,19.25,19.47,16.92,17.15,5438300,17.15
2010-08-04,21.18,21.47,20.11,20.30,1127300,20.30
2010-08-03,22.16,22.30,21.11,21.12,1012600,21.12
2010-08-02,22.65,23.30,21.62,22.14,1313500,22.14
2010-07-30,21.40,22.37,20.74,21.34,1825700,21.34
2010-07-29,23.02,23.25,20.83,21.02,2798900,21.02
2010-07-28,22.69,23.39,22.05,22.95,1969200,22.95
2010-07-27,24.15,24.98,21.82,22.86,6496800,22.86
2010-07-26,22.42,26.20,21.81,26.11,8495700,26.11
2010-07-23,11.84,25.50,11.77,21.70,19191100,21.70
2010-07-22,11.67,12.01,11.42,11.93,192800,11.93
2010-07-21,11.88,12.03,11.37,11.46,128600,11.46
2010-07-20,11.33,11.79,11.31,11.76,196600,11.76
2010-07-19,11.55,11.88,11.23,11.49,162500,11.49
2010-07-16,11.89,12.13,11.43,11.50,216900,11.50
2010-07-15,12.15,12.45,11.88,11.96,131000,11.96
2010-07-14,12.60,12.78,11.98,12.13,173200,12.13
2010-07-13,12.28,12.75,12.28,12.65,408700,12.65
2010-07-12,12.38,12.56,12.10,12.16,86400,12.16
2010-07-09,12.54,12.57,12.28,12.46,91800,12.46
2010-07-08,12.55,12.56,12.20,12.53,180300,12.53
2010-07-07,11.75,12.44,11.54,12.39,232400,12.39
2010-07-06,12.67,12.72,11.64,11.67,234800,11.67
2010-07-02,12.17,12.54,12.13,12.46,154600,12.46
2010-07-01,12.33,12.33,11.61,12.11,213500,12.11
2010-06-30,12.49,12.70,12.24,12.26,199100,12.26
2010-06-29,12.89,13.25,12.24,12.46,633800,12.46
2010-06-28,13.57,13.70,13.14,13.15,203600,13.15
2010-06-25,12.96,13.75,12.74,13.66,458300,13.66
2010-06-24,12.95,13.13,12.78,12.91,170800,12.91
2010-06-23,12.79,13.25,12.42,13.03,289500,13.03
2010-06-22,13.52,13.63,12.72,12.77,280100,12.77
2010-06-21,14.45,14.45,13.34,13.43,293300,13.43
2010-06-18,15.00,15.00,14.02,14.18,685700,14.18
2010-06-17,14.76,15.25,14.65,15.00,290200,15.00
2010-06-16,13.69,14.86,13.61,14.74,290000,14.74
2010-06-15,14.00,14.08,13.80,13.85,200000,13.85
2010-06-14,13.85,14.40,13.85,13.91,188800,13.91
2010-06-11,12.88,13.75,12.65,13.75,312900,13.75
2010-06-10,12.59,13.12,12.49,13.08,181600,13.08
2010-06-09,12.64,12.69,12.10,12.34,190100,12.34
2010-06-08,12.50,12.74,12.08,12.48,243800,12.48
2010-06-07,13.08,13.15,12.44,12.45,241600,12.45
2010-06-04,13.52,13.75,12.95,13.03,367600,13.03
2010-06-03,13.54,13.94,13.31,13.91,133800,13.91
2010-06-02,13.26,13.67,13.16,13.61,282700,13.61
2010-06-01,13.19,13.50,12.90,13.14,368800,13.14
2010-05-28,12.82,13.42,12.70,13.27,449300,13.27
2010-05-27,12.46,12.93,12.43,12.90,195200,12.90
2010-05-26,12.45,12.78,12.18,12.24,261800,12.24
2010-05-25,11.56,12.49,11.56,12.41,298200,12.41
2010-05-24,12.00,12.13,11.76,11.84,162000,11.84
2010-05-21,11.81,12.17,11.54,11.96,626700,11.96
2010-05-20,12.66,12.73,11.11,11.93,493400,11.93
2010-05-19,13.19,13.26,12.74,12.92,175500,12.92
2010-05-18,13.41,13.69,13.09,13.18,192000,13.18
2010-05-17,13.38,13.55,12.77,13.25,152200,13.25
2010-05-14,13.69,13.75,12.92,13.28,322700,13.28
2010-05-13,14.15,14.16,13.37,13.76,614200,13.76
2010-05-12,12.53,13.97,12.42,13.82,578000,13.82
2010-05-11,11.64,12.79,11.56,12.47,273200,12.47
2010-05-10,11.56,12.59,11.51,11.77,442100,11.77
2010-05-07,12.34,12.55,10.92,10.99,679700,10.99
2010-05-06,13.79,13.86,10.77,12.45,826700,12.45
2010-05-05,13.82,14.18,13.44,13.89,288800,13.89
2010-05-04,14.26,14.30,13.87,13.88,272100,13.88
2010-05-03,13.90,14.50,13.87,14.44,193200,14.44
2010-04-30,14.24,14.53,13.88,13.88,146200,13.88
2010-04-29,13.99,14.26,13.82,14.20,201300,14.20
2010-04-28,13.61,13.96,13.42,13.87,437000,13.87
2010-04-27,13.75,14.20,13.48,13.61,337900,13.61
2010-04-26,14.19,14.31,13.79,13.83,245700,13.83
2010-04-23,14.10,14.40,13.98,14.21,233500,14.21
2010-04-22,14.70,14.73,14.03,14.09,338100,14.09
2010-04-21,14.91,15.08,14.71,14.86,279700,14.86
2010-04-20,14.70,14.95,14.52,14.86,163300,14.86
2010-04-19,15.00,15.25,14.54,14.60,235900,14.60
2010-04-16,15.00,15.16,14.54,15.11,266500,15.11
2010-04-15,14.83,15.13,14.83,14.99,133800,14.99
2010-04-14,14.70,14.82,14.46,14.80,213800,14.80
2010-04-13,14.48,14.75,14.34,14.68,194600,14.68
2010-04-12,14.65,14.78,14.37,14.48,139700,14.48
2010-04-09,14.86,14.86,14.60,14.65,214400,14.65
2010-04-08,14.63,14.91,14.51,14.86,101100,14.86
2010-04-07,14.72,15.09,14.51,14.71,269500,14.71
2010-04-06,14.82,14.99,14.65,14.69,152800,14.69
2010-04-05,15.17,15.25,14.82,14.92,291400,14.92
2010-04-01,14.98,15.30,14.89,15.12,354700,15.12
2010-03-31,15.21,15.35,14.96,14.97,210100,14.97
2010-03-30,15.09,15.40,15.01,15.31,363800,15.31
2010-03-29,14.97,15.20,14.75,15.12,262600,15.12
2010-03-26,15.06,15.30,14.88,14.89,188300,14.89
2010-03-25,15.26,15.54,14.96,15.00,326800,15.00
2010-03-24,15.14,15.25,15.00,15.18,314800,15.18
2010-03-23,14.26,15.22,14.12,15.14,375200,15.14
2010-03-22,14.37,14.39,13.99,14.22,363900,14.22
2010-03-19,14.08,14.35,14.05,14.33,554000,14.33
2010-03-18,14.25,14.39,13.95,13.99,437200,13.99
2010-03-17,14.59,14.82,14.17,14.22,272200,14.22
2010-03-16,14.39,14.63,14.11,14.62,418900,14.62
2010-03-15,14.49,14.57,14.22,14.34,345700,14.34
2010-03-12,14.75,14.75,14.16,14.47,483700,14.47
2010-03-11,14.89,15.18,14.62,14.70,512600,14.70
2010-03-10,15.10,15.24,14.92,15.02,232200,15.02
2010-03-09,14.83,15.24,14.70,15.11,305700,15.11
2010-03-08,15.44,15.57,15.01,15.15,246700,15.15
2010-03-05,15.39,15.80,15.25,15.49,308600,15.49
2010-03-04,15.35,15.44,15.19,15.40,97300,15.40
2010-03-03,15.26,15.51,14.98,15.31,236900,15.31
2010-03-02,15.24,15.35,14.95,15.19,221900,15.19
2010-03-01,14.65,15.31,14.65,15.28,454100,15.28
2010-02-26,15.01,15.03,14.55,14.64,365600,14.64
2010-02-25,14.95,15.18,14.81,14.94,267000,14.94
2010-02-24,15.10,15.23,14.97,15.09,196900,15.09
2010-02-23,15.09,15.20,14.62,15.09,353100,15.09
2010-02-22,15.46,15.50,15.10,15.13,275400,15.13
2010-02-19,15.36,15.44,14.86,15.37,455400,15.37
2010-02-18,15.48,15.48,15.13,15.37,210000,15.37
2010-02-17,15.19,15.54,15.00,15.54,483400,15.54
2010-02-16,15.50,15.50,14.93,15.10,472000,15.10
2010-02-12,14.84,15.48,14.61,15.48,493500,15.48
2010-02-11,14.61,14.93,14.26,14.93,456900,14.93
2010-02-10,14.54,14.73,14.02,14.68,728100,14.68
2010-02-09,14.73,14.86,14.44,14.63,247200,14.63
2010-02-08,14.63,14.94,14.46,14.62,215100,14.62
2010-02-05,14.29,14.88,13.95,14.60,445200,14.60
2010-02-04,14.96,14.96,14.31,14.32,352600,14.32
2010-02-03,15.15,15.29,14.95,15.08,436000,15.08
2010-02-02,14.68,15.20,14.67,15.15,575800,15.15
2010-02-01,14.60,14.72,14.35,14.63,350900,14.63
2010-01-29,14.53,14.74,14.15,14.59,510700,14.59
2010-01-28,15.11,15.11,14.22,14.55,395000,14.55
2010-01-27,14.59,15.10,14.59,15.04,632200,15.04
2010-01-26,14.83,14.96,14.63,14.64,575000,14.64
2010-01-25,15.18,15.18,14.37,14.92,871000,14.92
2010-01-22,13.47,16.45,13.47,15.12,2961900,15.12
2010-01-21,13.80,13.90,13.33,13.42,722000,13.42
2010-01-20,13.50,13.86,13.20,13.74,1448700,13.74
2010-01-19,12.73,13.50,12.65,13.48,1157400,13.48
2010-01-15,12.40,12.67,12.28,12.65,711100,12.65
2010-01-14,12.21,12.42,12.21,12.36,459000,12.36
2010-01-13,12.30,12.52,12.29,12.36,313900,12.36
2010-01-12,12.66,12.68,12.10,12.29,605600,12.29
2010-01-11,12.58,12.76,12.47,12.68,356800,12.68
2010-01-08,12.62,12.71,12.34,12.58,386500,12.58
2010-01-07,12.72,12.90,12.59,12.62,628900,12.62
2010-01-06,12.40,12.78,12.32,12.71,378900,12.71
2010-01-05,12.63,12.69,12.40,12.45,259500,12.45
2010-01-04,12.78,13.00,12.50,12.61,575900,12.61
2009-12-31,13.03,13.10,12.57,12.60,203400,12.60
2009-12-30,12.90,13.10,12.81,13.03,187500,13.03
2009-12-29,12.92,13.17,12.68,12.99,403900,12.99
2009-12-28,12.81,13.00,12.51,12.85,322200,12.85
2009-12-24,12.54,12.88,12.12,12.81,246100,12.81
2009-12-23,11.42,12.58,11.40,12.48,1000600,12.48
2009-12-22,10.69,11.42,10.69,11.36,669900,11.36
2009-12-21,10.60,10.88,10.55,10.69,332700,10.69
2009-12-18,10.50,10.57,10.15,10.52,807900,10.52
2009-12-17,10.98,11.09,10.42,10.47,411100,10.47
2009-12-16,11.16,11.21,10.90,11.01,352700,11.01
2009-12-15,11.34,11.53,11.05,11.08,344400,11.08
2009-12-14,11.12,11.35,10.84,11.35,258300,11.35
2009-12-11,11.06,11.06,10.69,11.02,355600,11.02
2009-12-10,11.25,11.25,10.77,11.00,444500,11.00
2009-12-09,10.67,11.22,10.55,11.20,536700,11.20
2009-12-08,10.65,10.73,10.57,10.63,271900,10.63
2009-12-07,10.89,10.99,10.51,10.75,284800,10.75
2009-12-04,10.52,10.94,10.39,10.89,452300,10.89
2009-12-03,10.51,10.59,10.26,10.31,228400,10.31
2009-12-02,10.17,10.51,10.17,10.44,345800,10.44
2009-12-01,10.06,10.39,9.93,10.02,394500,10.02
2009-11-30,9.90,9.99,9.62,9.95,471500,9.95
2009-11-27,10.05,10.27,9.90,9.95,166800,9.95
2009-11-25,10.66,10.77,10.30,10.35,370800,10.35
2009-11-24,10.53,10.62,10.25,10.58,574900,10.58
2009-11-23,11.01,11.09,10.20,10.58,1054700,10.58
2009-11-20,11.25,11.60,11.00,11.05,622800,11.05
2009-11-19,11.17,11.40,10.86,11.29,902700,11.29
2009-11-18,10.47,10.79,10.43,10.66,340600,10.66
2009-11-17,10.28,10.55,10.23,10.30,153500,10.30
2009-11-16,10.23,10.44,10.15,10.36,356100,10.36
2009-11-13,10.36,10.36,10.03,10.12,260000,10.12
2009-11-12,10.45,10.54,10.28,10.30,310500,10.30
2009-11-11,10.52,10.61,10.38,10.42,510300,10.42
2009-11-10,10.68,10.76,10.15,10.46,408000,10.46
2009-11-09,10.59,10.92,10.53,10.79,654100,10.79
2009-11-06,9.84,10.65,9.81,10.58,649300,10.58
2009-11-05,9.43,9.99,9.25,9.96,594800,9.96
2009-11-04,9.29,9.49,9.25,9.38,646200,9.38
2009-11-03,8.83,9.40,8.70,9.27,917400,9.27
2009-11-02,9.14,9.21,8.84,8.90,693900,8.90
2009-10-30,9.55,9.60,9.07,9.12,1069500,9.12
2009-10-29,9.49,9.79,9.47,9.59,429900,9.59
2009-10-28,9.86,9.97,9.42,9.44,475100,9.44
2009-10-27,9.54,10.03,9.48,9.90,782700,9.90
2009-10-26,9.60,9.95,9.45,9.54,691400,9.54
2009-10-23,9.65,9.67,9.42,9.56,500500,9.56
2009-10-22,9.43,9.69,9.37,9.59,582800,9.59
2009-10-21,9.64,9.84,9.39,9.40,481400,9.40
2009-10-20,9.97,10.04,9.62,9.63,560000,9.63
2009-10-19,10.00,10.08,9.87,10.01,554300,10.01
2009-10-16,9.98,10.16,9.96,10.00,718900,10.00
2009-10-15,9.79,10.16,9.74,10.00,669700,10.00
2009-10-14,9.55,9.85,9.27,9.85,683900,9.85
2009-10-13,9.46,9.56,9.37,9.44,572100,9.44
2009-10-12,9.67,9.75,9.42,9.44,452400,9.44
2009-10-09,9.65,9.72,9.57,9.71,393100,9.71
2009-10-08,9.76,9.90,9.61,9.68,524500,9.68
2009-10-07,9.46,9.75,9.46,9.67,576600,9.67
2009-10-06,9.49,9.62,9.35,9.49,286700,9.49
2009-10-05,9.91,10.10,9.46,9.46,667300,9.46
2009-10-02,9.85,9.98,9.71,9.84,385100,9.84
2009-10-01,10.59,10.69,9.88,9.89,625000,9.89
2009-09-30,10.82,10.92,10.50,10.61,300500,10.61
2009-09-29,11.26,11.29,10.75,10.78,306100,10.78
2009-09-28,11.02,11.47,10.87,11.22,541800,11.22
2009-09-25,10.83,11.06,10.75,10.94,693500,10.94
2009-09-24,10.98,11.42,10.72,10.80,2018900,10.80
2009-09-23,11.53,11.53,10.75,10.88,1836300,10.88
2009-09-22,11.26,11.64,11.06,11.60,329500,11.60
2009-09-21,11.39,11.54,11.00,11.12,371200,11.12
2009-09-18,11.71,11.84,11.31,11.40,654100,11.40
2009-09-17,10.71,11.15,10.58,11.14,394400,11.14
2009-09-16,10.54,10.71,10.50,10.71,156100,10.71
2009-09-15,10.22,10.57,10.22,10.54,280300,10.54
2009-09-14,10.22,10.41,10.18,10.21,721800,10.21
2009-09-11,10.25,10.39,10.10,10.26,273800,10.26
2009-09-10,9.99,10.51,9.91,10.28,775700,10.28
2009-09-09,9.53,9.97,9.50,9.88,533000,9.88
2009-09-08,9.73,9.76,9.40,9.51,151800,9.51
2009-09-04,9.47,9.68,9.29,9.68,201000,9.68
2009-09-03,9.59,9.67,9.35,9.56,167100,9.56
2009-09-02,9.61,9.65,9.34,9.59,213100,9.59
2009-09-01,9.81,10.04,9.55,9.67,198000,9.67
2009-08-31,9.80,9.94,9.63,9.90,168600,9.90
2009-08-28,10.11,10.11,9.78,9.92,153400,9.92
2009-08-27,10.02,10.06,9.91,10.05,134600,10.05
2009-08-26,9.86,10.09,9.75,10.08,129200,10.08
2009-08-25,9.82,10.04,9.76,9.90,121600,9.90
2009-08-24,9.78,10.02,9.66,9.84,130600,9.84
2009-08-21,10.19,10.24,9.65,9.74,228900,9.74
2009-08-20,9.97,10.19,9.84,10.03,157700,10.03
2009-08-19,9.64,10.07,9.64,10.02,138800,10.02
2009-08-18,9.69,9.80,9.52,9.67,100700,9.67
2009-08-17,9.59,9.78,9.44,9.61,105400,9.61
2009-08-14,10.08,10.19,9.62,9.78,111300,9.78
2009-08-13,10.24,10.40,10.05,10.07,158000,10.07
2009-08-12,9.74,10.43,9.70,10.21,371200,10.21
2009-08-11,9.81,9.99,9.47,9.70,190400,9.70
2009-08-10,10.04,10.28,9.65,9.83,332500,9.83
2009-08-07,10.38,10.71,10.05,10.07,468300,10.07
2009-08-06,11.05,11.06,10.13,10.17,392000,10.17
2009-08-05,10.96,11.14,10.72,10.97,283200,10.97
2009-08-04,10.69,10.99,10.61,10.92,284200,10.92
2009-08-03,10.89,10.99,10.51,10.78,171900,10.78
2009-07-31,10.96,11.13,10.76,10.85,289200,10.85
2009-07-30,11.39,11.61,10.76,11.04,438300,11.04
2009-07-29,11.30,11.47,11.18,11.28,199500,11.28
2009-07-28,11.22,11.40,11.17,11.38,149400,11.38
2009-07-27,11.25,11.35,11.06,11.33,157700,11.33
2009-07-24,11.35,11.44,10.97,11.37,181400,11.37
2009-07-23,11.08,11.52,11.07,11.41,268700,11.41
2009-07-22,11.26,11.40,10.97,11.12,149100,11.12
2009-07-21,11.40,11.57,10.95,11.28,302800,11.28
2009-07-20,11.27,11.57,11.23,11.37,145700,11.37
2009-07-17,11.44,11.79,11.15,11.18,254200,11.18
2009-07-16,11.63,11.63,11.23,11.40,365700,11.40
2009-07-15,11.73,11.73,11.26,11.54,333100,11.54
2009-07-14,11.53,11.78,11.31,11.51,205100,11.51
2009-07-13,11.60,11.70,11.24,11.53,216900,11.53
2009-07-10,11.43,11.60,11.20,11.59,209300,11.59
2009-07-09,11.49,11.54,11.14,11.53,313900,11.53
2009-07-08,11.63,11.63,11.16,11.45,220600,11.45
2009-07-07,11.70,11.75,11.32,11.54,167900,11.54
2009-07-06,11.84,11.84,11.17,11.66,298600,11.66
2009-07-02,11.72,12.05,11.01,11.85,305000,11.85
2009-07-01,12.15,12.15,11.48,11.94,262800,11.94
2009-06-30,12.03,12.46,11.78,12.03,484600,12.03
2009-06-29,11.99,12.23,11.61,11.97,474100,11.97
2009-06-26,11.31,12.00,11.09,12.00,2000000,12.00
2009-06-25,9.81,11.34,9.81,11.32,473500,11.32
2009-06-24,9.40,9.86,9.31,9.84,231900,9.84
2009-06-23,9.35,9.51,9.25,9.32,126000,9.32
2009-06-22,9.69,9.99,9.24,9.31,213700,9.31
2009-06-19,9.42,9.94,9.37,9.82,315800,9.82
2009-06-18,9.27,9.33,9.00,9.29,139900,9.29
2009-06-17,9.00,9.47,8.94,9.33,148700,9.33
2009-06-16,9.19,9.19,8.88,9.04,140000,9.04
2009-06-15,8.90,9.12,8.75,9.05,166600,9.05
2009-06-12,8.95,9.01,8.86,8.97,98100,8.97
2009-06-11,8.85,9.29,8.84,9.00,130300,9.00
2009-06-10,9.45,9.45,8.76,8.85,376500,8.85
2009-06-09,9.48,9.67,9.40,9.42,153400,9.42
2009-06-08,9.62,9.65,9.18,9.40,149200,9.40
2009-06-05,9.75,9.86,9.40,9.61,99500,9.61
2009-06-04,9.17,9.86,9.13,9.63,188100,9.63
2009-06-03,9.01,9.30,8.75,9.14,123200,9.14
2009-06-02,9.04,9.17,8.80,9.06,175200,9.06
2009-06-01,8.91,9.19,8.69,9.11,346300,9.11
2009-05-29,8.68,8.80,8.56,8.77,175300,8.77
2009-05-28,8.89,9.07,8.51,8.68,173900,8.68
2009-05-27,8.49,9.36,8.40,8.85,372400,8.85
2009-05-26,8.41,8.61,8.37,8.52,374800,8.52
2009-05-22,8.97,9.10,8.52,8.52,308000,8.52
2009-05-21,9.34,9.39,8.72,8.89,328100,8.89
2009-05-20,9.63,9.82,9.36,9.43,412100,9.43
2009-05-19,9.59,9.63,9.38,9.53,394900,9.53
2009-05-18,9.40,9.90,9.36,9.48,251200,9.48
2009-05-15,9.93,10.09,9.19,9.25,631900,9.25
2009-05-14,10.04,10.25,9.75,9.87,204700,9.87
2009-05-13,10.09,10.22,9.95,9.96,268900,9.96
2009-05-12,10.20,10.48,10.01,10.23,241700,10.23
2009-05-11,10.03,10.32,10.03,10.20,177400,10.20
2009-05-08,10.25,10.49,10.10,10.23,180100,10.23
2009-05-07,10.50,10.82,10.01,10.05,166300,10.05
2009-05-06,10.93,10.94,10.26,10.35,204600,10.35
2009-05-05,10.94,10.94,10.59,10.78,286300,10.78
2009-05-04,11.19,11.26,10.80,11.04,195300,11.04
2009-05-01,11.20,11.37,10.84,11.04,237200,11.04
2009-04-30,11.65,12.16,11.16,11.20,375200,11.20
2009-04-29,11.10,11.66,10.94,11.55,221700,11.55
2009-04-28,10.73,11.14,10.54,11.03,269900,11.03
2009-04-27,10.05,10.90,10.05,10.81,263700,10.81
2009-04-24,10.38,10.44,10.11,10.23,178000,10.23
2009-04-23,10.07,10.45,10.00,10.30,240000,10.30
2009-04-22,10.16,10.72,9.97,10.09,298200,10.09
2009-04-21,10.10,10.42,9.93,10.36,286200,10.36
2009-04-20,10.50,10.69,10.18,10.24,211500,10.24
2009-04-17,10.81,11.10,10.52,10.70,392300,10.70
2009-04-16,10.90,11.52,10.71,10.75,479000,10.75
2009-04-15,10.50,11.25,10.47,10.83,307200,10.83
2009-04-14,10.64,10.76,10.41,10.55,215500,10.55
2009-04-13,11.10,11.28,10.75,10.85,246400,10.85
2009-04-09,11.12,11.42,10.63,11.36,313400,11.36
2009-04-08,10.62,10.89,10.48,10.70,207600,10.70
2009-04-07,10.69,10.88,10.49,10.50,239100,10.50
2009-04-06,10.90,11.05,10.54,10.81,312300,10.81
2009-04-03,11.44,11.53,10.87,11.11,396000,11.11
2009-04-02,11.15,11.65,11.02,11.41,263600,11.41
2009-04-01,10.87,11.20,10.49,11.15,262600,11.15
2009-03-31,12.10,12.15,10.89,11.01,376100,11.01
2009-03-30,11.73,12.13,11.08,12.02,547500,12.02
2009-03-27,11.30,12.05,11.20,12.02,556400,12.02
2009-03-26,10.88,11.59,10.20,11.56,597600,11.56
2009-03-25,9.22,11.10,9.16,10.86,594800,10.86
2009-03-24,9.16,9.45,8.90,9.11,331500,9.11
2009-03-23,8.60,9.27,8.39,9.27,260100,9.27
2009-03-20,9.32,9.44,8.30,8.33,312600,8.33
2009-03-19,9.44,9.62,9.09,9.22,169500,9.22
2009-03-18,8.47,9.42,8.47,9.33,336400,9.33
2009-03-17,7.88,8.44,7.86,8.44,151100,8.44
2009-03-16,8.43,8.70,7.83,7.86,184300,7.86
2009-03-13,7.97,8.43,7.79,8.32,196500,8.32
2009-03-12,7.29,8.00,7.16,7.90,249500,7.90
2009-03-11,7.37,7.62,7.25,7.29,255300,7.29
2009-03-10,7.33,7.72,7.26,7.30,419400,7.30
2009-03-09,7.40,7.49,6.94,7.12,189900,7.12
2009-03-06,7.36,7.51,7.27,7.44,456300,7.44
2009-03-05,7.98,8.17,7.18,7.19,345500,7.19
2009-03-04,8.18,8.41,7.70,8.16,258700,8.16
2009-03-03,7.63,8.59,7.60,8.01,970700,8.01
2009-03-02,9.41,9.44,7.48,7.55,596100,7.55
2009-02-27,10.09,10.34,9.60,9.60,219400,9.60
2009-02-26,10.46,10.84,10.16,10.22,147500,10.22
2009-02-25,10.74,10.77,10.36,10.43,200100,10.43
2009-02-24,10.37,10.91,10.37,10.84,195700,10.84
2009-02-23,11.26,11.26,10.55,10.56,169800,10.56
2009-02-20,10.53,11.42,10.53,11.25,181300,11.25
2009-02-19,11.35,11.59,10.60,10.68,198900,10.68
2009-02-18,11.76,11.76,11.06,11.24,156400,11.24
2009-02-17,11.79,11.99,11.63,11.70,183200,11.70
2009-02-13,11.98,12.56,11.83,12.17,342100,12.17
2009-02-12,10.75,11.75,10.40,11.49,218000,11.49
2009-02-11,10.42,10.94,10.40,10.90,113100,10.90
2009-02-10,10.54,10.91,10.27,10.40,156800,10.40
2009-02-09,10.67,10.94,10.41,10.64,94400,10.64
2009-02-06,10.85,11.21,10.71,10.75,203700,10.75
2009-02-05,10.56,11.00,10.43,10.85,91300,10.85
2009-02-04,10.85,11.00,10.55,10.64,129500,10.64
2009-02-03,11.06,11.09,10.72,10.87,118800,10.87
2009-02-02,10.66,11.21,10.66,11.02,132000,11.02
2009-01-30,10.65,11.53,10.65,10.83,316300,10.83
2009-01-29,11.02,11.15,10.46,10.51,126000,10.51
2009-01-28,10.75,11.56,10.75,11.12,222000,11.12
2009-01-27,10.58,10.96,10.48,10.59,142400,10.59
2009-01-26,10.69,11.05,10.31,10.51,160000,10.51
2009-01-23,11.40,11.58,10.50,10.64,226000,10.64
2009-01-22,12.12,12.19,11.53,11.76,123400,11.76
2009-01-21,11.78,12.40,11.41,12.36,195200,12.36
2009-01-20,12.27,12.51,11.61,11.65,220100,11.65
2009-01-16,11.92,12.54,11.61,12.49,415100,12.49
2009-01-15,10.91,11.84,10.55,11.80,243800,11.80
2009-01-14,10.50,11.11,10.48,10.92,185800,10.92
2009-01-13,10.78,11.02,10.40,10.73,166300,10.73
2009-01-12,10.95,11.36,10.52,10.82,142500,10.82
2009-01-09,11.81,11.81,11.00,11.00,205700,11.00
2009-01-08,11.59,11.63,11.25,11.59,123500,11.59
2009-01-07,11.60,11.88,11.45,11.69,240800,11.69
2009-01-06,11.83,12.00,11.44,11.67,133900,11.67
2009-01-05,11.26,11.80,11.06,11.69,174500,11.69
2009-01-02,11.62,11.93,10.89,10.97,233300,10.97
2008-12-31,11.32,11.73,11.15,11.60,148300,11.60
2008-12-30,11.14,11.33,10.74,11.28,103400,11.28
2008-12-29,11.31,11.31,10.70,10.99,122600,10.99
2008-12-26,10.98,11.48,10.73,11.34,88400,11.34
2008-12-24,10.91,11.04,10.66,10.92,30200,10.92
2008-12-23,10.88,11.33,10.67,10.87,140800,10.87
2008-12-22,11.35,11.60,10.41,10.75,204900,10.75
2008-12-19,11.58,11.60,10.97,11.26,379200,11.26
2008-12-18,11.93,12.25,10.99,11.23,212200,11.23
2008-12-17,11.35,12.25,11.00,11.90,395600,11.90
2008-12-16,10.65,11.68,10.35,11.50,340400,11.50
2008-12-15,10.94,10.95,10.18,10.51,234300,10.51
2008-12-12,10.30,11.15,9.36,10.85,216600,10.85
2008-12-11,11.17,11.55,10.30,10.70,249600,10.70
2008-12-10,10.54,11.57,10.54,11.35,263200,11.35
2008-12-09,9.77,10.86,9.51,10.46,555300,10.46
2008-12-08,9.00,9.83,8.52,9.48,346900,9.48
2008-12-05,7.89,8.79,7.70,8.75,204800,8.75
2008-12-04,8.37,8.78,7.85,7.98,232700,7.98
2008-12-03,8.15,8.69,7.92,8.49,227800,8.49
2008-12-02,8.04,8.44,7.73,8.35,404500,8.35
2008-12-01,8.65,9.00,7.87,7.91,287600,7.91
2008-11-28,8.88,9.13,8.66,8.90,273800,8.90
2008-11-26,7.99,9.01,7.66,8.98,287900,8.98
2008-11-25,7.84,8.20,7.71,8.16,329300,8.16
2008-11-24,7.02,7.89,6.74,7.74,405400,7.74
2008-11-21,7.10,7.15,6.47,6.99,565900,6.99
2008-11-20,7.15,7.50,6.69,7.00,447600,7.00
2008-11-19,7.77,7.97,7.24,7.32,201800,7.32
2008-11-18,8.06,8.16,7.50,7.79,208600,7.79
2008-11-17,7.77,8.26,7.77,8.02,163200,8.02
2008-11-14,7.83,8.30,7.76,7.85,244400,7.85
2008-11-13,7.44,8.18,6.96,8.10,346000,8.10
2008-11-12,7.81,7.99,7.35,7.41,290200,7.41
2008-11-11,8.01,8.31,7.78,7.91,194800,7.91
2008-11-10,7.91,8.23,7.61,8.12,212700,8.12
2008-11-07,8.02,8.04,7.53,7.71,377800,7.71
2008-11-06,8.09,8.15,7.69,7.94,424700,7.94
2008-11-05,8.94,9.04,8.13,8.14,220500,8.14
2008-11-04,9.21,9.27,8.74,9.06,306800,9.06
2008-11-03,9.25,9.42,8.97,9.00,285100,9.00
2008-10-31,9.00,9.43,8.87,9.11,461300,9.11
2008-10-30,9.00,9.42,8.69,9.00,470700,9.00
2008-10-29,9.39,9.39,8.62,8.76,502700,8.76
2008-10-28,9.75,9.75,8.97,9.34,383500,9.34
2008-10-27,9.36,10.11,9.22,9.50,178700,9.50
2008-10-24,8.90,10.01,8.90,9.46,349600,9.46
2008-10-23,10.14,10.25,8.77,9.59,320900,9.59
2008-10-22,10.35,10.51,9.91,10.10,270000,10.10
2008-10-21,10.90,11.27,10.49,10.58,233100,10.58
2008-10-20,11.06,11.70,10.52,11.31,161900,11.31
2008-10-17,10.85,11.36,9.84,10.84,349100,10.84
2008-10-16,9.85,10.45,8.56,10.33,430300,10.33
2008-10-15,10.51,10.92,9.72,9.72,287600,9.72
2008-10-14,11.83,11.83,10.50,10.70,254100,10.70
2008-10-13,9.91,11.50,9.80,11.39,238000,11.39
2008-10-10,9.70,10.28,8.65,9.51,616100,9.51
2008-10-09,11.66,11.72,9.75,9.77,472400,9.77
2008-10-08,10.48,11.97,10.08,11.38,380100,11.38
2008-10-07,11.61,12.05,10.51,10.60,415500,10.60
2008-10-06,11.93,12.10,10.80,11.43,402500,11.43
2008-10-03,12.71,13.30,12.05,12.28,246900,12.28
2008-10-02,13.12,13.47,12.31,12.50,236700,12.50
2008-10-01,12.99,13.54,12.47,13.18,343200,13.18
2008-09-30,12.78,13.32,12.05,13.11,325100,13.11
2008-09-29,13.77,14.00,12.19,12.67,520700,12.67
2008-09-26,14.55,14.94,13.88,13.99,492000,13.99
2008-09-25,14.27,14.99,14.27,14.81,387700,14.81
2008-09-24,14.70,15.80,14.15,14.18,198100,14.18
2008-09-23,15.19,15.19,14.70,14.70,236600,14.70
2008-09-22,15.50,16.00,14.78,15.19,390400,15.19
2008-09-19,15.71,16.00,15.03,15.46,676800,15.46
2008-09-18,14.05,15.16,13.15,14.82,1081700,14.82
2008-09-17,14.45,14.50,13.63,13.68,701200,13.68
2008-09-16,13.92,14.90,13.50,14.80,336100,14.80
2008-09-15,13.90,14.33,13.68,14.14,358200,14.14
2008-09-12,14.64,14.88,13.82,14.09,413300,14.09
2008-09-11,14.04,14.90,13.99,14.79,321200,14.79
2008-09-10,14.18,14.36,13.50,14.19,236100,14.19
2008-09-09,14.78,15.31,13.94,13.97,365800,13.97
2008-09-08,14.84,15.00,14.07,14.76,275600,14.76
2008-09-05,14.62,14.62,14.05,14.43,339000,14.43
2008-09-04,14.12,14.92,13.98,14.80,453300,14.80
2008-09-03,13.83,14.57,13.73,14.52,433600,14.52
2008-09-02,14.59,14.59,13.62,13.84,330200,13.84
2008-08-29,14.52,14.62,14.02,14.34,188400,14.34
2008-08-28,14.45,14.91,14.17,14.59,262200,14.59
2008-08-27,14.85,14.95,13.92,14.24,508000,14.24
2008-08-26,14.68,15.26,14.66,14.88,282600,14.88
2008-08-25,14.91,15.03,14.63,14.71,163900,14.71
2008-08-22,14.94,15.00,14.80,14.95,193300,14.95
2008-08-21,14.94,15.27,14.45,14.94,275300,14.94
2008-08-20,15.16,15.58,14.93,15.08,237200,15.08
2008-08-19,15.09,15.52,14.39,15.12,555800,15.12
2008-08-18,15.59,15.80,14.95,15.09,206700,15.09
2008-08-15,15.97,16.22,15.32,15.53,377200,15.53
2008-08-14,16.95,16.95,15.60,15.72,570000,15.72
2008-08-13,17.20,17.20,16.47,17.13,675400,17.13
2008-08-12,17.20,17.27,16.83,17.15,375400,17.15
2008-08-11,16.98,17.28,16.73,17.20,254400,17.20
2008-08-08,16.27,17.00,16.27,16.72,546900,16.72
2008-08-07,19.83,19.83,16.00,16.22,1855100,16.22
2008-08-06,17.25,20.00,17.24,19.53,1807300,19.53
2008-08-05,16.53,17.27,16.26,17.24,538100,17.24
2008-08-04,16.66,16.94,16.16,16.36,432700,16.36
2008-08-01,16.57,17.07,16.08,16.66,315500,16.66
2008-07-31,15.90,17.19,15.90,16.58,600500,16.58
2008-07-30,16.18,16.50,15.35,16.08,247700,16.08
2008-07-29,15.46,16.08,15.46,15.96,430600,15.96
2008-07-28,16.66,16.75,15.24,15.46,603300,15.46
2008-07-25,15.69,16.02,15.12,16.02,362400,16.02
2008-07-24,16.40,16.55,15.47,15.53,615200,15.53
2008-07-23,17.00,17.02,15.90,16.06,563600,16.06
2008-07-22,15.80,17.09,15.60,16.94,541200,16.94
2008-07-21,15.15,15.94,15.01,15.82,394800,15.82
2008-07-18,14.59,15.17,14.43,15.14,395100,15.14
2008-07-17,14.61,14.93,14.04,14.52,434200,14.52
2008-07-16,13.86,14.58,13.51,14.56,359100,14.56
2008-07-15,13.52,14.15,13.48,13.75,524300,13.75
2008-07-14,14.01,14.10,13.57,13.68,304300,13.68
2008-07-11,13.50,14.83,13.48,13.89,1114900,13.89
2008-07-10,12.71,13.57,12.71,13.08,204400,13.08
2008-07-09,13.28,13.55,12.73,12.74,242900,12.74
2008-07-08,12.74,13.34,12.08,13.25,293400,13.25
2008-07-07,13.11,13.21,12.54,12.69,169900,12.69
2008-07-03,13.16,13.19,12.64,13.02,94500,13.02
2008-07-02,12.62,13.51,12.37,13.11,287300,13.11
2008-07-01,12.15,12.77,12.00,12.66,308500,12.66
2008-06-30,12.77,12.96,12.25,12.30,172800,12.30
2008-06-27,12.80,12.99,12.64,12.79,713000,12.79
2008-06-26,13.12,13.26,12.77,12.80,197700,12.80
2008-06-25,13.01,13.39,12.77,13.31,121700,13.31
2008-06-24,13.16,13.36,12.77,13.00,105800,13.00
2008-06-23,13.76,13.81,13.18,13.23,75800,13.23
2008-06-20,13.83,13.92,13.38,13.70,320400,13.70
2008-06-19,13.39,13.94,13.31,13.89,138100,13.89
2008-06-18,13.66,13.73,12.93,13.40,203600,13.40
2008-06-17,13.58,13.97,13.55,13.71,163000,13.71
2008-06-16,13.00,14.27,12.78,13.54,363500,13.54
2008-06-13,12.59,13.23,12.46,13.09,188100,13.09
2008-06-12,12.48,12.92,12.36,12.49,147900,12.49
2008-06-11,12.82,12.95,12.38,12.38,146500,12.38
2008-06-10,13.10,13.37,12.84,12.87,295000,12.87
2008-06-09,13.09,13.36,12.86,13.21,314400,13.21
2008-06-06,13.85,13.96,13.08,13.08,272300,13.08
2008-06-05,13.43,14.57,13.43,13.97,442500,13.97
2008-06-04,13.47,14.05,13.35,13.40,199700,13.40
2008-06-03,13.38,14.09,13.07,13.50,1066100,13.50
2008-06-02,12.77,13.39,12.71,13.37,475500,13.37
2008-05-30,13.00,13.09,12.67,12.82,227100,12.82
2008-05-29,12.31,13.05,12.18,12.96,384200,12.96
2008-05-28,11.95,12.41,11.95,12.39,347100,12.39
2008-05-27,11.92,12.12,11.59,11.93,436500,11.93
2008-05-23,12.87,12.99,11.76,11.95,590300,11.95
2008-05-22,13.21,13.39,12.90,12.96,243800,12.96
2008-05-21,13.50,13.62,13.05,13.22,336000,13.22
2008-05-20,13.66,13.75,13.28,13.55,378600,13.55
2008-05-19,13.95,14.12,13.71,13.75,306800,13.75
2008-05-16,13.41,14.02,13.30,13.93,447900,13.93
2008-05-15,13.74,14.02,13.24,13.30,599200,13.30
2008-05-14,13.48,14.99,13.48,13.70,1124300,13.70
2008-05-13,13.64,13.76,13.35,13.43,181500,13.43
2008-05-12,14.02,14.04,13.54,13.59,275400,13.59
2008-05-09,14.05,14.14,13.52,13.95,396400,13.95
2008-05-08,13.42,14.45,12.64,14.19,900600,14.19
2008-05-07,14.44,14.54,13.67,13.98,339000,13.98
2008-05-06,14.00,14.36,13.90,14.10,261500,14.10
2008-05-05,14.18,14.26,13.65,14.02,343900,14.02
2008-05-02,14.27,14.52,13.97,14.07,289800,14.07
2008-05-01,14.00,14.20,13.71,14.18,544200,14.18
2008-04-30,14.01,15.45,13.70,13.98,1446900,13.98
2008-04-29,15.57,15.99,14.15,14.65,847600,14.65
2008-04-28,14.30,15.41,14.20,14.94,1359400,14.94
2008-04-25,13.30,13.45,12.52,13.25,547200,13.25
2008-04-24,11.42,13.60,11.42,13.36,1039800,13.36
2008-04-23,10.95,11.49,10.90,11.36,283300,11.36
2008-04-22,11.62,11.65,10.85,10.91,194200,10.91
2008-04-21,11.59,12.15,11.53,11.74,191500,11.74
2008-04-18,11.45,11.74,11.15,11.56,190300,11.56
2008-04-17,11.18,11.48,10.99,11.21,114900,11.21
2008-04-16,10.69,11.26,10.53,11.26,260200,11.26
2008-04-15,11.13,11.13,10.36,10.61,326900,10.61
2008-04-14,10.90,11.19,10.57,11.08,196800,11.08
2008-04-11,10.69,11.30,10.58,10.83,298600,10.83
2008-04-10,10.80,11.39,10.60,10.80,246200,10.80
2008-04-09,11.10,11.55,10.69,10.78,325100,10.78
2008-04-08,11.26,11.64,10.87,10.95,158500,10.95
2008-04-07,11.39,11.62,11.30,11.40,105900,11.40
2008-04-04,11.33,11.60,11.22,11.33,380200,11.33
2008-04-03,11.18,11.35,11.10,11.30,212200,11.30
2008-04-02,11.50,11.99,11.13,11.34,136500,11.34
2008-04-01,11.12,11.52,10.74,11.34,394500,11.34
2008-03-31,11.32,12.00,10.84,10.93,317800,10.93
2008-03-28,12.21,12.30,11.08,11.23,326900,11.23
2008-03-27,11.93,12.28,11.63,12.14,258600,12.14
2008-03-26,11.99,12.00,11.68,11.91,195900,11.91
2008-03-25,12.19,12.30,11.85,12.10,334700,12.10
2008-03-24,10.79,12.49,10.66,12.21,724900,12.21
2008-03-20,10.32,10.84,10.01,10.45,473700,10.45
2008-03-19,10.06,10.36,9.96,10.17,305400,10.17
2008-03-18,9.46,10.07,9.22,9.97,432300,9.97
2008-03-17,9.19,9.62,8.76,9.55,413600,9.55
2008-03-14,9.48,9.71,8.80,9.44,492700,9.44
2008-03-13,8.92,9.47,8.77,9.40,294100,9.40
2008-03-12,9.15,9.50,8.83,9.03,335200,9.03
2008-03-11,8.84,9.34,8.47,9.20,319000,9.20
2008-03-10,8.96,9.11,8.20,8.59,449900,8.59
2008-03-07,9.46,9.54,8.71,8.91,566200,8.91
2008-03-06,10.10,10.25,9.56,9.56,305800,9.56
2008-03-05,10.45,10.60,9.96,10.13,476200,10.13
2008-03-04,9.78,10.76,9.78,10.50,391700,10.50
2008-03-03,10.00,10.55,9.54,10.32,538400,10.32
2008-02-29,8.10,10.50,8.10,10.16,2009200,10.16
2008-02-28,8.10,8.10,7.79,7.90,184500,7.90
2008-02-27,7.89,8.24,7.89,8.11,112200,8.11
2008-02-26,7.77,8.35,7.63,7.98,279700,7.98
2008-02-25,7.40,7.84,7.34,7.81,222100,7.81
2008-02-22,7.65,7.79,7.28,7.41,304800,7.41
2008-02-21,7.83,7.99,7.49,7.62,316500,7.62
2008-02-20,7.90,8.05,7.56,7.83,237800,7.83
2008-02-19,7.58,8.04,7.45,7.94,628500,7.94
2008-02-15,8.00,8.09,7.48,7.48,539000,7.48
2008-02-14,8.18,8.19,7.85,8.01,398800,8.01
2008-02-13,7.60,8.20,7.60,8.15,412300,8.15
2008-02-12,7.85,7.97,7.34,7.61,212600,7.61
2008-02-11,7.80,8.07,7.50,7.73,249100,7.73
2008-02-08,7.45,8.15,7.45,7.77,315000,7.77
2008-02-07,7.75,7.94,7.35,7.44,240500,7.44
2008-02-06,7.30,8.01,7.07,7.78,540600,7.78
2008-02-05,7.31,7.47,7.15,7.23,191400,7.23
2008-02-04,7.87,7.87,7.25,7.45,322700,7.45
2008-02-01,7.38,7.95,7.23,7.91,452800,7.91
2008-01-31,6.74,7.50,6.61,7.31,428400,7.31
2008-01-30,6.48,6.89,6.45,6.84,397700,6.84
2008-01-29,6.33,6.57,6.24,6.51,333300,6.51
2008-01-28,6.04,6.37,6.04,6.28,263000,6.28
2008-01-25,6.26,6.40,6.05,6.06,190200,6.06
2008-01-24,6.51,6.64,6.17,6.23,279000,6.23
2008-01-23,6.17,6.51,6.12,6.46,319100,6.46
2008-01-22,6.12,6.64,6.00,6.31,316300,6.31
2008-01-18,6.20,6.46,6.06,6.35,223800,6.35
2008-01-17,6.34,6.41,6.17,6.23,250100,6.23
2008-01-16,6.11,6.66,6.11,6.29,362700,6.29
2008-01-15,6.22,6.30,6.10,6.11,99800,6.11
2008-01-14,6.26,6.35,6.16,6.25,195400,6.25
2008-01-11,6.25,6.35,6.06,6.21,170300,6.21
2008-01-10,6.16,6.41,6.01,6.30,192600,6.30
2008-01-09,5.97,6.30,5.93,6.24,439800,6.24
2008-01-08,6.31,6.49,5.91,5.97,271000,5.97
2008-01-07,6.31,6.62,6.10,6.30,255400,6.30
2008-01-04,6.30,6.44,6.14,6.30,327500,6.30
2008-01-03,6.84,6.95,6.38,6.39,281900,6.39
2008-01-02,7.11,7.22,6.80,6.84,284500,6.84
2007-12-31,7.36,7.49,6.84,7.14,286800,7.14
2007-12-28,7.47,7.62,7.22,7.34,177100,7.34
2007-12-27,7.61,7.70,7.40,7.46,207000,7.46
2007-12-26,7.61,7.81,7.49,7.59,239400,7.59
2007-12-24,7.55,7.55,7.44,7.53,102200,7.53
2007-12-21,7.37,7.56,7.35,7.55,515600,7.55
2007-12-20,7.16,7.24,7.01,7.24,163000,7.24
2007-12-19,7.00,7.10,6.87,7.10,223400,7.10
2007-12-18,7.23,7.25,6.80,7.03,247500,7.03
2007-12-17,7.50,7.52,6.99,7.18,249200,7.18
2007-12-14,6.68,7.75,6.62,7.54,673900,7.54
2007-12-13,6.68,6.80,6.52,6.79,201500,6.79
2007-12-12,6.71,6.79,6.55,6.75,322400,6.75
2007-12-11,7.02,7.04,6.52,6.54,555300,6.54
2007-12-10,6.68,7.14,6.65,7.06,738800,7.06
2007-12-07,6.10,6.88,6.10,6.69,1229900,6.69
2007-12-06,5.36,6.21,5.36,6.11,904900,6.11
2007-12-05,5.25,5.45,5.25,5.40,189300,5.40
2007-12-04,5.33,5.52,5.28,5.31,203800,5.31
2007-12-03,5.43,5.45,5.30,5.36,322400,5.36
2007-11-30,5.57,5.58,5.29,5.34,355400,5.34
2007-11-29,5.34,5.54,5.34,5.50,234200,5.50
2007-11-28,5.32,5.54,5.23,5.39,254300,5.39
2007-11-27,5.14,5.30,5.13,5.26,569500,5.26
2007-11-26,5.11,5.22,5.04,5.15,544600,5.15
2007-11-23,5.14,5.22,5.02,5.11,122800,5.11
2007-11-21,5.08,5.18,5.01,5.09,198800,5.09
2007-11-20,5.31,5.35,5.00,5.08,319200,5.08
2007-11-19,5.24,5.34,5.02,5.32,423500,5.32
2007-11-16,5.36,5.46,5.19,5.23,747900,5.23
2007-11-15,5.18,5.35,5.10,5.34,450700,5.34
2007-11-14,5.15,5.26,5.10,5.16,436800,5.16
2007-11-13,5.17,5.36,5.05,5.08,482600,5.08
2007-11-12,5.50,5.56,5.15,5.16,707700,5.16
2007-11-09,4.80,5.35,4.58,5.31,1058100,5.31
2007-11-08,5.36,5.50,4.79,4.87,1628700,4.87
2007-11-07,5.50,5.76,5.15,5.32,3112400,5.32
2007-11-06,7.23,7.40,5.50,5.67,17577500,5.67
2007-11-05,12.56,13.75,12.56,13.38,385500,13.38
2007-11-02,12.63,13.09,12.30,12.72,245500,12.72
2007-11-01,12.78,12.89,12.23,12.50,285900,12.50
2007-10-31,12.93,13.18,12.73,13.01,217600,13.01
2007-10-30,12.71,13.09,12.47,12.94,160600,12.94
2007-10-29,12.68,13.08,12.59,12.93,108400,12.93
2007-10-26,12.47,12.81,12.43,12.64,113100,12.64
2007-10-25,12.40,12.64,12.08,12.37,174600,12.37
2007-10-24,12.42,12.50,12.14,12.40,95300,12.40
2007-10-23,12.47,12.54,12.24,12.54,152900,12.54
2007-10-22,12.19,12.45,12.07,12.40,156100,12.40
2007-10-19,12.34,12.52,12.15,12.35,203000,12.35
2007-10-18,12.35,12.48,12.18,12.34,124800,12.34
2007-10-17,12.44,12.69,12.08,12.40,209400,12.40
2007-10-16,12.31,12.45,12.21,12.29,107500,12.29
2007-10-15,12.36,13.10,12.13,12.35,609100,12.35
2007-10-12,12.35,12.75,12.25,12.39,712700,12.39
2007-10-11,12.50,13.42,12.28,13.10,506500,13.10
2007-10-10,11.90,12.45,11.75,12.45,301400,12.45
2007-10-09,12.09,12.29,11.85,11.92,185300,11.92
2007-10-08,11.54,12.10,11.50,12.09,329700,12.09
2007-10-05,11.62,11.77,11.46,11.53,268200,11.53
2007-10-04,11.82,12.01,11.50,11.52,311400,11.52
2007-10-03,11.50,11.93,11.28,11.82,406600,11.82
2007-10-02,11.50,11.65,11.35,11.59,254300,11.59
2007-10-01,11.38,11.63,11.00,11.56,311100,11.56
2007-09-28,11.68,11.75,11.35,11.39,213100,11.39
2007-09-27,11.89,11.89,11.30,11.71,221400,11.71
2007-09-26,11.74,12.03,11.62,11.84,169100,11.84
2007-09-25,11.71,11.76,11.55,11.64,152800,11.64
2007-09-24,12.04,12.04,11.43,11.78,318500,11.78
2007-09-21,11.93,12.04,11.62,12.02,260800,12.02
2007-09-20,11.90,11.90,11.55,11.82,204400,11.82
2007-09-19,11.94,12.09,11.75,11.79,188900,11.79
2007-09-18,11.18,11.99,11.12,11.84,367700,11.84
2007-09-17,11.46,11.58,11.10,11.15,147500,11.15
2007-09-14,11.20,11.52,11.11,11.49,208300,11.49
2007-09-13,11.13,11.49,11.00,11.30,278600,11.30
2007-09-12,10.72,11.43,10.59,11.04,300000,11.04
2007-09-11,10.45,10.78,10.30,10.74,270200,10.74
2007-09-10,10.12,10.47,10.03,10.40,314300,10.40
2007-09-07,10.55,10.64,10.06,10.10,288300,10.10
2007-09-06,10.64,10.77,10.50,10.56,184400,10.56
2007-09-05,10.58,10.67,10.51,10.63,212300,10.63
2007-09-04,10.58,10.64,10.45,10.55,232700,10.55
2007-08-31,10.83,10.90,10.54,10.60,272200,10.60
2007-08-30,10.61,10.95,10.21,10.65,463600,10.65
2007-08-29,10.77,10.85,10.53,10.73,126800,10.73
2007-08-28,10.63,10.81,10.48,10.73,313600,10.73
2007-08-27,10.73,10.94,10.36,10.72,477800,10.72
2007-08-24,10.64,10.90,10.51,10.75,107200,10.75
2007-08-23,10.73,10.92,10.50,10.61,219900,10.61
2007-08-22,10.79,10.99,10.50,10.66,259700,10.66
2007-08-21,10.61,11.00,10.25,10.66,367600,10.66
2007-08-20,10.84,10.93,10.21,10.67,1023600,10.67
2007-08-17,11.05,11.56,10.26,10.77,938300,10.77
2007-08-16,10.30,10.91,10.00,10.85,351500,10.85
2007-08-15,10.36,10.75,9.95,10.41,512700,10.41
2007-08-14,10.76,10.90,9.95,10.38,652000,10.38
2007-08-13,10.98,11.05,10.06,10.62,908000,10.62
2007-08-10,10.34,11.06,10.09,10.95,1115500,10.95
2007-08-09,11.05,12.50,9.91,10.39,2466100,10.39
2007-08-08,10.29,11.61,9.95,11.25,1065600,11.25
2007-08-07,9.21,10.80,9.13,10.22,491700,10.22
2007-08-06,9.53,9.98,9.30,9.88,349200,9.88
2007-08-03,9.74,9.75,9.49,9.56,346500,9.56
2007-08-02,9.84,9.97,9.60,9.76,187100,9.76
2007-08-01,9.78,9.90,9.55,9.82,230800,9.82
2007-07-31,9.60,9.97,9.52,9.78,361900,9.78
2007-07-30,9.45,9.65,9.30,9.57,460500,9.57
2007-07-27,9.66,9.74,9.42,9.49,332100,9.49
2007-07-26,9.84,10.03,9.05,9.72,558300,9.72
2007-07-25,10.10,10.10,9.76,9.99,466900,9.99
2007-07-24,10.05,10.33,9.90,10.06,477200,10.06
2007-07-23,10.18,10.25,10.01,10.15,381200,10.15
2007-07-20,10.25,10.37,9.90,10.16,310600,10.16
2007-07-19,10.76,10.82,10.07,10.24,581400,10.24
2007-07-18,10.43,10.76,10.30,10.72,216000,10.72
2007-07-17,10.52,10.58,10.40,10.47,216100,10.47
2007-07-16,10.46,10.55,10.40,10.51,285300,10.51
2007-07-13,10.45,10.50,10.15,10.47,222900,10.47
2007-07-12,10.50,10.65,9.50,10.48,839600,10.48
2007-07-11,10.51,10.69,10.31,10.44,233700,10.44
2007-07-10,10.58,10.61,10.38,10.49,267400,10.49
2007-07-09,10.48,10.70,10.33,10.54,298500,10.54
2007-07-06,10.50,10.73,10.39,10.42,476600,10.42
2007-07-05,10.42,10.60,10.14,10.46,403300,10.46
2007-07-03,10.25,10.43,9.93,10.35,266600,10.35
2007-07-02,10.13,10.29,9.75,10.22,605200,10.22
2007-06-29,10.26,10.53,10.00,10.08,1181900,10.08
2007-06-28,9.69,10.57,9.68,10.28,3595200,10.28
2007-06-27,11.18,11.46,11.03,11.32,246300,11.32
2007-06-26,11.39,11.58,11.23,11.25,365700,11.25
2007-06-25,11.46,11.69,11.12,11.36,391400,11.36
2007-06-22,11.31,11.55,11.15,11.49,696400,11.49
2007-06-21,11.31,11.35,10.67,11.31,440000,11.31
2007-06-20,11.62,11.84,11.30,11.33,239500,11.33
2007-06-19,11.63,12.11,11.50,11.61,393700,11.61
2007-06-18,12.27,12.27,11.32,11.70,746400,11.70
2007-06-15,12.41,12.43,12.01,12.12,342300,12.12
2007-06-14,11.94,12.78,11.94,12.12,471500,12.12
2007-06-13,11.91,13.50,11.50,11.98,766900,11.98
2007-06-12,11.68,12.18,11.66,11.91,484500,11.91
2007-06-11,12.01,12.15,11.72,11.88,499500,11.88
2007-06-08,12.31,12.61,12.05,12.06,370600,12.06
2007-06-07,12.55,12.80,12.18,12.31,317600,12.31
2007-06-06,12.79,13.09,12.50,12.64,361800,12.64
2007-06-05,12.79,13.17,12.53,12.85,433900,12.85
2007-06-04,13.00,13.08,12.67,12.80,329500,12.80
2007-06-01,13.20,13.35,13.00,13.05,334100,13.05
2007-05-31,13.20,13.33,13.00,13.08,228300,13.08
2007-05-30,13.31,13.31,12.59,13.22,265100,13.22
2007-05-29,13.38,13.38,12.74,13.34,350300,13.34
2007-05-25,13.00,13.37,12.88,13.33,224500,13.33
2007-05-24,13.40,13.50,12.26,13.00,428200,13.00
2007-05-23,13.86,14.00,12.78,13.36,769100,13.36
2007-05-22,12.89,13.88,12.84,13.81,540100,13.81
2007-05-21,12.55,13.00,12.35,12.84,487300,12.84
2007-05-18,12.46,12.52,12.01,12.50,366300,12.50
2007-05-17,12.30,12.49,12.22,12.40,279600,12.40
2007-05-16,12.22,12.50,12.18,12.36,407300,12.36
2007-05-15,11.98,12.48,11.98,12.23,619500,12.23
2007-05-14,12.42,12.52,12.00,12.00,367900,12.00
2007-05-11,12.06,12.64,11.96,12.38,320900,12.38
2007-05-10,12.49,12.53,11.90,12.17,1103000,12.17
2007-05-09,12.60,12.75,12.16,12.20,736600,12.20
2007-05-08,13.56,13.80,12.52,12.77,1418500,12.77
2007-05-07,13.86,14.10,13.70,13.76,447300,13.76
2007-05-04,14.11,14.73,13.45,14.10,1255700,14.10
2007-05-03,14.80,15.44,13.78,14.05,1444600,14.05
2007-05-02,14.29,14.82,13.50,14.72,1893900,14.72
2007-05-01,15.78,15.80,13.80,14.21,1544700,14.21
2007-04-30,16.02,16.02,15.68,15.72,351600,15.72
2007-04-27,16.00,16.15,15.76,16.02,197500,16.02
2007-04-26,15.93,16.31,15.60,16.06,580700,16.06
2007-04-25,15.60,16.02,15.34,15.88,360200,15.88
2007-04-24,15.72,15.76,15.10,15.45,553800,15.45
2007-04-23,16.09,16.09,15.43,15.66,670900,15.66
2007-04-20,16.11,16.15,15.69,16.10,714400,16.10
2007-04-19,15.57,16.19,15.25,15.85,970200,15.85
2007-04-18,15.42,16.21,15.10,15.75,1211300,15.75
2007-04-17,15.09,15.60,14.85,15.54,771400,15.54
2007-04-16,14.49,15.23,14.00,15.09,1895200,15.09
2007-04-13,14.49,14.96,13.68,14.38,981300,14.38
2007-04-12,14.29,14.65,14.13,14.52,295900,14.52
2007-04-11,14.48,14.48,14.11,14.30,322700,14.30
2007-04-10,14.01,14.50,14.01,14.40,472900,14.40
2007-04-09,13.60,14.14,13.53,13.98,508900,13.98
2007-04-05,12.93,13.74,12.92,13.50,429800,13.50
2007-04-04,13.12,13.55,12.91,12.96,398400,12.96
2007-04-03,13.06,13.23,12.99,13.01,189000,13.01
2007-04-02,13.00,13.28,12.96,12.98,559900,12.98
2007-03-30,13.14,13.25,12.83,12.96,293900,12.96
2007-03-29,13.24,13.27,13.04,13.10,219300,13.10
2007-03-28,13.09,13.32,13.06,13.21,212000,13.21
2007-03-27,13.40,13.40,13.04,13.13,220300,13.13
2007-03-26,13.25,14.00,13.05,13.34,623700,13.34
2007-03-23,13.05,13.59,13.00,13.22,545300,13.22
2007-03-22,12.78,13.14,12.70,13.05,515400,13.05
2007-03-21,12.50,12.93,12.50,12.68,270900,12.68
2007-03-20,12.45,12.64,12.44,12.49,374500,12.49
2007-03-19,12.48,12.68,12.35,12.42,622400,12.42
2007-03-16,12.47,12.70,12.38,12.44,619300,12.44
2007-03-15,12.33,12.48,12.10,12.44,445600,12.44
2007-03-14,12.37,12.67,12.10,12.31,622700,12.31
2007-03-13,12.34,12.56,12.31,12.39,356600,12.39
2007-03-12,12.37,12.66,12.09,12.40,443500,12.40
2007-03-09,12.24,12.58,12.07,12.37,817800,12.37
2007-03-08,11.80,12.21,11.39,12.18,1156000,12.18
2007-03-07,11.99,12.33,11.64,11.67,656300,11.67
2007-03-06,11.98,12.40,11.95,11.96,836800,11.96
2007-03-05,11.33,11.99,11.22,11.86,940000,11.86
2007-03-02,11.83,11.96,11.41,11.42,669700,11.42
2007-03-01,11.88,12.09,11.51,11.98,1260200,11.98
2007-02-28,12.18,12.29,11.31,12.26,1417700,12.26
2007-02-27,12.30,12.55,11.86,12.17,894500,12.17
2007-02-26,12.65,12.65,12.02,12.29,736800,12.29
2007-02-23,12.88,13.26,12.46,12.60,802300,12.60
2007-02-22,13.22,13.29,12.72,12.81,594600,12.81
2007-02-21,13.03,13.45,13.03,13.14,314200,13.14
2007-02-20,13.23,13.37,12.97,13.09,427000,13.09
2007-02-16,13.73,13.73,13.02,13.23,952800,13.23
2007-02-15,13.97,14.26,13.67,13.69,649800,13.69
2007-02-14,14.16,14.51,13.78,13.85,930800,13.85
2007-02-13,15.00,16.00,13.93,13.99,1892100,13.99
2007-02-12,16.07,16.31,14.75,14.97,2931400,14.97
2007-02-09,20.52,20.64,15.97,16.10,6962200,16.10
2007-02-08,19.75,21.98,19.70,20.13,1069400,20.13
2007-02-07,19.55,19.83,19.51,19.75,127600,19.75
2007-02-06,19.45,19.87,19.05,19.56,396600,19.56
2007-02-05,18.95,19.42,18.80,19.35,146900,19.35
2007-02-02,18.82,19.42,18.82,18.93,149300,18.93
2007-02-01,19.21,19.35,18.79,18.80,378600,18.80
2007-01-31,19.85,19.88,19.15,19.29,640000,19.29
2007-01-30,18.68,20.11,18.60,19.89,623000,19.89
2007-01-29,18.25,18.60,18.25,18.58,173800,18.58
2007-01-26,18.23,18.70,18.22,18.56,210900,18.56
2007-01-25,18.44,18.46,18.10,18.27,223000,18.27
2007-01-24,18.24,18.53,17.90,18.17,157700,18.17
2007-01-23,18.05,18.50,17.73,18.16,239200,18.16
2007-01-22,17.59,18.20,17.42,18.00,258900,18.00
2007-01-19,17.48,17.90,17.27,17.64,172600,17.64
2007-01-18,17.27,17.50,17.15,17.45,169200,17.45
2007-01-17,17.32,17.56,17.11,17.32,183000,17.32
2007-01-16,17.23,17.96,16.78,17.38,422100,17.38
2007-01-12,16.71,17.30,16.71,17.09,232600,17.09
2007-01-11,17.59,17.93,16.41,16.68,545200,16.68
2007-01-10,17.33,17.84,17.20,17.69,182200,17.69
2007-01-09,17.33,17.55,17.25,17.46,241600,17.46
2007-01-08,17.13,17.45,17.10,17.31,177000,17.31
2007-01-05,16.62,17.31,16.51,17.06,407500,17.06
2007-01-04,15.84,17.19,15.71,16.62,493600,16.62
2007-01-03,15.88,16.30,15.45,15.80,373100,15.80
2006-12-29,15.70,15.83,15.37,15.73,187000,15.73
2006-12-28,15.71,15.95,15.44,15.71,171500,15.71
2006-12-27,15.65,15.91,15.55,15.71,331700,15.71
2006-12-26,15.60,15.70,15.45,15.66,256800,15.66
2006-12-22,15.24,15.63,15.03,15.62,144400,15.62
2006-12-21,15.45,15.50,14.88,15.19,281300,15.19
2006-12-20,16.36,16.46,15.30,15.30,326700,15.30
2006-12-19,15.92,16.42,15.81,16.40,130300,16.40
2006-12-18,16.95,17.00,15.99,16.07,214400,16.07
2006-12-15,16.92,17.10,16.66,16.94,352400,16.94
2006-12-14,17.06,17.26,16.75,16.89,150400,16.89
2006-12-13,17.51,17.68,16.90,17.10,148700,17.10
2006-12-12,17.55,17.85,17.34,17.35,146800,17.35
2006-12-11,18.24,18.28,17.62,17.65,190600,17.65
2006-12-08,17.38,18.49,17.29,18.18,713600,18.18
2006-12-07,16.01,17.44,16.00,17.23,515500,17.23
2006-12-06,15.74,16.31,15.56,16.02,215600,16.02
2006-12-05,16.93,17.06,15.58,15.81,369700,15.81
2006-12-04,17.41,17.41,16.67,16.70,129700,16.70
2006-12-01,17.41,17.41,16.54,17.30,272200,17.30
2006-11-30,17.28,17.50,16.82,17.29,406300,17.29
2006-11-29,16.95,17.50,16.81,17.22,146400,17.22
2006-11-28,16.62,16.97,16.30,16.81,228900,16.81
2006-11-27,17.34,17.43,16.62,16.63,248700,16.63
2006-11-24,16.96,17.52,16.85,17.44,110500,17.44
2006-11-22,17.20,17.25,16.93,17.05,147800,17.05
2006-11-21,17.90,17.92,16.99,17.05,474200,17.05
2006-11-20,17.70,17.86,17.25,17.84,183700,17.84
2006-11-17,16.96,17.68,16.80,17.66,281500,17.66
2006-11-16,16.51,17.06,16.30,16.96,520700,16.96
2006-11-15,16.24,16.88,15.91,16.47,277200,16.47
2006-11-14,15.89,16.30,15.41,16.29,100800,16.29
2006-11-13,15.65,16.35,15.48,15.83,164400,15.83
2006-11-10,15.03,15.76,14.82,15.73,172000,15.73
2006-11-09,15.50,15.50,14.79,15.06,75400,15.06
2006-11-08,15.21,15.55,15.00,15.55,185100,15.55
2006-11-07,15.88,15.88,15.25,15.44,236900,15.44
2006-11-06,14.73,15.88,14.70,15.70,261900,15.70
2006-11-03,13.59,15.10,13.56,14.60,395700,14.60
2006-11-02,14.12,14.13,13.52,13.59,224500,13.59
2006-11-01,14.89,15.22,14.07,14.17,123900,14.17
2006-10-31,15.15,15.40,14.36,14.90,148200,14.90
2006-10-30,14.50,15.19,14.49,15.19,129100,15.19
2006-10-27,14.81,15.08,14.50,14.53,89300,14.53
2006-10-26,14.95,14.95,14.60,14.80,113200,14.80
2006-10-25,14.80,15.12,14.65,14.99,142900,14.99
2006-10-24,15.21,15.24,14.80,14.86,124700,14.86
2006-10-23,15.27,15.72,14.95,15.03,165400,15.03
2006-10-20,15.68,15.71,15.04,15.33,150900,15.33
2006-10-19,15.35,16.00,15.35,15.56,168200,15.56
2006-10-18,15.46,15.54,14.88,15.43,139500,15.43
2006-10-17,15.66,16.02,15.34,15.39,204200,15.39
2006-10-16,15.71,15.99,14.89,15.96,199800,15.96
2006-10-13,15.04,15.72,14.88,15.67,146100,15.67
2006-10-12,15.05,15.05,14.79,15.00,82500,15.00
2006-10-11,14.87,15.05,14.46,14.93,110100,14.93
2006-10-10,14.95,15.06,14.50,14.87,186600,14.87
2006-10-09,14.44,14.92,14.43,14.84,84100,14.84
2006-10-06,14.37,14.67,14.11,14.52,157600,14.52
2006-10-05,13.75,14.65,13.51,14.30,360000,14.30
2006-10-04,13.00,13.83,13.00,13.80,111300,13.80
2006-10-03,13.25,13.35,12.99,13.05,117300,13.05
2006-10-02,13.54,13.80,13.25,13.27,135700,13.27
2006-09-29,13.31,13.76,13.25,13.52,342400,13.52
2006-09-28,13.22,13.64,13.15,13.40,171800,13.40
2006-09-27,12.89,13.25,12.82,13.10,177500,13.10
2006-09-26,12.85,12.98,12.76,12.88,134800,12.88
2006-09-25,13.07,13.14,12.76,12.81,316400,12.81
2006-09-22,13.84,13.87,13.07,13.11,418600,13.11
2006-09-21,14.58,14.58,13.80,13.90,332000,13.90
2006-09-20,15.00,15.24,14.21,14.57,567000,14.57
2006-09-19,15.23,15.23,14.80,15.07,257100,15.07
2006-09-18,14.95,15.25,14.95,15.09,121800,15.09
2006-09-15,15.20,15.33,14.90,15.05,273900,15.05
2006-09-14,15.10,15.36,14.95,15.06,166100,15.06
2006-09-13,15.09,15.50,14.96,15.23,251600,15.23
2006-09-12,14.91,15.09,14.91,15.02,212700,15.02
2006-09-11,15.10,15.15,14.70,14.99,353800,14.99
2006-09-08,15.47,15.54,14.87,15.00,238900,15.00
2006-09-07,15.25,15.60,15.12,15.34,188100,15.34
2006-09-06,15.61,15.83,15.11,15.23,176900,15.23
2006-09-05,15.80,16.15,15.56,15.75,247100,15.75
2006-09-01,15.87,16.25,15.52,15.61,181100,15.61
2006-08-31,16.37,16.67,15.86,15.87,275700,15.87
2006-08-30,16.56,16.67,16.14,16.24,244700,16.24
2006-08-29,16.46,16.55,16.10,16.50,547000,16.50
2006-08-28,16.13,16.43,16.10,16.34,145000,16.34
2006-08-25,16.65,16.65,16.08,16.24,452600,16.24
2006-08-24,15.58,16.65,15.55,16.58,178200,16.58
2006-08-23,16.09,16.74,15.33,15.37,201600,15.37
2006-08-22,15.46,16.40,15.23,16.18,263500,16.18
2006-08-21,15.58,15.84,14.99,15.57,217500,15.57
2006-08-18,15.84,15.84,14.87,15.67,96900,15.67
2006-08-17,15.33,16.41,15.33,15.76,468900,15.76
2006-08-16,14.27,15.67,14.02,15.41,320400,15.41
2006-08-15,14.43,14.43,13.78,14.04,183300,14.04
2006-08-14,13.71,14.56,13.64,14.08,195300,14.08
2006-08-11,14.75,14.89,13.56,13.63,369200,13.63
2006-08-10,14.56,15.40,14.48,14.75,236200,14.75
2006-08-09,15.00,15.48,14.44,14.44,430600,14.44
2006-08-08,16.50,16.50,14.60,14.84,715700,14.84
2006-08-07,16.44,16.72,16.08,16.40,185700,16.40
2006-08-04,16.95,17.19,16.28,16.54,150900,16.54
2006-08-03,16.76,17.26,16.35,17.15,138100,17.15
2006-08-02,16.86,17.37,16.70,16.95,117700,16.95
2006-08-01,17.46,17.46,16.27,16.70,334600,16.70
2006-07-31,17.86,18.40,16.79,17.33,269600,17.33
2006-07-28,17.12,18.10,16.99,17.99,392700,17.99
2006-07-27,17.31,17.46,16.88,17.08,253500,17.08
2006-07-26,17.76,17.76,16.53,17.07,1049000,17.07
2006-07-25,13.11,20.98,12.64,18.02,6435600,18.02
2006-07-24,11.80,13.21,11.75,13.05,429500,13.05
2006-07-21,10.81,11.41,10.40,11.35,299400,11.35
2006-07-20,11.52,11.52,10.61,10.79,190300,10.79
2006-07-19,10.74,11.70,10.73,11.50,130900,11.50
2006-07-18,11.53,11.75,10.73,10.76,176300,10.76
2006-07-17,11.86,11.86,11.32,11.49,221500,11.49
2006-07-14,11.93,11.95,11.67,11.86,124800,11.86
2006-07-13,12.15,12.45,11.80,12.00,197300,12.00
2006-07-12,12.51,12.77,12.08,12.20,132700,12.20
2006-07-11,12.00,12.77,11.93,12.60,202400,12.60
2006-07-10,12.52,12.76,11.73,12.01,147200,12.01
2006-07-07,12.71,13.02,12.31,12.47,185000,12.47
2006-07-06,12.60,12.99,12.55,12.69,160100,12.69
2006-07-05,12.93,13.01,12.00,12.60,281700,12.60
2006-07-03,12.70,13.22,12.32,13.10,108700,13.10
2006-06-30,12.37,13.00,12.36,12.71,1135900,12.71
2006-06-29,11.96,12.37,11.96,12.30,346500,12.30
2006-06-28,11.76,12.34,11.65,11.93,185100,11.93
2006-06-27,12.22,12.36,11.74,11.76,79000,11.76
2006-06-26,12.01,12.26,11.91,12.15,89200,12.15
2006-06-23,11.94,12.30,11.62,11.96,192600,11.96
2006-06-22,12.26,12.45,11.95,12.00,115200,12.00
2006-06-21,11.91,12.50,11.63,12.26,235600,12.26
2006-06-20,12.39,12.44,11.86,11.91,186500,11.91
2006-06-19,13.01,13.19,12.32,12.33,204500,12.33
2006-06-16,13.12,13.38,12.90,12.99,260300,12.99
2006-06-15,13.00,13.55,12.87,13.11,239500,13.11
2006-06-14,13.15,13.47,12.84,12.90,166500,12.90
2006-06-13,13.66,13.90,13.12,13.19,289700,13.19
2006-06-12,13.75,13.75,13.52,13.60,200900,13.60
2006-06-09,13.04,14.05,13.04,13.82,280800,13.82
2006-06-08,12.81,13.22,12.56,13.01,488900,13.01
2006-06-07,12.97,13.26,12.29,12.77,575200,12.77
2006-06-06,13.62,13.62,12.88,13.02,334600,13.02
2006-06-05,13.84,13.96,13.50,13.59,324500,13.59
2006-06-02,14.23,14.23,13.71,13.80,205800,13.80
2006-06-01,14.24,14.28,13.82,14.10,294200,14.10
2006-05-31,13.26,14.31,13.26,14.24,479100,14.24
2006-05-30,13.39,13.54,12.97,13.26,176800,13.26
2006-05-26,12.61,13.78,12.61,13.38,325800,13.38
2006-05-25,12.15,12.62,12.10,12.55,267300,12.55
2006-05-24,12.36,12.55,11.59,12.06,326900,12.06
2006-05-23,13.36,13.96,12.36,12.36,287100,12.36
2006-05-22,12.90,13.44,12.80,13.27,265900,13.27
2006-05-19,13.53,14.12,12.70,12.91,348100,12.91
2006-05-18,13.66,13.93,13.31,13.56,217600,13.56
2006-05-17,14.40,14.42,13.62,13.64,253900,13.64
2006-05-16,14.50,14.50,14.29,14.48,262700,14.48
2006-05-15,14.58,14.68,14.31,14.58,315400,14.58
2006-05-12,14.60,14.68,14.20,14.67,771500,14.67
2006-05-11,15.01,15.01,14.34,14.58,601400,14.58
2006-05-10,14.63,15.04,14.41,14.90,403300,14.90
2006-05-09,15.24,16.70,14.61,14.63,490500,14.63
2006-05-08,16.24,16.65,15.65,15.97,162300,15.97
2006-05-05,15.70,16.67,15.70,16.37,183200,16.37
2006-05-04,15.59,15.80,15.57,15.62,84000,15.62
2006-05-03,15.88,15.90,15.47,15.60,134600,15.60
2006-05-02,16.35,16.64,15.66,15.84,226800,15.84
2006-05-01,16.88,16.98,16.36,16.36,198500,16.36
2006-04-28,16.54,17.06,16.41,16.91,98200,16.91
2006-04-27,16.60,17.22,16.47,16.48,162500,16.48
2006-04-26,16.35,16.60,16.15,16.59,221800,16.59
2006-04-25,16.50,16.87,15.99,16.37,369700,16.37
2006-04-24,16.75,16.84,16.29,16.58,301200,16.58
2006-04-21,17.20,17.40,16.63,16.72,349700,16.72
2006-04-20,16.90,16.95,16.68,16.75,202400,16.75
2006-04-19,16.63,17.16,16.37,16.90,372200,16.90
2006-04-18,16.58,16.81,16.18,16.65,189000,16.65
2006-04-17,16.54,16.63,15.90,16.57,247400,16.57
2006-04-13,15.97,16.53,15.44,16.39,398400,16.39
2006-04-12,15.29,15.99,15.18,15.88,462800,15.88
2006-04-11,15.59,15.60,14.52,15.33,739000,15.33
2006-04-10,17.76,17.76,12.93,15.46,5499600,15.46
2006-04-07,18.25,18.46,17.54,17.64,224500,17.64
2006-04-06,19.01,19.01,18.16,18.17,113300,18.17
2006-04-05,18.73,19.01,18.67,18.93,100200,18.93
2006-04-04,19.04,19.11,18.54,18.81,404000,18.81
2006-04-03,19.53,19.99,18.90,19.09,186000,19.09
2006-03-31,19.66,19.74,19.54,19.66,283900,19.66
2006-03-30,19.47,19.79,19.30,19.56,195600,19.56
2006-03-29,18.93,19.90,18.61,19.55,213500,19.55
2006-03-28,19.32,19.54,18.61,18.78,262900,18.78
2006-03-27,19.77,20.07,19.34,19.39,145600,19.39
2006-03-24,19.30,20.05,18.56,19.77,295600,19.77
2006-03-23,19.86,19.95,19.02,19.17,258600,19.17
2006-03-22,20.09,20.21,19.37,19.82,246900,19.82
2006-03-21,21.06,21.62,20.26,20.47,174200,20.47
2006-03-20,21.36,21.69,21.07,21.11,141400,21.11
2006-03-17,21.60,21.61,20.63,21.33,256900,21.33
2006-03-16,21.95,22.39,21.35,21.43,216100,21.43
2006-03-15,21.97,22.06,21.52,21.61,155800,21.61
2006-03-14,22.37,22.47,22.00,22.00,129600,22.00
2006-03-13,22.68,22.86,22.32,22.42,99900,22.42
2006-03-10,22.21,22.68,21.25,22.60,164100,22.60
2006-03-09,23.53,23.63,22.23,22.30,198900,22.30
2006-03-08,23.63,23.73,23.10,23.41,120300,23.41
2006-03-07,24.00,24.00,23.00,23.62,137200,23.62
2006-03-06,23.99,24.03,23.43,23.90,136800,23.90
2006-03-03,23.99,24.34,23.28,24.00,187000,24.00
2006-03-02,23.83,24.55,23.36,23.95,319600,23.95
2006-03-01,23.77,24.06,23.36,23.74,114000,23.74
2006-02-28,24.22,24.31,23.51,23.84,253900,23.84
2006-02-27,23.88,24.65,23.81,24.33,265500,24.33
2006-02-24,24.10,24.10,23.56,23.89,224800,23.89
2006-02-23,24.00,24.25,23.85,24.20,231900,24.20
2006-02-22,24.37,24.37,23.87,23.95,266000,23.95
2006-02-21,24.95,24.98,23.85,24.37,216100,24.37
2006-02-17,25.05,25.21,23.85,25.05,490600,25.05
2006-02-16,23.67,25.44,23.67,25.05,624200,25.05
2006-02-15,22.13,23.76,21.72,23.69,588800,23.69
2006-02-14,21.33,22.41,21.01,22.17,622700,22.17
2006-02-13,20.44,21.42,20.17,21.33,337300,21.33
2006-02-10,20.14,20.37,19.92,20.37,190300,20.37
2006-02-09,20.11,20.50,20.05,20.07,131300,20.07
2006-02-08,20.09,20.24,19.60,20.23,304500,20.23
2006-02-07,20.51,20.51,19.96,20.09,184700,20.09
2006-02-06,20.48,20.72,20.00,20.44,134200,20.44
2006-02-03,20.51,20.79,20.33,20.54,114900,20.54
2006-02-02,20.06,20.81,20.03,20.68,195300,20.68
2006-02-01,20.47,20.53,19.93,20.03,295100,20.03
2006-01-31,20.75,20.95,20.30,20.40,260000,20.40
2006-01-30,21.80,22.00,20.75,20.77,249500,20.77
2006-01-27,21.80,22.00,21.29,21.61,169500,21.61
2006-01-26,22.23,22.25,21.60,21.70,91200,21.70
2006-01-25,21.80,22.30,21.71,22.06,467100,22.06
2006-01-24,21.90,22.05,21.62,21.75,92900,21.75
2006-01-23,22.25,22.30,21.20,21.79,222100,21.79
2006-01-20,22.30,22.31,21.97,22.08,215200,22.08
2006-01-19,22.47,22.65,22.04,22.20,178600,22.20
2006-01-18,22.48,23.20,21.84,22.54,340600,22.54
2006-01-17,22.45,22.91,22.34,22.42,107200,22.42
2006-01-13,22.96,23.12,22.53,22.59,95100,22.59
2006-01-12,23.84,24.00,22.81,22.85,170200,22.85
2006-01-11,23.50,23.95,22.95,23.72,414500,23.72
2006-01-10,24.11,24.11,23.50,23.88,182900,23.88
2006-01-09,24.10,24.35,23.84,24.20,245300,24.20
2006-01-06,23.98,24.68,23.38,24.00,894100,24.00
2006-01-05,22.62,23.12,22.21,22.86,183500,22.86
2006-01-04,21.68,22.54,21.68,22.54,346000,22.54
2006-01-03,22.15,22.31,21.30,21.58,260300,21.58
2005-12-30,22.56,22.70,21.37,22.04,474900,22.04
2005-12-29,23.09,23.48,22.55,22.70,240200,22.70
2005-12-28,24.22,24.22,23.02,23.16,231000,23.16
2005-12-27,25.00,25.19,24.23,24.26,196100,24.26
2005-12-23,25.00,25.37,24.75,25.03,118200,25.03
2005-12-22,24.55,25.00,24.55,25.00,174300,25.00
2005-12-21,23.89,24.80,23.89,24.65,120700,24.65
2005-12-20,23.73,24.26,22.88,23.89,166500,23.89
2005-12-19,24.71,24.82,23.76,23.78,250800,23.78
2005-12-16,25.15,25.33,24.51,24.66,416600,24.66
2005-12-15,25.44,25.44,24.77,25.17,272400,25.17
2005-12-14,24.21,24.75,23.67,24.64,172000,24.64
2005-12-13,24.37,24.45,23.53,24.21,151000,24.21
2005-12-12,24.29,24.60,24.06,24.31,97900,24.31
2005-12-09,24.38,24.43,23.79,24.12,118900,24.12
2005-12-08,23.49,24.39,23.43,23.88,295500,23.88
2005-12-07,23.02,23.59,23.02,23.59,115200,23.59
2005-12-06,22.76,23.32,22.71,23.14,120800,23.14
2005-12-05,22.76,23.17,22.65,22.83,86600,22.83
2005-12-02,23.12,23.12,22.55,22.76,107300,22.76
2005-12-01,22.11,23.10,21.20,22.99,333800,22.99
2005-11-30,23.09,23.96,22.09,22.10,437400,22.10
2005-11-29,22.76,23.41,22.76,23.17,153400,23.17
2005-11-28,23.01,23.35,22.60,22.81,121900,22.81
2005-11-25,23.13,23.35,22.70,23.03,37700,23.03
2005-11-23,23.68,23.81,23.03,23.09,202200,23.09
2005-11-22,22.14,23.79,22.14,23.62,434500,23.62
2005-11-21,21.55,22.62,21.55,22.25,236600,22.25
2005-11-18,21.86,22.05,20.75,21.61,679200,21.61
2005-11-17,21.04,22.02,21.01,21.71,243000,21.71
2005-11-16,20.70,21.13,20.24,21.01,252600,21.01
2005-11-15,20.97,21.09,20.28,20.75,381000,20.75
2005-11-14,21.30,21.36,20.94,21.04,157700,21.04
2005-11-11,21.05,21.41,21.00,21.10,129900,21.10
2005-11-10,21.00,21.42,20.30,21.08,351400,21.08
2005-11-09,20.98,21.42,20.70,21.10,286000,21.10
2005-11-08,20.58,21.25,20.32,21.02,397000,21.02
2005-11-07,19.44,20.89,19.26,20.81,553200,20.81
2005-11-04,18.50,19.75,18.37,19.17,1224600,19.17
2005-11-03,18.64,18.64,18.02,18.33,678900,18.33
2005-11-02,20.84,21.72,18.10,18.47,1489600,18.47
2005-11-01,21.53,22.02,20.93,20.99,160800,20.99
2005-10-31,22.21,22.95,21.46,21.53,450200,21.53
2005-10-28,22.05,23.09,22.00,22.32,878300,22.32
2005-10-27,23.60,23.61,21.91,22.05,547100,22.05
2005-10-26,24.60,24.60,23.45,23.60,347900,23.60
2005-10-25,25.25,25.41,24.61,24.75,191500,24.75
2005-10-24,25.53,26.02,25.08,25.37,301100,25.37
2005-10-21,26.29,26.42,24.55,25.64,387300,25.64
2005-10-20,26.75,26.80,25.99,26.31,295800,26.31
2005-10-19,25.63,27.31,25.47,26.73,350500,26.73
2005-10-18,27.00,27.00,25.49,25.82,489000,25.82
2005-10-17,25.96,27.88,25.93,26.98,442600,26.98
2005-10-14,25.04,26.17,24.78,25.90,477200,25.90
2005-10-13,24.77,25.25,24.36,24.78,274100,24.78
2005-10-12,24.65,25.20,23.66,24.65,455600,24.65
2005-10-11,25.43,25.60,24.66,24.77,265000,24.77
2005-10-10,26.50,27.02,25.14,25.55,363800,25.55
2005-10-07,26.24,27.50,26.02,26.42,332800,26.42
2005-10-06,27.75,28.29,25.69,26.32,689200,26.32
2005-10-05,28.46,28.51,27.75,27.75,258300,27.75
2005-10-04,28.51,29.88,28.46,28.56,580700,28.56
2005-10-03,29.21,29.75,28.57,29.06,997000,29.06
2005-09-30,29.70,29.70,26.96,27.25,1453900,27.25
2005-09-29,31.00,31.10,29.45,29.70,490300,29.70
2005-09-28,31.00,32.28,30.21,30.99,747100,30.99
2005-09-27,30.00,31.39,29.55,30.80,822500,30.80
2005-09-26,28.69,30.49,28.69,29.84,1511600,29.84
2005-09-23,27.19,28.65,27.18,28.16,436500,28.16
2005-09-22,27.40,27.74,26.96,27.38,369600,27.38
2005-09-21,27.71,27.91,27.30,27.44,240600,27.44
2005-09-20,28.00,28.13,27.42,27.61,221600,27.61
2005-09-19,27.53,28.93,27.30,27.97,556200,27.97
2005-09-16,27.29,27.89,27.16,27.63,371500,27.63
2005-09-15,27.96,28.07,26.65,27.11,734900,27.11
2005-09-14,28.93,28.93,28.10,28.20,379800,28.20
2005-09-13,28.49,29.05,28.14,28.45,686300,28.45
2005-09-12,27.00,28.85,27.00,28.44,851900,28.44
2005-09-09,26.94,27.33,26.65,26.86,250200,26.86
2005-09-08,26.50,27.40,26.25,26.69,647900,26.69
2005-09-07,25.16,27.00,24.91,26.79,525200,26.79
2005-09-06,24.90,25.59,24.65,25.16,253500,25.16
2005-09-02,25.14,25.14,24.54,24.72,318900,24.72
2005-09-01,25.40,25.90,24.97,25.03,388300,25.03
2005-08-31,25.00,26.20,24.86,25.35,464000,25.35
2005-08-30,26.60,26.85,24.30,24.88,1463000,24.88
2005-08-29,27.40,28.55,26.60,27.06,397700,27.06
2005-08-26,27.78,28.08,27.22,27.39,328500,27.39
2005-08-25,27.67,28.64,27.67,27.88,588000,27.88
2005-08-24,27.38,28.41,27.05,27.69,564300,27.69
2005-08-23,27.70,31.11,27.20,27.40,1969000,27.40
2005-08-22,27.66,28.20,27.03,27.69,421400,27.69
2005-08-19,27.50,28.30,27.28,27.52,579700,27.52
2005-08-18,27.35,29.20,26.68,27.30,3468500,27.30
2005-08-17,23.18,26.23,23.15,25.56,2114700,25.56
2005-08-16,23.17,23.75,22.71,23.31,687900,23.31
2005-08-15,22.14,23.00,22.14,22.50,454200,22.50
2005-08-12,22.20,22.33,21.66,22.11,529400,22.11
2005-08-11,23.39,23.39,21.75,22.27,1073200,22.27
2005-08-10,24.01,24.98,23.26,23.63,791600,23.63
2005-08-09,23.37,24.74,23.34,24.28,830000,24.28
2005-08-08,23.95,24.26,23.10,23.28,1025600,23.28
2005-08-05,23.00,23.40,21.01,22.34,1610300,22.34
2005-08-04,24.70,24.70,23.02,23.40,815300,23.40
2005-08-03,25.38,25.38,24.00,24.80,578600,24.80
2005-08-02,25.42,26.00,24.76,25.32,289600,25.32
2005-08-01,25.08,26.34,25.02,25.43,608200,25.43
2005-07-29,24.98,25.08,24.11,25.08,658300,25.08
2005-07-28,24.15,25.45,24.03,25.02,610300,25.02
2005-07-27,24.17,25.98,23.95,24.08,1276500,24.08
2005-07-26,24.33,24.52,23.23,24.03,881100,24.03
2005-07-25,25.18,25.78,24.10,24.26,649500,24.26
2005-07-22,28.15,28.15,24.63,25.18,4565900,25.18
2005-07-21,28.48,29.24,26.50,27.02,1363000,27.02
2005-07-20,28.66,28.90,27.60,28.34,680700,28.34
2005-07-19,27.52,30.08,26.85,28.61,1405500,28.61
2005-07-18,28.30,29.37,27.04,27.53,1186300,27.53
2005-07-15,23.21,34.60,22.65,29.09,5383300,29.09
2005-07-14,20.17,23.98,20.15,23.35,2099000,23.35
2005-07-13,20.50,20.50,20.02,20.30,575800,20.30
2005-07-12,20.00,20.84,19.70,20.31,881800,20.31
2005-07-11,19.10,20.17,18.92,20.16,402500,20.16
2005-07-08,19.21,19.49,18.31,19.20,548500,19.20
2005-07-07,19.44,19.59,19.03,19.31,402100,19.31
2005-07-06,18.90,20.56,17.76,19.61,1042900,19.61
2005-07-05,18.47,19.48,18.16,19.43,660200,19.43
2005-07-01,19.61,20.00,19.26,19.39,173500,19.39
2005-06-30,18.91,20.04,18.91,19.77,763200,19.77
2005-06-29,19.40,19.71,18.92,19.00,728800,19.00
2005-06-28,20.35,20.35,18.68,19.55,2175100,19.55
2005-06-27,20.39,20.77,19.99,20.20,836400,20.20
2005-06-24,19.52,20.70,19.40,20.45,1090000,20.45
2005-06-23,20.65,22.13,18.80,19.50,4304800,19.50
2005-06-22,16.80,17.83,16.10,16.68,405600,16.68
2005-06-21,17.08,17.08,16.06,16.62,190000,16.62
2005-06-20,16.37,17.30,15.50,16.95,496100,16.95
2005-06-17,17.36,17.59,15.55,16.49,1955100,16.49
2005-06-16,10.04,18.50,10.04,16.50,9355800,16.50
2005-06-15,10.17,10.23,9.60,10.14,127600,10.14
2005-06-14,10.29,10.58,10.17,10.27,75600,10.27
2005-06-13,10.91,11.04,10.12,10.34,56000,10.34
2005-06-10,11.33,11.33,10.74,10.96,33700,10.96
2005-06-09,11.34,11.60,11.22,11.36,172000,11.36
2005-06-08,11.15,11.45,11.15,11.43,61000,11.43
2005-06-07,10.75,11.59,10.75,11.35,75000,11.35
2005-06-06,11.45,11.45,10.80,10.90,41000,10.90
2005-06-03,11.63,11.63,11.41,11.42,8500,11.42
2005-06-02,11.41,11.66,11.27,11.65,22200,11.65
2005-06-01,11.31,11.61,11.01,11.60,40100,11.60
2005-05-31,11.50,11.50,11.13,11.41,125400,11.41
2005-05-27,11.50,11.55,11.01,11.32,150800,11.32
2005-05-26,10.36,11.45,10.36,11.45,95900,11.45
2005-05-25,10.05,10.48,10.00,10.44,39500,10.44
2005-05-24,10.20,10.24,9.75,10.17,21900,10.17
2005-05-23,9.96,10.34,9.85,9.93,103600,9.93
2005-05-20,9.99,10.00,9.86,9.97,20000,9.97
2005-05-19,9.80,10.00,9.38,10.00,80800,10.00
2005-05-18,9.71,9.80,9.30,9.77,68000,9.77
2005-05-17,9.45,9.70,9.21,9.60,66700,9.60
2005-05-16,8.88,10.00,8.88,9.50,76500,9.50
2005-05-13,9.55,9.71,8.75,8.98,25700,8.98
2005-05-12,9.25,9.30,9.02,9.26,72000,9.26
2005-05-11,9.52,9.61,9.21,9.25,20800,9.25
2005-05-10,9.55,9.65,9.32,9.60,63000,9.60
2005-05-09,9.19,9.94,9.11,9.60,87800,9.60
2005-05-06,8.83,9.14,8.60,9.05,180100,9.05
2005-05-05,8.35,8.81,8.35,8.69,18600,8.69
2005-05-04,8.45,8.68,8.01,8.50,115200,8.50
2005-05-03,7.68,8.07,7.66,8.07,41800,8.07
2005-05-02,7.70,7.76,7.53,7.67,8500,7.67
2005-04-29,7.90,7.90,7.75,7.82,3900,7.82
2005-04-28,7.98,8.24,7.75,8.00,6000,8.00
2005-04-27,8.18,8.28,8.18,8.25,600,8.25
2005-04-26,8.40,8.42,8.22,8.26,4400,8.26
2005-04-25,8.30,8.30,8.07,8.30,2100,8.30
2005-04-22,8.14,8.44,8.09,8.44,20000,8.44
2005-04-21,7.56,8.07,7.51,8.07,4300,8.07
2005-04-20,8.01,8.01,7.53,7.60,4500,7.60
2005-04-19,7.96,8.11,7.96,8.11,2400,8.11
2005-04-18,7.90,7.90,7.72,7.80,3500,7.80
2005-04-15,8.34,8.34,7.86,8.00,7300,8.00
2005-04-14,7.78,8.89,7.78,8.24,16100,8.24
2005-04-13,8.23,8.35,8.00,8.02,2400,8.02
2005-04-12,7.88,8.37,7.88,8.33,5100,8.33
2005-04-11,7.97,8.05,7.77,8.04,9600,8.04
2005-04-08,8.40,8.41,8.00,8.01,4800,8.01
2005-04-07,8.16,8.48,7.50,8.23,17300,8.23
2005-04-06,8.22,8.30,8.20,8.20,3500,8.20
2005-04-05,8.26,8.34,7.92,8.06,6900,8.06
2005-04-04,8.35,8.35,8.20,8.27,2000,8.27
2005-04-01,8.60,8.88,8.36,8.41,33400,8.41
2005-03-31,8.39,8.52,7.72,8.47,31700,8.47
2005-03-30,8.49,8.49,8.12,8.39,10200,8.39
2005-03-29,8.63,8.64,8.41,8.48,14700,8.48
2005-03-28,8.65,8.65,8.50,8.65,17600,8.65
2005-03-24,8.64,8.65,8.63,8.63,2800,8.63
2005-03-23,8.59,8.62,8.50,8.60,6300,8.60
2005-03-22,8.53,8.73,8.50,8.65,16300,8.65
2005-03-21,8.40,8.60,8.38,8.52,35100,8.52
2005-03-18,8.60,8.60,8.48,8.55,31300,8.55
2005-03-17,8.49,8.70,8.25,8.69,7100,8.69
2005-03-16,8.35,8.52,8.28,8.28,18600,8.28
2005-03-15,8.40,8.56,8.35,8.50,39500,8.50
2005-03-14,8.41,8.55,8.41,8.50,42000,8.50
2005-03-11,8.44,8.52,8.40,8.50,52700,8.50
2005-03-10,8.35,8.50,8.08,8.47,41600,8.47
2005-03-09,8.50,8.50,8.18,8.27,60100,8.27
2005-03-08,8.57,8.57,8.28,8.48,46600,8.48
2005-03-07,8.58,8.77,8.46,8.46,97300,8.46
2005-03-04,8.54,8.90,8.54,8.73,30700,8.73
2005-03-03,8.54,8.72,8.50,8.57,24300,8.57
2005-03-02,8.05,8.58,7.80,8.54,11400,8.54
2005-03-01,7.57,8.25,7.57,8.20,49000,8.20
2005-02-28,7.56,7.95,7.56,7.67,42900,7.67
2005-02-25,7.60,7.79,7.60,7.69,20600,7.69
2005-02-24,7.60,7.79,7.57,7.62,23700,7.62
2005-02-23,7.65,7.77,7.52,7.71,49300,7.71
2005-02-22,7.16,7.68,7.00,7.65,560200,7.65
2005-02-18,7.30,7.30,7.10,7.20,5200,7.20
2005-02-17,7.23,7.28,7.03,7.23,9900,7.23
2005-02-16,6.95,7.19,6.93,7.19,137300,7.19
2005-02-15,6.82,7.05,6.74,7.04,186800,7.04
2005-02-14,6.73,6.79,6.66,6.75,105100,6.75
2005-02-11,6.66,6.70,6.46,6.65,12400,6.65
2005-02-10,6.55,6.80,6.50,6.55,135300,6.55
2005-02-09,6.65,6.70,6.50,6.55,109900,6.55
2005-02-08,6.82,6.82,6.56,6.56,39600,6.56
2005-02-07,6.83,6.85,6.67,6.67,51800,6.67
2005-02-04,6.76,6.85,6.76,6.78,11800,6.78
2005-02-03,6.75,6.76,6.69,6.75,65700,6.75
2005-02-02,6.90,6.90,6.63,6.73,424400,6.73
2005-02-01,7.00,7.02,6.82,6.88,27400,6.88
2005-01-31,7.20,7.30,7.01,7.06,77400,7.06
2005-01-28,7.25,7.28,7.03,7.15,46200,7.15
2005-01-27,7.35,7.40,7.24,7.30,20300,7.30
2005-01-26,7.50,7.50,7.29,7.33,30200,7.33
2005-01-25,7.28,7.58,7.25,7.50,51900,7.50
2005-01-24,7.55,7.56,7.45,7.50,42900,7.50
2005-01-21,7.54,7.54,7.32,7.46,58200,7.46
2005-01-20,7.35,7.55,7.26,7.43,75700,7.43
2005-01-19,7.49,7.53,7.15,7.50,37900,7.50
2005-01-18,7.35,7.53,7.31,7.49,83200,7.49
2005-01-14,7.15,7.34,7.11,7.29,48400,7.29
2005-01-13,7.10,7.18,6.91,7.15,73200,7.15
2005-01-12,7.00,7.15,7.00,7.10,72400,7.10
2005-01-11,7.50,7.50,7.00,7.14,30100,7.14
2005-01-10,7.70,7.72,7.50,7.51,10300,7.51
2005-01-07,8.09,8.09,7.70,7.70,18500,7.70
2005-01-06,7.65,8.00,7.60,8.00,16000,8.00
2005-01-05,7.48,7.60,7.35,7.60,8800,7.60
2005-01-04,7.06,7.48,7.06,7.48,34700,7.48
2005-01-03,7.10,7.23,7.08,7.10,10700,7.10
2004-12-31,7.22,7.28,7.06,7.06,11300,7.06
2004-12-30,7.14,7.17,7.09,7.14,183000,7.14
2004-12-29,6.97,7.30,6.97,7.14,63900,7.14
2004-12-28,7.15,7.39,7.13,7.14,28300,7.14
2004-12-27,7.40,7.41,6.99,7.08,43600,7.08
2004-12-23,7.36,7.40,7.16,7.16,80800,7.16
2004-12-22,7.35,7.70,7.35,7.37,109600,7.37
2004-12-21,7.54,8.06,7.36,7.57,186300,7.57
2004-12-20,7.40,7.56,7.28,7.40,163700,7.40
2004-12-17,7.45,7.58,7.45,7.58,21400,7.58
2004-12-16,7.76,7.76,7.40,7.45,56900,7.45
2004-12-15,8.01,8.01,7.76,7.76,52600,7.76
2004-12-14,7.80,7.85,7.77,7.77,64000,7.77
2004-12-13,8.10,8.10,7.80,7.80,145300,7.80
2004-12-10,8.13,8.13,7.96,7.98,73400,7.98
2004-12-09,8.07,8.50,7.90,8.00,126800,8.00
2004-12-08,7.91,7.95,7.88,7.90,26400,7.90
2004-12-07,7.92,7.95,7.89,7.90,19200,7.90
2004-12-06,7.85,7.91,7.76,7.86,21500,7.86
2004-12-03,8.00,8.00,7.78,7.90,28600,7.90
2004-12-02,8.40,8.40,8.00,8.06,12700,8.06
2004-12-01,8.14,8.15,7.87,7.95,48100,7.95
2004-11-30,7.75,8.09,7.75,8.09,5900,8.09
2004-11-29,8.00,8.00,7.85,7.93,3600,7.93
2004-11-26,8.00,8.02,7.72,8.00,95900,8.00
2004-11-24,8.04,8.40,8.04,8.25,4600,8.25
2004-11-23,8.00,8.40,7.97,8.40,12900,8.40
2004-11-22,7.96,8.42,7.96,8.10,20900,8.10
2004-11-19,7.93,8.00,7.92,8.00,102000,8.00
2004-11-18,8.25,8.25,7.86,7.97,16900,7.97
2004-11-17,7.90,8.30,7.90,8.08,27900,8.08
2004-11-16,8.60,8.60,7.90,7.90,4100,7.90
2004-11-15,8.33,8.59,8.31,8.56,14400,8.56
2004-11-12,8.35,8.40,8.32,8.40,29500,8.40
2004-11-11,8.38,8.43,8.17,8.35,8100,8.35
2004-11-10,8.40,8.40,8.13,8.25,21400,8.25
2004-11-09,8.15,8.40,8.15,8.34,10100,8.34
2004-11-08,8.50,8.50,8.15,8.23,34600,8.23
2004-11-05,8.48,8.48,8.14,8.23,16100,8.23
2004-11-04,8.20,8.46,8.10,8.35,3500,8.35
2004-11-03,8.30,8.30,8.15,8.20,4000,8.20
2004-11-02,7.84,8.15,7.84,8.10,18800,8.10
2004-11-01,8.22,8.29,7.92,8.15,21600,8.15
2004-10-29,8.38,8.38,8.08,8.19,69700,8.19
2004-10-28,8.23,8.55,8.22,8.26,4900,8.26
2004-10-27,8.28,8.34,8.20,8.30,12300,8.30
2004-10-26,7.86,8.20,7.85,8.20,4900,8.20
2004-10-25,8.07,8.07,7.57,8.00,7500,8.00
2004-10-22,8.19,8.39,8.00,8.00,14400,8.00
2004-10-21,8.37,8.45,8.09,8.39,13200,8.39
2004-10-20,7.91,8.40,7.60,8.37,27700,8.37
2004-10-19,8.14,8.14,7.89,7.91,3500,7.91
2004-10-18,8.00,8.08,7.75,8.00,14400,8.00
2004-10-15,8.06,8.06,8.00,8.01,9100,8.01
2004-10-14,8.00,8.01,7.82,7.90,14700,7.90
2004-10-13,8.49,8.49,7.96,8.00,24700,8.00
2004-10-12,8.43,8.43,7.89,7.94,5000,7.94
2004-10-11,7.89,8.12,7.77,7.89,16400,7.89
2004-10-08,8.55,8.55,7.60,7.84,73600,7.84
2004-10-07,8.47,8.68,8.42,8.50,27400,8.50
2004-10-06,8.29,8.50,8.29,8.45,39600,8.45
2004-10-05,8.21,8.30,8.19,8.28,47600,8.28
2004-10-04,8.50,8.50,7.98,8.22,102000,8.22
2004-10-01,8.23,8.41,7.67,7.80,110400,7.80
2004-09-30,8.85,9.00,8.23,8.23,293400,8.23
2004-09-29,8.80,8.80,8.45,8.60,45600,8.60
2004-09-28,8.38,8.71,8.35,8.54,61800,8.54
2004-09-27,8.41,8.75,8.41,8.60,33000,8.60
2004-09-24,8.24,8.79,7.94,8.69,36500,8.69
2004-09-23,8.46,8.56,8.35,8.56,46400,8.56
2004-09-22,8.75,8.75,8.14,8.56,58900,8.56
2004-09-21,8.50,8.75,8.50,8.70,26800,8.70
2004-09-20,8.37,8.67,8.37,8.65,26600,8.65
2004-09-17,8.52,8.64,8.45,8.55,163600,8.55
2004-09-16,8.48,8.50,8.35,8.36,38900,8.36
2004-09-15,8.37,8.50,8.36,8.40,24600,8.40
2004-09-14,8.52,8.52,8.38,8.41,22400,8.41
2004-09-13,8.20,8.51,8.20,8.46,28900,8.46
2004-09-10,8.05,8.33,8.02,8.23,61900,8.23
2004-09-09,7.75,7.93,7.75,7.90,45000,7.90
2004-09-08,7.50,8.00,7.50,7.97,19300,7.97
2004-09-07,7.50,7.90,7.50,7.84,18100,7.84
2004-09-03,7.69,7.82,7.57,7.57,2800,7.57
2004-09-02,8.17,8.17,7.04,7.83,153300,7.83
2004-09-01,7.98,8.06,7.93,7.99,67400,7.99
2004-08-31,7.54,7.75,7.54,7.75,11200,7.75
2004-08-30,7.50,7.75,7.50,7.73,11300,7.73
2004-08-27,7.87,7.87,7.70,7.70,10000,7.70
2004-08-26,7.50,7.87,7.50,7.87,4600,7.87
2004-08-25,7.30,7.50,7.30,7.50,26500,7.50
2004-08-24,7.63,7.63,7.50,7.57,73400,7.57
2004-08-23,7.50,7.62,7.30,7.61,27900,7.61
2004-08-20,7.30,7.30,7.05,7.25,9600,7.25
2004-08-19,7.05,7.15,7.05,7.15,1500,7.15
2004-08-18,7.05,7.30,7.05,7.30,700,7.30
2004-08-17,7.34,7.40,7.20,7.40,4500,7.40
2004-08-16,7.65,7.65,7.25,7.25,4600,7.25
2004-08-13,7.41,7.45,7.30,7.30,21600,7.30
2004-08-12,7.62,7.82,7.21,7.45,45500,7.45
2004-08-11,7.00,7.50,7.00,7.50,500,7.50
2004-08-10,7.45,7.63,7.00,7.05,8700,7.05
2004-08-09,7.51,7.55,7.50,7.50,3500,7.50
2004-08-06,7.60,7.70,7.55,7.55,5700,7.55
2004-08-05,7.85,8.00,7.60,7.60,10500,7.60
2004-08-04,7.85,8.01,7.80,8.01,5400,8.01
2004-08-03,7.95,8.01,7.90,8.01,2400,8.01
2004-08-02,8.19,8.19,8.00,8.00,2300,8.00
2004-07-30,8.25,8.69,8.15,8.29,13000,8.29
2004-07-29,7.55,8.00,7.55,7.93,12000,7.93
2004-07-28,7.70,8.24,7.55,7.70,8500,7.70
2004-07-27,8.50,8.50,7.73,7.73,16100,7.73
2004-07-26,8.25,8.25,8.09,8.09,500,8.09
2004-07-23,8.29,8.35,8.10,8.22,2700,8.22
2004-07-22,8.25,8.40,7.53,7.91,4300,7.91
2004-07-21,8.75,8.78,7.62,8.14,12400,8.14
2004-07-20,8.00,8.31,7.50,7.50,22700,7.50
2004-07-19,8.25,8.60,8.00,8.03,10400,8.03
2004-07-16,8.50,8.53,8.38,8.53,26900,8.53
2004-07-15,8.70,8.75,8.38,8.59,23800,8.59
2004-07-14,8.75,8.75,8.06,8.30,23700,8.30
2004-07-13,8.05,8.77,8.00,8.01,11000,8.01
2004-07-12,8.20,9.00,8.05,8.40,11400,8.40
2004-07-09,8.06,8.52,8.06,8.14,5600,8.14
2004-07-08,8.60,8.60,8.00,8.12,7300,8.12
2004-07-07,8.25,8.48,8.25,8.25,4500,8.25
2004-07-06,8.64,8.64,8.01,8.03,3600,8.03
2004-07-02,9.05,9.08,8.05,8.63,15600,8.63
2004-07-01,9.05,9.05,8.31,8.60,4500,8.60
2004-06-30,8.10,9.00,8.10,8.85,44700,8.85
2004-06-29,8.97,8.97,8.40,8.70,31300,8.70
2004-06-28,8.90,9.17,8.50,8.50,53800,8.50
2004-06-25,8.95,9.48,8.34,8.40,166600,8.40
2004-06-24,8.61,9.34,8.25,8.70,161200,8.70
2004-06-23,7.98,8.27,7.75,8.00,178200,8.00
2004-06-22,6.75,8.79,6.60,7.81,1183400,7.81
