Date,Open,High,Low,Close,Volume,Adj Close
2012-05-04,16.22,16.88,15.84,16.78,1025100,16.78
2012-05-03,16.80,16.95,16.23,16.32,1144500,16.32
2012-05-02,16.50,17.02,16.36,16.77,3139800,16.77
2012-05-01,15.49,16.33,15.29,16.08,1305500,16.08
2012-04-30,15.71,15.80,15.33,15.50,621500,15.50
2012-04-27,15.73,15.89,15.49,15.70,559400,15.70
2012-04-26,15.71,15.85,15.57,15.68,500300,15.68
2012-04-25,15.95,16.15,15.65,15.73,735800,15.73
2012-04-24,15.63,15.79,15.61,15.73,486400,15.73
2012-04-23,15.49,15.75,15.36,15.65,452600,15.65
2012-04-20,15.36,15.98,15.20,15.72,898200,15.72
2012-04-19,15.09,15.25,14.90,15.10,446300,15.10
2012-04-18,15.37,15.42,15.00,15.11,353300,15.11
2012-04-17,15.44,15.80,15.38,15.45,693300,15.45
2012-04-16,15.39,15.52,15.15,15.29,472200,15.29
2012-04-13,15.65,15.83,15.23,15.26,666200,15.26
2012-04-12,15.56,15.80,15.55,15.75,521000,15.75
2012-04-11,15.43,15.80,15.43,15.55,1067600,15.55
2012-04-10,15.38,15.70,15.12,15.26,858200,15.26
2012-04-09,15.32,15.42,15.11,15.36,579300,15.36
2012-04-05,15.62,15.94,15.54,15.62,845700,15.62
2012-04-04,15.64,15.81,15.53,15.71,713200,15.71
2012-04-03,15.90,15.99,15.47,15.80,842100,15.80
2012-04-02,15.45,16.01,15.39,15.87,974400,15.87
2012-03-30,15.83,15.83,15.24,15.47,945900,15.47
2012-03-29,15.71,15.86,15.49,15.76,638000,15.76
2012-03-28,15.60,16.04,15.60,15.86,1316700,15.86
2012-03-27,15.61,15.72,15.38,15.61,1570400,15.61
2012-03-26,15.48,15.65,15.32,15.64,2080900,15.64
2012-03-23,15.25,15.44,14.95,15.31,823400,15.31
2012-03-22,15.19,15.56,15.00,15.26,1130700,15.26
2012-03-21,15.26,15.62,15.19,15.36,755600,15.36
2012-03-20,15.08,15.30,14.96,15.23,919900,15.23
2012-03-19,14.86,15.42,14.78,15.15,1020100,15.15
2012-03-16,14.92,14.93,14.61,14.82,1557200,14.82
2012-03-15,15.05,15.05,14.52,14.81,1004700,14.81
2012-03-14,14.64,15.07,14.36,14.90,1110000,14.90
2012-03-13,14.13,14.71,14.11,14.62,1185600,14.62
2012-03-12,14.26,14.28,14.06,14.20,862200,14.20
2012-03-09,13.86,14.60,13.85,14.22,1410900,14.22
2012-03-08,13.86,13.92,13.55,13.84,1299500,13.84
2012-03-07,13.44,13.86,13.30,13.78,572700,13.78
2012-03-06,13.63,13.77,13.21,13.37,2060700,13.37
2012-03-05,13.94,13.94,13.58,13.80,642900,13.80
2012-03-02,14.33,14.54,13.94,14.01,758900,14.01
2012-03-01,13.71,14.37,13.71,14.31,837700,14.31
2012-02-29,13.92,13.99,13.58,13.62,1057300,13.62
2012-02-28,14.00,14.07,13.73,13.88,555600,13.88
2012-02-27,13.71,14.07,13.54,13.95,1102400,13.95
2012-02-24,14.01,14.07,13.75,13.85,625100,13.85
2012-02-23,13.95,14.04,13.72,13.98,1366500,13.98
2012-02-22,14.23,14.24,13.59,13.89,1560000,13.89
2012-02-21,14.25,14.40,14.13,14.24,1259900,14.24
2012-02-17,14.40,14.40,14.20,14.22,882600,14.22
2012-02-16,14.29,14.46,14.19,14.28,757100,14.28
2012-02-15,14.65,14.95,14.18,14.24,883300,14.24
2012-02-14,14.36,14.62,14.04,14.53,1174900,14.53
2012-02-13,14.61,14.68,14.26,14.39,1143100,14.39
2012-02-10,14.19,14.65,14.09,14.47,1701400,14.47
2012-02-09,14.08,14.50,13.92,14.40,2226900,14.40
2012-02-08,13.92,14.21,13.47,14.08,3408700,14.08
2012-02-07,13.34,14.55,13.30,13.91,6641700,13.91
2012-02-06,12.57,12.96,12.39,12.89,1564200,12.89
2012-02-03,12.21,12.76,11.98,12.74,1222500,12.74
2012-02-02,11.98,12.33,11.87,11.98,2129000,11.98
2012-02-01,11.70,12.10,11.54,12.02,948700,12.02
2012-01-31,11.68,11.80,11.47,11.59,1893900,11.59
2012-01-30,11.59,11.65,11.38,11.57,1107700,11.57
2012-01-27,11.95,11.95,11.33,11.73,812300,11.73
2012-01-26,12.11,12.11,11.58,11.67,1498400,11.67
2012-01-25,12.04,12.17,11.73,12.08,1235000,12.08
2012-01-24,12.14,12.14,11.52,12.05,1385300,12.05
2012-01-23,11.92,12.30,11.82,12.19,1597000,12.19
2012-01-20,11.81,12.00,11.70,11.96,1843900,11.96
2012-01-19,12.21,12.24,11.80,11.84,1672600,11.84
2012-01-18,10.67,12.23,10.58,12.08,5868300,12.08
2012-01-17,10.82,11.11,10.54,10.66,1591100,10.66
2012-01-13,10.60,10.72,10.10,10.61,2560700,10.61
2012-01-12,10.90,10.90,10.21,10.70,2998500,10.70
2012-01-11,10.04,10.83,10.04,10.70,16666400,10.70
2012-01-10,9.70,10.35,9.68,10.23,13350200,10.23
2012-01-09,11.16,11.26,10.84,10.93,799600,10.93
2012-01-06,11.40,11.46,10.91,11.15,1015500,11.15
2012-01-05,11.15,11.44,10.98,11.24,2195100,11.24
2012-01-04,10.96,11.50,10.86,11.37,2289600,11.37
2012-01-03,10.91,11.58,10.88,11.39,2978100,11.39
2011-12-30,10.17,10.78,9.92,10.70,1369400,10.70
2011-12-29,10.01,10.35,9.91,10.23,1125600,10.23
2011-12-28,10.59,10.63,9.63,10.02,2376200,10.02
2011-12-27,10.47,10.88,10.28,10.59,2419600,10.59
2011-12-23,11.32,11.32,10.16,10.52,3953900,10.52
2011-12-22,13.10,13.14,8.75,11.11,12625000,11.11
2011-12-21,13.48,13.55,12.83,13.02,1672700,13.02
2011-12-20,14.22,14.24,13.45,13.46,789100,13.46
2011-12-19,13.96,14.19,13.80,13.94,954100,13.94
2011-12-16,13.97,14.47,13.82,13.91,840200,13.91
2011-12-15,13.78,13.96,13.61,13.83,513200,13.83
2011-12-14,13.90,14.07,13.25,13.56,1299000,13.56
2011-12-13,14.64,14.76,13.80,14.02,750400,14.02
2011-12-12,14.37,14.58,14.26,14.57,561800,14.57
2011-12-09,14.58,14.72,14.46,14.58,440900,14.58
2011-12-08,14.64,14.89,14.54,14.55,708700,14.55
2011-12-07,14.70,14.89,14.36,14.75,900600,14.75
2011-12-06,14.79,14.94,14.48,14.71,955400,14.71
2011-12-05,15.38,15.38,14.82,14.83,740100,14.83
2011-12-02,15.50,15.71,15.06,15.08,738600,15.08
2011-12-01,15.28,15.55,15.21,15.34,725500,15.34
2011-11-30,15.04,15.42,14.88,15.36,1463300,15.36
2011-11-29,14.89,14.95,14.38,14.43,615900,14.43
2011-11-28,14.70,14.92,14.66,14.88,688000,14.88
2011-11-25,14.50,14.73,14.22,14.22,192600,14.22
2011-11-23,14.64,14.76,14.56,14.61,639300,14.61
2011-11-22,14.98,15.17,14.66,14.80,1639800,14.80
2011-11-21,15.07,15.26,14.84,14.99,669200,14.99
2011-11-18,15.22,15.49,15.19,15.36,722400,15.36
2011-11-17,16.02,16.02,15.08,15.17,1373800,15.17
2011-11-16,16.19,16.60,16.01,16.04,599600,16.04
2011-11-15,16.22,16.46,15.96,16.39,638600,16.39
2011-11-14,16.39,16.52,16.23,16.34,668700,16.34
2011-11-11,16.87,17.01,16.43,16.51,744700,16.51
2011-11-10,16.74,16.85,16.17,16.59,1636900,16.59
2011-11-09,16.90,16.91,16.44,16.44,1496800,16.44
2011-11-08,17.29,17.53,16.88,17.36,735700,17.36
2011-11-07,17.24,17.50,17.10,17.22,859000,17.22
2011-11-04,18.12,18.12,17.10,17.23,1801300,17.23
2011-11-03,18.17,18.35,17.62,18.34,897200,18.34
2011-11-02,17.77,18.04,17.34,17.91,985200,17.91
2011-11-01,17.89,18.09,17.36,17.42,1393300,17.42
2011-10-31,18.87,18.99,18.44,18.45,828700,18.45
2011-10-28,18.88,19.27,18.68,19.23,1215600,19.23
2011-10-27,18.63,19.03,18.24,19.00,1916600,19.00
2011-10-26,17.88,18.06,17.50,17.97,614800,17.97
2011-10-25,17.95,17.98,17.52,17.53,849300,17.53
2011-10-24,17.43,18.14,17.36,18.04,811800,18.04
2011-10-21,17.55,17.73,17.35,17.42,654200,17.42
2011-10-20,17.41,17.53,16.88,17.23,542700,17.23
2011-10-19,17.48,17.89,17.24,17.32,639800,17.32
2011-10-18,17.42,17.79,17.22,17.55,1189000,17.55
2011-10-17,17.85,17.99,17.35,17.36,766300,17.36
2011-10-14,17.52,18.05,17.36,18.03,858000,18.03
2011-10-13,17.39,17.57,17.03,17.29,733000,17.29
2011-10-12,17.11,17.67,16.96,17.57,1660900,17.57
2011-10-11,16.41,17.02,16.35,16.89,1242500,16.89
2011-10-10,16.01,16.38,15.99,16.38,877500,16.38
2011-10-07,15.96,16.08,15.40,15.65,868300,15.65
2011-10-06,15.22,15.99,15.22,15.95,1200400,15.95
2011-10-05,14.95,15.39,14.75,15.38,1066500,15.38
2011-10-04,14.24,14.94,13.73,14.90,2500000,14.90
2011-10-03,16.02,16.17,14.33,14.51,2334700,14.51
2011-09-30,16.56,16.61,15.85,16.08,1037100,16.08
2011-09-29,16.74,16.91,16.33,16.84,597600,16.84
2011-09-28,16.65,16.96,16.34,16.36,833000,16.36
2011-09-27,16.77,16.92,16.47,16.58,866900,16.58
2011-09-26,16.23,16.46,15.77,16.42,616800,16.42
2011-09-23,16.18,16.53,15.94,16.06,866900,16.06
2011-09-22,16.50,16.72,16.02,16.20,1361400,16.20
2011-09-21,17.33,17.44,16.73,16.75,786400,16.75
2011-09-20,17.47,17.87,17.29,17.30,475300,17.30
2011-09-19,17.67,17.75,17.36,17.45,671500,17.45
2011-09-16,17.68,18.01,17.53,18.01,1061200,18.01
2011-09-15,17.40,17.63,17.25,17.61,568700,17.61
2011-09-14,17.28,17.38,16.80,17.19,847700,17.19
2011-09-13,16.91,17.25,16.73,17.16,898400,17.16
2011-09-12,16.67,17.07,16.50,16.85,859000,16.85
2011-09-09,17.42,17.57,16.82,16.95,1007800,16.95
2011-09-08,17.78,18.00,17.45,17.63,900100,17.63
2011-09-07,17.51,17.81,17.30,17.75,971600,17.75
2011-09-06,17.04,17.24,16.87,17.20,1333400,17.20
2011-09-02,17.59,17.96,17.29,17.38,1299000,17.38
2011-09-01,19.01,19.03,17.99,18.00,2469900,18.00
2011-08-31,19.30,19.56,18.79,18.97,1004300,18.97
2011-08-30,18.84,19.39,18.56,19.20,1223600,19.20
2011-08-29,18.52,19.08,18.41,19.01,1224600,19.01
2011-08-26,17.98,18.41,17.60,18.25,660700,18.25
2011-08-25,18.62,18.66,17.85,18.07,1277100,18.07
2011-08-24,18.26,18.68,18.08,18.43,1255800,18.43
2011-08-23,17.74,18.29,17.71,18.28,1853800,18.28
2011-08-22,18.32,18.33,17.56,17.61,2079800,17.61
2011-08-19,16.60,18.08,16.56,17.92,2877100,17.92
2011-08-18,17.07,17.47,16.73,16.96,2507400,16.96
2011-08-17,16.44,17.67,16.44,17.62,3578700,17.62
2011-08-16,16.22,16.62,15.93,16.40,1337100,16.40
2011-08-15,15.38,16.20,15.34,16.18,1004900,16.18
2011-08-12,15.15,15.40,14.94,15.23,950200,15.23
2011-08-11,14.76,15.30,14.48,15.02,1722300,15.02
2011-08-10,14.91,15.31,14.44,14.56,2894100,14.56
2011-08-09,15.27,15.29,14.36,15.19,2536100,15.19
2011-08-08,16.72,17.24,15.02,15.02,2583900,15.02
2011-08-05,17.34,17.57,16.61,17.05,2490100,17.05
2011-08-04,18.02,18.02,17.12,17.13,1908600,17.13
2011-08-03,18.28,18.46,18.03,18.09,962800,18.09
2011-08-02,18.61,18.68,18.21,18.21,1312700,18.21
2011-08-01,18.90,18.91,18.52,18.74,1216100,18.74
2011-07-29,18.60,19.01,18.47,18.76,1571400,18.76
2011-07-28,18.86,19.00,18.48,18.53,684700,18.53
2011-07-27,19.16,19.23,18.88,18.88,730400,18.88
2011-07-26,18.85,19.27,18.79,19.20,1154900,19.20
2011-07-25,19.02,19.10,18.81,18.81,708100,18.81
2011-07-22,19.42,19.42,19.15,19.23,395300,19.23
2011-07-21,19.54,19.62,19.38,19.46,565700,19.46
2011-07-20,19.28,19.53,19.23,19.39,435800,19.39
2011-07-19,19.26,19.34,18.92,19.20,818000,19.20
2011-07-18,19.52,19.57,19.08,19.21,571900,19.21
2011-07-15,19.86,19.86,19.43,19.55,577200,19.55
2011-07-14,20.18,20.27,19.68,19.82,527100,19.82
2011-07-13,20.11,20.46,20.06,20.11,549400,20.11
2011-07-12,19.77,20.30,19.77,20.00,467700,20.00
2011-07-11,19.92,20.04,19.71,19.84,463200,19.84
2011-07-08,20.05,20.12,19.69,20.12,563500,20.12
2011-07-07,19.88,20.15,19.82,20.02,823200,20.02
2011-07-06,20.13,20.13,19.49,19.74,1071200,19.74
2011-07-05,20.62,20.63,20.13,20.22,696700,20.22
2011-07-01,20.51,20.92,20.44,20.65,1029500,20.65
2011-06-30,20.06,20.70,20.04,20.52,698300,20.52
2011-06-29,19.75,20.16,19.73,19.99,838200,19.99
2011-06-28,19.73,19.92,19.61,19.64,513800,19.64
2011-06-27,19.81,20.00,19.63,19.64,591300,19.64
2011-06-24,20.07,20.14,19.51,19.80,501300,19.80
2011-06-23,20.09,20.16,19.75,20.07,734300,20.07
2011-06-22,20.33,20.63,20.28,20.31,282900,20.31
2011-06-21,20.18,20.58,20.08,20.43,998400,20.43
2011-06-20,19.56,20.22,19.56,20.06,691900,20.06
2011-06-17,19.73,19.81,19.50,19.59,986200,19.59
2011-06-16,19.61,19.93,19.56,19.63,377100,19.63
2011-06-15,19.77,19.78,19.41,19.57,635600,19.57
2011-06-14,19.71,19.97,19.71,19.85,540100,19.85
2011-06-13,19.78,19.87,19.54,19.58,636400,19.58
2011-06-10,19.77,19.84,19.55,19.73,666600,19.73
2011-06-09,19.79,19.90,19.71,19.88,706600,19.88
2011-06-08,19.97,20.02,19.73,19.76,791300,19.76
2011-06-07,20.19,20.51,20.03,20.04,620300,20.04
2011-06-06,20.29,20.29,20.01,20.07,730200,20.07
2011-06-03,20.21,20.51,20.20,20.35,401800,20.35
2011-06-02,20.65,20.78,20.42,20.47,733700,20.47
2011-06-01,20.93,20.93,20.64,20.65,1085100,20.65
2011-05-31,20.91,21.02,20.81,20.97,498300,20.97
2011-05-27,20.78,20.89,20.66,20.72,340700,20.72
2011-05-26,20.63,20.78,20.38,20.76,540800,20.76
2011-05-25,20.83,20.98,20.65,20.75,604800,20.75
2011-05-24,21.44,21.47,20.83,20.88,673500,20.88
2011-05-23,21.32,21.57,21.17,21.43,668300,21.43
2011-05-20,21.79,21.96,21.56,21.61,563200,21.61
2011-05-19,21.90,22.10,21.84,21.84,854400,21.84
2011-05-18,21.90,21.95,21.60,21.78,596100,21.78
2011-05-17,21.81,22.08,21.75,21.92,573800,21.92
2011-05-16,21.67,22.19,21.54,22.01,808900,22.01
2011-05-13,21.86,22.10,21.75,21.81,702200,21.81
2011-05-12,22.14,22.19,21.82,21.90,798000,21.90
2011-05-11,22.48,22.49,22.05,22.25,552300,22.25
2011-05-10,22.19,22.50,22.11,22.48,801300,22.48
2011-05-09,22.19,22.24,21.89,22.08,1083300,22.08
2011-05-06,21.98,22.38,21.88,22.34,1242200,22.34
2011-05-05,21.21,21.81,21.21,21.73,1320700,21.73
2011-05-04,21.22,21.48,20.69,21.31,1123500,21.31
2011-05-03,21.16,21.54,20.83,21.46,1153000,21.46
2011-05-02,21.46,21.46,21.10,21.16,692600,21.16
2011-04-29,20.96,21.47,20.96,21.46,877000,21.46
2011-04-28,20.53,21.03,20.34,20.94,1064800,20.94
2011-04-27,20.68,20.70,20.31,20.53,764400,20.53
2011-04-26,20.58,20.79,20.46,20.69,556100,20.69
2011-04-25,20.71,20.74,20.45,20.55,773000,20.55
2011-04-21,20.62,20.82,20.51,20.80,855600,20.80
2011-04-20,20.29,20.61,20.21,20.53,965100,20.53
2011-04-19,20.08,20.37,19.97,20.08,830700,20.08
2011-04-18,20.42,20.48,20.12,20.19,734100,20.19
2011-04-15,20.64,20.83,20.59,20.60,772200,20.60
2011-04-14,20.76,20.88,20.65,20.70,1786400,20.70
2011-04-13,21.22,21.40,20.79,20.93,516700,20.93
2011-04-12,21.11,21.30,21.01,21.18,605500,21.18
2011-04-11,21.75,21.75,21.19,21.23,492000,21.23
2011-04-08,22.03,22.03,21.45,21.78,520700,21.78
2011-04-07,21.88,22.12,21.71,21.96,585100,21.96
2011-04-06,21.93,22.00,21.69,21.91,354500,21.91
2011-04-05,21.89,22.09,21.66,21.91,333900,21.91
2011-04-04,22.34,22.34,21.92,21.96,604200,21.96
2011-04-01,22.00,22.37,21.92,22.27,2091100,22.27
2011-03-31,21.65,22.00,21.49,21.77,992200,21.77
2011-03-30,21.00,21.77,20.86,21.73,1597900,21.73
2011-03-29,21.17,21.17,20.87,20.96,1498300,20.96
2011-03-28,20.75,21.08,20.48,21.05,1080800,21.05
2011-03-25,21.27,21.30,20.74,20.77,1029600,20.77
2011-03-24,21.30,21.37,20.92,21.25,627200,21.25
2011-03-23,21.22,21.34,21.02,21.22,716800,21.22
2011-03-22,21.62,21.65,21.21,21.22,471500,21.22
2011-03-21,21.55,21.67,21.47,21.60,1167700,21.60
2011-03-18,21.45,21.61,21.25,21.40,639200,21.40
2011-03-17,21.65,21.83,21.35,21.42,728200,21.42
2011-03-16,21.70,22.00,21.41,21.45,839600,21.45
2011-03-15,21.30,21.97,21.24,21.86,1152300,21.86
2011-03-14,21.90,22.04,21.61,21.78,584400,21.78
2011-03-11,21.73,22.27,21.62,22.16,748300,22.16
2011-03-10,21.82,21.98,21.54,21.78,738900,21.78
2011-03-09,22.27,22.67,21.98,21.98,875600,21.98
2011-03-08,22.00,22.53,21.95,22.43,791700,22.43
2011-03-07,22.14,22.20,21.60,21.90,995000,21.90
2011-03-04,22.62,22.67,21.48,22.00,1738500,22.00
2011-03-03,23.17,23.22,22.35,22.53,1811100,22.53
2011-03-02,23.43,23.48,22.67,23.01,2432400,23.01
2011-03-01,24.66,25.05,23.01,23.43,2213900,23.43
2011-02-28,25.03,25.03,24.60,24.68,362900,24.68
2011-02-25,24.50,24.95,24.47,24.90,656900,24.90
2011-02-24,24.67,24.67,24.36,24.47,555300,24.47
2011-02-23,24.94,24.96,24.38,24.69,639200,24.69
2011-02-22,25.02,25.18,24.79,24.88,596700,24.88
2011-02-18,24.76,25.30,24.76,25.24,580500,25.24
2011-02-17,24.77,24.81,24.53,24.78,202900,24.78
2011-02-16,25.00,25.01,24.66,24.76,485600,24.76
2011-02-15,25.00,25.04,24.73,24.89,216200,24.89
2011-02-14,24.97,25.09,24.82,24.98,290700,24.98
2011-02-11,24.72,25.11,24.67,25.02,586600,25.02
2011-02-10,24.82,24.88,24.55,24.81,440100,24.81
2011-02-09,24.94,25.03,24.64,25.00,1475500,25.00
2011-02-08,25.07,25.14,24.84,25.04,835600,25.04
2011-02-07,24.78,25.14,24.73,25.10,491900,25.10
2011-02-04,24.44,24.75,24.30,24.73,927400,24.73
2011-02-03,24.32,24.62,24.17,24.42,462000,24.42
2011-02-02,24.49,24.66,24.27,24.41,420700,24.41
2011-02-01,23.99,24.70,23.75,24.58,1356800,24.58
2011-01-31,23.63,24.25,23.56,23.89,932800,23.89
2011-01-28,24.45,24.46,23.63,23.65,529800,23.65
2011-01-27,24.30,24.48,24.15,24.40,464100,24.40
2011-01-26,24.45,25.12,24.10,24.32,1378100,24.32
2011-01-25,24.39,24.77,24.14,24.77,2621100,24.77
2011-01-24,24.38,24.51,24.25,24.43,416400,24.43
2011-01-21,24.60,24.65,24.29,24.32,409900,24.32
2011-01-20,24.29,24.67,24.29,24.57,515100,24.57
2011-01-19,24.86,24.86,24.23,24.40,691500,24.40
2011-01-18,24.81,24.97,24.55,24.84,1074300,24.84
2011-01-14,24.77,25.06,24.60,24.97,782100,24.97
2011-01-13,24.92,24.97,24.61,24.72,373700,24.72
2011-01-12,25.33,25.35,23.56,24.89,3389400,24.89
2011-01-11,24.90,25.55,24.79,25.13,1426600,25.13
2011-01-10,24.58,24.95,24.48,24.90,795400,24.90
2011-01-07,24.36,24.75,24.24,24.60,1168000,24.60
2011-01-06,24.07,24.31,23.76,24.20,780200,24.20
2011-01-05,23.59,24.23,23.50,24.10,546700,24.10
2011-01-04,23.69,23.80,23.47,23.62,667700,23.62
2011-01-03,23.35,23.66,23.30,23.61,875800,23.61
2010-12-31,23.28,23.39,23.10,23.15,318100,23.15
2010-12-30,23.29,23.48,23.19,23.36,372700,23.36
2010-12-29,23.20,23.31,23.13,23.31,412800,23.31
2010-12-28,23.14,23.45,23.02,23.16,406700,23.16
2010-12-27,22.48,23.17,22.48,23.10,362300,23.10
2010-12-23,22.54,22.69,22.40,22.68,436200,22.68
2010-12-22,22.42,22.54,22.30,22.54,337200,22.54
2010-12-21,22.36,22.46,22.26,22.38,270900,22.38
2010-12-20,21.91,22.31,21.82,22.29,506300,22.29
2010-12-17,21.41,21.89,20.94,21.86,875300,21.86
2010-12-16,21.88,21.88,21.30,21.49,562800,21.49
2010-12-15,22.08,22.40,21.79,21.83,832400,21.83
2010-12-14,22.05,22.26,21.95,22.16,584400,22.16
2010-12-13,22.40,22.40,22.04,22.09,778300,22.09
2010-12-10,22.19,22.47,22.16,22.39,370400,22.39
2010-12-09,22.00,22.24,21.72,22.20,797700,22.20
2010-12-08,21.55,22.00,21.48,21.91,562400,21.91
2010-12-07,21.50,21.62,21.09,21.49,442000,21.49
2010-12-06,21.41,21.42,21.13,21.30,241000,21.30
2010-12-03,21.28,21.50,21.06,21.47,282000,21.47
2010-12-02,21.40,21.49,21.26,21.42,433600,21.42
2010-12-01,21.48,21.57,21.26,21.41,792500,21.41
2010-11-30,20.91,21.28,20.72,21.23,606100,21.23
2010-11-29,20.92,21.17,20.77,21.04,409800,21.04
2010-11-26,20.93,21.10,20.66,21.03,143800,21.03
2010-11-24,20.63,21.01,20.41,21.00,515600,21.00
2010-11-23,20.06,20.50,20.04,20.43,294800,20.43
2010-11-22,20.26,20.48,20.19,20.34,384000,20.34
2010-11-19,20.11,20.56,19.89,20.41,520000,20.41
2010-11-18,20.04,20.44,20.00,20.15,918400,20.15
2010-11-17,20.28,20.39,19.68,19.82,1056000,19.82
2010-11-16,20.22,20.27,19.98,20.26,658400,20.26
2010-11-15,20.44,20.49,20.24,20.33,428600,20.33
2010-11-12,20.18,20.44,20.12,20.37,425100,20.37
2010-11-11,20.16,20.36,20.11,20.35,669500,20.35
2010-11-10,20.36,20.39,20.02,20.37,1100900,20.37
2010-11-09,20.29,20.36,20.16,20.26,1417400,20.26
2010-11-08,20.75,20.75,20.18,20.29,664100,20.29
2010-11-05,20.67,20.82,20.53,20.80,821900,20.80
2010-11-04,20.25,20.66,20.22,20.61,588000,20.61
2010-11-03,20.37,20.37,19.80,20.07,673600,20.07
2010-11-02,20.54,20.99,19.70,20.29,1052700,20.29
2010-11-01,19.37,20.41,19.32,20.24,2058100,20.24
2010-10-29,18.95,19.32,18.86,19.27,385100,19.27
2010-10-28,19.27,19.29,18.87,18.96,374500,18.96
2010-10-27,19.03,19.34,18.93,19.12,326200,19.12
2010-10-26,19.41,19.43,19.11,19.15,374500,19.15
2010-10-25,19.66,19.80,19.44,19.47,407500,19.47
2010-10-22,19.42,19.66,19.38,19.52,327000,19.52
2010-10-21,19.88,19.97,19.27,19.36,904800,19.36
2010-10-20,18.73,19.81,18.25,19.75,2421400,19.75
2010-10-19,18.86,19.21,18.50,18.68,1872200,18.68
2010-10-18,19.00,19.28,18.83,19.06,1341700,19.06
2010-10-15,20.08,20.28,18.90,19.01,3491000,19.01
2010-10-14,21.05,21.06,19.50,20.00,3335100,20.00
2010-10-13,20.95,21.43,20.94,21.01,1116900,21.01
2010-10-12,19.90,20.87,19.90,20.79,989500,20.79
2010-10-11,20.06,20.33,19.88,19.91,807200,19.91
2010-10-08,20.36,20.78,19.99,20.07,1465900,20.07
2010-10-07,22.07,22.14,19.88,20.29,3089400,20.29
2010-10-06,21.73,22.33,21.69,22.00,1525200,22.00
2010-10-05,21.34,21.74,21.16,21.73,716100,21.73
2010-10-04,21.39,21.45,20.96,21.20,376300,21.20
2010-10-01,21.28,21.48,20.96,21.38,566000,21.38
2010-09-30,21.13,21.19,20.80,21.06,678700,21.06
2010-09-29,21.08,21.22,20.80,20.94,652700,20.94
2010-09-28,21.50,21.50,20.91,21.21,960200,21.21
2010-09-27,21.12,21.46,20.93,21.46,572000,21.46
2010-09-24,20.87,21.19,20.76,21.18,283700,21.18
2010-09-23,20.56,20.79,20.41,20.67,436000,20.67
2010-09-22,20.96,21.00,20.39,20.73,415500,20.73
2010-09-21,21.37,21.48,20.96,21.03,407900,21.03
2010-09-20,20.64,21.40,20.51,21.33,529200,21.33
2010-09-17,20.50,20.66,20.17,20.63,642400,20.63
2010-09-16,20.20,20.44,20.02,20.39,448000,20.39
2010-09-15,19.94,20.30,19.82,20.20,273700,20.20
2010-09-14,20.02,20.17,19.82,19.99,295900,19.99
2010-09-13,19.68,20.11,19.54,20.10,777400,20.10
2010-09-10,19.47,19.66,19.24,19.49,346200,19.49
2010-09-09,19.68,19.68,19.26,19.37,322700,19.37
2010-09-08,19.25,19.59,19.17,19.45,302800,19.45
2010-09-07,19.29,19.43,19.18,19.23,529600,19.23
2010-09-03,19.13,19.63,19.08,19.42,245300,19.42
2010-09-02,19.06,19.06,18.71,18.97,1458300,18.97
2010-09-01,18.79,18.95,18.65,18.94,597300,18.94
2010-08-31,18.55,18.81,18.40,18.51,518400,18.51
2010-08-30,19.29,19.38,18.58,18.58,473100,18.58
2010-08-27,18.71,19.51,18.62,19.42,643600,19.42
2010-08-26,19.09,19.29,18.51,18.56,490600,18.56
2010-08-25,18.42,19.10,18.30,18.99,681500,18.99
2010-08-24,18.79,19.12,18.52,18.55,685400,18.55
2010-08-23,19.63,19.67,19.05,19.10,540200,19.10
2010-08-20,19.60,19.69,19.50,19.56,580300,19.56
2010-08-19,20.19,20.20,19.65,19.70,794500,19.70
2010-08-18,20.14,20.36,19.80,20.31,472600,20.31
2010-08-17,20.69,20.69,20.07,20.21,951500,20.21
2010-08-16,20.04,20.65,20.02,20.42,537300,20.42
2010-08-13,20.50,20.64,20.15,20.18,595400,20.18
2010-08-12,20.82,20.96,20.53,20.60,756200,20.60
2010-08-11,21.45,21.51,20.97,21.07,1249800,21.07
2010-08-10,22.07,22.19,21.66,21.72,578800,21.72
2010-08-09,22.49,22.49,22.20,22.35,494300,22.35
2010-08-06,21.95,22.46,21.83,22.29,707100,22.29
2010-08-05,22.06,22.52,22.06,22.12,1042200,22.12
2010-08-04,22.38,22.67,21.79,22.03,1521700,22.03
2010-08-03,20.05,22.53,20.05,22.39,2794000,22.39
2010-08-02,20.26,20.37,19.98,20.14,555900,20.14
2010-07-30,19.78,20.19,19.69,19.91,662400,19.91
2010-07-29,20.18,20.35,19.79,19.95,657400,19.95
2010-07-28,19.98,20.29,19.81,19.96,433700,19.96
2010-07-27,20.03,20.26,19.97,20.05,557800,20.05
2010-07-26,19.45,19.92,19.41,19.88,610200,19.88
2010-07-23,19.00,19.45,18.95,19.45,1206400,19.45
2010-07-22,18.28,19.10,18.28,19.03,963300,19.03
2010-07-21,18.93,18.99,17.96,18.07,867400,18.07
2010-07-20,18.26,18.88,18.13,18.86,420700,18.86
2010-07-19,18.61,18.82,18.24,18.56,444300,18.56
2010-07-16,19.17,19.18,18.57,18.60,877400,18.60
2010-07-15,19.48,19.48,19.02,19.28,655700,19.28
2010-07-14,19.15,19.47,19.15,19.45,765800,19.45
2010-07-13,19.26,19.48,18.92,19.31,851200,19.31
2010-07-12,18.37,19.08,18.37,19.01,1267100,19.01
2010-07-09,18.46,18.61,18.26,18.47,544100,18.47
2010-07-08,18.18,18.41,18.01,18.41,754300,18.41
2010-07-07,17.84,17.96,17.45,17.96,990500,17.96
2010-07-06,18.68,18.79,17.71,17.83,941600,17.83
2010-07-02,18.94,18.98,18.24,18.25,994800,18.25
2010-07-01,18.95,19.14,18.58,18.82,895000,18.82
2010-06-30,19.34,19.64,18.91,19.04,578000,19.04
2010-06-29,19.46,19.68,19.14,19.34,601300,19.34
2010-06-28,20.14,20.19,19.66,19.68,270900,19.68
2010-06-25,19.70,20.34,19.62,20.12,1091800,20.12
2010-06-24,19.88,20.03,19.63,19.67,372000,19.67
2010-06-23,19.59,20.24,19.59,20.02,562600,20.02
2010-06-22,20.03,20.34,19.63,19.63,600600,19.63
2010-06-21,20.55,20.80,19.78,19.90,404200,19.90
2010-06-18,20.12,20.52,20.04,20.38,577500,20.38
2010-06-17,20.92,21.05,19.82,19.98,1628100,19.98
2010-06-16,20.65,21.04,20.46,20.87,310900,20.87
2010-06-15,20.55,20.92,20.55,20.90,367000,20.90
2010-06-14,20.56,20.84,20.27,20.40,426300,20.40
2010-06-11,19.74,20.34,19.71,20.33,295900,20.33
2010-06-10,19.94,20.28,19.57,20.02,387400,20.02
2010-06-09,19.88,20.32,19.44,19.54,729800,19.54
2010-06-08,19.73,19.90,19.42,19.75,632000,19.75
2010-06-07,20.22,20.32,19.57,19.61,791900,19.61
2010-06-04,20.63,20.70,20.04,20.11,1188500,20.11
2010-06-03,21.05,21.26,20.75,20.99,365800,20.99
2010-06-02,20.83,21.21,20.71,21.19,642600,21.19
2010-06-01,21.71,22.14,20.74,20.85,1860600,20.85
2010-05-28,21.57,22.30,21.46,22.05,771200,22.05
2010-05-27,21.32,21.69,21.12,21.63,695500,21.63
2010-05-26,20.98,21.19,20.70,20.92,712100,20.92
2010-05-25,20.33,20.84,20.16,20.76,783500,20.76
2010-05-24,21.35,21.44,20.83,20.85,405700,20.85
2010-05-21,20.47,21.64,20.33,21.43,671300,21.43
2010-05-20,21.51,21.99,20.81,20.82,1004300,20.82
2010-05-19,21.54,22.30,21.54,22.12,1192400,22.12
2010-05-18,22.28,22.64,21.52,21.64,417100,21.64
2010-05-17,22.28,22.65,21.45,22.17,425800,22.17
2010-05-14,22.14,22.27,21.82,22.14,363400,22.14
2010-05-13,22.45,22.88,22.24,22.38,395700,22.38
2010-05-12,22.25,22.61,22.25,22.59,599100,22.59
2010-05-11,21.49,22.48,21.49,22.14,1247400,22.14
2010-05-10,21.29,22.24,21.02,21.90,1250200,21.90
2010-05-07,21.04,21.12,20.06,20.17,2036600,20.17
2010-05-06,21.51,21.83,20.02,21.14,1532000,21.14
2010-05-05,21.83,22.00,21.54,21.63,1733300,21.63
2010-05-04,22.02,22.15,21.66,22.02,1037500,22.02
2010-05-03,21.90,22.67,21.76,22.31,1851800,22.31
2010-04-30,25.93,25.93,22.61,22.69,3631000,22.69
2010-04-29,25.62,25.90,25.40,25.86,1186900,25.86
2010-04-28,25.31,25.68,25.15,25.38,1502400,25.38
2010-04-27,25.40,25.60,24.67,25.07,784300,25.07
2010-04-26,25.05,25.67,24.96,25.45,1273300,25.45
2010-04-23,24.89,25.24,24.67,25.14,895300,25.14
2010-04-22,24.45,24.85,24.29,24.81,592000,24.81
2010-04-21,24.78,24.89,24.62,24.63,499300,24.63
2010-04-20,24.44,24.97,24.36,24.78,552600,24.78
2010-04-19,24.16,24.30,23.60,24.26,1796000,24.26
2010-04-16,24.75,24.87,24.03,24.33,502600,24.33
2010-04-15,24.89,24.96,24.57,24.78,748900,24.78
2010-04-14,24.25,24.96,24.15,24.89,1057900,24.89
2010-04-13,23.98,24.30,23.98,24.19,1192300,24.19
2010-04-12,23.87,24.13,23.68,23.97,564100,23.97
2010-04-09,24.25,24.25,23.70,23.80,519900,23.80
2010-04-08,24.10,24.41,23.91,24.19,410800,24.19
2010-04-07,24.10,24.27,23.94,24.15,1180100,24.15
2010-04-06,24.30,24.43,24.19,24.20,893000,24.20
2010-04-05,24.15,24.50,23.75,24.50,905700,24.50
2010-04-01,23.64,24.15,23.49,24.03,950000,24.03
2010-03-31,23.59,23.71,23.36,23.57,1078300,23.57
2010-03-30,23.51,23.66,23.34,23.63,576200,23.63
2010-03-29,23.40,23.46,23.26,23.45,635200,23.45
2010-03-26,23.42,23.60,23.05,23.25,1864800,23.25
2010-03-25,23.89,23.90,23.25,23.28,633900,23.28
2010-03-24,23.77,23.96,23.65,23.70,741700,23.70
2010-03-23,23.70,23.90,23.37,23.81,791400,23.81
2010-03-22,23.18,23.77,22.97,23.75,866700,23.75
2010-03-19,23.45,23.50,23.13,23.26,750700,23.26
2010-03-18,22.84,23.45,22.72,23.45,2363600,23.45
2010-03-17,23.18,23.44,22.83,22.84,1092100,22.84
2010-03-16,23.10,23.23,22.84,23.08,880300,23.08
2010-03-15,23.05,23.05,22.21,22.96,1251000,22.96
2010-03-12,23.25,23.37,22.60,22.82,1082700,22.82
2010-03-11,23.00,23.25,22.71,23.23,807200,23.23
2010-03-10,22.72,23.14,22.60,23.09,796400,23.09
2010-03-09,22.65,23.15,22.58,22.69,1725800,22.69
2010-03-08,22.23,22.90,22.16,22.81,1307100,22.81
2010-03-05,22.13,22.40,21.91,22.18,1023100,22.18
2010-03-04,21.55,22.05,21.27,22.05,844500,22.05
2010-03-03,21.75,22.02,21.52,21.75,2305400,21.75
2010-03-02,20.85,21.67,20.72,21.56,2375300,21.56
2010-03-01,19.37,20.67,19.37,20.66,2401400,20.66
2010-02-26,18.96,18.99,18.39,18.51,647800,18.51
2010-02-25,18.57,19.00,18.46,19.00,374100,19.00
2010-02-24,18.69,19.07,18.67,18.81,791100,18.81
2010-02-23,18.79,19.00,18.68,18.71,1042700,18.71
2010-02-22,18.90,19.02,18.77,18.79,573100,18.79
2010-02-19,18.75,18.92,18.67,18.79,545400,18.79
2010-02-18,18.96,18.98,18.70,18.75,671900,18.75
2010-02-17,19.02,19.25,18.57,18.88,461400,18.88
2010-02-16,18.31,18.94,17.89,18.90,1099500,18.90
2010-02-12,17.47,17.74,17.38,17.73,470600,17.73
2010-02-11,17.39,17.69,17.28,17.64,327600,17.64
2010-02-10,17.96,17.96,17.31,17.48,673000,17.48
2010-02-09,17.84,18.20,17.73,17.96,854200,17.96
2010-02-08,17.31,17.80,17.16,17.66,696300,17.66
2010-02-05,17.30,17.57,17.03,17.35,760900,17.35
2010-02-04,17.67,17.73,17.19,17.28,422500,17.28
2010-02-03,17.76,17.88,17.42,17.77,391600,17.77
2010-02-02,17.90,18.19,17.52,17.92,810800,17.92
2010-02-01,17.57,18.00,17.47,17.93,588200,17.93
2010-01-29,17.82,18.15,17.43,17.44,713900,17.44
2010-01-28,17.42,17.95,17.26,17.81,974800,17.81
2010-01-27,16.78,17.38,16.75,17.37,1376500,17.37
2010-01-26,17.04,17.24,16.75,16.87,603200,16.87
2010-01-25,17.45,17.45,16.95,17.15,669500,17.15
2010-01-22,17.48,17.60,17.29,17.39,653300,17.39
2010-01-21,18.00,18.14,17.34,17.48,845800,17.48
2010-01-20,17.83,18.06,17.68,17.97,402100,17.97
2010-01-19,17.91,18.09,17.81,17.94,572500,17.94
2010-01-15,18.41,18.58,17.53,17.93,1265300,17.93
2010-01-14,17.18,18.41,17.15,18.37,1220700,18.37
2010-01-13,16.55,17.27,16.47,17.21,1252500,17.21
2010-01-12,16.93,17.17,16.50,16.54,742100,16.54
2010-01-11,17.21,17.29,16.84,17.03,602900,17.03
2010-01-08,16.74,17.05,16.67,17.05,721700,17.05
2010-01-07,15.85,16.94,15.76,16.88,2053100,16.88
2010-01-06,16.26,16.38,15.75,15.84,969700,15.84
2010-01-05,16.76,16.79,16.15,16.33,869900,16.33
2010-01-04,16.39,17.03,16.27,16.78,1141500,16.78
2009-12-31,16.38,16.44,16.05,16.11,471100,16.11
2009-12-30,15.87,16.35,15.73,16.34,651200,16.34
2009-12-29,15.81,15.93,15.74,15.91,321600,15.91
2009-12-28,15.42,15.92,15.40,15.84,321900,15.84
2009-12-24,15.40,15.59,15.34,15.39,228900,15.39
2009-12-23,15.55,15.61,14.80,15.32,863300,15.32
2009-12-22,15.65,15.96,15.22,15.44,941500,15.44
2009-12-21,15.43,15.76,15.23,15.65,767600,15.65
2009-12-18,14.79,15.44,14.69,15.37,1465200,15.37
2009-12-17,14.41,14.82,14.26,14.69,1000600,14.69
2009-12-16,14.44,14.57,14.26,14.46,570700,14.46
2009-12-15,14.12,14.38,14.05,14.32,704500,14.32
2009-12-14,13.97,14.15,13.88,14.12,508100,14.12
2009-12-11,14.10,14.22,13.84,13.90,648000,13.90
2009-12-10,14.14,14.30,13.99,14.06,802100,14.06
2009-12-09,14.29,14.48,13.89,14.06,572600,14.06
2009-12-08,14.52,14.74,14.26,14.38,751700,14.38
2009-12-07,15.07,15.07,14.33,14.58,1746400,14.58
2009-12-04,14.73,15.08,14.64,14.96,920600,14.96
2009-12-03,14.35,14.62,14.21,14.43,1178500,14.43
2009-12-02,13.62,14.66,13.62,14.28,709300,14.28
2009-12-01,13.93,14.11,13.62,14.07,1181700,14.07
2009-11-30,13.68,13.86,13.49,13.82,542800,13.82
2009-11-27,13.93,13.96,13.59,13.75,262000,13.75
2009-11-25,14.13,14.21,13.95,14.20,312000,14.20
2009-11-24,14.12,14.12,13.70,14.01,571400,14.01
2009-11-23,14.05,14.42,14.05,14.15,442000,14.15
2009-11-20,14.15,14.18,13.88,13.95,599200,13.95
2009-11-19,14.40,14.49,14.19,14.23,842500,14.23
2009-11-18,14.19,14.56,14.09,14.56,1384900,14.56
2009-11-17,14.46,14.46,14.07,14.14,824500,14.14
2009-11-16,14.10,14.66,13.98,14.38,1422900,14.38
2009-11-13,14.17,14.17,13.84,14.01,821300,14.01
2009-11-12,14.55,14.64,13.93,14.11,2540400,14.11
2009-11-11,14.62,15.11,14.47,14.62,1223300,14.62
2009-11-10,14.60,14.85,14.31,14.43,2252300,14.43
2009-11-09,14.92,14.98,14.58,14.70,1309100,14.70
2009-11-06,14.94,15.09,14.49,14.83,1323000,14.83
2009-11-05,16.69,16.69,14.91,14.98,2084700,14.98
2009-11-04,16.15,16.34,15.82,15.86,1708500,15.86
2009-11-03,15.67,16.15,15.45,16.10,923100,16.10
2009-11-02,16.15,16.39,15.22,15.77,1277600,15.77
2009-10-30,16.34,16.44,15.93,16.16,1554600,16.16
2009-10-29,16.48,16.71,16.25,16.52,1098000,16.52
2009-10-28,16.40,16.57,15.90,16.25,1108200,16.25
2009-10-27,16.47,16.87,16.45,16.53,804900,16.53
2009-10-26,17.15,17.31,16.35,16.45,1124400,16.45
2009-10-23,17.73,17.80,16.89,17.10,764000,17.10
2009-10-22,17.03,17.64,17.00,17.60,523700,17.60
2009-10-21,17.58,18.00,17.02,17.07,536800,17.07
2009-10-20,18.15,18.15,17.39,17.69,639200,17.69
2009-10-19,18.28,18.28,17.74,18.02,591000,18.02
2009-10-16,18.49,18.49,18.03,18.18,526900,18.18
2009-10-15,18.71,18.82,18.47,18.59,496100,18.59
2009-10-14,18.40,19.04,18.38,18.92,774700,18.92
2009-10-13,18.01,18.46,17.86,18.32,798400,18.32
2009-10-12,18.46,18.54,17.72,17.99,764200,17.99
2009-10-09,18.36,18.59,18.10,18.57,561200,18.57
2009-10-08,18.68,18.74,18.19,18.44,892600,18.44
2009-10-07,18.61,18.69,18.16,18.49,421600,18.49
2009-10-06,19.00,19.26,18.38,18.71,840000,18.71
2009-10-05,19.52,19.52,18.77,18.95,1031600,18.95
2009-10-02,19.04,19.65,18.83,19.24,478600,19.24
2009-10-01,19.77,19.77,19.03,19.29,730900,19.29
2009-09-30,20.07,20.20,19.46,19.84,826200,19.84
2009-09-29,19.89,20.31,19.55,20.07,767100,20.07
2009-09-28,19.70,19.93,19.52,19.91,1523600,19.91
2009-09-25,18.93,19.75,18.66,19.55,2913800,19.55
2009-09-24,20.01,20.01,18.57,18.90,3785700,18.90
2009-09-23,20.13,20.37,19.32,19.85,3747600,19.85
2009-09-22,21.46,21.55,21.19,21.35,236800,21.35
2009-09-21,21.16,21.58,20.72,21.46,555700,21.46
2009-09-18,21.82,21.86,21.33,21.48,389500,21.48
2009-09-17,22.01,22.09,21.50,21.83,320200,21.83
2009-09-16,22.04,22.06,21.56,22.00,470300,22.00
2009-09-15,21.34,22.37,21.34,21.98,485200,21.98
2009-09-14,18.00,21.43,17.66,21.25,599800,21.25
2009-09-11,21.56,22.05,21.51,21.66,329200,21.66
2009-09-10,20.58,21.59,20.58,21.57,442600,21.57
2009-09-09,20.18,21.02,20.13,20.81,295600,20.81
2009-09-08,20.51,20.61,20.08,20.24,218600,20.24
2009-09-04,20.27,20.32,19.99,20.29,240100,20.29
2009-09-03,20.39,20.50,19.80,20.33,429600,20.33
2009-09-02,20.28,20.60,20.05,20.32,534100,20.32
2009-09-01,21.26,21.83,20.36,20.50,533700,20.50
2009-08-31,21.27,21.39,20.95,21.26,395200,21.26
2009-08-28,22.25,22.25,21.43,21.45,822800,21.45
2009-08-27,22.58,22.65,21.76,21.94,342600,21.94
2009-08-26,22.36,22.65,22.04,22.54,372600,22.54
2009-08-25,21.85,22.88,21.82,22.33,533700,22.33
2009-08-24,21.95,22.09,21.57,21.79,293100,21.79
2009-08-21,21.76,21.95,21.48,21.87,436200,21.87
2009-08-20,21.20,21.74,21.08,21.67,488600,21.67
2009-08-19,20.90,21.22,20.56,21.20,331700,21.20
2009-08-18,20.61,21.49,20.56,21.16,415600,21.16
2009-08-17,20.70,21.00,20.19,20.52,278400,20.52
2009-08-14,21.03,21.26,20.74,21.17,267500,21.17
2009-08-13,20.71,21.25,20.63,21.20,439700,21.20
2009-08-12,20.57,21.34,20.57,20.74,686900,20.74
2009-08-11,20.39,21.00,20.39,20.77,477700,20.77
2009-08-10,20.73,21.00,20.42,20.95,439700,20.95
2009-08-07,20.39,20.98,20.04,20.76,875700,20.76
2009-08-06,19.71,20.34,19.54,20.01,759300,20.01
2009-08-05,19.35,19.70,19.14,19.64,610800,19.64
2009-08-04,19.00,19.90,18.80,19.39,1197400,19.39
2009-08-03,18.38,19.15,17.88,19.09,545700,19.09
2009-07-31,18.36,18.82,18.17,18.33,448100,18.33
2009-07-30,18.55,18.90,18.39,18.51,597700,18.51
2009-07-29,18.17,18.28,17.67,18.15,485300,18.15
2009-07-28,17.91,18.46,17.64,18.40,1279000,18.40
2009-07-27,18.28,18.63,17.89,18.31,531600,18.31
2009-07-24,18.05,18.62,18.05,18.43,345900,18.43
2009-07-23,17.99,18.30,17.89,18.18,485000,18.18
2009-07-22,17.86,18.25,17.81,17.99,328500,17.99
2009-07-21,17.94,18.27,17.46,17.93,587800,17.93
2009-07-20,18.02,18.36,17.69,18.02,421900,18.02
2009-07-17,17.37,17.98,17.11,17.85,885900,17.85
2009-07-16,17.71,17.86,17.25,17.42,854700,17.42
2009-07-15,18.12,18.12,17.54,17.74,675600,17.74
2009-07-14,17.69,17.88,17.48,17.75,663600,17.75
2009-07-13,16.49,17.73,16.49,17.61,517800,17.61
2009-07-10,16.95,17.42,16.50,16.52,569900,16.52
2009-07-09,16.26,16.70,15.92,16.15,202300,16.15
2009-07-08,16.72,16.72,15.78,16.36,374100,16.36
2009-07-07,17.22,17.26,16.47,16.52,530400,16.52
2009-07-06,16.80,17.29,16.68,17.16,201200,17.16
2009-07-02,17.81,18.36,16.94,16.94,349100,16.94
2009-07-01,18.35,18.62,17.50,18.36,744300,18.36
2009-06-30,18.55,18.55,17.88,18.18,296500,18.18
2009-06-29,18.32,18.64,17.75,18.48,323500,18.48
2009-06-26,17.82,18.61,17.77,18.50,1213600,18.50
2009-06-25,17.30,17.98,16.90,17.90,367800,17.90
2009-06-24,17.14,17.63,16.94,17.29,1067200,17.29
2009-06-23,17.14,17.28,16.84,16.91,510300,16.91
2009-06-22,17.08,17.33,16.75,16.79,627400,16.79
2009-06-19,16.78,17.85,16.63,17.32,817100,17.32
2009-06-18,15.43,17.21,15.30,16.54,1132500,16.54
2009-06-17,15.28,15.59,14.98,15.47,638000,15.47
2009-06-16,14.59,15.35,14.59,15.33,750400,15.33
2009-06-15,14.88,14.91,14.53,14.58,363800,14.58
2009-06-12,15.32,15.43,14.95,15.30,300400,15.30
2009-06-11,15.83,16.15,15.40,15.42,459100,15.42
2009-06-10,16.29,16.33,15.40,15.82,553400,15.82
2009-06-09,16.18,16.32,15.87,16.17,595400,16.17
2009-06-08,16.47,16.47,15.91,16.04,688000,16.04
2009-06-05,17.13,17.32,16.04,16.47,485200,16.47
2009-06-04,17.17,17.29,16.46,16.99,518400,16.99
2009-06-03,17.05,17.24,16.58,17.23,547600,17.23
2009-06-02,16.07,16.89,16.07,16.75,657700,16.75
2009-06-01,15.81,16.28,15.79,16.13,627200,16.13
2009-05-29,15.16,15.67,14.77,15.40,984400,15.40
2009-05-28,15.88,16.15,14.53,15.07,750600,15.07
2009-05-27,16.90,16.90,15.46,15.84,828200,15.84
2009-05-26,15.70,17.18,15.55,16.98,327000,16.98
2009-05-22,17.19,17.19,15.50,15.91,479800,15.91
2009-05-21,17.71,17.88,16.34,17.11,429500,17.11
2009-05-20,17.67,18.16,17.57,18.05,636600,18.05
2009-05-19,17.37,18.16,17.32,17.44,555700,17.44
2009-05-18,16.86,17.62,16.47,17.58,380600,17.58
2009-05-15,16.69,17.21,16.38,16.61,315300,16.61
2009-05-14,16.88,17.00,16.65,16.74,523600,16.74
2009-05-13,16.70,17.11,16.38,16.74,833600,16.74
2009-05-12,18.23,18.27,16.88,16.97,359500,16.97
2009-05-11,18.51,18.69,18.08,18.39,292400,18.39
2009-05-08,18.86,19.25,18.45,18.96,549900,18.96
2009-05-07,19.73,19.98,17.85,18.45,744100,18.45
2009-05-06,19.40,19.56,18.94,19.45,645900,19.45
2009-05-05,18.50,19.40,18.47,19.12,703700,19.12
2009-05-04,17.00,18.75,16.80,18.74,761800,18.74
2009-05-01,16.67,17.09,16.31,16.87,663500,16.87
2009-04-30,17.25,17.50,16.73,16.78,398100,16.78
2009-04-29,16.86,17.28,16.70,17.11,259200,17.11
2009-04-28,16.47,16.95,16.23,16.69,224100,16.69
2009-04-27,17.32,17.32,16.24,16.64,263500,16.64
2009-04-24,17.89,18.00,17.22,17.73,410800,17.73
2009-04-23,17.79,18.14,17.04,17.62,369900,17.62
2009-04-22,17.37,18.31,17.20,17.68,787200,17.68
2009-04-21,17.05,17.86,17.05,17.69,298700,17.69
2009-04-20,17.30,17.59,16.84,17.09,366000,17.09
2009-04-17,17.74,18.56,17.72,17.88,673900,17.88
2009-04-16,16.62,17.91,16.55,17.69,954300,17.69
2009-04-15,16.12,16.43,15.94,16.40,779700,16.40
2009-04-14,16.67,17.50,16.20,16.22,764000,16.22
2009-04-13,16.52,17.25,16.44,17.11,250700,17.11
2009-04-09,15.62,16.78,15.44,16.71,530100,16.71
2009-04-08,14.75,15.21,14.67,15.20,927500,15.20
2009-04-07,14.73,15.00,14.42,14.65,373500,14.65
2009-04-06,14.22,15.15,14.00,15.06,534000,15.06
2009-04-03,14.45,14.98,14.15,14.97,273400,14.97
2009-04-02,14.40,15.08,14.30,14.59,470800,14.59
2009-04-01,13.76,14.21,13.60,13.90,1204100,13.90
2009-03-31,13.76,14.23,13.74,14.05,664500,14.05
2009-03-30,14.05,14.05,13.35,13.57,387500,13.57
2009-03-27,14.29,14.73,13.96,14.05,489600,14.05
2009-03-26,14.00,14.78,13.95,14.64,583500,14.64
2009-03-25,14.40,14.83,13.10,13.79,1026500,13.79
2009-03-24,14.51,14.80,13.86,13.97,1360600,13.97
2009-03-23,13.75,14.87,13.40,14.87,734000,14.87
2009-03-20,13.79,14.19,13.37,13.44,653100,13.44
2009-03-19,13.54,14.00,13.53,13.76,499600,13.76
2009-03-18,12.89,13.68,12.77,13.26,597000,13.26
2009-03-17,12.31,12.97,12.26,12.90,518000,12.90
2009-03-16,12.46,13.00,12.34,12.43,552200,12.43
2009-03-13,11.60,12.26,11.53,12.19,623400,12.19
2009-03-12,10.45,11.72,10.36,11.54,712700,11.54
2009-03-11,10.93,11.09,10.49,10.50,501700,10.50
2009-03-10,10.35,10.74,10.34,10.70,707500,10.70
2009-03-09,10.06,10.58,9.84,10.07,455100,10.07
2009-03-06,9.00,10.29,8.90,10.19,986800,10.19
2009-03-05,9.25,9.33,8.50,8.73,599200,8.73
2009-03-04,9.33,9.74,9.30,9.52,519700,9.52
2009-03-03,9.43,9.53,8.95,9.14,645000,9.14
2009-03-02,9.38,9.58,8.73,9.26,1000600,9.26
2009-02-27,9.09,9.84,8.90,9.62,705700,9.62
2009-02-26,9.39,9.47,9.09,9.26,384200,9.26
2009-02-25,9.64,9.71,8.92,9.25,644400,9.25
2009-02-24,9.40,9.91,9.06,9.77,633700,9.77
2009-02-23,10.66,10.77,9.08,9.29,635200,9.29
2009-02-20,10.22,10.49,9.53,9.97,623400,9.97
2009-02-19,10.55,10.92,10.28,10.40,450900,10.40
2009-02-18,10.39,10.67,9.98,10.35,396000,10.35
2009-02-17,10.51,10.76,10.12,10.39,1125300,10.39
2009-02-13,11.21,11.43,10.74,10.96,516600,10.96
2009-02-12,11.16,11.36,10.67,11.16,958600,11.16
2009-02-11,11.11,11.65,10.79,11.37,965100,11.37
2009-02-10,12.32,12.38,10.78,10.89,761600,10.89
2009-02-09,12.16,12.61,11.67,12.31,558500,12.31
2009-02-06,11.13,12.12,11.03,12.05,1542700,12.05
2009-02-05,10.93,11.40,10.44,11.20,409100,11.20
2009-02-04,11.00,11.18,10.60,11.00,492500,11.00
2009-02-03,11.42,11.62,10.77,10.96,1642100,10.96
2009-02-02,10.89,11.54,10.38,11.41,579900,11.41
2009-01-30,10.96,11.37,10.43,11.05,777200,11.05
2009-01-29,11.24,11.56,10.67,10.67,566700,10.67
2009-01-28,10.50,11.18,10.37,11.16,523900,11.16
2009-01-27,9.76,10.49,9.76,10.31,530900,10.31
2009-01-26,9.61,10.04,9.41,9.74,784500,9.74
2009-01-23,9.31,9.73,9.25,9.57,498500,9.57
2009-01-22,10.31,10.36,9.41,9.60,546700,9.60
2009-01-21,9.66,10.49,9.47,10.38,976300,10.38
2009-01-20,9.88,10.08,9.29,9.44,621600,9.44
2009-01-16,10.65,10.65,9.70,10.04,385300,10.04
2009-01-15,9.67,10.71,9.55,10.45,594800,10.45
2009-01-14,9.84,9.94,9.35,9.69,459900,9.69
2009-01-13,10.01,10.26,9.80,10.05,428300,10.05
2009-01-12,10.22,10.33,9.70,10.00,489600,10.00
2009-01-09,11.29,11.34,10.13,10.19,489100,10.19
2009-01-08,10.96,11.33,10.76,11.31,358400,11.31
2009-01-07,11.31,11.59,10.62,10.98,429000,10.98
2009-01-06,11.19,11.92,11.19,11.60,732600,11.60
2009-01-05,12.10,12.10,10.58,11.26,929400,11.26
2009-01-02,12.98,12.98,11.78,11.86,737400,11.86
2008-12-31,11.29,12.91,11.13,12.73,1019800,12.73
2008-12-30,10.16,11.25,10.07,11.15,698200,11.15
2008-12-29,10.03,10.50,9.84,9.98,379500,9.98
2008-12-26,9.69,10.00,9.46,9.89,272000,9.89
2008-12-24,9.33,9.65,8.90,9.61,193100,9.61
2008-12-23,9.39,9.71,9.10,9.49,380000,9.49
2008-12-22,9.37,9.47,8.73,9.24,439400,9.24
2008-12-19,8.41,9.60,8.41,9.30,937400,9.30
2008-12-18,8.11,8.64,7.87,8.26,379300,8.26
2008-12-17,7.92,8.22,7.77,8.06,604400,8.06
2008-12-16,7.99,8.10,7.75,8.00,627800,8.00
2008-12-15,8.34,8.34,7.51,7.77,468200,7.77
2008-12-12,8.29,8.45,8.03,8.27,541600,8.27
2008-12-11,8.69,9.21,8.32,8.55,419400,8.55
2008-12-10,8.93,9.05,8.39,8.80,300500,8.80
2008-12-09,9.15,9.28,8.53,8.83,494800,8.83
2008-12-08,8.69,9.23,8.67,9.23,800900,9.23
2008-12-05,7.40,8.41,7.29,8.41,760300,8.41
2008-12-04,6.97,8.13,6.97,7.62,684700,7.62
2008-12-03,7.19,7.41,6.93,7.35,538200,7.35
2008-12-02,6.99,7.52,6.54,7.52,519000,7.52
2008-12-01,7.34,7.70,6.74,6.81,591500,6.81
2008-11-28,7.91,8.13,7.32,7.62,268200,7.62
2008-11-26,6.78,8.07,6.62,8.07,1070700,8.07
2008-11-25,6.62,7.03,6.29,7.03,1324700,7.03
2008-11-24,5.97,6.61,5.60,6.61,559500,6.61
2008-11-21,5.35,5.90,5.00,5.81,613900,5.81
2008-11-20,4.93,5.88,4.67,5.06,912600,5.06
2008-11-19,6.00,6.09,4.91,4.95,1111700,4.95
2008-11-18,6.05,6.25,5.41,6.04,1074400,6.04
2008-11-17,5.10,6.47,5.07,6.00,1187900,6.00
2008-11-14,5.64,5.77,5.10,5.14,1337900,5.14
2008-11-13,5.20,5.84,4.93,5.77,1940900,5.77
2008-11-12,4.60,5.68,4.50,5.20,1805000,5.20
2008-11-11,6.30,6.44,4.27,4.67,5507900,4.67
2008-11-10,7.43,7.43,6.05,6.32,765300,6.32
2008-11-07,7.60,7.70,7.15,7.38,307300,7.38
2008-11-06,7.81,8.05,7.46,7.49,503400,7.49
2008-11-05,7.91,8.09,7.68,7.92,356500,7.92
2008-11-04,7.95,8.07,7.52,8.04,422100,8.04
2008-11-03,8.01,8.08,7.57,7.93,259200,7.93
2008-10-31,7.42,8.55,7.42,8.06,1009200,8.06
2008-10-30,7.32,7.81,7.32,7.71,421200,7.71
2008-10-29,7.30,7.80,7.17,7.32,508700,7.32
2008-10-28,6.70,7.27,6.24,7.27,822200,7.27
2008-10-27,6.79,7.00,6.53,6.53,394000,6.53
2008-10-24,6.99,7.57,6.86,6.92,608400,6.92
2008-10-23,8.00,8.09,7.05,7.45,839600,7.45
2008-10-22,8.01,8.42,7.79,8.04,564300,8.04
2008-10-21,8.60,8.77,8.04,8.23,448500,8.23
2008-10-20,8.49,8.88,8.28,8.79,643100,8.79
2008-10-17,8.06,8.68,7.93,8.31,767800,8.31
2008-10-16,7.90,8.39,7.23,8.32,1009300,8.32
2008-10-15,8.68,9.08,7.78,7.83,463100,7.83
2008-10-14,9.40,9.96,8.60,8.78,848500,8.78
2008-10-13,8.61,9.14,8.61,9.05,1136000,9.05
2008-10-10,6.69,8.50,6.65,8.15,1059800,8.15
2008-10-09,7.27,8.18,7.05,7.17,917800,7.17
2008-10-08,7.66,8.53,7.66,8.03,925000,8.03
2008-10-07,8.49,9.05,7.74,8.00,713000,8.00
2008-10-06,8.66,8.83,7.46,8.23,1096000,8.23
2008-10-03,9.19,9.44,8.75,8.91,627200,8.91
2008-10-02,11.00,11.25,8.56,8.98,1402200,8.98
2008-10-01,13.28,13.76,11.13,11.22,535500,11.22
2008-09-30,12.34,13.29,12.02,13.29,452500,13.29
2008-09-29,13.19,13.30,11.79,12.17,442800,12.17
2008-09-26,13.25,13.75,13.22,13.26,234900,13.26
2008-09-25,14.25,14.89,13.66,13.70,276800,13.70
2008-09-24,14.35,14.75,13.90,14.10,318700,14.10
2008-09-23,14.57,14.93,13.85,13.90,397800,13.90
2008-09-22,14.57,15.20,14.10,14.49,302000,14.49
2008-09-19,16.91,17.60,15.01,15.35,1780600,15.35
2008-09-18,13.20,14.23,12.04,14.22,1071200,14.22
2008-09-17,13.00,14.01,12.88,12.88,865100,12.88
2008-09-16,13.71,14.14,13.35,13.91,828700,13.91
2008-09-15,15.55,15.68,13.37,14.17,1808900,14.17
2008-09-12,16.35,16.67,16.03,16.10,278900,16.10
2008-09-11,16.50,16.65,16.14,16.52,390800,16.52
2008-09-10,17.09,17.31,16.17,16.79,545300,16.79
2008-09-09,17.89,18.19,16.88,16.95,1097000,16.95
2008-09-08,17.10,18.87,16.30,17.80,1934000,17.80
2008-09-05,15.45,15.91,15.33,15.63,202200,15.63
2008-09-04,15.96,15.99,15.17,15.45,321700,15.45
2008-09-03,15.76,16.10,15.47,16.01,335900,16.01
2008-09-02,15.59,16.11,15.47,15.79,512100,15.79
2008-08-29,15.45,15.58,14.99,15.25,587600,15.25
2008-08-28,15.57,15.71,15.37,15.44,564000,15.44
2008-08-27,15.73,16.25,15.58,15.74,382900,15.74
2008-08-26,16.22,16.22,15.62,15.84,271200,15.84
2008-08-25,16.73,16.93,16.07,16.24,154100,16.24
2008-08-22,15.94,16.88,15.91,16.78,557700,16.78
2008-08-21,15.20,16.28,15.20,15.73,568100,15.73
2008-08-20,16.73,16.95,16.27,16.63,236100,16.63
2008-08-19,16.90,17.05,16.27,16.63,498300,16.63
2008-08-18,17.64,17.66,17.04,17.29,299600,17.29
2008-08-15,17.81,18.25,17.25,17.70,407800,17.70
2008-08-14,17.03,17.65,16.90,17.51,258500,17.51
2008-08-13,16.58,17.25,16.56,17.20,446800,17.20
2008-08-12,16.73,16.93,16.25,16.55,436800,16.55
2008-08-11,16.42,17.07,16.30,16.86,640500,16.86
2008-08-08,15.50,16.54,15.03,16.37,851400,16.37
2008-08-07,15.54,16.00,15.47,15.73,374700,15.73
2008-08-06,15.89,16.05,15.40,15.82,378200,15.82
2008-08-05,15.69,15.99,15.64,15.90,294200,15.90
2008-08-04,15.62,15.68,15.12,15.43,245800,15.43
2008-08-01,15.42,15.72,15.02,15.50,257100,15.50
2008-07-31,15.52,15.76,15.18,15.49,232900,15.49
2008-07-30,15.93,16.07,15.23,15.80,280600,15.80
2008-07-29,15.05,16.00,14.94,15.83,464800,15.83
2008-07-28,15.51,15.61,14.83,14.99,205300,14.99
2008-07-25,15.94,16.23,15.45,15.61,258500,15.61
2008-07-24,16.15,16.15,15.37,15.82,451600,15.82
2008-07-23,16.09,16.27,15.74,16.13,486000,16.13
2008-07-22,15.65,16.18,15.37,16.11,778100,16.11
2008-07-21,15.57,15.93,15.42,15.82,626900,15.82
2008-07-18,16.30,16.30,15.08,15.40,925500,15.40
2008-07-17,14.81,15.75,14.81,15.50,1180000,15.50
2008-07-16,14.12,14.81,14.06,14.78,714100,14.78
2008-07-15,14.18,14.28,13.84,14.04,835700,14.04
2008-07-14,15.43,15.43,14.21,14.46,696500,14.46
2008-07-11,15.12,15.69,15.01,15.31,649500,15.31
2008-07-10,15.38,15.56,14.94,15.39,687400,15.39
2008-07-09,16.03,16.06,15.44,15.49,1103600,15.49
2008-07-08,15.53,16.01,15.43,15.97,440200,15.97
2008-07-07,15.62,15.80,15.00,15.50,462900,15.50
2008-07-03,15.49,15.59,15.40,15.47,235500,15.47
2008-07-02,15.89,15.99,15.29,15.36,557800,15.36
2008-07-01,15.30,15.95,15.14,15.90,1172700,15.90
2008-06-30,15.54,15.62,15.25,15.35,471500,15.35
2008-06-27,16.06,16.12,15.45,15.67,745700,15.67
2008-06-26,16.22,16.38,15.99,16.04,380000,16.04
2008-06-25,16.93,17.17,16.35,16.50,637900,16.50
2008-06-24,17.31,17.31,16.76,16.85,451400,16.85
2008-06-23,18.15,18.20,17.22,17.41,560600,17.41
2008-06-20,18.44,18.52,17.83,18.02,743900,18.02
2008-06-19,18.97,19.14,18.50,18.53,978100,18.53
2008-06-18,18.85,19.02,18.65,18.97,482500,18.97
2008-06-17,19.02,19.05,18.57,18.88,323400,18.88
2008-06-16,18.44,19.05,18.27,18.99,587000,18.99
2008-06-13,18.58,18.75,18.32,18.55,368900,18.55
2008-06-12,18.15,18.54,17.84,18.34,788600,18.34
2008-06-11,18.41,18.55,17.81,17.92,643900,17.92
2008-06-10,18.18,18.56,18.18,18.49,682700,18.49
2008-06-09,18.15,18.53,17.93,18.24,482400,18.24
2008-06-06,18.26,18.34,18.00,18.05,568000,18.05
2008-06-05,18.39,18.59,18.13,18.42,604200,18.42
2008-06-04,18.60,18.87,18.35,18.40,2049600,18.40
2008-06-03,18.34,18.54,18.18,18.37,310900,18.37
2008-06-02,18.70,18.87,18.23,18.33,340300,18.33
2008-05-30,18.81,18.86,18.50,18.83,556500,18.83
2008-05-29,18.71,18.93,18.64,18.83,543700,18.83
2008-05-28,18.93,19.05,18.64,18.75,1692100,18.75
2008-05-27,18.34,18.89,18.34,18.82,304900,18.82
2008-05-23,19.00,19.00,18.12,18.35,394700,18.35
2008-05-22,19.18,19.27,18.85,19.00,512300,19.00
2008-05-21,19.14,19.47,18.94,19.14,398800,19.14
2008-05-20,19.29,19.34,18.98,19.24,322500,19.24
2008-05-19,19.57,19.84,19.23,19.29,620800,19.29
2008-05-16,19.26,19.65,19.23,19.62,1181500,19.62
2008-05-15,19.12,19.31,18.73,19.18,423200,19.18
2008-05-14,19.45,19.50,19.09,19.21,490400,19.21
2008-05-13,19.25,19.38,18.85,19.38,1386000,19.38
2008-05-12,19.50,19.50,18.93,19.41,692400,19.41
2008-05-09,18.66,19.66,18.66,19.38,849400,19.38
2008-05-08,19.61,19.92,18.73,19.13,404000,19.13
2008-05-07,19.46,20.09,19.39,19.65,919500,19.65
2008-05-06,19.57,19.60,19.23,19.40,704900,19.40
2008-05-05,19.69,19.94,19.25,19.73,743300,19.73
2008-05-02,20.00,20.58,19.64,19.73,1090800,19.73
2008-05-01,19.60,20.19,19.55,19.95,1114200,19.95
2008-04-30,19.63,20.00,19.34,19.63,924300,19.63
2008-04-29,19.10,19.70,19.10,19.54,803300,19.54
2008-04-28,18.63,19.20,18.56,19.09,1478800,19.09
2008-04-25,18.51,18.83,18.40,18.69,239700,18.69
2008-04-24,18.35,18.75,18.21,18.61,351200,18.61
2008-04-23,18.54,18.54,17.92,18.30,344400,18.30
2008-04-22,18.67,18.76,17.96,18.48,472200,18.48
2008-04-21,18.81,18.87,18.19,18.85,441900,18.85
2008-04-18,19.30,19.32,18.92,19.04,974000,19.04
2008-04-17,18.52,18.80,18.08,18.80,360200,18.80
2008-04-16,18.10,18.75,18.00,18.64,963400,18.64
2008-04-15,17.87,18.02,17.45,17.89,339000,17.89
2008-04-14,17.65,17.91,17.45,17.72,622800,17.72
2008-04-11,17.93,18.22,17.56,17.63,911800,17.63
2008-04-10,17.98,18.38,17.88,18.17,1996400,18.17
2008-04-09,18.89,18.93,17.63,17.95,2337900,17.95
2008-04-08,18.35,19.15,18.28,18.98,1487000,18.98
2008-04-07,18.34,19.00,18.26,18.54,406500,18.54
2008-04-04,18.73,18.75,18.06,18.34,588900,18.34
2008-04-03,18.25,18.77,17.93,18.69,637000,18.69
2008-04-02,18.13,18.80,18.13,18.44,1217200,18.44
2008-04-01,17.63,18.43,17.52,18.26,1288700,18.26
2008-03-31,17.07,17.76,16.88,17.43,1937400,17.43
2008-03-28,16.75,17.25,16.66,17.04,5853700,17.04
2008-03-27,18.33,18.33,17.00,17.00,3321900,17.00
2008-03-26,18.95,19.05,18.55,18.96,322200,18.96
2008-03-25,18.31,19.25,18.19,19.00,595100,19.00
2008-03-24,17.73,18.73,17.73,18.52,540400,18.52
2008-03-20,17.50,17.80,17.00,17.60,1369600,17.60
2008-03-19,18.24,18.46,17.44,17.46,869000,17.46
2008-03-18,17.83,18.40,17.58,18.10,548400,18.10
2008-03-17,17.12,18.05,16.79,17.29,825700,17.29
2008-03-14,18.60,18.60,17.31,17.62,567100,17.62
2008-03-13,17.51,18.55,17.28,18.40,826700,18.40
2008-03-12,18.65,18.95,17.88,17.89,580600,17.89
2008-03-11,18.92,18.94,18.47,18.72,996000,18.72
2008-03-10,18.94,19.11,18.27,18.36,365400,18.36
2008-03-07,18.68,19.11,18.60,18.91,1062700,18.91
2008-03-06,20.36,20.36,18.83,18.88,845200,18.88
2008-03-05,20.76,20.76,20.33,20.43,411800,20.43
2008-03-04,20.69,20.92,20.26,20.60,581000,20.60
2008-03-03,20.23,21.25,20.11,20.88,646300,20.88
2008-02-29,19.75,20.44,19.51,20.24,805900,20.24
2008-02-28,21.75,21.75,20.32,20.60,549400,20.60
2008-02-27,20.61,21.88,20.61,21.88,745400,21.88
2008-02-26,20.58,21.08,20.58,20.84,415700,20.84
2008-02-25,20.46,20.95,20.13,20.85,285300,20.85
2008-02-22,20.50,20.66,19.92,20.50,515700,20.50
2008-02-21,21.00,21.35,20.48,20.53,524600,20.53
2008-02-20,21.20,21.35,20.70,21.05,714800,21.05
2008-02-19,21.38,21.66,20.84,21.30,623400,21.30
2008-02-15,20.99,21.31,20.70,21.15,331800,21.15
2008-02-14,21.59,21.73,20.93,21.15,309500,21.15
2008-02-13,21.05,21.50,20.75,21.50,692600,21.50
2008-02-12,20.50,20.94,20.40,20.91,850900,20.91
2008-02-11,20.30,20.55,19.96,20.50,1512300,20.50
2008-02-08,20.19,20.25,19.59,20.10,412200,20.10
2008-02-07,18.93,20.34,18.81,20.19,535000,20.19
2008-02-06,19.84,19.87,18.94,19.00,255100,19.00
2008-02-05,19.63,20.00,19.11,19.72,580100,19.72
2008-02-04,19.79,20.24,19.36,20.08,377100,20.08
2008-02-01,18.90,20.15,18.68,19.80,1182300,19.80
2008-01-31,17.67,19.32,17.48,18.91,614800,18.91
2008-01-30,18.50,18.64,17.93,17.93,400800,17.93
2008-01-29,18.30,18.72,17.70,18.60,382200,18.60
2008-01-28,17.18,18.27,17.11,18.25,712700,18.25
2008-01-25,17.68,17.93,17.00,17.18,485700,17.18
2008-01-24,17.00,17.50,16.78,17.40,799600,17.40
2008-01-23,15.49,17.13,15.49,16.87,734800,16.87
2008-01-22,15.19,16.06,15.01,15.88,445400,15.88
2008-01-18,16.38,16.57,15.68,15.84,429300,15.84
2008-01-17,17.05,17.09,16.26,16.42,356400,16.42
2008-01-16,16.17,17.01,16.17,16.92,416100,16.92
2008-01-15,16.50,16.50,15.69,16.18,685700,16.18
2008-01-14,16.91,17.08,15.95,16.65,581600,16.65
2008-01-11,17.08,17.17,16.54,16.77,269700,16.77
2008-01-10,16.19,17.27,15.76,17.22,559100,17.22
2008-01-09,15.07,16.58,14.91,16.41,893500,16.41
2008-01-08,15.48,16.43,15.00,15.08,960500,15.08
2008-01-07,16.01,16.35,15.41,15.44,872400,15.44
2008-01-04,16.83,16.83,15.97,15.98,768600,15.98
2008-01-03,17.33,17.41,16.85,16.85,873400,16.85
2008-01-02,17.11,18.31,17.00,17.10,1400700,17.10
2007-12-31,17.56,17.77,17.45,17.64,762600,17.64
2007-12-28,18.57,18.66,17.68,17.78,411900,17.78
2007-12-27,18.73,18.95,18.31,18.31,406200,18.31
2007-12-26,18.87,19.11,18.62,18.73,246200,18.73
2007-12-24,18.60,19.04,18.51,18.87,112300,18.87
2007-12-21,19.27,19.50,18.54,18.60,1965200,18.60
2007-12-20,19.41,19.45,18.89,19.00,329900,19.00
2007-12-19,19.47,19.72,19.13,19.25,187000,19.25
2007-12-18,19.89,20.04,18.90,19.54,429500,19.54
2007-12-17,20.23,20.62,19.69,19.69,464600,19.69
2007-12-14,21.63,22.05,20.17,20.40,558900,20.40
2007-12-13,21.78,22.50,21.52,22.05,538400,22.05
2007-12-12,22.64,22.73,21.46,21.95,214200,21.95
2007-12-11,22.07,22.46,21.85,22.13,371900,22.13
2007-12-10,21.95,22.19,21.90,21.99,307500,21.99
2007-12-07,22.08,22.22,21.64,21.94,545900,21.94
2007-12-06,21.42,22.06,21.42,22.06,622000,22.06
2007-12-05,21.71,21.87,21.22,21.50,634000,21.50
2007-12-04,21.29,21.60,20.80,21.43,532600,21.43
2007-12-03,21.90,22.08,21.32,21.45,197200,21.45
2007-11-30,21.81,22.29,21.34,22.16,428700,22.16
2007-11-29,21.81,21.92,21.27,21.57,147300,21.57
2007-11-28,21.66,22.24,21.53,21.92,369000,21.92
2007-11-27,21.30,21.66,21.08,21.49,154400,21.49
2007-11-26,21.74,21.85,21.00,21.20,184800,21.20
2007-11-23,21.19,22.01,21.19,21.66,77700,21.66
2007-11-21,21.39,21.59,20.83,21.07,213500,21.07
2007-11-20,21.13,21.70,20.85,21.56,763700,21.56
2007-11-19,21.02,21.41,20.55,21.18,438000,21.18
2007-11-16,21.29,21.29,20.75,21.29,665800,21.29
2007-11-15,20.97,21.54,20.73,21.20,523500,21.20
2007-11-14,21.46,21.46,20.87,21.11,809700,21.11
2007-11-13,20.38,21.45,20.35,21.37,276800,21.37
2007-11-12,19.94,20.50,19.83,20.23,224900,20.23
2007-11-09,18.90,20.21,18.90,20.00,377400,20.00
2007-11-08,18.65,19.50,18.42,19.42,264800,19.42
2007-11-07,18.68,18.83,18.27,18.83,332700,18.83
2007-11-06,21.01,21.01,18.23,19.05,1371400,19.05
2007-11-05,22.04,22.04,20.31,20.82,847400,20.82
2007-11-02,21.97,22.43,21.47,22.43,277000,22.43
2007-11-01,22.36,22.55,21.75,21.86,476400,21.86
2007-10-31,21.89,22.36,21.57,22.36,522700,22.36
2007-10-30,21.65,22.03,21.40,21.63,469100,21.63
2007-10-29,22.67,22.67,21.66,21.79,741500,21.79
2007-10-26,22.83,23.00,22.25,22.60,424200,22.60
2007-10-25,23.90,23.90,22.52,22.56,728400,22.56
2007-10-24,24.75,24.85,23.25,23.84,701000,23.84
2007-10-23,24.77,24.97,24.54,24.89,149500,24.89
2007-10-22,23.80,24.63,23.73,24.54,189500,24.54
2007-10-19,24.99,24.99,23.81,24.15,415100,24.15
2007-10-18,25.92,25.92,24.42,25.08,662500,25.08
2007-10-17,26.31,26.60,25.80,26.00,373300,26.00
2007-10-16,26.35,26.35,25.35,26.01,565200,26.01
2007-10-15,26.90,26.95,26.56,26.73,193700,26.73
2007-10-12,26.57,26.99,26.44,26.93,190400,26.93
2007-10-11,26.80,26.82,26.50,26.59,171200,26.59
2007-10-10,26.50,26.75,26.48,26.75,228000,26.75
2007-10-09,26.50,26.82,26.40,26.59,199000,26.59
2007-10-08,26.84,26.90,26.54,26.65,117100,26.65
2007-10-05,27.00,27.06,26.72,26.85,369300,26.85
2007-10-04,26.92,26.98,26.70,26.72,366900,26.72
2007-10-03,26.48,26.86,26.40,26.78,445000,26.78
2007-10-02,26.50,27.09,26.38,26.63,157500,26.63
2007-10-01,26.32,26.59,26.26,26.46,407600,26.46
2007-09-28,26.29,26.60,26.11,26.28,551600,26.28
2007-09-27,26.17,26.30,25.99,26.26,421800,26.26
2007-09-26,25.86,26.50,25.13,26.09,1072300,26.09
2007-09-25,25.40,25.81,25.11,25.74,619100,25.74
2007-09-24,25.00,25.85,24.93,25.51,1032000,25.51
2007-09-21,25.27,25.27,24.15,24.39,515400,24.39
2007-09-20,25.48,26.02,24.86,25.03,397800,25.03
2007-09-19,25.00,25.98,24.82,25.47,1228500,25.47
2007-09-18,24.35,24.82,24.26,24.80,1019300,24.80
2007-09-17,26.75,26.75,22.51,24.24,5537500,24.24
2007-09-14,28.44,28.78,28.40,28.50,264000,28.50
2007-09-13,28.81,29.00,28.37,28.67,200500,28.67
2007-09-12,28.06,28.83,27.99,28.83,185900,28.83
2007-09-11,27.68,28.15,27.51,28.11,208200,28.11
2007-09-10,27.86,27.86,27.23,27.59,132300,27.59
2007-09-07,27.90,27.90,27.41,27.64,300300,27.64
2007-09-06,27.68,28.05,27.40,28.02,165200,28.02
2007-09-05,27.73,27.95,27.20,27.65,169600,27.65
2007-09-04,26.87,27.91,26.55,27.61,243200,27.61
2007-08-31,26.13,26.93,26.01,26.93,369700,26.93
2007-08-30,26.49,26.61,25.66,25.72,448000,25.72
2007-08-29,26.95,26.95,26.54,26.71,319700,26.71
2007-08-28,27.47,27.49,26.88,26.95,254400,26.95
2007-08-27,27.05,27.73,26.74,27.60,225600,27.60
2007-08-24,26.94,27.12,26.29,27.01,344900,27.01
2007-08-23,28.19,28.24,26.88,26.90,500000,26.90
2007-08-22,27.01,28.49,26.69,27.95,438800,27.95
2007-08-21,26.21,26.72,26.19,26.58,311100,26.58
2007-08-20,26.76,27.04,25.97,26.23,352000,26.23
2007-08-17,26.05,27.53,25.96,26.62,716100,26.62
2007-08-16,24.93,26.45,24.54,25.90,668300,25.90
2007-08-15,25.42,25.72,25.00,25.00,590600,25.00
2007-08-14,25.97,26.00,25.37,25.37,655300,25.37
2007-08-13,25.90,26.95,25.90,26.02,1006200,26.02
2007-08-10,25.50,26.85,24.82,25.95,1897800,25.95
2007-08-09,25.52,25.87,25.25,25.59,2347100,25.59
2007-08-08,25.68,25.97,25.25,25.51,953700,25.51
2007-08-07,26.23,26.29,24.96,25.50,1525500,25.50
2007-08-06,26.30,26.87,25.91,26.33,1137200,26.33
2007-08-03,27.21,27.45,26.18,26.23,618100,26.23
2007-08-02,27.55,27.76,26.60,27.19,4050300,27.19
2007-08-01,28.99,28.99,26.42,27.48,3024400,27.48
2007-07-31,30.10,30.13,28.53,29.14,1145900,29.14
2007-07-30,29.42,29.88,29.36,29.76,430200,29.76
2007-07-27,29.27,29.58,29.00,29.42,978700,29.42
2007-07-26,29.50,29.57,28.68,29.34,1152000,29.34
2007-07-25,29.84,30.03,29.59,29.64,1461200,29.64
2007-07-24,30.76,30.78,29.51,29.57,629200,29.57
2007-07-23,30.80,30.90,30.70,30.78,170900,30.78
2007-07-20,31.01,31.04,30.22,30.79,862600,30.79
2007-07-19,31.20,31.24,31.06,31.08,289000,31.08
2007-07-18,31.20,31.20,31.10,31.17,306200,31.17
2007-07-17,31.29,31.37,31.20,31.22,82000,31.22
2007-07-16,31.25,31.37,31.20,31.26,156000,31.26
2007-07-13,31.26,31.49,31.26,31.32,284100,31.32
2007-07-12,31.35,31.37,31.20,31.37,640500,31.37
2007-07-11,31.25,31.38,31.24,31.38,673900,31.38
2007-07-10,31.19,31.29,31.19,31.24,476600,31.24
2007-07-09,31.36,31.39,31.24,31.28,245000,31.28
2007-07-06,31.36,31.41,31.35,31.39,133400,31.39
2007-07-05,31.40,31.42,31.35,31.38,269000,31.38
2007-07-03,31.35,31.47,31.35,31.40,178200,31.40
2007-07-02,31.23,31.52,31.22,31.38,1367500,31.38
2007-06-29,31.25,31.30,31.15,31.21,237200,31.21
2007-06-28,31.20,31.30,31.13,31.20,220200,31.20
2007-06-27,31.05,31.16,31.05,31.16,694600,31.16
2007-06-26,31.05,31.08,31.03,31.06,1378800,31.06
2007-06-25,31.12,31.12,30.94,31.05,363500,31.05
2007-06-22,31.10,31.20,31.03,31.13,730000,31.13
2007-06-21,31.06,31.12,31.05,31.11,1108300,31.11
2007-06-20,31.08,31.19,30.96,31.10,938000,31.10
2007-06-19,31.10,31.15,31.08,31.11,477300,31.11
2007-06-18,31.09,31.20,31.05,31.10,266600,31.10
2007-06-15,31.39,31.39,31.05,31.06,401500,31.06
2007-06-14,31.07,31.12,31.00,31.04,112300,31.04
2007-06-13,31.13,31.14,31.05,31.07,225700,31.07
2007-06-12,31.06,31.17,31.04,31.14,269100,31.14
2007-06-11,31.11,31.18,31.05,31.10,256300,31.10
2007-06-08,31.05,31.20,31.00,31.15,262600,31.15
2007-06-07,31.16,31.22,31.06,31.06,295900,31.06
2007-06-06,31.26,31.27,31.15,31.23,435000,31.23
2007-06-05,31.16,31.35,31.16,31.33,670600,31.33
2007-06-04,31.16,31.21,31.16,31.20,245000,31.20
2007-06-01,31.02,31.20,30.99,31.19,1251200,31.19
2007-05-31,31.00,31.00,30.88,31.00,960800,31.00
2007-05-30,30.80,31.05,30.77,31.05,582100,31.05
2007-05-29,30.67,30.90,30.67,30.85,598500,30.85
2007-05-25,30.80,30.83,30.78,30.80,176600,30.80
2007-05-24,30.78,30.83,30.72,30.79,425400,30.79
2007-05-23,31.00,31.00,30.74,30.76,174700,30.76
2007-05-22,30.89,30.94,30.73,30.83,414100,30.83
2007-05-21,30.80,30.90,30.80,30.89,129000,30.89
2007-05-18,30.88,30.90,30.80,30.84,165100,30.84
2007-05-17,30.83,30.90,30.80,30.84,159200,30.84
2007-05-16,30.84,30.90,30.82,30.88,265900,30.88
2007-05-15,30.82,30.87,30.78,30.82,224700,30.82
2007-05-14,30.85,30.89,30.71,30.80,231200,30.80
2007-05-11,30.95,30.95,30.80,30.85,88500,30.85
2007-05-10,30.71,30.89,30.71,30.77,238200,30.77
2007-05-09,30.76,30.88,30.76,30.82,208400,30.82
2007-05-08,30.80,30.87,30.70,30.78,363600,30.78
2007-05-07,30.76,30.83,30.74,30.83,176600,30.83
2007-05-04,30.77,30.80,30.67,30.80,1235500,30.80
2007-05-03,30.79,30.79,30.70,30.74,484200,30.74
2007-05-02,30.74,30.86,30.65,30.78,301900,30.78
2007-05-01,30.51,30.75,30.51,30.75,544400,30.75
2007-04-30,30.62,30.62,30.47,30.50,692700,30.50
2007-04-27,30.50,30.68,30.50,30.64,218100,30.64
2007-04-26,30.49,30.61,30.42,30.56,1145900,30.56
2007-04-25,30.59,30.59,30.45,30.50,631200,30.50
2007-04-24,30.47,30.50,30.43,30.49,163500,30.49
2007-04-23,30.54,30.54,30.40,30.47,192900,30.47
2007-04-20,30.48,30.49,30.30,30.49,852200,30.49
2007-04-19,30.33,30.42,30.29,30.40,232000,30.40
2007-04-18,30.30,30.44,30.30,30.40,479200,30.40
2007-04-17,30.27,30.43,30.23,30.40,609000,30.40
2007-04-16,30.39,30.40,30.14,30.27,3690200,30.27
2007-04-13,30.44,30.45,30.24,30.30,2851400,30.30
2007-04-12,30.52,30.52,30.36,30.40,1318100,30.40
2007-04-11,30.57,30.59,30.38,30.40,839500,30.40
2007-04-10,30.52,30.68,30.43,30.49,683600,30.49
2007-04-09,30.60,30.70,30.40,30.43,1451400,30.43
2007-04-05,30.65,30.81,30.52,30.59,478700,30.59
2007-04-04,30.72,30.72,30.59,30.64,364900,30.64
2007-04-03,30.56,30.81,30.56,30.70,631000,30.70
2007-04-02,30.56,30.60,30.55,30.55,1211900,30.55
2007-03-30,30.55,30.57,30.51,30.56,899800,30.56
2007-03-29,30.50,30.56,30.49,30.52,940600,30.52
2007-03-28,30.44,30.56,30.02,30.50,2315200,30.50
2007-03-27,30.52,30.57,30.42,30.48,1596400,30.48
2007-03-26,30.50,30.59,30.47,30.55,693500,30.55
2007-03-23,30.53,30.70,30.50,30.50,747100,30.50
2007-03-22,30.60,30.61,30.45,30.54,647500,30.54
2007-03-21,30.55,30.60,30.36,30.58,2605500,30.58
2007-03-20,30.60,30.72,30.47,30.60,1281200,30.60
2007-03-19,30.80,30.85,30.49,30.64,1167700,30.64
2007-03-16,31.10,31.14,30.62,30.75,3751600,30.75
2007-03-15,30.90,31.50,30.06,31.10,13791100,31.10
2007-03-14,27.43,27.94,27.25,27.81,326000,27.81
2007-03-13,28.16,28.20,27.46,27.55,338100,27.55
2007-03-12,28.47,28.70,28.33,28.38,211500,28.38
2007-03-09,28.57,28.76,28.32,28.51,117700,28.51
2007-03-08,28.56,28.82,28.37,28.41,188000,28.41
2007-03-07,28.80,28.80,28.38,28.39,354500,28.39
2007-03-06,28.14,28.86,28.10,28.85,368200,28.85
2007-03-05,27.70,28.26,27.44,27.84,779500,27.84
2007-03-02,28.08,28.51,27.94,27.95,462600,27.95
2007-03-01,27.79,28.30,27.50,28.16,944800,28.16
2007-02-28,28.50,28.74,28.21,28.29,567000,28.29
2007-02-27,29.32,29.32,28.25,28.52,346800,28.52
2007-02-26,29.45,29.58,29.22,29.32,348900,29.32
2007-02-23,30.03,30.03,29.33,29.41,227600,29.41
2007-02-22,29.99,30.25,29.74,30.09,314500,30.09
2007-02-21,29.77,30.39,29.52,30.00,336100,30.00
2007-02-20,29.57,29.83,29.51,29.82,398900,29.82
2007-02-16,29.76,29.76,29.44,29.71,158900,29.71
2007-02-15,29.67,29.99,29.45,29.76,262000,29.76
2007-02-14,29.71,30.17,29.64,29.70,185800,29.70
2007-02-13,29.33,29.68,29.33,29.68,161700,29.68
2007-02-12,29.50,29.56,29.28,29.32,145200,29.32
2007-02-09,30.02,30.04,29.44,29.50,157000,29.50
2007-02-08,30.15,30.21,29.93,30.09,173200,30.09
2007-02-07,30.18,30.28,29.98,30.15,350900,30.15
2007-02-06,29.95,30.25,29.90,30.22,232000,30.22
2007-02-05,30.13,30.23,29.77,29.90,323600,29.90
2007-02-02,29.74,30.53,29.69,30.12,274800,30.12
2007-02-01,29.35,29.74,29.31,29.63,284600,29.63
2007-01-31,29.10,29.34,28.93,29.26,262500,29.26
2007-01-30,29.00,29.25,28.97,29.10,348200,29.10
2007-01-29,28.61,29.25,28.58,28.96,289600,28.96
2007-01-26,28.35,28.77,28.27,28.61,303200,28.61
2007-01-25,29.05,29.18,28.36,28.40,345600,28.40
2007-01-24,28.97,29.35,28.97,29.08,449700,29.08
2007-01-23,28.81,29.28,28.69,28.97,159200,28.97
2007-01-22,28.85,28.98,28.52,28.91,134900,28.91
2007-01-19,28.68,29.07,28.47,28.88,111500,28.88
2007-01-18,28.44,28.74,28.40,28.65,198900,28.65
2007-01-17,28.42,28.70,28.39,28.47,469100,28.47
2007-01-16,28.95,29.15,28.44,28.54,268700,28.54
2007-01-12,28.85,29.18,28.79,28.88,332600,28.88
2007-01-11,28.44,29.05,28.44,28.92,302000,28.92
2007-01-10,28.25,28.55,28.15,28.38,279500,28.38
2007-01-09,28.45,28.60,28.35,28.40,509100,28.40
2007-01-08,28.46,28.57,28.25,28.44,262200,28.44
2007-01-05,28.95,28.97,28.49,28.49,213500,28.49
2007-01-04,29.12,29.32,28.92,29.08,212200,29.08
2007-01-03,29.02,29.79,28.98,29.21,228600,29.21
2006-12-29,28.93,29.13,28.81,28.87,163600,28.87
2006-12-28,29.02,29.12,28.90,29.00,227300,29.00
2006-12-27,29.05,29.35,29.00,29.01,151700,29.01
2006-12-26,28.80,29.25,28.73,29.05,169600,29.05
2006-12-22,28.95,29.08,28.70,28.88,91700,28.88
2006-12-21,28.87,29.23,28.85,29.00,331700,29.00
2006-12-20,28.73,29.12,28.65,28.87,207000,28.87
2006-12-19,28.55,28.85,28.30,28.72,283500,28.72
2006-12-18,28.55,29.00,28.45,28.70,688600,28.70
2006-12-15,28.35,28.80,28.31,28.60,525700,28.60
2006-12-14,28.40,28.46,28.12,28.36,433700,28.36
2006-12-13,28.33,28.44,28.22,28.39,321800,28.39
2006-12-12,28.32,28.33,27.90,28.16,223000,28.16
2006-12-11,28.27,28.36,28.10,28.29,180300,28.29
2006-12-08,28.47,28.56,28.19,28.36,196100,28.36
2006-12-07,28.31,28.63,28.06,28.50,284600,28.50
2006-12-06,28.61,28.61,28.30,28.31,153600,28.31
2006-12-05,28.62,28.80,28.36,28.71,176400,28.71
2006-12-04,28.39,28.80,28.34,28.58,204200,28.58
2006-12-01,28.66,28.66,28.02,28.39,194000,28.39
2006-11-30,28.50,28.78,28.30,28.78,224300,28.78
2006-11-29,28.30,28.65,28.22,28.52,192400,28.52
2006-11-28,27.95,28.33,27.79,28.17,114000,28.17
2006-11-27,28.64,28.64,27.94,27.97,216300,27.97
2006-11-24,28.55,28.87,28.55,28.81,44100,28.81
2006-11-22,28.75,28.75,28.61,28.75,69800,28.75
2006-11-21,28.85,28.85,28.54,28.74,100700,28.74
2006-11-20,28.84,29.00,28.55,28.85,124900,28.85
2006-11-17,28.98,29.08,28.80,28.94,87600,28.94
2006-11-16,29.20,29.20,28.86,28.98,102200,28.98
2006-11-15,29.01,29.15,28.86,29.13,128500,29.13
2006-11-14,28.76,29.05,28.50,29.00,142000,29.00
2006-11-13,28.58,28.91,28.48,28.72,158500,28.72
2006-11-10,28.43,28.87,28.40,28.68,134400,28.68
2006-11-09,28.38,28.72,28.10,28.49,480100,28.49
2006-11-08,27.67,28.42,27.60,28.35,237600,28.35
2006-11-07,27.71,28.10,27.71,27.85,157100,27.85
2006-11-06,27.58,27.88,27.50,27.75,187300,27.75
2006-11-03,27.72,27.92,27.18,27.49,97500,27.49
2006-11-02,27.40,27.74,27.23,27.62,162800,27.62
2006-11-01,27.60,27.74,27.43,27.60,228800,27.60
2006-10-31,27.85,27.98,27.45,27.60,128600,27.60
2006-10-30,27.02,27.84,26.99,27.74,201300,27.74
2006-10-27,27.70,27.87,27.20,27.51,128300,27.51
2006-10-26,27.71,27.87,27.48,27.83,106100,27.83
2006-10-25,27.25,27.68,27.14,27.61,149400,27.61
2006-10-24,26.92,27.32,26.67,27.22,124700,27.22
2006-10-23,26.84,27.06,26.67,27.00,145300,27.00
2006-10-20,26.97,27.06,26.67,27.06,115300,27.06
2006-10-19,27.00,27.20,26.83,26.95,195100,26.95
2006-10-18,27.00,27.36,26.87,27.00,217900,27.00
2006-10-17,27.20,27.20,26.75,26.94,255200,26.94
2006-10-16,27.37,27.65,27.35,27.45,146100,27.45
2006-10-13,27.35,27.62,27.35,27.44,175000,27.44
2006-10-12,27.18,27.40,27.08,27.25,202300,27.25
2006-10-11,27.15,27.25,26.90,27.07,211100,27.07
2006-10-10,27.70,27.72,27.21,27.22,298600,27.22
2006-10-09,27.19,27.76,27.04,27.75,108300,27.75
2006-10-06,27.25,27.50,27.18,27.24,151000,27.24
2006-10-05,27.19,27.62,27.19,27.40,218800,27.40
2006-10-04,27.05,27.31,26.97,27.23,229600,27.23
2006-10-03,27.18,27.30,27.06,27.10,198700,27.10
2006-10-02,27.37,27.47,27.08,27.21,208500,27.21
2006-09-29,27.72,27.87,27.40,27.40,148000,27.40
2006-09-28,27.73,27.90,27.57,27.70,120500,27.70
2006-09-27,27.42,27.99,27.29,27.63,524500,27.63
2006-09-26,27.10,27.55,27.01,27.52,203200,27.52
2006-09-25,26.92,27.20,26.68,27.10,133000,27.10
2006-09-22,26.95,26.96,26.45,26.95,149700,26.95
2006-09-21,27.50,27.60,26.65,27.01,173100,27.01
2006-09-20,26.90,27.51,26.90,27.51,231200,27.51
2006-09-19,26.68,26.90,26.55,26.79,244300,26.79
2006-09-18,26.54,26.75,26.44,26.60,154700,26.60
2006-09-15,26.47,26.78,26.17,26.72,565500,26.72
2006-09-14,26.21,26.30,26.06,26.27,139500,26.27
2006-09-13,25.91,26.32,25.60,26.31,195900,26.31
2006-09-12,25.50,26.12,25.46,26.00,113600,26.00
2006-09-11,25.00,25.64,24.93,25.54,209600,25.54
2006-09-08,24.90,25.08,24.85,25.08,160100,25.08
2006-09-07,24.86,25.10,24.81,24.91,145800,24.91
2006-09-06,24.83,25.02,24.67,24.90,198500,24.90
2006-09-05,25.04,25.23,24.85,25.03,126900,25.03
2006-09-01,25.21,25.29,25.00,25.00,58300,25.00
2006-08-31,25.13,25.45,25.05,25.11,94700,25.11
2006-08-30,24.55,25.16,24.55,25.04,171900,25.04
2006-08-29,24.45,24.61,24.21,24.58,177300,24.58
2006-08-28,24.31,24.58,24.23,24.39,79800,24.39
2006-08-25,24.62,24.78,24.34,24.40,139400,24.40
2006-08-24,24.73,24.75,24.33,24.73,132500,24.73
2006-08-23,24.95,25.15,24.47,24.73,162700,24.73
2006-08-22,24.89,24.95,24.59,24.80,121000,24.80
2006-08-21,24.93,24.96,24.63,24.88,127800,24.88
2006-08-18,25.14,25.36,24.86,25.02,262300,25.02
2006-08-17,24.90,25.25,24.83,25.08,165900,25.08
2006-08-16,24.47,25.10,24.37,24.95,830900,24.95
2006-08-15,24.26,24.39,24.16,24.27,471700,24.27
2006-08-14,24.15,24.50,23.99,24.01,304100,24.01
2006-08-11,24.39,24.40,24.13,24.19,386300,24.19
2006-08-10,24.31,24.51,24.10,24.46,320700,24.46
2006-08-09,25.08,25.20,24.22,24.45,543900,24.45
2006-08-08,25.40,25.47,24.81,24.94,250400,24.94
2006-08-07,24.95,25.51,24.92,25.30,294100,25.30
2006-08-04,25.30,25.73,24.80,25.03,260600,25.03
2006-08-03,24.75,25.09,24.46,25.06,558200,25.06
2006-08-02,24.83,25.15,24.71,24.92,473200,24.92
2006-08-01,24.85,24.89,24.50,24.73,728500,24.73
2006-07-31,24.85,25.15,24.79,25.01,414400,25.01
2006-07-28,25.35,25.45,24.98,25.00,559300,25.00
2006-07-27,25.75,25.81,25.14,25.26,654700,25.26
2006-07-26,25.70,25.85,25.40,25.67,391500,25.67
2006-07-25,25.91,26.29,25.62,25.83,384700,25.83
2006-07-24,25.90,26.00,25.58,25.93,349700,25.93
2006-07-21,26.26,26.26,25.79,25.90,390000,25.90
2006-07-20,26.95,27.08,26.22,26.26,269800,26.26
2006-07-19,26.32,27.10,26.32,26.89,275400,26.89
2006-07-18,26.13,26.30,25.64,26.22,144500,26.22
2006-07-17,25.99,26.24,25.75,26.04,110200,26.04
2006-07-14,26.09,26.24,25.75,26.06,188500,26.06
2006-07-13,26.75,26.82,26.09,26.20,203800,26.20
2006-07-12,27.23,27.27,26.75,26.84,301400,26.84
2006-07-11,26.75,27.35,26.66,27.33,108500,27.33
2006-07-10,26.87,27.17,26.77,26.86,138300,26.86
2006-07-07,26.90,27.10,26.78,26.89,203900,26.89
2006-07-06,27.00,27.25,26.99,27.07,252200,27.07
2006-07-05,26.70,27.10,26.54,26.99,266900,26.99
2006-07-03,27.50,27.50,26.81,26.93,115400,26.93
2006-06-30,27.36,27.75,26.89,27.54,238800,27.54
2006-06-29,26.65,27.58,26.65,27.21,304100,27.21
2006-06-28,26.96,27.28,26.37,26.57,174800,26.57
2006-06-27,27.48,27.68,26.57,26.79,648500,26.79
2006-06-26,27.19,27.67,27.19,27.58,134100,27.58
2006-06-23,26.95,27.44,26.70,27.09,164900,27.09
2006-06-22,26.60,27.08,26.50,27.03,192600,27.03
2006-06-21,26.42,26.92,26.35,26.75,151100,26.75
2006-06-20,26.15,26.73,26.14,26.47,225900,26.47
2006-06-19,26.34,26.34,26.05,26.13,203400,26.13
2006-06-16,26.65,26.80,26.06,26.19,779800,26.19
2006-06-15,26.05,26.81,25.92,26.64,334200,26.64
2006-06-14,25.50,26.01,25.46,25.99,334700,25.99
2006-06-13,25.64,26.09,25.37,25.48,308900,25.48
2006-06-12,26.00,26.06,25.66,25.78,311300,25.78
2006-06-09,26.26,26.30,25.81,26.06,365200,26.06
2006-06-08,26.34,26.48,25.30,26.23,480500,26.23
2006-06-07,25.82,26.90,25.82,26.50,488300,26.50
2006-06-06,25.66,25.74,25.03,25.70,341800,25.70
2006-06-05,25.96,26.05,25.42,25.51,413900,25.51
2006-06-02,26.85,26.90,25.94,26.07,191100,26.07
2006-06-01,25.59,26.76,25.55,26.62,380000,26.62
2006-05-31,25.65,25.85,25.40,25.56,270900,25.56
2006-05-30,25.80,25.81,25.31,25.55,306000,25.55
2006-05-26,26.01,26.04,25.56,25.96,214300,25.96
2006-05-25,26.09,26.37,25.78,26.08,195100,26.08
2006-05-24,25.70,26.00,25.45,25.89,396800,25.89
2006-05-23,26.20,26.37,25.76,25.80,260200,25.80
2006-05-22,26.19,26.25,25.45,26.11,384200,26.11
2006-05-19,25.96,26.42,25.85,26.29,375800,26.29
2006-05-18,26.13,26.31,25.90,25.96,323400,25.96
2006-05-17,26.15,26.27,25.84,26.14,304000,26.14
2006-05-16,26.22,26.39,25.80,26.25,399300,26.25
2006-05-15,26.35,26.54,25.96,26.25,384500,26.25
2006-05-12,26.35,26.64,26.03,26.38,240800,26.38
2006-05-11,26.48,26.70,26.27,26.39,569600,26.39
2006-05-10,26.53,26.64,26.23,26.55,180400,26.55
2006-05-09,26.68,26.93,26.56,26.73,92000,26.73
2006-05-08,26.60,26.94,26.55,26.73,92600,26.73
2006-05-05,26.60,26.95,26.53,26.60,193600,26.60
2006-05-04,27.00,27.08,26.23,26.40,342600,26.40
2006-05-03,27.02,27.22,26.78,27.01,375700,27.01
2006-05-02,27.15,27.24,26.89,27.15,326600,27.15
2006-05-01,27.88,27.99,26.88,27.06,381500,27.06
2006-04-28,27.28,27.95,27.10,27.88,374500,27.88
2006-04-27,26.91,27.65,26.87,27.43,283200,27.43
2006-04-26,26.96,27.46,26.88,27.15,188100,27.15
2006-04-25,27.09,27.10,26.67,26.99,218100,26.99
2006-04-24,27.39,27.39,26.86,27.14,285400,27.14
2006-04-21,27.90,27.90,27.22,27.48,336100,27.48
2006-04-20,27.55,27.73,27.37,27.59,250200,27.59
2006-04-19,27.75,27.90,27.60,27.68,218200,27.68
2006-04-18,27.00,27.83,27.00,27.83,408100,27.83
2006-04-17,26.85,26.91,26.50,26.90,291300,26.90
2006-04-13,26.74,27.14,26.52,26.94,140000,26.94
2006-04-12,26.60,26.84,26.50,26.74,79900,26.74
2006-04-11,27.24,27.24,26.40,26.67,154300,26.67
2006-04-10,26.90,27.39,26.84,27.24,287800,27.24
2006-04-07,27.00,27.15,26.46,26.70,274500,26.70
2006-04-06,26.87,26.97,26.46,26.89,197000,26.89
2006-04-05,27.00,27.25,26.64,27.10,227800,27.10
2006-04-04,26.85,27.10,26.78,26.91,158000,26.91
2006-04-03,26.64,27.10,26.55,26.90,206400,26.90
2006-03-31,26.22,26.80,26.20,26.70,196800,26.70
2006-03-30,27.05,27.05,26.00,26.29,2088400,26.29
2006-03-29,26.08,27.36,26.08,27.03,413100,27.03
2006-03-28,26.60,27.03,26.33,26.58,216400,26.58
2006-03-27,26.73,26.78,26.42,26.76,250500,26.76
2006-03-24,26.99,27.05,26.67,26.84,139900,26.84
2006-03-23,26.88,27.38,26.43,27.07,220300,27.07
2006-03-22,26.94,27.43,26.84,27.38,265500,27.38
2006-03-21,27.30,27.45,26.86,26.92,208300,26.92
2006-03-20,27.36,27.47,27.20,27.31,221100,27.31
2006-03-17,27.41,27.67,27.25,27.61,538700,27.61
2006-03-16,27.23,27.46,27.03,27.31,285600,27.31
2006-03-15,26.98,27.34,26.90,27.28,248200,27.28
2006-03-14,26.54,27.05,26.54,27.00,481300,27.00
2006-03-13,26.85,27.26,26.49,26.54,373100,26.54
2006-03-10,26.25,26.97,26.20,26.85,236100,26.85
2006-03-09,26.45,26.54,26.16,26.25,300100,26.25
2006-03-08,26.15,26.68,26.13,26.44,548000,26.44
2006-03-07,26.00,26.45,25.95,26.27,811500,26.27
2006-03-06,25.68,25.99,25.55,25.97,470100,25.97
2006-03-03,25.85,26.01,25.39,25.80,981400,25.80
2006-03-02,26.50,26.51,23.70,26.00,4820400,26.00
2006-03-01,28.56,28.80,28.04,28.73,265600,28.73
2006-02-28,28.85,28.91,28.45,28.59,147200,28.59
2006-02-27,28.85,29.23,28.84,29.00,196800,29.00
2006-02-24,28.89,29.03,28.54,28.92,95400,28.92
2006-02-23,28.72,29.21,28.52,28.96,195200,28.96
2006-02-22,28.32,29.00,28.28,28.86,118200,28.86
2006-02-21,28.02,28.26,28.00,28.22,243200,28.22
2006-02-17,27.88,28.08,27.61,28.05,335000,28.05
2006-02-16,28.05,28.15,27.77,27.77,164600,27.77
2006-02-15,28.06,28.24,27.78,28.09,365400,28.09
2006-02-14,27.81,28.30,27.65,28.01,494500,28.01
2006-02-13,27.74,27.85,27.67,27.78,287900,27.78
2006-02-10,27.70,27.90,27.53,27.82,360400,27.82
2006-02-09,27.69,27.87,27.62,27.71,196100,27.71
2006-02-08,27.47,27.82,27.45,27.68,229700,27.68
2006-02-07,27.75,28.20,27.54,27.56,337500,27.56
2006-02-06,28.04,28.20,27.74,27.82,231500,27.82
2006-02-03,28.26,28.37,28.03,28.16,220400,28.16
2006-02-02,28.55,28.75,28.20,28.39,287000,28.39
2006-02-01,28.72,29.09,28.56,28.71,187700,28.71
2006-01-31,28.35,28.98,27.99,28.81,273600,28.81
2006-01-30,28.94,28.98,28.39,28.51,234900,28.51
2006-01-27,28.61,29.10,28.55,29.04,243500,29.04
2006-01-26,28.60,28.75,28.46,28.62,241400,28.62
2006-01-25,28.46,28.60,28.40,28.52,144200,28.52
2006-01-24,28.43,28.60,28.26,28.50,207600,28.50
2006-01-23,28.72,28.91,28.27,28.38,241100,28.38
2006-01-20,29.05,29.05,28.50,28.75,454900,28.75
2006-01-19,28.28,29.10,28.08,29.00,755900,29.00
2006-01-18,27.80,28.31,27.80,28.28,398500,28.28
2006-01-17,28.20,28.20,27.68,27.95,1015700,27.95
2006-01-13,28.65,28.85,28.40,28.45,162800,28.45
2006-01-12,29.00,29.01,28.50,28.64,144600,28.64
2006-01-11,29.13,29.14,28.91,29.00,237200,29.00
2006-01-10,28.90,29.18,28.81,29.13,263900,29.13
2006-01-09,29.05,29.19,28.80,29.01,426200,29.01
2006-01-06,28.88,29.29,28.72,29.08,247200,29.08
2006-01-05,28.58,28.97,28.54,28.75,245300,28.75
2006-01-04,28.58,28.79,28.33,28.64,291200,28.64
2006-01-03,28.01,29.12,28.01,28.64,603800,28.64
2005-12-30,28.02,28.15,27.89,28.02,189100,28.02
2005-12-29,28.10,28.30,28.00,28.02,154800,28.02
2005-12-28,28.06,28.17,28.00,28.11,209200,28.11
2005-12-27,28.10,28.40,27.90,28.00,292800,28.00
2005-12-23,28.28,28.30,28.00,28.10,157100,28.10
2005-12-22,28.35,28.40,28.12,28.28,166600,28.28
2005-12-21,28.00,28.38,27.90,28.22,444600,28.22
2005-12-20,28.07,28.07,27.89,27.93,473300,27.93
2005-12-19,28.42,28.42,27.90,28.06,454200,28.06
2005-12-16,28.50,28.50,28.22,28.50,737100,28.50
2005-12-15,28.75,28.75,28.37,28.49,359600,28.49
2005-12-14,28.70,29.15,28.70,28.75,246200,28.75
2005-12-13,29.02,29.10,28.71,28.75,210200,28.75
2005-12-12,29.25,29.42,28.94,29.02,495200,29.02
2005-12-09,29.38,29.56,29.02,29.15,274700,29.15
2005-12-08,29.50,29.68,28.97,29.13,170400,29.13
2005-12-07,28.88,29.61,28.88,29.31,177100,29.31
2005-12-06,29.18,29.46,28.75,28.82,293900,28.82
2005-12-05,28.90,29.20,28.59,28.87,410800,28.87
2005-12-02,29.21,29.21,28.84,29.08,217200,29.08
2005-12-01,28.86,29.93,28.86,29.32,284000,29.32
2005-11-30,28.49,29.06,28.49,28.86,245500,28.86
2005-11-29,28.35,28.83,28.35,28.74,227800,28.74
2005-11-28,29.67,29.70,28.99,28.99,182300,28.99
2005-11-25,29.75,29.85,29.54,29.77,25000,29.77
2005-11-23,30.00,30.00,29.75,29.83,273800,29.83
2005-11-22,29.50,29.99,29.35,29.99,328900,29.99
2005-11-21,29.50,29.84,29.27,29.60,233400,29.60
2005-11-18,30.03,30.03,29.44,29.52,151900,29.52
2005-11-17,29.92,30.05,29.51,29.83,427500,29.83
2005-11-16,30.10,30.14,29.56,29.85,199900,29.85
2005-11-15,30.00,30.41,29.77,30.20,181900,30.20
2005-11-14,29.39,30.44,29.34,30.30,651700,30.30
2005-11-11,28.25,29.86,28.20,29.65,1401500,29.65
2005-11-10,27.75,27.80,26.80,26.80,506200,26.80
2005-11-09,27.73,27.88,27.51,27.61,263800,27.61
2005-11-08,28.05,28.14,27.60,27.67,236900,27.67
2005-11-07,28.31,28.44,27.71,28.15,215000,28.15
2005-11-04,28.02,28.24,27.73,28.11,136300,28.11
2005-11-03,28.10,28.32,27.94,27.96,322200,27.96
2005-11-02,27.75,28.35,27.60,28.15,245000,28.15
2005-11-01,28.13,28.14,27.64,27.71,445100,27.71
2005-10-31,27.94,28.28,27.60,28.13,485300,28.13
2005-10-28,26.60,27.79,26.60,27.69,352200,27.69
2005-10-27,26.98,27.07,26.20,26.45,149800,26.45
2005-10-26,27.10,27.36,26.87,26.98,324600,26.98
2005-10-25,27.35,27.35,26.64,27.14,162700,27.14
2005-10-24,26.90,27.38,26.85,27.32,195400,27.32
2005-10-21,26.34,27.00,26.34,26.68,134900,26.68
2005-10-20,27.00,27.00,26.20,26.33,221300,26.33
2005-10-19,26.95,27.08,26.33,27.00,252700,27.00
2005-10-18,27.15,27.26,26.81,26.85,405400,26.85
2005-10-17,26.85,27.22,26.70,27.22,304200,27.22
2005-10-14,26.00,26.94,26.00,26.73,271400,26.73
2005-10-13,25.67,26.08,25.67,25.98,262800,25.98
2005-10-12,25.70,26.07,25.43,25.92,420900,25.92
2005-10-11,26.25,26.45,25.86,25.91,220000,25.91
2005-10-10,26.30,26.43,25.90,26.25,527300,26.25
2005-10-07,26.48,26.69,26.41,26.41,233000,26.41
2005-10-06,26.47,26.70,26.29,26.40,384400,26.40
2005-10-05,26.91,27.04,26.42,26.42,350800,26.42
2005-10-04,27.29,27.44,26.86,26.91,393900,26.91
2005-10-03,27.49,27.68,26.82,27.29,1414600,27.29
2005-09-30,27.62,27.70,27.17,27.46,618400,27.46
2005-09-29,27.65,27.66,27.30,27.55,950900,27.55
2005-09-28,27.91,28.00,27.11,27.59,676100,27.59
2005-09-27,28.18,28.18,27.71,27.84,208600,27.84
2005-09-26,28.20,28.25,27.77,28.08,616200,28.08
2005-09-23,28.00,28.30,27.60,28.00,597900,28.00
2005-09-22,27.68,28.28,27.39,27.99,345300,27.99
2005-09-21,28.10,28.10,27.16,27.65,1155400,27.65
2005-09-20,28.72,28.93,28.18,28.22,507000,28.22
2005-09-19,29.30,29.32,28.75,28.80,484900,28.80
2005-09-16,29.65,29.76,29.25,29.27,402200,29.27
2005-09-15,30.08,30.08,29.71,29.76,141400,29.76
2005-09-14,30.35,30.35,29.87,30.00,469700,30.00
2005-09-13,30.33,30.41,30.18,30.27,283400,30.27
2005-09-12,30.34,30.63,30.26,30.43,218800,30.43
2005-09-09,30.06,30.24,29.78,30.17,173700,30.17
2005-09-08,29.79,30.21,29.52,30.00,199400,30.00
2005-09-07,30.50,30.50,30.02,30.04,171200,30.04
2005-09-06,30.37,31.13,30.08,30.50,496400,30.50
2005-09-02,30.56,30.60,30.21,30.27,121100,30.27
2005-09-01,30.30,30.75,30.22,30.51,255700,30.51
2005-08-31,29.98,30.30,29.85,30.24,360200,30.24
2005-08-30,29.74,30.20,29.65,29.98,279200,29.98
2005-08-29,29.53,30.00,29.37,29.84,250100,29.84
2005-08-26,30.10,30.11,29.60,29.61,186300,29.61
2005-08-25,30.18,30.55,29.99,30.10,254500,30.10
2005-08-24,29.90,30.31,29.85,30.18,831300,30.18
2005-08-23,29.66,30.01,29.52,29.84,494000,29.84
2005-08-22,29.00,29.64,28.83,29.50,863300,29.50
2005-08-19,28.40,28.95,28.40,28.94,358000,28.94
2005-08-18,28.68,28.68,28.33,28.35,300600,28.35
2005-08-17,30.00,30.61,28.43,28.50,278900,28.50
2005-08-16,29.10,29.45,28.51,28.66,795800,28.66
2005-08-15,29.28,29.60,29.03,29.31,1325500,29.31
2005-08-12,27.75,29.75,27.70,29.25,1723500,29.25
2005-08-11,26.72,26.85,26.55,26.68,430600,26.68
2005-08-10,27.10,27.26,26.68,26.83,316200,26.83
2005-08-09,27.30,27.40,26.99,27.05,269800,27.05
2005-08-08,27.28,27.53,27.00,27.12,569100,27.12
2005-08-05,27.75,27.75,27.20,27.40,493300,27.40
2005-08-04,27.80,28.00,27.31,27.73,437800,27.73
2005-08-03,28.20,28.28,27.90,27.91,517000,27.91
2005-08-02,28.23,28.40,28.16,28.29,427500,28.29
2005-08-01,28.18,28.52,28.18,28.20,493700,28.20
2005-07-29,28.50,28.58,28.14,28.29,419700,28.29
2005-07-28,28.10,28.58,28.09,28.50,915600,28.50
2005-07-27,27.67,28.10,27.67,28.08,543600,28.08
2005-07-26,27.50,28.21,27.50,27.63,1626600,27.63
2005-07-25,26.95,27.85,26.90,27.60,1398700,27.60
2005-07-22,26.00,26.81,26.00,26.50,909800,26.50
2005-07-21,25.99,26.00,25.61,25.91,665400,25.91
2005-07-20,25.99,26.03,25.85,25.99,476200,25.99
2005-07-19,25.93,26.22,25.76,25.99,630500,25.99
2005-07-18,26.22,26.35,25.88,25.99,541600,25.99
2005-07-15,26.34,26.45,26.26,26.30,370800,26.30
2005-07-14,26.68,26.70,26.43,26.47,785700,26.47
2005-07-13,26.56,26.74,26.40,26.49,631800,26.49
2005-07-12,26.74,26.85,26.40,26.54,707000,26.54
2005-07-11,26.61,27.00,26.56,26.79,343100,26.79
2005-07-08,25.75,26.63,25.74,26.52,1730600,26.52
2005-07-07,25.88,25.94,25.60,25.78,963800,25.78
2005-07-06,25.83,26.03,25.75,25.88,477100,25.88
2005-07-05,25.90,26.10,25.85,25.95,477200,25.95
2005-07-01,25.82,25.99,25.65,25.94,271800,25.94
2005-06-30,25.62,25.82,25.62,25.72,490100,25.72
2005-06-29,25.45,25.70,25.44,25.70,300500,25.70
2005-06-28,25.10,25.58,25.01,25.57,336700,25.57
2005-06-27,24.94,25.14,24.84,25.10,776300,25.10
2005-06-24,25.05,25.84,24.95,25.04,1822200,25.04
2005-06-23,25.01,25.48,24.80,25.15,465900,25.15
2005-06-22,25.42,25.45,25.00,25.05,225800,25.05
2005-06-21,25.78,25.95,25.37,25.50,315000,25.50
2005-06-20,25.67,25.76,25.40,25.71,145200,25.71
2005-06-17,25.65,25.83,25.60,25.76,459600,25.76
2005-06-16,25.88,25.95,25.28,25.61,183700,25.61
2005-06-15,25.95,25.96,25.70,25.87,427400,25.87
2005-06-14,25.03,25.95,24.95,25.95,257300,25.95
2005-06-13,25.00,25.10,24.92,25.02,327900,25.02
2005-06-10,24.67,25.11,24.53,24.95,76500,24.95
2005-06-09,24.29,24.74,24.17,24.66,71900,24.66
2005-06-08,24.14,25.04,24.14,24.32,181700,24.32
2005-06-07,24.36,24.55,24.14,24.14,198700,24.14
2005-06-06,23.65,24.80,23.60,24.30,605500,24.30
2005-06-03,23.75,23.84,23.67,23.71,359400,23.71
2005-06-02,23.77,23.80,23.66,23.76,268300,23.76
2005-06-01,23.93,24.00,23.70,23.80,73000,23.80
2005-05-31,23.75,24.07,23.75,23.99,274900,23.99
2005-05-27,23.97,24.02,23.80,23.95,101100,23.95
2005-05-26,23.78,24.08,23.75,23.99,765800,23.99
2005-05-25,24.36,24.40,23.84,23.85,261000,23.85
2005-05-24,24.50,24.50,24.15,24.46,155900,24.46
2005-05-23,24.70,24.87,24.29,24.52,119500,24.52
2005-05-20,23.92,24.78,23.88,24.78,270100,24.78
2005-05-19,24.09,24.10,23.92,23.98,235600,23.98
2005-05-18,23.90,24.25,23.84,24.19,590000,24.19
2005-05-17,23.70,24.18,23.65,24.00,429500,24.00
2005-05-16,23.89,24.11,23.85,23.95,338200,23.95
2005-05-13,24.90,24.90,23.70,23.99,803700,23.99
2005-05-12,24.98,25.05,23.77,25.00,918900,25.00
2005-05-11,23.85,25.68,23.75,25.06,1324200,25.06
2005-05-10,23.95,23.96,23.63,23.85,296400,23.85
2005-05-09,23.20,24.60,23.20,24.10,229000,24.10
2005-05-06,22.90,23.39,22.90,23.30,185600,23.30
2005-05-05,22.60,23.04,22.60,23.00,273100,23.00
2005-05-04,22.40,22.65,22.40,22.65,287800,22.65
2005-05-03,22.67,22.75,22.40,22.43,170600,22.43
2005-05-02,22.40,22.75,22.34,22.75,531500,22.75
2005-04-29,22.38,22.40,22.24,22.35,827600,22.35
2005-04-28,22.40,22.50,22.24,22.30,386300,22.30
2005-04-27,22.38,22.52,22.33,22.51,140500,22.51
2005-04-26,21.80,22.41,21.80,22.35,199900,22.35
2005-04-25,21.75,21.99,21.75,21.84,46600,21.84
2005-04-22,22.04,22.12,21.80,21.90,290500,21.90
2005-04-21,21.61,22.10,21.56,22.04,533800,22.04
2005-04-20,21.62,21.73,21.41,21.61,150900,21.61
2005-04-19,21.50,21.59,21.27,21.57,843100,21.57
2005-04-18,21.55,21.55,21.21,21.35,709300,21.35
2005-04-15,22.01,22.19,21.50,21.65,776300,21.65
2005-04-14,21.85,22.50,21.85,22.11,282200,22.11
2005-04-13,22.40,22.49,22.10,22.20,334600,22.20
2005-04-12,22.20,22.36,22.05,22.35,124200,22.35
2005-04-11,22.02,22.28,21.95,22.20,126600,22.20
2005-04-08,21.90,22.15,21.90,22.10,60800,22.10
2005-04-07,22.00,22.19,21.91,22.00,203600,22.00
2005-04-06,21.87,22.04,21.76,22.00,498200,22.00
2005-04-05,21.67,22.00,21.65,21.82,595000,21.82
2005-04-04,21.55,21.79,21.50,21.67,248500,21.67
2005-04-01,21.72,21.77,21.55,21.70,343700,21.70
2005-03-31,21.72,21.96,21.58,21.87,438800,21.87
2005-03-30,21.15,21.86,21.15,21.68,435800,21.68
2005-03-29,21.05,21.38,21.00,21.16,378900,21.16
2005-03-28,20.90,21.31,20.85,21.11,287100,21.11
2005-03-24,21.05,21.15,20.67,21.15,495300,21.15
2005-03-23,21.10,21.15,20.83,21.05,367600,21.05
2005-03-22,21.50,21.88,21.28,21.55,747800,21.55
2005-03-21,21.15,21.65,20.99,21.54,354900,21.54
2005-03-18,21.45,21.58,21.09,21.15,821100,21.15
2005-03-17,22.25,22.25,21.56,21.68,208000,21.68
2005-03-16,22.25,22.44,22.12,22.24,776200,22.24
2005-03-15,22.50,22.57,22.24,22.24,596900,22.24
2005-03-14,22.40,22.60,22.36,22.50,418300,22.50
2005-03-11,22.40,22.63,22.27,22.35,634700,22.35
2005-03-10,22.33,22.65,22.31,22.61,871800,22.61
2005-03-09,22.30,22.41,22.17,22.40,906000,22.40
2005-03-08,22.26,22.40,22.25,22.30,1586900,22.30
2005-03-07,21.67,22.37,21.66,22.28,672600,22.28
2005-03-04,21.15,21.90,21.02,21.65,356700,21.65
2005-03-03,20.99,21.10,20.85,21.00,462000,21.00
2005-03-02,21.12,21.16,20.39,21.00,650000,21.00
2005-03-01,21.10,21.29,21.00,21.12,472400,21.12
2005-02-28,21.30,21.30,20.74,21.00,585100,21.00
2005-02-25,21.50,21.57,20.98,21.28,573900,21.28
2005-02-24,21.25,21.75,20.90,21.51,760200,21.51
2005-02-23,22.00,22.10,21.34,21.53,893500,21.53
2005-02-22,21.90,22.03,21.70,22.00,1617700,22.00
2005-02-18,22.00,22.06,21.94,22.05,1108800,22.05
2005-02-17,22.11,22.11,21.75,22.00,1387000,22.00
2005-02-16,22.00,22.19,22.00,22.15,655200,22.15
2005-02-15,21.95,22.12,21.80,22.10,631800,22.10
2005-02-14,22.00,22.20,21.65,22.17,757400,22.17
2005-02-11,21.40,22.16,21.39,22.08,696000,22.08
2005-02-10,21.75,22.05,21.61,21.80,1203900,21.80
2005-02-09,21.15,22.30,21.11,22.30,2538900,22.30
2005-02-08,21.00,21.37,20.83,21.35,1961600,21.35
2005-02-07,20.75,21.19,20.65,20.96,1933200,20.96
2005-02-04,20.10,21.60,20.10,21.30,2644000,21.30
2005-02-03,20.75,20.81,20.04,20.34,2292500,20.34
2005-02-02,21.35,21.56,20.85,20.90,5085800,20.90
2005-02-01,21.55,22.29,21.55,21.90,7918800,21.90
