Date,Open,High,Low,Close,Volume,Adj Close
2012-05-04,9.49,9.89,9.48,9.86,1615400,9.86
2012-05-03,8.96,9.46,8.95,9.31,1400000,9.31
2012-05-02,9.22,9.34,8.93,8.95,1218600,8.95
2012-05-01,9.01,9.10,8.55,9.02,1395100,9.02
2012-04-30,8.77,9.04,8.77,9.04,1261200,9.04
2012-04-27,8.91,9.20,8.72,8.77,1423700,8.77
2012-04-26,9.25,9.29,8.93,9.00,1173700,9.00
2012-04-25,9.31,9.39,9.10,9.24,1213600,9.24
2012-04-24,9.93,10.02,9.62,9.72,1495700,9.72
2012-04-23,10.00,10.22,9.92,9.93,1932500,9.93
2012-04-20,9.51,9.60,9.27,9.57,1566900,9.57
2012-04-19,9.51,9.88,9.27,9.71,1733300,9.71
2012-04-18,9.47,9.67,9.39,9.54,1047800,9.54
2012-04-17,9.53,9.53,9.08,9.33,1641100,9.33
2012-04-16,9.69,10.06,9.58,9.78,1399500,9.78
2012-04-13,9.53,9.85,9.53,9.80,1251000,9.80
2012-04-12,9.86,9.87,9.34,9.45,2242700,9.45
2012-04-11,10.04,10.10,9.83,9.87,1023000,9.87
2012-04-10,9.72,10.38,9.66,10.30,1847500,10.30
2012-04-09,9.70,9.76,9.52,9.59,1083000,9.59
2012-04-05,9.18,9.23,9.04,9.20,784000,9.20
2012-04-04,8.93,9.21,8.91,9.09,1566600,9.09
2012-04-03,8.56,8.75,8.44,8.64,1124200,8.64
2012-04-02,8.91,8.94,8.48,8.48,991900,8.48
2012-03-30,8.56,8.89,8.56,8.80,694400,8.80
2012-03-29,8.83,9.06,8.68,8.76,1372300,8.76
2012-03-28,8.51,8.87,8.45,8.65,1011900,8.65
2012-03-27,8.32,8.52,8.26,8.51,979800,8.51
2012-03-26,8.56,8.58,8.31,8.34,1616400,8.34
2012-03-23,9.11,9.36,8.85,8.88,1151800,8.88
2012-03-22,9.17,9.32,9.04,9.15,6893300,9.15
2012-03-21,8.83,9.00,8.74,8.91,760200,8.91
2012-03-20,8.86,9.01,8.79,8.90,1167000,8.90
2012-03-19,8.93,8.97,8.45,8.65,1915400,8.65
2012-03-16,8.82,9.00,8.80,8.91,748200,8.91
2012-03-15,9.13,9.22,8.86,8.87,1146800,8.87
2012-03-14,8.91,9.22,8.84,9.10,1147600,9.10
2012-03-13,9.23,9.35,8.87,8.87,1842900,8.87
2012-03-12,9.33,9.58,9.29,9.45,620900,9.45
2012-03-09,9.80,9.81,9.21,9.40,1560600,9.40
2012-03-08,9.99,10.24,9.74,9.80,1059100,9.80
2012-03-07,10.42,10.46,10.16,10.20,1124700,10.20
2012-03-06,10.25,10.62,10.19,10.50,1882400,10.50
2012-03-05,10.03,10.25,9.89,9.91,1192600,9.91
2012-03-02,9.54,10.08,9.46,9.94,1531700,9.94
2012-03-01,9.54,9.55,9.20,9.51,1134700,9.51
2012-02-29,9.17,9.69,9.03,9.69,1342200,9.69
2012-02-28,9.17,9.40,9.00,9.25,1322800,9.25
2012-02-27,9.42,9.60,9.04,9.18,1185100,9.18
2012-02-24,9.08,9.19,9.02,9.15,651700,9.15
2012-02-23,9.48,9.63,9.08,9.11,812100,9.11
2012-02-22,9.39,9.54,9.26,9.53,623300,9.53
2012-02-21,9.07,9.42,9.03,9.30,714700,9.30
2012-02-17,8.96,9.16,8.94,9.12,785500,9.12
2012-02-16,9.66,9.66,9.08,9.10,1581500,9.10
2012-02-15,9.26,9.75,9.25,9.67,1632700,9.67
2012-02-14,9.45,9.63,9.37,9.41,869800,9.41
2012-02-13,9.37,9.55,9.28,9.32,711400,9.32
2012-02-10,9.63,9.75,9.56,9.69,949700,9.69
2012-02-09,9.09,9.49,9.09,9.30,550200,9.30
2012-02-08,9.16,9.46,9.03,9.18,777800,9.18
2012-02-07,9.24,9.40,9.11,9.24,535900,9.24
2012-02-06,9.26,9.30,9.14,9.19,610900,9.19
2012-02-03,9.28,9.36,9.03,9.11,1320600,9.11
2012-02-02,9.82,9.93,9.64,9.77,729200,9.77
2012-02-01,10.32,10.43,9.88,9.93,1017100,9.93
2012-01-31,10.36,10.81,10.30,10.60,657400,10.60
2012-01-30,10.60,10.82,10.46,10.59,915900,10.59
2012-01-27,10.73,10.73,10.34,10.35,536200,10.35
2012-01-26,10.31,10.74,10.28,10.57,854900,10.57
2012-01-25,10.83,10.97,10.43,10.53,901400,10.53
2012-01-24,11.22,11.38,10.76,10.83,670900,10.83
2012-01-23,10.97,11.26,10.73,11.00,658800,11.00
2012-01-20,11.04,11.12,10.88,10.96,1013200,10.96
2012-01-19,11.03,11.24,10.93,11.02,751200,11.02
2012-01-18,11.86,11.92,11.20,11.22,679000,11.22
2012-01-17,11.49,11.94,11.40,11.85,564700,11.85
2012-01-13,11.92,12.17,11.80,11.85,887400,11.85
2012-01-12,11.65,12.01,11.59,11.64,539800,11.64
2012-01-11,12.03,12.08,11.70,11.74,597400,11.74
2012-01-10,11.95,12.03,11.82,11.90,777800,11.90
2012-01-09,12.45,12.82,12.37,12.42,651100,12.42
2012-01-06,12.53,12.89,12.34,12.63,692200,12.63
2012-01-05,13.03,13.37,12.35,12.53,938000,12.53
2012-01-04,12.75,12.99,12.60,12.74,541600,12.74
2012-01-03,12.19,12.65,12.07,12.52,818300,12.52
2011-12-30,13.00,13.16,12.81,13.12,930400,13.12
2011-12-29,13.23,13.30,12.86,12.96,671300,12.96
2011-12-28,12.68,13.48,12.66,13.39,1072200,13.39
2011-12-27,13.02,13.08,12.54,12.72,519500,12.72
2011-12-23,12.86,13.08,12.80,12.85,551000,12.85
2011-12-22,13.06,13.16,12.78,12.99,1046200,12.99
2011-12-21,13.61,14.03,13.12,13.26,978600,13.26
2011-12-20,14.26,14.29,13.43,13.46,1654600,13.46
2011-12-19,14.12,15.37,13.95,15.30,1296000,15.30
2011-12-16,14.53,14.85,13.89,14.52,1773200,14.52
2011-12-15,14.61,15.29,14.60,14.87,1461400,14.87
2011-12-14,15.17,15.58,14.87,15.32,1990900,15.32
2011-12-13,13.45,14.99,13.31,14.76,2060300,14.76
2011-12-12,13.90,14.40,13.88,13.89,1415000,13.89
2011-12-09,14.55,14.62,13.07,13.30,1689200,13.30
2011-12-08,13.81,14.73,13.67,14.61,1771500,14.61
2011-12-07,13.64,14.23,13.20,13.40,1780500,13.40
2011-12-06,13.32,13.72,13.08,13.35,1247500,13.35
2011-12-05,13.25,13.72,13.02,13.38,1857700,13.38
2011-12-02,13.72,14.15,13.43,14.11,1705400,14.11
2011-12-01,14.13,14.35,13.75,14.27,2048500,14.27
2011-11-30,14.83,15.14,13.96,13.97,1928200,13.97
2011-11-29,16.83,17.34,16.59,16.98,1675800,16.98
2011-11-28,17.48,17.62,16.75,16.88,2354500,16.88
2011-11-25,19.31,19.67,18.47,19.66,1581100,19.66
2011-11-23,17.89,19.03,17.75,18.92,2510500,18.92
2011-11-22,16.98,17.58,16.63,17.33,1731300,17.33
2011-11-21,16.74,17.34,16.54,16.92,2537500,16.92
2011-11-18,15.57,16.13,15.46,15.75,1627400,15.75
2011-11-17,15.17,16.04,14.88,15.75,2361000,15.75
2011-11-16,14.91,15.21,14.06,15.12,1668900,15.12
2011-11-15,15.27,15.55,14.18,14.42,1818000,14.42
2011-11-14,14.56,15.31,14.46,15.02,1447200,15.02
2011-11-11,15.09,15.14,14.30,14.46,1336300,14.46
2011-11-10,15.21,16.19,15.14,15.70,1751400,15.70
2011-11-09,15.25,16.06,14.90,15.98,2078500,15.98
2011-11-08,14.22,15.21,13.94,14.01,1713100,14.01
2011-11-07,14.63,15.54,14.40,14.64,1292400,14.64
2011-11-04,14.80,15.15,14.42,14.55,1338500,14.55
2011-11-03,14.78,16.03,14.20,14.33,1622900,14.33
2011-11-02,15.89,16.43,15.40,15.46,1511600,15.46
2011-11-01,16.87,17.02,15.80,16.63,2457100,16.63
2011-10-31,14.70,15.17,14.37,15.16,1385100,15.16
2011-10-28,13.90,14.18,13.57,14.03,961000,14.03
2011-10-27,14.59,15.15,13.48,13.87,2487500,13.87
2011-10-26,16.42,17.93,16.11,16.45,1877600,16.45
2011-10-25,16.36,17.48,16.34,17.34,1327200,17.34
2011-10-24,17.47,17.55,15.90,16.01,1544400,16.01
2011-10-21,18.09,18.62,17.70,17.74,1286300,17.74
2011-10-20,19.03,20.50,18.90,18.98,2626700,18.98
2011-10-19,18.26,19.42,17.85,19.17,1131600,19.17
2011-10-18,19.52,20.65,17.70,18.16,1857900,18.16
2011-10-17,18.58,19.99,18.50,19.80,1051600,19.80
2011-10-14,18.56,19.09,17.92,18.09,877500,18.09
2011-10-13,19.51,20.17,18.93,19.21,1337900,19.21
2011-10-12,19.59,19.77,18.58,19.26,1808800,19.26
2011-10-11,21.05,21.20,19.82,20.11,1079300,20.11
2011-10-10,22.02,22.28,20.51,20.55,1395800,20.55
2011-10-07,21.70,23.84,21.50,23.62,2129000,23.62
2011-10-06,23.73,24.07,21.80,21.93,1710800,21.93
2011-10-05,24.62,25.47,23.04,23.50,1273300,23.50
2011-10-04,31.20,31.60,24.35,24.44,3000000,24.44
2011-10-03,26.86,30.44,25.44,30.18,2356100,30.18
2011-09-30,25.29,26.26,24.17,26.20,1350500,26.20
2011-09-29,23.57,26.30,23.23,24.05,1702200,24.05
2011-09-28,22.80,25.43,22.44,25.30,1295700,25.30
2011-09-27,22.70,23.34,21.00,22.83,1344200,22.83
2011-09-26,24.92,26.79,24.17,24.31,1156000,24.31
2011-09-23,26.82,27.02,25.30,25.79,1303900,25.79
2011-09-22,27.15,28.02,25.35,26.78,2884100,26.78
2011-09-21,22.22,24.65,21.66,24.61,1429100,24.61
2011-09-20,20.97,22.17,20.26,22.17,1335800,22.17
2011-09-19,21.30,21.86,20.52,21.12,1105700,21.12
2011-09-16,20.00,20.66,19.70,20.11,869700,20.11
2011-09-15,20.52,21.47,20.19,20.20,1454300,20.20
2011-09-14,21.63,22.97,20.13,21.09,1673700,21.09
2011-09-13,22.92,23.66,21.99,22.19,1503700,22.19
2011-09-12,25.20,25.25,23.27,23.36,1202500,23.36
2011-09-09,22.84,24.76,22.50,24.03,1036900,24.03
2011-09-08,21.44,22.42,20.57,22.10,823800,22.10
2011-09-07,22.54,22.81,20.89,20.92,960800,20.92
2011-09-06,26.10,26.10,23.67,23.70,1642000,23.70
2011-09-02,22.71,23.86,22.11,23.51,1776800,23.51
2011-09-01,19.81,21.50,19.12,21.18,988300,21.18
2011-08-31,19.42,20.51,18.89,19.94,826500,19.94
2011-08-30,20.56,21.18,19.43,19.87,725300,19.87
2011-08-29,22.53,22.53,20.10,20.16,1162700,20.16
2011-08-26,25.60,26.91,23.26,23.50,1065400,23.50
2011-08-25,22.77,25.54,22.45,25.29,721500,25.29
2011-08-24,24.74,25.38,23.12,23.57,572500,23.57
2011-08-23,28.26,29.06,24.53,24.62,739600,24.62
2011-08-22,26.06,29.42,26.00,28.81,883500,28.81
2011-08-19,28.85,29.02,25.91,28.56,943800,28.56
2011-08-18,25.57,27.77,25.40,27.29,1191500,27.29
2011-08-17,22.68,23.84,22.12,23.16,418300,23.16
2011-08-16,23.08,23.90,22.35,23.17,535000,23.17
2011-08-15,23.18,23.40,21.90,21.92,611900,21.92
2011-08-12,23.76,24.97,23.26,24.06,515700,24.06
2011-08-11,28.30,28.83,23.14,24.61,1211600,24.61
2011-08-10,27.51,29.10,25.91,28.99,1171400,28.99
2011-08-09,29.05,33.64,25.00,26.71,2184400,26.71
2011-08-08,27.62,31.78,25.83,31.78,1672300,31.78
2011-08-05,22.94,26.78,22.62,25.16,2664500,25.16
2011-08-04,21.12,23.86,21.01,23.86,1674800,23.86
2011-08-03,20.63,22.10,20.10,20.28,1206300,20.28
2011-08-02,19.04,20.70,18.53,20.58,863300,20.58
2011-08-01,17.81,19.36,17.59,18.80,1117100,18.80
2011-07-29,19.19,19.59,18.21,18.51,1291700,18.51
2011-07-28,18.38,18.51,17.67,18.41,761600,18.41
2011-07-27,17.18,18.41,17.17,18.33,927800,18.33
2011-07-26,16.60,16.96,16.44,16.84,662300,16.84
2011-07-25,16.51,16.65,16.10,16.47,911700,16.47
2011-07-22,16.01,16.27,15.80,15.92,387200,15.92
2011-07-21,16.26,16.37,15.79,15.98,794600,15.98
2011-07-20,16.32,16.74,16.31,16.43,369400,16.43
2011-07-19,17.06,17.08,16.30,16.36,825800,16.36
2011-07-18,16.97,17.83,16.86,17.53,812900,17.53
2011-07-15,16.84,17.12,16.69,16.72,454200,16.72
2011-07-14,16.22,17.20,16.00,17.09,1124700,17.09
2011-07-13,16.44,16.53,15.79,16.28,827100,16.28
2011-07-12,16.78,16.80,16.22,16.78,485200,16.78
2011-07-11,16.10,16.63,15.85,16.49,851800,16.49
2011-07-08,15.80,15.95,15.47,15.50,699300,15.50
2011-07-07,15.47,15.61,15.03,15.22,1281400,15.22
2011-07-06,16.24,16.42,15.90,15.97,768400,15.97
2011-07-05,16.20,16.45,16.10,16.17,646200,16.17
2011-07-01,17.02,17.19,16.20,16.30,694600,16.30
2011-06-30,17.33,17.39,16.93,17.07,613400,17.07
2011-06-29,17.53,17.95,17.33,17.48,1551400,17.48
2011-06-28,18.40,18.52,17.72,17.72,562200,17.72
2011-06-27,19.08,19.39,18.50,18.60,758200,18.60
2011-06-24,18.59,19.37,18.48,19.05,1196100,19.05
2011-06-23,19.65,20.23,18.67,18.75,1245300,18.75
2011-06-22,18.85,19.01,18.26,19.00,511800,19.00
2011-06-21,19.39,19.49,18.48,18.56,957300,18.56
2011-06-20,20.65,20.67,19.67,19.85,489200,19.85
2011-06-17,19.84,20.73,19.75,20.43,865900,20.43
2011-06-16,20.55,21.23,19.93,20.46,1013700,20.46
2011-06-15,20.18,20.82,19.74,20.59,1125800,20.59
2011-06-14,20.38,20.40,19.35,19.52,913000,19.52
2011-06-13,20.56,21.24,20.24,20.93,682800,20.93
2011-06-10,20.16,20.99,20.06,20.75,864700,20.75
2011-06-09,19.92,20.19,19.45,19.80,466900,19.80
2011-06-08,19.67,20.20,19.48,20.11,707100,20.11
2011-06-07,19.22,19.50,18.96,19.48,578100,19.48
2011-06-06,18.77,19.65,18.59,19.60,602700,19.60
2011-06-03,18.74,18.82,18.16,18.72,939300,18.72
2011-06-02,17.75,18.23,17.51,17.93,714300,17.93
2011-06-01,16.42,17.94,16.40,17.87,688200,17.87
2011-05-31,16.45,16.95,16.33,16.35,426200,16.35
2011-05-27,17.19,17.28,16.87,17.07,304000,17.07
2011-05-26,18.30,18.35,17.39,17.39,533600,17.39
2011-05-25,18.95,18.97,17.93,18.10,621800,18.10
2011-05-24,18.39,18.94,18.18,18.83,590400,18.83
2011-05-23,18.57,18.69,18.20,18.54,912700,18.54
2011-05-20,17.42,17.98,17.27,17.65,320700,17.65
2011-05-19,17.00,17.70,16.96,17.26,446800,17.26
2011-05-18,18.12,18.21,17.35,17.38,375900,17.38
2011-05-17,18.47,18.61,18.05,18.22,774300,18.22
2011-05-16,17.62,18.09,17.08,18.06,436500,18.06
2011-05-13,16.56,17.41,16.43,17.28,431600,17.28
2011-05-12,17.35,17.61,16.45,16.60,499000,16.60
2011-05-11,16.29,17.25,16.25,17.01,589400,17.01
2011-05-10,16.69,16.73,16.17,16.17,303000,16.17
2011-05-09,17.61,17.69,16.90,16.93,588500,16.93
2011-05-06,17.22,17.83,16.86,17.58,766200,17.58
2011-05-05,17.96,18.11,17.06,17.84,1071500,17.84
2011-05-04,16.86,17.89,16.81,17.62,1070400,17.62
2011-05-03,16.43,17.27,16.27,16.90,639600,16.90
2011-05-02,15.53,16.37,15.53,16.35,244400,16.35
2011-04-29,15.89,16.06,15.63,15.78,229000,15.78
2011-04-28,16.24,16.25,15.75,15.97,483100,15.97
2011-04-27,16.45,16.64,16.15,16.20,461900,16.20
2011-04-26,16.84,16.95,16.22,16.50,595200,16.50
2011-04-25,16.98,17.32,16.89,16.97,273400,16.97
2011-04-21,17.00,17.36,16.92,16.92,246300,16.92
2011-04-20,17.52,17.69,17.28,17.28,393900,17.28
2011-04-19,18.25,18.76,18.10,18.44,362900,18.44
2011-04-18,18.39,18.90,18.38,18.43,596200,18.43
2011-04-15,18.16,18.40,17.61,17.61,517000,17.61
2011-04-14,18.89,18.94,18.10,18.13,358100,18.13
2011-04-13,18.16,18.81,18.06,18.42,562500,18.42
2011-04-12,18.14,18.56,17.93,18.48,554000,18.48
2011-04-11,17.30,18.01,17.16,17.80,308000,17.80
2011-04-08,16.60,17.55,16.53,17.29,597200,17.29
2011-04-07,16.48,16.97,16.30,16.83,430500,16.83
2011-04-06,16.35,16.77,16.24,16.60,285000,16.60
2011-04-05,16.97,17.03,16.34,16.67,332700,16.67
2011-04-04,16.88,17.04,16.78,16.93,287900,16.93
2011-04-01,16.87,17.22,16.75,17.07,361000,17.07
2011-03-31,17.46,17.54,17.20,17.27,263300,17.27
2011-03-30,17.91,17.97,17.39,17.46,353300,17.46
2011-03-29,18.67,18.97,18.10,18.16,331100,18.16
2011-03-28,18.36,18.72,18.20,18.69,234000,18.69
2011-03-25,18.74,18.99,17.96,18.56,588500,18.56
2011-03-24,19.09,19.60,18.88,19.07,337200,19.07
2011-03-23,19.78,20.39,19.28,19.48,315200,19.48
2011-03-22,19.22,19.77,19.15,19.64,208800,19.64
2011-03-21,20.00,20.08,19.33,19.33,518700,19.33
2011-03-18,20.88,21.08,20.69,20.78,400400,20.78
2011-03-17,20.84,21.62,20.79,21.62,440400,21.62
2011-03-16,21.43,22.17,20.73,21.81,663000,21.81
2011-03-15,22.04,22.48,20.69,21.16,497600,21.16
2011-03-14,20.94,21.24,20.20,20.61,329600,20.61
2011-03-11,21.11,21.11,19.90,20.27,384500,20.27
2011-03-10,19.79,20.64,19.76,20.48,700500,20.48
2011-03-09,18.94,19.23,18.70,19.03,262000,19.03
2011-03-08,19.72,20.13,18.53,18.80,612800,18.80
2011-03-07,18.61,20.20,18.58,19.74,529200,19.74
2011-03-04,18.62,19.35,18.59,18.84,453200,18.84
2011-03-03,19.35,19.35,18.45,18.62,605000,18.62
2011-03-02,20.28,20.50,19.66,19.96,616200,19.96
2011-03-01,18.82,20.39,18.82,20.19,869700,20.19
2011-02-28,18.81,19.54,18.68,19.07,422600,19.07
2011-02-25,20.26,20.29,19.15,19.15,497400,19.15
2011-02-24,20.89,21.30,20.25,20.54,509200,20.54
2011-02-23,19.84,21.36,19.78,20.93,826100,20.93
2011-02-22,19.01,20.01,18.79,19.93,554000,19.93
2011-02-18,18.46,18.74,18.26,18.51,323400,18.51
2011-02-17,19.06,19.07,18.42,18.56,206400,18.56
2011-02-16,19.33,19.35,18.91,18.98,363600,18.98
2011-02-15,19.29,19.59,19.20,19.49,246400,19.49
2011-02-14,19.40,19.42,19.08,19.13,80900,19.13
2011-02-11,20.34,20.40,19.42,19.42,416800,19.42
2011-02-10,20.73,20.82,20.05,20.12,185700,20.12
2011-02-09,20.27,20.66,20.05,20.37,334700,20.37
2011-02-08,20.52,20.73,20.08,20.08,168600,20.08
2011-02-07,21.00,21.06,20.10,20.51,455200,20.51
2011-02-04,21.27,21.63,21.09,21.15,264200,21.15
2011-02-03,21.49,22.26,21.19,21.27,331500,21.27
2011-02-02,21.36,21.49,20.95,21.45,161500,21.45
2011-02-01,22.27,22.40,21.00,21.32,279400,21.32
2011-01-31,22.91,23.43,22.35,22.83,330300,22.83
2011-01-28,21.75,23.35,21.38,23.30,251500,23.30
2011-01-27,21.96,22.20,21.47,21.72,145000,21.72
2011-01-26,22.90,23.12,21.69,21.95,305800,21.95
2011-01-25,23.55,23.85,23.02,23.04,158100,23.04
2011-01-24,23.68,23.72,22.88,23.12,222100,23.12
2011-01-21,22.78,23.73,22.73,23.64,274000,23.64
2011-01-20,22.87,23.53,22.56,23.19,360800,23.19
2011-01-19,20.89,22.63,20.85,22.50,229400,22.50
2011-01-18,21.13,21.47,20.89,20.89,74600,20.89
2011-01-14,21.48,21.62,20.88,20.99,190900,20.99
2011-01-13,21.43,21.72,21.17,21.50,156900,21.50
2011-01-12,21.44,21.80,21.31,21.46,266000,21.46
2011-01-11,21.90,22.29,21.66,22.01,171200,22.01
2011-01-10,22.86,23.39,22.00,22.25,197100,22.25
2011-01-07,22.04,23.51,21.91,22.59,443500,22.59
2011-01-06,21.89,22.52,21.80,22.27,230700,22.27
2011-01-05,22.82,23.03,21.95,22.00,238700,22.00
2011-01-04,21.63,23.46,21.60,22.73,331300,22.73
2011-01-03,22.37,22.51,21.46,21.82,366800,21.82
2010-12-31,22.67,23.09,22.49,23.03,198900,23.03
2010-12-30,22.54,22.55,22.25,22.55,76500,22.55
2010-12-29,22.49,22.55,22.36,22.48,64200,22.48
2010-12-28,22.27,22.78,22.27,22.60,49300,22.60
2010-12-27,22.84,22.97,22.31,22.41,48900,22.41
2010-12-23,22.45,22.68,22.29,22.62,53000,22.62
2010-12-22,22.38,22.60,22.28,22.54,80100,22.54
2010-12-21,23.03,23.05,22.46,22.58,91400,22.58
2010-12-20,23.44,23.59,22.90,23.32,145500,23.32
2010-12-17,23.77,24.27,23.48,23.62,88200,23.62
2010-12-16,24.36,24.66,23.67,23.82,105200,23.82
2010-12-15,24.34,24.65,23.60,24.56,211200,24.56
2010-12-14,23.89,24.41,23.89,24.28,171500,24.28
2010-12-13,23.64,24.24,23.50,24.23,101000,24.23
2010-12-10,24.58,24.82,23.73,23.92,158500,23.92
2010-12-09,24.70,25.12,24.59,24.81,111100,24.81
2010-12-08,24.90,25.25,24.70,25.09,128400,25.09
2010-12-07,24.51,25.17,24.41,25.06,201700,25.06
2010-12-06,26.01,26.11,25.27,25.48,95100,25.48
2010-12-03,26.84,26.94,25.73,25.94,233900,25.94
2010-12-02,27.31,27.33,26.40,26.54,151600,26.54
2010-12-01,27.70,27.72,27.17,27.38,148200,27.38
2010-11-30,29.66,30.00,28.78,29.36,200800,29.36
2010-11-29,29.07,30.20,28.48,28.74,282700,28.74
2010-11-26,28.70,28.92,28.26,28.66,71800,28.66
2010-11-24,29.48,29.48,28.22,28.22,150800,28.22
2010-11-23,30.56,31.02,30.14,30.25,285500,30.25
2010-11-22,30.23,30.68,29.22,29.42,163600,29.42
2010-11-19,30.48,31.00,29.70,29.87,176100,29.87
2010-11-18,30.89,30.89,29.71,30.17,315900,30.17
2010-11-17,32.15,32.51,31.83,32.03,119900,32.03
2010-11-16,31.34,32.95,31.15,32.27,723900,32.27
2010-11-15,30.08,30.68,29.55,30.58,149200,30.58
2010-11-12,30.01,30.73,29.41,30.60,161000,30.60
2010-11-11,29.78,30.05,28.82,29.16,142700,29.16
2010-11-10,29.71,30.56,28.84,28.84,182700,28.84
2010-11-09,28.46,30.25,28.29,29.84,150200,29.84
2010-11-08,28.84,29.32,28.46,28.66,76100,28.66
2010-11-05,29.01,29.15,28.35,28.63,159500,28.63
2010-11-04,29.83,30.09,29.09,29.12,253900,29.12
2010-11-03,31.80,32.79,31.44,31.51,510600,31.51
2010-11-02,32.75,33.31,31.84,31.90,205400,31.90
2010-11-01,32.75,34.69,32.12,34.00,168200,34.00
2010-10-29,33.90,33.90,32.84,33.31,80100,33.31
2010-10-28,32.29,34.09,32.20,33.56,138400,33.56
2010-10-27,33.50,34.38,32.95,33.10,211200,33.10
2010-10-26,33.28,33.76,32.16,32.87,209600,32.87
2010-10-25,32.59,32.92,31.62,32.78,267700,32.78
2010-10-22,33.76,34.09,33.27,33.34,70100,33.34
2010-10-21,33.01,35.24,32.29,33.97,212000,33.97
2010-10-20,34.08,34.39,32.90,33.54,125100,33.54
2010-10-19,33.91,35.35,32.90,34.57,245200,34.57
2010-10-18,33.18,33.55,32.50,32.50,83800,32.50
2010-10-15,32.29,34.06,32.22,33.59,130900,33.59
2010-10-14,33.10,34.10,32.66,33.26,178900,33.26
2010-10-13,34.04,34.36,32.33,33.12,202500,33.12
2010-10-12,35.29,36.42,34.33,34.74,147400,34.74
2010-10-11,34.99,35.30,34.29,34.99,96500,34.99
2010-10-08,36.39,36.92,34.57,35.11,128400,35.11
2010-10-07,35.57,37.20,35.49,36.48,175900,36.48
2010-10-06,35.96,36.82,35.56,36.17,196400,36.17
2010-10-05,37.92,38.70,35.62,36.00,299600,36.00
2010-10-04,37.95,40.02,37.34,39.27,208600,39.27
2010-10-01,37.25,38.70,37.13,37.71,167900,37.71
2010-09-30,37.22,39.24,36.59,38.42,220200,38.42
2010-09-29,38.62,38.96,37.60,37.96,150200,37.96
2010-09-28,39.28,41.50,38.16,38.57,193400,38.57
2010-09-27,39.37,40.15,39.00,39.58,115600,39.58
2010-09-24,41.67,41.96,39.24,39.35,226200,39.35
2010-09-23,43.11,44.05,41.18,43.46,245000,43.46
2010-09-22,40.99,42.95,40.16,41.97,198300,41.97
2010-09-21,39.87,40.75,39.20,40.61,153400,40.61
2010-09-20,43.22,44.00,39.66,39.94,248600,39.94
2010-09-17,43.18,45.45,43.00,43.58,285000,43.58
2010-09-16,43.70,45.24,43.26,44.14,148400,44.14
2010-09-15,44.46,45.42,43.02,43.45,166900,43.45
2010-09-14,43.90,44.52,42.87,44.05,175400,44.05
2010-09-13,45.33,45.58,43.13,43.67,182000,43.67
2010-09-10,46.86,47.79,46.14,46.99,278300,46.99
2010-09-09,45.32,48.50,45.24,47.45,139000,47.45
2010-09-08,48.09,48.09,46.38,47.52,128100,47.52
2010-09-07,46.36,48.85,46.29,48.41,271400,48.41
2010-09-03,46.23,47.51,45.44,45.96,210200,45.96
2010-09-02,50.20,50.66,48.05,48.42,203900,48.42
2010-09-01,53.80,54.25,50.05,50.08,439200,50.08
2010-08-31,56.92,58.10,54.72,56.50,313600,56.50
2010-08-30,53.74,56.42,52.90,56.28,217400,56.28
2010-08-27,55.46,58.90,52.53,52.83,287200,52.83
2010-08-26,55.62,58.10,54.27,57.58,150500,57.58
2010-08-25,60.44,61.00,55.88,56.29,178400,56.29
2010-08-24,59.61,61.29,57.00,58.83,259300,58.83
2010-08-23,53.60,57.06,52.75,56.85,157500,56.85
2010-08-20,55.62,57.46,54.66,54.85,158200,54.85
2010-08-19,51.28,55.21,51.01,54.80,248100,54.80
2010-08-18,51.54,52.87,49.29,50.77,128500,50.77
2010-08-17,52.17,53.16,49.95,51.34,192700,51.34
2010-08-16,56.49,57.20,53.03,54.06,159400,54.06
2010-08-13,54.25,55.63,53.83,55.39,154100,55.39
2010-08-12,55.96,56.15,52.58,53.43,203800,53.43
2010-08-11,50.14,53.16,50.04,52.55,214000,52.55
2010-08-10,46.08,48.20,45.67,47.06,251100,47.06
2010-08-09,45.32,46.22,44.27,44.77,104100,44.77
2010-08-06,47.68,48.93,45.84,46.25,264500,46.25
2010-08-05,45.20,45.57,44.17,45.28,163400,45.28
2010-08-04,44.46,45.17,43.61,44.01,203800,44.01
2010-08-03,44.76,46.36,43.62,45.17,179100,45.17
2010-08-02,44.26,45.45,43.50,44.48,263900,44.48
2010-07-30,48.78,49.33,45.56,46.62,303500,46.62
2010-07-29,45.32,49.03,44.75,46.82,252400,46.82
2010-07-28,44.53,47.25,44.00,46.56,205900,46.56
2010-07-27,42.81,44.83,42.16,44.42,250900,44.42
2010-07-26,46.55,47.23,43.80,43.88,175600,43.88
2010-07-23,51.68,51.99,46.84,47.10,225400,47.10
2010-07-22,54.45,54.45,50.30,50.92,244000,50.92
2010-07-21,52.76,57.30,52.52,56.89,314400,56.89
2010-07-20,59.44,60.15,53.84,54.15,289400,54.15
2010-07-19,57.20,60.34,56.61,57.09,224700,57.09
2010-07-16,53.26,58.20,53.04,57.69,313500,57.69
2010-07-15,50.39,53.90,50.39,52.06,314700,52.06
2010-07-14,50.60,51.80,49.73,50.70,180100,50.70
2010-07-13,53.11,53.83,49.56,50.29,261200,50.29
2010-07-12,54.12,57.03,53.12,55.36,153600,55.36
2010-07-09,56.30,56.68,53.72,53.72,148100,53.72
2010-07-08,56.92,59.02,55.98,56.37,203800,56.37
2010-07-07,65.18,65.35,58.76,59.00,247700,59.00
2010-07-06,60.02,66.89,58.54,65.83,412300,65.83
2010-07-02,60.60,64.57,60.11,63.40,297200,63.40
2010-07-01,59.97,65.95,59.33,61.41,491000,61.41
2010-06-30,58.66,60.57,55.84,60.13,332600,60.13
2010-06-29,54.81,59.20,54.78,58.21,347600,58.21
2010-06-28,51.48,53.00,49.88,52.14,106800,52.14
2010-06-25,53.59,54.96,50.66,51.41,208900,51.41
2010-06-24,52.98,54.47,51.78,54.16,251600,54.16
2010-06-23,51.62,53.43,50.06,51.72,320400,51.72
2010-06-22,47.71,51.45,46.17,51.24,154800,51.24
2010-06-21,44.55,49.11,44.35,48.23,118900,48.23
2010-06-18,46.58,47.60,45.71,46.90,122900,46.90
2010-06-17,46.22,48.57,46.15,46.96,164400,46.96
2010-06-16,47.72,48.00,45.70,47.04,133700,47.04
2010-06-15,49.09,49.55,46.11,46.71,159500,46.71
2010-06-14,49.32,50.68,47.57,50.36,225400,50.36
2010-06-11,55.47,55.59,51.09,51.12,401600,51.12
2010-06-10,56.31,57.08,53.41,53.43,359300,53.43
2010-06-09,58.32,60.65,55.36,59.59,362600,59.59
2010-06-08,59.13,63.17,57.74,59.88,464300,59.88
2010-06-07,54.53,59.78,53.94,59.62,221600,59.62
2010-06-04,52.13,55.81,50.81,55.36,423100,55.36
2010-06-03,49.72,50.47,47.82,48.23,274500,48.23
2010-06-02,53.70,55.29,50.02,50.13,183600,50.13
2010-06-01,51.89,54.95,49.80,54.83,240400,54.83
2010-05-28,48.83,51.03,48.35,50.23,172700,50.23
2010-05-27,51.40,52.64,48.38,48.46,276100,48.46
2010-05-26,55.30,56.45,51.47,55.69,203300,55.69
2010-05-25,59.71,62.52,56.02,56.08,424300,56.08
2010-05-24,55.21,56.16,53.05,55.90,205700,55.90
2010-05-21,59.26,59.84,52.42,53.71,412000,53.71
2010-05-20,52.81,56.47,52.11,56.36,359000,56.36
2010-05-19,47.95,50.81,46.40,48.90,222400,48.90
2010-05-18,42.85,47.66,42.58,47.07,288900,47.07
2010-05-17,44.04,48.40,42.96,44.68,205500,44.68
2010-05-14,43.37,46.58,43.26,45.02,277300,45.02
2010-05-13,41.60,43.06,40.51,42.51,225000,42.51
2010-05-12,44.74,44.84,41.20,41.31,306400,41.31
2010-05-11,48.20,48.42,43.42,45.49,213200,45.49
2010-05-10,47.69,49.20,46.43,46.44,208300,46.44
2010-05-07,52.87,57.52,50.71,55.80,308400,55.80
2010-05-06,47.24,70.51,32.80,51.43,427100,51.43
2010-05-05,45.39,47.15,44.35,46.28,426000,46.28
2010-05-04,42.30,44.99,42.29,44.32,303800,44.32
2010-05-03,42.59,42.61,40.46,40.53,254300,40.53
2010-04-30,39.86,43.44,39.85,43.44,149700,43.44
2010-04-29,41.65,42.26,39.90,39.91,154300,39.91
2010-04-28,42.01,43.09,41.81,42.64,213700,42.64
2010-04-27,40.56,43.05,39.50,42.84,295900,42.84
2010-04-26,39.54,40.10,38.92,40.10,123800,40.10
2010-04-23,40.77,41.37,39.55,39.60,172900,39.60
2010-04-22,43.65,44.21,40.74,40.91,197400,40.91
2010-04-21,43.23,43.39,42.08,42.32,105700,42.32
2010-04-20,44.28,44.81,43.15,43.17,190000,43.17
2010-04-19,45.22,46.89,43.96,45.07,279000,45.07
2010-04-16,43.07,45.27,42.70,44.39,218700,44.39
2010-04-15,43.10,43.26,42.45,42.72,98700,42.72
2010-04-14,45.20,45.24,43.12,43.15,73800,43.15
2010-04-13,46.64,47.43,45.98,46.10,65700,46.10
2010-04-12,46.91,47.19,46.20,46.59,40600,46.59
2010-04-09,47.61,48.22,47.01,47.05,59200,47.05
2010-04-08,48.24,49.19,47.22,47.67,50300,47.67
2010-04-07,47.39,48.53,46.94,47.69,175000,47.69
2010-04-06,48.56,48.77,46.94,47.30,124000,47.30
2010-04-05,50.56,50.92,48.12,48.16,110100,48.16
2010-04-01,51.20,52.51,50.46,51.12,146500,51.12
2010-03-31,51.79,52.50,50.25,52.42,125200,52.42
2010-03-30,51.28,52.21,50.44,51.34,52900,51.34
2010-03-29,51.83,52.44,51.38,51.58,18800,51.58
2010-03-26,51.58,53.04,50.91,52.46,124700,52.46
2010-03-25,50.17,52.56,49.08,52.50,184000,52.50
2010-03-24,50.40,51.47,50.09,51.46,139300,51.46
2010-03-23,51.58,52.16,49.75,49.84,124200,49.84
2010-03-22,55.21,55.52,51.59,51.81,172100,51.81
2010-03-19,52.36,54.53,52.36,54.08,101300,54.08
2010-03-18,51.64,52.33,50.98,52.06,60800,52.06
2010-03-17,52.12,52.12,50.73,51.59,82100,51.59
2010-03-16,53.19,54.12,52.55,52.55,60400,52.55
2010-03-15,53.84,55.05,53.35,53.88,72300,53.88
2010-03-12,53.06,54.48,53.06,53.40,90900,53.40
2010-03-11,54.70,55.25,53.16,53.32,493900,53.32
2010-03-10,54.80,54.80,53.05,53.85,167700,53.85
2010-03-09,56.31,56.31,54.06,55.31,78900,55.31
2010-03-08,56.24,56.24,55.45,55.76,37600,55.76
2010-03-05,58.75,58.94,55.97,56.28,52500,56.28
2010-03-04,59.95,60.99,59.71,59.84,24100,59.84
2010-03-03,60.57,61.32,59.40,60.69,34100,60.69
2010-03-02,62.19,62.30,60.50,61.39,51200,61.39
2010-03-01,65.79,65.79,62.75,62.95,124800,62.95
2010-02-26,66.53,68.50,66.33,67.38,93500,67.38
2010-02-25,69.48,69.94,66.65,66.94,43300,66.94
2010-02-24,67.87,68.10,65.84,67.37,39500,67.37
2010-02-23,66.59,69.11,66.44,68.61,44400,68.61
2010-02-22,65.58,66.79,65.58,65.91,8100,65.91
2010-02-19,68.00,68.12,66.18,66.79,13300,66.79
2010-02-18,69.05,69.12,67.10,67.10,17800,67.10
2010-02-17,69.01,70.08,68.95,68.95,12800,68.95
2010-02-16,72.53,73.61,70.17,70.17,4800,70.17
2010-02-12,78.22,78.52,76.39,76.39,13200,76.39
2010-02-11,81.52,81.54,76.68,76.77,16900,76.77
