Date,Open,High,Low,Close,Volume,Adj Close
2012-05-04,12.23,12.23,11.86,12.04,46500,12.04
2012-05-03,12.57,12.57,12.18,12.18,25000,12.18
2012-05-02,12.25,12.39,12.25,12.38,105000,12.38
2012-05-01,12.73,12.77,12.21,12.32,91200,12.32
2012-04-30,13.34,13.34,12.70,12.75,47000,12.75
2012-04-27,13.15,13.46,13.02,13.33,57100,13.33
2012-04-26,12.42,13.27,12.42,13.21,64100,13.21
2012-04-25,12.46,12.62,12.35,12.62,18900,12.62
2012-04-24,12.30,12.49,12.30,12.33,27400,12.33
2012-04-23,12.27,12.78,12.14,12.30,41900,12.30
2012-04-20,12.29,12.53,12.29,12.44,16400,12.44
2012-04-19,12.34,12.42,12.15,12.20,52800,12.20
2012-04-18,12.53,12.60,12.26,12.32,9400,12.32
2012-04-17,12.60,12.74,12.49,12.57,73800,12.57
2012-04-16,12.66,12.88,12.47,12.51,12600,12.51
2012-04-13,12.60,12.63,12.50,12.62,54000,12.62
2012-04-12,12.75,13.09,12.60,12.60,50900,12.60
2012-04-11,12.94,12.94,12.65,12.77,16600,12.77
2012-04-10,13.01,13.18,12.70,12.74,40400,12.74
2012-04-09,12.14,13.15,12.02,13.09,57800,13.09
2012-04-05,12.20,12.30,12.13,12.25,74900,12.25
2012-04-04,12.49,12.49,12.02,12.10,40300,12.10
2012-04-03,12.74,12.74,12.50,12.50,53100,12.50
2012-04-02,12.52,12.79,12.52,12.73,40800,12.73
2012-03-30,12.47,12.56,12.33,12.53,77500,12.53
2012-03-29,12.36,12.55,12.32,12.37,127100,12.37
2012-03-28,12.86,12.86,12.30,12.40,41800,12.40
2012-03-27,13.00,13.02,12.70,12.80,175400,12.80
2012-03-26,13.52,13.80,12.75,12.79,56600,12.79
2012-03-23,13.16,13.40,13.16,13.33,54500,13.33
2012-03-22,13.01,13.28,13.01,13.12,133300,13.12
2012-03-21,13.44,13.57,13.01,13.14,63800,13.14
2012-03-20,13.77,13.87,13.46,13.50,128700,13.50
2012-03-19,13.57,14.05,13.57,13.92,169200,13.92
2012-03-16,13.84,14.03,13.54,13.62,233100,13.62
2012-03-15,13.84,13.99,13.60,13.79,75000,13.79
2012-03-14,13.92,14.04,13.64,13.86,107500,13.86
2012-03-13,14.34,14.43,13.80,14.03,285200,14.03
2012-03-12,14.53,14.61,14.07,14.32,124100,14.32
2012-03-09,15.15,15.16,14.18,14.27,53100,14.27
2012-03-08,14.80,15.18,14.20,15.00,49500,15.00
2012-03-07,14.75,15.00,14.50,14.82,78400,14.82
2012-03-06,14.83,15.26,14.72,14.73,131900,14.73
2012-03-05,15.72,15.80,15.04,15.14,29300,15.14
2012-03-02,15.53,16.02,15.53,15.95,43900,15.95
2012-03-01,15.62,15.94,15.50,15.62,36000,15.62
2012-02-29,16.00,16.15,15.23,15.36,47000,15.36
2012-02-28,15.85,16.10,15.80,16.07,61500,16.07
2012-02-27,15.84,16.14,15.80,15.90,49400,15.90
2012-02-24,15.98,16.15,15.84,15.93,47600,15.93
2012-02-23,16.09,16.09,15.80,15.92,63500,15.92
2012-02-22,16.07,16.09,15.94,16.08,21100,16.08
2012-02-21,15.85,16.13,15.23,15.94,89600,15.94
2012-02-17,16.00,16.09,15.79,15.86,8800,15.86
2012-02-16,15.97,16.09,15.64,15.97,47300,15.97
2012-02-15,15.81,16.26,15.74,16.00,52100,16.00
2012-02-14,15.58,15.78,15.39,15.69,181800,15.69
2012-02-13,15.57,15.92,15.53,15.60,50300,15.60
2012-02-10,15.86,16.11,15.25,15.52,78300,15.52
2012-02-09,15.96,16.32,15.75,16.17,76300,16.17
2012-02-08,15.44,15.99,15.35,15.87,93100,15.87
2012-02-07,15.28,15.73,15.00,15.41,36200,15.41
2012-02-06,15.96,16.00,15.33,15.43,112100,15.43
2012-02-03,15.02,16.44,14.72,16.25,119800,16.25
2012-02-02,14.00,15.01,14.00,14.86,228500,14.86
2012-02-01,14.64,14.69,13.92,14.01,63000,14.01
2012-01-31,14.54,14.83,14.13,14.70,34500,14.70
2012-01-30,14.82,14.82,14.33,14.37,26300,14.37
2012-01-27,14.05,15.01,13.96,14.97,192100,14.97
2012-01-26,13.64,14.65,13.50,14.06,116300,14.06
2012-01-25,13.13,13.48,13.10,13.48,45300,13.48
2012-01-24,13.13,13.16,12.98,13.09,8000,13.09
2012-01-23,13.15,13.36,13.04,13.17,10000,13.17
2012-01-20,13.22,13.59,12.99,13.06,65600,13.06
2012-01-19,13.14,13.30,12.79,13.08,43400,13.08
2012-01-18,13.18,13.27,12.90,13.01,29100,13.01
2012-01-17,13.24,13.52,12.98,13.22,98200,13.22
2012-01-13,13.10,13.24,13.01,13.03,17000,13.03
2012-01-12,12.96,13.35,12.78,13.30,28400,13.30
2012-01-11,12.95,13.09,12.70,13.01,26700,13.01
2012-01-10,12.64,13.29,12.64,12.92,41000,12.92
2012-01-09,12.17,12.44,12.09,12.44,28500,12.44
2012-01-06,12.21,12.49,12.00,12.03,47700,12.03
2012-01-05,11.49,12.27,11.44,12.16,48400,12.16
2012-01-04,11.61,11.72,11.25,11.50,28500,11.50
2012-01-03,11.36,11.77,11.15,11.74,75300,11.74
2011-12-30,11.23,11.30,11.12,11.15,22500,11.15
2011-12-29,11.56,11.70,10.88,11.25,91600,11.25
2011-12-28,11.41,11.58,11.30,11.46,37600,11.46
2011-12-27,11.29,11.62,11.28,11.49,87400,11.49
2011-12-23,11.61,11.96,11.18,11.27,52500,11.27
2011-12-22,11.03,11.67,11.03,11.55,37700,11.55
2011-12-21,11.30,11.30,10.91,11.03,22000,11.03
2011-12-20,11.44,11.48,11.06,11.36,32600,11.36
2011-12-19,11.64,11.92,11.19,11.22,27400,11.22
2011-12-16,11.00,11.82,11.00,11.57,314200,11.57
2011-12-15,12.07,12.07,11.01,11.05,56400,11.05
2011-12-14,12.25,12.48,11.91,11.97,77200,11.97
2011-12-13,13.23,13.23,12.14,12.21,35100,12.21
2011-12-12,13.56,13.61,13.22,13.34,28400,13.34
2011-12-09,14.06,14.34,13.68,13.80,21600,13.80
2011-12-08,13.76,14.03,13.68,13.97,31500,13.97
2011-12-07,13.91,14.01,13.84,13.99,18900,13.99
2011-12-06,14.43,14.43,13.66,14.01,57300,14.01
2011-12-05,13.83,14.58,13.79,14.52,83600,14.52
2011-12-02,14.11,14.25,13.59,13.75,35100,13.75
2011-12-01,13.90,14.64,13.85,13.89,129700,13.89
2011-11-30,13.35,14.11,13.27,13.88,208000,13.88
2011-11-29,12.94,13.17,12.74,12.76,47400,12.76
2011-11-28,12.85,12.90,12.34,12.85,267800,12.85
2011-11-25,12.30,12.45,12.26,12.42,21400,12.42
2011-11-23,12.47,12.71,12.38,12.45,431400,12.45
2011-11-22,12.60,13.09,12.40,12.50,165600,12.50
2011-11-21,13.25,13.29,12.49,12.57,67800,12.57
2011-11-18,13.98,14.00,13.34,13.50,22500,13.50
2011-11-17,14.44,14.62,13.59,13.85,56800,13.85
2011-11-16,14.66,14.88,14.41,14.44,474900,14.44
2011-11-15,14.31,14.57,14.18,14.56,61200,14.56
2011-11-14,14.44,14.65,14.29,14.40,43100,14.40
2011-11-11,14.22,14.76,14.07,14.50,243700,14.50
2011-11-10,15.28,15.28,13.05,13.99,406500,13.99
2011-11-09,15.58,15.72,15.28,15.30,48900,15.30
2011-11-08,15.96,16.46,15.68,15.94,73100,15.94
2011-11-07,16.54,16.82,15.90,16.00,44900,16.00
2011-11-04,16.62,17.15,16.55,16.73,113600,16.73
2011-11-03,17.50,17.50,16.69,16.85,116500,16.85
2011-11-02,16.16,17.49,16.16,17.42,63600,17.42
2011-11-01,16.10,16.34,15.87,16.00,128600,16.00
2011-10-31,16.60,16.75,16.18,16.51,65400,16.51
2011-10-28,16.63,17.00,16.51,16.83,38100,16.83
2011-10-27,15.40,17.04,15.39,16.80,223300,16.80
2011-10-26,14.58,15.40,14.42,15.02,74000,15.02
2011-10-25,14.67,14.90,14.41,14.41,51100,14.41
2011-10-24,14.61,15.12,14.29,14.99,60600,14.99
2011-10-21,14.28,14.59,14.15,14.50,44700,14.50
2011-10-20,14.10,14.20,13.91,14.00,31200,14.00
2011-10-19,14.29,14.42,14.09,14.17,44700,14.17
2011-10-18,14.50,14.50,14.07,14.29,48800,14.29
2011-10-17,14.80,15.03,14.50,14.51,58300,14.51
2011-10-14,15.40,15.42,14.75,14.90,27000,14.90
2011-10-13,14.41,15.30,14.23,15.14,98600,15.14
2011-10-12,14.50,14.69,14.34,14.54,86500,14.54
2011-10-11,14.42,14.50,13.91,14.40,265000,14.40
2011-10-10,14.32,14.77,14.07,14.51,109400,14.51
2011-10-07,14.05,14.26,13.92,14.05,139000,14.05
2011-10-06,12.72,14.09,12.62,13.89,408700,13.89
2011-10-05,12.79,13.22,12.58,12.68,161400,12.68
2011-10-04,12.07,12.73,12.02,12.69,262500,12.69
2011-10-03,12.63,12.87,12.03,12.32,222400,12.32
2011-09-30,13.20,13.66,12.37,12.66,358900,12.66
2011-09-29,13.88,14.50,13.49,13.58,224300,13.58
2011-09-28,15.91,16.01,13.06,13.51,435000,13.51
2011-09-27,15.57,15.95,15.54,15.89,218100,15.89
2011-09-26,15.94,15.94,14.99,15.30,85500,15.30
2011-09-23,16.24,16.75,15.09,15.93,241700,15.93
2011-09-22,16.64,16.90,15.95,16.20,224200,16.20
2011-09-21,17.06,17.28,16.83,17.13,88800,17.13
2011-09-20,17.08,17.33,16.96,16.97,38500,16.97
2011-09-19,17.01,17.49,16.93,17.02,154100,17.02
2011-09-16,17.42,17.66,17.36,17.49,65500,17.49
2011-09-15,17.99,17.99,17.13,17.47,94400,17.47
2011-09-14,17.59,17.59,17.30,17.51,42500,17.51
2011-09-13,17.44,17.61,17.18,17.33,33500,17.33
2011-09-12,17.06,17.41,17.00,17.33,59700,17.33
2011-09-09,17.33,17.54,17.18,17.28,241200,17.28
2011-09-08,17.74,17.89,17.34,17.50,25500,17.50
2011-09-07,17.27,17.82,16.87,17.78,207700,17.78
2011-09-06,17.85,17.99,16.78,16.78,58200,16.78
2011-09-02,18.14,18.66,18.14,18.34,46700,18.34
2011-09-01,18.68,18.79,18.36,18.50,24600,18.50
2011-08-31,18.68,18.99,18.39,18.78,72900,18.78
2011-08-30,19.32,19.32,18.33,18.62,67700,18.62
2011-08-29,19.07,19.74,18.81,19.57,40900,19.57
2011-08-26,18.61,18.83,18.46,18.71,31000,18.71
2011-08-25,18.96,18.98,18.53,18.73,39700,18.73
2011-08-24,19.47,19.47,18.53,18.84,34900,18.84
2011-08-23,18.70,19.41,18.70,19.41,50400,19.41
2011-08-22,19.99,20.02,18.58,18.69,31300,18.69
2011-08-19,18.45,19.48,18.24,19.08,81400,19.08
2011-08-18,19.01,19.26,18.32,18.64,117300,18.64
2011-08-17,18.95,20.29,18.80,19.48,123300,19.48
2011-08-16,18.65,19.79,18.24,18.26,153300,18.26
2011-08-15,18.00,18.80,17.87,18.77,155600,18.77
2011-08-12,18.65,19.00,18.00,18.14,108600,18.14
2011-08-11,17.55,18.51,17.51,18.48,67300,18.48
2011-08-10,17.56,18.00,17.21,17.37,90000,17.37
2011-08-09,17.12,18.04,17.06,18.04,146300,18.04
2011-08-08,18.07,18.07,16.64,16.75,137900,16.75
2011-08-05,18.88,19.26,17.71,18.55,64200,18.55
2011-08-04,19.40,19.71,18.57,18.62,79300,18.62
2011-08-03,20.26,20.27,19.57,19.86,56400,19.86
2011-08-02,21.72,21.97,20.06,20.20,130400,20.20
2011-08-01,22.00,22.50,21.89,21.98,82200,21.98
2011-07-29,21.06,22.00,20.76,21.96,84100,21.96
2011-07-28,21.39,21.58,21.09,21.30,18900,21.30
2011-07-27,22.00,22.05,21.36,21.43,25500,21.43
2011-07-26,21.91,22.19,21.85,22.08,40500,22.08
2011-07-25,21.37,21.97,21.05,21.83,27400,21.83
2011-07-22,21.36,21.93,21.34,21.73,65600,21.73
2011-07-21,20.50,21.50,20.40,21.47,36500,21.47
2011-07-20,20.82,21.02,20.32,20.49,156600,20.49
2011-07-19,21.17,21.66,20.52,20.67,205800,20.67
2011-07-18,21.58,21.77,20.95,20.98,165800,20.98
2011-07-15,21.58,22.12,21.24,21.84,150800,21.84
2011-07-14,22.30,22.30,21.15,21.31,206300,21.31
2011-07-13,21.20,22.56,21.13,22.53,167100,22.53
2011-07-12,20.87,21.29,20.71,21.00,216600,21.00
2011-07-11,20.96,21.26,20.90,20.98,133200,20.98
2011-07-08,20.99,21.30,20.97,21.27,73000,21.27
2011-07-07,20.97,21.29,20.97,21.20,89900,21.20
2011-07-06,20.22,20.76,20.04,20.76,91500,20.76
2011-07-05,20.04,20.52,19.78,20.29,109200,20.29
2011-07-01,19.35,20.24,19.28,20.00,95500,20.00
2011-06-30,19.12,19.37,19.10,19.33,37100,19.33
2011-06-29,19.89,19.89,18.93,19.00,176800,19.00
2011-06-28,19.03,19.81,19.03,19.74,99100,19.74
2011-06-27,18.07,19.07,18.07,19.03,63100,19.03
2011-06-24,18.26,18.26,17.76,18.03,43400,18.03
2011-06-23,18.10,18.64,17.95,18.28,55300,18.28
2011-06-22,18.00,18.72,17.89,18.36,147100,18.36
2011-06-21,16.90,18.12,16.73,18.02,100700,18.02
2011-06-20,16.97,16.97,16.52,16.65,116900,16.65
2011-06-17,17.14,17.19,16.70,16.88,55100,16.88
2011-06-16,17.10,17.25,16.70,16.91,201300,16.91
2011-06-15,17.14,17.21,16.88,17.00,165600,17.00
2011-06-14,16.74,17.38,16.50,17.28,161000,17.28
2011-06-13,16.60,16.67,16.17,16.18,77400,16.18
2011-06-10,16.75,16.91,16.05,16.47,224100,16.47
2011-06-09,17.46,17.46,16.81,16.95,143200,16.95
2011-06-08,17.75,18.06,17.10,17.28,249100,17.28
2011-06-07,18.30,18.30,17.10,17.52,348900,17.52
2011-06-06,18.50,19.13,17.84,17.95,83800,17.95
2011-06-03,18.80,18.80,18.18,18.50,116200,18.50
2011-06-02,19.74,19.85,19.02,19.17,73500,19.17
2011-06-01,19.92,19.99,19.64,19.68,128200,19.68
2011-05-31,19.96,19.98,19.40,19.91,352000,19.91
2011-05-27,19.10,19.65,19.07,19.51,97200,19.51
2011-05-26,19.00,19.28,18.85,18.92,241200,18.92
2011-05-25,18.71,19.05,18.30,18.99,177900,18.99
2011-05-24,19.42,19.42,18.50,18.60,98600,18.60
2011-05-23,19.18,19.61,19.18,19.34,118600,19.34
2011-05-20,19.78,19.78,19.21,19.45,217300,19.45
2011-05-19,19.99,19.99,19.31,19.77,66000,19.77
2011-05-18,19.58,19.96,19.35,19.89,61400,19.89
2011-05-17,19.72,19.98,19.53,19.58,125200,19.58
2011-05-16,20.38,20.40,19.72,19.78,212200,19.78
2011-05-13,20.79,21.07,20.27,20.29,90800,20.29
2011-05-12,21.22,22.96,20.50,20.81,165000,20.81
2011-05-11,22.84,22.84,20.41,21.42,154900,21.42
2011-05-10,22.59,22.80,22.24,22.80,100400,22.80
2011-05-09,22.90,22.95,22.40,22.43,54000,22.43
2011-05-06,22.48,22.98,22.43,22.90,62400,22.90
2011-05-05,21.47,22.20,21.41,22.02,40800,22.02
2011-05-04,22.29,22.39,21.25,21.63,67000,21.63
2011-05-03,22.85,22.92,21.81,22.26,74000,22.26
2011-05-02,22.98,22.98,22.80,22.96,107000,22.96
2011-04-29,23.00,23.00,22.94,22.98,172000,22.98
2011-04-28,22.29,23.03,22.11,22.96,217100,22.96
2011-04-27,21.79,22.39,21.54,22.26,54900,22.26
2011-04-26,22.28,22.28,21.65,21.68,27500,21.68
2011-04-25,22.52,22.75,22.13,22.20,54400,22.20
2011-04-21,22.00,22.66,21.72,22.65,25100,22.65
2011-04-20,22.33,22.47,21.45,21.75,25700,21.75
2011-04-19,22.07,22.15,21.81,22.06,35800,22.06
2011-04-18,22.00,22.15,21.47,22.00,98900,22.00
2011-04-15,22.12,22.42,21.79,21.98,88000,21.98
2011-04-14,22.30,22.34,21.88,22.27,24000,22.27
2011-04-13,21.89,22.68,21.82,22.44,108300,22.44
2011-04-12,22.31,22.31,20.81,21.70,82300,21.70
2011-04-11,22.91,23.29,22.36,22.50,217000,22.50
2011-04-08,23.00,23.06,22.58,22.96,91900,22.96
2011-04-07,22.98,23.00,22.76,22.96,76900,22.96
2011-04-06,22.62,22.98,22.53,22.97,126500,22.97
2011-04-05,22.20,22.73,21.86,22.63,64200,22.63
2011-04-04,21.99,22.28,21.55,22.24,336000,22.24
2011-04-01,20.26,21.89,19.97,21.83,397600,21.83
2011-03-31,20.20,20.35,20.02,20.28,75200,20.28
2011-03-30,20.13,20.40,19.99,20.34,37400,20.34
2011-03-29,20.10,20.12,19.96,20.09,41800,20.09
2011-03-28,19.99,20.20,19.77,20.03,75400,20.03
2011-03-25,20.26,20.67,19.90,20.04,112100,20.04
2011-03-24,20.25,20.32,19.80,20.26,92800,20.26
2011-03-23,19.68,20.44,19.68,20.25,51600,20.25
2011-03-22,20.21,20.50,19.62,19.87,150500,19.87
2011-03-21,19.80,20.13,19.40,20.08,83800,20.08
2011-03-18,19.66,19.66,19.33,19.47,73100,19.47
2011-03-17,19.41,19.50,19.12,19.36,94700,19.36
2011-03-16,19.08,19.15,18.70,19.00,313000,19.00
2011-03-15,18.89,19.29,18.47,19.08,222300,19.08
2011-03-14,19.80,19.99,19.49,19.49,171400,19.49
2011-03-11,19.38,20.00,19.38,19.86,190500,19.86
2011-03-10,18.93,20.20,18.93,19.82,420800,19.82
2011-03-09,21.95,21.95,18.86,19.22,1058800,19.22
2011-03-08,21.70,21.96,21.22,21.74,148300,21.74
2011-03-07,21.85,21.95,21.20,21.49,189500,21.49
2011-03-04,21.77,22.07,21.24,21.79,254000,21.79
2011-03-03,19.22,22.15,19.22,22.00,667900,22.00
2011-03-02,18.34,19.26,18.34,19.21,209000,19.21
2011-03-01,18.87,18.87,17.88,18.25,123200,18.25
2011-02-28,18.76,18.92,18.38,18.91,60500,18.91
2011-02-25,18.00,18.58,18.00,18.56,40500,18.56
2011-02-24,18.02,18.16,17.63,17.96,70500,17.96
2011-02-23,19.04,19.19,18.10,18.19,127900,18.19
2011-02-22,18.96,19.47,18.75,18.81,179500,18.81
2011-02-18,19.53,19.66,19.09,19.50,93500,19.50
2011-02-17,18.70,19.50,18.70,19.45,105200,19.45
2011-02-16,18.80,18.89,18.56,18.86,42400,18.86
2011-02-15,18.91,18.92,18.68,18.77,99600,18.77
2011-02-14,18.16,18.97,18.01,18.82,211600,18.82
2011-02-11,18.20,18.25,17.67,18.12,117400,18.12
2011-02-10,18.76,18.76,17.75,18.22,385400,18.22
2011-02-09,18.75,19.01,18.57,18.60,371600,18.60
2011-02-08,18.71,18.81,18.59,18.78,72200,18.78
2011-02-07,18.79,18.84,18.55,18.59,104200,18.59
2011-02-04,18.70,18.84,18.67,18.70,35200,18.70
2011-02-03,18.79,18.95,18.62,18.81,94400,18.81
2011-02-02,18.58,19.00,18.58,18.86,96000,18.86
2011-02-01,18.30,18.80,18.30,18.69,211100,18.69
2011-01-31,18.53,18.53,18.05,18.20,104300,18.20
2011-01-28,18.40,18.65,18.05,18.23,175900,18.23
2011-01-27,18.60,19.01,18.32,18.50,172900,18.50
2011-01-26,19.17,19.17,18.39,18.66,229500,18.66
2011-01-25,19.54,19.65,18.80,18.82,172600,18.82
2011-01-24,19.75,19.91,19.56,19.62,76200,19.62
2011-01-21,19.94,20.20,19.60,19.69,203500,19.69
2011-01-20,21.49,21.55,19.20,19.97,691600,19.97
2011-01-19,21.94,22.61,21.55,21.69,128400,21.69
2011-01-18,21.83,22.00,21.38,21.85,115300,21.85
2011-01-14,22.40,22.40,21.02,21.92,269700,21.92
2011-01-13,23.36,23.51,22.16,22.42,215200,22.42
2011-01-12,21.42,24.00,21.29,23.33,489300,23.33
2011-01-11,20.75,21.32,20.62,21.05,329900,21.05
2011-01-10,21.54,21.54,20.28,20.36,102800,20.36
2011-01-07,21.57,21.57,20.98,21.37,113300,21.37
2011-01-06,20.41,21.55,20.41,21.37,204800,21.37
2011-01-05,20.17,20.67,20.05,20.58,209600,20.58
2011-01-04,20.96,21.01,20.04,20.21,230600,20.21
2011-01-03,21.41,21.53,20.84,20.97,193300,20.97
2010-12-31,20.13,21.49,20.13,21.30,127300,21.30
2010-12-30,20.63,20.74,19.71,20.02,186600,20.02
2010-12-29,20.43,20.64,19.93,20.50,507900,20.50
2010-12-28,21.54,21.83,20.39,20.44,164000,20.44
2010-12-27,21.98,21.98,21.00,21.30,179500,21.30
2010-12-23,22.05,22.45,21.70,22.13,210600,22.13
2010-12-22,21.97,22.77,21.60,21.94,279500,21.94
2010-12-21,21.92,22.51,21.73,21.97,283900,21.97
2010-12-20,20.88,21.94,20.69,21.84,244300,21.84
2010-12-17,20.82,21.13,20.40,20.87,188800,20.87
2010-12-16,20.15,21.13,20.03,20.90,234900,20.90
2010-12-15,21.93,22.10,20.17,20.42,771400,20.42
2010-12-14,24.15,24.15,21.78,21.80,439200,21.80
2010-12-13,24.33,24.52,24.19,24.26,179200,24.26
2010-12-10,24.27,24.34,23.88,24.31,181200,24.31
2010-12-09,22.58,24.10,22.43,24.05,409800,24.05
2010-12-08,24.26,24.26,22.06,22.79,427100,22.79
2010-12-07,25.00,25.44,23.87,24.04,182200,24.04
2010-12-06,24.98,25.20,23.76,24.74,473800,24.74
2010-12-03,23.95,25.00,23.77,24.97,570900,24.97
2010-12-02,24.27,24.38,23.76,24.38,180000,24.38
2010-12-01,24.00,24.42,23.64,24.30,290300,24.30
2010-11-30,23.60,23.97,23.16,23.72,68500,23.72
2010-11-29,23.75,24.08,23.55,24.00,184600,24.00
2010-11-26,23.89,24.45,23.47,23.69,103200,23.69
2010-11-24,23.00,23.90,22.80,23.89,280400,23.89
2010-11-23,22.55,23.06,21.73,22.94,387800,22.94
2010-11-22,22.24,22.88,22.16,22.74,232500,22.74
2010-11-19,22.58,22.58,22.29,22.34,45900,22.34
2010-11-18,22.34,22.68,22.19,22.45,243600,22.45
2010-11-17,22.49,23.47,22.18,22.18,488200,22.18
2010-11-16,21.83,22.73,21.06,22.63,309800,22.63
2010-11-15,22.09,23.00,22.06,22.62,266100,22.62
2010-11-12,21.62,22.28,21.13,22.05,369200,22.05
2010-11-11,21.59,23.09,21.24,22.58,506900,22.58
2010-11-10,19.60,21.76,19.22,21.73,895200,21.73
2010-11-09,20.06,20.06,18.75,19.66,301800,19.66
2010-11-08,19.03,19.73,17.80,19.70,364000,19.70
2010-11-05,18.93,19.72,18.80,18.98,279300,18.98
2010-11-04,19.57,19.68,18.56,18.69,210200,18.69
2010-11-03,20.07,20.19,19.03,19.30,130400,19.30
2010-11-02,20.40,20.40,19.40,19.87,106700,19.87
2010-11-01,20.00,20.49,19.97,20.28,73900,20.28
2010-10-29,20.20,20.40,19.95,20.07,66100,20.07
2010-10-28,19.94,20.29,19.76,20.10,31500,20.10
2010-10-27,19.93,20.48,19.69,19.99,45000,19.99
2010-10-26,19.86,20.19,19.75,20.16,43700,20.16
2010-10-25,19.55,19.88,19.38,19.81,65400,19.81
2010-10-22,19.16,19.50,19.12,19.25,79200,19.25
2010-10-21,19.00,19.36,18.70,19.26,82000,19.26
2010-10-20,19.40,19.40,18.57,18.77,165800,18.77
2010-10-19,20.12,20.33,19.42,19.49,102900,19.49
2010-10-18,20.12,20.45,20.05,20.28,73400,20.28
2010-10-15,20.40,20.97,20.11,20.17,209300,20.17
2010-10-14,19.50,20.80,19.41,20.03,727500,20.03
2010-10-13,18.72,19.42,18.72,19.34,280400,19.34
2010-10-12,18.50,18.72,18.27,18.67,115900,18.67
2010-10-11,18.17,18.53,18.11,18.47,156300,18.47
2010-10-08,18.11,18.31,17.85,18.06,90300,18.06
2010-10-07,17.52,18.35,17.52,17.93,212600,17.93
2010-10-06,18.65,18.80,17.10,17.49,309200,17.49
2010-10-05,18.00,18.85,17.86,18.61,161900,18.61
2010-10-04,17.74,18.14,17.63,17.99,118300,17.99
2010-10-01,18.30,18.30,17.62,17.68,74800,17.68
2010-09-30,18.40,18.44,17.71,17.99,121800,17.99
2010-09-29,17.36,18.80,17.32,18.04,467400,18.04
2010-09-28,17.15,17.37,16.54,17.20,128900,17.20
2010-09-27,17.24,17.28,16.80,17.14,101200,17.14
2010-09-24,17.07,17.25,16.90,17.13,144200,17.13
2010-09-23,17.00,17.10,16.70,16.96,153300,16.96
2010-09-22,17.66,17.76,16.70,17.11,492300,17.11
2010-09-21,17.85,17.97,17.45,17.80,203700,17.80
2010-09-20,16.88,17.74,16.83,17.67,317700,17.67
2010-09-17,16.29,16.77,16.17,16.76,317500,16.76
2010-09-16,16.00,16.39,16.00,16.09,121000,16.09
2010-09-15,16.09,16.33,15.93,16.11,51900,16.11
2010-09-14,16.75,16.80,16.05,16.24,147500,16.24
2010-09-13,16.21,16.80,15.90,16.67,462500,16.67
2010-09-10,16.15,16.15,15.69,15.85,79700,15.85
2010-09-09,16.13,16.13,15.71,16.04,77000,16.04
2010-09-08,16.32,16.32,15.77,15.87,79300,15.87
2010-09-07,15.97,16.36,15.97,16.20,201000,16.20
2010-09-03,14.95,16.65,14.95,15.96,571700,15.96
2010-09-02,14.93,14.94,14.77,14.89,56000,14.89
2010-09-01,14.41,14.88,14.21,14.83,36200,14.83
2010-08-31,14.02,14.44,13.65,14.23,93600,14.23
2010-08-30,14.41,14.58,14.15,14.22,48300,14.22
2010-08-27,14.47,14.58,14.42,14.56,34300,14.56
2010-08-26,14.48,14.67,14.17,14.54,71300,14.54
2010-08-25,14.36,14.45,14.14,14.39,106800,14.39
2010-08-24,14.65,14.98,14.45,14.62,175900,14.62
2010-08-23,14.80,14.98,14.71,14.77,122900,14.77
2010-08-20,14.52,14.85,14.34,14.81,161300,14.81
2010-08-19,14.62,14.91,14.11,14.34,333300,14.34
2010-08-18,14.59,15.00,14.43,14.76,574600,14.76
2010-08-17,14.00,14.60,13.98,14.58,165800,14.58
2010-08-16,13.56,14.03,13.25,13.97,179300,13.97
2010-08-13,14.02,14.21,13.54,13.76,447100,13.76
2010-08-12,13.00,14.34,12.96,13.96,535400,13.96
2010-08-11,12.74,13.00,12.29,12.91,276900,12.91
2010-08-10,13.13,13.13,12.68,12.97,144500,12.97
2010-08-09,12.93,13.54,12.80,13.20,344900,13.20
2010-08-06,12.63,13.00,12.33,12.99,190900,12.99
2010-08-05,12.10,12.75,12.10,12.63,292100,12.63
2010-08-04,11.50,12.13,11.42,12.13,375300,12.13
2010-08-03,11.00,11.81,10.93,11.51,734300,11.51
2010-08-02,11.02,11.17,10.80,11.00,267100,11.00
2010-07-30,10.94,11.06,10.79,11.00,45100,11.00
2010-07-29,11.08,11.15,10.89,10.97,96100,10.97
2010-07-28,10.82,11.06,10.82,11.00,281800,11.00
2010-07-27,11.00,11.13,10.90,10.99,243600,10.99
2010-07-26,11.20,11.20,10.85,11.00,178100,11.00
2010-07-23,10.90,11.29,10.79,11.24,92900,11.24
2010-07-22,11.00,11.20,10.50,10.99,114200,10.99
2010-07-21,11.18,11.18,10.83,10.99,59100,10.99
2010-07-20,10.60,11.03,10.60,10.98,43700,10.98
2010-07-19,10.93,10.93,10.60,10.78,29900,10.78
2010-07-16,11.03,11.04,10.81,10.93,68700,10.93
2010-07-15,11.16,11.33,10.81,11.16,242700,11.16
2010-07-14,11.39,11.41,11.01,11.17,69300,11.17
2010-07-13,11.55,11.72,11.35,11.49,135300,11.49
2010-07-12,11.55,11.80,11.36,11.50,69100,11.50
2010-07-09,11.65,11.65,11.40,11.64,83200,11.64
2010-07-08,11.86,11.86,11.32,11.61,80600,11.61
2010-07-07,10.94,11.83,10.94,11.73,97100,11.73
2010-07-06,11.22,11.22,10.83,10.98,50400,10.98
2010-07-02,10.89,11.22,10.89,10.99,92100,10.99
2010-07-01,10.82,11.31,10.82,10.98,127600,10.98
2010-06-30,10.74,11.00,10.74,10.91,58700,10.91
2010-06-29,10.64,10.90,10.61,10.75,125100,10.75
2010-06-28,10.70,11.23,10.63,10.86,82200,10.86
2010-06-25,10.56,10.91,10.56,10.79,101800,10.79
2010-06-24,10.60,10.78,10.46,10.75,149300,10.75
2010-06-23,10.83,10.86,10.34,10.76,251200,10.76
2010-06-22,11.42,11.42,10.59,10.94,60100,10.94
2010-06-21,11.05,11.43,11.05,11.26,123000,11.26
2010-06-18,11.25,11.47,11.02,11.05,84900,11.05
2010-06-17,11.55,11.55,10.88,11.25,124600,11.25
2010-06-16,10.62,11.37,10.46,11.30,77000,11.30
2010-06-15,10.29,10.85,10.20,10.77,68000,10.77
2010-06-14,10.50,10.79,10.14,10.23,207500,10.23
2010-06-11,10.10,10.63,10.10,10.43,139000,10.43
2010-06-10,10.60,10.75,10.04,10.07,274300,10.07
2010-06-09,10.42,10.96,10.16,10.34,353800,10.34
2010-06-08,11.09,11.10,10.45,10.49,118400,10.49
2010-06-07,11.75,11.75,11.10,11.17,79400,11.17
2010-06-04,11.92,12.49,11.77,11.93,219200,11.93
2010-06-03,11.70,12.20,11.70,12.06,129600,12.06
2010-06-02,12.18,12.75,11.26,11.87,165900,11.87
2010-06-01,11.76,12.18,11.49,12.17,96500,12.17
2010-05-28,11.90,11.97,11.54,11.82,39800,11.82
2010-05-27,11.33,12.10,11.12,12.02,80600,12.02
2010-05-26,11.20,11.20,10.99,11.20,174700,11.20
2010-05-25,10.40,10.99,10.26,10.99,165300,10.99
2010-05-24,11.25,11.25,10.82,10.86,112100,10.86
2010-05-21,10.64,11.50,10.32,11.15,123300,11.15
2010-05-20,11.35,11.38,10.44,10.88,356400,10.88
2010-05-19,12.00,12.00,11.60,11.72,315400,11.72
2010-05-18,13.14,13.14,11.56,12.08,156900,12.08
2010-05-17,12.37,12.58,11.78,11.87,109200,11.87
2010-05-14,12.45,12.50,11.93,12.17,221300,12.17
2010-05-13,11.71,13.23,11.56,12.58,541500,12.58
2010-05-12,10.82,12.35,10.67,11.88,434300,11.88
2010-05-11,10.19,10.93,9.76,10.86,208000,10.86
2010-05-10,9.43,10.22,9.33,10.19,141400,10.19
2010-05-07,9.36,9.50,9.15,9.31,116900,9.31
2010-05-06,9.65,9.71,9.10,9.37,423500,9.37
2010-05-05,9.64,9.92,9.17,9.78,319300,9.78
2010-05-04,10.50,10.50,9.62,9.64,210800,9.64
2010-05-03,10.49,10.59,10.31,10.49,42500,10.49
2010-04-30,10.60,10.65,10.33,10.50,96500,10.50
2010-04-29,10.52,10.79,10.31,10.37,106700,10.37
2010-04-28,10.61,10.67,10.33,10.57,53600,10.57
2010-04-27,10.63,10.79,10.59,10.62,100200,10.62
2010-04-26,10.79,10.83,10.64,10.73,31200,10.73
2010-04-23,10.52,10.85,10.52,10.69,52100,10.69
2010-04-22,10.43,10.70,10.40,10.58,53700,10.58
2010-04-21,10.55,10.70,10.54,10.60,34200,10.60
2010-04-20,10.41,10.60,10.20,10.47,168800,10.47
2010-04-19,10.33,10.33,10.01,10.24,265500,10.24
2010-04-16,10.50,10.59,10.25,10.33,259900,10.33
2010-04-15,10.84,10.92,10.59,10.59,243400,10.59
2010-04-14,11.20,11.26,10.82,10.93,102600,10.93
2010-04-13,11.25,11.30,11.16,11.22,55300,11.22
2010-04-12,11.22,11.39,11.14,11.25,151700,11.25
2010-04-09,11.25,11.26,11.09,11.18,132300,11.18
2010-04-08,11.06,11.24,11.01,11.19,108100,11.19
2010-04-07,11.30,11.30,11.00,11.20,80500,11.20
2010-04-06,11.37,11.37,11.14,11.19,71600,11.19
2010-04-05,11.18,11.38,10.97,11.25,321700,11.25
2010-04-01,10.58,11.40,10.58,11.14,514300,11.14
2010-03-31,10.22,10.57,10.22,10.39,94100,10.39
2010-03-30,10.14,10.47,10.00,10.32,423400,10.32
2010-03-29,10.00,10.12,9.89,10.09,295300,10.09
2010-03-26,10.20,10.20,9.76,9.90,214600,9.90
2010-03-25,10.17,10.44,10.01,10.13,468700,10.13
2010-03-24,10.09,10.15,9.91,10.10,262900,10.10
2010-03-23,10.05,10.05,9.88,9.94,667000,9.94
2010-03-22,10.07,10.16,9.94,10.00,231700,10.00
2010-03-19,10.35,10.40,10.22,10.29,95500,10.29
2010-03-18,10.44,10.62,10.32,10.43,115300,10.43
2010-03-17,10.46,10.64,10.24,10.52,673100,10.52
2010-03-16,10.74,10.75,10.40,10.47,341700,10.47
2010-03-15,11.03,11.09,10.11,10.76,415700,10.76
2010-03-12,11.22,11.30,11.01,11.09,105000,11.09
2010-03-11,11.11,11.33,11.01,11.21,226200,11.21
2010-03-10,11.39,11.76,11.08,11.19,278900,11.19
2010-03-09,12.26,12.26,11.21,11.35,346800,11.35
2010-03-08,12.50,12.67,12.20,12.65,52100,12.65
2010-03-05,12.34,12.40,12.06,12.34,67000,12.34
2010-03-04,13.01,13.01,12.17,12.17,90000,12.17
2010-03-03,13.01,13.01,12.66,12.76,37200,12.76
2010-03-02,12.77,12.79,12.71,12.75,18900,12.75
2010-03-01,12.78,12.89,12.57,12.83,49200,12.83
2010-02-26,12.66,12.97,12.51,12.81,83400,12.81
2010-02-25,12.47,12.57,12.35,12.49,28600,12.49
2010-02-24,12.22,12.65,12.03,12.61,88100,12.61
2010-02-23,12.50,12.65,12.21,12.26,35200,12.26
2010-02-22,12.39,12.52,12.30,12.40,31800,12.40
2010-02-19,12.30,12.65,12.20,12.38,51000,12.38
2010-02-18,12.31,12.34,12.20,12.27,41900,12.27
2010-02-17,12.41,12.41,11.93,12.02,121600,12.02
2010-02-16,13.22,13.22,12.38,12.48,42000,12.48
2010-02-12,12.20,13.05,11.95,12.80,328000,12.80
2010-02-11,12.09,12.12,11.80,11.87,95200,11.87
2010-02-10,12.06,12.25,12.02,12.25,27700,12.25
2010-02-09,12.30,12.45,11.95,12.34,58300,12.34
2010-02-08,12.04,12.10,11.89,12.02,150900,12.02
2010-02-05,12.40,12.40,11.88,12.18,121800,12.18
2010-02-04,12.63,12.68,11.96,12.40,62300,12.40
2010-02-03,12.85,12.85,12.35,12.60,68400,12.60
2010-02-02,12.30,12.78,12.21,12.75,39200,12.75
2010-02-01,12.20,12.32,11.99,12.31,70900,12.31
2010-01-29,12.13,12.13,11.89,12.09,66700,12.09
2010-01-28,12.34,12.49,11.95,12.01,105700,12.01
2010-01-27,12.15,12.37,11.82,11.97,240600,11.97
2010-01-26,12.10,12.49,12.05,12.11,123600,12.11
2010-01-25,12.59,12.85,12.05,12.11,198100,12.11
2010-01-22,13.64,13.64,12.51,12.55,131300,12.55
2010-01-21,14.23,14.23,13.63,13.66,116000,13.66
2010-01-20,13.50,14.25,13.50,14.24,67700,14.24
2010-01-19,14.74,14.74,13.60,13.75,152100,13.75
2010-01-15,14.75,15.05,14.63,14.70,79700,14.70
2010-01-14,14.69,14.84,14.60,14.68,68200,14.68
2010-01-13,14.50,14.75,14.50,14.74,49200,14.74
2010-01-12,14.94,15.25,14.53,14.72,239300,14.72
2010-01-11,14.26,15.23,14.12,15.07,280100,15.07
2010-01-08,13.64,14.40,13.64,13.98,147700,13.98
2010-01-07,13.69,13.72,13.50,13.60,101000,13.60
2010-01-06,13.70,13.87,13.50,13.54,150900,13.54
2010-01-05,13.10,13.95,12.78,13.70,418400,13.70
2010-01-04,12.79,12.80,12.25,12.77,395600,12.77
2009-12-31,12.10,12.81,12.10,12.48,85300,12.48
2009-12-30,11.71,12.11,11.62,12.07,69400,12.07
2009-12-29,11.93,12.14,11.66,11.72,57700,11.72
2009-12-28,12.10,12.23,11.95,12.00,68000,12.00
2009-12-24,11.60,12.16,11.53,11.97,71400,11.97
2009-12-23,11.50,11.66,11.30,11.58,105500,11.58
2009-12-22,11.59,11.71,11.30,11.50,89000,11.50
2009-12-21,12.10,12.10,11.52,11.62,70400,11.62
2009-12-18,12.04,12.08,11.40,12.04,165600,12.04
2009-12-17,12.01,12.21,11.82,11.87,53800,11.87
2009-12-16,12.39,12.50,12.05,12.07,72000,12.07
2009-12-15,12.65,12.75,12.05,12.49,121900,12.49
2009-12-14,12.85,12.93,12.51,12.65,56900,12.65
2009-12-11,12.84,12.84,12.13,12.60,171300,12.60
2009-12-10,13.00,13.00,12.66,12.81,144400,12.81
2009-12-09,12.91,13.00,12.64,12.68,58000,12.68
2009-12-08,13.10,13.10,12.85,12.91,141000,12.91
2009-12-07,13.48,13.58,13.18,13.18,127700,13.18
2009-12-04,13.46,13.73,13.07,13.45,240300,13.45
2009-12-03,13.02,13.49,12.86,13.10,325400,13.10
2009-12-02,12.29,13.21,12.26,12.86,398900,12.86
2009-12-01,11.86,12.27,11.61,12.21,268700,12.21
2009-11-30,11.57,12.09,11.26,11.84,239400,11.84
2009-11-27,11.17,11.33,10.80,11.25,357700,11.25
2009-11-25,12.03,12.22,11.42,11.56,298500,11.56
2009-11-24,12.59,12.68,12.08,12.08,341800,12.08
2009-11-23,13.04,13.13,12.11,12.40,1124600,12.40
2009-11-20,13.50,14.15,12.37,12.50,8187000,12.50
