Market Cap (intraday)|955500000
Enterprise Value|940730000
Trailing P/E (ttm, intraday)|N/A
Forward P/E|127.95
PEG Ratio (5 yr expected)|N/A
Price/Sales (ttm)|3.66
Price/Book (mrq)|2.38
Enterprise Value/Revenue (ttm)|3.60
Enterprise Value/EBITDA (ttm)|42.65
Fiscal Year Ends|
Most Recent Quarter (mrq)|Jan
Profit Margin (ttm)|-11.66%
Operating Margin (ttm)|-2.40%
Return on Assets (ttm)|-0.78%
Return on Equity (ttm)|-9.07%
Revenue (ttm)|261190000
Revenue Per Share (ttm)|6.83
Qtrly Revenue Growth (yoy)|12.70%
Gross Profit (ttm)|186310000
EBITDA (ttm)|22060000
Net Income Avl to Common (ttm)|-30.46M
Diluted EPS (ttm)|-0.80
Qtrly Earnings Growth (yoy)|N/A
Total Cash (mrq)|54710000
Total Cash Per Share (mrq)|1.39
Total Debt (mrq)|39910000
Total Debt/Equity (mrq)|9.94
Current Ratio (mrq)|3.04
Book Value Per Share (mrq)|10.22
Operating Cash Flow (ttm)|23170000
Levered Free Cash Flow (ttm)|5730000
Beta|N/A
52-Week Change|9.31%
S&amp;P500 52-Week Change|2.16%
52-Week High|29.93
52-Week Low|16.69
50-Day Moving Average|24.28
200-Day Moving Average|21.25
Avg Vol 3 month|102483
Avg Vol 10 day|88900
Shares Outstanding|39300000
Float|12500000
% Held by Insiders|20.93%
% Held by Institutions|71.10%
Shares Short|634110
Short Ratio|8.20
Short % of Float|N/A
Shares Short Prior Month|548900
Forward Annual Dividend Rate|N/A
Forward Annual Dividend Yield|N/A
Trailing Annual Dividend Yield|N/A
Trailing Annual Dividend Yield|N/A
5 Year Average Dividend Yield|N/A
Payout Ratio|N/A
Dividend Date|N/A
Ex-Dividend Date|N/A
Last Split Factor (new per old)|N/A
Last Split Date|N/A