Date,Open,High,Low,Close,Volume,Adj Close
2012-05-04,6.15,6.16,6.02,6.13,64100,6.13
2012-05-03,6.16,6.17,6.13,6.15,31000,6.15
2012-05-02,6.32,6.32,6.13,6.14,8000,6.14
2012-05-01,6.33,6.35,6.30,6.30,14100,6.30
2012-04-30,6.31,6.40,6.27,6.38,39000,6.38
2012-04-27,6.26,6.35,6.26,6.34,35300,6.34
2012-04-26,6.17,6.19,6.14,6.19,14100,6.19
2012-04-25,6.26,6.26,6.15,6.16,24600,6.16
2012-04-24,6.21,6.25,6.16,6.16,10000,6.16
2012-04-23,6.15,6.17,6.14,6.15,17300,6.15
2012-04-20,6.18,6.18,6.11,6.12,14500,6.12
2012-04-19,6.14,6.14,6.12,6.14,2400,6.14
2012-04-18,6.10,6.10,6.00,6.01,35800,6.01
2012-04-17,6.13,6.20,6.11,6.12,8700,6.12
2012-04-16,6.17,6.17,6.11,6.11,9900,6.11
2012-04-13,6.28,6.28,6.19,6.19,30300,6.19
2012-04-12,6.22,6.31,6.22,6.29,8700,6.29
2012-04-11,6.24,6.24,6.21,6.22,6600,6.22
2012-04-10,6.30,6.30,6.22,6.22,54200,6.22
2012-04-09,6.36,6.37,6.35,6.35,13400,6.35
2012-04-05,6.37,6.39,6.36,6.36,6300,6.36
2012-04-04,6.38,6.43,6.36,6.37,12400,6.37
2012-04-03,6.40,6.45,6.40,6.44,18000,6.44
2012-04-02,6.38,6.45,6.38,6.44,23100,6.44
2012-03-30,6.09,6.42,6.09,6.40,126100,6.40
2012-03-29,6.15,6.16,6.03,6.05,29700,6.05
2012-03-28,6.25,6.26,6.16,6.19,11700,6.19
2012-03-27,6.35,6.39,6.23,6.23,26400,6.23
2012-03-26,6.31,6.42,6.31,6.33,14200,6.33
2012-03-23,6.33,6.33,6.31,6.32,17300,6.32
2012-03-22,6.21,6.28,6.19,6.28,19100,6.28
2012-03-21,6.21,6.28,6.21,6.23,15300,6.23
2012-03-20,6.29,6.31,6.24,6.25,80800,6.25
2012-03-19,6.41,6.44,6.37,6.37,40700,6.37
2012-03-16,6.44,6.49,6.41,6.47,49900,6.47
2012-03-15,6.34,6.46,6.34,6.45,42500,6.45
2012-03-14,6.33,6.33,6.30,6.30,86800,6.30
2012-03-13,6.35,6.35,6.30,6.33,7400,6.33
2012-03-12,6.27,6.33,6.27,6.32,2600,6.32
2012-03-09,6.21,6.32,6.19,6.23,8800,6.23
2012-03-08,6.18,6.18,6.18,6.18,000,6.18
2012-03-07,6.31,6.32,6.18,6.18,39100,6.18
2012-03-06,6.28,6.35,6.25,6.31,12100,6.31
2012-03-05,6.34,6.42,6.34,6.38,33600,6.38
2012-03-02,6.29,6.38,6.29,6.37,11200,6.37
2012-03-01,6.36,6.37,6.31,6.37,31000,6.37
2012-02-29,6.39,6.39,6.33,6.36,39100,6.36
2012-02-28,6.29,6.38,6.28,6.38,23500,6.38
2012-02-27,6.16,6.28,6.16,6.25,23700,6.25
2012-02-24,6.18,6.20,6.18,6.19,9600,6.19
2012-02-23,6.18,6.21,6.16,6.18,48400,6.18
2012-02-22,6.12,6.22,6.12,6.20,18300,6.20
2012-02-21,6.20,6.20,6.10,6.15,31700,6.15
2012-02-17,6.19,6.23,6.18,6.20,9300,6.20
2012-02-16,6.09,6.12,6.00,6.12,10000,6.12
2012-02-15,6.14,6.17,6.08,6.09,34100,6.09
2012-02-14,6.17,6.18,6.11,6.11,7700,6.11
2012-02-13,6.13,6.18,6.10,6.17,8500,6.17
2012-02-10,6.17,6.18,6.08,6.08,97500,6.08
2012-02-09,6.28,6.30,6.15,6.17,46500,6.17
2012-02-08,6.30,6.30,6.20,6.25,21000,6.25
2012-02-07,6.26,6.29,6.25,6.25,13700,6.25
2012-02-06,6.30,6.30,6.26,6.28,12700,6.28
2012-02-03,6.29,6.31,6.23,6.25,8700,6.25
2012-02-02,6.18,6.32,6.18,6.26,47000,6.26
2012-02-01,6.33,6.33,6.26,6.28,14600,6.28
2012-01-31,6.18,6.22,6.16,6.22,21300,6.22
2012-01-30,6.16,6.16,6.09,6.10,26400,6.10
2012-01-27,6.23,6.23,6.18,6.20,52700,6.20
2012-01-26,6.21,6.26,6.19,6.19,21200,6.19
2012-01-25,6.13,6.16,6.10,6.15,18000,6.15
2012-01-24,6.07,6.16,6.07,6.13,55000,6.13
2012-01-23,6.01,6.04,5.99,6.03,22900,6.03
2012-01-20,5.92,5.93,5.87,5.93,20300,5.93
2012-01-19,5.85,5.92,5.85,5.92,4700,5.92
2012-01-18,5.85,5.89,5.82,5.83,25500,5.83
2012-01-17,5.91,5.94,5.90,5.90,31600,5.90
2012-01-13,5.92,5.93,5.85,5.86,14500,5.86
2012-01-12,6.06,6.06,5.86,5.95,76400,5.95
2012-01-11,6.21,6.23,6.20,6.23,20000,6.23
2012-01-10,6.27,6.28,6.22,6.27,22600,6.27
2012-01-09,6.21,6.31,6.21,6.29,17100,6.29
2012-01-06,6.22,6.23,6.14,6.14,30600,6.14
2012-01-05,6.25,6.26,6.15,6.16,10100,6.16
2012-01-04,6.40,6.40,6.30,6.32,14700,6.32
2012-01-03,6.34,6.43,6.31,6.37,31200,6.37
2011-12-30,6.21,6.28,6.20,6.25,27900,6.25
2011-12-29,6.17,6.24,6.16,6.19,26300,6.19
2011-12-28,6.17,6.27,6.15,6.24,24500,6.24
2011-12-27,6.06,6.19,5.98,6.16,13600,6.16
2011-12-23,6.00,6.03,5.99,5.99,11300,5.99
2011-12-22,5.95,6.05,5.95,6.02,79700,6.02
2011-12-21,5.86,5.98,5.84,5.95,14000,5.95
2011-12-20,5.88,5.90,5.83,5.89,24200,5.89
2011-12-19,5.78,5.83,5.77,5.83,27100,5.83
2011-12-16,5.66,5.71,5.65,5.69,22300,5.69
2011-12-15,5.71,5.71,5.64,5.65,13000,5.65
2011-12-14,5.73,5.76,5.65,5.65,39700,5.65
2011-12-13,5.76,5.83,5.75,5.77,29100,5.77
2011-12-12,5.72,5.80,5.69,5.76,36200,5.76
2011-12-09,5.84,5.84,5.67,5.73,43300,5.73
2011-12-08,5.80,5.83,5.76,5.79,69200,5.79
2011-12-07,5.83,5.84,5.79,5.83,19500,5.83
2011-12-06,5.76,5.85,5.73,5.85,50900,5.85
2011-12-05,5.92,5.94,5.79,5.79,61600,5.79
2011-12-02,5.85,5.94,5.84,5.91,81800,5.91
2011-12-01,5.94,5.94,5.82,5.86,29400,5.86
2011-11-30,5.96,5.98,5.87,5.89,30000,5.89
2011-11-29,5.83,5.93,5.78,5.87,35400,5.87
2011-11-28,5.80,5.84,5.75,5.76,59000,5.76
2011-11-25,5.75,5.78,5.72,5.72,24700,5.72
2011-11-23,5.90,5.90,5.76,5.77,52900,5.77
2011-11-22,5.89,5.90,5.85,5.86,25100,5.86
2011-11-21,5.92,5.93,5.84,5.90,46900,5.90
2011-11-18,6.05,6.08,5.90,5.97,37200,5.97
2011-11-17,6.19,6.20,6.00,6.02,59000,6.02
2011-11-16,6.26,6.29,6.20,6.20,7200,6.20
2011-11-15,6.23,6.30,6.18,6.30,36000,6.30
2011-11-14,6.22,6.22,6.13,6.16,13500,6.16
2011-11-11,6.24,6.27,6.18,6.21,26600,6.21
2011-11-10,6.35,6.35,6.24,6.24,26100,6.24
2011-11-09,6.44,6.44,6.32,6.33,5100,6.33
2011-11-08,6.39,6.47,6.38,6.46,16800,6.46
2011-11-07,6.37,6.42,6.35,6.42,22400,6.42
2011-11-04,6.36,6.42,6.35,6.38,10500,6.38
2011-11-03,6.38,6.45,6.32,6.40,35000,6.40
2011-11-02,6.39,6.44,6.30,6.32,8700,6.32
2011-11-01,6.24,6.38,6.19,6.34,41100,6.34
2011-10-31,6.35,6.39,6.30,6.34,9300,6.34
2011-10-28,6.46,6.49,6.39,6.45,20300,6.45
2011-10-27,6.45,6.49,6.34,6.46,56600,6.46
2011-10-26,6.42,6.42,6.28,6.29,7200,6.29
2011-10-25,6.47,6.47,6.40,6.40,21200,6.40
2011-10-24,6.46,6.51,6.37,6.45,54500,6.45
2011-10-21,6.45,6.51,6.35,6.37,16300,6.37
2011-10-20,6.31,6.43,6.27,6.40,21200,6.40
2011-10-19,6.42,6.42,6.26,6.31,21400,6.31
2011-10-18,6.30,6.43,6.26,6.41,68800,6.41
2011-10-17,6.34,6.40,6.32,6.36,8500,6.36
2011-10-14,6.42,6.43,6.33,6.40,41900,6.40
2011-10-13,6.31,6.35,6.23,6.34,18600,6.34
2011-10-12,6.46,6.46,6.14,6.35,55700,6.35
2011-10-11,6.12,6.49,6.12,6.48,111400,6.48
2011-10-10,6.13,6.19,6.07,6.12,54100,6.12
2011-10-07,6.05,6.06,6.00,6.04,24900,6.04
2011-10-06,6.18,6.18,6.08,6.08,13000,6.08
2011-10-05,6.02,6.14,6.02,6.14,15400,6.14
2011-10-04,5.99,5.99,5.87,5.97,173600,5.97
2011-10-03,5.92,6.07,5.80,6.02,91600,6.02
2011-09-30,6.28,6.28,5.95,5.99,125000,5.99
2011-09-29,6.34,6.42,6.34,6.42,82100,6.42
2011-09-28,6.46,6.48,6.29,6.29,87500,6.29
2011-09-27,6.65,6.65,6.50,6.52,71400,6.52
2011-09-26,6.39,6.51,6.37,6.49,233100,6.49
2011-09-23,6.43,6.55,6.40,6.40,153300,6.40
2011-09-22,6.56,6.68,6.45,6.50,188600,6.50
2011-09-21,6.88,6.90,6.72,6.73,58700,6.73
2011-09-20,6.94,6.98,6.83,6.84,45500,6.84
2011-09-19,6.85,6.89,6.77,6.89,52000,6.89
2011-09-16,7.05,7.05,6.93,6.93,37400,6.93
2011-09-15,7.14,7.15,6.95,7.02,109500,7.02
2011-09-14,7.15,7.19,7.11,7.15,88400,7.15
2011-09-13,7.28,7.33,7.10,7.17,31100,7.17
2011-09-12,7.31,7.35,7.22,7.32,62200,7.32
2011-09-09,7.35,7.36,7.29,7.35,23300,7.35
2011-09-08,7.39,7.44,7.31,7.35,46900,7.35
2011-09-07,7.56,7.59,7.43,7.46,42100,7.46
2011-09-06,7.50,7.52,7.40,7.48,24500,7.48
2011-09-02,7.45,7.62,7.45,7.58,45200,7.58
2011-09-01,7.61,7.65,7.43,7.44,57100,7.44
2011-08-31,7.67,7.70,7.65,7.68,35800,7.68
2011-08-30,7.61,7.74,7.59,7.71,53900,7.71
2011-08-29,7.73,7.75,7.67,7.70,61400,7.70
2011-08-26,7.46,7.67,7.42,7.63,50900,7.63
2011-08-25,7.44,7.50,7.38,7.49,107100,7.49
2011-08-24,7.48,7.50,7.39,7.47,38400,7.47
2011-08-23,7.39,7.53,7.39,7.50,62100,7.50
2011-08-22,7.41,7.42,7.32,7.36,162600,7.36
2011-08-19,7.16,7.32,7.16,7.27,46700,7.27
2011-08-18,7.19,7.60,7.10,7.17,199900,7.17
2011-08-17,7.30,7.34,7.28,7.30,61400,7.30
2011-08-16,7.15,7.27,7.12,7.23,66500,7.23
2011-08-15,7.17,7.24,7.16,7.19,89800,7.19
2011-08-12,7.14,7.19,7.05,7.05,80800,7.05
2011-08-11,7.07,7.22,7.07,7.15,99300,7.15
2011-08-10,6.96,6.96,6.86,6.89,87900,6.89
2011-08-09,6.87,6.95,6.81,6.88,86900,6.88
2011-08-08,6.89,6.93,6.75,6.75,128300,6.75
2011-08-05,7.02,7.05,6.91,7.03,133700,7.03
2011-08-04,7.12,7.13,6.97,7.01,158200,7.01
2011-08-03,7.26,7.30,7.15,7.21,44400,7.21
2011-08-02,7.02,7.28,6.97,7.27,100700,7.27
2011-08-01,6.99,7.04,6.94,7.02,51800,7.02
2011-07-29,6.99,6.99,6.87,6.88,53800,6.88
2011-07-28,7.13,7.15,7.04,7.06,35600,7.06
2011-07-27,7.07,7.13,6.92,7.09,40200,7.09
2011-07-26,6.98,7.09,6.97,7.06,56700,7.06
2011-07-25,6.97,7.01,6.90,6.99,44000,6.99
2011-07-22,6.94,7.05,6.93,7.04,34200,7.04
2011-07-21,7.05,7.05,6.91,6.97,48600,6.97
2011-07-20,7.10,7.12,7.01,7.05,76100,7.05
2011-07-19,7.18,7.24,7.02,7.05,158100,7.05
2011-07-18,6.97,7.03,6.91,7.01,89700,7.01
2011-07-15,7.07,7.18,7.04,7.11,295500,7.11
2011-07-14,7.10,7.10,6.96,7.06,66100,7.06
2011-07-13,6.92,7.14,6.88,7.07,154200,7.07
2011-07-12,6.58,6.86,6.58,6.82,78300,6.82
2011-07-11,6.64,6.64,6.55,6.61,73700,6.61
2011-07-08,6.60,6.69,6.50,6.65,53700,6.65
2011-07-07,6.48,6.58,6.47,6.51,96100,6.51
2011-07-06,6.48,6.51,6.42,6.44,51100,6.44
2011-07-05,6.48,6.53,6.43,6.53,71900,6.53
2011-07-01,6.41,6.43,6.30,6.38,111300,6.38
2011-06-30,6.74,6.75,6.28,6.30,376500,6.30
2011-06-29,6.90,7.00,6.80,6.86,74700,6.86
2011-06-28,6.70,6.84,6.69,6.84,55700,6.84
2011-06-27,6.68,6.68,6.56,6.60,63100,6.60
2011-06-24,6.86,6.89,6.68,6.71,86800,6.71
2011-06-23,6.77,6.95,6.58,6.84,252200,6.84
2011-06-22,7.01,7.04,6.78,6.82,96900,6.82
2011-06-21,7.06,7.13,7.06,7.09,36800,7.09
2011-06-20,6.95,7.03,6.95,6.98,58800,6.98
2011-06-17,7.01,7.08,6.93,7.00,64700,7.00
2011-06-16,7.11,7.21,6.96,6.99,96200,6.99
2011-06-15,7.35,7.39,7.00,7.21,183700,7.21
2011-06-14,7.57,7.57,7.27,7.36,112000,7.36
2011-06-13,7.56,7.60,7.49,7.53,64800,7.53
2011-06-10,7.51,7.64,7.49,7.58,41900,7.58
2011-06-09,7.74,7.76,7.59,7.59,167200,7.59
2011-06-08,7.45,7.60,7.41,7.53,80000,7.53
2011-06-07,7.41,7.42,7.37,7.40,40700,7.40
2011-06-06,7.56,7.56,7.37,7.42,145800,7.42
2011-06-03,7.63,7.68,7.56,7.61,23600,7.61
2011-06-02,7.55,7.66,7.53,7.66,76900,7.66
2011-06-01,7.48,7.55,7.43,7.51,64800,7.51
2011-05-31,7.69,7.69,7.48,7.53,137600,7.53
2011-05-27,7.65,7.71,7.60,7.70,50300,7.70
2011-05-26,7.62,7.72,7.60,7.67,154600,7.67
2011-05-25,7.45,7.58,7.45,7.56,34800,7.56
2011-05-24,7.51,7.58,7.40,7.45,75300,7.45
2011-05-23,7.52,7.60,7.44,7.52,164300,7.52
2011-05-20,7.60,7.68,7.41,7.57,113300,7.57
2011-05-19,7.68,7.70,7.52,7.57,77900,7.57
2011-05-18,7.35,7.64,7.34,7.62,331800,7.62
2011-05-17,7.10,7.29,7.08,7.29,147800,7.29
2011-05-16,7.03,7.20,7.03,7.07,83000,7.07
2011-05-13,7.06,7.12,6.96,7.01,129000,7.01
2011-05-12,6.99,7.14,6.92,7.02,155000,7.02
2011-05-11,7.34,7.34,7.01,7.01,146900,7.01
2011-05-10,7.35,7.46,7.29,7.34,124700,7.34
2011-05-09,7.23,7.38,7.18,7.33,64000,7.33
2011-05-06,7.10,7.28,7.03,7.06,86500,7.06
2011-05-05,7.34,7.34,7.11,7.11,131400,7.11
2011-05-04,7.40,7.44,7.30,7.36,71000,7.36
2011-05-03,7.50,7.51,7.40,7.44,58000,7.44
2011-05-02,7.67,7.70,7.47,7.53,120000,7.53
2011-04-29,7.34,7.68,7.34,7.64,164000,7.64
2011-04-28,7.65,7.72,7.34,7.40,127700,7.40
2011-04-27,7.74,7.78,7.62,7.69,110600,7.69
2011-04-26,7.82,7.86,7.78,7.83,64200,7.83
2011-04-25,7.80,7.88,7.75,7.85,135000,7.85
2011-04-21,7.62,7.69,7.60,7.66,39900,7.66
2011-04-20,7.79,7.82,7.58,7.59,53800,7.59
2011-04-19,7.71,7.71,7.62,7.67,56100,7.67
2011-04-18,7.50,7.66,7.44,7.64,130500,7.64
2011-04-15,7.45,7.53,7.44,7.47,35300,7.47
2011-04-14,7.44,7.55,7.37,7.54,86000,7.54
2011-04-13,7.56,7.65,7.49,7.57,49500,7.57
2011-04-12,7.72,7.74,7.47,7.55,269000,7.55
2011-04-11,7.84,7.85,7.76,7.80,54700,7.80
2011-04-08,7.75,7.85,7.61,7.82,87600,7.82
2011-04-07,7.76,7.82,7.66,7.70,64600,7.70
2011-04-06,7.81,7.81,7.70,7.74,59400,7.74
2011-04-05,7.76,7.80,7.70,7.78,92300,7.78
2011-04-04,7.70,7.79,7.66,7.79,111800,7.79
2011-04-01,7.62,7.65,7.50,7.60,410100,7.60
2011-03-31,7.10,7.61,7.10,7.58,303300,7.58
2011-03-30,7.19,7.19,7.08,7.10,48700,7.10
2011-03-29,7.09,7.21,7.05,7.17,46100,7.17
2011-03-28,7.22,7.26,7.10,7.10,73500,7.10
2011-03-25,7.39,7.44,7.20,7.22,70100,7.22
2011-03-24,7.18,7.33,7.12,7.33,159000,7.33
2011-03-23,7.16,7.20,7.10,7.14,72400,7.14
2011-03-22,7.13,7.20,7.03,7.17,80100,7.17
2011-03-21,7.28,7.29,7.11,7.16,71300,7.16
2011-03-18,7.17,7.33,7.11,7.23,145700,7.23
2011-03-17,6.74,7.01,6.59,6.99,155600,6.99
2011-03-16,6.73,6.88,6.54,6.64,135100,6.64
2011-03-15,6.84,6.90,6.55,6.63,295200,6.63
2011-03-14,7.00,7.12,6.96,7.06,217200,7.06
2011-03-11,7.03,7.15,6.69,7.05,639700,7.05
2011-03-10,7.23,7.32,7.11,7.20,312200,7.20
2011-03-09,7.47,7.51,7.28,7.33,138300,7.33
2011-03-08,7.54,7.67,7.44,7.46,127100,7.46
2011-03-07,7.80,7.80,7.55,7.60,80200,7.60
2011-03-04,7.80,7.85,7.70,7.78,232300,7.78
2011-03-03,7.64,7.76,7.51,7.76,113400,7.76
2011-03-02,7.71,7.74,7.50,7.63,91600,7.63
2011-03-01,7.63,7.69,7.55,7.67,116400,7.67
2011-02-28,7.62,7.67,7.52,7.64,156100,7.64
2011-02-25,7.62,7.66,7.38,7.63,145300,7.63
2011-02-24,7.43,7.43,7.28,7.35,87200,7.35
2011-02-23,7.40,7.47,7.20,7.47,192600,7.47
2011-02-22,7.66,7.66,7.26,7.29,438600,7.29
2011-02-18,7.82,7.87,7.69,7.73,233100,7.73
2011-02-17,7.72,7.88,7.71,7.88,170700,7.88
2011-02-16,7.70,7.70,7.58,7.69,246900,7.69
2011-02-15,7.84,7.84,7.60,7.70,228600,7.70
2011-02-14,8.04,8.15,7.85,7.89,458000,7.89
2011-02-11,8.00,8.00,7.85,7.92,1034700,7.92
2011-02-10,7.96,8.00,7.85,7.89,216800,7.89
2011-02-09,7.97,8.13,7.88,7.98,463000,7.98
2011-02-08,7.72,7.93,7.69,7.81,84100,7.81
2011-02-07,7.84,7.84,7.70,7.72,46800,7.72
2011-02-04,7.72,7.80,7.65,7.78,84900,7.78
2011-02-03,7.79,7.80,7.66,7.72,155800,7.72
2011-02-02,8.01,8.01,7.70,7.76,210200,7.76
2011-02-01,7.94,7.94,7.22,7.66,818600,7.66
2011-01-31,7.64,7.64,7.51,7.59,100000,7.59
2011-01-28,7.65,7.65,7.44,7.48,69700,7.48
2011-01-27,7.65,7.65,7.50,7.55,44900,7.55
2011-01-26,7.52,7.61,7.49,7.60,44400,7.60
2011-01-25,7.55,7.55,7.39,7.44,57100,7.44
2011-01-24,7.62,7.65,7.48,7.55,67300,7.55
2011-01-21,7.44,7.56,7.44,7.53,50700,7.53
2011-01-20,7.46,7.46,7.23,7.43,89100,7.43
2011-01-19,7.57,7.57,7.35,7.37,70400,7.37
2011-01-18,7.45,7.48,7.39,7.47,76100,7.47
2011-01-14,7.41,7.41,7.24,7.37,52500,7.37
2011-01-13,7.43,7.43,7.32,7.39,108800,7.39
2011-01-12,7.49,7.49,7.26,7.29,72000,7.29
2011-01-11,7.17,7.18,7.03,7.06,189000,7.06
2011-01-10,7.14,7.21,7.08,7.13,107000,7.13
2011-01-07,7.17,7.17,7.02,7.04,129400,7.04
2011-01-06,7.35,7.37,7.12,7.13,38300,7.13
2011-01-05,7.20,7.34,7.06,7.30,39700,7.30
2011-01-04,7.38,7.45,7.13,7.16,60700,7.16
2011-01-03,7.44,7.44,7.25,7.29,76900,7.29
2010-12-31,7.26,7.32,7.20,7.30,26100,7.30
2010-12-30,7.35,7.35,7.14,7.20,49600,7.20
2010-12-29,7.30,7.30,7.20,7.27,71900,7.27
2010-12-28,7.26,7.29,7.20,7.25,54100,7.25
2010-12-27,7.18,7.22,7.12,7.18,31500,7.18
2010-12-23,7.14,7.17,7.10,7.16,41500,7.16
2010-12-22,7.19,7.19,7.00,7.12,28600,7.12
2010-12-21,7.05,7.05,6.98,7.02,24000,7.02
2010-12-20,6.94,7.04,6.92,7.00,46400,7.00
2010-12-17,6.81,6.94,6.70,6.90,64100,6.90
2010-12-16,6.86,6.89,6.80,6.84,8400,6.84
2010-12-15,6.89,6.97,6.86,6.89,10600,6.89
2010-12-14,7.02,7.02,6.87,6.91,131800,6.91
2010-12-13,6.99,6.99,6.93,6.98,17200,6.98
2010-12-10,6.98,6.98,6.81,6.87,23300,6.87
2010-12-09,6.97,6.97,6.88,6.92,14100,6.92
2010-12-08,6.82,6.98,6.80,6.90,43700,6.90
2010-12-07,7.00,7.02,6.81,6.86,37000,6.86
2010-12-06,6.95,6.99,6.85,6.93,51700,6.93
2010-12-03,6.83,6.93,6.79,6.93,50800,6.93
2010-12-02,6.71,6.79,6.70,6.71,38600,6.71
2010-12-01,6.61,6.72,6.52,6.71,55100,6.71
2010-11-30,6.45,6.54,6.36,6.37,14600,6.37
2010-11-29,6.57,6.59,6.33,6.41,22300,6.41
2010-11-26,6.37,6.43,6.37,6.38,18200,6.38
2010-11-24,6.31,6.56,6.31,6.41,44100,6.41
2010-11-23,6.22,6.37,6.19,6.34,36000,6.34
2010-11-22,6.36,6.48,6.16,6.29,27800,6.29
2010-11-19,6.40,6.42,6.25,6.27,37200,6.27
2010-11-18,6.36,6.45,6.36,6.40,42600,6.40
2010-11-17,6.30,6.33,6.18,6.24,25600,6.24
2010-11-16,6.43,6.50,6.20,6.24,74800,6.24
2010-11-15,6.53,6.75,6.53,6.65,85300,6.65
2010-11-12,6.72,6.74,6.46,6.50,99300,6.50
2010-11-11,6.85,6.92,6.83,6.87,44700,6.87
2010-11-10,7.13,7.13,6.85,6.87,51500,6.87
2010-11-09,7.00,7.40,6.86,6.89,118100,6.89
2010-11-08,6.99,7.00,6.91,6.96,58100,6.96
2010-11-05,6.96,6.96,6.82,6.95,51700,6.95
2010-11-04,6.87,6.92,6.71,6.89,74400,6.89
2010-11-03,6.76,6.76,6.64,6.72,45600,6.72
2010-11-02,6.78,6.78,6.65,6.66,25000,6.66
2010-11-01,6.82,6.87,6.70,6.71,37400,6.71
2010-10-29,6.80,6.80,6.73,6.77,22700,6.77
2010-10-28,6.82,6.82,6.75,6.79,32400,6.79
2010-10-27,6.57,6.73,6.50,6.72,38900,6.72
2010-10-26,6.52,6.69,6.52,6.66,29500,6.66
2010-10-25,6.64,6.64,6.53,6.56,46500,6.56
2010-10-22,6.54,6.54,6.47,6.47,32900,6.47
2010-10-21,6.73,6.73,6.48,6.50,71800,6.50
2010-10-20,6.51,6.64,6.47,6.63,64700,6.63
2010-10-19,6.45,6.48,6.36,6.41,34200,6.41
2010-10-18,6.54,6.58,6.49,6.50,43300,6.50
2010-10-15,6.75,6.75,6.55,6.57,113900,6.57
2010-10-14,6.60,6.68,6.58,6.59,34700,6.59
2010-10-13,6.77,6.77,6.55,6.55,108300,6.55
2010-10-12,6.56,6.68,6.50,6.67,56200,6.67
2010-10-11,6.74,6.75,6.50,6.54,156200,6.54
2010-10-08,6.16,6.64,6.16,6.56,85100,6.56
2010-10-07,5.96,6.05,5.96,6.00,34200,6.00
2010-10-06,6.00,6.04,5.92,5.94,31400,5.94
2010-10-05,5.83,6.03,5.81,5.98,73000,5.98
2010-10-04,5.73,5.88,5.70,5.83,66400,5.83
2010-10-01,6.10,6.10,5.80,5.82,58600,5.82
2010-09-30,6.09,6.10,5.92,6.08,70700,6.08
2010-09-29,6.06,6.14,5.99,6.13,85800,6.13
2010-09-28,6.30,6.30,6.15,6.17,95100,6.17
2010-09-27,6.50,6.55,6.28,6.32,21500,6.32
2010-09-24,6.20,6.40,6.20,6.39,35700,6.39
2010-09-23,6.23,6.23,6.14,6.18,33000,6.18
2010-09-22,6.31,6.38,6.20,6.24,32900,6.24
2010-09-21,6.40,6.40,6.22,6.22,22200,6.22
2010-09-20,6.34,6.45,6.30,6.32,82600,6.32
2010-09-17,6.21,6.34,6.21,6.30,75100,6.30
2010-09-16,6.14,6.18,6.09,6.13,27200,6.13
2010-09-15,6.25,6.25,6.15,6.20,25200,6.20
2010-09-14,6.10,6.25,6.10,6.20,69000,6.20
2010-09-13,6.24,6.24,6.18,6.20,20600,6.20
2010-09-10,6.20,6.20,6.05,6.13,49800,6.13
2010-09-09,5.96,6.16,5.96,6.16,79500,6.16
2010-09-08,6.13,6.13,5.99,5.99,37200,5.99
2010-09-07,5.99,6.14,5.99,6.12,60200,6.12
2010-09-03,5.96,6.13,5.93,6.12,115200,6.12
2010-09-02,5.85,5.93,5.81,5.92,43800,5.92
2010-09-01,5.80,5.87,5.80,5.85,21400,5.85
2010-08-31,5.85,5.92,5.74,5.78,57100,5.78
2010-08-30,5.77,5.98,5.77,5.83,26200,5.83
2010-08-27,5.87,5.87,5.70,5.79,23600,5.79
2010-08-26,5.72,5.77,5.72,5.73,26600,5.73
2010-08-25,5.74,5.78,5.62,5.67,36700,5.67
2010-08-24,5.80,5.80,5.70,5.73,42400,5.73
2010-08-23,5.81,5.93,5.81,5.90,17900,5.90
2010-08-20,5.91,5.91,5.79,5.83,37300,5.83
2010-08-19,5.84,5.95,5.81,5.86,23000,5.86
2010-08-18,5.85,5.85,5.72,5.78,44000,5.78
2010-08-17,5.89,5.89,5.73,5.80,53700,5.80
2010-08-16,6.00,6.09,5.79,5.81,79000,5.81
2010-08-13,6.10,6.10,5.97,6.00,55400,6.00
2010-08-12,5.94,6.11,5.78,5.98,103400,5.98
2010-08-11,5.83,5.90,5.78,5.82,70800,5.82
2010-08-10,5.97,5.97,5.83,5.85,84000,5.85
2010-08-09,6.33,6.33,5.85,5.99,113700,5.99
2010-08-06,6.28,6.30,5.95,5.97,432400,5.97
2010-08-05,6.26,6.33,6.12,6.22,293800,6.22
2010-08-04,5.90,5.99,5.84,5.99,118000,5.99
2010-08-03,5.67,5.77,5.67,5.77,129800,5.77
2010-08-02,5.70,5.90,5.69,5.76,120300,5.76
2010-07-30,5.50,5.69,5.50,5.69,75400,5.69
2010-07-29,5.24,5.50,5.23,5.48,44900,5.48
2010-07-28,5.85,5.85,5.34,5.39,30400,5.39
2010-07-27,5.21,5.32,5.21,5.25,45300,5.25
2010-07-26,5.23,5.27,5.22,5.22,26800,5.22
2010-07-23,5.33,5.38,5.29,5.30,38100,5.30
2010-07-22,5.38,5.42,5.32,5.32,31500,5.32
2010-07-21,5.25,5.34,5.25,5.28,20800,5.28
2010-07-20,5.21,5.24,5.20,5.24,59800,5.24
2010-07-19,5.32,5.32,5.23,5.27,30900,5.27
2010-07-16,5.35,5.37,5.30,5.34,20200,5.34
2010-07-15,5.25,5.40,5.25,5.40,86200,5.40
2010-07-14,5.13,5.21,5.11,5.20,28200,5.20
2010-07-13,5.06,5.15,5.05,5.10,37300,5.10
2010-07-12,5.07,5.09,5.07,5.07,10100,5.07
2010-07-09,5.15,5.15,5.05,5.10,20000,5.10
2010-07-08,5.04,5.15,4.99,5.14,90300,5.14
2010-07-07,4.85,5.04,4.85,5.04,27600,5.04
2010-07-06,4.84,4.94,4.82,4.85,26500,4.85
2010-07-02,4.85,4.85,4.78,4.82,9900,4.82
2010-07-01,4.72,4.83,4.72,4.83,19600,4.83
2010-06-30,4.55,4.80,4.55,4.70,57800,4.70
2010-06-29,4.52,4.58,4.51,4.52,57200,4.52
2010-06-28,4.66,4.66,4.58,4.60,16800,4.60
2010-06-25,4.70,4.71,4.66,4.68,10600,4.68
2010-06-24,4.77,4.77,4.70,4.71,14100,4.71
2010-06-23,4.78,4.78,4.72,4.72,2600,4.72
2010-06-22,4.75,4.77,4.72,4.75,25600,4.75
2010-06-21,4.81,4.86,4.76,4.76,16200,4.76
2010-06-18,4.80,4.82,4.79,4.82,5100,4.82
2010-06-17,4.78,4.80,4.77,4.80,7200,4.80
2010-06-16,4.73,4.79,4.65,4.77,138000,4.77
2010-06-15,4.72,4.73,4.70,4.72,41500,4.72
2010-06-14,4.64,4.72,4.64,4.68,22500,4.68
2010-06-11,4.58,4.66,4.56,4.64,20000,4.64
2010-06-10,4.54,4.60,4.54,4.58,16900,4.58
2010-06-09,4.51,4.56,4.51,4.53,14400,4.53
2010-06-08,4.51,4.55,4.50,4.53,28900,4.53
2010-06-07,4.57,4.57,4.50,4.50,29000,4.50
2010-06-04,4.62,4.64,4.55,4.55,106500,4.55
2010-06-03,4.68,4.68,4.64,4.68,5300,4.68
2010-06-02,4.68,4.71,4.64,4.66,16000,4.66
2010-06-01,4.76,4.76,4.68,4.68,19700,4.68
2010-05-28,4.86,4.86,4.76,4.79,7000,4.79
2010-05-27,4.81,4.88,4.81,4.88,15400,4.88
2010-05-26,4.77,4.85,4.77,4.80,29700,4.80
2010-05-25,4.74,4.80,4.72,4.77,36200,4.77
2010-05-24,4.86,4.86,4.81,4.85,16500,4.85
2010-05-21,4.72,4.84,4.72,4.83,26800,4.83
2010-05-20,4.72,4.82,4.70,4.80,30200,4.80
2010-05-19,4.82,4.82,4.72,4.76,106500,4.76
2010-05-18,4.79,4.82,4.76,4.82,32100,4.82
2010-05-17,4.82,4.84,4.76,4.79,31700,4.79
2010-05-14,4.94,4.94,4.81,4.86,25000,4.86
2010-05-13,4.97,4.98,4.88,4.91,27300,4.91
2010-05-12,5.00,5.08,4.96,4.96,29700,4.96
2010-05-11,4.95,4.99,4.93,4.99,23200,4.99
2010-05-10,5.00,5.11,4.95,4.95,16700,4.95
2010-05-07,5.00,5.02,4.94,5.00,12800,5.00
2010-05-06,5.05,5.07,4.95,4.98,44600,4.98
2010-05-05,4.99,5.05,4.94,5.05,35800,5.05
2010-05-04,4.93,5.05,4.93,5.03,38800,5.03
2010-05-03,5.09,5.09,4.97,5.01,10200,5.01
2010-04-30,5.02,5.07,5.01,5.05,43600,5.05
2010-04-29,4.96,5.10,4.96,5.02,28500,5.02
2010-04-28,4.98,5.00,4.94,4.98,10800,4.98
2010-04-27,4.95,4.99,4.91,4.93,7000,4.93
2010-04-26,5.09,5.11,4.96,4.97,44100,4.97
2010-04-23,5.08,5.10,5.03,5.03,33900,5.03
2010-04-22,5.01,5.10,5.01,5.09,22600,5.09
2010-04-21,5.02,5.08,4.93,5.06,37200,5.06
2010-04-20,4.94,5.05,4.94,5.01,30900,5.01
2010-04-19,5.05,5.08,4.91,4.92,69300,4.92
2010-04-16,5.03,5.11,5.01,5.05,46000,5.05
2010-04-15,5.00,5.08,5.00,5.06,105500,5.06
2010-04-14,4.96,5.03,4.95,4.96,11400,4.96
2010-04-13,4.92,4.99,4.89,4.98,64800,4.98
2010-04-12,4.94,4.95,4.90,4.91,13700,4.91
2010-04-09,4.93,4.97,4.87,4.90,5500,4.90
2010-04-08,4.90,4.94,4.86,4.90,28100,4.90
2010-04-07,4.85,4.95,4.83,4.94,28600,4.94
2010-04-06,4.80,4.91,4.80,4.87,30300,4.87
2010-04-05,4.81,4.87,4.78,4.83,37500,4.83
2010-04-01,4.85,4.85,4.78,4.83,26000,4.83
2010-03-31,4.94,4.94,4.81,4.82,62600,4.82
2010-03-30,5.00,5.00,4.93,4.97,11300,4.97
2010-03-29,4.96,4.97,4.94,4.96,15500,4.96
2010-03-26,4.90,4.94,4.86,4.92,30400,4.92
2010-03-25,4.98,5.00,4.85,4.88,93000,4.88
2010-03-24,5.01,5.01,4.95,4.99,35400,4.99
2010-03-23,5.08,5.11,5.01,5.02,19600,5.02
2010-03-22,5.07,5.08,5.05,5.07,1800,5.07
2010-03-19,5.11,5.11,5.05,5.05,18200,5.05
2010-03-18,5.09,5.11,5.05,5.10,52700,5.10
2010-03-17,5.06,5.12,5.05,5.10,65500,5.10
2010-03-16,4.96,5.05,4.96,5.05,42200,5.05
2010-03-15,5.03,5.03,4.96,4.97,24000,4.97
2010-03-12,5.03,5.03,4.95,4.99,74200,4.99
2010-03-11,5.01,5.04,4.97,5.03,80900,5.03
2010-03-10,5.03,5.07,5.00,5.06,37900,5.06
2010-03-09,5.07,5.08,5.04,5.07,42300,5.07
2010-03-08,5.08,5.12,5.07,5.11,16300,5.11
2010-03-05,5.17,5.19,5.10,5.12,42800,5.12
2010-03-04,5.22,5.22,5.15,5.16,17800,5.16
2010-03-03,5.20,5.28,5.17,5.22,57600,5.22
2010-03-02,5.21,5.21,5.11,5.14,51900,5.14
2010-03-01,5.29,5.29,5.14,5.14,101600,5.14
2010-02-26,5.20,5.30,5.18,5.30,107500,5.30
2010-02-25,5.23,5.23,5.12,5.15,11200,5.15
2010-02-24,5.20,5.23,5.16,5.23,18800,5.23
2010-02-23,5.23,5.25,5.15,5.17,20500,5.17
2010-02-22,5.12,5.26,5.10,5.23,137400,5.23
2010-02-19,5.10,5.12,5.00,5.09,52400,5.09
2010-02-18,5.17,5.17,5.08,5.11,31000,5.11
2010-02-17,5.23,5.23,5.14,5.17,14400,5.17
2010-02-16,5.19,5.28,5.05,5.25,115400,5.25
2010-02-12,5.10,5.13,5.05,5.13,35300,5.13
2010-02-11,5.15,5.16,5.11,5.13,12900,5.13
2010-02-10,5.10,5.17,5.00,5.17,57100,5.17
2010-02-09,5.05,5.10,5.03,5.07,63400,5.07
2010-02-08,4.97,5.11,4.97,5.08,37800,5.08
2010-02-05,4.93,5.02,4.93,5.02,32800,5.02
2010-02-04,4.99,5.05,4.91,5.02,184900,5.02
2010-02-03,5.12,5.12,4.97,5.12,79500,5.12
2010-02-02,5.02,5.15,5.02,5.13,41000,5.13
2010-02-01,4.98,5.05,4.90,5.01,70200,5.01
2010-01-29,5.09,5.11,4.96,4.97,120800,4.97
2010-01-28,5.05,5.10,5.02,5.10,98800,5.10
2010-01-27,5.08,5.08,4.99,5.05,97500,5.05
2010-01-26,5.10,5.20,5.05,5.09,37500,5.09
2010-01-25,5.13,5.19,5.11,5.18,67100,5.18
2010-01-22,5.17,5.20,5.08,5.13,94100,5.13
2010-01-21,5.14,5.21,5.14,5.21,81000,5.21
2010-01-20,5.20,5.20,5.05,5.16,308700,5.16
2010-01-19,5.26,5.27,5.21,5.21,111600,5.21
2010-01-15,5.38,5.38,5.27,5.32,34300,5.32
2010-01-14,5.46,5.46,5.38,5.39,35200,5.39
2010-01-13,5.45,5.48,5.30,5.47,72300,5.47
2010-01-12,5.70,5.70,5.35,5.46,82000,5.46
2010-01-11,5.91,5.91,5.77,5.77,54100,5.77
2010-01-08,5.80,5.80,5.71,5.80,25300,5.80
2010-01-07,5.81,5.82,5.72,5.77,20700,5.77
2010-01-06,5.75,5.89,5.75,5.87,34200,5.87
2010-01-05,5.78,5.86,5.75,5.83,56800,5.83
2010-01-04,5.77,6.05,5.75,5.80,59000,5.80
2009-12-31,5.73,5.75,5.69,5.71,23000,5.71
2009-12-30,5.70,5.72,5.66,5.70,23400,5.70
2009-12-29,5.70,5.72,5.65,5.71,50000,5.71
2009-12-28,5.59,5.74,5.59,5.71,38400,5.71
2009-12-24,5.49,5.53,5.46,5.53,10100,5.53
2009-12-23,5.45,5.54,5.44,5.54,55700,5.54
2009-12-22,5.41,5.50,5.40,5.45,14600,5.45
2009-12-21,5.50,5.52,5.44,5.44,20000,5.44
2009-12-18,5.47,5.54,5.45,5.50,45700,5.50
2009-12-17,5.63,5.63,5.46,5.47,43200,5.47
2009-12-16,5.74,5.74,5.66,5.67,20900,5.67
2009-12-15,5.67,5.71,5.63,5.65,16400,5.65
2009-12-14,5.74,5.74,5.60,5.72,367400,5.72
2009-12-11,5.65,5.74,5.49,5.62,23700,5.62
2009-12-10,5.47,5.60,5.47,5.55,17200,5.55
2009-12-09,5.60,5.62,5.47,5.49,31700,5.49
2009-12-08,5.72,5.72,5.55,5.58,18300,5.58
2009-12-07,5.67,5.68,5.60,5.62,38700,5.62
2009-12-04,5.80,5.80,5.60,5.66,24700,5.66
2009-12-03,5.80,5.80,5.75,5.80,15000,5.80
2009-12-02,5.93,5.93,5.75,5.80,17200,5.80
2009-12-01,5.94,5.99,5.85,5.86,20900,5.86
2009-11-30,5.82,5.94,5.81,5.90,52700,5.90
2009-11-27,5.66,5.81,5.60,5.81,12800,5.81
2009-11-25,5.71,5.82,5.68,5.80,15800,5.80
2009-11-24,5.80,5.89,5.60,5.66,28000,5.66
2009-11-23,5.90,6.02,5.79,5.80,20100,5.80
2009-11-20,5.85,5.86,5.79,5.84,5500,5.84
2009-11-19,5.82,6.25,5.71,5.89,46700,5.89
2009-11-18,5.97,6.01,5.86,5.89,53100,5.89
2009-11-17,5.85,5.92,5.80,5.92,26400,5.92
2009-11-16,5.78,5.85,5.72,5.82,47500,5.82
2009-11-13,5.59,5.68,5.59,5.68,5300,5.68
2009-11-12,5.64,5.70,5.51,5.59,34000,5.59
2009-11-11,5.54,5.65,5.54,5.59,69600,5.59
2009-11-10,5.45,5.55,5.40,5.54,31800,5.54
2009-11-09,5.40,5.49,5.31,5.49,127400,5.49
2009-11-06,5.39,5.49,5.32,5.33,186100,5.33
2009-11-05,5.59,5.59,5.45,5.46,11000,5.46
2009-11-04,5.63,5.63,5.52,5.57,32500,5.57
2009-11-03,5.44,5.58,5.40,5.52,29300,5.52
2009-11-02,5.26,5.49,5.23,5.49,48300,5.49
2009-10-30,5.40,5.40,5.26,5.29,12100,5.29
2009-10-29,5.32,5.45,5.30,5.41,16500,5.41
2009-10-28,5.39,5.40,5.27,5.30,42000,5.30
2009-10-27,5.50,5.50,5.35,5.42,20100,5.42
2009-10-26,5.79,5.79,5.51,5.53,57800,5.53
2009-10-23,5.79,5.99,5.70,5.72,60100,5.72
2009-10-22,5.70,5.77,5.61,5.72,35500,5.72
2009-10-21,5.45,5.73,5.45,5.66,84400,5.66
2009-10-20,5.50,5.54,5.45,5.47,81200,5.47
2009-10-19,5.44,5.54,5.40,5.47,53900,5.47
2009-10-16,5.31,5.45,5.31,5.40,19600,5.40
2009-10-15,5.41,5.44,5.31,5.36,99800,5.36
2009-10-14,5.55,5.67,5.44,5.50,77400,5.50
2009-10-13,5.43,5.54,5.39,5.53,68600,5.53
2009-10-12,5.25,5.45,5.22,5.40,91800,5.40
2009-10-09,5.15,5.19,5.10,5.17,12000,5.17
2009-10-08,5.10,5.24,5.06,5.18,41800,5.18
2009-10-07,5.00,5.06,5.00,5.04,48000,5.04
2009-10-06,4.90,5.10,4.90,5.02,63600,5.02
2009-10-05,4.78,4.93,4.78,4.90,41700,4.90
2009-10-02,4.94,4.94,4.74,4.74,32000,4.74
2009-10-01,5.00,5.00,4.92,4.96,24200,4.96
2009-09-30,4.91,5.02,4.90,5.02,41600,5.02
2009-09-29,5.00,5.00,4.90,4.95,8600,4.95
2009-09-28,4.95,4.99,4.92,4.99,4000,4.99
2009-09-25,5.03,5.04,4.90,4.93,19600,4.93
2009-09-24,4.92,5.08,4.90,5.00,52700,5.00
2009-09-23,4.93,5.04,4.93,4.96,45200,4.96
2009-09-22,4.90,4.95,4.87,4.89,20000,4.89
2009-09-21,4.91,4.91,4.85,4.88,31300,4.88
2009-09-18,5.00,5.01,4.93,4.94,40000,4.94
2009-09-17,5.05,5.05,4.93,4.99,70100,4.99
2009-09-16,5.15,5.29,4.93,5.01,61200,5.01
2009-09-15,4.90,5.16,4.90,5.13,58600,5.13
2009-09-14,4.71,4.94,4.71,4.87,22700,4.87
2009-09-11,5.10,5.10,4.80,4.95,103900,4.95
2009-09-10,4.90,4.98,4.83,4.92,85000,4.92
2009-09-09,4.93,4.93,4.85,4.90,3600,4.90
2009-09-08,4.93,4.99,4.87,4.92,29200,4.92
2009-09-04,5.00,5.00,4.92,4.99,19000,4.99
2009-09-03,5.07,5.14,4.92,5.04,48200,5.04
2009-09-02,5.15,5.15,5.08,5.11,20900,5.11
2009-09-01,5.26,5.29,5.05,5.11,150800,5.11
2009-08-31,5.15,5.27,5.12,5.24,126800,5.24
2009-08-28,5.32,5.32,5.21,5.21,2000,5.21
2009-08-27,5.28,5.28,5.23,5.23,1200,5.23
2009-08-26,5.27,5.34,5.21,5.34,3900,5.34
2009-08-25,5.37,5.40,5.20,5.20,15700,5.20
2009-08-24,5.11,5.29,5.10,5.29,14000,5.29
2009-08-21,5.23,5.25,5.15,5.15,9100,5.15
2009-08-20,5.32,5.32,5.15,5.23,5300,5.23
2009-08-19,5.96,6.19,5.12,5.20,68300,5.20
2009-08-18,5.17,5.30,5.14,5.29,5500,5.29
2009-08-17,5.25,5.26,5.11,5.14,13800,5.14
2009-08-14,5.43,5.43,5.30,5.30,21900,5.30
2009-08-13,5.50,5.50,5.35,5.45,24200,5.45
2009-08-12,5.56,5.58,5.31,5.57,19400,5.57
2009-08-11,5.51,5.55,5.33,5.55,30400,5.55
2009-08-10,5.48,5.55,5.40,5.45,7400,5.45
2009-08-07,5.48,5.49,5.39,5.39,5700,5.39
2009-08-06,5.57,5.69,5.50,5.50,5800,5.50
2009-08-05,5.79,5.79,5.55,5.58,15600,5.58
2009-08-04,5.91,6.00,5.79,5.79,4700,5.79
2009-08-03,5.72,6.04,5.72,6.00,6400,6.00
2009-07-31,5.45,5.66,5.42,5.66,10500,5.66
2009-07-30,5.43,5.50,5.42,5.50,3100,5.50
2009-07-29,5.35,5.39,5.21,5.24,16900,5.24
2009-07-28,5.37,5.43,5.34,5.37,16900,5.37
2009-07-27,5.45,5.45,5.27,5.42,38100,5.42
2009-07-24,5.58,5.58,5.24,5.40,45700,5.40
2009-07-23,5.40,5.68,5.36,5.66,6900,5.66
2009-07-22,5.86,5.86,5.27,5.34,10700,5.34
2009-07-21,5.55,5.60,5.36,5.52,11800,5.52
2009-07-20,5.66,5.66,5.31,5.45,20400,5.45
2009-07-17,5.21,5.46,5.21,5.46,3200,5.46
2009-07-16,5.58,5.58,5.21,5.48,5800,5.48
2009-07-15,5.63,5.63,5.45,5.56,11700,5.56
2009-07-14,5.62,5.62,5.44,5.62,9800,5.62
2009-07-13,5.40,5.63,5.40,5.63,6300,5.63
2009-07-10,5.30,5.48,5.19,5.43,9400,5.43
2009-07-09,5.24,5.48,5.24,5.37,5000,5.37
2009-07-08,5.30,5.47,5.22,5.28,29500,5.28
2009-07-07,5.42,5.52,5.36,5.45,9700,5.45
2009-07-06,5.53,5.53,5.51,5.51,1500,5.51
2009-07-02,5.55,5.62,5.53,5.59,28900,5.59
2009-07-01,5.84,5.84,5.65,5.78,1400,5.78
2009-06-30,6.45,6.45,5.42,5.66,7400,5.66
2009-06-29,6.05,6.05,5.90,5.96,4900,5.96
2009-06-26,5.97,5.98,5.90,5.98,10200,5.98
2009-06-25,5.88,6.10,5.88,5.98,3300,5.98
2009-06-24,6.08,6.08,5.99,6.02,16800,6.02
2009-06-23,5.97,6.12,5.97,6.12,4400,6.12
2009-06-22,6.10,6.10,5.92,6.01,20400,6.01
2009-06-19,6.12,6.24,6.12,6.20,3500,6.20
2009-06-18,6.18,6.21,6.18,6.21,400,6.21
2009-06-17,6.09,6.27,6.09,6.17,5100,6.17
2009-06-16,6.44,6.44,6.08,6.08,15900,6.08
2009-06-15,6.31,6.32,6.19,6.32,11700,6.32
2009-06-12,6.31,6.55,6.31,6.41,8000,6.41
2009-06-11,6.55,6.71,6.55,6.71,3000,6.71
2009-06-10,6.61,6.85,6.50,6.50,11300,6.50
2009-06-09,6.82,6.89,6.65,6.75,31900,6.75
2009-06-08,6.52,6.77,6.52,6.56,9200,6.56
2009-06-05,7.01,7.01,6.72,6.73,16100,6.73
2009-06-04,6.83,6.89,6.76,6.82,11000,6.82
2009-06-03,7.22,7.22,6.65,6.83,11700,6.83
2009-06-02,7.13,7.22,6.93,7.22,35400,7.22
2009-06-01,6.75,7.22,6.65,7.22,17700,7.22
2009-05-29,6.66,6.87,6.66,6.84,6000,6.84
2009-05-28,6.85,6.85,6.70,6.82,3200,6.82
2009-05-27,6.65,6.75,6.65,6.75,6200,6.75
2009-05-26,6.60,6.65,6.58,6.65,2300,6.65
2009-05-22,6.39,6.65,6.39,6.65,2600,6.65
2009-05-21,6.40,6.63,6.37,6.41,2900,6.41
2009-05-20,6.40,6.54,6.40,6.45,1600,6.45
2009-05-19,6.49,6.60,6.40,6.60,7100,6.60
2009-05-18,6.36,6.44,6.18,6.44,4500,6.44
2009-05-15,6.46,6.50,6.32,6.32,2700,6.32
2009-05-14,6.21,6.53,6.21,6.53,23400,6.53
2009-05-13,6.70,6.70,6.26,6.26,12400,6.26
2009-05-12,6.53,6.55,6.29,6.55,11200,6.55
2009-05-11,6.35,6.40,6.27,6.27,5700,6.27
2009-05-08,6.40,6.44,6.23,6.44,6500,6.44
2009-05-07,6.40,6.40,6.26,6.26,1200,6.26
2009-05-06,6.36,6.36,6.17,6.35,2300,6.35
2009-05-05,6.03,6.03,5.92,5.92,1100,5.92
2009-05-04,6.10,6.30,5.92,5.92,6700,5.92
2009-05-01,5.90,6.26,5.90,6.26,2800,6.26
2009-04-30,6.00,6.00,5.83,5.83,1900,5.83
2009-04-29,5.89,5.89,5.78,5.78,2600,5.78
2009-04-28,5.69,5.79,5.69,5.76,1500,5.76
2009-04-27,5.63,5.64,5.63,5.64,400,5.64
2009-04-24,5.95,6.00,5.95,6.00,5100,6.00
2009-04-23,5.92,5.96,5.67,5.96,13000,5.96
2009-04-22,5.87,5.94,5.86,5.86,2900,5.86
2009-04-21,5.69,5.84,5.69,5.84,1500,5.84
2009-04-20,5.61,5.62,5.55,5.55,1000,5.55
2009-04-17,5.80,5.93,5.79,5.79,7300,5.79
2009-04-16,5.85,5.85,5.74,5.74,1900,5.74
2009-04-15,5.93,5.93,5.93,5.93,000,5.93
2009-04-14,5.93,5.93,5.93,5.93,000,5.93
2009-04-13,5.73,5.93,5.73,5.93,4600,5.93
2009-04-09,5.88,5.92,5.88,5.92,2500,5.92
2009-04-08,5.95,5.99,5.95,5.99,1500,5.99
2009-04-07,6.10,6.10,5.98,6.00,5900,6.00
2009-04-06,5.91,5.91,5.91,5.91,200,5.91
2009-04-03,6.13,6.13,6.02,6.02,300,6.02
2009-04-02,6.02,6.02,6.00,6.00,5500,6.00
2009-04-01,5.90,5.90,5.89,5.89,400,5.89
2009-03-31,5.53,5.53,5.53,5.53,500,5.53
2009-03-30,5.50,5.75,5.50,5.75,5200,5.75
2009-03-27,5.79,5.83,5.61,5.61,2100,5.61
2009-03-26,5.83,5.88,5.83,5.88,4200,5.88
2009-03-25,5.87,5.93,5.75,5.75,9800,5.75
2009-03-24,5.82,6.05,5.82,5.82,3900,5.82
2009-03-23,6.07,6.09,5.86,5.91,3500,5.91
2009-03-20,6.01,6.04,5.85,5.87,7000,5.87
2009-03-19,5.95,5.95,5.95,5.95,100,5.95
2009-03-18,5.85,5.89,5.77,5.77,3600,5.77
2009-03-17,5.86,5.87,5.77,5.87,3400,5.87
2009-03-16,5.76,5.94,5.75,5.75,3600,5.75
2009-03-13,5.70,5.70,5.57,5.57,600,5.57
2009-03-12,5.55,5.55,5.45,5.50,1100,5.50
2009-03-11,5.50,5.50,5.40,5.40,700,5.40
2009-03-10,5.61,5.77,5.51,5.70,4300,5.70
2009-03-09,5.70,5.70,5.57,5.60,3500,5.60
2009-03-06,5.41,5.58,5.41,5.57,4100,5.57
2009-03-05,5.44,5.44,5.44,5.44,1500,5.44
2009-03-04,5.26,5.44,5.26,5.44,500,5.44
2009-03-03,5.44,5.44,5.42,5.42,500,5.42
2009-03-02,5.50,5.50,5.39,5.44,1300,5.44
2009-02-27,5.66,5.66,5.50,5.53,11800,5.53
2009-02-26,5.57,5.57,5.56,5.56,600,5.56
2009-02-25,5.10,5.87,5.10,5.87,22900,5.87
2009-02-24,5.32,5.32,5.31,5.31,1000,5.31
2009-02-23,5.45,5.50,5.31,5.33,4100,5.33
2009-02-20,5.45,5.50,5.45,5.50,2200,5.50
2009-02-19,5.49,5.49,5.46,5.46,1200,5.46
2009-02-18,5.50,5.50,5.42,5.42,1000,5.42
2009-02-17,5.42,5.72,5.42,5.53,9200,5.53
2009-02-13,5.71,6.05,5.71,6.00,11700,6.00
2009-02-12,5.99,5.99,5.96,5.96,3200,5.96
2009-02-11,6.10,7.88,5.99,5.99,16000,5.99
2009-02-10,6.05,6.22,6.00,6.22,7900,6.22
2009-02-09,6.38,6.38,5.77,6.30,12100,6.30
2009-02-06,5.91,6.27,5.91,6.26,8600,6.26
2009-02-05,6.06,6.06,6.06,6.06,800,6.06
2009-02-04,5.76,5.83,5.76,5.80,1000,5.80
2009-02-03,5.90,6.04,5.88,5.94,11100,5.94
2009-02-02,6.08,6.08,5.91,5.94,16600,5.94
2009-01-30,6.21,6.30,6.13,6.18,20800,6.18
2009-01-29,6.18,6.32,6.18,6.32,28500,6.32
2009-01-28,6.19,6.30,6.19,6.29,6000,6.29
2009-01-27,6.40,6.49,6.19,6.19,11400,6.19
2009-01-26,6.29,6.49,6.24,6.49,4500,6.49
2009-01-23,6.00,6.68,6.00,6.18,1300,6.18
2009-01-22,6.20,6.20,6.20,6.20,200,6.20
2009-01-21,6.13,6.42,6.00,6.42,14000,6.42
2009-01-20,6.13,6.13,6.13,6.13,100,6.13
2009-01-16,6.10,6.40,6.10,6.40,700,6.40
2009-01-15,5.90,5.92,5.90,5.92,700,5.92
2009-01-14,6.12,6.12,6.12,6.12,000,6.12
2009-01-13,5.93,6.18,5.93,6.12,2400,6.12
2009-01-12,6.55,6.55,5.56,5.63,5400,5.63
2009-01-09,6.45,6.65,6.45,6.47,11200,6.47
2009-01-08,6.31,6.31,6.31,6.31,1000,6.31
2009-01-07,6.57,6.65,6.35,6.35,6100,6.35
2009-01-06,6.62,6.65,6.50,6.65,6000,6.65
2009-01-05,6.55,6.55,6.38,6.38,5200,6.38
2009-01-02,6.49,6.50,6.22,6.48,9300,6.48
2008-12-31,6.35,6.50,6.33,6.35,4600,6.35
2008-12-30,6.37,6.37,6.37,6.37,000,6.37
2008-12-29,6.49,6.50,6.37,6.37,7400,6.37
2008-12-26,6.45,6.50,6.15,6.15,6000,6.15
2008-12-24,5.93,6.28,5.93,6.28,3400,6.28
2008-12-23,5.90,5.90,5.78,5.78,500,5.78
2008-12-22,5.82,6.06,5.82,5.90,3200,5.90
2008-12-19,5.68,5.99,5.68,5.79,5400,5.79
2008-12-18,5.88,5.89,5.79,5.87,1400,5.87
2008-12-17,5.72,5.92,5.72,5.90,1700,5.90
2008-12-16,5.84,5.91,5.49,5.49,5800,5.49
2008-12-15,5.62,5.79,5.62,5.79,700,5.79
2008-12-12,5.37,5.37,5.30,5.30,2200,5.30
2008-12-11,5.32,5.41,5.32,5.41,21200,5.41
2008-12-10,5.12,5.31,5.12,5.31,3600,5.31
2008-12-09,5.09,5.09,5.09,5.09,2100,5.09
2008-12-08,5.05,5.05,5.05,5.05,500,5.05
2008-12-05,5.29,5.29,5.29,5.29,000,5.29
2008-12-04,5.16,5.29,5.16,5.29,2900,5.29
2008-12-03,5.60,5.60,5.55,5.56,900,5.56
2008-12-02,5.42,5.44,5.42,5.44,500,5.44
2008-12-01,5.87,5.87,5.57,5.57,1800,5.57
2008-11-28,5.65,5.65,5.65,5.65,000,5.65
2008-11-26,5.65,5.65,5.65,5.65,000,5.65
2008-11-25,5.66,5.66,5.65,5.65,1300,5.65
2008-11-24,5.69,5.69,5.65,5.65,2900,5.65
2008-11-21,5.20,5.65,4.45,5.15,5800,5.15
2008-11-20,5.62,5.71,4.54,5.71,9400,5.71
2008-11-19,5.94,5.94,5.85,5.85,2100,5.85
2008-11-18,5.92,5.92,5.92,5.92,3800,5.92
2008-11-17,5.84,6.00,5.84,5.97,3500,5.97
2008-11-14,6.03,6.03,6.03,6.03,400,6.03
2008-11-13,5.77,5.98,5.54,5.71,3200,5.71
2008-11-12,5.71,5.75,5.68,5.75,7500,5.75
2008-11-11,5.74,5.74,5.73,5.73,200,5.73
2008-11-10,5.98,5.98,5.98,5.98,000,5.98
2008-11-07,6.27,6.27,5.98,5.98,23900,5.98
2008-11-06,5.90,5.92,5.77,5.77,2200,5.77
2008-11-05,6.10,6.11,5.08,5.31,1400,5.31
2008-11-04,5.91,5.91,5.87,5.87,600,5.87
2008-11-03,6.09,6.10,5.85,5.85,2100,5.85
2008-10-31,5.81,6.20,5.81,6.10,8200,6.10
2008-10-30,6.42,6.42,5.29,5.33,3800,5.33
2008-10-29,5.47,6.43,5.47,6.25,11200,6.25
2008-10-28,5.98,6.26,5.03,5.03,6500,5.03
2008-10-27,5.50,5.69,5.01,5.01,3300,5.01
2008-10-24,5.50,5.54,5.50,5.50,2900,5.50
2008-10-23,5.88,5.88,5.88,5.88,400,5.88
2008-10-22,6.35,7.65,5.98,5.99,1900,5.99
2008-10-21,5.58,6.24,5.58,6.24,2600,6.24
2008-10-20,5.49,5.49,5.49,5.49,000,5.49
2008-10-17,5.76,6.30,5.49,5.49,5500,5.49
2008-10-16,5.27,5.27,5.27,5.27,500,5.27
2008-10-15,6.05,6.05,6.05,6.05,200,6.05
2008-10-14,6.38,6.38,6.38,6.38,000,6.38
2008-10-13,6.18,6.46,6.18,6.38,6200,6.38
2008-10-10,5.86,5.86,5.73,5.73,1600,5.73
2008-10-09,6.74,6.74,5.87,6.40,4400,6.40
2008-10-08,6.32,6.35,6.26,6.30,2100,6.30
2008-10-07,6.48,6.54,6.38,6.54,3000,6.54
2008-10-06,6.70,7.06,6.29,6.39,3400,6.39
2008-10-03,6.97,7.03,6.73,6.73,2000,6.73
2008-10-02,7.36,7.36,6.93,6.93,1200,6.93
2008-10-01,7.45,7.45,7.45,7.45,000,7.45
2008-09-30,7.63,7.71,7.45,7.45,1200,7.45
2008-09-29,7.79,7.79,7.42,7.42,6500,7.42
2008-09-26,7.97,8.00,7.97,8.00,2600,8.00
2008-09-25,8.43,9.27,8.10,8.10,6600,8.10
2008-09-24,8.48,8.52,8.33,8.52,4500,8.52
2008-09-23,8.31,8.37,8.25,8.37,4900,8.37
2008-09-22,8.29,8.43,8.29,8.43,300,8.43
2008-09-19,8.11,8.26,8.02,8.24,5200,8.24
2008-09-18,8.25,8.25,7.76,7.78,8200,7.78
2008-09-17,7.99,8.05,7.99,8.05,700,8.05
2008-09-16,8.05,8.05,7.69,7.69,7700,7.69
2008-09-15,8.08,8.19,8.07,8.19,9400,8.19
2008-09-12,7.96,8.30,7.96,8.30,2500,8.30
2008-09-11,7.91,8.13,7.91,8.13,1400,8.13
2008-09-10,8.30,8.30,8.15,8.15,4100,8.15
2008-09-09,8.17,8.28,8.13,8.25,1700,8.25
2008-09-08,8.38,8.38,8.32,8.36,4300,8.36
2008-09-05,8.41,8.41,8.35,8.35,5100,8.35
2008-09-04,8.70,8.70,8.61,8.61,5000,8.61
2008-09-03,8.86,8.86,8.51,8.64,14700,8.64
2008-09-02,8.71,8.71,8.53,8.66,10700,8.66
2008-08-29,9.12,9.12,8.96,8.96,1100,8.96
2008-08-28,9.00,9.00,9.00,9.00,200,9.00
2008-08-27,9.26,9.26,9.19,9.19,5700,9.19
2008-08-26,9.25,9.32,9.00,9.32,11500,9.32
2008-08-25,9.42,9.68,9.35,9.36,4400,9.36
2008-08-22,9.66,9.66,9.52,9.58,1300,9.58
2008-08-21,9.45,9.96,9.45,9.70,42900,9.70
2008-08-20,9.27,9.43,9.27,9.43,5200,9.43
2008-08-19,9.10,9.42,9.09,9.22,5900,9.22
2008-08-18,8.81,9.31,8.81,9.19,13900,9.19
2008-08-15,8.94,8.96,8.73,8.73,4100,8.73
2008-08-14,9.05,9.23,9.05,9.05,8600,9.05
2008-08-13,8.73,9.17,8.73,9.16,11700,9.16
2008-08-12,8.43,8.54,8.43,8.54,4100,8.54
2008-08-11,8.15,8.51,8.15,8.43,4700,8.43
2008-08-08,8.56,8.57,8.20,8.25,7600,8.25
2008-08-07,8.25,8.73,8.25,8.72,9600,8.72
2008-08-06,8.38,8.38,8.38,8.38,1000,8.38
2008-08-05,8.56,8.76,8.56,8.76,186400,8.76
2008-08-04,9.22,9.22,8.56,8.56,10500,8.56
2008-08-01,9.22,9.22,9.00,9.09,5500,9.09
2008-07-31,9.35,9.35,9.25,9.25,4600,9.25
2008-07-30,9.25,9.25,9.25,9.25,1000,9.25
2008-07-29,9.15,9.15,9.07,9.15,8500,9.15
2008-07-28,9.23,9.24,9.14,9.20,6600,9.20
2008-07-25,9.12,9.29,9.12,9.29,1200,9.29
2008-07-24,9.06,9.13,8.97,8.97,2200,8.97
2008-07-23,8.35,9.16,8.35,9.16,38000,9.16
2008-07-22,9.21,9.21,9.13,9.17,1900,9.17
2008-07-21,9.38,9.38,9.18,9.18,12600,9.18
2008-07-18,9.63,9.73,9.49,9.49,4800,9.49
2008-07-17,9.75,9.88,9.63,9.63,39400,9.63
2008-07-16,9.74,10.06,9.72,10.00,14900,10.00
2008-07-15,10.34,10.34,9.80,9.87,7300,9.87
2008-07-14,10.29,10.29,9.94,10.04,13300,10.04
2008-07-11,9.90,10.36,9.50,10.32,7200,10.32
2008-07-10,10.26,10.28,10.16,10.17,6300,10.17
2008-07-09,10.26,10.31,10.19,10.31,12400,10.31
2008-07-08,10.20,10.38,10.14,10.32,15200,10.32
2008-07-07,10.92,10.92,10.28,10.41,16600,10.41
2008-07-03,10.86,11.08,10.86,11.08,15100,11.08
2008-07-02,10.94,10.94,10.94,10.94,300,10.94
2008-07-01,10.50,10.72,10.48,10.63,38000,10.63
2008-06-30,11.23,11.38,10.20,10.73,14000,10.73
2008-06-27,11.34,11.36,11.11,11.11,199500,11.11
2008-06-26,10.95,11.35,10.95,11.32,20300,11.32
2008-06-25,10.54,10.93,10.54,10.93,15200,10.93
2008-06-24,10.60,10.83,10.60,10.62,20500,10.62
2008-06-23,10.52,10.69,10.42,10.61,18900,10.61
2008-06-20,10.81,10.90,10.64,10.69,9000,10.69
2008-06-19,11.26,11.26,10.75,10.83,9800,10.83
2008-06-18,11.26,11.26,10.91,11.07,37100,11.07
2008-06-17,11.11,11.11,10.80,11.04,26600,11.04
2008-06-16,11.29,11.29,10.79,10.86,26600,10.86
2008-06-13,10.71,10.86,10.48,10.82,25900,10.82
2008-06-12,11.16,11.16,10.40,10.52,21400,10.52
2008-06-11,10.09,10.79,10.09,10.79,85500,10.79
2008-06-10,9.84,10.02,9.78,10.02,3500,10.02
2008-06-09,9.90,10.03,9.82,9.83,30000,9.83
2008-06-06,9.69,9.95,9.68,9.84,16200,9.84
2008-06-05,9.32,9.68,9.32,9.68,11000,9.68
2008-06-04,9.31,9.31,9.31,9.31,000,9.31
2008-06-03,9.26,9.43,9.26,9.31,1000,9.31
2008-06-02,9.20,9.50,9.20,9.38,2000,9.38
2008-05-30,8.96,9.17,8.96,9.16,2200,9.16
2008-05-29,8.95,8.95,8.75,8.89,3800,8.89
2008-05-28,8.97,9.13,8.94,9.13,2300,9.13
2008-05-27,9.07,9.11,9.05,9.11,1100,9.11
2008-05-23,9.44,9.44,9.08,9.09,6500,9.09
2008-05-22,9.13,9.18,9.13,9.18,200,9.18
2008-05-21,9.45,9.45,9.34,9.35,9200,9.35
2008-05-20,9.04,9.34,9.04,9.18,4300,9.18
2008-05-19,9.07,9.25,9.07,9.12,7800,9.12
2008-05-16,9.21,9.30,9.08,9.16,3900,9.16
2008-05-15,9.09,9.11,8.99,9.03,2300,9.03
2008-05-14,9.20,9.30,9.09,9.09,9300,9.09
2008-05-13,9.31,9.31,9.24,9.26,700,9.26
2008-05-12,9.53,9.53,9.35,9.40,8800,9.40
2008-05-09,9.69,9.77,8.51,9.45,39100,9.45
2008-05-08,9.39,9.63,9.39,9.63,15300,9.63
2008-05-07,9.47,9.47,9.32,9.37,12900,9.37
2008-05-06,9.24,9.48,9.24,9.37,4000,9.37
2008-05-05,9.65,9.65,9.08,9.08,7300,9.08
2008-05-02,9.19,9.41,9.19,9.39,7600,9.39
2008-05-01,9.36,9.36,9.14,9.24,5300,9.24
2008-04-30,9.29,9.35,9.00,9.00,11600,9.00
2008-04-29,9.77,9.77,9.17,9.21,8000,9.21
2008-04-28,9.41,9.50,9.19,9.50,33300,9.50
2008-04-25,9.06,9.30,8.95,9.30,9000,9.30
2008-04-24,9.41,9.50,9.22,9.25,9200,9.25
2008-04-23,9.63,9.63,9.42,9.47,8400,9.47
2008-04-22,9.49,9.72,9.48,9.68,8700,9.68
2008-04-21,9.80,9.80,9.25,9.48,21000,9.48
2008-04-18,9.91,9.91,9.71,9.77,7300,9.77
2008-04-17,10.17,10.17,9.91,10.01,4600,10.01
2008-04-16,10.01,10.06,9.87,10.06,9900,10.06
2008-04-15,9.96,10.04,9.96,9.99,4600,9.99
2008-04-14,9.88,9.88,9.84,9.87,3100,9.87
2008-04-11,10.01,10.05,9.78,9.82,32100,9.82
2008-04-10,10.22,10.22,9.91,9.93,7800,9.93
2008-04-09,9.99,10.26,9.84,10.10,31900,10.10
2008-04-08,9.85,9.91,9.85,9.91,3100,9.91
2008-04-07,10.44,10.44,9.79,9.79,19200,9.79
2008-04-04,10.00,10.17,10.00,10.11,11300,10.11
2008-04-03,10.54,10.54,9.76,9.91,101600,9.91
2008-04-02,9.73,9.95,9.69,9.90,3000,9.90
2008-04-01,9.50,9.70,9.42,9.65,24100,9.65
2008-03-31,10.69,10.69,9.56,9.61,14100,9.61
2008-03-28,9.65,9.91,9.65,9.90,7000,9.90
2008-03-27,10.10,10.20,9.97,9.97,7200,9.97
2008-03-26,10.34,10.34,10.04,10.04,4000,10.04
2008-03-25,9.97,10.36,9.97,10.25,2900,10.25
2008-03-24,9.42,9.89,9.42,9.80,4200,9.80
2008-03-20,9.66,9.66,9.22,9.46,18600,9.46
2008-03-19,10.37,10.37,9.80,9.83,13200,9.83
2008-03-18,10.24,10.55,10.24,10.50,7900,10.50
2008-03-17,10.75,10.82,10.25,10.28,26700,10.28
2008-03-14,11.17,11.19,10.60,10.76,19400,10.76
2008-03-13,11.24,11.44,11.14,11.14,9500,11.14
2008-03-12,11.01,11.33,10.97,11.32,21000,11.32
2008-03-11,10.93,11.31,10.80,11.15,25000,11.15
2008-03-10,10.20,10.76,10.10,10.76,17800,10.76
2008-03-07,10.38,10.38,10.26,10.30,10800,10.30
2008-03-06,10.77,10.78,10.49,10.51,11400,10.51
2008-03-05,10.56,10.62,10.50,10.50,18000,10.50
2008-03-04,10.63,10.71,10.30,10.34,40000,10.34
2008-03-03,10.72,10.87,10.53,10.64,35400,10.64
2008-02-29,10.73,10.74,10.42,10.45,38300,10.45
2008-02-28,10.93,10.99,10.83,10.94,28500,10.94
2008-02-27,10.30,11.49,10.23,11.00,63400,11.00
2008-02-26,11.00,11.36,10.53,11.32,40400,11.32
2008-02-25,10.93,11.10,10.37,11.10,22400,11.10
2008-02-22,10.09,10.15,9.95,10.12,33900,10.12
2008-02-21,10.01,10.09,9.94,10.06,17100,10.06
2008-02-20,10.04,10.05,9.90,9.95,36300,9.95
2008-02-19,10.02,10.16,9.91,10.06,29400,10.06
2008-02-15,9.97,9.97,9.88,9.93,25800,9.93
