Date,Open,High,Low,Close,Volume,Adj Close
2012-05-04,16.10,16.20,15.64,15.89,846700,15.89
2012-05-03,16.64,16.73,16.17,16.20,763500,16.20
2012-05-02,17.00,17.02,16.64,16.65,692500,16.65
2012-05-01,17.97,18.18,17.04,17.06,841100,17.06
2012-04-30,17.79,17.94,17.38,17.48,448500,17.48
2012-04-27,17.52,17.97,17.20,17.91,470000,17.91
2012-04-26,17.01,17.46,16.97,17.42,286700,17.42
2012-04-25,17.40,17.54,17.02,17.08,327800,17.08
2012-04-24,17.02,17.29,17.02,17.22,219400,17.22
2012-04-23,16.71,17.12,16.55,17.05,424400,17.05
2012-04-20,17.79,17.79,16.91,16.99,529600,16.99
2012-04-19,17.71,17.84,17.24,17.49,551200,17.49
2012-04-18,17.36,17.73,17.26,17.62,638600,17.62
2012-04-17,17.31,17.69,17.16,17.50,445400,17.50
2012-04-16,17.36,17.52,17.06,17.06,716100,17.06
2012-04-13,17.20,17.66,16.98,17.20,622200,17.20
2012-04-12,16.83,17.61,16.83,17.31,951600,17.31
2012-04-11,16.97,17.18,16.58,16.63,5471600,16.63
2012-04-10,17.25,17.25,16.42,16.53,2349400,16.53
2012-04-09,18.09,18.09,17.57,17.59,505100,17.59
2012-04-05,18.25,18.52,18.13,18.44,162300,18.44
2012-04-04,18.60,18.63,18.20,18.40,256000,18.40
2012-04-03,19.26,19.26,18.83,18.85,248900,18.85
2012-04-02,18.83,19.32,18.66,19.27,298500,19.27
2012-03-30,19.24,19.34,18.78,18.87,258500,18.87
2012-03-29,18.80,19.08,18.75,19.07,266200,19.07
2012-03-28,18.81,18.97,18.66,18.92,201000,18.92
2012-03-27,18.74,19.32,18.60,18.80,377300,18.80
2012-03-26,18.00,19.00,17.95,18.76,316700,18.76
2012-03-23,17.48,17.84,17.45,17.80,357700,17.80
2012-03-22,17.40,17.62,17.30,17.50,160700,17.50
2012-03-21,17.80,17.92,17.54,17.56,199800,17.56
2012-03-20,18.05,18.15,17.43,17.80,307600,17.80
2012-03-19,18.10,18.49,18.05,18.19,185100,18.19
2012-03-16,18.19,18.26,18.04,18.15,173600,18.15
2012-03-15,18.32,18.32,17.84,18.12,117900,18.12
2012-03-14,18.69,18.89,18.30,18.32,89200,18.32
2012-03-13,18.42,18.81,18.27,18.74,202500,18.74
2012-03-12,17.80,18.32,17.77,18.27,243500,18.27
2012-03-09,17.39,17.85,17.37,17.85,219700,17.85
2012-03-08,17.60,17.61,17.19,17.41,226400,17.41
2012-03-07,17.55,17.56,17.32,17.50,155400,17.50
2012-03-06,17.37,17.59,17.32,17.46,249400,17.46
2012-03-05,17.55,17.69,17.42,17.61,354600,17.61
2012-03-02,17.99,18.05,17.46,17.64,201700,17.64
2012-03-01,18.03,18.52,17.88,18.00,168900,18.00
2012-02-29,18.40,18.45,17.90,17.91,202600,17.91
2012-02-28,18.48,18.70,18.24,18.37,113400,18.37
2012-02-27,18.35,18.62,17.95,18.50,216100,18.50
2012-02-24,18.37,18.57,18.11,18.53,172000,18.53
2012-02-23,18.48,18.58,18.21,18.40,266500,18.40
2012-02-22,18.86,18.96,18.30,18.48,248100,18.48
2012-02-21,18.90,19.01,18.79,18.88,389600,18.88
2012-02-17,18.89,18.99,18.69,18.80,229300,18.80
2012-02-16,18.35,19.22,18.35,18.82,485100,18.82
2012-02-15,18.70,18.73,18.07,18.16,286100,18.16
2012-02-14,18.84,18.90,18.47,18.58,369100,18.58
2012-02-13,18.84,18.97,18.53,18.85,255200,18.85
2012-02-10,18.63,18.76,18.35,18.66,193500,18.66
2012-02-09,19.33,19.33,18.69,18.85,231800,18.85
2012-02-08,19.38,19.47,19.04,19.24,164800,19.24
2012-02-07,19.61,19.61,19.23,19.40,309600,19.40
2012-02-06,19.65,19.73,19.38,19.64,112600,19.64
2012-02-03,19.73,19.83,19.19,19.74,197700,19.74
2012-02-02,19.86,19.97,19.33,19.34,277400,19.34
2012-02-01,19.91,20.28,19.71,19.87,332900,19.87
2012-01-31,19.69,19.88,19.52,19.70,345100,19.70
2012-01-30,19.55,19.72,19.31,19.64,145600,19.64
2012-01-27,19.61,20.36,18.84,19.73,433200,19.73
2012-01-26,18.77,19.47,18.43,19.18,665500,19.18
2012-01-25,17.93,18.77,17.85,18.66,416500,18.66
2012-01-24,17.68,17.99,17.61,17.87,502200,17.87
2012-01-23,17.83,17.99,17.51,17.83,236800,17.83
2012-01-20,17.81,17.90,17.39,17.81,339500,17.81
2012-01-19,18.09,18.24,17.80,17.90,190000,17.90
2012-01-18,17.88,18.30,17.72,18.08,340500,18.08
2012-01-17,18.38,18.56,17.76,17.86,255000,17.86
2012-01-13,18.21,18.32,18.06,18.21,252500,18.21
2012-01-12,18.53,18.54,18.11,18.46,183600,18.46
2012-01-11,18.11,18.62,18.05,18.55,229000,18.55
2012-01-10,18.40,18.59,18.02,18.16,288500,18.16
2012-01-09,18.02,18.26,17.84,18.15,278200,18.15
2012-01-06,17.89,18.15,17.89,17.98,252100,17.98
2012-01-05,17.58,18.18,17.25,17.89,695100,17.89
2012-01-04,18.32,18.60,17.49,17.71,728000,17.71
2012-01-03,18.42,18.63,18.20,18.46,432000,18.46
2011-12-30,18.16,18.28,18.03,18.06,164700,18.06
2011-12-29,18.03,18.34,17.98,18.21,201000,18.21
2011-12-28,18.39,18.39,17.86,17.94,257400,17.94
2011-12-27,18.23,18.58,18.23,18.44,240700,18.44
2011-12-23,18.00,18.35,17.73,18.30,165800,18.30
2011-12-22,17.96,18.12,17.74,17.94,287100,17.94
2011-12-21,18.18,18.18,17.47,17.93,268600,17.93
2011-12-20,17.77,18.20,17.72,18.17,262800,18.17
2011-12-19,18.01,18.12,17.37,17.45,256200,17.45
2011-12-16,17.81,17.96,17.69,17.94,501500,17.94
2011-12-15,17.43,18.67,17.20,17.52,382800,17.52
2011-12-14,17.19,17.26,16.77,17.00,495600,17.00
2011-12-13,18.05,18.23,16.98,17.30,395800,17.30
2011-12-12,18.50,18.50,17.85,18.10,295900,18.10
2011-12-09,18.34,18.91,18.27,18.76,266900,18.76
2011-12-08,18.63,18.68,18.07,18.38,462800,18.38
2011-12-07,18.49,18.88,18.20,18.78,430900,18.78
2011-12-06,18.82,18.94,18.47,18.63,339000,18.63
2011-12-05,18.87,18.93,18.49,18.75,292400,18.75
2011-12-02,18.70,18.86,18.43,18.55,262600,18.55
2011-12-01,18.27,19.13,17.97,18.44,536700,18.44
2011-11-30,17.80,18.41,17.62,18.15,690100,18.15
2011-11-29,17.18,17.34,16.49,17.22,673500,17.22
2011-11-28,17.07,17.63,16.77,17.21,846100,17.21
2011-11-25,16.43,16.68,16.31,16.60,342900,16.60
2011-11-23,15.93,16.64,15.80,16.50,650000,16.50
2011-11-22,16.65,16.81,16.14,16.14,314700,16.14
2011-11-21,17.25,17.36,16.58,16.63,424000,16.63
2011-11-18,17.16,17.54,16.95,17.50,798700,17.50
2011-11-17,17.36,17.44,16.67,17.13,1490700,17.13
2011-11-16,18.40,18.65,17.18,17.37,881600,17.37
2011-11-15,18.50,18.82,18.31,18.56,491100,18.56
2011-11-14,19.37,19.37,18.58,18.63,460500,18.63
2011-11-11,19.43,19.57,19.36,19.47,412500,19.47
2011-11-10,19.51,19.60,19.13,19.21,688400,19.21
2011-11-09,19.32,19.70,18.90,19.20,716200,19.20
2011-11-08,19.39,19.85,19.11,19.74,847800,19.74
2011-11-07,19.75,19.80,18.96,19.32,579500,19.32
2011-11-04,20.49,20.50,19.66,19.76,562500,19.76
2011-11-03,20.75,21.24,20.44,20.71,625300,20.71
2011-11-02,21.35,21.48,19.96,20.44,625500,20.44
2011-11-01,21.17,22.46,20.99,21.09,439200,21.09
2011-10-31,21.23,22.07,21.19,21.92,326000,21.92
2011-10-28,22.81,23.00,21.00,21.49,596400,21.49
2011-10-27,22.22,23.01,22.08,22.60,771400,22.60
2011-10-26,21.47,21.69,20.89,21.35,606800,21.35
2011-10-25,22.10,22.18,21.03,21.13,371400,21.13
2011-10-24,21.58,22.47,21.50,22.15,387600,22.15
2011-10-21,21.70,21.72,20.99,21.55,444600,21.55
2011-10-20,21.51,21.80,20.79,21.31,440900,21.31
2011-10-19,22.39,22.73,21.42,21.57,233000,21.57
2011-10-18,21.72,22.60,21.72,22.46,347500,22.46
2011-10-17,22.36,22.46,21.39,21.47,292600,21.47
2011-10-14,22.35,22.58,21.77,22.48,255200,22.48
2011-10-13,21.75,22.22,21.55,22.08,131400,22.08
2011-10-12,21.76,22.17,21.53,21.99,323900,21.99
2011-10-11,21.19,21.81,21.19,21.68,333100,21.68
2011-10-10,20.90,21.45,20.90,21.41,524900,21.41
2011-10-07,21.52,21.73,20.74,20.79,340400,20.79
2011-10-06,20.85,21.67,20.54,21.45,384100,21.45
2011-10-05,20.83,21.05,20.31,20.90,357900,20.90
2011-10-04,20.19,20.93,19.46,20.88,576500,20.88
2011-10-03,21.83,22.09,20.25,20.44,725000,20.44
2011-09-30,21.83,22.24,21.62,21.82,443800,21.82
2011-09-29,22.69,22.69,21.56,22.12,387600,22.12
2011-09-28,23.04,23.36,22.05,22.08,424500,22.08
2011-09-27,23.63,23.74,22.83,23.06,497100,23.06
2011-09-26,22.87,23.18,22.40,23.15,426400,23.15
2011-09-23,22.81,23.04,22.24,22.63,566700,22.63
2011-09-22,22.40,23.00,21.51,22.85,888700,22.85
2011-09-21,23.92,24.30,22.97,23.06,585500,23.06
2011-09-20,24.17,24.57,23.72,23.85,693700,23.85
2011-09-19,23.89,24.24,23.57,24.00,763800,24.00
2011-09-16,24.24,24.89,23.57,24.13,1158300,24.13
2011-09-15,23.39,24.19,23.03,24.07,838200,24.07
2011-09-14,22.76,23.46,22.54,23.11,681500,23.11
2011-09-13,21.84,22.53,21.61,22.32,285000,22.32
2011-09-12,21.35,21.77,21.05,21.77,502800,21.77
2011-09-09,22.53,22.98,21.61,21.73,699300,21.73
2011-09-08,21.86,22.84,21.71,22.73,632200,22.73
2011-09-07,22.13,22.15,21.72,22.11,607900,22.11
2011-09-06,20.54,21.94,20.54,21.87,491100,21.87
2011-09-02,20.90,21.49,20.75,21.29,420900,21.29
2011-09-01,22.13,22.58,21.20,21.47,445400,21.47
2011-08-31,22.86,22.93,21.73,22.07,439600,22.07
2011-08-30,22.06,23.14,22.01,22.70,835600,22.70
2011-08-29,22.14,22.50,21.85,22.07,402800,22.07
2011-08-26,20.74,22.23,19.86,21.71,743100,21.71
2011-08-25,19.71,20.24,18.96,19.10,245900,19.10
2011-08-24,18.64,19.60,18.63,19.54,374500,19.54
2011-08-23,18.00,18.80,17.76,18.73,444200,18.73
2011-08-22,18.46,18.48,17.78,17.98,313700,17.98
2011-08-19,18.07,18.86,17.88,18.01,354800,18.01
2011-08-18,19.45,19.50,18.17,18.35,572800,18.35
2011-08-17,20.34,20.57,19.66,20.04,419200,20.04
2011-08-16,20.42,20.64,20.00,20.19,240800,20.19
2011-08-15,19.85,20.82,19.85,20.69,375200,20.69
2011-08-12,19.57,20.24,19.44,19.69,392500,19.69
2011-08-11,17.84,19.51,17.81,19.35,554600,19.35
2011-08-10,18.86,18.97,17.41,17.72,744200,17.72
2011-08-09,19.30,19.55,17.80,19.37,782900,19.37
2011-08-08,19.91,20.83,18.89,18.90,687800,18.90
2011-08-05,20.39,20.97,19.56,20.53,443600,20.53
2011-08-04,21.26,21.36,20.16,20.19,308900,20.19
2011-08-03,21.28,21.58,20.78,21.49,205900,21.49
2011-08-02,21.80,22.04,21.26,21.27,438400,21.27
2011-08-01,21.93,22.21,21.67,21.92,374000,21.92
2011-07-29,21.20,21.76,20.96,21.61,266200,21.61
2011-07-28,21.43,21.71,21.20,21.46,207800,21.46
2011-07-27,22.01,22.07,21.13,21.35,249500,21.35
2011-07-26,22.48,22.48,22.06,22.07,148400,22.07
2011-07-25,22.34,22.67,22.15,22.41,236800,22.41
2011-07-22,22.39,22.70,22.13,22.52,210100,22.52
2011-07-21,22.13,22.55,21.98,22.39,177300,22.39
2011-07-20,21.76,22.13,21.66,22.01,173300,22.01
2011-07-19,21.49,21.94,21.49,21.77,194800,21.77
2011-07-18,21.75,21.94,20.86,21.36,380200,21.36
2011-07-15,22.08,22.41,21.74,21.84,273600,21.84
2011-07-14,22.57,22.71,21.92,22.03,218300,22.03
2011-07-13,22.69,23.01,22.23,22.46,431900,22.46
2011-07-12,22.57,23.05,22.40,22.59,319000,22.59
2011-07-11,22.72,22.88,22.33,22.60,310700,22.60
2011-07-08,22.65,22.96,22.57,22.94,385300,22.94
2011-07-07,22.96,23.25,22.83,22.85,622400,22.85
2011-07-06,21.91,22.94,21.87,22.81,1317100,22.81
2011-07-05,21.70,22.13,21.58,21.96,348000,21.96
2011-07-01,21.79,21.81,21.48,21.60,600800,21.60
2011-06-30,21.30,21.78,21.30,21.65,202000,21.65
2011-06-29,21.00,21.25,20.85,21.20,169500,21.20
2011-06-28,20.98,21.14,20.80,20.95,338900,20.95
2011-06-27,20.57,21.06,20.40,20.93,361800,20.93
2011-06-24,21.40,21.44,20.31,20.61,539300,20.61
2011-06-23,21.30,21.45,20.67,21.40,490800,21.40
2011-06-22,21.81,22.03,21.44,21.48,297700,21.48
2011-06-21,21.84,22.21,21.73,21.99,310000,21.99
2011-06-20,21.58,21.83,21.33,21.68,256600,21.68
2011-06-17,21.52,21.96,21.27,21.67,583500,21.67
2011-06-16,21.56,21.72,21.18,21.41,557200,21.41
2011-06-15,21.66,21.80,21.39,21.55,237500,21.55
2011-06-14,21.61,22.02,21.24,21.86,310500,21.86
2011-06-13,21.32,21.63,21.27,21.32,313400,21.32
2011-06-10,21.32,21.50,20.95,21.24,389400,21.24
2011-06-09,21.61,21.63,21.23,21.46,236000,21.46
2011-06-08,20.97,21.68,20.80,21.51,460500,21.51
2011-06-07,21.53,21.53,21.06,21.07,195600,21.07
2011-06-06,21.71,21.84,21.09,21.32,383300,21.32
2011-06-03,21.91,22.35,21.71,21.74,243300,21.74
2011-06-02,22.42,22.62,22.12,22.27,245100,22.27
2011-06-01,22.69,22.73,22.28,22.29,366000,22.29
2011-05-31,22.43,22.77,22.14,22.71,324400,22.71
2011-05-27,22.25,22.32,21.89,22.15,137800,22.15
2011-05-26,21.89,22.24,21.84,22.20,164200,22.20
2011-05-25,21.55,22.08,21.38,22.01,208800,22.01
2011-05-24,21.82,21.85,21.29,21.65,300000,21.65
2011-05-23,22.10,22.28,21.77,21.79,255100,21.79
2011-05-20,22.83,22.92,22.25,22.29,360900,22.29
2011-05-19,22.82,23.00,22.58,22.99,502900,22.99
2011-05-18,22.37,22.70,22.28,22.65,113800,22.65
2011-05-17,22.19,22.47,21.95,22.35,208600,22.35
2011-05-16,22.47,22.98,22.31,22.33,252000,22.33
2011-05-13,23.09,23.23,22.35,22.65,304500,22.65
2011-05-12,23.03,23.30,22.62,23.28,283800,23.28
2011-05-11,23.05,23.32,22.95,23.20,416000,23.20
2011-05-10,22.50,23.18,22.46,23.04,426300,23.04
2011-05-09,22.18,22.55,22.00,22.49,216600,22.49
2011-05-06,22.67,22.75,22.13,22.24,272000,22.24
2011-05-05,22.23,22.84,22.04,22.43,324200,22.43
2011-05-04,22.41,22.42,22.00,22.32,329200,22.32
2011-05-03,22.77,22.80,22.01,22.33,396200,22.33
2011-05-02,23.21,23.50,22.85,22.87,567900,22.87
2011-04-29,22.00,23.41,22.00,22.98,1656400,22.98
2011-04-28,21.23,21.96,21.22,21.75,591400,21.75
2011-04-27,20.76,21.32,20.71,21.16,425100,21.16
2011-04-26,20.74,20.83,20.57,20.79,274300,20.79
2011-04-25,20.84,20.94,20.59,20.71,300800,20.71
2011-04-21,20.75,20.97,20.42,20.78,552400,20.78
2011-04-20,21.00,21.04,20.14,20.59,647400,20.59
2011-04-19,20.47,21.00,20.30,20.97,872300,20.97
2011-04-18,20.36,20.43,20.00,20.41,529300,20.41
2011-04-15,20.48,20.74,20.25,20.59,292900,20.59
2011-04-14,20.24,20.70,20.24,20.55,571200,20.55
2011-04-13,20.73,20.73,20.20,20.52,553400,20.52
2011-04-12,20.58,20.86,20.23,20.68,947900,20.68
2011-04-11,20.91,20.91,20.10,20.45,1896200,20.45
2011-04-08,21.58,21.79,21.00,21.03,4547900,21.03
2011-04-07,20.91,21.74,20.91,21.33,607400,21.33
2011-04-06,20.55,21.20,20.38,20.88,692500,20.88
2011-04-05,22.15,22.44,21.64,21.77,357000,21.77
2011-04-04,21.73,22.70,21.49,22.15,739600,22.15
2011-04-01,20.93,21.11,20.01,20.83,299600,20.83
2011-03-31,20.91,21.11,20.61,20.75,97000,20.75
2011-03-30,20.60,21.20,20.53,20.91,101400,20.91
2011-03-29,20.56,20.83,20.35,20.48,218700,20.48
2011-03-28,20.63,20.89,20.48,20.54,116700,20.54
2011-03-25,20.85,21.13,20.53,20.60,195600,20.60
2011-03-24,20.54,20.81,20.32,20.72,238200,20.72
2011-03-23,20.87,20.87,20.26,20.44,479100,20.44
2011-03-22,21.61,21.68,20.90,20.94,251500,20.94
2011-03-21,21.76,21.79,21.55,21.62,422700,21.62
2011-03-18,21.09,21.56,20.80,21.48,676600,21.48
2011-03-17,21.11,21.36,20.75,20.78,241500,20.78
2011-03-16,20.93,21.03,20.47,20.80,232900,20.80
2011-03-15,20.54,21.04,20.45,20.99,158300,20.99
2011-03-14,20.95,21.19,20.95,21.10,236300,21.10
2011-03-11,21.06,21.34,21.00,21.20,181400,21.20
2011-03-10,21.07,21.23,20.82,21.14,297400,21.14
2011-03-09,21.54,21.78,21.20,21.39,227400,21.39
2011-03-08,21.27,21.65,20.80,21.46,135800,21.46
2011-03-07,21.32,21.43,20.96,21.29,276000,21.29
2011-03-04,21.31,21.44,20.86,21.27,247000,21.27
2011-03-03,21.03,21.41,20.90,21.26,253100,21.26
2011-03-02,20.81,20.99,20.57,20.80,159000,20.80
2011-03-01,21.47,21.60,20.78,20.86,341400,20.86
2011-02-28,20.98,21.43,20.73,21.39,349800,21.39
2011-02-25,20.50,20.84,20.45,20.83,112700,20.83
2011-02-24,20.13,20.50,19.96,20.49,275400,20.49
2011-02-23,20.55,20.59,19.97,20.05,210700,20.05
2011-02-22,20.67,20.72,20.14,20.42,267000,20.42
2011-02-18,20.73,21.11,20.45,20.92,266800,20.92
2011-02-17,20.76,20.93,20.44,20.57,158900,20.57
2011-02-16,20.26,20.80,20.09,20.72,219600,20.72
2011-02-15,20.30,20.50,19.98,20.21,199700,20.21
2011-02-14,20.33,20.52,20.17,20.31,116200,20.31
2011-02-11,20.47,20.59,20.09,20.43,240400,20.43
2011-02-10,20.37,20.54,20.11,20.48,309500,20.48
2011-02-09,20.50,20.58,20.20,20.37,131000,20.37
2011-02-08,19.75,20.55,19.39,20.51,267600,20.51
2011-02-07,19.88,20.64,19.34,19.86,214400,19.86
2011-02-04,30.53,30.53,29.48,29.67,270800,19.78
2011-02-03,30.65,30.76,30.07,30.54,189600,20.36
2011-02-02,31.45,31.88,30.82,30.86,144200,20.57
2011-02-01,30.97,31.76,30.46,31.59,429200,21.06
2011-01-31,30.36,31.19,29.64,30.63,231200,20.42
2011-01-28,30.96,31.47,28.93,30.10,626100,20.07
2011-01-27,30.08,30.89,30.08,30.84,280500,20.56
2011-01-26,29.02,30.38,29.02,30.25,293200,20.17
2011-01-25,28.79,29.33,28.19,29.28,407600,19.52
2011-01-24,29.52,29.70,28.89,29.00,355600,19.33
2011-01-21,29.97,30.18,29.32,29.60,236700,19.73
2011-01-20,29.82,30.66,29.50,29.80,243000,19.87
2011-01-19,30.79,30.90,29.68,30.10,358800,20.07
2011-01-18,30.81,31.05,30.33,30.88,154400,20.59
2011-01-14,30.97,31.10,30.64,31.00,301800,20.67
2011-01-13,31.07,31.24,30.63,30.98,284600,20.65
2011-01-12,31.28,31.29,30.86,31.14,225600,20.76
2011-01-11,31.20,31.30,30.74,30.98,309900,20.65
2011-01-10,30.28,31.42,30.18,31.15,349200,20.77
2011-01-07,30.75,30.92,29.76,30.34,118800,20.23
2011-01-06,31.00,31.53,30.52,30.74,394400,20.49
2011-01-05,30.17,31.11,29.94,31.02,531900,20.68
2011-01-04,30.80,31.08,29.26,30.10,573400,20.07
2011-01-03,29.50,32.47,29.38,30.57,1473800,20.38
2010-12-31,28.42,28.72,28.08,28.63,221600,19.09
2010-12-30,28.35,28.54,27.96,28.40,145000,18.93
2010-12-29,28.26,28.49,28.05,28.32,135800,18.88
2010-12-28,28.29,28.32,27.72,28.14,150900,18.76
2010-12-27,27.95,28.28,27.95,28.26,106400,18.84
2010-12-23,28.24,28.37,27.97,28.13,69400,18.75
2010-12-22,28.26,28.49,27.99,28.12,66400,18.75
2010-12-21,28.15,28.56,27.88,28.18,169600,18.79
2010-12-20,27.19,28.17,27.19,27.97,391800,18.65
2010-12-17,27.18,27.18,26.32,27.01,384900,18.01
2010-12-16,27.31,27.48,26.73,27.25,459900,18.17
2010-12-15,27.27,27.59,27.08,27.14,406200,18.09
2010-12-14,28.41,28.41,27.02,27.28,441000,18.19
2010-12-13,28.43,28.54,28.10,28.25,346800,18.83
2010-12-10,28.24,28.55,28.12,28.45,243300,18.97
2010-12-09,28.29,28.61,28.25,28.28,172800,18.85
2010-12-08,28.37,28.45,27.96,28.02,227000,18.68
2010-12-07,28.16,28.43,27.92,28.23,381800,18.82
2010-12-06,27.37,27.98,27.12,27.90,290400,18.60
2010-12-03,27.06,27.76,26.82,27.47,443000,18.31
2010-12-02,26.57,27.34,26.57,27.26,479000,18.17
2010-12-01,26.64,26.85,26.29,26.75,394500,17.83
2010-11-30,26.27,26.47,26.11,26.18,244000,17.45
2010-11-29,26.33,26.87,26.00,26.53,351000,17.69
2010-11-26,25.93,26.85,25.91,26.56,77100,17.71
2010-11-24,25.99,26.25,25.79,26.04,314800,17.36
2010-11-23,25.48,26.25,25.18,25.84,699800,17.23
2010-11-22,25.56,25.67,24.80,25.56,261200,17.04
2010-11-19,25.46,25.81,25.21,25.61,178500,17.07
2010-11-18,25.26,25.89,25.16,25.53,290700,17.02
2010-11-17,25.01,25.18,24.78,24.98,146100,16.65
2010-11-16,24.89,25.22,24.18,25.16,235000,16.77
2010-11-15,25.07,25.51,24.83,25.13,153400,16.75
2010-11-12,25.14,25.29,24.71,25.03,166400,16.69
2010-11-11,25.06,25.54,24.69,25.43,219200,16.95
2010-11-10,24.80,25.40,24.31,25.27,218000,16.85
2010-11-09,25.28,25.43,24.50,24.66,247000,16.44
2010-11-08,25.22,25.59,25.19,25.25,170000,16.83
2010-11-05,25.46,25.76,25.10,25.41,144900,16.94
2010-11-04,24.50,25.42,24.23,25.41,315800,16.94
2010-11-03,24.11,24.27,23.44,24.07,146400,16.05
2010-11-02,24.21,24.44,23.84,24.02,208800,16.01
2010-11-01,25.01,25.45,23.81,23.94,299700,15.96
2010-10-29,23.34,25.43,23.15,25.02,789000,16.68
2010-10-28,24.07,24.08,22.84,23.55,200200,15.70
2010-10-27,23.55,23.94,23.07,23.82,400600,15.88
2010-10-26,23.92,24.21,23.45,23.59,641400,15.73
2010-10-25,24.35,24.75,24.05,24.12,474000,16.08
2010-10-22,24.17,24.18,23.99,24.12,247400,16.08
2010-10-21,24.22,24.29,23.79,24.09,362700,16.06
2010-10-20,23.80,24.25,23.50,24.04,404200,16.03
2010-10-19,22.80,23.85,22.80,23.71,633300,15.81
2010-10-18,23.12,23.35,22.92,23.19,116400,15.46
2010-10-15,23.37,23.49,22.95,23.00,273000,15.33
2010-10-14,22.52,23.25,22.17,23.20,333000,15.47
2010-10-13,22.51,22.84,22.32,22.59,204600,15.06
2010-10-12,22.21,22.45,21.98,22.41,96000,14.94
2010-10-11,22.45,22.55,22.23,22.26,85400,14.84
2010-10-08,22.10,22.52,21.86,22.40,206700,14.93
2010-10-07,21.52,22.15,20.95,22.04,206800,14.69
2010-10-06,21.72,21.77,20.00,21.45,183400,14.30
2010-10-05,20.98,21.83,20.79,21.73,143000,14.49
2010-10-04,21.14,21.21,20.54,20.71,163000,13.81
2010-10-01,20.98,21.19,20.67,21.13,200700,14.09
2010-09-30,21.25,21.34,20.66,20.87,174800,13.91
2010-09-29,21.07,21.34,20.01,21.07,346000,14.05
2010-09-28,20.85,21.24,20.18,21.19,209700,14.13
2010-09-27,21.05,21.17,20.68,20.75,118400,13.83
2010-09-24,20.89,21.34,20.30,21.05,606300,14.03
2010-09-23,19.43,20.80,19.35,20.60,491400,13.73
2010-09-22,19.80,20.09,19.36,19.61,227700,13.07
2010-09-21,19.10,20.00,18.97,19.81,459300,13.21
2010-09-20,18.39,19.10,18.30,19.09,362700,12.73
2010-09-17,17.91,18.47,17.91,18.30,515400,12.20
2010-09-16,17.98,18.18,17.47,17.95,170200,11.97
2010-09-15,17.89,18.30,17.61,18.06,175400,12.04
2010-09-14,18.37,18.44,17.94,18.01,262600,12.01
2010-09-13,19.00,19.11,18.44,18.47,282200,12.31
2010-09-10,18.70,19.32,18.47,19.02,185000,12.68
2010-09-09,18.96,19.18,18.50,18.70,214500,12.47
2010-09-08,18.81,18.94,18.62,18.70,155700,12.47
2010-09-07,19.96,20.05,18.78,18.82,172200,12.55
2010-09-03,20.15,20.17,19.68,19.99,185400,13.33
2010-09-02,19.83,19.91,19.48,19.85,176000,13.23
2010-09-01,19.64,19.91,19.27,19.77,273300,13.18
2010-08-31,19.13,19.50,18.83,19.34,368100,12.89
2010-08-30,19.67,20.24,19.04,19.08,654000,12.72
2010-08-27,16.48,19.86,16.14,19.78,1868700,13.19
2010-08-26,15.15,15.73,15.02,15.62,470700,10.41
2010-08-25,15.16,15.28,14.90,15.06,312800,10.04
2010-08-24,15.60,15.84,15.23,15.24,243900,10.16
2010-08-23,15.74,16.08,15.42,15.83,212400,10.55
2010-08-20,16.11,16.16,15.64,15.67,176400,10.45
2010-08-19,16.22,16.46,15.89,16.20,244800,10.80
2010-08-18,16.15,16.42,15.95,16.22,188400,10.81
2010-08-17,16.21,16.27,15.94,16.13,354900,10.75
2010-08-16,15.91,16.12,15.72,16.02,198300,10.68
2010-08-13,16.02,16.39,15.83,16.04,329600,10.69
2010-08-12,16.43,16.62,16.02,16.11,336400,10.74
2010-08-11,17.03,17.21,16.65,16.71,616400,11.14
2010-08-10,18.06,18.19,17.32,17.37,179700,11.58
2010-08-09,18.22,18.37,17.83,18.22,291800,12.15
2010-08-06,18.40,18.58,17.70,18.06,218400,12.04
2010-08-05,18.77,18.84,18.56,18.58,103400,12.39
2010-08-04,19.33,19.47,18.68,18.95,251100,12.63
2010-08-03,19.56,19.66,18.97,19.30,132800,12.87
2010-08-02,19.93,20.01,19.49,19.69,137400,13.13
2010-07-30,19.46,20.24,19.38,19.61,189400,13.07
2010-07-29,19.85,19.91,19.28,19.80,188200,13.20
2010-07-28,19.79,19.91,19.55,19.80,375900,13.20
2010-07-27,19.97,20.24,19.62,19.89,207300,13.26
2010-07-26,19.36,19.96,19.24,19.90,197100,13.27
2010-07-23,18.60,19.56,18.59,19.25,192900,12.83
2010-07-22,18.25,18.77,18.22,18.73,443600,12.49
2010-07-21,17.79,18.31,17.69,17.99,242200,11.99
2010-07-20,17.51,17.85,17.29,17.64,390400,11.76
2010-07-19,17.33,17.74,17.11,17.73,279900,11.82
2010-07-16,17.88,17.88,16.86,17.22,523200,11.48
2010-07-15,18.50,18.52,17.84,18.04,117900,12.03
2010-07-14,18.57,18.73,18.34,18.44,194700,12.29
2010-07-13,18.28,18.70,17.95,18.67,177400,12.45
2010-07-12,18.09,18.34,17.79,18.04,95400,12.03
2010-07-09,18.07,18.17,17.78,18.11,104000,12.07
2010-07-08,18.21,18.21,17.79,18.05,286400,12.03
2010-07-07,17.54,18.05,17.33,18.03,218700,12.02
2010-07-06,18.83,18.83,17.40,17.52,482200,11.68
2010-07-02,19.50,19.58,18.47,18.53,197000,12.35
2010-07-01,19.76,19.76,18.84,19.34,519000,12.89
2010-06-30,20.35,20.45,19.53,19.79,339900,13.19
2010-06-29,20.28,20.57,20.08,20.26,311700,13.51
2010-06-28,20.27,20.72,20.11,20.53,323100,13.69
2010-06-25,20.17,20.41,20.00,20.19,448800,13.46
2010-06-24,20.15,20.46,19.97,20.13,197400,13.42
2010-06-23,20.22,20.42,19.94,20.28,400000,13.52
2010-06-22,20.35,20.55,20.10,20.20,245000,13.47
2010-06-21,20.35,20.38,20.00,20.23,207200,13.49
2010-06-18,20.04,20.31,19.95,20.07,286600,13.38
2010-06-17,20.04,20.21,19.79,20.01,132000,13.34
2010-06-16,19.46,19.99,19.35,19.88,347400,13.25
2010-06-15,19.58,19.64,18.97,19.55,422600,13.03
2010-06-14,19.49,19.62,19.30,19.53,256000,13.02
2010-06-11,18.50,19.30,18.35,19.29,245400,12.86
2010-06-10,18.58,18.86,18.37,18.74,150600,12.49
2010-06-09,18.10,18.63,17.97,18.28,258600,12.19
2010-06-08,17.98,18.19,17.59,17.91,319800,11.94
2010-06-07,18.59,18.86,17.93,17.97,367200,11.98
2010-06-04,19.10,19.36,18.10,18.48,351900,12.32
2010-06-03,19.75,20.05,19.25,19.65,266000,13.10
2010-06-02,19.34,19.86,19.14,19.85,181400,13.23
2010-06-01,20.00,20.45,19.29,19.35,195000,12.90
2010-05-28,20.61,20.83,19.64,20.20,236100,13.47
2010-05-27,19.94,20.71,19.50,20.66,388400,13.77
2010-05-26,20.03,20.45,19.44,19.55,174900,13.03
2010-05-25,20.16,20.20,19.58,19.97,201000,13.31
2010-05-24,20.74,20.89,20.35,20.64,262600,13.76
2010-05-21,20.07,20.77,19.53,20.70,334200,13.80
2010-05-20,20.49,20.85,20.23,20.36,289800,13.57
2010-05-19,21.01,21.49,20.70,21.01,364400,14.01
2010-05-18,22.29,22.49,21.00,21.13,189000,14.09
2010-05-17,22.49,23.04,21.41,22.00,280200,14.67
2010-05-14,22.40,22.41,21.99,22.32,252800,14.88
2010-05-13,22.86,23.30,22.49,22.58,118000,15.05
2010-05-12,22.73,23.08,22.62,22.99,205500,15.33
2010-05-11,22.28,23.02,21.93,22.61,274600,15.07
2010-05-10,22.74,23.34,22.25,22.51,191100,15.01
2010-05-07,22.54,22.70,21.46,21.88,352200,14.59
2010-05-06,23.58,23.87,20.26,22.80,789000,15.20
2010-05-05,22.62,24.48,22.04,23.78,415400,15.85
2010-05-04,23.76,23.96,22.62,22.62,259000,15.08
2010-05-03,23.44,24.19,23.36,24.13,188200,16.09
2010-04-30,24.36,24.50,23.31,23.41,197800,15.61
2010-04-29,24.36,24.58,24.01,24.47,150900,16.31
2010-04-28,24.79,24.90,24.18,24.27,239600,16.18
2010-04-27,25.24,25.56,24.50,24.69,170000,16.46
2010-04-26,25.52,25.89,25.35,25.40,176400,16.93
2010-04-23,25.88,26.14,25.53,25.57,131000,17.05
2010-04-22,25.38,25.98,25.25,25.94,150900,17.29
2010-04-21,25.64,25.76,25.09,25.68,161000,17.12
2010-04-20,25.51,25.97,25.26,25.67,242700,17.11
2010-04-19,25.69,26.37,25.65,26.14,138200,17.43
2010-04-16,26.69,27.21,25.66,25.87,223200,17.25
2010-04-15,26.47,26.87,25.87,26.68,173100,17.79
2010-04-14,24.99,26.58,24.75,26.38,690200,17.59
2010-04-13,24.41,24.74,24.08,24.71,405200,16.47
2010-04-12,24.74,24.85,24.44,24.53,113400,16.35
2010-04-09,24.40,24.93,24.06,24.66,216600,16.44
2010-04-08,23.93,24.79,23.78,24.45,277200,16.30
2010-04-07,24.65,24.70,23.84,24.11,221100,16.07
2010-04-06,24.74,25.19,24.64,24.75,167000,16.50
2010-04-05,24.27,25.09,24.27,24.92,204000,16.61
2010-04-01,24.25,24.30,23.76,24.26,169400,16.17
2010-03-31,24.51,24.77,24.05,24.06,177800,16.04
2010-03-30,24.55,25.05,24.35,24.68,195400,16.45
2010-03-29,24.60,25.00,24.21,24.46,177900,16.31
2010-03-26,24.42,25.03,24.25,24.46,154400,16.31
2010-03-25,24.29,24.77,24.03,24.40,253000,16.27
2010-03-24,24.44,24.50,23.88,24.13,229600,16.09
2010-03-23,24.49,24.63,24.09,24.48,273200,16.32
2010-03-22,23.95,24.48,23.95,24.40,152400,16.27
2010-03-19,24.38,24.50,24.04,24.11,294300,16.07
2010-03-18,24.71,24.99,24.12,24.24,176000,16.16
2010-03-17,24.58,24.91,24.34,24.66,260400,16.44
2010-03-16,24.39,24.51,23.98,24.43,254600,16.29
2010-03-15,24.89,24.98,23.78,24.41,264200,16.27
2010-03-12,25.09,25.09,24.64,24.86,212400,16.57
2010-03-11,24.91,25.31,24.52,25.10,242700,16.73
2010-03-10,24.84,25.31,24.80,25.10,309600,16.73
2010-03-09,24.07,25.06,24.07,24.91,365700,16.61
2010-03-08,24.46,24.65,24.11,24.19,213400,16.13
2010-03-05,24.00,24.61,22.83,24.36,331500,16.24
2010-03-04,22.92,24.10,22.23,23.94,465400,15.96
2010-03-03,23.00,23.85,22.72,22.80,250800,15.20
2010-03-02,22.92,23.21,22.61,22.85,333400,15.23
2010-03-01,22.52,23.27,22.44,22.84,267600,15.23
2010-02-26,22.24,22.55,22.10,22.44,216000,14.96
2010-02-25,21.77,22.31,21.24,22.16,196600,14.77
2010-02-24,21.95,22.15,21.63,22.11,132000,14.74
2010-02-23,21.89,22.09,21.48,21.95,243800,14.63
2010-02-22,21.43,21.91,21.31,21.86,136800,14.57
2010-02-19,21.46,21.76,20.81,21.63,254000,14.42
2010-02-18,21.40,21.49,20.99,21.46,267600,14.31
2010-02-17,21.74,21.97,20.99,21.48,182200,14.32
2010-02-16,21.71,21.86,20.91,21.60,198400,14.40
2010-02-12,21.17,21.70,20.87,21.59,253600,14.39
2010-02-11,21.23,21.74,20.92,21.46,182000,14.31
2010-02-10,21.00,21.44,20.57,21.36,209800,14.24
2010-02-09,21.05,21.31,20.59,21.08,206600,14.05
2010-02-08,20.99,20.99,20.57,20.74,200400,13.83
2010-02-05,20.92,21.14,20.30,21.01,222900,14.01
2010-02-04,20.97,21.26,20.79,20.81,417300,13.87
2010-02-03,21.58,22.12,20.93,21.07,646200,14.05
2010-02-02,21.17,21.86,20.73,21.75,742600,14.50
2010-02-01,22.54,22.62,21.09,21.17,1465500,14.11
2010-01-29,23.52,24.00,22.38,22.55,807800,15.03
2010-01-28,23.91,24.41,22.54,23.55,295400,15.70
2010-01-27,22.87,24.04,21.83,23.79,273800,15.86
2010-01-26,22.50,23.58,22.50,23.06,337800,15.37
2010-01-25,22.59,22.86,22.34,22.65,192900,15.10
2010-01-22,22.43,23.34,22.32,22.46,242800,14.97
2010-01-21,23.17,23.36,21.93,23.06,458100,15.37
2010-01-20,23.50,23.88,23.11,23.29,187600,15.53
2010-01-19,23.86,23.97,23.45,23.71,238400,15.81
2010-01-15,24.23,24.23,23.47,23.74,240400,15.83
2010-01-14,24.04,24.27,23.83,24.12,157600,16.08
2010-01-13,23.87,24.47,23.81,24.12,65700,16.08
2010-01-12,24.42,24.90,23.51,23.85,450300,15.90
2010-01-11,24.22,24.91,23.77,24.55,194000,16.37
2010-01-08,24.53,25.21,23.97,24.12,612200,16.08
2010-01-07,24.50,24.88,24.07,24.69,138800,16.46
2010-01-06,24.63,24.84,24.38,24.53,352500,16.35
2010-01-05,24.21,24.91,24.04,24.78,342800,16.52
2010-01-04,23.99,24.36,23.95,24.32,158100,16.21
2009-12-31,23.87,24.29,23.55,23.64,222900,15.76
2009-12-30,23.41,23.93,23.41,23.93,110000,15.95
2009-12-29,23.74,23.80,23.06,23.54,96000,15.69
2009-12-28,23.51,23.98,23.27,23.63,107200,15.75
2009-12-24,23.32,23.71,23.32,23.39,41200,15.59
2009-12-23,22.76,23.42,22.59,23.16,114000,15.44
2009-12-22,23.20,23.20,22.55,22.69,181200,15.13
2009-12-21,22.71,23.27,22.53,23.09,134800,15.39
2009-12-18,22.63,22.73,22.20,22.60,489900,15.07
2009-12-17,23.03,23.09,22.36,22.58,231600,15.05
2009-12-16,23.19,23.63,22.86,23.26,154800,15.51
2009-12-15,22.99,23.77,22.94,23.00,320400,15.33
2009-12-14,23.09,23.20,22.32,22.99,129400,15.33
2009-12-11,23.12,23.40,22.75,23.06,439600,15.37
2009-12-10,22.97,23.69,22.81,22.92,496800,15.28
2009-12-09,22.78,23.35,22.61,23.00,260800,15.33
2009-12-08,23.10,23.10,22.22,22.83,867800,15.22
2009-12-07,24.34,24.48,23.94,24.13,98700,16.09
2009-12-04,24.61,24.61,23.72,24.28,280500,16.19
2009-12-03,24.69,24.96,24.06,24.11,190500,16.07
2009-12-02,24.80,24.80,24.30,24.53,547800,16.35
2009-12-01,24.58,25.50,24.47,24.76,606900,16.51
2009-11-30,23.75,24.52,23.72,24.42,403600,16.28
2009-11-27,23.41,24.14,23.41,23.83,119600,15.89
2009-11-25,23.89,24.64,23.75,24.06,162600,16.04
2009-11-24,23.82,23.89,23.12,23.71,220600,15.81
2009-11-23,23.51,24.32,23.26,23.73,114800,15.82
2009-11-20,23.18,23.58,22.89,23.25,220400,15.50
2009-11-19,23.57,23.74,22.81,23.39,168000,15.59
2009-11-18,23.60,23.71,23.08,23.66,72000,15.77
2009-11-17,23.46,23.82,23.33,23.54,97400,15.69
2009-11-16,23.04,23.96,22.61,23.51,172000,15.67
2009-11-13,23.30,23.56,22.33,22.77,261300,15.18
2009-11-12,22.74,24.09,22.64,23.28,592200,15.52
2009-11-11,22.68,22.96,22.41,22.86,243000,15.24
2009-11-10,22.20,22.83,22.19,22.45,183900,14.97
2009-11-09,22.02,22.28,21.91,22.28,273300,14.85
2009-11-06,21.34,22.05,21.26,21.75,176700,14.50
2009-11-05,21.35,21.84,20.85,21.63,335000,14.42
2009-11-04,21.45,22.15,20.87,21.13,359100,14.09
2009-11-03,21.98,21.98,20.02,21.39,821400,14.26
2009-11-02,18.84,19.00,18.00,18.10,327600,12.07
2009-10-30,19.09,19.47,18.74,18.77,409400,12.51
2009-10-29,19.31,19.33,18.80,19.19,352600,12.79
2009-10-28,19.71,19.84,18.95,19.07,134400,12.71
2009-10-27,19.85,20.14,19.35,19.68,184500,13.12
2009-10-26,20.05,20.42,19.74,19.75,437400,13.17
2009-10-23,19.94,20.03,19.45,20.01,321400,13.34
2009-10-22,19.48,19.95,19.16,19.87,135200,13.25
2009-10-21,19.35,19.94,19.28,19.53,244800,13.02
2009-10-20,19.54,19.59,18.98,19.35,151800,12.90
2009-10-19,19.28,19.80,19.06,19.46,143400,12.97
2009-10-16,19.00,19.29,18.65,19.15,194700,12.77
2009-10-15,19.01,19.32,18.84,19.17,109200,12.78
2009-10-14,18.89,19.30,18.83,19.22,333300,12.81
2009-10-13,18.40,18.89,17.96,18.62,485200,12.41
2009-10-12,18.25,18.47,18.23,18.36,578100,12.24
2009-10-09,17.20,18.33,17.05,18.21,564600,12.14
2009-10-08,16.56,17.17,16.48,17.16,218200,11.44
2009-10-07,16.07,16.42,15.70,16.40,149400,10.93
2009-10-06,15.49,16.17,15.27,16.09,156200,10.73
2009-10-05,15.40,15.71,15.26,15.43,114900,10.29
2009-10-02,15.26,15.45,14.98,15.40,220000,10.27
2009-10-01,16.08,16.08,15.30,15.46,189300,10.31
2009-09-30,15.55,16.57,14.19,16.02,751500,10.68
2009-09-29,15.70,15.86,15.30,15.59,146700,10.39
2009-09-28,15.69,15.90,15.39,15.70,185200,10.47
2009-09-25,15.78,15.94,15.55,15.65,198900,10.43
2009-09-24,16.02,16.26,15.70,15.78,425000,10.52
2009-09-23,15.99,16.30,15.93,16.00,158400,10.67
2009-09-22,16.21,16.30,15.99,16.00,177800,10.67
2009-09-21,16.21,16.48,16.05,16.13,75200,10.75
2009-09-18,16.59,16.71,16.25,16.40,201200,10.93
2009-09-17,16.45,16.59,16.35,16.56,493500,11.04
2009-09-16,16.51,16.51,16.00,16.45,254100,10.97
2009-09-15,16.82,16.85,16.13,16.55,590200,11.03
2009-09-14,16.83,16.99,16.27,16.82,194700,11.21
2009-09-11,17.00,17.01,16.80,16.91,61800,11.27
2009-09-10,17.00,17.02,16.60,17.00,216600,11.33
2009-09-09,16.63,17.02,16.35,16.70,208800,11.13
2009-09-08,17.00,17.00,16.53,16.68,198200,11.12
2009-09-04,16.62,16.99,16.50,16.96,143000,11.31
2009-09-03,16.75,16.78,16.06,16.69,210900,11.13
2009-09-02,16.53,16.97,16.42,16.73,298200,11.15
2009-09-01,17.36,17.92,16.42,16.53,321900,11.02
2009-08-31,17.20,17.48,16.80,17.43,287700,11.62
2009-08-28,18.73,18.99,17.13,17.20,579400,11.47
2009-08-27,16.53,16.78,16.06,16.66,258000,11.11
2009-08-26,16.91,17.21,16.12,16.63,242200,11.09
2009-08-25,15.99,16.90,15.99,16.69,291900,11.13
2009-08-24,16.04,16.36,15.87,15.98,84300,10.65
2009-08-21,15.73,16.39,15.32,15.95,254700,10.63
2009-08-20,15.27,15.54,15.02,15.51,76600,10.34
2009-08-19,14.95,15.33,14.93,15.23,122000,10.15
2009-08-18,15.22,15.67,15.05,15.12,118200,10.08
2009-08-17,15.18,15.39,14.84,15.17,83200,10.11
2009-08-14,15.97,16.10,15.28,15.48,153000,10.32
2009-08-13,16.06,16.42,15.85,15.92,111200,10.61
2009-08-12,15.82,16.16,15.57,15.91,165300,10.61
2009-08-11,15.50,16.02,15.50,15.85,333800,10.57
2009-08-10,16.15,16.30,15.49,15.55,195900,10.37
2009-08-07,16.11,16.91,15.89,16.29,223500,10.86
2009-08-06,15.56,15.96,15.17,15.82,286200,10.55
2009-08-05,15.78,15.81,15.26,15.56,133000,10.37
2009-08-04,15.37,16.00,15.19,15.90,242000,10.60
2009-08-03,16.03,16.07,15.36,15.54,294600,10.36
2009-07-31,15.80,15.89,15.38,15.70,193600,10.47
2009-07-30,15.65,16.24,15.25,15.79,178800,10.53
2009-07-29,15.31,15.63,15.21,15.48,115800,10.32
2009-07-28,15.56,15.60,15.16,15.50,128600,10.33
2009-07-27,15.49,15.93,15.37,15.60,187400,10.40
2009-07-24,15.58,15.75,15.12,15.56,171300,10.37
2009-07-23,14.90,15.83,14.50,15.66,291300,10.44
2009-07-22,15.03,15.28,14.52,15.00,155700,10.00
2009-07-21,15.05,15.09,14.80,15.07,207900,10.05
2009-07-20,14.94,15.16,14.61,14.99,223400,9.99
2009-07-17,14.50,14.98,14.47,14.90,192200,9.93
2009-07-16,13.91,14.83,13.82,14.50,472000,9.67
2009-07-15,13.52,13.98,12.88,13.95,546900,9.30
2009-07-14,13.56,13.85,13.32,13.35,139200,8.90
2009-07-13,13.53,13.70,12.93,13.59,302400,9.06
2009-07-10,13.20,13.55,13.00,13.43,149200,8.95
2009-07-09,13.74,13.81,13.42,13.48,91000,8.99
2009-07-08,13.65,14.05,13.37,13.61,331000,9.07
2009-07-07,13.24,13.58,12.88,13.54,279600,9.03
2009-07-06,13.48,13.65,13.04,13.19,207600,8.79
2009-07-02,13.88,14.14,13.52,13.58,417400,9.05
2009-07-01,13.87,14.43,13.87,14.07,323100,9.38
2009-06-30,13.78,13.98,13.65,13.79,251100,9.19
2009-06-29,14.15,14.15,13.72,13.81,202800,9.21
2009-06-26,13.63,14.19,13.53,14.19,642300,9.46
2009-06-25,13.18,13.76,13.18,13.76,252900,9.17
2009-06-24,13.11,13.61,12.95,13.34,333000,8.89
2009-06-23,12.75,13.22,12.75,13.02,292800,8.68
2009-06-22,13.27,13.55,12.66,12.66,285000,8.44
2009-06-19,13.88,13.96,13.31,13.41,268400,8.94
2009-06-18,13.59,13.70,13.25,13.70,157600,9.13
2009-06-17,13.73,13.74,13.19,13.57,198300,9.05
2009-06-16,14.10,14.25,13.75,13.76,253400,9.17
2009-06-15,13.90,14.17,13.71,13.97,369400,9.31
2009-06-12,14.11,14.31,13.83,14.10,339800,9.40
2009-06-11,13.96,14.59,13.96,14.10,459300,9.40
2009-06-10,13.07,13.93,12.95,13.89,790500,9.26
2009-06-09,12.65,13.01,12.64,12.94,393000,8.63
2009-06-08,12.28,12.75,12.19,12.56,327300,8.37
2009-06-05,12.34,12.60,12.18,12.35,423000,8.23
2009-06-04,11.13,12.16,11.13,12.08,451600,8.05
2009-06-03,10.77,11.13,10.66,11.02,675200,7.35
2009-06-02,10.14,10.92,10.06,10.88,795000,7.25
2009-06-01,10.18,10.22,9.88,10.16,589200,6.77
2009-05-29,9.87,10.11,9.75,10.07,294400,6.71
2009-05-28,10.02,10.06,9.64,9.84,211500,6.56
2009-05-27,10.12,10.25,9.85,9.90,337400,6.60
2009-05-26,9.81,10.24,9.78,10.21,255300,6.81
2009-05-22,9.98,10.12,9.68,9.86,522900,6.57
2009-05-21,9.99,10.23,9.64,9.94,155000,6.63
2009-05-20,10.13,10.44,10.03,10.11,412400,6.74
2009-05-19,10.17,10.25,9.97,10.06,177900,6.71
2009-05-18,10.32,10.45,9.95,10.11,341200,6.74
2009-05-15,10.28,10.33,9.91,10.20,282400,6.80
2009-05-14,10.15,10.30,9.96,10.20,355200,6.80
2009-05-13,10.20,10.36,9.90,10.13,359400,6.75
2009-05-12,10.59,10.70,10.14,10.41,927300,6.94
2009-05-11,10.50,10.81,10.28,10.55,176400,7.03
2009-05-08,11.00,11.12,10.69,10.88,413000,7.25
2009-05-07,11.29,11.40,10.77,10.83,376000,7.22
2009-05-06,11.00,11.30,11.00,11.30,380700,7.53
2009-05-05,10.52,11.07,10.49,11.01,618300,7.34
2009-05-04,10.30,10.63,10.19,10.59,510300,7.06
2009-05-01,10.01,10.33,9.82,10.24,441000,6.83
2009-04-30,10.19,10.36,9.89,10.10,1033500,6.73
2009-04-29,8.95,10.88,8.95,10.30,1931000,6.87
2009-04-28,9.00,9.27,8.89,8.94,342200,5.96
2009-04-27,9.44,9.70,9.08,9.18,364500,6.12
2009-04-24,9.17,9.79,8.97,9.63,434800,6.42
2009-04-23,8.96,9.25,8.76,9.16,340600,6.11
2009-04-22,8.80,9.20,8.58,8.97,333300,5.98
2009-04-21,8.69,9.29,8.45,8.99,321000,5.99
2009-04-20,9.73,9.73,8.64,8.76,389400,5.84
2009-04-17,10.58,10.58,9.51,9.95,858300,6.63
2009-04-16,10.25,10.74,10.01,10.61,973000,7.07
2009-04-15,9.15,10.25,9.15,10.17,338000,6.78
2009-04-14,9.23,9.54,9.00,9.20,239100,6.13
2009-04-13,9.20,9.41,8.92,9.35,435900,6.23
2009-04-09,9.00,9.32,8.86,9.20,494600,6.13
2009-04-08,8.55,8.89,8.54,8.76,533100,5.84
2009-04-07,9.02,9.25,8.41,8.44,640800,5.63
2009-04-06,10.00,10.00,8.89,9.19,429300,6.13
2009-04-03,10.40,10.40,9.78,10.18,360000,6.79
2009-04-02,10.17,10.73,9.98,10.38,402000,6.92
2009-04-01,9.55,10.12,9.41,9.92,529200,6.61
2009-03-31,9.34,9.95,9.34,9.52,380200,6.35
2009-03-30,9.51,9.68,9.00,9.18,390300,6.12
2009-03-27,9.62,9.95,9.62,9.80,1055100,6.53
2009-03-26,9.44,9.87,9.34,9.86,519800,6.57
2009-03-25,9.32,9.69,8.79,9.28,439400,6.19
2009-03-24,9.36,9.46,9.03,9.06,306900,6.04
2009-03-23,8.68,9.49,8.68,9.49,419700,6.33
2009-03-20,8.67,8.70,8.35,8.46,533400,5.64
2009-03-19,8.36,8.60,8.00,8.57,363300,5.71
2009-03-18,7.75,8.41,7.67,8.34,301600,5.56
2009-03-17,7.65,8.09,7.44,8.09,253400,5.39
2009-03-16,7.56,8.00,7.51,7.66,334800,5.11
2009-03-13,7.28,7.68,7.17,7.50,407000,5.00
2009-03-12,6.46,7.31,6.46,7.26,571800,4.84
2009-03-11,6.44,6.77,6.44,6.60,393800,4.40
2009-03-10,5.28,6.74,5.28,6.45,647100,4.30
2009-03-09,5.00,5.20,4.84,5.16,308100,3.44
2009-03-06,5.42,5.46,4.83,5.05,467000,3.37
2009-03-05,5.70,5.74,5.34,5.37,437000,3.58
2009-03-04,5.88,6.04,5.35,5.84,441900,3.89
2009-03-03,5.95,6.10,5.70,5.76,1162400,3.84
2009-03-02,5.99,6.19,5.80,5.82,233800,3.88
2009-02-27,6.00,6.41,5.75,6.08,477200,4.05
2009-02-26,6.48,6.79,5.90,6.01,767800,4.01
2009-02-25,6.90,6.90,6.36,6.50,362600,4.33
2009-02-24,6.59,6.96,6.45,6.93,348900,4.62
2009-02-23,6.93,6.97,6.44,6.51,392200,4.34
2009-02-20,7.14,7.14,6.75,6.84,434000,4.56
2009-02-19,7.60,7.69,7.24,7.25,314100,4.83
2009-02-18,7.75,7.88,7.42,7.50,326600,5.00
2009-02-17,7.99,8.00,7.68,7.70,298500,5.13
2009-02-13,8.04,8.12,7.86,7.91,295800,5.27
2009-02-12,7.77,8.15,7.77,8.07,327000,5.38
2009-02-11,7.75,7.99,7.75,7.87,383700,5.25
2009-02-10,7.82,8.39,7.61,7.67,380400,5.11
2009-02-09,8.08,8.25,7.52,7.82,454400,5.21
2009-02-06,7.03,8.14,7.03,8.07,371400,5.38
2009-02-05,7.25,7.28,6.99,7.02,364500,4.68
2009-02-04,7.26,7.41,7.00,7.25,352200,4.83
2009-02-03,7.97,7.97,7.05,7.22,553500,4.81
2009-02-02,7.64,8.05,7.52,7.95,431100,5.30
2009-01-30,8.47,8.72,7.35,7.85,739600,5.23
2009-01-29,8.57,8.94,8.35,8.55,273600,5.70
2009-01-28,8.37,8.67,8.37,8.66,196400,5.77
2009-01-27,7.94,8.34,7.94,8.25,92400,5.50
2009-01-26,7.76,8.56,7.76,7.94,179100,5.29
2009-01-23,7.40,8.09,7.31,7.71,162200,5.14
2009-01-22,7.79,7.84,7.30,7.59,189200,5.06
2009-01-21,8.07,8.07,7.28,7.93,352500,5.29
2009-01-20,8.60,8.83,7.98,7.99,229400,5.33
2009-01-16,8.58,8.79,8.15,8.49,167400,5.66
2009-01-15,8.84,9.00,8.41,8.50,401200,5.67
2009-01-14,8.65,9.00,8.52,8.84,621400,5.89
2009-01-13,9.21,9.23,8.69,8.77,242800,5.85
2009-01-12,9.17,9.60,9.00,9.21,243400,6.14
2009-01-09,9.92,9.93,9.19,9.23,258900,6.15
2009-01-08,9.75,9.97,9.28,9.95,272400,6.63
2009-01-07,10.26,10.40,9.65,9.78,363800,6.52
2009-01-06,10.53,10.74,10.33,10.44,700800,6.96
2009-01-05,10.50,10.54,10.20,10.50,206400,7.00
2009-01-02,10.32,10.52,10.10,10.50,364600,7.00
2008-12-31,10.10,10.36,10.01,10.30,378000,6.87
2008-12-30,9.77,10.08,9.70,10.07,151400,6.71
2008-12-29,9.90,10.02,9.41,9.61,242600,6.41
2008-12-26,9.71,10.06,9.58,9.90,153600,6.60
2008-12-24,9.45,9.85,9.28,9.70,153900,6.47
2008-12-23,9.51,9.96,9.21,9.44,302600,6.29
2008-12-22,9.96,10.01,8.83,9.49,414200,6.33
2008-12-19,9.68,10.11,9.21,9.95,549200,6.63
2008-12-18,9.49,9.96,9.24,9.45,363200,6.30
2008-12-17,8.44,9.50,8.44,9.39,438800,6.26
2008-12-16,7.95,8.58,7.65,8.50,450200,5.67
2008-12-15,7.65,8.07,7.49,7.80,610500,5.20
2008-12-12,7.05,7.70,6.70,7.61,307200,5.07
2008-12-11,7.29,7.84,7.10,7.26,579800,4.84
2008-12-10,7.00,7.45,6.87,7.40,441800,4.93
2008-12-09,7.35,7.48,6.75,6.88,312400,4.59
2008-12-08,6.94,7.50,6.62,7.42,615300,4.95
2008-12-05,6.84,7.13,6.43,6.74,750600,4.49
2008-12-04,6.92,7.24,6.77,6.98,819800,4.65
2008-12-03,6.82,7.05,6.62,7.00,342000,4.67
2008-12-02,6.75,7.14,6.54,7.05,505000,4.70
2008-12-01,7.34,7.57,6.55,6.58,241000,4.39
2008-11-28,7.15,7.63,7.15,7.58,156000,5.05
2008-11-26,6.84,7.30,6.84,7.28,425400,4.85
2008-11-25,6.92,7.11,6.70,7.01,310000,4.67
2008-11-24,6.82,7.06,6.48,6.81,430500,4.54
2008-11-21,6.34,6.77,5.89,6.73,488000,4.49
2008-11-20,7.11,7.25,6.13,6.22,419400,4.15
2008-11-19,7.64,7.91,7.14,7.17,412200,4.78
2008-11-18,8.50,8.82,7.41,7.66,563800,5.11
2008-11-17,8.47,8.62,8.34,8.43,214600,5.62
2008-11-14,9.21,9.35,8.40,8.50,500200,5.67
2008-11-13,8.59,9.45,8.23,9.38,461700,6.25
2008-11-12,9.39,9.44,8.53,8.55,292000,5.70
2008-11-11,9.98,10.07,9.42,9.42,208500,6.28
2008-11-10,10.87,11.34,9.82,10.01,160400,6.67
2008-11-07,11.08,11.10,10.21,10.56,295800,7.04
2008-11-06,11.25,11.42,10.74,10.95,356200,7.30
2008-11-05,11.66,11.99,11.00,11.28,672400,7.52
2008-11-04,12.03,12.30,11.35,11.84,598500,7.89
2008-11-03,11.55,12.26,11.25,11.88,702200,7.92
2008-10-31,12.00,12.23,10.92,11.63,876800,7.75
2008-10-30,9.04,9.97,8.34,9.90,397500,6.60
2008-10-29,9.22,9.88,8.50,8.68,578400,5.79
2008-10-28,9.50,10.16,8.74,9.22,479400,6.15
2008-10-27,9.61,9.69,9.29,9.33,209400,6.22
2008-10-24,9.87,10.32,9.59,9.60,305600,6.40
2008-10-23,11.17,11.74,9.80,10.15,432200,6.77
2008-10-22,11.31,11.60,10.97,11.15,273000,7.43
2008-10-21,11.43,11.90,11.25,11.47,173100,7.65
2008-10-20,11.56,11.56,10.79,11.40,656200,7.60
2008-10-17,11.91,12.92,10.97,11.31,327200,7.54
2008-10-16,11.19,12.66,10.58,12.21,294600,8.14
2008-10-15,12.66,12.66,11.00,11.07,100200,7.38
2008-10-14,13.40,14.07,12.49,12.79,241000,8.53
2008-10-13,12.82,13.13,12.07,13.04,164400,8.69
2008-10-10,11.16,12.07,10.81,12.07,582200,8.05
2008-10-09,12.52,12.80,11.36,11.52,508500,7.68
2008-10-08,12.55,13.54,12.00,12.44,240200,8.29
2008-10-07,12.73,13.76,12.50,12.74,326700,8.49
2008-10-06,13.00,13.81,12.49,12.53,244800,8.35
2008-10-03,14.50,15.43,13.06,13.09,302400,8.73
2008-10-02,14.99,15.79,14.29,14.31,145000,9.54
2008-10-01,15.57,16.28,14.16,15.06,203600,10.04
2008-09-30,15.51,16.21,15.35,15.39,323800,10.26
2008-09-29,16.70,16.70,15.00,15.47,390000,10.31
2008-09-26,15.03,16.97,14.92,16.67,261300,11.11
2008-09-25,16.53,16.65,15.59,15.66,1161000,10.44
2008-09-24,16.21,17.20,16.20,16.37,141000,10.91
2008-09-23,19.13,19.13,16.24,16.24,332000,10.83
2008-09-22,18.90,18.95,18.00,18.19,189000,12.13
2008-09-19,21.16,21.91,18.00,18.75,1267500,12.50
2008-09-18,17.14,17.99,15.87,16.93,907500,11.29
2008-09-17,17.79,17.79,16.36,16.66,790200,11.11
2008-09-16,17.31,18.22,17.12,18.11,376800,12.07
2008-09-15,18.57,19.28,17.41,17.65,352800,11.77
2008-09-12,18.54,19.61,18.32,18.85,195200,12.57
2008-09-11,18.65,19.08,18.37,18.83,274500,12.55
2008-09-10,19.48,19.65,18.70,19.03,391000,12.69
2008-09-09,19.58,20.03,19.07,19.14,561600,12.76
2008-09-08,19.92,20.44,19.00,19.57,523800,13.05
2008-09-05,18.99,19.52,18.55,19.35,376500,12.90
2008-09-04,19.24,19.98,18.41,19.03,313500,12.69
2008-09-03,18.72,20.00,18.14,19.47,742500,12.98
2008-09-02,18.30,19.15,18.30,18.86,530100,12.57
2008-08-29,16.06,18.76,15.85,18.28,1036400,12.19
2008-08-28,16.04,16.67,15.58,16.66,548600,11.11
2008-08-27,15.56,16.03,15.36,15.79,290000,10.53
2008-08-26,15.47,15.82,15.27,15.69,227800,10.46
2008-08-25,16.03,16.03,15.31,15.45,344700,10.30
2008-08-22,15.91,16.43,15.91,16.08,260200,10.72
2008-08-21,15.94,16.42,15.64,15.75,399600,10.50
2008-08-20,16.32,17.16,15.99,16.16,433500,10.77
2008-08-19,16.99,16.99,16.24,16.29,359100,10.86
2008-08-18,18.25,18.26,16.85,17.01,422800,11.34
2008-08-15,18.49,19.10,18.26,18.27,357800,12.18
2008-08-14,17.85,18.73,17.85,18.27,392800,12.18
2008-08-13,18.28,18.77,17.89,18.02,246900,12.01
2008-08-12,18.92,18.92,18.05,18.32,269200,12.21
2008-08-11,19.00,19.60,18.55,19.04,433000,12.69
2008-08-08,18.43,19.17,18.18,19.02,261900,12.68
2008-08-07,19.02,19.02,18.27,18.49,336800,12.33
2008-08-06,18.80,19.62,18.40,19.22,419400,12.81
2008-08-05,18.70,19.38,17.77,18.82,448500,12.55
2008-08-04,18.99,19.05,18.28,18.61,337500,12.41
2008-08-01,19.34,19.46,18.89,19.09,331500,12.73
2008-07-31,17.67,19.60,17.45,19.34,1149000,12.89
2008-07-30,18.53,18.53,17.54,17.99,332800,11.99
2008-07-29,17.02,18.60,16.62,18.23,256600,12.15
2008-07-28,17.74,17.74,16.88,17.01,323200,11.34
2008-07-25,17.20,18.04,17.20,17.81,231800,11.87
2008-07-24,18.56,18.56,16.94,17.02,474300,11.35
2008-07-23,18.51,19.24,18.26,18.46,660300,12.31
2008-07-22,17.47,18.68,17.39,18.56,418600,12.37
2008-07-21,18.15,18.15,17.43,17.83,280000,11.89
2008-07-18,17.30,18.11,17.16,17.93,516000,11.95
2008-07-17,17.04,17.54,16.90,17.32,1028000,11.55
2008-07-16,15.47,16.95,15.12,16.94,644200,11.29
2008-07-15,15.84,16.45,15.18,15.65,639400,10.43
2008-07-14,16.68,16.68,15.95,16.08,179000,10.72
2008-07-11,16.42,16.53,15.94,16.51,399600,11.01
2008-07-10,16.55,16.94,16.24,16.60,515000,11.07
2008-07-09,17.54,18.10,16.80,16.80,954600,11.20
2008-07-08,16.42,17.56,15.67,17.50,492300,11.67
2008-07-07,15.91,16.68,15.74,16.41,512000,10.94
2008-07-03,15.86,16.62,15.69,15.75,145400,10.50
2008-07-02,15.64,16.04,15.50,15.75,417600,10.50
2008-07-01,15.02,15.74,15.02,15.68,620800,10.45
2008-06-30,16.01,16.77,15.05,15.11,447600,10.07
2008-06-27,16.57,16.87,15.89,15.98,2172300,10.65
2008-06-26,17.27,17.27,16.57,16.64,197000,11.09
2008-06-25,17.21,17.57,16.99,17.55,501800,11.70
2008-06-24,16.96,17.44,16.96,17.19,407800,11.46
2008-06-23,17.69,17.69,17.00,17.12,423400,11.41
2008-06-20,17.59,18.08,17.40,17.62,546200,11.75
2008-06-19,17.92,17.92,16.97,17.65,649000,11.77
2008-06-18,18.33,18.73,17.89,17.93,364000,11.95
2008-06-17,19.04,19.04,18.34,18.39,134400,12.26
2008-06-16,18.77,19.07,18.26,19.01,253800,12.67
2008-06-13,18.84,19.02,18.34,18.80,256600,12.53
2008-06-12,18.82,19.20,18.08,18.66,249300,12.44
2008-06-11,18.45,18.90,18.45,18.63,625000,12.42
2008-06-10,18.00,18.68,18.00,18.46,477400,12.31
2008-06-09,18.27,18.50,17.91,18.02,378600,12.01
2008-06-06,18.45,18.79,18.27,18.29,333800,12.19
2008-06-05,19.01,19.27,18.56,18.60,636000,12.40
2008-06-04,19.25,19.48,18.89,18.99,1112800,12.66
2008-06-03,19.74,19.96,19.31,19.45,537400,12.97
2008-06-02,19.88,19.92,19.33,19.62,687200,13.08
2008-05-30,19.42,20.09,19.33,19.93,421200,13.29
2008-05-29,19.62,19.65,19.23,19.36,362600,12.91
2008-05-28,19.59,19.71,19.09,19.66,294600,13.11
2008-05-27,18.94,19.52,18.94,19.51,451200,13.01
2008-05-23,19.30,19.73,19.04,19.07,443200,12.71
2008-05-22,18.46,19.18,18.46,19.18,608700,12.79
2008-05-21,18.05,18.67,17.98,18.42,513900,12.28
2008-05-20,18.50,19.19,18.10,18.12,427400,12.08
2008-05-19,19.20,19.36,18.41,18.54,570200,12.36
2008-05-16,20.32,20.32,19.12,19.20,647200,12.80
2008-05-15,19.85,20.29,19.81,20.27,340000,13.51
2008-05-14,20.18,20.24,19.83,19.90,616500,13.27
2008-05-13,20.84,20.86,20.03,20.14,379200,13.43
2008-05-12,20.92,20.93,20.57,20.81,475800,13.87
2008-05-09,21.15,21.20,20.70,20.85,323000,13.90
2008-05-08,21.35,21.51,21.05,21.37,529500,14.25
2008-05-07,21.50,21.67,21.15,21.31,620400,14.21
2008-05-06,22.02,22.52,21.05,22.03,1414400,14.69
2008-05-05,23.11,23.11,22.63,22.77,459600,15.18
2008-05-02,23.01,23.22,22.28,23.12,363300,15.41
2008-05-01,21.52,23.13,21.33,22.93,565800,15.29
2008-04-30,22.15,22.81,21.44,21.58,565200,14.39
2008-04-29,23.06,23.06,22.00,22.17,355200,14.78
2008-04-28,23.47,23.58,22.61,23.03,364600,15.35
2008-04-25,23.50,23.69,22.78,23.55,255900,15.70
2008-04-24,23.02,23.51,22.89,23.50,590700,15.67
2008-04-23,22.51,23.16,22.32,22.93,834000,15.29
2008-04-22,23.01,23.13,21.83,22.40,246600,14.93
2008-04-21,23.05,23.36,22.88,23.17,88800,15.45
2008-04-18,23.40,23.71,23.01,23.19,225900,15.46
2008-04-17,22.83,23.25,22.50,23.18,222400,15.45
2008-04-16,21.99,22.92,21.96,22.89,486800,15.26
2008-04-15,21.41,21.76,21.21,21.73,657600,14.49
2008-04-14,21.73,22.00,21.13,21.30,727600,14.20
2008-04-11,21.83,22.28,21.67,21.78,1220100,14.52
2008-04-10,21.99,22.33,21.87,22.18,169400,14.79
2008-04-09,23.00,23.07,21.90,21.91,288300,14.61
2008-04-08,22.56,23.40,22.37,22.95,356400,15.30
2008-04-07,22.24,23.08,22.17,22.92,474300,15.28
2008-04-04,23.82,23.82,22.34,22.37,1186400,14.91
2008-04-03,23.70,24.09,23.45,23.70,324200,15.80
2008-04-02,23.93,24.30,23.59,23.96,281600,15.97
2008-04-01,23.35,24.00,23.09,23.99,384600,15.99
2008-03-31,22.65,23.25,22.41,23.00,286200,15.33
2008-03-28,22.64,23.02,22.24,22.66,383200,15.11
2008-03-27,22.46,22.72,22.12,22.50,387000,15.00
2008-03-26,21.70,22.80,21.62,22.48,481200,14.99
2008-03-25,22.07,22.26,21.44,21.92,527100,14.61
2008-03-24,20.73,22.05,20.61,22.05,522400,14.70
2008-03-20,19.89,20.90,19.78,20.50,497400,13.67
2008-03-19,20.91,20.91,19.72,19.74,259000,13.16
2008-03-18,20.04,20.89,19.72,20.80,457800,13.87
2008-03-17,19.50,19.88,19.19,19.58,345000,13.05
2008-03-14,21.09,21.38,19.97,19.99,543800,13.33
2008-03-13,19.46,21.11,19.34,20.95,392200,13.97
2008-03-12,19.93,20.72,19.67,19.73,193200,13.15
2008-03-11,20.30,20.38,18.74,19.88,728000,13.25
2008-03-10,20.24,20.24,19.20,19.50,675000,13.00
2008-03-07,20.50,21.03,20.03,20.08,805500,13.39
2008-03-06,22.03,22.24,20.50,20.66,611100,13.77
2008-03-05,23.04,23.15,21.99,22.20,264900,14.80
2008-03-04,22.56,23.13,21.89,22.88,286000,15.25
2008-03-03,22.58,22.97,22.19,22.84,721000,15.23
2008-02-29,22.70,22.71,22.22,22.47,342000,14.98
2008-02-28,22.99,23.13,22.18,22.99,506100,15.33
2008-02-27,23.59,24.22,22.89,23.33,186300,15.55
2008-02-26,23.17,23.98,22.96,23.91,268400,15.94
2008-02-25,22.25,23.39,21.87,23.28,324200,15.52
2008-02-22,22.21,22.37,21.64,22.21,359100,14.81
2008-02-21,23.02,23.14,22.23,22.30,259000,14.87
2008-02-20,22.86,23.16,22.66,22.99,309200,15.33
2008-02-19,23.28,23.55,22.79,23.00,375300,15.33
2008-02-15,23.61,23.79,23.13,23.18,210600,15.45
2008-02-14,24.08,24.20,23.56,23.76,304000,15.84
2008-02-13,24.24,24.44,23.93,24.07,235400,16.05
2008-02-12,24.62,24.91,23.82,24.11,288300,16.07
2008-02-11,24.70,25.06,24.29,24.50,633800,16.33
2008-02-08,23.70,24.98,23.05,24.72,712400,16.48
2008-02-07,22.98,23.77,22.75,23.75,749100,15.83
2008-02-06,23.23,24.37,22.85,23.06,866700,15.37
2008-02-05,24.17,24.70,22.84,23.00,818100,15.33
2008-02-04,25.95,25.95,24.20,24.66,850500,16.44
2008-02-01,25.00,26.27,25.00,25.98,672800,17.32
2008-01-31,23.33,25.58,23.14,25.18,896400,16.79
2008-01-30,24.89,25.61,23.33,23.64,811800,15.76
2008-01-29,24.35,25.21,23.48,25.02,666600,16.68
2008-01-28,22.89,24.11,22.58,24.11,485700,16.07
2008-01-25,23.72,23.95,22.84,22.89,380400,15.26
2008-01-24,21.20,23.68,21.01,23.52,833800,15.68
2008-01-23,21.52,22.03,20.63,21.00,1687800,14.00
2008-01-22,22.25,23.00,21.17,22.30,1231400,14.87
2008-01-18,24.05,24.44,22.88,23.07,659600,15.38
2008-01-17,25.89,26.24,23.90,24.04,654000,16.03
2008-01-16,26.07,26.34,25.81,25.90,794000,17.27
2008-01-15,26.71,27.04,26.09,26.11,388000,17.41
2008-01-14,27.46,27.64,27.01,27.10,389800,18.07
2008-01-11,27.53,27.69,26.70,27.12,397800,18.08
2008-01-10,27.06,28.00,26.54,27.85,732900,18.57
2008-01-09,27.22,27.70,26.38,27.49,449800,18.33
2008-01-08,29.02,29.02,27.21,27.34,491100,18.23
2008-01-07,28.59,29.00,27.65,28.70,423400,19.13
2008-01-04,29.15,29.65,28.22,28.40,432800,18.93
2008-01-03,30.10,30.32,29.16,29.51,281400,19.67
2008-01-02,30.70,31.10,29.91,30.06,261200,20.04
2007-12-31,30.59,31.28,29.78,30.69,186300,20.46
2007-12-28,30.72,31.20,30.48,30.68,239700,20.45
2007-12-27,31.13,31.41,30.23,30.45,270400,20.30
2007-12-26,30.17,31.29,30.03,30.92,148200,20.61
2007-12-24,30.12,30.49,29.79,30.36,62200,20.24
2007-12-21,29.06,30.11,28.69,29.92,546400,19.95
2007-12-20,28.90,28.90,28.00,28.56,264600,19.04
2007-12-19,28.59,29.57,28.18,28.63,799000,19.09
2007-12-18,27.56,28.55,27.33,28.40,587100,18.93
2007-12-17,26.23,27.10,26.02,26.60,356200,17.73
2007-12-14,27.17,27.38,26.49,26.49,494600,17.66
2007-12-13,27.75,28.07,27.17,27.60,370500,18.40
2007-12-12,28.97,29.25,27.57,28.04,197400,18.69
2007-12-11,29.90,29.90,27.90,28.05,303300,18.70
2007-12-10,28.98,30.01,28.70,29.73,324600,19.82
2007-12-07,28.69,28.91,28.23,28.90,340600,19.27
2007-12-06,28.19,28.92,28.07,28.55,326700,19.03
2007-12-05,29.04,29.04,28.00,28.19,179800,18.79
2007-12-04,28.90,29.16,28.13,28.57,155000,19.05
2007-12-03,29.82,29.82,28.78,29.20,186600,19.47
2007-11-30,29.96,30.40,29.61,29.88,168000,19.92
2007-11-29,29.99,30.03,29.40,29.56,343800,19.71
2007-11-28,28.92,30.23,28.92,30.23,366800,20.15
2007-11-27,28.66,29.06,28.07,28.84,246400,19.23
2007-11-26,29.62,29.83,27.98,28.46,377400,18.97
2007-11-23,28.83,29.70,28.82,29.64,122100,19.76
2007-11-21,28.53,28.75,27.73,28.55,586200,19.03
2007-11-20,28.80,29.25,28.20,28.81,394500,19.21
2007-11-19,29.14,29.27,28.71,29.00,449100,19.33
2007-11-16,29.52,29.75,28.82,29.51,393400,19.67
2007-11-15,29.74,29.83,29.09,29.42,502200,19.61
2007-11-14,30.42,30.65,29.48,29.93,458200,19.95
2007-11-13,30.34,30.65,29.88,30.18,555300,20.12
2007-11-12,30.50,30.50,29.25,29.94,580200,19.96
2007-11-09,30.15,31.04,30.00,30.41,559800,20.27
2007-11-08,30.80,31.61,29.77,30.54,548000,20.36
2007-11-07,31.68,31.99,30.42,30.47,508600,20.31
2007-11-06,31.81,32.22,31.46,32.16,382500,21.44
2007-11-05,31.31,32.08,31.13,31.65,442400,21.10
2007-11-02,32.03,32.59,30.90,31.75,714000,21.17
2007-11-01,32.52,32.80,31.33,31.52,596800,21.01
2007-10-31,32.03,33.04,31.27,32.80,1393000,21.87
2007-10-30,31.23,32.07,31.10,31.77,613500,21.18
2007-10-29,31.10,31.87,31.02,31.31,378900,20.87
2007-10-26,30.84,30.91,30.32,30.84,433500,20.56
2007-10-25,31.20,32.00,30.38,30.55,661000,20.37
2007-10-24,30.84,31.28,30.53,31.16,542100,20.77
2007-10-23,31.13,31.20,30.56,30.99,488400,20.66
2007-10-22,29.54,31.00,29.27,30.95,870400,20.63
2007-10-19,30.46,30.49,29.61,29.70,407100,19.80
2007-10-18,30.26,30.71,30.25,30.46,431600,20.31
2007-10-17,31.21,31.21,29.89,30.41,548800,20.27
2007-10-16,31.03,31.22,30.80,30.86,955400,20.57
2007-10-15,31.80,31.87,30.99,31.28,492200,20.85
2007-10-12,30.91,31.87,30.87,31.86,701600,21.24
2007-10-11,30.99,31.00,29.86,30.12,628600,20.08
2007-10-10,30.93,31.22,30.70,30.87,629400,20.58
2007-10-09,30.80,31.12,30.70,30.91,813600,20.61
2007-10-08,30.59,30.79,30.23,30.70,389200,20.47
2007-10-05,30.01,30.73,29.94,30.56,554000,20.37
2007-10-04,29.97,29.98,29.59,29.96,249900,19.97
2007-10-03,29.75,30.07,29.55,29.94,478200,19.96
2007-10-02,29.50,30.13,29.50,29.98,614100,19.99
2007-10-01,28.81,29.77,28.73,29.40,999200,19.60
2007-09-28,28.29,28.77,28.15,28.53,650800,19.02
2007-09-27,28.65,28.65,27.85,28.37,470200,18.91
2007-09-26,28.13,28.95,27.95,28.65,323400,19.10
2007-09-25,27.78,28.18,27.56,28.06,363300,18.71
2007-09-24,27.62,28.33,27.62,27.99,333200,18.66
2007-09-21,27.30,27.80,27.16,27.57,443200,18.38
2007-09-20,27.29,27.34,26.70,27.09,403800,18.06
2007-09-19,26.60,27.68,26.50,27.29,624600,18.19
2007-09-18,26.02,26.40,25.70,26.24,661200,17.49
2007-09-17,26.51,26.51,25.85,25.89,474400,17.26
2007-09-14,26.66,26.91,26.20,26.64,206100,17.76
2007-09-13,26.98,27.20,26.74,26.85,325000,17.90
2007-09-12,25.69,27.05,25.45,26.76,901600,17.84
2007-09-11,25.30,26.20,24.86,25.90,2141000,17.27
2007-09-10,24.53,24.53,23.70,24.07,603900,16.05
2007-09-07,24.90,24.90,24.00,24.49,674200,16.33
2007-09-06,24.84,25.34,24.75,25.03,373200,16.69
2007-09-05,24.47,24.88,23.84,24.81,467800,16.54
2007-09-04,23.99,24.74,23.72,24.58,534400,16.39
2007-08-31,24.08,24.77,23.82,23.98,167800,15.99
2007-08-30,23.70,24.00,23.45,23.69,210000,15.79
2007-08-29,24.02,24.16,23.72,23.99,306300,15.99
2007-08-28,24.11,24.17,23.79,23.86,352200,15.91
2007-08-27,24.44,24.50,24.22,24.27,146100,16.18
2007-08-24,24.20,24.57,23.87,24.48,288300,16.32
2007-08-23,24.59,24.59,23.85,24.25,431100,16.17
2007-08-22,23.74,24.55,23.48,24.44,612800,16.29
2007-08-21,23.00,23.64,22.64,23.59,479000,15.73
2007-08-20,24.01,24.01,22.76,23.00,360900,15.33
2007-08-17,23.74,24.28,23.43,24.00,704100,16.00
2007-08-16,23.37,23.63,22.14,23.02,1051200,15.35
2007-08-15,23.60,24.02,23.21,23.50,696400,15.67
2007-08-14,24.01,24.14,23.27,23.58,759400,15.72
2007-08-13,25.10,25.25,23.95,24.01,479400,16.01
2007-08-10,24.21,25.05,23.69,24.93,556500,16.62
2007-08-09,24.77,25.42,23.99,24.29,983400,16.19
2007-08-08,23.78,25.51,23.78,25.19,1458600,16.79
2007-08-07,23.38,23.68,22.53,23.52,1128300,15.68
2007-08-06,23.96,23.96,23.10,23.47,991200,15.65
2007-08-03,25.47,25.57,23.56,23.84,1032800,15.89
2007-08-02,24.70,25.90,24.70,25.70,726300,17.13
2007-08-01,24.99,24.99,23.29,24.60,1757700,16.40
2007-07-31,25.93,26.51,25.00,25.06,804900,16.71
2007-07-30,25.65,26.00,25.58,25.82,984900,17.21
2007-07-27,26.37,26.41,25.35,25.60,571600,17.07
2007-07-26,26.10,26.72,25.36,25.70,749700,17.13
2007-07-25,27.34,27.42,26.26,26.44,1185800,17.63
2007-07-24,28.44,28.44,27.18,27.18,423800,18.12
2007-07-23,28.28,28.54,28.08,28.45,413400,18.97
2007-07-20,28.71,28.71,28.00,28.28,604200,18.85
2007-07-19,28.73,29.11,28.73,28.80,400800,19.20
2007-07-18,29.50,29.54,28.57,28.77,532800,19.18
2007-07-17,28.82,29.90,28.80,29.51,592200,19.67
2007-07-16,29.20,29.56,28.41,28.81,513800,19.21
2007-07-13,29.75,29.81,29.28,29.32,313000,19.55
2007-07-12,29.52,29.89,29.45,29.70,585800,19.80
2007-07-11,29.69,29.95,29.15,29.50,530000,19.67
2007-07-10,30.08,30.08,29.32,29.73,1738600,19.82
2007-07-09,29.19,30.09,29.19,30.09,627300,20.06
2007-07-06,28.87,29.29,28.65,29.19,227700,19.46
2007-07-05,28.75,28.99,28.51,28.80,197100,19.20
2007-07-03,28.70,28.84,28.54,28.76,231400,19.17
2007-07-02,28.53,28.75,28.37,28.63,392400,19.09
2007-06-29,28.57,28.85,28.40,28.50,640500,19.00
2007-06-28,28.66,29.10,28.33,28.53,1434800,19.02
2007-06-27,28.50,28.77,28.28,28.71,856200,19.14
2007-06-26,28.98,29.13,28.68,28.73,724200,19.15
2007-06-25,28.84,29.20,28.57,28.91,668100,19.27
2007-06-22,29.27,29.27,28.67,28.90,3406500,19.27
2007-06-21,29.80,29.85,28.89,29.28,3246800,19.52
2007-06-20,30.99,31.59,30.21,31.10,510900,20.73
2007-06-19,30.81,31.12,30.59,31.03,185800,20.69
2007-06-18,31.15,31.35,30.80,31.01,138200,20.67
2007-06-15,31.28,31.75,30.94,31.10,319800,20.73
2007-06-14,30.55,31.55,30.42,30.81,299700,20.54
2007-06-13,29.75,30.53,29.56,30.42,99000,20.28
2007-06-12,29.59,30.14,29.42,29.56,191700,19.71
2007-06-11,29.44,30.02,29.32,29.83,127200,19.89
2007-06-08,28.80,29.67,28.70,29.60,225900,19.73
2007-06-07,29.50,29.55,28.66,28.95,557100,19.30
2007-06-06,30.45,30.56,29.43,29.59,638600,19.73
2007-06-05,30.41,30.58,30.00,30.57,200700,20.38
2007-06-04,30.53,30.91,30.39,30.51,143100,20.34
2007-06-01,30.69,30.94,30.40,30.73,179600,20.49
2007-05-31,31.49,31.49,30.10,30.56,278200,20.37
2007-05-30,30.19,31.59,30.06,31.43,415200,20.95
2007-05-29,31.26,31.42,30.18,30.48,247500,20.32
2007-05-25,30.45,31.30,30.45,31.16,255400,20.77
2007-05-24,31.15,31.49,30.00,30.23,302700,20.15
2007-05-23,31.44,31.74,30.93,31.19,353200,20.79
2007-05-22,31.50,31.98,31.35,31.42,300300,20.95
2007-05-21,30.61,31.98,30.60,31.56,379800,21.04
2007-05-18,30.97,31.01,30.25,30.58,744600,20.39
2007-05-17,31.07,31.18,30.71,30.93,585900,20.62
2007-05-16,31.35,31.58,30.75,31.07,564900,20.71
2007-05-15,32.10,32.17,31.26,31.39,303600,20.93
2007-05-14,33.00,33.27,32.04,32.19,343400,21.46
2007-05-11,32.60,33.20,32.43,33.09,415800,22.06
2007-05-10,32.20,33.11,31.83,32.70,737700,21.80
2007-05-09,31.75,32.46,31.68,32.33,840200,21.55
2007-05-08,31.47,32.01,30.83,31.83,513000,21.22
2007-05-07,31.50,31.52,30.94,31.46,518600,20.97
2007-05-04,31.88,31.96,31.51,31.65,316800,21.10
2007-05-03,31.15,32.13,31.15,31.94,936300,21.29
2007-05-02,31.28,31.49,30.46,31.14,1722200,20.76
2007-05-01,29.19,29.38,28.46,28.69,736600,19.13
2007-04-30,29.77,29.97,28.81,29.14,574600,19.43
2007-04-27,28.70,30.20,28.70,29.77,449700,19.85
2007-04-26,29.00,29.10,28.47,28.72,530600,19.15
2007-04-25,28.46,28.97,28.20,28.89,224100,19.26
2007-04-24,28.57,28.75,28.16,28.37,187600,18.91
2007-04-23,29.13,29.40,28.31,28.42,369000,18.95
2007-04-20,29.50,29.70,29.07,29.24,540000,19.49
2007-04-19,28.35,30.37,27.85,29.35,1458800,19.57
2007-04-18,28.05,28.32,27.88,28.18,291400,18.79
2007-04-17,27.98,28.12,27.71,28.05,649400,18.70
2007-04-16,27.61,27.99,27.47,27.87,634000,18.58
2007-04-13,26.37,27.71,26.37,27.42,853200,18.28
2007-04-12,26.06,26.76,25.82,26.30,827400,17.53
2007-04-11,25.44,26.34,25.44,26.05,360400,17.37
2007-04-10,25.74,25.74,25.49,25.53,230400,17.02
2007-04-09,25.69,25.91,25.50,25.66,512600,17.11
2007-04-05,25.81,25.81,25.64,25.71,362700,17.14
2007-04-04,25.95,25.97,25.53,25.83,349800,17.22
2007-04-03,23.93,25.81,23.93,25.79,1708400,17.19
2007-04-02,25.27,25.27,23.12,23.74,2704800,15.83
2007-03-30,25.06,25.50,24.96,25.30,546300,16.87
2007-03-29,25.99,25.99,24.88,24.99,407400,16.66
2007-03-28,26.07,26.12,25.58,25.77,236800,17.18
2007-03-27,26.05,26.18,26.05,26.08,382500,17.39
2007-03-26,26.08,26.20,25.75,25.97,437800,17.31
2007-03-23,25.42,26.18,25.35,25.99,389600,17.33
2007-03-22,25.08,25.75,25.07,25.36,466200,16.91
2007-03-21,23.83,25.83,23.83,25.39,1032900,16.93
2007-03-20,23.14,23.82,23.14,23.75,546800,15.83
2007-03-19,23.60,24.11,23.00,23.12,735800,15.41
2007-03-16,24.27,24.29,23.22,23.49,860600,15.66
2007-03-15,24.55,24.99,24.00,24.33,453800,16.22
2007-03-14,25.24,25.40,24.15,24.48,402200,16.32
2007-03-13,25.89,26.03,25.26,25.29,298200,16.86
2007-03-12,26.02,26.12,25.88,26.12,186300,17.41
2007-03-09,26.56,26.56,25.60,26.05,518200,17.37
2007-03-08,25.36,26.06,25.34,25.86,452600,17.24
2007-03-07,24.70,25.19,24.29,25.09,489800,16.73
2007-03-06,24.60,24.83,24.02,24.65,726400,16.43
2007-03-05,24.87,24.90,24.16,24.28,330200,16.19
2007-03-02,25.59,25.62,24.83,25.01,360600,16.67
2007-03-01,25.21,26.01,24.75,25.89,686200,17.26
2007-02-28,26.03,26.19,25.28,25.62,338600,17.08
2007-02-27,27.02,27.18,25.98,26.24,797400,17.49
2007-02-26,27.88,27.88,27.25,27.35,567800,18.23
2007-02-23,28.15,28.15,27.20,27.90,2519200,18.60
2007-02-22,29.24,29.74,29.20,29.35,422100,19.57
2007-02-21,29.97,29.97,29.12,29.27,232000,19.51
2007-02-20,28.97,29.99,28.57,29.98,485000,19.99
2007-02-16,28.98,29.10,28.55,28.99,102400,19.33
2007-02-15,29.04,29.12,28.44,28.98,215000,19.32
2007-02-14,28.67,29.19,28.36,28.94,171400,19.29
2007-02-13,29.60,29.61,28.44,28.76,206400,19.17
2007-02-12,29.03,29.67,28.69,29.38,242400,19.59
2007-02-09,30.20,30.20,29.02,29.14,184800,19.43
2007-02-08,30.15,30.21,29.69,30.18,203700,20.12
2007-02-07,30.20,30.57,29.64,30.03,335100,20.02
2007-02-06,29.85,30.22,29.34,30.11,318600,20.07
2007-02-05,29.90,29.95,29.16,29.91,330400,19.94
2007-02-02,30.00,30.74,29.78,29.95,356400,19.97
2007-02-01,30.72,31.59,29.47,29.94,870300,19.96
2007-01-31,31.77,32.23,30.50,32.03,807000,21.35
2007-01-30,30.34,32.56,30.34,32.10,822900,21.40
2007-01-29,28.20,30.78,28.20,30.30,737600,20.20
2007-01-26,27.74,28.04,27.56,28.03,296400,18.69
2007-01-25,27.19,27.64,27.13,27.61,389100,18.41
2007-01-24,25.91,27.36,25.77,27.27,541500,18.18
2007-01-23,25.87,26.09,25.45,25.79,810600,17.19
2007-01-22,26.22,26.73,25.86,25.97,458700,17.31
2007-01-19,25.69,25.88,25.43,25.53,333800,17.02
2007-01-18,27.28,27.46,25.65,25.69,328000,17.13
2007-01-17,27.84,28.17,27.27,27.30,184600,18.20
2007-01-16,28.34,28.34,27.29,28.00,332200,18.67
2007-01-12,27.59,28.28,27.59,28.24,190800,18.83
2007-01-11,26.72,27.74,26.72,27.68,206000,18.45
2007-01-10,26.81,27.16,26.66,26.77,58600,17.85
2007-01-09,26.68,27.20,26.64,27.02,117000,18.01
2007-01-08,26.60,26.99,26.58,26.75,167700,17.83
2007-01-05,26.59,27.10,26.40,26.47,238600,17.65
2007-01-04,26.95,26.95,26.55,26.76,236100,17.84
2007-01-03,28.00,28.07,26.83,27.05,199800,18.03
2006-12-29,27.75,27.96,27.67,27.86,119000,18.57
2006-12-28,28.02,28.10,27.68,27.73,94000,18.49
2006-12-27,27.76,28.35,27.76,28.00,173000,18.67
2006-12-26,28.59,28.59,27.68,27.82,141900,18.55
2006-12-22,28.71,28.71,28.36,28.49,147200,18.99
2006-12-21,27.95,29.00,27.83,28.55,251400,19.03
2006-12-20,27.79,27.96,27.48,27.89,322500,18.59
2006-12-19,27.92,27.93,27.51,27.88,180300,18.59
2006-12-18,27.85,28.64,27.85,28.09,196000,18.73
2006-12-15,28.81,28.87,27.55,27.90,351200,18.60
2006-12-14,29.44,29.56,28.81,28.84,332700,19.23
2006-12-13,29.82,29.88,29.40,29.44,95800,19.63
2006-12-12,29.70,30.06,29.52,29.64,192400,19.76
2006-12-11,29.77,29.95,29.30,29.59,221600,19.73
2006-12-08,29.05,29.86,28.98,29.71,241500,19.81
2006-12-07,28.77,29.26,28.63,29.01,321400,19.34
2006-12-06,29.18,29.18,28.40,28.79,236000,19.19
2006-12-05,30.03,30.03,29.22,29.31,221400,19.54
2006-12-04,29.54,30.05,29.54,29.96,280600,19.97
2006-12-01,29.44,29.72,28.54,29.43,310600,19.62
2006-11-30,27.38,29.57,27.38,29.26,781600,19.51
2006-11-29,27.44,27.58,27.33,27.44,187200,18.29
2006-11-28,28.11,28.11,27.18,27.38,213000,18.25
2006-11-27,28.52,28.91,28.05,28.08,283000,18.72
2006-11-24,28.38,28.93,28.38,28.57,40200,19.05
2006-11-22,28.00,28.75,28.00,28.60,171300,19.07
2006-11-21,28.00,28.38,27.80,27.99,206600,18.66
2006-11-20,27.00,28.15,27.00,27.93,296700,18.62
2006-11-17,27.07,28.08,26.72,26.95,375800,17.97
2006-11-16,26.95,27.50,26.92,27.04,283800,18.03
2006-11-15,27.16,27.51,26.73,26.86,616000,17.91
2006-11-14,27.90,28.13,27.18,27.79,753000,18.53
2006-11-13,27.74,29.06,27.72,28.67,338700,19.11
2006-11-10,28.59,28.68,27.57,27.68,237800,18.45
2006-11-09,26.98,28.61,26.91,28.50,608700,19.00
2006-11-08,26.46,27.00,25.71,27.00,535000,18.00
2006-11-07,27.00,27.01,26.25,26.57,524700,17.71
2006-11-06,26.41,27.50,26.41,27.14,822000,18.09
2006-11-03,23.82,26.74,23.81,26.43,1228800,17.62
2006-11-02,22.35,22.36,21.67,22.25,56100,14.83
2006-11-01,23.29,23.29,22.14,22.34,111000,14.89
2006-10-31,22.71,23.44,22.68,23.22,189600,15.48
2006-10-30,22.87,22.95,21.73,22.77,236800,15.18
2006-10-27,23.49,23.49,22.49,22.98,262500,15.32
2006-10-26,23.65,24.00,23.35,23.47,172200,15.65
2006-10-25,23.51,23.95,23.05,23.50,338400,15.67
2006-10-24,23.96,24.00,23.45,23.45,259600,15.63
2006-10-23,23.31,24.03,23.14,23.95,231300,15.97
2006-10-20,24.09,24.09,23.25,23.43,123000,15.62
2006-10-19,24.02,24.09,23.73,23.90,390400,15.93
2006-10-18,23.95,24.07,23.49,24.00,191700,16.00
2006-10-17,23.62,23.82,23.35,23.81,341600,15.87
2006-10-16,23.58,23.60,23.05,23.60,235500,15.73
2006-10-13,22.05,23.57,21.97,23.56,543000,15.71
2006-10-12,22.04,22.20,21.89,21.99,126300,14.66
2006-10-11,21.87,22.11,21.11,21.92,187500,14.61
2006-10-10,21.80,22.13,21.71,21.87,267200,14.58
2006-10-09,21.82,21.87,21.51,21.71,115400,14.47
2006-10-06,22.12,22.12,21.81,21.90,48900,14.60
2006-10-05,22.12,22.46,21.54,22.10,239000,14.73
2006-10-04,21.62,22.41,21.49,22.19,270600,14.79
2006-10-03,21.32,22.55,21.25,21.59,818000,14.39
2006-10-02,21.88,21.88,21.28,21.30,135900,14.20
2006-09-29,21.83,22.23,21.72,21.82,235600,14.55
2006-09-28,21.50,22.05,21.36,21.77,218400,14.51
2006-09-27,20.97,21.50,20.97,21.49,132200,14.33
2006-09-26,21.12,21.23,20.36,21.02,192800,14.01
2006-09-25,21.10,21.27,20.75,21.16,121600,14.11
2006-09-22,21.12,21.35,20.75,21.12,148800,14.08
2006-09-21,21.10,21.30,20.82,21.11,93400,14.07
2006-09-20,20.46,21.06,20.40,21.03,141600,14.02
2006-09-19,20.55,20.76,20.16,20.34,225900,13.56
2006-09-18,21.12,21.12,20.32,20.60,232800,13.73
2006-09-15,21.16,21.69,20.64,20.94,330000,13.96
2006-09-14,20.15,21.50,20.10,21.14,632100,14.09
2006-09-13,19.77,19.98,19.51,19.98,271600,13.32
2006-09-12,19.61,19.74,19.40,19.74,141400,13.16
2006-09-11,19.80,19.82,19.03,19.56,233800,13.04
2006-09-08,19.27,19.94,18.86,19.80,316000,13.20
2006-09-07,18.86,19.75,18.50,19.18,703600,12.79
2006-09-06,18.66,19.19,18.46,18.87,253400,12.58
2006-09-05,19.29,19.29,18.55,18.63,208200,12.42
2006-09-01,18.97,19.30,18.90,18.95,617600,12.63
2006-08-31,18.99,19.41,18.94,18.95,219600,12.63
2006-08-30,19.00,19.41,18.93,18.93,113700,12.62
2006-08-29,18.76,19.00,18.69,19.00,127400,12.67
2006-08-28,18.80,19.04,18.65,18.71,157800,12.47
2006-08-25,18.66,18.88,18.66,18.75,69400,12.50
2006-08-24,18.73,18.84,18.61,18.73,125800,12.49
2006-08-23,18.71,19.36,18.49,18.75,118800,12.50
2006-08-22,18.93,18.98,18.71,18.77,25400,12.51
2006-08-21,18.84,19.03,18.59,18.88,109000,12.59
2006-08-18,18.73,19.03,18.59,19.00,155200,12.67
2006-08-17,18.49,18.95,18.13,18.67,264000,12.45
2006-08-16,18.06,18.85,17.75,18.47,288000,12.31
2006-08-15,17.91,18.15,17.70,17.88,122200,11.92
2006-08-14,18.02,18.02,17.41,17.81,207300,11.87
2006-08-11,18.29,18.35,17.60,17.93,131200,11.95
2006-08-10,18.78,18.97,18.24,18.26,147200,12.17
2006-08-09,18.97,19.34,18.70,18.87,129900,12.58
2006-08-08,19.50,19.50,18.61,18.85,79000,12.57
2006-08-07,19.35,19.96,19.21,19.52,73500,13.01
2006-08-04,20.15,20.65,19.06,19.42,233400,12.95
2006-08-03,19.79,20.15,19.62,19.97,247800,13.31
2006-08-02,19.92,20.18,19.56,19.80,181500,13.20
2006-08-01,19.78,20.07,19.60,19.82,297200,13.21
2006-07-31,20.34,20.42,19.93,20.08,408600,13.39
2006-07-28,20.02,20.50,19.75,20.22,241600,13.48
2006-07-27,20.13,20.19,19.57,19.94,180900,13.29
2006-07-26,19.66,20.34,19.61,20.12,433000,13.41
2006-07-25,18.76,20.28,18.76,19.76,750900,13.17
2006-07-24,18.45,18.94,18.33,18.85,509600,12.57
2006-07-21,18.60,18.77,18.22,18.34,266600,12.23
2006-07-20,19.04,19.04,18.49,18.65,165200,12.43
2006-07-19,18.56,19.08,18.56,18.98,170800,12.65
2006-07-18,18.44,18.84,18.33,18.60,155200,12.40
2006-07-17,18.45,18.87,18.21,18.32,89800,12.21
2006-07-14,18.81,18.81,18.32,18.47,392400,12.31
2006-07-13,18.53,19.25,18.40,18.76,695200,12.51
2006-07-12,18.52,19.08,18.30,18.55,375600,12.37
2006-07-11,17.77,18.60,17.77,18.60,130000,12.40
2006-07-10,17.70,18.25,17.66,17.84,116200,11.89
2006-07-07,18.15,18.41,17.51,17.70,101800,11.80
2006-07-06,18.04,18.45,17.86,18.17,194400,12.11
2006-07-05,19.03,19.13,17.66,18.07,350400,12.05
2006-07-03,17.99,19.18,17.99,19.18,110700,12.79
2006-06-30,18.74,18.95,18.00,18.00,1846000,12.00
2006-06-29,18.45,18.73,18.39,18.64,155800,12.43
2006-06-28,18.18,18.57,18.00,18.36,186600,12.24
2006-06-27,18.30,18.35,18.00,18.10,381800,12.07
2006-06-26,17.68,18.43,17.45,18.25,211400,12.17
2006-06-23,17.37,17.62,17.12,17.61,105200,11.74
2006-06-22,17.44,17.45,17.00,17.34,176400,11.56
2006-06-21,17.24,17.54,17.09,17.43,219800,11.62
2006-06-20,17.27,17.33,16.94,17.25,240200,11.50
2006-06-19,17.36,17.50,17.08,17.14,191400,11.43
2006-06-16,16.74,18.85,16.65,17.30,2333800,11.53
2006-06-15,17.13,17.74,17.00,17.25,146400,11.50
2006-06-14,17.16,17.30,17.02,17.27,94200,11.51
2006-06-13,17.14,17.42,16.70,17.20,301200,11.47
2006-06-12,17.95,17.95,17.26,17.38,190200,11.59
2006-06-09,18.48,18.75,17.70,17.93,772500,11.95
2006-06-08,18.15,18.15,16.81,16.93,671800,11.29
2006-06-07,18.57,18.92,18.20,18.22,284100,12.15
2006-06-06,19.04,19.14,18.35,18.60,162000,12.40
2006-06-05,18.73,19.09,18.73,18.94,189900,12.63
2006-06-02,18.94,19.20,18.56,18.81,156800,12.54
2006-06-01,19.25,19.25,18.82,18.83,99800,12.55
2006-05-31,18.95,19.25,18.81,19.11,319200,12.74
2006-05-30,19.00,19.25,18.85,18.88,527000,12.59
2006-05-26,19.13,19.50,18.92,18.92,124500,12.61
2006-05-25,18.49,19.05,18.36,19.04,174900,12.69
2006-05-24,18.16,18.45,18.11,18.45,163800,12.30
2006-05-23,17.53,18.30,17.53,18.12,236400,12.08
2006-05-22,17.42,17.56,16.62,17.48,143400,11.65
2006-05-19,17.68,17.98,17.54,17.96,94200,11.97
2006-05-18,17.56,18.44,17.56,17.72,121000,11.81
2006-05-17,18.21,18.21,17.30,17.51,177600,11.67
2006-05-16,17.88,18.21,17.58,18.20,59800,12.13
2006-05-15,18.40,18.41,17.53,17.86,124800,11.91
2006-05-12,18.64,18.66,18.25,18.40,125700,12.27
2006-05-11,19.07,19.07,18.57,18.70,22500,12.47
2006-05-10,18.89,18.99,18.75,18.94,38800,12.63
2006-05-09,19.25,19.25,18.66,19.00,120900,12.67
2006-05-08,19.26,19.43,18.96,19.25,39400,12.83
2006-05-05,19.39,19.49,18.96,19.32,24200,12.88
2006-05-04,19.39,19.40,18.88,19.40,139800,12.93
2006-05-03,19.43,19.51,19.15,19.43,35600,12.95
2006-05-02,19.50,19.74,19.00,19.39,183800,12.93
2006-05-01,19.48,19.51,19.05,19.14,84600,12.76
2006-04-28,19.29,19.53,19.22,19.42,49400,12.95
2006-04-27,18.90,19.50,18.63,19.35,112200,12.90
2006-04-26,18.82,19.07,18.81,18.88,50400,12.59
2006-04-25,18.55,18.90,18.50,18.81,51300,12.54
2006-04-24,18.80,18.93,18.53,18.63,43600,12.42
2006-04-21,18.58,19.13,18.26,18.97,150900,12.65
2006-04-20,17.88,18.24,17.84,17.99,53200,11.99
2006-04-19,17.92,18.20,17.86,17.91,59400,11.94
2006-04-18,17.77,18.27,17.77,17.97,115000,11.98
2006-04-17,17.10,17.94,17.10,17.71,294000,11.81
2006-04-13,17.01,17.56,17.01,17.28,124000,11.52
2006-04-12,17.48,17.48,16.75,17.06,268000,11.37
2006-04-11,17.48,17.64,17.25,17.44,124800,11.63
2006-04-10,17.79,17.95,17.43,17.50,133000,11.67
2006-04-07,18.19,18.19,17.81,17.81,81000,11.87
2006-04-06,18.27,18.44,17.53,18.13,226500,12.09
2006-04-05,17.73,18.16,17.73,18.08,36400,12.05
2006-04-04,18.14,18.14,17.60,17.81,107700,11.87
2006-04-03,18.03,18.60,17.63,18.06,333000,12.04
2006-03-31,17.52,18.05,17.48,17.78,118200,11.85
2006-03-30,17.33,17.49,17.17,17.34,146100,11.56
2006-03-29,17.33,17.47,16.62,17.12,265600,11.41
2006-03-28,16.97,17.33,16.97,17.31,56600,11.54
2006-03-27,16.55,17.35,16.55,17.10,169600,11.40
2006-03-24,16.35,16.66,16.32,16.66,138900,11.11
2006-03-23,16.43,16.43,15.97,16.35,118800,10.90
2006-03-22,16.51,16.75,16.28,16.48,73000,10.99
2006-03-21,16.43,16.57,16.24,16.48,154500,10.99
2006-03-20,16.00,16.64,16.00,16.39,920800,10.93
2006-03-17,16.53,16.59,15.97,16.15,423300,10.77
2006-03-16,16.52,16.70,16.45,16.56,252400,11.04
2006-03-15,16.51,16.60,16.25,16.47,150300,10.98
2006-03-14,16.45,16.85,16.38,16.51,152700,11.01
2006-03-13,16.24,16.65,16.24,16.49,130800,10.99
2006-03-10,16.05,16.33,15.89,16.27,330600,10.85
2006-03-09,15.00,16.09,15.00,15.86,660200,10.57
2006-03-08,14.60,14.92,14.55,14.84,241000,9.89
2006-03-07,14.75,14.94,14.55,14.60,266800,9.73
2006-03-06,14.81,14.85,14.58,14.80,230600,9.87
2006-03-03,14.54,14.97,14.54,14.82,38700,9.88
2006-03-02,14.39,14.67,14.30,14.62,103500,9.75
2006-03-01,14.03,14.36,13.85,14.35,236000,9.57
2006-02-28,14.79,14.80,14.00,14.15,222000,9.43
2006-02-27,14.46,14.75,14.40,14.69,150600,9.79
2006-02-24,14.34,14.57,14.20,14.45,322800,9.63
2006-02-23,14.10,14.70,14.10,14.48,422000,9.65
2006-02-22,14.48,14.48,13.85,14.40,324200,9.60
2006-02-21,14.84,15.19,14.78,14.95,223800,9.97
2006-02-17,14.75,15.20,14.75,14.99,221000,9.99
2006-02-16,14.69,14.92,14.62,14.87,107000,9.91
2006-02-15,14.00,14.68,13.95,14.63,156800,9.75
2006-02-14,13.66,14.01,13.50,14.01,251700,9.34
2006-02-13,13.37,13.68,13.37,13.54,70200,9.03
2006-02-10,13.14,13.33,13.13,13.30,29700,8.87
2006-02-09,13.14,13.29,13.07,13.26,48800,8.84
2006-02-08,13.30,13.30,12.89,13.22,142800,8.81
2006-02-07,13.67,13.69,13.38,13.38,28000,8.92
2006-02-06,13.75,13.79,13.39,13.78,34500,9.19
2006-02-03,13.76,13.80,13.59,13.72,66400,9.15
2006-02-02,13.75,14.06,13.60,13.76,54900,9.17
2006-02-01,14.00,14.72,13.71,13.73,1080300,9.15
2006-01-31,13.32,13.32,12.85,13.10,191600,8.73
2006-01-30,12.99,13.59,12.75,13.46,422000,8.97
2006-01-27,12.15,13.00,12.15,12.80,433000,8.53
2006-01-26,12.18,12.24,11.99,12.18,426000,8.12
2006-01-25,12.45,12.45,12.06,12.16,96600,8.11
2006-01-24,12.49,12.55,12.29,12.35,176800,8.23
2006-01-23,12.25,12.45,12.25,12.41,18800,8.27
2006-01-20,12.40,12.40,11.91,12.25,114300,8.17
2006-01-19,12.60,12.60,12.20,12.40,63300,8.27
2006-01-18,12.03,12.46,12.03,12.38,53400,8.25
2006-01-17,12.02,12.38,11.97,12.19,39900,8.13
2006-01-13,11.70,12.04,11.65,12.02,99200,8.01
2006-01-12,11.70,11.83,11.50,11.62,281100,7.75
2006-01-11,11.50,11.50,10.70,11.50,199800,7.67
2006-01-10,11.65,11.78,11.50,11.50,291400,7.67
2006-01-09,11.84,11.93,11.66,11.79,24900,7.86
2006-01-06,11.80,11.82,11.70,11.75,32800,7.83
2006-01-05,11.81,11.97,11.80,11.85,168300,7.90
2006-01-04,11.80,11.92,11.78,11.80,12000,7.87
2006-01-03,11.86,11.90,11.67,11.80,50600,7.87
2005-12-30,11.61,12.04,11.60,11.99,33800,7.99
2005-12-29,11.79,11.79,11.51,11.70,32100,7.80
2005-12-28,11.67,11.87,11.67,11.84,21600,7.89
2005-12-27,11.70,11.84,11.66,11.66,6300,7.77
2005-12-23,11.81,11.81,11.65,11.75,16400,7.83
2005-12-22,11.88,11.90,11.73,11.88,13400,7.92
2005-12-21,11.99,12.00,11.53,11.83,23700,7.89
2005-12-20,12.00,12.00,11.85,11.92,18000,7.95
2005-12-19,11.90,12.11,11.90,12.00,15900,8.00
2005-12-16,11.96,11.97,11.84,11.87,63200,7.91
2005-12-15,12.21,12.21,11.79,11.90,23600,7.93
2005-12-14,12.00,12.06,11.90,12.03,14200,8.02
2005-12-13,12.02,12.15,11.98,12.00,6300,8.00
2005-12-12,11.70,12.01,11.66,12.01,42800,8.01
2005-12-09,11.80,11.80,11.56,11.66,27800,7.77
2005-12-08,11.92,11.96,11.66,11.87,17000,7.91
2005-12-07,12.25,12.31,11.74,11.90,224100,7.93
2005-12-06,12.26,12.33,12.25,12.25,15000,8.17
2005-12-05,12.10,12.33,12.10,12.27,22400,8.18
2005-12-02,11.68,12.08,11.68,12.05,29600,8.03
2005-12-01,12.00,12.00,11.74,11.83,24000,7.89
2005-11-30,12.15,12.19,11.75,11.89,53000,7.93
2005-11-29,12.63,12.74,12.15,12.24,17400,8.16
2005-11-28,12.70,12.85,12.51,12.52,16800,8.35
2005-11-25,12.75,12.85,12.58,12.58,22400,8.39
2005-11-23,12.74,12.75,12.47,12.74,47600,8.49
2005-11-22,12.76,12.82,12.66,12.78,10500,8.52
2005-11-21,12.65,12.90,12.13,12.79,75200,8.53
2005-11-18,12.62,12.79,12.61,12.62,47000,8.41
2005-11-17,12.70,12.87,12.55,12.64,133600,8.43
2005-11-16,12.60,12.68,12.52,12.68,65400,8.45
2005-11-15,12.08,12.60,11.81,12.51,76500,8.34
2005-11-14,11.68,11.96,11.61,11.96,60600,7.97
2005-11-11,11.65,12.13,11.65,11.90,25200,7.93
2005-11-10,11.78,11.81,11.64,11.73,71100,7.82
2005-11-09,11.78,11.78,11.27,11.61,52400,7.74
2005-11-08,11.49,12.14,11.49,11.61,53000,7.74
2005-11-07,11.25,11.90,11.25,11.54,97200,7.69
2005-11-04,11.80,11.80,10.75,11.15,267400,7.43
2005-11-03,10.48,10.50,10.27,10.46,39600,6.97
2005-11-02,10.69,10.69,10.32,10.45,182800,6.97
2005-11-01,10.89,10.90,10.71,10.83,24600,7.22
2005-10-31,10.82,10.94,10.71,10.85,32100,7.23
2005-10-28,11.45,11.45,10.82,10.91,46200,7.27
2005-10-27,11.13,11.13,11.01,11.02,11400,7.35
2005-10-26,11.03,11.12,11.03,11.07,6600,7.38
2005-10-25,11.25,11.25,10.95,10.95,65700,7.30
2005-10-24,11.18,11.29,11.15,11.25,35100,7.50
2005-10-21,11.21,11.26,11.01,11.10,64800,7.40
2005-10-20,11.14,11.35,11.05,11.17,112600,7.45
2005-10-19,10.89,11.44,10.89,11.16,187200,7.44
2005-10-18,10.81,10.94,10.60,10.92,642600,7.28
2005-10-17,11.18,11.20,10.82,10.82,32100,7.21
2005-10-14,11.06,11.17,11.05,11.07,9300,7.38
2005-10-13,11.20,11.21,11.10,11.10,3200,7.40
2005-10-12,11.53,11.54,11.10,11.21,47400,7.47
2005-10-11,11.71,11.81,11.53,11.55,5700,7.70
2005-10-10,11.64,11.64,11.58,11.60,3000,7.73
2005-10-07,11.92,11.92,11.60,11.64,41700,7.76
2005-10-06,12.00,12.00,11.75,11.90,12800,7.93
2005-10-05,11.92,12.02,11.90,11.97,39000,7.98
2005-10-04,11.98,12.03,11.92,11.98,9400,7.99
2005-10-03,12.00,12.01,11.91,12.01,88600,8.01
2005-09-30,12.08,12.18,11.76,11.98,837300,7.99
2005-09-29,11.90,12.15,11.87,12.08,97200,8.05
2005-09-28,11.98,12.00,11.89,11.97,14700,7.98
2005-09-27,12.15,12.15,11.96,12.01,20400,8.01
2005-09-26,12.16,12.24,12.08,12.15,45600,8.10
2005-09-23,12.02,12.38,12.00,12.22,39400,8.15
2005-09-22,12.69,12.69,12.24,12.50,281800,8.33
2005-09-21,12.46,12.67,12.00,12.64,73000,8.43
2005-09-20,12.85,12.85,12.23,12.55,70500,8.37
2005-09-19,12.85,13.24,12.84,12.90,58400,8.60
2005-09-16,13.09,13.09,12.61,12.75,91500,8.50
2005-09-15,13.30,13.44,12.80,13.08,46400,8.72
2005-09-14,13.32,13.55,13.29,13.29,46400,8.86
2005-09-13,13.83,13.83,13.30,13.32,62800,8.88
2005-09-12,13.95,13.95,13.67,13.80,39000,9.20
2005-09-09,14.39,14.39,13.80,13.90,72200,9.27
2005-09-08,14.37,14.47,14.33,14.40,135400,9.60
2005-09-07,14.44,14.44,14.28,14.42,142400,9.61
2005-09-06,15.40,15.40,14.25,14.44,2055600,9.63
2005-09-02,14.95,15.39,14.82,15.13,89800,10.09
2005-09-01,14.41,14.94,14.20,14.76,115400,9.84
2005-08-31,13.83,14.50,13.83,14.43,77000,9.62
2005-08-30,14.07,14.07,13.66,13.75,13500,9.17
2005-08-29,13.39,14.01,13.35,13.92,52400,9.28
2005-08-26,13.85,13.94,13.26,13.46,50700,8.97
2005-08-25,13.90,14.51,13.61,13.75,2029200,9.17
2005-08-24,13.80,14.02,13.50,13.66,235000,9.11
2005-08-23,12.98,13.22,12.80,13.22,48000,8.81
2005-08-22,13.05,13.25,12.94,13.09,87900,8.73
2005-08-19,12.83,13.00,12.79,13.00,22400,8.67
2005-08-18,12.45,12.80,12.40,12.73,18400,8.49
2005-08-17,12.37,12.44,12.35,12.44,2800,8.29
2005-08-16,12.55,12.55,12.21,12.37,12400,8.25
2005-08-15,12.63,12.83,12.63,12.71,12000,8.47
2005-08-12,12.21,12.65,12.19,12.43,14700,8.29
2005-08-11,12.40,12.55,12.26,12.31,17600,8.21
2005-08-10,12.85,12.85,12.00,12.25,73800,8.17
2005-08-09,12.75,13.00,12.75,12.84,21000,8.56
2005-08-08,13.02,13.08,12.45,12.84,45000,8.56
2005-08-05,12.93,13.18,12.93,13.00,11700,8.67
2005-08-04,13.13,13.14,12.85,12.98,81900,8.65
2005-08-03,13.12,13.27,13.05,13.18,329000,8.79
2005-08-02,13.05,13.30,12.65,13.24,48000,8.83
2005-08-01,13.05,13.31,12.95,12.95,123200,8.63
2005-07-29,13.00,13.05,12.62,13.04,64500,8.69
2005-07-28,12.35,13.00,12.35,13.00,357800,8.67
2005-07-27,11.97,12.49,11.83,12.44,125700,8.29
2005-07-26,11.75,12.25,11.75,12.09,48800,8.06
2005-07-25,11.70,11.80,11.60,11.61,14600,7.74
2005-07-22,11.84,11.90,11.70,11.71,20600,7.81
2005-07-21,11.75,12.00,11.63,11.84,41800,7.89
2005-07-20,11.60,11.96,11.60,11.87,46400,7.91
2005-07-19,11.70,11.78,11.60,11.63,77400,7.75
2005-07-18,11.50,11.70,11.50,11.70,51600,7.80
2005-07-15,11.40,11.57,11.25,11.51,70500,7.67
2005-07-14,11.46,11.70,11.25,11.35,150900,7.57
2005-07-13,11.18,11.60,11.18,11.45,61400,7.63
2005-07-12,11.50,11.55,11.09,11.29,107700,7.53
2005-07-11,11.44,11.57,11.43,11.50,211200,7.67
2005-07-08,11.80,11.80,11.09,11.38,215800,7.59
2005-07-07,11.35,11.78,11.35,11.70,108400,7.80
2005-07-06,11.39,11.55,11.22,11.40,149100,7.60
2005-07-05,11.21,11.66,11.21,11.54,223000,7.69
2005-07-01,10.64,11.75,10.64,11.23,153300,7.49
2005-06-30,10.17,10.86,10.17,10.61,248600,7.07
2005-06-29,10.55,10.55,10.00,10.15,253200,6.77
2005-06-28,10.40,10.42,10.06,10.34,305200,6.89
2005-06-27,9.58,10.38,9.51,10.20,467800,6.80
2005-06-24,9.02,9.62,8.61,9.62,500800,6.41
2005-06-23,9.35,9.40,8.90,9.05,104000,6.03
2005-06-22,9.45,9.71,9.28,9.32,154400,6.21
2005-06-21,9.90,9.98,9.32,9.44,153000,6.29
2005-06-20,9.80,10.00,9.66,9.91,106000,6.61
2005-06-17,10.00,10.15,9.42,9.65,217200,6.43
2005-06-16,8.85,10.30,8.85,9.85,1417000,6.57
2005-06-15,8.98,8.98,8.70,8.75,118000,5.83
2005-06-14,8.85,8.96,8.71,8.85,44700,5.90
2005-06-13,8.88,8.89,8.70,8.85,78800,5.90
2005-06-10,8.84,9.00,8.84,8.94,14000,5.96
2005-06-09,9.10,9.10,8.79,8.87,36400,5.91
2005-06-08,8.97,9.03,8.75,8.89,25200,5.93
2005-06-07,9.04,9.10,8.90,8.92,125400,5.95
2005-06-06,9.10,9.20,8.94,9.02,169800,6.01
2005-06-03,9.06,9.32,8.50,9.12,423300,6.08
2005-06-02,8.96,9.46,8.96,9.19,45900,6.13
2005-06-01,8.90,9.18,8.90,9.00,49500,6.00
2005-05-31,9.20,9.28,8.95,8.95,37800,5.97
2005-05-27,9.16,9.32,9.01,9.12,180400,6.08
2005-05-26,9.30,9.34,9.19,9.25,67800,6.17
2005-05-25,9.48,9.55,9.30,9.42,78000,6.28
2005-05-24,9.74,9.79,9.53,9.65,26100,6.43
2005-05-23,9.87,9.87,9.32,9.57,43500,6.38
2005-05-20,9.54,9.77,9.30,9.77,21400,6.51
2005-05-19,9.75,9.95,9.32,9.53,65200,6.35
2005-05-18,9.99,10.00,9.80,9.81,24800,6.54
2005-05-17,9.95,10.10,9.78,9.78,125400,6.52
2005-05-16,9.83,10.20,9.83,10.00,101800,6.67
2005-05-13,9.93,10.00,9.56,9.76,104100,6.51
2005-05-12,10.00,10.12,9.70,9.74,135800,6.49
2005-05-11,10.12,10.41,9.69,10.00,1075400,6.67
2005-05-10,10.50,10.67,10.11,10.31,78600,6.87
2005-05-09,11.08,11.11,10.55,10.66,72400,7.11
2005-05-06,11.34,11.50,10.90,11.00,145400,7.33
2005-05-05,12.80,12.80,10.80,11.12,637400,7.41
2005-05-04,11.17,11.17,10.71,10.90,37000,7.27
2005-05-03,10.50,11.75,10.45,11.03,26100,7.35
2005-05-02,10.32,10.60,10.25,10.45,28200,6.97
2005-04-29,10.37,10.55,9.65,10.14,105000,6.76
2005-04-28,11.70,11.70,10.16,10.40,287800,6.93
2005-04-27,11.98,12.10,11.61,11.70,64500,7.80
2005-04-26,11.75,12.03,11.68,11.75,10600,7.83
2005-04-25,11.78,12.25,11.70,12.06,28800,8.04
2005-04-22,12.02,12.25,11.82,12.05,68800,8.03
2005-04-21,12.25,12.25,11.99,12.25,19000,8.17
2005-04-20,12.28,12.42,12.03,12.18,26200,8.12
2005-04-19,11.79,12.25,11.78,12.25,29100,8.17
2005-04-18,11.87,12.25,11.70,11.89,101100,7.93
2005-04-15,12.50,12.50,11.62,12.15,422400,8.10
2005-04-14,12.69,12.94,12.11,12.44,135800,8.29
2005-04-13,12.83,13.00,12.50,12.56,82800,8.37
2005-04-12,12.44,12.80,12.35,12.69,151500,8.46
2005-04-11,12.17,12.46,12.00,12.26,87600,8.17
2005-04-08,12.03,12.45,11.89,12.29,140600,8.19
2005-04-07,11.49,12.22,11.49,12.22,133600,8.15
2005-04-06,11.71,11.91,11.45,11.52,66400,7.68
2005-04-05,12.22,12.28,11.41,11.65,70400,7.77
2005-04-04,11.65,12.28,11.06,12.10,96400,8.07
2005-04-01,11.88,12.13,10.83,11.62,249600,7.75
2005-03-31,12.21,13.05,11.70,11.88,622000,7.92
2005-03-30,12.95,12.95,12.21,12.38,52200,8.25
2005-03-29,12.63,12.78,12.04,12.41,369400,8.27
2005-03-28,12.57,12.69,12.44,12.45,102400,8.30
2005-03-24,12.99,12.99,12.06,12.43,254700,8.29
2005-03-23,12.95,13.23,12.50,12.75,41400,8.50
2005-03-22,13.05,13.52,13.00,13.00,38600,8.67
2005-03-21,13.50,13.60,13.05,13.12,74800,8.75
2005-03-18,12.80,13.65,12.60,13.17,97000,8.78
2005-03-17,12.67,12.67,12.50,12.55,27600,8.37
2005-03-16,12.89,13.00,12.67,12.67,130600,8.45
2005-03-15,12.97,13.01,12.83,12.89,50600,8.59
2005-03-14,13.18,13.18,12.50,12.91,102600,8.61
2005-03-11,12.55,12.69,12.55,12.60,42800,8.40
2005-03-10,12.50,12.70,12.45,12.55,53100,8.37
2005-03-09,12.70,12.70,12.25,12.55,102300,8.37
2005-03-08,13.35,13.35,12.55,12.72,229200,8.48
2005-03-07,12.60,13.09,12.59,13.05,621900,8.70
2005-03-04,12.25,12.71,12.16,12.60,249600,8.40
2005-03-03,12.11,12.35,10.57,12.16,1637000,8.11
2005-03-02,14.69,14.70,11.64,11.74,1343700,7.83
2005-03-01,14.29,14.66,14.10,14.27,40200,9.51
2005-02-28,14.70,14.70,14.10,14.10,36000,9.40
2005-02-25,15.05,15.16,14.20,14.25,330600,9.50
2005-02-24,15.74,15.74,15.05,15.10,178000,10.07
2005-02-23,15.50,15.75,15.50,15.50,80200,10.33
2005-02-22,15.45,15.75,15.38,15.65,43600,10.43
2005-02-18,15.52,15.75,15.52,15.54,92800,10.36
2005-02-17,15.75,15.90,15.48,15.75,74600,10.50
2005-02-16,15.84,15.87,15.63,15.82,61400,10.55
2005-02-15,15.85,15.90,15.45,15.45,58000,10.30
2005-02-14,15.75,15.80,15.45,15.79,144000,10.53
2005-02-11,15.20,15.80,15.05,15.74,189200,10.49
2005-02-10,15.15,15.19,14.89,15.06,277400,10.04
2005-02-09,14.90,15.10,14.90,15.10,237900,10.07
2005-02-08,15.02,15.25,14.75,14.95,125100,9.97
2005-02-07,15.15,15.20,15.01,15.13,375300,10.09
2005-02-04,15.40,15.49,15.10,15.12,427600,10.08
2005-02-03,15.70,15.71,15.31,15.43,394500,10.29
2005-02-02,15.45,15.78,15.45,15.70,209700,10.47
2005-02-01,16.10,16.10,15.10,15.50,797400,10.33
2005-01-31,16.19,16.19,16.00,16.00,2206200,10.67
2005-01-28,17.06,17.06,15.95,16.00,9513300,10.67
