Date,Open,High,Low,Close,Volume,Adj Close
2012-05-04,36.50,36.60,34.10,34.83,2278000,34.83
2012-05-03,36.68,38.50,36.28,36.78,2128600,36.78
2012-05-02,37.65,37.87,37.30,37.84,821600,37.84
2012-05-01,37.76,38.50,37.26,37.96,1092500,37.96
2012-04-30,37.12,37.86,36.66,37.68,720500,37.68
2012-04-27,37.25,37.48,36.75,37.11,968500,37.11
2012-04-26,35.84,37.19,35.84,37.04,894800,37.04
2012-04-25,34.45,36.13,34.29,36.00,851400,36.00
2012-04-24,34.19,34.69,33.86,34.38,437300,34.38
2012-04-23,33.80,34.60,33.22,34.12,1021000,34.12
2012-04-20,34.66,35.00,34.27,34.37,1077400,34.37
2012-04-19,33.80,34.60,33.61,34.25,1356700,34.25
2012-04-18,34.04,34.15,33.53,33.87,545100,33.87
2012-04-17,33.95,34.37,33.76,34.18,697400,34.18
2012-04-16,34.04,34.50,33.32,33.56,757600,33.56
2012-04-13,34.37,34.41,33.52,34.08,922800,34.08
2012-04-12,33.35,34.51,33.26,34.31,1153700,34.31
2012-04-11,33.97,34.41,33.15,33.20,1230500,33.20
2012-04-10,34.00,34.44,33.25,33.63,1458400,33.63
2012-04-09,33.70,34.33,33.45,34.12,1348800,34.12
2012-04-05,35.00,35.54,34.07,34.57,1094200,34.57
2012-04-04,35.45,35.66,34.46,35.23,1355000,35.23
2012-04-03,36.92,36.96,35.55,35.89,1257400,35.89
2012-04-02,36.10,37.51,35.85,37.09,1336500,37.09
2012-03-30,35.34,36.50,34.95,36.11,1279800,36.11
2012-03-29,34.61,35.24,34.27,35.08,964600,35.08
2012-03-28,35.70,35.76,34.35,35.09,1023500,35.09
2012-03-27,34.33,36.06,34.23,35.75,1891900,35.75
2012-03-26,35.75,36.08,34.73,35.12,1181700,35.12
2012-03-23,35.01,35.72,34.85,35.55,868300,35.55
2012-03-22,35.64,35.75,34.55,35.05,715400,35.05
2012-03-21,36.24,36.33,35.50,35.83,701100,35.83
2012-03-20,37.54,37.54,36.11,36.14,972600,36.14
2012-03-19,37.05,38.00,37.00,37.68,761000,37.68
2012-03-16,36.34,37.12,36.24,36.99,762900,36.99
2012-03-15,36.02,36.55,35.75,36.23,451400,36.23
2012-03-14,36.77,37.20,35.89,36.13,1035600,36.13
2012-03-13,35.85,36.80,35.27,36.77,1028800,36.77
2012-03-12,37.07,37.08,35.62,35.73,1367200,35.73
2012-03-09,36.16,37.33,36.16,37.08,1054400,37.08
2012-03-08,35.56,36.41,35.18,36.39,832700,36.39
2012-03-07,34.91,35.60,34.61,35.36,1194400,35.36
2012-03-06,35.60,35.64,34.43,34.96,1409500,34.96
2012-03-05,37.40,37.47,35.78,36.10,1515900,36.10
2012-03-02,38.22,38.49,36.94,37.47,706200,37.47
2012-03-01,37.56,38.46,37.51,38.32,747700,38.32
2012-02-29,38.72,38.92,37.04,37.43,801800,37.43
2012-02-28,38.97,39.30,38.10,38.76,721600,38.76
2012-02-27,38.99,39.65,38.09,38.87,999200,38.87
2012-02-24,39.18,39.33,38.08,38.58,620600,38.58
2012-02-23,38.65,39.07,38.01,39.03,598600,39.03
2012-02-22,38.41,38.94,38.31,38.67,946700,38.67
2012-02-21,38.52,38.93,38.21,38.52,1228500,38.52
2012-02-17,38.43,38.49,37.52,38.16,754100,38.16
2012-02-16,37.13,38.44,36.79,38.40,1448100,38.40
2012-02-15,37.47,37.64,36.64,37.03,840400,37.03
2012-02-14,37.75,38.02,36.86,37.32,1236000,37.32
2012-02-13,38.25,38.56,37.10,37.79,1345600,37.79
2012-02-10,38.43,38.56,37.59,37.60,1152100,37.60
2012-02-09,38.22,39.10,37.52,38.99,1370700,38.99
2012-02-08,38.36,38.50,37.47,38.04,1076400,38.04
2012-02-07,37.91,38.42,37.30,38.12,1280600,38.12
2012-02-06,35.20,37.84,35.01,37.73,2381600,37.73
2012-02-03,35.39,36.00,35.10,35.25,1906600,35.25
2012-02-02,35.00,35.78,34.26,34.61,3032700,34.61
2012-02-01,33.28,34.08,32.91,33.91,1106000,33.91
2012-01-31,33.29,33.48,32.79,32.83,827700,32.83
2012-01-30,32.87,33.05,32.51,32.92,831600,32.92
2012-01-27,32.35,33.47,32.35,33.18,859400,33.18
2012-01-26,34.07,34.26,32.35,32.55,709700,32.55
2012-01-25,33.30,34.02,32.79,33.92,724400,33.92
2012-01-24,33.50,33.56,32.95,33.29,715800,33.29
2012-01-23,34.23,34.67,33.62,33.68,1349500,33.68
2012-01-20,34.51,34.61,33.71,33.90,1038300,33.90
2012-01-19,34.00,34.60,33.86,34.47,1270000,34.47
2012-01-18,32.69,33.95,32.51,33.84,928500,33.84
2012-01-17,32.11,32.85,32.11,32.70,656500,32.70
2012-01-13,31.99,32.02,31.32,31.63,556200,31.63
2012-01-12,32.62,32.93,32.23,32.47,511200,32.47
2012-01-11,33.27,33.28,32.30,32.51,570200,32.51
2012-01-10,33.26,33.49,33.07,33.33,836300,33.33
2012-01-09,32.37,32.92,32.16,32.82,709300,32.82
2012-01-06,32.78,32.98,32.10,32.43,903900,32.43
2012-01-05,32.96,32.96,32.15,32.63,853200,32.63
2012-01-04,32.95,33.23,32.11,33.13,1153600,33.13
2012-01-03,32.97,33.43,32.47,33.16,1012300,33.16
2011-12-30,31.60,32.44,31.53,31.88,662500,31.88
2011-12-29,31.10,31.77,30.85,31.62,566800,31.62
2011-12-28,31.86,31.86,30.52,30.91,456200,30.91
2011-12-27,31.26,31.94,30.94,31.76,380000,31.76
2011-12-23,31.00,31.50,30.74,31.45,343900,31.45
2011-12-22,30.63,31.35,30.61,30.90,609600,30.90
2011-12-21,29.68,30.68,29.16,30.28,654600,30.28
2011-12-20,28.79,29.69,28.70,29.55,835100,29.55
2011-12-19,28.42,28.98,27.83,27.95,746000,27.95
2011-12-16,28.14,28.76,27.53,28.10,976700,28.10
2011-12-15,28.02,28.37,27.34,27.72,635500,27.72
2011-12-14,28.97,29.09,27.45,27.51,1219600,27.51
2011-12-13,30.67,31.31,29.00,29.39,584000,29.39
2011-12-12,30.37,30.50,29.40,30.35,648700,30.35
2011-12-09,29.75,31.04,29.69,30.79,1000100,30.79
2011-12-08,30.90,31.35,29.15,29.30,836900,29.30
2011-12-07,31.69,31.87,30.65,31.20,1043200,31.20
2011-12-06,31.76,32.42,31.33,31.79,1019800,31.79
2011-12-05,32.50,32.80,31.50,32.05,1103600,32.05
2011-12-02,31.75,32.17,31.50,31.79,891900,31.79
2011-12-01,31.20,31.50,30.39,31.15,999800,31.15
2011-11-30,31.57,31.98,31.03,31.44,1271900,31.44
2011-11-29,28.79,29.91,28.38,29.82,934800,29.82
2011-11-28,28.06,28.84,27.69,28.71,1042200,28.71
2011-11-25,27.52,27.85,26.63,26.64,363900,26.64
2011-11-23,28.02,29.61,27.50,27.54,662900,27.54
2011-11-22,29.70,30.27,28.96,29.30,570400,29.30
2011-11-21,29.68,30.05,28.69,29.79,912400,29.79
2011-11-18,30.34,30.91,29.63,30.25,668000,30.25
2011-11-17,31.02,31.47,29.88,30.20,957600,30.20
2011-11-16,31.22,32.18,30.94,31.05,830500,31.05
2011-11-15,30.25,31.96,30.00,31.54,1104700,31.54
2011-11-14,31.07,31.17,29.79,30.42,451600,30.42
2011-11-11,30.38,31.29,30.38,31.16,599900,31.16
2011-11-10,29.57,30.60,28.98,29.88,725300,29.88
2011-11-09,30.04,30.75,28.97,29.00,982000,29.00
2011-11-08,30.64,31.45,29.85,31.40,868500,31.40
2011-11-07,29.70,30.62,29.05,30.33,701300,30.33
2011-11-04,29.75,30.36,29.08,29.67,874400,29.67
2011-11-03,29.50,30.24,28.60,30.07,542600,30.07
2011-11-02,29.00,29.25,28.22,29.04,999900,29.04
2011-11-01,27.96,28.64,27.50,28.26,869400,28.26
2011-10-31,30.29,30.47,29.33,29.37,717700,29.37
2011-10-28,30.69,31.55,30.42,30.91,981000,30.91
2011-10-27,30.04,31.49,29.67,30.93,2552000,30.93
2011-10-26,29.23,29.23,27.55,28.88,769900,28.88
2011-10-25,29.01,29.22,27.81,28.07,750200,28.07
2011-10-24,28.41,29.43,28.28,29.18,1249300,29.18
2011-10-21,28.28,28.56,27.56,28.37,795200,28.37
2011-10-20,27.40,27.85,26.62,27.62,646400,27.62
2011-10-19,27.84,28.60,27.25,27.48,860700,27.48
2011-10-18,26.38,27.99,25.75,27.80,848900,27.80
2011-10-17,26.88,27.50,26.40,26.56,864700,26.56
2011-10-14,26.53,27.03,26.36,26.87,830900,26.87
2011-10-13,25.55,26.23,24.88,25.99,523000,25.99
2011-10-12,25.63,26.57,25.63,25.81,1033300,25.81
2011-10-11,24.59,25.80,24.40,25.43,757000,25.43
2011-10-10,23.71,24.99,23.50,24.96,1126700,24.96
2011-10-07,23.64,23.95,22.65,23.29,1333800,23.29
2011-10-06,22.35,23.55,21.89,23.46,1418300,23.46
2011-10-05,21.27,22.52,20.43,22.49,1970500,22.49
2011-10-04,19.67,21.08,18.79,21.05,2280500,21.05
2011-10-03,21.09,21.61,20.25,20.27,1648600,20.27
2011-09-30,22.07,22.40,20.78,21.48,1614500,21.48
2011-09-29,23.26,23.42,21.86,22.57,1280300,22.57
2011-09-28,23.65,23.89,22.47,22.51,1602600,22.51
2011-09-27,23.64,24.27,23.33,23.58,1232000,23.58
2011-09-26,21.75,22.65,20.95,22.63,1045700,22.63
2011-09-23,21.55,22.32,21.28,21.51,1293000,21.51
2011-09-22,22.18,22.19,21.09,21.59,1949700,21.59
2011-09-21,23.84,24.44,22.83,22.89,1065500,22.89
2011-09-20,24.27,24.85,23.70,23.97,937900,23.97
2011-09-19,24.66,24.70,23.79,24.23,646500,24.23
2011-09-16,25.93,25.93,24.89,25.14,806700,25.14
2011-09-15,25.30,26.25,25.06,25.74,1248000,25.74
2011-09-14,24.93,25.56,23.53,25.26,1635200,25.26
2011-09-13,23.20,24.81,22.94,24.68,1570600,24.68
2011-09-12,23.42,23.74,22.43,23.18,1332300,23.18
2011-09-09,24.90,25.05,23.50,23.88,902100,23.88
2011-09-08,25.63,26.41,25.12,25.32,608600,25.32
2011-09-07,25.67,26.45,25.33,25.78,1016500,25.78
2011-09-06,24.13,25.18,23.72,25.08,722000,25.08
2011-09-02,25.34,25.60,24.54,25.20,783300,25.20
2011-09-01,26.90,26.98,26.12,26.30,839000,26.30
2011-08-31,26.61,26.99,26.42,26.81,1163800,26.81
2011-08-30,26.00,26.77,25.76,26.39,613700,26.39
2011-08-29,25.06,26.45,25.06,26.24,792500,26.24
2011-08-26,23.43,24.57,22.95,24.46,976900,24.46
2011-08-25,24.88,25.38,23.75,23.88,1017100,23.88
2011-08-24,24.62,25.05,23.40,24.53,1285900,24.53
2011-08-23,24.32,24.54,22.32,24.46,2103800,24.46
2011-08-22,24.29,24.66,21.90,22.04,2522000,22.04
2011-08-19,24.69,25.71,23.11,23.50,1909500,23.50
2011-08-18,25.92,25.92,24.89,25.16,1513200,25.16
2011-08-17,26.72,27.40,26.41,27.03,1250700,27.03
2011-08-16,26.97,27.00,25.61,26.18,1288700,26.18
2011-08-15,26.56,27.94,26.56,27.47,1298100,27.47
2011-08-12,25.48,26.89,25.32,26.10,1917400,26.10
2011-08-11,22.99,25.46,21.75,25.07,3615400,25.07
2011-08-10,23.37,24.51,22.05,23.10,2051300,23.10
2011-08-09,22.51,23.67,21.04,23.61,2826300,23.61
2011-08-08,25.49,26.27,21.54,22.06,3084900,22.06
2011-08-05,28.18,28.90,24.88,26.71,2047400,26.71
2011-08-04,30.84,31.07,27.56,27.63,2378800,27.63
2011-08-03,31.83,31.83,29.92,31.43,687000,31.43
2011-08-02,31.82,32.82,31.65,31.70,1211900,31.70
2011-08-01,33.41,33.66,32.32,32.66,578100,32.66
2011-07-29,32.51,33.41,32.09,32.81,473900,32.81
2011-07-28,33.30,33.67,32.89,33.04,560100,33.04
2011-07-27,33.44,33.64,32.42,33.36,959400,33.36
2011-07-26,33.79,34.25,33.32,33.76,545800,33.76
2011-07-25,34.05,34.50,33.74,33.83,699200,33.83
2011-07-22,34.45,35.00,34.18,34.89,506500,34.89
2011-07-21,34.43,35.04,33.95,34.40,695300,34.40
2011-07-20,34.71,34.99,33.52,34.34,702300,34.34
2011-07-19,34.58,35.08,34.16,34.52,754300,34.52
2011-07-18,34.14,34.28,33.41,34.17,507800,34.17
2011-07-15,32.97,34.58,32.97,34.26,974400,34.26
2011-07-14,34.42,34.43,32.28,32.75,901700,32.75
2011-07-13,33.63,34.36,33.44,33.72,688400,33.72
2011-07-12,33.04,34.10,33.00,33.50,689600,33.50
2011-07-11,34.15,34.28,33.18,33.32,576400,33.32
2011-07-08,34.07,34.89,33.93,34.72,442600,34.72
2011-07-07,35.04,35.36,34.23,34.66,1244900,34.66
2011-07-06,34.54,34.89,33.90,34.68,559000,34.68
2011-07-05,33.97,35.10,33.77,34.67,790300,34.67
2011-07-01,33.34,34.28,33.01,34.08,696700,34.08
2011-06-30,33.33,33.82,33.00,33.22,849100,33.22
2011-06-29,33.00,34.32,33.00,33.37,2514900,33.37
2011-06-28,30.89,32.05,30.65,31.71,607500,31.71
2011-06-27,31.27,31.27,30.07,30.64,986100,30.64
2011-06-24,31.67,31.75,31.02,31.49,799300,31.49
2011-06-23,31.00,31.52,29.60,31.49,826300,31.49
2011-06-22,30.60,31.80,30.57,31.61,1004000,31.61
2011-06-21,29.64,30.95,29.63,30.86,1060200,30.86
2011-06-20,29.87,30.26,29.11,29.34,654500,29.34
2011-06-17,29.46,30.43,28.96,30.02,2653800,30.02
2011-06-16,29.40,29.68,28.11,29.08,1650200,29.08
2011-06-15,29.61,30.16,28.79,29.25,724900,29.25
2011-06-14,29.47,30.46,29.23,29.91,1072600,29.91
2011-06-13,30.48,30.85,28.98,29.21,930900,29.21
2011-06-10,30.74,31.13,30.35,30.43,720000,30.43
2011-06-09,30.48,31.05,30.11,31.02,618100,31.02
2011-06-08,30.55,31.18,30.24,30.36,888700,30.36
2011-06-07,30.82,30.87,29.96,30.63,1070700,30.63
2011-06-06,31.98,32.44,29.91,30.47,1322500,30.47
2011-06-03,32.11,32.92,31.60,32.07,840800,32.07
2011-06-02,33.05,33.50,32.16,32.64,461300,32.64
2011-06-01,34.20,34.49,32.71,32.79,802700,32.79
2011-05-31,35.20,35.39,33.81,34.31,757900,34.31
2011-05-27,34.65,35.41,34.27,34.75,728100,34.75
2011-05-26,33.54,34.74,33.33,34.65,959100,34.65
2011-05-25,32.95,33.94,32.86,33.76,787500,33.76
2011-05-24,32.72,33.32,32.31,33.14,705300,33.14
2011-05-23,32.79,33.10,32.04,32.47,506000,32.47
2011-05-20,33.35,33.80,32.78,33.37,789500,33.37
2011-05-19,33.68,33.81,32.86,33.59,737800,33.59
2011-05-18,32.52,33.82,32.52,33.38,758200,33.38
2011-05-17,31.82,32.64,31.33,32.48,1109300,32.48
2011-05-16,32.09,33.21,31.84,32.16,865500,32.16
2011-05-13,32.90,33.24,31.85,32.10,1027500,32.10
2011-05-12,32.49,33.04,31.62,32.81,910000,32.81
2011-05-11,34.52,34.65,32.48,32.73,894300,32.73
2011-05-10,34.17,34.70,33.82,34.52,689300,34.52
2011-05-09,32.66,34.20,32.46,33.99,570400,33.99
2011-05-06,32.14,32.86,31.88,32.71,912500,32.71
2011-05-05,32.73,33.00,31.69,31.86,1207700,31.86
2011-05-04,34.10,34.37,32.43,33.07,1522700,33.07
2011-05-03,35.70,35.91,33.83,34.11,1147100,34.11
2011-05-02,36.51,37.20,35.72,35.92,1128100,35.92
2011-04-29,35.92,36.40,35.27,36.25,962000,36.25
2011-04-28,34.00,35.59,33.51,34.79,1344100,34.79
2011-04-27,35.61,35.70,34.00,34.13,1726300,34.13
2011-04-26,35.31,35.65,34.94,35.57,774300,35.57
2011-04-25,34.89,35.40,34.53,35.06,586900,35.06
2011-04-21,33.94,34.90,33.61,34.77,1106200,34.77
2011-04-20,34.00,34.13,33.36,33.54,1873700,33.54
2011-04-19,34.02,34.07,33.08,33.75,752400,33.75
2011-04-18,34.78,34.78,33.70,33.93,865300,33.93
2011-04-15,33.73,35.26,33.59,35.18,1150600,35.18
2011-04-14,33.14,33.96,32.86,33.85,764400,33.85
2011-04-13,34.26,34.57,33.00,33.49,1202400,33.49
2011-04-12,34.13,34.32,32.73,33.80,2216200,33.80
2011-04-11,36.74,36.74,34.51,34.70,1453200,34.70
2011-04-08,36.25,37.04,35.94,36.52,1725500,36.52
2011-04-07,35.25,36.31,35.13,35.83,1655800,35.83
2011-04-06,35.30,35.64,34.32,35.17,831200,35.17
2011-04-05,34.74,35.52,34.70,35.17,971100,35.17
2011-04-04,34.83,35.38,34.52,34.68,712900,34.68
2011-04-01,34.36,35.14,34.36,35.08,1010300,35.08
2011-03-31,33.69,34.34,33.29,34.10,1026700,34.10
2011-03-30,33.41,34.00,33.19,33.78,687500,33.78
2011-03-29,33.01,33.69,32.63,33.24,674400,33.24
2011-03-28,33.87,33.98,32.98,33.06,575600,33.06
2011-03-25,33.62,34.59,33.16,33.84,880800,33.84
2011-03-24,32.50,33.81,32.27,33.39,1454400,33.39
2011-03-23,31.82,32.62,31.52,32.50,713700,32.50
2011-03-22,32.24,32.37,31.56,31.97,530300,31.97
2011-03-21,31.37,32.29,31.37,32.29,825300,32.29
2011-03-18,31.23,31.88,31.00,31.04,2124300,31.04
2011-03-17,30.60,31.29,30.18,30.86,1280700,30.86
2011-03-16,31.35,32.51,29.90,29.99,2583200,29.99
2011-03-15,30.51,31.37,30.23,31.17,1210400,31.17
2011-03-14,31.39,31.74,30.59,31.54,999300,31.54
2011-03-11,30.74,32.10,30.29,31.77,613100,31.77
2011-03-10,31.34,31.80,29.79,31.15,1719400,31.15
2011-03-09,32.33,32.56,31.77,31.99,576000,31.99
2011-03-08,33.77,33.85,32.00,32.32,869000,32.32
2011-03-07,34.31,34.73,33.50,33.80,672900,33.80
2011-03-04,34.20,34.37,33.76,34.30,382300,34.30
2011-03-03,33.66,34.40,33.50,34.20,870200,34.20
2011-03-02,33.87,34.12,33.25,33.41,735000,33.41
2011-03-01,34.50,34.54,33.30,33.48,837300,33.48
2011-02-28,33.77,34.57,33.30,34.48,1301800,34.48
2011-02-25,33.01,34.11,32.99,33.68,1016600,33.68
2011-02-24,33.55,33.70,32.52,32.97,779500,32.97
2011-02-23,32.70,33.72,32.60,33.46,1381100,33.46
2011-02-22,32.12,32.97,32.11,32.61,1229200,32.61
2011-02-18,33.39,33.44,32.00,32.24,1108100,32.24
2011-02-17,32.94,33.69,32.83,33.18,1077400,33.18
2011-02-16,32.56,33.36,32.38,32.92,1128000,32.92
2011-02-15,32.08,32.46,32.08,32.35,698700,32.35
2011-02-14,32.27,32.78,32.09,32.48,746400,32.48
2011-02-11,32.05,32.41,31.99,32.11,471200,32.11
2011-02-10,31.85,32.65,31.07,32.12,846700,32.12
2011-02-09,31.87,32.09,31.60,32.00,661600,32.00
2011-02-08,31.76,32.64,31.23,32.01,1184300,32.01
2011-02-07,31.93,32.37,31.80,31.96,1121300,31.96
2011-02-04,30.98,32.02,30.79,31.58,3483600,31.58
2011-02-03,29.04,30.65,28.69,30.25,2909500,30.25
2011-02-02,28.60,29.24,28.20,29.01,1368000,29.01
2011-02-01,29.00,29.44,28.68,28.77,1447500,28.77
2011-01-31,27.65,28.89,27.65,28.81,2123300,28.81
2011-01-28,27.50,27.88,26.82,27.58,1245900,27.58
2011-01-27,28.27,28.27,27.16,27.41,597500,27.41
2011-01-26,27.22,28.21,26.75,28.05,955700,28.05
2011-01-25,26.33,27.13,25.88,27.06,932500,27.06
2011-01-24,26.79,26.81,25.76,26.63,1007600,26.63
2011-01-21,27.67,27.89,26.59,26.88,1291700,26.88
2011-01-20,26.50,28.07,26.05,27.34,1717800,27.34
2011-01-19,27.70,27.77,26.40,26.62,1000100,26.62
2011-01-18,27.94,27.94,27.10,27.59,823100,27.59
2011-01-14,28.58,28.60,27.82,28.06,816400,28.06
2011-01-13,28.68,28.87,28.31,28.60,400200,28.60
2011-01-12,28.51,28.80,28.00,28.73,546700,28.73
2011-01-11,28.17,28.38,28.03,28.32,524700,28.32
2011-01-10,28.10,28.35,27.78,28.01,811600,28.01
2011-01-07,28.26,28.40,27.56,28.20,617800,28.20
2011-01-06,29.00,29.36,27.93,28.12,830500,28.12
2011-01-05,27.71,28.97,27.52,28.87,1537100,28.87
2011-01-04,27.81,27.93,26.19,27.52,1446600,27.52
2011-01-03,27.91,28.21,27.64,27.72,1400100,27.72
2010-12-31,27.55,27.73,27.43,27.67,417800,27.67
2010-12-30,27.74,28.00,27.39,27.56,486300,27.56
2010-12-29,27.34,27.85,27.21,27.70,811100,27.70
2010-12-28,27.80,27.87,27.16,27.20,468600,27.20
2010-12-27,27.78,27.87,27.36,27.80,273100,27.80
2010-12-23,28.31,28.51,27.23,27.79,698500,27.79
2010-12-22,28.24,28.86,27.97,28.16,1019000,28.16
2010-12-21,28.19,28.60,27.92,28.25,764200,28.25
2010-12-20,27.19,28.47,27.03,28.05,1556400,28.05
2010-12-17,26.55,27.17,26.03,27.08,3506000,27.08
2010-12-16,26.02,26.59,25.39,26.42,984500,26.42
2010-12-15,26.35,26.68,25.74,25.86,1194000,25.86
2010-12-14,26.25,26.56,26.06,26.33,607200,26.33
2010-12-13,26.25,26.81,25.84,26.14,968200,26.14
2010-12-10,26.11,26.34,25.54,26.08,532000,26.08
2010-12-09,25.98,26.23,25.46,25.99,558100,25.99
2010-12-08,26.13,26.48,25.27,25.75,893000,25.75
2010-12-07,26.14,27.09,25.91,26.13,971200,26.13
2010-12-06,26.12,26.26,25.70,25.93,746200,25.93
2010-12-03,25.88,26.45,25.64,26.08,676400,26.08
2010-12-02,25.19,26.14,24.87,25.95,1570800,25.95
2010-12-01,24.98,25.48,24.29,25.21,2047800,25.21
2010-11-30,25.17,25.20,24.31,24.65,2108100,24.65
2010-11-29,26.09,26.44,25.33,25.46,1843600,25.46
2010-11-26,26.36,26.39,25.91,26.15,290000,26.15
2010-11-24,25.79,26.33,25.34,26.21,1140600,26.21
2010-11-23,25.89,26.15,25.12,25.38,1392200,25.38
2010-11-22,27.40,27.50,24.86,25.73,3910200,25.73
2010-11-19,24.26,25.90,24.01,25.34,2694800,25.34
2010-11-18,23.26,24.58,23.22,24.19,1788300,24.19
2010-11-17,22.66,23.12,22.46,23.04,766200,23.04
2010-11-16,23.01,23.04,21.98,22.68,1501500,22.68
2010-11-15,23.17,23.47,22.50,23.18,766600,23.18
2010-11-12,22.81,23.33,22.40,23.14,981200,23.14
2010-11-11,22.27,23.50,22.22,23.13,1402100,23.13
2010-11-10,22.00,22.60,21.34,22.53,1623600,22.53
2010-11-09,23.35,23.59,22.43,22.50,786900,22.50
2010-11-08,23.03,23.45,22.85,23.22,532200,23.22
2010-11-05,23.13,23.23,22.96,23.17,406600,23.17
2010-11-04,22.63,23.20,22.33,23.13,1874100,23.13
2010-11-03,22.25,22.34,21.78,22.30,992300,22.30
2010-11-02,22.12,22.31,21.86,22.26,1175500,22.26
2010-11-01,21.91,21.94,21.59,21.87,1816900,21.87
2010-10-29,21.25,22.05,20.93,21.72,9471900,21.72
2010-10-28,21.92,21.92,20.87,21.55,3163000,21.55
2010-10-27,22.90,23.51,22.51,23.43,917000,23.43
2010-10-26,22.94,23.66,22.50,22.98,683400,22.98
2010-10-25,23.19,23.90,23.09,23.36,335100,23.36
2010-10-22,22.91,23.25,22.66,23.12,369500,23.12
2010-10-21,23.48,23.80,22.19,22.90,526900,22.90
2010-10-20,23.00,23.55,22.76,23.26,606700,23.26
2010-10-19,22.69,23.09,22.56,22.83,1334000,22.83
2010-10-18,24.18,24.53,22.55,23.01,3170900,23.01
2010-10-15,24.69,24.70,23.53,24.41,1626500,24.41
2010-10-14,25.28,25.69,23.62,24.34,2570100,24.34
2010-10-13,26.17,26.80,25.30,25.37,1948200,25.37
2010-10-12,25.38,26.14,24.59,26.01,755600,26.01
2010-10-11,26.03,26.23,25.11,25.55,452400,25.55
2010-10-08,24.68,25.99,24.62,25.76,985900,25.76
2010-10-07,24.20,24.94,24.01,24.77,967500,24.77
2010-10-06,24.19,24.59,23.64,24.03,897600,24.03
2010-10-05,23.61,24.50,23.03,24.28,995900,24.28
2010-10-04,23.65,23.90,23.07,23.25,338400,23.25
2010-10-01,23.41,23.85,23.27,23.68,551800,23.68
2010-09-30,23.60,23.74,22.66,23.11,634000,23.11
2010-09-29,21.98,23.55,21.95,23.45,1035900,23.45
2010-09-28,21.94,22.24,21.45,22.01,436300,22.01
2010-09-27,22.25,22.49,21.88,21.94,329600,21.94
2010-09-24,22.32,22.59,22.02,22.25,695100,22.25
2010-09-23,21.81,22.06,21.39,22.01,700600,22.01
2010-09-22,21.95,22.40,21.35,22.07,1172900,22.07
2010-09-21,22.40,22.57,21.80,21.99,708800,21.99
2010-09-20,21.73,22.98,21.73,22.40,1495000,22.40
2010-09-17,21.27,21.64,20.86,21.58,914000,21.58
2010-09-16,20.63,21.35,20.26,20.99,1193300,20.99
2010-09-15,19.75,20.69,19.63,20.67,592200,20.67
2010-09-14,19.98,20.18,19.68,19.82,619600,19.82
2010-09-13,20.41,20.41,19.94,20.06,640200,20.06
2010-09-10,20.52,20.80,20.07,20.22,401700,20.22
2010-09-09,20.32,20.70,20.08,20.49,550100,20.49
2010-09-08,21.00,21.35,20.16,20.42,817000,20.42
2010-09-07,20.81,21.19,20.56,20.86,750500,20.86
2010-09-03,20.85,21.05,20.43,20.98,423800,20.98
2010-09-02,20.78,20.78,19.62,20.60,690400,20.60
2010-09-01,20.30,20.89,20.05,20.80,528800,20.80
2010-08-31,19.83,20.19,19.48,19.99,735200,19.99
2010-08-30,19.98,20.59,19.68,19.83,482100,19.83
2010-08-27,19.75,20.32,18.98,20.25,817500,20.25
2010-08-26,19.00,19.72,18.99,19.60,832400,19.60
2010-08-25,18.42,19.01,18.14,18.86,1253300,18.86
2010-08-24,17.13,18.73,17.02,18.54,1007400,18.54
2010-08-23,17.53,17.80,17.35,17.49,454900,17.49
2010-08-20,17.36,17.58,17.15,17.44,773300,17.44
2010-08-19,17.15,17.85,17.15,17.49,501700,17.49
2010-08-18,17.46,17.72,17.06,17.53,224900,17.53
2010-08-17,17.36,17.74,17.20,17.43,827000,17.43
2010-08-16,16.19,17.20,15.96,17.18,701100,17.18
2010-08-13,15.93,16.27,15.88,16.25,388500,16.25
2010-08-12,15.71,16.18,15.71,16.05,268500,16.05
2010-08-11,16.44,16.70,15.86,16.03,557100,16.03
2010-08-10,16.96,17.20,16.60,16.82,339700,16.82
2010-08-09,16.96,17.22,16.38,17.21,275800,17.21
2010-08-06,16.87,17.14,16.50,16.76,258000,16.76
2010-08-05,17.46,17.52,17.15,17.17,126300,17.17
2010-08-04,17.20,17.63,17.04,17.58,195400,17.58
2010-08-03,17.27,17.45,17.03,17.05,299800,17.05
2010-08-02,17.35,17.64,17.23,17.31,383700,17.31
2010-07-30,16.22,17.18,16.20,16.97,220100,16.97
2010-07-29,16.79,17.10,16.15,16.46,272700,16.46
2010-07-28,17.35,17.44,16.50,16.56,285300,16.56
2010-07-27,17.79,17.90,17.32,17.35,303100,17.35
2010-07-26,17.20,17.92,17.11,17.59,467400,17.59
2010-07-23,16.16,17.18,16.01,17.08,1198700,17.08
2010-07-22,15.76,16.35,15.76,16.33,446800,16.33
2010-07-21,16.01,16.25,15.49,15.62,1115800,15.62
2010-07-20,14.79,16.00,14.79,15.93,281300,15.93
2010-07-19,15.57,15.57,14.76,15.05,1068600,15.05
2010-07-16,16.21,16.48,15.39,15.43,444800,15.43
2010-07-15,16.30,16.49,15.89,16.43,286400,16.43
2010-07-14,16.47,16.67,16.15,16.41,120600,16.41
2010-07-13,16.32,16.76,16.14,16.59,304600,16.59
2010-07-12,16.55,16.78,15.85,15.96,211400,15.96
2010-07-09,16.51,16.72,16.36,16.64,320400,16.64
2010-07-08,16.45,16.94,15.88,16.50,481400,16.50
2010-07-07,15.28,16.26,15.28,16.20,706400,16.20
2010-07-06,15.26,16.02,14.98,15.16,468700,15.16
2010-07-02,16.02,16.32,14.77,15.11,476600,15.11
2010-07-01,15.78,16.12,14.90,15.86,635500,15.86
2010-06-30,16.39,16.84,15.68,15.78,544100,15.78
2010-06-29,16.91,17.19,16.11,16.39,1202300,16.39
2010-06-28,17.26,18.00,17.13,17.26,591300,17.26
2010-06-25,16.95,17.70,16.81,17.49,7664100,17.49
2010-06-24,17.40,17.89,16.72,16.95,753800,16.95
2010-06-23,17.34,17.65,16.55,16.90,457000,16.90
2010-06-22,17.71,17.98,16.95,17.02,762000,17.02
2010-06-21,17.68,18.18,17.44,17.65,873500,17.65
2010-06-18,17.32,17.62,17.08,17.42,286600,17.42
2010-06-17,17.34,17.47,16.81,17.30,249200,17.30
2010-06-16,16.93,17.70,16.52,17.34,867600,17.34
2010-06-15,16.58,17.18,16.51,17.01,417300,17.01
2010-06-14,16.74,17.25,16.51,16.65,860800,16.65
2010-06-11,15.96,16.83,15.75,16.38,717400,16.38
2010-06-10,15.88,16.73,15.48,16.08,830200,16.08
2010-06-09,14.90,16.34,14.84,15.65,1246000,15.65
2010-06-08,14.25,15.23,14.10,14.85,1295200,14.85
2010-06-07,14.08,14.20,13.55,13.97,1138900,13.97
2010-06-04,14.48,15.20,13.93,14.05,647200,14.05
2010-06-03,15.33,15.99,12.95,14.80,2475800,14.80
2010-06-02,14.30,15.18,14.16,15.01,908900,15.01
2010-06-01,15.63,15.84,14.07,14.14,1204900,14.14
2010-05-28,15.81,16.07,15.20,15.91,534200,15.91
2010-05-27,15.01,16.05,14.28,15.59,1453500,15.59
2010-05-26,13.99,15.22,13.87,14.42,951400,14.42
2010-05-25,13.08,13.88,12.68,13.70,637100,13.70
2010-05-24,13.57,14.20,13.28,13.57,388700,13.57
2010-05-21,13.32,14.10,12.95,13.48,851200,13.48
2010-05-20,13.67,14.19,13.49,13.50,1030400,13.50
2010-05-19,14.64,14.86,13.84,14.49,741700,14.49
2010-05-18,15.50,15.70,14.37,14.49,634100,14.49
2010-05-17,15.46,15.79,14.53,15.26,629800,15.26
2010-05-14,16.29,16.31,15.20,15.48,969000,15.48
2010-05-13,16.94,17.19,16.48,16.60,272800,16.60
2010-05-12,16.08,17.05,15.92,16.93,646500,16.93
2010-05-11,16.43,16.46,16.00,16.10,607200,16.10
2010-05-10,16.50,17.27,15.90,16.46,1162600,16.46
2010-05-07,15.76,16.26,14.79,16.00,1240300,16.00
2010-05-06,16.68,17.18,13.70,15.66,2653900,15.66
2010-05-05,17.08,17.80,16.23,16.34,1570200,16.34
2010-05-04,17.76,18.12,17.14,17.60,1065300,17.60
2010-05-03,17.17,19.52,16.55,18.09,3290100,18.09
2010-04-30,18.01,18.25,15.89,17.58,4086200,17.58
2010-04-29,19.74,19.84,18.53,18.81,1134400,18.81
2010-04-28,19.26,19.83,19.15,19.47,300100,19.47
2010-04-27,19.87,19.89,19.01,19.46,570400,19.46
2010-04-26,20.68,21.00,19.85,19.92,404100,19.92
2010-04-23,20.40,20.98,20.20,20.72,265100,20.72
2010-04-22,19.30,20.49,19.12,20.40,535000,20.40
2010-04-21,19.49,19.61,19.11,19.36,456800,19.36
2010-04-20,20.11,20.46,19.21,19.35,1236000,19.35
2010-04-19,21.53,21.53,19.40,20.06,1935500,20.06
2010-04-16,22.28,22.69,20.96,21.65,547400,21.65
2010-04-15,22.00,22.58,21.91,22.38,1275100,22.38
2010-04-14,20.53,21.40,20.40,21.20,817100,21.20
2010-04-13,20.00,20.47,20.00,20.41,548300,20.41
2010-04-12,20.06,20.39,19.75,20.18,314400,20.18
2010-04-09,20.36,20.42,19.90,20.14,306300,20.14
2010-04-08,20.13,20.24,19.56,20.12,421700,20.12
2010-04-07,20.44,20.75,20.12,20.26,465500,20.26
2010-04-06,20.00,20.60,19.94,20.54,960200,20.54
2010-04-05,19.20,19.90,19.11,19.86,318300,19.86
2010-04-01,17.99,19.11,17.94,19.07,394800,19.07
2010-03-31,17.58,17.91,17.44,17.91,286000,17.91
2010-03-30,18.03,18.05,17.54,17.59,454500,17.59
2010-03-29,17.61,18.31,17.41,18.12,482600,18.12
2010-03-26,17.84,18.18,17.19,17.65,759500,17.65
2010-03-25,18.87,18.87,17.68,17.87,487300,17.87
2010-03-24,18.57,18.76,18.10,18.55,559000,18.55
2010-03-23,18.69,18.98,18.45,18.63,328300,18.63
2010-03-22,18.39,18.92,17.80,18.77,659700,18.77
2010-03-19,19.20,19.20,17.75,18.70,1143000,18.70
2010-03-18,19.75,20.00,19.01,19.20,603600,19.20
2010-03-17,19.84,20.05,19.56,19.70,759900,19.70
2010-03-16,20.41,20.41,19.75,19.98,342700,19.98
2010-03-15,20.48,20.48,19.68,20.10,976000,20.10
2010-03-12,20.40,20.59,20.00,20.49,469400,20.49
2010-03-11,19.93,20.42,19.80,20.31,475500,20.31
2010-03-10,20.23,20.32,19.88,19.99,741400,19.99
2010-03-09,20.40,20.58,20.10,20.32,421000,20.32
2010-03-08,20.54,20.82,20.00,20.62,563100,20.62
2010-03-05,21.41,21.50,20.67,20.75,980800,20.75
2010-03-04,21.05,21.35,20.52,20.85,1134800,20.85
2010-03-03,20.40,21.00,19.97,20.19,903700,20.19
2010-03-02,19.21,20.20,19.20,20.05,955600,20.05
2010-03-01,19.75,19.75,18.80,19.18,305600,19.18
2010-02-26,18.24,18.49,18.05,18.24,255000,18.24
2010-02-25,18.15,18.36,17.00,18.28,634200,18.28
2010-02-24,18.59,18.67,18.08,18.30,419200,18.30
2010-02-23,18.86,18.88,18.07,18.17,628500,18.17
2010-02-22,19.25,19.48,18.85,19.00,897100,19.00
2010-02-19,19.24,19.38,19.03,19.37,329800,19.37
2010-02-18,19.64,19.64,19.00,19.35,492000,19.35
2010-02-17,19.79,20.00,19.26,19.55,686200,19.55
2010-02-16,19.80,20.00,19.59,19.75,395300,19.75
2010-02-12,19.30,20.02,18.88,19.61,541800,19.61
2010-02-11,19.10,19.94,18.77,19.74,511300,19.74
2010-02-10,18.94,19.21,18.70,19.10,1048000,19.10
2010-02-09,18.31,19.12,18.31,18.94,766100,18.94
2010-02-08,18.19,18.81,17.92,18.55,1206800,18.55
2010-02-05,18.81,19.14,16.50,18.25,1303500,18.25
2010-02-04,19.58,19.58,18.50,18.81,1540400,18.81
2010-02-03,19.85,20.12,19.00,19.81,1233500,19.81
2010-02-02,19.11,20.70,18.85,19.90,1551600,19.90
2010-02-01,18.80,19.08,17.55,19.08,899000,19.08
2010-01-29,18.00,19.50,17.04,18.13,772000,18.13
2010-01-28,3.57,3.63,3.46,3.52,376300,17.60
2010-01-27,3.41,3.68,3.41,3.67,1252700,18.35
2010-01-26,3.38,3.47,3.31,3.43,1337100,17.15
2010-01-25,3.50,3.55,3.35,3.49,1274900,17.45
2010-01-22,3.45,3.57,3.35,3.42,1374900,17.10
2010-01-21,3.73,3.77,3.31,3.53,1577700,17.65
2010-01-20,3.96,4.01,3.65,3.68,2307700,18.40
2010-01-19,3.47,3.59,3.42,3.58,1158000,17.90
2010-01-15,3.68,3.68,3.44,3.47,1306900,17.35
2010-01-14,3.57,3.79,3.50,3.68,1824300,18.40
2010-01-13,3.66,3.69,3.37,3.58,1381400,17.90
2010-01-12,3.73,3.81,3.41,3.62,3847600,18.10
2010-01-11,3.32,3.69,3.16,3.68,7207400,18.40
2010-01-08,2.69,2.77,2.60,2.63,1806700,13.15
2010-01-07,2.63,2.74,2.55,2.70,846800,13.50
2010-01-06,2.65,2.71,2.55,2.63,796100,13.15
2010-01-05,2.48,2.62,2.43,2.60,1444300,13.00
2010-01-04,2.36,2.49,2.35,2.47,874400,12.35
2009-12-31,2.41,2.41,2.27,2.31,370500,11.55
2009-12-30,2.30,2.42,2.28,2.42,875800,12.10
2009-12-29,2.25,2.35,2.17,2.27,782600,11.35
2009-12-28,2.24,2.27,2.15,2.22,660400,11.10
2009-12-24,2.26,2.28,2.15,2.16,254700,10.80
2009-12-23,2.15,2.33,2.15,2.23,932400,11.15
2009-12-22,1.98,2.20,1.95,2.15,1717700,10.75
2009-12-21,1.87,1.95,1.86,1.92,771500,9.60
2009-12-18,1.91,1.92,1.86,1.86,383300,9.30
2009-12-17,1.93,1.93,1.85,1.90,488900,9.50
2009-12-16,1.95,1.95,1.86,1.93,954300,9.65
2009-12-15,1.88,1.94,1.84,1.90,1387300,9.50
2009-12-14,1.90,1.91,1.83,1.89,839700,9.45
2009-12-11,1.88,1.92,1.83,1.86,1206700,9.30
2009-12-10,1.92,1.93,1.81,1.89,3415300,9.45
2009-12-09,1.89,1.91,1.83,1.89,11395200,9.45
2009-12-08,2.10,2.17,1.88,1.98,1378600,9.90
2009-12-07,2.11,2.22,2.11,2.14,443500,10.70
2009-12-04,2.17,2.26,2.09,2.13,538100,10.65
2009-12-03,2.10,2.22,2.08,2.15,460600,10.75
2009-12-02,2.22,2.26,2.13,2.13,179000,10.65
2009-12-01,2.18,2.32,2.08,2.22,787500,11.10
2009-11-30,2.46,2.50,2.25,2.25,754400,11.25
2009-11-27,2.31,2.48,2.15,2.47,317400,12.35
2009-11-25,2.45,2.45,2.30,2.45,304100,12.25
2009-11-24,2.20,2.45,2.11,2.39,452500,11.95
2009-11-23,2.15,2.20,2.09,2.20,345000,11.00
2009-11-20,1.93,2.02,1.50,1.99,467600,9.95
2009-11-19,2.12,2.15,2.01,2.01,557200,10.05
2009-11-18,2.19,2.19,2.09,2.12,146200,10.60
2009-11-17,2.15,2.17,2.10,2.17,182800,10.85
2009-11-16,2.17,2.21,2.12,2.15,403000,10.75
2009-11-13,2.17,2.20,2.09,2.15,162800,10.75
2009-11-12,2.07,2.20,2.02,2.12,115800,10.60
2009-11-11,2.25,2.25,2.07,2.14,215000,10.70
2009-11-10,2.30,2.30,2.15,2.20,104300,11.00
2009-11-09,2.25,2.30,2.17,2.22,181600,11.10
2009-11-06,2.24,2.28,2.11,2.18,108600,10.90
2009-11-05,2.16,2.30,2.10,2.27,415800,11.35
2009-11-04,2.15,2.15,2.03,2.09,215800,10.45
2009-11-03,1.85,2.09,1.80,2.09,366000,10.45
2009-11-02,1.94,2.06,1.80,2.06,422600,10.30
2009-10-30,2.03,2.03,1.72,1.87,386100,9.35
2009-10-29,1.92,2.10,1.84,2.04,629300,10.20
2009-10-28,2.16,2.16,1.76,1.83,590200,9.15
2009-10-27,2.12,2.20,2.04,2.16,189900,10.80
2009-10-26,2.36,2.46,1.94,2.06,554500,10.30
2009-10-23,2.45,2.60,2.28,2.30,818900,11.50
2009-10-22,2.11,2.36,2.06,2.33,367100,11.65
2009-10-21,2.00,2.30,1.95,2.14,476600,10.70
2009-10-20,2.10,2.24,1.95,2.00,513000,10.00
2009-10-19,1.87,2.38,1.81,2.12,1429900,10.60
2009-10-16,1.71,1.94,1.65,1.86,412400,9.30
2009-10-15,1.72,1.75,1.70,1.72,102500,8.60
2009-10-14,1.75,1.76,1.67,1.75,176100,8.75
2009-10-13,1.66,1.73,1.61,1.67,287500,8.35
2009-10-12,1.60,1.65,1.57,1.60,106900,8.00
2009-10-09,1.54,1.68,1.50,1.59,268200,7.95
2009-10-08,1.60,1.60,1.51,1.51,143400,7.55
2009-10-07,1.45,1.56,1.45,1.56,108500,7.80
2009-10-06,1.58,1.63,1.42,1.49,258600,7.45
2009-10-05,1.42,1.58,1.41,1.55,229100,7.75
2009-10-02,1.44,1.53,1.41,1.42,141100,7.10
2009-10-01,1.55,1.65,1.47,1.50,157700,7.50
2009-09-30,1.60,1.66,1.51,1.55,203800,7.75
2009-09-29,1.56,1.67,1.51,1.60,353300,8.00
2009-09-28,1.52,1.60,1.39,1.51,237000,7.55
2009-09-25,1.53,1.53,1.44,1.52,296700,7.60
2009-09-24,1.65,1.65,1.55,1.55,251500,7.75
2009-09-23,1.70,1.73,1.58,1.66,353300,8.30
2009-09-22,1.78,1.79,1.65,1.74,288300,8.70
2009-09-21,1.83,1.83,1.70,1.73,416500,8.65
2009-09-18,1.88,1.88,1.58,1.81,370400,9.05
2009-09-17,1.79,1.91,1.79,1.85,277400,9.25
2009-09-16,1.98,1.98,1.76,1.82,586500,9.10
2009-09-15,1.61,1.96,1.61,1.89,1091800,9.45
2009-09-14,1.59,1.62,1.45,1.60,322700,8.00
2009-09-11,1.70,1.70,1.58,1.59,438000,7.95
2009-09-10,1.57,1.65,1.46,1.55,777500,7.75
2009-09-09,1.25,1.87,1.21,1.66,1984200,8.30
2009-09-08,1.38,1.48,1.23,1.34,1407500,6.70
2009-09-04,0.89,1.58,0.85,1.45,6192600,7.25
2009-09-03,0.76,0.79,0.75,0.79,175000,3.95
2009-09-02,0.74,0.76,0.73,0.76,55900,3.80
2009-09-01,0.75,0.76,0.73,0.73,102100,3.65
2009-08-31,0.76,0.78,0.73,0.74,123900,3.70
2009-08-28,0.73,0.77,0.73,0.75,98400,3.75
2009-08-27,0.75,0.75,0.70,0.73,90300,3.65
2009-08-26,0.73,0.75,0.70,0.74,101800,3.70
2009-08-25,0.72,0.74,0.72,0.73,106300,3.65
2009-08-24,0.70,0.75,0.70,0.72,255600,3.60
2009-08-21,0.65,0.72,0.65,0.69,166200,3.45
2009-08-20,0.66,0.69,0.66,0.66,85100,3.30
2009-08-19,0.65,0.69,0.63,0.66,132100,3.30
2009-08-18,0.65,0.70,0.63,0.64,381800,3.20
2009-08-17,0.70,0.70,0.62,0.63,157200,3.15
2009-08-14,0.71,0.73,0.70,0.70,84200,3.50
2009-08-13,0.71,0.73,0.66,0.71,218500,3.55
2009-08-12,0.61,0.69,0.61,0.68,55200,3.40
2009-08-11,0.75,0.75,0.65,0.65,229600,3.25
2009-08-10,0.68,0.74,0.67,0.70,472400,3.50
2009-08-07,0.63,0.68,0.63,0.67,225700,3.35
2009-08-06,0.64,0.64,0.62,0.62,295500,3.10
2009-08-05,0.63,0.64,0.62,0.63,169700,3.15
2009-08-04,0.60,0.63,0.59,0.61,184600,3.05
2009-08-03,0.58,0.62,0.58,0.59,113400,2.95
2009-07-31,0.57,0.60,0.57,0.57,32900,2.85
2009-07-30,0.60,0.60,0.57,0.59,40900,2.95
2009-07-29,0.58,0.58,0.55,0.57,76900,2.85
2009-07-28,0.57,0.64,0.57,0.59,164900,2.95
2009-07-27,0.58,0.65,0.58,0.61,196300,3.05
2009-07-24,0.56,0.62,0.56,0.58,89900,2.90
2009-07-23,0.55,0.58,0.55,0.57,117500,2.85
2009-07-22,0.53,0.57,0.49,0.55,93000,2.75
2009-07-21,0.56,0.56,0.53,0.53,49500,2.65
2009-07-20,0.54,0.56,0.53,0.55,107700,2.75
2009-07-17,0.49,0.53,0.49,0.53,102000,2.65
2009-07-16,0.46,0.53,0.46,0.49,79500,2.45
2009-07-15,0.45,0.53,0.45,0.49,194800,2.45
2009-07-14,0.48,0.48,0.45,0.45,89900,2.25
2009-07-13,0.46,0.49,0.44,0.45,134800,2.25
2009-07-10,0.50,0.50,0.46,0.47,102700,2.35
2009-07-09,0.50,0.54,0.49,0.51,84900,2.55
2009-07-08,0.51,0.53,0.48,0.48,129200,2.40
2009-07-07,0.52,0.53,0.51,0.51,114800,2.55
2009-07-06,0.60,0.60,0.51,0.51,165600,2.55
2009-07-02,0.53,0.61,0.53,0.58,243900,2.90
2009-07-01,0.56,0.56,0.51,0.53,64100,2.65
2009-06-30,0.55,0.56,0.51,0.52,88900,2.60
2009-06-29,0.58,0.58,0.50,0.54,461900,2.70
2009-06-26,0.61,0.61,0.49,0.49,3706100,2.45
2009-06-25,0.55,0.61,0.55,0.60,117300,3.00
2009-06-24,0.57,0.58,0.53,0.55,229400,2.75
2009-06-23,0.58,0.59,0.54,0.57,185100,2.85
2009-06-22,0.65,0.65,0.55,0.60,120800,3.00
2009-06-19,0.70,0.70,0.63,0.66,783500,3.30
2009-06-18,0.65,0.69,0.64,0.68,80400,3.40
2009-06-17,0.70,0.70,0.63,0.65,197600,3.25
2009-06-16,0.74,0.74,0.67,0.71,111500,3.55
2009-06-15,0.73,0.75,0.69,0.71,95900,3.55
2009-06-12,0.68,0.73,0.68,0.73,92900,3.65
2009-06-11,0.75,0.75,0.66,0.67,253200,3.35
2009-06-10,0.73,0.75,0.72,0.74,132000,3.70
2009-06-09,0.72,0.75,0.71,0.72,120000,3.60
2009-06-08,0.74,0.75,0.70,0.72,95700,3.60
2009-06-05,0.76,0.77,0.74,0.74,103000,3.70
2009-06-04,0.71,0.78,0.70,0.76,361600,3.80
2009-06-03,0.72,0.72,0.66,0.71,159600,3.55
2009-06-02,0.70,0.72,0.68,0.72,122000,3.60
2009-06-01,0.69,0.73,0.66,0.70,385300,3.50
2009-05-29,0.62,0.66,0.61,0.63,219400,3.15
2009-05-28,0.57,0.64,0.54,0.61,457300,3.05
2009-05-27,0.69,0.75,0.58,0.60,783900,3.00
2009-05-26,0.72,0.74,0.66,0.68,267100,3.40
2009-05-22,0.72,0.79,0.71,0.72,131400,3.60
2009-05-21,0.75,0.75,0.70,0.72,179400,3.60
2009-05-20,0.69,0.82,0.68,0.74,743900,3.70
2009-05-19,0.69,0.70,0.66,0.68,121200,3.40
2009-05-18,0.66,0.68,0.63,0.66,178000,3.30
2009-05-15,0.69,0.70,0.62,0.64,156000,3.20
2009-05-14,0.61,0.69,0.60,0.65,253000,3.25
2009-05-13,0.66,0.72,0.59,0.60,572900,3.00
2009-05-12,0.75,0.75,0.67,0.71,464300,3.55
2009-05-11,0.70,0.74,0.69,0.70,220400,3.50
2009-05-08,0.75,0.75,0.68,0.72,488100,3.60
2009-05-07,0.80,0.81,0.65,0.66,534400,3.30
2009-05-06,0.66,0.86,0.65,0.74,848200,3.70
2009-05-05,0.67,0.69,0.65,0.66,202000,3.30
2009-05-04,0.63,0.68,0.60,0.67,293000,3.35
2009-05-01,0.52,0.65,0.51,0.63,476600,3.15
2009-04-30,0.54,0.55,0.51,0.52,140100,2.60
2009-04-29,0.52,0.55,0.51,0.54,101300,2.70
2009-04-28,0.51,0.53,0.49,0.52,152800,2.60
2009-04-27,0.48,0.54,0.48,0.52,165700,2.60
2009-04-24,0.49,0.54,0.48,0.54,81600,2.70
2009-04-23,0.53,0.55,0.48,0.48,95400,2.40
2009-04-22,0.55,0.57,0.53,0.53,108700,2.65
2009-04-21,0.52,0.55,0.50,0.55,155900,2.75
2009-04-20,0.57,0.57,0.51,0.52,204100,2.60
2009-04-17,0.55,0.58,0.52,0.57,261500,2.85
2009-04-16,0.54,0.55,0.51,0.54,230300,2.70
2009-04-15,0.53,0.55,0.52,0.54,152400,2.70
2009-04-14,0.50,0.54,0.50,0.53,122900,2.65
2009-04-13,0.53,0.53,0.48,0.52,154800,2.60
2009-04-09,0.48,0.53,0.46,0.53,232500,2.65
2009-04-08,0.45,0.47,0.45,0.47,99200,2.35
2009-04-07,0.45,0.47,0.44,0.45,121700,2.25
2009-04-06,0.48,0.48,0.44,0.45,124300,2.25
2009-04-03,0.45,0.47,0.44,0.46,170500,2.30
2009-04-02,0.43,0.45,0.41,0.45,318900,2.25
2009-04-01,0.35,0.41,0.33,0.41,77400,2.05
2009-03-31,0.39,0.40,0.32,0.38,290800,1.90
2009-03-30,0.41,0.41,0.38,0.39,139800,1.95
2009-03-27,0.45,0.45,0.42,0.43,87100,2.15
2009-03-26,0.46,0.46,0.43,0.45,187700,2.25
2009-03-25,0.44,0.45,0.42,0.45,164900,2.25
2009-03-24,0.46,0.47,0.42,0.44,241500,2.20
2009-03-23,0.45,0.46,0.40,0.46,571500,2.30
2009-03-20,0.42,0.46,0.37,0.41,562700,2.05
2009-03-19,0.40,0.45,0.39,0.42,560400,2.10
2009-03-18,0.41,0.42,0.36,0.39,374300,1.95
2009-03-17,0.45,0.45,0.38,0.41,362500,2.05
2009-03-16,0.40,0.41,0.33,0.38,199600,1.90
2009-03-13,0.38,0.40,0.35,0.40,221200,2.00
2009-03-12,0.37,0.38,0.35,0.38,246800,1.90
2009-03-11,0.37,0.38,0.33,0.35,112500,1.75
2009-03-10,0.36,0.37,0.32,0.35,212800,1.75
2009-03-09,0.34,0.36,0.31,0.33,187500,1.65
2009-03-06,0.32,0.37,0.28,0.33,350200,1.65
2009-03-05,0.30,0.33,0.28,0.31,245000,1.55
2009-03-04,0.36,0.36,0.26,0.31,353300,1.55
2009-03-03,0.30,0.35,0.25,0.28,312900,1.40
2009-03-02,0.34,0.39,0.28,0.28,399400,1.40
2009-02-27,0.35,0.39,0.32,0.35,143100,1.75
2009-02-26,0.38,0.39,0.33,0.35,343700,1.75
2009-02-25,0.35,0.38,0.33,0.35,169300,1.75
2009-02-24,0.33,0.35,0.30,0.34,391100,1.70
2009-02-23,0.38,0.38,0.31,0.31,310800,1.55
2009-02-20,0.36,0.37,0.30,0.35,1030700,1.75
2009-02-19,0.42,0.43,0.36,0.36,393800,1.80
2009-02-18,0.48,0.48,0.35,0.36,1246700,1.80
2009-02-17,0.49,0.49,0.41,0.41,441700,2.03
2009-02-13,0.49,0.50,0.46,0.49,242300,2.42
2009-02-12,0.52,0.52,0.48,0.49,148600,2.42
2009-02-11,0.50,0.54,0.47,0.50,604200,2.47
2009-02-10,0.58,0.59,0.45,0.47,804600,2.32
2009-02-09,0.58,0.60,0.55,0.58,575000,2.86
2009-02-06,0.70,0.70,0.55,0.58,1113400,2.86
2009-02-05,0.78,0.79,0.66,0.68,251100,3.36
2009-02-04,0.77,0.80,0.75,0.76,116900,3.75
2009-02-03,0.77,0.79,0.75,0.77,85700,3.80
2009-02-02,0.75,0.85,0.70,0.76,116200,3.75
2009-01-30,0.70,0.75,0.70,0.70,58400,3.46
2009-01-29,0.72,0.74,0.69,0.70,444300,3.46
2009-01-28,0.69,0.72,0.67,0.72,308100,3.56
2009-01-27,0.69,0.70,0.65,0.68,95700,3.36
2009-01-26,0.71,0.74,0.66,0.69,404300,3.41
2009-01-23,0.70,0.72,0.65,0.69,960000,3.41
2009-01-22,0.73,0.75,0.68,0.72,200600,3.56
2009-01-21,0.79,0.80,0.65,0.70,968100,3.46
2009-01-20,0.83,0.83,0.75,0.75,103500,3.70
2009-01-16,0.83,0.86,0.78,0.85,815800,4.20
2009-01-15,0.92,0.92,0.75,0.82,317700,4.05
2009-01-14,0.93,0.96,0.79,0.80,200400,3.95
2009-01-13,1.00,1.04,0.95,0.95,242700,4.69
2009-01-12,1.13,1.13,0.95,1.00,183100,4.94
2009-01-09,1.16,1.17,1.10,1.14,176800,5.63
2009-01-08,1.15,1.24,1.10,1.17,326000,5.78
2009-01-07,1.22,1.25,1.13,1.15,147400,5.68
2009-01-06,1.11,1.27,1.10,1.25,790900,6.17
2009-01-05,1.10,1.11,1.03,1.09,134600,5.38
2009-01-02,0.85,1.06,0.85,1.05,207200,5.19
2008-12-31,0.75,0.80,0.73,0.79,459500,3.90
2008-12-30,0.79,0.79,0.70,0.75,275600,3.70
2008-12-29,0.70,0.73,0.68,0.71,97100,3.51
2008-12-26,0.71,0.71,0.66,0.70,43000,3.46
2008-12-24,0.70,0.70,0.60,0.70,207000,3.46
2008-12-23,0.71,0.74,0.67,0.67,101200,3.31
2008-12-22,0.73,0.77,0.67,0.71,168300,3.51
2008-12-19,0.86,0.86,0.68,0.72,424200,3.56
2008-12-18,0.85,0.87,0.78,0.82,123800,4.05
2008-12-17,0.89,0.94,0.82,0.84,874600,4.15
2008-12-16,0.80,0.90,0.78,0.89,129200,4.40
2008-12-15,0.85,0.92,0.77,0.79,155300,3.90
2008-12-12,0.78,0.85,0.72,0.85,186400,4.20
2008-12-11,0.88,0.93,0.80,0.80,222900,3.95
2008-12-10,0.81,0.88,0.77,0.88,210500,4.35
2008-12-09,0.83,0.86,0.71,0.80,229500,3.95
2008-12-08,0.81,0.90,0.75,0.83,391200,4.10
2008-12-05,0.81,0.83,0.66,0.83,552400,4.10
2008-12-04,0.98,1.05,0.76,0.82,800000,4.05
2008-12-03,0.99,1.04,0.95,0.98,63000,4.84
2008-12-02,0.98,1.11,0.94,1.00,96900,4.94
2008-12-01,1.05,1.08,0.95,0.96,238400,4.74
2008-11-28,1.09,1.12,0.96,1.11,106600,5.48
2008-11-26,1.03,1.15,1.03,1.10,124800,5.43
2008-11-25,1.12,1.14,0.94,1.05,76000,5.19
2008-11-24,1.12,1.21,1.05,1.11,124500,5.48
2008-11-21,0.87,1.12,0.86,1.10,154400,5.43
2008-11-20,1.10,1.10,0.85,0.86,277500,4.25
2008-11-19,1.25,1.25,1.07,1.07,179600,5.28
2008-11-18,1.26,1.33,1.18,1.25,109900,6.17
2008-11-17,1.40,1.40,1.12,1.24,203800,6.12
2008-11-14,1.55,1.58,1.30,1.30,79100,6.42
2008-11-13,1.45,1.68,1.32,1.60,115600,7.90
2008-11-12,1.60,1.74,1.34,1.45,125500,7.16
2008-11-11,1.69,1.81,1.65,1.65,119500,8.12
2008-11-10,1.91,1.97,1.60,1.73,143400,8.52
2008-11-07,1.53,1.81,1.51,1.74,76600,8.57
2008-11-06,1.73,1.73,1.51,1.55,160600,7.63
2008-11-05,1.94,1.94,1.69,1.69,195400,8.32
2008-11-04,2.25,2.25,1.84,1.90,220900,9.36
2008-11-03,1.95,2.10,1.85,1.95,116000,9.60
2008-10-31,1.97,2.05,1.82,1.97,191900,9.70
2008-10-30,1.81,2.00,1.75,2.00,474200,9.85
2008-10-29,1.58,1.83,1.58,1.76,119500,8.67
2008-10-28,1.48,1.57,1.35,1.55,85200,7.63
2008-10-27,1.51,1.52,1.40,1.42,135300,6.99
2008-10-24,1.57,1.62,1.50,1.52,299200,7.48
2008-10-23,1.90,2.01,1.57,1.72,193000,8.47
2008-10-22,2.15,2.24,1.85,1.86,266300,9.16
2008-10-21,1.64,2.18,1.64,2.15,367400,10.59
2008-10-20,1.48,1.77,1.47,1.70,105800,8.37
2008-10-17,1.25,1.90,1.25,1.42,271100,6.99
2008-10-16,1.32,1.50,1.22,1.32,278600,6.50
2008-10-15,1.56,1.66,1.30,1.30,140500,6.40
2008-10-14,1.84,1.99,1.52,1.68,206700,8.27
2008-10-13,1.50,2.00,1.41,1.72,555400,8.47
2008-10-10,1.49,1.50,1.16,1.36,344900,6.70
2008-10-09,1.65,1.99,1.40,1.40,187000,6.89
2008-10-08,1.75,1.78,1.20,1.58,424000,7.78
2008-10-07,2.10,2.25,1.70,1.78,345100,8.76
2008-10-06,2.42,2.47,1.97,2.01,225100,9.90
2008-10-03,2.57,2.97,2.50,2.50,141600,12.31
2008-10-02,2.84,3.03,2.40,2.49,435400,12.26
2008-10-01,2.99,3.10,2.81,2.88,115900,14.18
2008-09-30,2.98,3.17,2.81,3.04,258200,14.97
2008-09-29,3.14,3.35,2.51,2.91,312200,14.33
2008-09-26,3.36,3.36,3.10,3.24,108400,15.95
2008-09-25,3.11,3.44,3.07,3.44,177400,16.94
2008-09-24,3.50,3.72,3.07,3.11,201100,15.31
2008-09-23,3.47,3.74,3.45,3.48,170100,17.14
2008-09-22,3.39,3.79,3.31,3.48,311800,17.14
2008-09-19,3.87,3.90,3.10,3.30,425300,16.25
2008-09-18,2.99,3.60,2.81,3.60,338000,17.73
2008-09-17,3.20,3.47,2.78,2.78,363500,13.69
2008-09-16,3.26,3.60,3.05,3.30,280000,16.22
2008-09-15,3.26,3.50,3.11,3.37,216200,16.57
2008-09-12,3.27,3.62,3.27,3.45,156300,16.96
2008-09-11,3.45,3.49,3.29,3.33,368200,16.37
2008-09-10,3.87,3.87,3.40,3.50,319600,17.21
2008-09-09,3.97,3.97,3.35,3.75,494900,18.44
2008-09-08,4.10,4.21,3.85,3.91,271900,19.22
2008-09-05,4.04,4.10,3.82,3.98,193700,19.57
2008-09-04,4.10,4.23,3.99,4.04,138100,19.86
2008-09-03,4.25,4.28,3.94,4.15,131400,20.40
2008-09-02,4.59,4.75,4.10,4.18,162000,20.55
2008-08-29,4.70,4.73,4.49,4.68,129600,23.01
2008-08-28,4.57,4.68,4.38,4.67,118800,22.96
2008-08-27,4.62,4.69,4.51,4.55,122200,22.37
2008-08-26,4.57,4.80,4.39,4.58,189900,22.52
2008-08-25,4.83,4.88,4.53,4.56,92900,22.42
2008-08-22,4.75,5.00,4.68,4.83,62600,23.75
2008-08-21,4.91,4.99,4.66,4.77,267300,23.45
2008-08-20,4.30,4.95,4.26,4.86,655300,23.89
2008-08-19,4.17,4.39,4.13,4.25,138200,20.90
2008-08-18,4.31,4.60,4.11,4.20,147000,20.65
2008-08-15,4.84,4.84,4.25,4.28,157500,21.04
2008-08-14,4.56,4.66,4.56,4.60,119800,22.62
2008-08-13,4.43,4.79,4.40,4.58,267300,22.52
2008-08-12,4.35,4.51,4.28,4.44,128900,21.83
2008-08-11,4.26,4.33,4.01,4.20,218100,20.65
2008-08-08,4.42,4.49,4.20,4.28,248600,21.04
2008-08-07,4.67,4.69,4.44,4.44,261100,21.83
2008-08-06,4.64,4.74,4.37,4.67,130800,22.96
2008-08-05,4.67,4.77,4.54,4.65,147100,22.86
2008-08-04,5.25,5.25,4.60,4.64,258100,22.81
2008-08-01,5.19,5.23,4.85,5.03,194800,24.73
2008-07-31,5.30,5.30,4.86,5.21,912600,25.62
2008-07-30,4.75,5.26,4.74,5.22,216600,25.66
2008-07-29,4.79,4.95,4.67,4.74,106100,23.30
2008-07-28,5.00,5.02,4.78,4.84,53900,23.80
2008-07-25,5.00,5.13,4.85,5.00,68800,24.58
2008-07-24,4.99,5.13,4.94,5.00,173100,24.58
2008-07-23,5.08,5.10,4.83,4.97,153400,24.44
2008-07-22,5.32,5.33,5.07,5.10,138900,25.07
2008-07-21,5.27,5.52,5.10,5.32,125000,26.16
2008-07-18,5.65,5.65,5.12,5.16,84900,25.37
2008-07-17,5.42,5.51,5.15,5.34,181200,26.25
2008-07-16,5.49,5.55,5.36,5.50,94500,27.04
2008-07-15,5.61,5.72,5.37,5.46,238100,26.84
2008-07-14,5.64,5.80,5.58,5.73,180300,28.17
2008-07-11,5.52,5.91,5.50,5.67,719600,27.88
2008-07-10,5.85,5.85,5.10,5.66,557300,27.83
2008-07-09,5.92,6.20,5.42,5.56,486700,27.34
2008-07-08,5.57,6.79,5.27,5.92,471800,29.11
2008-07-07,6.00,6.00,5.52,5.61,208200,27.58
2008-07-03,6.19,6.21,5.65,5.94,155800,29.20
2008-07-02,6.51,6.82,6.02,6.07,255100,29.84
2008-07-01,7.00,7.00,6.44,6.59,242400,32.40
2008-06-30,6.65,7.03,6.49,6.92,529400,34.02
2008-06-27,6.47,6.58,6.27,6.58,1947500,32.35
2008-06-26,6.33,6.58,6.20,6.51,182900,32.01
2008-06-25,6.51,6.51,6.07,6.33,140500,31.12
2008-06-24,6.59,6.59,6.39,6.51,163000,32.01
2008-06-23,6.70,6.70,6.38,6.39,374300,31.42
2008-06-20,6.51,6.80,6.50,6.63,242000,32.60
2008-06-19,6.49,6.60,6.28,6.55,204100,32.20
2008-06-18,6.39,6.62,6.30,6.38,195700,31.37
2008-06-17,6.03,6.48,6.03,6.40,272100,31.47
2008-06-16,5.93,6.23,5.88,6.07,186600,29.84
2008-06-13,5.82,5.98,5.59,5.94,331100,29.20
2008-06-12,6.25,6.25,5.83,5.87,647300,28.86
2008-06-11,6.25,6.30,6.00,6.20,220400,30.48
2008-06-10,6.58,6.58,6.04,6.20,271900,30.48
2008-06-09,6.88,6.93,6.41,6.63,118900,32.60
2008-06-06,6.85,6.96,6.72,6.88,227600,33.83
2008-06-05,6.67,6.89,6.64,6.82,143300,33.53
2008-06-04,6.87,6.87,6.67,6.67,82700,32.79
2008-06-03,6.94,7.33,6.81,6.85,332100,33.68
2008-06-02,7.00,7.00,6.89,6.93,134300,34.07
2008-05-30,6.85,7.12,6.68,7.05,162800,34.66
2008-05-29,7.01,7.01,6.85,6.85,84200,33.68
2008-05-28,6.71,7.18,6.57,7.08,317000,34.81
2008-05-27,7.06,7.06,6.63,6.75,156600,33.19
2008-05-23,7.25,7.25,6.73,6.90,125400,33.92
2008-05-22,7.45,7.80,7.07,7.15,344600,35.15
2008-05-21,7.25,7.93,7.15,7.43,515800,36.53
2008-05-20,7.30,7.58,7.15,7.25,266900,35.65
2008-05-19,7.19,7.27,6.95,7.25,167500,35.65
2008-05-16,6.95,7.07,6.74,7.07,139800,34.76
2008-05-15,7.12,7.12,6.77,6.84,273000,33.63
2008-05-14,6.79,7.10,6.79,7.10,136600,34.91
2008-05-13,6.75,7.12,6.66,6.84,321600,33.63
2008-05-12,6.77,6.78,6.12,6.73,311800,33.09
2008-05-09,7.23,7.23,6.57,6.76,279400,33.24
2008-05-08,6.85,7.00,6.32,6.95,220500,34.17
2008-05-07,6.79,7.66,6.25,6.74,338500,33.14
2008-05-06,6.43,6.89,6.16,6.79,254100,33.38
2008-05-05,5.50,6.58,5.50,6.44,344600,31.66
2008-05-02,5.48,5.49,5.27,5.49,113500,26.99
2008-05-01,5.25,5.45,5.16,5.35,127300,26.30
2008-04-30,5.17,5.29,5.16,5.19,39000,25.52
2008-04-29,5.40,5.43,5.11,5.18,78500,25.47
2008-04-28,5.00,5.39,5.00,5.39,1083600,26.50
2008-04-25,4.86,5.00,4.75,4.97,60700,24.44
2008-04-24,5.00,5.00,4.71,4.80,207100,23.60
2008-04-23,4.75,5.00,4.75,4.93,78100,24.24
2008-04-22,4.97,5.05,4.73,4.76,100700,23.40
2008-04-21,4.36,5.24,4.28,5.08,210400,24.98
2008-04-18,4.25,4.30,4.19,4.28,106300,21.04
2008-04-17,4.22,4.25,4.18,4.21,44600,20.70
2008-04-16,4.10,4.25,4.09,4.19,91800,20.60
2008-04-15,4.00,4.07,4.00,4.05,328000,19.91
2008-04-14,4.00,4.00,3.96,3.99,111900,19.62
2008-04-11,4.00,4.05,3.97,4.00,154500,19.67
2008-04-10,3.97,4.07,3.91,3.96,153300,19.47
2008-04-09,3.95,3.99,3.93,3.94,23800,19.37
2008-04-08,3.98,3.99,3.93,3.93,29400,19.32
2008-04-07,3.95,3.98,3.92,3.95,41500,19.42
2008-04-04,4.00,4.00,3.88,3.88,66800,19.08
2008-04-03,3.95,4.00,3.87,3.90,62100,19.17
2008-04-02,3.96,4.00,3.80,3.91,5600,19.22
2008-04-01,3.90,3.90,3.75,3.75,4900,18.44
2008-03-31,3.87,3.98,3.85,3.87,9300,19.03
2008-03-28,3.60,3.88,3.56,3.82,38500,18.78
2008-03-27,3.91,3.91,3.50,3.51,81900,17.26
2008-03-26,3.81,3.83,3.65,3.68,29500,18.09
2008-03-25,3.94,4.14,3.75,3.80,32900,18.68
2008-03-24,3.96,4.12,3.96,4.00,8800,19.67
2008-03-20,3.55,3.97,3.55,3.92,13400,19.27
2008-03-19,4.09,4.15,4.03,4.05,2400,19.91
2008-03-18,4.10,4.18,4.00,4.05,1700,19.91
2008-03-17,4.05,4.20,3.98,3.98,5900,19.57
2008-03-14,4.15,4.18,3.94,3.94,6400,19.37
2008-03-13,4.00,4.17,3.95,4.13,3900,20.31
2008-03-12,4.04,4.15,3.95,4.00,4100,19.67
2008-03-11,4.15,4.28,3.93,3.99,4200,19.62
2008-03-10,4.17,4.43,3.90,4.12,9000,20.26
2008-03-07,4.30,4.34,4.15,4.30,5500,21.14
2008-03-06,4.37,4.58,4.27,4.30,3500,21.14
2008-03-05,4.45,4.46,4.35,4.35,6500,21.39
2008-03-04,4.65,4.65,4.36,4.45,6200,21.88
2008-03-03,4.36,4.57,4.29,4.55,4400,22.37
2008-02-29,4.73,4.73,4.31,4.31,14300,21.19
2008-02-28,4.51,4.71,4.27,4.50,9400,22.12
2008-02-27,4.39,4.45,4.35,4.40,2000,21.63
2008-02-26,4.50,4.50,4.29,4.34,7600,21.34
2008-02-25,4.15,4.62,4.15,4.44,10100,21.83
2008-02-22,4.58,4.58,4.09,4.09,7100,20.11
2008-02-21,4.45,4.59,4.26,4.50,17200,22.12
2008-02-20,4.21,4.45,4.11,4.40,9900,21.63
2008-02-19,4.12,4.25,4.00,4.25,14900,20.90
2008-02-15,4.05,4.05,3.96,4.01,3400,19.72
2008-02-14,4.05,4.19,4.02,4.03,5700,19.81
2008-02-13,4.10,4.17,4.00,4.04,8300,19.86
2008-02-12,4.15,4.18,4.00,4.05,6400,19.91
2008-02-11,4.27,4.30,4.02,4.17,20100,20.50
2008-02-08,4.18,4.18,3.95,4.01,4200,19.72
2008-02-07,4.07,4.25,3.90,4.06,3800,19.96
2008-02-06,4.19,4.19,4.10,4.10,3400,20.16
2008-02-05,4.40,4.41,4.10,4.11,34000,20.21
2008-02-04,4.37,4.38,4.25,4.25,700,20.90
2008-02-01,4.44,4.50,4.28,4.28,800,21.04
2008-01-31,4.47,4.47,4.25,4.36,5300,21.44
2008-01-30,4.44,4.63,4.20,4.25,12400,20.90
2008-01-29,4.52,4.59,4.33,4.33,700,21.29
2008-01-28,4.79,4.79,4.34,4.39,1000,21.58
2008-01-25,4.82,4.82,4.44,4.60,8000,22.62
2008-01-24,4.66,4.74,4.65,4.68,3700,23.01
2008-01-23,4.53,5.20,4.44,4.49,2300,22.08
2008-01-22,4.42,4.45,4.30,4.40,3800,21.63
2008-01-18,4.84,4.84,4.42,4.45,1600,21.88
2008-01-17,5.03,5.03,4.73,4.81,2800,23.65
2008-01-16,4.79,5.10,4.30,4.90,3500,24.09
2008-01-15,5.12,5.20,4.40,5.10,7300,25.07
2008-01-14,5.31,5.31,5.00,5.02,1400,24.68
2008-01-11,5.40,5.49,5.02,5.37,9400,26.40
2008-01-10,5.05,6.25,4.87,5.45,14300,26.80
2008-01-09,4.95,5.05,4.70,5.05,13500,24.83
2008-01-08,5.01,5.05,4.67,4.67,1400,22.96
2008-01-07,5.19,5.20,4.98,4.98,800,24.48
2008-01-04,5.05,5.05,5.04,5.04,4200,24.78
2008-01-03,5.00,5.20,4.77,5.05,1700,24.83
2008-01-02,5.02,5.15,4.99,5.05,1400,24.83
2007-12-31,5.00,5.16,4.80,5.16,8200,25.37
2007-12-28,5.00,5.03,5.00,5.03,3300,24.73
2007-12-27,5.00,5.02,4.84,5.02,5500,24.68
2007-12-26,4.77,4.95,4.51,4.95,7500,24.34
2007-12-24,4.45,5.00,4.45,4.87,3600,23.94
2007-12-21,4.31,4.50,4.16,4.45,6200,21.88
2007-12-20,4.61,5.24,4.12,4.20,9100,20.65
2007-12-19,4.98,5.05,4.31,4.89,12600,24.04
2007-12-18,5.00,5.00,4.88,4.98,1800,24.48
2007-12-17,5.00,5.00,4.80,4.92,800,24.19
2007-12-14,4.92,5.00,4.92,4.95,500,24.34
2007-12-13,5.25,5.25,5.02,5.02,11500,24.68
2007-12-12,5.25,5.25,4.85,5.05,2200,24.83
2007-12-11,5.15,5.19,4.91,5.05,400,24.83
2007-12-10,4.92,5.25,4.90,5.05,3000,24.83
2007-12-07,5.01,5.05,5.00,5.00,1300,24.58
2007-12-06,5.05,5.05,5.00,5.05,2000,24.83
2007-12-05,5.13,5.13,5.05,5.05,1200,24.83
2007-12-04,5.45,5.45,5.01,5.25,2000,25.81
2007-12-03,5.02,5.70,5.01,5.60,4900,27.53
2007-11-30,5.18,5.18,5.00,5.12,700,25.17
2007-11-29,5.16,5.16,5.16,5.16,000,25.37
2007-11-28,5.21,5.23,5.16,5.16,2000,25.37
2007-11-27,5.42,5.42,5.21,5.38,1200,26.45
2007-11-26,5.59,5.59,5.16,5.40,5200,26.55
2007-11-23,5.25,5.25,5.25,5.25,000,25.81
2007-11-21,5.30,5.35,5.10,5.30,1600,26.06
2007-11-20,5.50,5.50,5.11,5.35,9100,26.30
2007-11-19,5.38,5.38,5.21,5.30,1000,26.06
2007-11-16,5.40,5.40,5.20,5.38,1400,26.45
2007-11-15,5.40,5.50,5.20,5.40,6200,26.55
2007-11-14,5.39,5.39,5.26,5.30,1700,26.06
2007-11-13,5.52,5.52,5.23,5.33,11600,26.21
2007-11-12,5.25,5.25,5.05,5.10,2900,25.07
2007-11-09,5.23,5.23,5.06,5.10,600,25.07
2007-11-08,5.20,5.25,5.10,5.10,4500,25.07
2007-11-07,5.20,5.25,5.12,5.12,9300,25.17
2007-11-06,4.98,5.20,4.98,5.17,8500,25.42
2007-11-05,4.80,4.99,4.78,4.89,4600,24.04
2007-11-02,5.00,5.01,4.90,4.91,2200,24.14
2007-11-01,5.02,5.30,4.91,5.02,4700,24.68
2007-10-31,5.14,5.19,5.04,5.06,10900,24.88
2007-10-30,5.16,5.20,5.14,5.16,2200,25.37
2007-10-29,5.20,5.22,5.15,5.16,3200,25.37
2007-10-26,5.25,5.25,5.15,5.17,1400,25.42
2007-10-25,5.37,5.38,5.19,5.22,26900,25.66
2007-10-24,5.25,5.38,5.15,5.26,3600,25.86
2007-10-23,5.30,5.30,5.29,5.29,800,26.01
2007-10-22,5.35,5.40,5.23,5.35,2900,26.30
2007-10-19,5.40,5.45,5.30,5.40,8300,26.55
2007-10-18,5.45,5.45,5.32,5.39,5200,26.50
2007-10-17,5.35,5.41,5.35,5.35,900,26.30
2007-10-16,5.43,5.45,5.40,5.40,23300,26.55
2007-10-15,5.45,5.45,5.40,5.42,14200,26.65
2007-10-12,5.45,5.45,5.37,5.40,9300,26.55
2007-10-11,5.48,5.48,5.39,5.42,11200,26.65
2007-10-10,5.50,5.50,5.27,5.40,12500,26.55
2007-10-09,5.45,5.50,5.29,5.45,3600,26.80
2007-10-08,5.45,5.45,5.29,5.44,300,26.75
2007-10-05,5.26,5.50,5.26,5.40,7300,26.55
2007-10-04,5.30,5.30,5.28,5.28,2300,25.96
2007-10-03,5.35,5.35,5.30,5.35,200,26.30
2007-10-02,5.28,5.40,5.25,5.33,1600,26.21
2007-10-01,5.26,5.40,5.26,5.38,600,26.45
2007-09-28,5.27,5.40,5.25,5.30,12100,26.06
2007-09-27,5.10,5.18,5.10,5.18,300,25.47
2007-09-26,5.27,5.27,5.23,5.23,300,25.71
2007-09-25,5.57,5.58,4.75,5.26,7800,25.86
2007-09-24,5.58,5.60,5.50,5.57,2900,27.39
2007-09-21,5.46,5.58,5.37,5.50,37400,27.04
2007-09-20,5.60,5.60,5.42,5.49,11400,26.99
2007-09-19,5.50,5.52,5.40,5.40,2600,26.55
2007-09-18,5.60,5.60,5.46,5.50,10800,27.04
2007-09-17,5.53,5.55,5.36,5.52,5500,27.14
2007-09-14,5.56,5.60,5.54,5.55,900,27.29
2007-09-13,5.54,5.65,5.51,5.65,3900,27.78
2007-09-12,5.18,5.44,5.18,5.42,9600,26.65
2007-09-11,5.09,5.20,5.09,5.18,3800,25.47
2007-09-10,4.99,5.04,4.86,5.02,9500,24.68
2007-09-07,4.82,4.97,4.80,4.80,400,23.60
2007-09-06,4.90,4.99,4.75,4.79,13500,23.55
2007-09-05,5.14,5.15,4.86,4.86,2900,23.89
2007-09-04,5.03,5.13,5.03,5.03,2700,24.73
2007-08-31,5.30,5.30,5.20,5.20,2900,25.57
2007-08-30,4.90,5.12,4.90,5.07,6000,24.93
2007-08-29,5.12,5.33,4.95,4.95,4100,24.34
2007-08-28,5.19,5.24,5.13,5.15,900,25.32
2007-08-27,5.22,5.25,5.15,5.18,2400,25.47
2007-08-24,5.21,5.24,5.18,5.20,1400,25.57
2007-08-23,5.33,5.34,5.10,5.17,7700,25.42
2007-08-22,5.20,5.24,5.20,5.24,200,25.76
2007-08-21,5.20,5.24,5.11,5.20,1700,25.57
2007-08-20,5.08,5.29,5.06,5.28,1600,25.96
2007-08-17,5.24,5.24,5.05,5.10,2200,25.07
2007-08-16,5.22,5.24,5.10,5.24,600,25.76
2007-08-15,5.40,5.45,5.11,5.23,1900,25.71
2007-08-14,5.30,5.31,5.22,5.23,700,25.71
2007-08-13,5.35,5.44,5.21,5.34,2100,26.25
2007-08-10,5.40,5.50,5.20,5.24,9500,25.76
2007-08-09,5.47,5.85,5.42,5.42,16200,26.65
2007-08-08,5.80,5.80,5.70,5.79,5100,28.47
2007-08-07,5.70,5.70,5.55,5.57,900,27.39
2007-08-06,6.10,6.10,5.65,5.70,1100,28.02
2007-08-03,6.35,6.35,5.89,5.90,15400,29.01
2007-08-02,6.34,6.34,6.20,6.24,2200,30.68
2007-08-01,6.75,6.75,6.28,6.30,13400,30.97
2007-07-31,6.30,6.30,6.28,6.28,500,30.88
2007-07-30,6.35,6.35,6.25,6.30,1100,30.97
2007-07-27,6.24,6.40,6.24,6.30,1100,30.97
2007-07-26,6.55,6.55,6.21,6.21,13800,30.53
2007-07-25,6.60,6.60,6.50,6.51,5500,32.01
2007-07-24,6.55,6.60,6.55,6.60,2400,32.45
2007-07-23,6.65,6.65,6.55,6.58,1600,32.35
2007-07-20,6.65,6.65,6.65,6.65,500,32.70
2007-07-19,6.65,6.65,6.62,6.65,6600,32.70
2007-07-18,6.65,6.65,6.62,6.62,30700,32.55
2007-07-17,6.70,6.75,6.63,6.65,11200,32.70
2007-07-16,6.65,6.70,6.65,6.65,61000,32.70
2007-07-13,6.55,6.65,6.55,6.58,17000,32.35
2007-07-12,6.50,6.50,6.35,6.50,34200,31.96
2007-07-11,6.50,6.50,6.40,6.42,53900,31.56
2007-07-10,6.49,6.55,6.49,6.55,8600,32.20
2007-07-09,6.52,6.52,6.48,6.49,1600,31.91
2007-07-06,6.40,6.50,6.40,6.50,81400,31.96
2007-07-05,6.38,6.38,6.38,6.38,15700,31.37
2007-07-03,6.38,6.38,6.38,6.38,100,31.37
2007-07-02,6.32,6.32,6.32,6.32,200,31.07
2007-06-29,6.42,6.42,6.35,6.38,5000,31.37
2007-06-28,6.42,6.42,6.42,6.42,1700,31.56
2007-06-27,6.44,6.45,6.40,6.42,8000,31.56
2007-06-26,6.45,6.45,6.45,6.45,1400,31.71
2007-06-25,6.44,6.45,6.40,6.45,5600,31.71
2007-06-22,6.45,6.45,6.43,6.45,3800,31.71
2007-06-21,6.45,6.45,6.40,6.40,31900,31.47
2007-06-20,6.42,6.45,6.41,6.45,5100,31.71
2007-06-19,6.45,6.45,6.45,6.45,3200,31.71
2007-06-18,6.40,6.45,6.40,6.45,24900,31.71
2007-06-15,6.40,6.40,6.36,6.40,14800,31.47
2007-06-14,6.30,6.40,6.30,6.40,121200,31.47
2007-06-13,6.55,6.55,6.30,6.37,144800,31.32
2007-06-12,6.00,6.60,6.00,6.55,58600,32.20
2007-06-11,5.90,6.00,5.90,6.00,7300,29.50
2007-06-08,5.75,6.00,5.75,6.00,400,29.50
2007-06-07,6.00,6.00,5.50,5.75,3500,28.27
2007-06-06,5.55,5.55,5.55,5.55,000,27.29
2007-06-05,6.15,6.15,5.55,5.55,9000,27.29
2007-06-04,6.00,6.00,5.90,6.00,1300,29.50
2007-06-01,5.70,5.85,5.50,5.75,2600,28.27
