Date,Open,High,Low,Close,Volume,Adj Close
2012-05-04,161.85,163.00,161.75,162.56,167000,162.56
2012-05-03,162.27,162.49,161.48,162.07,70000,162.07
2012-05-02,163.79,163.84,162.91,163.68,73000,163.68
2012-05-01,165.22,165.29,164.03,164.44,102500,164.44
2012-04-30,163.59,164.92,163.53,164.92,112000,164.92
2012-04-27,164.85,164.99,164.36,164.50,49600,164.50
2012-04-26,163.59,164.44,163.27,164.12,84600,164.12
2012-04-25,162.57,162.97,160.86,162.71,132000,162.71
2012-04-24,162.74,163.19,162.35,162.37,47900,162.37
2012-04-23,161.26,162.20,160.93,162.14,103500,162.14
2012-04-20,162.30,162.88,162.30,162.55,68200,162.55
2012-04-19,163.05,163.73,162.21,162.45,217500,162.45
2012-04-18,162.62,162.96,162.17,162.30,22300,162.30
2012-04-17,163.61,164.00,161.83,163.32,154300,163.32
2012-04-16,163.57,164.14,162.75,163.44,132200,163.44
2012-04-13,165.59,165.60,163.26,163.93,151800,163.93
2012-04-12,163.80,166.16,163.80,165.87,49700,165.87
2012-04-11,164.23,164.55,163.85,164.14,27500,164.14
2012-04-10,162.78,164.62,161.56,164.21,97500,164.21
2012-04-09,162.75,163.00,162.10,162.48,52200,162.48
2012-04-05,160.95,161.63,160.86,161.44,50900,161.44
2012-04-04,160.77,161.02,159.66,160.20,122600,160.20
2012-04-03,166.32,166.32,162.27,162.92,191600,162.92
2012-04-02,165.03,166.68,165.00,166.06,64400,166.06
2012-03-30,164.85,165.39,164.41,165.23,63200,165.23
2012-03-29,164.29,164.53,162.94,164.43,40700,164.43
2012-03-28,165.84,165.98,163.89,164.56,126200,164.56
2012-03-27,167.67,167.86,166.30,166.39,65600,166.39
2012-03-26,166.36,167.72,166.19,167.59,81200,167.59
2012-03-23,164.04,164.99,163.74,164.62,82700,164.62
2012-03-22,161.28,162.74,161.20,162.60,56700,162.60
2012-03-21,163.65,164.49,163.27,163.27,50600,163.27
2012-03-20,163.27,164.06,162.88,163.19,65100,163.19
2012-03-19,163.91,165.28,163.84,164.66,163600,164.66
2012-03-16,163.18,164.59,163.09,164.40,67300,164.40
2012-03-15,162.73,165.08,162.38,164.23,90400,164.23
2012-03-14,162.73,163.58,161.90,162.65,213100,162.65
2012-03-13,167.09,168.48,164.63,165.37,176600,165.37
2012-03-12,168.56,168.77,167.92,168.22,54600,168.22
2012-03-09,166.81,169.73,166.44,169.60,191000,169.60
2012-03-08,167.96,168.71,167.31,168.44,64000,168.44
2012-03-07,165.89,167.15,165.76,166.87,95600,166.87
2012-03-06,165.31,165.89,164.93,165.86,193600,165.86
2012-03-05,168.97,169.04,167.75,168.94,73800,168.94
2012-03-02,169.49,170.03,168.87,169.57,135600,169.57
2012-03-01,169.31,170.96,169.02,169.87,209000,169.87
2012-02-29,176.51,176.94,167.31,167.50,712800,167.50
2012-02-28,176.23,177.34,176.10,176.88,99500,176.88
2012-02-27,175.52,176.23,174.92,175.04,61000,175.04
2012-02-24,175.97,176.29,175.32,175.59,103200,175.59
2012-02-23,176.00,177.13,175.67,176.35,95000,176.35
2012-02-22,173.70,176.42,173.55,176.30,148400,176.30
2012-02-21,172.96,174.36,172.93,174.33,49700,174.33
2012-02-17,171.57,171.57,170.21,170.63,63300,170.63
2012-02-16,169.52,171.39,169.41,171.25,100500,171.25
2012-02-15,171.90,171.99,170.60,171.38,146300,171.38
2012-02-14,170.91,171.17,169.70,170.38,107400,170.38
2012-02-13,170.58,171.01,170.00,170.78,72500,170.78
2012-02-10,169.72,170.85,169.62,170.37,120000,170.37
2012-02-09,173.34,173.66,171.00,171.23,123000,171.23
2012-02-08,172.54,173.23,170.86,171.75,137800,171.75
2012-02-07,170.65,173.32,170.43,172.95,59800,172.95
2012-02-06,170.20,170.93,169.88,170.45,78000,170.45
2012-02-03,173.23,173.45,170.82,170.93,228400,170.93
2012-02-02,173.26,174.52,173.05,174.38,110300,174.38
2012-02-01,172.99,173.40,172.40,172.85,85400,172.85
2012-01-31,173.10,173.12,171.06,172.57,89500,172.57
2012-01-30,171.48,171.80,171.00,171.34,58200,171.34
2012-01-27,170.67,172.27,170.66,172.26,121000,172.26
2012-01-26,171.29,171.61,170.31,170.54,78200,170.54
2012-01-25,164.20,169.73,163.46,169.66,178300,169.66
2012-01-24,164.97,165.50,164.72,165.14,77800,165.14
2012-01-23,165.51,166.52,165.50,166.33,92700,166.33
2012-01-20,163.66,165.21,163.66,165.21,71600,165.21
2012-01-19,164.03,164.50,163.50,164.33,84500,164.33
2012-01-18,163.09,164.75,162.89,164.75,51400,164.75
2012-01-17,164.31,164.68,163.51,163.62,80100,163.62
2012-01-13,162.37,162.65,161.21,162.37,81500,162.37
2012-01-12,164.12,164.69,162.89,163.47,131000,163.47
2012-01-11,162.38,163.10,162.00,162.74,72500,162.74
2012-01-10,161.97,162.41,161.53,161.69,83900,161.69
2012-01-09,160.44,160.57,159.25,159.49,75400,159.49
2012-01-06,161.63,161.63,159.45,160.21,111400,160.21
2012-01-05,158.30,161.02,158.25,160.81,151000,160.81
2012-01-04,158.37,160.33,158.36,159.70,112100,159.70
2012-01-03,157.74,159.18,157.59,159.02,135900,159.02
2011-12-30,155.08,156.62,154.79,154.93,101500,154.93
2011-12-29,151.89,153.58,151.28,153.19,263800,153.19
2011-12-28,156.98,157.22,153.65,153.96,128500,153.96
2011-12-27,158.01,158.52,157.56,157.88,83000,157.88
2011-12-23,159.30,159.48,158.84,159.34,39100,159.34
2011-12-22,159.30,159.73,158.37,158.99,158700,158.99
2011-12-21,160.04,160.49,159.26,160.20,80200,160.20
2011-12-20,159.89,160.43,159.61,160.00,145700,160.00
2011-12-19,158.47,158.84,157.43,157.83,136100,157.83
2011-12-16,157.32,158.35,156.95,158.30,126500,158.30
2011-12-15,157.74,157.77,154.72,155.32,310600,155.32
2011-12-14,159.89,160.33,155.00,155.78,486100,155.78
2011-12-13,165.03,166.33,160.89,161.72,327200,161.72
2011-12-12,165.51,165.53,164.35,165.19,242200,165.19
2011-12-09,169.65,170.57,169.41,169.62,61600,169.62
2011-12-08,170.22,170.78,169.00,169.17,70700,169.17
2011-12-07,172.12,172.81,171.08,172.56,117200,172.56
2011-12-06,169.48,171.80,168.74,171.48,74600,171.48
2011-12-05,172.44,173.21,170.37,170.63,161700,170.63
2011-12-02,173.99,174.06,172.75,173.10,121500,173.10
2011-12-01,173.16,173.81,171.96,172.94,67400,172.94
2011-11-30,173.03,173.53,172.48,173.37,183000,173.37
2011-11-29,169.60,170.57,169.35,170.22,187900,170.22
2011-11-28,170.23,170.36,169.30,169.83,145700,169.83
2011-11-25,166.54,168.38,166.53,166.58,144900,166.58
2011-11-23,167.80,168.51,166.32,168.11,117400,168.11
2011-11-22,167.95,169.10,167.90,168.51,80200,168.51
2011-11-21,169.77,169.88,165.39,166.83,205000,166.83
2011-11-18,170.48,171.87,169.85,170.89,169600,170.89
2011-11-17,173.35,173.58,169.63,170.26,184600,170.26
2011-11-16,174.87,176.27,173.90,174.81,111700,174.81
2011-11-15,176.73,177.13,175.42,176.83,90300,176.83
2011-11-14,177.15,177.29,176.03,176.61,73500,176.61
2011-11-11,175.48,177.40,175.40,177.37,117200,177.37
2011-11-10,175.88,175.88,172.00,174.54,107800,174.54
2011-11-09,177.65,178.11,174.96,175.45,163700,175.45
2011-11-08,177.73,178.78,176.37,176.96,155700,176.96
2011-11-07,176.20,178.41,176.13,178.34,125600,178.34
2011-11-04,174.35,174.59,173.48,174.18,70400,174.18
2011-11-03,174.48,175.33,173.26,175.03,240500,175.03
2011-11-02,171.84,172.99,170.62,172.32,233400,172.32
2011-11-01,167.18,170.64,166.79,170.63,304100,170.63
2011-10-31,171.02,171.30,170.20,170.47,72000,170.47
2011-10-28,172.94,173.21,172.06,172.96,103200,172.96
2011-10-27,170.91,173.59,169.99,172.83,272800,172.83
2011-10-26,170.30,171.27,169.69,170.64,207000,170.64
2011-10-25,164.39,169.55,163.64,168.83,276900,168.83
2011-10-24,163.68,164.35,163.34,164.04,199300,164.04
2011-10-21,163.03,163.48,162.15,162.67,110500,162.67
2011-10-20,160.56,161.42,159.06,160.75,196100,160.75
2011-10-19,164.24,164.51,162.64,162.88,124300,162.88
2011-10-18,163.06,165.11,161.39,165.05,139600,165.05
2011-10-17,167.19,167.33,165.12,165.72,114500,165.72
2011-10-14,166.45,166.98,165.45,166.61,99300,166.61
2011-10-13,165.43,165.58,163.95,165.36,99600,165.36
2011-10-12,166.88,167.07,165.91,166.39,81000,166.39
2011-10-11,165.36,165.57,164.40,165.33,74000,165.33
2011-10-10,165.26,166.47,164.31,166.40,124900,166.40
2011-10-07,164.18,164.34,161.33,162.39,134500,162.39
2011-10-06,163.11,164.03,161.93,163.70,141000,163.70
2011-10-05,161.09,163.41,159.58,162.47,256400,162.47
2011-10-04,164.00,164.11,158.30,160.74,416200,160.74
2011-10-03,164.21,164.59,163.07,164.02,210500,164.02
2011-09-30,160.38,161.76,159.39,161.06,250500,161.06
2011-09-29,161.16,161.23,159.23,160.68,240000,160.68
2011-09-28,163.84,164.38,158.63,159.27,342800,159.27
2011-09-27,164.70,165.40,163.01,163.73,425500,163.73
2011-09-26,160.16,161.77,157.22,160.58,692400,160.58
2011-09-23,167.70,168.83,161.62,162.92,906300,162.92
2011-09-22,172.56,173.51,170.77,172.41,466300,172.41
2011-09-21,178.20,180.16,176.50,176.89,126800,176.89
2011-09-20,176.49,179.69,176.25,179.14,141500,179.14
2011-09-19,180.06,180.10,175.45,176.63,244200,176.63
2011-09-16,177.04,180.80,177.04,179.38,186900,179.38
2011-09-15,177.97,178.16,175.89,177.68,187100,177.68
2011-09-14,181.04,181.21,179.48,180.63,216900,180.63
2011-09-13,180.99,182.96,179.77,182.00,208800,182.00
2011-09-12,182.22,182.27,178.71,180.13,277100,180.13
2011-09-09,183.24,185.42,182.67,184.20,490900,184.20
2011-09-08,184.95,185.61,183.35,185.28,323500,185.28
2011-09-07,179.61,181.50,177.84,180.51,468300,180.51
2011-09-06,188.18,189.38,184.77,186.46,471100,186.46
2011-09-02,186.45,187.00,185.65,186.79,302400,186.79
2011-09-01,180.85,181.67,179.93,181.29,245700,181.29
2011-08-31,181.16,182.54,179.79,181.06,312400,181.06
2011-08-30,181.22,182.65,180.07,182.55,462300,182.55
2011-08-29,179.36,179.36,176.22,177.27,465500,177.27
2011-08-26,176.88,180.92,175.11,180.92,760400,180.92
2011-08-25,170.27,176.09,169.10,175.61,845800,175.61
2011-08-24,181.25,181.74,173.56,174.96,1085000,174.96
2011-08-23,185.82,187.30,180.96,181.11,738600,181.11
2011-08-22,185.53,188.37,185.14,188.10,338400,188.10
2011-08-19,185.17,185.17,182.45,183.44,315600,183.44
2011-08-18,180.54,181.53,179.85,181.19,278400,181.19
2011-08-17,177.30,178.06,176.62,177.84,184000,177.84
2011-08-16,175.95,177.43,175.89,177.25,223400,177.25
2011-08-15,172.61,175.22,172.25,175.16,145700,175.16
2011-08-12,172.90,173.34,171.06,173.30,301500,173.30
2011-08-11,175.56,175.70,171.97,174.10,430900,174.10
2011-08-10,175.88,178.54,175.00,177.99,480000,177.99
2011-08-09,173.15,176.44,170.81,171.93,525500,171.93
2011-08-08,168.78,170.82,167.95,170.40,388600,170.40
2011-08-05,164.79,165.50,163.62,164.93,216200,164.93
2011-08-04,166.79,167.03,162.81,163.80,395600,163.80
2011-08-03,165.55,166.02,164.50,164.58,262100,164.58
2011-08-02,162.45,164.77,162.10,164.65,166700,164.65
2011-08-01,160.56,162.01,159.80,160.75,106300,160.75
2011-07-29,161.53,162.25,160.90,161.36,174800,161.36
2011-07-28,160.60,160.62,159.14,160.36,87300,160.36
2011-07-27,161.58,161.71,159.75,160.18,106600,160.18
2011-07-26,159.99,160.82,159.66,160.82,115800,160.82
2011-07-25,160.61,160.83,159.81,160.38,120600,160.38
2011-07-22,159.04,159.58,158.75,159.10,67200,159.10
2011-07-21,158.93,159.00,157.42,157.81,69900,157.81
2011-07-20,157.19,159.00,157.10,159.00,115400,159.00
2011-07-19,159.33,159.34,157.11,157.72,405300,157.72
2011-07-18,158.80,159.58,158.70,159.54,175400,159.54
2011-07-15,157.34,158.25,157.25,158.24,95200,158.24
2011-07-14,157.83,158.25,156.96,157.60,108800,157.60
2011-07-13,156.75,157.70,156.57,157.10,211800,157.10
2011-07-12,154.19,156.23,153.70,155.77,166000,155.77
2011-07-11,154.29,154.61,153.18,154.51,164700,154.51
2011-07-08,153.20,153.41,152.93,153.15,125100,153.15
2011-07-07,151.92,152.23,151.17,152.10,147000,152.10
2011-07-06,151.60,152.38,151.51,151.83,229900,151.83
2011-07-05,149.83,150.68,149.73,150.47,144600,150.47
2011-07-01,147.75,147.90,146.83,147.76,122100,147.76
2011-06-30,150.01,150.26,148.91,148.91,127500,148.91
2011-06-29,149.62,150.25,149.30,150.07,99200,150.07
2011-06-28,148.95,149.59,148.54,149.09,62500,149.09
2011-06-27,148.77,149.23,148.01,148.53,75100,148.53
2011-06-24,150.68,150.84,148.82,149.07,164300,149.07
2011-06-23,151.56,151.71,150.15,151.25,249400,151.25
2011-06-22,153.94,154.79,153.52,153.95,131500,153.95
2011-06-21,153.14,153.75,153.11,153.68,102500,153.68
2011-06-20,153.04,153.56,152.53,152.90,105500,152.90
2011-06-17,151.80,153.12,151.76,152.86,101400,152.86
2011-06-16,151.73,152.28,151.17,151.88,52100,151.88
2011-06-15,151.07,152.38,150.86,152.07,77400,152.07
2011-06-14,150.61,151.60,150.44,151.57,76600,151.57
2011-06-13,151.57,151.86,150.09,150.63,159100,150.63
2011-06-10,151.96,152.67,151.62,152.13,69800,152.13
2011-06-09,152.93,153.95,152.71,153.46,280600,153.46
2011-06-08,152.95,153.26,152.24,152.73,78500,152.73
2011-06-07,153.57,153.76,152.63,153.30,174000,153.30
2011-06-06,153.70,154.33,153.15,153.39,236100,153.39
2011-06-03,153.23,153.55,152.57,153.14,131500,153.14
2011-06-02,153.08,153.30,150.98,152.34,178700,152.34
2011-06-01,152.59,154.04,152.39,152.78,185800,152.78
2011-05-31,152.80,153.05,152.31,152.56,124500,152.56
2011-05-27,151.94,152.83,151.90,152.67,139400,152.67
2011-05-26,151.32,151.50,150.50,151.15,146500,151.15
2011-05-25,151.59,152.25,151.45,151.53,153400,151.53
2011-05-24,151.37,151.86,151.18,151.48,271900,151.48
2011-05-23,149.85,150.79,149.80,150.74,243100,150.74
2011-05-20,148.60,150.63,147.72,150.40,525800,150.40
2011-05-19,147.94,148.65,147.73,148.49,158200,148.49
2011-05-18,148.43,149.02,147.95,148.43,144900,148.43
2011-05-17,147.03,147.58,146.25,147.53,194100,147.53
2011-05-16,148.72,149.47,148.03,148.23,164400,148.23
2011-05-13,149.56,150.05,147.32,148.42,380900,148.42
2011-05-12,148.70,149.97,147.79,149.42,393000,149.42
2011-05-11,150.03,150.22,148.65,149.46,309600,149.46
2011-05-10,150.04,151.05,149.91,150.75,161300,150.75
2011-05-09,149.54,150.43,149.19,150.30,266000,150.30
2011-05-06,148.01,148.89,147.24,148.17,623300,148.17
2011-05-05,149.63,150.42,145.35,146.18,1013600,146.18
2011-05-04,152.80,153.25,149.67,150.65,638400,150.65
2011-05-03,153.35,153.89,151.77,152.77,321000,152.77
2011-05-02,154.35,156.51,153.31,153.34,288000,153.34
2011-04-29,152.77,155.96,152.66,155.26,326000,155.26
2011-04-28,152.22,152.88,151.50,152.70,254900,152.70
2011-04-27,150.28,152.07,149.35,152.07,187300,152.07
2011-04-26,149.33,149.43,148.30,149.17,264500,149.17
2011-04-25,150.38,150.44,149.27,149.76,324000,149.76
2011-04-21,149.43,149.90,149.20,149.60,141600,149.60
2011-04-20,149.21,149.65,148.65,149.32,164000,149.32
2011-04-19,148.57,149.04,148.00,148.80,225100,148.80
2011-04-18,148.00,148.85,147.45,148.73,231900,148.73
2011-04-15,146.66,147.91,146.40,147.87,166100,147.87
2011-04-14,145.12,146.59,145.01,146.58,148800,146.58
2011-04-13,145.13,145.23,144.26,144.68,132400,144.68
2011-04-12,145.53,145.53,143.52,144.42,180400,144.42
2011-04-11,146.05,146.26,145.13,145.38,138100,145.38
2011-04-08,146.16,146.63,145.77,146.46,141600,146.46
2011-04-07,145.01,145.59,144.65,145.24,95500,145.24
2011-04-06,145.18,145.36,144.54,145.18,103400,145.18
2011-04-05,142.30,144.82,142.30,144.74,298600,144.74
2011-04-04,142.88,142.96,142.25,142.53,105800,142.53
2011-04-01,141.39,142.19,140.43,141.89,136900,141.89
2011-03-31,142.79,143.10,142.55,142.59,112300,142.59
2011-03-30,141.81,141.87,140.39,141.36,107000,141.36
2011-03-29,140.90,141.50,140.65,140.96,57200,140.96
2011-03-28,140.47,141.50,140.45,141.23,88400,141.23
2011-03-25,142.71,142.96,141.39,141.99,122600,141.99
2011-03-24,143.01,144.00,141.62,142.00,173900,142.00
2011-03-23,142.35,143.27,142.33,143.05,106000,143.05
2011-03-22,141.54,142.03,141.38,141.80,65800,141.80
2011-03-21,142.24,142.61,141.77,141.87,89100,141.87
2011-03-18,140.85,141.50,140.47,141.03,118000,141.03
2011-03-17,139.19,139.69,138.96,139.56,51500,139.56
2011-03-16,139.23,139.83,138.44,138.92,113900,138.92
2011-03-15,137.99,139.55,137.88,138.97,204200,138.97
2011-03-14,142.03,142.23,141.31,141.54,311900,141.54
2011-03-11,139.98,141.58,139.87,140.88,138500,140.88
2011-03-10,141.21,141.21,139.50,140.48,148100,140.48
2011-03-09,142.63,142.63,141.65,142.11,66500,142.11
2011-03-08,142.33,142.36,141.56,142.02,72400,142.02
2011-03-07,144.75,144.75,142.10,142.42,139100,142.42
2011-03-04,141.36,142.45,141.36,142.05,151800,142.05
2011-03-03,141.51,141.85,140.29,140.81,128700,140.81
2011-03-02,142.97,143.25,142.21,142.62,100600,142.62
2011-03-01,141.22,142.72,141.22,142.68,139500,142.68
2011-02-28,140.34,140.78,139.77,140.36,89900,140.36
2011-02-25,139.94,140.36,139.49,140.08,79200,140.08
2011-02-24,140.71,140.85,138.50,139.11,133900,139.11
2011-02-23,139.65,140.86,139.60,140.24,121700,140.24
2011-02-22,139.53,139.88,138.86,138.97,194700,138.97
2011-02-18,137.79,138.43,137.54,138.00,112700,138.00
2011-02-17,137.39,137.77,137.11,137.69,87900,137.69
2011-02-16,136.88,137.42,136.09,136.72,151400,136.72
2011-02-15,136.48,136.76,136.28,136.57,55600,136.57
2011-02-14,135.54,135.98,135.35,135.53,67700,135.53
2011-02-11,135.64,136.01,134.73,134.89,330000,134.89
2011-02-10,134.67,135.86,134.58,135.50,429300,135.50
2011-02-09,135.79,135.95,135.07,135.69,133300,135.69
2011-02-08,135.50,136.05,135.40,135.71,523200,135.71
2011-02-07,134.24,134.47,133.84,134.20,55600,134.20
2011-02-04,134.40,135.27,133.79,134.15,347800,134.15
2011-02-03,132.59,134.85,131.80,134.75,240600,134.75
2011-02-02,132.89,133.03,131.98,132.94,77000,132.94
2011-02-01,133.04,133.57,131.83,133.32,134500,133.32
2011-01-31,131.80,132.98,131.79,132.36,85500,132.36
2011-01-28,130.42,133.95,130.42,132.71,302600,132.71
2011-01-27,132.82,132.93,130.30,130.40,422300,130.40
2011-01-26,132.32,133.67,131.80,133.66,159500,133.66
2011-01-25,132.12,132.72,131.62,132.60,97700,132.60
2011-01-24,133.51,134.12,132.65,132.82,148400,132.82
2011-01-21,133.27,133.95,133.05,133.51,109200,133.51
2011-01-20,134.29,134.59,133.64,133.68,149700,133.68
2011-01-19,136.96,137.00,135.98,136.26,54400,136.26
2011-01-18,136.25,136.57,135.82,135.99,58200,135.99
2011-01-14,135.71,136.17,134.80,135.27,108200,135.27
2011-01-13,138.32,138.32,136.26,136.58,122900,136.58
2011-01-12,137.39,138.15,136.99,138.07,54800,138.07
2011-01-11,137.38,137.76,136.58,137.47,91000,137.47
2011-01-10,136.47,136.79,135.81,136.78,50100,136.78
2011-01-07,135.94,137.18,135.74,136.19,92200,136.19
2011-01-06,136.60,136.95,135.77,136.45,94700,136.45
2011-01-05,136.05,137.19,135.68,136.98,108200,136.98
2011-01-04,138.87,138.90,136.76,137.35,186200,137.35
2011-01-03,141.38,141.64,140.59,140.63,110100,140.63
2010-12-31,140.47,141.44,140.42,141.39,62300,141.39
2010-12-30,140.26,140.33,139.59,139.72,35400,139.72
2010-12-29,140.05,140.66,139.89,140.35,75200,140.35
2010-12-28,139.49,139.97,139.28,139.89,80800,139.89
2010-12-27,137.59,137.65,137.18,137.63,29300,137.63
2010-12-23,136.85,137.45,136.55,137.24,80000,137.24
2010-12-22,138.22,138.28,137.61,137.64,53300,137.64
2010-12-21,137.82,138.19,137.40,137.86,62500,137.86
2010-12-20,137.78,138.03,136.99,137.69,49500,137.69
2010-12-17,136.58,137.20,135.80,136.81,57700,136.81
2010-12-16,136.78,136.83,135.54,136.40,199600,136.40
2010-12-15,137.95,138.52,137.31,137.48,62600,137.48
2010-12-14,138.87,139.84,138.49,138.80,99000,138.80
2010-12-13,138.85,139.22,138.53,138.71,64400,138.71
2010-12-10,137.55,138.04,136.61,138.01,164800,138.01
2010-12-09,138.31,138.78,137.56,137.95,121800,137.95
2010-12-08,138.59,138.92,136.52,137.41,189500,137.41
2010-12-07,142.18,142.23,139.13,139.13,165100,139.13
2010-12-06,140.85,142.13,140.42,141.85,143200,141.85
2010-12-03,139.24,140.78,139.22,140.77,88700,140.77
2010-12-02,138.29,139.17,137.81,137.81,53900,137.81
2010-12-01,138.37,138.71,137.64,138.10,98800,138.10
2010-11-30,137.81,138.37,137.49,137.97,113000,137.97
2010-11-29,135.78,136.35,135.04,136.13,144300,136.13
2010-11-26,134.98,135.44,134.56,135.42,33500,135.42
2010-11-24,136.99,137.29,136.41,136.80,46300,136.80
2010-11-23,136.22,137.67,136.07,136.92,82900,136.92
2010-11-22,134.71,136.17,134.39,136.05,87400,136.05
2010-11-19,134.03,134.85,133.57,134.75,60700,134.75
2010-11-18,134.41,135.35,134.12,134.65,125200,134.65
2010-11-17,133.27,133.88,132.66,132.91,87500,132.91
2010-11-16,134.81,134.91,132.36,133.51,167500,133.51
2010-11-15,136.58,137.06,134.95,134.97,84100,134.97
2010-11-12,138.56,138.92,135.40,136.28,245400,136.28
2010-11-11,140.30,140.39,139.27,140.30,75100,140.30
2010-11-10,139.71,139.94,137.84,139.89,163800,139.89
2010-11-09,141.42,141.83,137.67,138.31,295600,138.31
2010-11-08,138.57,140.40,138.16,140.40,201800,140.40
2010-11-05,137.77,139.21,137.65,138.97,140400,138.97
2010-11-04,137.34,138.69,136.85,138.55,160100,138.55
2010-11-03,134.86,135.06,132.00,134.18,404300,134.18
2010-11-02,135.00,135.13,134.50,135.03,49500,135.03
2010-11-01,135.42,135.58,134.35,134.47,65100,134.47
2010-10-29,134.05,135.32,133.65,135.19,102500,135.19
2010-10-28,132.87,133.98,132.38,133.78,109100,133.78
2010-10-27,132.45,132.48,131.31,131.98,79900,131.98
2010-10-26,132.51,133.67,132.33,133.43,52100,133.43
2010-10-25,133.75,133.89,132.78,133.41,88100,133.41
2010-10-22,131.93,132.25,131.49,132.23,63600,132.23
2010-10-21,133.57,134.13,131.25,131.95,170700,131.95
2010-10-20,132.91,134.19,132.87,133.89,79200,133.89
2010-10-19,133.01,134.09,132.25,132.65,272500,132.65
2010-10-18,136.02,136.92,135.76,136.82,41500,136.82
2010-10-15,136.87,137.05,135.67,136.30,110400,136.30
2010-10-14,136.68,137.45,136.53,137.40,79700,137.40
2010-10-13,135.33,136.80,135.26,136.69,130600,136.69
2010-10-12,134.58,134.77,133.93,134.50,90300,134.50
2010-10-11,133.84,134.85,133.60,134.85,141600,134.85
2010-10-08,133.36,134.40,133.01,134.20,120000,134.20
2010-10-07,135.21,135.21,132.05,132.87,292700,132.87
2010-10-06,134.05,134.37,133.91,134.36,67400,134.36
2010-10-05,132.68,133.65,132.43,133.55,156000,133.55
2010-10-04,131.02,131.11,130.76,130.98,41400,130.98
2010-10-01,131.21,131.57,130.99,131.42,68200,131.42
2010-09-30,130.65,130.71,129.10,130.35,97400,130.35
2010-09-29,130.38,130.66,130.04,130.45,95600,130.45
2010-09-28,128.93,130.48,128.56,130.37,159900,130.37
2010-09-27,129.37,129.37,129.00,129.20,42100,129.20
2010-09-24,129.34,129.43,128.78,129.13,47200,129.13
2010-09-23,128.65,129.06,128.32,128.75,96900,128.75
2010-09-22,129.01,129.07,128.16,128.66,69400,128.66
2010-09-21,127.21,128.59,126.66,128.42,147700,128.42
2010-09-20,127.50,127.88,127.24,127.28,154400,127.28
2010-09-17,127.46,127.46,126.70,126.97,122000,126.97
2010-09-16,126.98,127.18,126.62,127.04,189900,127.04
2010-09-15,126.39,126.68,125.91,126.31,328400,126.31
2010-09-14,125.29,126.98,125.27,126.42,206200,126.42
2010-09-13,124.01,124.40,123.80,123.98,142000,123.98
2010-09-10,123.81,124.65,123.81,124.11,183800,124.11
2010-09-09,124.81,125.20,123.80,123.95,142500,123.95
2010-09-08,125.25,125.69,125.00,125.15,471500,125.15
2010-09-07,125.31,125.43,125.04,125.05,298700,125.05
2010-09-03,123.77,124.58,123.53,124.24,66700,124.24
2010-09-02,124.79,124.83,124.29,124.67,93800,124.67
2010-09-01,124.54,124.54,123.84,124.07,62800,124.07
2010-08-31,124.13,124.53,123.83,124.48,194300,124.48
2010-08-30,123.23,123.39,122.95,123.28,59300,123.28
2010-08-27,123.57,123.79,122.75,123.36,81200,123.36
2010-08-26,123.45,123.56,122.95,123.31,109900,123.31
2010-08-25,123.47,123.70,123.02,123.70,158500,123.70
2010-08-24,121.05,123.11,121.00,122.69,164300,122.69
2010-08-23,122.24,122.38,121.77,122.12,68300,122.12
2010-08-20,122.24,122.39,121.77,122.32,68800,122.32
2010-08-19,122.98,123.29,122.48,122.72,75300,122.72
2010-08-18,121.56,122.83,121.33,122.55,208200,122.55
2010-08-17,122.08,122.27,121.91,122.05,102500,122.05
2010-08-16,122.01,122.13,121.77,122.00,245000,122.00
2010-08-13,121.13,121.14,120.66,121.05,242700,121.05
2010-08-12,120.88,121.13,120.74,121.00,594700,121.00
2010-08-11,119.97,120.22,118.83,119.60,1742400,119.60
2010-08-10,118.85,120.36,118.70,120.02,73500,120.02
2010-08-09,120.06,120.09,119.55,119.73,21600,119.73
2010-08-06,120.28,120.68,119.89,120.11,75000,120.11
2010-08-05,119.29,119.36,118.63,119.25,73300,119.25
2010-08-04,119.72,119.89,118.91,118.96,58600,118.96
2010-08-03,118.13,118.60,118.13,118.28,37100,118.28
2010-08-02,118.37,118.58,117.47,117.77,48800,117.77
2010-07-30,116.57,117.90,116.32,117.70,165600,117.70
2010-07-29,115.75,116.51,115.60,116.48,47600,116.48
2010-07-28,115.66,116.10,115.28,115.93,308000,115.93
2010-07-27,117.11,117.18,115.41,115.68,187000,115.68
2010-07-26,118.61,118.70,117.54,117.74,133900,117.74
2010-07-23,119.41,119.70,118.04,118.32,45800,118.32
2010-07-22,118.29,119.72,118.29,119.09,70300,119.09
2010-07-21,119.03,119.24,117.97,118.11,70000,118.11
2010-07-20,117.95,119.00,117.80,118.79,44900,118.79
2010-07-19,117.81,118.01,117.36,118.01,110800,118.01
2010-07-16,118.96,119.02,118.24,118.89,151900,118.89
2010-07-15,120.93,120.96,120.06,120.53,77600,120.53
2010-07-14,120.48,121.40,119.88,120.55,87200,120.55
2010-07-13,121.29,121.35,120.66,120.66,51300,120.66
2010-07-12,120.12,120.42,119.30,119.62,75800,119.62
2010-07-09,120.43,120.98,120.43,120.65,70900,120.65
2010-07-08,119.65,119.65,118.34,119.47,167700,119.47
2010-07-07,118.84,120.02,118.77,120.02,112200,120.02
2010-07-06,119.96,119.98,118.54,118.81,352300,118.81
2010-07-02,120.54,120.77,119.74,120.73,142300,120.73
2010-07-01,123.27,123.27,119.22,119.34,540700,119.34
2010-06-30,123.41,124.42,123.26,123.97,92100,123.97
2010-06-29,123.41,124.15,122.42,123.56,232900,123.56
2010-06-28,125.16,125.90,123.18,123.45,143100,123.45
2010-06-25,125.11,125.40,124.86,125.06,134100,125.06
2010-06-24,123.05,124.49,122.97,123.59,159900,123.59
2010-06-23,123.19,123.35,122.11,123.32,132700,123.32
2010-06-22,123.47,123.88,123.25,123.78,96100,123.78
2010-06-21,125.47,125.47,122.70,122.80,231000,122.80
2010-06-18,125.45,125.87,125.20,125.20,163400,125.20
2010-06-17,123.94,124.77,123.87,124.21,155500,124.21
2010-06-16,123.00,123.14,122.37,122.74,79100,122.74
2010-06-15,122.04,123.33,121.86,123.29,47000,123.29
2010-06-14,121.96,122.42,121.30,121.95,74900,121.95
2010-06-11,122.22,122.72,121.67,122.38,92200,122.38
2010-06-10,121.67,122.33,121.17,121.29,115400,121.29
2010-06-09,122.80,123.30,121.90,122.92,128200,122.92
2010-06-08,123.95,124.79,123.06,123.36,158900,123.36
2010-06-07,121.03,124.13,120.96,123.78,164400,123.78
2010-06-04,120.25,121.68,119.47,121.41,223200,121.41
2010-06-03,121.49,121.68,119.79,120.24,167700,120.24
2010-06-02,121.70,122.17,121.05,122.03,278000,122.03
2010-06-01,122.21,122.51,121.97,122.22,111800,122.22
2010-05-28,120.76,121.17,119.96,121.10,82000,121.10
2010-05-27,120.48,121.31,120.47,121.00,123200,121.00
2010-05-26,120.90,121.38,120.68,120.80,179500,120.80
2010-05-25,119.41,119.76,119.10,119.59,150900,119.59
2010-05-24,118.62,119.39,118.32,119.11,265200,119.11
2010-05-21,117.30,118.46,116.78,117.44,413900,117.44
2010-05-20,118.43,119.21,117.51,118.05,490000,118.05
2010-05-19,120.49,120.60,118.40,118.91,314200,118.91
2010-05-18,121.19,122.62,120.82,121.80,236700,121.80
2010-05-17,122.90,123.44,121.64,121.65,447800,121.65
2010-05-14,124.29,124.36,121.50,122.74,355600,122.74
2010-05-13,123.69,124.06,122.50,122.98,178700,122.98
2010-05-12,123.65,124.61,123.13,123.80,199600,123.80
2010-05-11,121.81,123.19,121.31,123.05,253800,123.05
2010-05-10,119.76,120.13,119.16,119.88,345900,119.88
2010-05-07,119.91,121.15,119.03,120.56,307900,120.56
2010-05-06,117.92,120.83,117.91,120.74,407900,120.74
2010-05-05,115.75,117.42,115.55,117.37,140000,117.37
2010-05-04,118.64,118.64,116.43,117.12,143100,117.12
2010-05-03,118.17,118.50,117.86,117.99,91600,117.99
2010-04-30,117.56,117.93,117.50,117.60,39500,117.60
2010-04-29,116.08,116.71,116.08,116.52,72200,116.52
2010-04-28,116.25,117.17,115.91,116.52,168600,116.52
2010-04-27,114.58,117.00,114.58,116.83,103100,116.83
2010-04-26,115.07,115.38,114.84,114.99,63300,114.99
2010-04-23,113.44,115.51,113.29,115.37,96300,115.37
2010-04-22,113.97,114.12,112.98,113.94,49200,113.94
2010-04-21,114.02,114.80,113.67,114.51,45600,114.51
2010-04-20,113.89,114.36,113.55,113.62,32400,113.62
2010-04-19,113.04,113.51,112.83,113.30,49500,113.30
2010-04-16,114.69,115.23,112.76,113.39,134600,113.39
2010-04-15,115.03,115.91,115.03,115.83,33000,115.83
2010-04-14,115.42,115.83,114.99,115.25,44100,115.25
2010-04-13,115.29,115.33,114.28,114.89,43000,114.89
2010-04-12,115.88,116.27,115.19,115.23,31900,115.23
2010-04-09,115.31,116.25,114.93,115.94,92000,115.94
2010-04-08,114.64,115.14,114.51,114.84,94900,114.84
2010-04-07,114.04,115.07,113.97,114.64,64900,114.64
2010-04-06,113.08,113.68,113.02,113.27,27400,113.27
2010-04-05,112.72,113.11,112.48,112.80,34300,112.80
2010-04-01,112.06,112.58,112.06,112.37,35000,112.37
2010-03-31,111.47,111.55,111.00,111.09,49100,111.09
2010-03-30,110.70,110.70,110.00,110.09,29800,110.09
2010-03-29,110.99,111.23,110.53,110.84,24500,110.84
2010-03-26,109.25,110.70,108.93,110.70,36600,110.70
2010-03-25,109.02,109.26,108.61,108.87,60400,108.87
2010-03-24,108.99,109.12,108.33,108.44,45100,108.44
2010-03-23,109.44,110.55,109.44,110.37,34300,110.37
2010-03-22,109.41,110.06,109.09,109.85,63600,109.85
2010-03-19,112.40,112.40,109.95,110.41,127800,110.41
2010-03-18,112.19,112.73,111.65,112.46,45400,112.46
2010-03-17,112.50,112.61,111.69,111.71,32200,111.71
2010-03-16,112.11,112.68,112.00,112.53,54400,112.53
2010-03-15,110.27,110.58,109.94,110.42,20100,110.42
2010-03-12,110.65,110.86,109.59,110.09,80300,110.09
2010-03-11,110.28,110.76,110.00,110.71,36500,110.71
2010-03-10,112.08,112.46,110.19,110.57,53900,110.57
2010-03-09,111.28,112.24,111.19,111.83,50400,111.83
2010-03-08,113.40,113.40,111.70,111.99,51500,111.99
2010-03-05,113.31,113.87,112.97,112.97,47100,112.97
2010-03-04,113.42,113.51,112.47,113.02,63100,113.02
2010-03-03,113.65,114.30,113.38,113.81,62700,113.81
2010-03-02,112.03,113.60,112.02,113.18,84400,113.18
2010-03-01,111.62,111.99,111.11,111.56,66600,111.56
2010-02-26,111.02,111.73,110.60,111.53,49700,111.53
2010-02-25,108.74,110.71,108.74,110.40,67300,110.40
2010-02-24,109.44,110.15,109.24,109.47,47400,109.47
2010-02-23,110.97,110.98,109.77,109.99,69200,109.99
2010-02-22,112.03,112.04,110.83,111.18,38200,111.18
2010-02-19,110.60,112.43,110.60,111.58,55800,111.58
2010-02-18,111.75,112.22,111.33,112.09,85900,112.09
2010-02-17,111.83,112.14,110.97,111.35,78400,111.35
2010-02-16,111.61,111.94,111.29,111.72,54900,111.72
2010-02-12,108.16,109.18,107.63,109.07,90300,109.07
2010-02-11,107.66,109.61,107.36,109.26,75200,109.26
2010-02-10,107.19,107.48,106.17,107.13,110300,107.13
2010-02-09,107.26,108.15,106.98,107.51,86200,107.51
2010-02-08,106.43,107.10,106.02,106.11,52500,106.11
2010-02-05,105.71,106.67,104.32,106.66,131000,106.66
2010-02-04,108.88,108.88,105.77,106.40,206600,106.40
2010-02-03,111.27,111.55,110.53,110.76,46100,110.76
2010-02-02,111.28,111.67,110.79,111.25,61900,111.25
2010-02-01,108.69,110.55,108.45,110.47,78700,110.47
2010-01-29,107.90,108.30,107.32,108.03,175500,108.03
2010-01-28,109.23,109.25,107.27,108.52,141900,108.52
2010-01-27,109.62,109.79,108.23,108.64,114800,108.64
2010-01-26,108.90,110.10,108.87,109.56,77200,109.56
2010-01-25,109.46,109.77,109.16,109.55,66300,109.55
2010-01-22,109.02,109.73,108.10,109.24,134200,109.24
2010-01-21,110.56,110.82,108.70,109.41,153800,109.41
2010-01-20,112.08,112.11,110.53,110.97,131200,110.97
2010-01-19,113.14,113.88,112.98,113.77,40100,113.77
2010-01-15,113.44,113.44,112.54,113.00,61900,113.00
2010-01-14,113.68,114.47,112.96,114.21,77300,114.21
2010-01-13,113.09,113.72,111.76,113.69,96300,113.69
2010-01-12,114.59,115.19,112.45,112.62,148300,112.62
2010-01-11,115.49,115.73,114.75,115.03,104700,115.03
2010-01-08,113.69,113.72,112.45,113.53,91200,113.53
2010-01-07,113.20,113.44,112.82,113.02,109400,113.02
2010-01-06,112.83,113.94,112.63,113.72,380800,113.72
2010-01-05,112.03,112.46,111.43,111.84,76200,111.84
2010-01-04,112.02,112.25,111.48,111.93,107800,111.93
2009-12-31,110.04,110.11,109.38,109.41,53000,109.41
2009-12-30,108.70,109.53,108.53,109.06,106200,109.06
2009-12-29,110.57,110.57,109.56,109.56,162600,109.56
2009-12-28,110.79,110.87,110.08,110.72,96200,110.72
2009-12-24,110.01,110.47,109.87,110.45,44400,110.45
2009-12-23,108.74,109.46,108.39,108.68,111500,108.68
2009-12-22,108.83,109.16,107.41,108.23,128700,108.23
2009-12-21,111.38,111.40,108.91,109.02,152900,109.02
2009-12-18,110.17,111.60,109.61,111.15,107100,111.15
2009-12-17,111.60,112.03,109.41,109.48,206100,109.48
2009-12-16,113.02,114.05,112.80,113.73,159100,113.73
2009-12-15,112.12,112.68,111.53,112.36,107900,112.36
2009-12-14,112.10,112.61,111.65,112.33,95900,112.33
2009-12-11,112.76,112.95,110.88,111.44,227700,111.44
2009-12-10,112.92,113.21,112.17,113.04,243200,113.04
2009-12-09,113.70,114.65,111.52,112.98,315300,112.98
2009-12-08,114.86,115.25,112.36,112.98,209500,112.98
2009-12-07,113.83,116.46,113.59,115.43,284400,115.43
2009-12-04,119.39,119.51,114.51,115.94,382500,115.94
2009-12-03,120.99,121.86,120.46,121.10,306300,121.10
2009-12-02,121.20,121.59,120.69,121.48,154700,121.48
2009-12-01,119.62,120.12,119.14,119.71,132600,119.71
2009-11-30,116.78,118.17,116.57,117.92,95200,117.92
2009-11-27,115.39,118.03,115.27,117.35,183000,117.35
2009-11-25,117.96,119.13,117.83,118.94,112100,118.94
2009-11-24,116.98,117.03,116.17,116.98,82400,116.98
2009-11-23,116.93,117.30,116.29,116.50,97700,116.50
2009-11-20,113.96,115.10,113.75,115.06,78200,115.06
2009-11-19,114.07,114.51,112.99,114.49,61500,114.49
2009-11-18,114.91,115.26,114.07,114.49,78600,114.49
2009-11-17,113.19,114.17,113.06,114.16,84400,114.16
2009-11-16,112.88,114.33,112.84,113.85,170400,113.85
2009-11-13,110.45,111.92,110.28,111.90,66300,111.90
2009-11-12,111.30,111.65,110.24,110.38,155100,110.38
2009-11-11,111.64,111.84,111.19,111.75,69600,111.75
2009-11-10,110.16,110.88,109.83,110.52,78500,110.52
2009-11-09,110.85,110.90,110.06,110.30,77600,110.30
2009-11-06,109.50,110.04,109.17,109.70,92800,109.70
2009-11-05,108.92,109.29,108.71,109.08,78700,109.08
2009-11-04,109.23,109.70,108.65,109.16,107600,109.16
2009-11-03,105.79,108.76,105.78,108.55,139500,108.55
2009-11-02,105.53,106.28,105.37,105.96,43400,105.96
2009-10-30,104.34,104.66,103.51,104.55,42300,104.55
2009-10-29,103.69,104.73,103.51,104.68,71400,104.68
2009-10-28,103.50,103.93,102.67,102.72,54000,102.72
2009-10-27,103.91,103.95,103.10,103.85,22700,103.85
2009-10-26,105.43,105.89,103.76,103.88,73700,103.88
2009-10-23,106.54,106.56,105.00,105.47,80800,105.47
2009-10-22,105.46,106.07,105.12,105.93,53800,105.93
2009-10-21,105.38,106.41,105.34,105.73,47000,105.73
2009-10-20,106.36,106.36,105.20,105.44,69700,105.44
2009-10-19,105.19,106.26,104.85,106.25,66700,106.25
2009-10-16,104.71,105.63,104.55,105.21,58800,105.21
2009-10-15,105.27,105.93,104.57,104.84,70100,104.84
2009-10-14,106.31,106.56,105.92,106.13,54600,106.13
2009-10-13,105.75,106.48,105.48,106.23,101900,106.23
2009-10-12,105.37,105.90,105.34,105.57,60400,105.57
2009-10-09,105.04,105.21,104.46,104.81,110500,104.81
2009-10-08,104.62,106.10,104.27,105.66,142300,105.66
2009-10-07,104.27,104.46,103.80,104.34,107100,104.34
2009-10-06,103.30,104.36,103.17,104.19,153900,104.19
2009-10-05,100.42,101.75,100.30,101.69,126700,101.69
2009-10-02,99.71,100.71,99.68,100.22,163600,100.22
2009-10-01,100.78,100.78,99.79,99.84,135000,99.84
2009-09-30,100.25,100.94,99.47,100.77,197900,100.77
2009-09-29,99.08,99.59,98.90,99.29,61600,99.29
2009-09-28,99.41,99.71,98.95,98.97,83500,98.97
2009-09-25,99.00,99.35,98.67,98.95,127900,98.95
2009-09-24,101.34,101.36,99.05,99.41,187600,99.41
2009-09-23,101.09,101.84,100.61,100.75,125000,100.75
2009-09-22,101.80,101.80,101.36,101.55,90700,101.55
2009-09-21,99.93,100.50,99.70,100.32,80200,100.32
2009-09-18,101.74,101.76,100.66,100.66,158700,100.66
2009-09-17,101.58,102.00,101.07,101.40,134700,101.40
2009-09-16,101.97,101.97,101.44,101.85,163200,101.85
2009-09-15,99.66,101.02,99.51,100.77,172100,100.77
2009-09-14,100.11,100.33,99.70,99.87,123800,99.87
2009-09-11,100.89,101.15,100.17,100.60,000,100.60
2009-09-10,98.95,99.85,98.78,99.59,000,99.59
2009-09-09,99.91,100.24,98.76,98.98,000,98.98
