Date,Open,High,Low,Close,Volume,Adj Close
2012-05-04,25.35,25.35,25.14,25.20,31900,25.20
2012-05-03,25.71,25.71,25.49,25.55,6700,25.55
2012-05-02,25.69,25.78,25.69,25.76,7200,25.76
2012-05-01,25.72,28.15,25.67,25.92,28100,25.92
2012-04-30,25.67,25.75,25.61,25.68,31000,25.68
2012-04-27,25.57,25.78,25.57,25.77,10700,25.77
2012-04-26,25.48,25.75,25.48,25.71,7200,25.71
2012-04-25,25.63,25.63,25.48,25.56,4800,25.56
2012-04-24,25.26,25.38,25.23,25.29,14100,25.29
2012-04-23,25.01,25.25,25.01,25.24,6100,25.24
2012-04-20,25.58,25.63,25.47,25.47,18200,25.47
2012-04-19,25.65,25.65,25.36,25.47,6900,25.47
2012-04-18,25.59,25.64,25.57,25.61,8200,25.61
2012-04-17,25.61,25.73,25.51,25.68,6000,25.68
2012-04-16,25.24,25.43,25.24,25.34,8100,25.34
2012-04-13,25.39,25.53,25.27,25.31,5400,25.31
2012-04-12,25.30,25.60,25.23,25.60,9300,25.60
2012-04-11,25.26,25.30,25.18,25.20,24100,25.20
2012-04-10,25.43,25.43,25.00,25.02,13000,25.02
2012-04-09,25.39,25.49,25.29,25.44,6500,25.44
2012-04-05,25.68,25.78,25.67,25.73,8600,25.73
2012-04-04,25.89,25.94,25.72,25.84,23900,25.84
2012-04-03,26.27,26.30,26.00,26.15,19000,26.05
2012-04-02,26.07,26.37,26.07,26.30,5400,26.20
2012-03-30,26.13,26.17,26.03,26.13,42600,26.03
2012-03-29,25.91,26.03,25.81,26.02,13000,25.92
2012-03-28,26.23,26.23,25.95,26.06,7000,25.96
2012-03-27,26.39,26.39,26.24,26.24,7000,26.14
2012-03-26,26.20,26.35,26.20,26.35,15500,26.25
2012-03-23,25.86,26.02,25.86,25.99,11400,25.89
2012-03-22,26.00,26.03,25.83,25.89,36900,25.79
2012-03-21,26.21,26.22,26.11,26.11,11000,26.01
2012-03-20,26.14,26.23,26.06,26.15,14300,26.05
2012-03-19,26.16,26.36,26.16,26.26,11700,26.16
2012-03-16,26.27,26.27,26.18,26.23,12900,26.13
2012-03-15,26.06,26.16,25.99,26.13,5600,26.03
2012-03-14,26.02,26.10,25.93,26.01,8600,25.91
2012-03-13,25.72,26.04,25.68,26.04,38600,25.94
2012-03-12,25.59,25.62,25.54,25.60,33400,25.50
2012-03-09,25.53,25.69,25.53,25.63,7500,25.53
2012-03-08,25.34,25.55,25.34,25.49,26400,25.39
2012-03-07,25.09,25.24,25.07,25.21,4600,25.11
2012-03-06,25.13,25.13,24.93,25.00,19300,24.90
2012-03-05,25.40,25.46,25.35,25.40,24600,25.30
2012-03-02,25.58,25.58,25.50,25.54,3800,25.44
2012-03-01,25.58,25.65,25.51,25.60,26000,25.50
2012-02-29,25.56,25.67,25.41,25.45,11300,25.35
2012-02-28,25.48,25.58,25.46,25.58,8200,25.48
2012-02-27,25.25,25.54,25.25,25.47,7900,25.37
2012-02-24,25.47,25.49,25.37,25.41,18000,25.31
2012-02-23,25.30,25.41,25.20,25.41,16600,25.31
2012-02-22,25.40,25.41,25.25,25.28,11300,25.18
2012-02-21,25.44,25.55,25.34,25.43,15000,25.33
2012-02-17,25.42,25.48,25.36,25.46,9700,25.36
2012-02-16,25.03,25.36,25.00,25.32,59600,25.22
2012-02-15,25.24,25.26,25.01,25.01,28400,24.91
2012-02-14,25.09,25.19,25.03,25.19,19300,25.09
2012-02-13,25.15,25.23,25.12,25.16,12800,25.06
2012-02-10,25.02,25.07,24.91,25.05,28700,24.95
2012-02-09,25.26,25.26,25.13,25.26,22900,25.16
2012-02-08,25.13,25.23,25.09,25.20,45800,25.10
2012-02-07,25.00,25.20,24.95,25.13,358100,25.03
2012-02-06,24.95,25.09,24.95,25.07,93200,24.97
2012-02-03,24.95,25.11,24.95,25.09,20700,24.99
2012-02-02,24.71,24.79,24.67,24.75,31400,24.66
2012-02-01,24.59,24.84,24.59,24.73,53300,24.64
2012-01-31,24.45,24.45,24.29,24.40,9600,24.31
2012-01-30,24.27,24.43,24.20,24.43,43700,24.34
2012-01-27,24.44,24.60,24.44,24.53,24700,24.44
2012-01-26,24.83,24.84,24.50,24.51,12500,24.42
2012-01-25,24.46,24.74,24.41,24.71,8100,24.62
2012-01-24,24.42,24.56,24.42,24.54,28300,24.45
2012-01-23,24.68,24.70,24.49,24.59,37000,24.50
2012-01-20,24.47,24.56,24.37,24.56,4500,24.47
2012-01-19,24.42,24.52,24.38,24.48,13800,24.39
2012-01-18,24.10,24.37,24.10,24.34,9000,24.25
2012-01-17,24.23,24.23,23.99,23.99,7700,23.90
2012-01-13,23.92,23.98,23.79,23.98,8100,23.89
2012-01-12,24.07,24.12,23.94,24.12,5400,24.03
2012-01-11,23.93,24.05,23.89,24.05,5100,23.96
2012-01-10,24.00,24.07,23.96,23.97,25600,23.88
2012-01-09,23.78,23.78,23.62,23.75,19900,23.66
2012-01-06,23.77,23.82,23.62,23.69,5400,23.60
2012-01-05,23.52,23.73,23.37,23.70,14700,23.61
2012-01-04,23.58,23.68,23.51,23.65,7100,23.56
2012-01-03,23.70,23.78,23.65,23.65,11500,23.56
2011-12-30,23.30,23.33,23.27,23.27,4200,23.18
2011-12-29,23.16,23.33,23.15,23.32,19100,23.23
2011-12-28,23.33,23.33,23.07,23.07,20900,22.98
2011-12-27,23.54,23.63,23.52,23.52,16500,23.32
2011-12-23,23.42,23.54,23.42,23.54,9900,23.34
2011-12-22,23.29,23.40,23.21,23.36,28300,23.16
2011-12-21,23.00,23.14,22.87,23.07,14100,22.87
2011-12-20,22.72,23.06,22.71,23.02,22700,22.82
2011-12-19,22.65,22.65,22.29,22.30,6000,22.11
2011-12-16,22.79,22.96,22.59,22.68,34100,22.48
2011-12-15,22.80,22.80,22.57,22.60,16100,22.40
2011-12-14,22.63,22.64,22.47,22.50,6800,22.31
2011-12-13,23.20,23.24,22.68,22.68,13500,22.48
2011-12-12,23.19,23.19,22.84,23.00,15800,22.80
2011-12-09,23.00,23.42,23.00,23.41,38000,23.21
2011-12-08,23.38,23.38,22.93,22.96,7600,22.76
2011-12-07,23.44,23.66,23.25,23.60,94900,23.40
2011-12-06,23.44,23.60,23.39,23.52,25800,23.32
2011-12-05,23.63,23.65,23.34,23.49,26300,23.29
2011-12-02,23.38,23.54,23.25,23.25,8400,23.05
2011-12-01,23.27,23.27,23.09,23.18,22600,22.98
2011-11-30,22.89,23.22,22.83,23.17,23900,22.97
2011-11-29,22.20,22.37,22.16,22.26,16800,22.07
2011-11-28,22.12,22.24,22.00,22.06,45800,21.87
2011-11-25,21.77,21.81,21.53,21.53,7100,21.34
2011-11-23,21.87,21.89,21.58,21.58,19000,21.39
2011-11-22,22.17,22.22,21.95,22.04,34700,21.85
2011-11-21,22.19,22.22,21.95,22.22,21100,22.03
2011-11-18,22.61,22.69,22.51,22.59,14900,22.39
2011-11-17,22.90,22.96,22.45,22.50,17900,22.31
2011-11-16,23.19,23.40,22.98,22.98,7700,22.78
2011-11-15,23.34,23.49,23.20,23.41,17500,23.21
2011-11-14,23.49,23.49,23.26,23.33,10800,23.13
2011-11-11,23.53,23.73,23.53,23.57,11300,23.37
2011-11-10,23.19,23.24,22.92,23.12,13900,22.92
2011-11-09,23.28,23.30,22.92,22.94,13800,22.74
2011-11-08,23.63,23.84,23.42,23.84,4400,23.63
2011-11-07,23.37,23.49,23.19,23.49,12900,23.29
2011-11-04,23.21,23.39,23.21,23.36,14200,23.16
2011-11-03,23.31,23.51,23.01,23.51,8700,23.31
2011-11-02,23.03,23.17,22.93,23.10,13700,22.90
2011-11-01,22.77,22.98,22.49,22.67,20800,22.47
2011-10-31,23.80,23.80,23.39,23.39,17200,23.19
2011-10-28,23.97,24.07,23.96,24.04,5700,23.83
2011-10-27,24.03,24.25,23.63,24.05,70100,23.84
2011-10-26,23.13,23.33,22.82,23.23,29400,23.03
2011-10-25,23.28,23.28,22.88,22.92,38100,22.72
2011-10-24,23.16,23.39,23.15,23.35,51000,23.15
2011-10-21,22.89,23.09,22.78,23.07,23800,22.87
2011-10-20,22.53,22.62,22.30,22.60,12400,22.40
2011-10-19,22.62,22.84,22.45,22.46,24700,22.27
2011-10-18,22.18,22.68,22.05,22.68,8700,22.48
2011-10-17,22.37,22.39,22.21,22.27,4200,22.08
2011-10-14,22.57,22.64,22.36,22.64,30900,22.44
2011-10-13,22.22,22.35,22.02,22.22,8200,22.03
2011-10-12,22.35,22.63,22.30,22.41,144700,22.22
2011-10-11,21.92,22.15,21.86,22.07,15200,21.88
2011-10-10,21.73,22.07,21.73,22.07,12700,21.88
2011-10-07,21.51,21.63,21.23,21.50,22300,21.31
2011-10-06,21.23,21.54,21.20,21.54,17000,21.35
2011-10-05,20.71,21.15,20.53,21.09,27400,20.91
2011-10-04,19.83,20.65,19.72,20.65,54600,20.47
2011-10-03,20.86,21.00,20.00,20.22,38700,19.94
2011-09-30,21.11,21.32,21.07,21.10,17900,20.81
2011-09-29,21.56,21.72,21.11,21.44,19200,21.15
2011-09-28,21.86,21.90,21.26,21.29,26300,21.00
2011-09-27,21.96,22.17,21.73,21.74,20700,21.44
2011-09-26,20.89,21.48,20.89,21.48,103200,21.19
2011-09-23,20.75,21.08,20.75,20.92,15400,20.63
2011-09-22,20.95,21.03,20.61,20.87,63700,20.59
2011-09-21,22.18,22.21,21.62,21.62,20500,21.32
2011-09-20,22.41,22.58,22.18,22.18,43800,21.88
2011-09-19,22.17,22.37,22.00,22.29,15900,21.99
2011-09-16,22.57,22.58,22.32,22.50,5100,22.19
2011-09-15,22.21,22.38,22.03,22.34,19000,22.03
2011-09-14,21.75,22.23,21.60,22.02,11100,21.72
2011-09-13,21.64,21.79,21.53,21.71,20000,21.41
2011-09-12,21.07,21.53,21.07,21.53,183700,21.24
2011-09-09,21.42,21.46,21.31,21.43,11800,21.14
2011-09-08,22.17,22.22,21.96,22.01,12100,21.71
2011-09-07,21.85,22.21,21.82,22.19,14600,21.89
2011-09-06,20.47,21.62,20.47,21.58,76100,21.29
2011-09-02,21.87,22.01,21.74,21.76,542200,21.46
2011-09-01,22.55,22.70,22.35,22.40,15600,22.09
2011-08-31,22.79,22.85,20.53,22.63,51400,22.32
2011-08-30,22.38,22.63,22.22,22.54,10100,22.23
2011-08-29,22.13,22.47,22.13,22.47,21500,22.16
2011-08-26,21.39,21.90,21.11,21.82,23300,21.52
2011-08-25,21.96,21.99,21.45,21.48,40200,21.19
2011-08-24,21.45,21.86,21.45,21.86,36900,21.56
2011-08-23,21.08,21.53,21.08,21.51,28500,21.22
2011-08-22,21.35,21.35,20.87,20.87,23400,20.59
2011-08-19,20.97,21.40,20.90,20.90,38400,20.61
2011-08-18,21.57,21.57,21.07,21.24,14400,20.95
2011-08-17,22.40,22.41,22.01,22.16,15200,21.86
2011-08-16,22.13,22.27,22.01,22.13,37600,21.83
2011-08-15,22.08,22.30,21.94,22.30,32600,22.00
2011-08-12,21.90,22.07,21.70,21.82,112400,21.52
2011-08-11,20.90,21.92,20.79,21.64,90300,21.34
2011-08-10,21.25,21.44,20.81,20.81,35800,20.53
2011-08-09,20.95,21.67,20.15,21.67,35800,21.37
2011-08-08,21.55,21.83,20.62,20.62,89100,20.34
2011-08-05,22.45,22.51,21.57,22.21,140000,21.91
2011-08-04,22.97,22.97,22.17,22.17,84200,21.87
2011-08-03,23.19,23.36,22.81,23.30,103500,22.98
2011-08-02,23.82,23.85,23.25,23.26,61200,22.94
2011-08-01,23.96,23.97,23.69,23.90,66000,23.57
2011-07-29,23.95,24.23,23.83,24.07,20400,23.74
2011-07-28,24.30,24.53,24.23,24.23,36400,23.90
2011-07-27,24.67,24.69,24.28,24.31,22500,23.98
2011-07-26,24.91,24.93,24.78,24.82,12900,24.48
2011-07-25,24.91,25.08,24.88,25.01,15900,24.67
2011-07-22,25.08,25.18,25.00,25.11,10400,24.77
2011-07-21,24.90,25.19,24.90,25.15,18500,24.81
2011-07-20,24.82,24.90,24.76,24.80,11400,24.46
2011-07-19,24.63,24.82,24.58,24.75,29500,24.41
2011-07-18,24.54,24.54,24.31,24.45,22900,24.12
2011-07-15,24.71,24.72,24.56,24.72,8500,24.38
2011-07-14,24.90,24.93,24.62,24.66,13400,24.32
2011-07-13,24.90,25.05,24.77,24.80,20400,24.46
2011-07-12,24.79,24.91,24.79,24.87,17500,24.53
2011-07-11,25.01,25.08,24.73,24.77,11000,24.43
2011-07-08,25.15,25.25,25.06,25.23,16000,24.89
2011-07-07,25.41,25.55,25.36,25.42,35600,25.07
2011-07-06,25.08,25.20,25.06,25.13,54600,24.79
2011-07-05,25.13,25.21,25.10,25.18,94700,24.84
2011-07-01,25.00,25.37,25.00,25.33,42700,24.89
2011-06-30,24.89,25.03,24.89,25.00,24600,24.56
2011-06-29,24.77,24.79,24.61,24.74,17500,24.31
2011-06-28,24.37,24.59,24.37,24.59,48600,24.16
2011-06-27,24.05,24.35,24.05,24.25,19500,23.83
2011-06-24,24.34,24.34,24.04,24.11,9800,23.69
2011-06-23,24.14,24.46,23.99,24.41,19400,23.98
2011-06-22,24.55,24.68,24.48,24.48,12100,24.05
2011-06-21,24.48,24.67,24.48,24.62,28800,24.19
2011-06-20,24.10,24.33,24.09,24.31,31000,23.88
2011-06-17,24.21,24.31,24.05,24.14,102200,23.72
2011-06-16,23.95,24.14,23.87,24.02,24200,23.60
2011-06-15,24.13,24.24,23.89,23.98,43400,23.56
2011-06-14,24.31,24.46,24.29,24.39,64600,23.96
2011-06-13,24.09,24.20,24.00,24.06,17900,23.64
2011-06-10,24.30,24.30,24.00,24.08,20600,23.66
2011-06-09,24.21,24.47,24.21,24.38,97100,23.95
2011-06-08,24.19,24.30,24.14,24.16,12400,23.74
2011-06-07,24.40,24.47,24.23,24.23,29000,23.81
2011-06-06,24.39,24.49,24.22,24.22,123000,23.80
2011-06-03,24.50,24.72,24.47,24.52,532800,24.09
2011-06-02,24.77,24.85,24.64,24.77,65200,24.34
2011-06-01,25.35,25.35,24.84,24.85,75000,24.41
2011-05-31,25.41,25.48,25.28,25.48,23500,25.03
2011-05-27,25.20,25.27,25.16,25.24,15200,24.80
2011-05-26,24.92,25.16,24.85,25.12,13000,24.68
2011-05-25,24.91,25.07,24.74,25.04,39900,24.60
2011-05-24,25.11,25.11,24.92,24.98,21200,24.54
2011-05-23,24.98,25.06,24.89,25.02,10600,24.58
2011-05-20,25.42,25.45,25.27,25.27,22100,24.83
2011-05-19,25.57,25.57,25.36,25.52,23900,25.07
2011-05-18,25.25,25.46,25.22,25.45,27300,25.00
2011-05-17,25.20,25.26,25.10,25.23,32100,24.79
2011-05-16,25.40,25.49,25.26,25.29,44400,24.85
2011-05-13,25.57,25.57,25.33,25.42,33700,24.97
2011-05-12,25.31,25.62,25.31,25.56,105000,25.11
2011-05-11,25.56,25.70,25.32,25.41,169700,24.97
2011-05-10,25.56,25.78,25.56,25.75,122700,25.30
2011-05-09,25.42,25.55,25.37,25.49,301000,25.04
2011-05-06,25.49,25.62,25.29,25.39,28900,24.95
2011-05-05,25.29,25.48,25.11,25.22,21600,24.78
2011-05-04,25.59,25.59,25.36,25.46,101000,25.01
2011-05-03,25.68,25.73,25.56,25.65,11000,25.20
2011-05-02,25.86,25.92,25.70,25.75,32000,25.30
2011-04-29,25.70,25.82,25.70,25.82,12000,25.37
2011-04-28,25.63,25.76,25.61,25.75,27300,25.30
2011-04-27,25.54,25.71,25.45,25.70,21800,25.25
2011-04-26,25.34,25.53,25.34,25.49,9700,25.04
2011-04-25,25.21,25.29,25.20,25.27,14700,24.83
2011-04-21,25.22,25.34,25.22,25.34,25800,24.90
2011-04-20,25.16,25.23,25.13,25.14,12600,24.70
2011-04-19,24.75,24.84,24.70,24.83,29100,24.40
2011-04-18,24.67,24.76,24.55,24.71,64900,24.28
2011-04-15,24.98,25.03,24.92,25.00,11600,24.56
2011-04-14,24.74,24.92,24.71,24.88,33900,24.44
2011-04-13,24.92,24.96,24.78,24.89,17200,24.45
2011-04-12,24.90,24.95,24.78,24.90,16300,24.46
2011-04-11,25.16,25.21,24.98,25.04,37700,24.60
2011-04-08,25.34,25.34,25.06,25.11,24100,24.67
2011-04-07,25.26,25.34,25.19,25.25,15800,24.81
2011-04-06,25.34,25.35,25.23,25.30,111700,24.86
2011-04-05,25.26,25.32,25.22,25.25,43900,24.81
2011-04-04,25.21,25.25,25.13,25.21,36400,24.77
2011-04-01,25.28,25.38,25.23,25.29,22000,24.73
2011-03-31,25.17,25.23,25.14,25.14,22300,24.59
2011-03-30,25.19,25.30,25.17,25.22,16700,24.67
2011-03-29,24.82,25.05,24.82,25.04,40200,24.49
2011-03-28,25.05,25.07,24.86,24.86,61800,24.31
2011-03-25,24.92,25.06,24.91,24.99,30200,24.44
2011-03-24,24.81,24.91,24.69,24.88,93700,24.33
2011-03-23,24.49,24.70,24.41,24.65,17200,24.11
2011-03-22,24.69,24.69,24.56,24.61,18000,24.07
2011-03-21,24.60,24.71,24.60,24.64,34600,24.10
2011-03-18,24.52,24.57,24.29,24.35,60800,23.81
2011-03-17,24.26,24.32,24.10,24.19,16800,23.66
2011-03-16,24.28,24.31,23.85,23.92,207800,23.39
2011-03-15,23.95,24.50,23.87,24.37,88200,23.83
2011-03-14,24.63,24.69,24.42,24.63,21400,24.09
2011-03-11,24.46,24.85,24.46,24.79,30900,24.25
2011-03-10,24.72,24.82,24.58,24.58,21700,24.04
2011-03-09,24.90,25.06,24.87,25.06,21500,24.51
2011-03-08,24.80,25.05,24.74,25.01,27200,24.46
2011-03-07,25.08,25.08,24.67,24.77,26300,24.23
2011-03-04,25.16,25.16,24.82,24.98,19900,24.43
2011-03-03,24.97,25.18,24.97,25.15,94700,24.60
2011-03-02,24.65,24.82,24.65,24.75,17300,24.21
2011-03-01,25.16,25.16,24.68,24.69,46000,24.15
2011-02-28,25.00,25.13,24.96,25.10,28400,24.55
2011-02-25,24.76,24.95,24.76,24.95,30800,24.40
2011-02-24,24.70,24.79,24.51,24.69,32600,24.15
2011-02-23,24.91,24.96,24.65,24.75,101600,24.21
2011-02-22,25.24,25.29,24.86,24.96,308700,24.41
2011-02-18,25.47,25.51,25.39,25.51,32800,24.95
2011-02-17,25.27,25.45,25.17,25.44,101000,24.88
2011-02-16,25.18,25.33,25.18,25.32,25500,24.76
2011-02-15,25.11,25.20,25.06,25.15,69400,24.60
2011-02-14,25.12,25.24,25.07,25.23,57200,24.68
2011-02-11,24.90,25.23,24.90,25.16,65300,24.61
2011-02-10,24.86,25.04,24.85,24.96,40500,24.41
2011-02-09,25.02,25.08,24.90,24.98,60100,24.43
2011-02-08,25.06,25.08,24.91,25.08,30300,24.53
2011-02-07,24.94,25.00,24.89,24.95,154900,24.40
2011-02-04,24.85,24.85,24.64,24.80,93800,24.25
2011-02-03,24.59,24.77,24.45,24.76,111700,24.22
2011-02-02,24.69,24.70,24.59,24.62,48200,24.08
2011-02-01,24.51,24.74,24.48,24.69,74900,24.15
2011-01-31,24.20,24.33,24.17,24.31,28100,23.78
2011-01-28,24.70,24.70,24.13,24.18,86700,23.65
2011-01-27,24.53,24.66,24.50,24.60,145000,24.06
2011-01-26,24.42,24.57,24.40,24.50,30100,23.96
2011-01-25,24.34,24.42,24.22,24.42,49900,23.88
2011-01-24,24.25,24.39,24.23,24.35,74000,23.81
2011-01-21,24.38,24.38,24.26,24.28,95500,23.75
2011-01-20,24.05,24.22,23.99,24.15,15300,23.62
2011-01-19,24.44,24.44,24.10,24.17,28000,23.64
2011-01-18,24.41,24.44,24.35,24.44,48800,23.90
2011-01-14,24.19,24.37,24.19,24.36,15600,23.82
2011-01-13,24.23,24.27,24.17,24.22,8800,23.69
2011-01-12,24.21,24.27,24.15,24.25,17000,23.72
2011-01-11,24.03,24.08,23.98,24.04,20900,23.51
2011-01-10,23.97,23.97,23.81,23.95,40000,23.42
2011-01-07,24.01,24.06,23.84,23.98,22600,23.45
2011-01-06,23.96,24.08,23.90,24.01,41700,23.48
2011-01-05,23.77,24.07,23.77,24.05,24300,23.52
2011-01-04,23.98,23.98,23.75,23.90,71200,23.37
2011-01-03,23.84,24.01,23.84,23.94,55500,23.41
2010-12-31,23.56,23.66,23.56,23.64,13200,23.12
2010-12-30,23.61,23.69,23.60,23.66,17100,23.14
2010-12-29,23.67,23.72,23.64,23.64,25900,23.12
2010-12-28,23.70,23.75,23.66,23.69,41400,23.08
2010-12-27,23.56,23.70,23.55,23.68,10900,23.07
2010-12-23,23.67,23.69,23.61,23.69,42200,23.08
2010-12-22,23.65,23.71,23.61,23.71,56500,23.10
2010-12-21,23.52,23.61,23.49,23.60,24400,22.99
2010-12-20,23.40,23.47,23.32,23.40,5600,22.80
2010-12-17,23.32,23.40,23.29,23.39,8500,22.79
2010-12-16,23.20,23.34,23.15,23.33,11000,22.73
2010-12-15,23.24,23.31,23.15,23.17,32200,22.57
2010-12-14,23.26,23.38,23.25,23.28,30100,22.68
2010-12-13,23.41,23.41,23.26,23.27,18400,22.67
2010-12-10,23.20,23.31,23.16,23.26,21900,22.66
2010-12-09,23.12,23.15,23.03,23.11,18000,22.52
2010-12-08,22.93,23.01,22.87,23.00,52500,22.41
2010-12-07,23.14,23.14,22.93,22.93,16300,22.34
2010-12-06,22.85,22.96,22.85,22.90,10100,22.31
2010-12-03,22.81,22.99,22.79,22.96,122400,22.37
2010-12-02,22.67,22.92,22.67,22.92,27000,22.33
2010-12-01,22.48,22.63,22.48,22.58,47500,22.00
2010-11-30,22.05,22.22,22.05,22.12,42800,21.55
2010-11-29,22.09,22.26,21.97,22.23,32500,21.66
2010-11-26,22.22,22.31,22.19,22.25,23700,21.68
2010-11-24,22.21,22.39,22.21,22.39,39100,21.81
2010-11-23,22.17,22.18,22.03,22.09,17500,21.52
2010-11-22,22.35,22.41,22.17,22.40,59600,21.82
2010-11-19,22.29,22.42,22.21,22.42,39300,21.84
2010-11-18,22.27,22.43,22.21,22.35,29800,21.78
2010-11-17,22.05,22.10,21.98,22.05,27200,21.48
2010-11-16,22.21,22.27,21.94,22.04,19900,21.47
2010-11-15,22.44,22.53,22.36,22.36,50600,21.79
2010-11-12,22.49,22.50,22.27,22.35,5700,21.78
2010-11-11,22.56,22.66,22.47,22.63,19000,22.05
2010-11-10,22.61,22.70,22.44,22.70,13500,22.12
2010-11-09,22.81,22.84,22.54,22.60,30200,22.02
2010-11-08,22.78,22.82,22.67,22.79,24100,22.20
2010-11-05,22.79,22.88,22.73,22.84,57300,22.25
2010-11-04,22.53,22.75,22.52,22.75,26600,22.17
2010-11-03,22.16,22.28,22.08,22.22,8300,21.65
2010-11-02,22.19,22.21,22.10,22.18,41000,21.61
2010-11-01,22.08,22.22,21.89,22.01,47900,21.44
2010-10-29,21.96,22.04,21.95,22.03,23400,21.46
2010-10-28,22.22,22.22,21.92,22.05,120200,21.48
2010-10-27,21.98,22.03,21.83,22.03,19000,21.46
2010-10-26,21.94,22.11,21.94,22.09,20700,21.52
2010-10-25,22.23,22.24,22.07,22.07,30800,21.50
2010-10-22,22.02,22.03,21.96,22.01,50800,21.44
2010-10-21,22.00,22.15,21.85,21.95,47800,21.39
2010-10-20,21.73,22.00,21.73,21.93,91700,21.37
2010-10-19,21.84,21.93,21.58,21.71,29000,21.15
2010-10-18,21.95,22.10,21.95,22.09,15100,21.52
2010-10-15,22.11,22.11,21.83,21.90,60200,21.34
2010-10-14,22.04,22.04,21.87,21.93,24700,21.37
2010-10-13,22.00,22.17,22.00,22.02,41900,21.45
2010-10-12,21.77,21.92,21.66,21.86,86500,21.30
2010-10-11,21.93,21.93,21.76,21.84,120700,21.28
2010-10-08,21.68,21.84,21.65,21.77,766500,21.21
2010-10-07,21.76,21.76,21.55,21.67,72700,21.11
2010-10-06,21.66,21.72,21.60,21.68,77200,21.12
2010-10-05,21.43,21.73,21.43,21.70,15300,21.14
2010-10-04,21.37,21.37,21.15,21.23,40800,20.68
2010-10-01,21.54,21.55,21.36,21.50,46200,20.86
2010-09-30,21.56,21.58,21.31,21.38,40700,20.74
2010-09-29,21.39,21.52,21.38,21.38,15300,20.74
2010-09-28,21.28,21.52,21.19,21.48,54800,20.84
2010-09-27,21.47,21.48,21.32,21.32,28200,20.69
2010-09-24,21.22,21.48,21.22,21.43,59200,20.79
2010-09-23,21.01,21.22,20.99,21.00,37100,20.38
2010-09-22,21.26,21.36,21.13,21.17,36900,20.54
2010-09-21,21.33,21.45,21.25,21.31,33400,20.68
2010-09-20,21.04,21.37,21.03,21.32,31900,20.69
2010-09-17,21.13,21.13,20.98,21.02,52600,20.40
2010-09-16,20.97,21.04,20.92,20.99,102700,20.37
2010-09-15,20.82,21.04,20.82,21.04,42900,20.41
2010-09-14,20.90,21.05,20.89,21.02,18600,20.40
2010-09-13,20.97,21.00,20.85,20.95,34300,20.33
2010-09-10,20.67,20.75,20.64,20.73,167500,20.11
2010-09-09,20.79,20.79,20.59,20.61,65200,20.00
2010-09-08,20.50,20.58,20.47,20.50,69200,19.89
2010-09-07,20.52,20.53,20.38,20.40,45300,19.79
2010-09-03,20.61,20.66,20.49,20.63,36900,20.02
2010-09-02,20.24,20.39,20.24,20.39,89700,19.78
2010-09-01,19.89,20.18,19.89,20.17,28900,19.57
2010-08-31,19.54,19.67,19.48,19.56,16600,18.98
2010-08-30,19.80,19.80,19.58,19.59,42300,19.01
2010-08-27,19.71,19.91,19.41,19.87,24400,19.28
2010-08-26,19.83,19.83,19.56,19.56,78800,18.98
2010-08-25,19.50,19.78,19.45,19.73,59500,19.14
2010-08-24,19.68,19.75,19.58,19.68,220800,19.10
2010-08-23,20.19,20.20,19.93,19.95,24000,19.36
2010-08-20,20.01,20.04,19.90,20.03,89500,19.43
2010-08-19,20.39,20.39,20.05,20.11,32700,19.51
2010-08-18,20.36,20.57,20.35,20.52,15600,19.91
2010-08-17,20.37,20.57,20.32,20.44,9400,19.83
2010-08-16,20.07,20.23,19.99,20.19,14900,19.59
2010-08-13,20.23,20.31,20.20,20.20,11900,19.60
2010-08-12,20.03,20.32,20.03,20.30,17600,19.70
2010-08-11,20.71,20.71,20.36,20.38,41200,19.77
2010-08-10,21.00,21.08,20.86,20.99,81300,20.37
2010-08-09,21.15,21.17,21.02,21.15,43700,20.52
2010-08-06,21.02,21.06,20.81,21.03,29100,20.40
2010-08-05,20.97,21.11,20.97,21.07,15700,20.44
2010-08-04,21.02,21.13,20.97,21.11,15200,20.48
2010-08-03,21.02,21.08,20.90,20.98,17300,20.36
2010-08-02,20.92,21.12,20.91,21.09,57700,20.46
2010-07-30,20.43,20.72,20.39,20.68,41600,20.07
2010-07-29,20.83,20.89,20.46,20.65,11800,20.04
2010-07-28,20.77,20.80,20.64,20.68,32000,20.07
2010-07-27,21.07,21.07,20.82,20.84,51500,20.22
2010-07-26,20.69,20.90,20.68,20.90,25900,20.28
2010-07-23,20.33,20.65,20.33,20.62,14300,20.01
2010-07-22,20.28,20.50,20.28,20.43,44000,19.82
2010-07-21,20.27,20.31,19.97,20.04,24400,19.44
2010-07-20,19.75,20.31,19.75,20.31,58400,19.71
2010-07-19,20.03,20.07,19.86,20.01,11200,19.42
2010-07-16,20.42,20.42,19.91,19.92,42100,19.33
2010-07-15,20.50,20.58,20.29,20.52,98500,19.91
2010-07-14,20.47,20.57,20.34,20.52,48700,19.91
2010-07-13,20.34,20.60,20.34,20.55,25400,19.94
2010-07-12,20.14,20.22,20.08,20.18,13100,19.58
2010-07-09,20.02,20.18,19.99,20.18,26000,19.58
2010-07-08,20.08,20.08,19.81,20.00,51200,19.41
2010-07-07,19.28,19.83,19.28,19.81,131900,19.22
2010-07-06,19.37,19.49,19.07,19.20,86200,18.63
2010-07-02,19.36,19.36,19.07,19.18,53800,18.61
2010-07-01,19.22,19.36,19.02,19.32,46100,18.68
2010-06-30,19.69,19.75,19.35,19.35,29000,18.71
2010-06-29,20.01,20.01,19.50,19.57,127500,18.92
2010-06-28,20.40,20.40,20.24,20.25,10400,19.58
2010-06-25,20.34,20.41,20.11,20.34,85500,19.66
2010-06-24,20.54,20.54,20.21,20.26,38800,19.59
2010-06-23,20.75,20.75,20.50,20.63,44400,19.94
2010-06-22,21.11,21.11,20.68,20.68,67200,19.99
2010-06-21,21.35,21.38,20.97,21.05,49100,20.35
2010-06-18,21.21,21.21,21.11,21.15,14000,20.45
2010-06-17,21.19,21.19,20.97,21.15,13300,20.45
2010-06-16,21.07,21.19,20.99,21.11,28900,20.41
2010-06-15,20.85,21.18,20.83,21.18,46400,20.48
2010-06-14,20.88,20.99,20.68,20.71,111600,20.02
2010-06-11,20.46,20.71,20.46,20.71,23600,20.02
2010-06-10,20.45,20.63,20.38,20.61,29300,19.92
2010-06-09,20.29,20.43,19.99,20.04,20400,19.37
2010-06-08,20.04,20.12,19.83,20.12,17200,19.45
2010-06-07,20.25,20.27,19.89,19.89,521700,19.23
2010-06-04,20.58,20.59,20.16,20.20,161800,19.53
2010-06-03,20.94,21.04,20.77,20.97,58200,20.27
2010-06-02,20.44,20.87,20.43,20.87,8100,20.18
2010-06-01,20.54,20.84,20.35,20.35,82100,19.67
2010-05-28,21.01,21.01,20.73,20.89,421500,20.20
2010-05-27,20.72,21.00,20.62,21.00,23200,20.30
2010-05-26,20.60,20.68,20.23,20.28,105300,19.61
2010-05-25,19.80,20.38,19.68,20.36,83800,19.68
2010-05-24,20.52,20.67,20.37,20.37,116400,19.69
2010-05-21,19.97,20.66,19.91,20.64,149200,19.95
2010-05-20,20.75,20.76,20.32,20.38,169400,19.70
2010-05-19,21.21,21.28,20.95,21.20,34900,20.50
2010-05-18,21.80,21.81,21.26,21.32,65300,20.61
2010-05-17,21.61,21.63,21.23,21.56,51800,20.84
2010-05-14,21.84,21.84,21.39,21.58,40000,20.86
2010-05-13,22.18,22.30,21.97,21.97,393200,21.24
2010-05-12,22.02,22.24,21.98,22.24,38800,21.50
2010-05-11,21.79,22.19,21.79,21.91,34900,21.18
2010-05-10,21.96,22.07,21.72,21.94,130800,21.21
2010-05-07,21.27,21.53,20.67,21.06,59800,20.36
2010-05-06,22.03,22.12,10.00,21.39,319100,20.68
2010-05-05,22.14,22.23,21.81,22.11,79700,21.38
2010-05-04,22.51,22.51,22.16,22.25,67500,21.51
2010-05-03,22.66,22.80,22.57,22.77,6200,22.01
2010-04-30,22.94,22.95,22.50,22.50,454100,21.75
2010-04-29,22.78,22.95,22.75,22.90,90400,22.14
2010-04-28,22.55,22.66,22.48,22.59,34700,21.84
2010-04-27,22.89,22.99,22.42,22.42,65400,21.67
2010-04-26,23.14,23.23,23.05,23.06,99500,22.29
2010-04-23,22.98,23.14,22.92,23.14,51400,22.37
2010-04-22,22.69,22.99,22.62,22.98,34100,22.22
2010-04-21,22.95,22.95,22.71,22.85,39400,22.09
2010-04-20,22.78,22.88,22.73,22.87,86800,22.11
2010-04-19,22.48,22.63,22.38,22.63,35800,21.88
2010-04-16,22.82,22.85,22.45,22.55,32100,21.80
2010-04-15,22.82,22.94,22.82,22.88,20800,22.12
2010-04-14,22.69,22.88,22.66,22.88,52200,22.12
2010-04-13,22.60,22.62,22.50,22.62,29600,21.87
2010-04-12,22.62,22.66,22.57,22.62,51100,21.87
2010-04-09,22.47,22.56,22.44,22.56,22300,21.81
2010-04-08,22.29,22.48,22.20,22.44,35200,21.69
2010-04-07,22.46,22.47,22.28,22.31,37000,21.57
2010-04-06,22.34,22.50,22.34,22.45,51300,21.70
2010-04-05,22.27,22.42,22.22,22.42,30500,21.67
2010-04-01,22.26,22.33,22.13,22.29,15500,21.55
2010-03-31,22.08,22.19,22.08,22.11,34800,21.38
2010-03-30,22.29,22.29,22.15,22.22,23100,21.48
2010-03-29,22.15,22.23,22.13,22.22,14400,21.48
2010-03-26,22.08,22.23,22.02,22.09,29500,21.36
2010-03-25,22.28,22.34,22.06,22.07,35000,21.34
2010-03-24,22.15,22.19,22.07,22.09,56100,21.36
2010-03-23,22.11,22.22,22.04,22.22,6200,21.48
2010-03-22,21.76,22.08,21.76,22.06,27800,21.33
2010-03-19,22.15,22.15,21.84,21.93,29900,21.20
2010-03-18,22.08,22.08,21.97,22.04,39600,21.31
2010-03-17,22.00,22.11,21.93,22.06,56000,21.33
2010-03-16,21.79,21.91,21.75,21.91,88500,21.18
2010-03-15,21.63,21.74,21.53,21.73,37200,21.01
2010-03-12,21.78,21.78,21.66,21.69,22300,20.97
2010-03-11,21.56,21.62,21.51,21.62,18000,20.90
2010-03-10,21.50,21.65,21.50,21.57,11600,20.85
2010-03-09,21.38,21.57,21.38,21.49,39400,20.78
2010-03-08,21.48,21.49,21.40,21.46,58000,20.75
2010-03-05,21.34,21.44,21.23,21.43,47200,20.72
2010-03-04,21.05,21.14,21.02,21.14,12500,20.44
2010-03-03,21.08,21.18,21.03,21.04,33100,20.34
2010-03-02,21.06,21.09,20.98,21.03,12200,20.33
2010-03-01,20.82,20.98,20.82,20.94,23100,20.24
2010-02-26,20.72,20.78,20.68,20.75,11900,20.06
2010-02-25,20.39,20.67,20.39,20.67,6500,19.98
2010-02-24,20.58,20.72,20.49,20.68,30000,19.99
2010-02-23,20.65,20.68,20.41,20.51,7800,19.83
2010-02-22,20.81,20.82,20.69,20.70,21500,20.01
2010-02-19,20.67,20.77,20.59,20.73,39100,20.04
2010-02-18,20.54,20.70,20.54,20.70,35100,20.01
2010-02-17,20.49,20.59,20.49,20.54,55100,19.86
2010-02-16,20.28,20.46,20.19,20.41,28400,19.73
2010-02-12,19.92,20.11,19.87,20.11,16100,19.44
2010-02-11,19.93,20.17,19.93,20.15,23400,19.48
2010-02-10,19.41,20.05,19.40,19.97,67900,19.31
2010-02-09,19.97,20.13,19.86,19.99,50000,19.33
2010-02-08,19.83,19.95,19.70,19.71,31300,19.05
2010-02-05,19.89,19.92,19.43,19.89,51000,19.23
2010-02-04,20.28,20.28,19.88,19.88,57800,19.22
2010-02-03,20.55,20.55,20.45,20.51,12800,19.83
2010-02-02,20.39,20.65,20.35,20.60,33300,19.92
2010-02-01,20.20,20.31,20.19,20.30,30200,19.63
2010-01-29,20.32,20.45,19.97,20.09,94000,19.42
2010-01-28,20.54,20.54,20.04,20.22,21000,19.55
2010-01-27,20.28,20.42,20.09,20.39,26200,19.71
2010-01-26,20.42,20.54,20.34,20.34,12700,19.66
2010-01-25,20.54,20.58,20.35,20.42,25100,19.74
2010-01-22,20.66,20.71,20.30,20.31,121400,19.63
2010-01-21,21.16,21.21,20.71,20.76,57600,20.07
2010-01-20,21.20,21.20,20.99,21.19,76600,20.49
2010-01-19,21.10,21.87,21.05,21.33,145300,20.62
2010-01-15,21.26,21.26,21.00,21.10,17500,20.40
2010-01-14,21.24,21.32,21.20,21.24,48600,20.53
2010-01-13,21.14,21.25,21.05,21.22,13200,20.51
2010-01-12,21.16,21.20,21.00,21.09,29400,20.39
2010-01-11,21.34,21.34,21.20,21.30,25000,20.59
2010-01-08,21.12,21.21,21.07,21.21,22800,20.50
2010-01-07,21.03,21.18,20.95,21.18,45800,20.48
2010-01-06,20.96,21.11,20.96,21.07,60000,20.37
2010-01-05,20.87,20.98,20.84,20.97,20300,20.27
2010-01-04,20.74,20.89,20.74,20.81,35600,20.12
2009-12-31,20.75,20.75,20.53,20.53,14800,19.85
2009-12-30,20.68,20.74,20.64,20.67,37000,19.98
2009-12-29,20.81,20.81,20.70,20.77,47600,20.08
2009-12-28,20.89,20.89,20.78,20.81,31400,20.05
2009-12-24,20.76,20.83,20.76,20.81,5400,20.05
2009-12-23,20.73,20.84,20.67,20.77,127200,20.01
2009-12-22,20.65,20.71,20.64,20.69,17100,19.93
2009-12-21,20.54,20.67,20.52,20.61,26100,19.86
2009-12-18,20.41,20.44,20.21,20.38,19300,19.64
2009-12-17,20.40,20.42,20.27,20.27,35400,19.53
2009-12-16,20.58,20.63,20.48,20.52,26700,19.77
2009-12-15,20.47,20.56,20.42,20.45,10800,19.70
2009-12-14,20.50,20.56,20.42,20.53,15800,19.78
2009-12-11,20.42,20.45,20.31,20.40,38600,19.66
2009-12-10,20.32,20.34,20.23,20.30,109100,19.56
2009-12-09,20.07,20.16,19.99,20.15,76000,19.41
2009-12-08,20.06,20.17,20.00,20.06,22800,19.33
2009-12-07,20.39,20.42,20.26,20.27,14000,19.53
2009-12-04,20.39,20.53,20.14,20.29,29000,19.55
2009-12-03,20.41,20.47,20.16,20.16,47200,19.42
2009-12-02,20.48,20.48,20.30,20.38,44200,19.64
2009-12-01,20.31,20.42,20.30,20.34,14400,19.60
2009-11-30,20.04,20.12,19.90,20.10,32800,19.37
2009-11-27,19.90,20.16,19.84,20.10,6500,19.37
2009-11-25,20.37,20.44,20.27,20.44,40000,19.69
2009-11-24,20.32,20.33,20.15,20.29,138200,19.55
2009-11-23,20.44,20.53,20.25,20.34,151500,19.60
2009-11-20,20.09,20.13,20.02,20.10,19700,19.37
2009-11-19,20.32,20.32,20.09,20.21,55500,19.47
2009-11-18,20.46,20.52,20.37,20.50,20100,19.75
2009-11-17,20.41,20.52,20.37,20.52,43600,19.77
2009-11-16,20.34,20.63,20.34,20.51,34900,19.76
2009-11-13,20.06,20.26,20.03,20.18,38600,19.44
2009-11-12,20.27,20.37,20.00,20.03,47800,19.30
2009-11-11,20.34,20.40,20.18,20.27,97700,19.53
2009-11-10,20.19,20.23,20.09,20.15,24300,19.41
2009-11-09,19.86,20.18,19.83,20.18,118800,19.44
2009-11-06,19.65,19.69,19.54,19.65,52200,18.93
2009-11-05,19.40,19.60,19.35,19.60,142300,18.88
2009-11-04,19.40,19.56,19.24,19.24,11600,18.54
2009-11-03,19.04,19.28,19.04,19.28,25700,18.58
2009-11-02,19.17,19.32,18.88,19.14,121600,18.44
2009-10-30,19.54,19.54,18.95,19.09,52800,18.39
2009-10-29,19.27,19.62,19.27,19.56,16300,18.85
2009-10-28,19.55,19.55,19.09,19.10,35500,18.40
2009-10-27,19.72,19.73,19.59,19.59,21200,18.88
2009-10-26,20.08,20.10,19.66,19.72,21400,19.00
2009-10-23,20.26,20.29,19.93,19.97,23300,19.24
2009-10-22,19.94,20.32,19.90,20.28,41200,19.54
2009-10-21,20.21,20.44,20.01,20.03,85200,19.30
2009-10-20,20.35,20.35,20.13,20.22,16700,19.48
2009-10-19,20.20,20.38,20.20,20.34,72200,19.60
2009-10-16,20.09,20.17,20.00,20.14,27800,19.41
2009-10-15,20.11,20.31,20.08,20.31,273900,19.57
2009-10-14,20.09,20.24,20.01,20.22,41900,19.48
2009-10-13,19.80,19.90,19.78,19.86,29900,19.14
2009-10-12,19.91,20.00,19.85,19.91,164200,19.18
2009-10-09,19.72,19.80,19.68,19.80,38600,19.08
2009-10-08,19.67,19.79,19.63,19.68,46700,18.96
2009-10-07,19.38,19.52,19.38,19.52,28600,18.81
2009-10-06,19.34,19.53,19.28,19.43,28800,18.72
2009-10-05,18.89,19.18,18.89,19.16,28200,18.46
2009-10-02,18.79,18.94,18.70,18.79,148600,18.10
2009-10-01,19.47,19.47,19.02,19.02,65000,18.33
2009-09-30,19.65,19.69,19.35,19.47,62000,18.76
2009-09-29,19.71,19.72,19.58,19.59,39000,18.88
2009-09-28,19.37,19.65,19.37,19.64,21900,18.92
2009-09-25,19.37,19.44,19.23,19.29,19800,18.59
2009-09-24,19.78,19.78,19.32,19.41,36700,18.70
2009-09-23,19.96,20.03,19.69,19.69,26800,18.97
2009-09-22,19.85,19.97,19.79,19.90,43800,19.17
2009-09-21,19.63,19.77,19.60,19.76,21800,19.04
2009-09-18,19.88,19.89,19.72,19.82,23000,19.10
2009-09-17,19.82,19.93,19.68,19.78,18700,19.06
2009-09-16,19.63,19.85,19.55,19.85,55000,19.13
2009-09-15,19.52,19.59,19.46,19.56,19800,18.85
2009-09-14,19.21,19.50,19.20,19.50,16100,18.79
2009-09-11,19.39,19.42,19.25,19.34,13800,18.63
2009-09-10,19.11,19.35,19.11,19.35,5600,18.64
2009-09-09,18.99,19.15,18.94,19.11,15500,18.41
2009-09-08,18.98,18.98,18.89,18.96,5700,18.27
2009-09-04,18.61,18.80,18.52,18.80,23300,18.11
2009-09-03,18.47,18.58,18.32,18.58,19000,17.90
2009-09-02,18.32,18.41,18.25,18.31,10300,17.64
2009-09-01,18.80,19.02,18.40,18.40,23900,17.73
2009-08-31,18.89,18.89,18.76,18.87,20900,18.18
2009-08-28,19.19,19.19,18.95,19.04,23500,18.35
2009-08-27,18.97,19.14,18.82,19.09,16300,18.39
2009-08-26,18.93,19.01,18.86,18.99,43400,18.30
2009-08-25,18.94,19.09,18.94,18.97,26700,18.28
2009-08-24,19.02,19.08,18.82,18.89,28400,18.20
2009-08-21,18.72,18.93,18.67,18.90,17200,18.21
2009-08-20,18.40,18.58,18.40,18.55,27800,17.87
2009-08-19,18.15,18.41,18.15,18.38,9400,17.71
2009-08-18,18.09,18.29,18.09,18.25,25700,17.58
2009-08-17,18.13,18.13,17.95,18.02,12500,17.36
2009-08-14,18.56,18.56,18.36,18.50,20800,17.82
2009-08-13,18.57,18.71,18.48,18.71,18500,18.03
2009-08-12,18.29,18.65,18.29,18.53,26900,17.85
2009-08-11,18.35,18.39,18.26,18.32,6400,17.65
2009-08-10,18.55,18.62,18.41,18.48,43400,17.81
2009-08-07,18.57,18.74,18.48,18.63,29800,17.95
2009-08-06,18.56,18.56,18.24,18.34,13800,17.67
2009-08-05,18.47,18.48,18.22,18.45,29900,17.78
2009-08-04,18.27,18.47,18.27,18.39,13000,17.72
2009-08-03,18.30,18.41,18.13,18.31,87300,17.64
2009-07-31,17.95,18.13,17.95,18.06,35700,17.40
2009-07-30,17.95,18.12,17.89,17.89,16800,17.24
2009-07-29,17.68,17.73,17.55,17.68,45200,17.03
2009-07-28,17.72,17.80,17.59,17.79,37500,17.14
2009-07-27,17.72,17.82,17.61,17.82,29400,17.17
2009-07-24,17.58,17.70,17.56,17.68,15600,17.03
2009-07-23,17.20,17.69,17.20,17.63,58800,16.99
2009-07-22,16.99,17.25,16.99,17.15,10900,16.52
2009-07-21,17.25,17.25,16.97,17.14,41800,16.51
2009-07-20,17.00,17.11,16.92,17.10,60000,16.48
2009-07-17,16.83,16.93,16.79,16.88,28200,16.26
2009-07-16,16.69,16.94,16.64,16.89,36100,16.27
2009-07-15,16.45,16.74,16.44,16.70,10500,16.09
2009-07-14,16.16,16.23,16.11,16.23,16000,15.64
2009-07-13,15.70,16.10,15.67,16.10,13200,15.51
2009-07-10,15.71,15.78,15.63,15.74,13500,15.17
2009-07-09,15.86,15.92,15.76,15.78,37600,15.20
2009-07-08,15.86,15.86,15.48,15.73,23700,15.16
2009-07-07,15.99,16.00,15.77,15.78,32900,15.20
2009-07-06,15.98,16.10,15.90,16.10,8000,15.51
2009-07-02,16.47,16.47,16.14,16.15,9200,15.56
2009-07-01,16.71,16.90,16.68,16.68,31700,16.02
2009-06-30,18.06,18.06,16.52,16.64,38600,15.98
2009-06-29,16.69,16.80,16.57,16.77,80800,16.10
2009-06-26,16.55,16.62,16.52,16.61,42500,15.95
2009-06-25,16.36,16.65,16.36,16.59,19000,15.93
2009-06-24,16.34,16.49,16.23,16.24,34000,15.59
2009-06-23,16.21,16.24,16.04,16.19,32800,15.54
2009-06-22,16.54,16.54,16.17,16.17,38600,15.53
2009-06-19,16.83,16.85,16.65,16.79,14100,16.12
2009-06-18,16.58,16.71,16.51,16.67,13800,16.01
2009-06-17,16.62,16.66,16.39,16.57,12100,15.91
2009-06-16,16.91,16.91,16.62,16.67,15900,16.01
2009-06-15,17.08,17.08,16.77,16.85,17900,16.18
2009-06-12,17.10,17.27,17.10,17.27,15200,16.58
2009-06-11,17.31,17.45,17.22,17.22,13800,16.53
2009-06-10,17.46,17.46,17.01,17.20,18000,16.51
2009-06-09,17.30,17.40,17.14,17.36,25200,16.67
2009-06-08,17.15,17.39,16.95,17.27,48100,16.58
2009-06-05,17.29,17.36,17.19,17.27,54700,16.58
2009-06-04,17.11,17.30,17.08,17.30,23100,16.61
2009-06-03,17.17,17.17,16.86,17.03,24600,16.35
2009-06-02,17.34,17.48,17.30,17.40,22400,16.71
2009-06-01,17.10,17.47,17.10,17.38,31100,16.69
2009-05-29,16.79,16.86,16.60,16.86,24700,16.19
2009-05-28,16.57,16.66,16.38,16.66,15600,16.00
2009-05-27,16.72,16.80,16.36,16.40,37400,15.75
2009-05-26,16.20,16.72,16.20,16.67,8600,16.01
2009-05-22,16.43,16.52,16.34,16.35,17000,15.70
2009-05-21,16.37,16.45,16.16,16.28,40200,15.63
2009-05-20,16.92,17.09,16.60,16.60,33300,15.94
2009-05-19,16.63,16.88,16.63,16.72,20200,16.05
2009-05-18,16.30,16.67,16.30,16.65,23400,15.99
2009-05-15,16.31,16.41,16.04,16.04,18700,15.40
2009-05-14,16.17,16.42,16.17,16.33,13200,15.68
2009-05-13,16.38,16.38,16.06,16.08,28500,15.44
2009-05-12,16.66,16.87,16.47,16.67,61500,16.01
2009-05-11,17.03,17.10,16.81,16.84,115500,16.17
2009-05-08,17.05,17.28,16.96,17.26,61600,16.57
2009-05-07,17.29,17.29,16.71,16.79,77100,16.12
2009-05-06,16.92,17.06,16.79,16.99,52600,16.31
2009-05-05,16.69,16.71,16.61,16.69,2900,16.03
2009-05-04,16.37,16.72,16.37,16.72,3100,16.05
2009-05-01,16.03,16.15,15.89,16.14,10900,15.50
2009-04-30,16.17,16.26,15.92,15.97,45000,15.33
2009-04-29,15.76,16.00,15.76,15.91,8700,15.28
2009-04-28,15.38,15.66,15.38,15.53,6600,14.91
2009-04-27,15.77,15.79,15.50,15.58,6600,14.96
2009-04-24,15.54,15.85,15.54,15.70,155800,15.07
2009-04-23,15.39,15.40,15.15,15.32,27400,14.71
2009-04-22,15.20,15.60,15.20,15.27,33700,14.66
2009-04-21,14.86,15.30,14.86,15.30,8200,14.69
2009-04-20,15.25,15.37,14.90,14.94,24900,14.34
2009-04-17,15.65,15.79,15.53,15.68,14900,15.06
2009-04-16,15.40,15.67,15.26,15.57,18100,14.95
2009-04-15,15.11,15.34,15.02,15.34,16400,14.73
2009-04-14,15.28,15.45,15.11,15.11,45300,14.51
2009-04-13,15.21,15.56,15.20,15.49,15600,14.87
2009-04-09,15.29,15.39,15.14,15.39,25100,14.78
2009-04-08,14.68,14.77,14.55,14.74,12100,14.15
2009-04-07,14.60,14.67,14.50,14.56,208000,13.98
2009-04-06,14.81,14.93,14.69,14.88,35300,14.29
2009-04-03,14.76,14.97,14.71,14.96,18900,14.36
2009-04-02,14.75,14.97,14.75,14.81,11000,14.22
2009-04-01,13.87,14.37,13.82,14.37,7300,13.72
2009-03-31,13.96,14.18,13.96,14.03,17700,13.39
2009-03-30,14.19,14.19,13.81,13.97,10200,13.33
2009-03-27,14.84,14.84,14.57,14.58,145700,13.92
2009-03-26,14.63,14.91,14.62,14.87,76600,14.19
2009-03-25,14.60,14.76,14.19,14.44,61200,13.78
2009-03-24,14.37,14.63,14.37,14.46,17500,13.80
2009-03-23,14.03,14.63,13.89,14.59,50200,13.93
2009-03-20,14.01,14.01,13.52,13.58,10800,12.96
2009-03-19,14.05,14.19,13.93,13.93,16400,13.30
2009-03-18,13.55,14.19,13.48,14.05,26300,13.41
2009-03-17,13.19,13.65,13.18,13.65,19200,13.03
2009-03-16,13.44,13.65,13.22,13.22,35100,12.62
2009-03-13,13.22,13.31,13.05,13.28,55600,12.68
2009-03-12,12.49,13.11,12.41,13.09,39800,12.49
2009-03-11,12.68,12.78,12.45,12.55,23700,11.98
2009-03-10,12.01,12.47,12.01,12.47,22200,11.90
2009-03-09,11.82,12.02,11.67,11.67,25000,11.14
2009-03-06,12.00,12.17,11.54,11.80,68900,11.26
2009-03-05,12.10,12.22,11.76,11.84,17800,11.30
2009-03-04,12.35,12.63,12.17,12.44,14900,11.87
2009-03-03,12.39,12.39,12.04,12.08,50000,11.53
2009-03-02,12.59,12.59,12.17,12.17,94300,11.62
2009-02-27,13.05,13.14,12.89,12.92,22200,12.33
2009-02-26,13.66,13.68,13.19,13.31,79200,12.70
2009-02-25,13.53,13.72,13.33,13.49,13900,12.88
2009-02-24,13.13,13.63,13.02,13.62,29700,13.00
2009-02-23,13.57,13.58,12.98,13.02,47600,12.43
2009-02-20,13.43,13.55,13.18,13.46,256300,12.85
2009-02-19,14.05,14.07,13.56,13.56,52600,12.94
2009-02-18,13.99,14.00,13.81,13.88,13800,13.25
2009-02-17,14.11,14.11,13.94,13.94,44800,13.31
2009-02-13,14.69,14.88,14.62,14.70,226100,14.03
2009-02-12,14.51,14.62,14.33,14.43,23400,13.77
2009-02-11,14.76,14.84,14.56,14.75,55000,14.08
2009-02-10,15.38,15.38,14.55,14.65,52800,13.98
2009-02-09,15.39,15.53,15.30,15.45,42600,14.75
2009-02-06,15.24,15.43,15.20,15.37,69700,14.67
2009-02-05,14.66,15.06,14.53,14.99,99200,14.31
2009-02-04,14.91,15.06,14.73,14.74,28100,14.07
2009-02-03,14.58,14.90,14.55,14.90,21900,14.22
2009-02-02,14.41,14.71,14.41,14.64,54200,13.97
2009-01-30,14.99,14.99,14.66,14.69,12100,14.02
2009-01-29,15.48,15.48,15.15,15.18,4800,14.49
2009-01-28,15.46,15.74,15.46,15.72,117800,15.01
2009-01-27,15.09,15.20,14.99,15.11,13000,14.42
2009-01-26,15.13,15.30,14.85,15.03,9800,14.35
2009-01-23,14.48,14.91,14.48,14.91,9400,14.23
2009-01-22,14.77,14.94,14.50,14.77,16100,14.10
2009-01-21,14.60,15.02,14.38,15.02,13800,14.34
2009-01-20,14.91,14.91,14.39,14.39,32900,13.74
2009-01-16,15.34,15.41,15.22,15.30,30900,14.60
2009-01-15,14.83,15.11,14.64,15.11,33400,14.42
2009-01-14,15.34,15.34,15.01,15.06,15600,14.38
2009-01-13,15.60,15.77,15.53,15.69,13500,14.98
2009-01-12,15.88,15.88,15.72,15.72,6800,15.01
2009-01-09,16.19,16.29,16.16,16.25,44400,15.51
2009-01-08,16.22,16.36,16.21,16.36,12600,15.62
2009-01-07,16.56,16.64,16.33,16.40,28900,15.65
2009-01-06,16.85,16.94,16.80,16.89,23900,16.12
2009-01-05,16.44,16.68,16.44,16.60,30300,15.85
2009-01-02,16.16,16.50,16.16,16.50,78100,15.75
2008-12-31,15.77,16.06,15.77,16.06,23800,15.33
2008-12-30,15.52,15.80,15.51,15.80,52800,15.08
2008-12-29,15.38,15.40,15.12,15.28,82600,14.59
2008-12-26,15.42,15.50,15.40,15.48,29300,14.70
2008-12-24,15.28,15.44,15.27,15.44,13600,14.67
2008-12-23,15.52,15.52,15.24,15.24,12800,14.48
2008-12-22,15.93,15.93,15.26,15.44,24100,14.67
2008-12-19,15.93,16.16,15.86,15.95,64200,15.15
2008-12-18,16.31,16.34,15.79,15.79,32700,15.00
2008-12-17,16.14,17.95,16.13,16.22,22000,15.41
2008-12-16,15.70,16.27,15.68,16.27,11900,15.45
2008-12-15,15.72,15.72,15.38,15.53,23200,14.75
2008-12-12,15.02,15.67,15.02,15.67,31100,14.88
2008-12-11,15.81,16.07,15.53,15.59,32900,14.81
2008-12-10,15.98,16.05,15.80,16.00,24000,15.20
2008-12-09,15.93,16.14,15.77,15.80,11100,15.01
2008-12-08,16.01,16.31,15.98,16.19,17700,15.38
2008-12-05,14.61,15.67,14.61,15.67,3800,14.88
2008-12-04,15.37,15.53,14.90,15.05,43700,14.30
2008-12-03,14.87,15.37,14.87,15.36,93600,14.59
2008-12-02,14.64,14.98,14.58,14.98,7000,14.23
2008-12-01,15.43,15.43,14.43,14.43,150800,13.71
2008-11-28,15.56,15.80,15.56,15.80,2600,15.01
2008-11-26,15.00,15.65,15.00,15.65,17000,14.87
2008-11-25,15.04,15.20,14.65,14.99,35800,14.24
2008-11-24,14.18,15.00,14.16,14.76,87000,14.02
2008-11-21,13.44,13.44,13.07,13.37,4600,12.70
2008-11-20,13.89,14.24,13.04,13.09,589000,12.43
2008-11-19,14.91,15.01,13.98,14.05,38900,13.35
2008-11-18,14.93,15.08,14.41,14.93,17700,14.18
2008-11-17,15.05,15.18,14.80,14.80,35300,14.06
2008-11-14,15.60,15.75,15.16,15.16,4500,14.40
2008-11-13,15.00,15.86,14.50,15.86,56600,15.06
2008-11-12,15.32,15.46,14.88,14.88,118000,14.13
2008-11-11,15.78,15.78,15.45,15.70,220500,14.91
2008-11-10,17.58,17.58,15.86,16.08,199100,15.27
2008-11-07,15.93,16.28,15.89,16.28,273800,15.46
2008-11-06,16.48,17.73,15.76,15.84,103300,15.05
2008-11-05,34.45,34.78,33.35,33.44,292400,15.88
2008-11-04,34.31,35.02,34.31,34.99,33200,16.62
2008-11-03,34.02,34.02,33.62,33.62,1600,15.97
2008-10-31,33.38,34.26,33.16,33.54,18400,15.93
2008-10-30,33.58,33.58,32.37,32.61,13800,15.49
2008-10-29,32.62,33.22,32.27,32.27,24000,15.33
2008-10-28,30.49,32.29,29.68,32.29,17200,15.34
2008-10-27,30.71,30.71,30.23,30.37,6000,14.42
2008-10-24,27.50,31.08,27.50,30.78,125000,14.62
2008-10-23,32.75,32.75,31.05,31.61,25600,15.01
2008-10-22,32.38,32.47,31.29,31.69,5400,15.05
2008-10-21,33.87,34.62,33.60,33.60,9000,15.96
2008-10-20,34.42,34.42,33.63,34.26,43400,16.27
2008-10-17,32.68,34.44,32.65,33.35,20800,15.84
2008-10-16,31.93,41.73,30.78,32.74,12200,15.55
2008-10-15,34.21,34.21,32.65,32.84,9200,15.60
2008-10-14,44.00,44.00,34.72,35.42,24200,16.82
2008-10-13,44.00,44.00,32.76,34.69,27400,16.48
2008-10-10,30.80,43.94,29.68,31.78,16000,15.09
2008-10-09,33.84,33.84,32.38,32.69,8600,15.53
2008-10-08,32.99,35.70,32.99,35.70,3200,16.95
2008-10-07,38.39,38.39,35.74,35.74,4600,16.97
2008-10-06,37.75,38.24,35.93,37.06,49400,17.60
2008-10-03,41.74,41.74,39.84,39.86,8400,18.93
2008-10-02,40.59,41.36,39.44,40.60,10200,19.28
2008-10-01,41.53,42.08,41.28,41.75,10800,19.83
2008-09-30,41.02,46.24,40.81,44.00,66000,20.90
2008-09-29,42.54,42.54,40.49,40.83,11000,19.39
2008-09-26,43.10,43.52,42.92,43.52,7000,20.67
2008-09-25,43.05,43.73,43.05,43.73,4400,20.77
2008-09-24,42.80,42.91,42.50,42.50,1400,20.18
2008-09-23,43.76,43.76,42.81,42.81,3000,20.33
2008-09-22,44.32,44.32,44.04,44.15,3800,20.97
2008-09-19,45.31,45.31,43.29,45.31,15600,21.52
2008-09-18,42.09,43.29,41.05,43.29,18200,20.56
2008-09-17,43.19,43.19,41.71,41.75,18400,19.83
2008-09-16,42.36,43.63,42.36,43.63,6200,20.72
2008-09-15,44.26,44.54,43.46,43.46,29200,20.64
2008-09-12,44.87,45.39,44.86,45.39,5600,21.56
2008-09-11,44.35,44.62,44.35,44.56,1400,21.16
2008-09-10,44.97,44.97,44.63,44.63,8800,21.20
2008-09-09,45.31,45.33,44.42,44.42,3400,21.10
2008-09-08,45.67,45.79,45.34,45.79,7200,21.75
2008-09-05,44.41,44.94,43.92,44.94,19800,21.34
2008-09-04,45.66,45.77,44.78,44.80,51200,21.28
2008-09-03,45.96,46.01,45.65,45.73,77400,21.72
2008-09-02,46.60,46.60,46.60,46.60,400,22.13
2008-08-29,46.35,46.35,45.88,45.88,2600,21.79
2008-08-28,46.27,46.41,46.27,46.36,6800,22.02
2008-08-27,45.26,45.64,45.19,45.58,3000,21.65
2008-08-26,45.17,45.21,45.17,45.21,600,21.47
2008-08-25,45.44,45.44,45.09,45.09,38600,21.41
2008-08-22,45.93,46.02,45.66,45.93,6200,21.81
2008-08-21,45.24,45.34,45.18,45.34,2800,21.53
2008-08-20,45.13,45.31,44.96,45.11,3800,21.42
2008-08-19,45.46,45.46,44.99,45.15,8800,21.44
2008-08-18,46.11,46.27,45.58,45.65,31000,21.68
2008-08-15,46.50,46.52,46.42,46.45,22200,22.06
2008-08-14,45.68,46.18,45.68,46.18,1400,21.93
2008-08-13,45.73,45.75,45.57,45.57,21200,21.64
2008-08-12,46.55,46.55,46.20,46.20,4400,21.94
2008-08-11,46.45,46.90,46.45,46.90,7400,22.27
2008-08-08,45.81,46.27,45.76,46.27,24600,21.97
2008-08-07,45.85,45.85,45.29,45.29,1000,21.51
2008-08-06,45.78,46.10,45.76,46.03,3000,21.86
2008-08-05,45.46,45.58,45.42,45.58,1800,21.65
2008-08-04,44.63,44.70,44.59,44.70,56000,21.23
2008-08-01,45.86,45.86,44.87,44.97,2000,21.36
2008-07-31,45.59,45.69,45.44,45.44,5000,21.58
2008-07-30,45.52,45.71,45.25,45.71,2800,21.71
2008-07-29,44.35,44.97,44.35,44.97,5400,21.36
2008-07-28,45.42,45.42,43.85,43.85,9400,20.83
2008-07-25,44.46,44.95,44.46,44.75,2200,21.25
2008-07-24,45.69,45.69,44.65,44.65,46600,21.21
2008-07-23,46.52,46.52,45.93,46.19,5600,21.94
2008-07-22,44.71,45.92,44.66,45.92,50800,21.81
2008-07-21,45.07,45.26,45.07,45.13,10800,21.43
2008-07-18,44.76,45.09,44.76,45.05,11400,21.40
2008-07-17,44.57,44.98,44.34,44.95,37800,21.35
2008-07-16,42.81,43.27,42.81,43.27,1600,20.55
2008-07-15,42.89,43.26,42.32,42.83,23000,20.34
2008-07-14,43.72,43.72,43.27,43.42,6400,20.62
2008-07-11,43.47,43.47,43.47,43.47,200,20.65
2008-07-10,43.98,44.32,43.98,44.32,1200,21.05
2008-07-09,45.13,45.13,44.46,44.46,6600,21.12
2008-07-08,44.63,45.53,44.42,45.53,48600,21.62
2008-07-07,45.30,45.40,44.24,44.62,152800,21.19
2008-07-03,45.17,45.17,44.00,44.87,107200,21.31
2008-07-02,45.96,45.96,45.50,45.51,22600,21.61
2008-07-01,45.28,45.90,45.14,45.80,16600,21.75
2008-06-30,45.87,46.16,45.87,45.98,129200,21.84
2008-06-27,46.17,46.17,45.66,45.78,20600,21.74
2008-06-26,46.83,46.85,46.03,46.03,326000,21.86
2008-06-25,47.57,47.87,47.44,47.49,10200,22.55
2008-06-24,47.04,47.41,47.04,47.15,1800,22.39
2008-06-23,47.82,47.82,47.37,47.37,600,22.50
2008-06-20,47.92,47.95,47.38,47.41,394200,22.52
2008-06-19,52.79,52.79,48.09,48.47,12000,23.02
2008-06-18,48.65,48.65,48.32,48.32,2800,22.95
2008-06-17,49.28,49.28,48.93,48.99,14400,23.27
2008-06-16,49.28,49.49,49.28,49.34,4000,23.43
2008-06-13,48.95,49.04,48.81,49.00,6000,23.27
2008-06-12,48.67,48.95,48.31,48.32,3400,22.95
2008-06-11,48.69,48.69,48.36,48.36,22000,22.97
2008-06-10,49.23,49.42,49.20,49.20,10000,23.37
2008-06-09,49.38,49.73,49.12,49.12,3200,23.33
2008-06-06,50.21,50.21,49.67,49.67,6800,23.59
2008-06-05,50.66,50.95,50.53,50.95,9200,24.20
2008-06-04,50.20,50.43,49.99,50.06,16200,23.77
2008-06-03,50.64,50.64,50.07,50.21,2600,23.85
2008-06-02,50.27,50.40,50.26,50.37,11000,23.92
2008-05-30,50.91,51.02,50.91,50.99,12800,24.22
2008-05-29,50.86,51.13,50.86,50.92,6800,24.18
2008-05-28,50.40,50.48,50.29,50.46,37800,23.96
2008-05-27,50.15,50.42,50.02,50.42,69600,23.95
2008-05-23,50.36,50.38,50.00,50.17,12200,23.83
2008-05-22,50.95,50.95,50.81,50.86,4400,24.15
2008-05-21,51.71,51.71,50.97,50.97,7800,24.21
2008-05-20,51.86,51.86,51.62,51.62,22000,24.52
2008-05-19,52.29,52.65,52.20,52.20,6200,24.79
2008-05-16,51.99,52.17,51.89,52.17,7600,24.78
2008-05-15,51.71,52.21,51.68,52.21,18600,24.80
2008-05-14,51.79,52.05,51.71,51.71,37200,24.56
2008-05-13,51.28,51.38,51.26,51.38,2000,24.40
2008-05-12,50.98,51.46,50.98,51.46,2200,24.44
2008-05-09,50.76,50.84,50.75,50.75,1200,24.10
2008-05-08,51.09,51.29,51.02,51.02,8800,24.23
2008-05-07,51.92,51.99,51.05,51.05,7800,24.25
2008-05-06,51.41,51.87,51.29,51.87,62800,24.63
2008-05-05,51.84,51.84,51.74,51.75,3000,24.58
2008-05-02,52.54,52.54,51.90,52.05,19000,24.72
2008-05-01,51.06,51.93,51.05,51.81,72600,24.61
2008-04-30,51.54,51.80,51.03,51.19,179200,24.31
2008-04-29,51.36,51.47,51.17,51.46,17400,24.44
2008-04-28,51.39,51.63,51.38,51.38,9400,24.40
2008-04-25,51.24,51.35,51.01,51.35,3600,24.39
2008-04-24,50.41,51.18,50.35,51.02,22200,24.23
2008-04-23,50.63,50.63,50.38,50.45,44000,23.96
2008-04-22,50.63,50.63,50.30,50.36,4600,23.92
2008-04-21,50.82,50.93,50.61,50.89,9400,24.17
2008-04-18,51.02,51.02,50.79,50.79,1000,24.12
2008-04-17,49.85,50.21,49.81,50.21,4000,23.85
2008-04-16,49.46,49.91,49.46,49.91,2400,23.70
2008-04-15,48.67,48.69,48.66,48.68,3000,23.12
2008-04-14,48.53,48.53,48.41,48.49,4000,23.03
2008-04-11,48.65,48.65,48.65,48.65,1000,23.11
2008-04-10,49.43,49.73,49.43,49.73,1200,23.62
2008-04-09,49.51,49.51,49.51,49.51,200,23.51
2008-04-08,49.97,49.97,49.88,49.88,6200,23.69
2008-04-07,50.58,50.59,50.28,50.28,1000,23.88
2008-04-04,50.21,50.21,50.05,50.06,23000,23.77
2008-04-03,49.86,50.33,49.86,50.29,1800,23.88
2008-04-02,49.63,49.63,49.63,49.63,000,23.57
2008-04-01,49.42,49.63,49.42,49.63,400,23.57
2008-03-31,48.08,48.22,48.08,48.22,2000,22.90
2008-03-28,48.63,48.63,48.63,48.63,000,23.10
2008-03-27,48.99,48.99,48.63,48.63,400,23.10
2008-03-26,48.93,48.93,48.76,48.76,1800,23.16
2008-03-25,49.35,49.57,49.35,49.57,14200,23.54
2008-03-24,49.04,49.80,49.04,49.80,2800,23.65
2008-03-20,47.99,48.64,47.99,48.64,4000,23.10
2008-03-19,48.72,48.72,47.94,47.94,3600,22.77
2008-03-18,47.32,50.96,47.32,47.68,53600,22.64
2008-03-17,46.07,46.07,46.06,46.06,1200,21.88
2008-03-14,48.36,48.36,48.36,48.36,1000,22.97
2008-03-13,48.01,48.01,47.83,47.97,16600,22.78
2008-03-12,48.34,48.49,48.27,48.27,5000,22.92
2008-03-11,47.43,48.22,47.11,48.22,1200,22.90
2008-03-10,47.34,47.34,46.81,46.82,800,22.24
2008-03-07,47.64,47.85,47.64,47.85,2200,22.73
