Date,Open,High,Low,Close,Volume,Adj Close
2012-05-04,61.30,62.41,59.77,60.59,255600,60.59
2012-05-03,63.91,64.13,61.75,61.90,167500,61.14
2012-05-02,64.56,64.77,63.44,63.56,129000,62.78
2012-05-01,63.81,64.95,63.01,64.40,194000,63.61
2012-04-30,63.93,64.28,63.38,63.47,115200,62.69
2012-04-27,64.04,64.74,63.55,63.93,95000,63.14
2012-04-26,63.01,64.23,63.00,63.61,177200,62.82
2012-04-25,62.69,63.32,62.24,63.11,115100,62.33
2012-04-24,62.00,63.12,61.43,62.52,345400,61.75
2012-04-23,62.35,63.04,61.36,62.02,295600,61.25
2012-04-20,65.28,65.48,62.86,63.36,768100,62.58
2012-04-19,61.17,64.21,61.09,63.87,775000,63.08
2012-04-18,62.43,62.49,58.26,60.88,1394000,60.13
2012-04-17,62.60,63.12,61.61,62.91,410600,62.13
2012-04-16,64.20,64.69,61.51,62.55,387400,61.78
2012-04-13,64.47,64.73,63.22,64.27,142000,63.48
2012-04-12,64.51,64.94,63.62,64.55,530500,63.75
2012-04-11,65.14,65.59,64.28,64.51,848200,63.71
2012-04-10,65.82,65.93,63.19,64.59,305700,63.79
2012-04-09,66.55,66.61,65.30,65.88,179100,65.07
2012-04-05,67.15,68.19,66.75,67.41,85900,66.58
2012-04-04,67.33,67.82,66.25,67.18,243800,66.35
2012-04-03,69.31,69.44,66.81,68.20,410400,67.36
2012-04-02,69.75,70.67,68.75,69.21,195500,68.36
2012-03-30,69.11,69.95,68.50,69.59,160500,68.73
2012-03-29,68.96,69.98,68.35,68.70,216100,67.85
2012-03-28,69.33,70.05,69.00,69.79,170400,68.93
2012-03-27,70.87,71.12,69.41,69.68,230500,68.82
2012-03-26,69.70,70.79,69.60,70.58,153000,69.71
2012-03-23,69.22,70.23,68.62,69.45,247800,68.59
2012-03-22,71.08,71.42,69.25,69.32,579300,68.46
2012-03-21,71.64,72.03,71.17,71.40,106700,70.52
2012-03-20,71.50,72.92,71.17,71.73,689100,70.84
2012-03-19,72.10,72.40,71.19,71.49,258800,70.61
2012-03-16,72.00,72.50,71.50,72.48,312800,71.59
2012-03-15,72.09,72.38,71.22,71.68,260500,70.80
2012-03-14,72.50,72.72,71.36,71.54,309700,70.66
2012-03-13,73.45,73.55,72.12,72.51,226000,71.62
2012-03-12,73.60,73.66,73.15,73.38,116300,72.47
2012-03-09,72.26,73.75,71.78,73.66,190100,72.75
2012-03-08,71.99,73.14,71.69,72.07,321400,71.18
2012-03-07,71.14,72.15,70.81,71.44,258200,70.56
2012-03-06,71.25,71.93,70.25,70.65,235300,69.78
2012-03-05,71.96,72.25,71.00,71.88,274100,70.99
2012-03-02,71.49,72.47,71.01,72.03,354800,71.14
2012-03-01,70.00,71.84,69.51,71.32,410200,70.44
2012-02-29,69.51,71.50,69.51,71.14,353800,70.26
2012-02-28,70.94,70.95,69.66,70.55,449500,69.68
2012-02-27,70.29,71.08,69.84,70.76,331600,69.89
2012-02-24,70.16,71.16,69.78,70.59,304100,69.72
2012-02-23,69.84,70.19,69.50,70.01,259000,69.15
2012-02-22,69.61,69.77,68.71,69.68,233100,68.82
2012-02-21,69.01,70.00,68.81,69.51,281700,68.65
2012-02-17,69.30,69.39,68.76,68.87,259900,68.02
2012-02-16,68.73,69.33,68.26,69.23,294900,68.38
2012-02-15,69.50,69.50,68.06,68.99,363100,68.14
2012-02-14,69.58,69.58,68.04,68.91,222100,68.06
2012-02-13,69.10,69.50,68.57,69.14,459600,68.29
2012-02-10,68.31,70.26,68.26,69.12,2878900,68.27
2012-02-09,69.97,70.82,69.01,70.69,169800,69.82
2012-02-08,69.00,69.90,68.40,69.50,166400,68.64
2012-02-07,68.86,69.20,68.27,68.89,132700,68.04
2012-02-06,69.49,69.49,68.50,68.85,206200,68.00
2012-02-03,68.35,69.75,67.00,69.59,359200,68.73
2012-02-02,67.29,69.19,66.55,68.38,349400,67.54
2012-02-01,67.00,67.47,66.70,67.17,377200,66.34
2012-01-31,66.38,67.15,66.05,66.70,140300,65.88
2012-01-30,64.33,66.80,64.15,66.04,216900,65.22
2012-01-27,64.89,65.10,63.51,65.02,332000,64.22
2012-01-26,64.97,66.47,64.50,64.78,244200,63.98
2012-01-25,64.25,65.80,63.25,65.04,400500,63.48
2012-01-24,66.40,66.75,63.89,64.12,364400,62.59
2012-01-23,65.15,67.21,65.10,66.50,178500,64.91
2012-01-20,66.50,67.94,65.17,65.24,421800,63.68
2012-01-19,71.35,71.62,66.00,66.62,648200,65.03
2012-01-18,70.00,70.85,69.01,70.66,169400,68.97
2012-01-17,69.49,71.56,69.12,69.90,597800,68.23
2012-01-13,69.23,69.65,68.17,69.04,184700,67.39
2012-01-12,70.28,70.33,67.82,69.12,224800,67.47
2012-01-11,72.63,72.69,69.69,70.18,535800,68.50
2012-01-10,72.32,72.81,72.10,72.70,250600,70.96
2012-01-09,70.58,72.15,70.05,72.03,407900,70.31
2012-01-06,68.33,70.45,67.75,70.23,738300,68.55
2012-01-05,68.00,68.24,67.03,68.14,149200,66.51
2012-01-04,66.80,67.69,66.66,67.67,210600,66.05
2012-01-03,67.22,67.50,66.13,66.75,133400,65.15
2011-12-30,65.87,66.04,65.01,65.90,134000,64.32
2011-12-29,65.59,66.18,64.98,66.04,85800,64.46
2011-12-28,66.00,66.00,64.50,65.78,109700,64.21
2011-12-27,65.56,66.65,65.00,65.85,112900,64.27
2011-12-23,65.83,66.36,65.20,66.15,164500,64.57
2011-12-22,65.85,65.97,65.25,65.72,109800,64.15
2011-12-21,65.96,66.00,64.87,65.74,110600,64.17
2011-12-20,65.13,65.80,64.52,65.24,108500,63.68
2011-12-19,65.00,65.44,64.15,64.25,139800,62.71
2011-12-16,63.67,65.10,63.25,64.71,330400,63.16
2011-12-15,64.46,64.75,63.32,63.54,216800,62.02
2011-12-14,64.27,64.77,62.75,63.87,266600,62.34
2011-12-13,66.31,66.31,64.50,64.86,268200,63.31
2011-12-12,66.81,66.81,65.16,65.80,198700,64.23
2011-12-09,64.01,67.40,63.87,66.92,276400,65.32
2011-12-08,63.85,65.00,63.75,64.17,245800,62.63
2011-12-07,64.17,65.56,64.00,64.96,173600,63.41
2011-12-06,65.51,66.00,64.40,64.66,303400,63.11
2011-12-05,67.18,68.02,65.87,65.91,210200,64.33
2011-12-02,68.19,68.25,65.70,67.18,169200,65.57
2011-12-01,68.58,68.86,67.50,67.53,167100,65.91
2011-11-30,68.71,68.95,67.00,68.25,205900,66.62
2011-11-29,66.53,68.18,66.20,66.96,214400,65.36
2011-11-28,66.40,67.26,65.08,66.45,231600,64.86
2011-11-25,63.02,65.58,63.00,63.22,117500,61.71
2011-11-23,63.05,64.00,62.81,63.06,239300,61.55
2011-11-22,64.51,64.98,62.78,63.77,293300,62.24
2011-11-21,64.23,64.78,62.64,64.33,357900,62.79
2011-11-18,66.83,67.97,64.25,65.27,356000,63.71
2011-11-17,67.40,67.81,65.23,66.12,502600,64.54
2011-11-16,68.70,70.16,67.40,67.59,235600,65.97
2011-11-15,69.95,70.12,67.80,69.35,360300,67.69
2011-11-14,72.00,72.62,69.27,69.69,326700,68.02
2011-11-11,70.03,71.85,70.00,71.64,217900,69.93
2011-11-10,70.90,72.14,69.73,69.86,356800,68.19
2011-11-09,72.10,72.71,68.54,69.05,504800,67.40
2011-11-08,74.90,75.37,72.58,73.82,246000,72.05
2011-11-07,75.77,76.21,73.78,74.70,283100,72.91
2011-11-04,77.46,77.96,73.61,75.77,653400,73.96
2011-11-03,76.85,76.85,70.80,72.72,517000,70.98
2011-11-02,73.73,76.87,72.75,76.70,377700,74.12
2011-11-01,71.94,73.50,71.18,72.16,230300,69.73
2011-10-31,73.99,74.50,72.20,74.43,213700,71.93
2011-10-28,73.41,75.92,73.33,75.31,362000,72.78
2011-10-27,72.47,74.58,71.66,73.78,329200,71.30
2011-10-26,71.10,71.68,70.67,71.26,188400,68.86
2011-10-25,71.00,71.34,68.80,70.00,257100,67.65
2011-10-24,71.13,72.42,70.62,71.17,406100,68.78
2011-10-21,72.25,73.40,70.58,71.23,440600,68.83
2011-10-20,72.00,72.50,70.00,71.23,122300,68.83
2011-10-19,73.89,75.60,71.50,71.70,200600,69.29
2011-10-18,72.24,73.80,71.01,73.69,120900,71.21
2011-10-17,73.93,74.95,72.00,72.08,206600,69.66
2011-10-14,73.12,74.24,72.92,74.06,218300,71.57
2011-10-13,71.82,73.00,69.99,72.91,110600,70.46
2011-10-12,71.68,72.87,70.81,71.81,292600,69.40
2011-10-11,70.76,71.49,70.02,71.00,229600,68.61
2011-10-10,71.25,73.93,70.60,71.30,373400,68.90
2011-10-07,72.80,73.28,68.00,70.00,421700,67.65
2011-10-06,67.89,72.85,66.73,72.61,459500,70.17
2011-10-05,66.05,68.00,64.66,67.75,335500,65.47
2011-10-04,62.81,66.73,59.93,65.57,455400,63.37
2011-10-03,70.93,71.26,63.60,65.76,822500,63.55
2011-09-30,72.36,73.46,70.50,71.68,325700,69.27
2011-09-29,74.73,75.49,72.06,73.39,293200,70.92
2011-09-28,73.11,75.70,71.75,71.92,507300,69.50
2011-09-27,71.06,73.43,70.70,71.00,325500,68.61
2011-09-26,70.71,71.08,68.21,70.02,479000,67.67
2011-09-23,70.31,71.76,69.29,70.50,563100,68.13
2011-09-22,71.78,72.30,69.55,71.06,367700,68.67
2011-09-21,73.34,75.00,72.22,72.84,495600,70.39
2011-09-20,76.63,77.77,72.01,72.31,385200,69.88
2011-09-19,74.76,77.64,73.93,77.15,218800,74.56
2011-09-16,75.84,76.93,74.77,75.24,354100,72.71
2011-09-15,75.35,75.57,73.73,75.07,266900,72.55
2011-09-14,75.43,75.76,73.49,74.85,209900,72.33
2011-09-13,74.00,75.03,73.34,74.87,235200,72.35
2011-09-12,72.63,73.94,71.11,73.90,290200,71.42
2011-09-09,73.00,74.93,72.34,73.78,285800,71.30
2011-09-08,71.38,76.84,70.60,74.09,886300,71.60
2011-09-07,71.03,72.50,70.86,71.99,560600,69.57
2011-09-06,67.00,69.42,66.10,69.34,287000,67.01
2011-09-02,68.00,72.38,67.15,68.25,409600,65.96
2011-09-01,68.90,70.24,68.39,69.13,229700,66.81
2011-08-31,70.00,70.88,67.92,68.88,323600,66.56
2011-08-30,67.45,70.08,67.00,69.75,339800,67.40
2011-08-29,67.00,68.85,66.26,68.01,215000,65.72
2011-08-26,63.75,66.00,62.60,65.85,207400,63.64
2011-08-25,64.75,65.66,63.34,64.29,248500,62.13
2011-08-24,63.17,64.68,62.80,64.21,299900,62.05
2011-08-23,62.45,63.87,61.33,63.46,404900,61.33
2011-08-22,64.50,64.98,61.26,62.06,307600,59.97
2011-08-19,62.27,66.09,62.01,62.89,395300,60.78
2011-08-18,63.19,64.02,61.64,62.99,436100,60.87
2011-08-17,66.58,67.67,65.09,65.52,266600,63.32
2011-08-16,67.44,68.20,64.56,66.27,249600,64.04
2011-08-15,66.98,68.72,66.39,68.13,325900,65.84
2011-08-12,67.28,68.25,65.64,66.21,354200,63.98
2011-08-11,62.00,67.31,61.00,66.54,739300,64.30
2011-08-10,58.00,64.81,57.90,62.40,1138900,60.30
2011-08-09,53.51,59.39,53.51,57.90,701300,55.95
2011-08-08,56.73,58.99,53.10,53.57,1193500,51.77
2011-08-05,62.86,64.92,58.67,61.63,759500,59.56
2011-08-04,67.99,67.99,63.68,63.86,785300,61.71
2011-08-03,68.36,69.81,65.54,69.25,404300,66.19
2011-08-02,69.75,70.51,67.27,68.34,475600,65.32
2011-08-01,72.00,72.00,68.68,69.42,438800,66.35
2011-07-29,70.24,73.37,67.50,70.49,1533400,67.37
2011-07-28,62.67,65.13,61.78,63.87,347900,61.04
2011-07-27,63.62,64.03,62.77,63.22,280900,60.42
2011-07-26,63.79,64.96,63.03,64.46,158800,61.61
2011-07-25,63.59,64.56,62.96,63.68,227000,60.86
2011-07-22,64.37,66.40,63.81,64.42,386000,61.57
2011-07-21,64.09,65.23,62.76,63.54,306200,60.73
2011-07-20,65.31,65.68,62.94,63.42,301500,60.61
2011-07-19,64.36,66.17,62.55,64.76,670100,61.89
2011-07-18,60.50,64.86,59.55,64.34,611600,61.49
2011-07-15,58.86,62.00,58.86,60.59,513800,57.91
2011-07-14,57.30,58.85,57.01,58.66,231500,56.06
2011-07-13,56.99,58.23,56.40,57.16,173900,54.63
2011-07-12,56.68,58.00,56.09,56.38,157800,53.89
2011-07-11,58.00,58.69,56.76,57.24,393100,54.71
2011-07-08,57.63,59.99,56.42,58.81,344000,56.21
2011-07-07,58.01,59.20,57.46,58.74,302800,56.14
2011-07-06,57.85,58.50,57.43,57.82,184700,55.26
2011-07-05,55.18,58.40,55.00,57.74,462700,55.19
2011-07-01,53.31,55.74,52.42,55.62,294600,53.16
2011-06-30,53.25,54.15,53.00,53.34,212000,50.98
2011-06-29,51.47,53.47,51.27,53.02,168200,50.67
2011-06-28,50.47,51.34,50.41,51.20,87100,48.93
2011-06-27,50.83,51.89,50.25,50.31,269200,48.08
2011-06-24,50.22,51.27,50.14,51.16,97500,48.90
2011-06-23,49.47,50.71,49.01,50.31,150500,48.08
2011-06-22,50.80,51.90,50.00,50.47,138800,48.24
2011-06-21,48.79,51.08,48.54,50.96,231900,48.71
2011-06-20,49.68,50.50,47.70,48.79,316900,46.63
2011-06-17,51.14,51.37,49.02,49.97,336600,47.76
2011-06-16,51.99,52.39,49.57,50.94,256700,48.69
2011-06-15,51.73,52.68,51.07,52.39,167400,50.07
2011-06-14,51.53,52.43,51.08,52.07,171200,49.77
2011-06-13,52.48,53.13,51.00,51.27,233400,49.00
2011-06-10,52.78,52.96,51.85,52.49,114500,50.17
2011-06-09,51.45,53.01,50.75,52.93,183000,50.59
2011-06-08,51.78,52.44,51.03,51.30,174300,49.03
2011-06-07,51.92,52.87,50.85,51.83,316600,49.54
2011-06-06,53.18,53.50,50.80,52.45,341600,50.13
2011-06-03,53.27,54.50,52.70,53.46,267600,51.09
2011-06-02,54.35,55.05,52.33,54.94,396600,52.51
2011-06-01,55.25,56.48,54.00,54.55,603700,52.14
2011-05-31,56.90,57.94,55.03,55.35,362400,52.90
2011-05-27,55.39,56.66,55.37,55.89,146200,53.42
2011-05-26,54.78,55.50,54.35,55.47,172600,53.02
2011-05-25,53.48,54.90,53.37,54.82,199000,52.39
2011-05-24,53.83,54.89,53.46,54.04,173000,51.65
2011-05-23,53.05,54.25,52.24,53.36,223500,51.00
2011-05-20,53.28,54.83,52.39,54.04,329100,51.65
2011-05-19,51.83,54.00,51.27,53.72,412000,51.34
2011-05-18,49.82,51.79,49.51,51.18,965200,48.92
2011-05-17,52.70,52.75,47.58,48.37,1772100,46.23
2011-05-16,53.54,54.71,52.74,52.89,151000,50.55
2011-05-13,54.88,55.45,52.91,53.70,224100,51.32
2011-05-12,53.81,54.63,52.56,53.75,329000,51.37
2011-05-11,56.77,56.98,54.11,54.82,242400,52.39
2011-05-10,54.79,57.06,54.50,56.40,277500,53.90
2011-05-09,54.54,55.47,53.30,54.94,257600,52.51
2011-05-06,53.76,55.72,53.54,54.50,229000,52.09
2011-05-05,54.25,54.68,51.32,53.45,745600,51.09
2011-05-04,55.85,56.64,53.74,55.14,581100,52.70
2011-05-03,58.54,58.99,56.44,57.37,466100,54.11
2011-05-02,59.19,59.95,58.50,59.00,556400,55.64
2011-04-29,58.83,59.34,58.04,58.89,239000,55.54
2011-04-28,58.14,58.83,57.73,58.51,297900,55.18
2011-04-27,57.81,58.78,57.02,58.38,307900,55.06
2011-04-26,56.45,57.63,56.00,57.63,462000,54.35
2011-04-25,56.62,57.86,55.07,56.21,211500,53.01
2011-04-21,57.11,58.30,56.70,56.87,295700,53.63
2011-04-20,55.76,56.75,55.03,56.40,318100,53.19
2011-04-19,53.50,54.98,53.23,54.68,282500,51.57
2011-04-18,53.69,54.53,53.25,53.50,221900,50.46
2011-04-15,54.03,54.64,53.87,54.56,206100,51.46
2011-04-14,53.64,54.20,53.10,54.04,299200,50.96
2011-04-13,53.05,54.40,53.05,53.82,346300,50.76
2011-04-12,54.01,54.43,50.42,52.94,1095500,49.93
2011-04-11,56.50,56.50,53.51,54.64,519500,51.53
2011-04-08,55.72,56.86,55.38,56.24,300200,53.04
2011-04-07,54.30,55.64,54.28,55.53,321000,52.37
2011-04-06,53.87,54.97,53.83,54.28,368500,51.19
2011-04-05,53.24,53.97,53.01,53.72,307100,50.66
2011-04-04,53.45,54.77,53.13,53.66,255800,50.61
2011-04-01,53.67,54.90,53.37,53.45,443100,50.41
2011-03-31,54.10,55.58,52.59,53.84,952600,50.78
2011-03-30,51.43,54.82,51.43,54.36,514500,51.27
2011-03-29,50.71,51.38,50.59,51.02,416600,48.12
2011-03-28,51.09,52.38,50.92,51.12,522800,48.21
2011-03-25,50.28,51.50,49.66,51.09,448600,48.18
2011-03-24,49.75,50.50,49.31,50.33,535000,47.47
2011-03-23,48.57,50.00,48.03,49.76,558500,46.93
2011-03-22,48.00,49.14,47.39,48.48,616700,45.72
2011-03-21,47.62,48.25,46.73,48.09,843600,45.35
2011-03-18,44.90,48.25,44.70,47.94,1645300,45.21
2011-03-17,43.50,44.80,43.28,44.66,437300,42.12
2011-03-16,43.17,43.95,42.36,43.14,251300,40.69
2011-03-15,42.84,43.89,41.58,43.06,339200,40.61
2011-03-14,43.38,43.97,43.03,43.79,261600,41.30
2011-03-11,41.34,44.01,41.00,43.37,444900,40.90
2011-03-10,43.22,43.25,40.55,41.95,862300,39.56
2011-03-09,44.20,44.55,43.34,43.76,327700,41.27
2011-03-08,44.65,44.65,44.26,44.35,289200,41.83
2011-03-07,45.04,45.08,44.33,44.57,356400,42.03
2011-03-04,44.31,44.99,44.12,44.89,2422000,42.34
2011-03-03,46.60,46.93,46.17,46.30,196200,43.67
2011-03-02,45.05,46.05,45.04,45.97,157200,43.35
2011-03-01,45.62,45.94,45.06,45.28,211200,42.70
2011-02-28,45.11,46.25,45.11,45.62,259800,43.02
2011-02-25,44.95,45.24,44.71,45.06,139700,42.50
2011-02-24,44.72,45.00,44.56,44.90,99400,42.34
2011-02-23,44.55,45.10,44.12,44.55,161100,42.01
2011-02-22,44.49,44.65,44.13,44.53,147500,42.00
2011-02-18,44.25,44.66,44.00,44.65,187300,42.11
2011-02-17,44.41,44.42,43.83,43.87,113600,41.37
2011-02-16,44.01,44.44,43.81,44.27,111600,41.75
2011-02-15,44.04,44.06,43.66,44.00,118700,41.50
2011-02-14,43.93,44.19,43.50,43.60,106400,41.12
2011-02-11,43.00,43.75,43.00,43.54,123300,41.06
2011-02-10,43.00,43.25,42.83,43.15,88000,40.69
2011-02-09,43.11,43.35,42.87,43.17,79400,40.71
2011-02-08,43.20,43.32,42.75,42.87,135800,40.43
2011-02-07,42.96,43.43,42.95,43.15,144700,40.69
2011-02-04,43.65,43.65,42.76,42.98,143800,40.53
2011-02-03,43.37,44.00,42.32,43.55,241300,41.07
2011-02-02,44.75,44.99,44.09,44.13,320400,40.90
2011-02-01,44.00,44.50,43.86,44.33,357600,41.09
2011-01-31,42.23,43.64,42.23,43.46,258600,40.28
2011-01-28,42.73,42.99,41.96,42.21,222500,39.12
2011-01-27,42.57,43.10,42.47,42.89,147200,39.75
2011-01-26,42.09,42.49,41.86,42.48,147100,39.37
2011-01-25,42.32,42.45,41.12,41.86,183400,38.80
2011-01-24,41.33,42.35,40.52,42.20,279600,39.11
2011-01-21,40.45,41.93,40.45,41.17,177600,38.16
2011-01-20,41.90,41.90,39.53,40.45,417600,37.49
2011-01-19,43.62,43.62,41.90,41.99,244700,38.92
2011-01-18,43.17,43.70,43.03,43.10,285000,39.95
2011-01-14,42.62,43.75,42.62,43.56,161900,40.37
2011-01-13,42.75,43.17,42.62,42.74,180300,39.61
2011-01-12,42.30,42.87,42.25,42.75,164600,39.62
2011-01-11,42.06,42.34,41.70,42.33,170900,39.23
2011-01-10,41.24,41.83,40.94,41.70,161400,38.65
2011-01-07,40.88,41.19,40.65,40.89,122500,37.90
2011-01-06,40.30,40.85,40.04,40.64,208900,37.67
2011-01-05,39.68,40.00,39.65,39.82,145100,36.91
2011-01-04,40.28,40.28,39.20,39.58,123500,36.69
2011-01-03,39.50,40.27,39.50,39.66,158500,36.76
2010-12-31,39.50,39.68,39.21,39.25,71800,36.38
2010-12-30,39.59,39.96,39.33,39.51,100800,36.62
2010-12-29,39.31,39.91,39.31,39.85,93600,36.94
2010-12-28,39.48,39.58,39.28,39.40,88600,36.52
2010-12-27,39.50,39.64,39.35,39.48,55400,36.59
2010-12-23,39.41,39.70,39.35,39.65,95900,36.75
2010-12-22,39.00,39.48,38.99,39.41,130900,36.53
2010-12-21,38.46,38.99,38.46,38.99,107900,36.14
2010-12-20,37.89,38.46,37.88,38.46,101100,35.65
2010-12-17,38.14,38.16,37.79,37.85,101500,35.08
2010-12-16,38.00,38.28,37.91,38.11,104400,35.32
2010-12-15,38.62,38.92,38.00,38.00,146700,35.22
2010-12-14,38.22,38.69,38.20,38.42,141700,35.61
2010-12-13,38.12,38.76,38.12,38.35,330600,35.55
2010-12-10,38.30,38.55,38.03,38.16,256300,35.37
2010-12-09,38.60,38.94,38.22,38.25,268100,35.45
2010-12-08,39.48,39.68,38.60,38.62,196400,35.80
2010-12-07,40.14,40.24,39.50,39.69,202500,36.79
2010-12-06,39.81,39.91,39.28,39.70,180400,36.80
2010-12-03,39.45,39.48,38.96,39.30,226700,36.43
2010-12-02,38.70,39.21,38.42,38.84,142300,36.00
2010-12-01,38.26,38.66,38.18,38.40,144800,35.59
2010-11-30,38.25,38.32,38.02,38.18,96600,35.39
2010-11-29,38.39,38.50,38.09,38.16,77200,35.37
2010-11-26,38.49,38.60,38.27,38.32,38300,35.52
2010-11-24,38.55,38.86,38.34,38.53,71600,35.71
2010-11-23,38.28,38.37,38.00,38.18,127000,35.39
2010-11-22,38.77,38.88,38.42,38.51,136400,35.69
2010-11-19,38.27,38.86,38.04,38.78,141700,35.94
2010-11-18,38.10,38.82,37.94,38.41,133500,35.60
2010-11-17,37.75,38.38,37.75,37.90,141700,35.13
2010-11-16,38.50,38.50,37.24,37.59,245200,34.84
2010-11-15,38.00,39.00,37.98,38.64,221600,35.81
2010-11-12,38.19,38.38,37.90,37.95,206700,35.17
2010-11-11,38.00,38.49,37.85,38.38,190800,35.57
2010-11-10,38.91,39.00,37.90,38.15,392900,35.36
2010-11-09,38.35,39.60,38.09,39.18,342500,36.31
2010-11-08,38.60,38.60,38.01,38.33,250800,35.53
2010-11-05,38.00,38.51,37.50,38.51,311600,35.69
2010-11-04,36.70,37.26,36.69,37.21,244900,34.49
2010-11-03,36.61,36.85,36.35,36.60,212600,33.92
2010-11-02,37.45,37.70,37.06,37.52,271200,34.07
2010-11-01,37.49,37.78,37.08,37.11,279100,33.70
2010-10-29,37.15,37.50,37.00,37.46,261800,34.02
2010-10-28,36.99,37.00,36.67,37.00,120200,33.60
2010-10-27,36.76,36.87,36.55,36.67,164000,33.30
2010-10-26,36.57,36.86,36.46,36.70,140600,33.33
2010-10-25,36.56,36.75,36.34,36.53,115900,33.17
2010-10-22,36.40,36.45,36.10,36.45,72700,33.10
2010-10-21,36.40,36.53,36.10,36.27,106900,32.94
2010-10-20,36.12,36.40,35.80,36.40,136100,33.06
2010-10-19,36.21,36.29,35.58,35.74,133800,32.46
2010-10-18,36.12,36.50,36.00,36.40,200600,33.06
2010-10-15,35.91,36.15,35.30,36.15,187600,32.83
2010-10-14,36.04,36.38,35.75,36.01,159700,32.70
2010-10-13,36.12,36.53,36.00,36.22,205600,32.89
2010-10-12,36.22,36.22,35.55,36.01,195600,32.70
2010-10-11,35.77,36.34,35.60,36.22,195700,32.89
2010-10-08,35.53,36.11,35.45,35.95,155100,32.65
2010-10-07,36.00,36.00,35.52,35.66,187500,32.38
2010-10-06,35.50,35.99,35.50,35.99,202700,32.68
2010-10-05,35.80,35.80,35.37,35.64,139900,32.37
2010-10-04,35.78,35.80,35.35,35.38,122500,32.13
2010-10-01,35.30,35.95,35.04,35.74,182300,32.46
2010-09-30,35.00,35.35,34.97,35.07,172400,31.85
2010-09-29,34.90,35.19,34.64,34.94,212900,31.73
2010-09-28,34.18,34.78,34.02,34.71,117400,31.52
2010-09-27,34.30,34.55,34.09,34.26,120800,31.11
2010-09-24,34.31,34.49,34.17,34.23,132500,31.09
2010-09-23,34.40,34.42,34.05,34.14,154000,31.00
2010-09-22,34.56,34.84,34.39,34.65,122900,31.47
2010-09-21,34.50,34.70,34.35,34.48,129300,31.31
2010-09-20,34.60,34.67,34.37,34.47,132300,31.30
2010-09-17,34.28,34.53,33.81,34.44,172800,31.28
2010-09-16,34.39,34.39,33.88,34.33,82300,31.18
2010-09-15,34.44,34.44,34.05,34.05,138700,30.92
2010-09-14,34.70,34.81,34.31,34.33,112700,31.18
2010-09-13,34.60,34.79,34.50,34.70,132400,31.51
2010-09-10,34.76,34.86,34.26,34.42,117000,31.26
2010-09-09,34.51,34.74,34.20,34.56,164000,31.39
2010-09-08,34.20,34.35,34.05,34.17,170700,31.03
2010-09-07,34.26,34.43,34.00,34.20,118700,31.06
2010-09-03,34.46,34.64,34.05,34.29,141800,31.14
2010-09-02,34.20,34.38,33.88,34.34,130400,31.19
2010-09-01,34.00,34.20,33.72,34.20,191500,31.06
2010-08-31,33.26,33.96,33.22,33.62,152200,30.53
2010-08-30,33.23,33.45,33.01,33.22,102100,30.17
2010-08-27,33.14,33.50,32.65,33.26,157400,30.20
2010-08-26,32.74,33.05,32.53,32.89,132900,29.87
2010-08-25,32.60,32.67,31.83,32.67,184700,29.67
2010-08-24,32.04,32.80,31.68,32.60,165200,29.61
2010-08-23,32.38,32.94,32.06,32.66,209800,29.66
2010-08-20,33.05,33.19,32.06,32.50,372100,29.51
2010-08-19,33.36,33.77,33.10,33.23,218400,30.18
2010-08-18,33.47,33.96,33.20,33.59,364900,30.50
2010-08-17,34.07,34.19,34.00,34.15,284800,31.01
2010-08-16,34.20,34.20,33.91,33.99,183500,30.87
2010-08-13,34.00,34.15,33.80,34.09,241900,30.96
2010-08-12,33.51,34.15,33.35,34.15,409500,31.01
2010-08-11,33.75,34.13,33.65,33.79,1842000,30.69
2010-08-10,35.80,36.20,34.80,35.44,325000,32.18
2010-08-09,36.48,36.53,35.79,36.31,178900,32.97
2010-08-06,36.24,36.73,35.86,36.73,165500,33.36
2010-08-05,37.10,37.40,36.30,36.64,147300,33.27
2010-08-04,36.54,37.43,36.44,37.10,175100,33.69
2010-08-03,37.75,37.90,37.26,37.61,211500,33.47
2010-08-02,37.43,37.64,37.35,37.50,220000,33.37
2010-07-30,36.68,37.39,36.52,37.17,142000,33.08
2010-07-29,36.52,36.90,36.23,36.79,158100,32.74
2010-07-28,36.35,36.52,36.04,36.48,119900,32.46
2010-07-27,37.23,37.39,35.94,36.37,194300,32.36
2010-07-26,36.48,37.40,36.25,37.02,274600,32.94
2010-07-23,36.14,36.48,35.84,36.48,168700,32.46
2010-07-22,36.24,36.38,35.76,35.91,216100,31.96
2010-07-21,35.72,35.97,35.30,35.65,183200,31.72
2010-07-20,34.67,35.77,34.52,35.66,334600,31.73
2010-07-19,34.48,34.75,34.06,34.72,119000,30.90
2010-07-16,34.90,34.90,33.83,34.28,210700,30.50
2010-07-15,34.77,34.82,34.30,34.78,168300,30.95
2010-07-14,35.00,35.26,34.70,34.74,211600,30.91
2010-07-13,34.75,35.00,34.38,34.77,389700,30.94
2010-07-12,34.00,34.48,33.80,34.22,227600,30.45
2010-07-09,33.50,34.10,33.38,34.00,286100,30.26
2010-07-08,32.59,33.60,32.59,33.22,494800,29.56
2010-07-07,32.03,32.19,31.20,31.99,174500,28.47
2010-07-06,31.87,32.59,31.36,31.70,146000,28.21
2010-07-02,31.17,31.54,30.76,31.47,79200,28.00
2010-07-01,31.20,31.30,30.01,31.08,172200,27.66
2010-06-30,31.50,32.03,31.20,31.20,94600,27.76
2010-06-29,32.00,32.33,31.25,31.33,192000,27.88
2010-06-28,32.85,32.85,32.33,32.42,101100,28.85
2010-06-25,32.19,32.83,31.83,32.83,114500,29.21
2010-06-24,32.00,32.45,31.72,32.16,329800,28.62
2010-06-23,31.60,32.52,31.59,32.26,124400,28.71
2010-06-22,32.93,33.26,32.35,32.64,168300,29.05
2010-06-21,33.00,33.84,32.30,32.68,234100,29.08
2010-06-18,31.75,32.74,31.70,32.33,207100,28.77
2010-06-17,31.60,31.90,31.25,31.61,83100,28.13
2010-06-16,30.88,31.70,30.75,31.56,145500,28.08
2010-06-15,30.71,31.15,30.20,30.95,127000,27.54
2010-06-14,30.95,31.50,30.28,30.28,166300,26.95
2010-06-11,30.40,30.85,30.13,30.77,102200,27.38
2010-06-10,29.97,30.48,29.89,30.48,145300,27.12
2010-06-09,29.17,29.80,29.00,29.56,92500,26.30
2010-06-08,29.38,29.38,28.36,29.11,134400,25.90
2010-06-07,30.39,30.39,28.72,28.85,235400,25.67
2010-06-04,30.54,30.86,29.67,29.98,186600,26.68
2010-06-03,29.29,30.58,29.25,30.55,158500,27.19
2010-06-02,28.19,29.19,28.01,29.19,142800,25.98
2010-06-01,29.00,29.26,28.09,28.09,105300,25.00
2010-05-28,29.24,29.72,28.88,29.27,223300,26.05
2010-05-27,28.81,29.16,28.29,29.09,265900,25.89
2010-05-26,27.00,28.85,26.84,28.08,354600,24.99
2010-05-25,27.53,27.53,25.60,26.54,401300,23.62
2010-05-24,27.36,28.08,27.10,27.10,185200,24.12
2010-05-21,26.76,28.29,25.52,27.36,505200,24.35
2010-05-20,27.98,28.48,27.01,27.16,501900,24.17
2010-05-19,29.50,29.64,27.47,29.50,537500,26.25
2010-05-18,30.42,30.99,29.61,29.80,165300,26.52
2010-05-17,31.25,31.25,29.55,30.02,236400,26.71
2010-05-14,31.63,31.65,30.07,30.93,182400,27.52
2010-05-13,31.57,32.22,31.09,31.38,170900,27.92
2010-05-12,30.05,32.05,30.05,31.15,313700,27.72
2010-05-11,29.76,30.75,29.60,30.03,321800,26.72
2010-05-10,32.00,32.40,30.76,30.92,350200,27.51
2010-05-07,29.64,30.73,28.64,30.36,515300,27.02
2010-05-06,31.70,31.75,21.24,29.29,906400,26.06
2010-05-05,32.50,32.51,29.14,31.90,686000,28.39
2010-05-04,34.81,34.90,33.65,33.96,295200,29.55
2010-05-03,34.70,34.95,34.31,34.92,253300,30.38
2010-04-30,34.17,34.77,34.01,34.61,173100,30.11
2010-04-29,33.70,34.24,33.40,34.18,190600,29.74
2010-04-28,33.10,33.87,33.08,33.58,143600,29.22
2010-04-27,33.50,33.78,32.93,33.05,146100,28.76
2010-04-26,33.40,34.01,33.21,33.63,186300,29.26
2010-04-23,32.90,33.65,32.58,33.28,149100,28.96
2010-04-22,32.60,33.14,32.40,32.85,104900,28.58
2010-04-21,32.91,32.91,32.50,32.67,97800,28.42
2010-04-20,32.27,33.24,32.27,32.67,126800,28.42
2010-04-19,32.25,32.80,32.14,32.37,113700,28.16
2010-04-16,32.86,32.96,32.26,32.51,258600,28.29
2010-04-15,32.87,32.99,32.56,32.86,188800,28.59
2010-04-14,32.20,32.87,32.20,32.71,136400,28.46
2010-04-13,32.21,32.50,32.00,32.20,251200,28.02
2010-04-12,32.70,32.75,32.26,32.53,236400,28.30
2010-04-09,33.00,33.15,32.70,32.82,184500,28.56
2010-04-08,32.92,33.24,32.12,33.13,220100,28.83
2010-04-07,33.44,33.44,32.76,33.00,189800,28.71
2010-04-06,32.83,33.45,32.61,33.42,209300,29.08
2010-04-05,32.24,32.84,32.18,32.76,163600,28.50
2010-04-01,31.92,32.25,31.83,32.18,114500,28.00
2010-03-31,31.90,32.16,31.67,31.92,99800,27.77
2010-03-30,31.45,31.97,31.36,31.90,94100,27.75
2010-03-29,31.23,31.49,31.00,31.39,99000,27.31
2010-03-26,31.15,31.37,30.80,30.91,119200,26.89
2010-03-25,31.66,31.69,31.15,31.23,155600,27.17
2010-03-24,31.16,31.68,31.11,31.52,123200,27.42
2010-03-23,31.01,31.54,30.76,31.51,200600,27.42
2010-03-22,30.89,31.24,29.80,31.22,389300,27.16
2010-03-19,31.98,31.98,30.46,31.30,475800,27.23
2010-03-18,32.14,32.14,31.22,31.98,300400,27.82
2010-03-17,31.29,32.41,30.70,31.94,804900,27.79
2010-03-16,32.29,32.79,31.82,32.69,209800,28.44
2010-03-15,32.50,32.51,31.68,32.29,227800,28.09
2010-03-12,32.80,32.80,32.27,32.50,243600,28.28
2010-03-11,32.49,32.93,32.45,32.81,220300,28.55
2010-03-10,32.00,32.72,31.91,32.60,226700,28.36
2010-03-09,32.00,32.09,31.70,32.00,236700,27.84
2010-03-08,31.60,31.95,31.40,31.95,277600,27.80
2010-03-05,31.00,31.33,30.82,31.23,154600,27.17
2010-03-04,31.18,31.18,30.50,30.82,208600,26.82
2010-03-03,30.95,31.06,30.63,30.95,236300,26.93
2010-03-02,31.00,31.20,30.74,30.95,294500,26.93
2010-03-01,30.89,30.90,30.56,30.88,212800,26.87
2010-02-26,30.60,30.89,30.42,30.89,131200,26.88
2010-02-25,30.16,30.59,30.00,30.58,179100,26.61
2010-02-24,30.00,30.45,30.00,30.35,157700,26.41
2010-02-23,30.25,30.29,30.00,30.02,284200,26.12
2010-02-22,30.28,30.50,30.25,30.39,320400,26.44
2010-02-19,29.95,30.15,29.61,30.10,305400,26.19
2010-02-18,30.38,30.42,29.68,29.79,298200,25.92
2010-02-17,29.65,30.22,29.53,30.14,418800,26.22
2010-02-16,29.80,30.00,29.35,29.52,401100,25.68
2010-02-12,29.25,29.51,28.70,29.51,301200,25.68
2010-02-11,29.00,29.34,28.65,29.30,440900,25.49
2010-02-10,28.70,28.98,28.56,28.97,410700,25.21
2010-02-09,28.08,29.02,28.00,28.60,2345900,24.88
2010-02-08,29.57,29.82,28.96,29.54,212100,25.70
2010-02-05,29.75,29.76,27.24,29.06,758500,25.28
2010-02-04,31.99,31.99,29.90,30.00,293500,26.10
2010-02-03,31.78,32.14,31.16,31.50,212300,27.41
2010-02-02,32.38,32.60,31.96,32.58,236500,27.69
2010-02-01,31.65,32.40,31.60,31.80,292800,27.03
2010-01-29,31.86,32.25,31.32,31.56,204600,26.82
2010-01-28,31.30,31.76,30.83,31.65,168900,26.90
2010-01-27,31.84,31.94,30.10,31.10,292000,26.43
2010-01-26,31.02,31.66,30.72,31.58,253800,26.84
2010-01-25,30.75,31.20,30.51,30.85,169400,26.22
2010-01-22,31.60,32.00,30.77,30.95,222900,26.30
2010-01-21,32.35,32.75,30.69,31.59,279400,26.85
2010-01-20,31.60,32.33,31.00,32.33,269500,27.48
2010-01-19,30.70,31.49,30.50,31.25,188700,26.56
2010-01-15,30.45,30.59,30.00,30.41,161000,25.85
2010-01-14,30.00,30.89,29.92,30.53,218800,25.95
2010-01-13,30.69,30.69,28.90,29.92,512800,25.43
2010-01-12,31.95,32.25,29.75,30.35,477300,25.79
2010-01-11,32.23,32.45,31.96,31.97,183900,27.17
2010-01-08,31.82,32.25,31.61,32.17,139500,27.34
2010-01-07,31.87,31.97,31.58,31.76,142200,26.99
2010-01-06,32.00,32.37,31.70,31.87,220100,27.09
2010-01-05,31.11,32.21,30.60,32.02,236800,27.21
2010-01-04,30.59,31.22,30.48,31.15,281200,26.47
2009-12-31,30.55,30.70,30.15,30.23,138400,25.69
2009-12-30,31.05,31.23,30.38,30.69,171500,26.08
2009-12-29,31.13,31.70,30.54,30.80,269900,26.18
2009-12-28,30.31,30.80,30.31,30.72,185200,26.11
2009-12-24,30.30,30.40,30.21,30.30,95100,25.75
2009-12-23,30.04,30.33,29.73,30.33,171600,25.78
2009-12-22,30.20,30.20,29.70,30.02,135000,25.51
2009-12-21,29.30,30.05,29.30,29.85,342900,25.37
2009-12-18,29.93,30.00,29.25,29.25,345600,24.86
2009-12-17,30.17,30.20,29.50,29.85,224500,25.37
2009-12-16,29.45,30.11,29.28,29.97,217000,25.47
2009-12-15,28.69,29.45,28.69,29.31,183000,24.91
2009-12-14,28.68,29.20,28.38,28.92,302900,24.58
2009-12-11,28.30,28.68,27.88,28.68,214100,24.38
2009-12-10,28.12,28.68,26.94,28.18,355800,23.95
2009-12-09,26.15,28.26,26.00,27.43,391600,23.31
2009-12-08,26.50,26.50,26.00,26.15,118600,22.22
2009-12-07,26.00,26.58,25.93,26.39,166000,22.43
2009-12-04,25.81,25.93,25.31,25.84,150800,21.96
2009-12-03,25.80,26.11,25.50,25.50,141900,21.67
2009-12-02,26.03,26.25,25.56,25.79,154100,21.92
2009-12-01,26.24,26.24,25.90,26.08,148500,22.17
2009-11-30,25.65,26.25,25.62,25.85,180600,21.97
2009-11-27,25.30,25.79,25.13,25.52,57800,21.69
2009-11-25,25.65,26.08,25.55,25.82,197700,21.94
2009-11-24,25.38,25.59,25.10,25.54,142700,21.71
2009-11-23,25.37,25.55,25.11,25.31,110700,21.51
2009-11-20,25.20,25.36,24.98,25.10,96000,21.33
2009-11-19,25.10,25.33,25.00,25.20,123900,21.42
2009-11-18,25.50,25.51,25.10,25.22,99200,21.43
2009-11-17,25.50,25.50,25.12,25.48,155000,21.66
2009-11-16,25.35,25.50,25.21,25.48,142100,21.66
2009-11-13,25.25,25.35,24.76,25.19,172400,21.41
2009-11-12,25.35,25.47,24.60,25.02,131100,21.26
2009-11-11,25.50,25.65,25.11,25.40,136200,21.59
2009-11-10,25.50,25.62,25.10,25.44,139300,21.62
2009-11-09,24.52,25.37,24.50,25.30,319200,21.50
2009-11-06,24.92,25.43,24.71,24.81,144500,21.09
2009-11-05,25.14,25.35,24.24,25.29,138400,21.49
2009-11-04,24.26,25.04,24.24,24.84,289400,21.11
2009-11-03,25.92,25.92,25.31,25.40,300000,20.95
2009-11-02,25.08,25.82,25.08,25.54,274100,21.06
2009-10-30,25.55,25.89,24.67,25.08,303000,20.68
2009-10-29,24.86,25.56,24.50,25.52,315100,21.05
2009-10-28,26.11,26.37,24.09,24.36,637900,20.09
2009-10-27,26.04,26.78,25.95,26.78,246200,22.08
2009-10-26,27.20,27.48,25.72,25.87,377000,21.33
2009-10-23,26.84,27.23,26.61,26.78,315400,22.08
2009-10-22,26.15,26.51,25.93,26.48,232800,21.84
2009-10-21,26.35,27.19,25.93,26.53,326600,21.88
2009-10-20,26.20,26.60,26.00,26.08,209300,21.51
2009-10-19,26.60,26.73,26.29,26.34,273700,21.72
2009-10-16,26.50,26.85,26.05,26.58,199400,21.92
2009-10-15,25.89,26.93,25.79,26.50,240900,21.85
2009-10-14,25.50,25.83,25.21,25.79,276900,21.27
2009-10-13,25.20,25.47,24.92,25.32,207000,20.88
2009-10-12,25.04,25.55,24.99,25.20,326700,20.78
2009-10-09,24.35,24.89,24.22,24.61,183900,20.30
2009-10-08,24.11,24.50,23.90,24.41,299900,20.13
2009-10-07,24.03,24.10,23.75,24.03,182600,19.82
2009-10-06,24.06,24.25,23.60,24.03,442200,19.82
2009-10-05,23.70,23.77,23.15,23.68,305000,19.53
2009-10-02,23.15,23.77,22.90,23.58,292400,19.45
2009-10-01,23.30,23.44,22.99,23.14,294900,19.08
2009-09-30,23.20,23.44,22.95,23.25,381500,19.17
2009-09-29,22.96,23.19,22.87,23.10,320800,19.05
2009-09-28,23.07,23.25,22.92,23.06,302800,19.02
2009-09-25,22.83,23.30,22.82,23.21,1387300,19.14
2009-09-24,24.58,24.79,23.90,24.16,265700,19.92
2009-09-23,24.65,24.79,24.37,24.70,163600,20.37
2009-09-22,24.10,24.64,23.85,24.21,194700,19.97
2009-09-21,23.90,23.94,23.15,23.84,152100,19.66
2009-09-18,23.79,23.80,23.15,23.64,214400,19.50
2009-09-17,23.60,23.75,23.30,23.56,206100,19.43
2009-09-16,23.60,23.60,23.20,23.24,197900,19.17
2009-09-15,23.46,23.69,23.10,23.20,244200,19.13
2009-09-14,23.18,23.60,23.00,23.42,219800,19.31
2009-09-11,22.80,23.16,22.75,22.90,183900,18.88
2009-09-10,22.78,23.30,22.36,22.68,172300,18.70
2009-09-09,22.40,22.76,22.19,22.59,218400,18.63
2009-09-08,22.45,22.49,22.01,22.29,161200,18.38
2009-09-04,21.86,22.28,21.65,22.28,157900,18.37
2009-09-03,21.65,21.78,21.40,21.56,107400,17.78
2009-09-02,21.31,21.54,21.30,21.34,130500,17.60
2009-09-01,21.75,21.86,21.21,21.51,240100,17.74
2009-08-31,21.80,21.95,21.50,21.78,156000,17.96
2009-08-28,21.75,21.95,21.55,21.80,173600,17.98
2009-08-27,21.73,21.76,21.30,21.73,173700,17.92
2009-08-26,21.32,21.71,21.10,21.65,181800,17.85
2009-08-25,21.30,21.38,21.00,21.20,153300,17.48
2009-08-24,21.50,21.84,20.90,21.28,308700,17.55
2009-08-21,20.81,21.16,20.76,21.06,202500,17.37
2009-08-20,20.80,20.82,20.37,20.74,86900,17.10
2009-08-19,20.12,20.79,19.85,20.62,167000,17.00
2009-08-18,20.25,20.65,20.25,20.44,168700,16.86
2009-08-17,20.40,20.40,19.69,20.19,179200,16.65
2009-08-14,20.40,20.60,20.00,20.50,169800,16.91
2009-08-13,20.22,20.37,19.87,20.18,152000,16.64
2009-08-12,19.91,20.25,19.65,19.75,254600,16.29
2009-08-11,21.00,21.15,19.80,19.92,258500,16.43
2009-08-10,21.15,21.50,20.90,21.13,214700,17.43
2009-08-07,21.37,21.46,20.57,21.14,202800,17.43
2009-08-06,21.30,21.65,20.32,20.80,237800,17.15
2009-08-05,22.11,22.24,20.84,21.32,361300,17.58
2009-08-04,22.50,23.19,22.40,22.80,535600,18.18
2009-08-03,22.00,22.40,21.90,22.35,363400,17.82
2009-07-31,21.21,21.84,21.03,21.71,303400,17.31
2009-07-30,21.00,21.20,20.82,21.09,216600,16.82
2009-07-29,21.00,21.09,20.25,20.97,240000,16.72
2009-07-28,20.95,21.16,20.30,21.09,212100,16.82
2009-07-27,20.50,21.10,20.50,21.10,245900,16.83
2009-07-24,20.32,20.45,20.16,20.43,183000,16.29
2009-07-23,20.00,20.39,19.98,20.24,177100,16.14
2009-07-22,19.90,20.34,19.59,20.05,185300,15.99
2009-07-21,19.94,19.95,19.39,19.77,171700,15.77
2009-07-20,19.19,19.86,19.00,19.68,271200,15.69
2009-07-17,18.80,18.94,18.57,18.90,189200,15.07
2009-07-16,18.69,18.95,18.53,18.86,116100,15.04
2009-07-15,18.11,18.83,18.10,18.53,181100,14.78
2009-07-14,18.40,18.70,17.80,18.00,184000,14.35
2009-07-13,18.70,18.70,18.01,18.28,152200,14.58
2009-07-10,18.35,18.64,18.00,18.32,108100,14.61
2009-07-09,17.89,18.56,17.89,18.31,137700,14.60
2009-07-08,18.10,18.47,17.57,17.89,125100,14.27
2009-07-07,18.58,18.58,18.01,18.10,107800,14.43
2009-07-06,18.88,18.96,18.15,18.44,158900,14.70
2009-07-02,19.06,19.13,18.50,18.70,108300,14.91
2009-07-01,18.90,19.52,18.67,18.93,268300,15.10
2009-06-30,19.11,19.11,18.37,18.87,129800,15.05
2009-06-29,19.38,19.40,18.66,18.76,88600,14.96
2009-06-26,18.67,19.33,18.30,19.24,149500,15.34
2009-06-25,18.40,18.75,18.26,18.60,89100,14.83
2009-06-24,17.58,18.50,17.50,18.31,154400,14.60
2009-06-23,17.97,18.07,17.00,17.62,143800,14.05
2009-06-22,18.70,18.79,17.01,17.53,456500,13.98
2009-06-19,18.55,19.19,18.11,19.19,214200,15.30
2009-06-18,18.73,18.99,18.02,18.51,171600,14.76
2009-06-17,19.45,19.60,17.52,18.73,585300,14.94
2009-06-16,20.40,20.40,19.05,19.45,265700,15.51
2009-06-15,20.50,20.57,20.11,20.19,247800,16.10
2009-06-12,20.50,20.70,20.30,20.70,446200,16.51
2009-06-11,20.21,20.40,20.09,20.40,1266600,16.27
2009-06-10,22.55,22.55,21.50,21.59,130500,17.22
2009-06-09,22.70,23.14,22.32,22.33,91600,17.81
2009-06-08,22.45,23.14,22.01,22.80,102000,18.18
2009-06-05,22.98,23.23,22.38,22.55,87400,17.98
2009-06-04,22.00,22.60,22.00,22.56,59100,17.99
2009-06-03,22.69,23.00,21.24,21.91,108700,17.47
2009-06-02,20.00,22.75,19.50,22.47,314800,17.92
2009-06-01,22.20,23.30,21.75,21.89,292600,17.46
2009-05-29,20.13,21.23,19.84,21.22,159400,16.92
2009-05-28,18.91,19.90,18.91,19.83,100100,15.81
2009-05-27,19.20,19.75,18.82,18.96,132100,15.12
2009-05-26,19.18,19.32,18.80,19.23,88200,15.33
2009-05-22,19.14,19.20,18.86,19.10,45100,15.23
2009-05-21,19.10,19.18,18.77,18.84,64200,15.02
2009-05-20,19.00,19.20,18.88,19.06,75400,15.20
2009-05-19,18.99,19.09,18.66,18.88,84900,15.06
2009-05-18,18.92,19.11,18.55,19.11,96600,15.24
2009-05-15,19.11,19.11,18.29,18.45,127600,14.71
2009-05-14,18.09,18.99,17.95,18.99,124400,15.14
2009-05-13,19.04,19.10,18.00,18.29,178500,14.59
2009-05-12,19.00,19.09,18.79,19.05,120600,15.19
2009-05-11,18.75,18.99,18.52,18.94,83100,15.10
2009-05-08,18.50,19.04,18.20,18.94,188700,15.10
2009-05-07,18.45,18.70,17.51,18.05,140300,14.39
2009-05-06,19.00,19.00,17.55,18.35,155700,14.63
2009-05-05,19.10,19.21,18.88,19.01,212900,14.56
2009-05-04,18.61,19.19,18.60,19.05,150500,14.59
2009-05-01,18.15,18.30,17.98,18.25,111200,13.98
2009-04-30,18.15,18.81,17.91,18.05,156800,13.82
2009-04-29,18.29,18.84,18.01,18.15,127000,13.90
2009-04-28,17.33,18.08,17.25,17.99,70100,13.78
2009-04-27,17.13,17.50,16.82,17.26,78900,13.22
2009-04-24,17.75,18.14,17.50,17.65,104800,13.52
2009-04-23,16.60,17.49,16.52,17.48,48800,13.39
2009-04-22,15.95,16.96,15.90,16.60,57900,12.71
2009-04-21,16.15,16.26,15.31,15.81,97200,12.11
2009-04-20,17.65,17.75,16.10,16.33,88000,12.51
2009-04-17,17.15,17.71,17.01,17.68,48200,13.54
2009-04-16,17.00,17.25,16.25,17.24,88900,13.20
2009-04-15,17.16,17.16,16.64,16.98,49200,13.00
2009-04-14,17.00,17.35,16.82,17.01,76700,13.03
2009-04-13,16.25,17.19,16.24,16.98,90400,13.00
2009-04-09,15.27,16.28,15.27,16.15,65600,12.37
2009-04-08,14.94,15.40,14.81,15.22,23700,11.66
2009-04-07,15.25,15.70,14.96,14.99,62100,11.48
2009-04-06,15.42,15.71,15.00,15.37,61200,11.77
2009-04-03,15.04,15.65,14.90,15.42,33500,11.81
2009-04-02,14.68,15.40,14.68,14.86,77300,11.38
2009-04-01,14.69,14.81,14.01,14.11,94700,10.81
2009-03-31,14.81,14.95,14.38,14.50,56900,11.11
2009-03-30,15.31,15.52,14.26,14.43,112600,11.05
2009-03-27,17.15,17.15,16.07,16.10,79000,12.33
2009-03-26,17.03,17.17,16.65,16.95,41100,12.98
2009-03-25,16.55,17.00,16.42,16.66,39300,12.76
2009-03-24,16.73,16.90,16.41,16.70,47400,12.79
2009-03-23,16.32,16.55,16.09,16.53,81400,12.66
2009-03-20,16.00,16.48,15.80,16.00,58800,12.25
2009-03-19,15.90,16.20,15.65,16.00,114000,12.25
2009-03-18,15.86,15.86,15.34,15.55,33700,11.91
2009-03-17,15.65,15.65,14.84,15.58,69900,11.93
2009-03-16,15.30,15.90,15.29,15.36,86400,11.76
2009-03-13,15.10,15.89,15.01,15.26,149600,11.69
2009-03-12,13.39,13.91,13.02,13.88,80100,10.63
2009-03-11,13.75,14.24,13.27,13.42,69400,10.28
2009-03-10,12.66,13.99,12.66,13.36,89400,10.23
2009-03-09,12.55,13.33,12.55,12.78,37300,9.79
2009-03-06,12.80,13.00,12.50,12.51,64000,9.58
2009-03-05,13.96,13.96,12.70,12.71,47800,9.73
2009-03-04,13.47,14.10,13.28,13.94,64300,10.68
2009-03-03,13.13,13.40,12.75,13.16,82600,10.08
2009-03-02,14.60,14.60,12.68,12.92,84700,9.90
2009-02-27,15.09,15.24,14.26,14.76,84400,11.30
2009-02-26,14.61,15.80,14.48,15.39,73900,11.79
2009-02-25,13.54,14.47,13.34,14.27,68500,10.93
2009-02-24,13.04,13.59,12.50,13.36,71900,10.23
2009-02-23,13.60,14.07,12.70,12.79,103900,9.80
2009-02-20,14.24,14.38,13.12,13.48,127500,10.32
2009-02-19,15.10,15.67,14.30,14.43,59300,11.05
2009-02-18,15.66,15.66,14.76,14.91,65700,11.42
2009-02-17,17.00,17.00,15.24,15.24,106100,11.67
2009-02-13,17.06,17.59,16.72,17.04,62100,13.05
2009-02-12,15.70,16.66,15.51,16.65,41500,12.75
2009-02-11,16.04,16.69,15.53,15.70,50100,12.02
2009-02-10,17.01,17.30,15.99,16.08,56300,12.32
2009-02-09,17.07,17.48,16.52,17.00,81600,13.02
2009-02-06,16.50,17.45,16.50,16.95,64400,12.98
2009-02-05,16.80,17.26,16.00,16.76,83900,12.84
2009-02-04,17.77,17.95,16.57,16.84,78800,12.90
2009-02-03,17.78,18.32,17.65,18.30,66300,13.44
2009-02-02,17.90,18.20,17.32,17.92,159400,13.16
2009-01-30,18.00,18.25,17.50,17.68,73300,12.99
2009-01-29,17.50,18.00,17.31,17.97,92300,13.20
2009-01-28,17.00,17.64,17.00,17.36,138400,12.75
2009-01-27,16.65,17.46,16.62,17.02,81800,12.50
2009-01-26,15.93,16.65,15.65,16.65,76000,12.23
2009-01-23,15.75,16.15,15.08,15.83,106800,11.63
2009-01-22,16.73,16.73,15.00,15.60,59300,11.46
2009-01-21,15.23,16.79,14.95,16.50,67300,12.12
2009-01-20,15.54,15.99,14.82,15.01,57700,11.02
2009-01-16,16.99,16.99,15.53,15.92,56800,11.69
2009-01-15,16.28,17.01,15.10,16.50,343300,12.12
2009-01-14,16.52,17.40,16.21,16.52,57500,12.13
2009-01-13,16.16,16.94,16.10,16.94,45400,12.44
2009-01-12,16.88,16.96,16.00,16.31,77400,11.98
2009-01-09,18.43,18.43,16.66,17.18,77000,12.62
2009-01-08,17.05,18.69,16.50,18.68,81100,13.72
2009-01-07,18.30,18.38,16.54,16.99,88300,12.48
2009-01-06,19.66,19.66,17.26,18.21,148900,13.37
2009-01-05,16.00,19.48,16.00,19.21,562800,14.11
2009-01-02,14.58,16.44,14.58,16.00,77400,11.75
2008-12-31,13.00,15.17,12.90,14.67,117300,10.77
2008-12-30,12.50,13.40,12.01,13.18,159200,9.68
2008-12-29,12.31,13.00,11.76,12.00,187800,8.81
2008-12-26,11.50,12.07,11.50,11.92,37600,8.75
2008-12-24,11.65,11.75,11.55,11.55,20000,8.48
2008-12-23,11.98,12.10,11.51,11.85,63600,8.70
2008-12-22,12.46,12.54,11.75,11.75,78500,8.63
2008-12-19,12.42,12.93,12.42,12.51,45900,9.19
2008-12-18,13.53,13.53,12.33,12.49,103000,9.17
2008-12-17,13.32,13.43,12.81,13.28,132500,9.75
2008-12-16,13.33,13.60,12.81,13.36,82200,9.81
2008-12-15,13.91,13.97,12.97,13.26,95400,9.74
2008-12-12,13.00,13.59,12.62,13.24,81800,9.72
2008-12-11,13.09,13.85,12.53,13.00,190700,9.55
2008-12-10,12.28,13.10,11.55,12.91,116300,9.48
2008-12-09,11.71,12.75,11.58,11.96,59700,8.78
2008-12-08,11.01,12.34,11.01,11.60,70500,8.52
2008-12-05,11.96,11.98,10.60,11.45,1041800,8.41
2008-12-04,12.56,12.97,11.80,12.27,89300,9.01
2008-12-03,12.84,13.19,12.41,12.91,46300,9.48
2008-12-02,13.27,13.32,12.13,12.75,118700,9.36
2008-12-01,12.99,12.99,12.08,12.69,110000,9.32
2008-11-28,13.05,13.40,12.50,13.21,86000,9.70
2008-11-26,11.94,13.09,11.81,13.05,219900,9.58
2008-11-25,11.32,11.79,10.57,11.77,104300,8.64
2008-11-24,10.01,11.43,10.01,11.27,232300,8.28
2008-11-21,11.49,11.68,8.78,9.67,258900,7.10
2008-11-20,12.50,12.51,10.50,10.66,213800,7.83
2008-11-19,14.93,14.93,12.82,12.93,127200,9.50
2008-11-18,14.72,15.19,13.40,15.19,116200,11.16
2008-11-17,14.53,14.85,13.52,14.76,115100,10.84
2008-11-14,15.80,16.17,14.61,14.69,82000,10.79
2008-11-13,15.96,15.98,14.18,15.40,145400,11.31
2008-11-12,15.75,16.18,14.82,15.51,125100,11.39
2008-11-11,16.05,17.05,14.76,16.00,115500,11.75
2008-11-10,16.75,17.47,15.80,16.00,91600,11.75
2008-11-07,16.27,17.44,16.27,17.12,125300,12.57
2008-11-06,17.78,17.99,16.01,16.43,55800,12.07
2008-11-05,18.45,18.45,17.20,17.51,58100,12.86
2008-11-04,19.19,19.28,18.40,18.92,94400,13.35
2008-11-03,18.21,18.79,17.77,17.96,89100,12.67
2008-10-31,17.33,19.00,17.33,18.21,131600,12.84
2008-10-30,17.18,17.88,17.03,17.20,156600,12.13
2008-10-29,15.75,17.00,15.71,16.20,120900,11.43
2008-10-28,16.15,16.34,15.26,15.60,65200,11.00
2008-10-27,15.84,16.56,15.50,15.79,99600,11.14
2008-10-24,16.55,16.64,15.29,16.23,186500,11.45
2008-10-23,16.14,17.08,15.25,16.30,229200,11.50
2008-10-22,17.87,17.87,16.50,16.86,98300,11.89
2008-10-21,16.98,18.36,16.98,17.58,146100,12.40
2008-10-20,15.90,17.78,15.90,17.71,191500,12.49
2008-10-17,14.83,16.81,13.49,15.84,196500,11.17
2008-10-16,15.59,15.59,14.05,15.30,162400,10.79
2008-10-15,16.49,16.49,14.50,14.59,92800,10.29
2008-10-14,15.50,16.66,14.95,15.86,155300,11.19
2008-10-13,13.47,15.25,12.25,14.31,109800,10.09
2008-10-10,12.88,13.10,11.13,11.40,449800,8.04
2008-10-09,14.67,16.39,13.00,13.28,226500,9.37
2008-10-08,15.95,15.95,13.01,14.37,270400,10.14
2008-10-07,15.40,16.30,14.50,14.66,126800,10.34
2008-10-06,17.15,19.00,13.11,14.93,238600,10.53
2008-10-03,17.50,18.44,17.15,17.15,69300,12.10
2008-10-02,18.97,18.97,17.17,17.64,94100,12.44
2008-10-01,19.00,19.50,18.12,18.55,64800,13.08
2008-09-30,18.73,19.00,18.00,19.00,54200,13.40
2008-09-29,19.16,19.76,18.00,18.46,134600,13.02
2008-09-26,19.37,19.63,19.18,19.36,39400,13.66
2008-09-25,19.56,20.29,19.46,19.80,85600,13.97
2008-09-24,20.68,20.68,19.16,19.17,54000,13.52
2008-09-23,19.90,20.31,19.34,20.11,69500,14.18
2008-09-22,20.20,20.93,19.81,19.81,84200,13.97
2008-09-19,19.82,20.94,19.00,19.99,176500,14.10
2008-09-18,18.32,20.37,17.00,18.39,206900,12.97
2008-09-17,18.55,19.24,16.73,18.21,784800,12.84
2008-09-16,19.99,20.18,18.30,18.93,120200,13.35
2008-09-15,20.76,21.68,20.00,20.04,120900,14.14
2008-09-12,20.32,21.31,20.03,21.11,75100,14.89
2008-09-11,21.30,21.46,20.06,20.32,73600,14.33
2008-09-10,20.63,21.32,20.00,21.28,59700,15.01
2008-09-09,22.01,22.20,20.58,20.63,88300,14.55
2008-09-08,22.88,23.32,22.05,22.11,57300,15.60
2008-09-05,23.08,23.49,22.10,22.41,71100,15.81
2008-09-04,23.34,23.83,23.06,23.25,41500,16.40
2008-09-03,24.55,24.55,23.28,23.44,81000,16.53
2008-09-02,26.00,26.00,24.25,24.25,54500,17.10
2008-08-29,25.66,26.49,25.45,26.19,36000,18.47
2008-08-28,26.74,26.74,25.06,25.65,66500,18.09
2008-08-27,25.98,26.85,25.90,26.48,74100,18.68
2008-08-26,25.34,26.04,24.69,25.91,101800,18.28
2008-08-25,24.95,25.41,24.52,24.60,44300,17.35
2008-08-22,24.86,25.40,24.35,25.02,39900,17.65
2008-08-21,24.54,25.67,24.52,25.00,66800,17.63
2008-08-20,23.89,24.99,23.43,24.82,37500,17.51
2008-08-19,24.11,24.70,22.80,23.38,124100,16.49
2008-08-18,24.50,25.65,24.16,24.18,66300,17.06
2008-08-15,24.45,24.76,23.75,24.50,34400,17.28
2008-08-14,24.89,25.49,23.95,24.00,105500,16.93
2008-08-13,24.47,26.49,23.91,24.35,146000,17.18
2008-08-12,25.30,26.40,23.90,24.01,142300,16.94
2008-08-11,25.26,26.13,25.02,25.52,36100,18.00
2008-08-08,26.22,26.22,25.19,25.60,19000,18.06
2008-08-07,25.31,25.98,25.25,25.63,32100,18.08
2008-08-06,25.23,26.40,24.90,25.63,36600,18.08
2008-08-05,25.11,27.74,24.79,25.66,77900,18.10
2008-08-04,27.65,27.80,25.82,25.91,67500,18.28
2008-08-01,27.76,28.20,27.14,27.46,34500,19.37
2008-07-31,28.60,28.86,27.50,28.21,69300,19.40
2008-07-30,27.01,28.47,27.01,28.25,44500,19.43
2008-07-29,27.06,27.43,26.85,27.24,53700,18.74
2008-07-28,26.49,27.24,26.35,26.99,64700,18.56
2008-07-25,26.46,27.11,25.89,26.25,72000,18.06
2008-07-24,26.00,26.49,25.25,25.99,67100,17.88
2008-07-23,26.73,26.90,25.61,25.86,38200,17.79
2008-07-22,25.98,26.98,25.98,26.64,36100,18.32
2008-07-21,26.28,27.10,25.64,27.06,40400,18.61
2008-07-18,25.89,26.49,25.80,26.03,66200,17.90
2008-07-17,25.55,26.63,25.55,25.94,38400,17.84
2008-07-16,25.43,26.49,24.55,25.60,67500,17.61
2008-07-15,26.16,26.22,25.17,25.36,30800,17.44
2008-07-14,27.40,27.66,26.50,26.62,39600,18.31
2008-07-11,26.65,27.36,25.80,26.50,44300,18.23
2008-07-10,26.33,26.91,25.72,26.39,26000,18.15
2008-07-09,24.53,28.24,24.53,26.17,113600,18.00
2008-07-08,25.10,25.73,23.14,25.43,121200,17.49
2008-07-07,27.30,27.30,24.99,25.07,158400,17.24
2008-07-03,28.29,28.29,26.89,27.38,40500,18.83
2008-07-02,29.00,29.03,28.16,28.47,40200,19.58
2008-07-01,29.16,29.20,28.52,29.08,63300,20.00
2008-06-30,28.82,29.29,28.50,29.03,49900,19.97
2008-06-27,28.82,29.29,28.67,28.87,52800,19.86
2008-06-26,28.44,29.05,28.44,28.69,29700,19.73
2008-06-25,28.90,29.39,28.58,29.00,25700,19.95
2008-06-24,29.63,29.63,28.71,28.99,35100,19.94
2008-06-23,28.25,29.30,28.25,29.18,70900,20.07
2008-06-20,30.55,30.99,28.01,28.14,243000,19.36
2008-06-19,30.95,30.95,29.81,30.55,47000,21.01
2008-06-18,30.36,30.70,30.30,30.53,39500,21.00
2008-06-17,30.40,30.82,29.88,30.34,67400,20.87
2008-06-16,30.15,30.45,29.68,30.01,31600,20.64
2008-06-13,30.85,30.85,30.06,30.14,24300,20.73
2008-06-12,31.13,31.13,30.01,30.19,52600,20.77
2008-06-11,30.39,31.44,30.39,30.85,72300,21.22
2008-06-10,31.01,31.24,30.04,30.75,70400,21.15
2008-06-09,31.68,31.97,30.80,31.52,46500,21.68
2008-06-06,31.00,31.68,30.70,31.51,54600,21.67
2008-06-05,30.69,31.28,30.62,31.04,67800,21.35
2008-06-04,31.30,31.30,30.04,30.58,44500,21.03
2008-06-03,31.37,31.37,30.53,30.90,47700,21.25
2008-06-02,31.12,31.43,30.72,30.92,63000,21.27
2008-05-30,31.00,31.25,30.45,31.25,84800,21.49
2008-05-29,30.60,30.65,29.87,30.28,68100,20.83
2008-05-28,29.80,30.50,29.08,30.10,39600,20.70
2008-05-27,30.27,31.49,29.77,29.99,69600,20.63
2008-05-23,30.43,30.95,29.50,30.38,95800,20.90
2008-05-22,32.53,32.59,30.51,30.78,87300,21.17
2008-05-21,32.00,33.08,31.60,32.07,88200,22.06
2008-05-20,31.12,32.00,31.00,31.98,66500,22.00
2008-05-19,32.35,32.35,31.00,31.43,77700,21.62
2008-05-16,32.48,32.48,31.61,32.22,101900,22.16
2008-05-15,30.49,31.29,30.49,31.27,115600,21.51
2008-05-14,30.00,30.86,30.00,30.70,122600,21.12
2008-05-13,29.50,29.75,28.79,29.72,75600,20.44
2008-05-12,28.49,29.50,28.07,29.34,178800,20.18
2008-05-09,27.49,27.85,26.76,27.48,43100,18.90
2008-05-08,27.24,27.37,26.92,26.96,57000,18.54
2008-05-07,27.07,27.23,26.90,27.01,42600,18.58
2008-05-06,26.75,27.06,26.75,27.02,44700,18.59
2008-05-05,27.25,27.27,26.94,27.03,109300,18.17
2008-05-02,27.05,27.06,26.95,26.99,60200,18.14
2008-05-01,26.92,27.15,26.13,27.00,452000,18.15
2008-04-30,26.75,27.08,26.45,26.72,34700,17.96
2008-04-29,27.17,27.19,26.37,26.50,74600,17.81
2008-04-28,27.15,27.90,26.46,27.00,69900,18.15
2008-04-25,27.94,28.33,26.80,26.91,116400,18.09
2008-04-24,28.20,28.65,27.90,28.00,41700,18.82
2008-04-23,28.92,28.92,28.49,28.84,40300,19.38
2008-04-22,28.93,28.93,28.32,28.54,26700,19.18
2008-04-21,28.58,28.92,28.00,28.91,38200,19.43
2008-04-18,28.34,28.92,27.97,28.58,68900,19.21
2008-04-17,28.47,28.50,27.50,28.49,51200,19.15
2008-04-16,28.27,28.73,27.50,27.93,41000,18.77
2008-04-15,27.70,28.30,27.21,27.72,55500,18.63
2008-04-14,27.62,28.79,27.53,27.60,62500,18.55
2008-04-11,27.59,27.83,27.50,27.67,37700,18.60
2008-04-10,27.31,28.00,26.32,27.40,43500,18.41
2008-04-09,27.86,28.25,27.06,27.41,48400,18.42
2008-04-08,28.11,28.11,27.50,27.92,31900,18.76
2008-04-07,27.97,28.39,27.00,28.21,111400,18.96
2008-04-04,27.80,28.94,27.38,27.98,92300,18.80
2008-04-03,26.78,27.69,26.70,27.48,52100,18.47
2008-04-02,26.40,27.00,26.03,26.90,57600,18.08
2008-04-01,26.15,26.40,25.10,26.30,37800,17.68
2008-03-31,25.85,26.19,25.51,25.65,24300,17.24
2008-03-28,25.60,26.29,25.60,25.85,37600,17.37
2008-03-27,25.25,25.99,25.25,25.60,57100,17.20
2008-03-26,24.86,25.21,24.36,25.14,76800,16.90
2008-03-25,23.97,24.62,23.36,23.99,185700,16.12
2008-03-24,21.95,23.81,21.95,23.50,102300,15.79
2008-03-20,21.92,22.24,21.50,22.10,174300,14.85
2008-03-19,22.99,22.99,22.00,22.09,114100,14.85
2008-03-18,23.52,24.00,22.83,22.86,124200,15.36
2008-03-17,23.33,24.61,21.62,23.78,378500,15.98
2008-03-14,25.30,25.60,24.86,25.00,53800,16.80
2008-03-13,25.50,26.33,25.01,25.44,69900,17.10
2008-03-12,25.50,25.50,24.66,25.45,60400,17.10
2008-03-11,26.40,26.40,25.75,25.92,23100,17.42
2008-03-10,26.64,26.64,25.69,26.23,20700,17.63
2008-03-07,26.49,26.50,26.31,26.44,28000,17.77
2008-03-06,26.50,26.59,25.56,26.25,45200,17.64
2008-03-05,27.47,28.42,26.23,26.71,78900,17.95
2008-03-04,27.54,28.00,27.50,27.74,31500,18.64
2008-03-03,28.81,28.81,27.04,28.00,56400,18.82
2008-02-29,28.75,28.89,27.90,28.24,64800,18.98
2008-02-28,28.50,29.13,28.14,28.79,44400,19.35
2008-02-27,28.50,29.18,28.25,28.44,46700,19.11
2008-02-26,28.50,28.50,28.20,28.47,130800,19.13
2008-02-25,29.24,29.24,28.43,28.50,70000,19.15
2008-02-22,29.40,29.40,28.71,28.75,99000,19.32
2008-02-21,29.49,29.50,28.80,28.99,42300,19.48
2008-02-20,29.24,29.25,28.60,28.96,53100,19.46
2008-02-19,28.73,29.49,28.73,28.80,17100,19.36
2008-02-15,29.30,29.30,28.12,29.00,40200,19.49
2008-02-14,29.00,29.10,28.40,28.68,37100,19.27
2008-02-13,28.77,29.24,28.54,29.00,64800,19.49
2008-02-12,28.77,29.33,28.04,28.97,56400,19.47
2008-02-11,29.06,29.14,28.92,29.00,45400,19.49
2008-02-08,29.06,29.52,28.83,29.00,53400,19.49
2008-02-07,29.50,29.50,28.78,28.91,29700,19.43
2008-02-06,29.58,29.66,28.58,29.08,82900,19.54
2008-02-05,31.86,31.86,28.80,29.67,76100,19.54
2008-02-04,27.96,29.66,27.96,29.50,53900,19.42
2008-02-01,30.71,30.96,28.39,28.39,67900,18.69
2008-01-31,30.97,31.00,29.54,30.20,83800,19.89
2008-01-30,31.86,31.86,30.52,30.63,46100,20.17
2008-01-29,30.96,31.31,30.42,30.79,39100,20.27
2008-01-28,29.95,31.20,29.95,30.76,40200,20.25
2008-01-25,28.62,30.12,28.62,30.01,31700,19.76
2008-01-24,28.42,28.95,27.03,28.65,57800,18.87
2008-01-23,28.00,28.03,25.65,26.90,68500,17.71
2008-01-22,27.47,28.00,26.90,27.75,60900,18.27
2008-01-18,29.16,29.99,27.80,28.14,20400,18.53
2008-01-17,29.67,29.99,28.70,29.31,8800,19.30
2008-01-16,30.24,30.24,28.25,29.75,23700,19.59
2008-01-15,31.50,31.68,29.20,29.70,51000,19.56
2008-01-14,30.45,31.41,30.44,30.86,23500,20.32
2008-01-11,31.24,31.27,30.40,30.93,16100,20.37
2008-01-10,31.20,31.49,30.90,30.90,13100,20.35
2008-01-09,31.61,31.61,30.96,30.96,14400,20.39
2008-01-08,31.93,32.79,31.35,31.61,19200,20.81
2008-01-07,34.45,34.45,31.33,31.93,34600,21.02
2008-01-04,31.75,32.33,31.20,31.81,22600,20.95
2008-01-03,32.11,32.84,32.00,32.00,14800,21.07
2008-01-02,33.50,33.50,32.12,32.20,28600,21.20
2007-12-31,32.27,33.00,32.11,32.50,75400,21.40
2007-12-28,33.03,33.23,31.56,32.90,46000,21.66
2007-12-27,33.97,33.97,32.14,33.04,123300,21.76
2007-12-26,33.50,33.65,33.00,33.39,30500,21.99
2007-12-24,32.77,34.05,32.77,33.56,25600,22.10
2007-12-21,31.67,33.00,31.05,32.14,41100,21.16
2007-12-20,32.52,32.52,31.01,31.84,25700,20.97
2007-12-19,32.12,32.54,30.93,32.00,23700,21.07
2007-12-18,31.52,31.79,30.73,31.71,27000,20.88
2007-12-17,31.65,32.43,30.68,31.21,37200,20.55
2007-12-14,32.24,32.77,31.83,31.83,20000,20.96
2007-12-13,32.05,32.71,31.87,31.87,14100,20.99
2007-12-12,33.30,33.30,32.00,32.00,17300,21.07
2007-12-11,33.14,33.27,32.11,32.75,20400,21.56
2007-12-10,33.26,33.30,32.93,33.15,14100,21.83
2007-12-07,33.50,33.50,32.25,33.00,24900,21.73
2007-12-06,32.56,34.12,32.56,33.38,6300,21.98
2007-12-05,32.63,33.35,32.36,33.03,33000,21.75
2007-12-04,34.33,34.70,32.34,32.34,23500,21.29
2007-12-03,36.00,36.00,34.51,34.72,20500,22.86
2007-11-30,34.75,36.00,34.54,36.00,55900,23.70
2007-11-29,32.11,35.00,31.98,34.74,60300,22.88
2007-11-28,32.11,32.40,30.76,31.94,42700,21.03
2007-11-27,34.00,34.00,31.87,31.88,28800,20.99
2007-11-26,32.90,33.08,32.51,32.66,15100,21.51
2007-11-23,33.81,33.81,32.65,32.87,5900,21.64
2007-11-21,32.12,33.11,31.39,32.53,18900,21.42
2007-11-20,31.08,33.90,31.07,31.63,70700,20.83
2007-11-19,31.95,32.21,30.89,31.10,43700,20.48
2007-11-16,33.97,33.97,31.19,31.76,32600,20.91
2007-11-15,33.49,34.65,33.35,33.41,14000,22.00
2007-11-14,35.12,35.12,33.58,33.58,15100,22.11
2007-11-13,35.51,35.80,34.01,34.09,12800,22.45
2007-11-12,34.80,35.12,34.45,34.45,28900,22.68
2007-11-09,35.30,35.85,34.96,35.22,11400,23.19
2007-11-08,36.27,36.49,35.63,35.63,6000,23.46
2007-11-07,36.50,36.50,35.82,35.94,12800,23.67
2007-11-06,36.01,37.03,35.62,36.93,12300,24.32
2007-11-05,36.61,36.61,34.51,35.90,19300,23.64
2007-11-02,39.00,39.00,36.00,36.36,22600,23.94
2007-11-01,38.60,38.60,37.75,38.01,12900,25.03
2007-10-31,38.27,38.52,37.30,38.52,31900,25.00
2007-10-30,38.04,38.04,37.01,37.79,29000,24.52
2007-10-29,37.06,38.19,35.99,38.04,32100,24.68
2007-10-26,36.95,37.00,35.06,36.90,19500,23.94
2007-10-25,35.22,37.17,35.00,36.58,35900,23.74
2007-10-24,34.50,35.00,34.06,34.80,17800,22.58
2007-10-23,34.62,35.23,33.82,34.35,33400,22.29
2007-10-22,34.53,35.78,33.51,34.35,39000,22.29
2007-10-19,36.89,37.38,35.10,35.10,36700,22.78
2007-10-18,36.57,37.38,36.35,37.12,21200,24.09
2007-10-17,36.39,36.68,35.71,36.44,18600,23.65
2007-10-16,35.40,36.45,35.40,36.20,17900,23.49
2007-10-15,35.60,36.17,35.15,35.96,18600,23.33
2007-10-12,36.44,36.44,35.29,35.45,21700,23.00
2007-10-11,36.00,36.10,35.00,35.11,37400,22.78
2007-10-10,35.40,35.55,34.25,35.09,26100,22.77
2007-10-09,35.12,35.72,34.07,35.62,32400,23.11
2007-10-08,35.36,35.65,34.85,34.89,13000,22.64
2007-10-05,35.29,36.00,35.29,35.69,28100,23.16
2007-10-04,33.00,35.10,33.00,34.53,29500,22.41
2007-10-03,35.02,35.87,33.00,33.00,82800,21.41
2007-10-02,34.54,34.90,34.10,34.27,46600,22.24
2007-10-01,35.67,36.36,34.97,35.21,29800,22.85
2007-09-28,35.12,36.16,35.02,35.79,32500,23.22
2007-09-27,36.09,36.35,34.43,35.37,66400,22.95
2007-09-26,37.04,37.15,36.08,36.26,40100,23.53
2007-09-25,38.00,38.06,36.46,37.27,23300,24.18
2007-09-24,37.55,38.32,37.40,37.98,29200,24.65
2007-09-21,37.50,37.81,36.95,37.51,62900,24.34
2007-09-20,37.10,38.19,36.61,37.69,48500,24.46
2007-09-19,37.10,37.10,36.54,37.00,26100,24.01
2007-09-18,36.25,37.56,36.25,37.11,32800,24.08
2007-09-17,36.13,37.25,36.13,36.36,26700,23.59
2007-09-14,37.21,37.21,36.00,36.60,26500,23.75
2007-09-13,37.89,37.89,36.55,36.60,26200,23.75
2007-09-12,37.26,37.75,37.04,37.25,46700,24.17
2007-09-11,37.86,38.39,37.05,38.00,29600,24.66
2007-09-10,38.60,38.60,37.28,37.64,14500,24.42
2007-09-07,38.88,39.23,37.62,38.20,15300,24.79
2007-09-06,38.91,39.72,38.91,38.91,13100,25.25
2007-09-05,37.62,39.01,37.62,38.67,29900,25.09
2007-09-04,36.87,39.58,36.70,39.07,45900,25.35
2007-08-31,36.40,37.39,36.40,36.70,20900,23.81
2007-08-30,36.29,37.39,36.00,36.49,17000,23.68
2007-08-29,36.70,36.90,36.38,36.61,23500,23.76
2007-08-28,37.65,37.65,36.24,36.26,19400,23.53
2007-08-27,38.17,38.17,37.26,37.38,12300,24.26
2007-08-24,37.98,38.79,37.31,37.75,35900,24.50
2007-08-23,36.53,37.50,36.38,37.35,34700,24.24
2007-08-22,36.24,36.50,35.60,36.40,65300,23.62
2007-08-21,35.35,36.19,35.35,35.60,34000,23.10
2007-08-20,34.20,35.30,34.20,35.11,20700,22.78
2007-08-17,33.90,36.56,33.69,33.95,127000,22.03
2007-08-16,33.02,33.69,31.80,33.08,137900,21.47
2007-08-15,34.59,35.59,33.36,33.51,114700,21.74
2007-08-14,37.00,37.00,34.40,34.66,59600,22.49
2007-08-13,38.92,38.99,35.52,36.58,64500,23.74
2007-08-10,34.25,37.98,33.47,37.98,77300,24.65
2007-08-09,37.00,37.09,35.55,35.97,56900,23.34
2007-08-08,37.30,39.20,36.90,37.10,91700,24.07
2007-08-07,32.67,37.98,32.67,37.30,113400,24.20
2007-08-06,34.14,35.14,30.01,34.02,285500,22.08
2007-08-03,36.50,36.60,34.51,35.41,134600,22.98
2007-08-02,39.40,39.40,36.00,36.84,92900,23.91
2007-08-01,40.71,40.71,37.86,38.93,68900,24.94
2007-07-31,43.13,43.13,40.08,40.54,62900,25.97
2007-07-30,43.25,43.25,40.09,41.51,100300,26.59
2007-07-27,41.05,42.71,40.53,42.46,29200,27.20
2007-07-26,43.42,43.42,40.50,42.17,56600,27.01
2007-07-25,42.81,43.50,41.60,42.73,46400,27.37
2007-07-24,42.80,43.47,42.32,42.90,39700,27.48
2007-07-23,43.50,43.50,42.76,43.00,41000,27.54
2007-07-20,43.00,43.57,42.50,42.97,37300,27.53
2007-07-19,42.83,44.13,42.83,42.90,100600,27.48
2007-07-18,40.32,42.39,40.32,42.39,115000,27.15
2007-07-17,40.27,40.61,39.75,39.90,56300,25.56
2007-07-16,39.25,40.25,39.20,40.17,44400,25.73
2007-07-13,38.86,39.07,38.75,38.97,14200,24.96
2007-07-12,38.84,38.84,38.51,38.68,35800,24.78
2007-07-11,39.00,39.00,38.38,38.50,108200,24.66
2007-07-10,38.77,38.77,38.37,38.50,37400,24.66
2007-07-09,37.91,38.75,37.73,38.75,47300,24.82
2007-07-06,37.01,37.90,37.01,37.85,34800,24.25
2007-07-05,36.62,37.61,36.62,37.35,17400,23.93
2007-07-03,37.35,37.69,37.06,37.06,16100,23.74
2007-07-02,36.63,37.67,36.01,37.03,42000,23.72
2007-06-29,36.96,37.62,36.66,36.78,31100,23.56
2007-06-28,36.73,37.43,36.72,37.25,19300,23.86
2007-06-27,36.41,36.90,36.41,36.68,5300,23.50
2007-06-26,36.94,37.54,36.43,36.71,41300,23.52
2007-06-25,36.79,37.18,36.42,36.70,33400,23.51
2007-06-22,36.73,37.09,36.73,37.06,24800,23.74
2007-06-21,36.67,37.18,36.64,36.98,30200,23.69
2007-06-20,37.17,37.18,36.67,36.69,43200,23.50
2007-06-19,37.87,37.87,36.78,36.78,47500,23.56
2007-06-18,38.00,38.00,37.23,37.41,46800,23.96
2007-06-15,38.13,38.13,37.63,38.00,40300,24.34
2007-06-14,38.17,38.31,37.31,38.07,63500,24.39
2007-06-13,37.34,37.92,36.58,37.55,83700,24.05
2007-06-12,38.57,38.57,36.92,37.13,46600,23.78
2007-06-11,37.63,38.29,37.38,38.05,33100,24.37
2007-06-08,36.02,37.64,36.02,37.24,68600,23.85
2007-06-07,37.50,37.91,36.06,36.45,103800,23.35
2007-06-06,38.37,38.37,37.52,37.75,56300,24.18
2007-06-05,39.00,39.20,37.76,38.00,162700,24.34
2007-06-04,36.10,38.98,35.81,38.00,186500,24.34
2007-06-01,36.78,37.26,35.85,35.88,53600,22.98
2007-05-31,36.51,37.34,36.51,36.64,37100,23.47
2007-05-30,36.35,36.62,36.35,36.51,21200,23.39
2007-05-29,35.00,36.89,34.98,36.62,59400,23.46
2007-05-25,36.26,36.36,34.52,35.41,131400,22.68
2007-05-24,37.00,37.32,35.51,36.48,136000,23.37
2007-05-23,37.84,38.30,36.60,37.10,135800,23.76
2007-05-22,37.69,38.98,37.69,38.11,44100,24.41
2007-05-21,38.22,38.46,37.75,37.95,20700,24.31
2007-05-18,38.45,38.86,38.10,38.46,27400,24.64
2007-05-17,38.75,38.97,38.27,38.80,34700,24.85
2007-05-16,37.45,38.77,37.45,38.12,67800,24.42
2007-05-15,38.53,38.53,37.87,38.00,15800,24.34
2007-05-14,38.38,38.60,38.25,38.42,24100,24.61
2007-05-11,38.31,39.93,38.01,38.80,64200,24.85
2007-05-10,37.56,38.40,37.56,37.86,41100,24.25
2007-05-09,38.91,38.93,37.37,37.56,46600,24.06
2007-05-08,37.75,39.24,37.50,38.58,70800,24.71
2007-05-07,37.40,37.87,36.79,37.75,31300,24.18
2007-05-04,37.02,38.03,37.02,37.55,39500,24.05
2007-05-03,37.52,38.77,37.52,37.90,53800,24.28
2007-05-02,38.20,38.77,37.39,38.00,69700,24.05
2007-05-01,39.16,40.00,36.91,38.00,147100,24.05
2007-04-30,39.50,40.75,39.24,39.85,116800,25.22
2007-04-27,39.00,39.61,39.00,39.01,48500,24.69
2007-04-26,39.35,39.89,38.80,39.30,49400,24.87
2007-04-25,38.00,40.68,37.75,39.70,87000,25.12
2007-04-24,38.13,38.54,38.00,38.02,30300,24.06
2007-04-23,38.14,38.95,37.76,38.43,60600,24.32
2007-04-20,38.50,39.20,37.36,38.50,126700,24.36
2007-04-19,38.36,39.00,38.09,38.77,42100,24.53
2007-04-18,38.21,39.30,38.21,39.00,44400,24.68
2007-04-17,39.01,39.15,38.07,38.93,48500,24.64
2007-04-16,37.20,40.00,37.20,38.92,268100,24.63
2007-04-13,37.10,37.24,35.92,37.07,262100,23.46
2007-04-12,37.46,38.27,36.00,37.09,185000,23.47
2007-04-11,38.24,38.52,36.94,37.90,370100,23.98
2007-04-10,39.33,40.00,39.06,39.60,58000,25.06
2007-04-09,40.00,40.50,38.87,39.13,100900,24.76
2007-04-05,38.89,38.91,38.06,38.79,85500,24.55
2007-04-04,36.75,39.56,36.75,38.42,116900,24.31
2007-04-03,37.17,37.75,35.35,36.87,147500,23.33
2007-04-02,36.34,37.35,36.32,37.17,116200,23.52
2007-03-30,36.12,36.74,35.50,36.16,74600,22.88
2007-03-29,34.83,36.60,34.83,35.99,107100,22.77
2007-03-28,34.60,35.39,33.91,34.92,68400,22.10
2007-03-27,34.03,35.00,34.03,34.60,87900,21.90
2007-03-26,34.65,35.00,32.98,34.49,96300,21.83
2007-03-23,34.46,34.46,32.44,33.58,122300,21.25
2007-03-22,34.00,35.00,33.74,34.06,89200,21.55
2007-03-21,33.15,34.24,32.61,34.24,79400,21.67
2007-03-20,31.78,33.37,31.78,33.20,59400,21.01
2007-03-19,31.93,33.15,31.23,31.79,88200,20.12
2007-03-16,31.51,31.76,31.01,31.37,44800,19.85
2007-03-15,31.39,31.80,31.00,31.69,52300,20.05
2007-03-14,30.64,31.49,30.64,31.19,49700,19.74
2007-03-13,31.80,31.93,29.79,31.22,72700,19.76
2007-03-12,30.90,32.00,30.50,31.60,99000,20.00
2007-03-09,29.70,30.85,28.78,30.70,110300,19.43
2007-03-08,28.04,31.00,28.04,29.84,201400,18.88
2007-03-07,28.00,28.00,27.76,27.89,25100,17.65
2007-03-06,28.01,28.13,27.34,27.99,38400,17.71
2007-03-05,27.95,27.95,26.79,27.66,67900,17.50
2007-03-02,27.83,28.50,27.75,28.15,75100,17.81
2007-03-01,27.50,27.71,27.15,27.70,55800,17.53
2007-02-28,27.70,27.75,26.54,27.66,80000,17.50
2007-02-27,26.80,27.35,26.51,26.84,65100,16.98
2007-02-26,27.75,27.75,27.13,27.49,26600,17.40
2007-02-23,27.20,27.75,26.86,27.69,28100,17.52
2007-02-22,26.89,27.69,26.35,27.11,70400,17.16
2007-02-21,26.11,26.96,26.11,26.83,32600,16.98
2007-02-20,26.05,26.48,25.83,26.29,53800,16.64
2007-02-16,25.85,25.89,25.75,25.85,50100,16.36
2007-02-15,25.90,25.90,25.73,25.81,36000,16.33
2007-02-14,25.70,25.92,25.70,25.81,63400,16.33
2007-02-13,27.25,27.25,25.75,25.82,131900,16.34
2007-02-12,27.87,27.87,26.25,26.75,150600,16.93
2007-02-09,25.22,27.85,25.22,26.23,144100,16.60
2007-02-08,25.50,25.50,24.88,25.23,43400,15.97
2007-02-07,24.88,25.48,24.72,25.28,77600,16.00
2007-02-06,24.67,24.67,24.24,24.64,21900,15.59
2007-02-05,24.62,24.62,24.20,24.31,39200,15.38
2007-02-02,24.48,24.48,24.11,24.20,57900,15.31
2007-02-01,24.45,24.79,24.28,24.50,34200,15.50
2007-01-31,24.00,24.72,23.93,24.45,79300,15.22
2007-01-30,24.03,24.24,23.53,24.07,94800,14.98
2007-01-29,23.58,23.92,23.10,23.25,88300,14.47
2007-01-26,23.03,23.91,23.00,23.41,71800,14.57
2007-01-25,24.01,24.11,23.22,23.29,35700,14.50
2007-01-24,24.83,24.95,23.82,24.02,29600,14.95
2007-01-23,23.77,24.89,23.77,24.24,73500,15.09
2007-01-22,23.64,24.02,23.46,23.86,43300,14.85
2007-01-19,23.15,23.76,23.14,23.44,46700,14.59
2007-01-18,23.57,23.57,23.30,23.37,50800,14.55
2007-01-17,23.57,23.80,23.30,23.40,72300,14.57
2007-01-16,23.55,23.80,23.19,23.40,73900,14.57
2007-01-12,23.70,23.70,22.88,23.18,62800,14.43
2007-01-11,23.77,23.77,22.99,23.13,92000,14.40
2007-01-10,22.78,23.78,22.78,23.22,156300,14.45
2007-01-09,21.49,22.28,21.32,22.18,98300,13.81
2007-01-08,21.58,21.73,21.25,21.52,98800,13.40
2007-01-05,21.50,21.69,21.40,21.55,36800,13.41
2007-01-04,22.11,22.54,21.25,21.65,123100,13.48
2007-01-03,23.50,23.51,22.00,22.30,125200,13.88
2006-12-29,23.62,23.62,22.50,23.44,92100,14.59
2006-12-28,23.69,23.77,23.26,23.55,30700,14.66
2006-12-27,23.61,23.88,23.25,23.69,26900,14.75
2006-12-26,23.95,23.99,23.66,23.81,21600,14.82
2006-12-22,23.40,24.50,23.00,23.66,131000,14.73
2006-12-21,22.46,23.27,22.46,23.27,64500,14.48
2006-12-20,22.56,22.90,22.49,22.84,30600,14.22
2006-12-19,22.90,22.90,22.35,22.48,23100,13.99
2006-12-18,22.90,22.90,22.35,22.85,17400,14.22
2006-12-15,22.42,22.90,22.41,22.84,41100,14.22
2006-12-14,22.60,22.90,22.45,22.70,31400,14.13
2006-12-13,22.60,22.66,22.42,22.66,36000,14.10
2006-12-12,22.75,22.75,22.26,22.52,36900,14.02
2006-12-11,22.50,22.71,22.47,22.56,60000,14.04
2006-12-08,22.28,22.75,22.28,22.48,37600,13.99
2006-12-07,22.61,22.66,22.19,22.46,70500,13.98
2006-12-06,22.20,22.75,22.02,22.48,47100,13.99
2006-12-05,21.67,22.50,21.52,21.95,159500,13.66
2006-12-04,21.79,21.89,21.50,21.80,43500,13.57
2006-12-01,21.90,21.90,21.25,21.81,51200,13.58
2006-11-30,21.63,21.89,21.62,21.76,54300,13.54
2006-11-29,22.39,22.39,21.50,21.81,67600,13.58
2006-11-28,21.94,22.06,20.96,22.01,113700,13.70
2006-11-27,22.75,22.75,21.79,21.98,116600,13.68
2006-11-24,22.75,22.75,22.11,22.56,11800,14.04
2006-11-22,22.45,22.55,22.38,22.49,50600,14.00
2006-11-21,22.80,22.80,22.03,22.46,49100,13.98
2006-11-20,22.01,22.90,21.60,22.64,80300,14.09
2006-11-17,21.60,22.36,21.40,22.36,50500,13.92
2006-11-16,21.91,22.49,21.25,21.86,139600,13.61
2006-11-15,21.99,21.99,21.36,21.47,53400,13.36
2006-11-14,21.40,21.75,21.05,21.70,101400,13.51
2006-11-13,20.99,21.43,20.80,21.40,80300,13.32
2006-11-10,20.65,21.00,20.46,20.70,77200,12.88
2006-11-09,20.50,20.65,20.30,20.55,87000,12.79
2006-11-08,20.47,20.50,20.02,20.36,88300,12.67
2006-11-07,20.20,20.66,19.63,20.39,120000,12.69
2006-11-06,19.40,20.01,19.30,20.01,159000,12.46
2006-11-03,19.10,19.40,19.10,19.20,6700,11.95
2006-11-02,19.16,19.39,19.16,19.25,9600,11.98
2006-11-01,18.92,19.30,18.92,19.29,39100,12.01
2006-10-31,19.00,19.12,18.57,18.92,33200,11.78
2006-10-30,19.05,19.45,18.78,18.89,42400,11.76
2006-10-27,19.54,19.54,18.95,19.05,16300,11.86
2006-10-26,19.55,19.81,18.91,19.15,35000,11.92
2006-10-25,19.76,19.90,19.54,19.54,25700,12.16
2006-10-24,20.07,20.07,19.61,19.76,9500,12.30
2006-10-23,19.83,19.95,19.71,19.95,9200,12.42
2006-10-20,19.84,20.07,19.61,20.01,82900,12.46
2006-10-19,19.85,20.04,19.80,19.93,19200,12.41
2006-10-18,19.78,19.90,19.67,19.70,9000,12.26
2006-10-17,19.85,20.09,19.81,19.90,40300,12.39
2006-10-16,20.09,20.09,19.60,19.86,18700,12.36
2006-10-13,19.90,20.00,19.60,19.90,12700,12.39
2006-10-12,19.99,20.09,19.95,20.00,18300,12.45
2006-10-11,19.90,19.99,19.90,19.99,10600,12.44
2006-10-10,19.95,19.99,19.90,19.99,20900,12.44
2006-10-09,19.85,19.95,19.85,19.90,40100,12.39
2006-10-06,19.70,19.94,19.50,19.94,42000,12.41
2006-10-05,19.35,19.75,19.25,19.68,30800,12.25
2006-10-04,19.05,19.38,18.51,19.38,160500,12.06
2006-10-03,19.72,19.78,19.06,19.22,67100,11.96
2006-10-02,20.00,20.00,19.75,19.81,22900,12.33
2006-09-29,19.98,19.99,19.80,19.89,86500,12.38
2006-09-28,19.70,19.95,19.70,19.95,117800,12.42
2006-09-27,20.10,20.30,19.51,19.79,957200,12.32
