Date,Open,High,Low,Close,Volume,Adj Close
2012-05-04,39.09,39.26,37.78,38.18,1204200,38.18
2012-05-03,36.16,39.92,36.00,39.28,2431500,39.28
2012-05-02,38.44,38.88,37.95,38.18,1648600,38.18
2012-05-01,37.35,39.34,37.20,38.70,1099300,38.70
2012-04-30,37.57,37.57,36.44,37.35,728200,37.35
2012-04-27,37.68,37.96,36.89,37.65,449100,37.65
2012-04-26,36.55,37.97,35.88,37.55,717800,37.55
2012-04-25,36.70,37.32,36.06,36.63,794800,36.63
2012-04-24,36.50,36.85,35.89,36.43,676700,36.43
2012-04-23,37.01,37.02,35.76,36.48,972300,36.48
2012-04-20,36.60,38.19,36.50,37.48,1011300,37.48
2012-04-19,36.73,37.79,36.28,36.49,1334100,36.49
2012-04-18,37.28,37.49,36.53,36.89,736100,36.89
2012-04-17,37.15,37.98,36.43,37.58,921000,37.58
2012-04-16,38.47,38.94,36.81,37.04,766100,37.04
2012-04-13,37.09,38.55,36.79,38.39,1038800,38.39
2012-04-12,36.25,37.40,35.76,37.20,1217600,37.20
2012-04-11,35.97,37.77,33.96,36.38,4226000,36.38
2012-04-10,36.81,36.99,35.34,35.70,1605100,35.70
2012-04-09,36.32,37.09,36.25,36.99,890500,36.99
2012-04-05,36.69,37.42,36.35,37.14,1172900,37.14
2012-04-04,35.62,38.55,35.61,37.03,3329300,37.03
2012-04-03,35.67,36.24,35.15,35.50,2437900,35.50
2012-04-02,35.11,35.77,35.10,35.67,1651000,35.67
2012-03-30,35.49,36.33,35.00,35.16,1857100,35.16
2012-03-29,35.42,35.53,34.72,35.11,1866700,35.11
2012-03-28,36.93,36.93,35.48,35.91,925800,35.91
2012-03-27,37.33,37.66,36.50,36.85,1074000,36.85
2012-03-26,37.07,37.54,36.84,37.49,920600,37.49
2012-03-23,35.74,37.23,35.65,36.89,1182200,36.89
2012-03-22,35.02,35.80,35.00,35.65,882900,35.65
2012-03-21,34.50,35.67,34.28,35.60,1060000,35.60
2012-03-20,34.74,34.82,33.80,34.27,2626900,34.27
2012-03-19,36.21,36.40,34.71,35.09,2098500,35.09
2012-03-16,37.40,37.91,35.62,36.40,1457100,36.40
2012-03-15,37.24,38.09,36.88,37.39,1289700,37.39
2012-03-14,38.33,38.43,36.70,36.93,1060400,36.93
2012-03-13,37.91,38.47,37.57,38.36,938100,38.36
2012-03-12,37.19,37.97,36.89,37.58,1144800,37.58
2012-03-09,36.49,37.53,36.21,37.28,1146000,37.28
2012-03-08,36.49,37.06,36.48,36.56,982700,36.56
2012-03-07,36.27,36.60,35.42,36.31,1111000,36.31
2012-03-06,35.43,36.63,35.22,35.97,2139700,35.97
2012-03-05,38.61,38.67,34.80,35.91,6927000,35.91
2012-03-02,40.64,41.00,39.00,39.78,1735500,39.78
2012-03-01,40.97,41.73,40.52,40.78,1796500,40.78
2012-02-29,41.38,41.75,40.76,41.12,2205500,41.12
2012-02-28,40.56,41.60,39.85,41.33,1773500,41.33
2012-02-27,39.14,40.95,39.06,40.67,1894100,40.67
2012-02-24,38.50,39.70,38.36,39.52,3005200,39.52
2012-02-23,38.00,38.75,36.88,38.61,8584800,38.61
2012-02-22,42.27,43.97,41.99,43.52,3045600,43.52
2012-02-21,40.59,43.62,40.59,43.19,2756100,43.19
2012-02-17,40.08,41.60,39.62,40.40,2353200,40.40
2012-02-16,39.89,40.70,39.78,39.95,2279000,39.95
2012-02-15,41.67,41.95,39.71,39.87,2146900,39.87
2012-02-14,43.03,43.03,40.53,41.42,3079200,41.42
2012-02-13,44.00,44.31,43.20,43.65,1247400,43.65
2012-02-10,46.10,46.10,42.81,43.50,2846600,43.50
2012-02-09,48.05,48.25,45.76,47.14,1869700,47.14
2012-02-08,48.00,48.84,47.38,48.00,2124400,48.00
2012-02-07,47.26,48.70,46.61,48.26,1684800,48.26
2012-02-06,48.01,48.99,46.32,47.52,1980700,47.52
2012-02-03,44.55,48.26,44.31,46.83,5610300,46.83
2012-02-02,41.51,44.34,41.50,43.88,3630500,43.88
2012-02-01,40.73,43.31,40.62,41.30,12295900,41.30
2012-01-31,54.45,54.69,36.60,38.08,2695600,38.08
2012-01-30,54.46,55.00,52.36,54.34,1473000,54.34
2012-01-27,55.65,56.74,54.41,56.38,429600,56.38
2012-01-26,57.14,57.25,55.58,55.76,366700,55.76
2012-01-25,56.03,56.91,55.67,56.70,638600,56.70
2012-01-24,55.97,56.16,54.50,55.89,457500,55.89
2012-01-23,54.13,57.66,54.12,55.98,1167200,55.98
2012-01-20,53.50,54.30,53.49,54.04,636800,54.04
2012-01-19,53.99,54.11,52.03,53.71,1400800,53.71
2012-01-18,53.63,54.70,52.88,54.09,797900,54.09
2012-01-17,52.82,54.74,52.82,53.79,1213300,53.79
2012-01-13,50.49,53.10,50.25,52.31,1343200,52.31
2012-01-12,47.62,51.55,47.50,51.10,2171200,51.10
2012-01-11,45.01,47.48,44.93,47.37,769600,47.37
2012-01-10,46.23,46.60,44.93,45.10,597900,45.10
2012-01-09,45.24,45.90,45.00,45.65,577100,45.65
2012-01-06,44.47,45.21,44.21,45.00,1045500,45.00
2012-01-05,43.00,44.78,42.43,44.62,787100,44.62
2012-01-04,44.50,44.50,42.53,43.18,843600,43.18
2012-01-03,45.06,46.57,44.49,44.66,631900,44.66
2011-12-30,44.53,45.20,43.99,43.99,607400,43.99
2011-12-29,44.82,45.00,44.29,44.68,360000,44.68
2011-12-28,45.89,46.10,44.27,44.56,585300,44.56
2011-12-27,45.91,46.41,45.45,45.89,313000,45.89
2011-12-23,45.06,46.35,44.96,46.18,460600,46.18
2011-12-22,44.06,45.21,43.81,45.09,774700,45.09
2011-12-21,44.99,45.17,43.65,44.00,881800,44.00
2011-12-20,44.58,45.56,43.54,45.24,944000,45.24
2011-12-19,44.73,45.15,43.69,43.90,988400,43.90
2011-12-16,43.53,44.58,43.43,44.49,1303000,44.49
2011-12-15,44.36,44.84,43.25,43.43,1129400,43.43
2011-12-14,47.32,47.51,43.50,43.86,1779200,43.86
2011-12-13,47.82,49.30,47.39,47.82,1046200,47.82
2011-12-12,48.01,48.22,47.00,47.59,790500,47.59
2011-12-09,48.22,49.35,47.89,48.46,1293700,48.46
2011-12-08,48.86,49.65,47.85,48.05,1108900,48.05
2011-12-07,48.26,49.94,47.80,49.19,969800,49.19
2011-12-06,50.94,51.08,47.46,48.80,1452200,48.80
2011-12-05,50.66,51.04,49.73,50.69,1213300,50.69
2011-12-02,49.77,49.91,48.80,49.03,818900,49.03
2011-12-01,49.05,49.91,47.95,48.86,1154700,48.86
2011-11-30,51.02,51.10,47.76,49.05,1908500,49.05
2011-11-29,52.02,52.36,48.50,48.53,1428400,48.53
2011-11-28,52.26,53.31,51.20,51.95,679300,51.95
2011-11-25,50.15,51.52,50.09,50.27,161800,50.27
2011-11-23,51.26,51.40,50.02,50.70,579400,50.70
2011-11-22,52.64,52.95,51.39,51.74,842300,51.74
2011-11-21,54.25,54.35,51.83,52.81,750000,52.81
2011-11-18,56.93,57.66,54.87,55.44,620300,55.44
2011-11-17,57.00,58.65,56.12,56.51,768400,56.51
2011-11-16,57.30,57.99,56.86,57.13,756900,57.13
2011-11-15,56.20,58.76,55.65,58.14,983900,58.14
2011-11-14,54.89,57.05,54.84,56.67,589400,56.67
2011-11-11,55.15,57.23,53.22,54.95,2383300,54.95
2011-11-10,54.49,55.01,53.24,53.97,744900,53.97
2011-11-09,54.64,54.64,52.93,53.23,710600,53.23
2011-11-08,56.27,56.80,54.33,56.59,597400,56.59
2011-11-07,56.50,57.00,54.84,55.59,599400,55.59
2011-11-04,56.79,57.49,55.55,56.57,1311900,56.57
2011-11-03,50.02,58.00,50.02,56.91,2872500,56.91
2011-11-02,51.07,52.61,49.91,52.53,1064400,52.53
2011-11-01,49.37,51.40,48.68,50.00,1133400,50.00
2011-10-31,52.14,53.89,50.72,52.45,1239600,52.45
2011-10-28,51.51,52.84,50.25,52.63,987000,52.63
2011-10-27,48.01,53.29,47.28,51.58,1981000,51.58
2011-10-26,50.25,50.45,45.38,46.01,1959300,46.01
2011-10-25,50.77,50.94,49.45,49.78,607000,49.78
2011-10-24,49.81,51.58,49.81,51.30,924300,51.30
2011-10-21,50.52,50.75,49.16,49.68,1047700,49.68
2011-10-20,52.25,52.62,48.21,49.73,1330400,49.73
2011-10-19,54.50,55.58,52.12,52.51,1085700,52.51
2011-10-18,54.06,54.33,52.25,53.99,798100,53.99
2011-10-17,56.69,56.99,54.14,54.33,354700,54.33
2011-10-14,56.99,57.97,56.14,57.20,729600,57.20
2011-10-13,57.22,57.42,55.01,55.76,769600,55.76
2011-10-12,57.66,59.44,56.94,58.00,650000,58.00
2011-10-11,56.02,57.58,55.05,57.09,427700,57.09
2011-10-10,57.22,57.85,55.17,56.24,675800,56.24
2011-10-07,57.54,57.54,54.75,55.54,522700,55.54
2011-10-06,55.02,56.98,54.00,56.33,770500,56.33
2011-10-05,51.92,55.94,51.92,55.12,1053700,55.12
2011-10-04,50.75,51.88,47.37,51.79,1700000,51.79
2011-10-03,55.54,56.80,51.92,52.28,995700,52.28
2011-09-30,56.78,58.71,55.93,56.52,657200,56.52
2011-09-29,60.79,61.14,55.45,57.94,639300,57.94
2011-09-28,61.51,63.90,58.96,59.01,485000,59.01
2011-09-27,62.98,64.16,60.69,61.38,594900,61.38
2011-09-26,59.73,60.87,57.04,60.79,469300,60.79
2011-09-23,55.78,59.57,55.39,58.88,821900,58.88
2011-09-22,58.13,58.96,55.46,56.32,932200,56.32
2011-09-21,66.31,66.31,61.70,61.75,535900,61.75
2011-09-20,68.72,69.74,65.72,66.12,751700,66.12
2011-09-19,64.78,69.26,63.83,67.70,827800,67.70
2011-09-16,64.98,66.49,64.05,66.44,771900,66.44
2011-09-15,64.34,65.00,63.25,64.88,528700,64.88
2011-09-14,63.40,64.39,61.91,63.68,790400,63.68
2011-09-13,59.82,63.20,59.82,62.57,615700,62.57
2011-09-12,57.41,59.92,57.17,59.60,701400,59.60
2011-09-09,60.87,61.56,57.84,59.05,614200,59.05
2011-09-08,59.88,62.60,59.88,61.39,843500,61.39
2011-09-07,58.92,60.46,58.54,60.42,1559900,60.42
2011-09-06,55.58,57.87,55.05,57.69,350500,57.69
2011-09-02,57.98,59.73,57.01,57.98,398800,57.98
2011-09-01,61.69,61.88,59.62,59.81,454400,59.81
2011-08-31,63.50,64.35,60.76,61.67,622200,61.67
2011-08-30,62.53,64.34,61.46,62.92,624300,62.92
2011-08-29,61.21,63.41,60.78,63.00,760900,63.00
2011-08-26,56.82,60.30,55.00,60.00,698100,60.00
2011-08-25,59.49,59.86,57.05,57.59,655600,57.59
2011-08-24,56.69,58.45,56.07,58.36,496600,58.36
2011-08-23,52.25,56.98,51.92,56.98,692400,56.98
2011-08-22,54.24,54.82,51.63,52.06,510300,52.06
2011-08-19,54.17,55.68,52.00,52.44,659700,52.44
2011-08-18,58.22,58.29,54.25,54.73,909800,54.73
2011-08-17,62.41,63.49,59.79,60.75,444500,60.75
2011-08-16,63.43,64.35,61.72,62.23,811900,62.23
2011-08-15,63.32,65.06,63.00,64.64,832500,64.64
2011-08-12,61.01,63.10,59.70,62.17,857700,62.17
2011-08-11,55.79,61.16,55.32,60.18,1129500,60.18
2011-08-10,55.69,57.86,54.29,54.80,982400,54.80
2011-08-09,53.11,56.81,51.49,56.68,1324400,56.68
2011-08-08,55.31,56.50,50.62,51.64,2323100,51.64
2011-08-05,64.02,64.13,57.27,60.01,1926000,60.01
2011-08-04,66.97,68.05,64.07,64.18,1706000,64.18
2011-08-03,62.20,70.00,61.26,69.73,2288500,69.73
2011-08-02,64.51,67.90,60.35,61.51,2445200,61.51
2011-08-01,70.49,71.50,66.00,68.56,1095900,68.56
2011-07-29,65.63,68.51,64.03,68.00,770100,68.00
2011-07-28,67.52,69.45,66.55,67.02,694200,67.02
2011-07-27,70.50,70.50,66.60,67.65,1126300,67.65
2011-07-26,70.76,72.79,70.76,71.08,893200,71.08
2011-07-25,68.70,71.07,68.06,70.70,689200,70.70
2011-07-22,69.21,69.92,68.93,69.27,403500,69.27
2011-07-21,69.07,70.53,68.57,69.11,549700,69.11
2011-07-20,70.00,70.00,68.18,68.62,373100,68.62
2011-07-19,68.08,70.00,68.00,69.80,490500,69.80
2011-07-18,68.14,68.34,65.77,67.26,454900,67.26
2011-07-15,68.28,68.65,67.07,68.51,409600,68.51
2011-07-14,69.16,70.00,67.36,67.87,470700,67.87
2011-07-13,68.73,70.49,68.41,68.76,596200,68.76
2011-07-12,68.73,69.38,67.55,68.00,610300,68.00
2011-07-11,70.81,71.53,68.37,69.35,637600,69.35
2011-07-08,71.00,72.45,70.20,72.00,521800,72.00
2011-07-07,73.97,74.21,71.93,72.08,490300,72.08
2011-07-06,71.36,72.88,70.20,72.82,994700,72.82
2011-07-05,70.54,71.87,70.09,71.28,843500,71.28
2011-07-01,69.07,70.48,67.79,70.31,1214500,70.31
2011-06-30,67.88,68.68,67.17,67.84,744500,67.84
2011-06-29,66.82,69.00,66.63,67.59,1382800,67.59
2011-06-28,64.88,66.01,64.39,66.01,885400,66.01
2011-06-27,63.44,65.35,62.63,64.84,916100,64.84
2011-06-24,62.75,63.72,62.16,63.72,2511700,63.72
2011-06-23,60.75,63.00,59.39,62.69,899300,62.69
2011-06-22,62.71,63.75,61.79,61.86,746300,61.86
2011-06-21,60.17,63.00,59.91,62.81,1247400,62.81
2011-06-20,57.68,60.56,57.56,59.84,966900,59.84
2011-06-17,56.62,58.43,56.19,57.86,1350700,57.86
2011-06-16,56.63,57.33,55.00,56.12,1245600,56.12
2011-06-15,59.06,59.79,56.62,56.74,1197500,56.74
2011-06-14,59.57,60.75,57.51,60.44,846400,60.44
2011-06-13,59.89,60.59,58.66,58.83,557500,58.83
2011-06-10,60.05,60.38,58.70,59.81,985800,59.81
2011-06-09,61.55,61.58,58.45,60.65,1815300,60.65
2011-06-08,61.74,63.17,60.11,62.14,1099600,62.14
2011-06-07,61.79,62.28,60.06,62.10,779300,62.10
2011-06-06,62.64,63.39,61.41,61.51,649000,61.51
2011-06-03,62.81,64.39,61.50,63.06,532100,63.06
2011-06-02,64.47,65.17,63.10,63.92,913400,63.92
2011-06-01,64.97,66.34,64.13,64.53,1003400,64.53
2011-05-31,67.71,68.00,64.00,65.55,1415600,65.55
2011-05-27,67.96,69.26,67.73,68.05,513000,68.05
2011-05-26,67.53,68.25,66.16,67.96,507000,67.96
2011-05-25,65.09,68.20,64.60,67.72,621600,67.72
2011-05-24,66.84,66.84,65.00,65.10,744400,65.10
2011-05-23,67.28,67.86,65.27,66.76,568700,66.76
2011-05-20,70.32,70.82,68.00,68.69,841700,68.69
2011-05-19,70.22,71.96,70.20,70.54,753200,70.54
2011-05-18,66.35,70.15,66.06,69.67,912000,69.67
2011-05-17,63.28,66.10,62.63,65.98,988500,65.98
2011-05-16,66.15,66.60,63.56,63.67,774800,63.67
2011-05-13,67.78,68.00,65.88,66.33,505300,66.33
2011-05-12,67.01,67.96,65.69,67.67,551000,67.67
2011-05-11,69.76,70.19,66.34,67.37,721600,67.37
2011-05-10,68.06,71.00,68.05,69.18,1175500,69.18
2011-05-09,66.86,68.03,65.31,67.67,927500,67.67
2011-05-06,66.99,67.94,65.05,67.62,1058900,67.62
2011-05-05,60.12,68.55,60.11,65.88,4889100,65.88
2011-05-04,57.93,57.95,52.36,55.37,1979700,55.37
2011-05-03,61.16,61.72,56.17,58.14,963400,58.14
2011-05-02,63.64,65.92,61.15,61.43,1175600,61.43
2011-04-29,59.35,62.24,58.97,61.77,1487400,61.77
2011-04-28,56.66,59.39,56.59,59.10,763600,59.10
2011-04-27,55.64,56.87,54.13,56.65,379600,56.65
2011-04-26,56.65,56.92,55.35,55.50,495000,55.50
2011-04-25,57.83,57.97,55.60,56.30,363100,56.30
2011-04-21,56.84,57.95,56.47,57.41,440400,57.41
2011-04-20,56.97,57.20,55.93,56.43,455100,56.43
2011-04-19,54.05,56.09,54.03,56.03,719900,56.03
2011-04-18,54.12,54.29,52.60,53.98,481300,53.98
2011-04-15,55.13,55.69,54.54,54.81,637800,54.81
2011-04-14,55.60,55.67,54.50,55.33,382000,55.33
2011-04-13,56.59,57.30,55.60,56.12,422600,56.12
2011-04-12,57.13,57.22,53.67,55.83,849700,55.83
2011-04-11,56.88,57.97,56.35,57.87,539200,57.87
2011-04-08,57.60,57.97,56.21,56.77,407500,56.77
2011-04-07,57.70,58.45,56.10,57.25,521200,57.25
2011-04-06,59.18,59.99,57.12,57.70,625700,57.70
2011-04-05,59.12,60.50,58.40,59.00,578400,59.00
2011-04-04,58.12,59.39,57.54,59.24,545000,59.24
2011-04-01,57.82,58.21,56.84,57.37,631200,57.37
2011-03-31,57.11,57.62,55.50,57.58,773100,57.58
2011-03-30,58.89,59.00,57.67,58.01,561900,58.01
2011-03-29,57.30,58.56,56.80,57.88,696300,57.88
2011-03-28,56.98,58.84,56.41,57.15,1158600,57.15
2011-03-25,52.86,56.70,52.86,56.35,1380200,56.35
2011-03-24,52.80,53.30,51.65,52.75,451000,52.75
2011-03-23,53.40,53.40,51.32,52.54,673900,52.54
2011-03-22,53.20,53.57,52.34,53.30,685000,53.30
2011-03-21,52.68,53.54,52.50,53.07,1379700,53.07
2011-03-18,53.40,53.49,52.01,52.18,2969600,52.18
2011-03-17,56.11,57.38,55.27,55.69,576100,55.69
2011-03-16,55.80,58.74,54.10,55.17,1546900,55.17
2011-03-15,52.00,55.75,51.01,54.74,885400,54.74
2011-03-14,53.73,55.48,53.01,54.28,359900,54.28
2011-03-11,52.51,54.80,51.15,54.35,593100,54.35
2011-03-10,54.76,54.76,52.63,53.01,650800,53.01
2011-03-09,54.88,55.56,54.00,55.32,632400,55.32
2011-03-08,54.66,55.60,52.87,55.15,677700,55.15
2011-03-07,55.76,56.30,52.56,54.37,815900,54.37
2011-03-04,55.52,55.52,54.62,55.37,939000,55.37
2011-03-03,55.62,56.22,54.62,55.32,929600,55.32
2011-03-02,54.98,56.75,54.21,54.98,648400,54.98
2011-03-01,58.91,58.91,54.52,54.84,717200,54.84
2011-02-28,59.40,59.93,57.31,58.44,1058300,58.44
2011-02-25,57.39,61.75,57.39,59.39,982300,59.39
2011-02-24,54.68,58.70,53.35,56.53,1651500,56.53
2011-02-23,50.41,50.41,46.07,49.53,1054400,49.53
2011-02-22,51.77,52.54,50.00,50.54,479200,50.54
2011-02-18,54.46,54.60,51.35,52.41,628800,52.41
2011-02-17,54.01,54.64,53.72,54.49,200100,54.49
2011-02-16,53.76,54.38,53.50,53.91,204500,53.91
2011-02-15,53.92,54.69,53.14,53.37,448900,53.37
2011-02-14,54.26,54.71,53.48,53.51,304300,53.51
2011-02-11,54.05,54.49,53.76,54.07,396100,54.07
2011-02-10,52.25,54.18,52.25,53.95,333100,53.95
2011-02-09,51.79,53.46,51.56,52.33,439800,52.33
2011-02-08,50.92,52.11,50.64,51.78,290900,51.78
2011-02-07,50.20,51.65,50.20,50.64,397600,50.64
2011-02-04,50.10,50.50,49.51,50.10,248600,50.10
2011-02-03,49.90,50.48,48.70,50.15,307500,50.15
2011-02-02,49.33,50.67,48.55,49.53,439000,49.53
2011-02-01,48.27,49.88,48.27,49.13,592700,49.13
2011-01-31,46.45,48.74,46.00,48.15,507600,48.15
2011-01-28,47.55,47.78,46.00,46.03,505800,46.03
2011-01-27,47.58,47.85,47.00,47.59,356300,47.59
2011-01-26,46.43,47.89,46.16,47.49,871700,47.49
2011-01-25,44.20,44.88,43.48,44.87,320000,44.87
2011-01-24,44.10,44.99,42.90,44.45,438900,44.45
2011-01-21,44.46,44.96,43.91,43.99,342700,43.99
2011-01-20,45.64,45.94,43.01,44.35,534700,44.35
2011-01-19,47.32,48.38,46.25,46.29,654500,46.29
2011-01-18,46.05,47.18,45.01,47.05,359400,47.05
2011-01-14,47.71,48.20,45.14,46.02,674100,46.02
2011-01-13,44.76,48.19,44.52,47.85,1035400,47.85
2011-01-12,43.61,44.73,43.35,44.51,353200,44.51
2011-01-11,44.29,44.40,43.15,43.17,246200,43.17
2011-01-10,43.64,44.09,43.15,43.81,171600,43.81
2011-01-07,44.17,45.16,43.10,43.79,389700,43.79
2011-01-06,42.08,44.05,42.06,44.01,773300,44.01
2011-01-05,40.51,42.00,40.29,41.69,233800,41.69
2011-01-04,41.52,41.54,39.45,40.66,366900,40.66
2011-01-03,41.20,41.98,41.07,41.20,275200,41.20
2010-12-31,41.23,41.33,40.59,40.73,158500,40.73
2010-12-30,41.09,41.47,40.77,41.25,361500,41.25
2010-12-29,41.59,41.81,40.70,41.19,251700,41.19
2010-12-28,42.69,42.69,41.52,41.61,245400,41.61
2010-12-27,42.13,42.47,41.14,42.40,247800,42.40
2010-12-23,44.64,44.65,41.87,42.07,443100,42.07
2010-12-22,44.33,45.88,44.21,44.78,499800,44.78
2010-12-21,43.17,44.03,42.76,43.85,273500,43.85
2010-12-20,43.95,44.40,42.33,42.86,701800,42.86
2010-12-17,42.01,44.10,41.86,44.04,758400,44.04
2010-12-16,42.08,42.54,41.11,41.77,270000,41.77
2010-12-15,41.31,43.37,41.01,42.13,538600,42.13
2010-12-14,41.80,41.96,40.74,41.38,505100,41.38
2010-12-13,42.21,42.68,41.39,41.85,454400,41.85
2010-12-10,44.15,44.15,41.58,42.22,2010800,42.22
2010-12-09,43.42,45.73,43.32,44.53,1417500,44.53
2010-12-08,39.78,43.33,39.51,43.09,2246800,43.09
2010-12-07,42.30,42.44,40.12,40.99,910800,40.99
2010-12-06,36.91,42.95,36.90,42.02,2902500,42.02
2010-12-03,34.81,36.25,34.81,36.12,458000,36.12
2010-12-02,32.52,35.19,32.52,35.12,677400,35.12
2010-12-01,32.18,32.90,31.92,32.45,520300,32.45
2010-11-30,33.17,33.34,31.01,31.78,939500,31.78
2010-11-29,33.17,33.58,32.40,33.45,248600,33.45
2010-11-26,32.53,33.38,32.43,33.11,87200,33.11
2010-11-24,32.26,32.90,32.12,32.72,166200,32.72
2010-11-23,32.76,32.77,31.80,32.21,440600,32.21
2010-11-22,32.62,33.10,32.40,32.93,359500,32.93
2010-11-19,32.61,32.99,32.32,32.77,269600,32.77
2010-11-18,32.10,33.02,32.10,32.85,409500,32.85
2010-11-17,32.13,32.14,31.26,31.84,555900,31.84
2010-11-16,32.79,33.00,32.02,32.22,635200,32.22
2010-11-15,33.46,34.00,32.50,33.20,419800,33.20
2010-11-12,34.07,34.55,33.10,33.42,405800,33.42
2010-11-11,34.30,34.74,33.89,34.60,310700,34.60
2010-11-10,34.19,34.64,33.05,34.54,367400,34.54
2010-11-09,35.34,35.44,33.90,34.14,459400,34.14
2010-11-08,34.92,35.68,34.51,35.39,491800,35.39
2010-11-05,32.65,34.94,32.65,34.85,772900,34.85
2010-11-04,34.29,34.33,29.55,32.74,4746300,32.74
2010-11-03,36.27,36.99,35.50,36.40,576200,36.40
2010-11-02,35.98,36.18,35.04,36.11,305200,36.11
2010-11-01,33.52,35.65,33.52,35.40,628700,35.40
2010-10-29,33.50,34.01,32.99,33.27,274400,33.27
2010-10-28,34.95,35.45,33.22,33.60,269500,33.60
2010-10-27,34.75,34.84,34.00,34.78,283600,34.78
2010-10-26,34.33,35.23,34.10,34.97,234400,34.97
2010-10-25,34.62,35.18,34.22,34.60,279800,34.60
2010-10-22,34.88,35.04,33.77,34.47,209200,34.47
2010-10-21,33.85,35.31,33.85,34.53,317800,34.53
2010-10-20,33.15,33.90,33.00,33.74,272200,33.74
2010-10-19,33.30,33.61,32.44,32.94,440900,32.94
2010-10-18,33.93,34.48,33.48,33.87,309600,33.87
2010-10-15,34.12,34.25,33.58,34.09,311500,34.09
2010-10-14,33.89,34.02,33.45,33.91,191500,33.91
2010-10-13,33.28,34.05,33.15,33.84,274000,33.84
2010-10-12,33.21,33.48,32.08,32.97,256600,32.97
2010-10-11,33.57,33.75,33.17,33.23,279400,33.23
2010-10-08,32.70,33.67,32.57,33.46,344800,33.46
2010-10-07,33.02,33.38,32.05,32.72,374400,32.72
2010-10-06,31.38,33.50,31.38,32.76,854800,32.76
2010-10-05,29.92,31.30,29.85,31.26,503500,31.26
2010-10-04,29.94,30.42,29.33,29.48,283000,29.48
2010-10-01,30.52,30.54,29.73,30.10,191500,30.10
2010-09-30,30.48,30.70,29.35,30.16,356400,30.16
2010-09-29,29.72,30.45,29.72,30.15,795800,30.15
2010-09-28,29.22,29.84,28.51,29.53,451200,29.53
2010-09-27,29.32,29.44,28.75,29.02,506600,29.02
2010-09-24,29.37,29.69,29.10,29.35,369500,29.35
2010-09-23,29.01,29.54,28.83,29.11,267300,29.11
2010-09-22,29.50,29.94,29.00,29.30,217200,29.30
2010-09-21,30.00,30.00,29.13,29.52,376900,29.52
2010-09-20,28.90,29.88,28.40,29.76,479500,29.76
2010-09-17,29.65,29.70,28.46,28.89,523900,28.89
2010-09-16,29.31,29.59,28.77,29.35,660300,29.35
2010-09-15,30.66,30.72,29.26,29.45,561400,29.45
2010-09-14,30.52,31.04,29.91,30.58,509500,30.58
2010-09-13,29.71,30.74,29.44,30.52,577500,30.52
2010-09-10,29.61,29.61,28.61,29.30,370700,29.30
2010-09-09,30.26,30.50,29.51,29.60,460100,29.60
2010-09-08,28.89,29.87,28.70,29.74,707900,29.74
2010-09-07,29.15,29.24,28.48,28.84,391200,28.84
2010-09-03,29.03,29.62,28.63,29.02,511600,29.02
2010-09-02,28.24,29.11,27.87,28.90,527700,28.90
2010-09-01,27.56,28.53,27.42,28.46,689800,28.46
2010-08-31,27.53,27.53,26.46,27.02,571800,27.02
2010-08-30,28.07,28.12,27.42,27.48,404400,27.48
2010-08-27,27.40,27.99,26.75,27.90,482400,27.90
2010-08-26,27.77,28.38,26.70,27.15,1201400,27.15
2010-08-25,25.76,26.75,25.70,26.22,973800,26.22
2010-08-24,25.65,26.41,24.96,26.27,595100,26.27
2010-08-23,27.04,27.51,26.00,26.14,325500,26.14
2010-08-20,26.69,26.89,26.09,26.46,402600,26.46
2010-08-19,28.79,28.82,26.26,26.69,1112900,26.69
2010-08-18,28.68,29.40,28.27,29.03,248400,29.03
2010-08-17,29.03,29.28,28.41,28.81,380800,28.81
2010-08-16,27.53,28.87,27.02,28.41,534400,28.41
2010-08-13,27.07,27.66,26.70,27.50,306300,27.50
2010-08-12,27.19,27.88,26.51,27.29,326600,27.29
2010-08-11,28.32,28.46,27.24,27.56,619800,27.56
2010-08-10,28.38,29.25,26.92,28.96,956700,28.96
2010-08-09,27.03,28.74,27.03,28.55,947100,28.55
2010-08-06,27.02,27.29,25.55,26.18,975100,26.18
2010-08-05,27.73,28.39,26.57,26.89,1480900,26.89
2010-08-04,23.90,24.48,23.10,24.19,718400,24.19
2010-08-03,24.38,24.57,23.54,23.69,325800,23.69
2010-08-02,25.14,25.46,24.16,24.54,299700,24.54
2010-07-30,24.34,24.74,23.72,24.56,337700,24.56
2010-07-29,24.52,25.07,23.35,24.81,405200,24.81
2010-07-28,25.35,25.35,23.61,24.13,456200,24.13
2010-07-27,26.36,26.50,25.37,25.46,223200,25.46
2010-07-26,26.18,26.67,25.90,26.39,376200,26.39
2010-07-23,25.17,26.24,24.80,26.02,311100,26.02
2010-07-22,25.29,25.81,25.19,25.29,428300,25.29
2010-07-21,25.26,25.58,24.73,24.88,361800,24.88
2010-07-20,24.63,25.14,24.28,25.00,340000,25.00
2010-07-19,24.60,24.90,24.25,24.85,201800,24.85
2010-07-16,25.13,25.19,24.39,24.60,455100,24.60
2010-07-15,25.52,25.52,23.97,25.28,617400,25.28
2010-07-14,24.50,25.72,23.98,25.52,627000,25.52
2010-07-13,23.66,24.62,23.56,24.51,415300,24.51
2010-07-12,23.54,23.90,23.05,23.39,165600,23.39
2010-07-09,23.94,23.99,23.19,23.76,314800,23.76
2010-07-08,23.00,23.97,22.62,23.77,633100,23.77
2010-07-07,23.48,23.58,22.39,22.71,631300,22.71
2010-07-06,23.51,24.30,22.97,23.33,491300,23.33
2010-07-02,22.67,23.32,22.44,23.06,313000,23.06
2010-07-01,22.73,22.74,21.50,22.60,406100,22.60
2010-06-30,22.98,23.89,22.61,22.74,356200,22.74
2010-06-29,23.79,23.79,22.14,22.91,1226300,22.91
2010-06-28,23.78,25.10,23.55,24.16,1045500,24.16
2010-06-25,21.92,24.00,21.82,23.49,980800,23.49
2010-06-24,22.54,22.73,21.56,21.82,465800,21.82
2010-06-23,22.08,23.07,21.26,22.57,286100,22.57
2010-06-22,22.57,23.14,21.94,22.07,438700,22.07
2010-06-21,23.08,23.99,22.29,22.59,508800,22.59
2010-06-18,22.00,22.81,21.65,22.67,427900,22.67
2010-06-17,22.04,22.18,21.37,21.98,406500,21.98
2010-06-16,20.98,22.17,20.82,21.74,352400,21.74
2010-06-15,20.15,21.07,20.15,20.96,508400,20.96
2010-06-14,19.91,20.23,19.42,19.53,170600,19.53
2010-06-11,19.68,19.92,19.24,19.74,272300,19.74
2010-06-10,19.42,19.77,19.24,19.76,256400,19.76
2010-06-09,19.06,19.58,18.56,18.95,508500,18.95
2010-06-08,19.19,19.42,18.32,18.91,377100,18.91
2010-06-07,20.17,20.25,18.97,19.04,243600,19.04
2010-06-04,21.24,21.24,20.00,20.13,325000,20.13
2010-06-03,21.00,21.78,21.00,21.60,345000,21.60
2010-06-02,20.48,21.13,20.42,21.12,297300,21.12
2010-06-01,20.19,20.91,19.88,20.50,456900,20.50
2010-05-28,20.40,20.72,20.00,20.41,196500,20.41
2010-05-27,19.00,20.46,18.82,20.45,472700,20.45
2010-05-26,18.91,19.60,18.56,18.65,319900,18.65
2010-05-25,19.26,19.27,18.41,18.82,638600,18.82
2010-05-24,19.66,20.37,19.66,19.78,294500,19.78
2010-05-21,18.41,20.10,18.29,19.99,640700,19.99
2010-05-20,19.19,19.19,18.31,18.72,446800,18.72
2010-05-19,20.30,20.52,19.28,19.53,459200,19.53
2010-05-18,20.81,21.39,20.30,20.45,194900,20.45
2010-05-17,21.28,21.70,20.27,20.87,391300,20.87
2010-05-14,22.48,22.51,21.56,21.82,289400,21.82
2010-05-13,22.57,22.87,21.89,22.51,467000,22.51
2010-05-12,20.89,23.42,20.81,22.82,1216200,22.82
2010-05-11,20.45,21.00,20.34,20.75,398500,20.75
2010-05-10,20.44,21.13,20.00,20.49,459300,20.49
2010-05-07,19.52,21.16,19.10,19.68,1471900,19.68
2010-05-06,18.50,19.89,17.79,19.40,1862600,19.40
2010-05-05,17.45,17.45,16.70,16.86,254800,16.86
2010-05-04,18.03,18.03,17.30,17.70,313600,17.70
2010-05-03,17.70,18.44,17.70,18.31,276600,18.31
2010-04-30,18.24,18.41,17.58,17.71,217100,17.71
2010-04-29,18.32,18.59,18.20,18.23,302600,18.23
2010-04-28,17.60,18.43,17.60,18.08,295100,18.08
2010-04-27,18.25,18.36,17.47,17.51,124600,17.51
2010-04-26,18.05,18.51,17.98,18.32,315300,18.32
2010-04-23,17.98,18.07,17.83,18.00,94900,18.00
2010-04-22,17.81,18.01,17.44,17.99,116000,17.99
2010-04-21,18.12,18.13,17.83,18.00,108700,18.00
2010-04-20,17.93,18.10,17.71,17.99,160000,17.99
2010-04-19,17.88,18.01,17.47,17.73,166500,17.73
2010-04-16,18.45,18.45,17.59,18.05,181500,18.05
2010-04-15,18.51,18.70,18.31,18.51,104600,18.51
2010-04-14,18.20,18.68,18.06,18.51,106600,18.51
2010-04-13,18.03,18.20,17.70,18.04,157400,18.04
2010-04-12,18.31,18.47,18.00,18.08,131900,18.08
2010-04-09,18.40,18.43,18.05,18.27,70500,18.27
2010-04-08,17.95,18.57,17.81,18.35,156600,18.35
2010-04-07,18.45,18.45,17.97,18.10,250400,18.10
2010-04-06,18.93,18.93,18.38,18.55,193900,18.55
2010-04-05,18.74,18.83,18.60,18.77,370400,18.77
2010-04-01,17.70,18.79,17.57,18.53,495800,18.53
2010-03-31,17.34,18.03,17.32,17.46,296400,17.46
2010-03-30,17.28,17.73,17.20,17.34,318800,17.34
2010-03-29,17.19,17.50,17.08,17.35,313400,17.35
2010-03-26,17.18,17.54,16.84,17.06,134500,17.06
2010-03-25,17.75,17.75,16.97,17.01,157800,17.01
2010-03-24,17.62,17.74,17.44,17.60,155400,17.60
2010-03-23,17.16,17.71,17.16,17.63,231000,17.63
2010-03-22,16.87,17.40,16.79,17.20,102600,17.20
2010-03-19,17.43,17.44,16.91,16.93,282300,16.93
2010-03-18,17.26,17.42,17.17,17.25,410100,17.25
2010-03-17,16.50,17.49,16.50,17.22,457500,17.22
2010-03-16,15.98,16.57,15.45,16.53,493400,16.53
2010-03-15,16.46,16.50,16.11,16.44,169800,16.44
2010-03-12,16.57,16.73,16.19,16.44,257500,16.44
2010-03-11,17.24,17.31,16.31,16.52,606200,16.52
2010-03-10,17.70,18.27,17.16,17.34,540900,17.34
2010-03-09,17.32,17.83,17.30,17.64,322200,17.64
2010-03-08,16.98,17.46,16.95,17.35,398900,17.35
2010-03-05,15.90,17.15,15.90,17.00,1133400,17.00
2010-03-04,15.35,15.90,15.35,15.84,244800,15.84
2010-03-03,15.17,15.40,15.06,15.34,287700,15.34
2010-03-02,15.00,15.25,14.89,15.15,344700,15.15
2010-03-01,15.13,15.35,14.93,14.99,316500,14.99
2010-02-26,15.09,15.12,14.76,14.97,294500,14.97
2010-02-25,15.03,15.32,14.39,14.97,935400,14.97
2010-02-24,13.39,13.80,13.29,13.69,156700,13.69
2010-02-23,13.61,13.79,13.46,13.58,139700,13.58
2010-02-22,13.88,13.88,13.63,13.68,115300,13.68
2010-02-19,13.68,13.85,13.57,13.78,92900,13.78
2010-02-18,13.46,13.74,13.46,13.70,79500,13.70
2010-02-17,13.50,13.65,13.23,13.51,88600,13.51
2010-02-16,12.99,13.40,12.90,13.40,169400,13.40
2010-02-12,13.19,13.25,12.67,12.79,609900,12.79
2010-02-11,11.91,12.54,11.73,12.47,233000,12.47
2010-02-10,11.98,12.06,11.67,11.89,173600,11.89
2010-02-09,11.92,12.25,11.88,11.97,164000,11.97
2010-02-08,11.96,12.08,11.76,11.77,192500,11.77
2010-02-05,12.68,12.81,11.78,11.99,805600,11.99
2010-02-04,13.16,13.27,12.60,12.67,243800,12.67
2010-02-03,13.55,13.67,12.89,13.34,481500,13.34
2010-02-02,13.49,13.76,13.41,13.61,75400,13.61
2010-02-01,13.54,13.58,13.35,13.51,219800,13.51
2010-01-29,13.47,13.79,13.11,13.43,296000,13.43
2010-01-28,13.60,13.65,13.25,13.43,215700,13.43
2010-01-27,13.35,13.65,13.26,13.60,250300,13.60
2010-01-26,13.64,13.75,13.44,13.50,238800,13.50
2010-01-25,13.37,13.73,13.31,13.73,419800,13.73
2010-01-22,13.28,13.61,13.00,13.30,494400,13.30
2010-01-21,12.93,13.44,12.89,13.21,713200,13.21
2010-01-20,11.87,12.41,11.70,12.31,1364900,12.31
2010-01-19,11.98,11.98,11.71,11.83,174000,11.83
2010-01-15,12.10,12.31,11.85,11.90,292600,11.90
2010-01-14,11.75,12.06,11.61,11.99,227100,11.99
2010-01-13,11.74,11.82,11.50,11.76,122700,11.76
2010-01-12,11.82,11.94,11.61,11.77,205200,11.77
2010-01-11,12.13,12.13,11.79,11.95,131100,11.95
2010-01-08,12.00,12.11,11.94,12.03,259600,12.03
2010-01-07,11.93,12.05,11.60,12.02,204800,12.02
2010-01-06,11.88,11.99,11.74,11.91,261900,11.91
2010-01-05,12.10,12.29,11.99,11.99,273300,11.99
2010-01-04,12.05,12.24,11.93,12.09,280200,12.09
2009-12-31,12.00,12.04,11.66,11.90,138600,11.90
2009-12-30,11.80,12.12,11.80,12.04,165000,12.04
2009-12-29,12.02,12.02,11.78,11.85,256000,11.85
2009-12-28,12.11,12.18,11.86,12.01,67100,12.01
2009-12-24,11.99,12.01,11.80,12.00,19000,12.00
2009-12-23,11.97,12.02,11.85,11.89,171200,11.89
2009-12-22,11.98,12.10,11.81,11.89,161500,11.89
2009-12-21,11.97,12.08,11.88,11.98,104900,11.98
2009-12-18,11.82,12.00,11.71,11.90,230100,11.90
2009-12-17,11.79,11.85,11.59,11.77,117100,11.77
2009-12-16,11.93,12.08,11.73,11.89,148900,11.89
2009-12-15,11.86,12.04,11.66,11.85,296500,11.85
2009-12-14,11.56,11.94,11.37,11.87,266700,11.87
2009-12-11,11.60,11.77,11.40,11.51,200500,11.51
2009-12-10,11.72,11.95,11.41,11.55,78900,11.55
2009-12-09,11.83,11.89,11.45,11.70,99000,11.70
2009-12-08,11.84,12.05,11.61,11.78,163700,11.78
2009-12-07,11.94,12.04,11.67,12.02,170200,12.02
2009-12-04,12.07,12.25,11.79,11.95,164000,11.95
2009-12-03,11.92,12.03,11.63,11.71,113700,11.71
2009-12-02,11.86,12.07,11.79,11.90,142700,11.90
2009-12-01,11.90,12.02,11.80,11.87,82800,11.87
2009-11-30,11.66,11.81,11.38,11.77,188500,11.77
2009-11-27,11.34,11.77,11.34,11.61,110400,11.61
2009-11-25,11.91,11.96,11.76,11.85,140300,11.85
2009-11-24,11.92,12.06,11.65,11.86,87500,11.86
2009-11-23,12.05,12.33,11.82,11.93,115600,11.93
2009-11-20,11.41,12.04,11.39,11.93,147800,11.93
2009-11-19,11.66,11.77,11.37,11.56,146800,11.56
2009-11-18,11.92,12.10,11.48,11.78,146000,11.78
2009-11-17,11.92,12.07,11.82,11.95,177100,11.95
2009-11-16,11.41,12.12,11.25,11.97,363700,11.97
2009-11-13,11.06,11.48,10.89,11.23,176700,11.23
2009-11-12,11.35,11.50,10.90,10.98,158100,10.98
2009-11-11,11.42,11.55,11.30,11.41,306800,11.41
2009-11-10,11.23,11.60,11.23,11.30,179600,11.30
2009-11-09,11.59,11.75,11.30,11.38,420900,11.38
2009-11-06,11.32,11.68,11.27,11.40,474200,11.40
2009-11-05,10.88,11.96,10.88,11.47,776300,11.47
2009-11-04,10.81,11.02,10.48,10.56,117900,10.56
2009-11-03,10.30,10.79,10.17,10.69,107300,10.69
2009-11-02,11.03,11.03,10.18,10.43,356100,10.43
2009-10-30,10.82,11.11,10.62,10.96,292700,10.96
2009-10-29,10.88,11.18,10.54,10.96,234100,10.96
2009-10-28,11.35,11.40,10.71,10.76,176300,10.76
2009-10-27,11.51,11.64,11.25,11.36,141600,11.36
2009-10-26,11.91,12.31,11.40,11.49,244600,11.49
2009-10-23,12.25,12.32,11.63,11.86,340800,11.86
2009-10-22,11.87,12.30,11.61,12.22,154200,12.22
2009-10-21,12.05,12.63,11.86,11.88,208300,11.88
2009-10-20,12.56,12.56,11.84,12.07,1224600,12.07
2009-10-19,12.92,12.92,12.46,12.57,336500,12.57
2009-10-16,13.04,13.15,12.64,12.92,230100,12.92
2009-10-15,13.13,13.34,12.92,13.16,384200,13.16
2009-10-14,13.40,13.41,13.12,13.26,287600,13.26
2009-10-13,13.26,13.32,12.55,13.13,518100,13.13
2009-10-12,13.70,14.10,13.70,14.02,538400,14.02
2009-10-09,13.32,13.59,13.27,13.56,143800,13.56
2009-10-08,13.02,13.49,12.90,13.29,249400,13.29
2009-10-07,12.91,13.11,12.72,12.89,95200,12.89
2009-10-06,12.68,13.22,12.56,13.01,339500,13.01
2009-10-05,12.14,12.64,12.09,12.58,154200,12.58
2009-10-02,12.04,12.20,11.83,12.02,262100,12.02
2009-10-01,12.85,12.85,12.21,12.25,193900,12.25
2009-09-30,13.22,13.22,12.53,12.91,181600,12.91
2009-09-29,13.08,13.34,12.93,13.23,455800,13.23
2009-09-28,12.80,13.07,12.62,13.04,94100,13.04
2009-09-25,12.91,13.13,12.50,12.74,139500,12.74
2009-09-24,12.83,13.18,12.48,13.00,255100,13.00
2009-09-23,12.82,13.01,12.62,12.69,134900,12.69
2009-09-22,12.69,13.00,12.52,12.83,91200,12.83
2009-09-21,12.39,12.63,12.26,12.59,77000,12.59
2009-09-18,12.87,12.90,12.54,12.65,226500,12.65
2009-09-17,13.01,13.10,12.70,12.82,102700,12.82
2009-09-16,13.08,13.16,12.92,13.00,197200,13.00
2009-09-15,12.88,13.08,12.69,12.99,199500,12.99
2009-09-14,12.49,12.90,12.09,12.88,163700,12.88
2009-09-11,12.50,12.79,12.44,12.55,190200,12.55
2009-09-10,11.79,12.47,11.40,12.44,455900,12.44
2009-09-09,11.26,11.72,11.00,11.53,222700,11.53
2009-09-08,11.14,11.40,11.05,11.32,294900,11.32
2009-09-04,10.86,11.16,10.50,11.00,279800,11.00
2009-09-03,10.90,11.02,10.68,10.86,98500,10.86
2009-09-02,10.89,11.18,10.75,10.85,159600,10.85
2009-09-01,11.23,11.77,10.78,10.97,167800,10.97
2009-08-31,11.30,11.53,11.23,11.37,170200,11.37
2009-08-28,11.65,11.83,11.30,11.40,100400,11.40
2009-08-27,11.58,11.60,11.08,11.48,202800,11.48
2009-08-26,11.63,11.69,11.40,11.61,275200,11.61
2009-08-25,12.00,12.00,11.43,11.72,319100,11.72
2009-08-24,12.27,12.29,11.80,11.94,117400,11.94
2009-08-21,12.44,12.47,12.10,12.26,193300,12.26
2009-08-20,11.61,12.23,11.61,12.06,321600,12.06
2009-08-19,11.87,12.04,11.16,11.70,906700,11.70
2009-08-18,12.00,12.36,11.90,12.05,141000,12.05
2009-08-17,12.31,12.32,11.80,11.93,76900,11.93
2009-08-14,12.74,12.83,12.28,12.46,94000,12.46
2009-08-13,13.02,13.02,12.55,12.74,179100,12.74
2009-08-12,12.10,12.98,12.01,12.75,362900,12.75
2009-08-11,12.16,12.43,12.05,12.16,143200,12.16
2009-08-10,12.12,12.52,11.96,12.20,194100,12.20
2009-08-07,12.99,13.18,12.00,12.16,361600,12.16
2009-08-06,13.03,13.03,11.02,12.54,603700,12.54
2009-08-05,13.63,13.69,12.84,12.98,801200,12.98
2009-08-04,12.58,12.89,12.53,12.78,209700,12.78
2009-08-03,12.41,12.74,12.20,12.65,180100,12.65
2009-07-31,12.77,13.01,12.33,12.35,196400,12.35
2009-07-30,12.91,13.01,12.71,12.77,170200,12.77
2009-07-29,12.58,12.95,12.02,12.66,265000,12.66
2009-07-28,12.43,12.99,12.32,12.67,192600,12.67
2009-07-27,12.24,12.57,12.03,12.50,126300,12.50
2009-07-24,11.49,12.29,11.49,12.24,324900,12.24
2009-07-23,11.26,11.62,11.10,11.57,171600,11.57
2009-07-22,11.21,11.48,11.11,11.28,114400,11.28
2009-07-21,11.49,11.53,11.00,11.27,88900,11.27
2009-07-20,11.15,11.43,11.13,11.38,134100,11.38
2009-07-17,11.04,11.18,10.94,11.08,221100,11.08
2009-07-16,10.74,11.04,10.59,11.00,176700,11.00
2009-07-15,10.21,10.85,10.19,10.77,471500,10.77
2009-07-14,9.85,10.13,9.70,10.05,278600,10.05
2009-07-13,9.78,9.87,9.24,9.85,186000,9.85
2009-07-10,9.61,9.95,9.51,9.75,127700,9.75
2009-07-09,9.78,9.98,9.61,9.74,258300,9.74
2009-07-08,10.00,10.10,9.16,9.64,489300,9.64
2009-07-07,10.58,10.59,9.97,10.03,261600,10.03
2009-07-06,10.95,11.00,10.29,10.63,372400,10.63
2009-07-02,11.47,11.47,10.44,11.11,442500,11.11
2009-07-01,11.25,11.98,11.24,11.94,512700,11.94
2009-06-30,11.26,11.44,10.88,11.12,259600,11.12
2009-06-29,10.91,11.23,10.68,11.15,210900,11.15
2009-06-26,9.98,10.90,9.98,10.78,1194800,10.78
2009-06-25,9.92,10.22,9.80,10.04,213600,10.04
2009-06-24,10.07,10.24,9.92,10.00,322400,10.00
2009-06-23,10.18,10.29,9.62,9.91,200300,9.91
2009-06-22,10.47,10.65,9.99,10.04,222500,10.04
2009-06-19,10.89,11.10,10.43,10.60,332100,10.60
2009-06-18,10.61,10.90,10.50,10.65,246200,10.65
2009-06-17,11.09,11.14,10.46,10.60,231500,10.60
2009-06-16,11.00,11.32,10.93,11.06,310600,11.06
2009-06-15,11.11,11.11,10.80,11.02,292400,11.02
2009-06-12,11.08,11.20,10.95,11.17,131800,11.17
2009-06-11,11.22,11.52,11.14,11.18,119000,11.18
2009-06-10,11.26,11.68,10.80,11.23,273500,11.23
2009-06-09,11.09,11.36,10.93,11.00,164000,11.00
2009-06-08,10.99,11.05,10.50,10.86,286900,10.86
2009-06-05,10.84,11.39,10.63,10.99,423200,10.99
2009-06-04,9.79,10.74,9.56,10.50,351400,10.50
2009-06-03,9.95,10.15,9.30,9.65,377600,9.65
2009-06-02,10.02,10.90,9.80,10.05,545500,10.05
2009-06-01,10.19,10.52,9.98,10.06,317800,10.06
2009-05-29,9.63,10.00,9.58,9.94,268900,9.94
2009-05-28,9.39,9.63,8.72,9.61,321900,9.61
2009-05-27,8.30,9.52,8.30,9.23,442100,9.23
2009-05-26,7.85,8.36,7.69,8.34,192300,8.34
2009-05-22,7.94,7.99,7.65,7.94,91400,7.94
2009-05-21,7.66,7.88,7.48,7.84,207300,7.84
2009-05-20,8.09,8.33,7.77,7.85,156300,7.85
2009-05-19,7.93,8.19,7.75,8.02,141500,8.02
2009-05-18,7.26,7.93,7.07,7.93,190900,7.93
2009-05-15,7.15,7.35,6.98,7.14,220100,7.14
2009-05-14,7.29,7.48,6.88,7.24,254900,7.24
2009-05-13,7.50,7.61,7.05,7.26,316200,7.26
2009-05-12,7.88,7.88,7.50,7.65,262500,7.65
2009-05-11,8.05,8.06,7.69,7.85,258600,7.85
2009-05-08,7.65,8.35,7.51,8.23,364600,8.23
2009-05-07,8.14,8.20,7.50,7.57,381600,7.57
2009-05-06,8.31,8.37,7.71,8.04,175300,8.04
2009-05-05,8.17,8.31,7.77,8.17,226700,8.17
2009-05-04,7.83,8.27,7.83,8.27,280100,8.27
2009-05-01,7.49,8.23,7.21,7.84,323100,7.84
2009-04-30,7.94,8.00,7.36,7.54,311200,7.54
2009-04-29,7.47,7.95,7.39,7.75,335600,7.75
2009-04-28,7.00,7.51,6.91,7.30,222200,7.30
2009-04-27,7.33,7.40,7.00,7.07,347600,7.07
2009-04-24,7.08,7.62,6.78,7.52,514800,7.52
2009-04-23,7.72,7.72,6.93,6.98,398600,6.98
2009-04-22,7.39,8.14,7.39,7.72,372600,7.72
2009-04-21,6.86,7.64,6.63,7.51,340600,7.51
2009-04-20,7.59,7.59,6.50,6.90,485700,6.90
2009-04-17,7.76,7.92,7.18,7.85,255400,7.85
2009-04-16,7.23,7.75,7.10,7.72,569900,7.72
2009-04-15,6.87,7.17,6.67,7.17,356000,7.17
2009-04-14,6.56,7.06,6.35,7.01,438600,7.01
2009-04-13,6.77,7.05,6.09,6.79,297400,6.79
2009-04-09,5.53,7.13,5.39,6.84,429400,6.84
2009-04-08,5.00,5.60,5.00,5.33,218300,5.33
2009-04-07,5.07,5.14,4.93,4.94,211900,4.94
2009-04-06,5.13,5.26,4.95,5.19,187200,5.19
2009-04-03,5.39,5.62,4.90,5.25,194500,5.25
2009-04-02,4.77,5.75,4.77,5.42,435000,5.42
2009-04-01,3.96,4.60,3.92,4.58,249900,4.58
2009-03-31,4.10,4.15,3.95,4.02,353300,4.02
2009-03-30,4.14,4.16,3.97,4.05,300300,4.05
2009-03-27,4.40,4.45,4.19,4.26,185000,4.26
2009-03-26,4.27,4.63,4.22,4.52,228800,4.52
2009-03-25,4.23,4.47,4.04,4.24,203200,4.24
2009-03-24,4.27,4.28,4.08,4.12,329100,4.12
2009-03-23,3.84,4.32,3.79,4.30,263200,4.30
2009-03-20,3.70,3.87,3.64,3.78,349600,3.78
2009-03-19,3.83,4.10,3.68,3.70,413900,3.70
2009-03-18,3.74,3.90,3.48,3.82,293100,3.82
2009-03-17,3.37,3.67,3.27,3.67,211200,3.67
2009-03-16,3.34,3.74,3.25,3.36,278800,3.36
2009-03-13,3.20,3.33,3.11,3.24,452500,3.24
2009-03-12,2.72,3.19,2.66,3.11,376100,3.11
2009-03-11,3.07,3.37,2.76,2.77,268600,2.77
2009-03-10,2.49,2.97,2.48,2.97,543900,2.97
2009-03-09,2.83,2.95,2.38,2.39,189900,2.39
2009-03-06,3.35,3.39,2.75,2.93,333700,2.93
2009-03-05,3.66,3.71,3.23,3.27,248700,3.27
2009-03-04,3.90,4.00,3.58,3.75,340800,3.75
2009-03-03,4.15,4.16,3.70,3.81,351000,3.81
2009-03-02,4.73,4.79,4.08,4.13,369800,4.13
2009-02-27,5.44,5.71,4.75,4.85,265700,4.85
2009-02-26,5.37,6.00,5.37,5.60,152900,5.60
2009-02-25,5.72,5.73,5.31,5.33,156100,5.33
2009-02-24,5.19,5.85,5.09,5.79,141000,5.79
2009-02-23,5.46,5.50,5.09,5.09,141400,5.09
2009-02-20,5.50,5.51,5.13,5.30,148600,5.30
2009-02-19,5.72,6.11,5.61,5.63,136000,5.63
2009-02-18,5.87,5.99,5.43,5.70,178500,5.70
2009-02-17,5.86,6.11,5.80,5.84,269800,5.84
2009-02-13,6.14,6.55,6.04,6.26,187100,6.26
2009-02-12,6.23,6.23,5.85,6.15,331500,6.15
2009-02-11,5.89,6.48,5.89,6.19,418300,6.19
2009-02-10,6.72,6.83,5.77,5.90,344000,5.90
2009-02-09,6.95,6.95,6.64,6.77,116000,6.77
2009-02-06,6.81,7.03,6.72,6.80,260600,6.80
2009-02-05,6.66,7.09,6.46,6.80,226200,6.80
2009-02-04,6.63,7.19,6.55,6.80,179300,6.80
2009-02-03,6.87,6.93,6.52,6.65,280800,6.65
2009-02-02,6.83,7.11,6.50,7.00,196300,7.00
2009-01-30,7.35,7.35,6.86,6.92,266800,6.92
2009-01-29,7.29,7.51,7.10,7.14,264200,7.14
2009-01-28,7.17,7.44,6.96,7.43,213700,7.43
2009-01-27,6.87,7.04,6.65,7.01,296400,7.01
2009-01-26,6.59,7.20,6.51,6.87,172900,6.87
2009-01-23,6.62,7.06,6.39,6.66,351500,6.66
2009-01-22,7.34,7.41,6.55,6.81,269800,6.81
2009-01-21,6.71,7.57,6.68,7.57,250100,7.57
2009-01-20,7.15,7.30,6.51,6.61,345900,6.61
2009-01-16,6.51,7.37,6.37,7.24,466700,7.24
2009-01-15,6.76,6.80,6.08,6.43,378500,6.43
2009-01-14,7.13,7.13,6.64,6.75,232400,6.75
2009-01-13,7.33,7.66,7.06,7.26,237900,7.26
2009-01-12,8.03,8.08,7.21,7.38,203800,7.38
2009-01-09,8.67,8.70,7.99,8.03,232500,8.03
2009-01-08,8.56,9.08,8.29,8.69,211300,8.69
2009-01-07,9.50,9.53,8.35,8.55,453100,8.55
2009-01-06,9.60,10.08,9.29,9.75,357500,9.75
2009-01-05,8.82,9.72,8.57,9.47,725100,9.47
2009-01-02,7.67,8.95,7.47,8.72,539100,8.72
2008-12-31,7.67,7.92,7.34,7.56,379100,7.56
2008-12-30,7.45,7.67,7.16,7.64,502400,7.64
2008-12-29,8.24,8.38,7.03,7.32,498600,7.32
2008-12-26,7.60,8.26,7.23,8.23,409500,8.23
2008-12-24,7.91,8.01,7.35,7.63,107800,7.63
2008-12-23,7.29,8.10,7.29,7.91,232700,7.91
2008-12-22,7.81,8.22,7.16,7.42,453000,7.42
2008-12-19,7.74,8.49,7.45,7.92,334800,7.92
2008-12-18,8.04,8.07,7.15,7.66,394400,7.66
2008-12-17,7.56,8.21,7.33,8.04,327300,8.04
2008-12-16,6.67,7.76,6.66,7.65,354400,7.65
2008-12-15,6.99,7.17,6.43,6.51,203600,6.51
2008-12-12,6.42,7.06,6.23,7.03,223600,7.03
2008-12-11,7.30,7.35,6.49,6.72,461700,6.72
2008-12-10,7.48,7.89,7.08,7.43,439700,7.43
2008-12-09,7.16,7.54,7.00,7.25,354300,7.25
2008-12-08,5.75,7.55,5.75,7.29,884700,7.29
2008-12-05,5.00,5.62,4.99,5.59,575500,5.59
2008-12-04,5.54,5.79,4.98,5.08,737500,5.08
2008-12-03,4.13,6.15,4.04,5.63,1123100,5.63
2008-12-02,4.09,4.28,4.07,4.21,598300,4.21
2008-12-01,4.45,4.50,4.07,4.07,393700,4.07
2008-11-28,4.10,4.56,3.97,4.51,225100,4.51
2008-11-26,4.18,4.26,4.05,4.20,392200,4.20
2008-11-25,4.21,4.29,3.95,4.17,456900,4.17
2008-11-24,4.21,4.30,3.94,4.00,679600,4.00
2008-11-21,3.97,4.42,3.59,4.17,684600,4.17
2008-11-20,4.84,4.84,3.80,3.89,684100,3.89
2008-11-19,5.67,5.80,4.96,4.96,360200,4.96
2008-11-18,5.98,5.98,5.65,5.76,491600,5.76
2008-11-17,5.81,6.08,5.70,5.98,519700,5.98
2008-11-14,6.77,6.77,5.84,5.84,650100,5.84
2008-11-13,6.62,6.84,5.65,6.79,514400,6.79
2008-11-12,6.62,7.02,6.48,6.76,482300,6.76
2008-11-11,7.98,7.98,6.75,6.79,765400,6.79
2008-11-10,8.30,8.34,7.46,7.98,338700,7.98
2008-11-07,8.49,8.81,7.80,8.19,381200,8.19
2008-11-06,8.99,9.02,8.24,8.44,466300,8.44
2008-11-05,9.18,9.18,8.85,9.01,402400,9.01
2008-11-04,9.01,9.45,8.80,9.31,571700,9.31
2008-11-03,9.17,9.20,8.65,8.99,925300,8.99
2008-10-31,7.50,8.62,7.50,8.53,1563500,8.53
2008-10-30,10.02,10.02,6.29,7.10,5142500,7.10
2008-10-29,10.22,12.36,10.22,11.50,842600,11.50
2008-10-28,10.93,11.25,9.97,10.32,1202500,10.32
2008-10-27,13.31,13.81,10.21,10.40,676500,10.40
2008-10-24,12.99,14.28,12.51,13.93,411200,13.93
2008-10-23,16.10,16.71,13.58,13.99,627300,13.99
2008-10-22,17.22,17.32,15.65,15.97,314500,15.97
2008-10-21,17.96,19.21,17.80,17.97,313000,17.97
2008-10-20,16.46,17.99,16.40,17.98,303600,17.98
2008-10-17,15.28,17.14,14.85,16.31,316700,16.31
2008-10-16,15.25,16.41,14.63,15.69,493500,15.69
2008-10-15,17.45,17.45,15.41,15.42,224100,15.42
2008-10-14,18.79,19.31,17.17,17.29,357400,17.29
2008-10-13,16.57,18.77,16.57,18.76,75400,18.76
2008-10-10,15.39,17.18,13.97,16.16,401000,16.16
2008-10-09,18.21,18.55,15.51,16.07,506800,16.07
2008-10-08,18.35,19.62,17.07,18.21,550300,18.21
2008-10-07,21.03,21.06,19.10,19.25,424200,19.25
2008-10-06,20.50,20.76,18.28,20.66,550100,20.66
2008-10-03,22.26,23.67,20.70,20.73,327000,20.73
2008-10-02,23.01,23.01,21.27,21.96,574600,21.96
2008-10-01,21.65,23.48,21.54,23.17,356600,23.17
2008-09-30,21.29,21.85,20.73,21.51,318700,21.51
2008-09-29,22.43,22.99,20.89,21.05,337200,21.05
2008-09-26,22.76,23.55,21.91,23.01,265800,23.01
2008-09-25,21.81,23.16,21.66,22.87,196100,22.87
2008-09-24,22.54,22.57,21.61,21.71,183200,21.71
2008-09-23,21.90,23.49,21.67,22.44,336300,22.44
2008-09-22,22.74,23.20,21.78,21.95,317400,21.95
2008-09-19,23.73,24.75,21.86,23.06,506400,23.06
2008-09-18,19.33,22.31,19.15,21.52,752200,21.52
2008-09-17,21.83,21.85,17.27,19.31,905000,19.31
2008-09-16,21.31,22.51,21.18,22.04,313200,22.04
2008-09-15,22.55,22.72,21.82,21.82,245800,21.82
2008-09-12,22.89,23.38,22.54,23.21,248000,23.21
2008-09-11,22.89,23.62,20.52,23.17,981600,23.17
2008-09-10,23.70,24.72,22.86,23.00,605200,23.00
2008-09-09,25.23,25.43,23.20,23.39,300300,23.39
2008-09-08,26.39,27.20,25.09,25.18,398000,25.18
2008-09-05,26.04,26.05,24.60,25.79,373700,25.79
2008-09-04,27.61,28.12,25.50,26.06,261900,26.06
2008-09-03,26.96,28.65,26.25,27.75,496200,27.75
2008-09-02,27.41,28.07,26.41,27.07,196100,27.07
2008-08-29,27.76,28.04,27.32,27.43,159600,27.43
2008-08-28,27.12,28.01,26.97,27.80,314000,27.80
2008-08-27,26.77,27.50,26.40,27.05,217400,27.05
2008-08-26,27.07,27.51,26.50,26.99,241200,26.99
2008-08-25,27.39,27.39,26.17,27.03,183100,27.03
2008-08-22,27.47,27.66,26.93,27.54,146100,27.54
2008-08-21,28.00,28.00,27.03,27.40,124900,27.40
2008-08-20,27.77,28.28,27.76,28.13,142200,28.13
2008-08-19,27.48,28.52,26.67,27.92,234300,27.92
2008-08-18,28.71,28.99,27.35,27.53,230500,27.53
2008-08-15,28.90,29.26,27.82,28.43,168900,28.43
2008-08-14,28.65,28.78,27.64,28.57,260200,28.57
2008-08-13,28.67,29.14,28.02,28.70,382700,28.70
2008-08-12,28.24,29.20,28.06,28.67,222700,28.67
2008-08-11,27.54,29.26,27.50,28.25,331500,28.25
2008-08-08,27.35,28.15,26.86,27.54,413900,27.54
2008-08-07,27.87,28.00,26.63,27.32,533400,27.32
2008-08-06,27.02,28.18,26.52,27.69,455100,27.69
2008-08-05,25.85,27.29,25.85,27.00,365100,27.00
2008-08-04,26.79,26.85,24.76,25.56,249100,25.56
2008-08-01,26.52,27.15,25.59,26.67,371500,26.67
2008-07-31,21.26,27.50,21.01,26.15,715100,26.15
2008-07-30,25.81,27.31,25.56,25.73,535900,25.73
2008-07-29,24.97,25.93,24.33,25.59,432900,25.59
2008-07-28,25.06,25.50,24.68,24.89,181700,24.89
2008-07-25,24.37,25.27,23.16,25.09,692700,25.09
2008-07-24,27.42,27.42,22.58,24.31,1088100,24.31
2008-07-23,28.04,29.09,26.50,27.20,427600,27.20
2008-07-22,27.33,28.42,26.86,28.26,430300,28.26
2008-07-21,27.31,27.60,26.49,27.11,425200,27.11
2008-07-18,26.98,27.45,26.73,27.05,287400,27.05
2008-07-17,26.60,27.03,26.06,26.75,253600,26.75
2008-07-16,27.08,27.64,26.29,26.64,407100,26.64
2008-07-15,26.50,27.65,25.96,27.03,409700,27.03
2008-07-14,25.97,26.94,25.97,26.85,299600,26.85
2008-07-11,26.16,26.55,25.50,25.90,311200,25.90
2008-07-10,25.49,25.94,25.32,25.84,325300,25.84
2008-07-09,24.93,26.02,24.76,25.46,307000,25.46
2008-07-08,24.49,24.93,23.70,24.51,348400,24.51
2008-07-07,23.89,24.93,23.63,24.24,303500,24.24
2008-07-03,24.89,25.17,22.51,23.80,396700,23.80
2008-07-02,26.02,26.03,24.95,25.00,389600,25.00
2008-07-01,24.90,26.16,24.32,25.76,524000,25.76
2008-06-30,24.39,25.87,24.16,25.33,284600,25.33
2008-06-27,25.18,25.28,24.27,24.73,883600,24.73
2008-06-26,26.49,26.49,24.51,25.06,506900,25.06
2008-06-25,24.51,26.48,24.27,26.42,510900,26.42
2008-06-24,24.35,24.81,23.79,23.98,196000,23.98
2008-06-23,25.30,25.39,24.27,24.65,464200,24.65
2008-06-20,25.39,25.68,25.13,25.35,612200,25.35
2008-06-19,26.70,27.28,25.63,26.19,456800,26.19
2008-06-18,25.15,26.85,24.93,26.73,604000,26.73
2008-06-17,24.20,26.10,24.20,25.38,945400,25.38
2008-06-16,23.50,24.41,23.24,24.29,372700,24.29
2008-06-13,22.50,23.50,22.27,23.50,190700,23.50
2008-06-12,21.90,22.32,21.74,22.18,198100,22.18
2008-06-11,21.99,22.05,21.39,21.66,234900,21.66
2008-06-10,22.57,22.64,21.91,22.09,208200,22.09
2008-06-09,23.50,23.50,22.20,22.57,195700,22.57
2008-06-06,23.39,23.57,22.69,23.46,245500,23.46
2008-06-05,22.96,23.85,22.60,23.51,372500,23.51
2008-06-04,23.26,23.26,21.33,22.85,626500,22.85
2008-06-03,22.80,23.59,22.36,23.47,326000,23.47
2008-06-02,23.71,23.92,22.07,22.75,450300,22.75
2008-05-30,23.99,24.29,23.53,23.70,677800,23.70
2008-05-29,24.62,24.88,24.05,24.10,467400,24.10
2008-05-28,24.03,24.84,23.68,24.76,463600,24.76
2008-05-27,23.32,23.97,23.20,23.86,415300,23.86
2008-05-23,23.48,23.64,22.60,23.51,3862500,23.51
2008-05-22,25.60,26.00,24.41,24.53,779000,24.53
2008-05-21,25.10,25.94,24.86,25.78,226300,25.78
2008-05-20,25.32,25.59,25.03,25.44,235300,25.44
2008-05-19,24.51,25.99,24.51,25.31,266900,25.31
2008-05-16,23.70,24.82,22.99,24.71,322000,24.71
2008-05-15,23.00,23.88,22.90,23.49,181600,23.49
2008-05-14,23.32,23.52,22.95,23.50,163400,23.50
2008-05-13,23.29,23.35,22.86,23.33,165200,23.33
2008-05-12,21.99,23.70,21.54,23.09,216000,23.09
2008-05-09,21.00,22.01,20.48,21.97,94000,21.97
2008-05-08,21.53,22.05,21.44,21.49,134000,21.49
2008-05-07,22.18,22.34,21.20,21.53,303400,21.53
2008-05-06,22.15,22.29,21.94,22.12,95000,22.12
2008-05-05,21.82,22.87,21.70,22.23,256900,22.23
2008-05-02,22.44,22.58,21.77,21.92,217100,21.92
2008-05-01,24.00,24.00,21.80,22.18,455400,22.18
2008-04-30,23.39,23.75,23.14,23.41,136300,23.41
2008-04-29,23.50,23.51,22.63,23.28,73300,23.28
2008-04-28,23.88,24.08,23.09,23.47,126500,23.47
2008-04-25,23.90,24.43,22.86,23.99,273600,23.99
2008-04-24,24.10,24.65,23.51,23.83,153200,23.83
2008-04-23,22.73,24.05,22.73,23.98,183300,23.98
2008-04-22,23.60,23.60,21.95,22.86,134400,22.86
2008-04-21,23.47,23.84,23.40,23.67,113300,23.67
2008-04-18,22.74,23.93,22.74,23.65,159100,23.65
2008-04-17,22.84,23.09,22.44,22.53,80700,22.53
2008-04-16,22.90,22.90,22.57,22.86,145200,22.86
2008-04-15,22.31,22.81,22.21,22.70,181400,22.70
2008-04-14,23.06,23.28,22.13,22.31,190000,22.31
2008-04-11,22.61,23.42,21.51,23.19,201900,23.19
2008-04-10,21.76,23.87,21.54,22.75,471800,22.75
2008-04-09,22.45,22.65,21.65,21.68,93800,21.68
2008-04-08,22.57,22.88,22.14,22.34,44100,22.34
2008-04-07,23.00,23.12,22.40,22.51,219700,22.51
2008-04-04,22.89,23.08,22.81,22.88,131100,22.88
2008-04-03,22.54,23.00,22.00,22.99,197100,22.99
2008-04-02,21.09,22.98,21.00,22.45,423100,22.45
2008-04-01,20.99,21.10,20.36,20.96,112300,20.96
2008-03-31,19.82,20.69,19.82,20.69,80800,20.69
2008-03-28,21.41,21.41,19.98,19.98,80700,19.98
2008-03-27,21.58,21.77,20.77,21.42,87200,21.42
2008-03-26,21.62,22.00,21.25,21.60,108000,21.60
2008-03-25,21.94,21.95,21.12,21.70,109700,21.70
2008-03-24,22.23,22.30,21.48,21.69,155900,21.69
2008-03-20,20.36,22.02,19.89,21.99,443900,21.99
2008-03-19,21.27,21.80,20.36,20.36,264900,20.36
2008-03-18,20.95,21.29,20.50,21.10,168500,21.10
2008-03-17,20.16,21.09,19.72,20.61,80000,20.61
2008-03-14,22.00,22.33,20.00,20.35,286500,20.35
2008-03-13,20.90,21.88,20.39,21.85,273300,21.85
2008-03-12,20.65,21.00,19.84,20.94,159700,20.94
2008-03-11,19.99,20.49,19.62,20.49,114400,20.49
2008-03-10,19.82,19.85,19.00,19.63,153600,19.63
2008-03-07,19.44,20.20,19.31,20.01,141500,20.01
2008-03-06,19.41,20.09,19.41,19.58,111600,19.58
2008-03-05,19.05,20.55,19.00,19.66,582400,19.66
2008-03-04,18.78,19.19,18.65,18.94,152900,18.94
2008-03-03,19.05,19.53,18.21,18.91,204800,18.91
2008-02-29,18.44,18.44,17.85,17.97,110400,17.97
2008-02-28,18.52,18.63,18.13,18.45,72200,18.45
2008-02-27,18.65,19.09,18.36,18.62,75700,18.62
2008-02-26,18.45,19.10,18.45,18.82,146600,18.82
2008-02-25,18.49,18.63,18.17,18.45,95800,18.45
2008-02-22,18.75,18.75,18.34,18.49,172300,18.49
2008-02-21,19.19,19.53,18.58,18.58,139800,18.58
2008-02-20,19.00,19.16,18.55,18.91,195500,18.91
2008-02-19,19.05,19.29,18.91,19.05,261200,19.05
2008-02-15,18.99,19.50,18.68,18.68,153800,18.68
2008-02-14,20.24,20.45,18.47,18.79,322100,18.79
2008-02-13,17.69,17.88,17.16,17.74,55700,17.74
2008-02-12,17.07,17.93,16.80,17.68,204800,17.68
2008-02-11,16.85,17.18,16.60,17.02,101500,17.02
2008-02-08,17.04,17.16,16.66,16.85,73200,16.85
2008-02-07,17.03,17.21,16.75,17.02,54400,17.02
2008-02-06,17.30,17.40,16.66,17.06,36200,17.06
2008-02-05,17.55,17.55,17.05,17.28,65400,17.28
2008-02-04,18.70,18.70,17.57,17.94,71600,17.94
2008-02-01,18.73,18.85,17.55,18.77,74200,18.77
2008-01-31,17.57,18.58,17.38,18.57,71800,18.57
2008-01-30,18.00,18.52,17.37,17.90,164800,17.90
2008-01-29,18.11,18.11,17.55,18.04,49000,18.04
2008-01-28,17.19,17.97,17.00,17.97,80500,17.97
2008-01-25,17.42,17.69,17.15,17.26,61100,17.26
2008-01-24,16.90,17.31,16.52,17.22,137800,17.22
2008-01-23,16.30,16.94,16.05,16.75,134100,16.75
2008-01-22,16.06,16.69,15.01,16.64,147500,16.64
2008-01-18,16.58,16.77,16.00,16.73,110700,16.73
2008-01-17,16.79,17.03,16.60,16.67,148900,16.67
2008-01-16,16.55,16.68,16.31,16.62,114800,16.62
2008-01-15,16.12,16.58,16.04,16.53,51100,16.53
2008-01-14,16.44,16.60,16.06,16.40,36300,16.40
2008-01-11,16.14,16.47,15.75,16.30,106900,16.30
2008-01-10,16.61,16.72,16.08,16.25,71600,16.25
2008-01-09,16.67,16.97,16.33,16.87,66800,16.87
2008-01-08,16.87,17.07,16.52,16.67,64100,16.67
2008-01-07,16.60,17.04,16.55,16.72,98200,16.72
2008-01-04,17.08,17.11,16.27,16.60,110000,16.60
2008-01-03,17.44,17.74,16.96,17.21,152200,17.21
2008-01-02,17.45,17.45,17.11,17.24,127900,17.24
2007-12-31,17.16,17.55,17.10,17.50,141900,17.50
2007-12-28,17.35,17.43,16.89,17.14,144100,17.14
2007-12-27,17.75,17.83,17.25,17.25,65300,17.25
2007-12-26,17.75,17.92,17.21,17.90,63800,17.90
2007-12-24,18.22,18.22,17.83,17.90,32700,17.90
2007-12-21,18.32,18.38,17.30,18.00,184500,18.00
2007-12-20,18.29,18.29,17.28,17.97,70500,17.97
2007-12-19,17.48,18.08,17.44,18.02,95400,18.02
2007-12-18,17.20,17.70,17.06,17.44,99500,17.44
2007-12-17,16.93,17.32,16.90,17.00,129900,17.00
2007-12-14,17.27,17.27,16.72,17.00,99600,17.00
2007-12-13,16.79,17.34,16.13,17.29,64100,17.29
2007-12-12,17.63,17.96,16.53,17.04,63700,17.04
2007-12-11,17.92,18.21,17.21,17.30,53800,17.30
2007-12-10,17.95,18.09,17.74,17.76,50400,17.76
2007-12-07,18.38,18.39,17.96,18.00,70300,18.00
2007-12-06,17.32,18.29,17.32,18.29,101000,18.29
2007-12-05,17.05,17.62,17.05,17.37,79800,17.37
2007-12-04,16.99,17.06,16.67,16.81,61600,16.81
2007-12-03,17.60,17.63,17.00,17.09,47100,17.09
2007-11-30,17.41,17.87,17.25,17.41,233400,17.41
2007-11-29,17.09,17.49,16.70,17.38,189300,17.38
2007-11-28,16.77,17.42,16.31,17.23,356100,17.23
2007-11-27,17.17,17.28,16.19,16.77,413900,16.77
2007-11-26,17.58,17.67,16.99,17.00,130600,17.00
2007-11-23,17.34,17.49,17.11,17.43,38500,17.43
2007-11-21,17.00,17.22,17.00,17.15,51700,17.15
2007-11-20,16.68,16.97,16.50,16.97,309100,16.97
2007-11-19,16.80,17.00,16.62,16.76,187300,16.76
2007-11-16,17.24,17.40,16.96,17.04,191800,17.04
2007-11-15,17.36,17.60,16.87,17.29,416900,17.29
2007-11-14,17.47,17.72,17.27,17.35,133100,17.35
2007-11-13,17.66,17.68,17.07,17.54,242200,17.54
2007-11-12,17.63,17.80,17.30,17.39,155300,17.39
2007-11-09,17.53,17.80,17.31,17.58,182600,17.58
2007-11-08,17.47,17.75,17.39,17.50,202900,17.50
2007-11-07,17.42,17.80,17.18,17.39,259400,17.39
2007-11-06,17.77,18.00,17.31,17.46,111600,17.46
2007-11-05,18.04,18.04,17.30,17.62,160500,17.62
2007-11-02,17.91,18.60,17.82,18.10,262200,18.10
2007-11-01,17.10,18.05,16.75,17.91,394000,17.91
2007-10-31,15.25,17.50,15.25,17.16,1182600,17.16
2007-10-30,14.15,14.19,13.67,13.77,483000,13.77
2007-10-29,14.82,14.87,14.16,14.19,343900,14.19
2007-10-26,15.09,15.10,14.75,14.83,28200,14.83
2007-10-25,15.49,15.49,14.71,14.75,90600,14.75
2007-10-24,15.37,16.09,15.26,15.38,214400,15.38
2007-10-23,15.20,15.50,15.10,15.39,261100,15.39
2007-10-22,14.70,15.11,14.53,15.03,159200,15.03
2007-10-19,14.98,15.02,14.79,14.82,193700,14.82
2007-10-18,15.02,15.07,14.87,15.02,41900,15.02
2007-10-17,15.10,15.19,14.91,15.05,47800,15.05
2007-10-16,14.93,15.16,14.88,14.98,148500,14.98
2007-10-15,15.12,15.15,14.88,15.07,92700,15.07
2007-10-12,14.80,15.09,14.52,15.02,43300,15.02
2007-10-11,15.15,15.23,14.65,14.69,66400,14.69
2007-10-10,15.05,15.18,14.92,15.12,42300,15.12
2007-10-09,15.43,15.43,14.87,15.00,135000,15.00
2007-10-08,15.25,15.45,15.16,15.33,67200,15.33
2007-10-05,15.40,15.50,15.28,15.35,111900,15.35
2007-10-04,15.03,15.39,14.92,15.25,232900,15.25
2007-10-03,15.10,15.20,14.82,14.93,92200,14.93
2007-10-02,14.65,15.24,14.21,15.17,427400,15.17
2007-10-01,14.08,14.75,13.92,14.56,354800,14.56
2007-09-28,14.20,14.73,14.03,14.06,1239700,14.06
2007-09-27,14.28,14.31,14.13,14.26,377600,14.26
2007-09-26,14.32,14.38,14.20,14.28,149600,14.28
2007-09-25,14.48,14.48,14.15,14.32,270300,14.32
2007-09-24,14.75,14.75,14.25,14.48,244600,14.48
2007-09-21,14.65,14.85,14.13,14.85,207900,14.85
2007-09-20,14.33,14.83,13.98,14.64,164800,14.64
2007-09-19,14.31,14.38,14.06,14.24,289300,14.24
2007-09-18,14.05,14.32,13.92,14.21,174700,14.21
2007-09-17,14.41,14.41,13.91,14.10,157000,14.10
2007-09-14,14.20,14.44,14.20,14.39,103800,14.39
2007-09-13,14.35,14.35,14.01,14.21,63600,14.21
2007-09-12,14.43,14.44,14.21,14.25,202600,14.25
2007-09-11,14.61,14.61,14.23,14.38,110700,14.38
2007-09-10,14.55,14.68,14.20,14.41,171600,14.41
2007-09-07,14.60,14.70,14.15,14.46,144500,14.46
2007-09-06,14.78,14.87,14.33,14.65,262100,14.65
2007-09-05,14.70,14.85,14.25,14.73,251000,14.73
2007-09-04,14.15,14.77,13.80,14.68,363200,14.68
2007-08-31,13.59,14.25,12.85,14.25,484300,14.25
2007-08-30,12.73,13.63,12.70,13.34,445600,13.34
2007-08-29,12.70,12.95,12.24,12.73,317100,12.73
2007-08-28,13.05,13.10,12.53,12.59,151700,12.59
2007-08-27,12.75,13.09,12.54,12.90,471800,12.90
2007-08-24,12.43,12.76,12.15,12.75,616500,12.75
2007-08-23,12.55,12.62,12.15,12.57,279600,12.57
2007-08-22,12.50,12.70,12.50,12.55,131400,12.55
2007-08-21,12.61,12.70,12.40,12.50,43500,12.50
2007-08-20,12.45,12.65,12.25,12.56,182400,12.56
2007-08-17,12.75,12.89,12.20,12.38,331100,12.38
2007-08-16,13.01,13.17,12.50,12.90,415500,12.90
2007-08-15,12.95,13.02,12.75,12.85,73500,12.85
2007-08-14,13.50,13.50,12.78,13.00,371300,13.00
2007-08-13,13.51,13.67,13.00,13.20,301000,13.20
2007-08-10,13.76,14.00,12.43,13.34,776100,13.34
2007-08-09,14.76,15.05,13.73,13.90,341700,13.90
2007-08-08,17.00,17.00,14.20,14.76,1341100,14.76
2007-08-07,17.44,17.44,16.58,17.00,141900,17.00
2007-08-06,17.40,17.50,16.50,17.44,130200,17.44
2007-08-03,17.97,18.02,17.34,17.43,135200,17.43
2007-08-02,18.14,18.20,17.68,17.97,61700,17.97
2007-08-01,18.40,18.40,17.57,18.16,15200,18.16
2007-07-31,17.80,18.88,17.36,18.40,94100,18.40
2007-07-30,17.90,17.91,17.31,17.85,37000,17.85
2007-07-27,18.15,18.15,17.45,17.90,145600,17.90
2007-07-26,18.20,18.32,18.20,18.25,90800,18.25
