Date,Open,High,Low,Close,Volume,Adj Close
2012-05-04,36.29,36.36,35.18,35.30,346800,35.30
2012-05-03,37.62,37.83,36.49,36.64,207400,36.64
2012-05-02,37.64,37.78,37.07,37.68,296700,37.68
2012-05-01,37.78,38.73,37.57,38.13,254000,38.13
2012-04-30,37.94,37.99,37.23,37.63,193000,37.63
2012-04-27,38.35,38.61,37.88,38.29,300600,38.29
2012-04-26,37.56,38.30,37.22,38.14,378800,38.14
2012-04-25,37.27,38.10,37.16,38.10,454900,38.10
2012-04-24,36.24,36.65,35.87,36.31,281500,36.31
2012-04-23,36.13,36.33,35.26,36.25,311300,36.25
2012-04-20,37.85,38.04,37.26,37.26,451900,37.26
2012-04-19,37.69,38.16,36.92,37.42,488800,37.42
2012-04-18,37.53,37.86,37.30,37.50,315400,37.50
2012-04-17,37.20,38.31,37.08,37.75,392600,37.75
2012-04-16,37.09,37.20,36.09,36.55,553900,36.55
2012-04-13,37.07,37.19,36.38,36.40,471800,36.40
2012-04-12,35.26,37.46,35.26,37.31,662900,37.31
2012-04-11,35.46,35.74,34.90,35.04,416000,35.04
2012-04-10,35.77,36.00,34.22,34.50,689000,34.50
2012-04-09,35.83,36.35,35.58,35.85,372300,35.85
2012-04-05,37.21,38.16,36.70,36.85,490200,36.85
2012-04-04,37.54,37.67,36.87,37.38,444600,37.38
2012-04-03,39.14,39.33,37.98,38.51,543900,38.51
2012-04-02,38.11,39.71,38.07,39.37,581100,39.37
2012-03-30,38.52,38.79,37.68,38.29,392100,38.29
2012-03-29,37.20,38.10,36.73,38.01,448800,38.01
2012-03-28,38.83,38.91,37.06,37.81,804100,37.81
2012-03-27,39.30,39.95,39.02,39.05,288900,39.05
2012-03-26,39.02,39.24,38.64,39.24,321700,39.24
2012-03-23,37.44,38.50,37.07,38.27,416600,38.27
2012-03-22,38.03,38.17,36.85,37.34,595000,37.34
2012-03-21,39.07,39.27,38.55,38.94,328400,38.94
2012-03-20,38.74,39.10,38.06,38.98,350800,38.93
2012-03-19,39.14,40.08,39.08,39.57,395300,39.52
2012-03-16,39.01,39.49,38.88,39.19,397400,39.14
2012-03-15,38.21,38.75,37.83,38.74,401600,38.69
2012-03-14,38.33,38.59,37.73,38.02,531600,37.97
2012-03-13,37.49,38.54,37.35,38.53,548600,38.48
2012-03-12,37.65,38.08,36.93,37.03,385900,36.98
2012-03-09,37.57,38.47,37.27,37.72,444200,37.67
2012-03-08,36.97,37.57,36.50,37.41,402900,37.36
2012-03-07,36.16,36.45,35.64,36.24,378200,36.19
2012-03-06,36.35,36.35,35.46,35.79,714700,35.74
2012-03-05,39.09,39.09,37.26,37.65,561000,37.60
2012-03-02,39.65,40.13,38.90,39.30,343100,39.25
2012-03-01,39.80,40.25,39.53,39.92,491400,39.87
2012-02-29,40.84,41.17,39.00,39.22,803100,39.17
2012-02-28,40.63,41.22,40.46,40.78,334200,40.73
2012-02-27,40.00,40.78,39.54,40.59,416100,40.54
2012-02-24,40.73,41.05,40.38,40.56,270500,40.51
2012-02-23,40.30,40.81,39.67,40.63,314200,40.58
2012-02-22,40.59,40.95,40.00,40.32,328700,40.27
2012-02-21,40.63,41.41,40.32,40.67,451900,40.62
2012-02-17,40.65,40.75,40.00,40.22,353100,40.17
2012-02-16,38.88,40.44,38.55,40.34,560200,40.29
2012-02-15,39.36,39.49,38.62,38.86,705700,38.81
2012-02-14,39.73,39.85,38.26,38.96,625200,38.91
2012-02-13,40.67,40.67,39.90,40.18,356500,40.13
2012-02-10,40.30,40.30,39.45,39.87,532800,39.82
2012-02-09,41.76,41.89,40.89,41.53,406200,41.48
2012-02-08,41.68,42.10,40.97,41.40,400500,41.35
2012-02-07,41.59,41.87,40.68,41.31,506000,41.26
2012-02-06,41.35,41.82,41.15,41.79,269600,41.74
2012-02-03,41.68,42.10,41.20,41.87,491100,41.82
2012-02-02,40.55,41.39,40.35,40.60,479800,40.55
2012-02-01,40.40,41.04,40.16,40.47,741300,40.42
2012-01-31,40.44,40.60,38.73,39.39,610700,39.34
2012-01-30,38.72,40.02,38.55,39.65,474200,39.60
2012-01-27,39.09,40.21,39.08,39.97,408500,39.92
2012-01-26,40.12,40.95,38.93,39.34,679800,39.29
2012-01-25,37.86,39.82,37.41,39.61,654600,39.56
2012-01-24,37.35,38.26,36.97,38.18,409000,38.13
2012-01-23,38.15,38.79,37.90,38.15,429400,38.10
2012-01-20,37.76,38.40,37.76,38.03,367900,37.98
2012-01-19,38.49,38.49,37.76,38.27,526700,38.22
2012-01-18,36.85,38.20,36.72,38.20,638900,38.15
2012-01-17,37.78,37.97,36.75,37.02,781800,36.97
2012-01-13,36.81,37.04,35.88,36.80,663800,36.75
2012-01-12,36.60,37.66,36.33,37.62,769200,37.57
2012-01-11,35.46,36.56,35.33,36.44,626700,36.39
2012-01-10,35.60,36.08,35.48,35.71,877900,35.66
2012-01-09,34.54,34.62,33.99,34.23,589500,34.19
2012-01-06,34.68,34.68,33.88,34.31,767300,34.27
2012-01-05,34.02,34.93,33.51,34.50,872800,34.45
2012-01-04,33.92,34.95,33.74,34.79,623000,34.74
2012-01-03,33.85,34.55,33.71,34.32,1210000,34.28
2011-12-30,32.00,32.46,31.92,32.12,523100,32.08
2011-12-29,31.32,32.08,31.18,32.04,606700,32.00
2011-12-28,32.91,33.01,31.25,31.32,744500,31.28
2011-12-27,32.93,33.31,32.71,32.95,512900,32.91
2011-12-23,32.88,33.13,32.55,33.12,482600,33.08
2011-12-22,32.08,32.79,31.80,32.59,886600,32.55
2011-12-21,31.73,31.98,30.87,31.80,1186100,31.76
2011-12-20,30.39,31.76,30.33,31.69,1363400,31.65
2011-12-19,30.81,30.86,28.98,29.13,1136400,29.09
2011-12-16,30.51,31.28,30.06,30.52,1448100,30.48
2011-12-15,30.76,30.81,29.54,29.96,1890600,29.92
2011-12-14,30.04,30.62,29.32,29.69,2107700,29.65
2011-12-13,32.29,32.98,30.08,30.55,1372600,30.51
2011-12-12,32.54,32.56,31.18,31.84,1254900,31.80
2011-12-09,32.35,33.97,31.98,33.60,1216000,33.56
2011-12-08,34.21,34.50,32.45,32.62,1517700,32.58
2011-12-07,34.67,35.29,34.15,34.99,904900,34.94
2011-12-06,34.69,35.79,34.15,35.09,1199100,35.04
2011-12-05,35.15,35.65,34.25,34.78,1287000,34.73
2011-12-02,35.29,35.40,33.84,33.96,1326100,33.92
2011-12-01,34.41,35.35,33.83,34.26,1169000,34.22
2011-11-30,33.09,34.84,33.09,34.71,1888400,34.66
2011-11-29,30.69,31.14,30.21,30.59,1459900,30.55
2011-11-28,30.33,30.92,29.95,30.48,1308100,30.44
2011-11-25,28.24,28.96,28.07,28.07,600500,28.03
2011-11-23,29.45,29.74,28.37,28.39,1220700,28.35
2011-11-22,30.61,31.29,29.98,30.35,1760700,30.31
2011-11-21,30.52,31.17,29.98,30.82,1229600,30.78
2011-11-18,32.43,32.97,31.62,32.01,1468900,31.97
2011-11-17,34.00,34.22,31.46,31.95,2903000,31.91
2011-11-16,34.95,35.75,34.10,34.17,1240200,34.13
2011-11-15,35.40,36.30,34.72,35.81,1341900,35.76
2011-11-14,36.00,36.59,35.14,35.69,1048900,35.64
2011-11-11,35.66,36.77,35.62,36.37,977900,36.32
2011-11-10,35.30,35.55,33.80,34.77,1087800,34.72
2011-11-09,35.78,36.29,34.06,34.24,1630200,34.20
2011-11-08,37.88,38.25,36.60,38.12,1948100,38.07
2011-11-07,36.64,37.52,35.79,37.34,1594000,37.29
2011-11-04,36.16,37.26,35.27,36.88,1384100,36.83
2011-11-03,36.38,36.99,34.74,36.76,1781700,36.71
2011-11-02,34.83,35.63,33.94,35.10,883100,35.05
2011-11-01,32.57,34.68,31.61,33.38,1412800,33.34
2011-10-31,37.71,37.78,35.42,35.46,2186000,35.41
2011-10-28,37.15,39.36,37.03,39.08,1552900,39.03
2011-10-27,36.62,38.82,36.13,37.99,2226900,37.94
2011-10-26,33.40,34.33,31.93,33.91,2172300,33.87
2011-10-25,33.93,34.14,32.25,32.47,1837700,32.43
2011-10-24,32.69,34.46,32.67,34.31,1767000,34.27
2011-10-21,31.26,32.23,31.26,32.21,1682500,32.17
2011-10-20,29.93,30.69,28.96,30.39,1905300,30.35
2011-10-19,32.00,32.00,29.67,29.93,1547300,29.89
2011-10-18,30.09,32.41,29.11,32.01,1433400,31.97
2011-10-17,32.37,32.47,30.28,30.48,1069000,30.44
2011-10-14,32.05,32.88,31.65,32.78,1710300,32.74
2011-10-13,30.83,31.24,29.57,30.95,1734300,30.91
2011-10-12,31.08,32.24,30.94,31.27,2054900,31.23
2011-10-11,29.75,31.00,29.46,30.44,1981000,30.40
2011-10-10,28.98,30.25,28.97,30.25,1913700,30.21
2011-10-07,29.63,29.63,27.05,27.79,2475000,27.75
2011-10-06,27.54,29.04,27.12,28.90,2391100,28.86
2011-10-05,25.48,27.82,25.03,27.64,2460300,27.60
2011-10-04,22.62,25.47,22.04,25.35,3547200,25.32
2011-10-03,24.90,26.11,23.56,23.57,2596100,23.54
2011-09-30,26.47,26.96,25.37,25.39,1827900,25.36
2011-09-29,29.01,29.01,26.39,27.43,1390800,27.39
2011-09-28,30.57,30.76,27.45,27.54,1903200,27.50
2011-09-27,31.20,32.13,30.15,30.56,1555000,30.52
2011-09-26,27.83,29.34,26.58,29.33,1531200,29.29
2011-09-23,27.05,28.42,26.97,27.54,961800,27.50
2011-09-22,29.53,29.74,26.73,27.75,1650600,27.71
2011-09-21,35.09,35.09,31.75,31.75,1510700,31.71
2011-09-20,37.04,37.57,35.44,35.53,1094200,35.48
2011-09-19,36.55,37.12,35.44,36.72,956000,36.67
2011-09-16,38.14,38.57,37.22,38.03,840700,37.98
2011-09-15,37.47,37.96,36.56,37.90,843900,37.85
2011-09-14,36.25,37.50,34.63,36.66,1015200,36.61
2011-09-13,35.04,36.09,34.28,35.76,1188500,35.71
2011-09-12,34.22,35.66,33.19,34.77,1021000,34.72
2011-09-09,36.86,37.08,35.00,35.48,875300,35.43
2011-09-08,38.34,39.14,37.40,37.72,638200,37.67
2011-09-07,37.97,38.82,37.54,38.82,879000,38.77
2011-09-06,34.77,36.55,34.70,36.46,772100,36.41
2011-09-02,36.94,37.82,36.54,37.10,702500,37.05
2011-09-01,39.95,40.76,38.71,38.84,922300,38.79
2011-08-31,40.60,41.47,39.35,40.04,1038600,39.99
2011-08-30,39.13,40.47,38.56,39.98,1023600,39.93
2011-08-29,37.62,39.33,37.48,39.27,655000,39.22
2011-08-26,34.19,36.70,33.20,36.55,1053800,36.50
2011-08-25,35.74,36.08,34.30,34.86,788900,34.81
2011-08-24,34.15,35.45,33.65,35.41,991500,35.36
2011-08-23,32.40,34.46,32.21,34.46,1305700,34.41
2011-08-22,34.21,34.21,32.06,32.21,1015000,32.17
2011-08-19,32.34,34.78,32.29,32.33,739400,32.29
2011-08-18,35.99,35.99,32.88,33.53,1207800,33.49
2011-08-17,38.41,39.45,37.60,37.97,941000,37.92
2011-08-16,38.75,39.27,37.35,38.02,1318100,37.97
2011-08-15,38.83,39.60,38.37,39.50,1013400,39.45
2011-08-12,38.30,38.78,37.45,38.06,1192700,38.01
2011-08-11,34.67,38.46,34.25,37.40,1589700,37.35
2011-08-10,34.61,36.63,33.68,33.82,2073800,33.78
2011-08-09,33.30,36.07,31.60,36.03,1303700,35.98
2011-08-08,35.26,36.50,31.43,31.91,2158100,31.87
2011-08-05,40.30,40.90,35.60,38.04,1543900,37.99
2011-08-04,44.60,44.60,38.91,38.91,1905000,38.86
2011-08-03,46.35,46.75,43.69,46.26,1291400,46.20
2011-08-02,48.64,49.63,46.10,46.12,910400,46.06
2011-08-01,51.46,51.71,48.44,49.44,814500,49.38
2011-07-29,49.20,50.37,48.15,49.59,763700,49.53
2011-07-28,50.80,52.06,50.30,50.44,409800,50.37
2011-07-27,52.95,53.25,50.43,50.66,724500,50.59
2011-07-26,54.21,54.21,52.94,53.24,587300,53.17
2011-07-25,53.57,55.00,53.52,54.18,365700,54.11
2011-07-22,54.94,55.05,54.15,54.73,265500,54.66
2011-07-21,54.00,55.08,53.50,54.88,671300,54.81
2011-07-20,53.83,53.86,52.83,53.44,339100,53.37
2011-07-19,52.84,53.55,52.78,53.47,646800,53.40
2011-07-18,52.78,53.10,51.40,51.85,574200,51.78
2011-07-15,52.17,52.84,51.60,52.84,690400,52.77
2011-07-14,53.09,53.56,51.20,51.51,878100,51.44
2011-07-13,52.35,53.76,51.96,52.58,925000,52.51
2011-07-12,51.56,52.59,51.30,51.56,853600,51.49
2011-07-11,52.90,53.14,51.29,51.80,729200,51.73
2011-07-08,53.93,54.61,53.26,54.56,652100,54.49
2011-07-07,54.71,55.89,54.71,55.36,740200,55.29
2011-07-06,53.16,53.96,52.44,53.54,581200,53.47
2011-07-05,53.46,53.93,53.02,53.48,565800,53.41
2011-07-01,52.08,53.41,51.52,53.22,925000,53.15
2011-06-30,51.51,52.69,51.12,52.26,1064500,52.19
2011-06-29,50.33,51.81,49.95,51.17,1304400,51.10
2011-06-28,48.49,49.86,48.20,49.86,1058000,49.79
2011-06-27,47.79,48.38,46.56,47.97,1450500,47.91
2011-06-24,48.85,49.10,47.50,47.78,1227000,47.72
2011-06-23,46.82,48.56,45.72,48.48,2098300,48.42
2011-06-22,48.35,49.68,48.11,48.52,1235600,48.46
2011-06-21,46.70,48.84,46.70,48.66,1146800,48.60
2011-06-20,44.82,46.19,44.82,45.83,1158800,45.77
2011-06-17,46.12,46.18,44.69,45.05,1043500,44.99
2011-06-16,46.17,46.58,43.77,45.15,1783300,45.09
2011-06-15,47.36,48.04,45.87,46.26,1211300,46.20
2011-06-14,47.60,48.81,47.41,48.40,968500,48.34
2011-06-13,47.72,48.00,45.65,46.36,1240100,46.30
2011-06-10,48.13,48.69,47.05,47.34,1124000,47.28
2011-06-09,47.57,49.07,47.45,48.64,1076700,48.58
2011-06-08,47.94,48.20,46.89,47.27,1286500,47.21
2011-06-07,49.15,49.39,48.19,48.33,911100,48.27
2011-06-06,49.36,50.15,47.95,48.14,1231000,48.08
2011-06-03,49.61,50.53,49.20,49.62,1282300,49.56
2011-06-02,51.17,52.25,49.94,51.08,1421100,51.01
2011-06-01,53.65,54.12,50.90,51.05,1368300,50.98
2011-05-31,54.60,54.97,52.76,54.30,998800,54.23
2011-05-27,52.73,53.81,52.67,53.31,1238700,53.24
2011-05-26,51.47,52.31,50.89,52.09,1223200,52.02
2011-05-25,51.60,52.14,49.62,51.60,1318100,51.53
2011-05-24,50.15,51.25,49.41,49.91,1571700,49.84
2011-05-23,49.23,49.76,48.52,49.43,1400000,49.37
2011-05-20,51.53,51.82,50.08,50.84,1179900,50.77
2011-05-19,52.43,52.96,51.27,51.83,1071600,51.76
2011-05-18,50.53,52.30,50.00,52.16,1444300,52.09
2011-05-17,50.20,50.92,49.08,50.14,1975400,50.07
2011-05-16,50.93,52.98,50.40,50.76,1458400,50.69
2011-05-13,53.20,53.33,50.87,51.28,1846900,51.21
2011-05-12,52.51,53.62,51.50,52.92,2300000,52.85
2011-05-11,55.81,55.81,52.57,53.04,1473700,52.97
2011-05-10,56.01,56.37,55.10,56.17,1114200,56.10
2011-05-09,54.23,55.78,53.88,55.38,1220600,55.31
2011-05-06,54.33,55.46,53.10,53.67,1698900,53.60
2011-05-05,53.36,55.09,52.33,52.91,1700000,52.84
2011-05-04,56.21,56.26,53.52,54.35,1150200,54.28
2011-05-03,57.86,58.00,55.49,56.35,1189300,56.28
2011-05-02,59.46,60.07,57.89,58.21,1164500,58.13
2011-04-29,58.51,59.21,58.03,58.94,741000,58.86
2011-04-28,57.80,58.92,57.54,58.19,1096800,58.11
2011-04-27,57.99,57.99,55.55,57.73,1055400,57.65
2011-04-26,56.76,58.14,56.61,57.66,865600,57.58
2011-04-25,57.19,57.40,56.00,56.57,757700,56.50
2011-04-21,56.30,57.14,55.91,57.12,763600,57.05
2011-04-20,55.77,56.20,55.24,55.60,1090600,55.53
2011-04-19,52.37,53.93,52.37,53.92,888600,53.85
2011-04-18,52.46,52.78,51.03,52.17,987500,52.10
2011-04-15,53.54,53.89,52.53,53.69,763400,53.62
2011-04-14,52.12,53.21,52.00,52.92,1026600,52.85
2011-04-13,53.98,53.98,51.80,52.72,1238500,52.65
2011-04-12,53.94,54.31,52.61,52.97,1340600,52.90
2011-04-11,57.16,57.53,54.63,55.20,837300,55.13
2011-04-08,58.32,58.67,56.44,57.15,1149700,57.08
2011-04-07,57.51,58.76,56.88,57.43,1330900,57.35
2011-04-06,59.38,59.47,57.20,57.61,1065500,57.53
2011-04-05,56.84,59.12,56.59,58.45,889900,58.37
2011-04-04,56.61,57.49,56.61,57.10,1067700,57.03
2011-04-01,56.25,56.85,55.80,56.14,910100,56.07
2011-03-31,55.73,56.64,55.57,55.90,767300,55.83
2011-03-30,55.47,55.96,54.33,55.74,881500,55.67
2011-03-29,53.56,54.63,52.80,54.54,636800,54.47
2011-03-28,54.23,54.82,53.39,53.42,776000,53.35
2011-03-25,53.88,55.02,53.66,54.11,857800,54.04
2011-03-24,53.66,53.86,52.32,53.56,879700,53.49
2011-03-23,51.27,53.33,50.94,53.04,1015900,52.97
2011-03-22,51.74,51.85,50.82,51.47,622400,51.40
2011-03-21,51.38,51.77,50.72,51.71,1061800,51.64
2011-03-18,50.89,51.30,49.71,49.98,1112600,49.91
2011-03-17,49.30,50.38,49.00,49.64,1355000,49.58
2011-03-16,49.41,50.06,46.65,47.88,2039500,47.82
2011-03-15,46.53,49.84,46.00,49.18,1229000,49.12
2011-03-14,48.51,50.12,48.30,49.58,1052400,49.52
2011-03-11,47.00,49.30,46.71,48.92,1319000,48.86
2011-03-10,48.64,48.82,47.04,47.42,1723000,47.36
2011-03-09,51.23,51.39,49.61,50.06,1274300,49.99
2011-03-08,51.09,52.05,49.52,51.67,1247000,51.60
2011-03-07,53.38,53.68,50.25,50.88,1052300,50.81
2011-03-04,53.58,53.78,51.95,52.77,950300,52.70
2011-03-03,52.54,53.57,52.45,53.43,1130800,53.36
2011-03-02,50.39,51.81,50.22,51.15,1572600,51.08
2011-03-01,52.78,53.53,50.52,50.61,1827200,50.54
2011-02-28,52.49,52.95,51.66,52.79,922800,52.72
2011-02-25,51.02,51.76,50.91,51.67,1140700,51.60
2011-02-24,50.42,51.50,48.72,50.19,1327400,50.12
2011-02-23,50.89,51.61,48.55,50.62,1785100,50.55
2011-02-22,53.57,54.19,50.80,50.93,1414800,50.86
2011-02-18,56.16,56.25,54.25,54.75,964300,54.68
2011-02-17,55.39,56.17,54.69,56.06,785100,55.99
2011-02-16,54.61,55.34,54.29,55.32,1221800,55.25
2011-02-15,54.50,55.07,53.79,54.04,813500,53.97
2011-02-14,53.43,54.91,53.43,54.77,1174000,54.70
2011-02-11,52.30,53.58,52.02,53.22,1109500,53.15
2011-02-10,51.27,53.16,51.27,52.70,1631500,52.63
2011-02-09,52.96,53.26,51.53,52.10,1475500,52.03
2011-02-08,53.44,53.66,52.49,53.42,1173800,53.35
2011-02-07,52.97,54.00,52.80,52.96,1145600,52.89
2011-02-04,53.12,53.24,51.79,52.64,958300,52.57
2011-02-03,52.75,53.05,51.26,52.83,1128700,52.76
2011-02-02,52.73,53.57,52.15,52.73,1181200,52.66
2011-02-01,51.05,53.15,50.97,53.01,1574000,52.94
2011-01-31,48.75,50.35,48.75,50.19,1236600,50.12
2011-01-28,49.54,50.14,48.19,48.49,1550100,48.43
2011-01-27,50.98,50.98,49.00,49.72,1241400,49.65
2011-01-26,48.74,50.85,48.69,50.65,1596200,50.58
2011-01-25,47.90,48.36,47.14,48.31,1090300,48.25
2011-01-24,47.29,48.86,47.18,48.26,1106900,48.20
2011-01-21,48.57,48.87,47.18,47.20,1062400,47.14
2011-01-20,48.28,48.33,46.77,47.94,1957000,47.88
2011-01-19,51.85,51.98,49.12,49.35,1256900,49.29
2011-01-18,51.43,52.01,51.35,51.95,775100,51.88
2011-01-14,51.21,51.35,50.54,51.21,866900,51.14
2011-01-13,52.53,52.53,51.23,51.47,866500,51.40
2011-01-12,52.39,52.48,51.66,52.36,857000,52.29
2011-01-11,50.96,51.70,50.86,51.46,784600,51.39
2011-01-10,49.56,50.55,48.68,50.41,802000,50.34
2011-01-07,50.60,50.97,49.08,50.17,1073600,50.10
2011-01-06,51.44,51.46,50.05,50.38,679700,50.31
2011-01-05,50.40,51.42,49.90,51.19,884100,51.12
2011-01-04,52.02,52.23,49.39,50.92,1488000,50.85
2011-01-03,51.50,52.77,51.50,51.61,1027200,51.54
2010-12-31,50.56,50.94,50.28,50.65,337700,50.58
2010-12-30,50.36,51.09,50.35,50.56,345700,50.49
2010-12-29,49.95,50.60,49.94,50.43,569800,50.36
2010-12-28,49.89,50.01,49.63,49.80,411800,49.73
2010-12-27,49.50,49.70,48.92,49.58,315300,49.52
2010-12-23,49.25,49.97,49.13,49.73,567200,49.66
2010-12-22,49.95,49.95,49.02,49.35,595700,49.29
2010-12-21,48.87,49.62,48.64,49.44,731000,49.38
2010-12-20,48.01,48.51,47.71,48.25,557500,48.19
2010-12-17,47.04,47.88,46.89,47.72,660200,47.66
2010-12-16,46.66,47.12,45.84,47.11,925000,47.05
2010-12-15,46.62,47.55,46.39,46.47,878900,46.41
2010-12-14,47.45,47.80,46.79,47.17,907700,47.11
2010-12-13,47.77,48.19,47.15,47.22,747200,47.16
2010-12-10,46.35,47.12,45.77,46.90,937100,46.84
2010-12-09,46.48,46.56,45.46,46.05,842600,45.99
2010-12-08,46.57,47.11,45.15,45.71,1197900,45.65
2010-12-07,48.24,48.30,46.60,46.61,1717600,46.55
2010-12-06,46.22,46.94,46.21,46.79,972500,46.73
2010-12-03,45.07,46.58,44.85,46.40,1156200,46.34
2010-12-02,44.32,45.59,44.28,45.45,1415700,45.39
2010-12-01,43.20,44.10,43.07,44.06,1834900,44.00
2010-11-30,41.24,42.60,40.88,41.80,1965400,41.75
2010-11-29,41.09,42.15,39.95,41.91,1118500,41.86
2010-11-26,41.65,41.92,41.32,41.59,344200,41.54
2010-11-24,41.56,42.59,41.56,42.57,820500,42.51
2010-11-23,41.41,41.41,40.47,40.98,1093200,40.93
2010-11-22,41.86,42.71,41.16,42.64,1114000,42.58
2010-11-19,41.32,42.51,40.84,42.51,948800,42.45
2010-11-18,40.89,42.14,40.89,41.46,1187500,41.41
2010-11-17,39.75,40.48,39.23,39.68,1494100,39.63
2010-11-16,40.75,40.80,38.80,39.48,1932600,39.43
2010-11-15,42.29,42.72,41.50,41.51,1232400,41.46
2010-11-12,43.29,43.68,41.49,42.16,1979800,42.10
2010-11-11,42.93,44.46,42.83,44.40,1008100,44.34
2010-11-10,42.75,43.51,41.61,43.42,1412600,43.36
2010-11-09,44.85,45.23,42.08,42.59,1842000,42.53
2010-11-08,43.40,44.47,43.26,44.39,1030700,44.33
2010-11-05,43.24,44.27,43.15,43.80,1119000,43.74
2010-11-04,41.82,43.14,41.80,43.08,1273700,43.02
2010-11-03,40.76,40.81,39.14,40.41,1213500,40.36
2010-11-02,40.78,41.15,40.36,40.69,1010500,40.64
2010-11-01,40.32,40.94,39.53,40.06,1330800,40.01
2010-10-29,39.09,39.99,38.92,39.88,942400,39.83
2010-10-28,39.95,40.23,38.86,39.24,1207700,39.19
2010-10-27,39.33,39.43,38.23,39.33,1540200,39.28
2010-10-26,39.37,40.40,38.92,40.18,1290500,40.13
2010-10-25,39.79,40.75,39.69,40.14,1686400,40.09
2010-10-22,39.40,39.47,38.48,38.85,828300,38.80
2010-10-21,39.81,40.13,38.37,39.31,1854500,39.26
2010-10-20,37.92,39.93,37.63,39.31,2169300,39.26
2010-10-19,38.27,38.86,37.14,37.68,1964300,37.63
2010-10-18,39.33,39.94,38.89,39.59,1501300,39.54
2010-10-15,40.19,40.20,38.65,39.65,1876700,39.60
2010-10-14,40.38,40.45,39.10,39.62,1550200,39.57
2010-10-13,39.99,40.73,39.75,40.35,1572900,40.30
2010-10-12,38.86,39.30,37.85,39.15,1380700,39.10
2010-10-11,39.35,39.53,38.76,39.06,1162500,39.01
2010-10-08,37.51,39.30,37.51,39.07,1539900,39.02
2010-10-07,38.50,38.55,36.69,37.50,1152900,37.45
2010-10-06,37.46,38.32,37.36,38.06,1626400,38.01
2010-10-05,36.12,37.60,36.04,37.31,1523000,37.26
2010-10-04,36.10,36.39,34.94,35.34,1495400,35.29
2010-10-01,36.08,36.57,35.84,36.46,1483800,36.41
2010-09-30,36.11,36.53,34.73,35.43,1569200,35.38
2010-09-29,35.92,36.17,35.51,35.68,1435100,35.63
2010-09-28,35.33,36.24,34.46,36.11,1747300,36.06
2010-09-27,35.81,36.10,35.56,35.59,1171200,35.54
2010-09-24,35.06,35.98,35.06,35.85,1208900,35.80
2010-09-23,34.07,35.04,33.75,34.25,1325800,34.21
2010-09-22,34.47,35.44,34.47,34.78,1727600,34.73
2010-09-21,34.80,34.86,33.77,34.53,2065800,34.48
2010-09-20,34.14,34.93,33.66,34.77,1555800,34.72
2010-09-17,34.29,34.36,33.55,34.03,1230900,33.98
2010-09-16,33.30,34.19,33.30,34.06,1473100,34.01
2010-09-15,33.08,33.49,32.79,33.44,1667000,33.39
2010-09-14,33.25,33.97,32.98,33.51,1451700,33.46
2010-09-13,33.19,33.70,33.02,33.56,1435300,33.51
2010-09-10,32.06,32.72,32.05,32.44,815500,32.39
2010-09-09,33.12,33.25,31.78,32.08,1234300,32.03
2010-09-08,32.15,32.93,32.10,32.49,1343200,32.44
2010-09-07,32.08,32.42,31.67,31.95,1032500,31.90
2010-09-03,32.33,32.65,31.98,32.50,1743700,32.45
2010-09-02,31.25,31.78,30.79,31.74,1414300,31.69
2010-09-01,29.99,31.21,29.99,31.09,2032900,31.04
2010-08-31,28.29,29.49,28.25,29.15,1508600,29.10
2010-08-30,29.25,29.53,28.49,28.49,1197100,28.45
2010-08-27,28.26,29.42,27.40,29.38,2158800,29.33
2010-08-26,28.05,28.62,27.44,27.65,1402500,27.61
2010-08-25,27.36,27.85,26.44,27.63,1742800,27.59
2010-08-24,28.02,28.40,27.53,27.57,1907800,27.53
2010-08-23,30.03,30.37,29.07,29.12,1185600,29.07
2010-08-20,29.69,29.83,29.07,29.77,1146600,29.72
2010-08-19,31.20,31.62,29.82,30.11,1736600,30.06
2010-08-18,31.30,31.80,30.67,31.46,1270900,31.41
2010-08-17,30.69,31.78,30.65,31.27,1610900,31.22
2010-08-16,29.19,30.20,29.10,29.83,1009600,29.78
2010-08-13,29.57,29.90,29.25,29.50,956500,29.45
2010-08-12,28.63,30.17,28.54,29.80,1421700,29.75
2010-08-11,30.50,30.52,29.30,29.55,1691900,29.50
2010-08-10,31.59,32.16,31.02,31.77,1542100,31.72
2010-08-09,32.45,32.69,32.02,32.46,1076300,32.41
2010-08-06,31.59,32.72,31.36,32.14,1793700,32.09
2010-08-05,31.65,32.26,31.65,32.19,1263200,32.14
2010-08-04,31.61,32.27,31.29,32.15,1351600,32.10
2010-08-03,32.00,32.03,31.19,31.50,1473300,31.45
2010-08-02,31.64,32.60,31.52,32.44,1405300,32.39
2010-07-30,29.42,30.90,29.40,30.61,1239700,30.56
2010-07-29,30.40,31.15,29.50,30.23,1266500,30.18
2010-07-28,29.97,30.68,29.80,30.13,1325200,30.08
2010-07-27,31.59,31.70,30.06,30.44,1827000,30.39
2010-07-26,30.63,31.18,30.41,31.15,1366500,31.10
2010-07-23,29.50,30.78,29.41,30.70,2149500,30.65
2010-07-22,28.70,29.82,28.61,29.58,1836700,29.53
2010-07-21,28.68,29.00,27.32,27.72,2292400,27.68
2010-07-20,25.56,28.00,25.38,27.92,1641300,27.88
2010-07-19,26.34,26.57,25.66,26.33,738500,26.29
2010-07-16,27.64,27.69,26.06,26.22,1671100,26.18
2010-07-15,28.32,28.40,27.25,28.06,1471300,28.02
2010-07-14,28.14,28.79,27.76,28.28,1573000,28.24
2010-07-13,28.46,28.86,28.02,28.47,2210100,28.43
2010-07-12,28.05,28.19,27.02,27.35,1230700,27.31
2010-07-09,27.24,28.52,27.06,28.32,1674900,28.28
2010-07-08,26.76,27.21,26.18,27.17,1605100,27.13
2010-07-07,24.22,26.30,24.11,26.28,1849700,26.24
2010-07-06,25.05,25.42,23.63,24.11,2237900,24.07
2010-07-02,24.84,24.84,23.62,24.01,1570600,23.97
2010-07-01,24.72,25.29,23.30,24.32,3552900,24.28
2010-06-30,25.40,26.19,24.56,24.69,2132300,24.65
2010-06-29,26.67,26.67,25.00,25.41,2579100,25.37
2010-06-28,28.50,28.63,27.57,27.71,1617100,27.67
2010-06-25,27.73,28.81,27.28,28.45,1891300,28.41
2010-06-24,28.61,29.03,27.41,27.53,2300700,27.49
2010-06-23,28.87,29.37,27.84,28.99,2516300,28.94
2010-06-22,30.35,30.73,28.80,28.91,1757500,28.86
2010-06-21,31.34,31.95,29.95,30.43,2652400,30.36
2010-06-18,29.75,30.35,29.67,30.10,1266300,30.03
2010-06-17,30.16,30.46,28.84,29.74,2165600,29.67
2010-06-16,29.74,30.45,29.37,30.05,1611400,29.98
2010-06-15,29.27,30.18,28.86,30.14,1901500,30.07
2010-06-14,29.67,29.94,28.44,28.54,2001600,28.47
2010-06-11,27.67,28.97,27.50,28.96,1839000,28.89
2010-06-10,27.29,28.23,27.15,28.18,2282300,28.11
2010-06-09,26.68,27.55,25.78,26.12,2495100,26.06
2010-06-08,24.91,26.09,24.67,25.96,3142300,25.90
2010-06-07,25.96,26.33,24.77,24.80,2980400,24.74
2010-06-04,27.28,27.68,25.75,25.95,3702400,25.89
2010-06-03,29.50,29.56,27.52,28.39,2008400,28.32
2010-06-02,27.55,29.19,27.35,29.19,1671600,29.12
2010-06-01,28.60,29.53,27.15,27.20,2305400,27.14
2010-05-28,30.46,30.50,28.90,29.48,2064700,29.41
2010-05-27,29.12,30.55,28.73,30.55,2629900,30.48
2010-05-26,28.70,29.19,27.46,27.71,3531200,27.64
2010-05-25,25.20,27.92,24.95,27.88,5714900,27.81
2010-05-24,27.77,28.14,26.83,26.85,2674400,26.79
2010-05-21,25.60,28.10,25.30,27.79,6291500,27.72
2010-05-20,27.39,27.80,26.13,26.32,7169700,26.26
2010-05-19,29.35,29.64,27.70,29.05,5113800,28.98
2010-05-18,31.38,32.24,29.57,29.67,4027300,29.60
2010-05-17,31.30,31.67,29.15,30.59,3570500,30.52
2010-05-14,32.54,32.74,30.68,31.46,3924300,31.38
2010-05-13,33.75,34.70,33.05,33.29,2988300,33.21
2010-05-12,32.75,34.00,32.62,33.87,2871300,33.79
2010-05-11,32.50,33.26,32.11,32.18,4260300,32.10
2010-05-10,32.50,33.06,31.92,33.00,4550300,32.92
2010-05-07,30.81,31.66,28.63,29.70,5802600,29.63
2010-05-06,32.39,33.58,26.55,30.70,5047400,30.63
2010-05-05,32.14,33.78,31.57,32.65,4870200,32.57
2010-05-04,35.03,35.41,32.75,33.28,4408800,33.20
2010-05-03,36.45,36.57,35.08,36.17,2133300,36.08
2010-04-30,37.90,38.22,36.00,36.15,3123000,36.06
2010-04-29,37.56,38.03,37.30,37.65,2483400,37.56
2010-04-28,36.74,37.30,36.07,36.95,3785700,36.86
2010-04-27,38.42,38.60,35.94,36.20,4761900,36.11
2010-04-26,39.00,39.47,38.46,38.64,1979300,38.55
2010-04-23,37.50,38.64,37.34,38.64,2001500,38.55
2010-04-22,36.10,37.40,35.38,37.31,1463400,37.22
2010-04-21,37.03,37.22,35.92,36.81,2146400,36.72
2010-04-20,37.26,37.54,36.66,36.89,2301500,36.80
2010-04-19,36.40,36.83,35.25,36.66,3781900,36.57
2010-04-16,38.27,38.56,36.41,37.00,5118600,36.91
2010-04-15,38.68,39.04,38.45,38.63,1993900,38.54
2010-04-14,38.60,38.94,38.14,38.83,2094900,38.74
2010-04-13,38.21,38.37,37.52,38.11,1851500,38.02
2010-04-12,38.73,38.95,38.12,38.33,2337600,38.24
2010-04-09,38.60,38.76,38.10,38.57,2874100,38.48
2010-04-08,37.69,38.39,37.35,38.26,3109200,38.17
2010-04-07,38.67,38.98,37.80,38.31,4296700,38.22
2010-04-06,38.23,38.92,37.94,38.59,2426700,38.50
2010-04-05,37.62,38.38,37.24,38.38,2469000,38.29
2010-04-01,36.41,37.18,36.41,37.17,3475900,37.08
2010-03-31,35.90,36.51,35.62,35.78,3844400,35.69
2010-03-30,36.37,36.69,35.56,36.14,3815800,36.05
2010-03-29,35.59,36.43,35.59,36.03,4130600,35.94
2010-03-26,35.08,35.80,34.52,35.16,5250700,35.08
2010-03-25,36.74,36.92,34.46,34.61,5673600,34.53
2010-03-24,35.80,36.66,35.60,36.16,5516700,36.07
2010-03-23,35.39,36.37,35.04,36.34,5120900,36.24
2010-03-22,33.54,35.44,33.44,35.21,4818000,35.12
2010-03-19,35.65,36.12,34.37,34.55,5138700,34.46
2010-03-18,36.40,36.88,35.50,35.61,4567000,35.52
2010-03-17,36.15,36.98,36.11,36.43,4508900,36.33
2010-03-16,35.27,36.00,35.14,35.88,4522900,35.78
2010-03-15,35.00,35.07,34.21,34.72,4445800,34.63
2010-03-12,35.24,35.72,34.95,35.29,4039900,35.20
2010-03-11,34.11,34.75,33.60,34.74,3575800,34.65
2010-03-10,34.55,35.20,33.97,34.47,4832200,34.38
2010-03-09,34.10,35.05,34.05,34.36,4195700,34.27
2010-03-08,35.09,35.39,34.46,34.71,3886400,34.62
2010-03-05,34.27,35.15,34.10,34.85,4273900,34.76
2010-03-04,33.64,33.97,33.04,33.45,3619300,33.36
2010-03-03,33.51,34.30,33.27,33.45,4886900,33.36
2010-03-02,32.53,33.54,32.53,33.05,4820900,32.96
2010-03-01,31.22,32.09,30.87,32.05,3636800,31.96
2010-02-26,30.77,30.98,30.02,30.78,4210600,30.70
2010-02-25,29.30,30.73,28.80,30.53,5944100,30.45
2010-02-24,30.24,30.95,29.97,30.37,5200000,30.29
2010-02-23,31.44,31.58,29.90,30.13,6264900,30.05
2010-02-22,32.35,32.45,31.47,31.72,4626500,31.64
2010-02-19,31.03,32.25,31.02,31.94,6084800,31.85
2010-02-18,30.52,31.64,30.45,31.49,4553400,31.41
2010-02-17,31.14,31.31,30.24,30.84,4929500,30.76
2010-02-16,30.12,30.83,30.00,30.71,5916500,30.63
2010-02-12,28.00,29.27,27.60,29.08,5252400,29.00
2010-02-11,27.85,29.10,27.44,28.97,9010000,28.89
2010-02-10,27.88,28.26,26.92,27.62,6431400,27.55
2010-02-09,27.35,28.46,27.00,27.94,10749600,27.87
2010-02-08,27.41,27.91,26.38,26.39,7373400,26.32
2010-02-05,26.42,27.38,25.30,27.38,15144100,27.31
2010-02-04,28.20,28.20,26.37,26.42,10961600,26.35
2010-02-03,29.23,30.10,28.77,29.02,6798600,28.94
2010-02-02,29.62,29.78,28.55,29.59,7082500,29.51
2010-02-01,27.54,29.31,27.40,29.22,7394400,29.14
2010-01-29,28.84,29.44,26.76,26.93,9626600,26.86
2010-01-28,30.04,30.09,27.83,28.25,9000600,28.17
2010-01-27,30.00,30.30,28.28,29.47,6476800,29.39
2010-01-26,29.87,31.21,29.65,29.88,5494100,29.80
2010-01-25,30.80,31.42,30.50,30.59,6267000,30.51
2010-01-22,30.92,32.16,29.88,29.96,10355200,29.88
2010-01-21,34.46,34.49,31.41,31.41,9060900,31.33
2010-01-20,35.28,35.28,33.72,34.75,4384500,34.66
2010-01-19,34.56,35.84,34.54,35.84,2594100,35.74
2010-01-15,35.05,35.36,34.33,34.67,3246900,34.58
2010-01-14,35.88,36.25,35.12,35.25,1856100,35.16
2010-01-13,35.40,36.08,34.39,35.91,3060900,35.81
2010-01-12,35.73,36.19,34.60,35.27,4641700,35.18
2010-01-11,38.29,38.35,36.42,36.88,4052000,36.78
2010-01-08,35.82,37.06,35.62,37.00,2581900,36.90
2010-01-07,36.16,36.20,35.28,36.04,2674700,35.94
2010-01-06,35.28,36.72,35.24,36.32,4593900,36.22
2010-01-05,34.64,35.20,34.44,35.00,3868600,34.91
2010-01-04,33.36,34.50,33.20,34.50,3937500,34.41
2009-12-31,33.22,33.35,32.21,32.23,1403300,32.14
2009-12-30,32.83,33.29,32.52,33.09,1255800,33.00
2009-12-29,33.51,33.79,32.92,33.03,1467200,32.94
2009-12-28,33.79,33.90,32.99,33.35,1650500,33.26
2009-12-24,33.21,33.51,33.07,33.33,1125300,33.24
2009-12-23,31.89,32.88,31.72,32.87,2559200,32.78
2009-12-22,31.31,31.72,31.04,31.68,2474300,31.54
2009-12-21,30.86,31.57,30.70,31.18,2431900,31.04
2009-12-18,30.47,30.97,29.74,30.44,3097300,30.31
2009-12-17,31.18,31.33,30.20,30.35,3395900,30.22
2009-12-16,31.46,32.30,31.42,31.92,2821200,31.78
2009-12-15,31.31,32.13,30.92,31.15,2247600,31.01
2009-12-14,31.13,31.68,30.66,31.56,3491200,31.42
2009-12-11,30.72,31.04,30.02,30.61,2919400,30.47
2009-12-10,30.73,31.21,30.17,30.44,2668400,30.31
2009-12-09,29.85,30.52,29.14,30.47,3752900,30.34
2009-12-08,30.10,30.27,29.32,29.54,3630000,29.41
2009-12-07,30.34,31.36,30.27,30.64,3609500,30.50
2009-12-04,32.50,32.77,29.57,30.59,7101900,30.45
2009-12-03,32.87,33.09,31.55,31.57,4840400,31.43
2009-12-02,31.98,33.12,31.96,32.82,4543600,32.67
2009-12-01,31.85,32.44,31.66,31.91,4581800,31.77
2009-11-30,30.81,31.34,30.34,30.89,3877300,30.75
2009-11-27,30.35,31.51,29.68,30.83,3208100,30.69
2009-11-25,31.80,32.47,31.42,32.39,2854000,32.25
2009-11-24,31.38,31.54,30.61,31.31,4176400,31.17
2009-11-23,32.16,32.87,31.24,31.38,4887800,31.24
2009-11-20,30.46,31.25,30.18,31.08,3214400,30.94
2009-11-19,31.61,31.71,30.29,31.25,4599900,31.11
2009-11-18,32.98,33.12,31.88,32.34,3177800,32.20
2009-11-17,31.67,32.75,31.35,32.73,3547300,32.59
2009-11-16,31.10,32.36,31.09,32.05,4637600,31.91
2009-11-13,30.08,30.92,29.75,30.40,3941300,30.27
2009-11-12,30.43,31.20,29.68,30.01,5057900,29.88
2009-11-11,30.70,31.21,30.18,30.54,5043400,30.40
2009-11-10,30.01,30.25,29.25,29.93,4357400,29.80
2009-11-09,29.12,30.20,29.02,30.20,3755200,30.07
2009-11-06,27.41,28.93,27.31,28.16,3482900,28.04
2009-11-05,27.04,28.07,26.78,28.00,3750500,27.88
2009-11-04,27.55,27.75,26.38,26.43,6120700,26.31
2009-11-03,24.87,26.86,24.75,26.57,4542100,26.45
2009-11-02,25.60,26.74,24.49,25.64,7939700,25.53
2009-10-30,27.18,27.23,24.75,25.23,6851800,25.12
2009-10-29,26.22,27.51,26.17,27.27,5821000,27.15
2009-10-28,27.20,27.27,25.18,25.28,5550500,25.17
2009-10-27,28.03,28.40,27.42,27.55,3811600,27.43
2009-10-26,29.47,30.59,27.95,28.15,4568100,28.03
2009-10-23,30.94,31.04,29.06,29.37,4123900,29.24
2009-10-22,29.90,30.86,28.85,30.69,3727000,30.55
2009-10-21,30.05,31.43,29.89,29.97,3315900,29.84
2009-10-20,31.50,31.50,29.75,30.55,2777500,30.41
2009-10-19,30.24,31.36,30.06,31.04,2843200,30.90
2009-10-16,30.48,30.55,29.83,30.05,2962300,29.92
2009-10-15,30.16,31.00,29.91,30.87,2432200,30.73
2009-10-14,30.21,30.79,29.92,30.58,3374100,30.44
2009-10-13,28.86,29.52,28.30,29.35,2407600,29.22
2009-10-12,29.42,29.97,28.75,29.13,2082600,29.00
2009-10-09,28.76,29.23,28.25,28.91,1925700,28.78
2009-10-08,28.70,29.25,28.11,28.93,3943800,28.80
2009-10-07,27.24,27.84,27.00,27.69,2360100,27.57
2009-10-06,27.06,27.80,26.52,27.25,3909100,27.13
2009-10-05,25.13,26.28,24.95,26.09,2437400,25.97
2009-10-02,23.97,25.47,23.90,24.69,3463400,24.58
2009-10-01,27.19,27.26,25.07,25.08,3949700,24.97
2009-09-30,28.25,28.30,26.70,27.40,3585400,27.28
2009-09-29,27.86,28.57,27.52,27.68,2371600,27.56
2009-09-28,26.72,28.10,26.56,27.74,2824100,27.62
2009-09-25,26.85,27.60,26.30,26.45,3410700,26.33
2009-09-24,28.88,28.99,26.91,27.38,4415600,27.26
2009-09-23,30.14,30.22,28.61,28.71,3899100,28.54
2009-09-22,29.81,30.30,29.60,30.03,3879700,29.85
2009-09-21,28.39,29.17,27.86,28.94,3602700,28.77
2009-09-18,29.79,29.87,28.85,29.30,3715900,29.13
2009-09-17,29.81,30.62,29.00,29.45,6586100,29.28
2009-09-16,29.58,30.20,29.12,29.94,6326800,29.76
2009-09-15,27.51,28.92,27.35,28.73,4487700,28.56
2009-09-14,25.89,27.35,25.57,27.28,3602600,27.12
2009-09-11,26.77,27.23,26.00,26.46,5195700,26.31
2009-09-10,25.44,26.39,24.72,26.37,4200100,26.22
2009-09-09,25.25,25.72,24.83,25.44,3795700,25.29
2009-09-08,25.11,25.45,24.80,25.06,3011300,24.91
2009-09-04,23.50,24.18,22.89,24.13,2976700,23.99
2009-09-03,23.13,23.49,22.50,23.49,2479800,23.35
2009-09-02,21.92,22.68,21.64,22.50,3000500,22.37
2009-09-01,23.01,24.09,22.02,22.08,5268500,21.95
2009-08-31,23.60,23.60,23.05,23.33,3383400,23.19
2009-08-28,24.70,24.71,23.79,24.40,3533600,24.26
2009-08-27,23.72,24.20,22.64,23.96,4626600,23.82
2009-08-26,23.90,24.38,23.40,23.80,4066800,23.66
2009-08-25,24.92,25.30,23.89,24.14,4683400,24.00
2009-08-24,25.42,25.59,24.35,24.47,5189700,24.33
2009-08-21,23.99,24.79,23.91,24.68,4261400,24.54
2009-08-20,23.26,23.71,23.14,23.42,3449700,23.28
2009-08-19,21.78,23.55,21.62,23.17,5122500,23.03
2009-08-18,22.24,22.85,22.11,22.65,3420000,22.52
2009-08-17,22.36,22.51,21.82,21.94,5284100,21.81
2009-08-14,25.30,25.43,23.64,24.23,5299000,24.09
2009-08-13,24.64,25.35,24.32,25.30,4023100,25.15
2009-08-12,23.14,24.52,23.08,24.09,3149500,23.95
2009-08-11,23.28,23.60,22.88,23.46,4841300,23.32
2009-08-10,24.20,24.25,23.31,23.69,3616900,23.55
2009-08-07,24.82,24.90,23.64,24.48,4800200,24.34
2009-08-06,24.60,25.00,23.56,24.13,4325800,23.99
2009-08-05,24.19,24.60,23.45,24.34,6318600,24.20
2009-08-04,23.61,24.56,23.36,24.04,7224600,23.90
2009-08-03,23.16,24.13,23.04,24.00,7285600,23.86
2009-07-31,21.43,22.60,21.35,22.26,5959000,22.13
2009-07-30,21.01,21.97,20.97,21.45,7789300,21.32
2009-07-29,20.65,20.75,19.94,20.29,7515800,20.17
2009-07-28,21.15,21.64,20.54,21.30,7317700,21.18
2009-07-27,21.73,22.18,21.28,21.79,5620000,21.66
2009-07-24,20.93,21.64,20.70,21.60,5638100,21.47
2009-07-23,19.96,21.39,19.74,21.24,8901200,21.12
2009-07-22,19.30,20.11,19.15,19.97,4819800,19.85
2009-07-21,20.16,20.53,18.87,19.86,9211100,19.74
2009-07-20,19.47,19.91,19.10,19.81,6837100,19.69
2009-07-17,18.74,19.24,18.32,18.90,6281400,18.79
2009-07-16,17.75,18.85,17.65,18.75,6441100,18.64
2009-07-15,17.04,17.85,17.02,17.74,6539400,17.64
2009-07-14,16.34,16.60,15.87,16.33,5316400,16.23
2009-07-13,15.30,16.05,14.56,16.05,4678900,15.96
2009-07-10,15.02,15.51,14.60,15.24,3337300,15.15
2009-07-09,15.60,15.75,15.12,15.45,5753600,15.36
2009-07-08,15.13,15.66,14.34,15.01,7720700,14.92
2009-07-07,15.95,16.03,15.05,15.14,5103300,15.05
2009-07-06,16.02,16.04,15.22,16.00,5200700,15.91
2009-07-02,16.85,17.05,16.54,16.65,3909600,16.55
2009-07-01,17.94,18.43,17.54,17.67,4064200,17.57
2009-06-30,17.97,18.25,17.25,17.51,3450500,17.41
2009-06-29,17.80,18.20,17.46,17.97,3543500,17.86
2009-06-26,17.60,18.01,17.41,17.67,4534000,17.57
2009-06-25,16.49,17.75,16.40,17.75,6727900,17.65
2009-06-24,16.74,17.37,16.45,16.75,6144100,16.65
2009-06-23,15.77,16.50,15.49,16.25,6126600,16.11
2009-06-22,17.45,17.47,15.69,15.76,8630900,15.63
2009-06-19,18.42,18.70,17.82,18.15,3948400,18.00
2009-06-18,17.86,18.50,17.40,18.10,4659200,17.95
2009-06-17,18.16,18.33,17.13,17.81,7730500,17.66
2009-06-16,19.55,19.97,18.26,18.54,7375700,18.38
2009-06-15,20.44,20.44,19.05,19.46,7358400,19.30
2009-06-12,21.59,21.59,20.67,21.12,5297700,20.94
2009-06-11,21.22,22.42,21.22,22.11,5967300,21.92
2009-06-10,21.92,21.99,20.27,21.13,6118300,20.95
2009-06-09,20.52,21.48,20.27,21.25,5778300,21.07
2009-06-08,20.25,20.37,19.20,20.13,5096300,19.96
2009-06-05,21.60,21.69,20.04,20.74,5553700,20.57
2009-06-04,20.36,21.29,19.97,21.05,7189600,20.87
2009-06-03,21.44,21.45,19.32,20.03,7183000,19.86
2009-06-02,21.42,22.02,21.16,21.86,5891200,21.68
2009-06-01,20.49,21.84,20.22,21.46,9280600,21.28
2009-05-29,19.43,19.88,19.17,19.83,5427300,19.66
2009-05-28,18.75,19.10,18.04,19.01,4945700,18.85
2009-05-27,19.13,19.72,18.25,18.35,5244400,18.20
2009-05-26,17.69,19.15,17.32,18.98,4601200,18.82
2009-05-22,18.27,18.76,17.83,18.24,3172800,18.09
2009-05-21,18.45,18.61,17.40,17.90,4052400,17.75
2009-05-20,19.31,20.62,18.88,19.08,5467800,18.92
2009-05-19,18.20,19.23,18.16,18.73,4794100,18.57
2009-05-18,17.15,18.19,16.98,18.12,4215600,17.97
2009-05-15,16.98,17.53,16.27,16.74,3676300,16.60
2009-05-14,16.04,17.25,15.79,16.92,4516500,16.78
2009-05-13,17.46,17.52,15.95,16.20,7008600,16.06
2009-05-12,18.50,18.85,17.43,18.36,3511800,18.21
2009-05-11,18.52,18.52,17.74,18.22,3964500,18.07
2009-05-08,18.60,19.28,18.16,19.16,6199800,19.00
2009-05-07,19.81,19.91,17.52,18.05,7330400,17.90
2009-05-06,19.20,19.62,18.66,19.01,5920800,18.85
2009-05-05,19.14,19.18,18.02,18.60,5204200,18.44
2009-05-04,17.44,19.05,17.42,19.05,6983000,18.89
2009-05-01,16.48,17.46,16.29,16.90,4383600,16.76
2009-04-30,16.17,16.93,16.15,16.39,7394200,16.25
2009-04-29,15.03,15.94,14.95,15.52,5209100,15.39
2009-04-28,14.55,15.09,14.32,14.71,2960500,14.59
2009-04-27,14.87,15.47,14.62,15.01,5487600,14.88
2009-04-24,14.66,15.94,14.66,15.68,7765900,15.55
2009-04-23,14.67,14.72,14.06,14.38,4206000,14.26
2009-04-22,13.94,15.36,13.74,14.45,6566600,14.33
2009-04-21,13.10,14.25,12.94,14.16,2115500,14.04
2009-04-20,14.60,14.69,13.31,13.49,4697700,13.38
2009-04-17,15.07,15.34,14.69,15.19,5435300,15.06
2009-04-16,15.10,15.40,14.45,15.13,5124000,15.00
2009-04-15,14.39,14.98,14.22,14.94,3883400,14.81
2009-04-14,14.88,15.50,14.54,14.61,5432900,14.49
2009-04-13,14.36,15.45,14.18,15.13,4513500,15.00
2009-04-09,14.35,14.78,14.16,14.63,5716900,14.51
2009-04-08,13.18,13.51,12.79,13.41,3869300,13.30
2009-04-07,13.41,13.56,12.96,13.08,5681300,12.97
2009-04-06,14.04,14.11,13.46,14.08,6214300,13.96
2009-04-03,13.98,14.72,13.85,14.62,9425100,14.50
2009-04-02,13.97,14.52,13.75,14.08,10496200,13.96
2009-04-01,11.54,13.15,11.46,12.87,7657600,12.76
2009-03-31,12.22,12.48,11.74,11.98,7440900,11.88
2009-03-30,12.11,12.13,11.50,11.80,6488900,11.70
2009-03-27,13.39,13.55,12.88,13.11,6750100,13.00
2009-03-26,13.24,13.95,13.17,13.68,11628400,13.56
2009-03-25,12.89,13.58,12.05,12.72,10826800,12.61
2009-03-24,12.38,13.09,12.16,12.70,6870600,12.59
2009-03-23,12.00,12.75,11.68,12.68,8421400,12.53
2009-03-20,12.00,12.01,11.09,11.31,5435600,11.18
2009-03-19,11.90,12.30,11.67,11.98,12933600,11.84
2009-03-18,10.20,11.31,10.02,11.28,7213000,11.15
2009-03-17,10.13,10.51,9.80,10.47,4696700,10.35
2009-03-16,10.31,11.04,10.31,10.36,6086300,10.24
2009-03-13,10.45,10.48,9.90,10.20,6622100,10.08
2009-03-12,9.51,10.23,9.24,10.23,7298600,10.11
2009-03-11,9.66,9.84,9.32,9.66,9174900,9.55
2009-03-10,8.72,9.40,8.62,9.34,9373000,9.23
2009-03-09,8.30,8.75,8.10,8.26,9212700,8.16
2009-03-06,8.55,8.82,7.94,8.44,8826700,8.34
2009-03-05,8.50,8.87,8.07,8.27,6638500,8.17
2009-03-04,8.85,9.32,8.81,8.97,11190200,8.87
2009-03-03,8.29,8.54,7.87,8.11,9661800,8.02
2009-03-02,9.05,9.15,7.85,7.98,14930500,7.89
2009-02-27,9.26,9.99,9.09,9.49,7671900,9.38
2009-02-26,10.03,10.44,9.54,9.60,7423000,9.49
2009-02-25,10.17,10.47,9.69,9.76,11154300,9.65
2009-02-24,9.54,10.30,9.21,10.15,11459400,10.03
2009-02-23,11.27,11.27,9.35,9.40,11368600,9.29
2009-02-20,10.63,11.22,10.37,11.02,9133500,10.89
2009-02-19,11.54,11.87,10.91,10.94,7083800,10.81
2009-02-18,11.60,11.64,10.84,11.15,7226600,11.02
2009-02-17,12.10,12.24,11.35,11.36,8178800,11.23
2009-02-13,13.15,13.36,12.80,12.94,5017400,12.79
2009-02-12,12.33,13.22,12.04,13.20,6758100,13.05
2009-02-11,13.08,13.42,12.36,12.83,6761800,12.68
2009-02-10,14.10,14.63,12.50,12.88,10146900,12.73
2009-02-09,14.22,14.84,13.75,14.09,8038500,13.93
2009-02-06,13.20,14.32,13.20,14.01,7912800,13.85
2009-02-05,12.25,13.28,12.01,13.01,9032100,12.86
2009-02-04,12.30,12.97,12.23,12.29,8504400,12.15
2009-02-03,11.71,12.18,11.58,12.00,5549200,11.86
2009-02-02,11.40,12.02,11.25,11.60,5541300,11.46
2009-01-30,13.10,13.14,11.70,11.80,9170300,11.66
2009-01-29,13.50,13.50,12.80,12.94,6255100,12.79
2009-01-28,13.31,14.13,13.31,13.81,7904100,13.65
2009-01-27,12.86,13.23,12.45,12.95,6485800,12.80
2009-01-26,12.97,13.75,12.31,12.57,6709300,12.42
2009-01-23,11.75,13.37,11.62,12.91,7505500,12.76
2009-01-22,12.46,12.88,11.93,12.41,7963600,12.26
2009-01-21,12.30,13.04,11.69,12.99,7420000,12.84
2009-01-20,13.23,13.38,11.85,11.91,7616700,11.77
2009-01-16,13.84,14.02,12.68,13.54,8388700,13.38
2009-01-15,12.36,13.42,11.63,13.18,8678400,13.03
2009-01-14,13.23,13.37,12.24,12.46,7757000,12.31
2009-01-13,13.45,14.05,13.24,13.70,5665100,13.54
2009-01-12,14.83,14.83,13.40,13.70,5968700,13.54
2009-01-09,16.18,16.18,14.92,15.00,6815800,14.82
2009-01-08,14.88,16.05,14.76,16.05,5660000,15.86
2009-01-07,16.39,16.50,15.03,15.17,8057600,14.99
2009-01-06,16.56,17.54,16.27,17.28,9589100,17.08
2009-01-05,15.49,16.61,15.15,16.21,6482400,16.02
2009-01-02,14.63,15.92,14.46,15.74,6237100,15.56
2008-12-31,13.85,14.60,13.70,14.34,3338400,14.17
2008-12-30,13.15,13.80,12.97,13.78,2627700,13.62
2008-12-29,13.49,13.57,12.55,13.06,3293200,12.91
2008-12-26,13.03,13.62,12.84,13.53,1585300,13.37
2008-12-24,13.00,13.08,12.68,12.90,1077400,12.75
2008-12-23,13.20,13.67,12.84,12.98,3643600,12.83
2008-12-22,14.42,14.49,12.50,13.13,6045400,12.91
2008-12-19,14.46,14.88,13.93,14.30,7512000,14.06
2008-12-18,16.39,16.46,14.05,14.49,8990200,14.24
2008-12-17,15.80,16.82,15.62,16.14,9940900,15.87
2008-12-16,15.85,15.99,14.61,15.85,8459400,15.58
2008-12-15,15.07,15.36,13.77,14.41,9984100,14.17
2008-12-12,12.83,14.77,12.60,14.46,12967000,14.21
2008-12-11,15.05,15.97,13.66,14.06,12969200,13.82
2008-12-10,14.49,15.42,14.41,15.16,15216900,14.90
2008-12-09,13.44,15.00,13.36,13.80,13772500,13.57
2008-12-08,13.20,14.35,13.11,13.95,14168200,13.71
2008-12-05,10.79,11.96,10.00,11.85,9060900,11.65
2008-12-04,11.27,12.15,10.73,11.14,8300800,10.95
2008-12-03,11.39,12.14,10.87,11.85,8997000,11.65
2008-12-02,11.63,12.21,11.20,12.13,7243300,11.92
2008-12-01,13.15,13.20,11.01,11.20,6507300,11.01
2008-11-28,14.01,14.25,13.58,14.17,2856200,13.93
2008-11-26,12.22,14.28,12.16,13.70,8881600,13.47
2008-11-25,12.50,12.96,11.77,12.33,10161500,12.12
2008-11-24,11.30,12.72,11.08,12.05,16584300,11.85
2008-11-21,9.62,10.69,9.19,10.53,12606600,10.35
2008-11-20,10.95,11.39,8.83,9.00,16928600,8.85
2008-11-19,13.38,13.99,11.30,11.33,15478700,11.14
2008-11-18,14.14,14.58,12.80,13.50,15988800,13.27
2008-11-17,14.60,15.35,13.93,14.15,12091900,13.91
2008-11-14,16.14,17.01,15.07,15.20,14101400,14.94
2008-11-13,14.71,16.97,13.18,16.87,17301500,16.58
2008-11-12,15.87,16.09,14.11,14.11,11989500,13.87
2008-11-11,17.57,17.83,16.11,16.81,11119200,16.52
2008-11-10,20.01,20.31,18.06,18.72,7330800,18.40
2008-11-07,17.75,18.79,17.25,18.49,10443500,18.18
2008-11-06,19.60,19.97,17.11,17.30,12150900,17.01
2008-11-05,22.65,23.20,20.05,20.20,9187500,19.86
2008-11-04,22.50,23.67,22.13,23.50,7402500,23.10
2008-11-03,21.15,22.11,20.51,21.05,5154900,20.69
2008-10-31,20.23,22.07,19.67,21.17,9186900,20.81
2008-10-30,20.98,21.99,18.65,20.67,12526500,20.32
2008-10-29,17.52,20.60,17.44,19.15,15226900,18.83
2008-10-28,15.79,17.60,13.98,17.50,13069000,17.20
2008-10-27,16.01,17.16,14.45,14.45,9130400,14.20
2008-10-24,14.40,17.70,14.26,17.10,9356200,16.81
2008-10-23,18.63,19.57,16.00,17.80,12079100,17.50
2008-10-22,21.05,21.32,17.00,19.40,8008500,19.07
2008-10-21,24.97,25.49,22.51,22.55,8088400,22.17
2008-10-20,22.99,25.75,22.70,25.75,2577800,25.31
2008-10-17,20.63,24.26,20.00,21.60,2068200,21.23
2008-10-16,20.42,22.00,18.05,22.00,2272200,21.63
2008-10-15,24.20,24.32,19.11,19.70,1407200,19.37
2008-10-14,29.39,29.90,24.96,26.15,1519400,25.71
2008-10-13,25.49,28.00,23.20,27.99,1812700,27.52
2008-10-10,22.19,24.88,18.57,22.70,2480200,22.31
2008-10-09,28.83,32.00,21.71,24.19,1481000,23.78
2008-10-08,25.04,29.93,24.25,27.81,1873600,27.34
2008-10-07,32.74,32.90,26.62,26.99,897400,26.53
2008-10-06,31.70,32.00,26.01,31.00,1264400,30.47
2008-10-03,36.28,37.50,32.82,33.37,516000,32.80
2008-10-02,41.00,41.00,33.65,35.29,651300,34.69
2008-10-01,43.47,43.68,40.05,41.26,172400,40.56
2008-09-30,43.49,44.06,40.99,44.00,257400,43.25
2008-09-29,46.80,48.46,39.41,43.00,42800,42.27
2008-09-26,52.25,52.39,49.21,50.63,252500,49.77
2008-09-25,54.17,55.57,53.13,55.10,174400,54.16
2008-09-24,57.50,58.65,54.25,54.65,155700,53.72
2008-09-23,62.49,64.45,56.30,56.50,314700,55.35
2008-09-22,65.06,67.82,61.10,61.50,231900,60.25
2008-09-19,63.01,64.99,56.70,64.99,257200,63.67
2008-09-18,56.93,58.80,51.05,58.80,216300,57.61
2008-09-17,59.00,59.05,52.96,54.94,298800,53.83
2008-09-16,55.24,59.80,52.75,59.80,487400,58.59
2008-09-15,65.28,65.28,56.27,56.75,210700,55.60
2008-09-12,59.99,64.93,59.99,64.00,393000,62.70
2008-09-11,56.46,60.28,54.29,60.19,587900,58.97
2008-09-10,55.25,58.94,54.38,57.46,658800,56.29
2008-09-09,61.83,61.83,54.75,54.77,1143400,53.66
2008-09-08,67.00,67.50,60.14,61.83,296700,60.58
2008-09-05,63.10,64.66,58.81,64.24,697000,62.94
2008-09-04,67.89,68.26,60.91,62.42,537900,61.15
2008-09-03,69.28,71.55,65.97,68.15,294400,66.77
2008-09-02,75.68,75.68,69.60,70.25,74200,68.83
2008-08-29,78.10,78.56,76.09,76.12,18000,74.58
2008-08-28,77.69,78.50,76.22,77.97,32400,76.39
2008-08-27,74.84,77.00,74.84,76.62,24200,75.07
2008-08-26,74.15,74.70,73.00,74.49,72200,72.98
2008-08-25,76.45,77.36,72.58,74.19,42300,72.69
2008-08-22,77.88,78.80,76.09,77.08,64700,75.52
2008-08-21,77.51,79.16,76.64,77.76,136200,76.18
2008-08-20,73.67,76.54,73.67,76.25,100100,74.70
2008-08-19,70.69,74.25,70.60,72.82,191800,71.34
2008-08-18,73.61,75.40,71.42,72.09,81500,70.63
2008-08-15,73.61,74.50,71.42,72.72,312800,71.25
2008-08-14,74.21,76.44,73.36,74.84,353900,73.32
2008-08-13,72.30,76.79,71.50,76.50,139600,74.95
2008-08-12,70.12,72.65,70.12,70.82,143300,69.38
2008-08-11,72.07,72.64,68.34,70.65,271400,69.22
2008-08-08,70.74,73.54,69.41,72.67,76500,71.20
2008-08-07,75.96,75.96,72.70,72.73,159500,71.26
2008-08-06,72.20,76.32,72.20,75.23,123900,73.70
2008-08-05,71.11,73.91,69.00,72.20,183800,70.74
2008-08-04,78.50,78.50,70.10,71.27,302000,69.82
2008-08-01,85.26,85.26,79.44,79.46,81800,77.85
2008-07-31,90.14,90.14,83.85,84.22,96900,82.51
2008-07-30,83.99,88.99,82.94,88.99,73200,87.19
2008-07-29,81.39,82.71,80.60,82.19,18400,80.52
2008-07-28,81.69,81.73,77.63,78.99,27900,77.39
2008-07-25,78.39,81.20,76.50,79.99,46500,78.37
2008-07-24,80.52,82.21,76.50,76.93,115200,75.37
2008-07-23,85.00,85.43,79.61,80.18,49600,78.55
2008-07-22,86.65,86.65,81.78,84.96,129000,83.24
2008-07-21,82.41,87.00,82.41,86.92,73400,85.16
2008-07-18,82.49,85.58,80.90,81.78,60800,80.12
2008-07-17,86.00,88.09,81.00,82.86,62100,81.18
2008-07-16,85.49,86.18,82.17,86.18,126100,84.43
2008-07-15,89.00,89.00,82.99,85.57,95500,83.84
2008-07-14,90.83,92.77,87.60,89.62,96000,87.80
2008-07-11,87.38,90.01,85.05,89.03,165900,87.22
2008-07-10,85.22,89.04,83.65,87.85,418800,86.07
2008-07-09,86.64,89.57,83.57,83.76,148500,82.06
2008-07-08,84.13,84.13,77.22,83.62,394200,81.92
2008-07-07,86.11,89.47,82.70,85.13,128000,83.40
2008-07-03,86.08,87.00,80.29,85.15,121500,83.42
2008-07-02,99.67,99.67,84.77,84.97,273100,83.25
2008-07-01,98.50,99.00,93.45,99.00,195500,96.99
2008-06-30,101.44,103.56,99.99,100.63,33700,98.59
2008-06-27,98.85,101.84,96.98,100.80,55000,98.76
2008-06-26,103.59,104.41,97.83,98.77,89100,96.77
2008-06-25,104.45,106.48,99.62,104.25,48600,102.14
2008-06-24,109.41,109.41,103.37,104.01,30100,101.90
2008-06-23,106.46,110.13,106.31,109.75,24100,107.45
2008-06-20,109.16,109.60,105.43,106.79,27900,104.55
2008-06-19,112.25,112.88,109.69,109.80,29800,107.50
2008-06-18,110.15,111.53,108.73,111.43,11800,109.09
2008-06-17,110.49,112.77,110.45,110.60,44000,108.28
2008-06-16,109.61,110.48,108.95,109.40,28200,107.10
2008-06-13,105.00,108.42,104.96,108.42,36400,106.14
2008-06-12,104.07,105.02,100.86,102.54,8700,100.39
2008-06-11,107.21,108.22,104.00,104.00,24900,101.82
2008-06-10,109.88,109.88,104.49,106.27,42500,104.04
2008-06-09,107.48,110.00,106.99,109.50,15500,107.20
2008-06-06,110.53,111.40,106.09,106.09,32100,103.86
2008-06-05,103.87,110.27,103.87,110.18,24000,107.87
2008-06-04,104.19,105.86,102.22,102.34,47200,100.19
2008-06-03,103.50,107.66,102.00,105.25,44300,103.04
2008-06-02,103.00,106.30,102.76,102.80,13200,100.64
2008-05-30,104.00,104.49,102.92,103.82,11500,101.64
2008-05-29,103.74,103.74,100.75,101.35,13600,99.22
2008-05-28,101.53,104.72,95.77,104.72,28500,102.52
2008-05-27,97.93,98.77,95.25,98.32,10800,96.26
2008-05-23,102.25,102.25,97.31,99.82,29600,97.72
2008-05-22,103.14,105.73,101.91,102.23,14500,100.08
2008-05-21,109.03,110.28,102.61,103.29,38500,101.12
2008-05-20,106.59,109.10,105.15,109.04,40300,106.75
2008-05-19,110.30,111.90,107.11,107.94,65300,105.67
2008-05-16,107.54,109.83,106.50,109.58,55200,107.28
2008-05-15,103.50,106.57,103.50,106.57,51400,104.33
2008-05-14,103.00,106.28,102.63,102.98,116300,100.82
2008-05-13,100.83,102.89,99.14,102.71,68200,100.55
2008-05-12,97.82,101.03,96.27,100.80,55300,98.68
2008-05-09,100.36,100.36,96.04,98.26,54700,96.20
2008-05-08,97.04,100.71,97.04,100.20,53200,98.10
2008-05-07,99.99,100.02,95.79,96.06,48300,94.04
2008-05-06,95.35,99.29,95.35,99.00,36700,96.92
2008-05-05,93.62,96.67,93.62,96.67,58200,94.64
2008-05-02,90.00,93.29,90.00,92.55,88400,90.61
2008-05-01,89.80,90.18,85.37,89.67,115700,87.79
2008-04-30,88.73,93.08,88.50,90.85,117500,88.94
2008-04-29,94.01,94.01,88.91,89.43,57500,87.55
2008-04-28,97.76,98.10,95.00,95.56,72500,93.55
2008-04-25,92.16,98.22,92.16,98.06,92000,96.00
2008-04-24,97.15,97.15,90.71,91.91,108300,89.98
2008-04-23,99.48,100.00,95.28,96.01,145500,93.99
2008-04-22,102.00,103.00,97.36,99.35,95800,97.26
2008-04-21,100.52,102.31,99.40,102.05,62800,99.91
2008-04-18,102.56,102.56,97.74,100.77,56900,98.65
2008-04-17,98.39,100.91,95.96,98.25,91900,96.19
2008-04-16,94.47,99.57,93.85,97.00,101300,94.96
2008-04-15,91.92,92.41,88.95,90.58,77800,88.68
2008-04-14,89.31,91.20,89.15,90.03,56500,88.14
2008-04-11,91.25,92.08,89.25,89.90,41600,88.01
2008-04-10,91.00,92.65,88.88,92.06,48700,90.13
2008-04-09,94.25,94.25,90.60,91.46,49300,89.54
2008-04-08,89.46,93.21,89.46,92.93,45200,90.98
2008-04-07,93.92,96.18,90.01,92.31,96100,90.37
2008-04-04,89.35,92.86,88.99,91.55,63500,89.63
2008-04-03,82.54,89.66,82.54,88.01,59100,86.16
2008-04-02,82.79,85.05,81.44,84.25,45500,82.48
2008-04-01,79.50,82.76,76.43,82.76,41100,81.02
2008-03-31,79.75,81.17,77.40,79.25,36300,77.59
2008-03-28,83.33,83.34,79.31,79.56,16300,77.89
2008-03-27,81.99,82.91,79.90,80.50,31800,78.81
2008-03-26,81.51,83.00,80.94,82.22,38900,80.49
2008-03-25,84.60,84.60,78.80,81.09,71100,79.39
2008-03-24,79.74,85.28,79.71,82.20,79000,74.52
2008-03-20,77.76,78.94,73.28,77.50,72200,70.26
2008-03-19,90.40,91.00,78.80,78.81,59000,71.45
2008-03-18,89.21,90.50,85.41,89.99,66800,81.59
2008-03-17,83.67,87.25,80.32,84.16,76200,76.30
2008-03-14,93.37,94.99,84.97,88.84,58100,80.54
2008-03-13,82.30,91.98,81.29,90.82,43300,82.34
2008-03-12,88.35,90.06,86.92,87.01,38600,78.89
2008-03-11,83.49,88.05,82.47,88.05,66600,79.83
2008-03-10,84.52,84.52,78.35,78.70,42200,71.35
2008-03-07,89.77,90.50,84.00,84.00,46500,76.16
2008-03-06,94.00,95.91,92.33,92.33,27200,83.71
2008-03-05,89.68,95.99,89.68,94.54,32600,85.71
2008-03-04,94.22,94.29,86.45,90.28,51200,81.85
2008-03-03,92.92,94.68,90.00,94.37,56600,85.56
2008-02-29,96.96,96.96,91.00,93.24,32900,84.53
2008-02-28,98.76,100.05,97.48,98.91,17500,89.67
2008-02-27,97.46,101.68,97.04,99.00,19600,89.76
2008-02-26,99.86,101.00,97.38,99.10,38300,89.85
2008-02-25,95.38,99.83,92.71,99.52,33600,90.23
2008-02-22,92.28,94.16,90.18,94.14,30500,85.35
2008-02-21,97.50,97.89,92.73,92.99,76200,84.31
2008-02-20,92.89,96.72,91.35,96.16,23500,87.18
2008-02-19,94.00,95.75,92.88,93.74,55700,84.99
2008-02-15,89.33,89.33,86.63,89.28,17600,80.94
2008-02-14,91.68,92.99,89.88,90.12,32700,81.70
2008-02-13,91.98,91.98,87.85,89.11,34500,80.79
2008-02-12,91.00,92.69,87.84,88.30,52900,80.05
2008-02-11,88.26,89.10,84.86,88.80,21600,80.51
2008-02-08,82.19,86.13,81.87,86.13,13600,78.09
2008-02-07,80.16,83.83,78.02,81.74,41000,74.11
2008-02-06,84.06,85.27,80.50,81.05,25700,73.48
2008-02-05,87.48,87.48,82.15,82.78,41600,75.05
2008-02-04,90.82,90.82,88.25,88.50,14100,80.24
2008-02-01,88.12,90.54,87.00,90.17,43700,81.75
2008-01-31,79.39,86.61,78.92,85.05,45400,77.11
2008-01-30,82.25,88.18,81.50,83.01,68100,75.26
2008-01-29,84.25,86.25,82.87,83.74,36400,75.92
2008-01-28,78.92,83.11,78.35,82.73,25000,75.00
2008-01-25,83.10,88.55,78.64,81.26,64300,73.67
2008-01-24,74.66,81.01,74.66,81.01,50500,73.45
2008-01-23,67.50,73.87,61.59,72.86,57500,66.06
2008-01-22,70.86,73.22,66.05,71.99,50300,65.27
2008-01-18,75.02,75.48,70.26,73.82,17200,66.93
2008-01-17,78.40,80.63,71.69,72.50,35300,65.73
2008-01-16,86.14,86.14,78.06,80.83,28100,73.28
2008-01-15,91.01,92.61,86.56,87.65,28500,79.47
2008-01-14,88.00,93.50,88.00,93.20,34900,84.50
2008-01-11,89.68,89.68,86.04,86.91,15400,78.79
2008-01-10,84.65,89.88,83.95,88.61,17800,80.34
2008-01-09,84.86,86.60,80.98,85.92,68200,77.90
2008-01-08,89.88,91.25,85.23,85.23,23100,77.27
2008-01-07,90.50,91.39,85.27,86.76,13500,78.66
2008-01-04,92.25,92.99,90.38,90.46,28900,82.01
2008-01-03,96.09,97.39,95.00,96.15,14400,87.17
2008-01-02,96.55,96.56,93.00,94.29,34300,85.49
2007-12-31,96.09,96.79,95.00,95.00,7600,86.13
2007-12-28,98.49,99.10,96.65,97.43,25100,88.33
2007-12-27,99.61,99.78,97.29,97.75,9900,88.62
2007-12-26,99.18,100.47,98.57,100.25,11000,90.89
2007-12-24,98.96,100.00,98.54,99.00,20700,89.76
2007-12-21,95.50,97.52,95.16,97.52,47200,88.41
2007-12-20,90.30,92.45,88.78,92.43,14400,83.80
2007-12-19,97.27,97.27,94.60,95.73,10400,81.36
2007-12-18,95.43,95.76,91.40,94.93,31000,80.68
2007-12-17,97.42,97.79,92.99,93.39,39800,79.38
2007-12-14,100.35,101.95,98.68,99.54,11600,84.60
2007-12-13,101.80,102.70,100.00,102.43,16800,87.06
2007-12-12,103.60,103.60,98.90,101.59,40500,86.35
2007-12-11,109.17,109.17,98.05,98.98,95400,84.13
2007-12-10,104.85,107.00,104.80,106.62,22900,90.62
2007-12-07,102.68,104.35,102.21,103.73,16300,88.16
2007-12-06,99.60,102.48,99.60,102.48,15900,87.10
2007-12-05,96.36,98.16,96.36,98.16,8100,83.43
2007-12-04,94.53,95.20,94.53,94.74,8000,80.52
2007-12-03,95.85,97.10,95.32,95.92,13400,81.53
2007-11-30,97.30,97.43,94.55,95.55,21300,81.21
2007-11-29,93.35,96.46,92.88,94.72,16300,80.51
2007-11-28,87.50,93.85,87.49,93.09,30900,79.12
2007-11-27,85.50,86.41,82.99,85.30,12600,72.50
2007-11-26,87.62,89.65,83.25,83.25,37200,70.76
2007-11-23,85.73,86.64,84.48,85.69,7100,72.83
2007-11-21,84.23,85.36,82.26,83.69,13100,71.13
2007-11-20,85.84,88.27,84.19,86.48,22300,73.50
2007-11-19,89.17,89.17,83.58,84.03,26400,71.42
2007-11-16,87.98,90.66,87.98,90.44,4000,76.87
2007-11-15,91.92,92.19,87.30,89.10,8000,75.73
2007-11-14,97.40,97.40,93.67,93.67,6500,79.61
2007-11-13,87.83,93.24,87.83,93.13,19700,79.15
2007-11-12,88.63,95.80,88.45,88.68,23100,75.37
2007-11-09,97.88,100.12,95.50,97.25,30500,82.66
2007-11-08,101.13,103.20,97.18,101.42,42500,86.20
2007-11-07,103.80,104.24,98.78,99.40,14500,84.48
2007-11-06,102.77,105.00,101.21,105.00,21200,89.24
2007-11-05,99.70,100.73,98.17,100.73,23600,85.61
2007-11-02,100.70,102.63,97.97,102.00,35300,86.69
2007-11-01,103.44,104.79,100.07,100.70,72000,85.59
2007-10-31,104.94,108.27,103.00,108.00,19100,91.79
2007-10-30,105.86,105.86,102.85,102.86,22200,87.42
2007-10-29,107.94,110.00,106.85,108.22,11400,91.98
2007-10-26,104.45,106.70,104.22,106.00,13000,90.09
2007-10-25,99.98,102.03,99.98,101.93,5400,86.63
2007-10-24,97.69,100.20,97.41,100.20,4300,85.16
2007-10-23,98.50,99.18,96.36,99.12,19700,84.25
2007-10-22,94.67,96.00,92.95,95.67,14500,81.31
2007-10-19,100.58,101.04,96.84,97.07,11200,82.50
2007-10-18,98.99,102.26,98.76,101.66,5700,86.40
2007-10-17,101.47,101.47,97.36,98.87,16900,84.03
2007-10-16,99.83,100.26,99.30,99.58,7400,84.64
2007-10-15,105.16,105.27,101.00,102.11,10500,86.79
2007-10-12,101.30,103.55,101.04,103.49,5600,87.96
2007-10-11,105.10,106.53,99.77,101.82,18500,86.54
2007-10-10,102.25,103.64,101.54,102.50,20800,87.12
2007-10-09,99.50,102.84,99.50,102.84,13300,87.41
2007-10-08,98.65,99.02,97.63,98.73,5300,83.91
2007-10-05,98.25,100.32,97.76,99.44,47900,84.52
2007-10-04,95.55,96.19,94.33,96.19,8800,81.76
2007-10-03,97.82,97.82,95.28,95.60,16800,81.25
2007-10-02,99.26,99.26,96.94,98.49,15100,83.71
2007-10-01,98.30,100.23,98.01,99.77,9200,84.80
2007-09-28,98.75,98.78,96.25,96.89,24800,82.35
2007-09-27,97.98,98.09,97.16,98.09,6700,83.37
2007-09-26,96.65,96.65,94.82,96.40,15900,81.93
2007-09-25,92.38,94.00,92.20,93.81,7700,79.73
2007-09-24,95.70,96.24,93.78,94.34,40700,80.01
2007-09-21,95.50,95.60,94.52,94.73,8500,80.34
2007-09-20,93.80,95.12,93.44,93.80,18200,79.55
2007-09-19,96.28,96.61,92.96,93.90,28500,79.63
2007-09-18,85.31,91.40,85.31,90.99,20500,77.16
2007-09-17,85.69,86.89,84.67,84.85,8300,71.96
2007-09-14,84.28,85.31,84.28,85.31,18600,72.35
2007-09-13,83.10,84.82,82.55,83.53,4400,70.84
2007-09-12,82.00,82.55,81.30,81.30,20900,68.95
2007-09-11,80.48,82.25,80.47,81.90,12400,69.46
2007-09-10,81.70,82.10,78.02,80.33,12700,68.12
2007-09-07,82.18,83.35,80.60,81.73,23300,69.31
2007-09-06,84.45,85.50,83.23,85.25,4200,72.30
2007-09-05,83.50,83.59,82.15,83.00,10200,70.39
2007-09-04,82.43,85.30,82.43,84.47,6400,71.64
2007-08-31,82.70,83.92,81.85,82.54,17900,70.00
2007-08-30,79.95,81.18,79.30,79.30,4400,67.25
2007-08-29,78.72,80.66,77.66,80.30,7100,68.10
2007-08-28,80.00,80.00,76.49,76.60,16100,64.96
2007-08-27,82.10,82.91,80.98,81.50,22300,69.12
2007-08-24,79.53,82.76,79.35,82.43,10300,69.91
2007-08-23,82.10,82.10,78.16,79.41,27700,67.34
2007-08-22,78.90,80.61,78.50,80.58,22400,68.34
2007-08-21,75.65,76.52,75.18,75.69,7100,64.19
2007-08-20,68.96,75.55,68.96,74.82,11600,63.45
2007-08-17,73.18,73.50,60.00,72.76,23000,61.70
2007-08-16,68.50,70.00,63.12,69.96,54700,59.33
2007-08-15,74.43,76.71,71.38,71.38,15600,60.53
2007-08-14,79.55,79.64,76.50,76.50,6700,64.88
2007-08-13,82.15,82.15,80.29,80.29,18000,68.09
2007-08-10,76.84,81.75,73.80,80.80,25100,68.52
2007-08-09,82.08,83.50,80.73,80.73,10400,68.46
2007-08-08,84.20,86.37,83.67,85.17,54300,72.23
2007-08-07,79.53,81.79,79.53,81.54,13400,69.15
2007-08-06,79.66,80.54,76.39,80.12,21500,67.95
2007-08-03,83.34,83.34,79.59,80.22,12200,68.03
2007-08-02,85.50,85.50,83.30,84.27,4300,71.47
2007-08-01,82.75,85.10,81.08,85.06,36800,72.14
2007-07-31,87.75,89.27,84.57,84.57,43900,71.72
2007-07-30,82.13,86.15,82.13,85.53,26800,72.53
2007-07-27,84.15,86.34,81.85,82.16,28000,69.68
2007-07-26,87.78,88.93,82.43,85.61,68400,72.60
2007-07-25,95.30,95.54,89.30,92.58,28300,78.51
2007-07-24,96.58,97.62,93.45,94.26,27500,79.94
2007-07-23,99.68,100.00,98.43,99.25,8300,84.17
2007-07-20,100.60,100.75,97.60,99.10,25000,84.04
2007-07-19,101.98,102.11,100.94,101.64,11900,86.20
2007-07-18,99.00,101.31,98.96,101.31,7900,85.92
2007-07-17,101.36,101.60,100.31,100.59,4900,85.31
2007-07-16,100.71,101.10,98.86,99.30,20500,84.21
2007-07-13,99.12,101.22,99.12,101.07,11600,85.71
2007-07-12,97.55,98.34,97.11,98.17,22000,83.25
2007-07-11,93.66,94.22,93.20,94.18,6100,79.87
2007-07-10,93.35,94.56,92.33,92.40,14300,78.36
2007-07-09,96.09,96.09,94.48,95.59,7600,81.07
2007-07-06,93.28,94.85,93.28,94.47,5600,80.12
2007-07-05,93.35,93.37,92.03,93.20,7000,79.04
2007-07-03,92.84,93.08,92.50,92.53,6500,78.47
2007-07-02,91.73,92.25,91.15,92.12,8200,78.12
2007-06-29,90.02,90.81,89.05,89.05,3300,75.52
2007-06-28,88.57,89.03,88.11,88.49,4200,75.04
2007-06-27,84.00,87.21,83.56,87.20,7200,73.95
2007-06-26,89.75,89.75,85.39,86.40,8200,73.27
2007-06-25,90.88,91.39,88.85,89.06,5100,75.08
2007-06-22,91.79,92.00,90.58,91.16,1700,76.85
2007-06-21,89.64,92.00,89.06,91.80,7100,77.39
2007-06-20,93.79,93.93,91.00,91.00,4300,76.72
2007-06-19,91.52,93.20,91.00,93.12,8400,78.50
2007-06-18,94.25,94.25,91.89,91.90,15500,77.48
2007-06-15,93.00,93.48,92.18,92.52,6600,78.00
2007-06-14,90.56,91.18,90.31,90.57,5500,76.35
2007-06-13,86.75,90.39,86.29,89.28,4200,75.27
2007-06-12,87.01,87.65,85.28,85.28,3400,71.90
2007-06-11,87.25,88.20,87.00,87.47,2900,73.74
2007-06-08,84.87,88.41,84.74,88.41,5700,74.53
2007-06-07,89.57,89.57,85.90,85.94,7500,72.45
2007-06-06,91.23,91.23,84.02,89.90,16700,75.79
2007-06-05,92.78,92.95,91.83,92.41,1500,77.91
2007-06-04,93.00,93.25,92.46,93.25,9800,78.61
2007-06-01,93.18,93.55,92.54,93.26,6700,78.62
2007-05-31,92.00,92.28,90.82,91.41,10500,77.06
2007-05-30,89.18,90.54,88.86,90.54,6500,76.33
2007-05-29,88.80,89.14,87.63,87.63,3600,73.88
2007-05-25,87.37,88.00,87.37,88.00,900,74.19
2007-05-24,88.88,88.89,84.34,86.02,8600,72.52
2007-05-23,89.58,90.36,88.87,88.87,11200,74.92
2007-05-22,89.41,89.48,88.63,88.63,900,74.72
2007-05-21,89.32,90.10,88.92,89.25,12800,75.24
2007-05-18,88.41,88.84,88.13,88.72,6300,74.80
2007-05-17,86.19,87.61,86.18,87.61,2000,73.86
2007-05-16,86.75,87.10,85.90,87.10,3800,73.43
2007-05-15,87.75,88.32,86.48,86.53,2500,72.95
2007-05-14,87.91,87.91,85.77,86.15,6700,72.63
2007-05-11,86.20,87.30,86.20,87.30,8800,73.60
2007-05-10,86.15,86.71,84.34,84.69,1800,71.40
2007-05-09,87.00,87.82,86.98,87.82,2900,74.04
2007-05-08,85.62,85.62,84.78,85.07,600,71.72
2007-05-07,86.31,86.51,85.57,85.92,4400,72.43
2007-05-04,84.58,84.58,83.30,83.92,9000,70.75
2007-05-03,83.03,83.64,82.77,83.50,1200,70.39
2007-05-02,80.72,82.42,80.47,82.00,3600,69.13
2007-05-01,80.00,80.00,78.86,79.37,2700,66.91
2007-04-30,82.76,82.91,80.59,81.59,2100,68.78
2007-04-27,83.00,83.67,82.61,83.67,1100,70.54
2007-04-26,83.80,84.07,83.00,84.07,5700,70.88
2007-04-25,83.78,84.76,83.54,84.60,1100,71.32
2007-04-24,82.35,82.35,81.76,81.76,2200,68.93
2007-04-23,83.16,83.30,82.94,82.94,600,69.92
2007-04-20,82.41,82.41,81.81,82.02,2100,69.15
2007-04-19,79.60,80.42,79.51,80.42,700,67.80
2007-04-18,81.80,81.80,81.80,81.80,100,68.96
