Date,Open,High,Low,Close,Volume,Adj Close
2012-05-04,18.44,18.65,17.41,17.60,822400,17.60
2012-05-03,16.64,17.06,16.63,16.77,190000,16.77
2012-05-02,16.45,16.66,16.45,16.59,85000,16.59
2012-05-01,16.55,16.66,16.46,16.53,22400,16.53
2012-04-30,16.51,16.57,16.40,16.48,21000,16.48
2012-04-27,16.49,16.63,16.48,16.56,57600,16.56
2012-04-26,16.38,16.70,16.38,16.40,589200,16.40
2012-04-25,16.15,16.53,16.15,16.43,372000,16.43
2012-04-24,15.68,16.14,15.68,16.10,22400,16.10
2012-04-23,15.35,15.75,15.23,15.70,31700,15.70
2012-04-20,16.10,16.19,15.85,15.85,24800,15.85
2012-04-19,16.35,16.38,15.80,16.09,80900,16.09
2012-04-18,16.51,16.54,16.25,16.25,33000,16.25
2012-04-17,16.62,16.65,16.36,16.64,21400,16.64
2012-04-16,16.77,16.77,16.54,16.60,42000,16.60
2012-04-13,16.68,16.74,16.65,16.70,3100,16.70
2012-04-12,16.66,16.94,16.65,16.70,35800,16.70
2012-04-11,16.53,16.76,16.50,16.71,46200,16.71
2012-04-10,16.47,16.57,16.23,16.43,42500,16.43
2012-04-09,16.70,16.79,16.56,16.59,48900,16.59
2012-04-05,16.61,16.76,16.60,16.70,1524400,16.70
2012-04-04,16.85,16.89,16.56,16.68,59900,16.68
2012-04-03,16.61,16.97,16.61,16.88,121000,16.88
2012-04-02,16.23,16.79,16.23,16.50,52500,16.50
2012-03-30,16.31,16.40,16.16,16.16,5100,16.16
2012-03-29,16.39,16.44,16.23,16.30,191000,16.30
2012-03-28,16.59,16.59,16.41,16.47,327600,16.47
2012-03-27,16.30,16.51,16.27,16.51,17400,16.51
2012-03-26,16.27,16.42,16.21,16.33,16300,16.33
2012-03-23,16.29,16.35,16.27,16.27,3500,16.27
2012-03-22,16.09,16.40,16.09,16.20,41100,16.20
2012-03-21,16.42,16.44,16.18,16.30,72200,16.30
2012-03-20,16.25,16.32,16.13,16.27,24000,16.27
2012-03-19,16.40,16.46,16.29,16.32,239000,16.32
2012-03-16,16.10,16.25,15.90,16.21,210400,16.21
2012-03-15,15.85,15.94,15.84,15.87,37400,15.87
2012-03-14,16.00,16.10,15.85,15.86,41800,15.86
2012-03-13,16.09,16.30,15.97,16.00,82300,16.00
2012-03-12,16.06,16.07,15.95,15.99,32200,15.99
2012-03-09,15.82,16.07,15.82,16.00,272200,16.00
2012-03-08,15.70,15.96,15.70,15.89,260600,15.89
2012-03-07,15.31,15.71,15.31,15.71,71100,15.71
2012-03-06,15.46,15.48,14.11,15.34,105100,15.34
2012-03-05,15.75,15.78,15.46,15.53,16800,15.53
2012-03-02,15.79,16.02,15.79,15.84,8600,15.84
2012-03-01,15.95,16.15,15.82,15.82,45000,15.82
2012-02-29,15.90,16.09,15.82,15.93,20200,15.93
2012-02-28,15.65,16.15,15.63,15.90,32200,15.90
2012-02-27,15.35,15.78,15.23,15.73,77800,15.73
2012-02-24,15.44,15.75,15.31,15.31,142600,15.31
2012-02-23,15.31,15.61,15.29,15.45,77400,15.45
2012-02-22,15.44,15.52,15.17,15.25,50700,15.25
2012-02-21,15.04,15.45,15.04,15.37,62800,15.37
2012-02-17,14.90,15.19,14.90,15.00,38900,15.00
2012-02-16,14.70,14.97,14.62,14.92,42900,14.92
2012-02-15,15.19,15.19,14.80,14.80,38600,14.80
2012-02-14,14.91,14.93,14.80,14.85,11300,14.85
2012-02-13,15.13,15.21,14.85,15.05,39000,15.05
2012-02-10,15.32,15.32,14.85,15.09,67700,15.09
2012-02-09,15.61,15.68,15.29,15.36,43800,15.36
2012-02-08,15.68,15.75,15.46,15.49,122100,15.49
2012-02-07,15.70,15.83,15.60,15.69,25900,15.69
2012-02-06,15.55,15.93,15.55,15.77,82400,15.77
2012-02-03,15.74,15.95,15.57,15.69,157400,15.69
2012-02-02,15.60,15.70,15.36,15.70,41800,15.70
2012-02-01,15.15,15.75,15.10,15.58,89300,15.58
2012-01-31,15.14,15.18,15.00,15.11,63900,15.11
2012-01-30,15.21,15.22,15.00,15.16,29600,15.16
2012-01-27,14.86,15.53,14.86,15.40,46400,15.40
2012-01-26,15.03,15.18,14.94,15.06,69900,15.06
2012-01-25,14.70,15.03,14.68,14.81,19200,14.81
2012-01-24,15.10,15.11,14.64,14.85,47500,14.85
2012-01-23,15.02,15.25,15.00,15.09,17200,15.09
2012-01-20,15.13,15.22,15.04,15.19,6200,15.19
2012-01-19,15.13,15.50,14.70,14.70,436000,14.70
2012-01-18,14.77,15.06,14.75,15.03,38400,15.03
2012-01-17,15.00,15.13,14.94,15.00,277300,15.00
2012-01-13,14.48,15.00,14.48,14.85,76500,14.85
2012-01-12,14.00,14.65,13.81,14.52,171900,14.52
2012-01-11,13.40,13.73,13.40,13.73,8900,13.73
2012-01-10,13.10,13.67,13.10,13.47,42500,13.47
2012-01-09,12.13,13.14,12.06,13.13,66700,13.13
2012-01-06,11.82,12.27,11.82,12.18,17200,12.18
2012-01-05,11.61,12.00,11.61,11.90,9500,11.90
2012-01-04,11.40,11.70,11.37,11.62,6000,11.62
2012-01-03,11.35,11.53,11.35,11.53,13900,11.53
2011-12-30,11.23,11.32,11.14,11.20,27400,11.20
2011-12-29,11.22,11.44,11.22,11.35,27300,11.35
2011-12-28,11.34,11.48,11.23,11.36,81600,11.36
2011-12-27,11.27,11.57,11.03,11.41,32000,11.41
2011-12-23,11.45,11.50,11.33,11.45,37800,11.45
2011-12-22,11.35,11.56,11.22,11.45,41800,11.45
2011-12-21,11.37,11.42,11.22,11.38,27700,11.38
2011-12-20,10.92,11.32,10.91,11.25,29800,11.25
2011-12-19,11.15,11.27,11.03,11.15,27500,11.15
2011-12-16,11.35,11.41,11.10,11.38,15600,11.38
2011-12-15,11.37,11.54,11.28,11.35,41800,11.35
2011-12-14,11.08,11.38,11.01,11.32,19700,11.32
2011-12-13,11.18,11.37,11.13,11.25,65600,11.25
2011-12-12,11.29,11.46,11.08,11.17,22000,11.17
2011-12-09,11.41,11.70,11.41,11.70,29200,11.70
2011-12-08,11.60,11.60,11.30,11.43,29800,11.43
2011-12-07,11.83,11.84,11.42,11.84,36300,11.84
2011-12-06,11.93,12.01,11.87,12.00,65400,12.00
2011-12-05,11.85,12.12,11.78,12.00,58200,12.00
2011-12-02,11.49,11.85,11.49,11.79,25300,11.79
2011-12-01,11.50,11.73,11.49,11.58,8400,11.58
2011-11-30,11.29,11.69,11.10,11.69,38900,11.69
2011-11-29,11.01,11.32,10.84,10.96,31400,10.96
2011-11-28,11.31,11.31,11.16,11.16,45500,11.16
2011-11-25,11.20,11.20,10.86,10.89,8600,10.89
2011-11-23,11.70,11.70,11.05,11.18,18900,11.18
2011-11-22,12.00,12.00,11.72,11.92,3200,11.92
2011-11-21,12.22,12.22,11.85,12.10,23900,12.10
2011-11-18,12.37,12.65,12.37,12.61,19000,12.61
2011-11-17,12.47,12.47,12.19,12.27,21100,12.27
2011-11-16,12.49,12.86,12.43,12.69,7100,12.69
2011-11-15,12.64,12.88,12.61,12.61,16500,12.61
2011-11-14,11.96,13.16,11.96,12.76,120100,12.76
2011-11-11,11.84,12.52,11.84,12.48,19200,12.48
2011-11-10,12.50,12.50,11.76,11.76,26000,11.76
2011-11-09,12.70,12.74,12.43,12.44,5600,12.44
2011-11-08,13.01,13.04,12.93,13.03,26100,13.03
2011-11-07,13.10,13.11,12.98,12.98,10500,12.98
2011-11-04,12.76,13.37,12.71,13.25,10700,13.25
2011-11-03,12.61,12.97,12.50,12.87,17400,12.87
2011-11-02,12.80,12.81,12.51,12.70,14200,12.70
2011-11-01,12.65,12.80,12.10,12.72,16700,12.72
2011-10-31,13.42,13.42,13.04,13.06,21600,13.06
2011-10-28,13.68,13.86,13.59,13.74,23100,13.74
2011-10-27,13.18,14.20,12.93,13.87,58600,13.87
2011-10-26,12.20,12.70,12.17,12.66,35200,12.66
2011-10-25,11.50,12.19,11.50,12.10,33800,12.10
2011-10-24,11.95,12.07,11.80,11.89,117700,11.89
2011-10-21,10.99,11.99,10.86,11.90,30100,11.90
2011-10-20,11.06,11.10,10.98,11.08,20700,11.08
2011-10-19,11.10,11.30,11.10,11.11,8700,11.11
2011-10-18,10.98,11.27,10.79,11.19,30700,11.19
2011-10-17,11.03,11.30,10.94,11.14,25700,11.14
2011-10-14,11.17,11.32,11.00,11.18,32700,11.18
2011-10-13,11.40,11.46,11.08,11.25,23200,11.25
2011-10-12,11.53,11.60,11.50,11.57,71600,11.57
2011-10-11,11.40,11.48,11.24,11.46,6200,11.46
2011-10-10,11.50,11.67,11.50,11.58,6900,11.58
2011-10-07,11.39,11.55,11.08,11.35,473900,11.35
2011-10-06,10.44,11.51,10.37,11.33,44000,11.33
2011-10-05,10.23,10.52,10.01,10.40,15600,10.40
2011-10-04,9.95,10.22,9.60,10.22,37200,10.22
2011-10-03,10.50,10.69,10.11,10.20,181800,10.20
2011-09-30,10.88,10.90,10.58,10.61,73600,10.61
2011-09-29,10.87,11.26,10.83,10.94,42600,10.94
2011-09-28,10.91,11.29,10.76,10.87,19900,10.87
2011-09-27,10.47,11.12,10.47,11.00,45200,11.00
2011-09-26,10.30,10.46,10.25,10.44,25700,10.44
2011-09-23,9.96,10.21,9.95,10.12,241700,10.12
2011-09-22,10.76,10.76,9.95,10.11,44600,10.11
2011-09-21,11.30,11.95,10.91,11.12,123000,11.12
2011-09-20,10.70,11.50,10.61,11.38,60400,11.38
2011-09-19,10.86,11.29,10.73,10.73,45700,10.73
2011-09-16,11.67,11.74,11.41,11.59,15100,11.59
2011-09-15,11.49,11.69,10.75,11.62,48300,11.62
2011-09-14,11.52,11.53,10.88,11.35,41200,11.35
2011-09-13,11.65,11.91,11.43,11.43,42700,11.43
2011-09-12,11.86,12.04,11.69,11.84,127200,11.84
2011-09-09,12.15,12.27,11.94,12.26,63300,12.26
2011-09-08,12.39,12.69,12.14,12.35,24700,12.35
2011-09-07,12.69,12.85,12.29,12.43,27700,12.43
2011-09-06,12.58,12.69,12.28,12.58,12600,12.58
2011-09-02,13.50,13.50,12.98,13.20,4900,13.20
2011-09-01,13.66,13.90,13.55,13.73,22500,13.73
2011-08-31,13.65,13.88,13.30,13.41,13800,13.41
2011-08-30,12.35,13.19,12.18,13.15,38600,13.15
2011-08-29,11.56,12.50,11.51,12.50,29200,12.50
2011-08-26,10.88,11.36,10.88,11.21,21000,11.21
2011-08-25,11.32,11.65,11.12,11.13,75300,11.13
2011-08-24,11.56,11.83,11.27,11.27,24900,11.27
2011-08-23,11.62,11.62,11.11,11.43,25300,11.43
2011-08-22,12.61,12.61,11.59,11.61,63300,11.61
2011-08-19,12.76,12.92,11.57,12.35,36100,12.35
2011-08-18,13.59,13.59,12.55,13.13,36500,13.13
2011-08-17,14.00,14.50,13.80,13.98,99800,13.98
2011-08-16,13.68,14.28,13.31,13.98,192000,13.98
2011-08-15,13.55,14.67,13.55,13.80,96700,13.80
2011-08-12,12.97,14.35,12.58,13.51,27900,13.51
2011-08-11,12.75,13.24,12.40,12.56,28500,12.56
2011-08-10,12.54,12.98,11.78,12.27,86300,12.27
2011-08-09,11.55,12.99,10.89,12.98,147500,12.98
2011-08-08,10.00,12.50,10.00,12.04,253500,12.04
2011-08-05,13.95,13.96,13.00,13.50,170500,13.50
2011-08-04,15.20,15.20,13.79,13.91,169600,13.91
2011-08-03,15.27,16.13,14.22,15.41,59100,15.41
2011-08-02,15.43,15.58,15.30,15.30,37800,15.30
2011-08-01,15.74,15.75,15.45,15.60,24200,15.60
2011-07-29,15.47,15.65,15.40,15.60,21200,15.60
2011-07-28,15.60,15.68,15.40,15.66,9100,15.66
2011-07-27,15.60,15.70,15.50,15.68,28400,15.68
2011-07-26,15.74,15.80,15.61,15.70,28900,15.70
2011-07-25,15.72,16.03,15.72,15.91,29000,15.91
2011-07-22,15.86,16.16,15.86,16.15,63100,16.15
2011-07-21,15.01,15.90,14.94,15.85,153700,15.85
2011-07-20,14.85,15.24,14.57,14.72,57900,14.72
2011-07-19,14.35,14.89,14.00,14.58,176800,14.58
2011-07-18,16.10,16.10,14.08,14.35,135900,14.35
2011-07-15,16.08,16.28,16.08,16.24,22000,16.24
2011-07-14,16.33,16.33,15.92,16.22,26200,16.22
2011-07-13,16.28,16.53,16.28,16.35,28400,16.35
2011-07-12,16.21,16.34,16.10,16.27,17200,16.27
2011-07-11,16.57,16.65,16.40,16.41,25400,16.41
2011-07-08,17.02,17.02,16.80,16.81,17100,16.81
2011-07-07,17.00,17.11,16.93,17.10,51400,17.10
2011-07-06,17.29,17.29,16.88,17.01,26500,17.01
2011-07-05,17.36,17.42,17.19,17.30,28000,17.30
2011-07-01,17.11,17.51,17.11,17.39,10900,17.39
2011-06-30,17.06,17.19,17.03,17.07,18500,17.07
2011-06-29,16.73,16.95,16.57,16.90,18100,16.90
2011-06-28,16.59,16.68,16.58,16.62,20100,16.62
2011-06-27,16.40,16.61,16.40,16.60,52400,16.60
2011-06-24,16.68,16.79,16.50,16.50,16200,16.50
2011-06-23,17.00,17.00,16.53,16.75,36800,16.75
2011-06-22,17.11,17.27,17.00,17.00,90400,17.00
2011-06-21,16.98,17.20,16.98,17.15,26800,17.15
2011-06-20,16.93,17.14,16.93,16.95,301200,16.95
2011-06-17,17.06,17.16,16.84,17.16,93500,17.16
2011-06-16,17.17,17.17,16.73,16.99,72600,16.99
2011-06-15,17.69,17.69,17.15,17.25,104000,17.25
2011-06-14,17.48,17.79,17.42,17.75,58000,17.75
2011-06-13,17.74,17.74,17.39,17.44,13000,17.44
2011-06-10,17.77,17.81,17.62,17.78,56400,17.78
2011-06-09,17.80,17.92,17.66,17.85,185300,17.85
2011-06-08,17.67,17.86,17.53,17.85,702000,17.85
2011-06-07,17.72,17.78,17.70,17.75,13400,17.75
2011-06-06,17.75,17.81,17.65,17.75,45400,17.75
2011-06-03,17.90,17.92,17.78,17.79,37000,17.79
2011-06-02,18.00,18.14,17.92,18.02,43100,18.02
2011-06-01,18.14,18.14,18.00,18.05,27200,18.05
2011-05-31,18.03,18.22,18.03,18.20,29100,18.20
2011-05-27,18.23,18.23,18.02,18.09,37300,18.09
2011-05-26,18.20,18.30,18.12,18.17,33600,18.17
2011-05-25,18.13,18.39,18.13,18.29,163500,18.29
2011-05-24,18.37,18.47,18.18,18.27,63100,18.27
2011-05-23,18.57,18.68,18.42,18.42,57700,18.42
2011-05-20,18.77,18.81,18.65,18.71,75200,18.71
2011-05-19,18.77,18.82,18.62,18.81,197300,18.81
2011-05-18,18.70,18.82,18.66,18.82,191200,18.82
2011-05-17,18.61,18.75,18.61,18.65,33100,18.65
2011-05-16,18.49,18.63,18.46,18.60,30600,18.60
2011-05-13,18.45,18.56,18.43,18.54,45000,18.54
2011-05-12,18.31,18.50,18.31,18.43,46000,18.43
2011-05-11,18.07,18.35,18.07,18.35,26500,18.35
2011-05-10,18.02,18.19,18.00,18.11,17300,18.11
2011-05-09,17.96,18.13,17.93,18.05,23000,18.05
2011-05-06,18.01,18.19,17.98,17.99,59300,17.99
2011-05-05,18.01,18.06,17.96,18.00,19600,18.00
2011-05-04,17.98,18.11,17.95,18.10,50000,18.10
2011-05-03,18.01,18.05,17.95,18.02,24000,18.02
2011-05-02,17.99,18.06,17.97,18.04,33000,18.04
2011-04-29,17.96,18.11,17.94,18.02,21000,18.02
2011-04-28,17.94,18.05,17.91,18.00,103100,18.00
2011-04-27,17.97,18.01,17.95,18.00,27900,18.00
2011-04-26,17.82,18.03,17.82,17.96,102600,17.96
2011-04-25,17.90,17.95,17.78,17.88,36900,17.88
2011-04-21,17.97,18.05,17.81,17.96,46900,17.96
2011-04-20,17.66,18.00,17.57,18.00,83600,18.00
2011-04-19,17.59,17.66,17.54,17.64,16800,17.64
2011-04-18,17.86,17.86,17.58,17.65,44800,17.65
2011-04-15,17.93,18.00,17.86,18.00,48200,18.00
2011-04-14,17.85,18.00,17.80,18.00,63300,18.00
2011-04-13,18.09,18.09,17.83,17.97,70400,17.97
2011-04-12,18.28,18.34,18.02,18.15,60800,18.15
2011-04-11,18.80,18.80,18.34,18.39,55200,18.39
2011-04-08,18.29,18.74,18.20,18.74,91900,18.74
2011-04-07,17.58,18.31,17.58,18.15,490500,18.15
2011-04-06,17.44,17.83,17.44,17.65,39300,17.65
2011-04-05,17.24,17.46,17.24,17.45,28300,17.45
2011-04-04,17.24,17.31,17.13,17.24,26600,17.24
2011-04-01,17.01,17.15,16.99,17.14,11800,17.14
2011-03-31,16.87,17.01,16.87,17.01,25800,17.01
2011-03-30,16.93,17.00,16.81,16.91,21000,16.91
2011-03-29,16.80,17.06,16.80,16.95,66800,16.95
2011-03-28,16.82,16.95,16.77,16.83,15100,16.83
2011-03-25,16.93,16.93,16.80,16.86,10100,16.86
2011-03-24,16.82,16.98,16.62,16.97,23200,16.97
2011-03-23,17.09,17.09,16.72,16.81,9100,16.81
2011-03-22,16.76,17.15,16.76,17.15,21800,17.15
2011-03-21,16.69,16.77,16.56,16.75,27400,16.75
2011-03-18,16.44,16.67,16.44,16.64,12000,16.64
2011-03-17,16.21,16.45,16.21,16.29,17200,16.29
2011-03-16,16.50,16.50,16.04,16.23,16300,16.23
2011-03-15,16.59,16.59,16.20,16.50,27700,16.50
2011-03-14,16.53,16.84,16.53,16.71,24600,16.71
2011-03-11,16.72,16.73,16.51,16.68,18500,16.68
2011-03-10,16.94,17.01,16.77,16.85,17500,16.85
2011-03-09,17.05,17.09,17.01,17.08,9200,17.08
2011-03-08,17.20,17.23,17.06,17.12,25300,17.12
2011-03-07,17.33,17.34,16.95,17.25,9000,17.25
2011-03-04,17.43,17.50,17.20,17.34,18000,17.34
2011-03-03,17.48,17.62,17.47,17.50,15900,17.50
2011-03-02,17.55,17.67,17.25,17.42,12700,17.42
2011-03-01,17.49,17.79,17.30,17.64,52600,17.64
2011-02-28,16.98,17.74,16.89,17.56,58500,17.56
2011-02-25,17.17,17.17,16.85,16.96,17700,16.96
2011-02-24,17.31,17.37,16.92,17.17,58500,17.17
2011-02-23,17.30,17.40,17.13,17.38,22200,17.38
2011-02-22,17.01,17.58,17.01,17.35,26300,17.35
2011-02-18,17.72,17.80,17.29,17.45,32300,17.45
2011-02-17,17.18,17.90,17.18,17.80,66200,17.80
2011-02-16,16.53,17.23,16.53,17.15,390300,17.15
2011-02-15,16.19,17.00,16.09,16.54,290100,16.54
2011-02-14,16.30,16.30,16.25,16.25,29100,16.25
2011-02-11,16.20,16.47,16.20,16.23,68700,16.23
2011-02-10,16.24,16.35,16.20,16.20,98100,16.20
2011-02-09,16.15,16.27,16.15,16.23,8800,16.23
2011-02-08,16.07,16.37,16.06,16.23,77400,16.23
2011-02-07,16.17,16.25,16.17,16.20,19800,16.20
2011-02-04,16.25,16.32,16.12,16.16,22300,16.16
2011-02-03,16.28,16.35,15.82,16.23,22900,16.23
2011-02-02,16.41,16.41,16.27,16.36,14800,16.36
2011-02-01,15.92,16.54,15.92,16.31,49300,16.31
2011-01-31,15.87,15.95,15.87,15.91,41900,15.91
2011-01-28,15.90,15.93,15.59,15.89,52500,15.89
2011-01-27,16.07,16.09,15.91,15.95,18600,15.95
2011-01-26,15.91,16.16,15.91,16.11,68100,16.11
2011-01-25,16.05,16.10,15.82,16.01,18900,16.01
2011-01-24,15.83,16.09,15.80,16.09,124600,16.09
2011-01-21,15.65,15.93,15.58,15.93,107600,15.93
2011-01-20,15.57,15.61,15.41,15.55,12400,15.55
2011-01-19,15.63,15.68,15.57,15.65,13400,15.65
2011-01-18,15.51,15.61,15.48,15.61,40100,15.61
2011-01-14,15.46,15.49,15.39,15.40,26000,15.40
2011-01-13,15.43,15.63,15.40,15.45,14600,15.45
2011-01-12,15.13,15.45,15.13,15.45,36600,15.45
2011-01-11,15.09,15.18,15.06,15.16,9600,15.16
2011-01-10,14.90,15.16,14.79,15.15,71000,15.15
2011-01-07,14.90,15.16,14.81,15.15,52000,15.15
2011-01-06,15.07,15.10,14.86,15.09,34400,15.09
2011-01-05,15.25,15.25,15.07,15.15,35900,15.15
2011-01-04,14.98,15.26,14.90,15.26,30600,15.26
2011-01-03,14.58,15.00,14.58,14.99,99100,14.99
2010-12-31,14.70,14.70,14.55,14.55,29700,14.55
2010-12-30,14.80,14.87,14.75,14.79,20300,14.79
2010-12-29,14.86,15.04,14.83,14.87,37500,14.87
2010-12-28,14.92,15.03,14.75,14.96,50400,14.96
2010-12-27,15.15,15.20,15.07,15.11,24300,15.11
2010-12-23,15.12,15.31,15.12,15.30,34800,15.30
2010-12-22,15.39,15.45,15.25,15.25,20100,15.25
2010-12-21,15.80,15.80,15.50,15.50,50500,15.50
2010-12-20,15.80,15.84,15.67,15.84,61500,15.84
2010-12-17,15.91,15.93,15.80,15.87,88800,15.87
2010-12-16,16.00,16.04,15.95,15.99,35900,15.99
2010-12-15,15.79,16.02,15.79,16.01,37000,16.01
2010-12-14,15.65,15.93,15.65,15.87,41800,15.87
2010-12-13,15.60,15.76,15.60,15.76,29900,15.76
2010-12-10,15.59,15.74,15.42,15.73,68000,15.73
2010-12-09,15.61,15.67,15.60,15.64,32700,15.64
2010-12-08,15.64,15.68,15.53,15.65,41600,15.65
2010-12-07,15.56,15.67,15.56,15.63,35400,15.63
2010-12-06,15.23,15.63,15.23,15.49,39700,15.49
2010-12-03,15.17,15.25,15.12,15.20,66600,15.20
2010-12-02,15.03,15.23,15.03,15.19,30900,15.19
2010-12-01,14.85,15.16,14.85,15.16,18300,15.16
2010-11-30,14.62,14.70,14.50,14.70,34700,14.70
2010-11-29,14.63,14.92,14.50,14.82,66600,14.82
2010-11-26,15.05,15.07,14.81,14.83,21500,14.83
2010-11-24,15.29,15.48,15.14,15.18,22500,15.18
2010-11-23,15.28,15.29,14.95,15.23,85000,15.23
2010-11-22,15.78,15.91,15.19,15.44,70800,15.44
2010-11-19,16.05,16.08,15.90,15.97,69600,15.97
2010-11-18,15.60,15.81,15.60,15.78,20700,15.78
2010-11-17,15.37,15.59,15.37,15.55,31700,15.55
2010-11-16,15.55,15.60,15.34,15.47,43600,15.47
2010-11-15,15.63,15.70,15.55,15.56,23000,15.56
2010-11-12,15.66,16.01,15.63,15.65,101600,15.65
2010-11-11,16.05,16.10,15.31,15.72,88400,15.72
2010-11-10,16.42,16.52,16.14,16.23,24300,16.23
2010-11-09,17.02,17.02,16.52,16.68,24100,16.68
2010-11-08,17.06,17.10,16.94,16.97,74200,16.97
2010-11-05,17.05,17.14,17.05,17.06,82300,17.06
2010-11-04,17.08,17.22,17.08,17.14,18000,17.14
2010-11-03,17.05,17.14,16.95,17.10,43200,17.10
2010-11-02,16.92,17.14,16.92,17.14,19100,17.14
2010-11-01,17.05,17.19,16.85,16.86,20300,16.86
2010-10-29,17.00,17.00,16.82,16.82,58500,16.82
2010-10-28,17.16,17.24,17.04,17.06,30300,17.06
2010-10-27,17.17,17.24,17.05,17.13,21900,17.13
2010-10-26,16.95,17.35,16.83,17.16,63400,17.16
2010-10-25,17.24,17.34,17.05,17.06,37900,17.06
2010-10-22,17.25,17.25,17.09,17.15,10900,17.15
2010-10-21,17.37,17.40,17.16,17.21,28300,17.21
2010-10-20,17.33,17.40,17.25,17.29,16900,17.29
2010-10-19,17.46,17.54,17.30,17.37,63800,17.37
2010-10-18,17.47,17.69,17.25,17.58,33100,17.58
2010-10-15,17.70,17.70,17.27,17.53,16900,17.53
2010-10-14,17.38,17.88,17.38,17.73,303700,17.73
2010-10-13,17.24,17.61,17.00,17.53,512300,17.53
2010-10-12,16.90,17.15,16.82,17.09,213700,17.09
2010-10-11,16.76,17.14,16.66,16.95,80500,16.95
2010-10-08,16.27,16.84,16.27,16.81,28800,16.81
2010-10-07,16.18,16.66,16.11,16.41,151300,16.41
2010-10-06,16.00,16.27,15.97,16.20,114300,16.20
2010-10-05,15.76,16.22,15.76,16.12,220200,16.12
2010-10-04,15.57,15.83,15.50,15.82,43400,15.82
2010-10-01,15.59,15.72,15.25,15.72,43100,15.72
2010-09-30,15.76,15.79,15.50,15.51,24300,15.51
2010-09-29,15.82,16.23,15.71,15.75,61700,15.75
2010-09-28,15.55,15.73,15.39,15.65,49100,15.65
2010-09-27,15.95,15.95,15.50,15.50,31500,15.50
2010-09-24,16.16,16.17,15.83,16.00,31900,16.00
2010-09-23,16.25,16.25,15.65,16.18,35800,16.18
2010-09-22,16.35,16.42,16.10,16.38,46600,16.38
2010-09-21,16.86,16.99,16.31,16.38,71800,16.38
2010-09-20,16.80,17.05,16.39,16.83,91300,16.83
2010-09-17,15.46,16.75,15.46,16.60,44600,16.60
2010-09-16,15.15,15.70,15.15,15.56,48500,15.56
2010-09-15,15.16,15.38,15.06,15.27,419300,15.27
2010-09-14,15.10,15.38,15.00,15.24,154200,15.24
2010-09-13,14.50,15.38,14.43,15.27,306600,15.27
2010-09-10,13.56,13.80,13.53,13.68,108800,13.68
2010-09-09,13.53,13.78,13.44,13.62,29300,13.62
2010-09-08,13.65,13.66,13.42,13.47,29400,13.47
2010-09-07,13.49,13.68,13.49,13.59,74800,13.59
2010-09-03,13.63,13.65,13.34,13.65,29300,13.65
2010-09-02,13.55,13.66,13.48,13.64,24300,13.64
2010-09-01,13.21,13.58,13.16,13.58,23400,13.58
2010-08-31,13.26,13.38,13.21,13.28,36200,13.28
2010-08-30,13.13,13.32,13.13,13.32,37200,13.32
2010-08-27,13.10,13.34,13.10,13.32,15200,13.32
2010-08-26,13.15,13.17,13.06,13.14,32100,13.14
2010-08-25,13.26,13.26,12.91,13.20,31100,13.20
2010-08-24,13.60,13.60,13.23,13.34,45100,13.34
2010-08-23,13.54,13.63,13.39,13.60,49300,13.60
2010-08-20,13.62,13.62,13.37,13.45,18200,13.45
2010-08-19,13.79,13.80,13.55,13.59,17800,13.59
2010-08-18,13.75,13.80,13.70,13.80,21400,13.80
2010-08-17,13.65,13.84,13.64,13.80,27200,13.80
2010-08-16,13.61,13.73,13.61,13.69,26400,13.69
2010-08-13,13.74,13.77,13.51,13.62,18800,13.62
2010-08-12,13.67,13.93,13.04,13.81,18000,13.81
2010-08-11,13.86,13.91,13.54,13.82,33200,13.82
2010-08-10,14.06,14.25,13.97,13.97,37800,13.97
2010-08-09,14.19,14.40,14.15,14.18,35200,14.18
2010-08-06,14.08,14.75,13.75,14.26,53600,14.26
2010-08-05,14.24,14.67,13.87,14.23,85000,14.23
2010-08-04,13.75,14.23,13.75,14.14,86300,14.14
2010-08-03,13.22,13.79,13.16,13.65,29900,13.65
2010-08-02,12.95,13.34,12.95,13.30,54300,13.30
2010-07-30,12.68,13.08,12.68,12.97,48300,12.97
2010-07-29,12.69,12.95,12.29,12.85,54800,12.85
2010-07-28,12.61,12.88,12.52,12.75,19700,12.75
2010-07-27,12.51,12.70,12.41,12.70,32100,12.70
2010-07-26,12.05,12.49,12.05,12.46,93800,12.46
2010-07-23,11.80,12.16,11.70,12.14,56500,12.14
2010-07-22,11.83,11.87,11.53,11.80,40700,11.80
2010-07-21,11.86,11.86,11.66,11.81,42200,11.81
2010-07-20,11.51,11.90,11.51,11.87,24100,11.87
2010-07-19,13.48,13.62,13.16,13.34,54600,13.34
2010-07-16,13.66,13.66,13.18,13.21,93800,13.21
2010-07-15,14.15,14.17,13.73,14.15,135000,14.15
2010-07-14,13.90,14.15,13.86,14.13,46200,14.13
2010-07-13,11.06,11.12,11.01,11.10,135300,11.10
2010-07-12,10.95,11.10,10.95,11.00,52300,11.00
2010-07-09,11.14,11.15,11.01,11.01,12800,11.01
2010-07-08,10.95,11.10,10.95,11.06,25100,11.06
2010-07-07,10.89,11.00,10.78,10.95,27800,10.95
2010-07-06,10.93,11.04,10.77,10.97,32500,10.97
2010-07-02,10.91,11.10,10.91,10.91,38200,10.91
2010-07-01,12.21,12.28,11.90,12.18,105800,12.18
2010-06-30,12.50,12.71,12.07,12.10,90800,12.10
2010-06-29,12.79,12.81,12.39,12.49,92000,12.49
2010-06-28,12.99,13.17,12.86,13.10,109200,13.10
2010-06-25,13.47,13.67,13.23,13.55,101400,13.55
2010-06-24,13.88,13.88,13.47,13.57,108000,13.57
2010-06-23,10.28,11.38,10.28,11.27,40700,11.27
2010-06-22,11.39,11.42,11.19,11.30,88300,11.30
2010-06-21,11.59,11.65,11.40,11.40,17100,11.40
2010-06-18,11.58,11.64,11.44,11.55,21900,11.55
