Date,Open,High,Low,Close,Volume,Adj Close
2012-05-04,17.64,17.69,17.49,17.53,64600,17.53
2012-05-03,17.78,17.85,17.69,17.69,117700,17.69
2012-05-02,17.67,17.80,17.59,17.78,132000,17.78
2012-05-01,17.52,17.93,17.51,17.79,422900,17.79
2012-04-30,17.58,17.61,17.47,17.61,98000,17.61
2012-04-27,17.62,17.67,17.47,17.65,131800,17.65
2012-04-26,17.54,17.56,17.37,17.56,71200,17.56
2012-04-25,17.38,17.50,17.36,17.50,95900,17.50
2012-04-24,17.07,17.32,17.07,17.31,122900,17.31
2012-04-23,17.01,17.08,16.91,17.02,220700,17.02
2012-04-20,17.13,17.28,16.98,17.22,137200,17.22
2012-04-19,17.03,17.10,16.92,17.00,46200,17.00
2012-04-18,17.02,17.11,17.00,17.00,233000,17.00
2012-04-17,17.00,17.19,16.95,17.12,102300,17.12
2012-04-16,16.90,17.07,16.81,16.97,203600,16.97
2012-04-13,16.80,16.82,16.71,16.71,53100,16.71
2012-04-12,16.57,16.81,16.57,16.79,78700,16.79
2012-04-11,16.52,16.58,16.41,16.58,134400,16.58
2012-04-10,16.69,16.75,16.36,16.36,310500,16.36
2012-04-09,16.69,16.80,16.60,16.73,86100,16.73
2012-04-05,16.93,16.96,16.85,16.91,45300,16.91
2012-04-04,17.00,17.06,16.90,16.98,139600,16.98
2012-04-03,17.18,17.25,17.09,17.18,168200,17.18
2012-04-02,17.13,17.24,17.09,17.21,96100,17.21
2012-03-30,17.01,17.15,17.01,17.14,50000,17.14
2012-03-29,16.83,16.99,16.75,16.97,116300,16.97
2012-03-28,16.96,16.98,16.80,16.96,88700,16.96
2012-03-27,16.97,17.10,16.97,17.00,79000,17.00
2012-03-26,16.93,17.02,16.87,16.99,76200,16.99
2012-03-23,16.67,16.86,16.62,16.81,186700,16.81
2012-03-22,16.77,16.77,16.59,16.69,159700,16.69
2012-03-21,17.00,17.00,16.92,16.93,70900,16.93
2012-03-20,16.87,17.02,16.87,16.95,139200,16.95
2012-03-19,16.87,17.07,16.81,17.00,102900,17.00
2012-03-16,16.74,16.88,16.74,16.87,89100,16.87
2012-03-15,16.80,16.81,16.69,16.77,96700,16.77
2012-03-14,16.84,16.88,16.69,16.81,194500,16.81
2012-03-13,16.62,16.86,16.54,16.81,129100,16.81
2012-03-12,16.42,16.55,16.41,16.51,100000,16.51
2012-03-09,16.38,16.44,16.26,16.39,152300,16.39
2012-03-08,16.46,16.46,16.25,16.32,121300,16.32
2012-03-07,16.39,16.40,16.18,16.39,98900,16.39
2012-03-06,16.25,16.44,16.25,16.30,180600,16.30
2012-03-05,16.31,16.53,16.28,16.53,77100,16.53
2012-03-02,16.33,16.43,16.28,16.37,353900,16.37
2012-03-01,16.33,16.41,16.31,16.38,765900,16.38
2012-02-29,16.38,16.48,16.25,16.31,232500,16.31
2012-02-28,16.44,16.49,16.28,16.34,243400,16.34
2012-02-27,16.38,16.48,16.27,16.47,272600,16.47
2012-02-24,16.49,16.53,16.37,16.48,132400,16.48
2012-02-23,16.21,16.46,16.17,16.46,138800,16.46
2012-02-22,16.38,16.45,16.21,16.22,159200,16.22
2012-02-21,16.64,16.68,16.31,16.37,101200,16.37
2012-02-17,16.58,16.70,16.52,16.62,92200,16.62
2012-02-16,16.45,16.65,16.45,16.64,81200,16.64
2012-02-15,16.63,16.63,16.40,16.46,155400,16.46
2012-02-14,16.68,16.68,16.45,16.54,158400,16.54
2012-02-13,16.80,16.80,16.64,16.75,186000,16.75
2012-02-10,16.59,16.65,16.48,16.56,110300,16.56
2012-02-09,16.88,16.88,16.62,16.70,195100,16.70
2012-02-08,16.84,16.91,16.72,16.84,170200,16.84
2012-02-07,16.83,16.87,16.77,16.80,184000,16.80
2012-02-06,16.83,16.88,16.77,16.85,183100,16.85
2012-02-03,16.87,16.91,16.75,16.91,256500,16.91
2012-02-02,16.63,16.67,16.57,16.64,117100,16.64
2012-02-01,16.64,16.64,16.52,16.60,350500,16.60
2012-01-31,16.58,16.58,16.35,16.48,341000,16.48
2012-01-30,16.38,16.44,16.30,16.38,272900,16.38
2012-01-27,16.44,16.57,16.38,16.54,105200,16.54
2012-01-26,16.47,16.58,16.43,16.49,303500,16.49
2012-01-25,16.09,16.40,16.09,16.40,288600,16.40
2012-01-24,16.01,16.19,15.98,16.16,206600,16.16
2012-01-23,16.00,16.12,15.94,16.04,176000,16.04
2012-01-20,15.84,16.00,15.80,16.00,310800,16.00
2012-01-19,15.90,15.94,15.80,15.93,208800,15.93
2012-01-18,15.71,15.88,15.70,15.83,387700,15.83
2012-01-17,15.78,15.82,15.65,15.72,133000,15.72
2012-01-13,15.42,15.60,15.40,15.60,394400,15.60
2012-01-12,15.68,15.71,15.46,15.55,624100,15.55
2012-01-11,15.54,15.70,15.49,15.67,1808700,15.67
2012-01-10,15.55,15.66,15.55,15.59,155100,15.59
2012-01-09,15.52,15.52,15.33,15.37,93900,15.37
2012-01-06,15.57,15.57,15.39,15.42,165100,15.42
2012-01-05,15.26,15.52,15.23,15.51,213500,15.51
2012-01-04,15.47,15.49,15.29,15.33,277700,15.33
2012-01-03,15.76,15.91,15.47,15.61,405300,15.61
2011-12-30,15.53,15.67,15.49,15.49,209900,15.49
2011-12-29,15.43,15.58,15.41,15.52,91200,15.52
2011-12-28,15.62,15.62,15.38,15.38,231600,15.38
2011-12-27,15.48,15.71,15.42,15.62,111200,15.62
2011-12-23,15.50,15.55,15.42,15.52,87700,15.52
2011-12-22,15.30,15.55,15.30,15.47,126700,15.47
2011-12-21,15.25,15.29,15.13,15.25,129800,15.25
2011-12-20,15.13,15.41,15.13,15.39,134000,15.24
2011-12-19,15.09,15.14,14.90,14.91,163200,14.77
2011-12-16,14.97,15.17,14.97,15.06,207600,14.92
2011-12-15,14.78,14.95,14.76,14.90,127500,14.76
2011-12-14,14.58,14.83,14.49,14.67,192900,14.53
2011-12-13,14.87,14.95,14.53,14.59,194800,14.45
2011-12-12,14.85,14.85,14.63,14.77,165500,14.63
2011-12-09,14.76,15.10,14.76,15.01,136100,14.87
2011-12-08,14.92,14.92,14.69,14.71,91200,14.57
2011-12-07,14.84,15.08,14.72,15.08,259300,14.94
2011-12-06,14.93,14.97,14.79,14.89,153100,14.75
2011-12-05,15.01,15.08,14.81,14.89,96600,14.75
2011-12-02,14.88,15.03,14.76,14.79,363200,14.65
2011-12-01,14.86,14.87,14.64,14.74,108900,14.60
2011-11-30,14.61,14.92,14.61,14.92,255400,14.78
2011-11-29,14.33,14.33,14.15,14.22,764500,14.09
2011-11-28,14.36,14.41,14.14,14.27,1743000,14.13
2011-11-25,13.83,14.21,13.83,13.96,46300,13.83
2011-11-23,14.18,14.18,13.87,13.87,370200,13.74
2011-11-22,14.32,14.47,14.22,14.30,157000,14.16
2011-11-21,14.57,14.57,14.30,14.40,350700,14.26
2011-11-18,14.77,14.80,14.61,14.79,156300,14.65
2011-11-17,14.94,14.95,14.60,14.66,199300,14.52
2011-11-16,14.98,15.19,14.94,14.95,87900,14.81
2011-11-15,14.93,15.21,14.84,15.12,162400,14.98
2011-11-14,15.18,15.19,14.90,14.97,114400,14.83
2011-11-11,15.04,15.32,14.99,15.30,110500,15.15
2011-11-10,15.13,15.19,14.80,14.92,188800,14.78
2011-11-09,15.28,15.32,14.86,14.86,151200,14.72
2011-11-08,15.51,15.61,15.13,15.60,249900,15.45
2011-11-07,15.56,15.56,15.18,15.41,170600,15.26
2011-11-04,15.35,15.43,15.13,15.41,138400,15.26
2011-11-03,15.53,15.56,15.08,15.51,244700,15.36
2011-11-02,15.28,15.43,15.03,15.33,278500,15.18
2011-11-01,15.11,15.36,14.95,14.99,345200,14.85
2011-10-31,15.54,15.73,15.38,15.53,250500,15.38
2011-10-28,15.46,15.70,15.46,15.70,238400,15.55
2011-10-27,15.57,15.78,15.25,15.67,465800,15.52
2011-10-26,15.02,15.04,14.72,14.97,585300,14.83
2011-10-25,15.05,15.08,14.79,14.84,951600,14.70
2011-10-24,14.83,15.12,14.70,15.11,1714500,14.97
2011-10-21,14.55,14.74,14.43,14.74,4743600,14.60
2011-10-20,14.20,14.25,13.89,14.25,275900,14.11
2011-10-19,14.32,14.38,14.12,14.16,115000,14.03
2011-10-18,13.84,14.40,13.82,14.31,125400,14.17
2011-10-17,14.09,14.09,13.79,13.79,158200,13.66
2011-10-14,14.01,14.22,13.96,14.19,271900,14.06
2011-10-13,13.89,13.95,13.56,13.83,377300,13.70
2011-10-12,13.81,14.13,13.70,13.95,510700,13.82
2011-10-11,13.87,13.90,13.62,13.67,210800,13.54
2011-10-10,13.55,13.95,13.53,13.94,205900,13.81
2011-10-07,13.78,13.79,13.26,13.26,298200,13.13
2011-10-06,13.27,13.70,13.18,13.69,311100,13.56
2011-10-05,13.46,13.46,12.77,13.32,263600,13.19
2011-10-04,12.76,13.47,12.55,13.47,1400000,13.34
2011-10-03,13.50,13.66,12.90,12.90,383700,12.78
2011-09-30,13.77,13.89,13.56,13.58,233200,13.45
2011-09-29,13.97,14.02,13.75,13.98,244700,13.85
2011-09-28,14.15,14.19,13.69,13.70,170400,13.57
2011-09-27,14.18,14.34,14.03,14.09,182200,13.96
2011-09-26,13.87,13.96,13.65,13.96,146000,13.83
2011-09-23,13.59,13.78,13.50,13.76,424300,13.63
2011-09-22,13.70,13.88,13.43,13.62,962400,13.49
2011-09-21,14.75,14.76,13.98,13.99,149500,13.86
2011-09-20,14.86,14.95,14.71,14.77,66500,14.63
2011-09-19,14.82,14.92,14.74,14.78,34800,14.64
2011-09-16,15.06,15.13,14.78,15.13,118700,14.99
2011-09-15,14.87,14.96,14.78,14.96,220600,14.82
2011-09-14,14.72,14.82,14.45,14.75,100000,14.61
2011-09-13,14.67,14.68,14.48,14.66,99100,14.52
2011-09-12,14.29,14.61,14.27,14.61,71800,14.47
2011-09-09,14.82,14.91,14.42,14.54,107700,14.40
2011-09-08,15.08,15.21,14.97,15.03,149200,14.89
2011-09-07,14.84,15.16,14.62,15.13,312100,14.99
2011-09-06,14.06,14.66,14.06,14.60,402900,14.46
2011-09-02,14.64,14.92,14.56,14.62,103800,14.48
2011-09-01,15.29,15.33,14.97,15.02,212100,14.88
2011-08-31,15.31,15.31,15.10,15.26,606600,15.12
2011-08-30,15.00,15.17,14.76,15.09,586000,14.95
2011-08-29,14.82,15.05,14.71,15.04,283800,14.90
2011-08-26,14.26,14.58,13.93,14.55,96000,14.41
2011-08-25,14.73,14.84,14.23,14.36,254600,14.22
2011-08-24,14.43,14.66,14.29,14.65,114700,14.51
2011-08-23,14.12,14.46,14.04,14.46,204000,14.32
2011-08-22,14.37,14.51,13.90,14.07,198000,13.94
2011-08-19,14.26,14.44,13.98,14.02,186500,13.89
2011-08-18,14.43,14.65,14.20,14.30,265100,14.16
2011-08-17,15.08,15.20,14.89,15.02,211200,14.88
2011-08-16,14.86,15.06,14.73,14.98,266300,14.84
2011-08-15,14.60,15.05,14.57,15.04,234700,14.90
2011-08-12,14.69,14.80,14.43,14.50,381900,14.36
2011-08-11,13.87,14.78,13.80,14.53,367100,14.39
2011-08-10,13.87,14.46,13.70,13.78,321900,13.65
2011-08-09,13.08,14.16,12.95,14.15,552100,14.02
2011-08-08,13.72,13.88,12.88,12.88,1846900,12.76
2011-08-05,14.60,14.61,13.96,14.15,1227000,14.02
2011-08-04,15.06,15.16,14.48,14.48,1794500,14.34
2011-08-03,15.37,15.40,14.77,15.30,5378600,15.15
2011-08-02,15.80,15.90,15.40,15.40,510000,15.25
2011-08-01,16.32,16.33,15.82,15.94,879500,15.79
2011-07-29,15.99,16.20,15.89,16.19,490000,16.04
2011-07-28,16.13,16.33,16.01,16.16,961600,16.01
2011-07-27,16.55,16.55,16.14,16.14,627200,15.99
2011-07-26,16.62,16.69,16.50,16.62,1007400,16.46
2011-07-25,16.63,16.70,16.53,16.59,1547600,16.43
2011-07-22,16.70,16.79,16.63,16.76,2024100,16.60
2011-07-21,16.67,16.77,16.62,16.68,5152900,16.52
2011-07-20,16.52,16.56,16.40,16.55,13665100,16.39
2011-07-19,16.22,16.44,16.22,16.42,120400,16.26
2011-07-18,16.20,16.20,16.04,16.15,39800,16.00
2011-07-15,16.11,16.26,16.05,16.26,33800,16.11
2011-07-14,16.30,16.30,16.00,16.08,140400,15.93
2011-07-13,16.48,16.49,16.21,16.24,73800,16.09
2011-07-12,16.31,16.63,16.31,16.37,296300,16.21
2011-07-11,16.45,16.49,16.33,16.35,76600,16.19
2011-07-08,16.53,16.64,16.43,16.64,30100,16.48
2011-07-07,16.66,16.69,16.57,16.68,153800,16.52
2011-07-06,16.30,16.47,16.28,16.47,65600,16.31
2011-07-05,16.22,16.36,16.14,16.34,59500,16.18
2011-07-01,15.98,16.24,15.95,16.22,315000,16.07
2011-06-30,15.97,16.01,15.87,15.93,186300,15.78
2011-06-29,15.82,15.92,15.74,15.88,77100,15.73
2011-06-28,15.67,15.75,15.57,15.73,72800,15.58
2011-06-27,15.59,15.64,15.52,15.60,14600,15.45
2011-06-24,15.61,15.63,15.47,15.52,31600,15.37
2011-06-23,15.72,15.72,15.41,15.52,38400,15.37
2011-06-22,15.90,16.00,15.83,15.83,205100,15.68
2011-06-21,15.94,15.94,15.79,15.87,31400,15.72
2011-06-20,15.77,16.00,15.77,15.96,20400,15.62
2011-06-17,15.83,15.83,15.68,15.79,37200,15.45
2011-06-16,15.57,15.66,15.42,15.65,41000,15.31
2011-06-15,15.63,15.68,15.41,15.49,44200,15.16
2011-06-14,15.67,15.80,15.64,15.72,8200,15.38
2011-06-13,15.43,15.60,15.43,15.50,65100,15.17
2011-06-10,15.80,15.80,15.43,15.43,22700,15.10
2011-06-09,16.03,16.03,15.81,15.86,26100,15.52
2011-06-08,16.00,16.15,15.98,16.01,50300,15.66
2011-06-07,16.12,16.21,16.09,16.09,58900,15.74
2011-06-06,16.08,16.16,15.90,15.91,104900,15.57
2011-06-03,15.95,16.21,15.84,16.16,33100,15.81
2011-06-02,16.21,16.34,16.06,16.10,51900,15.75
2011-06-01,16.63,16.64,16.18,16.18,63000,15.83
2011-05-31,16.54,16.69,16.51,16.69,40900,16.33
2011-05-27,16.41,16.43,16.31,16.43,28900,16.08
2011-05-26,16.08,16.37,16.08,16.34,29700,15.99
2011-05-25,16.00,16.17,15.90,16.09,54300,15.74
2011-05-24,16.02,16.09,15.96,16.00,19300,15.65
2011-05-23,15.98,16.05,15.88,16.02,80500,15.67
2011-05-20,16.33,16.33,16.13,16.13,43400,15.78
2011-05-19,16.34,16.40,16.21,16.36,44200,16.01
2011-05-18,16.10,16.27,16.07,16.26,48100,15.91
2011-05-17,16.05,16.11,16.01,16.09,143600,15.74
2011-05-16,16.07,16.21,16.04,16.10,35500,15.75
2011-05-13,16.20,16.26,16.07,16.07,45900,15.72
2011-05-12,16.16,16.30,16.10,16.28,16000,15.93
2011-05-11,16.39,16.39,16.21,16.26,17700,15.91
2011-05-10,16.30,16.44,16.30,16.43,33300,16.08
2011-05-09,16.08,16.20,16.02,16.18,34000,15.83
2011-05-06,16.41,16.41,16.04,16.07,29400,15.72
2011-05-05,16.11,16.33,16.09,16.20,52900,15.85
2011-05-04,16.29,16.36,16.15,16.25,67000,15.90
2011-05-03,16.45,16.52,16.17,16.33,39000,15.98
2011-05-02,16.51,16.59,16.33,16.47,54000,16.11
2011-04-29,16.57,16.57,16.26,16.48,30000,16.12
2011-04-28,16.34,16.59,16.34,16.56,152900,16.20
2011-04-27,16.25,16.35,16.21,16.34,22600,15.99
2011-04-26,16.07,16.26,16.06,16.22,29200,15.87
2011-04-25,15.97,16.13,15.92,16.08,18200,15.73
2011-04-21,15.91,15.98,15.80,15.98,33600,15.64
2011-04-20,15.86,15.86,15.71,15.86,16800,15.52
2011-04-19,15.60,15.69,15.58,15.65,49400,15.31
2011-04-18,15.48,15.56,15.45,15.52,37400,15.18
2011-04-15,15.54,15.70,15.53,15.70,25400,15.36
2011-04-14,15.20,15.51,15.20,15.50,24800,15.17
2011-04-13,15.38,15.38,15.24,15.28,33800,14.95
2011-04-12,15.22,15.32,15.22,15.30,16300,14.97
2011-04-11,15.38,15.43,15.28,15.31,25100,14.98
2011-04-08,15.45,15.53,15.25,15.29,110700,14.96
2011-04-07,15.57,15.57,15.35,15.40,42900,15.07
2011-04-06,15.61,15.61,15.54,15.58,31900,15.24
2011-04-05,15.56,15.64,15.52,15.56,86100,15.22
2011-04-04,15.62,15.63,15.52,15.55,41300,15.21
2011-04-01,15.63,15.68,15.50,15.57,216000,15.23
2011-03-31,15.49,15.58,15.41,15.56,45700,15.22
2011-03-30,15.27,15.46,15.26,15.43,27800,15.10
2011-03-29,15.15,15.25,15.04,15.21,36100,14.88
2011-03-28,15.27,15.27,15.12,15.16,11600,14.83
2011-03-25,15.05,15.24,15.05,15.18,42500,14.85
2011-03-24,15.09,15.10,14.89,15.06,195300,14.73
2011-03-23,15.04,15.06,14.90,14.97,55100,14.65
2011-03-22,15.31,15.31,15.11,15.16,30700,14.83
2011-03-21,15.31,15.32,15.18,15.27,25000,14.94
2011-03-18,15.11,15.11,15.03,15.10,48700,14.77
2011-03-17,15.03,15.03,14.81,14.93,45900,14.61
2011-03-16,14.94,15.03,14.74,14.85,35200,14.53
2011-03-15,14.66,15.14,14.66,15.04,44600,14.72
2011-03-14,15.15,15.19,15.07,15.14,30900,14.81
2011-03-11,15.03,15.29,15.00,15.27,73500,14.94
2011-03-10,15.29,15.29,15.13,15.13,23900,14.80
2011-03-09,15.33,15.43,15.26,15.35,26300,15.02
2011-03-08,15.25,15.47,15.25,15.40,22500,15.07
2011-03-07,15.44,15.44,15.10,15.17,17100,14.84
2011-03-04,15.39,15.39,15.21,15.28,58500,14.95
2011-03-03,15.33,15.44,15.32,15.43,19200,15.10
2011-03-02,15.33,15.35,15.16,15.17,122300,14.84
2011-03-01,15.87,15.87,15.34,15.34,43400,15.01
2011-02-28,15.58,15.82,15.58,15.82,40900,15.48
2011-02-25,15.20,15.47,15.20,15.47,20100,15.14
2011-02-24,15.22,15.26,15.01,15.15,13500,14.82
2011-02-23,15.39,15.43,15.16,15.27,15800,14.94
2011-02-22,15.47,15.56,15.35,15.39,31400,15.06
2011-02-18,15.57,15.57,15.47,15.54,58700,15.20
2011-02-17,15.53,15.54,15.44,15.48,122500,15.15
2011-02-16,15.54,15.56,15.38,15.48,45600,15.15
2011-02-15,15.45,15.47,15.35,15.41,30300,15.08
2011-02-14,15.54,15.54,15.39,15.47,29800,15.14
2011-02-11,15.44,15.48,15.26,15.45,20500,15.12
2011-02-10,15.25,15.38,15.25,15.36,154300,15.03
2011-02-09,15.28,15.32,15.24,15.32,38700,14.99
2011-02-08,15.26,15.31,15.23,15.30,32500,14.97
2011-02-07,15.14,15.25,15.14,15.23,28400,14.90
2011-02-04,15.22,15.22,15.01,15.07,115700,14.74
2011-02-03,15.11,15.22,15.07,15.22,152700,14.89
2011-02-02,15.12,15.23,15.12,15.13,77000,14.80
2011-02-01,15.17,15.20,15.00,15.18,38700,14.85
2011-01-31,15.04,15.16,15.00,15.13,58000,14.80
2011-01-28,15.27,15.27,14.87,14.91,159700,14.59
2011-01-27,15.06,15.22,15.06,15.20,30700,14.87
2011-01-26,15.05,15.05,14.88,14.97,44200,14.65
2011-01-25,14.78,14.92,14.70,14.92,21400,14.60
2011-01-24,14.72,14.81,14.71,14.75,11100,14.43
2011-01-21,14.79,14.79,14.63,14.66,48100,14.34
2011-01-20,14.66,14.80,14.64,14.65,25700,14.33
2011-01-19,14.87,14.87,14.60,14.64,35600,14.32
2011-01-18,14.70,14.86,14.69,14.86,22700,14.54
2011-01-14,14.72,14.75,14.61,14.75,82500,14.43
2011-01-13,14.58,14.68,14.57,14.64,72600,14.32
2011-01-12,14.60,14.66,14.53,14.61,24100,14.29
2011-01-11,14.51,14.58,14.45,14.53,110200,14.22
2011-01-10,14.58,14.59,14.42,14.55,47700,14.24
2011-01-07,14.66,14.67,14.46,14.54,34900,14.23
2011-01-06,14.76,14.76,14.56,14.57,37500,14.26
2011-01-05,14.68,14.73,14.64,14.70,93700,14.38
2011-01-04,15.04,15.04,14.57,14.66,112400,14.34
2011-01-03,14.75,14.92,14.75,14.89,49100,14.57
2010-12-31,14.74,14.77,14.65,14.65,38000,14.33
2010-12-30,14.74,14.75,14.65,14.71,22200,14.39
2010-12-29,14.64,14.69,14.58,14.68,17100,14.36
2010-12-28,14.55,14.64,14.50,14.63,35700,14.31
2010-12-27,14.43,14.55,14.35,14.55,33600,14.24
2010-12-23,14.48,14.51,14.40,14.40,41100,14.09
2010-12-22,14.39,14.55,14.39,14.47,39400,14.16
2010-12-21,14.31,14.38,14.23,14.38,84200,14.07
2010-12-20,14.33,14.45,14.26,14.40,55700,13.89
2010-12-17,14.15,14.24,14.11,14.22,34300,13.72
2010-12-16,14.12,14.18,14.06,14.13,62200,13.63
2010-12-15,14.17,14.31,14.09,14.09,44400,13.60
2010-12-14,14.44,14.53,14.19,14.24,53600,13.74
2010-12-13,14.52,14.52,14.38,14.39,27800,13.88
2010-12-10,14.36,14.44,14.29,14.40,61300,13.89
2010-12-09,14.53,14.53,14.25,14.25,15600,13.75
2010-12-08,14.62,14.63,14.33,14.40,30400,13.89
2010-12-07,14.72,14.74,14.60,14.60,40100,14.09
2010-12-06,14.57,14.60,14.38,14.57,51500,14.06
2010-12-03,14.50,14.58,14.41,14.57,56500,14.06
2010-12-02,14.41,14.56,14.34,14.56,35800,14.05
2010-12-01,14.47,14.47,14.21,14.34,43800,13.84
2010-11-30,14.11,14.32,14.11,14.23,132200,13.73
2010-11-29,14.25,14.31,14.10,14.31,311000,13.81
2010-11-26,14.27,14.37,14.25,14.31,8100,13.81
2010-11-24,14.20,14.36,14.17,14.34,22000,13.84
2010-11-23,14.03,14.07,14.00,14.04,144300,13.55
2010-11-22,14.07,14.21,14.07,14.18,57600,13.68
2010-11-19,14.04,14.18,13.92,14.18,34900,13.68
2010-11-18,14.22,14.22,14.03,14.05,103400,13.56
2010-11-17,13.92,14.00,13.82,13.96,37500,13.47
2010-11-16,14.27,14.27,13.73,13.84,395800,13.35
2010-11-15,14.48,14.57,14.31,14.32,87400,13.82
2010-11-12,14.53,14.62,14.43,14.44,20500,13.93
2010-11-11,14.59,14.73,14.56,14.60,39000,14.09
2010-11-10,14.61,14.73,14.55,14.73,48000,14.21
2010-11-09,15.23,15.23,14.45,14.54,80800,14.03
2010-11-08,15.25,15.25,15.03,15.15,77900,14.62
2010-11-05,15.07,15.33,15.03,15.24,35900,14.70
2010-11-04,15.02,15.10,14.84,15.10,34800,14.57
2010-11-03,14.70,14.76,14.61,14.71,10600,14.19
2010-11-02,14.73,14.74,14.64,14.74,23100,14.22
2010-11-01,14.62,14.76,14.53,14.61,57800,14.10
2010-10-29,14.48,14.56,14.48,14.52,26800,14.01
2010-10-28,14.71,14.80,14.35,14.51,50600,14.00
2010-10-27,14.67,14.67,14.50,14.59,28400,14.08
2010-10-26,14.70,14.73,14.61,14.69,22400,14.17
2010-10-25,14.95,14.95,14.79,14.81,42200,14.29
2010-10-22,14.88,14.88,14.69,14.75,57400,14.23
2010-10-21,14.91,14.94,14.70,14.77,37600,14.25
2010-10-20,14.48,14.91,14.48,14.78,67200,14.26
2010-10-19,14.57,14.67,14.43,14.48,58200,13.97
2010-10-18,14.52,14.66,14.48,14.66,39800,14.15
2010-10-15,14.65,14.65,14.45,14.47,49400,13.96
2010-10-14,14.58,14.59,14.40,14.49,43100,13.98
2010-10-13,14.49,14.66,14.40,14.53,167100,14.02
2010-10-12,14.22,14.41,14.20,14.38,30800,13.88
2010-10-11,14.15,14.33,14.15,14.27,69100,13.77
2010-10-08,14.22,14.31,14.16,14.28,118100,13.78
2010-10-07,14.36,14.36,14.17,14.23,67000,13.73
2010-10-06,14.30,14.30,14.10,14.22,39900,13.72
2010-10-05,14.25,14.33,14.07,14.26,63400,13.76
2010-10-04,14.00,14.04,13.89,14.04,24900,13.55
2010-10-01,13.92,14.00,13.77,13.95,95000,13.46
2010-09-30,13.90,14.05,13.77,13.86,63400,13.37
2010-09-29,13.98,13.98,13.78,13.83,121600,13.34
2010-09-28,13.99,14.02,13.69,13.96,88300,13.47
2010-09-27,14.14,14.14,13.81,13.87,78500,13.38
2010-09-24,13.95,14.05,13.84,14.05,73300,13.56
2010-09-23,13.87,13.92,13.61,13.69,158400,13.21
2010-09-22,14.23,14.23,13.99,14.02,279100,13.53
2010-09-21,14.46,14.46,14.17,14.21,401900,13.71
2010-09-20,14.06,14.46,14.06,14.42,24000,13.91
2010-09-17,14.01,14.06,13.97,14.04,30300,13.55
2010-09-16,14.04,14.10,13.97,14.03,74100,13.54
2010-09-15,13.91,14.14,13.91,14.11,42400,13.61
2010-09-14,13.93,14.09,13.90,14.01,32000,13.52
2010-09-13,13.89,14.04,13.88,14.04,14200,13.55
2010-09-10,13.80,13.85,13.73,13.81,14900,13.33
2010-09-09,14.09,14.09,13.70,13.75,57500,13.27
2010-09-08,13.92,13.98,13.82,13.88,51600,13.39
2010-09-07,14.04,14.04,13.85,13.85,19100,13.36
2010-09-03,14.07,14.09,13.96,14.08,58300,13.59
2010-09-02,13.75,13.85,13.68,13.84,14400,13.35
2010-09-01,13.42,13.72,13.42,13.72,70800,13.24
2010-08-31,13.13,13.30,13.08,13.22,18900,12.76
2010-08-30,13.19,13.34,13.16,13.17,23900,12.71
2010-08-27,12.91,13.26,12.91,13.26,184600,12.79
2010-08-26,13.20,13.27,13.04,13.05,44900,12.59
2010-08-25,12.84,13.15,12.81,13.15,72800,12.69
2010-08-24,12.83,13.00,12.70,12.98,103200,12.52
2010-08-23,13.08,13.12,12.98,12.99,32800,12.53
2010-08-20,13.00,13.07,12.94,13.06,15200,12.60
2010-08-19,13.40,13.40,13.04,13.09,16500,12.63
2010-08-18,13.42,13.50,13.34,13.44,22700,12.97
2010-08-17,13.35,13.51,13.21,13.44,23000,12.97
2010-08-16,13.17,13.21,13.00,13.12,12800,12.66
2010-08-13,13.13,13.20,13.11,13.11,11500,12.65
2010-08-12,13.22,13.23,13.05,13.12,112000,12.66
2010-08-11,13.28,13.47,13.24,13.30,29600,12.83
2010-08-10,13.72,13.78,13.50,13.62,30900,13.14
2010-08-09,13.68,13.82,13.61,13.78,70300,13.30
2010-08-06,13.63,13.64,13.41,13.63,83500,13.15
2010-08-05,13.89,13.89,13.68,13.68,81100,13.20
2010-08-04,13.80,13.86,13.70,13.85,63600,13.36
2010-08-03,13.82,13.87,13.67,13.77,57600,13.29
2010-08-02,13.70,13.93,13.65,13.91,133000,13.42
2010-07-30,13.34,13.50,13.09,13.46,24600,12.99
2010-07-29,13.64,13.64,13.28,13.38,55600,12.91
2010-07-28,13.52,13.63,13.44,13.49,84000,13.02
2010-07-27,13.66,13.66,13.37,13.52,110300,13.05
2010-07-26,13.24,13.53,13.14,13.53,186800,13.05
2010-07-23,13.09,13.13,12.80,13.13,28100,12.67
2010-07-22,12.64,13.12,12.64,13.03,45800,12.57
2010-07-21,12.86,12.86,12.50,12.54,80300,12.10
2010-07-20,12.43,12.85,12.36,12.84,80900,12.39
2010-07-19,12.56,12.64,12.34,12.59,44400,12.15
2010-07-16,12.75,12.75,12.36,12.43,24000,11.99
2010-07-15,12.89,12.89,12.59,12.82,55200,12.37
2010-07-14,12.82,12.93,12.73,12.86,33800,12.41
2010-07-13,12.79,13.00,12.79,12.94,844400,12.49
2010-07-12,12.59,12.63,12.50,12.62,58300,12.18
2010-07-09,12.46,12.62,12.46,12.61,16000,12.17
2010-07-08,12.44,12.56,12.25,12.43,30800,11.99
2010-07-07,11.72,12.29,11.72,12.28,52600,11.85
2010-07-06,12.16,12.18,11.61,11.72,108400,11.31
2010-07-02,12.35,12.35,11.96,11.97,65700,11.55
2010-07-01,12.26,12.29,11.94,12.21,214400,11.78
2010-06-30,12.43,12.57,12.23,12.23,32700,11.80
2010-06-29,12.51,12.60,12.31,12.40,35400,11.96
2010-06-28,13.01,13.01,12.78,12.82,14800,12.37
2010-06-25,12.67,13.02,12.67,13.02,105200,12.56
2010-06-24,12.79,12.88,12.63,12.63,159200,12.19
2010-06-23,12.95,13.01,12.72,12.93,29900,12.48
2010-06-22,13.29,13.39,12.86,12.86,90400,12.41
2010-06-21,13.81,13.81,13.35,13.40,119100,12.83
2010-06-18,13.66,13.66,13.45,13.51,60900,12.94
2010-06-17,13.53,13.60,13.41,13.57,39800,13.00
2010-06-16,13.62,13.64,13.46,13.54,100100,12.97
2010-06-15,13.50,13.66,13.33,13.66,105100,13.08
2010-06-14,13.36,13.47,13.23,13.37,106400,12.80
2010-06-11,12.91,13.19,12.88,13.19,21500,12.63
2010-06-10,12.73,13.01,12.67,13.01,34000,12.46
2010-06-09,12.59,12.84,12.42,12.48,39900,11.95
2010-06-08,12.25,12.41,11.96,12.41,247000,11.88
2010-06-07,12.32,12.48,12.19,12.22,12500,11.70
2010-06-04,12.78,12.80,12.22,12.25,68900,11.73
2010-06-03,13.03,13.12,12.90,12.96,32500,12.41
2010-06-02,12.87,13.06,12.70,13.06,100400,12.51
2010-06-01,12.99,13.06,12.70,12.75,81500,12.21
2010-05-28,13.27,13.27,13.00,13.12,57200,12.56
2010-05-27,12.75,13.23,12.74,13.23,64300,12.67
2010-05-26,12.68,12.88,12.45,12.50,47000,11.97
2010-05-25,12.12,12.56,11.95,12.56,141600,12.03
2010-05-24,12.80,12.80,12.45,12.45,90200,11.92
2010-05-21,12.11,12.74,12.00,12.72,375600,12.18
2010-05-20,12.65,12.75,12.31,12.33,207600,11.81
2010-05-19,12.99,13.24,12.69,12.98,59000,12.43
2010-05-18,13.64,13.64,13.04,13.08,40800,12.53
2010-05-17,13.50,13.62,13.05,13.46,20600,12.89
2010-05-14,13.77,13.77,13.30,13.42,37200,12.85
2010-05-13,14.09,14.13,13.90,13.91,66500,13.32
2010-05-12,13.87,14.15,13.87,14.10,36700,13.50
2010-05-11,13.76,14.02,13.59,13.87,65600,13.28
2010-05-10,13.79,13.85,13.55,13.85,103000,13.26
2010-05-07,13.09,13.41,12.71,12.96,63400,12.41
2010-05-06,13.63,13.69,12.26,13.19,67700,12.63
2010-05-05,13.68,13.96,13.54,13.69,27300,13.11
2010-05-04,14.03,14.09,13.80,13.95,54400,13.36
2010-05-03,13.94,14.32,13.94,14.24,21100,13.64
2010-04-30,14.21,14.30,13.76,13.80,48000,13.22
2010-04-29,13.71,14.25,13.71,14.25,31900,13.65
2010-04-28,13.74,13.74,13.58,13.62,52700,13.04
2010-04-27,14.00,14.02,13.57,13.60,36100,13.02
2010-04-26,14.00,14.12,13.92,14.03,53000,13.44
2010-04-23,13.81,13.92,13.63,13.92,38900,13.33
2010-04-22,13.39,13.77,13.39,13.75,54500,13.17
2010-04-21,13.31,13.60,13.31,13.53,45700,12.96
2010-04-20,13.19,13.25,13.03,13.25,67600,12.69
2010-04-19,12.87,13.15,12.87,13.06,25900,12.51
2010-04-16,13.29,13.38,13.00,13.02,202200,12.47
2010-04-15,13.63,13.65,13.30,13.32,97200,12.76
2010-04-14,13.82,13.82,13.62,13.70,74600,13.12
2010-04-13,13.33,13.72,13.33,13.68,377600,13.10
2010-04-12,13.51,13.51,13.35,13.36,52400,12.79
2010-04-09,13.29,13.47,13.25,13.45,77800,12.88
2010-04-08,13.21,13.26,13.13,13.21,41800,12.65
2010-04-07,13.53,13.53,13.19,13.25,102600,12.69
2010-04-06,13.16,13.55,13.16,13.52,415800,12.95
2010-04-05,13.04,13.25,12.99,13.25,57100,12.69
2010-04-01,13.03,13.03,12.82,12.93,56900,12.38
2010-03-31,12.96,13.01,12.87,12.88,32500,12.34
2010-03-30,13.08,13.08,12.97,13.02,37400,12.47
2010-03-29,13.07,13.07,12.96,13.03,68100,12.48
2010-03-26,13.12,13.19,12.98,13.03,92900,12.48
2010-03-25,13.09,13.30,13.09,13.12,38100,12.56
2010-03-24,12.99,13.12,12.94,13.05,44600,12.50
2010-03-23,13.46,13.46,12.85,12.99,61200,12.44
2010-03-22,12.82,13.05,12.75,13.03,38600,12.48
2010-03-19,13.10,13.10,12.85,12.88,18600,12.34
2010-03-18,13.13,13.13,12.99,13.03,37000,12.48
2010-03-17,13.01,13.09,12.91,13.07,57200,12.52
2010-03-16,12.74,12.90,12.41,12.90,40400,12.35
2010-03-15,12.61,12.62,12.46,12.60,37700,12.07
2010-03-12,12.61,12.66,12.51,12.61,36200,12.08
2010-03-11,12.36,12.51,12.34,12.51,45300,11.98
2010-03-10,12.43,12.47,12.34,12.46,62800,11.93
2010-03-09,12.30,12.53,12.22,12.39,131100,11.87
2010-03-08,12.17,12.34,12.13,12.32,36900,11.80
2010-03-05,11.92,12.21,11.89,12.18,135100,11.66
2010-03-04,11.80,11.85,11.77,11.84,66300,11.34
2010-03-03,11.93,11.94,11.78,11.81,73900,11.31
2010-03-02,11.85,11.87,11.80,11.81,87600,11.31
2010-03-01,11.72,11.83,11.72,11.79,249700,11.29
2010-02-26,11.69,11.81,11.66,11.70,19700,11.20
2010-02-25,11.50,11.71,11.49,11.71,29800,11.21
2010-02-24,11.59,11.66,11.57,11.66,21900,11.17
2010-02-23,11.62,11.62,11.55,11.55,411700,11.06
2010-02-22,11.65,11.68,11.57,11.64,19800,11.15
2010-02-19,11.57,11.64,11.48,11.61,97200,11.12
2010-02-18,11.42,11.59,11.42,11.57,24600,11.08
2010-02-17,11.38,11.46,11.38,11.40,10600,10.92
2010-02-16,11.13,11.32,11.13,11.32,16700,10.84
2010-02-12,10.80,10.99,10.80,10.97,12600,10.51
2010-02-11,10.74,10.87,10.69,10.83,17800,10.37
2010-02-10,10.81,10.91,10.58,10.78,43000,10.32
2010-02-09,10.90,10.90,10.67,10.79,102100,10.33
2010-02-08,11.02,11.11,10.78,10.78,20400,10.32
2010-02-05,10.89,11.07,10.74,11.02,39100,10.55
2010-02-04,11.12,11.18,10.82,10.82,62300,10.36
2010-02-03,11.39,11.39,11.18,11.27,17300,10.79
2010-02-02,11.21,11.54,11.21,11.44,44900,10.96
2010-02-01,11.16,11.30,11.16,11.28,19000,10.80
2010-01-29,11.17,11.32,11.03,11.07,90000,10.60
2010-01-28,11.34,11.34,11.06,11.15,13700,10.68
2010-01-27,11.19,11.25,11.00,11.25,28600,10.77
2010-01-26,11.19,11.30,11.15,11.23,9000,10.75
2010-01-25,11.27,11.27,11.06,11.21,34100,10.74
2010-01-22,11.45,11.54,11.12,11.17,23700,10.70
2010-01-21,11.82,11.82,11.45,11.46,14600,10.98
2010-01-20,11.94,11.94,11.70,11.81,41700,11.31
2010-01-19,11.69,11.95,11.69,11.94,34400,11.43
2010-01-15,11.75,11.75,11.66,11.72,28800,11.22
2010-01-14,11.79,11.81,11.74,11.80,39900,11.30
2010-01-13,11.63,11.82,11.61,11.82,33000,11.32
2010-01-12,11.72,11.72,11.52,11.53,17600,11.04
2010-01-11,11.77,11.82,11.70,11.78,52200,11.28
2010-01-08,11.74,11.76,11.60,11.70,39300,11.20
2010-01-07,11.66,11.83,11.57,11.82,16900,11.32
2010-01-06,11.68,11.76,11.63,11.63,48100,11.14
2010-01-05,11.62,11.70,11.52,11.68,22500,11.19
2010-01-04,11.71,11.86,11.60,11.64,92500,11.15
2009-12-31,12.05,12.06,11.72,11.72,25300,11.22
2009-12-30,11.93,11.98,11.80,11.98,29100,11.47
2009-12-29,12.07,12.16,11.94,11.95,36900,11.44
2009-12-28,12.11,12.23,12.08,12.11,25000,11.60
2009-12-24,11.98,12.04,11.98,12.00,8300,11.49
2009-12-23,11.77,11.99,11.76,11.91,77400,11.41
2009-12-22,11.69,11.73,11.63,11.73,28400,11.23
2009-12-21,11.68,11.76,11.62,11.76,35100,11.16
2009-12-18,11.56,11.57,11.42,11.54,17000,10.95
2009-12-17,11.52,11.55,11.43,11.53,25200,10.94
2009-12-16,11.65,11.65,11.52,11.59,16700,10.99
2009-12-15,11.61,11.61,11.48,11.52,48100,10.93
2009-12-14,11.51,11.63,11.33,11.63,38400,11.03
2009-12-11,11.28,11.41,11.24,11.41,33800,10.82
2009-12-10,11.28,11.29,11.19,11.22,13600,10.64
2009-12-09,11.35,11.38,11.25,11.25,20100,10.67
2009-12-08,11.36,11.48,11.27,11.29,11200,10.71
2009-12-07,11.54,11.56,11.28,11.38,17400,10.79
2009-12-04,11.40,11.63,11.40,11.62,63300,11.02
2009-12-03,11.56,11.59,11.23,11.24,77200,10.66
2009-12-02,11.16,11.39,11.16,11.38,6800,10.79
2009-12-01,11.17,11.29,11.08,11.21,64900,10.63
2009-11-30,10.62,11.08,10.62,11.08,19700,10.51
2009-11-27,10.75,10.82,10.61,10.61,27300,10.06
2009-11-25,10.95,11.03,10.93,10.93,14200,10.37
2009-11-24,11.05,11.05,10.89,10.93,14700,10.37
2009-11-23,11.15,11.30,11.09,11.09,18300,10.52
2009-11-20,11.00,11.00,10.93,10.95,41700,10.39
2009-11-19,11.20,11.20,10.99,11.03,18700,10.46
2009-11-18,11.11,11.31,11.08,11.31,61100,10.73
2009-11-17,11.23,11.33,11.09,11.09,23500,10.52
2009-11-16,11.26,11.38,11.20,11.28,19500,10.70
2009-11-13,10.92,11.04,10.90,10.98,24200,10.42
2009-11-12,10.97,12.18,10.86,10.87,48300,10.31
2009-11-11,10.79,11.01,10.79,11.00,60400,10.43
2009-11-10,10.85,10.85,10.65,10.77,33400,10.22
2009-11-09,10.44,10.88,10.44,10.86,39600,10.30
2009-11-06,10.46,10.46,10.27,10.37,16700,9.84
2009-11-05,10.42,10.49,10.35,10.48,27100,9.94
2009-11-04,10.60,10.64,10.29,10.29,6300,9.76
2009-11-03,10.32,10.54,10.32,10.52,10800,9.98
2009-11-02,10.42,10.47,10.10,10.25,13800,9.72
2009-10-30,10.49,10.52,10.15,10.37,31400,9.84
2009-10-29,10.25,10.54,10.23,10.54,18800,10.00
2009-10-28,10.50,10.60,10.09,10.09,27000,9.57
2009-10-27,10.73,10.73,10.50,10.51,23100,9.97
2009-10-26,10.84,10.95,10.67,10.70,21100,10.15
2009-10-23,10.78,10.83,10.69,10.69,62900,10.14
2009-10-22,10.58,10.84,10.43,10.84,35900,10.28
2009-10-21,10.61,10.87,10.59,10.59,120600,10.05
2009-10-20,10.81,10.81,10.66,10.68,14500,10.13
2009-10-19,10.82,10.92,10.82,10.90,22200,10.34
2009-10-16,10.75,10.82,10.66,10.68,36300,10.13
2009-10-15,10.99,11.00,10.93,11.00,37000,10.43
2009-10-14,10.84,11.07,10.81,11.07,41500,10.50
2009-10-13,10.66,10.72,10.58,10.65,37100,10.10
2009-10-12,10.89,10.93,10.77,10.81,16900,10.25
2009-10-09,10.68,10.81,10.60,10.80,17400,10.24
2009-10-08,10.68,10.81,10.68,10.71,13500,10.16
2009-10-07,10.53,10.60,10.43,10.54,19200,10.00
2009-10-06,10.67,10.80,10.41,10.55,42900,10.01
2009-10-05,10.55,10.59,10.42,10.55,14400,10.01
2009-10-02,10.19,10.59,10.12,10.31,25800,9.78
2009-10-01,10.79,10.79,10.38,10.38,62600,9.85
2009-09-30,10.99,11.01,10.76,10.87,20700,10.31
2009-09-29,11.17,11.20,10.96,10.97,42500,10.41
2009-09-28,10.86,11.11,10.86,11.11,10100,10.54
2009-09-25,10.50,10.76,10.49,10.74,9100,10.19
2009-09-24,11.11,11.11,10.63,10.65,27700,10.10
2009-09-23,11.55,11.55,11.06,11.06,47300,10.49
2009-09-22,11.27,11.50,11.26,11.49,19700,10.90
2009-09-21,11.19,11.21,11.05,11.13,17500,10.56
2009-09-18,11.30,11.39,11.17,11.30,25500,10.72
2009-09-17,11.39,11.67,11.11,11.26,28300,10.68
2009-09-16,11.00,11.36,10.96,11.36,40800,10.78
2009-09-15,10.76,11.01,10.59,10.90,20700,10.34
2009-09-14,10.24,10.73,10.24,10.71,50100,10.16
2009-09-11,10.47,10.52,10.31,10.41,22900,9.87
2009-09-10,10.26,10.47,10.16,10.45,26000,9.91
2009-09-09,10.01,10.32,10.00,10.28,57900,9.75
2009-09-08,9.81,10.07,9.81,10.07,20300,9.55
2009-09-04,9.54,9.74,9.50,9.74,7000,9.24
2009-09-03,9.59,9.61,9.41,9.61,17300,9.12
2009-09-02,9.66,9.66,9.49,9.54,4700,9.05
2009-09-01,10.11,10.12,9.65,9.65,10100,9.15
2009-08-31,10.22,10.25,10.11,10.19,14200,9.67
2009-08-28,10.21,10.33,10.19,10.33,14700,9.80
2009-08-27,10.00,10.28,9.98,10.28,15500,9.75
2009-08-26,10.04,10.17,10.00,10.14,8200,9.62
2009-08-25,10.14,10.20,10.03,10.12,13400,9.60
2009-08-24,10.18,10.21,9.98,10.01,81500,9.50
2009-08-21,9.94,10.21,9.92,10.03,11800,9.51
2009-08-20,9.54,9.80,9.54,9.79,14500,9.29
2009-08-19,9.34,9.43,9.34,9.43,16100,8.95
2009-08-18,9.39,9.57,9.39,9.48,10800,8.99
2009-08-17,9.57,9.59,9.37,9.39,36300,8.91
2009-08-14,9.99,9.99,9.71,9.89,15000,9.38
2009-08-13,10.05,10.09,9.91,10.04,65400,9.52
2009-08-12,10.01,10.16,9.91,9.99,18900,9.48
2009-08-11,10.03,10.03,9.80,9.89,12800,9.38
2009-08-10,10.28,10.34,10.06,10.18,11900,9.66
2009-08-07,10.07,10.59,10.07,10.40,13300,9.87
2009-08-06,10.07,10.29,9.89,9.89,26600,9.38
2009-08-05,9.61,9.97,9.52,9.88,34000,9.37
2009-08-04,9.09,9.58,9.02,9.56,10800,9.07
2009-08-03,9.20,9.20,8.95,9.09,8900,8.62
2009-07-31,8.94,8.98,8.89,8.97,14900,8.51
2009-07-30,8.85,9.02,8.85,8.95,6700,8.49
2009-07-29,8.66,8.68,8.58,8.64,4200,8.20
2009-07-28,8.69,8.73,8.62,8.73,23400,8.28
2009-07-27,8.50,8.75,8.50,8.75,54100,8.30
2009-07-24,8.49,8.62,8.43,8.62,7300,8.18
2009-07-23,8.27,8.60,8.26,8.55,9700,8.11
2009-07-22,8.11,8.30,8.11,8.25,10100,7.83
2009-07-21,8.31,8.31,8.05,8.13,8400,7.71
2009-07-20,8.05,8.25,8.05,8.25,21100,7.83
2009-07-17,8.01,8.01,7.93,7.96,3400,7.55
2009-07-16,8.09,8.19,7.95,8.18,5300,7.76
2009-07-15,7.93,8.19,7.89,8.10,13900,7.68
2009-07-14,7.65,7.81,7.65,7.81,2200,7.41
2009-07-13,7.39,7.53,7.38,7.53,1700,7.14
2009-07-10,7.43,7.43,7.24,7.35,12000,6.97
2009-07-09,7.62,7.62,7.48,7.48,9300,7.10
2009-07-08,7.61,7.61,7.37,7.42,8800,7.04
2009-07-07,7.98,7.98,7.69,7.69,12100,7.29
2009-07-06,7.75,7.84,7.75,7.83,1300,7.43
2009-07-02,7.97,7.97,7.73,7.73,7600,7.33
2009-07-01,8.12,8.21,8.12,8.18,3700,7.76
2009-06-30,8.08,8.08,8.02,8.08,33600,7.66
2009-06-29,7.99,8.05,7.93,8.03,37300,7.62
2009-06-26,7.94,8.02,7.86,8.02,7200,7.61
2009-06-25,7.69,7.91,7.69,7.91,10100,7.50
2009-06-24,7.75,7.87,7.75,7.82,6400,7.42
2009-06-23,7.66,7.72,7.59,7.63,10900,7.24
2009-06-22,8.05,8.05,7.83,7.83,16000,7.27
2009-06-19,8.13,8.16,8.09,8.09,3500,7.51
2009-06-18,8.00,8.17,8.00,8.12,7900,7.54
2009-06-17,8.25,8.25,7.99,8.07,30900,7.50
2009-06-16,8.41,8.41,8.11,8.26,14400,7.67
2009-06-15,8.60,8.60,8.28,8.35,17400,7.76
2009-06-12,8.59,8.75,8.59,8.75,2300,8.13
2009-06-11,8.66,8.67,8.49,8.49,5600,7.89
2009-06-10,8.85,8.85,8.51,8.68,6700,8.06
2009-06-09,8.88,8.90,8.81,8.88,10200,8.25
2009-06-08,8.84,8.92,8.75,8.90,5400,8.27
2009-06-05,9.10,9.10,8.90,8.92,5000,8.29
2009-06-04,8.80,9.05,8.79,8.97,3400,8.33
2009-06-03,8.63,8.74,8.59,8.74,11700,8.12
2009-06-02,8.77,8.82,8.68,8.72,10100,8.10
2009-06-01,8.85,9.11,8.66,8.83,33200,8.20
2009-05-29,8.24,8.35,8.22,8.35,4200,7.76
2009-05-28,8.22,8.27,8.02,8.27,7900,7.68
2009-05-27,8.29,8.31,8.10,8.13,5100,7.55
2009-05-26,7.92,8.44,7.92,8.44,10500,7.84
2009-05-22,8.14,8.14,8.00,8.02,10800,7.45
2009-05-21,8.02,8.16,7.96,8.13,4700,7.55
2009-05-20,8.26,8.50,8.09,8.09,7200,7.51
2009-05-19,8.16,8.36,8.16,8.17,10100,7.59
2009-05-18,7.85,8.34,7.85,8.34,2800,7.75
2009-05-15,7.97,7.97,7.71,7.72,15900,7.17
2009-05-14,7.74,8.07,7.72,8.03,9800,7.46
2009-05-13,8.01,8.03,7.72,7.74,14000,7.19
2009-05-12,8.41,8.41,8.15,8.27,6900,7.68
2009-05-11,8.46,8.60,8.38,8.38,9000,7.78
2009-05-08,8.32,8.77,8.24,8.75,16600,8.13
2009-05-07,8.98,8.98,8.01,8.07,13400,7.50
2009-05-06,8.57,8.62,8.29,8.58,11200,7.97
2009-05-05,8.67,8.67,8.29,8.31,13400,7.72
2009-05-04,8.26,8.67,8.13,8.67,12200,8.05
2009-05-01,8.16,8.19,8.00,8.03,7900,7.46
2009-04-30,8.42,8.59,8.30,8.33,83000,7.74
2009-04-29,8.01,8.36,8.01,8.30,48500,7.71
2009-04-28,7.75,8.13,7.75,7.94,18800,7.37
2009-04-27,8.43,8.43,7.86,7.91,3900,7.35
2009-04-24,7.99,8.57,7.95,8.39,52300,7.79
2009-04-23,7.68,7.87,7.58,7.83,21100,7.27
2009-04-22,7.68,8.04,7.66,7.67,57900,7.12
2009-04-21,7.22,7.81,6.85,7.73,4600,7.18
2009-04-20,7.90,7.90,7.36,7.36,4200,6.84
2009-04-17,8.00,8.32,8.00,8.17,2900,7.59
2009-04-16,7.84,8.03,7.55,8.03,700,7.46
2009-04-15,7.10,7.63,7.04,7.63,10600,7.09
2009-04-14,7.56,7.69,7.21,7.21,19800,6.70
2009-04-13,7.66,7.89,7.49,7.89,9100,7.33
2009-04-09,7.40,7.50,7.06,7.48,3100,6.95
2009-04-08,6.74,6.79,6.63,6.70,2300,6.22
2009-04-07,7.06,7.09,6.80,6.80,1600,6.32
2009-04-06,7.21,7.34,7.06,7.28,5800,6.76
2009-04-03,6.66,7.26,6.66,7.26,3000,6.74
2009-04-02,6.47,6.75,6.46,6.75,700,6.27
2009-04-01,6.61,6.61,6.24,6.24,1400,5.80
2009-03-31,5.97,6.25,5.97,6.25,500,5.81
2009-03-30,5.95,5.95,5.92,5.92,500,5.50
2009-03-27,6.68,6.68,6.27,6.32,5900,5.87
2009-03-26,6.09,6.58,6.09,6.58,17000,6.11
2009-03-25,6.37,6.52,5.95,6.23,9300,5.79
2009-03-24,6.73,6.73,6.73,6.73,1200,6.25
2009-03-23,6.20,6.50,6.20,6.50,3700,6.04
2009-03-20,6.18,6.19,6.01,6.01,1900,5.58
2009-03-19,6.94,6.94,6.52,6.52,5600,6.06
2009-03-18,6.43,6.49,6.30,6.43,3100,5.97
2009-03-17,6.31,6.31,5.97,6.21,9900,5.77
2009-03-16,6.47,6.56,6.39,6.39,500,5.94
2009-03-13,6.60,6.63,6.55,6.55,1300,6.08
2009-03-12,6.20,6.67,6.20,6.67,19800,6.20
2009-03-11,6.20,6.26,6.20,6.26,500,5.81
2009-03-10,5.64,6.12,5.64,6.11,21700,5.68
2009-03-09,5.29,5.46,5.29,5.46,2700,5.07
2009-03-06,5.43,5.43,5.13,5.41,11000,5.02
2009-03-05,5.70,5.76,5.45,5.47,6400,5.08
2009-03-04,5.88,5.94,5.71,5.83,2100,5.42
2009-03-03,5.77,5.77,5.45,5.65,16900,5.25
2009-03-02,5.98,5.98,5.68,5.68,5000,5.28
2009-02-27,6.00,6.34,5.99,6.11,2100,5.68
2009-02-26,6.62,6.67,6.19,6.19,24100,5.75
2009-02-25,6.56,6.56,6.35,6.52,4100,6.06
2009-02-24,6.23,6.64,6.09,6.64,4200,6.17
2009-02-23,6.60,6.60,6.10,6.10,12200,5.67
2009-02-20,5.99,6.56,5.99,6.56,11800,6.09
2009-02-19,6.61,6.67,6.29,6.31,24900,5.86
2009-02-18,6.55,6.55,6.27,6.48,186500,6.02
2009-02-17,7.32,7.32,6.54,6.55,6300,6.08
2009-02-13,7.20,7.20,7.01,7.06,2500,6.56
2009-02-12,7.18,7.28,7.01,7.26,17100,6.74
2009-02-11,7.44,7.44,7.20,7.32,21100,6.80
2009-02-10,8.05,8.05,7.38,7.38,6000,6.85
2009-02-09,8.02,8.02,7.98,7.98,700,7.41
2009-02-06,7.53,8.02,7.53,8.02,3400,7.45
2009-02-05,7.35,7.73,7.35,7.73,2900,7.18
2009-02-04,7.80,7.98,7.70,7.70,5100,7.15
2009-02-03,7.83,7.85,7.76,7.82,7200,7.26
2009-02-02,7.69,7.78,7.59,7.70,2300,7.15
2009-01-30,8.20,8.25,7.80,7.80,8100,7.24
2009-01-29,8.51,8.60,8.50,8.54,5400,7.93
2009-01-28,8.33,8.61,8.33,8.59,5200,7.98
2009-01-27,8.13,8.13,7.99,8.10,5300,7.52
2009-01-26,7.95,8.20,7.95,8.09,11500,7.51
2009-01-23,7.56,8.00,7.55,8.00,13300,7.43
2009-01-22,7.99,8.18,7.68,8.04,17400,7.47
2009-01-21,7.64,7.96,7.43,7.96,11800,7.39
2009-01-20,8.02,8.02,7.70,7.72,6800,7.17
2009-01-16,8.25,8.35,8.00,8.24,20300,7.65
2009-01-15,7.84,8.16,7.48,7.95,75100,7.38
2009-01-14,8.02,8.02,7.80,7.81,17000,7.25
2009-01-13,7.94,8.31,7.94,8.20,9000,7.62
2009-01-12,8.48,8.48,7.98,7.98,2900,7.41
2009-01-09,9.91,9.91,8.55,8.55,17100,7.94
2009-01-08,9.00,9.01,8.98,9.00,6200,8.36
2009-01-07,9.16,9.34,9.02,9.09,37100,8.44
2009-01-06,9.14,9.46,8.95,9.44,7200,8.77
2009-01-05,9.01,9.18,8.92,9.00,17100,8.36
2009-01-02,9.29,9.48,9.19,9.25,68100,8.59
2008-12-31,8.98,9.46,8.65,9.40,28300,8.73
2008-12-30,8.82,8.82,8.72,8.75,3100,8.13
2008-12-29,8.83,8.83,8.53,8.65,10100,8.03
2008-12-26,8.99,9.07,8.84,9.07,11600,8.42
2008-12-24,8.87,8.96,8.83,8.96,14600,8.32
2008-12-23,9.00,9.11,8.91,8.91,13800,8.28
2008-12-22,9.43,9.43,8.81,8.81,1200,8.18
2008-12-19,9.60,10.46,8.89,9.28,19100,8.62
2008-12-18,10.54,10.54,8.78,9.06,45300,8.42
2008-12-17,9.19,10.03,9.10,9.78,87900,9.08
2008-12-16,8.61,9.25,8.48,9.25,23100,8.59
2008-12-15,8.56,8.56,8.13,8.40,28900,7.80
2008-12-12,7.75,8.59,7.71,8.59,12400,7.98
2008-12-11,10.10,10.10,7.76,7.76,35800,7.21
2008-12-10,9.15,9.79,8.62,9.18,123900,8.53
2008-12-09,8.98,9.02,8.98,9.02,1500,8.38
2008-12-08,8.73,9.16,8.66,9.16,2600,8.51
2008-12-05,7.66,8.25,7.59,8.25,4800,7.66
2008-12-04,8.05,8.05,7.86,7.96,5800,7.39
2008-12-03,7.35,7.35,7.15,7.20,10100,6.69
2008-12-02,6.75,6.94,6.75,6.94,1000,6.45
2008-12-01,7.76,7.76,7.13,7.13,3600,6.62
2008-11-28,8.14,8.18,8.14,8.18,200,7.60
2008-11-26,7.69,8.14,7.69,8.04,11600,7.47
2008-11-25,9.09,9.09,7.41,7.41,13200,6.88
2008-11-24,5.97,7.59,5.97,7.59,5800,7.05
2008-11-21,5.88,6.31,5.73,6.14,22900,5.70
2008-11-20,6.36,6.91,5.99,5.99,15700,5.56
2008-11-19,7.27,7.28,7.00,7.00,7800,6.50
2008-11-18,7.33,7.36,7.30,7.36,2200,6.84
2008-11-17,7.83,8.14,7.70,8.14,8700,7.56
2008-11-14,8.18,8.87,8.15,8.56,3600,7.95
2008-11-13,8.11,8.75,7.96,8.75,22800,8.13
2008-11-12,8.48,8.56,8.29,8.29,36000,7.70
2008-11-11,8.76,8.76,8.58,8.58,400,7.97
2008-11-10,9.15,9.87,9.00,9.00,4100,8.36
2008-11-07,9.47,9.59,9.45,9.49,1000,8.81
2008-11-06,9.64,9.75,9.30,9.30,2400,8.64
2008-11-05,10.56,10.56,10.00,10.04,5600,9.33
2008-11-04,10.56,10.83,10.56,10.83,7100,10.06
2008-11-03,10.87,10.87,10.35,10.39,4500,9.65
2008-10-31,9.68,10.62,9.68,10.53,4000,9.78
2008-10-30,9.76,9.84,9.21,9.84,22800,9.14
2008-10-29,9.49,10.00,9.39,9.99,12600,9.28
2008-10-28,8.73,9.25,8.52,9.24,32200,8.58
2008-10-27,9.45,9.45,8.30,8.69,8700,8.07
2008-10-24,9.30,9.30,8.91,9.07,4800,8.42
2008-10-23,9.51,9.77,8.79,9.49,48200,8.81
2008-10-22,10.18,10.39,9.44,9.63,55100,8.94
2008-10-21,10.94,11.07,10.78,10.78,11100,10.01
2008-10-20,11.10,11.45,10.61,10.83,6000,10.06
2008-10-17,11.20,11.99,10.74,11.08,8200,10.29
2008-10-16,10.60,10.89,10.04,10.65,10900,9.89
2008-10-15,11.74,12.39,10.60,10.60,20400,9.85
2008-10-14,14.33,14.40,11.35,11.99,49600,11.14
2008-10-13,14.04,14.04,12.06,13.00,33700,12.07
2008-10-10,10.18,13.51,9.54,12.38,32600,11.50
2008-10-09,12.29,12.29,11.30,11.31,8100,10.50
2008-10-08,11.50,12.58,11.12,11.94,32600,11.09
2008-10-07,12.84,13.40,12.44,12.49,1600,11.60
2008-10-06,13.15,13.45,11.57,13.24,29900,12.30
2008-10-03,14.62,15.00,13.78,13.83,28300,12.85
2008-10-02,15.73,15.73,14.12,14.17,51700,13.16
2008-10-01,16.63,17.40,14.73,14.73,72100,13.68
2008-09-30,15.00,15.56,14.88,15.52,13200,14.42
2008-09-29,15.47,15.72,14.67,15.31,27200,14.22
2008-09-26,15.42,16.65,15.42,16.25,70400,15.09
2008-09-25,17.08,17.51,15.25,16.47,152100,15.30
2008-09-24,16.73,16.73,15.03,15.57,60000,14.46
2008-09-23,15.47,15.51,15.45,15.51,1500,14.41
2008-09-22,16.05,16.10,15.30,15.30,2000,14.21
2008-09-19,16.38,16.41,16.38,16.40,1100,15.23
2008-09-18,14.03,15.58,14.03,15.58,3600,14.47
2008-09-17,15.48,15.51,14.94,14.98,4100,13.91
2008-09-16,15.00,15.32,14.97,15.32,1800,14.23
2008-09-15,14.13,17.03,13.99,15.15,5700,14.07
2008-09-12,15.81,15.81,15.81,15.81,300,14.68
2008-09-11,15.54,15.66,15.54,15.66,1900,14.55
2008-09-10,15.68,15.68,15.68,15.68,000,14.56
2008-09-09,16.27,16.32,15.68,15.68,700,14.56
2008-09-08,16.51,16.51,16.00,16.30,1900,15.14
2008-09-05,15.50,15.50,15.50,15.50,100,14.40
2008-09-04,15.81,15.83,15.56,15.56,2200,14.45
2008-09-03,15.77,15.87,15.77,15.87,200,14.74
2008-09-02,16.11,16.11,15.56,15.70,2900,14.58
2008-08-29,15.70,15.88,15.70,15.72,2300,14.60
2008-08-28,15.55,15.84,15.46,15.84,3600,14.71
2008-08-27,15.22,15.28,15.22,15.23,1600,14.15
2008-08-26,15.01,15.22,15.01,15.10,4800,14.03
2008-08-25,15.33,15.33,15.05,15.10,2700,14.03
2008-08-22,15.28,15.31,15.12,15.12,2000,14.04
2008-08-21,15.01,15.05,14.96,15.01,2200,13.94
2008-08-20,15.14,15.24,15.09,15.15,6900,14.07
2008-08-19,15.26,15.26,15.11,15.21,8800,14.13
2008-08-18,15.93,15.93,15.44,15.55,6300,14.44
2008-08-15,16.08,16.08,15.79,15.79,1800,14.67
2008-08-14,16.38,16.39,15.83,15.97,8200,14.83
2008-08-13,15.61,15.69,15.57,15.64,2200,14.53
2008-08-12,15.97,15.97,15.97,15.97,200,14.83
2008-08-11,15.96,16.28,15.96,16.21,8900,15.06
2008-08-08,15.47,15.97,15.45,15.96,9600,14.82
2008-08-07,15.84,15.84,15.84,15.84,000,14.71
2008-08-06,15.80,15.84,15.80,15.84,3200,14.71
2008-08-05,15.47,15.93,15.47,15.93,2100,14.80
2008-08-04,15.28,15.28,15.12,15.12,200,14.04
2008-08-01,15.28,15.38,15.25,15.38,800,14.29
2008-07-31,15.44,15.49,15.25,15.36,2200,14.27
2008-07-30,15.62,15.62,15.32,15.62,1500,14.51
2008-07-29,15.17,15.56,15.17,15.50,1400,14.40
2008-07-28,15.33,15.33,14.82,14.82,4800,13.77
2008-07-25,15.07,15.19,14.99,15.09,4800,14.02
2008-07-24,16.00,16.00,14.86,14.87,11100,13.81
2008-07-23,15.81,16.03,15.76,16.03,1800,14.89
2008-07-22,14.97,15.08,14.91,15.08,700,14.01
2008-07-21,15.20,15.20,14.59,15.09,4800,14.02
2008-07-18,15.00,15.08,14.84,15.08,2200,14.01
2008-07-17,14.62,14.63,14.62,14.63,400,13.59
2008-07-16,13.88,14.28,13.86,14.28,2600,13.26
2008-07-15,14.03,14.13,13.96,13.99,1500,12.99
2008-07-14,13.97,13.97,13.97,13.97,200,12.98
2008-07-11,13.73,14.49,13.73,14.33,4800,13.31
2008-07-10,14.17,14.17,14.17,14.17,000,13.16
2008-07-09,14.23,14.23,14.17,14.17,2000,13.16
2008-07-08,14.30,14.80,14.30,14.80,3600,13.75
2008-07-07,14.58,14.58,14.40,14.40,2100,13.38
2008-07-03,14.66,14.66,14.66,14.66,300,13.62
2008-07-02,14.93,14.93,14.93,14.93,000,13.87
2008-07-01,14.72,14.93,14.72,14.93,9200,13.87
2008-06-30,15.73,15.73,14.86,14.98,4500,13.91
2008-06-27,15.13,15.14,14.82,14.93,3000,13.87
2008-06-26,15.33,15.43,15.05,15.05,18400,13.98
2008-06-25,15.45,15.79,15.41,15.52,29300,14.42
2008-06-24,15.26,15.53,15.13,15.50,12500,14.40
2008-06-23,15.66,15.73,15.41,15.41,1300,14.31
2008-06-20,16.06,16.09,15.93,15.93,4000,14.60
2008-06-19,15.90,16.10,15.90,16.05,2300,14.71
2008-06-18,16.05,16.05,15.96,16.03,4200,14.69
2008-06-17,16.51,16.51,16.51,16.51,100,15.13
2008-06-16,16.50,16.63,16.50,16.63,700,15.24
2008-06-13,16.17,16.30,16.17,16.30,800,14.94
2008-06-12,16.16,16.21,16.16,16.21,400,14.86
2008-06-11,16.17,16.17,16.16,16.16,800,14.81
2008-06-10,16.09,16.36,16.09,16.36,800,15.00
2008-06-09,16.67,16.72,16.37,16.38,7600,15.01
2008-06-06,16.88,19.00,16.71,16.81,10000,15.41
2008-06-05,17.01,17.22,17.01,17.22,400,15.78
2008-06-04,16.77,16.92,16.77,16.88,500,15.47
2008-06-03,16.75,16.82,16.71,16.79,900,15.39
2008-06-02,16.75,16.80,16.64,16.72,5000,15.33
2008-05-30,16.98,16.98,16.98,16.98,1000,15.56
2008-05-29,17.01,17.01,17.01,17.01,200,15.59
2008-05-28,16.88,16.88,16.88,16.88,100,15.47
2008-05-27,16.78,16.78,16.78,16.78,100,15.38
2008-05-23,16.60,16.60,16.60,16.60,400,15.22
2008-05-22,16.88,16.88,16.69,16.69,3700,15.30
2008-05-21,16.97,16.97,16.92,16.92,1000,15.51
2008-05-20,17.27,17.27,17.19,17.19,900,15.76
2008-05-19,17.37,17.50,17.37,17.41,10400,15.96
2008-05-16,17.26,17.47,17.26,17.47,2200,16.01
2008-05-15,17.25,17.46,17.25,17.45,1300,15.99
2008-05-14,17.21,17.21,17.21,17.21,000,15.77
2008-05-13,17.11,17.23,17.11,17.21,700,15.77
2008-05-12,16.68,16.68,16.68,16.68,000,15.29
2008-05-09,16.83,16.83,16.68,16.68,1300,15.29
2008-05-08,17.09,17.09,16.81,16.95,6300,15.54
2008-05-07,16.98,16.98,16.97,16.97,1000,15.55
2008-05-06,17.24,17.24,17.24,17.24,000,15.80
2008-05-05,17.33,17.33,16.75,17.24,5900,15.80
2008-05-02,17.48,17.56,17.27,17.27,3600,15.83
2008-05-01,17.12,17.20,17.08,17.20,2100,15.77
2008-04-30,17.34,17.34,16.99,16.99,1200,15.57
2008-04-29,17.21,17.21,17.14,17.14,1000,15.71
2008-04-28,17.56,18.11,17.37,17.43,4600,15.98
2008-04-25,17.30,17.41,17.28,17.41,2400,15.96
2008-04-24,16.98,16.98,16.98,16.98,000,15.56
2008-04-23,16.98,17.04,16.89,16.98,3900,15.56
2008-04-22,16.69,16.83,16.69,16.83,500,15.43
2008-04-21,17.07,17.07,17.07,17.07,000,15.65
2008-04-18,17.17,17.33,17.00,17.07,11500,15.65
2008-04-17,16.89,17.02,16.86,17.01,1000,15.59
2008-04-16,16.60,16.95,16.59,16.95,3700,15.54
2008-04-15,16.24,16.24,16.12,16.15,2800,14.80
2008-04-14,16.21,16.33,16.16,16.16,1500,14.81
2008-04-11,16.40,16.40,16.29,16.30,5300,14.94
2008-04-10,16.36,16.56,16.36,16.38,6700,15.01
2008-04-09,16.56,16.59,16.28,16.28,700,14.92
2008-04-08,16.74,16.86,16.64,16.76,1300,15.36
2008-04-07,16.92,16.95,16.75,16.95,2300,15.54
2008-04-04,17.21,17.21,16.99,16.99,1700,15.57
2008-04-03,17.39,17.39,16.82,17.31,8400,15.87
2008-04-02,16.89,16.96,16.78,16.88,4500,15.47
2008-04-01,16.22,16.25,16.22,16.25,900,14.89
2008-03-31,15.98,16.64,15.98,16.06,2700,14.72
2008-03-28,16.03,16.22,15.89,15.89,4300,14.56
2008-03-27,16.51,16.51,16.12,16.12,4900,14.78
2008-03-26,16.25,16.36,16.25,16.29,1900,14.93
2008-03-25,16.56,16.62,16.56,16.62,200,15.23
2008-03-24,17.21,17.21,16.36,16.60,13500,15.22
2008-03-20,15.95,16.38,15.66,16.38,9300,15.01
2008-03-19,15.83,15.89,15.63,15.63,1200,14.33
2008-03-18,15.53,15.62,15.47,15.62,400,14.32
2008-03-17,14.72,15.00,14.67,15.00,1200,13.75
2008-03-14,15.50,15.50,15.02,15.13,1700,13.87
2008-03-13,15.04,15.16,15.04,15.16,500,13.90
2008-03-12,14.92,14.92,14.92,14.92,000,13.68
2008-03-11,14.84,14.92,14.78,14.92,1000,13.68
2008-03-10,14.65,14.65,14.65,14.65,000,13.43
2008-03-07,14.45,14.65,14.40,14.65,2300,13.43
2008-03-06,15.06,15.06,15.06,15.06,000,13.80
2008-03-05,15.11,15.11,15.06,15.06,200,13.80
2008-03-04,14.89,14.89,14.87,14.87,1000,13.63
2008-03-03,15.13,15.16,15.11,15.16,2500,13.90
2008-02-29,15.24,15.24,15.20,15.20,200,13.93
2008-02-28,15.40,15.41,15.40,15.40,300,14.12
2008-02-27,15.85,15.85,15.65,15.67,9500,14.36
2008-02-26,15.65,15.79,15.60,15.72,6100,14.41
2008-02-25,15.11,15.49,15.09,15.49,6000,14.20
2008-02-22,14.77,15.11,14.77,15.11,1200,13.85
2008-02-21,15.36,15.36,15.36,15.36,100,14.08
2008-02-20,15.02,15.19,14.92,15.14,2800,13.88
2008-02-19,15.20,15.20,14.98,15.00,800,13.75
2008-02-15,15.00,15.09,14.90,15.06,7700,13.80
2008-02-14,15.33,15.34,15.08,15.08,1200,13.82
2008-02-13,15.27,15.36,15.27,15.34,400,14.06
2008-02-12,15.17,15.17,15.07,15.07,500,13.81
2008-02-11,14.92,14.98,14.87,14.90,1500,13.66
2008-02-08,15.55,15.55,15.21,15.21,10400,13.94
2008-02-07,15.56,15.56,15.42,15.42,1000,14.13
2008-02-06,15.66,15.67,15.40,15.48,1600,14.19
2008-02-05,16.00,16.00,15.76,15.76,1200,14.45
2008-02-04,16.24,16.24,15.96,16.13,8500,14.78
2008-02-01,15.68,15.68,15.68,15.68,000,14.37
2008-01-31,15.24,15.68,15.24,15.68,8200,14.37
2008-01-30,15.74,15.77,15.74,15.77,300,14.45
2008-01-29,15.77,15.79,15.74,15.74,1700,14.43
2008-01-28,15.49,15.68,15.49,15.64,700,14.34
2008-01-25,15.74,15.74,15.14,15.14,2200,13.88
2008-01-24,15.63,15.63,15.45,15.57,1200,14.27
2008-01-23,14.73,15.15,14.73,15.15,200,13.89
2008-01-22,14.41,14.57,14.41,14.57,600,13.35
2008-01-18,14.44,14.44,14.44,14.44,200,13.24
2008-01-17,14.31,14.31,14.31,14.31,100,13.12
2008-01-16,14.30,14.58,14.27,14.58,4400,13.36
2008-01-15,14.28,14.28,14.23,14.28,900,13.09
2008-01-14,14.65,14.65,14.32,14.32,14600,13.13
2008-01-11,14.42,14.70,14.42,14.56,1600,13.35
2008-01-10,14.12,15.00,14.12,15.00,7000,13.75
2008-01-09,14.28,14.28,13.77,14.16,8900,12.98
2008-01-08,14.63,14.63,14.63,14.63,000,13.41
2008-01-07,14.92,14.92,14.63,14.63,6200,13.41
2008-01-04,15.30,15.30,15.30,15.30,000,14.02
2008-01-03,15.30,15.30,15.30,15.30,600,14.02
2008-01-02,15.72,15.72,15.59,15.59,3600,14.29
2007-12-31,15.65,15.85,15.65,15.85,1400,14.53
2007-12-28,16.14,16.14,16.14,16.14,000,14.79
2007-12-27,16.24,16.26,16.14,16.14,21000,14.79
2007-12-26,16.53,16.53,16.53,16.53,400,15.15
2007-12-24,16.35,16.35,16.35,16.35,14600,14.99
2007-12-21,15.98,15.98,15.98,15.98,000,14.65
2007-12-20,15.98,15.98,15.98,15.98,800,14.30
2007-12-19,15.98,15.98,15.98,15.98,000,14.30
2007-12-18,15.95,15.98,15.95,15.98,200,14.30
2007-12-17,16.02,16.02,15.87,15.87,300,14.20
2007-12-14,16.62,16.62,16.62,16.62,000,14.88
2007-12-13,16.77,16.77,16.62,16.62,500,14.88
2007-12-12,17.47,17.47,16.93,16.95,2800,15.17
2007-12-11,17.90,17.91,17.15,17.15,10800,15.35
2007-12-10,17.83,17.92,17.80,17.80,5900,15.93
2007-12-07,17.64,17.82,17.55,17.55,5000,15.71
2007-12-06,17.12,17.59,17.12,17.59,1400,15.74
2007-12-05,16.59,16.59,16.59,16.59,000,14.85
2007-12-04,16.54,16.62,16.54,16.59,3100,14.85
2007-12-03,16.51,16.51,16.51,16.51,000,14.78
2007-11-30,16.51,16.51,16.51,16.51,000,14.78
2007-11-29,16.51,16.51,16.51,16.51,000,14.78
2007-11-28,16.51,16.51,16.51,16.51,000,14.78
2007-11-27,16.51,16.51,16.51,16.51,000,14.78
2007-11-26,16.51,16.51,16.51,16.51,000,14.78
2007-11-23,16.51,16.51,16.51,16.51,000,14.78
2007-11-21,16.51,16.51,16.51,16.51,2700,14.78
2007-11-20,16.64,16.96,16.64,16.77,3800,15.01
2007-11-19,17.05,17.05,16.90,16.90,1400,15.13
2007-11-16,17.12,17.12,17.12,17.12,100,15.32
2007-11-15,17.59,17.59,17.59,17.59,000,15.74
2007-11-14,17.89,17.89,17.59,17.59,2200,15.74
2007-11-13,17.62,17.80,17.57,17.80,1300,15.93
2007-11-12,17.12,17.12,17.12,17.12,000,15.32
2007-11-09,17.12,17.12,17.12,17.12,000,15.32
2007-11-08,17.18,17.18,17.12,17.12,2200,15.32
2007-11-07,17.73,17.73,17.73,17.73,000,15.87
2007-11-06,17.73,17.73,17.73,17.73,000,15.87
2007-11-05,17.73,17.73,17.73,17.73,000,15.87
2007-11-02,18.05,18.05,17.73,17.73,8700,15.87
2007-11-01,18.33,18.33,18.05,18.10,1900,16.20
2007-10-31,18.61,18.69,18.61,18.69,2700,16.73
2007-10-30,18.41,18.41,18.41,18.41,000,16.48
2007-10-29,18.38,18.41,18.38,18.41,1600,16.48
2007-10-26,18.12,18.12,18.12,18.12,000,16.22
2007-10-25,18.37,18.37,18.12,18.12,1300,16.22
2007-10-24,18.05,18.05,18.05,18.05,000,16.16
2007-10-23,18.05,18.05,18.05,18.05,000,16.16
2007-10-22,17.68,18.05,17.68,18.05,3100,16.16
2007-10-19,18.62,18.62,18.51,18.51,2300,16.57
2007-10-18,18.62,18.82,18.57,18.82,1200,16.85
2007-10-17,18.59,18.59,18.59,18.59,100,16.64
2007-10-16,19.11,19.11,19.11,19.11,000,17.10
2007-10-15,19.11,19.11,19.11,19.11,200,17.10
2007-10-12,19.56,19.56,19.39,19.39,400,17.36
2007-10-11,19.82,19.82,19.45,19.45,1600,17.41
2007-10-10,19.40,19.40,19.40,19.40,000,17.36
2007-10-09,19.43,19.43,19.40,19.40,1800,17.36
2007-10-08,19.86,19.86,19.86,19.86,000,17.78
2007-10-05,19.82,19.86,19.82,19.86,2000,17.78
2007-10-04,19.36,19.36,19.36,19.36,100,17.33
2007-10-03,19.33,19.33,19.32,19.32,1500,17.29
2007-10-02,19.10,19.27,19.10,19.27,1100,17.25
2007-10-01,18.89,19.03,18.89,19.00,2400,17.01
2007-09-28,18.63,18.67,18.63,18.67,500,16.71
2007-09-27,18.68,18.68,18.68,18.68,2200,16.72
2007-09-26,18.47,18.47,18.47,18.47,000,16.53
2007-09-25,18.53,18.53,18.47,18.47,800,16.53
2007-09-24,18.57,18.72,18.57,18.72,300,16.76
2007-09-21,18.61,18.61,18.55,18.55,2500,16.60
2007-09-20,18.90,18.90,18.44,18.47,3300,16.53
2007-09-19,19.05,19.05,18.75,18.83,10000,16.85
2007-09-18,17.78,17.78,17.78,17.78,000,15.91
2007-09-17,17.81,17.81,17.78,17.78,4700,15.91
2007-09-14,17.90,17.90,17.89,17.89,900,16.01
2007-09-13,17.64,17.85,17.63,17.85,1000,15.98
2007-09-12,17.49,17.50,17.48,17.48,5200,15.65
2007-09-11,17.11,17.11,17.11,17.11,000,15.31
2007-09-10,17.35,17.35,17.11,17.11,5200,15.31
2007-09-07,17.80,17.80,17.80,17.80,000,15.93
2007-09-06,17.74,17.80,17.74,17.80,1800,15.93
2007-09-05,18.14,18.14,18.14,18.14,000,16.24
2007-09-04,18.14,18.14,18.14,18.14,200,16.24
2007-08-31,17.39,17.39,17.39,17.39,000,15.57
2007-08-30,17.23,17.42,17.23,17.39,1500,15.57
2007-08-29,17.02,17.21,16.98,17.21,1600,15.40
2007-08-28,17.68,17.68,17.68,17.68,000,15.82
2007-08-27,17.68,17.68,17.68,17.68,000,15.82
2007-08-24,17.68,17.68,17.68,17.68,1200,15.82
2007-08-23,17.90,17.90,17.90,17.90,200,16.02
2007-08-22,17.95,17.95,17.95,17.95,100,16.07
2007-08-21,17.60,17.76,17.60,17.76,600,15.90
2007-08-20,17.32,17.32,17.32,17.32,000,15.50
2007-08-17,17.32,17.32,17.32,17.32,100,15.50
2007-08-16,16.62,16.62,16.50,16.50,200,14.77
2007-08-15,16.50,17.01,16.50,16.50,7200,14.77
2007-08-14,16.74,16.74,16.74,16.74,3400,14.98
2007-08-13,17.24,17.24,17.21,17.21,200,15.40
2007-08-10,17.36,17.36,17.36,17.36,000,15.54
2007-08-09,17.36,17.36,17.36,17.36,1100,15.54
2007-08-08,17.64,17.65,17.64,17.65,400,15.80
2007-08-07,17.12,17.35,17.12,17.35,800,15.53
2007-08-06,16.52,16.84,16.52,16.84,6700,15.07
2007-08-03,17.15,17.15,17.15,17.15,000,15.35
2007-08-02,17.15,17.15,17.15,17.15,5000,15.35
2007-08-01,16.83,16.83,16.83,16.83,200,15.06
2007-07-31,17.00,17.00,17.00,17.00,100,15.22
2007-07-30,16.95,16.95,16.95,16.95,5000,15.17
2007-07-27,17.06,17.06,17.06,17.06,1100,15.27
2007-07-26,17.00,17.00,17.00,17.00,100,15.22
2007-07-25,18.11,18.11,18.11,18.11,000,16.21
2007-07-24,18.11,18.11,18.11,18.11,000,16.21
2007-07-23,18.35,18.35,18.11,18.11,600,16.21
2007-07-20,18.55,18.55,18.55,18.55,000,16.60
2007-07-19,18.55,18.55,18.55,18.55,000,16.60
2007-07-18,18.55,18.55,18.55,18.55,100,16.60
2007-07-17,18.72,18.79,18.69,18.75,2700,16.78
2007-07-16,18.99,19.06,18.86,18.86,1400,16.88
2007-07-13,18.41,18.41,18.41,18.41,000,16.48
2007-07-12,18.41,18.41,18.41,18.41,000,16.48
2007-07-11,18.41,18.41,18.41,18.41,100,16.48
2007-07-10,18.69,18.69,18.54,18.54,600,16.59
2007-07-09,18.79,18.79,18.79,18.79,000,16.82
2007-07-06,18.79,18.79,18.79,18.79,000,16.82
2007-07-05,18.79,18.79,18.79,18.79,000,16.82
2007-07-03,18.79,18.79,18.79,18.79,000,16.82
2007-07-02,18.63,18.79,18.63,18.79,600,16.82
2007-06-29,18.64,18.64,18.35,18.35,5600,16.42
2007-06-28,18.49,18.49,18.49,18.49,000,16.55
2007-06-27,18.49,18.49,18.49,18.49,000,16.55
2007-06-26,18.49,18.49,18.49,18.49,000,16.55
2007-06-25,18.49,18.49,18.49,18.49,000,16.55
2007-06-22,18.46,18.53,18.46,18.49,45000,16.55
2007-06-21,18.43,18.75,18.40,18.49,42000,16.55
2007-06-20,18.87,18.87,18.87,18.87,000,16.89
2007-06-19,18.87,18.87,18.87,18.87,5000,16.89
2007-06-18,19.03,19.04,19.03,19.04,4500,17.04
2007-06-15,18.94,18.94,18.94,18.94,000,16.95
2007-06-14,18.94,18.94,18.94,18.94,000,16.95
2007-06-13,18.94,18.94,18.94,18.94,000,16.95
2007-06-12,18.87,18.94,18.87,18.94,800,16.95
2007-06-11,19.85,19.85,19.85,19.85,000,17.77
2007-06-08,19.85,19.85,19.85,19.85,000,17.77
2007-06-07,19.85,19.85,19.85,19.85,000,17.77
2007-06-06,19.77,19.85,19.77,19.85,400,17.77
2007-06-05,20.16,20.16,20.16,20.16,500,18.04
2007-06-04,20.13,20.13,20.13,20.13,000,18.02
2007-06-01,20.13,20.13,20.13,20.13,500,18.02
2007-05-31,20.38,20.38,20.20,20.20,1400,18.08
2007-05-30,19.84,20.25,19.84,20.25,3400,18.13
2007-05-29,19.59,19.77,19.59,19.77,11000,17.70
2007-05-25,19.00,19.00,19.00,19.00,000,17.01
2007-05-24,19.19,19.19,18.98,19.00,28100,17.01
2007-05-23,19.40,19.60,19.36,19.36,6200,17.33
2007-05-22,19.23,19.51,19.23,19.51,9000,17.46
2007-05-21,19.17,19.17,19.16,19.16,22000,17.15
2007-05-18,19.02,19.07,18.95,19.07,8100,17.07
2007-05-17,19.32,19.32,19.31,19.31,5000,17.28
2007-05-16,19.82,19.82,19.55,19.59,12600,17.53
2007-05-15,20.11,20.11,19.84,19.84,7000,17.76
2007-05-14,20.23,20.25,20.09,20.09,13000,17.98
2007-05-11,20.21,20.21,20.11,20.14,10000,18.03
2007-05-10,20.16,20.16,20.09,20.09,3100,17.98
