Date,Open,High,Low,Close,Volume,Adj Close
2012-05-04,7.31,7.31,7.09,7.28,244300,7.28
2012-05-03,7.70,7.70,7.00,7.34,700500,7.34
2012-05-02,7.57,8.41,7.57,8.02,679500,8.02
2012-05-01,7.65,7.85,7.51,7.56,161800,7.56
2012-04-30,7.80,7.90,7.58,7.67,160000,7.67
2012-04-27,7.59,7.83,7.47,7.82,168500,7.82
2012-04-26,7.48,7.65,7.40,7.58,135200,7.58
2012-04-25,7.21,7.54,7.21,7.49,200700,7.49
2012-04-24,6.89,7.10,6.71,7.09,90500,7.09
2012-04-23,7.09,7.09,6.76,6.88,144300,6.88
2012-04-20,7.17,7.31,7.07,7.19,110500,7.19
2012-04-19,7.22,7.39,7.00,7.09,126300,7.09
2012-04-18,7.38,7.42,7.19,7.23,119500,7.23
2012-04-17,7.14,7.52,7.14,7.46,127700,7.46
2012-04-16,6.94,7.16,6.79,7.10,112600,7.10
2012-04-13,7.21,7.22,6.85,6.87,145900,6.87
2012-04-12,6.97,7.30,6.94,7.25,161900,7.25
2012-04-11,6.87,7.12,6.87,6.93,158700,6.93
2012-04-10,7.06,7.16,6.74,6.84,279700,6.84
2012-04-09,7.12,7.17,7.02,7.04,140400,7.04
2012-04-05,7.21,7.44,7.18,7.29,81300,7.29
2012-04-04,7.27,7.30,7.15,7.25,216700,7.25
2012-04-03,7.63,7.70,7.23,7.36,347500,7.36
2012-04-02,7.64,7.81,7.56,7.65,174900,7.65
2012-03-30,7.69,7.78,7.53,7.66,157500,7.66
2012-03-29,7.50,7.70,7.32,7.65,127300,7.65
2012-03-28,7.81,7.81,7.51,7.57,221700,7.57
2012-03-27,7.72,7.95,7.68,7.81,181900,7.81
2012-03-26,7.50,7.77,7.49,7.72,170500,7.72
2012-03-23,7.19,7.42,7.16,7.41,151900,7.41
2012-03-22,7.38,7.38,6.99,7.19,416100,7.19
2012-03-21,7.46,7.53,7.37,7.48,174900,7.48
2012-03-20,7.75,7.99,7.45,7.46,757100,7.46
2012-03-19,7.35,7.99,7.35,7.80,368500,7.80
2012-03-16,7.32,7.47,7.26,7.44,368300,7.44
2012-03-15,7.43,7.47,7.27,7.35,185400,7.35
2012-03-14,7.50,7.57,7.35,7.40,238300,7.40
2012-03-13,7.49,7.73,7.40,7.50,500200,7.50
2012-03-12,7.10,7.46,7.08,7.38,502000,7.38
2012-03-09,6.66,7.13,6.62,6.97,359300,6.97
2012-03-08,6.76,6.76,6.49,6.66,127600,6.66
2012-03-07,6.61,6.69,6.49,6.67,194500,6.67
2012-03-06,6.35,6.62,6.31,6.56,161400,6.56
2012-03-05,6.54,6.55,6.18,6.43,307600,6.43
2012-03-02,6.55,6.70,6.55,6.59,154600,6.59
2012-03-01,6.59,6.74,6.54,6.56,131000,6.56
2012-02-29,6.67,6.85,6.49,6.53,218600,6.53
2012-02-28,6.71,6.86,6.60,6.67,149700,6.67
2012-02-27,6.46,6.72,6.33,6.67,275000,6.67
2012-02-24,6.61,6.68,6.49,6.55,188600,6.55
2012-02-23,6.66,6.74,6.60,6.64,246100,6.64
2012-02-22,6.40,6.68,6.31,6.64,200400,6.64
2012-02-21,6.85,6.85,6.33,6.43,349300,6.43
2012-02-17,7.01,7.09,6.78,6.79,238100,6.79
2012-02-16,6.77,7.13,6.75,7.01,401100,7.01
2012-02-15,6.84,7.00,6.70,6.74,375900,6.74
2012-02-14,6.98,6.98,6.57,6.71,620900,6.71
2012-02-13,6.17,6.30,6.11,6.27,129800,6.27
2012-02-10,6.13,6.21,5.93,6.06,130100,6.06
2012-02-09,6.60,6.60,6.11,6.19,240100,6.19
2012-02-08,6.53,6.69,6.52,6.56,174900,6.56
2012-02-07,6.43,6.68,6.40,6.52,233800,6.52
2012-02-06,6.56,6.69,6.37,6.48,121200,6.48
2012-02-03,6.50,6.91,6.50,6.60,306400,6.60
2012-02-02,6.25,6.44,6.13,6.40,323000,6.40
2012-02-01,6.47,6.74,6.24,6.26,505500,6.26
2012-01-31,5.79,6.19,5.75,6.14,370400,6.14
2012-01-30,5.66,5.79,5.57,5.76,232500,5.76
2012-01-27,5.33,5.69,5.33,5.69,213400,5.69
2012-01-26,5.29,5.40,5.20,5.36,188400,5.36
2012-01-25,5.36,5.38,5.24,5.28,68300,5.28
2012-01-24,5.22,5.43,5.17,5.38,110900,5.38
2012-01-23,5.32,5.33,5.16,5.24,65000,5.24
2012-01-20,5.39,5.42,5.23,5.33,175400,5.33
2012-01-19,5.34,5.50,5.32,5.40,140600,5.40
2012-01-18,5.20,5.33,5.12,5.33,201800,5.33
2012-01-17,5.40,5.40,5.13,5.19,123800,5.19
2012-01-13,5.28,5.37,5.20,5.32,75000,5.32
2012-01-12,5.20,5.40,5.08,5.37,285700,5.37
2012-01-11,5.31,5.33,5.16,5.18,300800,5.18
2012-01-10,5.45,5.45,5.34,5.36,106300,5.36
2012-01-09,5.38,5.49,5.31,5.39,90000,5.39
2012-01-06,5.36,5.41,5.28,5.33,268000,5.33
2012-01-05,5.22,5.37,5.20,5.35,349300,5.35
2012-01-04,5.40,5.40,5.19,5.20,326800,5.20
2012-01-03,5.60,5.63,5.42,5.45,214000,5.45
2011-12-30,5.38,5.51,5.37,5.46,142000,5.46
2011-12-29,5.43,5.43,5.37,5.41,64800,5.41
2011-12-28,5.35,5.43,5.27,5.41,208100,5.41
2011-12-27,5.44,5.49,5.33,5.38,94800,5.38
2011-12-23,5.39,5.57,5.37,5.46,174900,5.46
2011-12-22,5.45,5.55,5.34,5.37,258400,5.37
2011-12-21,5.17,5.45,5.12,5.40,158200,5.40
2011-12-20,5.18,5.31,5.01,5.23,281600,5.23
2011-12-19,5.32,5.43,5.04,5.05,251100,5.05
2011-12-16,5.30,5.41,5.20,5.28,252200,5.28
2011-12-15,5.24,5.33,5.13,5.25,165200,5.25
2011-12-14,5.15,5.26,5.04,5.17,215500,5.17
2011-12-13,5.23,5.35,5.16,5.21,344100,5.21
2011-12-12,4.89,5.22,4.84,5.20,397100,5.20
2011-12-09,4.64,5.08,4.61,5.01,241800,5.01
2011-12-08,4.64,4.66,4.54,4.61,212400,4.61
2011-12-07,4.61,4.77,4.54,4.70,141700,4.70
2011-12-06,4.69,4.74,4.57,4.62,168800,4.62
2011-12-05,4.63,4.76,4.53,4.71,277300,4.71
2011-12-02,4.50,4.59,4.47,4.52,158800,4.52
2011-12-01,4.23,4.48,4.20,4.41,254900,4.41
2011-11-30,4.06,4.32,4.05,4.27,367600,4.27
2011-11-29,4.04,4.04,3.86,3.92,225900,3.92
2011-11-28,4.02,4.20,3.92,4.07,183100,4.07
2011-11-25,3.89,3.97,3.82,3.84,65600,3.84
2011-11-23,4.02,4.03,3.87,3.90,189800,3.90
2011-11-22,4.28,4.28,4.07,4.08,220900,4.08
2011-11-21,4.15,4.38,4.08,4.29,251600,4.29
2011-11-18,4.18,4.35,4.03,4.31,214400,4.31
2011-11-17,4.34,4.34,4.11,4.15,229000,4.15
2011-11-16,4.57,4.60,4.30,4.36,272300,4.36
2011-11-15,4.62,4.74,4.56,4.67,194200,4.67
2011-11-14,4.54,4.74,4.51,4.64,336200,4.64
2011-11-11,4.49,4.65,4.49,4.61,406300,4.61
2011-11-10,4.13,4.40,4.02,4.37,273500,4.37
2011-11-09,4.12,4.27,4.12,4.13,150800,4.13
2011-11-08,4.23,4.37,4.10,4.29,205300,4.29
2011-11-07,4.01,4.20,3.95,4.18,231100,4.18
2011-11-04,4.10,4.18,3.93,4.01,236700,4.01
2011-11-03,3.96,4.21,3.79,4.16,299700,4.16
2011-11-02,3.79,3.94,3.70,3.88,290800,3.88
2011-11-01,3.65,3.82,3.65,3.67,499000,3.67
2011-10-31,3.71,3.83,3.63,3.78,509400,3.78
2011-10-28,3.81,3.85,3.68,3.71,461400,3.71
2011-10-27,3.93,3.97,3.81,3.90,331200,3.90
2011-10-26,3.71,3.82,3.60,3.73,344500,3.73
2011-10-25,3.81,3.89,3.68,3.69,155500,3.69
2011-10-24,3.65,3.88,3.65,3.88,314400,3.88
2011-10-21,3.75,3.80,3.60,3.65,242100,3.65
2011-10-20,3.66,3.72,3.56,3.65,255700,3.65
2011-10-19,3.90,3.92,3.60,3.62,497400,3.62
2011-10-18,3.94,4.03,3.75,3.93,286000,3.93
2011-10-17,4.38,4.39,3.97,3.98,344300,3.98
2011-10-14,4.29,4.40,4.16,4.38,195200,4.38
2011-10-13,4.30,4.31,4.10,4.22,224300,4.22
2011-10-12,4.24,4.29,4.05,4.26,441000,4.26
2011-10-11,3.77,4.18,3.72,4.12,559600,4.12
2011-10-10,3.70,3.80,3.62,3.79,369100,3.79
2011-10-07,3.91,3.91,3.60,3.62,214800,3.62
2011-10-06,3.72,3.90,3.66,3.88,222000,3.88
2011-10-05,3.78,3.83,3.66,3.72,245200,3.72
2011-10-04,3.56,3.80,3.56,3.77,496900,3.77
2011-10-03,3.57,3.77,3.55,3.59,567200,3.59
2011-09-30,3.73,3.84,3.60,3.61,301100,3.61
2011-09-29,3.86,3.90,3.57,3.83,274700,3.83
2011-09-28,3.53,4.03,3.52,3.76,689500,3.76
2011-09-27,3.51,3.71,3.30,3.53,762400,3.53
2011-09-26,3.72,3.72,3.32,3.40,622100,3.40
2011-09-23,3.63,3.82,3.56,3.66,388000,3.66
2011-09-22,3.51,3.80,3.46,3.63,400600,3.63
2011-09-21,4.15,4.18,3.71,3.73,557800,3.73
2011-09-20,4.35,4.38,4.12,4.14,205100,4.14
2011-09-19,4.40,4.42,4.25,4.30,216100,4.30
2011-09-16,4.52,4.55,4.42,4.52,253800,4.52
2011-09-15,4.62,4.62,4.40,4.49,293600,4.49
2011-09-14,4.53,4.64,4.30,4.51,465200,4.51
2011-09-13,4.26,4.48,4.20,4.43,460800,4.43
2011-09-12,4.36,4.39,4.06,4.25,726900,4.25
2011-09-09,4.67,4.81,4.38,4.39,819400,4.39
2011-09-08,5.10,5.17,4.69,4.73,914100,4.73
2011-09-07,4.98,5.15,4.93,5.14,464200,5.14
2011-09-06,4.62,4.92,4.42,4.92,386100,4.92
2011-09-02,4.83,4.98,4.63,4.67,428900,4.67
2011-09-01,5.37,5.41,4.94,4.97,623000,4.97
2011-08-31,5.71,5.85,5.30,5.43,485700,5.43
2011-08-30,5.28,5.61,5.21,5.60,431300,5.60
2011-08-29,5.23,5.34,5.11,5.30,353500,5.30
2011-08-26,4.89,5.23,4.79,5.18,368300,5.18
2011-08-25,4.99,5.03,4.77,4.91,304800,4.91
2011-08-24,4.86,5.07,4.73,4.98,421000,4.98
2011-08-23,4.65,4.95,4.47,4.95,484200,4.95
2011-08-22,4.83,4.90,4.53,4.59,436400,4.59
2011-08-19,4.69,4.94,4.61,4.69,712900,4.69
2011-08-18,4.76,5.14,4.70,4.87,928800,4.87
2011-08-17,5.47,5.60,5.15,5.16,557700,5.16
2011-08-16,5.56,5.67,5.21,5.47,649500,5.47
2011-08-15,5.22,5.71,5.22,5.66,1074500,5.66
2011-08-12,4.88,5.25,4.88,5.14,1029600,5.14
2011-08-11,4.31,4.76,4.28,4.70,723600,4.70
2011-08-10,4.28,4.71,4.20,4.25,929100,4.25
2011-08-09,4.59,4.83,4.23,4.80,1401700,4.80
2011-08-08,4.50,4.67,4.15,4.23,1245000,4.23
2011-08-05,4.76,5.07,4.48,4.58,1172800,4.58
2011-08-04,5.29,5.41,4.93,4.95,1451700,4.95
2011-08-03,5.68,5.78,5.09,5.32,1719300,5.32
2011-08-02,5.01,5.69,5.00,5.58,4240900,5.58
2011-08-01,6.61,6.69,4.81,5.06,6525500,5.06
2011-07-29,8.65,9.23,8.27,8.80,761900,8.80
2011-07-28,8.67,8.92,8.53,8.71,455800,8.71
2011-07-27,8.96,9.05,8.52,8.66,658700,8.66
2011-07-26,8.68,9.10,8.58,9.05,773100,9.05
2011-07-25,8.94,8.96,8.57,8.65,470900,8.65
2011-07-22,9.17,9.24,8.94,9.08,630000,9.08
2011-07-21,9.12,9.35,9.07,9.17,398500,9.17
2011-07-20,9.31,9.31,8.98,9.11,359900,9.11
2011-07-19,9.00,9.31,8.88,9.30,650200,9.30
2011-07-18,9.63,9.74,9.12,9.23,552300,9.23
2011-07-15,9.98,10.01,9.51,9.72,940300,9.72
2011-07-14,10.49,10.55,10.05,10.08,339200,10.08
2011-07-13,10.30,10.63,10.25,10.47,460100,10.47
2011-07-12,10.35,10.53,10.17,10.25,554200,10.25
2011-07-11,10.78,10.78,10.28,10.38,736500,10.38
2011-07-08,10.41,11.00,10.25,10.95,719600,10.95
2011-07-07,10.06,10.57,9.98,10.49,399000,10.49
2011-07-06,9.78,10.14,9.78,10.00,301300,10.00
2011-07-05,9.87,9.87,9.68,9.82,398400,9.82
2011-07-01,9.48,9.84,9.41,9.83,329400,9.83
2011-06-30,9.30,9.63,9.30,9.46,395000,9.46
2011-06-29,9.53,9.72,9.05,9.29,1051500,9.29
2011-06-28,9.41,9.60,9.38,9.49,329100,9.49
2011-06-27,9.36,9.51,9.27,9.43,424700,9.43
2011-06-24,9.59,9.60,9.09,9.26,787600,9.26
2011-06-23,9.66,9.72,9.45,9.60,364600,9.60
2011-06-22,9.94,10.01,9.75,9.77,543800,9.77
2011-06-21,9.93,10.04,9.86,9.95,395100,9.95
2011-06-20,9.85,10.18,9.81,9.87,378300,9.87
2011-06-17,9.86,10.07,9.76,9.90,433200,9.90
2011-06-16,10.38,10.57,9.80,9.83,534200,9.83
2011-06-15,10.00,10.50,9.95,10.36,440000,10.36
2011-06-14,9.98,10.30,9.98,10.12,250500,10.12
2011-06-13,9.99,10.28,9.91,9.91,246100,9.91
2011-06-10,10.15,10.27,9.88,9.99,319800,9.99
2011-06-09,10.39,10.56,10.14,10.20,219400,10.20
2011-06-08,10.25,10.69,10.04,10.37,293600,10.37
2011-06-07,10.55,10.74,10.26,10.26,325200,10.26
2011-06-06,10.91,10.91,10.50,10.52,225600,10.52
2011-06-03,11.09,11.19,10.83,10.89,302700,10.89
2011-06-02,11.30,11.38,11.07,11.23,142400,11.23
2011-06-01,11.34,11.43,11.16,11.25,521400,11.25
2011-05-31,11.45,11.50,11.26,11.34,329700,11.34
2011-05-27,11.98,12.22,10.93,11.33,1519600,11.33
2011-05-26,11.66,12.02,11.66,11.94,205000,11.94
2011-05-25,11.67,11.84,11.63,11.71,414200,11.71
2011-05-24,11.96,12.01,11.71,11.72,259000,11.72
2011-05-23,12.21,12.25,11.90,11.96,340600,11.96
2011-05-20,12.43,12.60,12.35,12.41,166300,12.41
2011-05-19,12.58,12.67,12.31,12.49,184900,12.49
2011-05-18,12.34,12.65,12.30,12.49,156500,12.49
2011-05-17,12.41,12.54,12.23,12.32,207100,12.32
2011-05-16,12.56,12.77,12.40,12.41,288000,12.41
2011-05-13,12.75,12.85,12.52,12.65,301200,12.65
2011-05-12,12.91,13.03,12.63,12.72,289000,12.72
2011-05-11,13.13,13.13,12.68,12.93,265300,12.93
2011-05-10,13.03,13.29,13.03,13.16,288100,13.16
2011-05-09,12.72,13.01,12.64,12.99,403200,12.99
2011-05-06,13.15,13.20,12.70,12.82,349300,12.82
2011-05-05,13.05,13.58,12.67,12.97,704900,12.97
2011-05-04,13.05,13.46,12.61,13.00,968200,13.00
2011-05-03,12.27,13.95,12.12,12.98,4113300,12.98
2011-05-02,12.26,12.54,12.12,12.34,921700,12.34
2011-04-29,12.85,12.90,12.11,12.12,2130200,12.12
2011-04-28,14.83,15.14,14.34,14.41,867400,14.41
2011-04-27,14.84,15.03,14.59,14.92,349600,14.92
2011-04-26,14.76,14.85,14.66,14.78,362900,14.78
2011-04-25,14.58,14.87,14.58,14.69,230800,14.69
2011-04-21,14.90,14.90,14.68,14.78,168400,14.78
2011-04-20,14.99,14.99,14.69,14.74,287300,14.74
2011-04-19,14.65,14.82,14.57,14.78,480500,14.78
2011-04-18,14.63,14.63,14.21,14.55,248500,14.55
2011-04-15,14.80,15.06,14.57,14.78,286000,14.78
2011-04-14,14.55,14.81,14.41,14.80,457600,14.80
2011-04-13,14.81,15.08,14.52,14.74,1389100,14.74
2011-04-12,15.67,15.93,14.95,15.05,2206000,15.05
2011-04-11,14.82,14.82,13.87,14.02,327300,14.02
2011-04-08,14.70,15.00,14.35,14.84,258200,14.84
2011-04-07,14.97,14.98,14.49,14.66,271300,14.66
2011-04-06,15.72,15.92,14.73,14.93,290900,14.93
2011-04-05,15.28,15.84,15.28,15.56,606200,15.56
2011-04-04,14.25,15.43,14.25,15.22,643800,15.22
2011-04-01,14.52,14.52,13.82,14.15,423300,14.15
2011-03-31,14.16,14.49,14.05,14.39,256200,14.39
2011-03-30,13.48,14.26,13.40,14.18,354500,14.18
2011-03-29,13.02,13.40,12.99,13.38,167300,13.38
2011-03-28,13.26,13.26,12.86,13.00,240200,13.00
2011-03-25,13.47,13.73,13.06,13.23,478700,13.23
2011-03-24,13.52,13.61,13.15,13.34,201400,13.34
2011-03-23,12.95,13.58,12.82,13.42,238700,13.42
2011-03-22,13.07,13.24,12.73,13.02,297800,13.02
2011-03-21,12.83,13.15,12.60,13.07,391400,13.07
2011-03-18,12.86,13.15,12.54,12.68,351300,12.68
2011-03-17,13.76,13.84,12.84,12.91,540400,12.91
2011-03-16,13.53,13.97,13.31,13.41,324600,13.41
2011-03-15,13.01,13.80,13.00,13.64,420800,13.64
2011-03-14,13.73,14.12,13.39,13.63,491600,13.63
2011-03-11,14.23,14.32,13.82,14.00,445900,14.00
2011-03-10,14.28,14.58,13.89,14.43,436900,14.43
2011-03-09,14.69,14.79,14.37,14.55,301200,14.55
2011-03-08,14.30,14.78,14.08,14.70,286300,14.70
2011-03-07,14.60,15.08,13.79,14.14,431100,14.14
2011-03-04,14.90,15.10,14.51,14.87,392600,14.87
2011-03-03,13.78,14.76,13.62,14.52,622300,14.52
2011-03-02,13.49,13.80,13.29,13.57,513600,13.57
2011-03-01,13.75,13.80,13.23,13.59,418000,13.59
2011-02-28,13.59,13.85,13.52,13.71,436700,13.71
2011-02-25,13.22,13.50,13.17,13.46,201100,13.46
2011-02-24,12.72,13.30,12.58,13.15,833700,13.15
2011-02-23,12.30,12.77,12.10,12.67,570400,12.67
2011-02-22,13.73,13.78,12.29,12.32,877100,12.32
2011-02-18,13.61,13.94,13.48,13.88,615100,13.88
2011-02-17,12.81,13.71,12.67,13.62,661100,13.62
2011-02-16,11.82,13.12,11.82,12.87,1379100,12.87
2011-02-15,13.64,13.67,11.61,11.74,1825700,11.74
2011-02-14,12.99,13.84,12.99,13.54,924400,13.54
2011-02-11,12.70,12.95,12.70,12.95,191200,12.95
2011-02-10,12.30,12.74,12.25,12.70,398800,12.70
2011-02-09,12.28,12.43,12.15,12.39,246500,12.39
2011-02-08,12.05,12.57,12.03,12.26,469700,12.26
2011-02-07,11.95,12.10,11.76,11.82,343600,11.82
2011-02-04,11.63,12.18,11.63,11.98,401400,11.98
2011-02-03,11.53,11.77,11.51,11.62,278300,11.62
2011-02-02,11.37,11.80,11.30,11.52,499000,11.52
2011-02-01,10.83,11.49,10.82,11.27,465600,11.27
2011-01-31,10.72,10.97,10.44,10.74,201600,10.74
2011-01-28,10.94,11.03,10.50,10.69,188700,10.69
2011-01-27,10.88,10.99,10.62,10.97,196200,10.97
2011-01-26,10.60,10.94,10.49,10.87,181000,10.87
2011-01-25,10.10,10.60,10.04,10.59,250600,10.59
2011-01-24,10.33,10.40,10.11,10.15,227600,10.15
2011-01-21,10.58,10.75,10.28,10.39,418900,10.39
2011-01-20,10.42,10.80,10.37,10.51,620600,10.51
2011-01-19,11.20,11.20,10.23,10.33,637200,10.33
2011-01-18,11.40,11.47,11.22,11.24,263300,11.24
2011-01-14,11.55,11.60,11.23,11.30,200800,11.30
2011-01-13,11.41,11.56,11.12,11.42,402500,11.42
2011-01-12,11.17,11.44,11.01,11.42,354400,11.42
2011-01-11,11.40,11.42,10.81,10.93,637000,10.93
2011-01-10,11.01,11.38,10.87,11.35,1183200,11.35
2011-01-07,10.75,10.99,10.55,10.70,345100,10.70
2011-01-06,10.85,11.55,10.43,10.66,1671100,10.66
2011-01-05,9.17,9.56,9.17,9.53,341100,9.53
2011-01-04,9.45,9.50,8.81,8.98,317700,8.98
2011-01-03,9.11,9.45,9.07,9.39,252000,9.39
2010-12-31,9.06,9.15,8.86,8.98,203600,8.98
2010-12-30,9.04,9.20,9.04,9.08,98400,9.08
2010-12-29,8.96,9.15,8.95,9.07,130600,9.07
2010-12-28,9.00,9.00,8.90,8.96,83100,8.96
2010-12-27,8.76,9.06,8.73,9.00,233100,9.00
2010-12-23,8.97,8.99,8.57,8.70,483600,8.70
2010-12-22,8.87,9.10,8.87,9.00,278600,9.00
2010-12-21,8.95,9.05,8.72,8.84,447600,8.84
2010-12-20,8.63,8.97,8.63,8.91,295900,8.91
2010-12-17,8.46,8.74,8.40,8.58,556300,8.58
2010-12-16,7.96,8.63,7.96,8.47,875900,8.47
2010-12-15,7.03,8.03,7.03,7.92,832700,7.92
2010-12-14,6.98,7.25,6.90,7.00,335300,7.00
2010-12-13,7.28,7.34,6.93,6.94,255900,6.94
2010-12-10,6.64,7.25,6.64,7.24,651800,7.24
2010-12-09,6.67,6.71,6.52,6.59,132100,6.59
2010-12-08,6.62,6.73,6.56,6.63,101000,6.63
2010-12-07,6.50,6.72,6.50,6.64,240900,6.64
2010-12-06,6.22,6.47,6.14,6.43,330700,6.43
2010-12-03,6.07,6.25,6.06,6.25,277600,6.25
2010-12-02,6.18,6.20,5.92,6.10,445600,6.10
2010-12-01,6.42,6.49,6.20,6.20,240000,6.20
2010-11-30,6.34,6.40,6.28,6.36,234000,6.36
2010-11-29,6.45,6.50,6.26,6.39,270900,6.39
2010-11-26,6.51,6.51,6.40,6.45,74900,6.45
2010-11-24,6.67,6.74,6.49,6.55,236600,6.55
2010-11-23,6.64,6.77,6.50,6.59,293700,6.59
2010-11-22,6.79,6.79,6.52,6.71,689000,6.71
2010-11-19,6.44,6.78,6.38,6.67,398400,6.67
2010-11-18,6.31,6.62,6.24,6.44,632600,6.44
2010-11-17,6.44,6.47,6.24,6.28,256400,6.28
2010-11-16,6.36,6.42,6.30,6.41,223400,6.41
2010-11-15,6.34,6.47,6.27,6.41,303900,6.41
2010-11-12,6.36,6.45,6.26,6.30,387100,6.30
2010-11-11,5.95,6.47,5.81,6.40,801100,6.40
2010-11-10,5.89,6.16,5.61,5.99,859700,5.99
2010-11-09,5.91,6.19,5.85,5.91,830500,5.91
2010-11-08,5.39,5.95,5.34,5.91,1110500,5.91
2010-11-05,5.50,5.59,5.06,5.25,1174200,5.25
2010-11-04,5.02,5.67,5.02,5.40,1010500,5.40
2010-11-03,4.80,5.07,4.78,5.02,1081000,5.02
2010-11-02,4.71,4.91,4.50,4.78,3354900,4.78
2010-11-01,3.83,4.00,3.83,3.93,647000,3.93
2010-10-29,3.63,3.75,3.51,3.75,376000,3.75
2010-10-28,3.83,3.83,3.65,3.66,397200,3.66
2010-10-27,3.81,3.87,3.75,3.80,190800,3.80
2010-10-26,3.73,3.85,3.73,3.80,136200,3.80
2010-10-25,3.85,3.88,3.75,3.76,111900,3.76
2010-10-22,3.75,3.84,3.72,3.84,116500,3.84
2010-10-21,3.80,3.83,3.69,3.74,121400,3.74
2010-10-20,3.76,3.84,3.73,3.78,160900,3.78
2010-10-19,3.76,3.82,3.71,3.74,268600,3.74
2010-10-18,3.80,3.85,3.76,3.80,195600,3.80
2010-10-15,3.86,3.86,3.75,3.78,176900,3.78
2010-10-14,3.84,3.87,3.76,3.80,119000,3.80
2010-10-13,3.85,3.91,3.79,3.85,474400,3.85
2010-10-12,3.95,3.95,3.82,3.84,289400,3.84
2010-10-11,3.97,4.08,3.93,3.95,388700,3.95
2010-10-08,3.85,3.92,3.80,3.89,95900,3.89
2010-10-07,3.85,3.92,3.72,3.86,187500,3.86
2010-10-06,3.97,3.99,3.80,3.86,79800,3.86
2010-10-05,3.85,4.00,3.81,3.99,68000,3.99
2010-10-04,3.94,3.98,3.80,3.83,123500,3.83
2010-10-01,3.98,4.03,3.93,3.94,94900,3.94
2010-09-30,4.05,4.05,3.93,3.93,169500,3.93
2010-09-29,3.97,4.09,3.91,4.04,139600,4.04
2010-09-28,4.15,4.16,3.97,4.00,277000,4.00
2010-09-27,4.19,4.20,4.10,4.14,69300,4.14
2010-09-24,4.22,4.29,4.14,4.20,348400,4.20
2010-09-23,4.24,4.28,4.15,4.20,135200,4.20
2010-09-22,4.31,4.37,4.19,4.29,207200,4.29
2010-09-21,4.20,4.36,4.12,4.31,320100,4.31
2010-09-20,3.94,4.30,3.87,4.19,262300,4.19
2010-09-17,4.07,4.08,3.94,3.94,285300,3.94
2010-09-16,4.17,4.17,4.00,4.06,179600,4.06
2010-09-15,4.22,4.33,4.05,4.16,326300,4.16
2010-09-14,4.08,4.41,4.06,4.21,549900,4.21
2010-09-13,4.56,4.56,4.31,4.48,423500,4.48
2010-09-10,4.95,5.07,4.48,4.52,897400,4.52
2010-09-09,4.40,5.00,4.35,4.87,1692400,4.87
2010-09-08,4.50,4.59,4.07,4.38,3007800,4.38
2010-09-07,3.50,3.54,3.35,3.50,252100,3.50
2010-09-03,3.53,3.54,3.36,3.50,326700,3.50
2010-09-02,3.39,3.51,3.33,3.49,277000,3.49
2010-09-01,3.40,3.53,3.30,3.45,716400,3.45
2010-08-31,2.77,3.40,2.77,3.36,1400700,3.36
2010-08-30,2.42,2.58,2.36,2.47,865100,2.47
2010-08-27,3.19,3.25,2.42,2.77,2554500,2.77
2010-08-26,3.21,3.22,3.12,3.19,234800,3.19
2010-08-25,3.11,3.24,3.05,3.22,295000,3.22
2010-08-24,3.16,3.18,3.05,3.10,160200,3.10
2010-08-23,3.29,3.29,3.14,3.19,177600,3.19
2010-08-20,3.26,3.31,3.05,3.21,440600,3.21
2010-08-19,3.60,3.60,3.33,3.33,246100,3.33
2010-08-18,3.69,3.73,3.51,3.61,663600,3.61
2010-08-17,3.42,3.86,3.42,3.70,592900,3.70
2010-08-16,3.39,3.47,3.30,3.45,369900,3.45
2010-08-13,3.37,3.48,3.21,3.35,426500,3.35
2010-08-12,3.06,3.40,3.00,3.32,538700,3.32
2010-08-11,3.28,3.28,3.05,3.12,541400,3.12
2010-08-10,3.08,3.42,2.95,3.29,1172100,3.29
2010-08-09,3.09,3.63,2.98,3.07,3539900,3.07
2010-08-06,2.58,2.59,2.33,2.49,400200,2.49
2010-08-05,2.81,2.81,2.48,2.59,496100,2.59
2010-08-04,2.69,2.84,2.58,2.81,535700,2.81
2010-08-03,2.73,2.74,2.59,2.69,285600,2.69
2010-08-02,2.75,2.76,2.58,2.74,360200,2.74
2010-07-30,2.40,2.69,2.30,2.66,398100,2.66
2010-07-29,2.46,2.46,2.26,2.43,332000,2.43
2010-07-28,2.56,2.56,2.45,2.46,182400,2.46
2010-07-27,2.61,2.65,2.54,2.54,281400,2.54
2010-07-26,2.50,2.59,2.47,2.53,340700,2.53
2010-07-23,2.34,2.47,2.30,2.46,399700,2.46
2010-07-22,2.35,2.37,2.28,2.33,367900,2.33
2010-07-21,2.51,2.60,2.34,2.34,352600,2.34
2010-07-20,2.24,2.44,2.24,2.43,253500,2.43
2010-07-19,2.44,2.44,2.27,2.33,384000,2.33
2010-07-16,2.79,2.79,2.35,2.43,901000,2.43
2010-07-15,3.00,3.28,2.70,2.78,2776800,2.78
2010-07-14,2.53,2.53,2.22,2.25,914800,2.25
2010-07-13,2.40,2.72,2.29,2.49,1722900,2.49
2010-07-12,2.11,2.38,1.94,2.31,1749800,2.31
2010-07-09,2.35,2.80,2.15,2.16,6567100,2.16
2010-07-08,1.65,2.70,1.55,2.34,9232700,2.34
2010-07-07,2.75,2.75,1.43,1.54,12540100,1.54
2010-07-06,6.68,6.73,6.21,6.22,165300,6.22
2010-07-02,6.73,6.73,6.52,6.53,149700,6.53
2010-07-01,6.77,6.81,6.65,6.67,214200,6.67
2010-06-30,6.75,7.05,6.75,6.79,163600,6.79
2010-06-29,7.05,7.09,6.72,6.77,288500,6.77
2010-06-28,7.29,7.33,7.16,7.17,99000,7.17
2010-06-25,7.05,7.53,6.97,7.29,495800,7.29
2010-06-24,7.12,7.18,7.02,7.02,38200,7.02
2010-06-23,7.21,7.24,7.00,7.18,48000,7.18
2010-06-22,7.29,7.35,7.08,7.12,148300,7.12
2010-06-21,7.45,7.45,7.23,7.25,75200,7.25
2010-06-18,7.33,7.45,7.32,7.32,110200,7.32
2010-06-17,7.32,7.35,7.19,7.30,33000,7.30
2010-06-16,7.18,7.30,7.07,7.25,133900,7.25
2010-06-15,7.43,7.43,7.13,7.24,138700,7.24
2010-06-14,7.44,7.47,7.30,7.38,48000,7.38
2010-06-11,7.28,7.41,7.28,7.36,59500,7.36
2010-06-10,7.28,7.49,7.18,7.40,80800,7.40
2010-06-09,7.25,7.25,7.05,7.16,123500,7.16
2010-06-08,7.51,7.51,7.01,7.17,172700,7.17
2010-06-07,7.65,7.65,7.44,7.46,119000,7.46
2010-06-04,7.89,8.11,7.60,7.63,167100,7.63
2010-06-03,7.94,8.09,7.78,8.07,134900,8.07
2010-06-02,7.80,7.97,7.58,7.95,136800,7.95
2010-06-01,8.14,8.14,7.70,7.77,155600,7.77
2010-05-28,8.06,8.23,7.88,8.23,141800,8.23
2010-05-27,7.95,8.10,7.69,8.10,205900,8.10
2010-05-26,7.49,7.83,7.49,7.74,154700,7.74
2010-05-25,6.96,7.56,6.76,7.47,234500,7.47
2010-05-24,7.08,7.14,6.95,7.07,112700,7.07
2010-05-21,7.03,7.14,6.90,7.06,143700,7.06
2010-05-20,7.57,7.67,7.11,7.14,157500,7.14
2010-05-19,7.69,7.90,7.66,7.70,154600,7.70
2010-05-18,7.90,8.00,7.70,7.77,139900,7.77
2010-05-17,7.47,7.98,7.47,7.78,212400,7.78
2010-05-14,7.15,7.59,7.01,7.39,399600,7.39
2010-05-13,7.35,7.52,7.02,7.23,179200,7.23
2010-05-12,7.15,7.75,7.15,7.35,291900,7.35
2010-05-11,6.79,7.14,6.75,7.11,106400,7.11
2010-05-10,6.70,6.91,6.70,6.89,114400,6.89
2010-05-07,6.63,6.72,6.33,6.38,298400,6.38
2010-05-06,6.84,6.93,6.39,6.67,215100,6.67
2010-05-05,6.80,6.93,6.72,6.84,139400,6.84
2010-05-04,6.73,7.18,6.08,6.83,285400,6.83
2010-05-03,6.74,6.77,6.46,6.58,163000,6.58
2010-04-30,7.16,7.24,6.68,6.69,313700,6.69
2010-04-29,7.11,7.24,7.01,7.18,291800,7.18
2010-04-28,7.34,7.38,6.96,6.99,302700,6.99
2010-04-27,7.62,7.73,7.31,7.32,272500,7.32
2010-04-26,7.82,7.87,7.61,7.67,209600,7.67
2010-04-23,7.78,7.90,7.70,7.85,174400,7.85
2010-04-22,7.79,7.90,7.75,7.80,242200,7.80
2010-04-21,7.95,7.97,7.81,7.88,193600,7.88
2010-04-20,7.64,8.10,7.64,7.95,360700,7.95
2010-04-19,7.64,7.96,7.55,7.67,280800,7.67
2010-04-16,7.29,7.69,7.24,7.59,521300,7.59
2010-04-15,7.11,7.30,7.06,7.29,318700,7.29
2010-04-14,7.14,7.20,7.01,7.14,149800,7.14
2010-04-13,6.73,7.20,6.67,7.14,493300,7.14
2010-04-12,6.58,6.81,6.47,6.79,303000,6.79
2010-04-09,6.50,6.57,6.44,6.52,88000,6.52
2010-04-08,6.51,6.57,6.41,6.50,110000,6.50
2010-04-07,6.51,6.60,6.46,6.54,120300,6.54
2010-04-06,6.46,6.54,6.40,6.54,113100,6.54
2010-04-05,6.33,6.59,6.27,6.51,190200,6.51
2010-04-01,6.19,6.34,6.10,6.28,226900,6.28
2010-03-31,6.17,6.24,6.11,6.17,158200,6.17
2010-03-30,6.20,6.26,6.15,6.20,114700,6.20
2010-03-29,6.34,6.42,6.06,6.15,188300,6.15
2010-03-26,6.37,6.56,6.23,6.34,132000,6.34
2010-03-25,6.68,6.68,6.36,6.37,61200,6.37
2010-03-24,6.72,6.73,6.57,6.61,93400,6.61
2010-03-23,6.86,6.87,6.75,6.76,116100,6.76
2010-03-22,6.58,6.95,6.58,6.85,361700,6.85
2010-03-19,6.68,6.68,6.41,6.65,307100,6.65
2010-03-18,6.53,6.70,6.47,6.63,90200,6.63
2010-03-17,6.54,6.54,6.40,6.50,174100,6.50
2010-03-16,6.55,6.58,6.40,6.51,68500,6.51
2010-03-15,6.50,6.56,6.45,6.55,56200,6.55
2010-03-12,6.57,6.59,6.50,6.53,52700,6.53
2010-03-11,6.47,6.59,6.47,6.56,149900,6.56
2010-03-10,6.37,6.53,6.36,6.53,293700,6.53
2010-03-09,6.43,6.47,6.35,6.39,99600,6.39
2010-03-08,6.62,6.62,6.41,6.43,501000,6.43
2010-03-05,6.64,6.64,6.56,6.60,234800,6.60
2010-03-04,6.46,6.65,6.46,6.59,264200,6.59
2010-03-03,6.52,6.54,6.40,6.40,163600,6.40
2010-03-02,6.36,6.58,6.28,6.49,236100,6.49
2010-03-01,6.49,6.58,6.24,6.33,379200,6.33
2010-02-26,6.56,6.63,6.41,6.47,290400,6.47
2010-02-25,6.23,6.58,6.23,6.58,349200,6.58
2010-02-24,6.18,6.25,6.03,6.21,1330900,6.21
2010-02-23,6.34,6.39,6.17,6.18,169100,6.18
2010-02-22,6.30,6.42,6.25,6.33,79500,6.33
2010-02-19,6.40,6.40,6.18,6.27,617000,6.27
2010-02-18,6.26,6.34,6.13,6.34,78700,6.34
2010-02-17,6.35,6.40,6.19,6.26,111300,6.26
2010-02-16,5.95,6.35,5.88,6.31,801100,6.31
2010-02-12,5.88,5.93,5.83,5.88,128800,5.88
2010-02-11,5.96,6.02,5.87,5.91,264000,5.91
2010-02-10,5.99,6.05,5.85,5.96,216600,5.96
2010-02-09,6.02,6.18,5.96,5.99,224600,5.99
2010-02-08,6.15,6.21,6.04,6.05,87200,6.05
2010-02-05,6.34,6.34,6.11,6.14,108000,6.14
2010-02-04,6.40,6.49,6.29,6.31,72900,6.31
2010-02-03,6.53,6.59,6.40,6.46,176900,6.46
2010-02-02,6.58,6.64,6.50,6.57,108500,6.57
2010-02-01,6.55,6.88,6.34,6.60,315500,6.60
2010-01-29,6.44,6.63,6.36,6.54,354900,6.54
2010-01-28,6.52,6.52,6.30,6.44,99100,6.44
2010-01-27,6.55,6.63,6.42,6.53,118400,6.53
2010-01-26,6.70,6.76,6.56,6.56,102300,6.56
2010-01-25,6.79,6.86,6.63,6.70,104300,6.70
2010-01-22,6.85,6.94,6.63,6.72,252000,6.72
2010-01-21,7.12,7.24,6.81,6.83,205300,6.83
2010-01-20,7.30,7.30,6.98,7.10,130600,7.10
2010-01-19,7.25,7.39,7.24,7.32,122400,7.32
2010-01-15,7.25,7.42,7.10,7.23,198300,7.23
2010-01-14,7.35,7.39,7.14,7.28,145700,7.28
2010-01-13,7.32,7.42,7.11,7.33,88100,7.33
2010-01-12,7.55,7.55,7.27,7.28,149800,7.28
2010-01-11,7.59,7.59,7.48,7.51,231800,7.51
2010-01-08,7.53,7.59,7.49,7.57,63700,7.57
2010-01-07,7.40,7.69,7.25,7.60,183900,7.60
2010-01-06,7.81,7.88,7.63,7.76,126000,7.76
2010-01-05,7.69,7.94,7.69,7.79,182800,7.79
2010-01-04,7.54,7.68,7.42,7.65,110300,7.65
2009-12-31,7.59,7.63,7.44,7.45,132100,7.45
2009-12-30,7.64,7.68,7.48,7.62,60000,7.62
2009-12-29,7.54,7.68,7.48,7.64,156300,7.64
2009-12-28,7.60,7.72,7.46,7.50,101000,7.50
2009-12-24,7.54,7.65,7.54,7.61,34600,7.61
2009-12-23,7.52,7.56,7.46,7.54,60100,7.54
2009-12-22,7.56,7.58,7.44,7.47,60000,7.47
2009-12-21,7.34,7.58,7.28,7.53,59900,7.53
2009-12-18,7.55,7.55,7.15,7.30,221300,7.30
2009-12-17,7.58,7.66,7.34,7.49,112200,7.49
2009-12-16,7.48,7.76,7.38,7.64,125200,7.64
2009-12-15,7.05,7.44,6.96,7.40,272000,7.40
2009-12-14,7.02,7.10,6.96,7.04,64000,7.04
2009-12-11,6.94,7.10,6.93,7.01,99400,7.01
2009-12-10,6.98,7.09,6.78,6.93,79300,6.93
2009-12-09,6.91,7.07,6.66,6.94,547000,6.94
2009-12-08,6.84,7.05,6.72,6.92,98900,6.92
2009-12-07,7.12,7.15,6.77,6.86,97700,6.86
2009-12-04,7.30,7.47,7.02,7.12,130400,7.12
2009-12-03,7.17,7.33,7.15,7.16,178400,7.16
2009-12-02,6.98,7.13,6.88,7.13,160900,7.13
2009-12-01,6.86,7.01,6.75,6.96,210500,6.96
2009-11-30,6.61,6.82,6.55,6.79,159900,6.79
2009-11-27,6.79,6.83,6.63,6.64,71100,6.64
2009-11-25,6.85,6.95,6.83,6.85,81600,6.85
2009-11-24,6.92,7.00,6.80,6.85,149600,6.85
2009-11-23,6.91,7.23,6.84,6.90,99500,6.90
2009-11-20,6.77,6.99,6.75,6.79,48100,6.79
2009-11-19,7.01,7.07,6.75,6.83,74200,6.83
2009-11-18,7.20,7.30,7.00,7.04,59300,7.04
2009-11-17,6.77,7.26,6.71,7.20,96600,7.20
2009-11-16,6.79,7.03,6.72,6.77,129200,6.77
2009-11-13,6.68,6.80,6.60,6.71,172600,6.71
2009-11-12,7.31,7.36,6.64,6.68,107100,6.68
2009-11-11,7.30,7.37,7.26,7.32,42300,7.32
2009-11-10,7.42,7.50,7.21,7.25,60600,7.25
2009-11-09,7.56,7.56,7.37,7.43,226800,7.43
2009-11-06,7.57,7.68,7.44,7.48,36000,7.48
2009-11-05,7.51,7.80,7.47,7.62,95000,7.62
2009-11-04,7.67,7.84,7.35,7.43,123000,7.43
2009-11-03,8.03,8.03,7.12,7.68,479100,7.68
2009-11-02,8.04,8.29,7.69,8.06,169500,8.06
2009-10-30,8.20,8.43,7.93,8.04,87200,8.04
2009-10-29,8.16,8.34,8.08,8.28,140000,8.28
2009-10-28,8.26,8.26,8.04,8.13,257900,8.13
2009-10-27,8.34,8.36,8.00,8.25,249300,8.25
2009-10-26,8.92,9.36,8.27,8.34,242600,8.34
2009-10-23,8.38,8.43,7.81,8.11,674900,8.11
2009-10-22,8.31,8.48,8.14,8.38,33400,8.38
2009-10-21,8.51,8.62,8.18,8.30,105400,8.30
2009-10-20,8.45,8.55,8.32,8.50,55100,8.50
2009-10-19,8.42,8.55,8.31,8.46,70100,8.46
2009-10-16,8.26,8.42,8.13,8.37,73600,8.37
2009-10-15,8.34,8.41,8.11,8.32,84000,8.32
2009-10-14,8.07,8.42,8.01,8.37,248600,8.37
2009-10-13,7.85,8.05,7.82,8.04,58200,8.04
2009-10-12,7.85,7.96,7.77,7.86,127500,7.86
2009-10-09,7.51,7.80,7.51,7.80,39800,7.80
2009-10-08,7.47,7.62,7.47,7.52,125800,7.52
2009-10-07,7.45,7.54,7.38,7.42,126500,7.42
2009-10-06,7.65,7.73,7.45,7.49,116400,7.49
2009-10-05,7.62,7.67,7.50,7.58,197400,7.58
2009-10-02,7.83,7.87,7.56,7.61,109300,7.61
2009-10-01,8.03,8.18,7.78,7.88,79900,7.88
2009-09-30,8.25,8.25,7.78,8.03,104700,8.03
2009-09-29,8.33,8.40,8.17,8.27,50700,8.27
2009-09-28,8.12,8.41,8.12,8.30,42100,8.30
2009-09-25,7.99,8.13,7.98,8.12,51900,8.12
2009-09-24,8.13,8.19,7.79,7.99,68400,7.99
2009-09-23,8.28,8.45,8.07,8.13,106100,8.13
2009-09-22,8.52,8.52,8.16,8.28,74100,8.28
2009-09-21,8.55,8.59,8.32,8.44,159700,8.44
2009-09-18,8.61,8.82,8.41,8.66,200400,8.66
2009-09-17,8.64,8.79,8.46,8.59,196900,8.59
2009-09-16,7.99,8.65,7.84,8.64,226500,8.64
2009-09-15,7.83,8.03,7.83,7.99,150300,7.99
2009-09-14,7.65,7.88,7.53,7.87,148100,7.87
2009-09-11,7.98,7.98,7.57,7.72,182000,7.72
2009-09-10,8.03,8.07,7.87,7.99,118900,7.99
2009-09-09,7.68,8.06,7.64,8.01,211700,8.01
2009-09-08,7.78,7.78,7.62,7.71,107900,7.71
2009-09-04,7.56,7.79,7.48,7.75,121400,7.75
2009-09-03,7.62,7.76,7.38,7.59,196300,7.59
2009-09-02,7.48,7.85,7.32,7.50,252900,7.50
2009-09-01,7.50,7.64,7.28,7.48,226600,7.48
2009-08-31,7.63,7.63,7.31,7.56,172000,7.56
2009-08-28,7.38,7.83,7.15,7.67,532700,7.67
2009-08-27,7.32,7.45,7.22,7.34,67500,7.34
2009-08-26,7.36,7.41,7.25,7.32,161600,7.32
2009-08-25,7.20,7.42,7.14,7.34,224500,7.34
2009-08-24,7.27,7.34,7.07,7.15,235300,7.15
2009-08-21,7.24,7.36,7.13,7.28,424400,7.28
2009-08-20,7.08,7.27,7.05,7.17,372800,7.17
2009-08-19,7.25,7.30,7.05,7.12,292700,7.12
2009-08-18,7.13,7.39,7.09,7.29,463800,7.29
2009-08-17,6.79,7.15,6.75,7.04,326000,7.04
2009-08-14,6.95,7.05,6.81,6.87,114800,6.87
2009-08-13,7.17,7.24,6.91,6.95,202700,6.95
2009-08-12,7.00,7.30,6.85,7.05,386200,7.05
2009-08-11,7.11,7.19,6.96,6.96,247000,6.96
2009-08-10,6.54,7.28,6.54,7.04,586800,7.04
2009-08-07,6.66,6.71,6.54,6.56,1229200,6.56
2009-08-06,7.04,7.04,6.53,6.53,623500,6.53
2009-08-05,7.74,7.80,6.94,7.00,292700,7.00
2009-08-04,8.31,8.31,7.35,7.72,251000,7.72
2009-08-03,8.34,8.34,8.05,8.15,158500,8.15
2009-07-31,8.35,8.45,8.26,8.26,79500,8.26
2009-07-30,8.47,8.47,8.26,8.35,93100,8.35
2009-07-29,8.39,8.47,8.25,8.36,63500,8.36
2009-07-28,8.41,8.47,8.24,8.42,73700,8.42
2009-07-27,8.40,8.50,8.25,8.48,47200,8.48
2009-07-24,8.49,9.00,8.38,8.41,209600,8.41
2009-07-23,8.07,8.55,8.07,8.52,162200,8.52
2009-07-22,8.07,8.20,8.05,8.05,41100,8.05
2009-07-21,8.27,8.29,7.98,8.08,46700,8.08
2009-07-20,8.33,8.51,8.00,8.19,109100,8.19
2009-07-17,8.55,8.63,8.36,8.41,117400,8.41
2009-07-16,8.38,8.60,8.10,8.55,105300,8.55
2009-07-15,8.31,8.46,8.08,8.43,181600,8.43
2009-07-14,8.03,8.27,8.00,8.22,141000,8.22
2009-07-13,7.70,8.11,7.67,8.07,478200,8.07
2009-07-10,7.64,7.77,7.63,7.71,83600,7.71
2009-07-09,7.64,7.72,7.48,7.69,226500,7.69
2009-07-08,7.60,7.69,7.50,7.62,115200,7.62
2009-07-07,7.35,7.58,7.35,7.54,69200,7.54
2009-07-06,7.32,7.41,7.31,7.36,76000,7.36
2009-07-02,7.50,7.50,7.21,7.46,120600,7.46
2009-07-01,7.56,7.69,7.52,7.63,111700,7.63
2009-06-30,7.25,7.68,7.22,7.50,133800,7.50
2009-06-29,7.32,7.32,7.08,7.13,129800,7.13
2009-06-26,7.02,7.33,6.88,7.31,360300,7.31
2009-06-25,6.80,7.04,6.75,7.04,59800,7.04
2009-06-24,6.71,6.91,6.62,6.87,92900,6.87
2009-06-23,6.93,6.97,6.65,6.65,151100,6.65
2009-06-22,7.01,7.04,6.95,6.96,110600,6.96
2009-06-19,7.00,7.27,7.00,7.06,178400,7.06
2009-06-18,6.78,6.99,6.77,6.95,130800,6.95
2009-06-17,6.56,6.80,6.55,6.75,439500,6.75
2009-06-16,6.87,6.87,6.40,6.58,297300,6.58
2009-06-15,7.09,7.14,6.75,6.78,195900,6.78
2009-06-12,7.11,7.36,6.85,7.09,255200,7.09
2009-06-11,7.61,7.70,7.43,7.47,317500,7.47
2009-06-10,7.87,8.10,7.45,7.58,534400,7.58
2009-06-09,8.54,8.60,8.19,8.34,232800,8.34
2009-06-08,8.75,8.97,8.49,8.53,127000,8.53
2009-06-05,9.09,9.09,8.75,8.86,104700,8.86
2009-06-04,9.39,9.39,8.84,9.06,59500,9.06
2009-06-03,9.23,9.38,9.18,9.36,117900,9.36
2009-06-02,9.24,9.40,9.06,9.30,99300,9.30
2009-06-01,9.67,9.69,9.26,9.37,74500,9.37
2009-05-29,8.85,9.48,8.78,9.41,143600,9.41
2009-05-28,8.81,9.02,8.71,8.83,169100,8.83
2009-05-27,8.87,9.05,8.72,8.77,90000,8.77
2009-05-26,8.59,9.00,8.38,8.90,83700,8.90
2009-05-22,8.90,9.01,8.64,8.65,64300,8.65
2009-05-21,8.83,9.13,8.75,8.88,72500,8.88
2009-05-20,9.15,9.40,8.99,9.03,63600,9.03
2009-05-19,9.29,9.37,9.00,9.11,83400,9.11
2009-05-18,9.47,9.57,8.80,9.36,134300,9.36
2009-05-15,9.99,10.04,9.30,9.37,179200,9.37
2009-05-14,9.82,10.42,9.74,10.00,129100,10.00
2009-05-13,10.10,10.10,9.64,9.75,97300,9.75
2009-05-12,10.20,10.35,9.89,10.23,120200,10.23
2009-05-11,10.23,10.65,10.10,10.11,134900,10.11
2009-05-08,10.40,10.69,10.20,10.40,113500,10.40
2009-05-07,10.80,11.00,10.05,10.29,228100,10.29
2009-05-06,10.93,11.00,10.50,10.64,224300,10.64
2009-05-05,10.25,11.38,10.25,10.89,364100,10.89
2009-05-04,8.85,10.00,8.71,9.97,453900,9.97
2009-05-01,8.73,8.99,8.59,8.65,191600,8.65
2009-04-30,8.94,9.24,8.73,8.73,112400,8.73
2009-04-29,8.79,9.44,8.64,9.04,141600,9.04
2009-04-28,8.50,9.05,8.42,8.75,140000,8.75
2009-04-27,8.55,8.79,8.53,8.55,158700,8.55
2009-04-24,8.28,8.81,8.23,8.75,195300,8.75
2009-04-23,8.53,8.53,7.77,8.24,238900,8.24
2009-04-22,8.33,8.98,8.33,8.55,86700,8.55
2009-04-21,8.17,8.44,8.17,8.33,139900,8.33
2009-04-20,8.98,8.98,8.09,8.23,117500,8.23
2009-04-17,8.66,9.02,8.51,9.00,89000,9.00
2009-04-16,9.00,9.12,8.34,8.66,159500,8.66
2009-04-15,8.63,9.00,8.40,8.90,106800,8.90
2009-04-14,9.00,9.40,8.57,8.58,172000,8.58
2009-04-13,8.93,9.34,8.91,9.15,136100,9.15
2009-04-09,8.89,9.43,8.86,9.02,133500,9.02
2009-04-08,8.53,8.79,8.46,8.72,87600,8.72
2009-04-07,8.49,8.74,8.48,8.53,127100,8.53
2009-04-06,8.85,8.87,8.47,8.58,64800,8.58
2009-04-03,8.78,8.96,8.68,8.85,74300,8.85
2009-04-02,8.28,9.01,7.82,8.76,102000,8.76
2009-04-01,8.00,8.27,7.84,8.13,58900,8.13
2009-03-31,8.05,8.37,8.05,8.21,88900,8.21
2009-03-30,8.08,8.18,7.64,7.96,143300,7.96
2009-03-27,8.52,8.53,8.25,8.25,57300,8.25
2009-03-26,8.75,8.89,8.60,8.70,55300,8.70
2009-03-25,8.44,8.83,8.25,8.66,85800,8.66
2009-03-24,8.61,8.67,8.12,8.35,159900,8.35
2009-03-23,8.64,8.71,8.42,8.70,146800,8.70
2009-03-20,8.91,9.02,8.44,8.47,119300,8.47
2009-03-19,9.65,9.66,8.79,8.86,74700,8.86
2009-03-18,9.45,9.77,9.27,9.54,59100,9.54
2009-03-17,9.12,9.44,9.00,9.44,120600,9.44
2009-03-16,9.47,9.56,9.14,9.20,125000,9.20
2009-03-13,8.87,9.51,8.78,9.42,47200,9.42
2009-03-12,8.23,8.91,8.03,8.85,147400,8.85
2009-03-11,8.24,8.59,8.10,8.24,279100,8.24
2009-03-10,7.99,8.32,7.90,8.17,169000,8.17
2009-03-09,7.90,8.07,7.76,7.79,177300,7.79
2009-03-06,7.95,8.05,7.83,8.00,109400,8.00
2009-03-05,8.64,8.64,7.86,7.89,199400,7.89
2009-03-04,7.91,8.71,7.81,8.53,111500,8.53
2009-03-03,7.93,8.25,7.60,7.80,267700,7.80
2009-03-02,8.44,8.44,7.73,7.83,236900,7.83
2009-02-27,8.73,9.28,8.29,8.47,247200,8.47
2009-02-26,10.05,10.13,8.92,9.06,348300,9.06
2009-02-25,10.40,10.43,9.98,10.00,95400,10.00
2009-02-24,10.10,10.48,9.65,10.45,133000,10.45
2009-02-23,10.20,10.59,9.90,9.94,121300,9.94
2009-02-20,10.00,10.19,9.98,10.03,154800,10.03
2009-02-19,10.19,10.67,10.00,10.03,100300,10.03
2009-02-18,10.06,10.51,10.01,10.06,150600,10.06
2009-02-17,9.72,10.14,9.61,9.90,388100,9.90
2009-02-13,10.01,10.39,10.00,10.04,103400,10.04
2009-02-12,9.79,10.07,9.66,10.01,240700,10.01
2009-02-11,9.40,10.25,9.26,9.99,176800,9.99
2009-02-10,10.00,10.69,9.08,9.30,298500,9.30
2009-02-09,8.55,8.83,8.39,8.78,91100,8.78
2009-02-06,8.24,8.54,8.18,8.54,95700,8.54
2009-02-05,7.81,8.24,7.81,8.13,115400,8.13
2009-02-04,8.32,8.32,7.69,7.82,168800,7.82
2009-02-03,8.49,8.69,8.15,8.34,281900,8.34
2009-02-02,8.32,8.52,8.20,8.45,289500,8.45
2009-01-30,8.36,8.44,8.15,8.33,50900,8.33
2009-01-29,8.70,8.82,8.26,8.31,69600,8.31
2009-01-28,8.56,8.91,8.48,8.77,141100,8.77
2009-01-27,8.12,8.54,8.12,8.42,321300,8.42
2009-01-26,7.87,8.16,7.76,7.88,266300,7.88
2009-01-23,8.41,8.56,7.84,7.88,157500,7.88
2009-01-22,8.77,8.85,8.49,8.59,67400,8.59
2009-01-21,8.46,8.94,8.42,8.92,109100,8.92
2009-01-20,8.91,8.91,8.38,8.38,69800,8.38
2009-01-16,9.11,9.29,8.91,9.01,164000,9.01
2009-01-15,8.96,9.17,8.87,9.03,239600,9.03
2009-01-14,9.13,9.15,8.57,8.96,237400,8.96
2009-01-13,8.88,9.49,8.71,9.27,305600,9.27
2009-01-12,8.23,9.07,8.20,8.88,483500,8.88
2009-01-09,8.58,8.58,8.10,8.22,161300,8.22
2009-01-08,8.47,8.89,8.41,8.64,111400,8.64
2009-01-07,8.27,8.67,8.22,8.46,419600,8.46
2009-01-06,8.80,8.98,8.26,8.39,195200,8.39
2009-01-05,8.91,8.98,8.66,8.83,208000,8.83
2009-01-02,8.48,9.00,8.41,8.84,176600,8.84
2008-12-31,8.35,8.77,8.30,8.44,189800,8.44
2008-12-30,8.65,8.77,7.83,8.28,125600,8.28
2008-12-29,8.93,9.00,8.61,8.62,98300,8.62
2008-12-26,9.06,9.18,8.89,8.97,66200,8.97
2008-12-24,9.16,9.16,8.85,8.99,49100,8.99
2008-12-23,9.64,9.95,8.98,9.00,124600,9.00
2008-12-22,9.88,9.98,9.04,9.65,197900,9.65
2008-12-19,10.00,10.14,9.83,9.86,246800,9.86
2008-12-18,10.22,10.35,9.60,10.07,385700,10.07
2008-12-17,10.21,10.39,10.17,10.21,114900,10.21
2008-12-16,10.12,10.37,10.12,10.27,215600,10.27
2008-12-15,10.72,10.89,9.76,10.07,360800,10.07
2008-12-12,10.49,10.70,10.10,10.69,95900,10.69
2008-12-11,10.85,11.56,10.64,10.69,51000,10.69
2008-12-10,11.09,11.66,10.29,11.02,84800,11.02
2008-12-09,10.89,11.52,10.77,11.09,111000,11.09
2008-12-08,11.05,11.62,10.84,10.99,74500,10.99
2008-12-05,10.30,10.85,10.19,10.83,132400,10.83
2008-12-04,10.89,11.15,10.28,10.53,108300,10.53
2008-12-03,10.72,11.10,10.56,10.98,101100,10.98
2008-12-02,10.28,10.98,10.11,10.98,178400,10.98
2008-12-01,10.61,10.71,10.00,10.14,133400,10.14
2008-11-28,10.99,11.15,10.53,10.82,135100,10.82
2008-11-26,10.52,11.17,10.52,11.09,95800,11.09
2008-11-25,10.75,10.93,9.94,10.75,95200,10.75
2008-11-24,10.21,11.03,10.05,10.69,116800,10.69
2008-11-21,9.77,10.25,9.05,10.14,176900,10.14
2008-11-20,10.33,10.66,9.36,9.66,228300,9.66
2008-11-19,10.33,10.50,9.95,10.41,416300,10.41
2008-11-18,10.03,10.36,9.89,10.28,155000,10.28
2008-11-17,9.88,10.10,9.75,10.03,131700,10.03
2008-11-14,11.13,11.16,9.85,9.93,168400,9.93
2008-11-13,10.04,11.36,9.81,11.27,98200,11.27
2008-11-12,10.87,10.87,10.00,10.01,71200,10.01
2008-11-11,11.07,11.36,10.61,10.98,131100,10.98
2008-11-10,11.43,11.57,10.90,11.15,118600,11.15
2008-11-07,11.32,11.45,10.66,11.17,231000,11.17
2008-11-06,11.74,11.74,9.50,11.26,486500,11.26
2008-11-05,12.58,13.00,11.89,11.94,99100,11.94
2008-11-04,12.33,12.53,12.16,12.50,112700,12.50
2008-11-03,12.24,12.78,11.88,12.23,136800,12.23
2008-10-31,11.69,12.55,11.54,12.28,149500,12.28
2008-10-30,10.57,11.73,10.54,11.73,73200,11.73
2008-10-29,10.36,10.60,10.09,10.32,96200,10.32
2008-10-28,9.91,10.39,9.35,10.36,91400,10.36
2008-10-27,10.54,10.73,9.75,9.77,125600,9.77
2008-10-24,10.55,10.83,10.29,10.64,134400,10.64
2008-10-23,12.04,12.04,10.79,11.26,98500,11.26
2008-10-22,12.02,12.55,11.84,11.98,191200,11.98
2008-10-21,12.04,12.50,11.87,12.28,89400,12.28
2008-10-20,12.13,12.27,12.01,12.17,95300,12.17
2008-10-17,12.12,12.68,11.77,11.91,102100,11.91
2008-10-16,11.98,12.81,11.87,12.42,278400,12.42
2008-10-15,13.71,13.71,11.97,12.20,225300,12.20
2008-10-14,14.97,14.97,12.73,13.53,307000,13.53
2008-10-13,15.00,15.02,14.07,14.49,128900,14.49
2008-10-10,12.03,14.32,11.51,14.32,301900,14.32
2008-10-09,13.56,13.94,12.41,12.53,418600,12.53
2008-10-08,12.78,13.63,12.75,13.39,137300,13.39
2008-10-07,14.02,14.11,13.09,13.09,62900,13.09
2008-10-06,13.65,13.99,13.06,13.86,82200,13.86
2008-10-03,14.26,14.55,13.97,14.00,226300,14.00
2008-10-02,14.59,14.75,13.81,14.05,190600,14.05
2008-10-01,15.75,15.75,14.54,14.73,72100,14.73
2008-09-30,15.79,15.89,15.14,15.89,158100,15.89
2008-09-29,15.91,16.01,15.00,15.66,152800,15.66
2008-09-26,15.62,16.13,15.43,15.98,120500,15.98
2008-09-25,16.00,16.11,15.75,15.78,80600,15.78
2008-09-24,16.15,16.27,15.91,15.96,110400,15.96
2008-09-23,16.43,16.54,16.06,16.10,82800,16.10
2008-09-22,16.74,17.00,16.14,16.39,103900,16.39
2008-09-19,16.98,17.00,15.98,16.69,459200,16.69
2008-09-18,15.39,15.80,14.76,15.80,239400,15.80
2008-09-17,15.42,15.42,14.58,15.10,143600,15.10
2008-09-16,15.00,15.63,14.50,15.58,134700,15.58
2008-09-15,14.34,16.07,14.34,15.22,78900,15.22
2008-09-12,15.06,16.01,15.01,15.95,129700,15.95
2008-09-11,15.11,15.28,14.74,15.04,274400,15.04
2008-09-10,15.16,15.66,14.90,15.13,160000,15.13
2008-09-09,16.10,16.10,15.16,15.16,120300,15.16
2008-09-08,16.17,16.17,15.72,15.94,66800,15.94
2008-09-05,15.85,15.85,15.10,15.72,50900,15.72
2008-09-04,15.91,16.15,15.81,15.85,335800,15.85
2008-09-03,16.06,16.57,15.86,16.06,191300,16.06
2008-09-02,16.27,16.32,15.91,16.00,86400,16.00
2008-08-29,16.31,16.40,15.93,15.96,61300,15.96
2008-08-28,16.40,16.45,16.19,16.32,80500,16.32
2008-08-27,15.96,16.69,15.91,16.33,62700,16.33
2008-08-26,15.93,16.08,15.90,15.99,39600,15.99
2008-08-25,16.46,16.47,15.74,15.93,30400,15.93
2008-08-22,16.35,16.70,16.19,16.40,62300,16.40
2008-08-21,16.08,16.35,16.00,16.25,40800,16.25
2008-08-20,16.42,16.66,16.20,16.33,61600,16.33
2008-08-19,16.23,16.50,16.04,16.45,103200,16.45
2008-08-18,16.50,17.17,16.09,16.30,114500,16.30
2008-08-15,16.48,16.48,16.18,16.45,113400,16.45
2008-08-14,15.62,16.49,15.50,16.37,77400,16.37
2008-08-13,15.68,15.81,15.56,15.76,114500,15.76
2008-08-12,16.16,16.21,15.61,15.66,91700,15.66
2008-08-11,16.19,16.30,15.96,16.23,141500,16.23
2008-08-08,15.55,16.86,15.51,16.11,130400,16.11
2008-08-07,15.38,15.73,15.38,15.47,235300,15.47
2008-08-06,15.46,15.68,15.19,15.47,188000,15.47
2008-08-05,16.09,16.09,14.32,15.39,390500,15.39
2008-08-04,15.48,15.65,15.21,15.48,82900,15.48
2008-08-01,14.78,15.73,14.76,15.35,261500,15.35
2008-07-31,13.99,14.73,13.99,14.61,62800,14.61
2008-07-30,14.04,14.41,13.90,14.16,154900,14.16
2008-07-29,13.72,13.99,13.61,13.92,103700,13.92
2008-07-28,13.69,14.00,13.60,13.65,101200,13.65
2008-07-25,14.02,14.07,13.72,13.80,95600,13.80
2008-07-24,13.81,14.00,13.71,13.90,99000,13.90
2008-07-23,13.94,14.06,13.58,13.70,81900,13.70
2008-07-22,13.66,14.03,13.57,13.93,82100,13.93
2008-07-21,13.95,13.95,13.65,13.74,42200,13.74
2008-07-18,13.90,14.00,13.72,13.96,72700,13.96
2008-07-17,13.70,14.02,13.64,13.90,57000,13.90
2008-07-16,13.21,13.75,13.20,13.67,73500,13.67
2008-07-15,13.22,13.42,13.09,13.17,98600,13.17
2008-07-14,14.01,14.01,13.12,13.23,74000,13.23
2008-07-11,13.53,14.00,13.40,14.00,81500,14.00
2008-07-10,13.40,13.86,13.40,13.68,59500,13.68
2008-07-09,14.05,14.10,13.39,13.40,59900,13.40
2008-07-08,13.53,13.99,13.46,13.99,96400,13.99
2008-07-07,13.05,13.57,13.05,13.47,252100,13.47
2008-07-03,13.36,13.40,13.10,13.15,67100,13.15
2008-07-02,13.65,13.65,13.02,13.30,240700,13.30
2008-07-01,13.34,13.72,13.25,13.67,160500,13.67
2008-06-30,13.26,13.70,13.26,13.42,209900,13.42
2008-06-27,13.01,13.60,12.85,13.23,641500,13.23
2008-06-26,12.90,13.10,12.77,12.99,150700,12.99
2008-06-25,12.91,13.29,12.85,13.09,384500,13.09
2008-06-24,12.95,13.10,12.80,12.91,177800,12.91
2008-06-23,13.17,13.17,12.88,13.06,192500,13.06
2008-06-20,13.19,13.26,12.69,13.12,237000,13.12
2008-06-19,13.10,13.31,13.08,13.29,77200,13.29
2008-06-18,13.12,13.25,13.01,13.09,52300,13.09
2008-06-17,13.46,13.57,13.23,13.27,82800,13.27
2008-06-16,13.52,13.57,13.10,13.45,107800,13.45
2008-06-13,13.58,13.67,13.44,13.66,73600,13.66
2008-06-12,13.53,13.73,13.41,13.41,29900,13.41
2008-06-11,13.62,13.74,13.33,13.40,51800,13.40
2008-06-10,13.27,13.86,13.27,13.68,37700,13.68
2008-06-09,13.32,13.47,13.18,13.40,164700,13.40
2008-06-06,13.39,13.44,13.26,13.31,66200,13.31
2008-06-05,13.36,13.61,13.36,13.50,119500,13.50
2008-06-04,13.36,13.65,13.32,13.38,75800,13.38
2008-06-03,13.51,13.57,13.26,13.40,174500,13.40
2008-06-02,13.45,13.46,13.10,13.41,87000,13.41
2008-05-30,13.33,13.46,13.23,13.46,158900,13.46
2008-05-29,13.45,13.63,13.24,13.29,96100,13.29
2008-05-28,13.33,13.60,13.20,13.48,169000,13.48
2008-05-27,13.19,13.45,12.76,13.30,82200,13.30
2008-05-23,13.06,13.33,13.06,13.15,51500,13.15
2008-05-22,13.17,13.38,12.90,13.15,69300,13.15
2008-05-21,13.25,13.49,13.03,13.15,53000,13.15
2008-05-20,13.24,13.56,13.03,13.16,135000,13.16
2008-05-19,13.76,13.81,13.00,13.33,272600,13.33
2008-05-16,14.07,14.12,13.41,13.79,123100,13.79
2008-05-15,13.88,14.15,13.70,14.04,95600,14.04
2008-05-14,13.88,14.00,13.72,13.90,43900,13.90
2008-05-13,14.04,14.04,13.66,13.88,97700,13.88
2008-05-12,14.00,14.06,13.75,14.00,170700,14.00
2008-05-09,13.92,13.98,13.41,13.97,218600,13.97
2008-05-08,13.85,14.21,13.62,14.03,524000,14.03
2008-05-07,13.30,14.39,13.10,13.73,630300,13.73
2008-05-06,12.60,13.32,12.50,13.26,302900,13.26
2008-05-05,12.58,12.79,12.28,12.74,83600,12.74
2008-05-02,12.34,12.70,12.13,12.50,370000,12.50
2008-05-01,12.05,12.50,11.81,12.27,212100,12.27
2008-04-30,12.02,12.15,11.90,12.10,136000,12.10
2008-04-29,13.16,13.16,11.94,12.01,221400,12.01
2008-04-28,11.92,12.35,11.86,12.27,131600,12.27
2008-04-25,11.62,12.02,11.59,11.96,57900,11.96
2008-04-24,11.51,11.74,11.33,11.55,58000,11.55
2008-04-23,11.58,11.58,11.26,11.46,77300,11.46
2008-04-22,11.45,11.57,11.11,11.52,72200,11.52
2008-04-21,11.53,11.75,11.39,11.53,84500,11.53
2008-04-18,11.71,11.71,11.52,11.63,73100,11.63
2008-04-17,11.25,11.63,11.19,11.56,184500,11.56
2008-04-16,11.17,11.38,11.15,11.28,253000,11.28
2008-04-15,10.68,11.11,10.67,11.04,192300,11.04
2008-04-14,10.51,10.75,10.47,10.59,95300,10.59
2008-04-11,10.73,10.85,10.47,10.49,61300,10.49
2008-04-10,11.31,11.41,10.82,10.87,54900,10.87
2008-04-09,11.67,11.75,11.10,11.30,127500,11.30
2008-04-08,11.50,11.75,11.50,11.64,43600,11.64
2008-04-07,11.77,11.77,11.47,11.57,54800,11.57
2008-04-04,11.45,11.85,11.30,11.71,166200,11.71
2008-04-03,11.27,11.51,11.27,11.34,69300,11.34
2008-04-02,11.20,11.42,11.00,11.35,100500,11.35
2008-04-01,11.01,11.40,10.92,11.28,460100,11.28
2008-03-31,10.70,11.05,10.70,10.98,67900,10.98
2008-03-28,11.04,11.17,10.53,10.60,85400,10.60
2008-03-27,11.01,11.25,10.81,11.03,242500,11.03
2008-03-26,10.93,11.20,10.91,10.99,69900,10.99
2008-03-25,11.12,11.23,10.68,10.96,132800,10.96
2008-03-24,10.80,11.23,10.80,11.10,152200,11.10
2008-03-20,11.07,11.14,10.75,10.78,319000,10.78
2008-03-19,10.60,11.40,10.60,10.92,281400,10.92
2008-03-18,10.28,10.65,10.10,10.45,189600,10.45
2008-03-17,9.90,10.27,9.87,9.92,147900,9.92
2008-03-14,11.03,11.10,9.83,10.20,392600,10.20
2008-03-13,10.83,11.23,10.82,10.93,85400,10.93
2008-03-12,11.65,11.75,10.80,10.91,166100,10.91
2008-03-11,11.75,11.77,11.20,11.62,138700,11.62
2008-03-10,11.35,11.58,10.65,11.50,347600,11.50
2008-03-07,11.23,11.90,11.14,11.28,103400,11.28
2008-03-06,12.22,12.78,11.40,11.40,106100,11.40
2008-03-05,12.46,12.51,12.18,12.26,131300,12.26
2008-03-04,12.57,12.63,12.16,12.36,106600,12.36
2008-03-03,12.66,12.76,12.51,12.69,86200,12.69
2008-02-29,13.06,13.30,12.58,12.60,92600,12.60
2008-02-28,13.47,13.90,13.22,13.22,64100,13.22
2008-02-27,13.61,13.77,13.56,13.61,38500,13.61
2008-02-26,13.44,14.32,13.34,13.71,130100,13.71
2008-02-25,13.50,13.73,13.41,13.52,63700,13.52
2008-02-22,13.04,13.66,12.86,13.54,115400,13.54
2008-02-21,13.40,13.40,12.80,13.04,152400,13.04
2008-02-20,13.08,13.52,13.00,13.37,104500,13.37
2008-02-19,12.94,13.13,12.60,13.12,70700,13.12
2008-02-15,12.92,12.92,12.39,12.74,187500,12.74
2008-02-14,13.98,14.00,12.69,12.95,245900,12.95
2008-02-13,13.58,14.14,13.47,14.00,111800,14.00
2008-02-12,13.40,13.45,12.77,13.35,100600,13.35
2008-02-11,13.70,13.96,13.35,13.44,55700,13.44
2008-02-08,14.20,14.20,13.69,13.74,76300,13.74
2008-02-07,13.86,14.39,13.84,14.23,57700,14.23
2008-02-06,13.95,13.96,13.65,13.88,183000,13.88
2008-02-05,13.45,14.19,13.45,13.84,258100,13.84
2008-02-04,14.00,14.00,13.67,13.68,101200,13.68
2008-02-01,13.97,14.07,13.65,14.06,113400,14.06
2008-01-31,13.75,14.08,13.60,13.90,70800,13.90
2008-01-30,13.98,14.54,13.76,13.97,129800,13.97
2008-01-29,14.03,14.10,13.43,14.08,110600,14.08
2008-01-28,14.23,14.30,13.72,14.00,134200,14.00
2008-01-25,14.86,14.86,14.20,14.32,323300,14.32
2008-01-24,15.30,15.30,14.63,14.70,118500,14.70
2008-01-23,14.71,15.30,14.62,15.20,144100,15.20
2008-01-22,14.50,15.49,14.50,14.83,142500,14.83
2008-01-18,14.92,15.06,14.50,15.02,216900,15.02
2008-01-17,14.97,15.00,14.71,14.85,94500,14.85
2008-01-16,14.47,15.10,14.47,14.98,183200,14.98
2008-01-15,14.36,14.64,14.06,14.48,414000,14.48
2008-01-14,14.10,14.67,14.10,14.58,79000,14.58
2008-01-11,13.85,14.12,13.70,14.01,112100,14.01
2008-01-10,13.42,14.27,13.13,13.96,196400,13.96
2008-01-09,13.37,13.70,12.98,13.47,236100,13.47
2008-01-08,14.25,14.38,13.41,13.46,253400,13.46
2008-01-07,14.63,14.63,14.22,14.30,206600,14.30
2008-01-04,14.75,14.81,14.52,14.55,117800,14.55
2008-01-03,14.64,14.98,14.49,14.92,217400,14.92
2008-01-02,14.56,14.67,14.45,14.55,116400,14.55
2007-12-31,14.68,14.99,14.28,14.63,186800,14.63
2007-12-28,15.10,15.25,14.65,14.67,62500,14.67
2007-12-27,15.76,15.99,15.06,15.06,48500,15.06
2007-12-26,15.49,15.93,15.44,15.73,142000,15.73
2007-12-24,15.64,15.69,15.51,15.59,43000,15.59
2007-12-21,15.76,15.90,15.45,15.65,224400,15.65
2007-12-20,15.60,15.75,15.44,15.69,444400,15.69
2007-12-19,15.22,15.61,15.15,15.49,454400,15.49
2007-12-18,15.25,15.40,14.85,15.22,94400,15.22
2007-12-17,15.10,15.28,15.09,15.15,143000,15.15
2007-12-14,14.81,15.51,14.65,15.17,554100,15.17
2007-12-13,14.75,15.03,14.70,14.96,38300,14.96
2007-12-12,15.30,15.40,14.76,14.87,145200,14.87
2007-12-11,14.90,15.20,14.89,15.00,198700,15.00
2007-12-10,14.87,14.87,14.68,14.77,571500,14.77
2007-12-07,15.00,15.00,14.73,14.86,379400,14.86
2007-12-06,15.14,15.30,14.92,14.95,716500,14.95
2007-12-05,14.76,15.65,14.56,15.10,685500,15.10
2007-12-04,14.50,14.65,14.40,14.51,251500,14.51
2007-12-03,15.24,15.24,14.22,14.50,2007400,14.50
2007-11-30,15.24,15.64,15.00,15.15,362600,15.15
2007-11-29,15.49,15.82,15.44,15.52,543100,15.52
2007-11-28,15.07,15.63,15.07,15.57,488300,15.57
2007-11-27,14.45,14.90,14.45,14.87,181900,14.87
2007-11-26,14.50,14.69,14.42,14.47,207700,14.47
2007-11-23,14.61,14.68,14.49,14.50,43900,14.50
2007-11-21,14.67,14.78,14.14,14.57,244700,14.57
2007-11-20,14.47,14.79,14.16,14.62,146600,14.62
2007-11-19,14.70,14.70,14.20,14.40,94000,14.40
2007-11-16,14.63,14.76,14.27,14.66,80600,14.66
2007-11-15,14.70,14.84,14.43,14.57,166900,14.57
2007-11-14,15.03,15.03,14.60,14.73,156100,14.73
2007-11-13,15.26,15.26,14.54,14.97,66000,14.97
2007-11-12,14.90,15.21,14.43,14.99,180800,14.99
2007-11-09,15.00,15.16,14.86,14.95,174400,14.95
2007-11-08,15.16,15.30,14.62,15.10,131600,15.10
2007-11-07,15.23,15.35,14.63,15.01,305800,15.01
2007-11-06,15.83,15.96,15.00,15.45,276900,15.45
2007-11-05,15.85,16.00,15.83,15.84,170900,15.84
2007-11-02,16.20,16.20,15.85,15.95,98600,15.95
2007-11-01,16.13,16.31,15.90,16.06,109700,16.06
2007-10-31,16.47,16.70,16.24,16.38,100200,16.38
2007-10-30,16.07,16.54,15.85,16.46,180300,16.46
2007-10-29,16.55,16.55,16.04,16.11,68500,16.11
2007-10-26,16.25,16.59,16.01,16.55,153300,16.55
2007-10-25,16.00,16.30,15.87,16.15,97000,16.15
2007-10-24,16.21,16.23,15.86,16.00,87800,16.00
2007-10-23,16.00,16.33,15.93,16.33,94400,16.33
2007-10-22,15.41,16.06,15.41,15.93,48800,15.93
2007-10-19,15.65,15.65,15.44,15.59,122800,15.59
2007-10-18,15.72,15.75,15.50,15.69,27500,15.69
2007-10-17,16.03,16.03,15.50,15.78,108500,15.78
2007-10-16,15.88,15.88,15.63,15.85,58900,15.85
2007-10-15,16.20,16.22,15.56,15.86,106700,15.86
2007-10-12,16.01,16.24,15.78,16.24,134600,16.24
2007-10-11,16.46,16.50,15.59,16.05,104800,16.05
2007-10-10,16.34,16.42,15.97,16.41,110900,16.41
2007-10-09,16.19,16.46,15.79,16.28,118900,16.28
2007-10-08,16.28,16.28,16.04,16.21,61200,16.21
2007-10-05,15.96,16.81,15.72,16.25,376900,16.25
2007-10-04,15.69,15.96,15.51,15.76,102100,15.76
2007-10-03,15.94,15.97,15.30,15.60,226300,15.60
2007-10-02,16.03,16.24,15.85,16.00,125900,16.00
2007-10-01,15.90,16.28,15.30,16.05,241500,16.05
2007-09-28,16.06,16.30,15.57,15.75,159800,15.75
2007-09-27,16.19,16.19,15.95,16.01,67000,16.01
2007-09-26,16.02,16.28,15.90,16.15,128200,16.15
2007-09-25,15.66,15.93,15.53,15.88,79500,15.88
2007-09-24,15.66,15.86,15.40,15.79,70500,15.79
2007-09-21,15.83,15.83,15.64,15.69,143900,15.69
2007-09-20,15.54,15.80,15.47,15.68,128700,15.68
2007-09-19,15.10,15.52,14.97,15.52,227100,15.52
2007-09-18,14.47,15.30,14.29,14.99,72100,14.99
2007-09-17,14.77,14.77,14.35,14.39,70400,14.39
2007-09-14,14.77,14.77,14.57,14.75,18400,14.75
2007-09-13,15.00,15.00,14.82,14.94,58500,14.94
2007-09-12,14.96,15.00,14.59,14.90,26900,14.90
2007-09-11,14.75,15.04,14.64,14.96,110600,14.96
2007-09-10,14.76,14.76,14.54,14.62,31700,14.62
2007-09-07,14.59,14.70,14.50,14.70,56200,14.70
2007-09-06,14.60,15.04,14.35,14.85,93600,14.85
2007-09-05,14.62,14.78,14.17,14.49,34500,14.49
2007-09-04,14.44,14.94,14.40,14.74,50800,14.74
2007-08-31,14.70,14.71,14.16,14.53,44000,14.53
2007-08-30,14.30,14.80,14.30,14.56,51400,14.56
2007-08-29,14.35,14.65,13.95,14.45,126200,14.45
2007-08-28,14.47,14.48,14.15,14.30,93100,14.30
2007-08-27,14.18,14.82,13.88,14.68,83100,14.68
2007-08-24,14.08,14.45,14.00,14.20,70900,14.20
2007-08-23,14.57,14.57,13.57,14.10,51500,14.10
2007-08-22,15.00,15.00,14.29,14.47,38700,14.47
2007-08-21,14.89,15.14,14.77,14.82,29000,14.82
2007-08-20,15.19,15.34,14.66,15.00,31700,15.00
2007-08-17,15.75,15.76,15.10,15.19,118400,15.19
2007-08-16,14.35,15.07,13.02,14.82,225400,14.82
2007-08-15,14.74,15.03,13.99,14.04,90600,14.04
2007-08-14,15.09,16.05,14.73,14.73,65400,14.73
2007-08-13,15.25,15.74,14.82,15.19,112900,15.19
2007-08-10,14.00,15.26,14.00,15.00,116500,15.00
2007-08-09,14.70,14.75,14.14,14.23,125000,14.23
2007-08-08,14.20,14.74,13.71,14.70,182900,14.70
2007-08-07,13.75,14.19,13.68,13.96,300100,13.96
2007-08-06,13.50,14.08,13.31,13.75,466900,13.75
2007-08-03,14.10,14.10,13.58,13.66,139100,13.66
2007-08-02,13.67,14.23,13.31,14.13,404500,14.13
2007-08-01,13.79,14.09,13.39,13.72,199500,13.72
2007-07-31,13.95,14.19,13.69,13.89,330200,13.89
2007-07-30,13.86,14.07,13.32,13.92,104000,13.92
2007-07-27,14.30,14.60,13.31,13.88,182000,13.88
2007-07-26,14.65,14.77,13.59,14.31,129800,14.31
2007-07-25,15.01,15.23,14.68,14.74,132200,14.74
2007-07-24,14.94,14.95,14.46,14.91,438500,14.91
2007-07-23,14.92,15.18,14.88,15.09,342200,15.09
2007-07-20,15.45,15.50,15.11,15.28,163300,15.28
2007-07-19,15.54,15.56,15.45,15.46,65100,15.46
2007-07-18,15.37,15.44,15.27,15.40,100000,15.40
2007-07-17,15.77,15.88,15.37,15.51,258400,15.51
2007-07-16,15.90,15.90,15.70,15.77,58500,15.77
2007-07-13,15.82,15.92,15.69,15.88,120200,15.88
2007-07-12,16.05,16.14,15.66,15.78,144600,15.78
2007-07-11,15.68,15.89,15.37,15.76,138300,15.76
2007-07-10,15.25,15.83,14.67,15.67,276500,15.67
2007-07-09,15.80,16.27,15.75,15.82,234200,15.82
2007-07-06,15.83,15.93,15.71,15.91,109600,15.91
2007-07-05,15.69,15.77,15.65,15.73,132500,15.73
2007-07-03,15.69,15.78,15.57,15.71,126700,15.71
2007-07-02,15.64,15.73,15.54,15.69,264400,15.69
2007-06-29,15.85,15.85,15.50,15.51,98700,15.51
2007-06-28,15.85,15.88,15.71,15.85,82700,15.85
2007-06-27,15.88,16.00,15.75,15.95,235400,15.95
2007-06-26,16.00,16.10,15.69,15.77,113200,15.77
2007-06-25,16.42,16.50,15.95,16.00,343700,16.00
2007-06-22,15.93,16.04,15.75,16.03,1108100,16.03
2007-06-21,15.90,16.05,15.77,15.95,249300,15.95
2007-06-20,15.40,16.10,15.31,15.90,486400,15.90
2007-06-19,15.00,15.41,14.91,15.31,285800,15.31
2007-06-18,15.05,15.12,14.75,15.00,217800,15.00
2007-06-15,15.00,15.05,14.83,15.05,91600,15.05
2007-06-14,15.01,15.07,14.90,15.04,295300,15.04
2007-06-13,15.10,15.14,14.91,15.10,598800,15.10
2007-06-12,15.59,15.59,15.05,15.25,210100,15.25
2007-06-11,15.33,15.53,15.33,15.49,263700,15.49
2007-06-08,15.50,15.51,15.34,15.43,139200,15.43
2007-06-07,15.51,15.54,15.48,15.51,223200,15.51
2007-06-06,15.51,15.59,15.24,15.50,536200,15.50
2007-06-05,15.70,15.75,15.50,15.50,94500,15.50
2007-06-04,15.70,15.98,15.60,15.84,403500,15.84
2007-06-01,15.93,15.99,15.65,15.80,79200,15.80
2007-05-31,15.50,16.19,15.50,15.83,96600,15.83
2007-05-30,15.51,15.56,15.50,15.56,72900,15.56
2007-05-29,15.65,15.78,15.51,15.51,116500,15.51
2007-05-25,15.51,15.54,15.49,15.51,83000,15.51
2007-05-24,15.70,15.70,15.50,15.51,354300,15.51
2007-05-23,16.12,16.12,15.54,15.74,124800,15.74
2007-05-22,15.55,16.05,15.50,16.05,343900,16.05
2007-05-21,15.51,15.60,15.47,15.50,638500,15.50
2007-05-18,15.90,15.91,15.22,15.51,613000,15.51
2007-05-17,15.90,16.02,15.71,15.85,786000,15.85
2007-05-16,16.10,16.20,16.00,16.00,888400,16.00
2007-05-15,16.00,16.57,15.90,15.90,9713200,15.90
