Date,Open,High,Low,Close,Volume,Adj Close
2012-05-04,71.60,71.60,70.55,70.57,315500,70.57
2012-05-03,73.18,73.18,71.92,72.09,230600,72.09
2012-05-02,72.52,73.03,72.27,73.00,275400,73.00
2012-05-01,72.70,73.70,72.50,72.89,142000,72.89
2012-04-30,73.21,73.25,72.59,72.70,178200,72.70
2012-04-27,73.34,73.55,72.89,73.34,210800,73.34
2012-04-26,72.60,73.44,72.60,73.20,192900,73.20
2012-04-25,72.14,72.70,72.14,72.65,122300,72.65
2012-04-24,70.92,71.09,70.20,70.51,395000,70.51
2012-04-23,70.92,71.17,70.25,70.96,533000,70.96
2012-04-20,72.40,72.60,71.55,71.59,168300,71.59
2012-04-19,72.51,73.36,71.61,72.05,148100,72.05
2012-04-18,73.05,73.25,72.64,72.89,104900,72.89
2012-04-17,72.17,73.60,72.12,73.43,156800,73.43
2012-04-16,73.01,73.06,71.58,71.86,589100,71.86
2012-04-13,73.52,73.52,72.56,72.58,167400,72.58
2012-04-12,72.90,73.81,72.81,73.70,217500,73.70
2012-04-11,72.80,73.06,72.53,72.67,200200,72.67
2012-04-10,73.35,73.69,72.11,72.28,216900,72.28
2012-04-09,72.91,73.70,72.80,73.39,147100,73.39
2012-04-05,73.48,73.98,73.35,73.93,144600,73.93
2012-04-04,74.08,74.13,73.22,73.71,250700,73.71
2012-04-03,74.95,75.22,74.39,74.80,242500,74.80
2012-04-02,74.16,75.02,73.89,74.94,232600,74.94
2012-03-30,74.77,74.77,73.86,74.18,150800,74.18
2012-03-29,74.30,74.50,73.80,74.39,158900,74.39
2012-03-28,74.92,75.13,74.12,74.53,285200,74.53
2012-03-27,74.84,75.12,74.75,74.77,403000,74.77
2012-03-26,74.10,74.81,74.00,74.81,250300,74.81
2012-03-23,73.60,73.67,73.07,73.58,172900,73.58
2012-03-22,73.28,73.65,73.20,73.48,372700,73.48
2012-03-21,73.80,74.11,73.65,73.72,269700,73.72
2012-03-20,73.46,73.82,73.14,73.73,173600,73.73
2012-03-19,73.49,74.06,73.21,73.86,238200,73.86
2012-03-16,73.57,73.59,73.15,73.34,165900,73.34
2012-03-15,73.31,73.53,73.02,73.33,200500,73.33
2012-03-14,72.82,73.35,72.56,73.07,375000,73.07
2012-03-13,71.70,72.76,71.67,72.76,237900,72.76
2012-03-12,71.26,71.40,70.95,71.32,149400,71.32
2012-03-09,70.89,71.41,70.89,71.26,217700,71.26
2012-03-08,70.66,71.06,70.33,70.89,186200,70.89
2012-03-07,69.71,70.19,69.71,70.06,208500,70.06
2012-03-06,69.59,69.66,69.12,69.44,381000,69.44
2012-03-05,71.15,71.15,70.05,70.35,359900,70.35
2012-03-02,71.36,71.48,70.86,71.08,158400,71.08
2012-03-01,71.05,71.52,70.99,71.34,188300,71.34
2012-02-29,71.55,71.71,70.62,70.85,308300,70.85
2012-02-28,70.99,71.36,70.80,71.30,209100,71.30
2012-02-27,70.43,71.08,69.95,70.84,277000,70.84
2012-02-24,70.65,70.89,70.54,70.74,145700,70.74
2012-02-23,70.02,70.48,69.58,70.43,114900,70.43
2012-02-22,70.33,70.45,69.94,69.99,189100,69.99
2012-02-21,70.36,70.71,69.91,70.37,289500,70.37
2012-02-17,70.53,70.53,69.94,70.20,165600,70.20
2012-02-16,69.17,70.33,69.10,70.29,148700,70.29
2012-02-15,69.75,70.35,69.03,69.13,421900,69.13
2012-02-14,69.18,69.47,68.89,69.47,202800,69.47
2012-02-13,69.54,69.56,68.92,69.39,226700,69.39
2012-02-10,69.17,69.17,68.69,68.91,159400,68.91
2012-02-09,69.16,69.59,68.92,69.51,184000,69.51
2012-02-08,68.51,68.89,68.30,68.88,189800,68.88
2012-02-07,68.16,68.56,67.88,68.39,286500,68.39
2012-02-06,68.13,68.28,67.87,68.26,231800,68.26
2012-02-03,67.96,68.42,67.74,68.29,316300,68.29
2012-02-02,67.17,67.55,67.08,67.26,212800,67.26
2012-02-01,66.87,67.30,66.58,67.01,330000,67.01
2012-01-31,66.55,66.57,65.79,66.23,183500,66.23
2012-01-30,65.64,66.21,65.36,66.10,205200,66.10
2012-01-27,65.71,66.13,65.52,66.03,158600,66.03
2012-01-26,66.50,66.66,65.59,65.89,293400,65.89
2012-01-25,66.32,66.36,65.60,66.17,260200,66.17
2012-01-24,65.26,65.84,65.22,65.70,260300,65.70
2012-01-23,65.47,65.87,65.04,65.54,135400,65.54
2012-01-20,65.06,65.41,65.00,65.35,144100,65.35
2012-01-19,65.09,65.33,64.91,65.18,176300,65.18
2012-01-18,63.70,64.62,63.59,64.60,170600,64.60
2012-01-17,63.54,63.86,63.26,63.43,163600,63.43
2012-01-13,63.25,63.26,62.70,63.12,117000,63.12
2012-01-12,63.42,63.67,62.99,63.61,192000,63.61
2012-01-11,63.03,63.43,62.87,63.29,117200,63.29
2012-01-10,63.45,63.53,63.00,63.11,276800,63.11
2012-01-09,63.00,63.00,62.52,62.79,107000,62.79
2012-01-06,62.82,62.93,62.44,62.79,122000,62.79
2012-01-05,62.31,62.86,62.00,62.75,127100,62.75
2012-01-04,62.16,62.41,61.70,62.29,92900,62.29
2012-01-03,62.53,62.84,62.11,62.23,162300,62.23
2011-12-30,61.39,61.70,61.37,61.37,157300,61.37
2011-12-29,61.24,61.66,61.14,61.61,187000,61.61
2011-12-28,61.77,61.90,60.92,61.02,79700,61.02
2011-12-27,61.67,62.05,61.48,61.80,92900,61.80
2011-12-23,61.35,61.71,61.06,61.66,129300,61.66
2011-12-22,60.50,61.14,60.50,61.10,128300,61.10
2011-12-21,61.16,61.16,59.59,60.33,205400,60.33
2011-12-20,61.00,62.12,60.99,62.03,130000,61.54
2011-12-19,61.06,61.23,60.00,60.17,104500,59.70
2011-12-16,60.96,61.74,60.77,60.91,74100,60.43
2011-12-15,61.57,61.57,60.67,60.73,89000,60.26
2011-12-14,61.68,61.75,60.60,60.93,280600,60.45
2011-12-13,63.21,63.40,61.70,62.00,94600,61.52
2011-12-12,63.08,63.08,62.20,62.76,203400,62.27
2011-12-09,62.73,63.80,62.65,63.69,83700,63.19
2011-12-08,63.33,63.56,62.43,62.46,51200,61.97
2011-12-07,63.46,63.87,62.77,63.62,101800,63.12
2011-12-06,63.73,63.88,63.27,63.59,216800,63.09
2011-12-05,63.78,64.14,63.31,63.61,119900,63.11
2011-12-02,63.51,63.60,62.73,62.80,139400,62.31
2011-12-01,62.31,63.00,62.30,62.78,99900,62.29
2011-11-30,61.62,62.53,61.46,62.46,103900,61.97
2011-11-29,60.53,60.78,59.86,60.03,98000,59.56
2011-11-28,59.85,60.48,59.85,60.39,148000,59.92
2011-11-25,58.51,59.22,58.36,58.39,109100,57.93
2011-11-23,59.86,59.87,58.73,58.73,228500,58.27
2011-11-22,60.37,60.58,59.72,60.24,193800,59.77
2011-11-21,60.79,60.87,59.84,60.47,244700,60.00
2011-11-18,62.18,62.21,61.50,61.65,146900,61.17
2011-11-17,63.33,63.34,61.65,62.06,192600,61.57
2011-11-16,64.05,64.68,63.47,63.47,156500,62.97
2011-11-15,63.61,64.76,63.44,64.47,275600,63.97
2011-11-14,63.91,64.29,63.40,63.57,74400,63.07
2011-11-11,63.35,64.22,63.30,64.02,67200,63.52
2011-11-10,63.27,63.40,62.07,62.67,104700,62.18
2011-11-09,63.75,63.75,62.45,62.62,143200,62.13
2011-11-08,64.64,65.15,64.11,65.03,85200,64.52
2011-11-07,63.92,64.30,63.14,64.24,88000,63.74
2011-11-04,63.74,64.17,63.29,63.99,119000,63.49
2011-11-03,63.24,64.32,62.55,64.22,277200,63.72
2011-11-02,62.67,62.94,62.11,62.59,92400,62.10
2011-11-01,62.05,62.54,61.59,61.89,243700,61.41
2011-10-31,64.39,64.51,63.73,63.73,194100,63.23
2011-10-28,64.37,65.06,64.26,64.95,195800,64.44
2011-10-27,64.09,65.14,63.82,64.73,183800,64.22
2011-10-26,63.03,63.10,61.41,62.64,200300,62.15
2011-10-25,63.30,63.30,62.25,62.30,99600,61.81
2011-10-24,62.34,63.62,62.21,63.47,157800,62.97
2011-10-21,61.93,62.39,61.56,62.08,352400,61.59
2011-10-20,61.46,61.50,60.36,61.22,343100,60.74
2011-10-19,62.56,62.58,61.38,61.46,162500,60.98
2011-10-18,61.94,63.20,61.40,62.94,248600,62.45
2011-10-17,63.23,63.23,61.91,62.22,213000,61.73
2011-10-14,63.20,63.45,62.75,63.45,250000,62.95
2011-10-13,61.34,62.27,61.25,62.16,174400,61.67
2011-10-12,61.77,62.14,61.50,61.56,219300,61.08
2011-10-11,60.59,61.27,60.54,61.05,276600,60.57
2011-10-10,59.64,60.69,59.64,60.69,98400,60.22
2011-10-07,59.27,59.50,58.45,58.71,188300,58.25
2011-10-06,58.07,59.13,57.69,59.13,444400,58.67
2011-10-05,56.58,58.25,56.12,58.06,141000,57.61
2011-10-04,54.83,56.73,54.36,56.73,224900,56.29
2011-10-03,56.31,57.12,55.22,55.22,279500,54.79
2011-09-30,57.65,58.00,56.76,56.76,195900,56.32
2011-09-29,59.51,59.63,57.36,58.38,223600,57.92
2011-09-28,59.82,60.13,58.50,58.55,158600,58.09
2011-09-27,59.92,60.59,59.28,59.61,1064300,59.14
2011-09-26,58.42,58.90,57.18,58.83,142500,58.37
2011-09-23,56.96,58.27,56.96,58.08,135400,57.63
2011-09-22,57.72,58.21,56.56,57.37,245900,56.92
2011-09-21,60.47,60.99,59.37,59.41,144200,58.95
2011-09-20,60.95,61.40,60.19,60.23,257800,59.76
2011-09-19,59.89,60.88,59.38,60.59,130600,60.12
2011-09-16,60.44,60.82,60.22,60.65,132600,60.18
2011-09-15,59.87,60.33,59.31,60.20,222200,59.73
2011-09-14,58.51,59.85,57.98,59.21,193300,58.75
2011-09-13,57.65,58.33,57.30,58.19,174900,57.74
2011-09-12,56.00,57.38,56.00,57.38,207100,56.93
2011-09-09,57.59,57.87,56.29,56.66,150500,56.22
2011-09-08,58.11,59.03,57.85,57.98,174400,57.53
2011-09-07,57.59,58.33,57.52,58.31,227500,57.85
2011-09-06,55.49,56.78,55.30,56.68,177400,56.24
2011-09-02,57.34,57.64,56.67,56.98,121300,56.53
2011-09-01,59.28,59.76,58.43,58.47,152100,58.01
2011-08-31,59.61,60.00,58.78,59.20,498900,58.74
2011-08-30,58.85,59.51,58.34,59.19,167700,58.73
2011-08-29,57.91,59.05,57.91,59.01,112600,58.55
2011-08-26,55.73,57.47,55.17,57.23,121300,56.78
2011-08-25,56.87,57.15,55.78,55.98,113100,55.54
2011-08-24,56.32,57.00,55.83,56.84,125200,56.40
2011-08-23,54.50,56.45,54.38,56.45,147500,56.01
2011-08-22,54.99,55.09,53.96,54.19,212300,53.77
2011-08-19,54.62,55.65,53.81,53.88,280400,53.46
2011-08-18,56.85,56.85,54.83,55.32,241300,54.89
2011-08-17,59.21,59.54,58.00,58.53,146100,58.07
2011-08-16,59.15,59.64,58.36,59.04,205200,58.58
2011-08-15,59.07,59.76,58.89,59.75,215000,59.28
2011-08-12,58.75,59.04,57.99,58.65,163000,58.19
2011-08-11,56.39,58.86,56.39,58.18,392400,57.73
2011-08-10,56.94,57.56,55.63,55.73,753400,55.29
2011-08-09,56.03,58.01,54.56,57.96,786200,57.51
2011-08-08,57.04,58.06,55.44,55.44,544300,55.01
2011-08-05,60.22,60.34,57.30,59.03,616700,58.57
2011-08-04,61.71,61.75,59.56,59.57,520600,59.10
2011-08-03,61.69,62.57,60.83,62.50,645300,62.01
2011-08-02,62.67,63.21,61.61,61.66,189500,61.18
2011-08-01,64.14,64.28,62.35,63.06,271700,62.57
2011-07-29,63.21,64.00,62.78,63.26,211500,62.77
2011-07-28,63.78,64.60,63.51,63.82,343500,63.32
2011-07-27,65.17,65.22,63.70,63.83,147300,63.33
2011-07-26,65.63,66.09,65.50,65.83,89100,65.32
2011-07-25,65.16,65.99,65.05,65.63,121000,65.12
2011-07-22,65.08,65.93,65.08,65.81,225800,65.30
2011-07-21,64.76,65.30,64.25,65.03,136900,64.52
2011-07-20,65.54,65.54,64.64,64.78,103800,64.27
2011-07-19,64.03,65.13,64.03,65.08,322800,64.57
2011-07-18,63.38,63.68,62.84,63.36,84400,62.86
2011-07-15,63.67,63.76,63.22,63.74,98300,63.24
2011-07-14,63.72,64.18,62.73,62.95,78600,62.46
2011-07-13,63.75,64.34,63.41,63.57,95500,63.07
2011-07-12,63.99,63.99,63.37,63.42,69200,62.92
2011-07-11,64.71,65.01,63.94,64.12,171000,63.62
2011-07-08,65.04,65.37,64.67,65.37,105200,64.86
2011-07-07,65.22,65.88,65.22,65.69,155000,65.18
2011-07-06,64.41,64.89,64.17,64.78,272200,64.27
2011-07-05,64.40,64.56,64.18,64.52,184800,64.02
2011-07-01,63.48,64.46,63.22,64.38,393600,63.88
2011-06-30,62.70,63.42,62.70,63.35,116700,62.85
2011-06-29,62.17,62.50,61.80,62.45,122700,61.96
2011-06-28,61.40,62.02,61.36,62.02,100400,61.54
2011-06-27,60.35,61.43,60.21,61.18,104900,60.70
2011-06-24,61.19,61.19,60.28,60.40,108200,59.93
2011-06-23,60.17,61.41,60.00,61.41,112600,60.93
2011-06-22,61.00,61.34,60.79,60.79,137400,60.31
2011-06-21,60.24,61.32,60.08,61.21,130500,60.73
2011-06-20,59.51,60.13,59.48,59.96,62800,59.49
2011-06-17,60.39,60.57,59.60,59.74,124200,59.27
2011-06-16,60.21,60.43,59.41,59.90,177400,59.43
2011-06-15,60.88,61.11,60.12,60.26,137200,59.79
2011-06-14,61.06,61.56,61.06,61.35,178100,60.87
2011-06-13,60.64,60.89,60.33,60.49,177500,60.02
2011-06-10,61.23,61.33,60.56,60.61,166400,60.14
2011-06-09,61.48,61.77,61.28,61.50,115200,61.02
2011-06-08,61.80,61.83,61.23,61.40,140200,60.92
2011-06-07,62.30,62.51,61.99,61.99,67600,61.51
2011-06-06,62.53,62.78,62.12,62.13,140400,61.64
2011-06-03,62.83,63.29,62.57,62.66,150200,62.17
2011-06-02,63.75,63.94,63.37,63.60,159200,63.10
2011-06-01,64.80,65.06,63.53,63.55,197200,63.05
2011-05-31,64.71,64.99,64.32,64.99,100200,64.48
2011-05-27,63.80,64.10,63.78,64.04,76600,63.54
2011-05-26,63.14,63.82,63.14,63.69,128600,63.19
2011-05-25,62.70,63.52,62.69,63.25,90400,62.76
2011-05-24,63.35,63.44,62.83,62.89,115000,62.40
2011-05-23,63.49,63.49,63.00,63.22,142400,62.73
2011-05-20,64.67,64.75,64.22,64.27,89800,63.77
2011-05-19,64.72,64.82,64.28,64.67,95100,64.16
2011-05-18,63.95,64.71,63.92,64.57,91700,64.07
2011-05-17,63.74,63.96,63.21,63.95,214500,63.45
2011-05-16,64.88,65.21,63.98,64.14,163000,63.64
2011-05-13,65.85,65.94,65.16,65.19,101300,64.68
2011-05-12,65.25,66.11,64.95,65.96,105800,65.44
2011-05-11,66.09,66.27,65.19,65.55,142100,65.04
2011-05-10,65.75,66.17,65.57,66.10,159400,65.58
2011-05-09,65.30,65.70,65.11,65.52,109000,65.01
2011-05-06,65.70,66.00,65.03,65.24,222000,64.73
2011-05-05,64.92,65.70,64.75,64.96,84300,64.45
2011-05-04,65.39,65.56,64.70,65.24,236000,64.73
2011-05-03,65.76,65.76,64.97,65.43,140400,64.92
2011-05-02,66.37,66.38,65.66,65.77,212000,65.26
2011-04-29,66.07,66.19,65.81,66.19,106000,65.67
2011-04-28,65.83,66.04,65.69,65.96,118900,65.44
2011-04-27,65.80,66.03,65.39,65.95,94300,65.43
2011-04-26,65.31,65.86,65.15,65.63,141100,65.12
2011-04-25,65.07,65.21,64.88,65.15,153000,64.64
2011-04-21,64.93,65.00,64.65,64.97,169200,64.46
2011-04-20,63.98,64.47,63.83,64.41,207900,63.91
2011-04-19,62.72,62.86,62.39,62.86,107700,62.37
2011-04-18,62.53,62.64,61.83,62.61,351700,62.12
2011-04-15,63.21,63.37,62.86,63.19,109000,62.70
2011-04-14,63.15,63.38,62.76,63.35,181600,62.85
2011-04-13,63.45,63.78,63.15,63.51,141600,63.01
2011-04-12,63.35,63.36,62.75,63.03,124600,62.54
2011-04-11,63.85,63.96,63.39,63.65,115600,63.15
2011-04-08,64.49,64.49,63.56,63.83,146600,63.33
2011-04-07,64.25,64.53,63.80,64.19,146900,63.69
2011-04-06,64.14,64.40,63.84,64.25,214200,63.75
2011-04-05,63.70,64.25,63.70,63.80,159800,63.30
2011-04-04,64.23,64.23,63.53,63.76,101500,63.26
2011-04-01,64.61,64.61,63.87,64.04,192200,63.54
2011-03-31,64.28,64.35,64.05,64.23,105500,63.73
2011-03-30,64.40,64.40,64.07,64.27,144800,63.77
2011-03-29,63.49,64.04,63.25,64.04,206700,63.54
2011-03-28,64.06,64.25,63.59,63.63,186800,63.13
2011-03-25,64.19,64.35,63.87,63.95,202800,63.45
2011-03-24,63.12,63.81,62.87,63.75,219400,63.25
2011-03-23,62.21,62.88,61.89,62.75,152300,62.26
2011-03-22,62.66,62.66,62.26,62.38,181400,61.89
2011-03-21,62.23,62.84,62.06,62.55,179700,62.06
2011-03-18,62.06,62.06,61.24,61.33,177200,60.85
2011-03-17,61.49,61.87,61.15,61.19,397300,60.71
2011-03-16,61.93,62.20,60.35,60.68,351500,60.21
2011-03-15,61.37,62.55,60.99,62.25,497200,61.76
2011-03-14,63.15,63.54,62.78,63.13,157700,62.64
2011-03-11,62.70,63.64,62.68,63.45,166700,62.95
2011-03-10,63.59,63.62,62.95,63.06,248100,62.57
2011-03-09,64.74,64.77,64.14,64.40,179200,63.90
2011-03-08,64.55,65.20,64.11,64.92,133400,64.41
2011-03-07,65.75,65.83,63.93,64.45,165700,63.95
2011-03-04,65.88,65.95,65.05,65.44,181800,64.93
2011-03-03,65.37,65.97,65.33,65.82,210000,65.31
2011-03-02,64.21,65.16,64.21,64.67,193900,64.16
2011-03-01,65.82,65.82,64.19,64.32,203400,63.82
2011-02-28,65.77,65.93,65.12,65.50,194600,64.99
2011-02-25,64.97,65.51,64.93,65.46,256200,64.95
2011-02-24,64.29,64.72,63.79,64.52,149600,64.02
2011-02-23,64.97,64.97,63.66,64.23,308300,63.73
2011-02-22,66.10,66.35,65.06,65.17,311400,64.66
2011-02-18,67.22,67.22,66.79,67.01,191100,66.49
2011-02-17,66.70,67.17,66.59,67.05,185600,66.53
2011-02-16,66.71,67.00,66.52,66.92,212800,66.40
2011-02-15,66.67,66.67,66.23,66.41,206700,65.89
2011-02-14,66.64,66.93,66.56,66.74,402000,66.22
2011-02-11,66.14,66.61,66.00,66.53,154400,66.01
2011-02-10,65.82,66.36,65.67,66.23,140600,65.71
2011-02-09,66.55,66.71,66.25,66.46,323600,65.94
2011-02-08,66.56,66.65,66.20,66.64,350400,66.12
2011-02-07,66.22,66.70,66.14,66.37,305700,65.85
2011-02-04,65.61,66.00,65.41,65.99,151300,65.47
2011-02-03,65.30,65.58,64.72,65.46,170400,64.95
2011-02-02,65.14,65.59,65.01,65.38,150600,64.87
2011-02-01,64.31,65.32,64.31,65.17,288800,64.66
2011-01-31,63.66,63.99,63.31,63.94,239200,63.44
2011-01-28,65.11,65.15,63.29,63.52,265600,63.02
2011-01-27,64.82,65.25,64.68,65.00,171700,64.49
2011-01-26,64.43,64.87,64.23,64.70,233700,64.19
2011-01-25,63.99,64.27,63.72,64.23,172500,63.73
2011-01-24,63.28,64.14,63.18,64.14,268000,63.64
2011-01-21,64.08,64.08,63.21,63.23,163300,62.74
2011-01-20,63.90,63.90,63.00,63.60,308500,63.10
2011-01-19,65.00,65.00,64.00,64.19,211600,63.69
2011-01-18,64.25,64.88,64.01,64.86,280100,64.35
2011-01-14,64.03,64.58,63.84,64.57,151400,64.07
2011-01-13,64.02,64.13,63.77,63.96,170700,63.46
2011-01-12,63.80,64.02,63.59,64.02,258400,63.52
2011-01-11,63.64,63.64,63.23,63.44,175000,62.94
2011-01-10,62.99,63.42,62.70,63.33,128800,62.83
2011-01-07,63.36,63.37,62.50,63.13,139900,62.64
2011-01-06,62.99,63.32,62.77,63.28,214400,62.79
2011-01-05,62.21,62.77,62.10,62.74,118800,62.25
2011-01-04,62.61,62.61,61.85,62.30,197100,61.81
2011-01-03,62.07,62.61,62.03,62.22,305300,61.73
2010-12-31,61.70,61.71,61.30,61.52,274500,61.04
2010-12-30,61.86,61.86,61.65,61.73,109100,61.25
2010-12-29,61.92,61.96,61.75,61.79,126500,61.31
2010-12-28,61.76,61.93,61.58,61.71,110400,61.23
2010-12-27,61.36,61.85,61.17,61.78,151900,61.30
2010-12-23,61.65,61.74,61.49,61.63,127700,61.15
2010-12-22,61.69,61.80,61.61,61.72,152800,61.24
2010-12-21,62.00,62.15,61.84,62.08,173300,61.24
2010-12-20,61.96,61.96,61.44,61.71,193500,60.87
2010-12-17,61.79,61.95,61.65,61.78,123100,60.94
2010-12-16,61.48,61.78,61.24,61.56,183700,60.72
2010-12-15,61.58,61.91,61.18,61.36,125000,60.53
2010-12-14,61.87,61.99,61.50,61.65,144300,60.81
2010-12-13,62.25,62.25,61.72,61.72,136600,60.88
2010-12-10,61.76,61.98,61.56,61.96,125000,61.12
2010-12-09,61.89,61.89,61.39,61.57,80900,60.73
2010-12-08,61.25,61.54,61.05,61.54,100800,60.70
2010-12-07,61.74,61.80,61.03,61.05,121200,60.22
2010-12-06,60.87,61.15,60.80,61.03,133200,60.20
2010-12-03,60.46,61.00,60.42,60.94,96200,60.11
2010-12-02,60.09,60.75,60.00,60.70,185400,59.87
2010-12-01,59.42,60.09,59.42,59.92,84400,59.10
2010-11-30,58.83,58.89,58.45,58.60,72000,57.80
2010-11-29,59.40,59.49,58.69,59.36,184600,58.55
2010-11-26,59.62,59.90,59.36,59.75,49500,58.94
2010-11-24,59.35,60.03,59.35,59.96,57700,59.14
2010-11-23,59.23,59.28,58.57,58.91,81300,58.11
2010-11-22,59.12,59.73,58.97,59.73,80700,58.92
2010-11-19,59.17,59.43,59.00,59.34,89200,58.53
2010-11-18,58.75,59.39,58.73,59.14,83300,58.34
2010-11-17,58.09,58.46,57.83,58.10,82200,57.31
2010-11-16,58.66,58.80,57.85,58.09,218300,57.30
2010-11-15,59.65,59.65,59.10,59.10,86100,58.30
2010-11-12,59.87,60.22,58.98,59.34,141200,58.53
2010-11-11,59.95,60.26,59.45,60.19,184000,59.37
2010-11-10,61.02,61.19,60.51,61.16,196100,60.33
2010-11-09,61.52,61.62,60.75,60.95,127500,60.12
2010-11-08,61.09,61.39,61.00,61.27,106800,60.44
2010-11-05,61.18,61.20,60.91,61.16,171300,60.33
2010-11-04,60.87,61.15,60.71,61.10,128500,60.27
2010-11-03,59.87,60.21,59.45,60.14,105300,59.32
2010-11-02,59.64,59.94,59.59,59.79,140100,58.98
2010-11-01,59.40,59.80,58.91,59.23,186900,58.42
2010-10-29,59.14,59.47,59.14,59.16,81800,58.36
2010-10-28,59.36,59.36,58.65,59.07,108000,58.27
2010-10-27,58.46,59.12,58.42,59.10,85100,58.30
2010-10-26,58.41,58.83,58.10,58.74,147700,57.94
2010-10-25,58.68,59.07,58.61,58.69,121600,57.89
2010-10-22,58.04,58.44,57.90,58.41,76600,57.62
2010-10-21,58.21,58.43,57.43,57.98,108900,57.19
2010-10-20,57.66,58.30,57.55,57.91,115500,57.12
2010-10-19,57.54,58.06,57.10,57.50,128500,56.72
2010-10-18,58.33,58.57,58.06,58.42,199500,57.63
2010-10-15,57.94,58.29,57.52,58.25,151700,57.46
2010-10-14,57.35,57.50,56.96,57.24,87000,56.46
2010-10-13,57.13,57.51,56.88,57.23,176100,56.45
2010-10-12,56.20,56.81,55.76,56.68,163400,55.91
2010-10-11,56.32,56.58,56.15,56.27,212300,55.50
2010-10-08,55.90,56.36,55.50,56.21,71600,55.45
2010-10-07,55.92,55.98,55.44,55.84,84000,55.08
2010-10-06,56.03,56.27,55.31,55.70,82600,54.94
2010-10-05,55.52,56.28,55.40,56.13,121600,55.37
2010-10-04,55.44,55.55,54.62,54.96,107800,54.21
2010-10-01,56.01,56.09,55.37,55.60,181300,54.84
2010-09-30,56.14,56.45,55.27,55.60,139400,54.84
2010-09-29,55.66,56.06,55.65,55.87,127800,55.11
2010-09-28,55.83,55.94,54.90,55.82,170600,55.06
2010-09-27,55.78,56.10,55.60,55.71,145900,54.95
2010-09-24,55.17,55.80,55.17,55.76,95600,55.00
2010-09-23,54.22,55.13,54.12,54.57,129000,53.83
2010-09-22,54.71,54.95,54.25,54.60,161300,53.86
2010-09-21,55.06,55.36,54.77,54.87,387800,54.12
2010-09-20,54.31,55.10,54.24,54.99,172600,54.24
2010-09-17,54.30,54.34,53.86,54.13,133700,53.39
2010-09-16,53.51,53.93,53.47,53.91,132300,53.18
2010-09-15,53.18,53.69,53.09,53.56,134300,52.83
2010-09-14,52.97,53.71,52.79,53.30,164000,52.57
2010-09-13,52.39,53.14,52.39,53.04,98500,52.32
2010-09-10,52.04,52.04,51.60,51.91,168700,51.20
2010-09-09,52.33,52.39,51.86,51.93,81800,51.22
2010-09-08,51.71,52.00,51.57,51.84,204700,51.13
2010-09-07,51.94,52.15,51.58,51.63,73200,50.93
2010-09-03,51.78,52.17,51.64,52.13,204000,51.42
2010-09-02,50.85,51.28,50.72,51.28,95300,50.58
2010-09-01,50.04,50.91,50.03,50.76,97400,50.07
2010-08-31,49.51,49.78,49.13,49.35,171200,48.68
2010-08-30,50.21,50.49,49.70,49.70,75400,49.02
2010-08-27,50.02,50.43,48.74,50.36,227800,49.67
2010-08-26,50.26,50.53,49.60,49.66,168100,48.98
2010-08-25,49.49,50.36,49.38,50.15,246700,49.47
2010-08-24,50.07,50.38,49.70,49.82,107700,49.14
2010-08-23,51.43,51.56,50.63,50.63,125300,49.94
2010-08-20,51.03,51.27,50.77,51.13,310400,50.43
2010-08-19,51.68,51.80,50.90,51.17,80700,50.47
2010-08-18,51.48,52.07,51.36,51.82,69900,51.12
2010-08-17,51.36,52.01,51.30,51.60,70600,50.90
2010-08-16,50.48,51.25,50.35,50.94,182600,50.25
2010-08-13,50.85,51.10,50.73,50.73,172100,50.04
2010-08-12,50.80,51.27,50.61,51.07,179200,50.38
2010-08-11,52.51,52.52,51.74,51.94,1132200,51.23
2010-08-10,53.81,53.81,53.06,53.38,158500,52.65
2010-08-09,53.92,54.26,53.75,54.13,82700,53.39
2010-08-06,53.44,53.89,53.10,53.81,74800,53.08
2010-08-05,53.97,54.07,53.60,53.95,95700,53.22
2010-08-04,54.01,54.27,53.58,54.24,204400,53.50
2010-08-03,53.90,54.00,53.58,53.78,96100,53.05
2010-08-02,53.67,54.21,53.42,54.05,137700,53.31
2010-07-30,52.72,53.31,52.41,53.02,97000,52.30
2010-07-29,54.02,54.04,52.75,53.22,106200,52.50
2010-07-28,54.27,54.44,53.58,53.76,75700,53.03
2010-07-27,54.66,54.67,54.13,54.38,73800,53.64
2010-07-26,54.01,54.38,53.71,54.34,134600,53.60
2010-07-23,53.29,53.93,53.07,53.93,123700,53.20
2010-07-22,52.76,53.61,52.60,53.44,127200,52.71
2010-07-21,53.16,53.16,51.88,51.98,80500,51.27
2010-07-20,51.36,52.79,51.13,52.79,157000,52.07
2010-07-19,52.00,52.49,51.75,52.39,208900,51.68
2010-07-16,53.17,53.17,51.78,51.81,115000,51.11
2010-07-15,53.47,53.54,52.61,53.42,123800,52.69
2010-07-14,53.14,53.78,53.10,53.46,182700,52.73
2010-07-13,52.73,53.22,52.32,53.05,153200,52.33
2010-07-12,51.74,52.39,51.74,52.17,70100,51.46
2010-07-09,51.49,51.87,51.38,51.84,122400,51.13
2010-07-08,51.83,51.83,50.93,51.49,108300,50.79
2010-07-07,49.54,51.24,49.54,51.22,95000,50.52
2010-07-06,49.99,50.27,48.98,49.36,208800,48.69
2010-07-02,49.22,49.50,48.73,49.13,187000,48.46
2010-07-01,49.50,49.79,48.38,49.24,254700,48.57
2010-06-30,50.16,50.54,49.31,49.46,221400,48.79
2010-06-29,51.51,51.52,49.87,50.18,213300,49.50
2010-06-28,52.26,52.61,51.92,52.28,142700,51.57
2010-06-25,52.46,52.68,51.86,52.26,96000,51.55
2010-06-24,52.97,53.11,52.10,52.21,102300,51.50
2010-06-23,53.48,53.66,52.79,53.20,72600,52.48
2010-06-22,54.13,54.60,53.40,53.42,76800,52.69
2010-06-21,55.12,55.12,53.74,54.01,87800,53.28
2010-06-18,54.53,54.77,54.26,54.44,68800,53.70
2010-06-17,54.48,54.51,53.90,54.37,106600,53.63
2010-06-16,53.91,54.40,53.70,54.20,163700,53.46
2010-06-15,52.75,54.15,52.75,54.10,125400,53.36
2010-06-14,53.19,53.39,52.48,52.51,122600,51.80
2010-06-11,51.64,52.70,51.50,52.64,107800,51.92
2010-06-10,51.43,52.08,51.27,52.02,133700,51.31
2010-06-09,51.46,51.94,50.53,50.68,122200,49.99
2010-06-08,51.08,51.23,50.28,51.06,197400,50.37
2010-06-07,52.21,52.47,50.98,51.03,134700,50.34
2010-06-04,53.01,53.48,51.88,52.10,239600,51.39
2010-06-03,53.47,54.08,53.27,53.99,181100,53.26
2010-06-02,52.40,53.32,52.01,53.32,120700,52.59
2010-06-01,52.36,53.31,52.01,52.02,121600,51.31
2010-05-28,53.37,53.37,52.39,52.83,152000,52.11
2010-05-27,52.41,53.34,52.41,53.34,132600,52.61
2010-05-26,52.18,52.95,51.25,51.44,144100,50.74
2010-05-25,50.52,51.81,50.15,51.80,337200,51.10
2010-05-24,52.36,52.71,51.90,51.90,132600,51.19
2010-05-21,50.80,52.58,50.50,52.24,416400,51.53
2010-05-20,52.50,52.81,51.55,51.69,527100,50.99
2010-05-19,53.86,54.31,53.05,53.64,204000,52.91
2010-05-18,55.47,55.59,53.76,53.99,210000,53.26
2010-05-17,55.01,55.13,53.78,54.84,207500,54.09
2010-05-14,55.53,55.57,54.10,54.72,178300,53.98
2010-05-13,56.60,57.04,55.83,55.96,187500,55.20
2010-05-12,55.70,56.74,55.58,56.69,193200,55.92
2010-05-11,55.06,56.23,54.85,55.33,197500,54.58
2010-05-10,55.01,56.50,53.95,55.52,317700,54.76
2010-05-07,53.86,54.40,51.72,52.95,546700,52.23
2010-05-06,55.78,56.20,44.46,54.07,801800,53.33
2010-05-05,55.87,56.50,55.59,56.07,355200,55.31
2010-05-04,57.43,57.52,56.05,56.46,218500,55.69
2010-05-03,57.55,58.36,57.55,58.21,102500,57.42
2010-04-30,58.79,58.79,57.36,57.42,137400,56.64
2010-04-29,58.41,58.81,58.25,58.72,131500,57.92
2010-04-28,58.39,58.39,57.60,58.17,146000,57.38
2010-04-27,59.00,59.30,57.90,58.02,194000,57.23
2010-04-26,59.40,59.57,59.25,59.25,137400,58.44
2010-04-23,59.12,59.50,58.83,59.33,121900,58.52
2010-04-22,58.32,59.11,57.83,59.09,104300,58.29
2010-04-21,59.05,59.14,58.53,58.87,189300,58.07
2010-04-20,58.60,58.75,58.18,58.64,264800,57.84
2010-04-19,58.24,58.44,57.50,58.26,127300,57.47
2010-04-16,58.88,58.98,58.00,58.31,343700,57.52
2010-04-15,58.69,59.13,58.69,59.05,198700,58.25
2010-04-14,58.26,58.89,58.19,58.76,343100,57.96
2010-04-13,57.50,57.79,57.30,57.73,88900,56.94
2010-04-12,57.42,57.72,57.30,57.55,112700,56.77
2010-04-09,56.99,57.35,56.80,57.32,98300,56.54
2010-04-08,56.75,56.98,56.32,56.88,134300,56.11
2010-04-07,56.89,57.16,56.58,56.87,219700,56.10
2010-04-06,56.73,57.20,56.56,57.01,164000,56.23
2010-04-05,56.35,56.95,56.25,56.94,137200,56.17
2010-04-01,56.50,56.81,55.75,56.17,272600,55.41
2010-03-31,56.24,56.57,56.10,56.18,69300,55.42
2010-03-30,56.44,56.66,56.11,56.52,145400,55.75
2010-03-29,56.47,56.60,56.14,56.22,116000,55.46
2010-03-26,56.52,56.60,55.97,56.25,98100,55.48
2010-03-25,56.64,57.11,56.27,56.30,205400,55.53
2010-03-24,56.42,56.47,56.19,56.21,132600,55.45
2010-03-23,56.18,56.66,56.00,56.65,137900,55.88
2010-03-22,55.27,56.26,55.21,56.08,197400,55.32
2010-03-19,56.17,56.18,55.37,55.56,123000,54.80
2010-03-18,56.06,56.20,55.92,56.06,95800,55.30
2010-03-17,55.88,56.38,55.82,56.06,148300,55.30
2010-03-16,55.51,55.80,55.29,55.74,141700,54.98
2010-03-15,55.38,55.45,54.94,55.33,182100,54.58
2010-03-12,55.69,55.69,55.31,55.51,267500,54.75
2010-03-11,55.22,55.53,55.07,55.51,332700,54.75
2010-03-10,54.98,55.42,54.90,55.35,205400,54.60
2010-03-09,54.48,55.27,54.48,54.90,144200,54.15
2010-03-08,54.53,54.79,54.53,54.69,135600,53.95
2010-03-05,54.15,54.61,54.00,54.44,128100,53.70
2010-03-04,53.61,53.79,53.22,53.76,67400,53.03
2010-03-03,53.62,53.83,53.35,53.51,97100,52.78
2010-03-02,53.69,53.85,53.36,53.48,151800,52.75
2010-03-01,52.88,53.51,52.83,53.50,111500,52.77
2010-02-26,52.62,52.77,52.36,52.65,92700,51.93
2010-02-25,52.02,52.64,51.68,52.59,142300,51.87
2010-02-24,52.48,52.93,52.48,52.75,186900,52.03
2010-02-23,52.82,52.90,51.96,52.26,186100,51.55
2010-02-22,53.28,53.29,52.82,52.97,258800,52.25
2010-02-19,52.90,53.29,52.79,53.08,145500,52.36
2010-02-18,52.60,53.19,52.54,53.14,190600,52.42
2010-02-17,52.73,52.74,52.44,52.68,182100,51.96
2010-02-16,52.00,52.51,51.85,52.44,159000,51.73
2010-02-12,51.08,51.75,50.84,51.70,265400,51.00
2010-02-11,50.87,51.68,50.62,51.58,94000,50.88
2010-02-10,51.00,51.21,50.54,50.91,313500,50.22
2010-02-09,51.06,51.42,50.61,51.02,169700,50.33
2010-02-08,50.76,51.11,50.47,50.47,165200,49.78
2010-02-05,50.33,50.79,49.80,50.73,380800,50.04
2010-02-04,51.36,51.50,50.23,50.26,175700,49.58
2010-02-03,51.34,51.88,51.28,51.78,117300,51.08
2010-02-02,51.26,51.74,50.94,51.63,346800,50.93
2010-02-01,50.61,51.19,50.53,51.19,427800,50.49
2010-01-29,51.86,52.00,50.15,50.38,322000,49.69
2010-01-28,52.78,52.83,51.12,51.54,184300,50.84
2010-01-27,52.50,53.10,52.13,52.96,285400,52.24
2010-01-26,52.55,53.26,52.35,52.65,200600,51.93
2010-01-25,52.75,52.98,52.36,52.65,356000,51.93
2010-01-22,54.12,54.13,52.22,52.32,363800,51.61
2010-01-21,55.10,55.38,54.15,54.36,212800,53.62
2010-01-20,55.26,55.26,54.28,54.90,174200,54.15
2010-01-19,54.89,55.62,54.88,55.62,319200,54.86
2010-01-15,55.48,55.68,54.59,54.86,258200,54.11
2010-01-14,55.12,55.68,55.02,55.55,298600,54.79
2010-01-13,54.84,55.32,54.36,55.20,313500,54.45
2010-01-12,54.96,55.12,54.39,54.60,188500,53.86
2010-01-11,55.71,55.79,55.03,55.33,196200,54.58
2010-01-08,54.97,55.57,54.90,55.57,168900,54.81
2010-01-07,55.29,55.33,54.90,55.14,237100,54.39
2010-01-06,55.76,55.86,55.23,55.35,223000,54.60
2010-01-05,55.81,55.88,55.41,55.74,520800,54.98
2010-01-04,55.55,55.94,55.48,55.80,270600,55.04
2009-12-31,55.66,55.66,54.82,54.87,139900,54.12
2009-12-30,55.11,55.50,55.10,55.48,190500,54.73
2009-12-29,55.38,55.39,55.16,55.27,256700,54.52
2009-12-28,55.33,55.46,55.02,55.31,337200,54.56
2009-12-24,54.80,55.22,54.79,55.22,123300,54.47
2009-12-23,54.47,54.74,54.36,54.70,341700,53.96
2009-12-22,54.22,54.38,54.09,54.30,345800,53.56
2009-12-21,53.97,54.44,53.94,54.28,200000,53.29
2009-12-18,53.35,53.72,53.15,53.72,146900,52.75
2009-12-17,53.23,53.28,52.80,52.93,213700,51.97
2009-12-16,53.47,53.77,53.42,53.53,133300,52.56
2009-12-15,53.32,53.66,53.13,53.25,103000,52.28
2009-12-14,53.35,53.54,53.11,53.50,208000,52.53
2009-12-11,53.36,53.40,52.76,52.95,187900,51.99
2009-12-10,53.18,53.36,53.03,53.09,112200,52.13
2009-12-09,52.43,52.98,52.10,52.98,97600,52.02
2009-12-08,52.70,52.85,52.27,52.50,178300,51.55
2009-12-07,52.98,53.25,52.75,52.87,163600,51.91
2009-12-04,53.19,53.57,52.40,53.03,205800,52.07
2009-12-03,52.84,53.14,52.47,52.52,153700,51.57
2009-12-02,52.70,53.11,52.56,52.67,158600,51.71
2009-12-01,52.33,52.84,52.30,52.67,124900,51.71
2009-11-30,51.75,51.92,51.32,51.89,147100,50.95
2009-11-27,51.40,52.08,51.15,51.80,82800,50.86
2009-11-25,52.68,52.72,52.53,52.64,109500,51.68
2009-11-24,52.75,52.75,52.25,52.51,281100,51.56
2009-11-23,52.50,52.94,52.46,52.75,142600,51.79
2009-11-20,51.95,52.04,51.72,51.94,121100,51.00
2009-11-19,52.80,52.81,51.90,52.30,198500,51.35
2009-11-18,53.42,53.42,52.85,53.12,267700,52.16
2009-11-17,53.00,53.46,53.00,53.46,338300,52.49
2009-11-16,52.86,53.35,52.73,53.14,324100,52.18
2009-11-13,52.26,52.70,52.08,52.60,185900,51.65
2009-11-12,52.55,52.71,52.06,52.11,454700,51.16
2009-11-11,52.48,52.66,52.15,52.43,655900,51.48
2009-11-10,51.95,52.28,51.88,52.07,98400,51.13
2009-11-09,51.45,52.10,51.34,52.08,164300,51.13
2009-11-06,50.61,51.17,50.55,51.02,99100,50.09
2009-11-05,50.43,50.98,50.26,50.93,150100,50.01
2009-11-04,49.77,50.33,49.72,49.77,148400,48.87
2009-11-03,49.21,49.45,48.97,49.45,120300,48.55
2009-11-02,49.48,49.97,48.91,49.46,214600,48.56
2009-10-30,50.47,50.85,49.19,49.31,256400,48.42
2009-10-29,50.09,50.65,49.91,50.61,148100,49.69
2009-10-28,50.41,50.64,49.52,49.64,227700,48.74
2009-10-27,51.14,51.39,50.45,50.61,251500,49.69
2009-10-26,51.37,52.10,50.96,51.11,288200,50.18
2009-10-23,52.20,52.30,51.17,51.36,219300,50.43
2009-10-22,51.26,51.67,50.77,51.51,179300,50.58
2009-10-21,51.45,52.23,51.24,51.31,211500,50.38
2009-10-20,51.84,51.90,51.17,51.51,143800,50.58
2009-10-19,51.08,51.62,50.89,51.51,140600,50.58
2009-10-16,51.32,51.33,50.72,51.01,161900,50.08
2009-10-15,51.42,51.54,51.22,51.52,131000,50.59
2009-10-14,51.72,51.74,51.35,51.71,338700,50.77
2009-10-13,50.82,51.10,50.62,50.92,120200,50.00
2009-10-12,50.97,51.17,50.56,50.88,162000,49.96
2009-10-09,50.04,50.80,50.02,50.77,225300,49.85
2009-10-08,50.24,50.51,49.92,50.11,187800,49.20
2009-10-07,49.62,49.93,49.57,49.93,172000,49.02
2009-10-06,49.07,49.84,49.07,49.74,183100,48.84
2009-10-05,48.53,48.97,48.22,48.78,149400,47.89
2009-10-02,48.10,48.75,48.09,48.31,195900,47.43
2009-10-01,49.79,49.79,48.50,48.54,227200,47.66
2009-09-30,50.12,50.38,49.22,49.90,129300,48.99
2009-09-29,50.34,50.51,49.80,49.90,153100,48.99
2009-09-28,49.67,50.59,49.67,50.33,98400,49.42
2009-09-25,49.43,49.79,49.24,49.42,102300,48.52
2009-09-24,50.42,50.50,49.46,49.77,140000,48.87
2009-09-23,50.51,51.05,50.13,50.17,238600,49.26
2009-09-22,50.44,50.46,50.11,50.35,211000,49.44
2009-09-21,49.74,50.30,49.73,50.07,180400,49.16
2009-09-18,50.30,50.31,49.90,50.04,135600,49.13
2009-09-17,49.95,50.33,49.86,50.01,215600,49.10
2009-09-16,49.82,50.17,49.60,50.10,269900,49.19
2009-09-15,49.35,49.72,49.22,49.62,380000,48.72
2009-09-14,48.92,49.33,48.92,49.28,166500,48.39
2009-09-11,49.40,49.45,48.97,49.21,126500,48.32
2009-09-10,48.71,49.35,48.60,49.33,137100,48.43
2009-09-09,48.32,48.84,48.05,48.64,182300,47.76
2009-09-08,48.22,48.25,47.86,48.23,162700,47.35
2009-09-04,47.13,47.88,47.03,47.84,143800,46.97
2009-09-03,46.98,47.08,46.49,47.08,90300,46.23
2009-09-02,46.42,46.93,46.42,46.69,114000,45.84
2009-09-01,47.46,48.21,46.59,46.66,230700,45.81
2009-08-31,47.66,47.78,47.33,47.69,160100,46.82
2009-08-28,48.63,49.00,47.92,48.10,136000,47.23
2009-08-27,47.80,48.01,47.12,48.01,116900,47.14
2009-08-26,47.75,47.97,47.47,47.85,149000,46.98
2009-08-25,47.77,48.13,47.62,47.70,124600,46.83
2009-08-24,47.88,48.16,47.56,47.65,169700,46.79
2009-08-21,47.38,47.82,47.04,47.71,210400,46.84
2009-08-20,46.62,47.12,46.54,47.11,100300,46.26
2009-08-19,45.78,46.69,45.78,46.61,80500,45.76
2009-08-18,45.95,46.46,45.87,46.34,70700,45.50
2009-08-17,46.06,46.12,45.60,45.62,166500,44.79
2009-08-14,47.28,47.28,46.53,46.85,101000,46.00
2009-08-13,47.26,47.42,46.82,47.40,143400,46.54
2009-08-12,46.18,47.34,46.14,46.93,130100,46.08
2009-08-11,46.52,46.57,46.07,46.23,105400,45.39
2009-08-10,46.72,46.84,46.38,46.65,94300,45.80
2009-08-07,47.01,47.14,46.64,46.92,138100,46.07
2009-08-06,46.89,47.01,46.20,46.37,133000,45.53
2009-08-05,47.28,47.28,46.50,46.76,169700,45.91
2009-08-04,47.00,47.20,46.81,47.14,155000,46.28
2009-08-03,46.97,47.17,46.68,47.15,312000,46.29
2009-07-31,46.57,46.90,46.45,46.52,179200,45.68
2009-07-30,46.87,47.32,46.54,46.60,231200,45.75
2009-07-29,46.15,46.35,45.93,46.32,150600,45.48
2009-07-28,46.12,46.56,45.76,46.47,181500,45.63
2009-07-27,46.24,46.49,45.85,46.35,207500,45.51
2009-07-24,45.96,46.47,45.66,46.46,156400,45.62
2009-07-23,45.80,46.88,45.72,46.65,268000,45.80
2009-07-22,45.49,45.96,45.39,45.81,142100,44.98
2009-07-21,45.64,45.64,44.94,45.54,256500,44.71
2009-07-20,45.13,45.38,44.92,45.33,203500,44.51
2009-07-17,44.55,44.89,44.31,44.87,127200,44.06
2009-07-16,43.59,44.59,43.50,44.51,128100,43.70
2009-07-15,42.88,43.78,42.83,43.78,186100,42.99
2009-07-14,41.78,42.04,41.60,41.96,71700,41.20
2009-07-13,41.05,41.85,40.49,41.77,103200,41.01
2009-07-10,40.64,41.19,40.61,41.01,48600,40.27
2009-07-09,40.74,41.07,40.70,40.79,92900,40.05
2009-07-08,40.67,40.78,40.05,40.64,160200,39.90
2009-07-07,41.56,41.71,40.59,40.63,82400,39.89
2009-07-06,41.60,41.83,41.20,41.66,76700,40.90
2009-07-02,42.41,42.41,41.78,41.91,82900,41.15
2009-07-01,42.83,43.34,42.82,42.86,239600,42.08
2009-06-30,42.98,43.08,42.30,42.58,62800,41.81
2009-06-29,42.77,43.02,42.43,42.79,75100,42.01
2009-06-26,42.36,42.66,42.21,42.59,81200,41.82
2009-06-25,41.57,42.53,41.38,42.53,92600,41.76
2009-06-24,41.54,42.10,41.49,41.77,246500,41.01
2009-06-23,41.30,41.40,40.85,41.18,191900,40.43
2009-06-22,42.06,42.18,41.18,41.18,99000,40.43
2009-06-19,42.40,42.64,42.17,42.40,111200,41.63
2009-06-18,42.06,42.21,41.83,41.98,123600,41.22
2009-06-17,41.92,42.46,41.63,42.11,114100,41.35
2009-06-16,42.63,42.70,41.84,41.84,125900,41.08
2009-06-15,42.67,42.76,42.01,42.35,105400,41.58
2009-06-12,42.98,43.07,42.49,43.07,70900,42.29
2009-06-11,42.94,43.57,42.94,43.18,69000,42.40
2009-06-10,43.45,43.64,42.42,42.95,119500,42.17
2009-06-09,42.80,43.26,42.65,43.02,125100,42.24
2009-06-08,42.48,42.82,41.87,42.57,122800,41.80
2009-06-05,42.99,43.00,42.44,42.74,122400,41.96
2009-06-04,42.05,42.55,41.94,42.52,122600,41.75
2009-06-03,41.97,41.98,41.37,41.85,122800,41.09
2009-06-02,42.28,42.66,41.89,42.08,232100,41.32
2009-06-01,41.49,42.47,41.36,42.31,223400,41.54
2009-05-29,40.73,40.82,40.21,40.82,233500,40.08
2009-05-28,40.40,40.58,39.59,40.50,125400,39.77
2009-05-27,40.27,40.87,39.93,39.98,223900,39.25
2009-05-26,38.68,40.35,38.68,40.28,102300,39.55
2009-05-22,39.29,39.46,38.73,39.02,116100,38.31
2009-05-21,39.39,39.65,38.75,39.20,226200,38.49
2009-05-20,40.14,40.62,39.67,39.75,139200,39.03
2009-05-19,39.61,40.44,39.53,40.02,116000,39.29
2009-05-18,38.95,39.77,38.86,39.77,191900,39.05
2009-05-15,38.69,39.19,38.54,38.76,148800,38.06
2009-05-14,38.25,38.99,38.25,38.71,124900,38.01
2009-05-13,38.69,38.85,38.10,38.19,230700,37.50
2009-05-12,39.78,39.78,38.75,39.21,148000,38.50
2009-05-11,39.05,39.86,38.85,39.48,241200,38.76
2009-05-08,39.85,39.85,38.91,39.45,269900,38.73
2009-05-07,40.99,41.08,39.10,39.38,270900,38.67
2009-05-06,41.10,41.10,40.10,40.62,253600,39.88
2009-05-05,40.77,40.88,40.28,40.60,351100,39.86
2009-05-04,40.46,40.84,40.15,40.78,259700,40.04
2009-05-01,39.88,40.09,39.34,40.05,170200,39.32
2009-04-30,40.11,40.72,39.56,39.79,348600,39.07
2009-04-29,39.06,40.05,38.97,39.58,149500,38.86
2009-04-28,38.74,39.14,38.46,38.73,178700,38.03
2009-04-27,38.75,39.52,38.75,39.01,209100,38.30
2009-04-24,38.75,39.44,38.37,39.24,187000,38.53
2009-04-23,38.43,38.43,37.56,38.34,257700,37.64
2009-04-22,37.80,39.00,37.64,38.22,300400,37.53
2009-04-21,37.19,38.09,37.13,38.06,248800,37.37
2009-04-20,37.96,37.97,37.20,37.38,180100,36.70
2009-04-17,38.62,38.77,38.06,38.59,160100,37.89
2009-04-16,37.95,38.80,37.65,38.54,170100,37.84
2009-04-15,37.30,37.47,36.84,37.44,138800,36.76
2009-04-14,37.71,38.02,37.35,37.62,236800,36.94
2009-04-13,38.07,38.26,37.52,38.03,130400,37.34
2009-04-09,37.80,38.31,37.53,38.16,139200,37.47
2009-04-08,36.68,37.20,36.44,36.92,238200,36.25
2009-04-07,36.80,36.88,36.16,36.32,148700,35.66
2009-04-06,37.27,37.37,36.65,37.24,131900,36.56
2009-04-03,37.19,37.75,37.00,37.74,157800,37.06
2009-04-02,36.73,37.82,36.59,37.08,209700,36.41
2009-04-01,34.84,36.10,34.70,36.02,236200,35.37
2009-03-31,35.05,35.91,34.96,35.23,131800,34.59
2009-03-30,35.05,35.05,34.16,34.63,118400,34.00
2009-03-27,36.18,36.18,35.53,35.56,239500,34.91
2009-03-26,35.72,36.54,35.61,36.46,219200,35.80
2009-03-25,35.28,35.89,34.37,35.27,97300,34.63
2009-03-24,35.38,35.70,35.00,35.10,132500,34.46
2009-03-23,34.43,35.62,34.16,35.62,175700,34.97
2009-03-20,34.31,34.69,33.40,33.55,81700,32.94
2009-03-19,34.72,34.74,34.10,34.17,124200,33.55
2009-03-18,33.38,34.55,33.32,34.07,140200,33.45
2009-03-17,32.63,33.46,32.43,33.46,93200,32.85
2009-03-16,33.14,33.18,32.34,32.36,177500,31.77
2009-03-13,33.02,33.07,32.45,32.90,127800,32.30
2009-03-12,32.13,33.00,31.74,32.86,153300,32.26
2009-03-11,31.64,32.28,31.22,32.04,238100,31.46
2009-03-10,29.74,31.25,29.74,31.17,83100,30.60
2009-03-09,29.59,30.41,29.13,29.36,83200,28.83
2009-03-06,30.41,30.74,29.30,30.10,103200,29.55
2009-03-05,30.80,31.23,30.19,30.27,94600,29.72
2009-03-04,30.91,31.75,30.87,31.31,112300,30.74
2009-03-03,30.77,31.10,30.24,30.60,182500,30.04
2009-03-02,31.02,31.59,30.43,30.53,185600,29.98
2009-02-27,31.24,32.02,31.23,31.57,183300,31.00
2009-02-26,32.33,32.74,31.61,31.70,82200,31.12
2009-02-25,31.94,32.68,31.33,32.08,84800,31.50
2009-02-24,31.21,32.30,31.13,32.03,74300,31.45
2009-02-23,32.54,32.68,31.00,31.12,117000,30.56
2009-02-20,31.93,32.75,31.93,32.46,109500,31.87
2009-02-19,33.57,33.61,32.38,32.46,154100,31.87
2009-02-18,33.56,33.92,33.06,33.50,77400,32.89
2009-02-17,33.80,33.93,33.32,33.37,104000,32.76
2009-02-13,34.88,35.38,34.79,34.92,90300,34.29
2009-02-12,34.19,34.97,33.88,34.96,160300,34.33
2009-02-11,34.72,34.96,34.23,34.72,109400,34.09
2009-02-10,35.83,36.20,34.40,34.64,246900,34.01
2009-02-09,35.98,36.22,35.70,36.05,69600,35.40
2009-02-06,34.99,36.13,34.84,35.90,93200,35.25
2009-02-05,33.63,35.08,33.53,34.72,288100,34.09
2009-02-04,33.97,34.83,33.92,34.05,222200,33.43
2009-02-03,33.43,33.97,32.86,33.87,146000,33.26
2009-02-02,32.52,33.57,32.52,33.33,148000,32.73
2009-01-30,33.93,33.99,32.80,32.90,131200,32.30
2009-01-29,34.40,34.40,33.71,33.78,143100,33.17
2009-01-28,34.35,35.11,34.26,34.84,196800,34.21
2009-01-27,33.38,33.99,33.30,33.82,261700,33.21
2009-01-26,33.10,33.87,32.92,33.29,251300,32.69
2009-01-23,31.99,33.47,31.89,33.02,405200,32.42
2009-01-22,32.53,34.55,32.00,32.59,391300,32.00
2009-01-21,32.28,33.35,32.00,33.31,306900,32.71
2009-01-20,33.43,33.45,31.71,31.73,295500,31.15
2009-01-16,33.68,33.84,32.64,33.47,141900,32.86
2009-01-15,32.81,33.41,32.08,33.15,327000,32.55
2009-01-14,33.53,33.76,32.71,32.96,157000,32.36
2009-01-13,34.06,34.47,33.75,34.14,250100,33.52
2009-01-12,34.70,34.76,33.82,34.15,146800,33.53
2009-01-09,35.59,35.60,34.56,34.73,298400,34.10
2009-01-08,35.23,35.59,34.82,35.56,258500,34.91
2009-01-07,35.86,35.89,35.07,35.26,283100,34.62
2009-01-06,35.83,36.92,35.83,36.51,396400,35.85
2009-01-05,35.16,35.85,35.00,35.40,218500,34.76
2009-01-02,34.11,35.52,34.01,35.42,113000,34.78
2008-12-31,33.62,34.43,33.62,34.05,157800,33.43
2008-12-30,33.03,33.71,33.03,33.69,227300,33.08
2008-12-29,33.20,33.20,32.46,32.88,203600,32.28
2008-12-26,33.23,33.23,32.95,33.13,116500,32.53
2008-12-24,33.06,33.18,32.89,33.09,156800,32.49
2008-12-23,33.33,33.70,32.78,33.02,190300,32.42
2008-12-22,34.03,34.03,32.68,33.30,256200,32.70
2008-12-19,34.21,34.89,34.21,34.47,213200,33.52
2008-12-18,34.87,34.95,33.62,33.99,198400,33.06
2008-12-17,34.78,35.33,34.39,34.88,270300,33.92
2008-12-16,35.22,35.29,33.85,35.22,166000,34.25
2008-12-15,34.35,34.35,33.24,33.69,109600,32.77
2008-12-12,32.77,34.26,32.75,34.13,157200,33.19
2008-12-11,34.18,34.68,33.31,33.42,138500,32.50
2008-12-10,34.57,35.07,34.17,34.43,136100,33.49
2008-12-09,33.99,35.42,33.86,34.46,261900,33.51
2008-12-08,33.70,34.90,33.59,34.46,254900,33.51
2008-12-05,31.21,32.99,30.67,32.99,264100,32.08
2008-12-04,32.34,32.93,31.18,31.77,81700,30.90
2008-12-03,31.30,32.99,31.30,32.96,238900,32.06
2008-12-02,31.62,32.26,31.01,32.21,325400,31.33
2008-12-01,32.86,32.97,31.16,31.20,290200,30.34
2008-11-28,33.39,33.65,33.27,33.64,213300,32.72
2008-11-26,31.75,33.70,31.75,33.70,129100,32.78
2008-11-25,33.01,33.01,31.69,32.37,192100,31.48
2008-11-24,31.16,32.87,31.07,32.51,281300,31.62
2008-11-21,29.68,30.76,28.85,30.74,194200,29.90
2008-11-20,30.22,31.46,29.12,29.27,232400,28.47
2008-11-19,32.30,32.84,30.64,30.65,181800,29.81
2008-11-18,32.44,32.67,31.27,32.42,176400,31.53
2008-11-17,32.47,33.14,32.00,32.15,107900,31.27
2008-11-14,33.79,34.60,32.87,32.94,100700,32.04
2008-11-13,32.55,34.70,30.95,34.69,611300,33.74
2008-11-12,33.78,34.00,32.69,32.77,292200,31.87
2008-11-11,34.85,35.13,33.98,34.44,255500,33.50
2008-11-10,36.71,36.72,34.83,35.23,326400,34.26
2008-11-07,35.43,36.05,35.14,35.86,439900,34.88
2008-11-06,36.50,36.69,34.88,35.04,420000,34.08
2008-11-05,38.58,38.69,36.89,36.99,770800,35.98
2008-11-04,38.52,39.13,38.01,39.06,546300,37.99
2008-11-03,37.89,38.23,37.54,37.78,423400,36.74
2008-10-31,37.32,38.59,37.08,38.07,273000,37.03
2008-10-30,37.88,38.14,36.98,37.73,292000,36.69
2008-10-29,36.86,38.07,36.50,36.96,184900,35.95
2008-10-28,34.67,37.07,33.78,37.04,218700,36.02
2008-10-27,34.00,35.16,33.51,33.57,238600,32.65
2008-10-24,33.73,35.28,33.13,34.47,202600,33.52
2008-10-23,35.94,36.24,33.84,35.49,489300,34.52
2008-10-22,36.79,37.00,34.76,35.77,182400,34.79
2008-10-21,38.97,39.02,37.23,37.26,256800,36.24
2008-10-20,39.04,39.39,37.72,39.34,80700,38.26
2008-10-17,37.71,39.80,37.16,38.15,386600,37.10
2008-10-16,36.73,38.24,34.82,38.24,211900,37.19
2008-10-15,38.98,39.10,36.42,36.42,197100,35.42
2008-10-14,43.48,43.48,39.03,39.56,185300,38.47
2008-10-13,38.96,41.34,38.32,41.17,248500,40.04
2008-10-10,36.04,38.25,34.35,37.10,341200,36.08
2008-10-09,38.92,39.78,36.82,37.46,178500,36.43
2008-10-08,37.84,40.04,37.49,38.43,198100,37.38
2008-10-07,41.67,41.74,38.75,38.75,195300,37.69
2008-10-06,42.00,42.03,39.40,41.29,229300,40.16
2008-10-03,44.21,45.12,42.95,42.95,128700,41.77
2008-10-02,45.46,45.46,43.37,43.50,86700,42.31
2008-10-01,45.90,46.13,45.12,45.61,158000,44.36
2008-09-30,44.53,46.54,44.53,46.40,200100,45.13
2008-09-29,47.00,47.60,44.34,44.69,239000,43.46
2008-09-26,47.27,48.58,47.26,48.57,186000,47.24
2008-09-25,47.48,48.90,47.48,48.42,149400,47.09
2008-09-24,47.13,47.99,47.13,47.57,212800,46.26
2008-09-23,48.05,48.70,47.23,47.39,189900,46.09
2008-09-22,50.25,50.25,47.68,47.77,183000,46.46
2008-09-19,57.00,57.00,47.52,49.56,86200,48.20
2008-09-18,46.60,48.27,45.58,47.98,320200,46.66
2008-09-17,47.93,48.09,46.19,46.23,156500,44.96
2008-09-16,48.00,48.93,47.00,48.41,205900,47.08
2008-09-15,48.50,49.74,48.32,48.32,279000,46.99
2008-09-12,49.55,50.19,49.20,50.08,98600,48.71
2008-09-11,49.06,50.09,48.67,50.04,130300,48.67
2008-09-10,49.72,49.96,49.36,49.53,38800,48.17
2008-09-09,50.33,50.75,49.15,49.15,87600,47.80
2008-09-08,50.63,51.05,49.49,50.31,120800,48.93
2008-09-05,49.75,50.31,49.33,50.00,146000,48.63
2008-09-04,51.42,51.42,50.08,50.08,205900,48.71
2008-09-03,52.59,52.59,51.50,51.84,79400,50.42
2008-09-02,54.19,54.25,52.48,52.66,60200,51.22
2008-08-29,53.82,53.95,53.19,53.44,120700,51.97
2008-08-28,54.39,54.61,54.22,54.29,146200,52.80
2008-08-27,54.24,54.35,53.08,54.23,104200,52.74
2008-08-26,53.78,53.85,53.21,53.78,62000,52.30
2008-08-25,54.31,54.55,53.67,53.78,182300,52.30
2008-08-22,54.41,54.86,54.29,54.69,55000,53.19
2008-08-21,53.83,54.10,53.44,53.97,432100,52.49
2008-08-20,54.41,54.63,53.82,54.16,393100,52.67
2008-08-19,54.44,54.64,53.77,54.25,666000,52.76
2008-08-18,55.68,55.68,54.40,54.78,375600,53.28
2008-08-15,55.61,55.79,55.22,55.50,311700,53.98
2008-08-14,54.77,55.72,54.77,55.44,165200,53.92
2008-08-13,55.14,55.38,54.59,54.99,103000,53.48
2008-08-12,54.73,55.37,54.73,55.11,210700,53.60
2008-08-11,54.80,55.73,54.52,55.15,262000,53.64
2008-08-08,53.56,54.82,53.56,54.71,228300,53.21
2008-08-07,53.34,54.18,53.19,53.59,119000,52.12
2008-08-06,53.15,53.79,52.61,53.65,69300,52.18
2008-08-05,52.17,52.95,51.93,52.91,155700,51.46
2008-08-04,51.88,52.00,51.48,51.64,118800,50.22
2008-08-01,52.32,52.32,51.24,51.89,154700,50.47
2008-07-31,51.93,52.84,51.93,52.07,220200,50.64
2008-07-30,52.60,52.66,51.85,52.44,155500,51.00
2008-07-29,51.38,52.30,51.31,52.19,132500,50.76
2008-07-28,52.36,52.36,50.90,50.90,70700,49.50
2008-07-25,51.67,52.19,51.47,52.10,204100,50.67
2008-07-24,52.79,52.79,51.37,51.47,239400,50.06
2008-07-23,52.09,52.96,51.81,52.48,142700,51.04
2008-07-22,51.01,51.78,50.78,51.78,188200,50.36
2008-07-21,52.27,52.28,51.50,51.74,139200,50.32
2008-07-18,52.16,52.22,51.56,52.01,150300,50.58
2008-07-17,52.17,53.00,51.78,52.81,192300,51.36
2008-07-16,50.73,51.96,50.40,51.95,169300,50.52
2008-07-15,50.07,51.52,49.68,50.78,225300,49.39
2008-07-14,51.78,51.78,50.43,50.43,106000,49.05
2008-07-11,51.20,51.98,50.46,51.25,64300,49.84
2008-07-10,51.00,51.85,50.77,51.72,206800,50.30
2008-07-09,52.64,52.64,51.07,51.14,203100,49.74
2008-07-08,51.97,52.70,51.63,52.64,291700,51.20
2008-07-07,52.34,52.87,51.43,52.11,210300,50.68
2008-07-03,52.20,52.20,51.37,51.88,160800,50.46
2008-07-02,53.01,53.22,51.92,51.95,124100,50.52
2008-07-01,52.00,53.01,51.49,52.86,268400,51.41
2008-06-30,53.17,53.52,52.76,52.76,157600,51.31
2008-06-27,53.44,53.55,52.60,53.27,151800,51.81
2008-06-26,54.61,54.62,53.47,53.52,122600,52.05
2008-06-25,54.81,55.93,54.80,55.36,242600,53.84
2008-06-24,54.45,55.20,54.15,54.55,63900,53.05
2008-06-23,55.44,55.55,54.72,54.91,40300,53.40
2008-06-20,56.25,56.25,54.65,55.00,43700,53.49
2008-06-19,55.79,56.94,55.42,56.61,50500,55.06
2008-06-18,56.17,56.41,55.74,55.97,53100,54.43
2008-06-17,57.25,57.25,56.62,56.68,31800,55.13
2008-06-16,56.33,57.17,56.33,56.97,41600,55.41
2008-06-13,55.99,56.85,55.77,56.50,28300,54.95
2008-06-12,55.59,56.05,55.19,55.60,45200,54.07
2008-06-11,56.53,56.53,55.11,55.13,72700,53.62
2008-06-10,56.24,56.92,55.99,56.52,206000,54.97
2008-06-09,57.05,57.05,55.93,56.75,52300,55.19
2008-06-06,58.00,58.13,56.95,56.95,85500,55.39
2008-06-05,57.90,58.59,57.53,58.51,68200,56.90
2008-06-04,56.87,57.85,56.87,57.49,48600,55.91
2008-06-03,57.52,57.89,56.66,57.15,90200,55.58
2008-06-02,57.91,57.91,56.80,57.22,60400,55.65
2008-05-30,57.93,58.28,57.82,57.96,53000,56.37
2008-05-29,57.22,57.88,57.18,57.68,24000,56.10
2008-05-28,57.24,57.24,56.66,57.17,33400,55.60
2008-05-27,56.01,56.94,55.91,56.86,70500,55.30
2008-05-23,55.96,56.07,55.50,55.85,86900,54.32
2008-05-22,56.00,56.49,55.88,56.16,76800,54.62
2008-05-21,57.01,57.12,55.82,55.92,71500,54.39
2008-05-20,57.12,57.30,56.59,56.99,57100,55.43
2008-05-19,57.96,58.53,57.43,57.71,59900,56.13
2008-05-16,58.12,58.12,57.34,58.00,38100,56.41
2008-05-15,56.91,58.00,56.82,57.96,78500,56.37
2008-05-14,57.03,57.63,56.81,56.82,61100,55.26
2008-05-13,56.48,56.78,56.17,56.62,37800,55.07
2008-05-12,56.01,56.69,55.84,56.54,18000,54.99
2008-05-09,55.63,56.08,55.53,55.86,25900,54.33
2008-05-08,56.07,56.33,55.70,56.11,28100,54.57
2008-05-07,57.21,57.21,55.66,55.69,64000,54.16
2008-05-06,55.75,57.00,55.50,57.00,55500,55.44
2008-05-05,56.29,56.49,55.81,55.98,82700,54.44
2008-05-02,56.75,56.75,55.76,56.15,81100,54.61
2008-05-01,54.76,56.37,54.75,56.37,83400,54.82
2008-04-30,55.27,55.69,54.45,54.49,101200,53.00
2008-04-29,54.67,55.23,54.62,55.09,71700,53.58
2008-04-28,54.86,55.02,54.64,54.66,62600,53.16
2008-04-25,55.31,55.31,54.16,54.82,93700,53.32
2008-04-24,54.65,55.84,54.32,55.36,50300,53.84
2008-04-23,54.40,54.88,54.14,54.64,159000,53.14
2008-04-22,54.43,54.43,53.59,54.00,42400,52.52
2008-04-21,54.22,54.75,54.07,54.69,53800,53.19
2008-04-18,54.19,54.54,53.78,54.25,70700,52.76
2008-04-17,52.78,53.10,52.27,53.10,43300,51.64
2008-04-16,51.80,52.76,51.76,52.60,85100,51.16
2008-04-15,51.28,51.28,50.50,51.10,45200,49.70
2008-04-14,51.17,51.51,50.97,51.00,104400,49.60
2008-04-11,52.12,52.19,51.08,51.29,1927400,49.88
2008-04-10,52.12,53.00,52.10,52.67,62800,51.23
2008-04-09,52.30,52.33,51.68,52.02,37600,50.59
2008-04-08,52.27,52.55,52.03,52.33,49400,50.89
2008-04-07,53.21,53.28,52.52,52.59,98000,51.15
2008-04-04,52.75,53.22,52.29,52.77,68500,51.32
2008-04-03,52.22,52.95,52.03,52.75,59900,51.30
2008-04-02,52.92,53.14,52.25,52.66,64700,51.22
2008-04-01,51.67,52.76,51.55,52.63,61700,51.19
2008-03-31,50.76,51.20,50.55,50.84,60100,49.45
2008-03-28,51.25,51.58,50.59,50.72,51500,49.33
2008-03-27,51.82,51.82,50.88,51.04,54000,49.64
2008-03-26,52.40,52.40,51.69,51.92,92000,50.50
2008-03-25,52.49,52.80,52.16,52.49,132600,51.05
2008-03-24,51.34,52.78,51.34,52.37,87100,50.93
2008-03-20,50.00,50.99,50.00,50.74,76900,49.35
2008-03-19,52.36,52.36,50.25,50.29,64800,48.91
2008-03-18,50.55,51.54,50.22,51.47,177700,50.06
2008-03-17,48.74,50.04,48.52,49.72,87100,48.36
2008-03-14,51.18,51.28,49.48,49.91,120400,48.54
2008-03-13,50.20,51.25,49.78,50.89,142700,49.49
2008-03-12,51.22,51.67,50.75,50.76,56300,49.37
2008-03-11,50.13,50.96,49.73,50.96,134100,49.56
2008-03-10,49.98,50.22,49.36,49.37,219600,48.02
2008-03-07,49.50,50.55,49.30,49.86,176500,48.49
2008-03-06,51.43,51.43,49.86,49.92,92000,48.55
2008-03-05,50.64,51.25,50.44,50.88,207700,49.48
2008-03-04,49.85,50.59,49.52,50.49,142300,49.10
2008-03-03,50.76,50.76,49.95,50.31,87000,48.93
2008-02-29,51.35,51.43,50.51,50.65,81400,49.26
2008-02-28,52.06,52.34,51.69,51.87,97900,50.45
2008-02-27,51.78,52.62,51.68,52.37,109900,50.93
2008-02-26,51.30,52.38,51.05,52.03,98000,50.60
2008-02-25,51.17,51.67,50.86,51.50,169200,50.09
2008-02-22,51.11,51.21,50.22,51.06,126900,49.66
2008-02-21,51.81,52.13,50.84,50.93,91200,49.53
2008-02-20,50.57,51.61,50.57,51.20,124000,49.80
2008-02-19,51.90,52.16,50.59,50.71,92800,49.32
2008-02-15,51.01,51.39,50.87,51.16,86800,49.76
2008-02-14,52.58,52.58,51.41,51.41,72600,50.00
2008-02-13,51.89,52.59,51.80,52.47,49500,51.03
2008-02-12,51.39,51.93,50.99,51.25,64100,49.84
2008-02-11,50.79,51.45,50.74,51.31,54200,49.90
2008-02-08,50.32,50.97,50.23,50.66,65000,49.27
2008-02-07,49.90,50.82,49.35,50.08,227600,48.71
2008-02-06,51.39,51.52,50.15,50.23,95900,48.85
2008-02-05,51.72,51.89,50.94,50.97,88000,49.57
2008-02-04,53.58,53.58,52.49,52.51,79000,51.07
2008-02-01,52.95,53.40,52.35,53.35,73600,51.89
2008-01-31,51.57,53.07,51.18,52.19,140000,50.76
2008-01-30,51.97,52.91,51.55,51.55,151800,50.14
2008-01-29,52.04,52.14,51.54,52.04,87000,50.61
2008-01-28,51.35,52.00,51.25,51.93,71300,50.51
2008-01-25,53.98,53.98,51.67,51.74,138700,50.32
2008-01-24,51.53,52.68,51.42,52.68,102700,51.23
2008-01-23,49.24,51.07,48.34,50.93,190000,49.53
2008-01-22,53.13,53.13,49.38,50.96,156000,49.56
2008-01-18,52.74,53.34,52.18,52.25,394400,50.82
2008-01-17,53.63,53.71,52.13,52.30,127900,50.87
2008-01-16,53.32,54.07,52.50,53.25,257800,51.79
2008-01-15,54.91,55.10,54.05,54.27,100100,52.78
2008-01-14,54.99,55.66,54.97,55.33,102200,53.81
2008-01-11,55.01,55.01,53.89,54.18,97600,52.69
2008-01-10,54.65,55.70,54.56,55.37,159400,53.85
2008-01-09,54.31,55.16,53.75,55.16,170400,53.65
2008-01-08,55.82,56.27,53.99,53.99,325700,52.51
2008-01-07,56.06,56.32,55.00,55.70,357700,54.17
2008-01-04,58.08,58.08,56.10,56.22,115300,54.68
2008-01-03,58.66,59.16,58.44,58.71,83000,57.10
2008-01-02,60.79,60.79,58.65,59.01,238900,57.39
2007-12-31,61.03,61.03,60.12,60.12,55600,58.47
2007-12-28,62.49,62.49,60.50,60.82,52300,59.15
2007-12-27,61.85,61.85,60.80,60.88,80000,59.21
2007-12-26,61.80,61.91,61.45,61.81,89100,60.11
2007-12-24,61.06,61.79,61.06,61.69,58100,60.00
2007-12-21,61.51,61.51,60.79,61.05,41900,59.38
2007-12-20,59.51,60.30,59.51,60.30,59500,58.65
2007-12-19,59.40,59.57,58.97,59.41,53700,57.78
2007-12-18,59.66,59.66,58.36,59.05,241900,57.43
2007-12-17,59.91,59.91,58.77,58.86,65300,57.25
2007-12-14,60.93,60.93,60.00,60.11,59700,58.46
2007-12-13,61.62,61.62,60.41,60.97,36700,59.13
2007-12-12,62.40,62.40,60.19,60.87,32300,59.03
2007-12-11,61.93,62.10,60.26,60.26,80300,58.44
2007-12-10,61.23,61.75,61.22,61.58,45400,59.72
2007-12-07,61.20,61.35,60.89,61.16,58000,59.31
2007-12-06,59.95,61.27,59.95,61.23,61900,59.38
2007-12-05,59.97,60.47,59.70,60.39,35300,58.56
2007-12-04,58.50,59.34,58.50,58.86,41800,57.08
2007-12-03,59.86,59.86,59.03,59.08,37600,57.29
2007-11-30,60.36,60.65,59.07,59.54,45300,57.74
2007-11-29,61.09,61.09,59.75,60.11,59400,58.29
2007-11-28,59.25,60.48,58.89,60.48,83400,58.65
2007-11-27,58.23,58.35,57.37,58.09,98500,56.33
2007-11-26,59.18,59.18,57.37,57.38,63200,55.65
2007-11-23,58.67,58.73,58.06,58.58,29000,56.81
2007-11-21,59.60,59.60,57.57,57.92,35600,56.17
2007-11-20,59.56,59.64,57.80,58.71,107000,56.94
2007-11-19,59.00,59.61,58.48,58.67,78700,56.90
2007-11-16,59.30,59.63,58.70,59.55,53500,57.75
2007-11-15,59.41,59.62,58.57,58.99,99700,57.21
2007-11-14,60.65,60.79,59.15,59.38,86300,57.59
2007-11-13,59.24,60.18,58.73,60.09,92000,58.27
2007-11-12,58.90,59.36,57.90,58.00,103500,56.25
2007-11-09,59.40,59.84,58.78,58.90,115200,57.12
2007-11-08,62.53,62.54,59.72,60.65,232200,58.82
2007-11-07,64.50,64.50,62.68,62.68,82700,60.79
2007-11-06,64.00,64.45,63.51,64.44,141200,62.49
2007-11-05,63.98,64.11,63.38,63.91,93600,61.98
2007-11-02,64.04,64.25,63.40,64.05,76500,62.11
2007-11-01,64.21,64.53,63.58,63.65,90700,61.73
2007-10-31,63.96,64.78,63.81,64.70,99800,62.74
2007-10-30,63.34,63.84,63.25,63.63,95600,61.71
2007-10-29,63.36,63.58,63.13,63.39,94500,61.47
2007-10-26,62.95,63.09,62.59,63.03,120700,61.12
2007-10-25,61.98,62.41,61.28,61.70,58800,59.84
2007-10-24,62.16,62.20,60.79,61.95,110400,60.08
2007-10-23,62.42,62.74,62.00,62.62,88200,60.73
2007-10-22,61.31,61.94,61.18,61.93,76300,60.06
2007-10-19,62.53,62.61,61.28,61.28,98200,59.43
2007-10-18,62.65,63.09,62.47,62.99,54300,61.09
2007-10-17,62.94,63.02,62.08,62.85,62000,60.95
2007-10-16,62.10,62.42,61.99,62.05,37600,60.17
2007-10-15,62.32,62.79,61.91,62.28,104700,60.40
2007-10-12,62.32,62.75,62.18,62.73,44400,60.83
2007-10-11,63.04,63.38,61.57,61.94,102500,60.07
2007-10-10,62.63,62.86,62.48,62.82,76700,60.92
2007-10-09,62.43,62.64,62.10,62.59,69700,60.70
2007-10-08,61.81,62.24,61.81,62.23,44700,60.35
2007-10-05,61.46,61.96,61.34,61.81,50800,59.94
2007-10-04,60.99,61.05,60.70,61.00,113200,59.16
2007-10-03,61.25,61.36,60.88,61.09,42800,59.24
2007-10-02,61.59,61.66,61.37,61.64,49800,59.78
2007-10-01,60.90,61.66,60.90,61.50,110400,59.64
2007-09-28,60.80,60.93,60.45,60.60,53900,58.77
2007-09-27,60.92,60.98,60.72,60.79,93200,58.95
2007-09-26,60.91,60.98,60.54,60.67,49600,58.84
2007-09-25,59.89,60.51,59.80,60.49,78400,58.66
2007-09-24,60.10,60.52,59.79,59.93,105800,58.12
2007-09-21,59.79,60.10,59.79,59.81,91700,58.00
2007-09-20,59.43,59.73,59.39,59.52,42600,57.72
2007-09-19,59.57,59.81,59.15,59.45,80600,57.65
2007-09-18,58.25,59.17,58.01,59.17,63900,57.38
2007-09-17,58.13,58.16,57.81,58.01,44500,56.26
2007-09-14,57.92,58.36,57.91,58.30,28000,56.54
2007-09-13,58.51,58.64,58.31,58.42,42000,56.65
2007-09-12,58.53,58.99,58.33,58.42,38900,56.65
2007-09-11,58.29,58.81,58.15,58.71,34100,56.94
2007-09-10,58.41,58.41,57.39,57.83,38500,56.08
2007-09-07,58.12,58.35,57.67,57.95,62800,56.20
2007-09-06,59.08,59.21,58.51,59.12,61300,57.33
2007-09-05,59.20,59.26,58.69,59.05,110200,57.27
2007-09-04,58.65,59.80,58.60,59.42,105800,57.62
2007-08-31,58.33,58.65,58.20,58.51,63600,56.74
2007-08-30,57.29,58.42,57.29,57.86,72500,56.11
2007-08-29,56.72,57.67,56.62,57.63,90800,55.89
2007-08-28,57.20,57.22,56.14,56.16,82600,54.46
2007-08-27,57.66,57.73,57.37,57.44,39400,55.70
2007-08-24,56.87,57.81,56.87,57.73,37400,55.99
2007-08-23,57.08,57.13,56.64,57.00,75800,55.28
2007-08-22,56.93,57.10,56.61,57.01,90800,55.29
2007-08-21,56.11,56.62,55.90,56.36,30000,54.66
2007-08-20,55.96,56.37,55.74,56.06,39100,54.37
2007-08-17,56.27,56.27,55.14,55.97,84300,54.28
2007-08-16,55.03,55.33,53.57,55.05,185000,53.39
2007-08-15,56.15,56.69,55.30,55.30,38100,53.63
2007-08-14,57.43,57.58,56.35,56.35,45200,54.65
2007-08-13,57.51,57.94,57.28,57.32,91900,55.59
2007-08-10,56.27,57.49,56.00,56.97,90100,55.25
2007-08-09,58.13,58.52,57.00,57.00,109600,55.28
2007-08-08,58.05,58.68,58.01,58.10,78800,56.34
2007-08-07,57.18,57.79,56.56,57.77,40400,56.02
2007-08-06,56.98,57.45,56.50,57.45,115700,55.71
2007-08-03,58.05,58.05,56.64,56.71,53900,55.00
2007-08-02,57.86,58.17,57.55,58.06,75600,56.31
2007-08-01,57.35,57.64,56.61,57.52,86200,55.78
2007-07-31,58.49,58.60,56.87,56.87,81900,55.15
2007-07-30,57.74,58.18,57.45,58.05,75900,56.30
2007-07-27,58.65,58.84,57.50,57.50,83000,55.76
2007-07-26,58.95,59.40,57.79,58.60,79700,56.83
2007-07-25,59.82,59.83,59.17,59.50,84800,57.70
2007-07-24,59.94,60.45,59.40,59.63,88500,57.83
2007-07-23,60.70,60.79,60.24,60.46,42800,58.63
2007-07-20,60.72,60.72,60.01,60.30,52500,58.48
2007-07-19,60.72,61.06,60.70,60.78,54900,58.94
2007-07-18,59.95,60.15,59.58,60.14,51700,58.32
2007-07-17,60.23,60.78,60.23,60.57,72400,58.74
2007-07-16,59.96,60.33,59.96,60.10,49400,58.28
2007-07-13,59.97,60.11,59.79,60.03,71600,58.22
2007-07-12,59.13,60.04,59.06,59.99,63600,58.18
2007-07-11,58.51,58.89,58.40,58.89,35700,57.11
2007-07-10,58.84,59.03,58.55,58.56,36500,56.79
2007-07-09,59.05,59.06,58.81,59.03,46700,57.25
2007-07-06,58.80,59.09,58.65,58.96,32200,57.18
2007-07-05,58.40,58.85,58.40,58.75,48600,56.97
2007-07-03,58.19,58.45,58.16,58.43,18000,56.66
2007-07-02,57.90,58.06,57.89,58.01,33100,56.26
2007-06-29,58.00,58.15,57.31,57.62,44800,55.88
2007-06-28,57.85,58.09,57.79,57.86,24500,56.11
2007-06-27,56.75,57.80,56.75,57.80,74900,56.05
2007-06-26,57.45,57.52,56.90,57.12,20100,55.39
2007-06-25,57.56,57.84,57.00,57.24,52900,55.51
2007-06-22,58.04,58.07,57.39,57.55,69800,55.81
2007-06-21,57.44,58.12,57.36,58.12,25900,56.36
2007-06-20,58.13,58.14,57.48,57.48,23800,55.74
2007-06-19,57.85,58.11,57.68,58.03,42500,56.28
2007-06-18,58.07,58.07,57.84,58.04,37900,56.29
2007-06-15,58.00,58.00,57.75,57.88,37800,56.13
2007-06-14,57.15,57.47,57.14,57.43,21000,55.69
2007-06-13,56.38,56.87,56.31,56.87,34800,55.15
2007-06-12,56.50,56.81,56.14,56.23,56000,54.53
2007-06-11,56.76,56.98,56.60,56.62,41600,54.91
2007-06-08,56.00,56.73,55.95,56.70,34400,54.99
2007-06-07,56.77,56.88,56.00,56.00,28700,54.31
2007-06-06,57.03,57.19,56.78,56.91,12500,55.19
2007-06-05,57.50,57.50,57.06,57.44,34700,55.70
2007-06-04,57.33,57.59,57.28,57.59,18600,55.85
2007-06-01,57.55,57.77,57.35,57.39,27900,55.66
2007-05-31,57.20,57.35,57.09,57.29,60500,55.56
2007-05-30,56.17,56.93,56.13,56.92,19400,55.20
2007-05-29,56.25,56.68,56.25,56.46,25900,54.75
2007-05-25,55.90,56.17,55.79,56.17,29900,54.47
2007-05-24,56.43,56.73,55.48,55.54,38600,53.86
2007-05-23,56.94,57.20,56.56,56.56,99800,54.85
2007-05-22,56.95,57.18,56.74,57.04,31100,55.32
2007-05-21,56.60,57.12,56.60,56.80,45600,55.08
2007-05-18,56.45,56.54,56.20,56.50,36900,54.79
2007-05-17,56.26,56.42,56.05,56.22,16200,54.52
2007-05-16,55.90,56.34,55.61,56.34,49300,54.64
2007-05-15,56.17,56.47,55.74,55.79,31500,54.10
2007-05-14,56.69,56.69,56.00,56.21,24800,54.51
2007-05-11,56.10,56.52,56.07,56.50,22400,54.79
2007-05-10,56.38,56.51,55.79,55.85,26300,54.16
2007-05-09,56.07,56.62,56.04,56.59,118800,54.88
2007-05-08,55.95,56.46,55.90,56.46,37400,54.75
2007-05-07,56.20,56.25,56.12,56.13,50500,54.43
2007-05-04,56.26,56.32,55.98,56.15,49500,54.45
2007-05-03,55.70,56.09,55.70,55.98,18500,54.29
2007-05-02,55.26,55.79,55.26,55.66,20000,53.98
2007-05-01,55.05,55.24,54.73,55.19,19700,53.52
2007-04-30,55.50,55.69,55.00,55.00,28200,53.34
2007-04-27,55.61,55.84,55.53,55.57,23100,53.89
2007-04-26,55.70,55.70,55.34,55.49,31200,53.81
2007-04-25,54.98,55.40,54.81,55.33,19200,53.66
2007-04-24,54.84,55.07,54.56,54.89,20000,53.23
2007-04-23,54.65,54.66,54.43,54.47,17700,52.82
2007-04-20,54.80,54.80,54.34,54.60,77500,52.95
2007-04-19,54.08,54.48,54.08,54.21,40100,52.57
2007-04-18,54.28,54.49,53.99,54.38,14700,52.74
2007-04-17,54.35,54.48,54.26,54.39,25400,52.75
2007-04-16,54.16,54.35,54.03,54.27,20800,52.63
2007-04-13,53.54,53.90,53.22,53.84,14000,52.21
2007-04-12,53.10,53.76,53.10,53.70,17700,52.08
2007-04-11,53.81,53.81,53.19,53.20,21100,51.59
2007-04-10,53.55,53.69,53.47,53.69,19200,52.07
2007-04-09,53.80,53.81,53.42,53.65,31600,52.03
2007-04-05,53.35,53.70,53.35,53.70,15500,52.08
2007-04-04,53.11,53.53,53.11,53.42,38700,51.81
2007-04-03,52.75,53.30,52.75,53.17,9800,51.56
2007-04-02,52.60,52.67,52.28,52.54,43900,50.95
2007-03-30,52.25,52.55,52.03,52.38,18700,50.80
2007-03-29,52.79,52.79,51.91,52.37,17700,50.79
2007-03-28,52.72,52.89,52.48,52.48,24900,50.89
2007-03-27,53.10,53.15,52.87,52.93,27400,51.33
2007-03-26,53.10,53.30,52.59,53.24,41800,51.63
2007-03-23,53.02,53.23,52.95,53.05,37500,51.45
2007-03-22,53.22,53.22,52.85,53.16,21900,51.55
2007-03-21,52.55,53.35,52.30,53.35,25600,51.74
2007-03-20,52.12,52.50,52.12,52.30,15400,50.72
2007-03-19,51.94,52.22,51.89,52.08,15400,50.51
2007-03-16,51.65,51.94,51.51,51.73,28800,50.17
2007-03-15,51.70,51.88,51.60,51.79,33000,50.22
2007-03-14,51.24,51.75,50.93,51.75,69100,50.19
2007-03-13,51.78,52.07,51.22,51.22,72300,49.67
2007-03-12,51.65,52.26,51.65,52.15,12200,50.57
2007-03-09,52.17,52.17,51.50,51.81,35500,50.24
2007-03-08,52.10,52.10,51.62,51.68,13900,50.12
2007-03-07,51.75,51.87,51.42,51.48,176200,49.92
2007-03-06,51.50,51.83,51.37,51.70,20900,50.14
2007-03-05,50.78,51.52,50.74,50.83,36600,49.29
2007-03-02,51.63,51.82,51.07,51.19,30000,49.64
2007-03-01,50.95,52.27,50.90,51.92,49600,50.35
2007-02-28,52.05,52.55,51.69,52.16,38200,50.58
2007-02-27,53.12,53.41,51.72,52.04,79200,50.47
2007-02-26,54.44,54.44,53.79,54.09,36700,52.46
2007-02-23,54.39,54.39,54.15,54.30,15900,52.66
2007-02-22,54.42,54.59,54.11,54.42,14900,52.78
2007-02-21,54.03,54.17,53.92,54.10,60500,52.46
2007-02-20,53.81,54.24,53.59,54.23,23300,52.59
2007-02-16,53.90,54.02,53.80,54.00,25100,52.37
2007-02-15,54.07,54.18,53.87,54.08,58400,52.45
2007-02-14,53.34,54.02,53.32,53.89,24200,52.26
2007-02-13,53.11,53.29,52.95,53.09,22800,51.49
2007-02-12,53.20,53.20,52.84,52.97,30000,51.37
2007-02-09,53.93,53.97,53.06,53.21,41100,51.60
2007-02-08,53.83,53.93,53.56,53.76,19800,52.14
2007-02-07,53.57,54.00,53.48,53.79,100400,52.16
2007-02-06,53.56,53.56,52.95,53.34,29200,51.73
2007-02-05,53.43,53.54,53.29,53.43,42900,51.82
2007-02-02,53.33,53.58,53.33,53.41,25800,51.80
2007-02-01,53.54,53.70,53.12,53.35,45400,51.74
2007-01-31,52.86,53.55,52.73,53.34,38900,51.73
2007-01-30,52.90,53.16,52.84,53.11,30000,51.50
2007-01-29,52.81,53.10,52.69,52.83,54900,51.23
2007-01-26,52.67,52.97,52.51,52.83,26500,51.23
2007-01-25,53.46,53.59,52.65,52.72,46800,51.13
2007-01-24,52.86,53.25,52.63,53.20,38600,51.59
2007-01-23,52.31,52.68,52.24,52.24,39700,50.66
2007-01-22,52.69,52.69,52.06,52.30,44300,50.72
2007-01-19,52.55,52.88,52.39,52.75,63900,51.16
2007-01-18,53.34,53.39,52.66,52.73,77500,51.14
2007-01-17,54.19,54.36,53.70,53.74,68700,52.12
2007-01-16,54.60,54.60,54.29,54.43,47400,52.78
2007-01-12,54.30,54.63,54.14,54.61,67400,52.96
2007-01-11,54.24,54.51,54.14,54.34,88500,52.70
2007-01-10,53.31,53.94,53.30,53.88,59600,52.25
2007-01-09,53.50,53.70,53.07,53.54,81300,51.92
2007-01-08,53.27,53.50,53.01,53.25,65400,51.64
2007-01-05,53.08,53.22,52.79,53.18,53200,51.57
2007-01-04,52.55,53.64,52.55,53.59,24000,51.97
2007-01-03,53.05,53.42,52.09,52.63,37000,51.04
2006-12-29,52.71,52.99,52.53,52.53,15500,50.94
2006-12-28,52.80,52.80,52.60,52.67,19800,51.08
2006-12-27,52.67,52.85,52.64,52.82,49200,51.22
2006-12-26,52.08,52.43,52.08,52.43,25100,50.85
2006-12-22,52.37,52.52,52.11,52.13,17100,50.55
2006-12-21,52.92,52.92,52.34,52.53,12300,50.94
2006-12-20,52.92,53.22,52.76,52.83,29200,51.23
2006-12-19,52.32,53.00,52.31,52.81,33100,51.21
2006-12-18,53.50,53.70,52.82,53.01,19100,51.41
2006-12-15,53.77,53.77,53.40,53.53,18700,51.78
2006-12-14,52.90,53.60,52.90,53.52,28100,51.77
2006-12-13,53.10,53.11,52.72,52.92,16900,51.19
2006-12-12,53.15,53.22,52.52,52.86,12600,51.13
2006-12-11,53.05,53.45,52.94,53.17,16900,51.43
2006-12-08,52.83,53.20,52.65,52.96,15900,51.23
2006-12-07,53.49,53.49,52.86,52.90,16700,51.17
2006-12-06,53.34,53.55,53.23,53.29,13700,51.55
2006-12-05,53.67,53.76,53.46,53.61,40500,51.86
2006-12-04,53.09,53.70,53.09,53.50,26600,51.75
2006-12-01,53.16,53.16,52.28,52.66,27500,50.94
2006-11-30,53.22,53.49,52.86,53.21,39200,51.47
2006-11-29,53.13,53.25,52.81,53.07,39700,51.34
2006-11-28,52.25,52.84,52.25,52.83,43900,51.10
2006-11-27,53.87,53.87,52.57,52.65,50000,50.93
2006-11-24,53.73,54.19,53.73,54.12,10300,52.35
2006-11-22,53.95,54.16,53.72,54.13,257200,52.36
2006-11-21,53.80,53.80,53.50,53.70,15700,51.94
2006-11-20,53.32,53.81,53.25,53.67,24300,51.92
2006-11-17,53.42,53.56,53.26,53.48,61700,51.73
2006-11-16,53.54,53.77,53.28,53.67,22600,51.92
2006-11-15,53.52,53.70,53.28,53.45,56800,51.70
2006-11-14,52.82,53.34,52.46,53.32,42600,51.58
2006-11-13,52.25,52.67,52.25,52.63,52800,50.91
2006-11-10,51.95,52.15,51.83,52.15,11900,50.45
2006-11-09,52.24,52.44,51.81,51.96,93200,50.26
2006-11-08,51.52,52.07,51.50,51.85,55400,50.16
2006-11-07,51.66,52.08,51.66,51.70,111100,50.01
2006-11-06,50.98,51.63,50.96,51.48,17000,49.80
2006-11-03,51.22,51.22,50.52,50.80,19500,49.14
2006-11-02,50.75,50.95,50.70,50.87,16500,49.21
2006-11-01,51.65,51.70,50.84,50.89,38700,49.23
2006-10-31,51.56,51.65,51.27,51.42,11200,49.74
2006-10-30,49.96,51.51,49.96,51.33,18000,49.65
2006-10-27,51.65,51.65,50.74,50.92,24000,49.26
2006-10-26,51.68,51.78,51.25,51.76,47200,50.07
2006-10-25,51.07,51.48,51.07,51.47,19100,49.79
2006-10-24,51.29,51.35,50.91,51.02,38900,49.35
2006-10-23,50.99,51.61,50.99,51.43,21500,49.75
2006-10-20,50.93,50.99,50.83,50.99,31600,49.32
2006-10-19,50.66,51.07,50.66,50.97,27800,49.30
2006-10-18,51.58,51.58,50.74,50.85,23200,49.19
2006-10-17,51.17,51.30,50.78,51.16,47500,49.49
2006-10-16,51.71,51.93,51.70,51.77,39100,50.08
2006-10-13,51.24,51.67,51.24,51.57,72700,49.88
2006-10-12,50.65,51.17,50.60,51.17,22300,49.50
2006-10-11,50.35,50.74,50.24,50.43,15000,48.78
2006-10-10,50.41,50.46,50.15,50.38,52300,48.73
2006-10-09,50.11,50.50,50.08,50.37,13100,48.72
2006-10-06,49.95,50.28,49.92,50.18,31200,48.54
2006-10-05,50.22,50.28,50.01,50.28,35400,48.64
2006-10-04,49.16,50.20,49.16,50.19,25300,48.55
2006-10-03,48.85,49.41,48.78,49.28,27000,47.67
2006-10-02,49.42,49.71,49.18,49.23,10600,47.62
2006-09-29,49.72,49.83,49.45,49.45,48500,47.83
2006-09-28,49.56,49.77,49.35,49.77,13100,48.14
2006-09-27,49.68,49.82,49.29,49.59,20600,47.97
2006-09-26,49.32,49.65,49.11,49.63,18900,48.01
2006-09-25,48.71,49.40,48.46,49.34,22200,47.73
2006-09-22,48.70,48.72,48.25,48.46,15200,46.88
2006-09-21,49.56,49.56,48.82,48.92,22800,47.32
2006-09-20,49.28,49.51,49.21,49.48,31600,47.86
2006-09-19,49.03,49.05,48.27,48.69,29400,47.10
2006-09-18,49.00,49.36,48.90,49.01,22600,47.41
2006-09-15,49.29,49.40,48.89,48.94,22800,47.34
2006-09-14,48.55,48.90,48.55,48.86,10600,47.26
2006-09-13,48.54,48.78,48.40,48.74,23700,47.15
2006-09-12,47.97,48.70,47.97,48.58,39900,46.99
2006-09-11,47.05,47.85,47.05,47.61,27400,46.05
2006-09-08,47.00,47.27,46.88,47.24,8800,45.70
2006-09-07,46.90,47.21,46.58,46.86,17800,45.33
2006-09-06,47.59,47.64,47.08,47.13,21100,45.59
2006-09-05,47.63,48.08,47.48,48.04,33100,46.47
2006-09-01,47.83,47.93,47.61,47.80,14200,46.24
2006-08-31,47.78,47.93,47.63,47.69,17400,46.13
2006-08-30,47.32,47.88,47.32,47.85,20500,46.29
2006-08-29,46.95,47.40,46.70,47.39,61300,45.84
2006-08-28,46.55,47.01,46.55,46.99,15400,45.45
2006-08-25,46.28,46.82,46.28,46.60,8500,45.08
2006-08-24,46.44,46.51,46.08,46.39,36600,44.87
2006-08-23,46.72,46.89,46.07,46.27,14500,44.76
2006-08-22,46.70,46.93,46.36,46.55,8700,45.03
2006-08-21,46.63,46.64,46.40,46.58,16300,45.06
2006-08-18,46.62,47.08,46.30,46.98,12900,45.44
2006-08-17,46.64,47.06,46.60,46.79,15400,45.26
2006-08-16,45.87,46.59,45.79,46.59,45100,45.07
2006-08-15,45.00,45.64,44.97,45.62,13600,44.13
2006-08-14,44.34,44.85,44.28,44.43,8500,42.98
2006-08-11,44.10,44.10,43.77,43.88,7400,42.45
2006-08-10,43.74,44.44,43.74,44.30,18600,42.85
2006-08-09,44.45,44.82,43.95,43.98,17300,42.54
2006-08-08,44.02,44.23,43.74,43.76,15500,42.33
2006-08-07,43.97,44.09,43.84,43.97,6600,42.53
2006-08-04,44.66,44.71,43.83,44.12,15600,42.68
2006-08-03,43.51,44.53,43.51,44.31,26700,42.86
2006-08-02,43.89,44.19,43.73,43.98,7400,42.54
2006-08-01,44.08,44.08,43.42,43.57,11600,42.15
2006-07-31,44.22,44.50,44.12,44.33,23800,42.88
2006-07-28,43.71,44.42,43.71,44.30,26600,42.85
2006-07-27,43.95,44.13,43.45,43.46,78200,42.04
2006-07-26,43.44,43.96,43.32,43.66,18800,42.23
2006-07-25,43.42,43.77,43.30,43.62,15200,42.19
2006-07-24,42.94,43.38,42.83,43.36,42300,41.94
2006-07-21,42.77,42.86,42.50,42.60,18500,41.21
2006-07-20,44.18,44.18,43.26,43.27,13200,41.86
2006-07-19,43.60,44.06,43.60,43.91,7200,42.47
2006-07-18,43.41,43.41,42.53,43.26,54000,41.85
2006-07-17,43.30,43.31,42.99,43.11,8400,41.70
2006-07-14,43.15,43.27,42.88,43.05,41400,41.64
2006-07-13,43.53,44.09,43.25,43.25,12100,41.84
2006-07-12,44.68,44.68,43.91,43.91,14000,42.47
2006-07-11,44.24,44.89,44.15,44.81,43200,43.35
2006-07-10,45.32,45.36,44.39,44.53,14200,43.07
2006-07-07,45.32,45.63,45.09,45.22,9800,43.74
2006-07-06,45.84,46.09,45.69,45.78,19300,44.28
2006-07-05,46.14,46.14,45.68,45.68,84400,44.19
2006-07-03,46.02,46.72,46.02,46.72,35400,45.19
2006-06-30,46.32,46.47,46.00,46.23,24700,44.72
2006-06-29,45.28,46.41,45.28,46.32,24900,44.81
2006-06-28,45.11,45.11,44.57,45.08,13200,43.61
2006-06-27,45.82,45.82,44.92,44.92,14400,43.45
2006-06-26,45.25,45.82,45.25,45.68,12000,44.19
2006-06-23,45.58,45.85,45.41,45.52,17000,44.03
2006-06-22,46.22,46.22,45.43,45.65,103000,44.16
2006-06-21,45.60,46.39,45.60,46.12,88200,44.61
2006-06-20,45.51,45.77,45.26,45.36,22000,43.88
2006-06-19,45.75,45.85,45.33,45.43,20300,43.94
2006-06-16,45.99,45.99,45.47,45.71,10900,44.22
2006-06-15,45.03,45.89,44.75,45.89,90100,44.39
2006-06-14,44.39,44.69,44.20,44.67,10600,43.21
2006-06-13,44.23,44.81,44.05,44.15,27200,42.71
2006-06-12,45.30,45.36,44.38,44.48,20800,43.03
2006-06-09,45.81,45.97,45.34,45.34,15200,43.86
2006-06-08,45.58,45.76,44.66,45.57,23700,44.08
2006-06-07,46.55,46.69,45.89,45.94,24400,44.44
2006-06-06,46.55,46.55,46.12,46.48,14300,44.96
2006-06-05,47.20,47.37,46.51,46.51,13400,44.99
2006-06-02,48.00,48.00,47.26,47.42,13700,45.87
2006-06-01,46.88,47.66,46.88,47.66,16400,46.10
2006-05-31,46.89,47.08,46.60,46.75,26100,45.22
2006-05-30,47.17,47.17,46.66,46.66,12900,45.13
2006-05-26,47.62,47.65,47.36,47.62,14600,46.06
2006-05-25,47.40,47.46,46.98,47.46,22100,45.91
2006-05-24,46.56,47.10,46.33,46.86,27000,45.33
2006-05-23,47.30,47.54,46.59,46.59,15300,45.07
2006-05-22,47.14,47.20,46.60,47.01,109800,45.47
2006-05-19,47.10,47.40,46.71,47.32,46500,45.77
2006-05-18,47.58,47.70,47.06,47.07,16000,45.53
2006-05-17,47.84,47.84,47.24,47.34,31800,45.79
2006-05-16,48.19,48.32,47.73,47.89,58400,46.32
2006-05-15,48.47,48.47,47.82,48.26,183000,46.68
2006-05-12,48.52,48.82,48.35,48.41,61200,46.83
2006-05-11,49.56,49.66,48.76,48.90,129800,47.30
2006-05-10,50.52,50.52,49.95,49.96,16900,48.33
2006-05-09,50.65,50.78,50.50,50.66,17600,49.00
2006-05-08,50.65,50.97,50.65,50.90,13800,49.24
2006-05-05,50.82,50.91,50.65,50.89,10000,49.23
2006-05-04,50.25,50.62,50.25,50.60,7300,48.95
2006-05-03,50.16,50.35,50.02,50.22,33300,48.58
2006-05-02,50.40,50.46,50.18,50.26,93600,48.62
2006-05-01,50.59,50.67,50.11,50.17,18300,48.53
2006-04-28,50.70,50.85,50.47,50.51,32300,48.86
2006-04-27,50.76,51.70,50.76,51.52,19700,49.84
2006-04-26,51.08,51.19,50.95,50.95,33900,49.28
2006-04-25,51.05,51.05,50.70,50.88,12900,49.22
2006-04-24,51.03,51.05,50.69,51.01,14600,49.34
2006-04-21,51.84,51.84,51.00,51.19,146400,49.52
2006-04-20,51.47,52.00,51.47,51.71,16100,50.02
2006-04-19,51.50,51.61,51.29,51.60,8600,49.91
2006-04-18,50.61,51.52,50.61,51.49,6300,49.81
2006-04-17,50.90,51.09,50.25,50.40,26800,48.75
2006-04-13,50.79,51.10,50.62,50.87,5400,49.21
2006-04-12,50.63,50.83,50.61,50.73,13000,49.07
2006-04-11,51.20,51.21,50.55,50.60,18800,48.95
2006-04-10,51.15,51.34,50.95,50.99,13300,49.32
2006-04-07,52.05,52.05,51.30,51.32,20600,49.64
2006-04-06,51.80,52.00,51.63,51.87,7400,50.17
2006-04-05,51.51,51.84,51.30,51.76,35200,50.07
2006-04-04,51.24,51.41,51.00,51.27,19800,49.59
2006-04-03,51.15,51.56,51.02,51.05,23200,49.38
2006-03-31,51.25,51.25,50.93,50.94,7400,49.27
2006-03-30,51.14,51.40,50.86,51.14,33500,49.47
2006-03-29,50.29,51.13,50.19,50.93,19300,49.27
2006-03-28,50.55,50.71,50.00,50.04,17900,48.40
2006-03-27,50.54,50.70,50.42,50.52,12700,48.87
2006-03-24,50.25,50.59,50.21,50.49,13300,48.84
2006-03-23,50.30,50.39,50.02,50.19,11300,48.55
2006-03-22,50.00,50.33,49.89,50.33,17200,48.68
2006-03-21,50.64,51.13,50.16,50.19,43600,48.55
2006-03-20,50.55,50.62,50.39,50.62,22400,48.97
2006-03-17,50.21,50.47,50.02,50.32,10900,48.68
2006-03-16,50.71,50.86,50.21,50.21,21000,48.57
2006-03-15,50.46,50.67,50.17,50.58,28000,48.93
2006-03-14,49.64,50.31,49.64,50.28,12400,48.64
2006-03-13,49.73,49.79,49.47,49.56,15600,47.94
2006-03-10,49.22,49.62,49.17,49.48,7800,47.86
2006-03-09,49.97,50.15,49.34,49.35,15600,47.74
2006-03-08,49.55,49.91,49.37,49.82,21100,48.19
2006-03-07,50.00,50.00,49.54,49.88,17200,48.25
2006-03-06,50.63,50.84,50.03,50.17,36200,48.53
2006-03-03,50.59,51.22,50.52,50.58,18800,48.93
2006-03-02,50.67,51.04,50.59,50.88,14000,49.22
2006-03-01,50.23,50.94,50.15,50.85,21800,49.19
2006-02-28,50.34,50.36,49.65,49.77,21800,48.14
2006-02-27,50.20,50.52,50.00,50.38,24500,48.73
2006-02-24,49.55,49.92,49.55,49.76,10700,48.13
2006-02-23,49.92,50.13,49.70,49.70,18600,48.08
2006-02-22,49.59,50.15,49.48,50.06,41900,48.42
2006-02-21,49.97,50.00,49.41,49.60,135100,47.98
2006-02-17,50.32,50.38,50.06,50.17,12600,48.53
2006-02-16,50.32,50.55,50.21,50.50,25300,48.85
2006-02-15,49.79,50.06,49.70,49.99,7000,48.36
2006-02-14,49.30,49.92,49.30,49.84,11300,48.21
2006-02-13,49.60,49.60,49.08,49.27,25000,47.66
2006-02-10,49.65,49.92,49.15,49.83,18900,48.20
2006-02-09,50.00,50.29,49.70,49.70,31100,48.08
2006-02-08,49.59,49.89,49.36,49.89,19400,48.26
2006-02-07,49.20,49.42,48.90,49.15,36100,47.54
2006-02-06,49.35,49.36,49.05,49.25,24000,47.64
2006-02-03,49.51,49.61,49.20,49.27,64600,47.66
2006-02-02,50.50,50.50,49.81,49.92,31100,48.29
2006-02-01,50.10,50.63,49.92,50.59,16000,48.94
2006-01-31,50.63,50.65,50.30,50.33,24300,48.68
2006-01-30,50.70,50.78,50.50,50.74,14200,49.08
2006-01-27,50.45,50.83,50.33,50.55,31400,48.90
2006-01-26,50.02,50.20,49.96,50.05,27300,48.41
2006-01-25,49.85,49.90,49.51,49.82,18200,48.19
2006-01-24,49.99,50.05,49.64,49.74,57500,48.11
2006-01-23,49.67,49.75,49.29,49.42,134400,47.80
2006-01-20,50.81,50.81,49.42,49.42,33600,47.80
2006-01-19,51.04,51.21,50.78,50.97,17300,49.30
2006-01-18,50.29,50.58,50.18,50.55,23000,48.90
2006-01-17,51.11,51.15,50.91,51.08,50400,49.41
2006-01-13,51.73,51.73,51.32,51.48,14500,49.80
2006-01-12,51.87,52.03,51.50,51.64,49900,49.95
2006-01-11,51.69,52.03,51.56,51.99,31600,50.29
2006-01-10,51.03,51.51,51.03,51.51,48200,49.83
2006-01-09,51.24,51.54,51.06,51.41,94000,49.73
2006-01-06,50.67,51.25,50.55,51.19,53400,49.52
2006-01-05,50.18,50.40,50.07,50.39,32100,48.74
2006-01-04,49.67,49.93,49.55,49.93,36700,48.30
2006-01-03,48.64,49.43,48.10,49.28,99200,47.67
2005-12-30,48.40,48.40,48.22,48.38,18300,46.80
2005-12-29,49.12,49.12,48.58,48.63,25500,47.04
2005-12-28,49.17,49.17,48.79,49.05,20100,47.45
2005-12-27,49.58,49.66,48.92,48.95,48100,47.35
2005-12-23,49.50,49.57,49.31,49.40,95700,47.79
2005-12-22,49.06,49.39,49.06,49.36,93300,47.75
2005-12-21,49.20,49.42,49.00,49.10,12900,47.41
2005-12-20,48.91,49.19,48.86,48.96,17800,47.27
2005-12-19,49.75,49.75,49.00,49.09,23200,47.40
2005-12-16,49.95,49.95,49.68,49.73,16900,48.02
2005-12-15,49.93,49.96,49.56,49.82,14800,48.10
2005-12-14,50.08,50.09,49.70,49.90,18600,48.18
2005-12-13,49.93,50.10,49.72,50.00,17000,48.28
2005-12-12,50.00,50.18,49.90,49.95,17000,48.23
2005-12-09,49.74,49.99,49.48,49.89,15000,48.17
2005-12-08,50.04,50.11,49.27,49.62,13800,47.91
2005-12-07,50.20,50.25,49.82,49.93,21600,48.21
2005-12-06,50.30,50.56,50.03,50.03,130600,48.30
2005-12-05,50.31,50.31,49.85,49.99,14600,48.27
2005-12-02,50.36,50.55,50.22,50.36,41100,48.62
2005-12-01,49.94,50.39,49.80,50.33,60000,48.59
2005-11-30,49.48,49.66,49.34,49.38,16900,47.68
2005-11-29,49.78,49.89,49.37,49.48,27500,47.77
2005-11-28,49.86,49.86,49.51,49.56,24300,47.85
2005-11-25,49.86,49.88,49.69,49.85,35000,48.13
2005-11-23,49.50,49.98,49.50,49.75,28900,48.03
2005-11-22,49.08,49.56,49.06,49.46,39600,47.75
2005-11-21,49.01,49.11,48.76,49.08,61600,47.39
2005-11-18,49.12,49.28,48.91,49.07,31400,47.38
2005-11-17,48.48,48.93,48.27,48.93,74700,47.24
2005-11-16,48.14,48.29,48.00,48.29,90500,46.62
2005-11-15,48.25,48.40,47.87,48.03,42500,46.37
2005-11-14,48.10,48.26,48.06,48.14,12000,46.48
2005-11-11,48.23,48.29,48.11,48.12,7500,46.46
2005-11-10,47.65,48.00,47.40,47.99,8100,46.34
2005-11-09,47.57,47.83,47.51,47.74,19300,46.09
2005-11-08,47.63,47.86,47.50,47.69,41700,46.05
2005-11-07,47.73,47.89,47.50,47.80,33200,46.15
2005-11-04,47.49,47.57,47.23,47.54,24600,45.90
2005-11-03,47.32,47.48,47.13,47.29,9500,45.66
2005-11-02,46.29,46.84,46.25,46.75,16400,45.14
2005-11-01,46.11,46.24,46.10,46.13,7600,44.54
2005-10-31,45.98,46.47,45.98,46.13,17900,44.54
2005-10-28,45.49,45.54,45.20,45.54,10000,43.97
2005-10-27,45.90,45.90,45.37,45.38,13400,43.82
2005-10-26,46.07,46.35,45.95,45.95,10900,44.37
2005-10-25,46.20,46.22,45.77,45.98,19000,44.39
2005-10-24,46.00,46.37,45.83,46.37,10900,44.77
2005-10-21,46.00,46.00,45.69,45.83,23700,44.25
2005-10-20,46.00,46.00,45.40,45.46,7000,43.89
2005-10-19,45.05,45.67,44.72,45.67,14800,44.10
2005-10-18,45.35,45.40,45.21,45.28,6500,43.72
2005-10-17,45.35,45.35,45.00,45.12,5200,43.56
2005-10-14,45.00,45.19,44.90,45.15,4000,43.59
2005-10-13,44.70,45.07,44.55,44.97,18200,43.42
2005-10-12,44.85,44.87,44.57,44.70,6900,43.16
2005-10-11,45.50,45.50,44.90,45.01,7400,43.46
2005-10-10,45.52,45.61,45.27,45.27,6900,43.71
2005-10-07,45.70,45.78,45.54,45.64,17600,44.07
2005-10-06,45.98,46.02,45.31,45.59,82200,44.02
2005-10-05,46.70,46.70,45.93,45.93,9600,44.35
2005-10-04,47.30,47.39,46.68,46.68,12400,45.07
2005-10-03,47.21,47.35,47.20,47.24,26200,45.61
2005-09-30,46.89,47.13,46.89,47.09,3300,45.47
2005-09-29,46.23,46.84,46.22,46.74,106100,45.13
2005-09-28,46.05,46.46,46.05,46.25,5000,44.66
2005-09-27,46.30,46.30,46.00,46.09,4400,44.50
2005-09-26,46.50,46.53,46.07,46.26,8700,44.66
2005-09-23,45.96,46.31,45.96,46.23,2200,44.64
2005-09-22,46.01,46.25,45.74,46.21,24200,44.62
2005-09-21,46.44,46.44,46.10,46.15,10100,44.56
2005-09-20,46.96,47.37,46.67,46.74,6100,45.13
2005-09-19,47.20,47.20,46.74,46.88,15200,45.26
2005-09-16,47.15,47.23,46.88,47.15,15400,45.52
2005-09-15,47.11,47.14,46.77,46.90,12300,45.28
2005-09-14,47.51,47.60,47.09,47.09,8700,45.47
2005-09-13,47.53,47.88,47.45,47.62,12700,45.98
2005-09-12,47.55,47.69,47.47,47.62,6800,45.98
2005-09-09,47.31,47.52,47.24,47.48,13300,45.84
2005-09-08,47.20,47.43,47.20,47.28,5800,45.65
2005-09-07,47.00,47.29,46.97,47.15,10300,45.52
2005-09-06,46.65,47.06,46.65,47.01,2800,45.39
2005-09-02,46.65,46.76,46.52,46.52,5800,44.92
2005-09-01,46.70,46.76,46.47,46.65,5600,45.04
2005-08-31,46.40,46.76,46.26,46.76,4000,45.15
2005-08-30,46.25,46.35,46.06,46.35,2900,44.75
2005-08-29,46.05,46.58,45.95,46.56,11900,44.95
2005-08-26,46.35,46.35,46.05,46.15,5200,44.56
2005-08-25,46.27,46.45,46.27,46.38,12500,44.78
2005-08-24,46.30,46.92,46.28,46.28,15400,44.68
2005-08-23,46.67,46.67,46.33,46.54,11400,44.94
2005-08-22,46.50,46.82,46.28,46.49,128300,44.89
2005-08-19,46.55,46.61,46.37,46.42,6300,44.82
2005-08-18,46.48,46.54,46.31,46.41,5600,44.81
2005-08-17,46.40,46.80,46.35,46.72,13600,45.11
2005-08-16,46.70,46.70,46.12,46.25,15300,44.66
2005-08-15,46.40,46.98,46.32,46.85,7300,45.23
2005-08-12,46.60,46.60,46.21,46.48,5600,44.88
2005-08-11,46.64,46.95,46.54,46.93,4300,45.31
2005-08-10,47.40,47.42,46.50,46.63,11400,45.02
2005-08-09,47.04,47.31,47.04,47.10,9000,45.48
2005-08-08,47.35,47.37,46.87,46.87,10400,45.25
2005-08-05,47.35,47.36,47.16,47.26,5600,45.63
2005-08-04,47.70,47.70,47.32,47.40,8200,45.77
2005-08-03,47.60,47.83,47.59,47.76,6600,46.11
2005-08-02,47.20,47.62,47.20,47.60,16700,45.96
2005-08-01,47.09,47.29,47.03,47.17,3900,45.54
2005-07-29,47.21,47.28,46.93,47.04,11500,45.42
2005-07-28,47.05,47.31,47.05,47.31,5500,45.68
2005-07-27,46.85,47.25,46.77,47.17,5400,45.54
2005-07-26,46.91,47.13,46.88,47.10,5000,45.48
2005-07-25,47.05,47.18,46.80,46.80,12100,45.19
2005-07-22,47.23,47.26,46.85,47.05,15600,45.43
2005-07-21,47.40,47.47,47.02,47.02,6500,45.40
2005-07-20,46.89,47.51,46.85,47.51,7900,45.87
2005-07-19,46.79,47.64,46.79,47.60,75100,45.96
2005-07-18,46.96,46.96,46.75,46.81,11400,45.20
2005-07-15,47.03,47.05,46.75,47.02,7900,45.40
2005-07-14,47.10,47.23,46.93,47.03,23000,45.41
2005-07-13,46.56,46.74,46.43,46.71,10100,45.10
2005-07-12,46.15,46.61,46.05,46.48,8800,44.88
2005-07-11,45.89,46.15,45.81,46.01,10100,44.42
2005-07-08,44.89,45.62,44.89,45.62,5600,44.05
2005-07-07,44.49,44.75,44.42,44.75,4100,43.21
2005-07-06,44.76,45.04,44.70,44.70,9100,43.16
2005-07-05,44.21,44.83,44.21,44.76,5900,43.22
2005-07-01,44.44,44.53,44.27,44.27,16600,42.74
2005-06-30,44.80,44.83,44.40,44.40,4100,42.87
2005-06-29,44.85,44.91,44.69,44.71,11300,43.17
2005-06-28,44.38,44.79,44.38,44.75,9800,43.21
2005-06-27,44.44,44.44,44.06,44.24,6000,42.71
2005-06-24,45.00,45.00,44.50,44.50,37300,42.97
2005-06-23,45.65,46.06,45.16,45.16,9800,43.60
2005-06-22,45.65,45.65,45.40,45.58,3700,44.01
2005-06-21,45.35,45.45,45.21,45.44,3800,43.87
2005-06-20,45.01,45.20,44.95,45.15,4600,43.59
2005-06-17,45.40,45.48,45.18,45.32,5200,43.76
2005-06-16,45.17,45.32,45.16,45.20,4400,43.64
2005-06-15,45.13,45.13,44.48,44.82,7900,43.27
2005-06-14,45.13,45.13,44.82,44.83,6100,43.28
2005-06-13,45.19,45.27,45.13,45.17,2300,43.61
2005-06-10,45.22,45.22,44.72,44.84,4800,43.29
2005-06-09,44.88,45.12,44.80,45.12,2400,43.56
2005-06-08,45.18,45.21,44.83,44.85,9600,43.30
2005-06-07,45.18,45.58,45.08,45.10,4100,43.54
2005-06-06,45.12,45.19,44.95,45.13,2300,43.57
2005-06-03,45.50,45.50,45.03,45.12,7500,43.56
2005-06-02,45.52,45.62,45.48,45.57,5000,44.00
2005-06-01,44.99,45.63,44.99,45.32,3100,43.76
2005-05-31,45.25,45.37,45.06,45.10,2800,43.54
2005-05-27,45.25,45.26,45.12,45.16,4600,43.60
2005-05-26,44.99,45.35,44.99,45.35,6900,43.79
2005-05-25,44.80,44.81,44.48,44.77,12800,43.23
2005-05-24,44.63,45.03,44.63,45.03,6400,43.48
2005-05-23,44.68,44.85,44.64,44.85,3000,43.30
2005-05-20,44.40,44.63,44.32,44.63,1500,43.09
2005-05-19,44.15,44.45,44.15,44.45,2800,42.92
2005-05-18,43.78,44.30,43.69,44.17,6100,42.65
2005-05-17,43.14,43.41,43.01,43.34,2200,41.85
2005-05-16,42.95,43.30,42.87,43.30,5300,41.81
2005-05-13,42.62,43.10,42.62,42.87,8400,41.39
2005-05-12,42.61,42.69,42.18,42.18,1100,40.73
2005-05-11,41.96,42.38,41.87,42.38,1300,40.92
2005-05-10,42.30,42.30,41.92,41.92,2400,40.47
2005-05-09,42.32,42.43,42.11,42.33,3300,40.87
2005-05-06,42.33,42.37,42.25,42.37,2800,40.91
2005-05-05,42.19,42.32,42.09,42.16,1600,40.71
2005-05-04,41.90,42.23,41.90,42.18,4200,40.73
2005-05-03,41.66,41.92,41.63,41.63,1000,40.19
2005-05-02,41.68,41.68,41.47,41.47,400,40.04
2005-04-29,41.37,41.50,40.96,41.50,9200,40.07
2005-04-28,41.39,41.39,41.03,41.03,6900,39.62
2005-04-27,41.60,41.60,41.60,41.60,500,40.17
2005-04-26,41.79,42.09,41.64,41.64,4000,40.20
2005-04-25,41.99,42.02,41.94,41.94,1800,40.49
2005-04-22,41.87,41.87,41.32,41.32,2000,39.90
2005-04-21,41.57,42.11,41.57,42.09,3300,40.64
2005-04-20,41.55,41.55,41.00,41.00,2900,39.59
2005-04-19,41.21,41.29,41.02,41.29,6300,39.87
2005-04-18,40.60,40.87,40.60,40.86,2100,39.45
2005-04-15,41.18,41.38,40.61,40.61,5200,39.21
2005-04-14,42.50,42.50,42.02,42.03,6900,40.58
2005-04-13,42.93,42.93,42.55,42.57,600,41.10
2005-04-12,42.77,43.19,42.55,43.19,2800,41.70
2005-04-11,43.45,43.45,43.02,43.12,1600,41.63
2005-04-08,43.66,43.70,43.38,43.38,1600,41.88
2005-04-07,43.34,43.62,43.34,43.62,1800,42.12
2005-04-06,43.40,43.47,43.27,43.27,4600,41.78
2005-04-05,43.35,43.35,43.19,43.20,1100,41.71
2005-04-04,43.04,43.31,42.89,43.31,900,41.82
2005-04-01,43.77,43.77,43.04,43.15,5200,41.66
2005-03-31,43.51,43.59,43.40,43.45,11500,41.95
2005-03-30,43.15,43.53,43.15,43.53,3100,42.03
2005-03-29,43.13,43.31,42.83,42.83,4900,41.35
2005-03-28,43.56,43.56,43.28,43.28,500,41.79
2005-03-24,43.41,43.60,43.33,43.57,1300,42.07
2005-03-23,43.08,43.31,43.08,43.25,12300,41.76
2005-03-22,43.46,43.55,43.00,43.00,1400,41.52
2005-03-21,43.48,43.49,43.18,43.38,1200,41.88
2005-03-18,43.37,43.47,43.24,43.24,44800,41.75
2005-03-17,43.68,43.81,43.55,43.63,4800,42.13
2005-03-16,44.02,44.13,43.52,43.52,2000,42.02
2005-03-15,44.38,44.38,44.10,44.10,1300,42.58
2005-03-14,44.33,44.45,44.30,44.45,500,42.92
2005-03-11,44.80,44.80,44.14,44.22,2600,42.70
2005-03-10,44.93,44.93,44.43,44.85,5000,43.30
2005-03-09,44.85,45.19,44.80,44.94,7300,43.39
2005-03-08,45.34,45.42,45.02,45.02,1800,43.47
2005-03-07,44.94,45.49,44.94,45.29,5000,43.73
2005-03-04,44.94,44.94,44.74,44.80,1200,43.26
2005-03-03,44.89,44.89,44.32,44.60,2200,43.06
2005-03-02,44.76,45.20,44.76,44.80,1300,43.26
2005-03-01,44.85,44.92,44.67,44.90,2100,43.35
2005-02-28,44.71,44.71,44.49,44.49,1100,42.96
2005-02-25,44.29,44.54,44.29,44.54,700,43.00
2005-02-24,43.99,44.25,43.80,44.15,3600,42.63
2005-02-23,43.86,43.99,43.71,43.93,4400,42.42
2005-02-22,44.22,44.55,44.00,44.00,2200,42.48
2005-02-18,44.60,44.64,44.41,44.50,5000,42.97
2005-02-17,44.72,44.79,44.63,44.75,3300,43.21
2005-02-16,45.18,45.34,45.09,45.19,2700,43.63
2005-02-15,45.17,45.57,45.17,45.22,2600,43.66
2005-02-14,44.98,45.12,44.88,45.12,7200,43.56
2005-02-11,44.24,45.03,44.24,45.00,1800,43.45
2005-02-10,44.58,44.58,44.11,44.45,8100,42.92
2005-02-09,45.20,45.20,44.46,44.52,6500,42.98
2005-02-08,44.95,45.29,44.95,45.00,3900,43.45
2005-02-07,45.07,45.10,44.89,45.03,6200,43.48
2005-02-04,44.19,44.56,44.19,44.56,1500,43.02
2005-02-03,44.40,44.40,44.02,44.15,4100,42.63
2005-02-02,44.70,44.70,44.47,44.61,5300,43.07
2005-02-01,44.30,44.59,44.30,44.53,7400,42.99
2005-01-31,44.39,44.44,44.24,44.24,4000,42.71
2005-01-28,44.21,44.21,43.59,43.74,7400,42.23
2005-01-27,43.80,44.03,43.71,44.03,11400,42.51
2005-01-26,43.73,43.93,43.54,43.93,57600,42.42
2005-01-25,43.61,43.61,43.26,43.37,8600,41.87
2005-01-24,43.84,43.84,43.05,43.11,11000,41.62
2005-01-21,44.10,44.10,43.58,43.58,4100,42.08
2005-01-20,44.05,44.27,43.98,43.98,18100,42.46
2005-01-19,45.05,45.05,44.38,44.42,1100,42.89
2005-01-18,44.62,45.14,44.62,45.14,2200,43.58
2005-01-14,44.75,44.90,44.75,44.77,5100,43.23
2005-01-13,44.90,45.02,44.87,44.96,2300,43.41
2005-01-12,44.99,45.07,44.53,44.91,1700,43.36
2005-01-11,45.06,45.06,44.74,44.86,3100,43.31
2005-01-10,45.36,45.47,45.04,45.21,4200,43.65
2005-01-07,45.25,45.27,44.95,45.22,2900,43.66
2005-01-06,45.56,45.56,45.19,45.19,6800,43.63
2005-01-05,45.60,45.60,45.36,45.36,1900,43.80
2005-01-04,46.73,46.73,45.54,45.60,6400,44.03
2005-01-03,47.46,47.46,46.56,46.56,8300,44.95
2004-12-31,47.18,47.21,47.06,47.06,7900,45.44
2004-12-30,47.19,47.19,47.09,47.18,3200,45.55
2004-12-29,47.07,47.15,46.99,47.03,6600,45.41
2004-12-28,46.83,46.92,46.75,46.89,6400,45.27
2004-12-27,47.18,47.18,46.72,46.79,5900,45.18
2004-12-23,47.00,47.01,46.93,47.00,3000,45.38
2004-12-22,46.74,47.07,46.73,46.97,5100,45.35
2004-12-21,46.99,47.37,46.99,47.23,8500,45.01
2004-12-20,47.31,47.33,46.70,46.70,5300,44.51
2004-12-17,47.42,47.42,47.08,47.19,8600,44.98
2004-12-16,47.78,47.89,47.29,47.32,6500,45.10
2004-12-15,47.72,47.80,47.64,47.76,3500,45.52
2004-12-14,47.61,47.75,47.50,47.60,10500,45.37
2004-12-13,47.39,47.39,47.09,47.39,10600,45.17
2004-12-10,47.14,47.25,46.97,47.00,6000,44.79
2004-12-09,46.48,47.21,46.43,47.14,1500,44.93
2004-12-08,47.20,47.36,47.17,47.26,3700,45.04
2004-12-07,48.12,48.42,47.28,47.31,13100,45.09
2004-12-06,47.86,48.25,47.56,48.25,9300,45.99
2004-12-03,48.06,48.06,47.80,47.93,12800,45.68
2004-12-02,47.30,47.79,47.30,47.43,5000,45.20
2004-12-01,46.61,47.13,46.61,47.11,2800,44.90
2004-11-30,46.60,46.60,46.34,46.44,1500,44.26
2004-11-29,46.99,46.99,46.52,46.66,11500,44.47
2004-11-26,46.67,46.67,46.63,46.63,1300,44.44
2004-11-24,46.47,46.61,46.47,46.58,500,44.39
2004-11-23,46.39,46.60,46.09,46.29,42100,44.12
2004-11-22,46.10,46.47,45.86,46.47,16400,44.29
2004-11-19,46.85,46.86,46.18,46.18,5100,44.01
2004-11-18,46.91,47.10,46.90,47.10,4300,44.89
2004-11-17,46.70,47.26,46.70,46.88,4700,44.68
2004-11-16,46.20,46.31,46.05,46.28,1600,44.11
2004-11-15,46.25,46.59,46.25,46.51,3800,44.33
2004-11-12,45.70,45.91,45.60,45.91,1600,43.76
2004-11-11,45.17,45.61,45.17,45.61,3000,43.47
2004-11-10,45.02,45.12,44.96,44.96,1400,42.85
2004-11-09,45.46,45.57,45.37,45.57,900,43.43
2004-11-08,45.34,45.46,45.34,45.46,4600,43.33
2004-11-05,45.18,45.34,45.10,45.34,4600,43.21
2004-11-04,44.37,44.93,44.37,44.93,1200,42.82
2004-11-03,44.99,44.99,44.38,44.38,6300,42.30
2004-11-02,44.21,44.61,44.16,44.16,4000,42.09
2004-11-01,43.96,44.16,43.96,44.03,5500,41.96
2004-10-29,43.98,43.98,43.72,43.95,3600,41.89
2004-10-28,43.74,44.08,43.67,43.85,2500,41.79
2004-10-27,42.82,43.74,42.82,43.74,1400,41.69
2004-10-26,42.67,42.67,42.31,42.52,13200,40.52
2004-10-25,42.59,42.76,42.55,42.60,3300,40.60
2004-10-22,43.30,43.30,42.74,42.74,4400,40.73
2004-10-21,43.19,43.68,43.06,43.68,3600,41.63
2004-10-20,42.66,42.96,42.66,42.88,2800,40.87
2004-10-19,43.38,43.44,43.03,43.03,3800,41.01
2004-10-18,42.09,42.62,42.07,42.62,800,40.62
2004-10-15,42.18,42.48,42.06,42.24,1700,40.26
2004-10-14,42.42,42.42,42.19,42.19,300,40.21
2004-10-13,42.54,42.54,42.44,42.44,400,40.45
2004-10-12,42.19,42.19,42.10,42.10,500,40.12
2004-10-11,42.62,42.78,42.62,42.78,500,40.77
2004-10-08,43.13,43.28,42.49,42.50,3100,40.51
2004-10-07,43.83,43.83,43.62,43.62,2000,41.57
2004-10-06,43.62,43.86,43.52,43.86,1900,41.80
2004-10-05,43.38,43.65,43.33,43.42,2100,41.38
2004-10-04,43.71,43.71,43.62,43.70,1800,41.65
2004-10-01,42.37,43.06,42.37,43.06,1300,41.04
2004-09-30,41.70,41.72,41.63,41.72,500,39.76
2004-09-29,41.28,41.62,41.28,41.62,3000,39.67
2004-09-28,40.90,40.90,40.90,40.90,500,38.98
2004-09-27,41.24,41.24,41.02,41.02,400,39.09
2004-09-24,41.84,41.84,41.84,41.84,000,39.88
2004-09-23,41.86,41.86,41.84,41.84,300,39.88
2004-09-22,42.18,42.23,41.90,41.95,1100,39.98
2004-09-21,42.42,42.60,42.42,42.60,600,40.60
2004-09-20,42.48,42.58,42.19,42.19,1100,40.21
2004-09-17,41.70,41.95,41.70,41.87,1700,39.90
2004-09-16,41.92,41.92,41.75,41.82,900,39.86
2004-09-15,41.88,41.88,41.74,41.80,1500,39.84
2004-09-14,42.50,42.50,42.24,42.40,2700,40.41
2004-09-13,42.67,42.67,42.67,42.67,200,40.67
2004-09-10,41.28,41.28,41.28,41.28,000,39.34
2004-09-09,40.88,41.28,40.88,41.28,600,39.34
2004-09-08,40.36,40.36,40.36,40.36,100,38.47
2004-09-07,40.17,40.17,40.17,40.17,000,38.28
2004-09-03,40.33,40.33,40.17,40.17,200,38.28
2004-09-02,40.44,40.44,40.44,40.44,000,38.54
2004-09-01,40.44,40.44,40.44,40.44,100,38.54
2004-08-31,40.68,40.68,40.68,40.68,000,38.77
2004-08-30,40.98,40.98,40.64,40.68,8800,38.77
2004-08-27,41.11,41.12,41.11,41.12,3400,39.19
2004-08-26,40.95,40.99,40.95,40.98,900,39.06
2004-08-25,40.67,40.67,40.67,40.67,200,38.76
2004-08-24,41.17,41.17,41.05,41.05,1100,39.12
2004-08-23,41.02,41.02,40.98,40.98,1300,39.06
2004-08-20,40.49,40.72,40.49,40.72,300,38.81
2004-08-19,40.48,40.61,40.48,40.55,2900,38.65
2004-08-18,39.81,39.81,39.81,39.81,000,37.94
2004-08-17,39.83,39.85,39.78,39.81,14900,37.94
2004-08-16,39.39,39.57,39.29,39.50,1400,37.65
2004-08-13,38.82,38.82,38.82,38.82,300,37.00
2004-08-12,39.00,39.00,38.80,38.80,400,36.98
2004-08-11,39.65,39.65,39.50,39.50,500,37.65
2004-08-10,40.65,40.65,40.60,40.60,900,38.69
2004-08-09,40.26,40.30,40.12,40.30,2200,38.41
2004-08-06,40.26,40.26,40.26,40.26,24800,38.37
2004-08-05,41.53,41.53,41.53,41.53,600,39.58
2004-08-04,41.88,41.88,41.88,41.88,100,39.91
2004-08-03,42.68,42.68,42.46,42.46,500,40.47
2004-08-02,42.45,42.71,42.45,42.71,2200,40.71
2004-07-30,42.86,42.86,42.64,42.64,10100,40.64
2004-07-29,42.37,42.37,42.29,42.29,900,40.31
2004-07-28,41.26,41.35,41.26,41.35,200,39.41
2004-07-27,41.60,41.60,41.44,41.44,300,39.50
2004-07-26,41.76,41.76,41.26,41.35,2900,39.41
2004-07-23,41.56,41.56,41.56,41.56,300,39.61
2004-07-22,42.25,42.25,42.25,42.25,100,40.27
2004-07-21,43.22,43.22,42.37,42.43,3000,40.44
2004-07-20,42.44,42.62,42.44,42.62,700,40.62
2004-07-19,41.64,41.71,41.64,41.71,500,39.75
2004-07-16,41.98,42.00,41.98,41.99,300,40.02
2004-07-15,42.73,42.73,42.65,42.65,1200,40.65
2004-07-14,42.72,42.91,42.72,42.91,1500,40.90
2004-07-13,43.53,43.53,43.34,43.34,3400,41.31
2004-07-12,43.30,43.30,43.16,43.16,300,41.13
2004-07-09,43.83,43.83,43.83,43.83,500,41.77
2004-07-08,43.77,44.03,43.64,43.64,12100,41.59
2004-07-07,44.14,44.38,44.08,44.38,4800,42.30
2004-07-06,44.70,44.70,43.97,44.14,1700,42.07
2004-07-02,45.62,45.62,45.23,45.28,1100,43.15
2004-07-01,45.74,45.74,45.54,45.73,2900,43.58
2004-06-30,46.59,46.59,46.59,46.59,400,44.40
2004-06-29,45.93,45.93,45.93,45.93,000,43.77
2004-06-28,46.45,46.45,45.93,45.93,900,43.77
2004-06-25,46.41,46.41,46.23,46.23,1300,44.06
2004-06-24,46.50,46.52,46.50,46.52,200,44.34
2004-06-23,45.87,46.03,45.87,46.02,900,43.86
2004-06-22,45.17,45.51,45.17,45.51,600,43.37
2004-06-21,45.50,45.50,45.49,45.49,300,43.36
2004-06-18,45.10,45.10,45.10,45.10,100,42.98
2004-06-17,45.47,45.47,45.47,45.47,100,43.34
2004-06-16,45.89,45.89,45.89,45.89,400,43.74
2004-06-15,46.25,46.25,46.25,46.25,200,44.08
2004-06-14,45.62,45.62,45.33,45.33,700,43.20
2004-06-10,46.02,46.02,45.90,45.90,400,43.75
2004-06-09,45.87,45.87,45.87,45.87,200,43.72
2004-06-08,46.17,46.37,46.17,46.37,300,44.19
2004-06-07,45.65,46.26,45.65,46.26,4400,44.09
2004-06-04,45.59,45.59,45.59,45.59,900,43.45
2004-06-03,44.96,45.15,44.93,44.93,1300,42.82
2004-06-02,45.49,45.53,45.18,45.53,2200,43.39
2004-06-01,45.68,45.68,45.25,45.36,700,43.23
2004-05-28,45.41,45.67,45.41,45.67,1000,43.53
2004-05-27,45.41,45.41,45.41,45.41,300,43.28
2004-05-26,45.30,45.35,45.19,45.19,1700,43.07
2004-05-25,44.64,44.73,44.64,44.71,1300,42.61
2004-05-24,44.43,44.43,44.09,44.09,800,42.02
2004-05-21,43.65,43.65,43.65,43.65,000,41.60
2004-05-20,43.75,43.75,43.65,43.65,1100,41.60
2004-05-19,44.45,44.56,44.25,44.25,1400,42.17
2004-05-18,43.53,43.54,43.53,43.54,300,41.50
2004-05-17,43.04,43.04,42.77,42.86,1200,40.85
2004-05-14,44.35,44.35,44.35,44.35,000,42.27
2004-05-13,44.27,44.35,44.27,44.35,300,42.27
2004-05-12,43.60,43.63,43.37,43.37,2600,41.33
2004-05-11,44.16,44.60,44.16,44.56,13600,42.47
2004-05-10,43.55,43.88,43.55,43.88,1000,41.82
2004-05-07,44.38,44.38,44.05,44.05,600,41.98
2004-05-06,43.75,43.88,43.75,43.88,400,41.82
2004-05-05,43.72,43.72,43.72,43.72,000,41.67
2004-05-04,43.72,43.72,43.72,43.72,200,41.67
2004-05-03,43.65,44.18,43.65,43.70,3000,41.65
2004-04-30,44.18,44.18,43.53,43.53,400,41.49
2004-04-29,44.85,44.85,44.09,44.18,2100,42.11
2004-04-28,45.53,45.67,45.52,45.65,3800,43.51
2004-04-27,46.52,46.52,46.27,46.27,200,44.10
2004-04-26,47.02,47.02,46.40,46.40,500,44.22
2004-04-23,46.85,47.02,46.84,47.02,2800,44.81
2004-04-22,46.20,46.53,46.20,46.53,1000,44.35
2004-04-21,45.41,45.47,45.19,45.47,1000,43.34
2004-04-20,46.31,46.31,45.99,45.99,20600,43.83
2004-04-19,45.53,45.57,45.53,45.57,700,43.43
2004-04-16,45.61,45.82,45.35,45.82,3100,43.67
2004-04-15,46.72,46.72,46.14,46.14,4600,43.97
2004-04-14,46.75,46.84,46.75,46.84,200,44.64
2004-04-13,47.89,47.89,47.00,47.00,2700,44.79
2004-04-12,47.75,47.75,47.65,47.65,2900,45.41
2004-04-08,47.38,47.38,47.38,47.38,100,45.16
2004-04-07,47.29,47.37,47.00,47.19,21500,44.98
2004-04-06,47.75,47.75,47.75,47.75,100,45.51
2004-04-05,47.85,48.00,47.81,48.00,1800,45.75
2004-04-02,47.59,47.70,47.47,47.70,1000,45.46
2004-04-01,46.60,46.60,46.60,46.60,700,44.41
2004-03-31,46.13,46.13,46.03,46.03,4800,43.87
2004-03-30,46.17,46.17,46.17,46.17,000,44.00
2004-03-29,46.08,46.26,46.04,46.17,1800,44.00
2004-03-26,45.60,45.85,45.60,45.85,2100,43.70
2004-03-25,44.88,45.68,44.88,45.68,600,43.54
2004-03-24,44.38,44.38,44.38,44.38,500,42.30
2004-03-23,44.40,44.45,43.97,43.97,12000,41.91
2004-03-22,43.94,43.94,43.78,43.80,20600,41.74
2004-03-19,45.27,45.27,44.75,44.75,500,42.65
2004-03-18,45.18,45.41,45.10,45.41,400,43.28
2004-03-17,45.66,45.76,45.66,45.76,1800,43.61
2004-03-16,45.10,45.10,44.90,44.90,1200,42.79
2004-03-15,45.08,45.08,44.85,44.85,300,42.75
2004-03-12,45.45,45.67,45.45,45.67,8700,43.53
2004-03-11,45.37,45.37,44.82,44.82,4000,42.72
2004-03-10,46.05,46.05,45.31,45.31,4000,43.18
2004-03-09,45.98,46.24,45.59,46.01,80700,43.85
2004-03-08,47.65,47.65,47.25,47.36,2400,45.14
2004-03-05,47.35,47.85,47.23,47.65,62400,45.41
2004-03-04,47.53,47.53,47.53,47.53,100,45.30
2004-03-03,47.09,47.25,47.09,47.25,6500,45.03
2004-03-02,48.00,48.18,47.70,47.70,3000,45.46
2004-03-01,47.80,47.80,47.80,47.80,1000,45.56
2004-02-27,47.24,47.25,47.24,47.25,600,45.03
2004-02-26,47.20,47.20,47.20,47.20,100,44.98
2004-02-25,47.24,47.24,47.20,47.20,3000,44.98
2004-02-24,46.90,47.00,46.90,47.00,700,44.79
2004-02-23,48.00,48.00,46.73,46.73,1300,44.54
2004-02-20,48.10,48.10,47.47,47.74,2400,45.50
2004-02-19,48.69,48.69,48.69,48.69,000,46.40
2004-02-18,48.87,48.87,48.69,48.69,200,46.40
2004-02-17,48.64,48.94,48.64,48.94,500,46.64
2004-02-13,49.03,49.03,48.20,48.20,1800,45.94
2004-02-12,49.00,49.00,48.85,48.85,300,46.56
2004-02-11,48.62,49.16,48.62,49.05,176400,46.75
2004-02-10,48.82,48.82,48.65,48.65,200,46.37
2004-02-09,48.64,48.79,48.42,48.50,3200,46.22
2004-02-06,47.90,48.55,47.90,48.55,1000,46.27
2004-02-05,47.70,47.70,47.35,47.59,2600,45.36
2004-02-04,47.50,47.50,47.35,47.35,51000,45.13
2004-02-03,48.80,48.82,48.62,48.82,231100,46.53
2004-02-02,49.10,49.12,48.84,49.12,65400,46.81
2004-01-30,48.74,49.24,48.74,49.08,117600,46.78
