Date,Open,High,Low,Close,Volume,Adj Close
2012-05-04,8.70,8.84,8.62,8.76,103900,8.76
2012-05-03,8.78,8.90,8.70,8.76,48000,8.76
2012-05-02,8.93,9.03,8.67,8.80,44000,8.80
2012-05-01,9.01,9.18,8.95,8.99,52500,8.99
2012-04-30,9.08,9.16,8.98,8.99,43000,8.99
2012-04-27,9.10,9.16,8.89,9.11,59500,9.11
2012-04-26,9.00,9.15,9.00,9.10,105400,9.10
2012-04-25,9.12,9.55,8.96,9.00,131800,9.00
2012-04-24,8.86,9.01,8.86,8.94,22600,8.94
2012-04-23,8.86,9.20,8.82,8.88,60400,8.88
2012-04-20,8.89,9.15,8.89,9.02,64000,9.02
2012-04-19,8.89,8.91,8.72,8.79,31800,8.79
2012-04-18,9.02,9.11,8.85,8.91,63800,8.91
2012-04-17,8.99,9.20,8.99,9.09,42800,9.09
2012-04-16,8.78,8.99,8.78,8.92,16200,8.92
2012-04-13,9.04,9.09,8.72,8.74,42800,8.74
2012-04-12,9.16,9.21,9.07,9.09,48000,9.09
2012-04-11,9.12,9.18,9.00,9.18,61400,9.18
2012-04-10,9.02,9.04,8.87,9.01,64100,9.01
2012-04-09,9.02,9.29,8.94,9.01,116200,9.01
2012-04-05,9.06,9.25,9.04,9.21,78500,9.21
2012-04-04,9.17,9.18,9.01,9.11,104900,9.11
2012-04-03,9.29,9.31,9.20,9.29,102200,9.29
2012-04-02,9.09,9.32,9.03,9.32,68300,9.32
2012-03-30,9.02,9.14,9.01,9.09,53400,9.09
2012-03-29,8.97,9.10,8.91,9.02,38300,9.02
2012-03-28,9.01,9.06,8.94,9.04,17200,9.04
2012-03-27,9.14,9.16,9.02,9.04,76900,8.99
2012-03-26,8.81,9.15,8.79,9.14,125800,9.09
2012-03-23,8.43,8.77,8.43,8.76,63800,8.71
2012-03-22,8.30,8.46,8.26,8.45,53400,8.40
2012-03-21,8.36,8.49,8.33,8.39,41100,8.34
2012-03-20,8.30,8.44,8.30,8.36,38100,8.31
2012-03-19,8.35,8.46,8.34,8.39,32300,8.34
2012-03-16,8.44,8.44,8.29,8.41,90700,8.36
2012-03-15,8.30,8.45,8.25,8.44,54900,8.39
2012-03-14,8.24,8.37,8.09,8.29,65600,8.24
2012-03-13,8.11,8.29,7.98,8.24,78700,8.19
2012-03-12,8.10,8.11,7.94,8.09,36600,8.05
2012-03-09,8.07,8.34,8.05,8.13,46800,8.09
2012-03-08,8.05,8.09,7.82,8.07,41300,8.03
2012-03-07,7.95,8.00,7.86,7.99,19800,7.95
2012-03-06,8.06,8.10,7.76,7.95,90100,7.91
2012-03-05,8.26,8.26,8.10,8.11,18800,8.07
2012-03-02,8.17,8.32,8.04,8.30,115300,8.25
2012-03-01,8.21,8.36,8.08,8.14,81000,8.09
2012-02-29,8.43,8.44,8.17,8.18,62500,8.13
2012-02-28,8.38,8.50,8.27,8.40,95600,8.35
2012-02-27,8.22,8.43,8.19,8.39,72200,8.34
2012-02-24,8.10,8.29,8.10,8.25,140200,8.20
2012-02-23,8.08,8.19,8.07,8.12,67200,8.08
2012-02-22,8.05,8.10,8.02,8.08,21400,8.04
2012-02-21,8.10,8.15,8.08,8.09,63800,8.05
2012-02-17,8.08,8.15,8.06,8.07,31700,8.03
2012-02-16,7.95,8.14,7.95,8.06,53000,8.02
2012-02-15,8.19,8.21,7.95,7.96,58000,7.92
2012-02-14,8.20,8.31,8.12,8.17,31100,8.12
2012-02-13,8.41,8.41,8.23,8.27,68900,8.22
2012-02-10,8.23,8.39,8.23,8.33,26400,8.28
2012-02-09,8.50,8.50,8.28,8.33,26800,8.28
2012-02-08,8.38,8.53,8.36,8.48,43100,8.43
2012-02-07,8.33,8.40,8.31,8.37,19700,8.32
2012-02-06,8.33,8.37,8.30,8.35,12000,8.30
2012-02-03,8.30,8.43,8.30,8.41,55800,8.36
2012-02-02,8.23,8.30,8.20,8.24,41300,8.19
2012-02-01,8.09,8.27,8.06,8.24,90100,8.19
2012-01-31,8.09,8.09,7.91,8.02,25200,7.98
2012-01-30,8.05,8.10,8.03,8.03,25600,7.99
2012-01-27,8.10,8.13,8.00,8.09,42300,8.05
2012-01-26,8.11,8.14,8.06,8.09,39100,8.05
2012-01-25,7.87,8.08,7.87,8.06,120300,8.02
2012-01-24,7.74,7.95,7.67,7.90,94400,7.86
2012-01-23,7.89,7.89,7.69,7.79,17700,7.75
2012-01-20,7.77,7.93,7.77,7.88,34500,7.84
2012-01-19,7.65,7.81,7.57,7.76,70800,7.72
2012-01-18,7.51,7.65,7.46,7.64,68400,7.60
2012-01-17,7.50,7.59,7.44,7.52,62000,7.48
2012-01-13,7.39,7.51,7.35,7.46,65700,7.42
2012-01-12,7.41,7.52,7.31,7.50,79400,7.46
2012-01-11,7.40,7.50,7.39,7.39,67600,7.35
2012-01-10,7.50,7.52,7.32,7.42,72800,7.38
2012-01-09,7.47,7.61,7.34,7.41,147300,7.37
2012-01-06,7.44,7.56,7.39,7.42,92800,7.38
2012-01-05,7.46,7.53,7.44,7.47,78000,7.43
2012-01-04,7.52,7.59,7.45,7.49,44600,7.45
2012-01-03,7.78,7.87,7.46,7.56,66300,7.52
2011-12-30,7.53,7.68,7.42,7.65,58500,7.61
2011-12-29,7.52,7.67,7.50,7.57,47500,7.53
2011-12-28,7.53,7.65,7.36,7.51,79100,7.47
2011-12-27,7.43,7.63,7.41,7.61,102000,7.52
2011-12-23,7.34,7.51,7.30,7.46,80400,7.37
2011-12-22,7.27,7.47,7.23,7.28,98500,7.19
2011-12-21,7.35,7.39,6.98,7.23,79700,7.14
2011-12-20,7.12,7.43,7.12,7.38,85100,7.29
2011-12-19,7.21,7.35,7.04,7.05,60300,6.96
2011-12-16,7.10,7.17,7.00,7.16,162600,7.07
2011-12-15,7.18,7.18,7.03,7.07,41400,6.98
2011-12-14,6.79,7.18,6.79,7.10,82900,7.01
2011-12-13,7.08,7.35,6.80,6.84,116300,6.76
2011-12-12,7.09,7.10,6.94,7.03,45300,6.95
2011-12-09,7.28,7.39,6.97,7.21,109300,7.12
2011-12-08,7.06,7.37,6.98,7.30,137900,7.21
2011-12-07,7.10,7.23,6.99,7.16,45200,7.07
2011-12-06,7.02,7.31,7.02,7.14,119700,7.05
2011-12-05,7.00,7.05,6.93,7.05,130200,6.96
2011-12-02,6.97,7.03,6.92,7.00,61900,6.92
2011-12-01,6.88,6.96,6.66,6.85,116500,6.77
2011-11-30,7.00,7.11,6.73,6.85,670800,6.77
2011-11-29,6.51,6.53,6.39,6.52,103700,6.44
2011-11-28,6.61,6.69,6.33,6.50,91700,6.42
2011-11-25,6.39,6.60,6.39,6.41,37700,6.33
2011-11-23,6.15,6.50,6.13,6.40,116500,6.32
2011-11-22,6.24,6.26,6.17,6.18,64500,6.11
2011-11-21,6.19,6.27,6.16,6.25,95500,6.17
2011-11-18,6.03,6.31,5.97,6.30,106300,6.22
2011-11-17,6.38,6.40,6.00,6.04,83400,5.97
2011-11-16,6.80,6.80,6.40,6.40,133500,6.32
2011-11-15,6.70,6.95,6.70,6.90,29700,6.82
2011-11-14,6.85,6.92,6.66,6.70,52900,6.62
2011-11-11,7.02,7.04,6.96,6.99,50900,6.91
2011-11-10,7.01,7.04,6.85,7.03,41800,6.95
2011-11-09,7.00,7.09,6.88,6.91,69300,6.83
2011-11-08,7.02,7.21,6.89,7.18,54900,7.09
2011-11-07,7.02,7.05,6.81,6.97,60800,6.89
2011-11-04,7.14,7.23,6.96,7.00,19000,6.92
2011-11-03,7.24,7.25,6.98,7.20,61100,7.11
2011-11-02,6.89,7.24,6.89,7.18,36800,7.09
2011-11-01,6.94,7.10,6.81,6.83,74700,6.75
2011-10-31,7.14,7.49,7.11,7.18,73900,7.09
2011-10-28,7.37,7.49,7.19,7.24,86600,7.15
2011-10-27,7.02,7.48,6.78,7.39,123200,7.30
2011-10-26,6.75,6.84,6.59,6.77,179700,6.69
2011-10-25,6.86,6.90,6.59,6.61,48900,6.53
2011-10-24,6.68,7.00,6.60,6.92,92500,6.84
2011-10-21,6.71,6.71,6.43,6.65,69300,6.57
2011-10-20,6.67,6.67,6.52,6.58,85100,6.50
2011-10-19,6.86,6.89,6.63,6.66,51800,6.58
2011-10-18,6.83,6.95,6.69,6.88,59100,6.80
2011-10-17,6.92,6.94,6.76,6.76,146500,6.68
2011-10-14,7.10,7.10,6.95,7.00,54500,6.92
2011-10-13,7.29,7.29,6.89,7.02,169200,6.94
2011-10-12,7.23,7.41,7.16,7.34,58100,7.25
2011-10-11,7.37,7.51,7.15,7.20,75400,7.11
2011-10-10,7.23,7.49,7.12,7.47,83700,7.38
2011-10-07,7.47,7.47,7.05,7.10,48300,7.01
2011-10-06,7.50,7.50,7.31,7.49,109000,7.40
2011-10-05,7.70,7.70,7.37,7.55,75800,7.46
2011-10-04,6.81,7.99,6.79,7.72,209800,7.63
2011-10-03,7.13,7.23,6.82,6.86,177800,6.78
2011-09-30,7.18,7.23,6.87,7.20,122500,7.11
2011-09-29,6.88,7.28,6.74,7.27,116000,7.18
2011-09-28,6.81,6.84,6.72,6.72,21800,6.64
2011-09-27,6.99,7.01,6.77,6.88,53900,6.75
2011-09-26,6.82,6.87,6.63,6.86,39000,6.73
2011-09-23,6.65,6.79,6.59,6.77,133800,6.64
2011-09-22,6.41,6.67,6.33,6.62,80800,6.49
2011-09-21,6.78,6.81,6.53,6.54,68000,6.41
2011-09-20,6.68,6.85,6.60,6.75,100200,6.62
2011-09-19,6.91,6.91,6.50,6.63,82300,6.50
2011-09-16,7.10,7.21,6.95,7.00,97900,6.87
2011-09-15,7.09,7.13,7.01,7.07,51500,6.93
2011-09-14,6.80,7.14,6.65,7.07,110800,6.93
2011-09-13,6.66,6.82,6.53,6.81,90700,6.68
2011-09-12,6.40,6.61,6.40,6.60,203100,6.47
2011-09-09,6.34,6.52,6.29,6.50,183400,6.37
2011-09-08,6.27,6.55,6.27,6.38,126300,6.26
2011-09-07,6.14,6.33,6.01,6.31,91400,6.19
2011-09-06,5.83,6.07,5.83,6.01,80000,5.89
2011-09-02,5.97,6.17,5.97,6.01,107200,5.89
2011-09-01,6.32,6.36,6.05,6.10,119000,5.98
2011-08-31,6.49,6.49,6.30,6.31,134200,6.19
2011-08-30,6.48,6.54,6.31,6.48,94400,6.36
2011-08-29,6.01,6.61,5.95,6.51,127900,6.38
2011-08-26,5.64,5.98,5.60,5.93,61100,5.82
2011-08-25,5.85,5.85,5.62,5.68,57100,5.57
2011-08-24,5.86,6.05,5.79,5.81,92900,5.70
2011-08-23,5.53,5.86,5.53,5.85,82500,5.74
2011-08-22,5.57,5.68,5.48,5.52,194400,5.41
2011-08-19,5.55,5.86,5.48,5.49,152000,5.38
2011-08-18,5.60,5.77,5.55,5.58,168600,5.47
2011-08-17,5.50,5.62,5.42,5.51,321500,5.40
2011-08-16,5.68,5.68,5.46,5.50,334100,5.39
2011-08-15,5.74,5.85,5.67,5.73,84600,5.62
2011-08-12,5.64,5.97,5.60,5.67,154300,5.56
2011-08-11,5.44,5.82,5.28,5.53,177000,5.42
2011-08-10,5.71,5.89,5.30,5.36,125500,5.26
2011-08-09,6.15,6.15,5.14,5.84,267300,5.73
2011-08-08,6.44,6.44,5.73,5.73,243300,5.62
2011-08-05,7.97,8.00,6.40,6.54,402300,6.41
2011-08-04,9.11,9.25,8.61,8.63,94500,8.46
2011-08-03,9.31,9.46,9.09,9.17,89700,8.99
2011-08-02,9.01,9.40,9.01,9.30,71500,9.12
2011-08-01,9.22,9.29,9.01,9.04,57500,8.87
2011-07-29,9.22,9.57,9.05,9.09,97000,8.92
2011-07-28,9.35,9.53,9.20,9.30,67400,9.12
2011-07-27,9.51,9.70,9.28,9.31,63300,9.13
2011-07-26,9.77,9.81,9.57,9.57,42300,9.39
2011-07-25,9.99,10.00,9.71,9.74,45400,9.55
2011-07-22,10.28,10.28,10.04,10.12,37000,9.93
2011-07-21,9.90,10.35,9.90,10.29,37300,10.09
2011-07-20,10.04,10.04,9.82,9.88,24700,9.69
2011-07-19,10.02,10.13,9.85,10.06,58100,9.87
2011-07-18,10.13,10.13,9.78,9.93,74600,9.74
2011-07-15,10.15,10.34,10.11,10.13,44100,9.94
2011-07-14,10.20,10.22,10.09,10.10,25700,9.91
2011-07-13,9.86,11.11,9.84,10.21,96200,10.01
2011-07-12,9.80,9.92,9.71,9.73,91000,9.54
2011-07-11,9.92,9.95,9.75,9.80,60200,9.61
2011-07-08,9.93,10.10,9.93,10.01,37600,9.82
2011-07-07,10.02,10.15,9.91,10.06,83000,9.87
2011-07-06,10.01,10.01,9.88,9.95,84800,9.76
2011-07-05,9.93,10.07,9.79,10.06,70400,9.87
2011-07-01,9.93,10.25,9.91,9.95,63300,9.76
2011-06-30,9.70,9.95,9.70,9.90,43500,9.71
2011-06-29,9.84,9.84,9.69,9.71,26400,9.52
2011-06-28,9.73,9.89,9.65,9.83,63100,9.59
2011-06-27,9.50,9.88,9.50,9.72,63200,9.48
2011-06-24,9.47,9.68,9.35,9.51,323800,9.28
2011-06-23,9.34,9.53,9.19,9.46,59000,9.23
2011-06-22,9.50,9.60,9.43,9.43,50000,9.20
2011-06-21,9.50,9.58,9.41,9.56,52000,9.33
2011-06-20,9.37,9.74,9.36,9.43,41700,9.20
2011-06-17,9.60,9.63,9.37,9.40,132300,9.17
2011-06-16,9.48,9.68,9.43,9.54,53800,9.31
2011-06-15,9.33,9.56,9.33,9.50,76700,9.27
2011-06-14,9.42,9.54,9.32,9.41,74400,9.18
2011-06-13,9.47,9.60,9.32,9.33,59400,9.10
2011-06-10,9.61,9.63,9.36,9.44,59300,9.21
2011-06-09,9.63,9.80,9.60,9.64,27900,9.41
2011-06-08,9.60,9.70,9.60,9.61,35500,9.38
2011-06-07,9.75,9.79,9.66,9.66,48100,9.43
2011-06-06,9.71,9.82,9.67,9.69,51200,9.46
2011-06-03,9.72,9.81,9.68,9.72,56200,9.48
2011-06-02,10.01,10.01,9.85,9.86,43300,9.62
2011-06-01,10.07,10.19,10.01,10.01,102900,9.77
2011-05-31,9.99,10.13,9.98,10.13,175800,9.88
2011-05-27,9.90,9.91,9.80,9.90,35900,9.66
2011-05-26,9.85,9.90,9.74,9.86,38400,9.62
2011-05-25,9.53,9.90,9.53,9.87,62700,9.63
2011-05-24,9.67,10.11,9.57,9.58,110200,9.35
2011-05-23,9.70,9.78,9.56,9.66,50700,9.43
2011-05-20,9.92,9.94,9.81,9.85,51200,9.61
2011-05-19,9.89,10.06,9.75,9.98,64400,9.74
2011-05-18,9.70,9.84,9.65,9.83,41500,9.59
2011-05-17,9.68,9.78,9.62,9.67,81900,9.44
2011-05-16,9.84,9.93,9.71,9.74,66300,9.50
2011-05-13,10.20,10.20,9.71,9.92,80000,9.68
2011-05-12,9.96,10.20,9.93,10.19,37000,9.94
2011-05-11,10.05,10.07,9.98,10.03,57900,9.79
2011-05-10,9.94,10.14,9.94,10.10,65200,9.86
2011-05-09,9.83,9.95,9.81,9.91,33000,9.67
2011-05-06,9.98,10.03,9.72,9.86,95700,9.62
2011-05-05,9.81,10.13,9.79,9.86,83500,9.62
2011-05-04,10.07,10.07,9.84,9.84,68000,9.60
2011-05-03,9.98,10.08,9.95,10.05,63000,9.81
2011-05-02,10.23,10.23,9.95,10.00,98000,9.76
2011-04-29,10.16,10.28,10.10,10.22,107000,9.97
2011-04-28,9.97,10.33,9.97,10.14,54300,9.89
2011-04-27,9.50,10.32,9.50,10.01,148700,9.77
2011-04-26,10.22,10.36,10.12,10.19,123900,9.94
2011-04-25,10.34,10.36,10.07,10.21,35200,9.96
2011-04-21,10.30,10.40,10.16,10.39,31100,10.14
2011-04-20,10.29,10.33,10.19,10.28,40700,10.03
2011-04-19,10.16,10.24,9.99,10.17,82000,9.92
2011-04-18,10.09,10.11,10.01,10.10,42000,9.86
2011-04-15,9.99,10.23,9.96,10.21,166000,9.96
2011-04-14,9.86,10.08,9.79,9.98,25800,9.74
2011-04-13,9.97,10.01,9.86,9.90,83400,9.66
2011-04-12,9.94,10.02,9.90,9.91,83300,9.67
2011-04-11,10.00,10.04,9.92,10.01,141700,9.77
2011-04-08,10.23,10.25,9.92,10.02,42800,9.78
2011-04-07,10.26,10.29,10.20,10.20,44300,9.95
2011-04-06,10.38,10.38,10.22,10.28,52300,10.03
2011-04-05,10.22,10.33,10.22,10.30,41600,10.05
2011-04-04,10.25,10.29,10.22,10.26,71800,10.01
2011-04-01,10.25,10.26,10.18,10.26,49600,10.01
2011-03-31,10.29,10.29,10.21,10.25,78400,10.00
2011-03-30,10.15,10.33,10.09,10.31,52100,10.06
2011-03-29,10.08,10.21,10.07,10.18,23800,9.88
2011-03-28,10.24,10.25,10.10,10.11,25400,9.82
2011-03-25,10.11,10.29,9.99,10.19,34300,9.89
2011-03-24,10.24,10.24,10.04,10.10,31400,9.81
2011-03-23,10.11,10.20,9.97,10.17,32600,9.87
2011-03-22,9.89,10.15,9.89,10.13,19600,9.84
2011-03-21,9.96,10.04,9.78,9.93,63400,9.64
2011-03-18,10.06,10.06,9.76,9.80,209500,9.52
2011-03-17,9.91,9.98,9.77,9.94,71700,9.65
2011-03-16,9.84,9.90,9.72,9.75,110300,9.47
2011-03-15,9.93,10.04,9.76,9.85,127000,9.56
2011-03-14,9.85,10.20,9.81,10.14,42200,9.85
2011-03-11,9.94,10.03,9.85,9.93,47800,9.64
2011-03-10,10.11,10.18,9.96,10.00,59100,9.71
2011-03-09,10.20,10.36,10.14,10.22,22000,9.92
2011-03-08,9.99,10.23,9.94,10.20,60500,9.90
2011-03-07,10.05,10.07,9.77,9.98,109300,9.69
2011-03-04,10.01,10.03,9.83,10.00,136300,9.71
2011-03-03,9.97,10.11,9.92,10.05,95400,9.76
2011-03-02,10.02,10.02,9.47,9.89,317300,9.60
2011-03-01,10.55,10.55,10.08,10.14,52900,9.85
2011-02-28,10.47,10.54,10.26,10.53,62400,10.22
2011-02-25,10.30,10.46,10.13,10.43,42200,10.13
2011-02-24,9.99,10.29,9.97,10.26,60100,9.96
2011-02-23,10.04,10.21,9.95,9.97,50200,9.68
2011-02-22,10.16,10.24,10.02,10.03,48500,9.74
2011-02-18,10.23,10.41,10.21,10.28,35300,9.98
2011-02-17,10.22,10.30,10.03,10.22,30000,9.92
2011-02-16,10.10,10.26,10.10,10.25,18700,9.95
2011-02-15,10.37,10.40,10.01,10.07,48000,9.78
2011-02-14,10.43,10.49,10.23,10.39,23800,10.09
2011-02-11,10.06,10.41,10.06,10.41,25800,10.11
2011-02-10,10.14,10.26,10.01,10.12,40900,9.83
2011-02-09,10.20,10.29,10.13,10.22,22800,9.92
2011-02-08,9.93,10.28,9.83,10.28,43300,9.98
2011-02-07,9.94,10.02,9.87,9.96,35900,9.67
2011-02-04,9.96,10.08,9.80,10.00,32700,9.71
2011-02-03,9.93,10.10,9.91,9.96,62500,9.67
2011-02-02,9.91,9.98,9.76,9.97,43900,9.68
2011-02-01,9.80,9.98,9.75,9.95,39000,9.66
2011-01-31,9.72,9.98,9.60,9.71,71400,9.43
2011-01-28,9.94,9.97,9.61,9.67,112500,9.39
2011-01-27,9.92,10.02,9.77,9.97,61600,9.68
2011-01-26,10.00,10.21,9.85,9.91,115300,9.62
2011-01-25,9.74,10.00,9.74,9.99,52800,9.70
2011-01-24,9.62,9.94,9.57,9.80,56300,9.52
2011-01-21,9.60,9.63,9.50,9.60,78500,9.32
2011-01-20,9.52,9.76,9.49,9.56,95600,9.28
2011-01-19,9.77,9.80,9.55,9.56,69300,9.28
2011-01-18,9.77,9.92,9.73,9.81,61500,9.53
2011-01-14,9.71,9.91,9.63,9.83,55400,9.54
2011-01-13,9.69,9.70,9.57,9.70,62200,9.42
2011-01-12,9.60,9.71,9.49,9.70,154200,9.42
2011-01-11,9.47,9.72,9.41,9.52,201200,9.24
2011-01-10,9.36,9.46,9.32,9.40,30500,9.13
2011-01-07,9.45,9.57,9.30,9.41,72600,9.14
2011-01-06,9.33,9.42,9.28,9.41,166000,9.14
2011-01-05,9.21,9.43,9.21,9.34,62500,9.07
2011-01-04,9.29,9.34,9.13,9.25,218200,8.98
2011-01-03,9.27,9.38,9.22,9.25,87200,8.98
2010-12-31,9.24,9.31,9.20,9.22,63500,8.95
2010-12-30,9.32,9.42,9.24,9.24,38600,8.97
2010-12-29,9.25,9.36,9.22,9.35,20300,9.08
2010-12-28,9.22,9.28,9.05,9.26,50700,8.94
2010-12-27,9.05,9.25,9.01,9.21,70200,8.89
2010-12-23,9.35,9.42,9.09,9.09,42000,8.78
2010-12-22,9.25,9.50,9.22,9.37,157000,9.05
2010-12-21,9.17,9.33,9.14,9.25,113200,8.93
2010-12-20,9.11,9.18,9.02,9.11,119200,8.80
2010-12-17,9.03,9.14,9.02,9.10,142800,8.79
2010-12-16,9.06,9.16,8.82,9.02,203700,8.71
2010-12-15,9.42,9.46,9.05,9.06,97700,8.75
2010-12-14,9.39,9.45,9.31,9.42,85800,9.10
2010-12-13,9.40,9.45,9.26,9.33,111900,9.01
2010-12-10,9.14,9.48,9.08,9.38,63200,9.06
2010-12-09,9.12,9.27,9.02,9.10,136500,8.79
2010-12-08,9.09,9.09,8.93,9.06,101300,8.75
2010-12-07,8.95,9.17,8.88,9.04,98100,8.73
2010-12-06,8.62,8.94,8.55,8.85,112300,8.55
2010-12-03,8.96,8.96,8.48,8.66,239100,8.36
2010-12-02,9.00,9.00,8.88,9.00,38000,8.69
2010-12-01,8.95,9.05,8.92,9.04,108800,8.73
2010-11-30,8.61,8.81,8.52,8.79,97400,8.49
2010-11-29,8.77,8.77,8.48,8.71,38200,8.41
2010-11-26,8.85,8.98,8.83,8.85,9600,8.55
2010-11-24,8.57,8.94,8.57,8.94,37300,8.63
2010-11-23,8.57,8.67,8.41,8.48,55400,8.19
2010-11-22,8.93,8.93,8.57,8.67,40400,8.37
2010-11-19,8.73,9.02,8.64,8.96,57600,8.65
2010-11-18,8.99,8.99,8.61,8.71,102700,8.41
2010-11-17,8.62,8.93,8.62,8.88,43000,8.58
2010-11-16,8.78,8.79,8.50,8.57,64600,8.28
2010-11-15,8.83,9.10,8.82,8.85,44700,8.55
2010-11-12,8.71,8.88,8.68,8.78,56600,8.48
2010-11-11,8.89,9.08,8.79,8.80,79200,8.50
2010-11-10,8.89,9.09,8.89,9.00,112900,8.69
2010-11-09,9.05,9.05,8.79,8.84,78800,8.54
2010-11-08,9.31,9.33,8.94,9.00,105700,8.69
2010-11-05,9.39,9.45,9.27,9.34,64700,9.02
2010-11-04,9.37,9.40,9.29,9.40,147900,9.08
2010-11-03,8.96,9.25,8.94,9.22,143300,8.90
2010-11-02,8.53,8.94,8.50,8.93,114800,8.62
2010-11-01,8.40,8.47,8.26,8.44,111300,8.15
2010-10-29,8.31,8.41,8.25,8.37,83900,8.08
2010-10-28,8.58,8.58,8.31,8.36,88300,8.07
2010-10-27,8.20,8.59,8.20,8.50,194800,8.21
2010-10-26,7.80,8.03,7.70,8.01,90300,7.74
2010-10-25,7.90,8.03,7.84,7.86,101600,7.59
2010-10-22,7.84,7.91,7.73,7.83,37900,7.56
2010-10-21,8.02,8.15,7.67,7.83,88200,7.56
2010-10-20,7.94,8.03,7.81,7.96,58900,7.69
2010-10-19,8.10,8.18,7.78,7.88,93800,7.61
2010-10-18,8.00,8.24,7.93,8.22,87100,7.94
2010-10-15,8.09,8.09,7.91,7.96,84800,7.69
2010-10-14,7.86,8.07,7.86,8.01,68000,7.74
2010-10-13,7.95,8.03,7.78,7.91,114800,7.64
2010-10-12,7.66,7.92,7.62,7.92,59900,7.65
2010-10-11,7.75,7.75,7.66,7.70,49000,7.44
2010-10-08,7.62,7.79,7.48,7.73,75100,7.47
2010-10-07,7.91,7.92,7.64,7.64,70400,7.38
2010-10-06,7.87,7.95,7.77,7.91,103600,7.64
2010-10-05,7.90,7.95,7.75,7.88,183600,7.61
2010-10-04,7.98,8.00,7.70,7.81,155000,7.54
2010-10-01,8.15,8.15,8.02,8.03,100600,7.75
2010-09-30,8.10,8.14,7.98,8.06,106300,7.78
2010-09-29,7.91,8.07,7.78,8.03,113300,7.75
2010-09-28,7.93,7.97,7.70,7.96,86600,7.64
2010-09-27,8.02,8.02,7.84,7.88,116300,7.56
2010-09-24,7.99,8.02,7.86,8.02,71900,7.70
2010-09-23,7.74,7.95,7.69,7.86,119200,7.54
2010-09-22,7.91,7.91,7.68,7.83,143100,7.51
2010-09-21,8.08,8.10,7.93,7.96,81700,7.64
2010-09-20,7.96,8.20,7.93,8.12,102500,7.79
2010-09-17,8.03,8.06,7.83,7.92,167000,7.60
2010-09-16,7.97,8.02,7.85,7.97,74900,7.65
2010-09-15,8.15,8.15,7.94,8.01,185300,7.69
2010-09-14,7.94,8.23,7.93,8.20,108700,7.87
2010-09-13,7.91,8.01,7.77,7.98,124600,7.66
2010-09-10,7.88,7.96,7.73,7.80,129500,7.49
2010-09-09,7.83,8.01,7.80,7.88,159000,7.56
2010-09-08,7.49,7.81,7.49,7.71,140200,7.40
2010-09-07,7.70,7.72,7.50,7.52,126000,7.22
2010-09-03,7.61,7.70,7.50,7.70,114600,7.39
2010-09-02,7.32,7.57,7.30,7.55,118500,7.25
2010-09-01,7.18,7.37,7.11,7.37,171500,7.07
2010-08-31,7.02,7.13,6.94,7.05,207100,6.77
2010-08-30,7.16,7.16,6.92,7.01,102300,6.73
2010-08-27,6.64,7.18,6.64,7.17,194600,6.88
2010-08-26,6.67,6.76,6.53,6.54,110700,6.28
2010-08-25,6.68,6.70,6.57,6.70,147300,6.43
2010-08-24,6.69,6.85,6.64,6.71,164800,6.44
2010-08-23,7.10,7.10,6.78,6.79,119100,6.52
2010-08-20,7.07,7.09,6.95,7.04,117700,6.76
2010-08-19,7.30,7.32,7.07,7.09,98800,6.80
2010-08-18,7.31,7.36,7.22,7.29,181700,7.00
2010-08-17,7.51,7.51,7.27,7.30,115600,7.01
2010-08-16,7.34,7.44,7.24,7.42,189400,7.12
2010-08-13,7.52,7.53,7.35,7.39,137900,7.09
2010-08-12,7.33,7.63,7.29,7.57,141100,7.26
2010-08-11,7.73,7.73,7.34,7.35,179800,7.05
2010-08-10,7.89,7.91,7.75,7.77,111300,7.46
2010-08-09,8.01,8.01,7.93,7.94,85100,7.62
2010-08-06,7.95,8.01,7.82,7.98,171100,7.66
2010-08-05,8.07,8.08,7.96,7.96,112300,7.64
2010-08-04,8.16,8.18,8.01,8.12,128000,7.79
2010-08-03,8.21,8.37,8.09,8.11,192300,7.78
2010-08-02,8.37,8.46,8.15,8.22,255200,7.89
2010-07-30,8.22,8.38,8.18,8.19,228000,7.86
2010-07-29,8.31,8.36,8.04,8.32,397600,7.98
2010-07-28,9.05,9.21,8.30,8.58,1413000,8.23
2010-07-27,9.90,9.93,9.82,9.85,174000,9.45
2010-07-26,9.89,9.90,9.76,9.89,181300,9.49
2010-07-23,9.73,9.92,9.70,9.89,101300,9.49
2010-07-22,9.86,9.87,9.68,9.80,124900,9.40
2010-07-21,9.91,9.91,9.53,9.71,135200,9.32
2010-07-20,9.58,9.87,9.58,9.84,111300,9.44
2010-07-19,9.69,9.73,9.45,9.70,62700,9.31
2010-07-16,9.74,9.74,9.55,9.63,140500,9.24
2010-07-15,9.80,9.90,9.71,9.82,87800,9.42
2010-07-14,9.81,9.92,9.76,9.82,94300,9.42
2010-07-13,9.90,10.09,9.84,9.87,261200,9.47
2010-07-12,9.87,9.93,9.74,9.75,49700,9.36
2010-07-09,9.83,9.91,9.74,9.89,48200,9.49
2010-07-08,9.88,9.90,9.70,9.84,57000,9.44
2010-07-07,9.53,9.77,9.42,9.77,102300,9.38
2010-07-06,9.69,9.73,9.42,9.47,196500,9.09
2010-07-02,9.68,9.68,9.44,9.55,100400,9.16
2010-07-01,9.54,9.64,9.32,9.60,164600,9.21
2010-06-30,9.66,9.76,9.46,9.48,141400,9.10
2010-06-29,9.63,9.71,9.50,9.64,248000,9.25
2010-06-28,9.86,9.92,9.70,9.85,197300,9.40
2010-06-25,9.76,9.93,9.69,9.91,242800,9.46
2010-06-24,9.76,9.94,9.71,9.76,116100,9.32
2010-06-23,9.77,10.00,9.69,9.86,198100,9.41
2010-06-22,9.99,10.04,9.80,9.81,87700,9.37
2010-06-21,10.26,10.26,9.81,9.99,200500,9.54
2010-06-18,10.19,10.29,10.05,10.15,196000,9.69
2010-06-17,10.54,10.58,10.14,10.17,132800,9.71
2010-06-16,10.53,10.64,10.42,10.50,74000,10.03
2010-06-15,10.46,10.68,10.40,10.64,155000,10.16
2010-06-14,10.34,10.47,10.05,10.38,156500,9.91
2010-06-11,9.97,10.26,9.92,10.21,86100,9.75
2010-06-10,10.05,10.29,9.81,10.08,160800,9.62
2010-06-09,9.99,10.00,9.72,9.86,97800,9.41
2010-06-08,9.76,9.91,9.61,9.89,109100,9.44
2010-06-07,9.73,9.97,9.67,9.70,104600,9.26
2010-06-04,10.00,10.21,9.67,9.70,165400,9.26
2010-06-03,10.20,10.43,10.00,10.31,99900,9.84
2010-06-02,9.91,10.14,9.70,10.10,168000,9.64
2010-06-01,10.20,10.34,9.86,9.86,102100,9.41
2010-05-28,10.42,10.52,10.25,10.31,111200,9.84
2010-05-27,10.13,10.50,10.06,10.48,117100,10.01
2010-05-26,10.25,10.31,9.95,10.00,192200,9.55
2010-05-25,10.19,10.28,9.90,10.24,171700,9.78
2010-05-24,10.49,10.52,10.02,10.30,116000,9.83
2010-05-21,10.48,10.62,10.20,10.53,160100,10.05
2010-05-20,10.80,10.94,10.50,10.52,154700,10.04
2010-05-19,10.87,11.14,10.78,11.02,99300,10.52
2010-05-18,11.38,11.40,10.86,10.91,124400,10.42
2010-05-17,11.23,11.39,10.97,11.28,68200,10.77
2010-05-14,11.14,11.26,11.03,11.16,98200,10.66
2010-05-13,11.40,11.49,11.06,11.23,108700,10.72
2010-05-12,11.27,11.49,11.12,11.46,85000,10.94
2010-05-11,10.88,11.34,10.73,11.26,76900,10.75
2010-05-10,11.10,11.14,10.83,10.95,115100,10.45
2010-05-07,10.58,10.94,10.41,10.58,210700,10.10
2010-05-06,10.96,11.00,10.46,10.61,179300,10.13
2010-05-05,10.86,11.12,10.84,10.99,135400,10.49
2010-05-04,10.97,11.06,10.82,10.95,145600,10.45
2010-05-03,10.92,11.18,10.82,11.10,109300,10.60
2010-04-30,11.19,11.31,10.85,10.88,157900,10.39
2010-04-29,11.13,11.26,10.96,11.23,164500,10.72
2010-04-28,10.83,11.41,10.74,11.05,237500,10.55
2010-04-27,10.93,11.03,10.81,10.91,146800,10.42
2010-04-26,11.01,11.03,10.86,10.98,164600,10.48
2010-04-23,11.00,11.05,10.91,11.02,131100,10.52
2010-04-22,10.80,11.08,10.80,11.00,106000,10.50
2010-04-21,11.03,11.13,10.85,10.92,153100,10.43
2010-04-20,11.02,11.12,10.94,11.03,111700,10.53
2010-04-19,11.00,11.21,10.94,10.96,129800,10.46
2010-04-16,11.25,11.25,10.98,11.00,129700,10.50
2010-04-15,11.31,11.52,11.18,11.22,106500,10.71
2010-04-14,10.90,11.42,10.89,11.40,283200,10.88
2010-04-13,10.94,10.96,10.71,10.88,121500,10.39
2010-04-12,10.90,11.03,10.83,10.99,77100,10.49
2010-04-09,11.03,11.12,10.84,10.87,102500,10.38
2010-04-08,10.98,11.09,10.83,11.00,111800,10.50
2010-04-07,11.12,11.29,10.91,11.03,128600,10.53
2010-04-06,11.01,11.23,10.93,11.16,142200,10.66
2010-04-05,11.00,11.23,10.96,11.08,83300,10.58
2010-04-01,11.05,11.12,10.81,10.94,153200,10.45
2010-03-31,11.00,11.29,10.94,11.01,100200,10.51
2010-03-30,10.97,11.10,10.78,11.05,108800,10.55
2010-03-29,10.99,11.12,10.80,10.92,169900,10.43
2010-03-26,10.87,11.09,10.80,10.94,229100,10.45
2010-03-25,10.96,11.07,10.80,10.87,112900,10.38
2010-03-24,10.96,10.97,10.68,10.87,113000,10.38
2010-03-23,11.12,11.12,10.76,10.96,86800,10.46
2010-03-22,11.35,11.49,10.91,11.02,172100,10.52
2010-03-19,10.83,11.63,10.83,11.52,333800,11.00
2010-03-18,10.80,11.14,10.68,10.87,169600,10.33
2010-03-17,10.40,10.80,10.36,10.75,101900,10.22
2010-03-16,10.25,10.46,10.10,10.42,93100,9.90
2010-03-15,10.07,10.30,10.04,10.21,101900,9.70
2010-03-12,10.25,10.29,10.04,10.11,68000,9.61
2010-03-11,10.19,10.34,10.04,10.20,67900,9.69
2010-03-10,10.07,10.46,10.06,10.29,95300,9.78
2010-03-09,10.00,10.35,9.97,10.11,167700,9.61
2010-03-08,9.93,10.03,9.93,9.97,151100,9.48
2010-03-05,10.01,10.04,9.87,9.99,224000,9.49
2010-03-04,10.24,10.25,9.88,10.02,471400,9.52
2010-03-03,10.96,10.96,10.27,10.49,630300,9.97
2010-03-02,10.98,11.10,10.90,11.09,65800,10.54
2010-03-01,10.59,10.99,10.59,10.95,93200,10.41
2010-02-26,10.93,11.08,10.49,10.51,80500,9.99
2010-02-25,10.87,11.05,10.77,10.96,62900,10.42
2010-02-24,11.23,11.38,10.97,11.01,97600,10.46
2010-02-23,11.16,11.27,11.07,11.25,74400,10.69
2010-02-22,11.12,11.16,11.03,11.16,98900,10.61
2010-02-19,11.19,11.25,10.91,11.06,89500,10.51
2010-02-18,10.73,11.21,10.73,11.20,88500,10.64
2010-02-17,10.54,10.80,10.44,10.76,74400,10.23
2010-02-16,10.45,10.55,10.26,10.48,63300,9.96
2010-02-12,10.07,10.39,9.87,10.36,70300,9.85
2010-02-11,9.69,10.20,9.58,10.18,87300,9.68
2010-02-10,9.79,9.84,9.64,9.74,41000,9.26
2010-02-09,9.85,9.92,9.62,9.85,59000,9.36
2010-02-08,9.85,9.89,9.62,9.74,40500,9.26
2010-02-05,9.77,9.98,9.68,9.87,89200,9.38
2010-02-04,9.95,9.99,9.72,9.78,94200,9.29
2010-02-03,10.04,10.07,9.87,9.98,136300,9.49
2010-02-02,10.12,10.25,9.84,10.04,63500,9.54
2010-02-01,10.25,10.33,10.09,10.15,40700,9.65
2010-01-29,10.45,10.51,10.13,10.18,188200,9.68
2010-01-28,10.57,10.57,10.15,10.46,88700,9.94
2010-01-27,10.26,10.56,10.26,10.52,36500,10.00
2010-01-26,10.40,10.58,10.30,10.32,43800,9.81
2010-01-25,10.57,10.68,10.36,10.38,110500,9.87
2010-01-22,10.94,11.07,10.48,10.53,161100,10.01
2010-01-21,11.05,11.12,10.83,10.98,149800,10.44
2010-01-20,11.11,11.25,10.82,11.00,116000,10.45
2010-01-19,11.04,11.25,10.98,11.20,75500,10.64
2010-01-15,11.24,11.25,10.93,10.97,109700,10.43
2010-01-14,11.00,11.25,11.00,11.18,90400,10.63
2010-01-13,10.87,11.11,10.82,10.94,131500,10.40
2010-01-12,10.72,11.01,10.72,10.86,88500,10.32
2010-01-11,10.82,10.82,10.62,10.75,63000,10.22
2010-01-08,11.03,11.09,10.75,10.81,81800,10.27
2010-01-07,11.01,11.14,10.93,11.09,64600,10.54
2010-01-06,11.06,11.16,10.83,11.05,201000,10.50
2010-01-05,11.71,11.88,11.29,11.30,130400,10.74
2010-01-04,11.63,11.80,11.54,11.64,58600,11.06
2009-12-31,11.62,11.84,11.48,11.49,61700,10.92
2009-12-30,11.46,11.69,11.41,11.66,76200,11.08
2009-12-29,11.49,11.55,11.21,11.52,52300,10.95
2009-12-28,11.50,11.54,11.23,11.43,57800,10.86
2009-12-24,11.35,11.49,11.30,11.39,26100,10.83
2009-12-23,11.06,11.38,10.92,11.35,111100,10.79
2009-12-22,11.10,11.12,10.74,10.98,135800,10.44
2009-12-21,11.30,11.43,11.00,11.06,90700,10.51
2009-12-18,11.22,11.36,10.92,11.22,283700,10.66
2009-12-17,11.44,11.60,11.01,11.24,86500,10.68
2009-12-16,11.51,11.80,11.42,11.54,102400,10.97
2009-12-15,11.71,11.90,11.23,11.39,150900,10.83
2009-12-14,11.70,11.85,11.61,11.70,96900,11.12
2009-12-11,11.33,11.86,10.97,11.67,151000,11.09
2009-12-10,11.39,11.68,11.18,11.31,153700,10.75
2009-12-09,11.22,11.34,11.03,11.29,95100,10.73
2009-12-08,11.01,11.40,10.94,11.18,113300,10.63
2009-12-07,11.22,11.47,11.09,11.11,62200,10.56
2009-12-04,11.25,11.54,10.89,11.19,136800,10.63
2009-12-03,11.57,11.74,11.00,11.08,85700,10.53
2009-12-02,11.01,11.59,10.94,11.53,140800,10.96
2009-12-01,11.12,11.23,10.95,11.03,108100,10.48
2009-11-30,10.75,11.05,10.36,11.00,196700,10.45
2009-11-27,10.73,10.99,10.73,10.82,30000,10.28
2009-11-25,11.34,11.46,11.06,11.07,25300,10.52
2009-11-24,11.50,11.55,11.23,11.33,32700,10.77
2009-11-23,11.15,11.60,11.15,11.50,108200,10.93
2009-11-20,10.80,11.05,10.72,10.98,60800,10.44
2009-11-19,11.18,11.25,10.82,10.88,59700,10.34
2009-11-18,11.39,11.54,11.24,11.28,42000,10.72
2009-11-17,11.23,11.44,10.98,11.38,44000,10.82
2009-11-16,11.05,11.37,10.96,11.27,78400,10.71
2009-11-13,11.12,11.12,10.71,10.93,56100,10.39
2009-11-12,11.43,11.50,11.01,11.05,62100,10.50
2009-11-11,11.51,11.53,11.18,11.47,62600,10.90
2009-11-10,11.47,11.52,11.24,11.39,68500,10.83
2009-11-09,11.50,11.68,11.34,11.55,102900,10.98
2009-11-06,11.36,11.49,11.25,11.46,55300,10.89
2009-11-05,11.27,11.55,11.10,11.51,71100,10.94
2009-11-04,11.37,11.44,11.12,11.14,69200,10.59
2009-11-03,11.19,11.33,11.09,11.31,53600,10.75
2009-11-02,11.14,11.63,10.96,11.29,81800,10.73
2009-10-30,11.25,11.86,11.17,11.18,148600,10.63
2009-10-29,11.40,11.65,11.12,11.36,79600,10.80
2009-10-28,11.65,11.65,11.16,11.35,151100,10.79
2009-10-27,10.79,11.38,10.51,11.15,56600,10.60
2009-10-26,11.17,11.31,10.75,10.81,59700,10.27
2009-10-23,11.14,11.31,10.96,11.17,56200,10.62
2009-10-22,11.06,11.38,10.92,11.07,49900,10.52
2009-10-21,11.36,11.71,11.06,11.13,57100,10.58
2009-10-20,11.97,12.00,11.36,11.40,179000,10.83
2009-10-19,11.67,12.10,11.65,11.99,90100,11.40
2009-10-16,11.73,11.86,11.46,11.70,51800,11.12
2009-10-15,11.73,11.96,11.71,11.83,43200,11.24
2009-10-14,11.62,11.91,11.28,11.79,112000,11.21
2009-10-13,11.32,11.47,10.98,11.46,63500,10.89
2009-10-12,11.63,11.71,11.29,11.37,30400,10.81
2009-10-09,11.15,11.64,11.11,11.59,65900,11.02
2009-10-08,11.48,11.68,11.11,11.15,123600,10.60
2009-10-07,11.24,11.45,11.10,11.41,98500,10.84
2009-10-06,11.26,11.31,11.05,11.31,53200,10.75
2009-10-05,10.93,11.30,10.85,11.21,92900,10.65
2009-10-02,11.02,11.11,10.71,11.00,120800,10.45
2009-10-01,11.42,11.42,11.08,11.09,95400,10.54
2009-09-30,11.35,11.61,11.30,11.42,206800,10.85
2009-09-29,11.53,11.53,11.19,11.37,71300,10.81
2009-09-28,11.41,11.68,11.31,11.53,110000,10.96
2009-09-25,10.98,11.42,10.86,11.38,138900,10.82
2009-09-24,11.20,11.40,10.81,10.97,131700,10.43
2009-09-23,11.20,11.45,10.87,11.19,113200,10.63
2009-09-22,11.59,11.67,10.96,11.21,228200,10.65
2009-09-21,11.56,11.69,11.45,11.52,224600,10.95
2009-09-18,11.50,11.65,11.50,11.63,202400,11.05
2009-09-17,11.48,11.70,11.40,11.45,160200,10.88
2009-09-16,11.41,11.54,11.38,11.46,111900,10.89
2009-09-15,11.26,11.58,11.20,11.41,318500,10.84
2009-09-14,11.34,11.34,11.01,11.26,92700,10.70
2009-09-11,10.79,11.34,10.73,11.33,167300,10.77
2009-09-10,10.65,10.90,10.63,10.80,157800,10.26
2009-09-09,10.18,10.70,10.09,10.63,123700,10.10
2009-09-08,10.34,10.34,9.98,10.16,112500,9.66
2009-09-04,10.00,10.20,9.95,10.20,106000,9.69
2009-09-03,9.78,10.22,9.69,10.09,115200,9.59
2009-09-02,9.63,9.84,9.57,9.77,112000,9.29
2009-09-01,10.05,10.27,9.53,9.62,120200,9.14
2009-08-31,9.60,10.08,9.50,10.01,322300,9.51
2009-08-28,9.74,9.84,9.60,9.67,78200,9.19
2009-08-27,9.65,9.67,9.42,9.65,267500,9.17
2009-08-26,9.88,9.92,9.50,9.61,413400,9.13
2009-08-25,10.02,10.08,9.85,9.88,73300,9.39
2009-08-24,10.41,10.50,9.79,10.00,83200,9.50
2009-08-21,10.12,10.57,10.02,10.36,130300,9.85
2009-08-20,9.99,10.08,9.70,10.01,128100,9.51
2009-08-19,9.50,10.00,9.50,10.00,114900,9.50
2009-08-18,9.52,9.83,9.50,9.56,96200,9.09
2009-08-17,9.43,9.60,9.36,9.50,70500,9.03
2009-08-14,9.69,9.78,9.40,9.54,154200,9.07
2009-08-13,9.46,9.89,9.42,9.80,105600,9.31
2009-08-12,9.43,9.74,9.43,9.51,172100,9.04
2009-08-11,9.61,9.69,9.25,9.36,154100,8.90
2009-08-10,9.70,9.77,9.58,9.68,117000,9.20
2009-08-07,9.72,10.00,9.68,9.81,137300,9.32
2009-08-06,9.54,9.80,9.38,9.57,308900,9.10
2009-08-05,9.80,9.80,9.41,9.47,157800,9.00
2009-08-04,9.71,10.16,9.60,9.86,210800,9.37
2009-08-03,9.82,9.93,9.47,9.75,223400,9.27
2009-07-31,9.73,9.91,9.61,9.72,308300,9.24
2009-07-30,10.15,10.20,9.70,9.74,240900,9.26
2009-07-29,10.00,10.46,9.80,10.03,346800,9.53
2009-07-28,10.48,10.48,10.16,10.29,116100,9.78
2009-07-27,10.60,10.94,10.07,10.44,155500,9.92
2009-07-24,10.44,10.85,10.30,10.64,145400,10.11
2009-07-23,10.21,10.56,10.02,10.48,194000,9.96
2009-07-22,10.03,10.23,9.94,10.11,70500,9.61
2009-07-21,9.94,10.04,9.75,10.04,119400,9.54
2009-07-20,10.10,10.13,9.85,9.93,149900,9.44
2009-07-17,10.21,10.25,10.01,10.07,160000,9.57
2009-07-16,10.11,10.17,9.96,10.13,67300,9.63
2009-07-15,9.88,10.23,9.77,10.22,119500,9.71
2009-07-14,9.97,10.10,9.78,9.82,81800,9.33
2009-07-13,9.73,10.03,9.66,10.01,97200,9.51
2009-07-10,9.69,9.76,9.23,9.72,91200,9.24
2009-07-09,9.91,10.18,9.70,9.74,144000,9.26
2009-07-08,9.81,9.96,9.62,9.92,105300,9.43
2009-07-07,9.89,9.98,9.73,9.79,107000,9.30
2009-07-06,9.85,10.03,9.74,9.79,115000,9.30
2009-07-02,10.34,10.34,9.75,9.75,157000,9.27
2009-07-01,10.22,10.64,10.11,10.36,129400,9.85
2009-06-30,10.33,10.40,10.06,10.13,124800,9.63
2009-06-29,10.17,10.28,9.87,10.26,93400,9.75
2009-06-26,10.06,10.42,9.85,10.19,371500,9.68
2009-06-25,9.83,10.10,9.78,10.10,75700,9.60
2009-06-24,9.78,10.13,9.66,9.88,77300,9.39
2009-06-23,9.98,10.30,9.81,9.83,165800,9.34
2009-06-22,9.71,9.97,9.51,9.92,120100,9.43
2009-06-19,9.66,10.24,9.60,9.75,184100,9.27
2009-06-18,9.41,9.65,9.38,9.57,143800,9.10
2009-06-17,9.01,9.59,9.01,9.44,113600,8.97
2009-06-16,8.61,9.10,8.47,9.00,118700,8.55
2009-06-15,8.77,8.79,8.50,8.65,134900,8.22
2009-06-12,8.85,8.85,8.34,8.79,102900,8.35
2009-06-11,9.25,9.40,8.86,8.88,102500,8.44
2009-06-10,9.44,9.44,8.90,9.26,89900,8.80
2009-06-09,9.61,9.61,9.33,9.34,39600,8.88
2009-06-08,9.47,9.73,9.44,9.57,67100,9.10
2009-06-05,9.29,9.50,9.28,9.46,61500,8.99
2009-06-04,9.03,9.48,8.99,9.33,67500,8.87
2009-06-03,8.67,9.04,8.63,8.92,85400,8.48
2009-06-02,8.34,8.89,8.33,8.67,419500,8.24
2009-06-01,8.18,8.44,8.00,8.35,150900,7.94
2009-05-29,8.30,8.31,7.91,8.09,120600,7.69
2009-05-28,8.56,8.56,8.21,8.31,121400,7.90
2009-05-27,8.57,8.74,8.48,8.55,80200,8.13
2009-05-26,8.37,8.79,8.31,8.59,91900,8.16
2009-05-22,8.47,8.63,8.33,8.42,53900,8.00
2009-05-21,8.56,8.58,8.16,8.45,124100,8.03
2009-05-20,9.01,9.09,8.61,8.70,94800,8.27
2009-05-19,8.85,9.04,8.65,8.92,145400,8.48
2009-05-18,8.55,8.82,8.46,8.79,98700,8.35
2009-05-15,8.70,8.82,8.31,8.48,141100,8.06
2009-05-14,8.81,9.09,8.68,8.71,91300,8.28
2009-05-13,9.00,9.14,8.70,8.83,98700,8.39
2009-05-12,9.04,9.20,8.81,9.17,79400,8.72
2009-05-11,8.95,9.22,8.81,9.00,148500,8.55
2009-05-08,8.86,9.21,8.63,9.15,119200,8.70
2009-05-07,8.90,8.90,8.58,8.75,82300,8.32
2009-05-06,8.80,8.83,8.55,8.76,271800,8.33
2009-05-05,9.13,9.13,8.71,8.76,189800,8.33
2009-05-04,9.21,9.21,8.60,9.12,207700,8.67
2009-05-01,9.28,9.37,8.83,8.94,261400,8.50
2009-04-30,9.64,9.64,9.28,9.28,243200,8.82
2009-04-29,9.66,9.85,9.10,9.57,459000,9.10
2009-04-28,9.76,10.95,9.76,10.49,83900,9.97
2009-04-27,10.43,10.59,10.35,10.48,94900,9.96
2009-04-24,10.40,10.79,10.14,10.56,119800,10.04
2009-04-23,9.90,10.47,9.69,10.35,189600,9.84
2009-04-22,9.90,10.22,9.70,9.90,108000,9.41
2009-04-21,9.84,10.12,9.53,9.94,113400,9.45
2009-04-20,10.27,10.37,9.90,9.91,104000,9.42
2009-04-17,10.79,10.79,10.33,10.50,141300,9.98
2009-04-16,10.97,10.99,10.54,10.75,144800,10.22
2009-04-15,11.10,11.15,10.70,10.91,176400,10.37
2009-04-14,11.44,11.68,11.13,11.17,87900,10.62
2009-04-13,11.42,11.73,10.99,11.69,108100,11.11
2009-04-09,11.59,11.64,11.32,11.54,79700,10.97
2009-04-08,11.17,11.39,10.99,11.32,42600,10.76
2009-04-07,10.99,11.30,10.88,11.08,70000,10.53
2009-04-06,11.38,11.38,10.78,11.04,62600,10.49
2009-04-03,11.22,11.51,11.06,11.50,77900,10.93
2009-04-02,10.94,11.30,10.80,11.28,84300,10.72
2009-04-01,10.36,10.82,10.25,10.64,65900,10.11
2009-03-31,10.36,10.71,9.98,10.46,95700,9.94
2009-03-30,10.19,10.29,9.86,10.22,77400,9.71
2009-03-27,10.82,10.82,10.51,10.62,135100,10.09
2009-03-26,10.77,11.13,10.56,10.95,85100,10.41
2009-03-25,10.76,11.19,10.15,10.78,114200,10.25
2009-03-24,11.38,11.51,10.66,10.68,84500,10.15
2009-03-23,11.20,11.58,10.86,11.58,126900,11.01
2009-03-20,11.10,11.35,10.84,10.96,127700,10.42
2009-03-19,11.37,11.54,10.89,10.98,94700,10.44
2009-03-18,10.53,11.25,10.43,11.25,124900,10.69
2009-03-17,9.99,10.70,9.95,10.69,57800,10.16
2009-03-16,10.54,10.55,9.98,10.04,89600,9.54
2009-03-13,10.37,10.50,10.04,10.36,82400,9.85
2009-03-12,9.06,10.31,9.00,10.26,297900,9.75
2009-03-11,9.72,9.72,9.07,9.07,236400,8.62
2009-03-10,9.49,9.95,9.20,9.74,237400,9.26
2009-03-09,9.70,10.21,8.96,9.03,496300,8.58
2009-03-06,9.16,9.90,9.11,9.84,386600,9.35
2009-03-05,9.36,9.60,8.96,9.02,352700,8.57
2009-03-04,9.87,10.01,9.47,9.56,247200,9.09
2009-03-03,10.07,10.27,9.59,9.69,280900,9.21
2009-03-02,9.61,10.60,9.61,9.84,317400,9.35
2009-02-27,9.68,10.18,9.51,9.72,135500,9.24
2009-02-26,9.42,9.94,9.42,9.80,120600,9.31
2009-02-25,9.50,10.48,9.31,9.35,285800,8.89
2009-02-24,7.90,8.24,7.70,8.10,116200,7.70
2009-02-23,8.46,8.55,7.80,7.82,116300,7.43
2009-02-20,8.72,8.72,8.04,8.48,126500,8.06
2009-02-19,9.05,9.13,8.77,8.77,52800,8.34
2009-02-18,9.11,9.20,8.96,9.00,80000,8.55
2009-02-17,9.31,9.35,9.00,9.05,64300,8.60
2009-02-13,9.61,9.70,9.41,9.45,103900,8.98
2009-02-12,9.60,9.70,9.52,9.61,96400,9.13
2009-02-11,9.61,9.88,9.42,9.72,77600,9.24
2009-02-10,10.22,10.31,9.55,9.55,64100,9.08
2009-02-09,10.27,10.33,10.10,10.24,36900,9.73
2009-02-06,10.24,10.57,10.17,10.37,70000,9.86
2009-02-05,10.07,10.56,10.07,10.32,85900,9.81
2009-02-04,10.53,10.61,10.17,10.17,92400,9.67
2009-02-03,10.62,10.71,10.11,10.45,77400,9.93
2009-02-02,10.31,10.62,10.02,10.56,117100,10.04
2009-01-30,10.60,10.95,10.24,10.37,207900,9.86
2009-01-29,11.56,11.58,10.90,10.95,117600,10.41
2009-01-28,11.28,11.75,11.21,11.74,57700,11.16
2009-01-27,10.86,11.20,10.83,11.13,72700,10.58
2009-01-26,10.54,11.30,10.54,10.80,82400,10.26
2009-01-23,10.44,10.85,10.23,10.57,61300,10.05
2009-01-22,11.04,11.21,10.61,10.79,35300,10.25
2009-01-21,10.47,11.32,10.32,11.32,62800,10.76
2009-01-20,11.24,11.30,10.36,10.36,58700,9.85
2009-01-16,11.62,11.64,11.25,11.42,94700,10.85
2009-01-15,11.72,11.72,10.93,11.59,99700,11.02
2009-01-14,12.02,12.04,11.48,11.74,97700,11.16
2009-01-13,11.98,12.15,11.75,12.11,84700,11.51
2009-01-12,12.11,12.24,11.91,12.08,125100,11.48
2009-01-09,12.75,12.81,12.04,12.13,123700,11.53
2009-01-08,12.18,12.80,12.12,12.77,167000,12.14
2009-01-07,12.01,12.28,11.81,12.26,62500,11.65
2009-01-06,12.02,12.47,11.95,12.11,185100,11.51
2009-01-05,11.67,11.97,11.00,11.97,62900,11.38
2009-01-02,11.74,11.90,11.55,11.74,54100,11.16
2008-12-31,11.55,11.92,11.32,11.74,71200,11.16
2008-12-30,11.39,11.50,11.04,11.42,67000,10.85
2008-12-29,11.69,11.77,11.11,11.30,71500,10.74
2008-12-26,11.48,11.82,11.43,11.66,27100,11.08
2008-12-24,11.32,11.44,11.12,11.41,17600,10.84
2008-12-23,11.52,11.74,11.27,11.31,32900,10.75
2008-12-22,11.54,11.54,10.88,11.48,58700,10.91
2008-12-19,12.00,12.19,11.05,11.50,170500,10.93
2008-12-18,11.41,11.65,11.09,11.31,89800,10.75
2008-12-17,11.62,11.91,11.30,11.44,67500,10.87
2008-12-16,10.90,11.74,10.87,11.72,107700,11.14
2008-12-15,11.20,11.49,10.60,10.68,127400,10.15
2008-12-12,9.96,11.28,9.75,11.28,47900,10.72
2008-12-11,10.60,11.15,10.13,10.13,71800,9.63
2008-12-10,10.70,11.25,10.60,10.76,45600,10.23
2008-12-09,10.65,11.62,10.45,10.60,83600,10.07
2008-12-08,10.26,10.92,10.00,10.80,118200,10.26
2008-12-05,10.16,10.30,9.85,10.14,103900,9.64
2008-12-04,10.55,10.86,10.07,10.28,68000,9.77
2008-12-03,9.95,10.78,9.71,10.67,131000,10.14
2008-12-02,9.09,10.15,8.95,10.15,75200,9.65
2008-12-01,10.42,10.48,9.10,9.19,107100,8.73
2008-11-28,10.74,10.80,10.31,10.56,30900,10.04
2008-11-26,9.84,10.79,9.84,10.79,98700,10.25
2008-11-25,9.95,10.10,9.67,9.96,180300,9.47
2008-11-24,9.77,10.10,8.93,9.91,137200,9.42
2008-11-21,8.33,9.31,7.64,9.31,133200,8.85
2008-11-20,8.96,9.23,8.07,8.07,86100,7.67
2008-11-19,9.43,9.99,9.10,9.10,163100,8.65
2008-11-18,10.30,10.65,9.55,9.80,153000,9.31
2008-11-17,9.26,10.37,9.26,10.25,230000,9.74
2008-11-14,10.10,10.18,9.39,9.39,111400,8.92
2008-11-13,9.41,10.68,9.20,10.60,98000,10.07
2008-11-12,9.60,9.95,9.50,9.50,66700,9.03
2008-11-11,9.55,10.03,9.10,9.68,74700,9.20
2008-11-10,9.88,10.32,9.48,9.69,77300,9.21
2008-11-07,9.79,10.02,9.60,9.75,122900,9.27
2008-11-06,10.00,10.03,9.63,9.73,30400,9.25
