Date,Open,High,Low,Close,Volume,Adj Close
2012-05-04,15.37,15.39,15.24,15.30,63600,15.30
2012-05-03,15.50,15.50,15.15,15.29,48100,15.29
2012-05-02,15.28,15.44,15.27,15.43,17000,15.43
2012-05-01,15.35,15.39,15.25,15.28,17000,15.28
2012-04-30,15.53,15.54,15.32,15.38,18300,15.38
2012-04-27,15.44,15.45,15.21,15.41,17900,15.41
2012-04-26,15.20,15.37,15.20,15.37,8200,15.37
2012-04-25,15.16,15.21,15.05,15.21,19900,15.21
2012-04-24,15.30,15.30,15.02,15.03,33000,15.03
2012-04-23,15.47,15.47,15.20,15.29,31000,15.29
2012-04-20,15.63,15.63,15.45,15.46,15500,15.46
2012-04-19,15.55,15.66,15.38,15.44,28600,15.44
2012-04-18,15.52,15.58,15.37,15.48,16500,15.48
2012-04-17,15.58,15.67,15.49,15.57,23300,15.57
2012-04-16,15.74,15.74,15.20,15.20,43900,15.20
2012-04-13,15.59,15.59,15.34,15.50,50800,15.50
2012-04-12,15.21,15.70,15.18,15.64,62100,15.64
2012-04-11,15.08,15.21,15.08,15.12,31700,15.12
2012-04-10,15.11,15.13,14.75,14.78,35500,14.78
2012-04-09,15.00,15.16,14.88,15.10,18400,15.10
2012-04-05,15.01,15.12,15.00,15.05,19900,15.05
2012-04-04,15.22,15.22,14.98,15.00,35900,15.00
2012-04-03,15.49,15.49,15.20,15.24,34700,15.24
2012-04-02,15.33,15.50,15.27,15.44,49500,15.44
2012-03-30,15.40,15.49,15.30,15.39,17000,15.39
2012-03-29,15.22,15.31,15.11,15.31,22400,15.31
2012-03-28,15.32,15.34,15.10,15.19,23200,15.19
2012-03-27,15.37,15.47,15.16,15.35,43700,15.35
2012-03-26,15.40,15.40,15.15,15.25,58000,15.25
2012-03-23,15.39,15.39,15.22,15.31,18100,15.31
2012-03-22,15.24,15.36,15.22,15.32,47100,15.32
2012-03-21,15.23,15.28,15.04,15.14,36100,15.14
2012-03-20,14.93,14.93,14.70,14.92,28700,14.92
2012-03-19,15.08,15.11,14.85,15.06,65700,15.06
2012-03-16,14.83,15.16,14.83,15.16,24900,15.16
2012-03-15,14.87,14.87,14.74,14.81,35600,14.81
2012-03-14,15.05,15.05,14.73,14.84,19700,14.84
2012-03-13,15.16,15.26,15.08,15.26,18500,15.26
2012-03-12,15.38,15.38,15.05,15.13,9200,15.13
2012-03-09,15.20,15.21,15.09,15.18,4200,15.18
2012-03-08,15.12,15.25,15.01,15.23,17200,15.23
2012-03-07,14.98,15.04,14.85,14.99,16800,14.99
2012-03-06,15.01,15.01,14.80,14.85,19200,14.85
2012-03-05,15.52,15.52,15.13,15.15,23300,15.15
2012-03-02,15.32,15.62,15.32,15.51,43500,15.51
2012-03-01,15.24,15.35,15.07,15.35,14800,15.35
2012-02-29,15.47,15.47,15.16,15.24,11300,15.24
2012-02-28,15.12,15.58,15.12,15.49,36900,15.49
2012-02-27,14.91,15.04,14.83,15.04,3700,15.04
2012-02-24,14.98,15.00,14.91,14.97,24600,14.97
2012-02-23,14.78,14.87,14.60,14.87,19200,14.87
2012-02-22,14.85,14.85,14.64,14.68,15400,14.68
2012-02-21,14.87,15.05,14.73,14.90,19900,14.90
2012-02-17,15.02,15.02,14.82,14.91,23900,14.91
2012-02-16,14.97,15.14,14.77,15.08,27400,15.08
2012-02-15,15.13,15.17,14.86,14.97,53900,14.97
2012-02-14,15.30,15.30,15.06,15.20,40800,15.20
2012-02-13,15.43,16.00,15.01,16.00,103700,16.00
2012-02-10,14.80,15.08,14.75,14.96,82600,14.96
2012-02-09,15.30,15.30,14.86,14.94,34900,14.94
2012-02-08,15.06,15.12,14.86,15.05,20200,15.05
2012-02-07,14.89,14.95,14.65,14.90,54700,14.90
2012-02-06,15.25,15.25,14.84,14.95,142000,14.95
2012-02-03,15.50,15.50,15.15,15.22,223600,15.22
2012-02-02,15.08,15.08,14.50,14.89,176400,14.89
2012-02-01,14.69,14.69,14.45,14.59,125300,14.59
2012-01-31,14.70,14.70,14.25,14.25,58300,14.25
2012-01-30,14.43,14.46,14.10,14.28,33400,14.28
2012-01-27,13.50,14.28,13.50,14.20,16200,14.20
2012-01-26,13.56,13.56,13.50,13.50,400,13.50
2012-01-25,13.51,13.59,13.51,13.59,1300,13.59
2012-01-24,13.52,13.55,13.51,13.55,600,13.55
2012-01-23,13.74,13.74,13.63,13.63,300,13.63
2012-01-20,13.33,13.33,13.33,13.33,300,13.33
2012-01-19,13.34,13.34,13.34,13.34,000,13.34
2012-01-18,13.35,13.35,13.34,13.34,1700,13.34
2012-01-17,13.24,13.28,13.24,13.28,200,13.28
2012-01-13,13.01,13.16,13.01,13.08,1500,13.08
2012-01-12,13.05,13.06,13.05,13.06,500,13.06
2012-01-11,12.57,12.57,12.57,12.57,000,12.57
2012-01-10,12.57,12.57,12.57,12.57,000,12.57
2012-01-09,12.75,12.75,12.50,12.57,3700,12.57
2012-01-06,12.87,13.00,12.75,12.75,2200,12.75
2012-01-05,13.09,13.17,13.07,13.17,3100,13.17
2012-01-04,13.21,13.23,13.15,13.23,700,13.23
2012-01-03,13.34,13.43,13.28,13.29,6600,13.29
2011-12-30,13.08,13.23,13.08,13.10,300,13.10
2011-12-29,12.90,13.00,12.87,12.95,1900,12.95
2011-12-28,13.01,13.01,13.01,13.01,3000,13.01
2011-12-27,13.12,13.12,13.12,13.12,1000,13.12
2011-12-23,13.14,13.20,13.11,13.11,1200,13.11
2011-12-22,12.87,13.10,12.87,13.10,3900,13.10
2011-12-21,13.22,13.22,12.83,12.88,1900,12.88
2011-12-20,13.12,13.21,13.01,13.20,1600,13.20
2011-12-19,12.90,12.90,12.80,12.80,2100,12.80
2011-12-16,12.87,12.95,12.87,12.95,600,12.95
2011-12-15,13.06,13.06,13.06,13.06,200,13.06
2011-12-14,13.06,13.06,12.90,12.90,1800,12.90
2011-12-13,13.59,13.59,13.38,13.38,4000,13.38
2011-12-12,13.48,13.48,13.19,13.39,7700,13.39
2011-12-09,13.74,13.74,13.47,13.63,5000,13.63
2011-12-08,13.55,13.55,13.45,13.45,2500,13.45
2011-12-07,13.77,13.79,13.50,13.79,9100,13.79
2011-12-06,13.65,13.73,13.65,13.73,5700,13.73
2011-12-05,14.09,14.09,13.88,13.88,3800,13.88
2011-12-02,13.86,13.95,13.79,13.84,6800,13.84
2011-12-01,13.47,13.49,13.37,13.49,16100,13.49
2011-11-30,13.14,13.35,13.14,13.35,42900,13.35
2011-11-29,12.76,12.96,12.75,12.94,2800,12.94
2011-11-28,13.00,13.08,12.80,12.81,5300,12.81
2011-11-25,12.94,12.95,12.70,12.70,6300,12.70
2011-11-23,13.20,13.20,12.86,12.90,12800,12.90
2011-11-22,13.70,13.70,13.32,13.47,36200,13.47
2011-11-21,14.10,14.11,13.54,13.65,8300,13.65
2011-11-18,14.62,14.62,14.33,14.40,3600,14.40
2011-11-17,14.69,14.70,14.26,14.33,8800,14.33
2011-11-16,14.78,14.78,14.56,14.60,31300,14.60
2011-11-15,14.98,14.98,14.77,14.89,21400,14.89
