Date,Open,High,Low,Close,Volume,Adj Close
2012-05-04,83.13,83.22,83.12,83.14,271200,83.14
2012-05-03,83.07,83.24,83.05,83.16,403900,83.16
2012-05-02,83.00,83.16,82.99,83.06,639700,83.06
2012-05-01,83.22,83.22,82.97,83.00,837700,83.00
2012-04-30,83.28,83.28,83.10,83.17,359600,83.17
2012-04-27,83.18,83.18,83.10,83.10,577700,83.10
2012-04-26,83.08,83.17,83.08,83.17,421600,83.17
2012-04-25,83.23,83.23,83.09,83.11,257700,83.11
2012-04-24,83.03,83.13,83.03,83.12,117800,83.12
2012-04-23,83.01,83.13,82.97,83.04,233900,83.04
2012-04-20,83.05,83.36,83.00,83.05,319000,83.05
2012-04-19,82.93,83.01,82.91,82.96,527200,82.96
2012-04-18,82.94,83.06,82.89,82.92,428700,82.92
2012-04-17,83.20,83.24,83.06,83.06,658700,83.06
2012-04-16,83.06,83.24,83.06,83.20,118300,83.20
2012-04-13,83.08,83.20,83.08,83.17,447200,83.17
2012-04-12,83.06,83.17,83.06,83.07,244100,83.07
2012-04-11,83.16,83.17,82.90,83.06,485300,83.06
2012-04-10,82.95,82.97,82.83,82.83,435800,82.83
2012-04-09,82.87,82.98,82.87,82.89,392300,82.89
2012-04-05,82.86,83.04,82.86,82.97,318700,82.97
2012-04-04,82.86,82.95,82.85,82.89,415300,82.89
2012-04-03,82.81,82.99,82.81,82.94,360800,82.94
2012-04-02,82.78,83.00,82.78,82.87,586100,82.87
2012-03-30,83.18,83.20,82.80,82.80,632400,82.80
2012-03-29,83.01,83.19,82.98,83.10,279500,83.10
2012-03-28,82.85,83.24,82.85,83.18,364200,83.18
2012-03-27,83.16,83.35,82.84,82.84,810300,82.84
2012-03-26,83.57,83.58,82.93,83.40,1204900,83.40
2012-03-23,83.57,83.57,82.94,83.11,1284500,83.11
2012-03-22,83.41,83.93,83.26,83.40,688600,83.40
2012-03-21,84.07,84.22,83.29,83.33,1489400,83.33
2012-03-20,83.74,84.06,83.71,83.98,1488700,83.98
2012-03-19,84.28,84.54,83.74,83.74,4409400,83.74
2012-03-16,72.89,74.74,72.45,74.25,238200,74.25
2012-03-15,72.11,72.77,71.71,72.77,88300,72.77
2012-03-14,71.97,72.28,71.30,71.87,101100,71.87
2012-03-13,72.49,72.50,71.27,72.22,143200,72.22
2012-03-12,71.75,72.00,71.06,71.91,86000,71.91
2012-03-09,69.78,71.58,69.77,71.57,305600,71.57
2012-03-08,69.41,70.05,68.34,69.92,122200,69.92
2012-03-07,68.90,69.45,68.84,69.06,94500,69.06
2012-03-06,70.52,70.52,67.50,68.89,460800,68.89
2012-03-05,69.62,70.99,69.59,70.64,136800,70.64
2012-03-02,69.65,70.57,69.20,69.49,237600,69.49
2012-03-01,69.47,70.50,69.21,70.12,215000,70.12
2012-02-29,70.32,72.05,68.99,69.56,333800,69.56
2012-02-28,72.05,73.64,68.51,71.27,459400,71.27
2012-02-27,70.94,72.84,70.38,72.69,157000,72.69
2012-02-24,72.54,73.43,70.14,70.98,178000,70.98
2012-02-23,71.75,73.51,70.54,72.29,285500,72.29
2012-02-22,70.39,70.99,69.77,69.97,57500,69.97
2012-02-21,70.27,71.05,70.20,70.27,90200,70.27
2012-02-17,69.99,70.68,69.91,70.19,105500,70.19
2012-02-16,70.44,70.44,69.46,70.31,173600,70.31
2012-02-15,70.18,70.80,69.15,70.29,73400,70.29
2012-02-14,70.55,70.87,69.51,70.04,85800,70.04
2012-02-13,70.13,70.93,68.93,70.89,184100,70.89
2012-02-10,68.90,69.93,68.65,69.42,118900,69.42
2012-02-09,70.27,70.27,68.78,70.03,68700,70.03
2012-02-08,69.09,70.33,68.88,70.17,108000,70.17
2012-02-07,67.70,70.04,67.18,69.32,175300,69.32
2012-02-06,68.60,68.96,67.72,67.74,89200,67.74
2012-02-03,69.61,69.90,68.57,68.77,127500,68.77
2012-02-02,68.28,68.91,68.28,68.65,55300,68.65
2012-02-01,66.80,68.48,66.80,68.27,142700,68.27
2012-01-31,66.89,67.00,66.06,66.45,80600,66.45
2012-01-30,66.58,66.85,66.01,66.56,48000,66.56
2012-01-27,66.12,67.03,66.05,66.93,55100,66.93
2012-01-26,67.00,67.00,66.29,66.58,55200,66.58
2012-01-25,66.70,67.00,66.21,66.89,76100,66.89
2012-01-24,65.59,67.02,65.29,66.91,85200,66.91
2012-01-23,65.79,66.72,65.79,65.91,127300,65.91
2012-01-20,66.38,67.00,65.50,65.89,99700,65.89
2012-01-19,66.87,67.00,65.73,66.27,83300,66.27
2012-01-18,65.29,66.64,64.92,66.54,110600,66.54
2012-01-17,65.64,66.53,65.22,65.26,98600,65.26
2012-01-13,64.98,65.26,64.50,65.05,121600,65.05
2012-01-12,65.97,65.97,65.24,65.72,70200,65.72
2012-01-11,67.20,67.37,65.20,65.73,150400,65.73
2012-01-10,65.88,67.56,65.88,67.47,346200,67.47
2012-01-09,64.95,65.33,64.65,65.17,225700,65.17
2012-01-06,64.52,64.94,64.22,64.79,195000,64.79
2012-01-05,64.75,64.75,64.18,64.49,130400,64.49
2012-01-04,65.12,65.51,64.54,64.62,51200,64.62
2012-01-03,66.33,66.48,65.11,65.49,178400,65.49
2011-12-30,64.73,65.07,64.43,65.01,168800,65.01
2011-12-29,64.35,64.98,64.35,64.73,75600,64.73
2011-12-28,65.03,65.06,64.06,64.20,66200,64.20
2011-12-27,64.75,65.09,64.69,64.91,106500,64.91
2011-12-23,65.18,65.18,64.14,64.97,104100,64.97
2011-12-22,64.85,65.08,64.60,64.93,118300,64.93
2011-12-21,64.95,65.55,63.99,64.62,143600,64.62
2011-12-20,65.00,65.59,65.00,65.37,186400,65.37
2011-12-19,66.03,66.58,64.23,64.27,85200,64.27
2011-12-16,65.29,65.79,64.63,65.74,255400,65.74
2011-12-15,64.64,65.21,63.86,65.01,159900,65.01
2011-12-14,64.74,65.03,63.79,63.89,155200,63.89
2011-12-13,65.99,66.59,64.89,65.16,222600,65.16
2011-12-12,64.78,65.68,64.66,65.60,146000,65.60
2011-12-09,63.28,66.03,63.28,65.82,256000,65.82
2011-12-08,62.45,63.45,62.45,63.03,238600,63.03
2011-12-07,62.51,62.97,61.20,62.48,104500,62.48
2011-12-06,62.75,63.09,62.11,62.90,177300,62.90
2011-12-05,61.53,63.29,61.18,62.86,207500,62.86
2011-12-02,60.13,61.03,59.23,60.84,213600,60.84
2011-12-01,59.88,60.87,59.23,59.49,213000,59.49
2011-11-30,60.08,60.08,58.69,59.74,403700,59.74
2011-11-29,56.17,57.42,55.77,57.13,153800,57.13
2011-11-28,55.58,57.02,55.20,56.14,207400,56.14
2011-11-25,53.44,54.29,53.05,53.87,83000,53.87
2011-11-23,55.63,55.65,53.39,53.55,216400,53.55
2011-11-22,56.42,57.34,56.09,56.32,179900,56.32
2011-11-21,56.51,56.71,55.68,56.43,63400,56.43
2011-11-18,57.81,58.03,56.53,57.46,95800,57.46
2011-11-17,58.61,59.18,57.13,57.85,95800,57.85
2011-11-16,59.00,60.14,58.56,58.60,156200,58.60
2011-11-15,59.39,60.16,59.00,59.77,105400,59.77
2011-11-14,60.82,60.97,59.23,59.72,71000,59.72
2011-11-11,60.50,61.09,60.35,60.83,205300,60.83
2011-11-10,59.95,60.49,59.18,60.03,104300,60.03
2011-11-09,59.48,60.03,59.00,59.05,113300,59.05
2011-11-08,61.11,61.31,60.25,60.98,261400,60.98
2011-11-07,60.19,60.98,59.95,60.39,174000,60.39
2011-11-04,59.39,60.56,58.95,60.06,261300,60.06
2011-11-03,57.50,61.43,57.50,59.80,285500,59.80
2011-11-02,56.50,57.27,55.03,56.93,120200,56.93
2011-11-01,57.80,58.07,55.20,55.59,156500,55.59
2011-10-31,59.06,60.10,59.06,59.35,81900,59.35
2011-10-28,59.50,60.40,59.14,59.84,116900,59.84
2011-10-27,60.38,60.38,58.76,59.70,204800,59.70
2011-10-26,57.35,58.59,55.72,58.13,88800,58.13
2011-10-25,57.44,58.17,56.35,56.46,88800,56.46
2011-10-24,57.72,58.01,56.92,57.70,126100,57.70
2011-10-21,56.85,57.41,56.38,57.40,104200,57.40
2011-10-20,57.11,57.11,54.74,55.96,108300,55.96
2011-10-19,58.14,58.71,56.80,57.11,52300,57.11
2011-10-18,58.29,58.86,56.99,58.40,249900,58.40
2011-10-17,58.82,59.70,57.53,58.04,107900,58.04
2011-10-14,58.75,59.62,58.36,59.23,79700,59.23
2011-10-13,58.60,58.60,57.38,58.18,50700,58.18
2011-10-12,58.06,59.55,58.06,58.97,159900,58.97
2011-10-11,57.12,57.71,56.59,57.59,105100,57.59
2011-10-10,55.90,58.47,55.50,57.40,223100,57.40
2011-10-07,55.89,56.69,54.64,54.74,127300,54.74
2011-10-06,55.88,56.93,54.97,55.95,199000,55.95
2011-10-05,55.28,56.60,54.35,55.99,151900,55.99
2011-10-04,51.32,55.48,51.31,55.29,241900,55.29
2011-10-03,52.90,53.59,51.52,51.63,278000,51.63
2011-09-30,53.68,54.78,53.46,53.60,134700,53.60
2011-09-29,54.68,55.51,52.56,54.37,128400,54.37
2011-09-28,54.85,55.16,53.46,53.76,197300,53.76
2011-09-27,55.74,56.28,54.33,54.78,162000,54.78
2011-09-26,54.30,55.99,54.00,54.83,247600,54.83
2011-09-23,50.89,53.71,50.55,53.00,275000,53.00
2011-09-22,50.25,51.67,49.79,50.71,281500,50.71
2011-09-21,54.15,54.15,51.53,51.57,265900,51.57
2011-09-20,56.10,56.10,53.92,53.93,194900,53.93
2011-09-19,55.92,56.43,55.17,55.79,68700,55.79
2011-09-16,58.00,58.93,56.86,56.86,221500,56.86
2011-09-15,57.63,58.14,56.68,58.14,161900,58.14
2011-09-14,56.64,57.69,55.48,57.09,112800,57.09
2011-09-13,55.99,56.49,55.15,56.22,103200,56.22
2011-09-12,54.71,55.78,54.28,55.74,217700,55.74
2011-09-09,55.21,56.32,54.36,54.99,148300,54.99
2011-09-08,58.65,58.66,55.89,56.20,216900,56.20
2011-09-07,58.83,59.75,58.23,58.84,281300,58.84
2011-09-06,57.14,58.13,56.33,58.03,262200,58.03
2011-09-02,58.51,59.45,58.01,59.06,207500,59.06
2011-09-01,61.42,62.20,59.01,59.64,233400,59.64
2011-08-31,60.77,61.49,60.47,61.48,195700,61.48
2011-08-30,59.67,60.65,59.26,60.42,84800,60.42
2011-08-29,58.14,60.17,58.14,60.06,135900,60.06
2011-08-26,55.84,57.56,54.73,57.54,105400,57.54
2011-08-25,58.86,59.41,56.08,56.65,121900,56.65
2011-08-24,57.06,58.91,56.93,58.62,121400,58.62
2011-08-23,54.86,57.15,54.74,57.08,123800,57.08
2011-08-22,56.25,56.34,54.15,54.53,112800,54.53
2011-08-19,54.68,57.06,54.68,54.90,156200,54.90
2011-08-18,56.40,56.87,54.94,55.57,388100,55.57
2011-08-17,59.36,59.36,57.01,58.02,214200,58.02
2011-08-16,60.20,60.23,58.95,59.36,147400,59.36
2011-08-15,59.43,61.03,59.09,60.94,106200,60.94
2011-08-12,59.80,59.80,58.60,58.80,117500,58.80
2011-08-11,57.93,59.74,57.33,59.30,203700,59.30
2011-08-10,58.54,58.89,56.65,57.75,418900,57.75
2011-08-09,57.22,60.26,55.75,60.24,475100,60.24
2011-08-08,56.20,58.15,54.87,55.94,580400,55.94
2011-08-05,57.47,58.97,56.77,58.01,690900,58.01
2011-08-04,59.09,59.12,55.78,56.06,249200,56.06
2011-08-03,59.21,60.09,57.56,59.96,235600,59.96
2011-08-02,60.00,60.98,58.93,58.97,198600,58.97
2011-08-01,61.55,61.96,59.84,60.33,180800,60.33
2011-07-29,60.60,61.36,59.54,60.89,232800,60.89
2011-07-28,61.28,61.63,59.99,60.97,170400,60.97
2011-07-27,63.15,63.26,61.45,61.77,170700,61.77
2011-07-26,63.36,64.06,63.18,63.53,153000,63.53
2011-07-25,63.00,63.48,62.85,63.25,140300,63.25
2011-07-22,63.99,64.25,62.77,63.52,143800,63.52
2011-07-21,64.56,64.76,63.80,63.87,201900,63.87
2011-07-20,64.70,64.70,63.22,63.89,269800,63.89
2011-07-19,64.98,65.73,64.48,64.93,190600,64.93
2011-07-18,65.96,66.02,64.37,64.67,159100,64.67
2011-07-15,67.39,67.39,65.96,66.15,176300,66.15
2011-07-14,69.50,69.50,66.94,66.97,165700,66.97
2011-07-13,67.67,69.68,67.63,69.39,414700,69.39
2011-07-12,65.54,68.20,61.20,67.42,1151300,67.42
2011-07-11,67.83,67.99,63.15,65.45,823100,65.45
2011-07-08,67.76,68.65,66.83,68.53,269700,68.53
2011-07-07,70.31,70.31,68.55,68.60,348400,68.60
2011-07-06,69.99,70.25,69.72,69.91,136700,69.91
2011-07-05,70.08,70.70,69.54,69.86,188200,69.86
2011-07-01,70.68,71.10,69.56,70.00,272500,70.00
2011-06-30,69.36,71.36,69.08,70.46,303200,70.46
2011-06-29,69.78,70.00,68.69,69.09,198500,69.09
2011-06-28,70.00,70.04,69.27,69.40,173900,69.40
2011-06-27,69.70,70.40,69.00,69.89,190600,69.89
2011-06-24,70.27,70.47,69.20,69.70,234300,69.70
2011-06-23,69.91,70.99,69.57,70.31,280200,70.31
2011-06-22,70.30,70.95,69.90,70.48,159400,70.48
2011-06-21,70.91,71.54,70.58,70.79,170400,70.79
2011-06-20,70.12,70.36,69.48,70.32,161400,70.32
2011-06-17,71.74,71.93,70.01,70.48,164900,70.48
2011-06-16,71.50,71.99,70.24,71.36,328500,71.36
2011-06-15,73.01,73.19,70.87,71.59,450300,71.59
2011-06-14,73.50,73.73,72.50,73.23,140900,73.23
2011-06-13,73.78,74.17,71.59,72.69,194000,72.69
2011-06-10,72.76,74.04,72.76,73.37,150500,73.37
2011-06-09,74.00,75.22,73.03,73.06,401000,73.06
2011-06-08,73.19,73.64,72.49,73.25,216200,73.25
2011-06-07,72.90,76.51,72.70,73.58,1118700,73.58
2011-06-06,74.33,74.75,72.35,72.64,321800,72.64
2011-06-03,74.99,76.23,73.55,74.45,330300,74.45
2011-06-02,75.63,76.27,75.08,76.06,170600,76.06
2011-06-01,77.59,77.85,75.32,75.32,318500,75.32
2011-05-31,75.95,78.07,75.01,78.07,860000,78.07
2011-05-27,74.59,76.39,74.53,75.41,510900,75.41
2011-05-26,70.11,74.10,70.07,73.97,356700,73.97
2011-05-25,69.08,71.11,68.40,70.07,523200,70.07
2011-05-24,63.67,71.52,62.80,69.31,1382200,69.31
2011-05-23,63.29,63.82,63.04,63.41,113900,63.41
2011-05-20,63.88,64.66,63.50,64.28,84500,64.28
2011-05-19,64.58,64.97,64.00,64.16,84000,64.16
2011-05-18,64.35,64.62,63.88,64.15,95900,64.15
2011-05-17,63.56,64.86,63.21,64.33,139400,64.33
2011-05-16,63.84,64.55,63.55,63.76,122300,63.76
2011-05-13,65.50,65.50,63.54,64.32,134000,64.32
2011-05-12,63.95,65.79,63.90,65.54,107000,65.54
2011-05-11,64.81,64.81,63.99,64.35,87400,64.35
2011-05-10,64.57,65.22,64.46,64.88,100100,64.88
2011-05-09,63.29,64.50,62.65,64.24,139000,64.24
2011-05-06,66.16,66.47,63.32,63.50,282000,63.50
2011-05-05,66.89,66.89,65.47,65.74,377300,65.74
2011-05-04,66.89,68.23,66.67,68.00,206000,68.00
2011-05-03,66.85,67.86,66.41,66.90,126000,66.90
2011-05-02,66.67,68.30,66.59,66.85,93000,66.85
2011-04-29,66.71,66.88,66.21,66.75,65000,66.75
2011-04-28,66.38,66.66,65.97,66.50,80000,66.50
2011-04-27,66.14,66.37,65.15,66.33,54300,66.33
2011-04-26,65.80,66.75,65.80,66.06,79500,66.06
2011-04-25,65.89,66.00,65.23,65.85,29500,65.85
2011-04-21,66.29,66.59,65.32,65.83,37900,65.83
2011-04-20,64.83,65.94,64.12,65.85,97300,65.85
2011-04-19,64.85,65.85,63.85,64.12,121400,64.12
2011-04-18,65.06,65.06,64.07,64.41,61200,64.41
2011-04-15,65.48,66.52,64.68,65.83,80600,65.83
2011-04-14,64.66,65.62,64.01,65.53,57400,65.53
2011-04-13,65.50,65.50,64.50,64.99,84300,64.99
2011-04-12,65.99,66.45,64.52,65.00,57700,65.00
2011-04-11,65.48,67.88,65.48,66.15,265000,66.15
2011-04-08,66.08,66.08,65.00,65.65,79000,65.65
2011-04-07,66.81,66.81,65.58,65.67,42500,65.67
2011-04-06,66.58,67.25,66.28,66.77,38300,66.77
2011-04-05,66.79,67.25,65.94,66.42,43800,66.42
2011-04-04,66.22,67.00,66.03,66.90,50600,66.90
2011-04-01,64.99,66.21,64.82,66.10,87100,66.10
2011-03-31,65.72,65.72,64.62,64.86,82400,64.86
2011-03-30,64.75,65.81,64.75,65.80,56000,65.80
2011-03-29,63.88,64.80,63.72,64.53,50800,64.53
2011-03-28,64.21,64.44,63.37,64.06,78300,64.06
2011-03-25,63.88,64.64,63.45,63.96,57300,63.96
2011-03-24,63.44,63.67,62.59,63.63,37400,63.63
2011-03-23,62.84,63.36,62.30,63.07,61800,63.07
2011-03-22,62.72,63.57,62.51,63.04,49400,63.04
2011-03-21,62.25,63.10,61.59,62.69,59900,62.69
2011-03-18,60.76,61.63,60.55,61.01,119200,61.01
2011-03-17,60.99,61.44,59.53,60.33,188200,60.33
2011-03-16,60.09,61.46,59.54,59.62,195600,59.62
2011-03-15,60.04,60.83,59.50,60.24,127700,60.24
2011-03-14,61.38,62.75,60.84,61.21,99100,61.21
2011-03-11,61.27,62.14,60.90,61.88,116600,61.88
2011-03-10,62.48,62.69,60.71,61.23,159300,61.23
2011-03-09,63.71,63.95,63.06,63.15,286700,63.15
2011-03-08,63.40,64.50,62.64,63.96,104000,63.96
2011-03-07,63.71,64.12,61.81,62.96,180500,62.96
2011-03-04,64.01,64.28,63.00,63.39,120600,63.39
2011-03-03,63.74,64.42,63.52,63.89,180700,63.89
2011-03-02,62.45,63.26,61.61,63.19,208200,63.19
2011-03-01,64.80,64.83,62.31,62.42,270800,62.42
2011-02-28,66.74,66.74,63.85,64.89,186500,64.89
2011-02-25,62.69,67.00,62.69,66.54,301900,66.54
2011-02-24,59.45,62.17,59.45,61.81,134400,61.81
2011-02-23,60.42,60.86,59.45,59.47,65600,59.47
2011-02-22,61.77,61.77,60.50,60.57,68200,60.57
2011-02-18,63.00,63.26,62.16,62.36,60000,62.36
2011-02-17,63.38,63.41,62.51,62.94,48000,62.94
2011-02-16,63.85,64.33,63.36,63.51,97600,63.51
2011-02-15,63.28,64.06,63.10,63.63,85600,63.63
2011-02-14,64.58,64.58,63.27,63.28,43900,63.28
2011-02-11,64.00,64.46,63.71,64.42,41500,64.42
2011-02-10,62.70,64.29,62.19,64.07,76000,64.07
2011-02-09,62.37,63.03,62.08,62.77,65200,62.77
2011-02-08,62.20,62.98,61.63,62.74,45800,62.74
2011-02-07,61.94,62.83,61.44,62.18,40500,62.18
2011-02-04,62.39,62.88,61.44,61.62,61700,61.62
2011-02-03,62.50,62.55,61.42,62.48,89900,62.48
2011-02-02,60.58,62.52,60.58,62.39,124500,62.39
2011-02-01,59.80,61.14,59.42,60.93,80700,60.93
2011-01-31,59.12,59.63,59.05,59.56,101200,59.56
2011-01-28,59.68,60.69,59.03,59.19,152400,59.19
2011-01-27,61.32,61.32,59.12,59.58,88500,59.58
2011-01-26,59.50,61.29,59.28,61.17,80900,61.17
2011-01-25,59.84,59.84,58.69,59.25,70400,59.25
2011-01-24,59.87,60.10,59.58,59.72,45900,59.72
2011-01-21,60.57,61.00,59.53,59.77,85700,59.77
2011-01-20,61.21,61.42,59.90,60.41,58100,60.41
2011-01-19,63.17,63.40,61.25,61.45,83900,61.45
2011-01-18,63.18,63.78,62.23,63.39,92500,63.39
2011-01-14,63.82,64.74,63.10,63.48,106900,63.48
2011-01-13,60.60,64.23,60.60,63.65,163600,63.65
2011-01-12,60.54,60.70,59.93,60.59,57500,60.59
2011-01-11,60.34,60.71,59.84,60.04,41200,60.04
2011-01-10,60.42,60.50,59.87,60.00,113300,60.00
2011-01-07,61.13,61.13,59.23,60.20,63000,60.20
2011-01-06,62.00,62.37,60.51,60.96,77200,60.96
2011-01-05,60.94,62.14,60.85,62.08,103000,62.08
2011-01-04,60.51,61.43,60.51,60.83,196300,60.83
2011-01-03,58.83,60.30,58.83,60.13,129400,60.13
2010-12-31,57.64,58.60,57.40,58.46,87300,58.46
2010-12-30,57.58,57.96,57.44,57.64,41600,57.64
2010-12-29,56.99,57.60,56.99,57.38,90600,57.38
2010-12-28,57.46,57.80,56.75,57.01,45700,57.01
2010-12-27,57.78,57.86,57.35,57.47,48300,57.47
2010-12-23,57.92,58.21,57.46,57.76,60100,57.76
2010-12-22,57.97,58.14,57.47,58.07,111100,58.07
2010-12-21,57.25,57.99,57.12,57.82,78400,57.82
2010-12-20,56.64,57.23,56.33,56.82,84400,56.82
2010-12-17,56.64,56.84,56.40,56.64,159700,56.64
2010-12-16,56.00,56.81,55.82,56.61,104500,56.61
2010-12-15,55.76,56.36,55.46,55.92,104700,55.92
2010-12-14,55.93,55.96,55.36,55.75,74400,55.75
2010-12-13,56.84,57.16,55.60,55.64,112300,55.64
2010-12-10,57.21,57.43,56.64,56.93,97700,56.93
2010-12-09,57.50,57.95,56.89,57.22,99700,57.22
2010-12-08,57.25,57.51,57.03,57.31,167000,57.31
2010-12-07,58.00,58.00,56.77,57.12,133500,57.12
2010-12-06,57.15,57.90,57.14,57.75,119700,57.75
2010-12-03,56.49,57.26,55.99,57.25,162500,57.25
2010-12-02,54.33,57.22,54.33,56.57,203000,56.57
2010-12-01,59.33,60.00,59.19,59.66,268600,59.66
2010-11-30,59.07,59.07,57.55,58.70,189800,58.70
2010-11-29,61.09,61.46,58.38,59.56,210100,59.56
2010-11-26,61.27,61.95,61.21,61.30,66900,61.30
2010-11-24,62.41,63.09,60.95,61.40,194000,61.40
2010-11-23,61.25,62.06,60.69,62.00,177500,62.00
2010-11-22,60.41,60.85,59.62,60.53,83000,60.53
2010-11-19,61.92,61.92,60.65,60.75,80500,60.75
2010-11-18,62.08,62.14,61.73,61.87,77500,61.87
2010-11-17,60.52,61.46,60.34,61.35,88600,61.35
2010-11-16,61.47,61.47,59.94,60.64,164400,60.64
2010-11-15,62.47,62.47,61.44,61.60,46400,61.60
2010-11-12,62.91,63.15,61.28,62.03,277000,62.03
2010-11-11,62.72,63.30,62.72,63.06,76800,63.06
2010-11-10,63.15,63.80,62.81,63.40,118800,63.40
2010-11-09,62.75,63.47,62.75,63.06,168000,63.06
2010-11-08,62.63,63.15,61.91,62.54,151100,62.54
2010-11-05,59.95,63.23,59.87,62.69,437000,62.69
2010-11-04,59.42,60.04,59.23,59.56,450800,59.56
2010-11-03,58.25,58.46,58.00,58.44,190100,58.44
2010-11-02,57.99,58.30,57.59,58.15,166100,58.15
2010-11-01,57.29,57.98,56.76,57.59,304600,57.59
2010-10-29,56.22,57.15,55.96,56.89,96600,56.89
2010-10-28,56.06,56.41,55.30,56.00,43100,56.00
2010-10-27,55.79,55.89,54.53,55.61,110900,55.61
2010-10-26,54.85,55.90,54.76,55.72,40500,55.72
2010-10-25,54.65,55.86,54.62,55.27,83700,55.27
2010-10-22,54.26,54.64,53.81,54.27,49700,54.27
2010-10-21,55.07,55.48,53.90,54.14,75500,54.14
2010-10-20,54.50,55.03,54.29,54.74,108200,54.74
2010-10-19,54.00,54.73,53.75,54.32,128100,54.32
2010-10-18,54.50,55.15,54.27,54.79,108200,54.79
2010-10-15,53.51,54.84,53.51,54.45,229300,54.45
2010-10-14,52.65,53.64,52.64,53.23,96000,53.23
2010-10-13,52.46,52.97,52.32,52.77,129000,52.77
2010-10-12,52.42,52.48,51.95,52.34,122500,52.34
2010-10-11,53.42,53.63,52.60,52.66,78500,52.66
2010-10-08,53.05,53.70,52.85,53.40,208100,53.40
2010-10-07,52.50,53.08,52.50,52.90,70400,52.90
2010-10-06,52.64,52.79,52.00,52.28,134600,52.28
2010-10-05,53.02,53.33,52.83,53.05,438000,53.05
2010-10-04,52.48,52.98,52.33,52.79,101500,52.79
2010-10-01,52.25,52.64,51.89,52.64,79400,52.64
2010-09-30,52.50,52.55,51.40,52.09,114100,52.09
2010-09-29,52.10,52.41,51.92,52.09,84600,52.09
2010-09-28,52.87,52.87,52.17,52.22,115700,52.22
2010-09-27,53.14,53.29,51.95,52.62,151000,52.62
2010-09-24,52.88,53.10,52.24,53.10,88300,53.10
2010-09-23,51.75,52.85,51.64,52.17,74600,52.17
2010-09-22,51.71,52.56,51.71,52.25,142100,52.25
2010-09-21,52.61,52.85,51.33,51.77,133400,51.77
2010-09-20,52.07,52.59,52.07,52.57,171500,52.57
2010-09-17,51.66,52.30,51.15,52.06,153200,52.06
2010-09-16,52.20,52.65,50.94,51.33,56000,51.33
2010-09-15,51.96,52.49,51.56,52.42,64600,52.42
2010-09-14,52.54,52.54,51.91,52.09,54900,52.09
2010-09-13,52.08,52.74,51.85,52.45,183200,52.45
2010-09-10,52.24,52.64,51.19,51.35,190400,51.35
2010-09-09,52.43,52.56,51.62,51.96,57800,51.96
2010-09-08,51.80,52.33,51.51,52.08,79200,52.08
2010-09-07,52.99,52.99,51.49,51.55,69300,51.55
2010-09-03,53.68,54.00,52.69,53.07,119700,53.07
2010-09-02,53.85,53.85,53.06,53.23,83500,53.23
2010-09-01,52.02,54.14,52.02,54.01,141900,54.01
2010-08-31,51.20,51.87,50.92,51.62,122400,51.62
2010-08-30,51.00,51.77,51.00,51.14,138200,51.14
2010-08-27,50.81,51.47,49.93,51.21,61800,51.21
2010-08-26,49.47,50.80,49.47,50.51,127700,50.51
2010-08-25,49.33,49.55,48.19,49.40,57400,49.40
2010-08-24,48.50,49.66,48.43,49.42,75700,49.42
2010-08-23,51.40,51.49,49.05,49.14,105800,49.14
2010-08-20,50.95,51.15,49.77,51.02,148400,51.02
2010-08-19,51.88,52.03,51.15,51.35,107000,51.35
2010-08-18,51.65,52.63,51.24,52.17,101300,52.17
2010-08-17,50.94,51.82,50.87,51.66,165300,51.66
2010-08-16,49.09,50.76,49.02,50.73,214700,50.73
2010-08-13,50.16,50.38,49.49,49.50,106800,49.50
2010-08-12,50.80,51.00,50.19,50.41,149100,50.41
2010-08-11,52.21,52.21,51.16,51.45,151200,51.45
2010-08-10,52.95,53.61,52.54,53.02,134000,53.02
2010-08-09,54.21,54.88,53.57,53.80,118600,53.80
2010-08-06,52.06,54.29,51.80,53.70,332000,53.70
2010-08-05,53.93,53.93,52.33,52.46,205100,52.46
2010-08-04,53.12,54.20,52.99,54.09,81500,54.09
2010-08-03,54.13,54.16,52.88,52.93,100300,52.93
2010-08-02,53.88,55.24,53.69,54.13,202700,54.13
2010-07-30,51.86,53.30,51.62,53.20,158900,53.20
2010-07-29,52.87,53.22,52.40,52.51,117500,52.51
2010-07-28,52.52,52.75,52.01,52.42,111000,52.42
2010-07-27,53.12,53.39,52.23,52.51,121400,52.51
2010-07-26,51.50,53.17,51.45,52.70,239700,52.70
2010-07-23,49.44,51.26,49.43,51.15,260900,51.15
2010-07-22,49.43,49.84,48.71,49.74,463700,49.74
2010-07-21,48.62,49.30,48.45,49.11,240000,49.11
2010-07-20,47.25,48.32,46.64,48.26,123200,48.26
2010-07-19,47.96,48.16,47.11,47.89,105800,47.89
2010-07-16,48.26,48.32,47.57,48.00,213300,48.00
2010-07-15,49.06,49.06,47.70,48.59,83000,48.59
2010-07-14,48.72,49.06,48.47,48.89,83000,48.89
2010-07-13,48.92,49.12,48.65,48.95,469100,48.95
2010-07-12,49.52,49.83,48.27,48.33,94000,48.33
2010-07-09,48.11,49.74,47.99,49.42,139300,49.42
2010-07-08,48.00,48.22,47.12,47.93,84300,47.93
2010-07-07,46.67,47.98,46.67,47.92,86000,47.92
2010-07-06,47.99,48.51,46.44,46.75,127500,46.75
2010-07-02,46.84,48.10,46.51,47.68,193300,47.68
2010-07-01,47.22,47.30,45.88,46.68,273200,46.68
2010-06-30,47.16,47.76,46.78,47.18,219200,47.18
2010-06-29,48.27,48.44,47.00,47.30,396900,47.30
2010-06-28,49.36,49.96,48.61,48.77,293900,48.77
2010-06-25,48.01,49.41,47.50,49.29,892600,49.29
2010-06-24,48.64,49.13,47.79,47.99,156100,47.99
2010-06-23,48.23,49.06,47.80,48.80,128900,48.80
2010-06-22,48.44,49.40,48.33,48.42,138800,48.42
2010-06-21,48.14,48.31,47.48,48.20,164700,48.20
2010-06-18,47.50,47.77,47.00,47.51,226400,47.51
2010-06-17,47.50,47.72,46.97,47.56,107000,47.56
2010-06-16,46.62,47.46,46.62,47.34,113500,47.34
2010-06-15,46.68,47.48,46.25,47.02,1197200,47.02
2010-06-14,45.51,46.77,45.47,46.52,159300,46.52
2010-06-11,44.44,44.98,44.19,44.98,52100,44.98
2010-06-10,44.44,44.92,44.04,44.84,110600,44.84
2010-06-09,42.99,44.62,42.86,43.76,235900,43.76
2010-06-08,43.52,43.78,41.12,42.56,383000,42.56
2010-06-07,45.09,45.09,43.57,43.65,88800,43.65
2010-06-04,46.45,46.45,44.61,44.82,104000,44.82
2010-06-03,45.72,47.15,45.72,47.03,222200,47.03
2010-06-02,44.16,46.50,43.86,46.18,304300,46.18
2010-06-01,45.49,45.58,44.00,44.01,154700,44.01
2010-05-28,46.86,46.86,45.63,45.86,110800,45.86
2010-05-27,45.89,47.05,45.75,46.70,259400,46.70
2010-05-26,44.74,45.36,44.38,44.62,180700,44.62
2010-05-25,43.18,44.78,43.05,44.66,113000,44.66
2010-05-24,44.80,45.53,44.08,44.31,117600,44.31
2010-05-21,44.20,45.10,43.76,44.87,341400,44.87
2010-05-20,46.49,46.64,44.13,44.26,338200,44.26
2010-05-19,46.91,47.33,45.77,46.93,238700,46.93
2010-05-18,47.19,48.23,46.27,47.13,378900,47.13
2010-05-17,47.87,47.95,46.76,46.79,181600,46.79
2010-05-14,48.64,48.86,47.12,47.85,93100,47.85
2010-05-13,48.00,49.81,47.74,49.20,234400,49.20
2010-05-12,46.77,48.58,46.38,48.35,280100,48.35
2010-05-11,47.30,47.33,45.87,46.87,236300,46.87
2010-05-10,50.64,51.00,46.10,47.30,606700,47.30
2010-05-07,51.01,51.95,48.55,49.01,271200,49.01
2010-05-06,48.49,52.62,47.98,51.61,967400,51.61
2010-05-05,48.60,49.80,47.74,49.06,144100,49.06
2010-05-04,50.16,50.24,48.83,49.33,112100,49.33
2010-05-03,50.54,52.10,50.20,50.80,93500,50.80
2010-04-30,50.97,51.56,50.45,50.54,87900,50.54
2010-04-29,50.21,51.12,49.99,50.97,155600,50.97
2010-04-28,49.78,50.46,49.30,49.96,93300,49.96
2010-04-27,49.38,50.75,48.36,49.20,177100,49.20
2010-04-26,50.77,50.77,49.27,49.63,205800,49.63
2010-04-23,50.90,51.09,50.39,50.94,121200,50.94
2010-04-22,50.72,51.12,50.59,51.04,127100,51.04
2010-04-21,52.55,52.79,50.41,51.23,305000,51.23
2010-04-20,53.10,53.65,52.31,52.75,102500,52.75
2010-04-19,53.78,54.14,51.94,52.72,201500,52.72
2010-04-16,53.21,53.74,51.80,52.20,176800,52.20
2010-04-15,53.20,54.59,53.00,53.19,415100,53.19
2010-04-14,51.32,53.32,50.82,53.18,367500,53.18
2010-04-13,49.51,51.50,49.34,50.93,409700,50.93
2010-04-12,49.24,49.86,48.89,49.64,181100,49.64
2010-04-09,48.50,49.18,48.12,48.99,230200,48.99
2010-04-08,47.92,48.89,47.20,48.36,338300,48.36
2010-04-07,48.82,49.19,47.77,48.15,190700,48.15
2010-04-06,48.96,49.31,48.82,49.19,304500,49.19
2010-04-05,50.60,50.60,49.19,49.57,269900,49.57
2010-04-01,50.94,51.20,49.80,50.58,483200,50.58
2010-03-31,50.63,51.11,50.54,50.73,207600,50.73
2010-03-30,51.42,51.65,50.46,50.64,198600,50.64
2010-03-29,51.25,51.57,50.74,51.26,66300,51.26
2010-03-26,50.20,51.32,50.20,51.07,163900,51.07
2010-03-25,52.40,52.47,49.78,50.00,414500,50.00
2010-03-24,54.25,54.77,52.02,52.49,264800,52.49
2010-03-23,54.85,55.01,54.27,54.79,97300,54.79
2010-03-22,54.75,55.34,54.25,54.63,181800,54.63
2010-03-19,55.48,55.73,53.56,55.00,205300,55.00
2010-03-18,54.91,55.08,54.69,54.87,171100,54.87
2010-03-17,54.75,55.02,54.69,54.91,292000,54.91
2010-03-16,54.57,55.02,54.24,54.74,142500,54.74
2010-03-15,54.50,54.95,54.34,54.73,113500,54.73
2010-03-12,55.17,55.17,53.21,54.71,295100,54.71
2010-03-11,56.00,56.90,54.80,55.14,303300,55.14
2010-03-10,59.36,59.42,53.32,55.46,952400,55.46
2010-03-09,62.70,63.50,62.59,63.16,129500,63.16
2010-03-08,62.00,63.06,61.99,62.90,123100,62.90
2010-03-05,62.21,62.38,61.76,61.95,71700,61.95
2010-03-04,62.96,63.12,61.52,61.60,99600,61.60
2010-03-03,63.66,63.99,62.66,62.74,118200,62.74
2010-03-02,63.97,64.42,62.84,63.46,156800,63.46
2010-03-01,61.35,64.15,61.35,63.50,240100,63.50
2010-02-26,61.01,62.10,60.97,61.12,115000,61.12
2010-02-25,60.70,61.64,59.85,61.46,40900,61.46
2010-02-24,61.18,62.27,60.81,61.25,45000,61.25
2010-02-23,61.95,61.99,60.69,61.10,97900,61.10
2010-02-22,61.90,62.00,61.43,61.85,54300,61.85
2010-02-19,61.65,62.00,61.00,61.80,138600,61.80
2010-02-18,61.54,62.00,61.40,61.68,106700,61.68
2010-02-17,60.36,62.00,59.50,61.94,101600,61.94
2010-02-16,58.92,60.32,58.51,59.96,62600,59.96
2010-02-12,58.39,58.85,57.40,58.32,61100,58.32
2010-02-11,57.76,59.76,57.75,58.69,120100,58.69
2010-02-10,56.90,58.08,56.59,57.70,149700,57.70
2010-02-09,56.39,57.42,56.23,57.08,99800,57.08
2010-02-08,56.80,57.00,55.88,55.94,61000,55.94
2010-02-05,56.73,56.89,54.66,56.68,122300,56.68
2010-02-04,59.06,59.26,56.61,56.81,95800,56.81
2010-02-03,59.04,59.87,59.00,59.26,56800,59.26
2010-02-02,60.40,60.61,58.98,59.27,118200,59.27
2010-02-01,59.21,61.25,58.82,60.12,63300,60.12
2010-01-29,60.58,61.26,58.58,58.64,141200,58.64
2010-01-28,62.05,63.45,60.42,60.74,87000,60.74
2010-01-27,62.00,62.75,61.65,62.14,141500,62.14
2010-01-26,62.75,62.75,61.86,62.21,79100,62.21
2010-01-25,62.97,63.67,62.00,62.82,53500,62.82
2010-01-22,62.69,64.70,62.29,62.39,89800,62.39
2010-01-21,62.70,64.13,62.23,62.87,124600,62.87
2010-01-20,63.15,63.15,61.30,62.49,67800,62.49
2010-01-19,61.29,63.32,61.19,62.73,63400,62.73
2010-01-15,62.52,62.65,60.57,61.26,118000,61.26
2010-01-14,63.00,63.74,62.18,62.21,40300,62.21
2010-01-13,62.20,63.10,62.04,62.88,73200,62.88
2010-01-12,63.75,63.75,61.29,62.31,98100,62.31
2010-01-11,65.93,66.32,63.73,63.92,108800,63.92
2010-01-08,65.19,65.61,64.80,65.16,71300,65.16
2010-01-07,65.73,66.69,65.09,65.41,73200,65.41
2010-01-06,66.65,66.65,64.80,65.58,133600,65.58
2010-01-05,66.12,66.93,65.55,66.51,115600,66.51
2010-01-04,65.78,67.00,65.78,66.11,180200,66.11
2009-12-31,65.00,66.00,64.78,65.04,137200,65.04
2009-12-30,65.18,65.35,64.52,64.97,78300,64.97
2009-12-29,64.85,65.22,64.48,65.07,55600,65.07
2009-12-28,65.10,65.10,63.94,65.00,69900,65.00
2009-12-24,65.45,65.49,64.68,65.10,18900,65.10
2009-12-23,65.80,66.00,65.04,65.40,95400,65.40
2009-12-22,65.75,66.00,65.08,65.48,116700,65.48
2009-12-21,65.92,65.92,65.26,65.72,276600,65.72
2009-12-18,62.61,65.89,62.41,65.88,381800,65.88
2009-12-17,61.76,62.31,61.39,62.02,106700,62.02
2009-12-16,60.65,62.47,60.62,61.72,142800,61.72
2009-12-15,61.50,62.75,59.90,60.01,162700,60.01
2009-12-14,60.63,61.44,60.02,61.18,132100,61.18
2009-12-11,58.94,60.46,58.94,60.45,286500,60.45
2009-12-10,58.37,59.36,57.81,58.70,98100,58.70
2009-12-09,57.34,58.50,57.29,58.14,132100,58.14
2009-12-08,57.74,57.80,57.10,57.51,96700,57.51
2009-12-07,55.74,57.79,55.38,57.74,165600,57.74
2009-12-04,54.75,55.26,53.12,55.13,212600,55.13
2009-12-03,54.18,54.78,53.54,53.90,147700,53.90
2009-12-02,54.00,54.70,53.77,53.98,100100,53.98
2009-12-01,51.94,54.25,51.52,54.00,163000,54.00
2009-11-30,52.10,52.69,50.49,51.30,615000,51.30
2009-11-27,51.94,52.98,51.48,52.60,68200,52.60
2009-11-25,53.54,54.11,53.36,53.95,137600,53.95
2009-11-24,54.67,54.67,52.75,53.93,103000,53.93
2009-11-23,53.47,54.51,53.20,53.95,198400,53.95
2009-11-20,55.03,55.61,52.90,53.57,215100,53.57
2009-11-19,56.24,56.30,54.68,55.81,293400,55.81
2009-11-18,55.95,56.78,55.85,56.55,170500,56.55
2009-11-17,56.55,56.77,55.95,56.24,343600,56.24
2009-11-16,54.78,56.93,54.46,56.91,123400,56.91
2009-11-13,53.39,54.33,53.39,54.21,123400,54.21
2009-11-12,53.16,53.99,53.16,53.76,157600,53.76
2009-11-11,53.75,54.09,52.94,53.18,84700,53.18
2009-11-10,54.69,54.70,53.14,53.38,230000,53.38
2009-11-09,54.29,55.96,53.67,54.78,137700,54.78
2009-11-06,51.89,53.84,51.30,53.71,259400,53.71
2009-11-05,48.70,51.00,48.70,51.00,109200,51.00
2009-11-04,48.85,49.25,48.16,48.38,88700,48.38
2009-11-03,48.35,49.07,48.15,48.85,106500,48.85
2009-11-02,48.40,48.93,47.93,48.24,102000,48.24
2009-10-30,51.14,51.16,46.41,48.40,178900,48.40
2009-10-29,52.20,52.56,50.88,51.07,104700,51.07
2009-10-28,52.70,53.24,50.75,51.87,265300,51.87
2009-10-27,50.65,53.54,50.07,53.14,230600,53.14
2009-10-26,49.86,50.64,49.86,50.54,157400,50.54
2009-10-23,48.75,50.40,48.51,50.00,136900,50.00
2009-10-22,48.00,48.74,47.89,48.56,132500,48.56
2009-10-21,48.00,49.51,48.00,48.10,92700,48.10
2009-10-20,49.73,49.73,47.42,48.27,116800,48.27
2009-10-19,50.00,50.81,49.31,49.74,65800,49.74
2009-10-16,50.85,51.57,49.32,50.02,66200,50.02
2009-10-15,49.99,51.00,49.73,50.80,71700,50.80
2009-10-14,50.15,50.60,49.69,50.57,146500,50.57
2009-10-13,49.97,50.00,49.72,49.86,122800,49.86
2009-10-12,49.63,50.37,49.53,49.91,266100,49.91
2009-10-09,49.03,49.03,48.35,48.89,76000,48.89
2009-10-08,48.99,49.10,48.40,48.80,246200,48.80
2009-10-07,48.50,48.66,48.00,48.29,93800,48.29
2009-10-06,48.04,48.85,48.04,48.56,70800,48.56
2009-10-05,47.86,48.50,47.75,48.23,66000,48.23
2009-10-02,47.35,48.41,47.35,47.67,53100,47.67
2009-10-01,48.76,48.76,46.86,47.82,143200,47.82
2009-09-30,48.64,49.49,48.28,48.76,97700,48.76
2009-09-29,48.91,49.65,47.84,48.65,92200,48.65
2009-09-28,48.89,49.68,48.66,48.91,119500,48.91
2009-09-25,48.20,49.57,48.13,48.59,148300,48.59
2009-09-24,48.95,50.57,47.37,48.13,282600,48.13
2009-09-23,46.37,49.06,45.34,48.57,478700,48.57
2009-09-22,46.15,46.54,45.24,45.93,134300,45.93
2009-09-21,46.46,46.67,45.55,45.94,90400,45.94
2009-09-18,44.25,46.50,44.01,46.50,393800,46.50
2009-09-17,45.35,45.35,44.06,44.24,31200,44.24
2009-09-16,44.26,45.35,44.11,45.23,62700,45.23
2009-09-15,44.72,45.00,43.89,44.21,41700,44.21
2009-09-14,44.50,45.16,43.37,44.99,97100,44.99
2009-09-11,45.17,45.86,44.77,44.77,38200,44.77
2009-09-10,44.84,45.31,43.27,45.19,63700,45.19
2009-09-09,45.05,45.24,44.77,44.98,79700,44.98
2009-09-08,44.89,45.58,44.40,45.00,73500,45.00
2009-09-04,45.44,45.45,44.15,44.68,105100,44.68
2009-09-03,89.14,91.02,89.14,90.00,25100,45.00
2009-09-02,87.50,90.01,85.99,90.01,39800,45.01
2009-09-01,91.17,92.25,85.78,88.07,144000,44.03
2009-08-31,92.87,93.79,91.27,91.61,275600,45.81
2009-08-28,94.20,94.56,92.71,94.20,202400,47.10
2009-08-27,94.85,95.47,94.00,94.45,156600,47.22
2009-08-26,94.00,95.44,93.75,94.71,163600,47.35
2009-08-25,96.45,96.45,94.00,94.32,137400,47.16
2009-08-24,93.59,94.60,93.41,94.25,98400,47.12
2009-08-21,93.54,94.69,92.30,93.26,135600,46.63
2009-08-20,93.16,93.21,92.35,93.20,87600,46.60
2009-08-19,92.51,93.17,92.04,92.76,164000,46.38
2009-08-18,92.81,94.14,92.64,93.61,253200,46.81
2009-08-17,92.00,93.67,91.45,92.95,187600,46.47
2009-08-14,92.76,94.92,92.07,94.47,249400,47.24
2009-08-13,92.86,92.99,91.00,92.76,184200,46.38
2009-08-12,90.44,92.33,84.71,92.29,365600,46.15
2009-08-11,93.23,93.23,91.47,91.97,149000,45.99
2009-08-10,89.15,94.30,89.00,92.25,330800,46.12
2009-08-07,85.94,87.34,85.00,86.95,91600,43.47
2009-08-06,86.81,87.08,84.60,85.02,129600,42.51
2009-08-05,84.28,86.88,84.28,86.05,150400,43.03
2009-08-04,83.80,85.75,83.80,85.35,220000,42.67
2009-08-03,82.00,83.94,81.50,83.23,61000,41.62
2009-07-31,82.49,82.70,81.12,82.00,139200,41.00
2009-07-30,82.55,83.00,81.82,82.33,40800,41.17
2009-07-29,82.25,82.51,81.85,81.92,22400,40.96
2009-07-28,82.71,84.85,81.50,82.25,102200,41.12
2009-07-27,82.39,82.39,80.96,82.37,70200,41.19
2009-07-24,82.49,82.50,80.91,82.28,98600,41.14
2009-07-23,76.70,82.57,76.70,82.57,550200,41.28
2009-07-22,77.85,77.85,76.61,77.20,31600,38.60
2009-07-21,77.25,77.98,76.87,77.58,54800,38.79
2009-07-20,76.06,77.27,76.02,77.27,88800,38.63
2009-07-17,76.00,77.06,75.64,75.75,71200,37.88
2009-07-16,74.35,76.86,74.35,76.01,57400,38.01
2009-07-15,74.65,76.19,73.42,74.08,135400,37.04
2009-07-14,71.93,74.18,71.93,74.12,94400,37.06
2009-07-13,70.80,71.95,69.31,71.93,87800,35.97
2009-07-10,70.11,71.33,69.62,70.43,59600,35.22
2009-07-09,71.07,71.46,70.01,70.11,30600,35.06
2009-07-08,72.46,72.46,69.25,70.76,67000,35.38
2009-07-07,75.47,75.99,70.50,72.66,110200,36.33
2009-07-06,78.10,78.10,73.58,75.67,91600,37.83
2009-07-02,80.90,80.90,76.31,77.66,75400,38.83
2009-07-01,82.25,82.25,80.64,81.40,74000,40.70
2009-06-30,81.62,82.89,80.53,80.98,110000,40.49
2009-06-29,81.15,81.88,79.27,81.84,168000,40.92
2009-06-26,83.25,83.25,79.92,82.00,1538000,41.00
2009-06-25,79.84,82.89,78.41,82.50,292400,41.25
2009-06-24,78.15,79.96,76.50,79.86,139200,39.93
2009-06-23,76.86,78.24,75.62,76.47,108000,38.24
2009-06-22,80.83,81.92,76.82,76.86,113200,38.43
2009-06-19,77.00,82.50,76.99,80.43,474600,40.22
2009-06-18,75.64,76.62,75.64,76.54,65800,38.27
2009-06-17,75.25,77.00,74.80,76.98,65400,38.49
2009-06-16,78.50,78.88,76.15,77.12,43600,38.56
2009-06-15,80.75,80.75,76.80,78.50,34600,39.25
2009-06-12,76.14,79.80,74.64,79.80,129200,39.90
2009-06-11,82.00,83.17,77.37,77.90,62600,38.95
2009-06-10,82.75,83.00,80.00,80.64,92800,40.32
2009-06-09,80.00,82.45,80.00,82.45,202000,41.22
2009-06-08,75.95,80.00,75.93,79.50,197600,39.75
2009-06-05,73.00,75.96,71.75,75.96,175200,37.98
2009-06-04,71.95,74.00,71.00,72.00,175400,36.00
2009-06-03,71.50,72.50,71.00,71.00,85400,35.50
2009-06-02,71.95,72.75,71.00,72.00,134000,36.00
2009-06-01,72.50,73.00,71.27,72.65,138400,36.33
2009-05-29,71.96,72.50,69.62,72.00,151800,36.00
2009-05-28,69.13,72.00,69.13,71.97,194400,35.99
2009-05-27,64.02,70.21,64.02,70.10,494200,35.05
2009-05-26,62.50,65.95,62.50,64.50,270800,32.25
2009-05-22,60.01,63.00,56.85,62.50,71000,31.25
2009-05-21,58.00,61.00,58.00,60.50,393800,30.25
2009-05-20,58.03,59.00,57.00,58.43,116200,29.22
2009-05-19,58.50,58.50,56.50,57.75,90600,28.88
2009-05-18,56.00,58.50,55.00,57.87,44400,28.93
2009-05-15,56.00,59.00,55.49,57.11,16000,28.56
2009-05-14,56.00,59.00,56.00,58.75,55200,29.38
2009-05-13,61.50,61.50,54.60,58.50,56400,29.25
2009-05-12,59.00,64.97,59.00,61.00,239200,30.50
2009-05-11,57.25,58.00,55.50,58.00,30600,29.00
2009-05-08,57.00,57.00,56.95,56.95,31600,28.48
2009-05-07,57.00,57.00,56.25,56.30,6200,28.15
2009-05-06,58.00,58.00,53.00,57.00,226200,28.50
2009-05-05,48.50,54.00,48.50,54.00,106000,27.00
2009-05-04,48.00,49.00,48.00,48.50,62200,24.25
2009-05-01,49.00,49.00,49.00,49.00,12000,24.50
2009-04-30,49.00,49.00,48.50,48.50,8800,24.25
2009-04-29,49.00,49.00,49.00,49.00,15000,24.50
2009-04-28,49.00,49.00,49.00,49.00,000,24.50
2009-04-27,49.00,49.00,48.50,49.00,12000,24.50
2009-04-24,49.00,49.00,49.00,49.00,600,24.50
2009-04-23,49.00,49.00,48.00,49.00,3200,24.50
2009-04-22,49.00,49.00,49.00,49.00,000,24.50
2009-04-21,49.00,49.00,49.00,49.00,000,24.50
2009-04-20,49.00,49.00,49.00,49.00,10600,24.50
2009-04-17,49.00,49.00,47.25,48.60,51800,24.30
2009-04-16,49.00,49.00,49.00,49.00,18400,24.50
2009-04-15,48.00,48.00,48.00,48.00,1800,24.00
2009-04-14,49.00,49.00,48.00,48.00,2200,24.00
2009-04-13,49.00,49.00,48.75,48.90,14000,24.45
2009-04-09,49.00,49.00,48.50,48.50,1000,24.25
2009-04-08,49.00,49.00,47.00,47.50,18400,23.75
2009-04-07,47.00,47.00,47.00,47.00,1000,23.50
2009-04-06,48.00,48.00,46.75,46.75,89600,23.38
2009-04-03,46.00,47.00,46.00,47.00,141400,23.50
2009-04-02,46.00,47.00,46.00,47.00,43600,23.50
2009-04-01,45.00,45.00,44.00,44.00,400,22.00
2009-03-31,44.00,45.00,44.00,45.00,189800,22.50
2009-03-30,45.00,45.25,44.00,44.00,1400,22.00
2009-03-27,44.50,44.75,44.50,44.75,10800,22.38
2009-03-26,47.00,47.00,43.00,43.00,800,21.50
2009-03-25,45.00,45.00,45.00,45.00,200,22.50
2009-03-24,45.00,47.00,45.00,47.00,66000,23.50
2009-03-23,46.00,46.00,45.00,45.00,13800,22.50
2009-03-20,46.00,46.00,45.00,45.00,6200,22.50
2009-03-19,47.00,48.00,47.00,47.00,2800,23.50
2009-03-18,44.00,44.00,44.00,44.00,1200,22.00
2009-03-17,45.00,45.00,44.00,44.00,11200,22.00
2009-03-16,39.75,45.00,39.75,45.00,52400,22.50
2009-03-13,40.00,40.00,40.00,40.00,122400,20.00
2009-03-12,38.01,38.01,38.00,38.00,5000,19.00
2009-03-11,40.00,40.00,40.00,40.00,000,20.00
2009-03-10,37.05,40.00,37.05,40.00,40400,20.00
2009-03-09,36.00,36.00,36.00,36.00,000,18.00
2009-03-06,36.00,36.00,36.00,36.00,000,18.00
2009-03-05,36.00,36.00,36.00,36.00,400,18.00
2009-03-04,39.00,39.10,37.50,39.10,26400,19.55
2009-03-03,38.00,38.00,38.00,38.00,000,19.00
2009-03-02,38.00,38.00,38.00,38.00,200,19.00
2009-02-27,39.00,41.95,39.00,41.95,1600,20.98
2009-02-26,43.00,43.00,43.00,43.00,000,21.50
2009-02-25,39.00,45.00,39.00,43.00,600,21.50
2009-02-24,38.00,39.00,38.00,39.00,600,19.50
2009-02-23,45.00,45.00,45.00,45.00,000,22.50
2009-02-20,38.00,46.00,38.00,45.00,800,22.50
2009-02-19,47.00,47.00,47.00,47.00,200,23.50
2009-02-18,45.00,45.00,45.00,45.00,000,22.50
2009-02-17,45.00,45.00,45.00,45.00,000,22.50
2009-02-13,45.00,45.00,45.00,45.00,000,22.50
2009-02-12,45.00,45.00,45.00,45.00,000,22.50
2009-02-11,45.00,45.00,45.00,45.00,200,22.50
2009-02-10,44.00,44.00,44.00,44.00,2000,22.00
2009-02-09,40.00,44.00,39.90,44.00,12600,22.00
2009-02-06,36.00,39.90,36.00,39.90,1200,19.95
2009-02-05,35.00,35.00,35.00,35.00,136600,17.50
2009-02-04,34.75,34.75,34.75,34.75,000,17.38
2009-02-03,30.50,34.75,30.50,34.75,30400,17.38
2009-02-02,33.00,33.00,33.00,33.00,000,16.50
2009-01-30,31.00,33.00,31.00,33.00,8200,16.50
2009-01-29,33.00,33.00,33.00,33.00,000,16.50
2009-01-28,35.00,35.00,33.00,33.00,600,16.50
2009-01-27,34.00,34.00,34.00,34.00,000,17.00
2009-01-26,34.00,34.00,34.00,34.00,000,17.00
2009-01-23,34.00,34.00,34.00,34.00,000,17.00
2009-01-22,34.00,34.00,34.00,34.00,400,17.00
2009-01-21,30.00,30.00,30.00,30.00,000,15.00
2009-01-20,30.25,30.25,30.00,30.00,15000,15.00
2009-01-16,31.50,31.50,31.50,31.50,53000,15.75
2009-01-15,32.00,32.00,32.00,32.00,000,16.00
2009-01-14,30.30,32.00,30.25,32.00,16400,16.00
2009-01-13,30.25,30.25,30.25,30.25,000,15.12
2009-01-12,30.26,30.26,30.25,30.25,8000,15.12
2009-01-09,30.00,30.00,30.00,30.00,000,15.00
2009-01-08,30.00,30.00,30.00,30.00,40000,15.00
2009-01-07,30.25,30.25,30.25,30.25,2000,15.12
2009-01-06,30.00,30.00,30.00,30.00,12200,15.00
2009-01-05,29.00,29.00,29.00,29.00,800,14.50
2009-01-02,29.00,29.00,29.00,29.00,000,14.50
2008-12-31,30.00,30.00,28.99,29.00,4600,14.50
2008-12-30,29.00,29.00,29.00,29.00,000,14.50
2008-12-29,30.00,30.00,29.00,29.00,130400,14.50
2008-12-26,30.00,30.00,30.00,30.00,000,15.00
2008-12-24,30.00,30.00,30.00,30.00,000,15.00
2008-12-23,21.00,30.00,21.00,30.00,400,15.00
2008-12-22,30.00,30.00,30.00,30.00,000,15.00
2008-12-19,30.00,30.00,30.00,30.00,000,15.00
2008-12-18,30.00,30.00,30.00,30.00,000,15.00
2008-12-17,30.00,30.00,30.00,30.00,000,15.00
2008-12-16,30.00,30.00,30.00,30.00,000,15.00
2008-12-15,30.00,30.00,30.00,30.00,000,15.00
2008-12-12,30.00,30.00,30.00,30.00,000,15.00
2008-12-11,30.00,30.00,30.00,30.00,000,15.00
2008-12-10,30.00,30.00,30.00,30.00,000,15.00
2008-12-09,30.00,30.00,30.00,30.00,000,15.00
2008-12-08,30.00,30.00,30.00,30.00,000,15.00
2008-12-05,30.00,30.00,30.00,30.00,000,15.00
2008-12-04,30.00,30.00,30.00,30.00,000,15.00
2008-12-03,32.00,32.00,30.00,30.00,800,15.00
2008-12-02,36.50,36.50,36.50,36.50,000,18.25
2008-12-01,36.50,36.50,36.50,36.50,000,18.25
2008-11-28,36.50,36.50,36.50,36.50,000,18.25
2008-11-26,36.50,36.50,36.50,36.50,000,18.25
2008-11-25,36.50,36.50,36.50,36.50,400,18.25
2008-11-24,38.50,38.50,38.50,38.50,600,19.25
2008-11-21,32.00,32.00,32.00,32.00,000,16.00
2008-11-20,32.00,32.00,32.00,32.00,000,16.00
2008-11-19,32.00,32.00,32.00,32.00,000,16.00
2008-11-18,32.00,32.00,32.00,32.00,000,16.00
2008-11-17,32.00,32.00,32.00,32.00,000,16.00
2008-11-14,32.00,32.00,32.00,32.00,000,16.00
2008-11-13,32.00,32.00,32.00,32.00,000,16.00
2008-11-12,34.00,35.00,32.00,32.00,2200,16.00
2008-11-11,40.00,40.00,40.00,40.00,000,20.00
2008-11-10,40.00,40.00,40.00,40.00,000,20.00
2008-11-07,40.00,40.00,40.00,40.00,000,20.00
2008-11-06,40.00,40.00,40.00,40.00,000,20.00
2008-11-05,38.00,40.00,36.00,40.00,36800,20.00
2008-11-04,40.00,40.00,40.00,40.00,000,20.00
2008-11-03,40.00,40.00,40.00,40.00,000,20.00
2008-10-31,40.00,43.00,38.00,40.00,17000,20.00
2008-10-30,38.00,38.00,38.00,38.00,000,19.00
2008-10-29,41.00,41.00,38.00,38.00,6400,19.00
2008-10-28,39.00,39.00,39.00,39.00,000,19.50
2008-10-27,39.00,39.00,39.00,39.00,000,19.50
2008-10-24,36.00,39.00,36.00,39.00,10000,19.50
2008-10-23,46.00,46.00,46.00,46.00,000,23.00
2008-10-22,50.50,50.50,45.00,46.00,12400,23.00
2008-10-21,54.00,54.00,54.00,54.00,3000,27.00
2008-10-20,54.00,54.00,54.00,54.00,000,27.00
2008-10-17,54.00,54.00,54.00,54.00,14400,27.00
2008-10-16,54.00,54.00,54.00,54.00,75000,27.00
2008-10-15,45.00,45.00,45.00,45.00,000,22.50
2008-10-14,45.00,45.00,45.00,45.00,000,22.50
2008-10-13,45.00,51.00,45.00,45.00,34200,22.50
2008-10-10,60.00,60.00,60.00,60.00,000,30.00
2008-10-09,60.00,60.00,60.00,60.00,400,30.00
2008-10-08,45.00,50.00,44.00,49.00,5600,24.50
2008-10-07,44.00,44.50,44.00,44.50,1600,22.25
2008-10-06,46.00,47.00,46.00,47.00,400,23.50
2008-10-03,51.00,51.00,50.97,50.97,800,25.49
2008-10-02,54.00,54.00,51.00,51.00,12000,25.50
2008-10-01,58.00,58.00,58.00,58.00,000,29.00
2008-09-30,51.00,59.00,51.00,58.00,17400,29.00
2008-09-29,51.00,51.00,51.00,51.00,2000,25.50
2008-09-26,54.00,54.00,54.00,54.00,000,27.00
2008-09-25,51.00,54.00,51.00,54.00,7800,27.00
2008-09-24,53.00,53.00,53.00,53.00,000,26.50
2008-09-23,53.00,53.00,53.00,53.00,000,26.50
2008-09-22,51.00,54.03,51.00,53.00,65200,26.50
2008-09-19,51.00,54.03,51.00,54.03,1400,27.01
2008-09-18,51.00,54.03,51.00,54.03,2200,27.01
2008-09-17,56.00,56.00,56.00,56.00,000,28.00
2008-09-16,55.90,56.00,55.90,56.00,800,28.00
2008-09-15,53.00,53.00,53.00,53.00,400,26.50
2008-09-12,56.50,56.50,56.50,56.50,000,28.25
2008-09-11,53.00,56.50,53.00,56.50,1200,28.25
2008-09-10,56.50,56.50,56.50,56.50,1400,28.25
2008-09-09,56.00,56.25,56.00,56.25,800,28.12
2008-09-08,60.00,60.00,60.00,60.00,000,30.00
2008-09-05,60.00,60.00,60.00,60.00,000,30.00
2008-09-04,58.00,60.00,58.00,60.00,1600,30.00
2008-09-03,59.50,60.00,58.25,60.00,2000,30.00
2008-09-02,60.00,60.00,60.00,60.00,000,30.00
2008-08-29,60.00,60.00,60.00,60.00,5800,30.00
2008-08-28,60.00,60.00,60.00,60.00,000,30.00
2008-08-27,58.00,60.00,58.00,60.00,11800,30.00
2008-08-26,57.25,57.25,57.25,57.25,000,28.62
2008-08-25,57.00,57.25,57.00,57.25,2000,28.62
2008-08-22,58.50,58.50,58.50,58.50,000,29.25
2008-08-21,59.00,59.30,58.50,58.50,30000,29.25
2008-08-20,65.00,65.00,65.00,65.00,000,32.50
2008-08-19,65.00,65.00,65.00,65.00,600,32.50
2008-08-18,60.00,65.00,58.97,58.97,4200,29.49
2008-08-15,65.00,65.00,65.00,65.00,000,32.50
2008-08-14,58.99,65.00,58.99,65.00,1800,32.50
2008-08-13,56.00,59.00,56.00,59.00,1200,29.50
2008-08-12,60.25,60.25,60.00,60.00,800,30.00
2008-08-11,61.50,61.50,61.50,61.50,000,30.75
2008-08-08,61.75,62.00,60.00,61.50,838400,30.75
2008-08-07,56.00,61.90,56.00,61.90,20200,30.95
2008-08-06,62.25,62.25,62.25,62.25,000,31.12
2008-08-05,62.25,62.25,62.25,62.25,000,31.12
2008-08-04,62.25,62.25,62.25,62.25,000,31.12
2008-08-01,62.25,62.25,62.25,62.25,000,31.12
2008-07-31,60.50,62.25,60.50,62.25,14000,31.12
2008-07-30,60.00,60.00,60.00,60.00,1200,30.00
2008-07-29,58.50,58.50,58.50,58.50,000,29.25
2008-07-28,58.50,58.50,58.50,58.50,000,29.25
2008-07-25,58.50,58.50,58.50,58.50,000,29.25
2008-07-24,58.50,58.50,58.50,58.50,40000,29.25
2008-07-23,60.00,60.00,60.00,60.00,000,30.00
2008-07-22,60.00,60.00,60.00,60.00,000,30.00
2008-07-21,60.00,60.00,60.00,60.00,000,30.00
2008-07-18,59.40,60.00,59.40,60.00,202600,30.00
2008-07-17,59.40,59.40,59.40,59.40,000,29.70
2008-07-16,59.75,59.75,59.40,59.40,2000,29.70
2008-07-15,60.50,60.50,60.25,60.25,1400,30.12
2008-07-14,60.00,60.50,60.00,60.50,1200,30.25
2008-07-11,60.80,60.80,60.80,60.80,000,30.40
2008-07-10,60.75,60.80,60.75,60.80,44600,30.40
2008-07-09,61.00,61.00,61.00,61.00,28800,30.50
2008-07-08,58.75,58.75,58.75,58.75,20000,29.38
2008-07-07,58.75,58.75,58.75,58.75,000,29.38
2008-07-03,58.75,58.75,58.75,58.75,90000,29.38
2008-07-02,61.00,61.00,61.00,61.00,000,30.50
2008-07-01,61.00,61.00,61.00,61.00,000,30.50
2008-06-30,62.50,65.00,58.00,61.00,6200,30.50
2008-06-27,60.00,60.00,60.00,60.00,400,30.00
2008-06-26,61.55,61.55,61.55,61.55,1000,30.77
2008-06-25,59.00,59.00,59.00,59.00,200,29.50
2008-06-24,60.00,60.00,60.00,60.00,3400,30.00
2008-06-23,61.00,61.00,61.00,61.00,000,30.50
2008-06-20,61.00,61.00,61.00,61.00,000,30.50
2008-06-19,61.00,61.00,60.00,61.00,6800,30.50
2008-06-18,63.97,63.97,63.97,63.97,000,31.99
2008-06-17,64.05,64.05,63.97,63.97,2000,31.99
2008-06-16,62.25,64.00,62.25,64.00,47400,32.00
2008-06-13,60.00,60.00,60.00,60.00,000,30.00
2008-06-12,60.00,60.00,60.00,60.00,400,30.00
2008-06-11,65.00,65.00,65.00,65.00,000,32.50
2008-06-10,65.00,65.00,65.00,65.00,000,32.50
2008-06-09,65.00,65.00,65.00,65.00,000,32.50
2008-06-06,65.00,65.00,65.00,65.00,000,32.50
2008-06-05,65.00,65.00,65.00,65.00,10000,32.50
2008-06-04,66.00,66.00,66.00,66.00,000,33.00
2008-06-03,66.00,66.00,66.00,66.00,000,33.00
2008-06-02,66.00,66.00,66.00,66.00,000,33.00
2008-05-30,64.00,66.00,64.00,66.00,40800,33.00
2008-05-29,66.00,66.00,64.00,64.00,17000,32.00
2008-05-28,64.00,64.25,64.00,64.25,10200,32.12
2008-05-27,62.25,62.25,62.25,62.25,000,31.12
2008-05-23,62.25,62.25,62.25,62.25,000,31.12
2008-05-22,62.50,62.50,62.00,62.25,3200,31.12
2008-05-21,59.50,59.50,59.50,59.50,600,29.75
2008-05-20,60.00,60.00,60.00,60.00,171600,30.00
2008-05-19,67.00,67.00,67.00,67.00,000,33.50
2008-05-16,67.00,67.00,67.00,67.00,200,33.50
2008-05-15,67.00,68.50,67.00,67.00,5000,33.50
2008-05-14,70.00,70.00,70.00,70.00,000,35.00
2008-05-13,70.00,70.00,70.00,70.00,000,35.00
2008-05-12,70.00,70.00,70.00,70.00,000,35.00
2008-05-09,70.00,70.00,70.00,70.00,000,35.00
2008-05-08,70.00,70.00,70.00,70.00,000,35.00
2008-05-07,70.00,70.00,70.00,70.00,200,35.00
2008-05-06,70.00,70.00,70.00,70.00,200,35.00
2008-05-05,63.00,63.00,63.00,63.00,1000,31.50
2008-05-02,70.00,70.00,70.00,70.00,200,35.00
2008-05-01,67.00,67.00,67.00,67.00,000,33.50
2008-04-30,64.00,68.00,64.00,67.00,23800,33.50
2008-04-29,62.00,64.00,62.00,64.00,29000,32.00
2008-04-28,64.20,64.20,60.00,60.50,2200,30.25
2008-04-25,58.50,58.50,58.50,58.50,000,29.25
2008-04-24,55.00,65.25,55.00,58.50,2600,29.25
2008-04-23,56.75,56.75,56.75,56.75,600,28.38
2008-04-22,57.00,57.00,57.00,57.00,79400,28.50
2008-04-21,55.00,55.00,55.00,55.00,000,27.50
2008-04-18,55.00,55.00,55.00,55.00,000,27.50
2008-04-17,58.00,59.00,55.00,55.00,7400,27.50
2008-04-16,60.00,60.00,60.00,60.00,000,30.00
2008-04-15,64.00,64.00,60.00,60.00,13400,30.00
2008-04-14,58.25,58.25,58.25,58.25,4000,29.12
2008-04-11,71.75,71.75,71.75,71.75,400,35.88
2008-04-10,62.00,62.00,62.00,62.00,000,31.00
2008-04-09,62.00,62.00,62.00,62.00,200,31.00
2008-04-08,62.00,62.00,62.00,62.00,000,31.00
2008-04-07,60.50,62.00,60.50,62.00,3800,31.00
2008-04-04,66.00,66.00,66.00,66.00,000,33.00
2008-04-03,66.00,66.00,66.00,66.00,000,33.00
2008-04-02,66.75,66.75,66.00,66.00,5400,33.00
2008-04-01,71.00,71.00,71.00,71.00,000,35.50
2008-03-31,67.75,72.00,67.00,71.00,16400,35.50
2008-03-28,64.05,64.05,64.05,64.05,21600,32.03
2008-03-27,64.50,66.00,62.00,66.00,21200,33.00
2008-03-26,65.00,65.00,58.75,63.00,3400,31.50
2008-03-25,68.00,68.00,68.00,68.00,000,34.00
2008-03-24,64.00,68.00,64.00,68.00,1000,34.00
2008-03-20,70.00,70.00,70.00,70.00,200,35.00
2008-03-19,65.00,65.00,64.50,64.50,25600,32.25
2008-03-18,64.50,65.00,64.00,64.50,16000,32.25
2008-03-17,65.00,65.00,65.00,65.00,000,32.50
2008-03-14,65.00,65.00,65.00,65.00,000,32.50
2008-03-13,66.00,66.00,65.00,65.00,400,32.50
2008-03-12,73.00,73.00,73.00,73.00,000,36.50
2008-03-11,73.00,73.00,73.00,73.00,000,36.50
2008-03-10,73.00,73.00,73.00,73.00,000,36.50
2008-03-07,73.00,73.00,73.00,73.00,000,36.50
2008-03-06,73.00,73.00,73.00,73.00,000,36.50
2008-03-05,73.00,73.00,73.00,73.00,000,36.50
2008-03-04,73.00,73.00,73.00,73.00,000,36.50
2008-03-03,73.00,73.00,73.00,73.00,000,36.50
2008-02-29,73.00,73.00,73.00,73.00,3400,36.50
2008-02-28,68.00,68.00,68.00,68.00,000,34.00
2008-02-27,63.00,72.50,63.00,68.00,2000,34.00
2008-02-26,73.50,73.50,73.50,73.50,000,36.75
2008-02-25,73.50,73.50,73.50,73.50,000,36.75
2008-02-22,73.50,73.50,73.50,73.50,000,36.75
2008-02-21,73.50,73.50,73.50,73.50,000,36.75
2008-02-20,61.00,73.50,61.00,73.50,800,36.75
2008-02-19,75.00,75.00,75.00,75.00,000,37.50
2008-02-15,75.00,75.00,75.00,75.00,000,37.50
2008-02-14,75.00,75.00,75.00,75.00,000,37.50
2008-02-13,75.00,75.00,75.00,75.00,000,37.50
2008-02-12,75.00,75.00,75.00,75.00,000,37.50
2008-02-11,75.00,75.00,75.00,75.00,000,37.50
2008-02-08,75.00,75.00,75.00,75.00,000,37.50
2008-02-07,75.00,75.00,75.00,75.00,000,37.50
2008-02-06,73.75,75.00,73.75,75.00,40400,37.50
2008-02-05,73.00,73.00,73.00,73.00,20000,36.50
2008-02-04,74.00,74.00,74.00,74.00,000,37.00
2008-02-01,74.00,74.00,74.00,74.00,6400,37.00
2008-01-31,75.25,75.75,70.00,75.75,3200,37.88
2008-01-30,74.00,75.25,70.00,75.25,33000,37.62
2008-01-29,73.00,73.75,73.00,73.75,5400,36.88
2008-01-28,80.00,80.00,80.00,80.00,000,40.00
2008-01-25,80.00,80.00,80.00,80.00,000,40.00
2008-01-24,80.00,80.00,80.00,80.00,000,40.00
2008-01-23,78.00,80.00,76.00,80.00,4800,40.00
2008-01-22,70.50,73.50,70.00,73.50,2000,36.75
2008-01-18,73.00,73.00,73.00,73.00,1000,36.50
2008-01-17,70.00,73.00,70.00,73.00,600,36.50
2008-01-16,73.00,73.00,73.00,73.00,000,36.50
2008-01-15,71.00,73.00,71.00,73.00,5200,36.50
2008-01-14,71.00,73.00,71.00,73.00,25400,36.50
2008-01-11,72.00,73.00,72.00,73.00,40200,36.50
2008-01-10,70.00,73.00,70.00,73.00,3400,36.50
2008-01-09,73.00,73.00,73.00,73.00,000,36.50
2008-01-08,73.00,73.00,73.00,73.00,800,36.50
2008-01-07,73.00,73.00,73.00,73.00,000,36.50
2008-01-04,73.00,73.00,73.00,73.00,000,36.50
2008-01-03,73.00,73.00,73.00,73.00,000,36.50
2008-01-02,78.00,78.00,73.00,73.00,6400,36.50
2007-12-31,75.00,80.00,55.00,78.00,20200,39.00
2007-12-28,75.50,75.50,75.00,75.00,9000,37.50
2007-12-27,75.00,75.00,74.50,75.00,13400,37.50
2007-12-26,75.00,75.00,75.00,75.00,1600,37.50
2007-12-24,76.00,76.00,76.00,76.00,2000,38.00
2007-12-21,76.25,76.25,76.00,76.00,2000,38.00
2007-12-20,74.50,76.00,74.50,76.00,5200,38.00
2007-12-19,68.00,76.00,68.00,76.00,32200,38.00
2007-12-18,76.85,76.85,76.85,76.85,000,38.42
2007-12-17,76.85,76.85,76.85,76.85,2000,38.42
2007-12-14,76.50,76.50,76.50,76.50,1200,38.25
2007-12-13,76.50,76.85,76.50,76.85,14200,38.42
2007-12-12,76.75,76.75,76.75,76.75,000,38.38
2007-12-11,70.00,78.00,70.00,76.75,83200,38.38
2007-12-10,78.00,78.00,78.00,78.00,000,39.00
2007-12-07,78.00,78.00,78.00,78.00,000,39.00
2007-12-06,77.00,78.00,77.00,78.00,2200,39.00
2007-12-05,76.25,77.25,76.25,77.00,29600,38.50
2007-12-04,75.75,76.25,75.75,76.25,31200,38.12
2007-12-03,76.00,76.00,75.75,75.75,32400,37.88
2007-11-30,75.00,81.50,75.00,81.50,74800,40.75
2007-11-29,76.00,76.50,75.00,75.00,40800,37.50
2007-11-28,79.25,79.25,79.25,79.25,5000,39.62
2007-11-27,79.52,79.52,79.52,79.52,000,39.76
2007-11-26,80.00,82.00,75.00,79.52,33400,39.76
2007-11-23,81.50,81.50,81.50,81.50,000,40.75
2007-11-21,77.00,82.00,77.00,81.50,62800,40.75
2007-11-20,81.25,82.00,80.00,81.50,62800,40.75
2007-11-19,80.50,81.00,80.50,81.00,4800,40.50
2007-11-16,81.50,82.25,81.25,82.25,12000,41.12
2007-11-15,81.05,82.25,81.01,82.25,95800,41.12
2007-11-14,86.00,86.00,86.00,86.00,000,43.00
2007-11-13,89.00,89.00,86.00,86.00,2600,43.00
2007-11-12,89.00,89.00,89.00,89.00,000,44.50
2007-11-09,89.80,89.83,85.00,89.00,4200,44.50
2007-11-08,89.75,89.75,89.75,89.75,000,44.88
2007-11-07,89.75,89.75,89.75,89.75,20000,44.88
2007-11-06,88.05,90.50,88.05,90.00,146200,45.00
2007-11-05,91.00,91.00,89.95,89.99,21800,44.99
2007-11-02,87.50,91.00,87.00,90.00,314800,45.00
2007-11-01,85.50,87.25,85.50,87.25,23800,43.62
2007-10-31,86.13,87.00,84.75,87.00,29200,43.50
2007-10-30,86.00,86.00,86.00,86.00,000,43.00
2007-10-29,85.00,86.10,85.00,86.00,29600,43.00
2007-10-26,85.00,86.00,84.95,85.00,80400,42.50
2007-10-25,84.95,84.95,84.95,84.95,000,42.47
2007-10-24,82.50,85.00,82.50,84.95,16400,42.47
2007-10-23,83.00,85.00,83.00,85.00,37600,42.50
2007-10-22,82.50,83.00,82.50,83.00,15800,41.50
2007-10-19,83.00,85.50,83.00,84.99,62000,42.49
2007-10-18,83.50,83.50,83.00,83.00,48600,41.50
2007-10-17,82.00,82.50,79.00,82.50,43800,41.25
2007-10-16,85.49,85.49,85.49,85.49,000,42.74
2007-10-15,82.00,85.49,82.00,85.49,16400,42.74
2007-10-12,83.00,84.90,83.00,84.90,1600,42.45
2007-10-11,80.50,85.00,80.50,85.00,14800,42.50
2007-10-10,80.00,80.50,77.00,80.50,266000,40.25
2007-10-09,80.00,80.00,80.00,80.00,000,40.00
2007-10-08,80.00,80.00,80.00,80.00,4800,40.00
2007-10-05,76.50,78.00,76.50,76.50,14800,38.25
2007-10-04,76.50,76.50,76.50,76.50,000,38.25
2007-10-03,76.50,76.50,76.50,76.50,000,38.25
2007-10-02,76.00,77.00,75.97,76.50,47600,38.25
2007-10-01,78.90,79.50,75.00,75.00,31400,37.50
2007-09-28,77.50,79.50,75.00,79.50,28000,39.75
2007-09-27,74.00,74.00,74.00,74.00,000,37.00
2007-09-26,74.00,74.00,74.00,74.00,000,37.00
2007-09-25,73.50,74.00,73.50,74.00,800,37.00
2007-09-24,77.00,77.00,77.00,77.00,000,38.50
2007-09-21,75.00,77.00,75.00,77.00,138800,38.50
2007-09-20,75.00,75.00,75.00,75.00,400,37.50
2007-09-19,80.00,80.00,80.00,80.00,400,40.00
2007-09-18,80.00,81.50,80.00,81.50,34400,40.75
2007-09-17,74.47,77.50,74.47,77.50,82400,38.75
2007-09-14,75.25,76.25,75.00,76.00,37800,38.00
2007-09-13,75.00,76.25,75.00,75.75,39800,37.88
2007-09-12,73.00,73.75,72.99,73.75,102400,36.88
2007-09-11,73.95,75.00,73.95,73.95,16400,36.97
2007-09-10,75.00,75.00,74.95,74.95,3000,37.47
2007-09-07,72.00,74.50,72.00,74.25,17000,37.12
2007-09-06,76.00,80.25,70.00,75.00,54400,37.50
2007-09-05,80.00,80.00,75.00,80.00,13200,40.00
2007-09-04,79.50,81.07,79.50,80.00,99200,40.00
2007-08-31,85.00,85.00,76.00,80.00,52600,40.00
2007-08-30,74.00,80.00,74.00,79.00,5600,39.50
2007-08-29,79.04,79.04,79.04,79.04,000,39.52
2007-08-28,79.04,79.04,79.04,79.04,000,39.52
2007-08-27,79.04,79.04,79.04,79.04,000,39.52
2007-08-24,79.04,79.04,79.04,79.04,000,39.52
2007-08-23,79.04,79.04,79.04,79.04,000,39.52
2007-08-22,78.00,79.04,78.00,79.04,5600,39.52
2007-08-21,75.00,75.00,75.00,75.00,8800,37.50
2007-08-20,74.00,74.00,74.00,74.00,7000,37.00
2007-08-17,74.00,75.00,74.00,75.00,2400,37.50
2007-08-16,79.00,79.00,79.00,79.00,1000,39.50
2007-08-15,80.00,80.13,80.00,80.00,2200,40.00
2007-08-14,75.00,80.50,75.00,80.50,8200,40.25
2007-08-13,83.00,83.00,83.00,83.00,000,41.50
2007-08-10,80.00,99.00,76.00,83.00,5600,41.50
2007-08-09,83.00,83.00,83.00,83.00,600,41.50
2007-08-08,82.50,83.00,82.50,83.00,320000,41.50
2007-08-07,82.50,82.50,82.50,82.50,40200,41.25
2007-08-06,85.00,85.00,80.00,83.50,370800,41.75
2007-08-03,80.00,81.00,79.00,81.00,121600,40.50
2007-08-02,74.00,74.00,74.00,74.00,000,37.00
2007-08-01,74.00,74.00,74.00,74.00,000,37.00
2007-07-31,72.50,74.00,71.00,74.00,21000,37.00
2007-07-30,71.00,71.00,68.00,70.20,22200,35.10
2007-07-27,71.00,71.00,70.00,70.00,111400,35.00
2007-07-26,73.00,73.25,72.50,72.50,21200,36.25
2007-07-25,73.75,73.75,73.75,73.75,000,36.88
2007-07-24,73.00,73.78,72.00,73.75,62200,36.88
2007-07-23,73.50,73.50,73.50,73.50,50000,36.75
2007-07-20,70.00,73.00,70.00,72.00,334600,36.00
2007-07-19,73.00,100.00,72.75,76.00,26400,38.00
2007-07-18,73.00,73.00,73.00,73.00,000,36.50
2007-07-17,69.00,73.00,68.00,73.00,19400,36.50
2007-07-16,70.00,70.75,69.50,69.50,60000,34.75
2007-07-13,69.25,69.25,69.25,69.25,000,34.62
2007-07-12,68.10,72.75,68.10,69.25,89400,34.62
2007-07-11,64.00,66.25,64.00,66.25,78800,33.12
2007-07-10,62.75,62.75,62.75,62.75,000,31.38
2007-07-09,62.38,62.75,62.38,62.75,48600,31.38
2007-07-06,62.50,63.00,62.00,62.00,14000,31.00
2007-07-05,63.25,63.25,63.25,63.25,000,31.62
2007-07-03,62.50,63.25,61.00,63.25,270200,31.62
2007-07-02,61.00,62.75,61.00,62.75,1066000,31.38
2007-06-29,61.00,61.00,61.00,61.00,000,30.50
2007-06-28,61.00,61.00,61.00,61.00,000,30.50
2007-06-27,55.00,61.00,55.00,61.00,242000,30.50
2007-06-26,65.00,65.00,61.50,61.50,1800,30.75
2007-06-25,61.00,61.00,61.00,61.00,000,30.50
2007-06-22,61.00,61.00,61.00,61.00,000,30.50
2007-06-21,61.00,61.00,61.00,61.00,000,30.50
2007-06-20,61.00,61.00,61.00,61.00,000,30.50
2007-06-19,61.00,61.00,61.00,61.00,000,30.50
2007-06-18,61.00,61.00,61.00,61.00,000,30.50
2007-06-15,61.00,61.00,61.00,61.00,000,30.50
2007-06-14,61.00,61.00,61.00,61.00,000,30.50
2007-06-13,61.00,61.00,61.00,61.00,000,30.50
2007-06-12,61.00,61.00,61.00,61.00,000,30.50
2007-06-11,61.00,61.00,61.00,61.00,000,30.50
2007-06-08,61.00,61.00,61.00,61.00,000,30.50
2007-06-07,61.00,61.00,61.00,61.00,000,30.50
2007-06-06,61.00,61.00,61.00,61.00,000,30.50
2007-06-05,61.00,61.00,61.00,61.00,000,30.50
2007-06-04,55.00,61.00,55.00,61.00,600,30.50
2007-06-01,61.00,61.00,61.00,61.00,000,30.50
2007-05-31,55.00,61.00,55.00,61.00,600,30.50
2007-05-30,57.00,61.00,55.00,61.00,1400,30.50
2007-05-29,64.00,64.00,64.00,64.00,000,32.00
2007-05-25,64.00,64.00,64.00,64.00,1600,32.00
2007-05-24,61.00,61.00,61.00,61.00,000,30.50
2007-05-23,61.00,61.00,61.00,61.00,2200,30.50
2007-05-22,61.00,61.00,61.00,61.00,000,30.50
2007-05-21,61.00,61.00,61.00,61.00,000,30.50
2007-05-18,61.00,61.00,61.00,61.00,000,30.50
2007-05-17,65.00,65.00,61.00,61.00,1800,30.50
2007-05-16,65.00,65.00,65.00,65.00,000,32.50
2007-05-15,65.00,65.00,65.00,65.00,000,32.50
2007-05-14,65.00,65.00,65.00,65.00,000,32.50
2007-05-11,65.00,65.00,65.00,65.00,000,32.50
2007-05-10,65.00,65.00,65.00,65.00,000,32.50
2007-05-09,65.00,65.00,65.00,65.00,2000,32.50
2007-05-08,63.00,63.00,55.00,63.00,6000,31.50
2007-05-07,63.00,63.00,63.00,63.00,000,31.50
2007-05-04,63.00,63.00,63.00,63.00,000,31.50
2007-05-03,63.00,63.00,63.00,63.00,000,31.50
2007-05-02,63.00,63.00,63.00,63.00,000,31.50
2007-05-01,63.00,63.00,63.00,63.00,000,31.50
2007-04-30,63.00,63.00,63.00,63.00,000,31.50
2007-04-27,63.00,63.00,63.00,63.00,000,31.50
2007-04-26,63.00,63.00,63.00,63.00,200,31.50
2007-04-25,63.00,63.00,57.00,63.00,23600,31.50
2007-04-24,62.25,62.25,62.25,62.25,000,31.12
2007-04-23,62.25,62.25,62.25,62.25,000,31.12
2007-04-20,62.25,62.25,62.25,62.25,000,31.12
2007-04-19,62.25,62.25,62.25,62.25,000,31.12
2007-04-18,62.25,62.25,62.25,62.25,000,31.12
2007-04-17,62.25,62.25,62.25,62.25,000,31.12
2007-04-16,62.25,62.25,62.25,62.25,000,31.12
2007-04-13,62.25,62.25,62.25,62.25,000,31.12
2007-04-12,61.95,62.45,61.95,62.25,1000,31.12
2007-04-11,62.00,62.00,62.00,62.00,000,31.00
2007-04-10,62.00,62.00,62.00,62.00,000,31.00
2007-04-09,62.05,62.50,62.00,62.00,2200,31.00
2007-04-05,62.00,62.00,62.00,62.00,400,31.00
2007-04-04,59.00,59.00,59.00,59.00,600,29.50
2007-04-03,59.00,59.00,59.00,59.00,000,29.50
2007-04-02,59.00,59.00,59.00,59.00,000,29.50
2007-03-30,59.00,59.00,59.00,59.00,000,29.50
2007-03-29,59.50,59.50,59.00,59.00,1600,29.50
2007-03-28,59.00,59.00,59.00,59.00,000,29.50
2007-03-27,59.00,59.00,59.00,59.00,800,29.50
2007-03-26,59.00,59.00,59.00,59.00,000,29.50
2007-03-23,58.00,59.00,58.00,59.00,10200,29.50
2007-03-22,56.00,56.00,56.00,56.00,000,28.00
2007-03-21,56.00,56.00,56.00,56.00,000,28.00
2007-03-20,56.00,56.00,56.00,56.00,000,28.00
2007-03-19,55.00,56.00,55.00,56.00,20800,28.00
2007-03-16,56.00,56.00,56.00,56.00,000,28.00
2007-03-15,56.00,56.00,56.00,56.00,000,28.00
2007-03-14,56.00,56.00,56.00,56.00,200,28.00
2007-03-13,50.00,58.50,50.00,51.00,38600,25.50
2007-03-12,58.00,58.00,58.00,58.00,000,29.00
2007-03-09,58.00,58.00,58.00,58.00,000,29.00
2007-03-08,58.00,58.00,58.00,58.00,000,29.00
2007-03-07,58.00,58.00,58.00,58.00,000,29.00
2007-03-06,58.00,58.00,58.00,58.00,000,29.00
2007-03-05,58.00,58.00,58.00,58.00,000,29.00
2007-03-02,58.00,58.00,58.00,58.00,200,29.00
2007-03-01,57.50,57.50,57.50,57.50,000,28.75
2007-02-28,41.00,58.00,41.00,57.50,2000,28.75
2007-02-27,57.00,57.00,57.00,57.00,000,28.50
2007-02-26,57.00,57.00,57.00,57.00,000,28.50
2007-02-23,57.00,57.00,57.00,57.00,000,28.50
2007-02-22,57.00,57.00,57.00,57.00,000,28.50
2007-02-21,57.00,57.00,57.00,57.00,000,28.50
2007-02-20,57.00,57.00,57.00,57.00,000,28.50
2007-02-16,58.00,58.00,57.00,57.00,800,28.50
2007-02-15,57.50,57.50,55.00,55.00,110200,27.50
2007-02-14,57.00,57.00,57.00,57.00,000,28.50
2007-02-13,57.00,57.00,57.00,57.00,000,28.50
2007-02-12,57.00,57.00,57.00,57.00,000,28.50
2007-02-09,57.50,57.50,56.00,57.00,2800,28.50
2007-02-08,57.50,57.50,57.50,57.50,000,28.75
2007-02-07,57.50,57.50,57.00,57.50,1400,28.75
2007-02-06,57.50,57.50,57.50,57.50,000,28.75
2007-02-05,57.00,57.50,57.00,57.50,10200,28.75
2007-02-02,58.00,58.00,58.00,58.00,400,29.00
2007-02-01,58.50,58.50,58.50,58.50,4000,29.25
2007-01-31,57.50,57.50,57.50,57.50,000,28.75
2007-01-30,57.50,57.50,57.50,57.50,400,28.75
2007-01-29,57.95,57.95,57.95,57.95,000,28.98
2007-01-26,57.95,57.95,57.95,57.95,200,28.98
2007-01-25,58.50,58.50,58.00,58.00,861600,29.00
2007-01-24,59.00,59.25,57.75,58.95,546600,29.48
2007-01-23,58.95,59.00,58.95,59.00,12400,29.50
2007-01-22,59.00,59.00,59.00,59.00,600,29.50
2007-01-19,55.00,59.00,53.00,59.00,6000,29.50
2007-01-18,58.95,58.95,58.95,58.95,000,29.48
2007-01-17,59.00,59.00,58.95,58.95,2000,29.48
2007-01-16,58.95,58.95,58.95,58.95,000,29.48
2007-01-12,58.95,58.95,58.95,58.95,800,29.48
2007-01-11,59.00,59.00,59.00,59.00,800,29.50
2007-01-10,60.00,60.00,60.00,60.00,000,30.00
2007-01-09,60.00,60.00,60.00,60.00,000,30.00
2007-01-08,60.00,60.00,60.00,60.00,000,30.00
2007-01-05,60.00,60.00,60.00,60.00,000,30.00
2007-01-04,60.00,60.00,60.00,60.00,000,30.00
2007-01-03,60.00,60.00,60.00,60.00,13600,30.00
2006-12-29,50.00,60.00,50.00,60.00,46800,30.00
2006-12-28,55.00,55.00,55.00,55.00,000,27.50
2006-12-27,40.00,55.00,40.00,55.00,2400,27.50
2006-12-26,58.00,58.00,58.00,58.00,000,29.00
2006-12-22,58.00,58.00,58.00,58.00,000,29.00
2006-12-21,58.00,58.00,58.00,58.00,000,29.00
2006-12-20,58.00,58.00,58.00,58.00,20000,29.00
2006-12-19,58.00,58.00,58.00,58.00,13200,29.00
2006-12-18,58.00,58.00,58.00,58.00,000,29.00
2006-12-15,58.00,58.00,58.00,58.00,000,29.00
2006-12-14,58.00,58.00,58.00,58.00,000,29.00
2006-12-13,58.00,58.00,58.00,58.00,000,29.00
2006-12-12,58.00,58.00,58.00,58.00,3600,29.00
2006-12-11,55.75,57.75,55.75,57.75,90600,28.88
2006-12-08,59.00,59.00,59.00,59.00,000,29.50
2006-12-07,59.00,59.00,59.00,59.00,000,29.50
2006-12-06,59.00,59.00,59.00,59.00,000,29.50
2006-12-05,59.00,59.00,59.00,59.00,000,29.50
2006-12-04,59.00,59.00,59.00,59.00,000,29.50
2006-12-01,59.00,59.00,59.00,59.00,400,29.50
2006-11-30,59.00,59.00,59.00,59.00,000,29.50
2006-11-29,59.00,59.00,59.00,59.00,000,29.50
2006-11-28,59.00,59.00,59.00,59.00,000,29.50
2006-11-27,59.00,59.00,59.00,59.00,000,29.50
2006-11-24,59.00,59.00,59.00,59.00,000,29.50
2006-11-22,59.00,59.00,59.00,59.00,000,29.50
2006-11-21,59.00,59.00,59.00,59.00,1200,29.50
2006-11-20,60.00,60.00,60.00,60.00,000,30.00
2006-11-17,60.00,60.00,60.00,60.00,000,30.00
2006-11-16,60.00,60.00,60.00,60.00,000,30.00
2006-11-15,60.00,60.00,60.00,60.00,000,30.00
2006-11-14,60.00,60.00,60.00,60.00,000,30.00
2006-11-13,60.00,60.00,59.25,60.00,1600,30.00
2006-11-10,50.00,60.00,50.00,60.00,600,30.00
2006-11-09,62.50,62.50,62.50,62.50,000,31.25
2006-11-08,62.50,62.50,62.50,62.50,000,31.25
2006-11-07,55.00,62.50,55.00,62.50,800,31.25
2006-11-06,63.00,63.00,63.00,63.00,000,31.50
2006-11-03,63.00,63.00,63.00,63.00,000,31.50
2006-11-02,63.00,63.00,63.00,63.00,600,31.50
2006-11-01,54.75,64.00,54.75,64.00,7800,32.00
2006-10-31,55.00,64.00,50.00,64.00,7000,32.00
2006-10-30,51.50,63.00,51.50,63.00,1200,31.50
2006-10-27,60.00,63.00,60.00,63.00,592200,31.50
2006-10-26,60.00,60.00,60.00,60.00,000,30.00
2006-10-25,60.00,60.00,60.00,60.00,000,30.00
2006-10-24,60.00,60.00,60.00,60.00,000,30.00
2006-10-23,59.00,63.00,56.00,60.00,7200,30.00
2006-10-20,59.00,59.00,59.00,59.00,000,29.50
2006-10-19,59.00,59.00,59.00,59.00,000,29.50
2006-10-18,59.00,59.00,59.00,59.00,200,29.50
2006-10-17,60.00,60.00,60.00,60.00,400,30.00
2006-10-16,53.75,53.75,53.75,53.75,000,26.88
2006-10-13,53.75,53.75,53.75,53.75,000,26.88
2006-10-12,53.75,53.75,53.75,53.75,000,26.88
2006-10-11,53.75,53.75,53.75,53.75,000,26.88
2006-10-10,53.75,53.75,53.75,53.75,000,26.88
2006-10-09,53.75,53.75,53.75,53.75,000,26.88
2006-10-06,53.75,53.75,53.75,53.75,000,26.88
2006-10-05,53.75,53.75,53.75,53.75,000,26.88
2006-10-04,53.75,53.75,53.75,53.75,000,26.88
2006-10-03,53.75,53.75,53.75,53.75,000,26.88
2006-10-02,53.75,53.75,53.75,53.75,400,26.88
2006-09-29,49.00,54.00,49.00,54.00,6000,27.00
2006-09-28,52.00,52.00,52.00,52.00,000,26.00
2006-09-27,52.00,52.00,52.00,52.00,000,26.00
2006-09-26,52.00,52.00,52.00,52.00,000,26.00
2006-09-25,52.00,52.00,52.00,52.00,000,26.00
2006-09-22,50.00,52.00,48.00,52.00,141000,26.00
2006-09-21,47.50,47.50,47.50,47.50,4400,23.75
2006-09-20,48.00,48.00,48.00,48.00,200,24.00
2006-09-19,48.55,48.55,48.50,48.50,1000,24.25
2006-09-18,48.00,48.00,48.00,48.00,000,24.00
2006-09-15,48.00,48.00,48.00,48.00,000,24.00
2006-09-14,48.00,48.00,48.00,48.00,800,24.00
2006-09-13,48.00,48.00,48.00,48.00,000,24.00
2006-09-12,48.00,48.00,48.00,48.00,400,24.00
2006-09-11,47.75,47.75,47.75,47.75,000,23.88
2006-09-08,47.75,47.75,47.75,47.75,000,23.88
2006-09-07,47.75,47.75,47.75,47.75,200,23.88
2006-09-06,47.75,47.75,47.75,47.75,20800,23.88
2006-09-05,47.50,47.50,47.50,47.50,800,23.75
2006-09-01,47.50,47.50,47.50,47.50,000,23.75
2006-08-31,47.50,47.50,47.50,47.50,000,23.75
2006-08-30,47.50,47.50,47.50,47.50,000,23.75
2006-08-29,47.50,47.50,47.50,47.50,000,23.75
2006-08-28,47.50,47.50,47.50,47.50,400,23.75
2006-08-25,47.50,47.50,47.50,47.50,400,23.75
2006-08-24,47.31,47.31,47.31,47.31,000,23.66
2006-08-23,47.31,47.31,47.31,47.31,000,23.66
2006-08-22,47.31,47.31,47.31,47.31,000,23.66
2006-08-21,47.31,47.31,47.31,47.31,000,23.66
2006-08-18,47.31,47.31,47.31,47.31,000,23.66
2006-08-17,47.31,47.31,47.31,47.31,000,23.66
2006-08-16,47.25,47.31,47.25,47.31,23200,23.66
2006-08-15,47.25,47.25,47.25,47.25,000,23.62
2006-08-14,47.25,47.25,47.25,47.25,000,23.62
2006-08-11,47.25,47.25,47.25,47.25,000,23.62
2006-08-10,47.25,47.25,47.25,47.25,000,23.62
2006-08-09,47.25,47.25,47.25,47.25,000,23.62
2006-08-08,47.25,47.25,47.25,47.25,000,23.62
2006-08-07,47.25,47.25,47.25,47.25,000,23.62
2006-08-04,47.25,47.25,47.25,47.25,000,23.62
2006-08-03,47.25,47.25,47.25,47.25,1600,23.62
2006-08-02,48.50,48.50,48.50,48.50,000,24.25
2006-08-01,48.50,48.50,48.50,48.50,000,24.25
2006-07-31,48.50,48.50,48.50,48.50,000,24.25
2006-07-28,48.50,48.50,48.50,48.50,000,24.25
2006-07-27,48.50,48.50,48.50,48.50,000,24.25
2006-07-26,48.50,48.50,48.50,48.50,000,24.25
2006-07-25,48.50,48.50,48.50,48.50,000,24.25
2006-07-24,48.50,48.50,48.50,48.50,000,24.25
2006-07-21,48.50,48.50,48.50,48.50,000,24.25
2006-07-20,48.50,48.50,48.50,48.50,38400,24.25
2006-07-19,48.50,48.50,48.50,48.50,000,24.25
2006-07-18,48.50,48.50,48.50,48.50,000,24.25
2006-07-17,48.50,48.50,48.50,48.50,000,24.25
2006-07-14,48.50,48.50,48.50,48.50,000,24.25
2006-07-13,48.50,48.50,48.50,48.50,000,24.25
2006-07-12,48.50,48.50,48.50,48.50,000,24.25
2006-07-11,48.50,48.50,48.50,48.50,600,24.25
2006-07-10,48.50,48.50,48.50,48.50,000,24.25
2006-07-07,48.50,48.50,48.50,48.50,121000,24.25
2006-07-06,48.00,48.00,45.50,45.50,80600,22.75
2006-07-05,50.00,50.00,50.00,50.00,000,25.00
2006-07-03,50.00,50.00,50.00,50.00,000,25.00
2006-06-30,50.00,50.00,50.00,50.00,2000,25.00
2006-06-29,45.00,45.00,45.00,45.00,000,22.50
2006-06-28,45.00,45.00,45.00,45.00,000,22.50
2006-06-27,45.00,45.00,45.00,45.00,000,22.50
2006-06-26,45.00,45.00,45.00,45.00,2600,22.50
2006-06-23,45.00,45.00,45.00,45.00,000,22.50
2006-06-22,45.00,45.00,45.00,45.00,200,22.50
2006-06-21,46.00,46.00,46.00,46.00,000,23.00
2006-06-20,46.00,46.00,46.00,46.00,000,23.00
2006-06-19,46.00,46.00,46.00,46.00,000,23.00
2006-06-16,46.00,46.00,46.00,46.00,000,23.00
2006-06-15,45.00,46.00,45.00,46.00,202800,23.00
2006-06-14,43.00,43.00,43.00,43.00,000,21.50
2006-06-13,43.00,43.50,43.00,43.00,1600,21.50
2006-06-12,39.00,39.00,39.00,39.00,000,19.50
2006-06-09,39.00,39.00,39.00,39.00,000,19.50
2006-06-08,39.00,39.00,39.00,39.00,000,19.50
2006-06-07,39.00,39.00,39.00,39.00,000,19.50
2006-06-06,39.00,39.00,39.00,39.00,1600,19.50
2006-06-05,40.00,40.00,40.00,40.00,000,20.00
2006-06-02,40.00,40.00,40.00,40.00,000,20.00
2006-06-01,40.00,40.00,40.00,40.00,1600,20.00
2006-05-31,44.00,44.00,44.00,44.00,000,22.00
2006-05-30,44.00,44.00,44.00,44.00,000,22.00
2006-05-26,44.00,44.00,44.00,44.00,000,22.00
2006-05-25,44.00,44.00,44.00,44.00,000,22.00
2006-05-24,44.00,44.00,44.00,44.00,200,22.00
2006-05-23,44.00,44.00,44.00,44.00,000,22.00
2006-05-22,44.00,44.00,44.00,44.00,000,22.00
2006-05-19,44.00,44.00,44.00,44.00,000,22.00
2006-05-18,44.00,44.00,44.00,44.00,000,22.00
2006-05-17,40.00,44.00,40.00,44.00,17600,22.00
2006-05-16,43.50,44.00,43.50,44.00,29600,22.00
2006-05-15,43.00,43.00,43.00,43.00,000,21.50
2006-05-12,43.00,43.00,43.00,43.00,000,21.50
2006-05-11,43.00,43.00,42.50,43.00,71000,21.50
2006-05-10,42.00,42.00,42.00,42.00,000,21.00
2006-05-09,42.00,42.00,42.00,42.00,000,21.00
2006-05-08,42.00,42.00,42.00,42.00,000,21.00
2006-05-05,41.00,42.00,41.00,42.00,800,21.00
2006-05-04,40.00,40.00,40.00,40.00,4000,20.00
2006-05-03,45.00,45.00,45.00,45.00,000,22.50
2006-05-02,45.00,45.00,45.00,45.00,000,22.50
2006-05-01,45.00,45.00,45.00,45.00,200,22.50
2006-04-28,40.00,40.00,40.00,40.00,000,20.00
2006-04-27,40.00,40.00,40.00,40.00,100000,20.00
2006-04-26,40.00,40.00,40.00,40.00,000,20.00
2006-04-25,40.00,40.00,40.00,40.00,000,20.00
2006-04-24,40.00,40.00,40.00,40.00,000,20.00
2006-04-21,40.00,40.00,40.00,40.00,000,20.00
2006-04-20,40.00,40.00,40.00,40.00,3000,20.00
2006-04-19,40.00,40.00,40.00,40.00,000,20.00
2006-04-18,40.00,40.00,40.00,40.00,000,20.00
2006-04-17,40.00,40.00,40.00,40.00,000,20.00
2006-04-13,40.00,40.00,40.00,40.00,000,20.00
2006-04-12,40.00,40.00,40.00,40.00,000,20.00
2006-04-11,40.00,40.00,40.00,40.00,000,20.00
2006-04-10,38.00,40.00,38.00,40.00,9600,20.00
2006-04-07,36.00,36.00,36.00,36.00,000,18.00
2006-04-06,36.00,36.00,36.00,36.00,000,18.00
2006-04-05,36.00,37.00,36.00,36.00,8600,18.00
2006-04-04,38.50,40.00,35.00,40.00,3000,20.00
2006-04-03,40.00,40.00,40.00,40.00,000,20.00
2006-03-31,40.00,40.00,40.00,40.00,000,20.00
2006-03-30,40.00,40.00,40.00,40.00,1000,20.00
2006-03-29,39.00,39.00,39.00,39.00,000,19.50
2006-03-28,38.00,41.00,38.00,39.00,1200,19.50
2006-03-27,39.00,39.00,38.00,38.00,42200,19.00
2006-03-24,39.00,39.00,39.00,39.00,000,19.50
2006-03-23,39.00,39.00,39.00,39.00,000,19.50
2006-03-22,39.00,39.00,39.00,39.00,000,19.50
2006-03-21,39.00,39.00,39.00,39.00,200,19.50
2006-03-20,39.00,39.00,39.00,39.00,000,19.50
2006-03-17,31.00,39.00,31.00,39.00,1400,19.50
2006-03-16,31.00,35.00,31.00,35.00,3000,17.50
2006-03-15,38.00,38.00,38.00,38.00,000,19.00
2006-03-14,38.00,38.00,38.00,38.00,000,19.00
2006-03-13,38.00,38.00,38.00,38.00,400,19.00
2006-03-10,38.00,38.00,38.00,38.00,000,19.00
2006-03-09,38.00,38.00,38.00,38.00,000,19.00
2006-03-08,38.00,38.00,38.00,38.00,000,19.00
2006-03-07,38.00,38.00,38.00,38.00,000,19.00
2006-03-06,38.00,38.00,38.00,38.00,000,19.00
2006-03-03,38.00,38.00,38.00,38.00,000,19.00
2006-03-02,38.00,38.00,38.00,38.00,000,19.00
2006-03-01,38.00,38.00,38.00,38.00,000,19.00
2006-02-28,38.00,38.00,38.00,38.00,000,19.00
2006-02-27,38.00,38.00,38.00,38.00,2400,19.00
2006-02-24,38.00,38.00,37.00,37.00,54400,18.50
2006-02-23,33.00,33.00,33.00,33.00,3800,16.50
2006-02-22,31.00,31.00,31.00,31.00,000,15.50
2006-02-21,31.00,31.00,31.00,31.00,000,15.50
2006-02-17,31.00,31.00,31.00,31.00,000,15.50
2006-02-16,31.00,31.00,31.00,31.00,000,15.50
2006-02-15,31.00,31.00,31.00,31.00,400,15.50
2006-02-14,37.50,37.50,37.50,37.50,1000,18.75
2006-02-13,37.00,37.00,37.00,37.00,200,18.50
2006-02-10,31.00,31.00,31.00,31.00,000,15.50
2006-02-09,31.00,31.00,31.00,31.00,000,15.50
2006-02-08,31.00,31.00,31.00,31.00,000,15.50
2006-02-07,31.00,31.00,31.00,31.00,400,15.50
2006-02-06,36.00,36.00,36.00,36.00,400,18.00
2006-02-03,32.55,37.05,32.50,37.00,17800,18.50
2006-02-02,32.00,32.00,30.00,30.00,9000,15.00
2006-02-01,31.00,31.00,30.65,30.65,800,15.32
2006-01-31,30.00,30.00,30.00,30.00,000,15.00
2006-01-30,30.00,30.00,30.00,30.00,000,15.00
2006-01-27,30.00,30.00,30.00,30.00,000,15.00
2006-01-26,30.00,30.00,29.75,30.00,3200,15.00
2006-01-25,28.50,28.50,28.50,28.50,1000,14.25
2006-01-24,28.35,28.35,28.35,28.35,000,14.18
2006-01-23,28.35,28.35,28.35,28.35,1000,14.18
2006-01-20,28.50,28.50,28.50,28.50,000,14.25
2006-01-19,28.50,28.50,28.50,28.50,000,14.25
2006-01-18,28.50,28.50,28.50,28.50,000,14.25
2006-01-17,28.50,28.50,28.50,28.50,000,14.25
2006-01-13,28.50,28.50,28.50,28.50,000,14.25
2006-01-12,28.50,28.50,28.50,28.50,000,14.25
2006-01-11,28.50,28.50,28.50,28.50,000,14.25
2006-01-10,28.50,28.50,28.50,28.50,000,14.25
2006-01-09,28.50,28.50,28.50,28.50,000,14.25
2006-01-06,28.50,28.50,28.50,28.50,000,14.25
2006-01-05,28.50,28.50,28.50,28.50,000,14.25
2006-01-04,28.50,28.50,28.50,28.50,000,14.25
2006-01-03,28.50,28.50,28.50,28.50,000,14.25
2005-12-30,28.00,28.50,28.00,28.50,30000,14.25
2005-12-29,27.00,28.00,27.00,27.95,8600,13.98
2005-12-28,27.10,27.10,27.10,27.10,000,13.55
2005-12-27,27.10,27.10,27.10,27.10,000,13.55
2005-12-23,27.10,27.10,27.00,27.10,3000,13.55
2005-12-22,26.05,27.95,26.05,27.95,3400,13.98
2005-12-21,27.95,27.95,27.95,27.95,4000,13.98
2005-12-20,25.00,25.00,25.00,25.00,000,12.50
2005-12-19,25.00,25.00,25.00,25.00,000,12.50
2005-12-16,23.00,25.00,23.00,25.00,2400,12.50
2005-12-15,24.00,24.00,24.00,24.00,2000,12.00
2005-12-14,23.00,23.00,23.00,23.00,000,11.50
2005-12-13,23.00,23.00,23.00,23.00,200,11.50
2005-12-12,25.00,25.00,25.00,25.00,000,12.50
2005-12-09,25.00,25.00,25.00,25.00,000,12.50
2005-12-08,25.00,25.00,25.00,25.00,000,12.50
2005-12-07,25.00,25.00,25.00,25.00,18800,12.50
2005-12-06,26.00,26.00,26.00,26.00,400,13.00
2005-12-05,25.00,25.00,25.00,25.00,000,12.50
2005-12-02,25.00,25.00,25.00,25.00,000,12.50
2005-12-01,25.00,25.00,25.00,25.00,2000,12.50
2005-11-30,25.00,25.00,25.00,25.00,000,12.50
2005-11-29,25.00,25.00,25.00,25.00,000,12.50
2005-11-28,25.00,25.00,25.00,25.00,000,12.50
2005-11-25,25.00,25.00,25.00,25.00,000,12.50
2005-11-23,25.00,25.00,25.00,25.00,000,12.50
2005-11-22,25.00,25.00,25.00,25.00,800,12.50
2005-11-21,27.00,27.00,26.00,26.00,1400,13.00
2005-11-18,25.00,25.00,25.00,25.00,000,12.50
2005-11-17,25.00,25.00,25.00,25.00,000,12.50
2005-11-16,25.00,25.00,25.00,25.00,000,12.50
2005-11-15,25.00,25.00,25.00,25.00,000,12.50
2005-11-14,25.00,25.00,25.00,25.00,800,12.50
2005-11-11,25.00,25.00,25.00,25.00,000,12.50
2005-11-10,25.00,25.00,25.00,25.00,400,12.50
2005-11-09,25.00,25.00,25.00,25.00,000,12.50
2005-11-08,25.00,25.00,25.00,25.00,1000,12.50
2005-11-07,28.00,28.00,28.00,28.00,000,14.00
2005-11-04,28.00,28.00,28.00,28.00,000,14.00
2005-11-03,28.00,28.00,28.00,28.00,000,14.00
2005-11-02,28.00,28.00,28.00,28.00,1200,14.00
2005-11-01,28.00,28.00,28.00,28.00,000,14.00
2005-10-31,25.00,28.00,25.00,28.00,1200,14.00
2005-10-28,25.00,25.00,24.98,24.98,303800,12.49
2005-10-27,25.00,25.00,25.00,25.00,000,12.50
2005-10-26,25.00,25.00,25.00,25.00,400,12.50
2005-10-25,25.00,25.00,25.00,25.00,000,12.50
2005-10-24,25.00,25.00,25.00,25.00,000,12.50
2005-10-21,25.00,25.00,25.00,25.00,000,12.50
2005-10-20,25.00,25.00,25.00,25.00,000,12.50
2005-10-19,25.00,25.00,25.00,25.00,000,12.50
2005-10-18,25.00,25.00,25.00,25.00,000,12.50
2005-10-17,25.00,25.00,25.00,25.00,1600,12.50
2005-10-14,25.00,25.00,25.00,25.00,000,12.50
2005-10-13,25.00,25.00,25.00,25.00,800,12.50
2005-10-12,26.05,26.05,26.05,26.05,000,13.02
2005-10-11,26.05,26.05,26.05,26.05,000,13.02
2005-10-10,26.05,26.05,26.05,26.05,000,13.02
2005-10-07,26.05,26.05,26.05,26.05,257200,13.02
2005-10-06,27.00,28.00,27.00,28.00,5000,14.00
2005-10-05,26.50,26.50,26.50,26.50,1000,13.25
2005-10-04,26.50,26.50,26.50,26.50,000,13.25
2005-10-03,26.50,26.50,26.50,26.50,41000,13.25
2005-09-30,25.00,25.00,25.00,25.00,400,12.50
2005-09-29,28.00,28.00,28.00,28.00,000,14.00
2005-09-28,28.00,28.00,28.00,28.00,000,14.00
2005-09-27,28.00,28.00,28.00,28.00,000,14.00
2005-09-26,28.00,28.00,28.00,28.00,000,14.00
2005-09-23,28.00,28.00,28.00,28.00,000,14.00
2005-09-22,28.00,28.00,28.00,28.00,000,14.00
2005-09-21,28.00,28.00,28.00,28.00,000,14.00
2005-09-20,28.00,28.00,28.00,28.00,000,14.00
2005-09-19,28.00,28.00,28.00,28.00,2000,14.00
2005-09-16,25.00,25.00,25.00,25.00,3600,12.50
2005-09-15,28.00,28.00,28.00,28.00,000,14.00
2005-09-14,28.00,28.00,28.00,28.00,000,14.00
2005-09-13,28.00,28.00,28.00,28.00,000,14.00
2005-09-12,28.00,28.00,28.00,28.00,000,14.00
2005-09-09,28.00,28.00,28.00,28.00,000,14.00
2005-09-08,28.00,28.00,28.00,28.00,6000,14.00
2005-09-07,28.00,28.00,28.00,28.00,25400,14.00
2005-09-06,28.00,28.00,28.00,28.00,000,14.00
2005-09-02,28.00,28.00,28.00,28.00,000,14.00
2005-09-01,28.00,28.00,28.00,28.00,000,14.00
2005-08-31,28.00,28.00,28.00,28.00,000,14.00
2005-08-30,28.00,28.00,28.00,28.00,000,14.00
2005-08-29,29.00,29.00,28.00,28.00,2200,14.00
2005-08-26,28.00,28.00,28.00,28.00,1000,14.00
2005-08-25,25.00,25.00,25.00,25.00,000,12.50
2005-08-24,25.00,25.00,25.00,25.00,400,12.50
2005-08-23,24.00,24.00,24.00,24.00,000,12.00
2005-08-22,24.00,24.00,24.00,24.00,800,12.00
2005-08-19,25.00,25.00,25.00,25.00,000,12.50
2005-08-18,25.00,25.00,25.00,25.00,000,12.50
2005-08-17,25.00,25.00,25.00,25.00,000,12.50
2005-08-16,25.00,25.00,25.00,25.00,1600,12.50
2005-08-15,25.00,25.00,25.00,25.00,000,12.50
2005-08-12,25.00,25.00,25.00,25.00,10000,12.50
2005-08-11,25.00,25.00,20.00,20.00,7600,10.00
2005-08-10,25.00,25.00,25.00,25.00,2000,12.50
2005-08-09,25.00,25.00,25.00,25.00,37800,12.50
2005-08-08,25.00,25.00,25.00,25.00,000,12.50
2005-08-05,25.00,25.00,25.00,25.00,000,12.50
2005-08-04,25.00,25.00,25.00,25.00,000,12.50
2005-08-03,25.00,25.00,25.00,25.00,000,12.50
2005-08-02,25.00,25.00,25.00,25.00,000,12.50
2005-08-01,25.00,25.00,25.00,25.00,100000,12.50
2005-07-29,25.00,25.00,25.00,25.00,000,12.50
2005-07-28,25.00,25.00,25.00,25.00,1000,12.50
2005-07-27,23.00,23.00,23.00,23.00,000,11.50
2005-07-26,23.00,23.00,23.00,23.00,000,11.50
2005-07-25,23.00,23.00,23.00,23.00,000,11.50
2005-07-22,23.00,23.00,23.00,23.00,000,11.50
2005-07-21,32.00,32.50,23.00,23.00,20400,11.50
2005-07-20,23.00,23.00,23.00,23.00,000,11.50
2005-07-19,23.00,23.00,23.00,23.00,600,11.50
2005-07-18,25.00,25.00,25.00,25.00,000,12.50
2005-07-15,25.00,25.00,25.00,25.00,10000,12.50
2005-07-14,25.00,25.00,25.00,25.00,10000,12.50
2005-07-13,25.00,25.00,25.00,25.00,30200,12.50
2005-07-12,26.00,26.00,26.00,26.00,200,13.00
2005-07-11,25.00,25.00,25.00,25.00,000,12.50
2005-07-08,25.00,25.00,25.00,25.00,000,12.50
2005-07-07,25.00,25.00,25.00,25.00,1000,12.50
2005-07-06,25.00,25.00,25.00,25.00,1000,12.50
2005-07-05,25.00,25.00,25.00,25.00,000,12.50
2005-07-01,25.00,25.00,25.00,25.00,600,12.50
2005-06-30,28.00,28.00,28.00,28.00,000,14.00
2005-06-29,27.75,28.00,27.75,28.00,16000,14.00
2005-06-28,25.00,25.00,25.00,25.00,400,12.50
2005-06-27,25.00,25.00,25.00,25.00,600,12.50
2005-06-24,29.50,29.50,29.50,29.50,000,14.75
2005-06-23,29.50,29.50,29.50,29.50,000,14.75
2005-06-22,29.50,29.50,29.50,29.50,000,14.75
2005-06-21,29.50,29.50,29.50,29.50,000,14.75
2005-06-20,29.50,29.50,29.50,29.50,000,14.75
2005-06-17,29.50,29.50,29.50,29.50,000,14.75
2005-06-16,29.50,29.50,29.50,29.50,000,14.75
2005-06-15,29.50,29.50,29.50,29.50,000,14.75
2005-06-14,28.00,29.50,24.50,29.50,70200,14.75
2005-06-13,29.75,29.75,29.75,29.75,000,14.88
2005-06-10,29.00,29.75,29.00,29.75,4600,14.88
2005-06-09,29.00,29.00,29.00,29.00,000,14.50
2005-06-08,29.00,29.00,29.00,29.00,2800,14.50
2005-06-07,29.00,29.00,29.00,29.00,000,14.50
2005-06-06,29.00,29.00,29.00,29.00,000,14.50
2005-06-03,29.00,29.00,29.00,29.00,000,14.50
2005-06-02,29.00,29.00,29.00,29.00,000,14.50
2005-06-01,27.00,29.00,27.00,29.00,60800,14.50
2005-05-31,29.60,29.60,29.60,29.60,000,14.80
2005-05-27,29.60,29.60,29.60,29.60,000,14.80
2005-05-26,29.60,29.60,29.60,29.60,000,14.80
2005-05-25,29.50,29.60,29.50,29.60,5000,14.80
2005-05-24,29.75,29.75,29.75,29.75,000,14.88
2005-05-23,29.75,29.75,29.75,29.75,000,14.88
2005-05-20,29.75,29.75,29.75,29.75,000,14.88
2005-05-19,29.75,29.75,29.75,29.75,000,14.88
2005-05-18,29.50,29.75,29.50,29.75,400,14.88
2005-05-17,29.60,29.60,29.60,29.60,000,14.80
2005-05-16,29.50,29.60,29.50,29.60,400,14.80
2005-05-13,29.95,29.95,29.95,29.95,000,14.98
2005-05-12,29.95,29.95,29.95,29.95,000,14.98
2005-05-11,29.95,29.95,29.95,29.95,000,14.98
2005-05-10,29.95,29.95,29.95,29.95,000,14.98
2005-05-09,29.95,29.95,29.95,29.95,000,14.98
2005-05-06,29.95,29.95,29.95,29.95,000,14.98
2005-05-05,30.00,30.00,29.00,29.95,8800,14.98
2005-05-04,30.00,30.00,30.00,30.00,000,15.00
2005-05-03,29.50,30.00,29.50,30.00,2000,15.00
2005-05-02,30.00,30.00,30.00,30.00,000,15.00
2005-04-29,29.62,30.00,29.62,30.00,2200,15.00
2005-04-28,29.00,29.75,29.00,29.75,9800,14.88
2005-04-27,29.00,29.00,29.00,29.00,5800,14.50
2005-04-26,30.00,30.00,30.00,30.00,000,15.00
2005-04-25,30.00,30.00,30.00,30.00,000,15.00
2005-04-22,29.50,30.00,29.50,30.00,2400,15.00
2005-04-21,30.00,30.00,29.50,30.00,2800,15.00
2005-04-20,30.00,31.00,30.00,31.00,21200,15.50
2005-04-19,31.00,31.00,31.00,31.00,000,15.50
2005-04-18,31.00,31.00,31.00,31.00,000,15.50
2005-04-15,31.00,31.00,31.00,31.00,18600,15.50
2005-04-14,31.00,31.00,31.00,31.00,000,15.50
2005-04-13,31.00,31.00,31.00,31.00,000,15.50
2005-04-12,31.00,31.00,31.00,31.00,800,15.50
2005-04-11,31.00,31.00,31.00,31.00,400,15.50
2005-04-08,30.98,30.98,30.98,30.98,000,15.49
2005-04-07,30.98,30.98,30.98,30.98,000,15.49
2005-04-06,30.98,30.98,30.98,30.98,000,15.49
2005-04-05,30.98,30.98,30.98,30.98,000,15.49
2005-04-04,31.00,31.00,30.98,30.98,61000,15.49
2005-04-01,33.00,33.00,33.00,33.00,000,16.50
2005-03-31,30.00,33.00,30.00,33.00,1800,16.50
2005-03-30,32.00,33.25,32.00,33.25,21600,16.62
2005-03-29,30.00,30.00,30.00,30.00,8400,15.00
2005-03-28,30.00,30.00,30.00,30.00,000,15.00
2005-03-24,30.00,30.00,30.00,30.00,3000,15.00
2005-03-23,30.00,30.00,30.00,30.00,000,15.00
2005-03-22,30.00,30.00,30.00,30.00,000,15.00
2005-03-21,30.00,30.00,30.00,30.00,21600,15.00
2005-03-18,30.00,30.00,30.00,30.00,000,15.00
2005-03-17,30.00,30.00,30.00,30.00,000,15.00
2005-03-16,30.00,30.00,30.00,30.00,000,15.00
2005-03-15,30.00,30.00,30.00,30.00,000,15.00
2005-03-14,30.00,30.00,30.00,30.00,000,15.00
2005-03-11,30.00,30.00,30.00,30.00,000,15.00
2005-03-10,30.00,30.00,30.00,30.00,400,15.00
2005-03-09,30.00,30.00,30.00,30.00,000,15.00
2005-03-08,30.00,30.00,30.00,30.00,000,15.00
2005-03-07,30.00,30.00,30.00,30.00,000,15.00
2005-03-04,29.50,30.00,29.50,30.00,1400,15.00
2005-03-03,31.50,31.50,31.50,31.50,000,15.75
2005-03-02,31.50,31.50,31.50,31.50,000,15.75
2005-03-01,31.50,31.50,31.50,31.50,58400,15.75
2005-02-28,33.00,33.00,33.00,33.00,000,16.50
2005-02-25,33.00,33.00,33.00,33.00,000,16.50
2005-02-24,33.00,33.00,33.00,33.00,000,16.50
2005-02-23,33.00,33.00,33.00,33.00,000,16.50
2005-02-22,30.00,33.00,30.00,33.00,1800,16.50
2005-02-18,30.00,33.00,30.00,31.50,40600,15.75
2005-02-17,29.00,33.00,29.00,33.00,800,16.50
2005-02-16,33.00,33.00,33.00,33.00,000,16.50
2005-02-15,33.00,33.00,33.00,33.00,000,16.50
2005-02-14,33.00,33.00,33.00,33.00,000,16.50
2005-02-11,33.00,33.00,33.00,33.00,36000,16.50
2005-02-10,33.00,33.00,33.00,33.00,36000,16.50
2005-02-09,30.00,33.00,30.00,33.00,2800,16.50
2005-02-08,32.75,32.75,32.75,32.75,8000,16.38
2005-02-07,32.75,32.75,32.75,32.75,8000,16.38
2005-02-04,32.75,32.75,32.75,32.75,8000,16.38
2005-02-03,32.75,32.75,32.75,32.75,8000,16.38
2005-02-02,32.75,32.75,32.75,32.75,110800,16.38
2005-02-01,31.75,33.00,31.75,32.75,152600,16.38
2005-01-31,30.00,30.00,30.00,30.00,400,15.00
2005-01-28,30.00,30.00,30.00,30.00,400,15.00
2005-01-27,30.00,30.00,30.00,30.00,600,15.00
2005-01-26,30.00,30.00,30.00,30.00,000,15.00
2005-01-25,30.00,30.00,30.00,30.00,600,15.00
2005-01-24,32.00,32.00,32.00,32.00,000,16.00
2005-01-21,31.00,32.50,31.00,32.00,26400,16.00
2005-01-20,32.25,32.25,32.25,32.25,000,16.12
2005-01-19,32.25,32.25,32.25,32.25,400,16.12
2005-01-18,32.00,32.50,32.00,32.50,3000,16.25
2005-01-14,32.00,32.00,32.00,32.00,000,16.00
2005-01-13,32.00,32.00,32.00,32.00,000,16.00
2005-01-12,33.00,33.00,32.00,32.00,21400,16.00
2005-01-11,33.25,33.50,33.25,33.25,329400,16.62
2005-01-10,36.00,36.00,36.00,36.00,000,18.00
2005-01-07,33.00,36.00,33.00,36.00,800,18.00
2005-01-06,33.00,33.00,33.00,33.00,000,16.50
2005-01-05,33.00,33.00,33.00,33.00,1800,16.50
2005-01-04,33.00,33.00,33.00,33.00,000,16.50
2005-01-03,33.00,33.00,33.00,33.00,247200,16.50
2004-12-31,32.00,32.00,32.00,32.00,18000,16.00
2004-12-30,30.00,30.00,30.00,30.00,1600,15.00
2004-12-29,29.00,36.50,29.00,36.50,600,18.25
2004-12-28,33.00,36.30,32.50,36.30,67000,18.15
2004-12-27,33.00,33.00,32.75,32.75,1200,16.38
2004-12-23,33.00,33.00,33.00,33.00,000,16.50
2004-12-22,33.00,33.00,33.00,33.00,000,16.50
2004-12-21,32.00,33.00,29.10,33.00,35800,16.50
2004-12-20,29.00,35.00,29.00,32.00,42400,16.00
2004-12-17,28.00,30.00,28.00,30.00,2400,15.00
2004-12-16,31.00,31.00,31.00,31.00,000,15.50
2004-12-15,31.00,31.00,31.00,31.00,000,15.50
2004-12-14,31.00,31.00,31.00,31.00,10000,15.50
2004-12-13,29.10,31.00,28.00,30.00,52600,15.00
2004-12-10,29.10,29.10,29.10,29.10,200,14.55
2004-12-09,28.00,28.00,27.00,27.00,18200,13.50
2004-12-08,29.00,29.00,29.00,29.00,200,14.50
2004-12-07,28.50,29.50,28.50,29.25,4400,14.62
2004-12-06,29.00,30.00,29.00,30.00,43400,15.00
2004-12-03,29.25,29.25,29.25,29.25,000,14.62
2004-12-02,29.25,29.25,29.25,29.25,000,14.62
2004-12-01,29.00,29.25,29.00,29.25,2200,14.62
2004-11-30,29.10,29.10,29.10,29.10,000,14.55
2004-11-29,26.00,29.10,26.00,29.10,8800,14.55
2004-11-26,29.00,29.00,29.00,29.00,000,14.50
2004-11-24,27.50,29.00,27.50,29.00,13600,14.50
2004-11-23,29.00,29.00,29.00,29.00,000,14.50
2004-11-22,29.00,29.00,29.00,29.00,000,14.50
2004-11-19,29.00,29.00,29.00,29.00,000,14.50
2004-11-18,29.00,29.00,29.00,29.00,5800,14.50
2004-11-17,24.00,28.75,24.00,28.44,14800,14.22
2004-11-16,26.23,30.00,26.23,29.50,17200,14.75
2004-11-15,25.50,27.00,25.50,26.27,23000,13.14
2004-11-12,26.00,26.00,26.00,26.00,20000,13.00
2004-11-11,26.30,26.30,26.30,26.30,000,13.15
2004-11-10,26.40,26.40,26.30,26.30,20000,13.15
2004-11-09,24.00,26.50,24.00,26.50,14400,13.25
2004-11-08,24.50,24.50,24.50,24.50,000,12.25
2004-11-05,24.50,24.50,24.50,24.50,000,12.25
2004-11-04,30.00,30.00,24.50,24.50,3200,12.25
2004-11-03,24.50,24.52,24.50,24.52,80000,12.26
2004-11-02,24.50,24.50,24.50,24.50,000,12.25
2004-11-01,24.50,24.50,24.50,24.50,000,12.25
2004-10-29,26.00,26.00,24.50,24.50,120400,12.25
2004-10-28,24.00,25.00,24.00,25.00,8600,12.50
2004-10-27,23.50,23.50,23.50,23.50,33600,11.75
2004-10-26,24.15,24.50,24.15,24.50,14000,12.25
2004-10-25,24.40,24.40,24.20,24.20,1200,12.10
2004-10-22,24.00,24.40,24.00,24.40,4600,12.20
2004-10-21,24.00,24.00,23.50,24.00,10000,12.00
2004-10-20,24.50,24.50,24.20,24.20,400,12.10
2004-10-19,24.15,24.15,24.15,24.15,115400,12.07
2004-10-18,24.50,24.50,24.50,24.50,000,12.25
2004-10-15,24.00,27.00,24.00,24.50,3200,12.25
2004-10-14,24.00,24.00,24.00,24.00,400,12.00
2004-10-13,24.00,24.00,23.99,24.00,185200,12.00
2004-10-12,23.25,24.00,23.25,23.50,27000,11.75
2004-10-11,23.50,23.50,23.50,23.50,200,11.75
2004-10-08,21.00,21.00,21.00,21.00,200,10.50
2004-10-07,23.50,23.50,23.50,23.50,1000,11.75
2004-10-06,24.00,24.00,24.00,24.00,000,12.00
2004-10-05,24.00,24.00,24.00,24.00,000,12.00
2004-10-04,24.00,24.00,24.00,24.00,238600,12.00
2004-10-01,24.00,24.00,24.00,24.00,1800,12.00
2004-09-30,24.00,25.00,24.00,24.00,14600,12.00
2004-09-29,24.00,24.00,23.00,24.00,2600,12.00
2004-09-28,23.00,24.00,23.00,24.00,1000,12.00
2004-09-27,23.63,24.00,23.63,24.00,15200,12.00
2004-09-24,24.00,24.00,24.00,24.00,000,12.00
2004-09-23,21.00,24.00,21.00,24.00,4800,12.00
2004-09-22,23.50,23.50,23.50,23.50,838800,11.75
2004-09-21,23.00,23.00,23.00,23.00,6000,11.50
2004-09-20,23.00,23.00,23.00,23.00,000,11.50
2004-09-17,23.00,23.00,23.00,23.00,000,11.50
2004-09-16,23.00,23.00,23.00,23.00,000,11.50
2004-09-15,23.00,23.10,23.00,23.00,68200,11.50
2004-09-14,23.28,23.28,23.00,23.00,32800,11.50
2004-09-13,24.00,24.00,24.00,24.00,4200,12.00
2004-09-10,24.00,24.00,24.00,24.00,000,12.00
2004-09-09,24.00,24.00,24.00,24.00,000,12.00
2004-09-08,24.00,24.00,24.00,24.00,000,12.00
2004-09-07,24.00,24.00,24.00,24.00,000,12.00
2004-09-03,24.00,24.00,24.00,24.00,000,12.00
2004-09-02,24.00,24.00,24.00,24.00,000,12.00
2004-09-01,24.00,24.00,24.00,24.00,000,12.00
2004-08-31,24.00,24.00,24.00,24.00,000,12.00
2004-08-30,24.00,24.00,24.00,24.00,000,12.00
2004-08-27,24.00,24.50,24.00,24.00,20200,12.00
2004-08-26,24.50,24.50,24.50,24.50,78000,12.25
2004-08-25,24.50,24.50,24.50,24.50,300200,12.25
2004-08-24,24.50,24.50,24.50,24.50,000,12.25
2004-08-23,24.50,24.50,24.50,24.50,3000,12.25
2004-08-20,23.90,23.90,23.90,23.90,20200,11.95
2004-08-19,25.00,25.00,25.00,25.00,000,12.50
2004-08-18,24.50,25.00,24.00,25.00,404000,12.50
2004-08-17,27.50,27.50,27.50,27.50,6000,13.75
2004-08-16,23.00,27.50,23.00,27.50,800,13.75
2004-08-13,27.50,27.50,27.50,27.50,000,13.75
2004-08-12,27.50,27.50,27.50,27.50,000,13.75
2004-08-11,27.55,27.55,27.00,27.50,5200,13.75
2004-08-10,27.60,27.60,27.60,27.60,400,13.80
2004-08-09,27.50,27.50,27.50,27.50,000,13.75
2004-08-06,27.50,27.50,27.50,27.50,000,13.75
2004-08-05,27.55,27.55,27.50,27.50,17200,13.75
2004-08-04,28.05,28.05,28.00,28.00,7200,14.00
2004-08-03,30.99,30.99,30.99,30.99,000,15.49
2004-08-02,30.99,30.99,30.99,30.99,000,15.49
2004-07-30,21.25,31.98,21.25,30.99,10800,15.49
2004-07-29,29.00,30.99,22.25,30.99,4400,15.49
2004-07-28,29.00,29.00,29.00,29.00,200,14.50
2004-07-27,26.75,28.97,26.75,27.00,8000,13.50
2004-07-26,25.00,28.98,25.00,28.98,9400,14.49
2004-07-23,27.00,29.00,21.25,28.00,7200,14.00
2004-07-22,27.00,29.00,21.25,21.25,56600,10.62
2004-07-21,29.00,29.00,29.00,29.00,200,14.50
2004-07-20,29.00,29.00,29.00,29.00,000,14.50
2004-07-19,26.00,29.00,25.00,29.00,3200,14.50
2004-07-16,21.00,28.99,21.00,22.00,14200,11.00
2004-07-15,28.99,28.99,28.99,28.99,000,14.49
2004-07-14,28.99,28.99,28.99,28.99,000,14.49
2004-07-13,21.00,28.99,21.00,28.99,1400,14.49
2004-07-12,28.99,28.99,28.99,28.99,000,14.49
2004-07-09,28.99,28.99,28.99,28.99,000,14.49
2004-07-08,28.99,28.99,28.99,28.99,000,14.49
2004-07-07,28.99,28.99,28.99,28.99,200,14.49
2004-07-06,29.00,29.00,29.00,29.00,000,14.50
2004-07-02,21.00,29.00,21.00,29.00,2600,14.50
2004-07-01,27.00,28.99,27.00,28.99,600,14.49
2004-06-30,29.00,29.00,29.00,29.00,200,14.50
2004-06-29,25.00,29.00,25.00,29.00,1000,14.50
2004-06-28,29.00,29.00,29.00,29.00,200,14.50
2004-06-25,28.99,28.99,28.99,28.99,000,14.49
2004-06-24,28.99,28.99,28.99,28.99,000,14.49
2004-06-23,29.00,29.00,20.00,28.99,1000,14.49
2004-06-22,25.00,28.99,25.00,28.99,2200,14.49
2004-06-21,28.99,28.99,28.99,28.99,000,14.49
2004-06-18,27.00,28.99,24.00,28.99,2000,14.49
2004-06-17,30.00,30.00,30.00,30.00,000,15.00
2004-06-16,30.00,30.00,30.00,30.00,200,15.00
2004-06-15,29.99,29.99,29.99,29.99,000,14.99
2004-06-14,29.99,29.99,29.99,29.99,000,14.99
2004-06-10,21.00,30.00,21.00,29.99,1600,14.99
2004-06-09,30.99,30.99,30.99,30.99,000,15.49
2004-06-08,27.00,30.99,27.00,30.99,11400,15.49
2004-06-07,30.99,30.99,30.99,30.99,000,15.49
2004-06-04,30.99,30.99,30.99,30.99,000,15.49
2004-06-03,29.50,30.99,29.50,30.99,400,15.49
2004-06-02,30.99,30.99,30.99,30.99,400,15.49
2004-06-01,29.50,29.50,29.50,29.50,200,14.75
2004-05-28,30.99,30.99,30.99,30.99,200,15.49
2004-05-27,31.00,31.00,31.00,31.00,200,15.50
2004-05-26,30.99,30.99,30.99,30.99,200,15.49
2004-05-25,30.00,30.00,30.00,30.00,3000,15.00
2004-05-24,30.00,30.00,30.00,30.00,200,15.00
2004-05-21,29.50,29.50,29.50,29.50,000,14.75
2004-05-20,30.00,33.00,29.25,29.50,5400,14.75
2004-05-19,30.00,30.00,30.00,30.00,1200,15.00
2004-05-18,31.00,31.00,31.00,31.00,000,15.50
2004-05-17,31.50,31.50,30.75,31.00,46400,15.50
2004-05-14,31.00,31.00,30.00,31.00,33800,15.50
2004-05-13,36.00,36.00,36.00,36.00,000,18.00
2004-05-12,36.00,36.00,36.00,36.00,200,18.00
2004-05-11,35.00,35.00,35.00,35.00,200,17.50
2004-05-10,33.50,33.50,25.00,33.50,19600,16.75
2004-05-07,35.00,35.00,35.00,35.00,000,17.50
2004-05-06,34.00,35.00,34.00,35.00,12400,17.50
2004-05-05,35.00,35.00,35.00,35.00,400,17.50
2004-05-04,34.00,40.00,34.00,35.00,59400,17.50
2004-05-03,30.00,30.00,30.00,30.00,600,15.00
2004-04-30,35.00,40.00,35.00,40.00,12400,20.00
2004-04-29,37.12,37.12,37.12,37.12,1000,18.56
2004-04-28,38.00,38.00,37.00,38.00,5600,19.00
2004-04-27,38.00,38.00,35.00,37.00,2800,18.50
2004-04-26,37.00,37.50,37.00,37.00,66600,18.50
2004-04-23,38.50,38.50,38.50,38.50,200,19.25
2004-04-22,38.50,38.50,38.50,38.50,200,19.25
2004-04-21,38.50,38.50,38.50,38.50,200,19.25
2004-04-20,36.00,38.50,36.00,38.50,7400,19.25
2004-04-19,39.00,39.00,36.25,38.50,13400,19.25
2004-04-16,38.50,38.50,38.50,38.50,200,19.25
2004-04-15,38.75,38.75,38.75,38.75,200,19.38
2004-04-14,39.00,39.00,35.00,35.00,1200,17.50
2004-04-13,39.00,39.00,39.00,39.00,1000,19.50
2004-04-12,40.00,40.00,36.00,40.00,1000,20.00
2004-04-08,39.99,39.99,39.99,39.99,400,20.00
2004-04-07,38.00,39.00,37.00,39.00,31600,19.50
2004-04-06,40.00,40.00,38.00,39.00,6800,19.50
2004-04-05,40.00,40.00,39.00,39.00,4600,19.50
2004-04-02,37.88,40.00,37.50,39.49,54400,19.75
2004-04-01,38.50,40.00,36.00,40.00,5000,20.00
2004-03-31,35.00,39.00,35.00,38.00,117600,19.00
2004-03-30,34.00,39.00,34.00,39.00,7200,19.50
2004-03-29,39.00,39.00,39.00,39.00,2000,19.50
2004-03-26,39.00,39.00,39.00,39.00,000,19.50
2004-03-25,39.00,39.00,34.00,39.00,3600,19.50
2004-03-24,39.00,39.00,39.00,39.00,000,19.50
2004-03-23,35.00,39.00,35.00,39.00,44600,19.50
2004-03-22,35.00,39.00,35.00,39.00,125600,19.50
2004-03-19,39.75,39.75,39.75,39.75,1000,19.88
2004-03-18,39.75,39.75,39.75,39.75,000,19.88
2004-03-17,39.75,39.75,39.75,39.75,1200,19.88
2004-03-16,39.75,39.75,39.75,39.75,000,19.88
2004-03-15,39.75,39.75,39.75,39.75,800,19.88
2004-03-12,38.00,44.00,35.00,36.00,122200,18.00
2004-03-11,45.00,45.00,45.00,45.00,000,22.50
2004-03-10,45.00,45.00,45.00,45.00,000,22.50
2004-03-09,41.00,45.00,41.00,45.00,4600,22.50
2004-03-08,46.00,46.00,46.00,46.00,000,23.00
2004-03-05,46.00,46.00,46.00,46.00,000,23.00
2004-03-04,46.00,46.00,46.00,46.00,000,23.00
2004-03-03,42.00,46.00,42.00,46.00,2600,23.00
2004-03-02,47.00,47.00,47.00,47.00,000,23.50
2004-03-01,47.00,47.00,47.00,47.00,000,23.50
2004-02-27,46.50,47.00,45.75,47.00,5400,23.50
2004-02-26,46.00,47.00,46.00,47.00,5000,23.50
2004-02-25,45.00,47.00,45.00,47.00,6000,23.50
2004-02-24,44.00,47.00,44.00,47.00,23000,23.50
2004-02-23,47.00,47.00,45.25,47.00,12000,23.50
2004-02-20,45.00,47.50,45.00,47.50,4600,23.75
2004-02-19,47.00,48.00,47.00,47.00,16200,23.50
2004-02-18,48.05,48.05,47.00,48.00,7800,24.00
2004-02-17,47.00,48.00,47.00,48.00,30000,24.00
2004-02-13,47.00,47.00,47.00,47.00,000,23.50
2004-02-12,47.00,47.30,47.00,47.00,11000,23.50
2004-02-11,47.00,47.50,47.00,47.50,85000,23.75
2004-02-10,47.75,48.00,47.00,48.00,122600,24.00
2004-02-09,47.00,50.00,46.00,50.00,271800,25.00
2004-02-06,47.00,49.00,47.00,47.00,40800,23.50
2004-02-05,47.00,50.00,47.00,48.00,13400,24.00
2004-02-04,47.00,49.00,47.00,49.00,259200,24.50
2004-02-03,48.00,53.00,46.95,47.25,416000,23.62
2004-02-02,51.25,54.00,46.00,52.00,76400,26.00
2004-01-30,52.00,52.00,51.25,51.25,27000,25.62
2004-01-29,54.00,54.25,51.50,51.50,106600,25.75
2004-01-28,55.50,57.00,54.50,55.50,175800,27.75
2004-01-27,52.86,57.00,52.00,57.00,17800,28.50
