Date,Open,High,Low,Close,Volume,Adj Close
2012-05-04,22.74,22.96,22.42,22.90,25100,22.90
2012-05-03,22.65,22.94,22.33,22.60,46000,22.60
2012-05-02,21.95,23.09,21.95,22.79,110000,22.79
2012-05-01,23.80,23.84,23.03,23.32,63900,22.82
2012-04-30,22.89,23.51,22.78,23.44,68000,22.94
2012-04-27,22.83,22.85,22.58,22.83,26800,22.34
2012-04-26,22.43,22.87,22.43,22.64,34200,22.15
2012-04-25,22.59,22.59,22.20,22.58,51000,22.10
2012-04-24,22.18,22.49,22.18,22.40,26800,21.92
2012-04-23,22.32,22.53,22.02,22.12,65900,21.65
2012-04-20,22.31,22.57,22.15,22.44,33900,21.96
2012-04-19,22.49,22.59,22.27,22.31,10800,21.83
2012-04-18,22.40,22.48,22.26,22.40,9900,21.92
2012-04-17,22.41,22.59,22.36,22.37,14100,21.89
2012-04-16,22.54,22.54,22.13,22.38,10700,21.90
2012-04-13,22.55,22.68,22.34,22.42,11900,21.94
2012-04-12,22.42,22.88,22.42,22.66,22200,22.17
2012-04-11,22.14,22.53,22.01,22.41,16200,21.93
2012-04-10,22.59,22.72,22.00,22.01,51100,21.54
2012-04-09,22.68,22.95,22.51,22.71,11900,22.22
2012-04-05,23.34,23.40,22.86,23.03,35600,22.54
2012-04-04,23.38,23.56,23.13,23.48,22600,22.98
2012-04-03,23.37,23.69,23.25,23.48,32000,22.98
2012-04-02,23.23,23.50,23.10,23.41,19600,22.91
2012-03-30,23.16,23.39,23.15,23.23,18700,22.73
2012-03-29,23.39,23.72,23.10,23.24,79500,22.74
2012-03-28,23.51,23.84,23.21,23.52,93300,23.02
2012-03-27,23.08,23.60,23.08,23.46,76000,22.96
2012-03-26,23.55,23.59,23.10,23.10,34200,22.60
2012-03-23,23.41,23.46,23.12,23.37,19400,22.87
2012-03-22,23.88,24.00,23.15,23.23,43400,22.73
2012-03-21,24.72,24.72,23.74,24.02,44100,23.50
2012-03-20,24.16,24.75,23.52,24.75,72100,24.22
2012-03-19,23.25,24.48,23.15,24.34,75000,23.82
2012-03-16,23.11,23.50,23.11,23.33,86500,22.83
2012-03-15,22.17,23.15,21.96,23.10,102400,22.60
2012-03-14,22.47,22.72,21.88,22.07,66100,21.60
2012-03-13,23.00,23.00,22.25,22.46,38300,21.98
2012-03-12,22.72,23.00,22.25,22.97,45200,22.48
2012-03-09,22.28,22.86,22.28,22.77,24600,22.28
2012-03-08,22.32,22.70,22.20,22.28,47100,21.80
2012-03-07,22.22,22.46,22.17,22.37,30000,21.89
2012-03-06,22.35,22.45,22.01,22.01,29200,21.54
2012-03-05,22.34,22.73,22.34,22.45,25000,21.97
2012-03-02,22.32,22.77,22.26,22.37,21900,21.89
2012-03-01,22.18,22.56,22.00,22.31,27000,21.83
2012-02-29,22.20,22.45,21.95,21.98,21900,21.51
2012-02-28,22.46,22.80,22.05,22.13,29300,21.66
2012-02-27,22.48,22.75,22.32,22.50,23800,22.02
2012-02-24,22.09,22.45,22.09,22.33,14800,21.85
2012-02-23,22.42,22.44,22.03,22.09,37900,21.62
2012-02-22,22.42,22.58,21.97,21.98,62600,21.51
2012-02-21,22.30,22.59,22.00,22.58,79500,22.10
2012-02-17,23.03,23.17,22.27,22.38,71100,21.90
2012-02-16,23.01,23.08,22.80,23.00,25600,22.51
2012-02-15,23.08,23.20,22.80,22.95,31100,22.46
2012-02-14,23.37,23.49,23.00,23.00,38800,22.51
2012-02-13,23.16,23.59,23.13,23.23,48700,22.73
2012-02-10,23.00,23.17,22.85,23.11,63100,22.61
2012-02-09,23.22,23.37,22.81,23.10,88600,22.60
2012-02-08,23.50,23.50,22.87,23.14,47600,22.64
2012-02-07,23.06,23.25,22.85,23.16,80900,22.66
2012-02-06,23.88,24.03,22.80,23.29,84400,22.79
2012-02-03,23.87,24.28,23.85,24.06,54900,23.54
2012-02-02,23.69,23.87,23.45,23.87,72100,23.36
2012-02-01,23.50,23.81,23.28,23.76,10000,23.25
2012-01-31,23.73,24.22,23.50,24.13,189700,23.12
2012-01-30,23.93,23.99,23.61,23.80,71300,22.81
2012-01-27,23.67,23.99,23.40,23.88,117300,22.88
2012-01-26,23.05,23.60,23.02,23.53,80200,22.55
2012-01-25,22.63,23.00,22.59,22.99,81400,22.03
2012-01-24,22.60,22.80,22.49,22.58,42600,21.64
2012-01-23,22.50,22.85,22.36,22.59,45400,21.65
2012-01-20,22.40,22.95,22.31,22.48,48400,21.54
2012-01-19,22.68,22.79,22.25,22.44,45300,21.50
2012-01-18,22.30,22.79,22.30,22.53,38000,21.59
2012-01-17,22.50,22.75,22.38,22.45,28700,21.51
2012-01-13,22.45,22.77,22.15,22.50,46700,21.56
2012-01-12,22.87,22.88,22.61,22.78,42900,21.83
2012-01-11,22.89,23.00,22.22,22.64,67400,21.70
2012-01-10,23.19,23.19,21.93,22.75,107200,21.80
2012-01-09,22.90,23.14,22.77,22.86,80800,21.91
2012-01-06,22.50,22.95,22.50,22.73,69700,21.78
2012-01-05,22.42,22.75,22.41,22.63,49900,21.69
2012-01-04,22.43,22.65,22.40,22.58,54400,21.64
2012-01-03,22.04,22.72,21.91,22.50,68000,21.56
2011-12-30,21.76,22.40,21.72,21.87,150400,20.96
2011-12-29,21.59,21.96,21.54,21.80,113400,20.89
2011-12-28,22.00,22.00,21.35,21.70,17300,20.79
2011-12-27,21.64,22.09,21.50,22.00,45500,21.08
2011-12-23,22.01,22.26,21.60,21.79,50700,20.88
2011-12-22,22.02,22.53,21.87,22.04,52900,21.12
2011-12-21,21.56,22.43,21.33,22.14,40200,21.22
2011-12-20,22.10,22.20,21.46,21.75,36600,20.84
2011-12-19,22.42,22.42,21.94,22.10,25700,21.18
2011-12-16,22.02,22.71,21.25,22.26,96400,21.33
2011-12-15,21.95,22.03,21.36,22.03,46000,21.11
2011-12-14,22.01,22.12,21.55,21.71,26000,20.80
2011-12-13,22.14,22.21,21.60,22.20,84200,21.27
2011-12-12,21.75,21.94,21.48,21.94,36900,21.02
2011-12-09,21.91,22.05,21.80,21.83,24000,20.92
2011-12-08,22.15,22.17,21.80,21.97,23400,21.05
2011-12-07,21.93,22.23,21.83,22.07,44600,21.15
2011-12-06,22.14,22.25,21.80,22.15,170300,21.23
2011-12-05,21.99,22.40,21.93,22.04,92900,21.12
2011-12-02,21.76,21.88,21.34,21.85,88300,20.94
2011-12-01,21.30,21.75,20.83,21.75,83100,20.84
2011-11-30,21.05,21.50,20.57,20.69,100200,19.83
2011-11-29,20.60,20.72,20.46,20.61,146600,19.75
2011-11-28,20.97,20.97,20.39,20.65,65000,19.79
2011-11-25,20.59,20.94,20.47,20.67,18300,19.81
2011-11-23,19.95,20.62,19.80,20.45,54400,19.60
2011-11-22,19.92,20.14,19.70,19.96,68100,19.13
2011-11-21,19.73,20.09,19.61,19.91,50800,19.08
2011-11-18,19.43,19.93,19.25,19.89,34900,19.06
2011-11-17,19.45,19.60,19.20,19.48,54000,18.67
2011-11-16,19.70,19.73,19.30,19.46,51300,18.65
2011-11-15,19.78,19.97,19.55,19.76,28700,18.94
2011-11-14,19.34,19.91,19.20,19.44,21600,18.63
2011-11-11,19.32,19.60,19.00,19.34,63400,18.53
2011-11-10,19.50,20.00,19.05,19.18,47800,18.38
2011-11-09,19.05,19.49,18.86,19.15,90700,18.35
2011-11-08,20.04,20.04,19.40,19.56,54200,18.74
2011-11-07,20.02,20.41,19.25,20.26,102000,19.41
2011-11-04,21.00,21.00,20.03,20.70,39600,19.84
2011-11-03,20.80,21.25,20.68,20.89,69700,20.02
2011-11-02,20.20,21.00,19.95,20.64,60700,19.78
2011-11-01,18.07,20.96,18.07,19.97,91900,19.14
2011-10-31,20.94,21.63,20.50,21.37,172000,20.00
2011-10-28,20.20,20.85,20.00,20.61,95000,19.29
2011-10-27,19.98,20.18,19.71,19.99,80700,18.71
2011-10-26,19.46,19.75,19.29,19.73,65300,18.46
2011-10-25,19.72,19.72,19.18,19.31,64000,18.07
2011-10-24,19.16,19.99,18.93,19.66,123000,18.40
2011-10-21,18.90,19.20,18.54,18.96,112200,17.74
2011-10-20,17.21,18.75,17.20,18.68,119700,17.48
2011-10-19,15.18,16.75,15.18,16.70,193000,15.63
2011-10-18,15.02,15.41,14.90,15.18,80200,14.21
2011-10-17,15.23,15.23,14.74,14.86,62800,13.91
2011-10-14,15.50,15.64,15.14,15.18,37000,14.21
2011-10-13,15.10,15.85,14.73,15.28,95900,14.30
2011-10-12,15.83,16.30,15.13,15.17,132000,14.20
2011-10-11,16.00,16.22,15.57,15.78,91000,14.77
2011-10-10,16.46,16.79,15.81,15.92,81700,14.90
2011-10-07,17.06,17.55,16.02,16.11,36600,15.08
2011-10-06,16.61,17.51,16.50,16.90,49000,15.82
2011-10-05,16.19,16.65,15.68,16.43,40800,15.38
2011-10-04,16.23,16.45,15.23,16.27,107500,15.23
2011-10-03,17.34,17.65,16.43,16.52,82900,15.46
2011-09-30,17.59,18.33,17.52,17.58,59900,16.45
2011-09-29,18.25,18.43,17.75,17.89,79800,16.74
2011-09-28,19.45,19.54,17.69,18.04,246600,16.88
2011-09-27,19.59,20.19,19.14,19.89,51600,18.61
2011-09-26,20.02,20.02,19.14,19.32,37900,18.08
2011-09-23,20.03,20.59,19.67,19.70,67200,18.44
2011-09-22,20.34,20.34,19.76,20.11,41500,18.82
2011-09-21,20.90,21.02,20.42,20.91,38500,19.57
2011-09-20,20.76,21.32,20.49,20.70,45600,19.37
2011-09-19,20.96,21.13,20.31,20.74,28700,19.41
2011-09-16,21.12,21.25,20.74,21.01,16200,19.66
2011-09-15,20.87,21.11,20.75,20.94,20900,19.60
2011-09-14,20.92,20.97,20.49,20.64,12900,19.32
2011-09-13,20.52,20.92,20.35,20.63,32900,19.31
2011-09-12,20.49,21.06,20.30,20.45,60900,19.14
2011-09-09,20.49,21.04,20.24,20.61,89700,19.29
2011-09-08,19.77,20.87,19.72,20.46,60400,19.15
2011-09-07,19.65,20.24,19.53,19.99,37900,18.71
2011-09-06,19.14,19.70,19.14,19.42,52300,18.17
2011-09-02,19.54,19.54,19.32,19.46,39800,18.21
2011-09-01,19.87,19.95,19.49,19.71,40800,18.45
2011-08-31,20.10,20.18,19.74,19.95,49600,18.67
2011-08-30,19.69,20.16,19.40,20.01,44800,18.73
2011-08-29,19.85,19.85,19.44,19.81,47100,18.54
2011-08-26,18.45,19.82,18.40,19.68,66700,18.42
2011-08-25,18.55,18.70,18.20,18.58,39100,17.39
2011-08-24,18.50,18.70,18.17,18.43,34100,17.25
2011-08-23,18.33,18.67,17.95,18.35,71400,17.17
2011-08-22,19.61,19.83,18.01,18.20,118100,17.03
2011-08-19,18.88,19.45,18.88,19.28,69200,18.04
2011-08-18,18.99,19.29,18.75,19.04,65300,17.82
2011-08-17,19.70,19.92,19.17,19.38,68000,18.14
2011-08-16,19.84,19.96,18.88,19.66,175000,18.40
2011-08-15,20.15,20.33,19.32,19.72,101200,18.46
2011-08-12,20.32,20.50,19.80,20.06,78500,18.77
2011-08-11,19.48,20.25,19.00,20.15,67800,18.86
2011-08-10,19.81,20.14,19.06,19.28,116800,18.04
2011-08-09,18.93,20.15,18.50,19.84,129900,18.57
2011-08-08,19.38,19.98,16.76,17.80,248600,16.66
2011-08-05,20.00,20.90,19.40,19.99,231600,18.71
2011-08-04,20.56,20.71,19.70,19.84,131600,18.57
2011-08-03,20.99,21.17,20.55,20.68,81700,19.35
2011-08-02,21.14,21.44,20.62,20.70,76300,19.37
2011-08-01,21.47,21.55,21.06,21.14,69000,19.78
2011-07-29,21.12,22.46,21.04,21.82,126800,19.95
2011-07-28,21.66,21.88,20.80,21.36,170700,19.53
2011-07-27,22.51,22.54,21.50,21.64,143300,19.79
2011-07-26,22.34,22.99,22.26,22.41,107000,20.49
2011-07-25,23.00,23.57,22.30,22.37,191400,20.46
2011-07-22,24.16,24.35,22.71,23.00,280000,21.03
2011-07-21,26.00,26.05,24.35,24.64,227900,22.53
2011-07-20,26.99,26.99,26.32,26.40,26000,24.14
2011-07-19,26.95,26.95,26.20,26.72,40100,24.43
2011-07-18,26.92,26.99,26.56,26.78,41300,24.49
2011-07-15,26.83,27.20,26.49,27.10,156800,24.78
2011-07-14,26.12,26.93,25.80,26.54,96000,24.27
2011-07-13,24.93,26.18,24.93,26.16,116300,23.92
2011-07-12,24.58,24.96,24.28,24.71,32200,22.60
2011-07-11,25.27,25.36,24.19,24.67,86400,22.56
2011-07-08,25.50,25.70,25.26,25.45,31400,23.27
2011-07-07,25.40,25.64,25.31,25.55,42400,23.36
2011-07-06,25.37,25.57,25.02,25.18,45300,23.02
2011-07-05,25.60,25.60,25.25,25.36,50700,23.19
2011-07-01,25.51,25.62,25.45,25.54,50600,23.35
2011-06-30,25.33,25.67,25.10,25.44,61700,23.26
2011-06-29,25.55,25.86,24.98,25.19,70700,23.03
2011-06-28,25.08,25.55,25.08,25.39,50300,23.22
2011-06-27,24.72,25.19,24.49,25.08,95000,22.93
2011-06-24,24.81,25.23,24.58,24.63,64100,22.52
2011-06-23,23.83,24.89,23.82,24.77,133900,22.65
2011-06-22,23.44,24.45,23.31,24.07,114500,22.01
2011-06-21,22.53,23.58,22.53,23.45,173700,21.44
2011-06-20,22.80,22.82,21.90,22.22,400000,20.32
2011-06-17,22.63,22.97,22.61,22.80,61300,20.85
2011-06-16,23.16,23.30,22.57,22.60,97100,20.67
2011-06-15,23.55,23.55,23.00,23.24,66600,21.25
2011-06-14,23.50,23.62,22.51,23.59,214400,21.57
2011-06-13,23.64,23.71,22.82,23.32,134400,21.32
2011-06-10,24.16,24.44,23.56,23.67,136800,21.64
2011-06-09,24.23,24.49,24.18,24.25,54200,22.17
2011-06-08,24.65,24.78,24.00,24.18,69600,22.11
2011-06-07,24.75,25.11,24.60,24.62,75200,22.51
2011-06-06,25.18,25.41,24.75,24.75,34600,22.63
2011-06-03,25.68,26.15,25.07,25.14,51000,22.99
2011-06-02,25.57,26.07,25.29,25.82,47100,23.61
2011-06-01,25.89,26.35,25.58,25.66,50900,23.46
2011-05-31,25.75,26.00,25.72,25.95,76200,23.73
2011-05-27,25.56,25.75,25.54,25.65,44100,23.45
2011-05-26,25.48,25.71,25.36,25.50,43500,23.32
2011-05-25,25.49,25.68,25.42,25.47,38000,23.29
2011-05-24,25.54,25.74,25.27,25.46,65400,23.28
2011-05-23,25.55,25.71,25.28,25.44,58800,23.26
2011-05-20,25.42,25.75,25.41,25.70,62600,23.50
2011-05-19,25.17,25.63,25.05,25.37,39700,23.20
2011-05-18,24.53,25.11,24.40,25.04,47800,22.90
2011-05-17,25.00,25.11,24.49,24.55,62700,22.45
2011-05-16,24.99,25.23,24.91,24.99,65600,22.85
2011-05-13,25.25,25.68,24.90,25.00,62400,22.86
2011-05-12,25.11,25.23,24.76,25.14,80000,22.99
2011-05-11,25.78,26.00,24.95,25.20,89500,23.04
2011-05-10,25.98,26.28,25.73,25.75,56400,23.55
2011-05-09,25.93,26.27,25.91,25.94,74000,23.72
2011-05-06,25.92,26.35,25.52,25.99,50600,23.77
2011-05-05,26.10,26.50,25.54,25.78,61100,23.57
2011-05-04,26.76,27.07,25.82,26.18,113000,23.94
2011-05-03,27.52,27.52,26.67,26.97,75000,24.66
2011-05-02,27.81,28.08,27.36,27.50,201000,25.15
2011-04-29,27.90,28.08,27.81,28.06,171000,25.20
2011-04-28,27.91,27.93,27.75,27.90,63500,25.06
2011-04-27,27.89,27.91,27.60,27.87,57500,25.03
2011-04-26,27.60,27.94,27.49,27.84,75400,25.00
2011-04-25,27.71,27.75,27.52,27.74,46300,24.91
2011-04-21,27.45,27.74,27.41,27.71,72400,24.89
2011-04-20,27.06,27.49,27.02,27.31,67800,24.53
2011-04-19,26.72,27.00,26.64,26.97,55400,24.22
2011-04-18,26.51,26.90,26.41,26.56,20300,23.85
2011-04-15,26.41,27.03,26.30,26.64,35400,23.93
2011-04-14,26.40,26.83,26.12,26.36,136100,23.67
2011-04-13,26.41,26.62,26.38,26.45,43600,23.76
2011-04-12,26.35,26.46,26.06,26.41,73600,23.72
2011-04-11,26.79,26.85,26.25,26.47,75700,23.77
2011-04-08,26.99,27.00,26.53,26.75,21700,24.02
2011-04-07,26.92,26.98,26.70,26.86,36300,24.12
2011-04-06,26.62,26.98,26.50,26.80,47900,24.07
2011-04-05,26.48,26.62,26.43,26.46,43700,23.76
2011-04-04,26.22,26.70,26.22,26.49,49500,23.79
2011-04-01,26.19,26.60,26.18,26.27,101300,23.59
2011-03-31,25.99,26.19,25.84,26.00,79900,23.35
2011-03-30,26.09,26.46,25.73,26.12,106700,23.46
2011-03-29,26.01,26.17,25.83,25.94,31800,23.30
2011-03-28,26.17,26.17,25.77,25.97,49000,23.32
2011-03-25,26.09,26.34,25.98,26.06,67400,23.41
2011-03-24,25.95,26.29,25.90,26.03,87100,23.38
2011-03-23,26.16,26.28,25.83,25.93,79800,23.29
2011-03-22,25.79,26.39,25.60,26.13,98800,23.47
2011-03-21,25.35,25.86,25.19,25.71,66300,23.09
2011-03-18,25.62,25.89,25.15,25.15,117100,22.59
2011-03-17,25.44,25.93,25.28,25.37,85800,22.79
2011-03-16,24.91,25.46,24.85,25.23,100000,22.66
2011-03-15,24.73,25.21,24.52,25.05,95900,22.50
2011-03-14,25.12,25.62,24.62,25.23,109700,22.66
2011-03-11,24.35,25.29,24.21,25.14,129000,22.58
2011-03-10,26.00,26.15,24.19,24.66,290000,22.15
2011-03-09,26.52,26.65,26.10,26.15,163600,23.49
2011-03-08,27.08,27.16,26.58,26.72,139600,24.00
2011-03-07,27.34,27.49,26.92,27.11,72100,24.35
2011-03-04,27.44,27.45,27.13,27.30,56500,24.52
2011-03-03,27.38,27.50,27.25,27.48,39400,24.68
2011-03-02,27.06,27.37,27.00,27.25,53900,24.47
2011-03-01,27.46,27.49,26.84,27.05,99000,24.29
2011-02-28,27.41,27.50,27.13,27.30,60300,24.52
2011-02-25,27.22,27.50,27.05,27.41,58100,24.62
2011-02-24,27.10,27.58,27.00,27.13,67000,24.37
2011-02-23,27.44,27.71,27.01,27.13,81600,24.37
2011-02-22,27.84,27.94,27.45,27.50,123500,24.70
2011-02-18,27.59,27.77,27.34,27.77,92300,24.94
2011-02-17,27.48,27.61,27.45,27.60,69900,24.79
2011-02-16,27.66,27.68,27.36,27.48,85700,24.68
2011-02-15,27.52,27.66,27.26,27.66,108200,24.84
2011-02-14,27.43,27.54,27.25,27.52,98000,24.72
2011-02-11,27.37,27.49,27.31,27.43,69200,24.64
2011-02-10,27.27,27.38,27.25,27.38,70900,24.59
2011-02-09,27.40,27.57,27.25,27.40,109600,24.61
2011-02-08,27.73,27.73,27.30,27.60,124400,24.79
2011-02-07,27.83,27.85,27.61,27.67,122700,24.85
2011-02-04,27.62,27.77,27.62,27.69,250000,24.87
2011-02-03,27.26,27.73,27.12,27.62,1970200,24.81
2011-02-02,28.58,29.00,28.53,28.67,58400,25.75
2011-02-01,29.30,29.59,28.63,28.64,75200,25.72
2011-01-31,29.39,29.98,29.30,29.83,98100,26.34
2011-01-28,29.64,29.70,29.04,29.39,58900,25.95
2011-01-27,29.55,29.69,29.37,29.49,95400,26.04
2011-01-26,29.28,29.77,28.96,29.26,57800,25.84
2011-01-25,28.71,29.75,28.66,29.06,143000,25.66
2011-01-24,27.90,28.99,27.75,28.60,120400,25.26
2011-01-21,27.20,27.80,27.20,27.73,26400,24.49
2011-01-20,27.40,27.64,27.05,27.34,52900,24.14
2011-01-19,27.19,27.63,27.19,27.35,58200,24.15
2011-01-18,27.59,27.78,27.19,27.26,42200,24.07
2011-01-14,27.62,27.70,27.51,27.52,55000,24.30
2011-01-13,27.75,27.86,27.60,27.72,44000,24.48
2011-01-12,27.71,27.83,27.65,27.71,43700,24.47
2011-01-11,27.73,27.85,27.57,27.76,45500,24.51
2011-01-10,27.83,27.84,27.62,27.82,30000,24.57
2011-01-07,27.85,27.87,27.57,27.73,40700,24.49
2011-01-06,27.57,27.84,27.56,27.81,33300,24.56
2011-01-05,27.49,27.70,27.44,27.57,58100,24.35
2011-01-04,27.50,27.50,27.32,27.48,63200,24.27
2011-01-03,27.65,27.66,27.29,27.35,63800,24.15
2010-12-31,27.28,27.40,27.28,27.40,8200,24.20
2010-12-30,27.19,27.36,27.09,27.35,21700,24.15
2010-12-29,26.94,27.20,26.85,27.16,27700,23.98
2010-12-28,26.89,26.96,26.70,26.80,16600,23.67
2010-12-27,27.16,27.20,26.75,26.78,31200,23.65
2010-12-23,27.00,27.07,26.75,26.97,32200,23.82
2010-12-22,27.25,27.61,27.00,27.21,48700,24.03
2010-12-21,26.49,27.39,26.40,27.23,105400,24.05
2010-12-20,26.51,26.53,25.97,26.45,75300,23.36
2010-12-17,26.48,26.55,26.39,26.50,65100,23.40
2010-12-16,26.12,26.50,26.01,26.44,44600,23.35
2010-12-15,26.39,26.49,26.09,26.16,65800,23.10
2010-12-14,26.53,26.53,26.26,26.33,61200,23.25
2010-12-13,26.47,26.51,26.14,26.45,81400,23.36
2010-12-10,26.48,26.54,26.18,26.25,72300,23.18
2010-12-09,26.41,26.54,26.13,26.32,62700,23.24
2010-12-08,26.52,26.53,26.27,26.42,50400,23.33
2010-12-07,26.30,26.57,26.02,26.40,47700,23.31
2010-12-06,26.24,26.24,25.99,26.14,58200,23.08
2010-12-03,26.11,26.30,25.87,26.12,50000,23.07
2010-12-02,25.87,26.11,25.87,26.01,81100,22.97
2010-12-01,26.00,26.00,25.57,25.91,80500,22.88
2010-11-30,25.86,26.00,25.62,25.84,54100,22.82
2010-11-29,25.60,25.88,25.59,25.86,46600,22.84
2010-11-26,25.81,25.81,25.61,25.70,24700,22.69
2010-11-24,26.19,26.21,25.75,25.85,45300,22.83
2010-11-23,25.72,26.16,25.72,26.00,69000,22.96
2010-11-22,26.20,26.20,25.95,26.15,97300,23.09
2010-11-19,25.65,26.21,25.53,26.14,55200,23.08
2010-11-18,25.20,25.89,25.20,25.77,75800,22.76
2010-11-17,25.35,25.64,25.19,25.25,115400,22.30
2010-11-16,25.70,25.80,25.27,25.35,254200,22.39
2010-11-15,25.65,25.94,25.65,25.86,107100,22.84
2010-11-12,25.58,25.80,25.57,25.66,102800,22.66
2010-11-11,25.45,25.63,25.40,25.57,978100,22.58
2010-11-10,26.41,26.89,26.24,26.51,46000,23.41
2010-11-09,26.60,26.60,26.22,26.56,32500,23.45
2010-11-08,26.50,26.55,25.94,26.55,55000,23.45
2010-11-05,25.90,26.67,25.88,26.50,64200,23.40
2010-11-04,26.50,26.54,25.87,26.36,44700,23.28
2010-11-03,26.14,26.43,25.73,25.94,60900,22.91
2010-11-02,26.94,27.13,26.05,26.22,69800,23.15
2010-11-01,27.09,27.27,26.04,26.46,119600,23.37
2010-10-29,27.55,27.77,27.28,27.37,95500,23.73
2010-10-28,27.79,27.79,27.16,27.30,49400,23.67
2010-10-27,26.75,27.75,26.75,27.60,39500,23.93
2010-10-26,26.25,26.97,26.25,26.77,49100,23.21
2010-10-25,26.10,26.45,26.02,26.38,98800,22.87
2010-10-22,25.99,26.05,25.73,25.97,41500,22.52
2010-10-21,25.79,25.97,25.65,25.79,58300,22.36
2010-10-20,25.84,25.84,25.43,25.58,36100,22.18
2010-10-19,26.05,26.05,25.08,25.37,43200,22.00
2010-10-18,25.42,25.63,25.16,25.50,29700,22.11
2010-10-15,25.63,25.82,25.39,25.45,18800,22.07
2010-10-14,25.52,25.96,25.47,25.64,30200,22.23
2010-10-13,25.74,26.06,25.64,25.74,39200,22.32
2010-10-12,25.48,25.82,25.21,25.81,38300,22.38
2010-10-11,25.48,25.70,25.02,25.33,42800,21.96
2010-10-08,25.29,25.45,25.06,25.41,51600,22.03
2010-10-07,25.18,25.29,24.91,25.16,36100,21.82
2010-10-06,25.01,25.14,24.87,25.03,30700,21.70
2010-10-05,24.87,25.23,24.85,24.87,43600,21.56
2010-10-04,24.90,25.06,24.81,24.90,17100,21.59
2010-10-01,25.09,25.28,24.92,25.00,24300,21.68
2010-09-30,25.04,25.23,24.81,24.83,23900,21.53
2010-09-29,24.90,25.00,24.71,24.94,15500,21.63
2010-09-28,24.69,24.93,24.62,24.81,19000,21.51
2010-09-27,24.53,24.98,24.40,24.80,32500,21.50
2010-09-24,24.80,24.80,24.40,24.40,20600,21.16
2010-09-23,24.83,24.83,24.36,24.39,18000,21.15
2010-09-22,24.50,24.86,24.41,24.78,17500,21.49
2010-09-21,24.73,25.15,24.35,24.55,33300,21.29
2010-09-20,25.23,25.26,24.60,24.65,56700,21.37
2010-09-17,24.76,25.20,24.53,25.17,65900,21.82
2010-09-16,24.89,24.89,24.61,24.77,15200,21.48
2010-09-15,24.85,25.00,24.50,24.91,28500,21.60
2010-09-14,24.83,25.12,24.62,24.85,18100,21.55
2010-09-13,25.05,25.11,24.67,24.97,42500,21.65
2010-09-10,24.62,25.03,24.56,24.84,29700,21.54
2010-09-09,24.29,24.56,23.99,24.30,18400,21.07
2010-09-08,24.25,24.76,23.94,24.09,98000,20.89
2010-09-07,24.42,24.42,23.69,24.26,53300,21.04
2010-09-03,24.77,25.00,23.88,24.15,63100,20.94
2010-09-02,25.14,25.15,24.50,24.75,30100,21.46
2010-09-01,24.97,25.06,24.92,25.00,77000,21.68
2010-08-31,24.90,24.90,24.62,24.84,47700,21.54
2010-08-30,24.73,24.95,24.60,24.94,80200,21.63
2010-08-27,24.34,24.75,24.25,24.75,30100,21.46
2010-08-26,24.17,24.47,24.10,24.40,37500,21.16
2010-08-25,23.96,24.15,23.81,24.15,61900,20.94
2010-08-24,23.86,24.15,23.69,24.00,73200,20.81
2010-08-23,23.34,24.18,23.25,23.92,62100,20.74
2010-08-20,23.00,23.51,22.87,23.30,32500,20.20
2010-08-19,23.22,23.70,23.05,23.05,58200,19.99
2010-08-18,23.51,23.65,23.21,23.22,40800,20.13
2010-08-17,23.25,23.34,22.99,23.30,32600,20.20
2010-08-16,23.28,23.30,22.89,23.12,33200,20.05
2010-08-13,23.65,23.92,22.95,23.32,43300,20.22
2010-08-12,22.51,23.04,22.50,22.86,49700,19.82
2010-08-11,22.76,23.04,22.56,22.60,62000,19.60
2010-08-10,23.69,24.00,22.94,23.15,62100,20.07
2010-08-09,24.00,24.03,23.21,24.00,100900,20.81
2010-08-06,24.43,24.43,23.44,23.98,73000,20.79
2010-08-05,23.00,24.17,22.65,23.73,163700,20.58
2010-08-04,24.51,24.81,24.38,24.47,35900,21.22
2010-08-03,24.43,24.89,23.97,24.64,85000,21.37
2010-08-02,24.87,24.98,23.84,24.50,84100,21.24
2010-07-30,25.14,25.22,24.87,25.12,65500,21.36
2010-07-29,25.14,25.23,24.75,25.19,93600,21.42
2010-07-28,25.35,25.35,25.05,25.14,43100,21.38
2010-07-27,25.20,25.42,24.78,25.21,85800,21.43
2010-07-26,24.48,25.19,24.43,25.15,120200,21.38
2010-07-23,24.56,24.56,24.20,24.48,73400,20.81
2010-07-22,24.17,24.60,24.12,24.48,137100,20.81
2010-07-21,23.55,24.00,23.51,24.00,120200,20.41
2010-07-20,23.20,23.65,22.83,23.33,136800,19.84
2010-07-19,23.23,23.50,22.96,23.13,78100,19.67
2010-07-16,23.19,23.23,22.91,22.91,86800,19.48
2010-07-15,23.09,23.10,22.87,23.00,73900,19.56
2010-07-14,22.74,23.18,22.70,22.99,58900,19.55
2010-07-13,23.00,23.18,22.81,22.99,81400,19.55
2010-07-12,22.77,23.15,22.77,22.93,40600,19.50
2010-07-09,22.99,23.06,22.80,23.00,54000,19.56
2010-07-08,22.55,23.00,22.25,22.81,55300,19.39
2010-07-07,21.80,22.45,21.80,22.29,36100,18.95
2010-07-06,22.01,22.22,21.67,21.90,39100,18.62
2010-07-02,21.84,22.21,21.52,21.93,41500,18.65
2010-07-01,22.39,22.51,21.27,21.81,51800,18.54
2010-06-30,22.06,22.49,22.06,22.49,17200,19.12
2010-06-29,22.18,22.47,21.74,22.30,43800,18.96
2010-06-28,22.79,23.10,22.20,22.54,133200,19.16
2010-06-25,22.38,22.78,22.29,22.74,34200,19.33
2010-06-24,22.19,22.47,22.03,22.44,38900,19.08
2010-06-23,22.59,22.64,22.09,22.49,50000,19.12
2010-06-22,22.62,22.78,22.30,22.78,103700,19.37
2010-06-21,22.90,22.90,22.24,22.67,64400,19.28
2010-06-18,22.26,22.77,22.25,22.57,75600,19.19
2010-06-17,22.52,22.52,22.04,22.28,34500,18.94
2010-06-16,22.20,22.95,22.20,22.65,51900,19.26
2010-06-15,21.88,22.60,21.70,22.54,71000,19.16
2010-06-14,22.44,22.50,21.80,21.89,48300,18.61
2010-06-11,21.94,22.20,21.81,22.00,58500,18.71
2010-06-10,21.44,21.90,21.40,21.90,23600,18.62
2010-06-09,21.30,21.85,21.03,21.34,27900,18.14
2010-06-08,21.70,21.86,20.58,21.33,29900,18.14
2010-06-07,21.70,21.90,21.13,21.37,32000,18.17
2010-06-04,21.51,21.89,21.51,21.64,43800,18.40
2010-06-03,20.90,21.99,20.61,21.85,69800,18.58
2010-06-02,21.67,21.79,21.30,21.58,44500,18.35
2010-06-01,21.40,21.60,21.25,21.43,41900,18.22
2010-05-28,21.53,21.53,21.30,21.30,30500,18.11
2010-05-27,21.00,21.29,20.73,21.29,52300,18.10
2010-05-26,21.24,21.50,20.58,20.68,93400,17.58
2010-05-25,19.94,20.04,19.53,19.90,140600,16.92
2010-05-24,20.39,20.62,20.19,20.22,79900,17.19
2010-05-21,20.34,20.88,19.76,20.50,94600,17.43
2010-05-20,19.95,20.36,19.33,20.11,115100,17.10
2010-05-19,20.50,20.60,20.01,20.17,30600,17.15
2010-05-18,21.43,22.00,20.59,20.63,32600,17.54
2010-05-17,21.99,22.49,21.14,21.23,57300,18.05
2010-05-14,21.75,21.98,21.29,21.63,32700,18.39
2010-05-13,22.14,22.14,21.72,21.83,53700,18.56
2010-05-12,21.21,22.12,21.11,21.80,57000,18.54
2010-05-11,22.11,22.24,20.94,21.17,70800,18.00
2010-05-10,21.86,22.21,20.29,22.20,110700,18.88
2010-05-07,19.50,20.40,19.00,19.80,176600,16.84
2010-05-06,21.66,22.09,18.00,19.58,237300,16.65
2010-05-05,22.12,22.25,21.59,21.78,115500,18.52
2010-05-04,22.87,22.87,22.10,22.43,88300,19.07
2010-05-03,22.72,22.84,22.16,22.77,91800,19.36
2010-04-30,22.92,23.09,22.74,22.94,165100,19.09
2010-04-29,22.98,23.00,22.81,22.92,107400,19.07
2010-04-28,23.05,23.05,22.76,22.94,71700,19.09
2010-04-27,22.87,23.10,22.75,22.79,102800,18.97
2010-04-26,22.89,23.00,22.83,22.97,196500,19.11
2010-04-23,22.80,22.90,22.66,22.89,168700,19.05
2010-04-22,22.82,22.85,22.54,22.85,62600,19.01
2010-04-21,22.79,22.85,22.70,22.72,126100,18.91
2010-04-20,22.62,22.90,22.30,22.80,104400,18.97
2010-04-19,22.60,22.60,22.11,22.29,52700,18.55
2010-04-16,22.54,22.55,22.07,22.43,96000,18.67
2010-04-15,22.60,22.70,22.41,22.55,62000,18.77
2010-04-14,22.74,22.83,22.44,22.55,85400,18.77
2010-04-13,22.75,22.83,22.30,22.54,93600,18.76
2010-04-12,22.61,22.95,22.47,22.72,101900,18.91
2010-04-09,22.66,22.66,22.25,22.55,54600,18.77
2010-04-08,22.35,22.75,22.10,22.71,55800,18.90
2010-04-07,22.50,22.70,22.07,22.37,99300,18.62
2010-04-06,22.75,22.80,22.46,22.50,72300,18.72
2010-04-05,22.61,22.80,22.59,22.75,77900,18.93
2010-04-01,22.68,22.79,22.45,22.69,150100,18.88
2010-03-31,22.45,22.55,22.25,22.36,74200,18.61
2010-03-30,22.54,22.58,22.14,22.25,71300,18.52
2010-03-29,21.66,22.64,21.66,22.43,162900,18.67
2010-03-26,21.51,21.77,21.10,21.33,68100,17.75
2010-03-25,21.87,22.42,21.51,21.55,126500,17.93
2010-03-24,22.24,22.62,21.75,22.17,198900,18.45
2010-03-23,22.25,22.33,22.03,22.13,76100,18.42
2010-03-22,22.40,22.44,21.67,22.34,165900,18.59
2010-03-19,22.66,22.69,22.50,22.52,179700,18.74
2010-03-18,22.85,22.85,22.63,22.67,159200,18.87
2010-03-17,22.85,22.85,22.65,22.75,439600,18.93
2010-03-16,22.58,22.74,22.50,22.68,2077100,18.87
2010-03-15,24.60,25.55,24.00,24.00,36400,19.97
2010-03-12,25.00,25.10,24.66,24.80,14000,20.64
2010-03-11,24.71,25.05,24.33,24.90,44000,20.72
2010-03-10,24.17,24.91,23.87,24.06,28900,20.02
2010-03-09,24.00,24.20,23.81,24.00,18900,19.97
2010-03-08,24.00,24.27,23.96,24.19,17600,20.13
2010-03-05,24.35,24.51,23.93,24.02,22600,19.99
2010-03-04,23.91,24.35,23.91,24.26,14800,20.19
2010-03-03,23.89,24.36,23.88,24.25,15400,20.18
2010-03-02,24.10,24.36,23.82,23.82,37200,19.82
2010-03-01,24.02,24.37,23.80,24.04,31800,20.01
2010-02-26,24.83,25.00,24.55,24.66,4900,20.52
2010-02-25,24.89,25.00,24.89,25.00,5400,20.80
2010-02-24,25.12,25.12,24.79,25.00,9500,20.80
2010-02-23,25.49,25.73,24.41,25.13,33100,20.91
2010-02-22,24.72,24.80,23.80,24.21,20300,20.15
2010-02-19,24.80,25.09,24.70,24.89,8900,20.71
2010-02-18,24.61,24.88,24.37,24.58,8400,20.45
2010-02-17,25.09,25.48,24.70,24.70,15700,20.55
2010-02-16,24.90,25.20,24.50,25.05,21900,20.85
2010-02-12,23.55,24.40,23.24,24.33,13900,20.25
2010-02-11,23.74,23.74,22.75,23.31,13200,19.40
2010-02-10,23.73,23.73,22.80,22.91,6100,19.06
2010-02-09,24.01,24.21,23.23,23.45,17000,19.51
2010-02-08,23.53,23.99,23.34,23.77,13600,19.78
2010-02-05,23.78,24.13,22.51,23.37,41600,19.45
2010-02-04,24.90,24.90,23.51,24.15,13600,20.10
2010-02-03,25.16,25.16,23.57,24.75,32100,20.60
2010-02-02,25.27,25.47,25.02,25.28,9600,21.04
2010-02-01,25.50,25.64,25.35,25.55,25800,21.26
2010-01-29,25.10,26.02,25.09,25.68,24200,20.96
2010-01-28,25.83,25.83,25.00,25.02,11900,20.43
2010-01-27,25.86,26.44,25.13,25.52,21800,20.83
2010-01-26,26.01,26.60,25.90,26.53,18400,21.66
2010-01-25,26.02,26.30,26.00,26.00,20300,21.23
2010-01-22,26.05,26.16,25.80,26.16,10500,21.36
2010-01-21,26.22,26.34,25.80,25.87,15600,21.12
2010-01-20,25.57,26.00,25.50,25.92,18100,21.16
2010-01-19,25.56,25.95,25.50,25.64,22100,20.93
2010-01-15,25.60,25.76,25.37,25.56,21100,20.87
2010-01-14,25.80,25.96,25.50,25.80,8200,21.06
2010-01-13,25.27,25.70,25.27,25.61,19200,20.91
2010-01-12,25.46,25.93,25.28,25.31,14900,20.66
2010-01-11,24.68,25.91,24.68,25.42,18400,20.75
2010-01-08,24.60,25.00,24.48,24.85,19600,20.29
2010-01-07,24.29,24.48,24.20,24.44,18900,19.95
2010-01-06,24.00,24.23,23.93,23.96,15500,19.56
2010-01-05,23.79,23.98,23.74,23.90,9100,19.51
2010-01-04,22.98,23.81,22.98,23.55,10800,19.23
2009-12-31,22.76,22.99,22.76,22.96,12100,18.74
2009-12-30,22.79,22.99,22.51,22.84,14100,18.65
2009-12-29,22.51,22.79,22.50,22.79,13000,18.60
2009-12-28,22.78,22.80,22.31,22.63,22300,18.47
2009-12-24,22.83,22.96,22.66,22.85,12400,18.65
2009-12-23,22.63,22.85,22.50,22.82,11300,18.63
2009-12-22,22.60,23.01,22.49,22.85,10600,18.65
2009-12-21,22.00,22.76,22.00,22.76,29100,18.58
2009-12-18,23.25,23.25,21.65,21.65,49100,17.67
2009-12-17,23.84,23.84,23.15,23.16,29700,18.91
2009-12-16,22.70,22.92,22.50,22.88,16000,18.68
2009-12-15,22.01,22.64,22.01,22.64,19300,18.48
2009-12-14,22.71,22.75,21.75,22.15,62600,18.08
2009-12-11,23.33,23.42,22.64,22.64,25700,18.48
2009-12-10,23.61,23.61,23.20,23.27,8300,19.00
2009-12-09,23.37,23.85,23.22,23.31,14100,19.03
2009-12-08,23.50,23.57,23.39,23.57,4900,19.24
2009-12-07,23.70,23.75,23.24,23.53,13200,19.21
2009-12-04,23.60,23.94,23.60,23.70,8400,19.35
2009-12-03,24.05,24.05,23.50,23.67,15100,19.32
2009-12-02,24.10,24.10,23.40,23.75,17900,19.39
2009-12-01,23.69,24.04,23.48,24.00,39300,19.59
2009-11-30,23.61,23.97,23.05,23.49,25000,19.18
2009-11-27,23.61,23.82,23.61,23.80,7000,19.43
2009-11-25,23.97,24.05,23.74,24.00,6300,19.59
2009-11-24,24.05,24.05,23.46,23.73,9000,19.37
2009-11-23,23.40,24.13,23.40,24.00,12200,19.59
2009-11-20,23.52,23.87,23.31,23.45,8000,19.14
2009-11-19,23.40,23.91,23.10,23.34,16200,19.05
2009-11-18,23.97,23.97,23.48,23.50,11600,19.18
2009-11-17,23.39,23.58,23.00,23.58,22600,19.25
2009-11-16,22.56,23.39,22.02,23.30,51900,19.02
2009-11-13,22.99,23.66,22.60,22.76,25700,18.58
2009-11-12,22.51,23.21,22.03,22.69,20000,18.52
2009-11-11,23.43,23.82,22.64,22.64,33700,18.48
2009-11-10,22.98,23.45,22.66,23.43,14800,19.13
2009-11-09,22.65,23.23,22.65,23.13,13700,18.88
2009-11-06,22.50,23.16,22.01,22.62,28900,18.47
2009-11-05,22.36,23.25,18.51,22.64,54900,18.48
2009-11-04,23.01,23.50,22.84,22.95,33300,18.74
2009-11-03,21.96,23.60,21.77,23.25,56100,18.98
2009-11-02,24.37,24.50,21.25,22.20,139200,18.12
2009-10-30,24.14,25.05,23.50,24.70,71000,19.77
2009-10-29,23.45,24.16,22.89,23.99,60100,19.20
2009-10-28,22.84,23.40,22.56,23.39,35200,18.72
2009-10-27,24.38,24.50,22.31,22.91,144700,18.33
2009-10-26,26.26,26.95,24.26,24.50,81500,19.61
2009-10-23,26.21,26.68,26.00,26.06,33300,20.85
2009-10-22,26.85,27.08,26.17,26.24,38300,21.00
2009-10-21,26.86,27.25,26.54,26.85,34300,21.49
2009-10-20,26.55,26.91,26.10,26.55,39200,21.25
2009-10-19,27.01,27.06,26.50,26.55,29300,21.25
2009-10-16,26.98,27.00,26.27,26.47,27500,21.18
2009-10-15,27.40,27.40,26.51,26.79,34100,21.44
2009-10-14,26.67,27.10,26.21,26.99,31300,21.60
2009-10-13,25.63,26.55,25.63,26.49,19100,21.20
2009-10-12,26.78,27.15,26.11,26.15,65000,20.93
2009-10-09,26.02,26.50,25.85,25.89,41500,20.72
2009-10-08,26.35,26.80,25.67,25.87,42200,20.70
2009-10-07,25.25,25.49,25.15,25.41,27800,20.33
2009-10-06,24.92,25.27,24.71,25.07,22000,20.06
2009-10-05,24.04,25.14,24.04,24.84,24100,19.88
2009-10-02,24.52,24.98,24.01,24.01,40100,19.21
2009-10-01,25.46,25.50,24.71,24.98,25800,19.99
2009-09-30,24.20,25.09,24.01,25.00,44500,20.01
2009-09-29,24.02,24.21,24.02,24.18,7800,19.35
2009-09-28,24.21,24.30,23.76,24.12,22400,19.30
2009-09-25,24.32,24.98,24.00,24.13,49500,19.31
2009-09-24,24.96,25.49,24.35,24.38,22500,19.51
2009-09-23,24.56,25.02,24.56,24.99,39800,20.00
2009-09-22,24.90,24.92,24.30,24.60,28000,19.69
2009-09-21,25.77,25.77,24.21,24.60,33700,19.69
2009-09-18,25.12,25.63,24.22,25.00,39200,20.01
2009-09-17,24.70,25.00,24.25,24.65,18800,19.73
2009-09-16,24.76,24.98,24.27,24.63,32800,19.71
2009-09-15,24.71,25.00,24.20,24.60,40200,19.69
2009-09-14,24.25,26.00,23.91,24.31,50200,19.45
2009-09-11,24.28,25.00,23.75,24.09,56000,19.28
2009-09-10,23.41,24.15,23.35,24.00,52000,19.21
2009-09-09,23.53,23.53,23.00,23.32,43400,18.66
2009-09-08,22.79,23.45,22.50,23.00,36900,18.41
2009-09-04,22.85,22.92,22.73,22.85,31300,18.29
2009-09-03,22.38,22.70,22.05,22.56,24600,18.05
2009-09-02,21.29,22.39,21.29,22.33,27000,17.87
2009-09-01,23.24,23.24,21.89,22.09,19300,17.68
2009-08-31,21.98,22.66,21.50,22.06,63200,17.65
2009-08-28,22.42,23.19,21.69,21.84,27300,17.48
2009-08-27,23.07,23.24,21.50,21.85,59500,17.48
2009-08-26,23.43,23.43,23.00,23.19,11400,18.56
2009-08-25,23.00,23.46,22.50,23.28,24900,18.63
2009-08-24,22.99,24.00,22.60,23.09,84000,18.48
2009-08-21,22.05,22.55,22.05,22.50,46000,18.01
2009-08-20,21.90,22.05,21.70,22.00,25000,17.60
2009-08-19,21.72,22.00,21.31,21.60,15300,17.28
2009-08-18,21.40,21.85,21.30,21.59,25200,17.28
2009-08-17,20.70,21.60,20.70,21.10,32400,16.88
2009-08-14,22.05,22.05,21.70,21.70,17900,17.36
2009-08-13,22.05,22.05,21.85,22.00,20900,17.60
2009-08-12,21.47,21.83,21.11,21.70,14900,17.36
2009-08-11,21.35,21.50,21.10,21.47,15900,17.18
2009-08-10,21.00,22.10,21.00,21.35,28800,17.08
2009-08-07,20.61,20.91,20.56,20.79,10800,16.64
2009-08-06,20.50,21.22,20.50,20.66,15500,16.53
2009-08-05,21.19,21.85,21.03,21.50,22800,17.20
2009-08-04,21.30,21.30,20.51,20.95,26100,16.76
2009-08-03,22.11,22.15,21.30,21.41,30300,17.13
2009-07-31,21.80,22.14,21.75,22.00,26000,17.21
2009-07-30,22.00,22.22,21.72,21.72,22000,17.00
2009-07-29,22.05,22.38,21.42,21.80,30400,17.06
2009-07-28,21.90,21.97,21.40,21.80,49800,17.06
2009-07-27,21.13,22.00,20.95,21.57,35600,16.88
2009-07-24,20.75,21.41,20.21,20.91,53000,16.36
2009-07-23,19.77,20.20,19.70,19.96,38900,15.62
2009-07-22,19.94,19.94,19.07,19.60,28300,15.34
2009-07-21,19.47,19.50,18.99,19.00,31800,14.87
2009-07-20,18.06,19.18,18.06,18.99,23100,14.86
2009-07-17,18.30,19.01,18.05,18.90,23800,14.79
2009-07-16,18.30,18.75,18.30,18.50,13300,14.48
2009-07-15,18.44,19.39,18.44,18.47,22200,14.45
2009-07-14,17.56,18.50,17.56,18.44,23300,14.43
2009-07-13,17.56,17.72,17.04,17.30,28300,13.54
2009-07-10,17.51,17.80,17.35,17.50,27800,13.69
2009-07-09,17.75,17.85,17.53,17.53,8400,13.72
2009-07-08,17.75,18.08,17.51,17.67,31500,13.83
2009-07-07,18.89,18.89,17.82,17.91,21700,14.01
2009-07-06,18.51,18.90,18.11,18.15,25400,14.20
2009-07-02,18.40,19.16,18.00,18.68,37000,14.62
2009-07-01,18.47,18.71,17.73,18.34,44000,14.35
2009-06-30,19.45,19.50,18.45,18.55,33500,14.51
2009-06-29,19.56,19.56,18.50,18.62,39300,14.57
2009-06-26,19.45,19.45,18.42,18.53,26600,14.50
2009-06-25,18.19,18.68,18.19,18.46,35000,14.44
2009-06-24,18.70,18.70,18.16,18.17,38900,14.22
2009-06-23,18.68,18.80,18.22,18.53,36400,14.50
2009-06-22,19.42,19.42,18.04,18.71,68200,14.64
2009-06-19,18.70,18.94,18.48,18.83,25900,14.73
2009-06-18,18.39,18.69,17.01,18.04,50900,14.12
2009-06-17,18.40,18.74,17.01,17.34,95500,13.57
2009-06-16,19.50,19.75,18.48,18.74,47700,14.66
2009-06-15,19.05,19.43,18.68,19.24,32100,15.05
2009-06-12,17.99,19.39,17.89,19.23,27500,15.05
2009-06-11,17.90,18.40,17.69,18.26,29100,14.29
2009-06-10,20.28,20.28,17.90,17.99,70600,14.08
2009-06-09,19.75,19.75,18.93,19.24,21800,15.05
2009-06-08,20.37,20.37,18.85,19.20,43500,15.02
2009-06-05,19.67,19.74,19.00,19.44,41400,15.21
2009-06-04,17.75,19.50,17.73,19.00,93000,14.87
2009-06-03,17.70,18.00,17.55,17.75,36300,13.89
2009-06-02,17.67,19.15,16.81,17.60,102300,13.77
2009-06-01,17.90,18.00,16.60,17.49,65100,13.69
2009-05-29,16.38,16.50,15.96,16.50,71600,12.91
2009-05-28,16.28,16.40,15.93,16.15,36300,12.64
2009-05-27,16.20,16.61,15.83,16.25,22600,12.72
2009-05-26,16.30,16.90,16.00,16.17,23300,12.65
2009-05-22,15.75,16.10,15.75,16.00,9900,12.52
2009-05-21,15.70,16.25,15.02,15.21,44100,11.90
2009-05-20,15.95,17.00,15.55,15.75,32700,12.32
2009-05-19,15.39,15.93,15.20,15.92,24400,12.46
2009-05-18,15.21,15.47,14.50,15.20,56100,11.89
2009-05-15,14.75,15.00,14.50,14.51,22400,11.35
2009-05-14,14.72,14.74,14.58,14.73,13800,11.53
2009-05-13,14.71,14.93,14.63,14.74,16800,11.53
2009-05-12,15.04,15.04,14.52,14.90,13700,11.66
2009-05-11,15.03,15.45,14.51,14.90,22400,11.66
2009-05-08,15.06,15.11,14.56,15.04,32500,11.77
2009-05-07,14.37,15.98,14.37,15.12,68400,11.83
2009-05-06,13.71,14.48,13.45,13.80,25900,10.80
2009-05-05,14.39,14.39,13.77,13.87,31500,10.85
2009-05-04,15.63,15.63,14.31,14.51,71400,10.97
2009-05-01,14.79,14.80,14.50,14.51,34500,10.97
2009-04-30,14.90,15.09,14.50,14.57,11400,11.02
2009-04-29,14.50,14.97,14.50,14.70,21300,11.12
2009-04-28,14.49,14.89,14.37,14.50,26000,10.96
2009-04-27,14.38,14.72,14.38,14.50,17900,10.96
2009-04-24,14.30,14.76,14.28,14.48,20500,10.95
2009-04-23,14.21,14.50,14.08,14.50,12800,10.96
2009-04-22,12.76,15.48,12.62,14.35,62200,10.85
2009-04-21,12.36,12.74,12.12,12.60,9600,9.53
2009-04-20,12.76,12.76,12.12,12.25,22200,9.26
2009-04-17,12.59,12.67,12.31,12.67,4800,9.58
2009-04-16,12.45,12.50,12.01,12.37,16300,9.35
2009-04-15,12.53,12.67,12.18,12.32,8800,9.32
2009-04-14,12.75,12.80,12.18,12.64,21900,9.56
2009-04-13,12.55,13.02,12.40,12.83,13600,9.70
2009-04-09,12.15,12.51,11.99,12.35,9100,9.34
2009-04-08,12.25,12.49,12.14,12.15,2600,9.19
2009-04-07,12.56,12.56,11.71,12.07,17800,9.13
2009-04-06,12.25,13.41,12.25,12.42,22200,9.39
2009-04-03,12.53,12.54,12.26,12.46,6000,9.42
2009-04-02,12.25,12.52,11.79,12.27,22700,9.28
2009-04-01,12.15,12.33,11.70,12.33,6700,9.32
2009-03-31,11.93,12.34,11.91,12.30,12800,9.30
2009-03-30,12.27,12.27,11.70,11.80,17200,8.92
2009-03-27,12.08,12.98,12.01,12.27,23700,9.28
2009-03-26,12.05,13.35,11.85,12.56,36700,9.50
2009-03-25,11.61,12.10,11.53,11.90,23700,9.00
2009-03-24,11.35,11.59,11.33,11.43,17400,8.64
2009-03-23,11.55,11.58,10.65,11.45,39500,8.66
2009-03-20,11.33,11.45,11.00,11.14,10200,8.42
2009-03-19,11.53,11.55,11.04,11.33,21100,8.57
2009-03-18,11.50,11.79,11.25,11.28,12600,8.53
2009-03-17,11.66,11.95,11.14,11.57,11900,8.75
2009-03-16,11.84,11.98,11.59,11.85,33600,8.96
2009-03-13,12.01,12.15,11.67,11.84,9400,8.95
2009-03-12,10.93,12.26,10.65,11.94,40800,9.03
2009-03-11,10.54,11.20,10.25,10.56,31000,7.99
2009-03-10,9.11,10.85,9.11,10.49,48900,7.93
2009-03-09,9.55,9.55,9.08,9.21,18500,6.96
2009-03-06,9.78,9.99,9.50,9.86,24500,7.46
2009-03-05,9.87,9.87,9.60,9.78,21000,7.40
2009-03-04,9.75,9.93,8.58,9.92,36400,7.50
2009-03-03,10.11,10.38,9.75,9.85,25300,7.45
2009-03-02,10.06,10.35,10.00,10.27,55600,7.77
2009-02-27,10.63,10.83,10.09,10.70,53600,8.09
2009-02-26,10.52,11.09,10.36,11.00,24100,8.32
2009-02-25,10.20,10.55,10.15,10.55,7800,7.98
2009-02-24,10.40,11.19,10.00,10.28,56600,7.77
2009-02-23,11.86,11.86,10.06,10.51,51100,7.95
2009-02-20,12.50,12.61,11.80,11.86,18600,8.97
2009-02-19,12.52,12.98,12.50,12.64,15800,9.56
2009-02-18,12.77,12.77,12.51,12.56,7200,9.50
2009-02-17,12.75,12.90,12.51,12.60,13300,9.53
2009-02-13,13.15,13.44,12.90,13.02,3000,9.85
2009-02-12,12.65,13.13,12.51,13.13,6600,9.93
2009-02-11,12.92,12.92,12.51,12.87,7000,9.73
2009-02-10,13.25,13.52,12.70,13.08,22000,9.89
2009-02-09,13.02,13.42,13.02,13.06,5400,9.88
2009-02-06,13.07,13.48,13.00,13.00,5100,9.83
2009-02-05,13.31,13.31,13.00,13.01,2500,9.84
2009-02-04,13.66,13.66,12.98,13.52,6900,10.22
2009-02-03,13.70,13.70,13.00,13.25,10800,10.02
2009-02-02,13.70,13.75,13.51,13.60,11200,10.28
2009-01-30,13.67,14.50,13.62,13.77,16100,10.04
2009-01-29,13.48,13.77,13.48,13.52,15000,9.86
2009-01-28,14.38,14.38,13.25,13.50,30900,9.85
2009-01-27,13.90,13.90,13.55,13.65,9100,9.96
2009-01-26,13.07,13.74,12.95,13.69,14100,9.98
2009-01-23,12.35,13.25,12.30,12.70,34500,9.26
2009-01-22,12.00,12.72,11.60,12.37,15300,9.02
2009-01-21,11.60,12.37,11.48,12.00,7000,8.75
2009-01-20,11.69,12.50,11.34,11.34,7800,8.27
2009-01-16,11.41,12.13,11.18,11.51,12200,8.39
2009-01-15,12.42,12.42,11.00,11.09,10100,8.09
2009-01-14,10.96,12.21,10.78,11.50,23200,8.39
2009-01-13,11.58,11.58,10.82,11.30,16600,8.24
2009-01-12,11.90,11.90,11.45,11.45,22600,8.35
2009-01-09,11.60,11.99,10.96,11.59,19700,8.45
2009-01-08,11.73,11.99,11.48,11.67,15800,8.51
2009-01-07,11.34,11.99,11.15,11.74,41700,8.56
2009-01-06,11.80,12.00,11.00,11.75,48300,8.57
2009-01-05,10.91,11.85,10.91,11.60,61300,8.46
2009-01-02,11.29,11.57,11.12,11.16,25900,8.14
2008-12-31,10.09,11.31,9.72,11.30,36500,8.24
2008-12-30,9.51,10.46,9.50,10.03,20900,7.32
2008-12-29,10.05,10.31,9.50,9.50,22800,6.93
2008-12-26,10.32,10.50,10.00,10.17,10100,7.42
2008-12-24,10.27,10.89,10.27,10.31,9400,7.52
2008-12-23,10.50,10.67,9.78,10.26,41200,7.48
2008-12-22,11.00,11.00,10.40,10.44,26400,7.61
2008-12-19,10.47,11.43,10.25,10.50,43500,7.66
2008-12-18,11.05,11.38,10.20,10.29,35000,7.51
2008-12-17,11.80,11.96,10.91,10.91,11100,7.96
2008-12-16,11.59,11.92,11.58,11.60,5500,8.46
2008-12-15,12.52,12.73,11.11,11.50,15700,8.39
2008-12-12,12.49,12.70,12.12,12.70,38400,9.26
2008-12-11,12.44,12.86,12.15,12.44,21500,9.07
2008-12-10,12.05,12.50,11.40,12.44,66700,9.07
2008-12-09,10.85,11.37,10.69,11.37,32600,8.29
2008-12-08,10.14,11.00,10.14,10.60,13100,7.73
2008-12-05,9.44,10.15,9.25,10.00,19500,7.29
2008-12-04,9.64,9.95,8.98,9.52,26600,6.94
2008-12-03,9.61,10.09,9.25,9.71,23600,7.08
2008-12-02,10.36,10.56,9.59,9.65,50200,7.04
2008-12-01,11.23,11.30,10.01,10.14,34300,7.40
2008-11-28,8.95,11.40,8.83,11.40,21700,8.31
2008-11-26,8.35,8.84,8.19,8.84,28800,6.45
2008-11-25,8.84,8.84,8.10,8.32,33200,6.07
2008-11-24,8.00,8.92,7.68,8.84,87900,6.45
2008-11-21,7.60,8.00,7.05,8.00,54400,5.83
2008-11-20,8.50,8.50,7.53,7.66,67200,5.59
2008-11-19,9.16,9.16,8.51,8.60,35000,6.27
2008-11-18,9.35,9.82,9.13,9.26,13100,6.75
2008-11-17,10.10,10.10,8.72,9.50,23100,6.93
2008-11-14,10.53,10.71,9.89,10.00,23100,7.29
2008-11-13,10.53,10.53,9.64,10.44,23500,7.61
2008-11-12,10.51,10.76,10.50,10.65,12800,7.77
2008-11-11,11.00,11.12,10.50,10.65,39800,7.77
2008-11-10,11.00,11.40,10.29,10.66,44000,7.77
2008-11-07,10.50,11.22,9.70,11.00,59700,8.02
2008-11-06,13.60,13.60,10.25,10.30,91100,7.51
2008-11-05,13.40,14.01,13.27,13.60,40300,9.92
2008-11-04,12.51,13.70,12.51,13.30,55300,9.70
2008-11-03,12.43,12.86,11.75,12.86,86300,9.38
2008-10-31,11.08,12.08,11.06,12.00,57900,8.40
2008-10-30,10.68,11.12,10.68,10.90,38900,7.63
2008-10-29,10.54,10.61,10.26,10.50,37100,7.35
2008-10-28,10.45,10.55,10.15,10.21,19200,7.14
2008-10-27,10.25,10.49,10.17,10.29,42500,7.20
2008-10-24,9.78,10.80,9.78,10.15,57900,7.10
2008-10-23,10.61,10.99,10.57,10.85,27200,7.59
2008-10-22,10.50,10.71,9.80,10.50,37000,7.35
2008-10-21,10.18,10.74,9.87,10.66,56900,7.46
2008-10-20,9.03,10.18,9.03,10.18,50900,7.12
2008-10-17,8.80,9.47,8.62,8.62,56300,6.03
2008-10-16,9.25,9.40,8.84,8.90,11200,6.23
2008-10-15,9.44,9.60,9.14,9.22,11900,6.45
2008-10-14,8.21,9.93,8.21,9.44,70800,6.61
2008-10-13,7.50,10.42,7.50,8.06,117200,5.64
2008-10-10,7.02,7.12,5.89,6.75,66100,4.72
2008-10-09,7.95,8.00,7.09,7.12,52800,4.98
2008-10-08,7.65,7.92,7.35,7.89,78500,5.52
2008-10-07,8.50,8.60,7.74,7.75,38400,5.42
2008-10-06,9.00,9.00,8.06,8.61,39200,6.02
2008-10-03,9.54,9.81,9.09,9.10,20500,6.37
2008-10-02,9.62,9.62,9.26,9.30,10600,6.51
2008-10-01,9.75,9.75,9.26,9.55,19300,6.68
2008-09-30,9.00,9.48,8.29,9.48,30100,6.63
2008-09-29,10.00,10.05,9.25,9.25,16100,6.47
2008-09-26,9.70,10.14,9.37,10.05,31800,7.03
2008-09-25,10.80,10.80,10.00,10.04,84600,7.02
2008-09-24,11.43,11.50,11.00,11.04,23500,7.72
2008-09-23,11.46,11.53,11.26,11.35,15400,7.94
2008-09-22,12.90,13.05,11.94,12.19,21400,8.53
2008-09-19,10.61,13.98,10.50,12.85,48800,8.99
2008-09-18,10.54,10.87,9.08,10.45,57200,7.31
2008-09-17,11.02,11.10,10.24,10.50,103500,7.35
2008-09-16,11.00,11.19,10.82,11.10,54400,7.77
2008-09-15,11.91,12.36,11.14,11.35,17600,7.94
2008-09-12,11.59,11.88,11.59,11.79,32600,8.25
2008-09-11,11.55,11.56,11.40,11.50,24800,8.05
2008-09-10,11.20,11.69,10.97,11.59,29900,8.11
2008-09-09,11.36,11.63,11.05,11.29,35300,7.90
2008-09-08,12.06,12.06,11.13,11.44,18000,8.00
2008-09-05,11.91,11.99,11.47,11.71,15800,8.19
2008-09-04,12.25,12.50,11.84,11.98,32500,8.38
2008-09-03,12.39,12.39,12.19,12.20,7600,8.54
2008-09-02,13.20,13.20,12.35,12.39,26900,8.67
2008-08-29,12.53,12.61,12.43,12.43,15500,8.70
2008-08-28,12.63,13.78,12.25,12.51,34400,8.75
2008-08-27,13.50,13.50,12.60,12.60,32500,8.82
2008-08-26,12.66,12.71,12.37,12.40,16900,8.68
2008-08-25,12.91,12.94,12.42,12.42,17100,8.69
2008-08-22,12.39,12.92,12.39,12.58,9400,8.80
2008-08-21,12.35,12.48,12.30,12.36,4600,8.65
2008-08-20,12.45,12.60,12.27,12.46,13600,8.72
2008-08-19,12.92,12.92,12.39,12.39,35000,8.67
2008-08-18,12.90,13.05,12.90,12.95,19100,9.06
2008-08-15,13.45,13.54,12.95,12.99,28300,9.09
2008-08-14,13.09,13.28,12.86,13.28,40100,9.29
2008-08-13,12.86,13.01,12.81,12.97,9800,9.08
2008-08-12,13.16,13.16,12.90,12.98,14100,9.08
2008-08-11,12.95,13.36,12.70,12.78,24800,8.94
2008-08-08,12.82,12.94,12.71,12.78,29700,8.94
2008-08-07,12.96,13.03,12.78,12.85,57600,8.99
2008-08-06,12.90,13.00,12.80,12.96,8100,9.07
2008-08-05,12.78,13.25,12.65,12.90,15100,9.03
2008-08-04,13.36,13.45,12.81,12.82,12800,8.97
2008-08-01,13.83,13.83,13.20,13.36,27800,9.35
2008-07-31,13.97,14.12,13.65,13.93,34500,9.41
2008-07-30,13.75,14.11,13.60,13.93,27100,9.41
2008-07-29,13.73,13.85,13.61,13.71,17900,9.26
2008-07-28,13.73,13.92,13.37,13.56,10000,9.16
2008-07-25,13.65,13.87,13.52,13.74,11600,9.28
2008-07-24,14.16,14.16,13.66,13.67,13400,9.23
2008-07-23,13.88,14.04,13.67,13.70,27200,9.25
2008-07-22,13.80,13.93,13.62,13.70,21100,9.25
2008-07-21,13.12,13.98,13.12,13.83,54100,9.34
2008-07-18,13.82,14.30,12.59,12.97,30900,8.76
2008-07-17,14.33,14.65,13.63,13.71,54200,9.26
2008-07-16,13.92,14.41,13.88,14.18,36400,9.57
2008-07-15,14.61,14.61,14.17,14.21,39700,9.59
2008-07-14,14.98,14.98,14.53,14.87,10300,10.04
2008-07-11,14.52,15.04,14.32,14.97,29000,10.11
2008-07-10,14.82,15.18,14.54,15.06,24800,10.17
2008-07-09,14.67,14.99,14.58,14.97,70200,10.11
2008-07-08,15.13,15.25,14.62,14.80,18200,9.99
2008-07-07,15.02,15.12,14.78,15.03,30900,10.15
2008-07-03,13.86,15.43,13.86,15.12,21700,10.21
2008-07-02,15.92,16.01,15.30,15.30,24300,10.33
2008-07-01,15.70,16.40,15.59,16.10,91200,10.87
2008-06-30,15.97,16.05,15.64,15.83,44800,10.69
2008-06-27,16.10,16.14,15.75,16.00,22900,10.80
2008-06-26,16.30,16.34,15.97,16.10,19900,10.87
2008-06-25,15.52,16.49,15.52,16.14,24900,10.90
2008-06-24,16.35,16.39,16.15,16.25,45200,10.97
2008-06-23,16.42,16.57,16.18,16.45,31600,11.11
2008-06-20,16.56,16.56,15.95,16.24,54400,10.97
2008-06-19,16.32,16.44,16.26,16.42,36000,11.09
2008-06-18,16.27,16.58,16.27,16.45,38800,11.11
2008-06-17,16.71,16.93,16.22,16.75,52700,11.31
2008-06-16,17.14,17.14,16.65,16.78,31100,11.33
2008-06-13,17.40,17.51,17.01,17.01,11400,11.48
2008-06-12,17.35,17.36,17.10,17.20,25900,11.61
2008-06-11,17.90,17.92,17.33,17.40,36700,11.75
2008-06-10,18.00,18.05,17.53,17.90,24200,12.09
2008-06-09,18.31,18.32,17.81,17.99,13100,12.15
2008-06-06,18.40,18.40,18.00,18.13,32900,12.24
2008-06-05,18.40,18.41,17.91,18.36,31000,12.40
2008-06-04,18.52,18.56,18.25,18.34,12900,12.38
2008-06-03,19.58,19.58,18.24,18.52,27500,12.50
2008-06-02,18.87,18.87,18.54,18.60,13500,12.56
2008-05-30,19.10,19.61,18.68,18.82,20500,12.71
2008-05-29,18.66,18.99,18.49,18.91,20000,12.77
2008-05-28,18.45,18.66,18.25,18.65,18500,12.59
2008-05-27,18.98,18.99,18.45,18.49,18000,12.48
2008-05-23,18.96,19.14,18.64,18.72,28400,12.64
2008-05-22,19.30,19.50,18.90,18.96,33400,12.80
2008-05-21,18.97,19.56,18.96,19.05,30300,12.86
2008-05-20,19.10,19.10,18.90,18.99,14400,12.82
2008-05-19,19.00,19.39,18.71,19.04,63300,12.86
2008-05-16,18.78,19.08,18.00,19.00,56300,12.83
2008-05-15,19.15,19.15,18.85,18.98,15300,12.82
2008-05-14,19.18,19.20,18.77,19.00,25800,12.83
2008-05-13,19.06,19.08,18.86,19.04,10500,12.86
2008-05-12,19.22,19.34,19.00,19.01,45900,12.84
2008-05-09,20.10,20.10,17.51,19.31,24800,13.04
2008-05-08,20.65,21.35,19.88,20.13,74100,13.59
2008-05-07,19.68,19.91,19.16,19.21,35600,12.97
2008-05-06,19.59,20.10,19.25,19.47,36600,13.15
2008-05-05,19.95,20.06,19.30,19.41,20600,13.11
2008-05-02,20.41,20.41,19.61,19.77,15600,13.35
2008-05-01,20.40,20.80,20.07,20.48,15600,13.50
2008-04-30,20.25,20.37,20.01,20.26,13700,13.35
2008-04-29,21.00,21.10,20.42,20.42,22400,13.46
2008-04-28,21.00,22.14,21.00,21.20,30900,13.97
2008-04-25,21.00,21.65,21.00,21.19,25400,13.97
2008-04-24,21.45,21.48,21.20,21.31,12300,14.05
2008-04-23,21.78,21.78,21.19,21.45,18800,14.14
2008-04-22,21.45,21.88,21.45,21.60,8700,14.24
2008-04-21,21.87,22.08,21.63,21.65,9200,14.27
2008-04-18,22.00,22.16,21.05,21.60,27500,14.24
2008-04-17,21.26,21.62,21.13,21.25,7900,14.01
2008-04-16,20.85,21.49,20.80,21.29,18600,14.03
2008-04-15,20.80,20.95,20.57,20.80,7700,13.71
2008-04-14,20.91,20.93,20.00,20.93,27400,13.79
2008-04-11,21.04,21.10,20.65,20.96,23500,13.81
2008-04-10,21.01,21.14,20.81,21.04,11800,13.87
2008-04-09,21.40,21.40,20.68,21.15,21200,13.94
2008-04-08,21.59,22.10,20.92,21.14,25600,13.93
2008-04-07,20.86,21.52,20.51,21.09,34800,13.90
2008-04-04,20.00,20.94,20.00,20.86,52400,13.75
2008-04-03,19.33,20.39,18.91,19.82,46900,13.06
2008-04-02,18.38,19.00,18.25,19.00,37500,12.52
2008-04-01,18.23,18.48,17.85,18.19,20200,11.99
2008-03-31,18.05,18.15,17.55,18.00,29400,11.86
2008-03-28,18.20,18.25,17.66,18.00,31700,11.86
2008-03-27,18.24,18.71,18.00,18.10,39900,11.93
2008-03-26,18.55,18.60,17.39,18.15,65100,11.96
2008-03-25,18.38,19.27,18.38,18.71,49500,12.33
2008-03-24,19.60,20.65,19.16,19.27,75700,12.70
2008-03-20,19.80,20.38,19.55,19.62,43700,12.93
2008-03-19,21.17,21.17,19.91,19.91,31400,13.12
2008-03-18,21.18,21.28,20.50,21.10,26500,13.91
2008-03-17,21.50,21.76,20.50,20.72,37300,13.66
2008-03-14,23.85,23.85,21.59,22.00,49200,14.50
2008-03-13,25.90,25.90,20.72,22.50,129900,14.83
2008-03-12,27.38,27.38,26.30,26.30,23800,17.33
2008-03-11,25.50,26.85,25.50,26.50,8200,17.47
2008-03-10,26.00,26.40,25.29,25.53,22600,16.83
2008-03-07,26.35,26.49,25.95,26.20,14700,17.27
2008-03-06,27.13,27.13,26.10,26.30,14100,17.33
2008-03-05,27.20,27.51,26.97,27.14,9500,17.89
2008-03-04,27.06,27.06,25.70,26.93,22200,17.75
2008-03-03,27.00,27.71,26.07,26.90,36300,17.73
2008-02-29,27.61,27.94,27.31,27.32,8200,18.01
2008-02-28,27.88,27.88,27.08,27.84,12300,18.35
2008-02-27,28.09,28.25,27.85,27.88,15200,18.38
2008-02-26,28.12,28.24,27.85,28.04,3200,18.48
2008-02-25,28.00,28.35,27.69,28.03,11200,18.47
2008-02-22,27.74,28.29,27.59,28.19,10900,18.58
2008-02-21,28.11,28.25,27.13,27.48,31400,18.11
2008-02-20,26.95,28.00,26.95,27.97,24800,18.43
2008-02-19,27.25,27.70,26.57,26.80,28300,17.66
2008-02-15,27.60,27.67,27.45,27.50,12900,18.13
2008-02-14,27.80,27.80,27.44,27.50,11200,18.13
2008-02-13,27.53,27.87,27.21,27.69,13100,18.25
2008-02-12,27.76,28.11,27.28,27.50,42500,18.13
2008-02-11,28.07,28.10,27.70,27.70,9800,18.26
2008-02-08,28.00,28.07,27.72,27.90,11900,18.39
2008-02-07,27.47,27.95,27.19,27.66,11700,18.23
2008-02-06,27.32,29.14,27.18,27.20,33700,17.93
2008-02-05,27.70,27.70,26.37,27.34,25800,18.02
2008-02-04,27.65,27.83,27.33,27.62,12800,18.20
2008-02-01,27.30,28.05,26.87,27.40,43200,18.06
2008-01-31,26.96,28.27,26.49,27.43,21300,17.76
2008-01-30,25.31,27.41,25.31,27.00,45900,17.48
2008-01-29,26.47,27.04,26.31,26.67,33900,17.27
2008-01-28,26.00,26.50,25.60,26.39,17000,17.08
2008-01-25,26.15,27.10,25.73,25.91,29300,16.77
2008-01-24,25.47,27.11,25.47,25.69,29200,16.63
2008-01-23,25.24,26.69,24.56,25.72,31200,16.65
2008-01-22,24.91,25.58,23.85,25.37,42600,16.42
2008-01-18,25.90,26.15,25.85,26.00,30400,16.83
2008-01-17,26.08,26.77,25.96,26.10,32000,16.90
2008-01-16,26.00,26.49,25.93,26.18,17200,16.95
2008-01-15,26.19,26.74,25.41,26.15,27400,16.93
2008-01-14,26.23,26.23,25.93,26.13,5400,16.92
2008-01-11,25.85,26.26,25.66,26.08,14200,16.88
2008-01-10,26.11,26.20,25.13,25.88,15000,16.75
2008-01-09,25.99,26.10,25.86,26.00,18200,16.83
2008-01-08,26.10,26.41,25.78,25.98,19900,16.82
2008-01-07,26.00,26.25,25.80,26.10,16900,16.90
2008-01-04,26.08,26.40,25.77,25.88,19200,16.75
2008-01-03,26.29,26.82,26.29,26.54,7800,17.18
2008-01-02,26.00,26.53,26.00,26.26,6000,17.00
2007-12-31,25.89,26.16,25.61,26.05,22000,16.86
2007-12-28,26.30,26.54,25.77,26.21,29300,16.97
2007-12-27,26.74,26.74,26.33,26.60,28000,17.22
2007-12-26,25.07,26.62,25.07,26.62,9000,17.23
2007-12-24,25.35,26.11,24.94,25.95,9500,16.80
2007-12-21,25.00,25.53,24.66,25.20,44100,16.31
2007-12-20,25.00,25.20,24.71,25.09,30900,16.24
2007-12-19,24.69,24.92,24.69,24.91,31600,16.13
2007-12-18,25.23,25.40,24.52,24.88,30000,16.11
2007-12-17,25.66,25.97,25.17,25.17,6800,16.29
2007-12-14,25.84,26.21,25.53,25.66,8100,16.61
2007-12-13,26.25,26.83,25.39,25.76,45700,16.68
2007-12-12,26.49,26.63,26.00,26.30,24400,17.03
2007-12-11,24.98,26.90,24.98,26.42,31300,17.10
2007-12-10,24.82,25.35,24.62,25.20,40600,16.31
2007-12-07,25.85,25.93,24.71,25.06,34300,16.22
2007-12-06,26.25,26.40,25.71,25.82,30600,16.72
2007-12-05,26.38,26.70,26.21,26.44,10700,17.12
2007-12-04,26.55,26.75,26.23,26.60,22500,17.22
2007-12-03,26.98,27.47,26.37,26.60,21000,17.22
2007-11-30,28.00,28.00,27.01,27.47,19400,17.78
2007-11-29,27.44,27.61,27.16,27.41,6200,17.74
2007-11-28,27.05,27.64,27.00,27.30,21300,17.67
2007-11-27,27.26,27.28,26.70,27.20,16800,17.61
2007-11-26,28.00,28.00,27.26,27.26,16500,17.65
2007-11-23,27.61,27.79,27.61,27.78,800,17.98
2007-11-21,27.02,28.24,27.02,27.61,23100,17.87
2007-11-20,27.41,28.95,27.41,27.75,6900,17.96
2007-11-19,28.24,28.44,27.14,27.87,23900,18.04
2007-11-16,28.82,29.09,27.88,28.51,19200,18.46
2007-11-15,28.90,29.75,28.87,29.18,56600,18.89
2007-11-14,28.90,29.03,28.63,28.74,21800,18.61
2007-11-13,29.00,29.22,28.61,28.85,13400,18.68
2007-11-12,28.80,29.23,28.60,28.90,9400,18.71
2007-11-09,29.06,29.34,28.80,29.11,16300,18.84
2007-11-08,29.90,30.00,28.60,29.09,20700,18.83
2007-11-07,29.40,29.75,29.40,29.61,4600,19.17
2007-11-06,30.00,30.18,29.12,29.51,6300,19.10
2007-11-05,30.15,30.15,28.67,29.71,12500,19.23
2007-11-02,29.90,29.90,28.37,29.26,28800,18.94
2007-11-01,31.11,31.16,29.40,29.46,48000,19.07
2007-10-31,30.04,31.38,30.00,31.11,17000,19.83
2007-10-30,30.30,30.36,29.55,30.06,12000,19.16
2007-10-29,30.50,30.78,29.77,30.50,34000,19.44
2007-10-26,30.87,31.13,30.40,30.62,59900,19.52
2007-10-25,30.40,31.00,30.31,30.87,26800,19.68
2007-10-24,29.80,30.78,29.60,30.37,41500,19.36
2007-10-23,29.60,30.51,29.52,30.07,13400,19.17
2007-10-22,29.25,29.53,29.17,29.35,36200,18.71
2007-10-19,30.01,30.01,29.31,29.70,22700,18.93
2007-10-18,30.40,30.56,29.73,30.00,46600,19.12
2007-10-17,30.00,30.76,30.00,30.37,51500,19.36
2007-10-16,30.29,30.33,29.99,30.10,74700,19.19
2007-10-15,30.11,30.50,29.95,30.46,16400,19.41
2007-10-12,30.30,30.30,30.06,30.11,6300,19.19
2007-10-11,30.50,30.50,29.96,30.02,27700,19.13
2007-10-10,29.19,30.30,29.19,30.20,24200,19.25
2007-10-09,29.00,29.26,29.00,29.17,18100,18.59
2007-10-08,29.11,29.29,28.76,29.11,29200,18.55
2007-10-05,29.05,29.35,28.75,29.04,15700,18.51
2007-10-04,28.40,28.97,28.06,28.80,11500,18.36
2007-10-03,29.00,29.02,27.78,28.37,14500,18.08
2007-10-02,28.60,28.86,27.66,28.86,29400,18.39
2007-10-01,29.30,29.30,28.44,28.70,42900,18.29
2007-09-28,28.82,29.23,28.50,29.15,14500,18.58
2007-09-27,28.64,29.20,28.50,29.03,12500,18.50
2007-09-26,29.36,29.36,28.70,28.79,17800,18.35
2007-09-25,28.80,28.98,28.60,28.76,7500,18.33
2007-09-24,28.70,28.99,28.52,28.95,34700,18.45
2007-09-21,29.20,29.20,27.56,28.70,135900,18.29
2007-09-20,29.80,29.95,29.17,29.30,10300,18.68
2007-09-19,30.15,30.30,29.56,29.85,16300,19.03
2007-09-18,29.65,30.25,29.65,30.25,8600,19.28
2007-09-17,30.00,30.21,29.39,29.83,19500,19.01
2007-09-14,30.30,30.58,29.95,30.23,6000,19.27
2007-09-13,30.60,30.98,30.40,30.46,13100,19.41
2007-09-12,30.50,30.99,30.00,30.62,17800,19.52
2007-09-11,30.70,31.52,30.55,30.88,17100,19.68
2007-09-10,31.01,31.01,30.40,30.93,18000,19.71
2007-09-07,30.95,31.68,30.95,31.21,26100,19.89
2007-09-06,32.93,33.20,31.53,31.88,25600,20.32
2007-09-05,31.94,33.00,31.66,32.92,44300,20.98
2007-09-04,30.50,31.94,30.50,31.93,30200,20.35
2007-08-31,30.90,31.94,30.86,31.94,44700,20.36
2007-08-30,30.00,30.73,29.96,30.53,21600,19.46
2007-08-29,31.00,31.29,30.22,30.44,10600,19.40
2007-08-28,31.23,31.49,30.55,30.81,34000,19.64
2007-08-27,30.82,31.64,29.89,31.63,76500,20.16
2007-08-24,31.43,32.47,31.02,31.71,55300,20.21
2007-08-23,30.45,32.64,29.84,31.18,44400,19.87
2007-08-22,28.70,29.95,27.96,29.85,94000,19.03
2007-08-21,29.19,29.49,27.96,28.45,42700,18.13
2007-08-20,29.53,29.53,26.72,28.86,44800,18.39
2007-08-17,26.80,29.14,25.95,29.13,55300,18.57
2007-08-16,28.20,28.57,25.95,27.14,117800,17.30
2007-08-15,29.70,29.91,28.32,28.70,33100,18.29
2007-08-14,30.67,31.54,28.80,29.00,67000,18.48
2007-08-13,28.59,31.07,28.59,30.51,29000,19.45
2007-08-10,30.27,30.27,29.10,29.48,94700,18.79
2007-08-09,30.65,30.91,29.42,30.47,71400,19.42
2007-08-08,32.60,32.60,30.62,30.84,83600,19.66
2007-08-07,30.94,32.46,27.68,32.27,102300,20.57
2007-08-06,33.45,33.45,27.66,30.64,154700,19.53
2007-08-03,36.70,37.04,33.13,33.78,105500,21.53
2007-08-02,39.36,39.57,36.52,37.00,31900,23.58
2007-08-01,39.02,41.29,39.02,39.36,53100,25.09
2007-07-31,39.20,40.00,38.86,39.80,28400,25.07
2007-07-30,39.78,40.60,38.61,38.93,22900,24.52
2007-07-27,38.99,39.56,38.58,39.28,25600,24.74
2007-07-26,39.50,39.50,38.64,39.28,7200,24.74
2007-07-25,38.85,39.67,38.84,39.53,22700,24.90
2007-07-24,39.37,40.36,39.35,39.45,23500,24.85
2007-07-23,39.50,39.96,39.35,39.35,60000,24.78
2007-07-20,39.35,40.24,39.35,39.51,26000,24.88
2007-07-19,39.20,40.71,39.20,39.35,44300,24.78
2007-07-18,37.80,39.28,37.40,39.07,36400,24.61
2007-07-17,38.15,38.58,37.85,38.00,35100,23.93
2007-07-16,37.69,38.50,37.44,38.30,32300,24.12
2007-07-13,37.30,37.95,37.30,37.49,25400,23.61
2007-07-12,38.50,38.50,37.13,37.29,71400,23.49
2007-07-11,37.65,39.44,37.65,38.28,41900,24.11
2007-07-10,38.00,39.00,37.48,37.50,68800,23.62
2007-07-09,38.30,38.38,37.40,37.46,40900,23.59
2007-07-06,37.45,37.67,37.11,37.55,17000,23.65
2007-07-05,37.75,37.75,37.07,37.50,18000,23.62
2007-07-03,37.01,38.80,37.01,37.50,31200,23.62
2007-07-02,35.94,37.90,35.94,37.13,32000,23.38
2007-06-29,34.55,35.94,34.55,35.94,23500,22.64
2007-06-28,35.00,35.00,34.27,34.70,13100,21.85
2007-06-27,34.75,35.63,34.18,35.15,38900,22.14
2007-06-26,35.80,35.81,35.25,35.40,8900,22.30
2007-06-25,36.18,36.38,35.52,35.81,30500,22.55
2007-06-22,37.02,37.20,36.61,36.92,15600,23.25
2007-06-21,36.44,37.24,36.40,37.13,16900,23.38
2007-06-20,36.01,36.57,35.83,36.29,16500,22.86
2007-06-19,36.05,36.35,35.60,35.87,49300,22.59
2007-06-18,36.86,37.50,36.67,36.70,71000,23.11
2007-06-15,36.50,37.07,36.25,36.61,16500,23.06
2007-06-14,34.03,36.39,34.03,36.24,43200,22.82
2007-06-13,33.51,34.41,33.51,34.32,21600,21.62
2007-06-12,34.92,35.23,32.53,34.10,75600,21.48
2007-06-11,35.60,35.60,34.10,35.17,60400,22.15
2007-06-08,36.37,36.37,32.43,35.56,99300,22.40
2007-06-07,37.40,37.40,36.52,36.62,32100,23.06
2007-06-06,37.50,37.68,37.24,37.40,28800,23.55
2007-06-05,37.41,37.52,37.02,37.35,30700,23.52
2007-06-04,38.70,38.75,37.34,37.40,66200,23.55
2007-06-01,37.49,37.97,37.17,37.39,52800,23.55
2007-05-31,37.38,37.50,37.24,37.46,19000,23.59
2007-05-30,37.70,38.00,37.07,37.37,63500,23.54
2007-05-29,38.50,38.51,37.25,37.70,115000,23.74
2007-05-25,36.28,36.91,36.25,36.62,20700,23.06
2007-05-24,37.60,37.86,36.51,36.78,33300,23.16
2007-05-23,37.03,38.19,37.03,37.40,41300,23.55
2007-05-22,37.00,37.49,36.98,37.28,21700,23.48
2007-05-21,37.03,37.29,36.82,37.00,35600,23.30
2007-05-18,37.28,37.70,37.02,37.20,22500,23.43
2007-05-17,36.85,37.12,36.85,37.05,21900,23.33
2007-05-16,37.11,37.18,36.85,37.10,38000,23.37
2007-05-15,37.30,37.65,36.81,37.36,55500,23.53
2007-05-14,37.25,37.93,36.60,37.93,44000,23.89
2007-05-11,37.03,37.60,37.02,37.34,52800,23.52
2007-05-10,36.95,37.85,36.66,37.60,209900,23.68
2007-05-09,36.60,37.25,36.60,36.71,32900,23.12
2007-05-08,36.97,36.97,36.50,36.70,24300,23.11
2007-05-07,37.61,37.95,36.11,36.89,68900,23.23
2007-05-04,37.35,37.87,37.00,37.56,29200,23.66
2007-05-03,37.15,37.35,36.80,37.35,24500,23.52
2007-05-02,36.86,37.34,36.71,36.83,25700,23.20
2007-05-01,37.69,37.69,36.90,37.55,34300,23.36
2007-04-30,36.47,37.50,36.20,37.44,36900,23.29
2007-04-27,36.90,37.00,35.91,36.48,29200,22.69
2007-04-26,37.00,37.15,36.91,37.15,14700,23.11
2007-04-25,36.35,37.00,36.01,36.91,35900,22.96
2007-04-24,35.62,36.49,35.56,36.45,34900,22.67
2007-04-23,35.45,35.86,35.40,35.62,24800,22.16
2007-04-20,34.55,35.93,34.55,35.46,44300,22.06
2007-04-19,34.50,34.82,34.15,34.55,16100,21.49
2007-04-18,34.75,35.04,34.35,34.75,387500,21.61
2007-04-17,34.20,34.69,34.20,34.55,13000,21.49
2007-04-16,34.19,34.26,33.80,34.08,32500,21.20
2007-04-13,34.35,34.79,33.75,33.93,20500,21.10
2007-04-12,33.15,34.40,32.75,34.32,48000,21.35
2007-04-11,32.74,33.25,32.50,33.24,35100,20.68
2007-04-10,34.10,34.32,32.02,33.52,86900,20.85
2007-04-09,34.76,35.21,34.12,34.41,62200,21.40
2007-04-05,35.53,35.53,34.18,34.76,92000,21.62
2007-04-04,37.45,38.00,35.08,35.78,46200,22.26
2007-04-03,37.00,37.39,35.50,37.14,53900,23.10
2007-04-02,36.86,37.45,36.69,37.00,74900,23.01
2007-03-30,36.75,37.05,35.73,35.86,65500,22.31
2007-03-29,38.10,38.14,36.26,36.51,80300,22.71
2007-03-28,35.00,36.60,34.80,36.29,49800,22.57
2007-03-27,33.35,36.00,33.25,35.01,73900,21.78
2007-03-26,35.52,35.75,32.81,33.35,104300,20.74
2007-03-23,33.80,34.79,33.60,34.52,73100,21.47
2007-03-22,33.08,33.74,33.08,33.58,29200,20.89
2007-03-21,32.54,33.24,32.54,33.08,67000,20.58
2007-03-20,32.74,33.22,32.45,32.53,43100,20.23
2007-03-19,31.95,32.79,31.75,32.64,67300,20.30
2007-03-16,30.98,31.99,30.98,31.31,43400,19.48
2007-03-15,30.75,31.11,30.50,30.96,38200,19.26
2007-03-14,31.16,31.16,30.27,30.65,27300,19.06
2007-03-13,31.33,31.72,31.07,31.16,40600,19.38
2007-03-12,30.30,31.50,30.30,31.30,60700,19.47
2007-03-09,29.46,30.06,29.02,30.01,27700,18.67
2007-03-08,28.85,29.46,28.54,29.17,26800,18.14
2007-03-07,28.01,28.70,27.86,28.63,27700,17.81
2007-03-06,28.04,28.24,27.79,28.01,17800,17.42
2007-03-05,28.25,28.25,27.63,28.00,25600,17.42
2007-03-02,28.57,28.87,28.39,28.39,28100,17.66
2007-03-01,28.81,29.09,28.80,29.07,27200,18.08
2007-02-28,29.00,29.12,28.80,28.91,27700,17.98
2007-02-27,28.53,28.80,28.51,28.80,23400,17.91
2007-02-26,28.19,28.73,28.13,28.73,15800,17.87
2007-02-23,28.15,28.29,28.15,28.29,15900,17.60
2007-02-22,27.74,28.33,27.70,28.29,14200,17.60
2007-02-21,27.41,27.74,27.40,27.74,9400,17.25
2007-02-20,27.82,27.83,27.50,27.51,14100,17.11
2007-02-16,27.48,27.63,27.44,27.62,12700,17.18
2007-02-15,27.75,27.98,27.60,27.65,49900,17.20
2007-02-14,27.61,27.71,27.29,27.60,22300,17.17
2007-02-13,26.95,27.43,26.95,27.43,15400,17.06
2007-02-12,27.10,27.10,26.78,27.01,16300,16.80
2007-02-09,27.50,27.50,26.86,26.94,15300,16.76
2007-02-08,27.51,27.63,27.47,27.60,7100,17.17
2007-02-07,27.22,27.75,27.20,27.60,47600,17.17
2007-02-06,27.25,27.36,27.02,27.27,14900,16.96
2007-02-05,26.50,27.20,26.50,27.20,22700,16.92
2007-02-02,26.05,26.45,25.98,26.45,18600,16.45
2007-02-01,25.71,26.09,25.71,26.06,14300,16.21
2007-01-31,26.06,26.36,26.05,26.36,22800,16.11
2007-01-30,26.00,26.22,25.92,26.05,12800,15.92
2007-01-29,26.19,26.19,25.74,26.00,18000,15.89
2007-01-26,25.71,26.08,25.71,25.99,16000,15.89
2007-01-25,25.85,26.00,25.65,25.70,20400,15.71
2007-01-24,25.90,25.90,25.61,25.70,27800,15.71
2007-01-23,26.36,26.36,25.88,25.97,86400,15.87
2007-01-22,25.66,26.28,25.66,26.11,13700,15.96
2007-01-19,25.75,26.08,25.63,25.91,20500,15.84
2007-01-18,25.72,25.72,25.60,25.70,14500,15.71
2007-01-17,25.60,25.65,25.52,25.60,51400,15.65
2007-01-16,25.21,25.74,25.00,25.56,47800,15.62
2007-01-12,25.25,25.39,24.99,25.16,24200,15.38
2007-01-11,24.55,25.21,24.48,25.19,34500,15.40
2007-01-10,24.61,24.65,24.56,24.60,12700,15.04
2007-01-09,24.35,24.58,24.25,24.58,22500,15.03
2007-01-08,23.82,24.35,23.82,24.35,24000,14.88
2007-01-05,24.14,24.14,23.53,23.94,35600,14.63
2007-01-04,25.05,25.05,23.87,24.24,85000,14.82
2007-01-03,25.98,26.50,25.08,25.36,31500,15.50
2006-12-29,25.65,26.70,25.63,25.98,25600,15.88
2006-12-28,25.50,25.80,24.97,25.80,11000,15.77
2006-12-27,25.00,25.70,24.91,25.70,27100,15.71
2006-12-26,24.99,25.75,24.87,24.93,7000,15.24
2006-12-22,24.91,25.00,24.80,25.00,21800,15.28
2006-12-21,24.57,25.00,24.57,24.91,22700,15.23
2006-12-20,24.80,24.80,24.53,24.59,3400,15.03
2006-12-19,24.78,24.80,24.57,24.64,6200,15.06
2006-12-18,24.85,24.94,24.72,24.77,12600,15.14
2006-12-15,24.55,24.92,24.55,24.70,175000,15.10
2006-12-14,24.70,24.70,24.51,24.51,9100,14.98
2006-12-13,24.75,24.80,24.65,24.70,12900,15.10
2006-12-12,24.80,24.98,24.62,24.75,31500,15.13
2006-12-11,24.83,24.87,24.65,24.74,37200,15.12
2006-12-08,24.95,24.95,24.60,24.71,39200,15.10
2006-12-07,24.91,25.00,24.77,24.86,24900,15.20
2006-12-06,24.96,24.96,24.61,24.90,21000,15.22
2006-12-05,24.40,24.95,24.40,24.95,30700,15.25
2006-12-04,23.70,24.40,23.67,24.25,19900,14.82
2006-12-01,23.75,23.93,23.30,23.59,29500,14.42
2006-11-30,23.60,23.83,23.51,23.60,10800,14.43
2006-11-29,23.60,23.71,23.60,23.61,13400,14.43
2006-11-28,23.55,23.70,23.50,23.70,39000,14.49
2006-11-27,23.90,23.96,23.50,23.51,21600,14.37
2006-11-24,23.98,23.98,23.75,23.75,16500,14.52
2006-11-22,23.85,23.94,23.80,23.92,14200,14.62
2006-11-21,23.72,24.11,23.72,24.00,17400,14.67
2006-11-20,23.85,23.99,23.60,23.82,32800,14.56
2006-11-17,23.95,24.04,23.65,23.84,25800,14.57
2006-11-16,24.39,24.39,23.50,23.95,22900,14.64
2006-11-15,24.45,24.45,24.27,24.38,25100,14.90
2006-11-14,24.42,24.50,24.00,24.28,18300,14.84
2006-11-13,24.30,24.43,23.75,24.40,44900,14.92
2006-11-10,23.35,23.70,23.25,23.70,10800,14.49
2006-11-09,22.60,23.55,22.60,23.50,48400,14.36
2006-11-08,22.12,22.41,22.02,22.27,14600,13.61
2006-11-07,21.90,22.20,21.90,22.12,23200,13.52
2006-11-06,22.05,22.06,21.88,21.90,17700,13.39
2006-11-03,22.05,22.05,21.70,21.85,32200,13.36
2006-11-02,22.06,22.24,21.75,22.10,13700,13.51
2006-11-01,22.25,22.25,21.90,21.96,47300,13.42
2006-10-31,22.90,22.90,22.51,22.65,45200,13.57
2006-10-30,22.75,22.78,22.50,22.65,15900,13.57
2006-10-27,22.70,22.91,22.60,22.70,65300,13.60
2006-10-26,22.49,22.60,22.40,22.60,15100,13.54
2006-10-25,22.41,22.70,22.39,22.50,79700,13.48
2006-10-24,22.37,22.50,22.37,22.40,18500,13.42
2006-10-23,22.35,22.50,22.26,22.36,11900,13.40
2006-10-20,22.20,22.50,22.20,22.25,46000,13.33
2006-10-19,22.20,22.25,22.10,22.19,49200,13.30
2006-10-18,21.90,22.36,21.90,22.22,21200,13.32
2006-10-17,21.85,22.00,21.85,22.00,18900,13.18
2006-10-16,22.05,22.12,21.75,21.87,39600,13.11
2006-10-13,22.20,22.25,22.11,22.15,38000,13.27
2006-10-12,22.10,22.17,22.01,22.17,18000,13.29
2006-10-11,22.00,22.15,21.95,22.12,9400,13.26
2006-10-10,22.05,22.25,22.02,22.07,21400,13.23
2006-10-09,22.20,22.50,22.10,22.25,35900,13.33
2006-10-06,22.25,22.30,22.10,22.20,11200,13.30
2006-10-05,22.00,22.30,22.00,22.30,18000,13.36
2006-10-04,22.35,22.37,22.00,22.05,31300,13.21
2006-10-03,22.50,22.50,22.20,22.29,19100,13.36
2006-10-02,22.55,22.98,22.44,22.50,52400,13.48
2006-09-29,22.50,22.62,22.30,22.45,47200,13.45
2006-09-28,22.44,22.60,22.39,22.40,61200,13.42
2006-09-27,22.51,22.74,22.41,22.47,38500,13.47
2006-09-26,22.55,22.65,22.15,22.65,23700,13.57
2006-09-25,22.60,22.70,22.43,22.50,27300,13.48
2006-09-22,22.38,22.55,22.35,22.40,6700,13.42
2006-09-21,22.30,22.30,21.80,22.30,24000,13.36
2006-09-20,22.80,22.80,22.40,22.40,12200,13.42
2006-09-19,22.40,22.75,22.40,22.75,13300,13.63
2006-09-18,22.68,22.74,22.43,22.50,33300,13.48
2006-09-15,22.35,22.65,22.35,22.54,14300,13.51
2006-09-14,22.45,22.57,22.41,22.48,20600,13.47
2006-09-13,22.40,22.55,22.25,22.40,14300,13.42
2006-09-12,22.15,22.30,22.15,22.30,13300,13.36
2006-09-11,22.35,22.35,22.15,22.19,12600,13.30
2006-09-08,22.40,22.45,22.23,22.30,16200,13.36
2006-09-07,22.30,22.46,22.15,22.35,10100,13.39
2006-09-06,22.00,22.53,22.00,22.30,15900,13.36
2006-09-05,22.40,22.40,22.17,22.35,35100,13.39
2006-09-01,22.35,22.40,22.23,22.30,29700,13.36
2006-08-31,22.20,22.29,22.05,22.28,30700,13.35
2006-08-30,22.15,22.30,22.00,22.18,23600,13.29
2006-08-29,22.20,22.24,22.02,22.10,39200,13.24
2006-08-28,22.15,22.27,22.00,22.15,20500,13.27
2006-08-25,22.12,22.21,22.00,22.15,12100,13.27
2006-08-24,22.10,22.11,22.00,22.10,13300,13.24
2006-08-23,21.85,22.30,21.81,22.02,49500,13.20
2006-08-22,22.05,22.05,21.80,21.88,10300,13.11
2006-08-21,22.00,22.20,21.78,22.01,18200,13.19
2006-08-18,22.00,22.00,21.75,22.00,27000,13.18
2006-08-17,22.03,22.03,21.80,22.00,16900,13.18
2006-08-16,21.90,22.03,21.86,21.96,6000,13.16
2006-08-15,22.01,22.03,21.65,21.95,7800,13.15
2006-08-14,21.95,22.05,21.81,21.95,13900,13.15
2006-08-11,22.00,22.05,21.92,21.95,12200,13.15
2006-08-10,22.20,22.28,21.91,22.05,43700,13.21
2006-08-09,21.95,21.95,21.65,21.66,10300,12.98
2006-08-08,21.80,21.90,21.64,21.85,12600,13.09
2006-08-07,21.65,21.83,21.55,21.83,15400,13.08
2006-08-04,21.31,21.75,21.31,21.75,10600,13.03
2006-08-03,21.45,21.50,21.30,21.41,10700,12.83
2006-08-02,21.50,21.57,21.34,21.45,21100,12.85
2006-08-01,21.30,21.60,21.20,21.58,34200,12.93
2006-07-31,21.30,21.65,21.30,21.65,35200,12.71
2006-07-28,21.65,21.70,21.30,21.55,15600,12.65
2006-07-27,21.50,21.90,21.50,21.55,18300,12.65
2006-07-26,21.60,21.75,21.40,21.40,15800,12.56
2006-07-25,21.40,21.75,21.30,21.67,20400,12.72
2006-07-24,21.00,21.33,20.99,21.30,21300,12.51
2006-07-21,20.70,20.90,20.58,20.90,7300,12.27
2006-07-20,20.65,20.71,20.60,20.70,2700,12.15
2006-07-19,20.33,20.58,20.20,20.58,14800,12.08
2006-07-18,20.52,20.75,20.47,20.60,4400,12.10
2006-07-17,20.27,20.42,20.15,20.42,4500,11.99
2006-07-14,20.40,20.45,20.20,20.45,12700,12.01
2006-07-13,20.01,21.00,20.01,20.45,29300,12.01
2006-07-12,20.23,20.29,20.02,20.21,6400,11.87
2006-07-11,19.99,20.13,19.95,20.13,12800,11.82
2006-07-10,20.07,20.19,19.93,20.19,38900,11.85
2006-07-07,20.20,20.26,20.10,20.21,5100,11.87
2006-07-06,20.20,20.33,20.19,20.32,3200,11.93
2006-07-05,20.15,20.54,20.08,20.30,8800,11.92
2006-07-03,20.43,20.43,20.07,20.30,12200,11.92
2006-06-30,20.35,20.43,20.10,20.43,13900,12.00
2006-06-29,20.03,20.45,19.92,20.45,16200,12.01
2006-06-28,20.20,20.49,20.00,20.05,12500,11.77
2006-06-27,20.20,20.40,20.15,20.33,12700,11.94
2006-06-26,20.40,20.40,19.92,20.38,20300,11.97
2006-06-23,20.45,20.45,20.10,20.40,16400,11.98
2006-06-22,20.10,20.24,20.03,20.24,4400,11.88
2006-06-21,20.20,20.25,20.05,20.17,10800,11.84
2006-06-20,20.20,20.35,20.13,20.30,7200,11.92
2006-06-19,20.22,20.39,20.05,20.30,8800,11.92
2006-06-16,20.10,20.22,20.07,20.21,11500,11.87
2006-06-15,20.03,20.25,20.03,20.25,13200,11.89
2006-06-14,20.15,20.35,19.90,20.23,10200,11.88
2006-06-13,20.58,20.58,19.95,20.30,29000,11.92
2006-06-12,20.29,20.50,20.15,20.50,9600,12.04
2006-06-09,20.48,20.55,20.25,20.35,5500,11.95
2006-06-08,20.50,20.80,20.00,20.50,16600,12.04
2006-06-07,20.70,20.70,20.40,20.50,7500,12.04
2006-06-06,20.75,20.75,20.28,20.60,9100,12.10
2006-06-05,20.65,20.90,20.45,20.80,6000,12.21
2006-06-02,20.32,20.54,20.25,20.50,15700,12.04
2006-06-01,20.65,20.65,20.26,20.28,9600,11.91
2006-05-31,20.50,20.66,20.27,20.66,11900,12.13
2006-05-30,20.70,20.80,20.40,20.70,5700,12.15
2006-05-26,20.83,21.00,20.30,20.80,12100,12.21
2006-05-25,20.20,21.10,20.20,20.74,18200,12.18
2006-05-24,20.40,20.50,20.18,20.36,9300,11.95
2006-05-23,20.36,20.80,20.25,20.55,31600,12.07
2006-05-22,20.30,20.33,20.10,20.26,9900,11.90
2006-05-19,20.05,20.25,20.01,20.16,18200,11.84
2006-05-18,20.10,20.40,20.08,20.15,10200,11.83
2006-05-17,20.15,20.55,20.08,20.20,29600,11.86
2006-05-16,20.32,20.44,20.30,20.30,19300,11.92
2006-05-15,20.25,20.50,20.25,20.32,7900,11.93
2006-05-12,20.90,20.93,20.25,20.30,39600,11.92
2006-05-11,21.10,21.30,20.91,20.95,26900,12.30
2006-05-10,20.95,21.10,20.95,21.10,21400,12.39
2006-05-09,20.80,21.11,20.80,20.92,37000,12.28
2006-05-08,21.05,21.15,20.80,20.90,29400,12.27
2006-05-05,20.95,21.00,20.60,21.00,43300,12.33
2006-05-04,21.05,21.19,21.05,21.05,9100,12.36
2006-05-03,20.95,21.10,20.80,20.98,20200,12.32
2006-05-02,21.30,21.30,20.80,20.90,9800,12.27
2006-05-01,21.75,21.75,21.45,21.59,14600,12.43
2006-04-28,21.50,21.70,21.15,21.70,19200,12.49
2006-04-27,21.10,21.49,21.00,21.49,12300,12.37
2006-04-26,21.09,21.09,21.00,21.08,5400,12.13
2006-04-25,20.85,21.05,20.85,20.98,10500,12.08
2006-04-24,20.96,21.01,20.75,20.85,16500,12.00
2006-04-21,20.78,21.10,20.65,20.97,10400,12.07
2006-04-20,20.65,20.83,20.65,20.78,9500,11.96
2006-04-19,20.85,20.95,20.65,20.75,16900,11.94
2006-04-18,21.00,21.02,20.60,20.85,19600,12.00
2006-04-17,20.91,21.10,20.90,20.95,10500,12.06
2006-04-13,21.35,21.35,21.00,21.10,30700,12.14
2006-04-12,21.13,21.65,21.06,21.49,24700,12.37
2006-04-11,21.30,21.45,21.25,21.30,7600,12.26
2006-04-10,21.30,21.50,21.20,21.40,28100,12.32
2006-04-07,21.40,21.45,21.35,21.41,24200,12.32
2006-04-06,21.25,21.45,21.23,21.45,34400,12.35
2006-04-05,21.18,21.30,21.15,21.25,13200,12.23
2006-04-04,21.30,21.35,21.10,21.22,15300,12.21
2006-04-03,21.25,21.49,21.24,21.48,15800,12.36
2006-03-31,21.10,21.35,20.78,21.25,35100,12.23
2006-03-30,20.65,21.20,20.65,21.09,54800,12.14
2006-03-29,20.55,20.75,20.50,20.75,8500,11.94
2006-03-28,20.62,20.70,20.52,20.65,15800,11.89
2006-03-27,20.80,20.80,20.50,20.55,28400,11.83
2006-03-24,20.67,20.80,20.65,20.70,17600,11.91
2006-03-23,20.55,20.74,20.55,20.71,7200,11.92
2006-03-22,20.25,20.55,20.23,20.55,5400,11.83
2006-03-21,20.50,20.52,20.20,20.20,18100,11.63
2006-03-20,20.25,20.70,20.25,20.60,17000,11.86
2006-03-17,20.50,20.50,20.25,20.25,8500,11.66
2006-03-16,20.07,20.50,19.91,20.40,12900,11.74
2006-03-15,20.40,20.40,20.15,20.17,10800,11.61
2006-03-14,20.10,20.40,20.10,20.30,16700,11.68
2006-03-13,20.15,20.45,20.10,20.35,4700,11.71
2006-03-10,19.90,20.25,19.90,20.25,10900,11.66
2006-03-09,20.00,20.40,20.00,20.00,18200,11.51
2006-03-08,20.08,20.08,19.90,19.90,62300,11.45
2006-03-07,20.30,20.30,20.00,20.18,22100,11.62
2006-03-06,20.50,20.50,20.25,20.30,11600,11.68
2006-03-03,20.85,20.85,20.50,20.52,19900,11.81
2006-03-02,20.97,20.97,20.80,20.84,14300,12.00
2006-03-01,21.08,21.08,20.80,20.87,9300,12.01
2006-02-28,21.08,21.25,20.90,21.07,39800,12.13
2006-02-27,21.27,21.27,21.00,21.00,12300,12.09
2006-02-24,20.90,21.30,20.90,21.30,9300,12.26
2006-02-23,21.20,21.25,20.90,20.90,6100,12.03
2006-02-22,21.20,21.22,21.00,21.05,7100,12.12
2006-02-21,21.27,21.50,21.20,21.25,9600,12.23
2006-02-17,21.37,21.50,21.25,21.30,7500,12.26
2006-02-16,21.52,21.58,21.20,21.50,16600,12.38
2006-02-15,20.95,21.58,20.80,21.50,17800,12.38
2006-02-14,20.99,21.30,20.70,20.78,17800,11.96
2006-02-13,20.95,21.12,20.90,21.04,13900,12.11
2006-02-10,21.00,21.00,20.60,20.90,17300,12.03
2006-02-09,21.20,21.37,21.05,21.10,16400,12.14
2006-02-08,21.10,21.28,20.95,21.05,7100,12.12
2006-02-07,21.70,21.80,21.20,21.27,12800,12.24
2006-02-06,21.50,21.79,21.44,21.79,23300,12.54
2006-02-03,20.90,21.50,20.85,21.48,32800,12.36
2006-02-02,20.70,21.18,20.70,20.80,26300,11.97
2006-02-01,20.70,20.75,20.41,20.55,16800,11.83
2006-01-31,20.55,21.25,20.50,20.99,47900,11.84
2006-01-30,20.70,20.90,20.46,20.53,26700,11.59
2006-01-27,20.90,21.02,20.50,20.51,32900,11.57
2006-01-26,20.73,20.97,20.73,20.78,17000,11.73
2006-01-25,20.75,21.05,20.63,20.63,31400,11.64
2006-01-24,20.55,20.85,20.50,20.74,14800,11.70
2006-01-23,20.55,20.72,20.10,20.35,18500,11.48
2006-01-20,21.05,21.30,20.65,20.80,27800,11.74
2006-01-19,20.47,21.05,20.40,21.05,20700,11.88
2006-01-18,19.80,20.35,19.66,20.35,17900,11.48
2006-01-17,19.85,19.99,19.45,19.99,28900,11.28
2006-01-13,19.35,19.60,19.35,19.60,9900,11.06
2006-01-12,19.65,19.72,19.35,19.35,12900,10.92
2006-01-11,19.55,19.81,19.55,19.73,18800,11.13
2006-01-10,19.79,19.90,19.45,19.45,34000,10.98
2006-01-09,20.06,20.06,19.61,19.80,50500,11.17
2006-01-06,20.00,20.21,19.81,19.81,45900,11.18
2006-01-05,19.75,20.35,19.55,20.00,37300,11.29
2006-01-04,19.35,19.65,19.35,19.65,17300,11.09
2006-01-03,18.95,19.40,18.94,19.35,48400,10.92
2005-12-30,18.33,18.95,18.15,18.70,126400,10.55
2005-12-29,18.60,18.70,18.15,18.27,122600,10.31
2005-12-28,18.82,18.85,18.52,18.60,93500,10.50
2005-12-27,19.30,19.31,18.45,18.67,79900,10.54
2005-12-23,19.38,19.39,19.26,19.27,47000,10.87
2005-12-22,19.40,19.65,19.25,19.35,50600,10.92
2005-12-21,19.45,19.65,19.27,19.43,62000,10.96
2005-12-20,19.30,19.49,19.30,19.37,33600,10.93
2005-12-19,19.60,19.80,19.40,19.50,45100,11.00
2005-12-16,19.65,19.73,19.51,19.70,22700,11.12
2005-12-15,19.54,19.79,19.47,19.70,49700,11.12
2005-12-14,19.58,20.02,19.50,19.64,29800,11.08
2005-12-13,19.55,19.70,19.40,19.68,47000,11.11
2005-12-12,19.70,19.79,19.62,19.70,38300,11.12
2005-12-09,19.75,19.80,19.63,19.75,39100,11.15
2005-12-08,19.95,19.98,19.65,19.78,33000,11.16
2005-12-07,19.88,19.90,19.60,19.70,28600,11.12
2005-12-06,19.50,19.91,19.50,19.83,73000,11.19
2005-12-05,19.40,19.80,19.40,19.56,43100,11.04
2005-12-02,19.30,19.95,19.30,19.40,54300,10.95
2005-12-01,19.60,19.75,19.12,19.37,80500,10.93
2005-11-30,19.75,19.98,19.50,19.59,97600,11.05
2005-11-29,20.30,20.60,19.95,20.24,40000,11.42
2005-11-28,20.05,20.90,19.95,20.40,45600,11.51
2005-11-25,20.25,20.25,20.06,20.10,6500,11.34
2005-11-23,20.50,20.65,20.15,20.25,33500,11.43
2005-11-22,20.45,20.90,20.25,20.50,24000,11.57
2005-11-21,20.72,20.75,20.10,20.54,48100,11.59
2005-11-18,20.15,20.60,20.15,20.49,22000,11.56
2005-11-17,20.45,20.45,19.90,20.25,52300,11.43
2005-11-16,20.70,20.70,20.45,20.45,20800,11.54
2005-11-15,21.55,21.63,20.61,20.75,41900,11.71
2005-11-14,21.26,21.83,21.18,21.50,102100,12.13
2005-11-11,20.90,21.35,20.75,21.15,29400,11.94
2005-11-10,21.40,21.55,20.90,21.15,46500,11.94
2005-11-09,20.90,21.25,20.40,21.10,65900,11.91
2005-11-08,21.09,21.45,20.90,20.92,70600,11.81
2005-11-07,20.65,20.95,20.55,20.84,54300,11.76
2005-11-04,20.80,21.00,20.31,20.83,56400,11.75
2005-11-03,21.25,21.25,20.60,20.86,64900,11.77
2005-11-02,21.75,21.75,21.28,21.31,33900,12.03
2005-11-01,21.85,22.00,21.53,21.73,46200,12.26
2005-10-31,21.65,21.80,21.55,21.63,28100,12.21
2005-10-28,21.75,21.85,21.65,21.70,15700,12.25
2005-10-27,21.95,21.95,21.65,21.65,15800,12.22
2005-10-26,21.95,22.08,21.50,21.90,27400,12.36
2005-10-25,21.99,22.10,21.99,22.00,30800,12.41
2005-10-24,21.50,21.98,21.50,21.90,28100,12.36
2005-10-21,21.40,21.99,21.27,21.50,72200,12.13
2005-10-20,21.95,22.13,21.79,21.79,20500,12.30
2005-10-19,22.15,22.15,21.26,22.05,56200,12.44
2005-10-18,22.00,22.25,22.00,22.16,33700,12.51
2005-10-17,21.70,22.19,21.70,22.05,55100,12.44
2005-10-14,21.95,21.95,21.50,21.70,80400,12.25
2005-10-13,22.67,22.67,21.50,22.05,53700,12.44
2005-10-12,22.73,22.80,22.40,22.65,53600,12.78
2005-10-11,22.45,22.85,22.45,22.58,34200,12.74
2005-10-10,22.95,22.95,22.40,22.50,34800,12.70
2005-10-07,22.40,22.93,22.30,22.83,100900,12.88
2005-10-06,23.35,23.35,22.19,22.21,196100,12.53
2005-10-05,24.00,24.00,23.21,23.37,142900,13.19
2005-10-04,24.40,24.68,23.90,23.91,120400,13.49
