Date,Open,High,Low,Close,Volume,Adj Close
2012-05-04,62.20,64.88,62.04,64.17,745300,64.17
2012-05-03,58.37,64.39,57.51,62.24,1750600,62.24
2012-05-02,53.52,56.05,52.70,54.93,644600,54.93
2012-05-01,53.61,53.80,52.10,52.97,627500,52.97
2012-04-30,56.21,56.23,53.29,53.33,351600,53.33
2012-04-27,54.58,56.41,54.22,55.55,337600,55.55
2012-04-26,53.52,54.66,53.17,54.45,335000,54.45
2012-04-25,51.33,53.54,51.33,53.26,279300,53.26
2012-04-24,51.60,52.22,50.13,50.97,243600,50.97
2012-04-23,52.57,52.64,50.93,51.49,292100,51.49
2012-04-20,53.62,53.71,51.91,53.01,482600,53.01
2012-04-19,53.28,53.99,52.44,52.94,356200,52.94
2012-04-18,51.89,52.81,51.50,52.55,425500,52.55
2012-04-17,52.13,53.35,51.87,52.11,589000,52.11
2012-04-16,51.91,52.58,50.82,51.58,618000,51.58
2012-04-13,50.60,51.91,49.69,51.30,392700,51.30
2012-04-12,48.19,51.20,47.90,50.53,499600,50.53
2012-04-11,48.74,48.85,47.51,48.07,404300,48.07
2012-04-10,50.72,51.80,47.10,47.62,628500,47.62
2012-04-09,48.94,50.81,48.02,50.48,620600,50.48
2012-04-05,48.24,49.89,47.98,49.36,777200,49.36
2012-04-04,44.04,47.16,43.86,46.71,555400,46.71
2012-04-03,44.30,45.43,44.04,44.24,386500,44.24
2012-04-02,44.84,45.00,42.68,44.23,480700,44.23
2012-03-30,45.84,46.41,43.80,44.80,345000,44.80
2012-03-29,45.92,46.14,44.75,45.48,273800,45.48
2012-03-28,47.41,47.61,45.13,46.01,505400,46.01
2012-03-27,47.85,48.03,46.99,47.43,293200,47.43
2012-03-26,47.00,48.34,47.00,47.85,302700,47.85
2012-03-23,46.41,46.80,46.06,46.69,194600,46.69
2012-03-22,46.03,46.45,45.76,46.40,190400,46.40
2012-03-21,46.77,47.00,45.52,46.23,270600,46.23
2012-03-20,46.29,47.88,45.61,46.30,611400,46.30
2012-03-19,44.06,45.93,43.68,45.88,396900,45.88
2012-03-16,44.69,44.82,43.54,43.93,257700,43.93
2012-03-15,46.08,46.14,44.40,44.45,418100,44.45
2012-03-14,46.85,46.85,45.00,45.72,511300,45.72
2012-03-13,44.05,46.73,44.04,46.47,696200,46.47
2012-03-12,44.44,44.49,43.00,43.42,288500,43.42
2012-03-09,44.00,45.18,43.78,44.51,347900,44.51
2012-03-08,42.97,44.04,42.89,44.00,314900,44.00
2012-03-07,41.74,43.07,41.74,42.96,249100,42.96
2012-03-06,41.89,41.89,40.21,41.51,448700,41.51
2012-03-05,43.35,43.64,41.84,42.51,330200,42.51
2012-03-02,43.50,43.85,43.10,43.25,463700,43.25
2012-03-01,43.36,43.70,42.63,43.61,400200,43.61
2012-02-29,43.79,44.12,42.60,43.25,311100,43.25
2012-02-28,44.41,44.50,43.30,43.56,353300,43.56
2012-02-27,43.94,44.70,43.50,44.42,329600,44.42
2012-02-24,43.43,44.80,43.05,44.11,569700,44.11
2012-02-23,42.75,43.49,42.40,43.35,271900,43.35
2012-02-22,42.95,43.12,41.71,42.75,380700,42.75
2012-02-21,42.97,43.27,42.62,43.00,482800,43.00
2012-02-17,42.22,42.41,41.64,42.31,291700,42.31
2012-02-16,41.62,42.39,41.50,42.21,247100,42.21
2012-02-15,43.66,43.77,41.59,41.84,556000,41.84
2012-02-14,42.52,43.61,42.51,43.29,757800,43.29
2012-02-13,40.60,42.87,40.60,42.49,1371100,42.49
2012-02-10,38.76,40.40,38.60,40.20,1239600,40.20
2012-02-09,39.22,39.25,38.50,39.00,397600,39.00
2012-02-08,39.25,39.48,38.54,38.96,564000,38.96
2012-02-07,39.86,39.97,38.75,39.25,262900,39.25
2012-02-06,39.99,40.96,39.41,39.88,512200,39.88
2012-02-03,39.97,40.40,39.14,40.17,417100,40.17
2012-02-02,36.40,39.48,36.27,39.36,983500,39.36
2012-02-01,34.22,36.19,31.00,36.10,1923400,36.10
2012-01-31,34.85,35.31,34.48,34.51,308600,34.51
2012-01-30,34.72,35.76,34.51,34.74,224600,34.74
2012-01-27,34.71,35.02,34.25,34.78,212100,34.78
2012-01-26,34.88,35.50,34.63,34.80,240000,34.80
2012-01-25,35.08,35.24,33.94,34.44,372100,34.44
2012-01-24,34.42,35.24,33.50,35.01,356100,35.01
2012-01-23,35.54,35.80,34.63,34.68,290000,34.68
2012-01-20,35.15,36.42,34.55,35.32,482400,35.32
2012-01-19,36.60,36.66,35.20,35.22,459300,35.22
2012-01-18,36.75,36.85,36.50,36.62,168500,36.62
2012-01-17,37.16,37.48,36.31,36.70,232800,36.70
2012-01-13,36.50,36.89,35.83,36.68,241700,36.68
2012-01-12,38.12,38.45,36.56,36.79,321200,36.79
2012-01-11,40.10,40.15,37.77,37.95,285400,37.95
2012-01-10,38.96,40.26,38.83,40.24,428200,40.24
2012-01-09,37.62,38.57,37.23,38.19,158400,38.19
2012-01-06,37.78,38.10,37.26,37.32,331800,37.32
2012-01-05,37.04,37.73,36.28,37.73,131400,37.73
2012-01-04,37.24,37.37,36.31,37.14,206700,37.14
2012-01-03,37.62,38.79,36.49,37.50,352900,37.50
2011-12-30,37.00,37.44,36.89,36.90,162000,36.90
2011-12-29,36.63,37.24,36.42,36.90,143900,36.90
2011-12-28,37.02,37.39,36.37,36.61,122100,36.61
2011-12-27,36.34,37.36,36.25,36.91,153800,36.91
2011-12-23,36.23,36.35,35.51,36.03,95300,36.03
2011-12-22,37.09,37.40,35.21,36.08,337600,36.08
2011-12-21,38.06,38.06,36.84,37.05,186300,37.05
2011-12-20,37.69,38.45,37.36,38.10,229300,38.10
2011-12-19,38.78,38.99,36.63,36.94,188200,36.94
2011-12-16,37.55,38.78,37.32,38.64,355700,38.64
2011-12-15,37.26,37.59,36.40,37.21,260100,37.21
2011-12-14,36.18,37.06,35.49,36.72,292100,36.72
2011-12-13,37.48,38.88,35.91,36.29,299700,36.29
2011-12-12,37.11,37.50,35.80,36.94,270300,36.94
2011-12-09,36.51,37.89,36.40,37.53,263400,37.53
2011-12-08,37.56,38.08,36.46,36.50,353600,36.50
2011-12-07,37.10,39.76,36.45,38.04,1154300,38.04
2011-12-06,32.20,37.14,29.30,36.97,1523500,36.97
2011-12-05,35.08,35.54,34.36,34.81,252000,34.81
2011-12-02,35.45,35.56,33.74,34.29,220900,34.29
2011-12-01,34.11,35.67,33.52,34.48,443500,34.48
2011-11-30,34.05,34.81,33.24,34.06,279100,34.06
2011-11-29,33.50,33.50,32.28,32.90,211500,32.90
2011-11-28,32.07,33.69,32.07,33.38,328000,33.38
2011-11-25,31.00,31.66,30.86,31.15,85600,31.15
2011-11-23,30.75,31.55,30.53,31.11,249800,31.11
2011-11-22,30.40,31.84,30.13,31.37,219600,31.37
2011-11-21,30.87,31.15,30.44,30.70,211200,30.70
2011-11-18,31.48,32.04,30.99,31.83,244100,31.83
2011-11-17,31.93,32.15,30.88,31.67,290900,31.67
2011-11-16,31.18,33.28,31.18,32.38,445900,32.38
2011-11-15,30.15,32.14,30.06,31.87,317500,31.87
2011-11-14,29.97,30.54,29.04,30.39,424300,30.39
2011-11-11,28.60,30.34,28.08,30.04,359400,30.04
2011-11-10,28.17,28.38,26.39,28.06,810100,28.06
2011-11-09,29.68,29.79,27.86,27.94,362100,27.94
2011-11-08,29.85,30.38,29.20,30.30,228200,30.30
2011-11-07,30.78,30.80,29.31,29.70,217100,29.70
2011-11-04,30.78,31.45,30.40,30.80,170300,30.80
2011-11-03,31.18,32.23,30.24,31.64,147600,31.64
2011-11-02,30.23,31.33,30.21,31.25,182200,31.25
2011-11-01,31.14,31.45,30.14,30.37,347800,30.37
2011-10-31,32.48,33.46,31.85,32.56,287200,32.56
2011-10-28,32.98,33.26,32.25,32.70,171200,32.70
2011-10-27,31.72,33.50,31.26,33.07,410800,33.07
2011-10-26,30.75,31.49,29.91,31.10,226900,31.10
2011-10-25,31.04,31.25,30.49,30.61,168400,30.61
2011-10-24,31.12,31.76,30.63,31.47,265500,31.47
2011-10-21,31.16,31.26,30.33,31.17,156600,31.17
2011-10-20,30.85,30.90,29.91,30.61,150300,30.61
2011-10-19,32.13,32.59,30.70,30.79,211700,30.79
2011-10-18,32.40,32.85,30.65,32.17,232000,32.17
2011-10-17,31.87,33.37,31.63,32.51,369700,32.51
2011-10-14,31.17,31.78,30.32,31.52,231000,31.52
2011-10-13,30.61,31.70,30.41,31.06,206800,31.06
2011-10-12,31.13,32.00,30.50,31.06,199200,31.06
2011-10-11,31.42,31.72,30.12,30.94,476300,30.94
2011-10-10,31.67,33.43,30.75,32.09,416600,32.09
2011-10-07,32.42,33.26,31.50,31.55,188600,31.55
2011-10-06,31.12,32.29,30.43,32.28,234900,32.28
2011-10-05,29.71,31.85,29.46,31.19,391300,31.19
2011-10-04,29.10,30.14,27.65,29.79,548200,29.79
2011-10-03,31.67,33.41,29.16,29.64,511200,29.64
2011-09-30,33.22,34.62,32.01,32.07,370900,32.07
2011-09-29,35.20,35.43,32.33,33.80,602400,33.80
2011-09-28,31.97,36.12,31.71,34.85,1126300,34.85
2011-09-27,30.48,31.61,29.98,31.29,321500,31.29
2011-09-26,29.98,30.60,28.60,29.70,283900,29.70
2011-09-23,29.05,30.07,28.40,29.63,200300,29.63
2011-09-22,28.33,29.68,28.11,29.00,332200,29.00
2011-09-21,31.13,31.38,29.18,29.27,250200,29.27
2011-09-20,32.31,32.60,30.87,31.07,272200,31.07
2011-09-19,32.51,33.18,31.96,31.99,247000,31.99
2011-09-16,32.35,33.51,31.79,33.32,772700,33.32
2011-09-15,31.81,32.71,30.66,32.48,449200,32.48
2011-09-14,30.90,32.43,30.32,31.58,492900,31.58
2011-09-13,29.09,31.01,28.56,30.73,330800,30.73
2011-09-12,30.15,30.62,28.33,28.98,489800,28.98
2011-09-09,31.14,31.40,29.35,30.59,335100,30.59
2011-09-08,30.55,31.62,30.18,31.41,256200,31.41
2011-09-07,31.76,31.99,29.97,30.59,479800,30.59
2011-09-06,29.48,31.85,29.00,31.73,597800,31.73
2011-09-02,31.00,31.26,29.51,30.05,878800,30.05
2011-09-01,24.00,31.83,24.00,31.30,3206200,31.30
2011-08-31,24.54,24.81,23.73,24.00,266000,24.00
2011-08-30,23.51,24.47,22.97,24.34,245900,24.34
2011-08-29,22.86,23.61,22.41,23.55,119400,23.55
2011-08-26,21.57,22.62,21.04,22.55,212400,22.55
2011-08-25,22.49,22.95,21.57,21.74,79700,21.74
2011-08-24,21.88,22.40,21.73,22.25,96600,22.25
2011-08-23,20.77,22.00,20.70,21.89,87400,21.89
2011-08-22,20.89,21.01,19.89,20.67,242500,20.67
2011-08-19,20.33,21.40,20.24,20.37,195200,20.37
2011-08-18,21.96,21.96,20.62,20.82,128900,20.82
2011-08-17,22.86,23.01,22.30,22.66,136200,22.66
2011-08-16,22.95,23.06,22.03,22.82,167200,22.82
2011-08-15,22.60,23.32,22.14,23.22,173900,23.22
2011-08-12,22.73,22.87,21.77,22.52,255900,22.52
2011-08-11,23.21,24.02,22.42,22.62,451300,22.62
2011-08-10,22.79,24.50,22.32,23.07,509400,23.07
2011-08-09,21.85,23.36,20.11,23.24,796400,23.24
2011-08-08,25.05,25.69,21.60,22.00,515200,22.00
2011-08-05,27.41,27.71,25.24,25.84,462300,25.84
2011-08-04,28.12,28.28,27.02,27.14,220700,27.14
2011-08-03,26.51,28.58,26.51,28.27,373500,28.27
2011-08-02,25.10,28.09,25.10,27.49,725200,27.49
2011-08-01,24.57,25.04,23.75,24.44,136400,24.44
2011-07-29,24.01,24.84,23.25,24.18,154800,24.18
2011-07-28,24.68,25.10,24.39,24.43,99900,24.43
2011-07-27,25.35,25.39,24.62,24.71,114100,24.71
2011-07-26,25.77,25.82,25.41,25.43,77500,25.43
2011-07-25,25.43,26.10,25.16,25.76,108500,25.76
2011-07-22,25.65,26.00,25.50,25.72,115700,25.72
2011-07-21,26.00,26.17,25.42,25.66,112500,25.66
2011-07-20,25.51,26.18,24.89,25.90,113800,25.90
2011-07-19,25.00,25.79,24.75,25.52,184300,25.52
2011-07-18,25.20,25.20,24.62,24.75,238300,24.75
2011-07-15,25.08,25.58,24.63,25.28,99500,25.28
2011-07-14,25.82,25.82,24.72,24.90,346000,24.90
2011-07-13,25.30,26.45,25.11,25.80,353800,25.80
2011-07-12,24.47,25.30,24.23,25.08,221700,25.08
2011-07-11,24.81,25.00,24.39,24.67,67700,24.67
2011-07-08,24.29,25.08,23.96,25.02,114400,25.02
2011-07-07,24.86,25.42,24.64,24.73,186400,24.73
2011-07-06,23.63,24.79,23.28,24.75,276300,24.75
2011-07-05,23.20,23.73,22.80,23.63,189700,23.63
2011-07-01,23.51,23.53,21.81,23.18,301600,23.18
2011-06-30,23.61,23.84,22.88,23.61,178000,23.61
2011-06-29,23.62,23.75,23.06,23.32,149200,23.32
2011-06-28,23.02,23.55,22.93,23.55,154300,23.55
2011-06-27,23.14,23.48,22.76,22.85,213400,22.85
2011-06-24,23.15,23.48,22.37,23.06,822500,23.06
2011-06-23,22.34,23.21,21.95,23.02,219500,23.02
2011-06-22,22.74,23.04,22.46,22.63,100900,22.63
2011-06-21,22.76,23.15,22.60,22.81,230900,22.81
2011-06-20,21.81,22.59,21.80,22.59,232900,22.59
2011-06-17,21.09,22.20,20.06,21.80,245600,21.80
2011-06-16,21.20,21.42,20.29,20.98,154300,20.98
2011-06-15,20.83,21.35,20.83,21.24,113200,21.24
2011-06-14,21.00,21.18,20.77,21.14,136500,21.14
2011-06-13,20.99,21.20,20.15,20.72,159400,20.72
2011-06-10,21.60,21.89,20.55,20.90,88100,20.90
2011-06-09,20.88,21.98,20.82,21.73,100600,21.73
2011-06-08,21.09,21.50,20.82,20.82,123200,20.82
2011-06-07,21.24,21.62,20.89,21.19,121900,21.19
2011-06-06,21.50,21.94,21.12,21.19,201400,21.19
2011-06-03,20.86,21.74,20.42,21.41,207700,21.41
2011-06-02,20.85,21.14,20.62,21.10,111500,21.10
2011-06-01,20.87,21.12,20.57,20.85,185800,20.85
2011-05-31,21.11,21.76,20.80,20.96,407800,20.96
2011-05-27,21.03,21.15,20.61,20.86,138000,20.86
2011-05-26,19.69,21.12,19.25,20.88,377600,20.88
2011-05-25,18.68,19.96,18.68,19.81,176900,19.81
2011-05-24,19.37,19.37,18.68,18.68,162000,18.68
2011-05-23,19.16,19.50,18.88,19.22,90400,19.22
2011-05-20,19.35,19.57,19.35,19.49,64800,19.49
2011-05-19,19.60,19.60,19.30,19.46,146800,19.46
2011-05-18,19.13,19.52,19.13,19.49,62600,19.49
2011-05-17,18.69,19.36,18.69,19.07,136800,19.07
2011-05-16,19.03,19.46,18.72,18.86,148000,18.86
2011-05-13,20.01,20.01,19.11,19.20,170200,19.20
2011-05-12,19.70,20.03,19.50,20.03,174200,20.03
2011-05-11,20.66,20.66,19.20,19.90,294300,19.90
2011-05-10,19.66,20.87,19.58,20.86,329900,20.86
2011-05-09,19.30,19.59,19.10,19.50,125300,19.50
2011-05-06,19.58,20.04,19.20,19.33,210000,19.33
2011-05-05,18.68,20.19,18.41,19.25,332200,19.25
2011-05-04,18.84,18.97,18.28,18.73,380200,18.73
2011-05-03,19.36,19.36,18.67,18.72,61300,18.72
2011-05-02,19.48,19.62,19.25,19.46,129000,19.46
2011-04-29,19.57,19.65,19.17,19.44,91000,19.44
2011-04-28,19.69,19.79,19.52,19.58,97600,19.58
2011-04-27,19.58,19.80,19.00,19.80,148500,19.80
2011-04-26,19.22,20.00,19.16,19.69,234300,19.69
2011-04-25,19.04,19.26,18.86,19.22,129500,19.22
2011-04-21,19.25,19.45,19.09,19.18,136500,19.18
2011-04-20,19.00,19.25,18.91,19.23,109000,19.23
2011-04-19,18.73,18.98,18.57,18.95,94000,18.95
2011-04-18,18.15,18.85,17.78,18.65,75800,18.65
2011-04-15,17.97,18.48,17.78,18.44,66300,18.44
2011-04-14,17.66,18.09,17.66,18.06,55900,18.06
2011-04-13,17.82,17.97,17.61,17.89,61600,17.89
2011-04-12,17.94,18.17,17.68,17.68,33700,17.68
2011-04-11,17.90,18.18,17.81,18.16,50200,18.16
2011-04-08,18.72,18.72,17.82,17.93,65700,17.93
2011-04-07,18.92,18.92,18.25,18.66,119800,18.66
2011-04-06,19.80,19.89,18.75,18.81,163600,18.81
2011-04-05,19.33,19.65,18.63,19.65,255900,19.65
2011-04-04,18.94,19.60,18.89,19.26,356200,19.26
2011-04-01,17.81,18.93,17.63,18.80,511400,18.80
2011-03-31,17.62,17.87,17.40,17.86,132100,17.86
2011-03-30,16.95,17.66,16.90,17.65,81900,17.65
2011-03-29,16.68,17.19,16.50,16.84,45700,16.84
2011-03-28,16.47,16.92,16.39,16.73,32500,16.73
2011-03-25,16.29,16.92,16.20,16.40,64800,16.40
2011-03-24,16.32,16.33,16.00,16.20,33100,16.20
2011-03-23,16.01,16.36,15.60,16.20,55100,16.20
2011-03-22,16.23,16.32,16.02,16.09,27800,16.09
2011-03-21,15.79,16.44,15.63,16.22,103700,16.22
2011-03-18,15.32,15.67,15.10,15.62,109200,15.62
2011-03-17,15.29,15.42,15.10,15.18,39700,15.18
2011-03-16,15.16,15.46,14.95,14.96,62100,14.96
2011-03-15,14.98,15.32,14.56,15.20,66900,15.20
2011-03-14,15.18,15.42,15.07,15.34,38400,15.34
2011-03-11,15.25,15.48,15.18,15.40,40000,15.40
2011-03-10,15.58,15.63,15.15,15.31,66400,15.31
2011-03-09,15.82,16.01,15.60,15.82,45200,15.82
2011-03-08,15.82,16.20,15.74,15.79,103200,15.79
2011-03-07,15.81,16.10,15.43,15.81,95400,15.81
2011-03-04,15.79,15.82,15.36,15.77,51800,15.77
2011-03-03,15.71,15.96,15.58,15.81,66900,15.81
2011-03-02,16.03,16.07,15.53,15.57,68300,15.57
2011-03-01,16.10,16.19,15.89,16.06,200500,16.06
2011-02-28,16.22,16.22,15.80,16.07,121500,16.07
2011-02-25,15.32,16.10,15.32,16.09,114100,16.09
2011-02-24,14.80,15.33,14.66,15.28,96800,15.28
2011-02-23,15.21,15.48,14.77,14.80,83000,14.80
2011-02-22,15.82,15.97,15.16,15.31,96400,15.31
2011-02-18,16.45,16.45,15.96,15.96,128400,15.96
2011-02-17,16.64,16.71,16.31,16.33,195400,16.33
2011-02-16,16.39,16.77,16.39,16.63,286600,16.63
2011-02-15,16.48,16.49,16.18,16.39,165600,16.39
2011-02-14,16.95,17.05,16.47,16.60,93600,16.60
2011-02-11,17.02,17.49,16.88,17.05,156400,17.05
2011-02-10,16.45,17.10,16.27,16.96,213800,16.96
2011-02-09,16.49,16.62,16.22,16.54,137300,16.54
2011-02-08,16.76,16.76,16.17,16.63,218200,16.63
2011-02-07,16.71,17.09,16.35,16.76,367400,16.76
2011-02-04,16.57,16.57,16.08,16.54,245300,16.54
2011-02-03,14.38,16.65,14.16,16.52,719400,16.52
2011-02-02,14.29,14.62,14.13,14.58,119700,14.58
2011-02-01,14.27,14.46,13.77,14.30,149600,14.30
2011-01-31,13.83,14.29,13.74,14.27,182900,14.27
2011-01-28,13.83,13.95,13.52,13.81,153400,13.81
2011-01-27,13.18,13.88,13.11,13.80,128100,13.80
2011-01-26,12.66,13.15,12.58,13.10,187900,13.10
2011-01-25,12.75,12.94,12.62,12.68,108500,12.68
2011-01-24,12.67,13.05,12.67,12.79,108200,12.79
2011-01-21,12.96,13.07,12.65,12.65,178500,12.65
2011-01-20,13.16,13.37,12.85,12.88,249900,12.88
2011-01-19,14.05,14.05,13.08,13.26,70500,13.26
2011-01-18,13.66,14.09,13.66,14.09,127500,14.09
2011-01-14,13.18,13.75,13.18,13.61,130000,13.61
2011-01-13,13.63,13.66,13.14,13.23,107500,13.23
2011-01-12,13.97,14.08,13.57,13.60,96800,13.60
2011-01-11,13.46,13.98,13.45,13.82,113500,13.82
2011-01-10,13.14,13.59,13.07,13.43,134200,13.43
2011-01-07,13.70,13.70,12.93,13.16,167000,13.16
2011-01-06,13.91,13.95,13.62,13.65,73500,13.65
2011-01-05,14.25,14.25,13.80,13.95,177900,13.95
2011-01-04,14.54,14.56,14.03,14.27,121200,14.27
2011-01-03,14.16,14.56,14.14,14.46,143000,14.46
2010-12-31,14.07,14.21,14.03,14.05,66900,14.05
2010-12-30,14.15,14.21,14.11,14.11,65300,14.11
2010-12-29,14.07,14.30,14.05,14.12,60800,14.12
2010-12-28,14.07,14.12,13.83,14.00,49600,14.00
2010-12-27,13.96,14.10,13.86,14.06,40800,14.06
2010-12-23,13.99,14.17,13.61,14.02,107000,14.02
2010-12-22,14.36,14.39,13.82,13.86,91100,13.86
2010-12-21,14.08,14.40,14.05,14.39,94200,14.39
2010-12-20,14.91,15.05,14.03,14.08,239600,14.08
2010-12-17,14.98,15.03,14.83,14.95,301600,14.95
2010-12-16,14.77,15.03,14.68,15.00,141900,15.00
2010-12-15,15.18,15.44,14.92,14.94,115700,14.94
2010-12-14,15.49,15.51,15.17,15.26,109600,15.26
2010-12-13,15.50,15.63,15.36,15.41,149400,15.41
2010-12-10,15.31,15.44,15.18,15.39,113000,15.39
2010-12-09,15.58,15.59,15.27,15.29,122000,15.29
2010-12-08,15.20,15.60,15.20,15.50,157600,15.50
2010-12-07,15.27,15.66,15.13,15.19,127300,15.19
2010-12-06,14.64,15.36,14.64,15.13,221900,15.13
2010-12-03,15.02,15.37,14.64,14.71,353100,14.71
2010-12-02,15.90,15.94,15.65,15.76,77800,15.76
2010-12-01,15.74,15.98,15.62,15.90,124700,15.90
2010-11-30,15.35,15.72,15.32,15.47,152500,15.47
2010-11-29,15.26,15.75,15.14,15.48,112800,15.48
2010-11-26,15.16,15.29,14.97,15.28,41800,15.28
2010-11-24,15.05,15.25,14.93,15.21,106700,15.21
2010-11-23,14.94,15.03,14.50,15.00,116100,15.00
2010-11-22,15.29,15.45,14.96,15.10,114300,15.10
2010-11-19,15.12,15.51,14.81,15.30,109000,15.30
2010-11-18,15.16,15.38,15.05,15.12,159600,15.12
2010-11-17,15.20,15.20,14.60,14.93,151300,14.93
2010-11-16,15.85,16.00,15.11,15.23,117600,15.23
2010-11-15,16.07,16.23,15.80,15.85,92400,15.85
2010-11-12,15.85,16.04,15.60,15.92,104400,15.92
2010-11-11,16.20,16.28,15.90,16.05,115200,16.05
2010-11-10,16.00,16.38,15.71,16.28,137000,16.28
2010-11-09,16.31,16.31,15.86,15.94,108600,15.94
2010-11-08,16.93,16.93,16.18,16.21,134300,16.21
2010-11-05,16.93,16.99,16.56,16.88,116600,16.88
2010-11-04,16.74,16.99,16.74,16.81,132100,16.81
2010-11-03,16.37,16.66,15.97,16.54,150300,16.54
2010-11-02,15.89,16.27,15.75,16.25,99300,16.25
2010-11-01,16.09,16.10,15.59,15.71,189900,15.71
2010-10-29,16.77,16.85,15.98,16.00,195000,16.00
2010-10-28,17.11,17.11,16.50,16.73,125600,16.73
2010-10-27,16.78,16.99,16.46,16.99,132800,16.99
2010-10-26,16.66,16.82,16.32,16.76,352100,16.76
2010-10-25,17.01,17.32,16.57,16.67,148400,16.67
2010-10-22,16.79,16.99,16.71,16.86,161400,16.86
2010-10-21,16.85,16.85,16.10,16.83,245700,16.83
2010-10-20,16.81,16.84,16.58,16.80,153100,16.80
2010-10-19,17.10,17.13,16.56,16.67,123100,16.67
2010-10-18,17.01,17.20,16.85,17.20,107500,17.20
2010-10-15,17.13,17.25,16.67,16.77,169200,16.77
2010-10-14,16.88,17.02,16.58,17.00,321200,17.00
2010-10-13,16.39,16.90,16.06,16.84,348700,16.84
2010-10-12,16.25,16.33,15.93,16.27,213700,16.27
2010-10-11,16.41,16.43,16.13,16.24,148100,16.24
2010-10-08,16.39,16.53,15.97,16.38,148100,16.38
2010-10-07,16.36,16.46,16.01,16.34,102100,16.34
2010-10-06,16.36,16.46,16.09,16.24,174300,16.24
2010-10-05,16.19,16.66,16.18,16.35,180200,16.35
2010-10-04,16.12,16.19,15.86,16.12,141600,16.12
2010-10-01,16.00,16.15,15.91,16.10,287300,16.10
2010-09-30,16.26,16.29,15.83,16.01,1841000,16.01
2010-09-29,15.90,16.49,15.70,16.11,184200,16.11
2010-09-28,15.67,16.00,15.35,15.99,136400,15.99
2010-09-27,15.78,15.82,15.58,15.69,156100,15.69
2010-09-24,15.41,15.94,15.29,15.74,642800,15.74
2010-09-23,14.41,14.59,14.36,14.50,82500,14.50
2010-09-22,14.82,15.00,14.46,14.54,73900,14.54
2010-09-21,14.81,15.00,14.63,14.85,65000,14.85
2010-09-20,14.38,14.88,14.27,14.83,75800,14.83
2010-09-17,14.72,14.74,14.29,14.39,119800,14.39
2010-09-16,14.62,14.68,14.47,14.57,77000,14.57
2010-09-15,14.75,14.79,14.51,14.61,114800,14.61
2010-09-14,15.22,15.22,14.60,14.76,146300,14.76
2010-09-13,14.75,15.46,14.75,15.35,185300,15.35
2010-09-10,14.50,14.71,14.23,14.71,135300,14.71
2010-09-09,14.47,14.50,14.23,14.46,130700,14.46
2010-09-08,13.81,14.48,13.77,14.38,167100,14.38
2010-09-07,13.92,13.98,13.68,13.74,31500,13.74
2010-09-03,13.91,14.00,13.75,13.93,66400,13.93
2010-09-02,13.48,13.92,13.39,13.90,32100,13.90
2010-09-01,13.07,13.58,13.02,13.56,58800,13.56
2010-08-31,12.87,12.96,12.67,12.87,65300,12.87
2010-08-30,13.35,13.36,12.83,12.84,32700,12.84
2010-08-27,13.31,13.37,12.95,13.35,37000,13.35
2010-08-26,12.94,13.26,12.94,13.14,44800,13.14
2010-08-25,12.60,13.08,12.48,12.93,41700,12.93
2010-08-24,12.32,12.82,12.11,12.64,44400,12.64
2010-08-23,12.79,12.79,12.46,12.49,69300,12.49
2010-08-20,12.84,12.92,12.55,12.75,70600,12.75
2010-08-19,13.11,13.25,12.82,12.85,75000,12.85
2010-08-18,13.21,13.38,12.98,13.19,62800,13.19
2010-08-17,13.09,13.36,12.90,13.26,96000,13.26
2010-08-16,12.63,13.02,12.55,13.01,40700,13.01
2010-08-13,12.84,13.07,12.71,12.74,39400,12.74
2010-08-12,12.62,13.06,12.47,12.91,60400,12.91
2010-08-11,12.84,12.97,12.70,12.84,78200,12.84
2010-08-10,12.78,13.18,12.38,13.00,68200,13.00
2010-08-09,13.02,13.02,12.74,12.90,83400,12.90
2010-08-06,13.18,13.43,12.76,13.00,96900,13.00
2010-08-05,13.46,13.62,13.22,13.31,79200,13.31
2010-08-04,13.64,13.83,13.52,13.56,35100,13.56
2010-08-03,13.32,13.91,13.08,13.64,57900,13.64
2010-08-02,13.78,13.85,13.37,13.43,48000,13.43
2010-07-30,13.55,13.88,13.43,13.58,50700,13.58
2010-07-29,13.94,14.00,13.50,13.76,58900,13.76
2010-07-28,13.89,13.96,13.68,13.80,34000,13.80
2010-07-27,14.00,14.00,13.81,13.96,43900,13.96
2010-07-26,13.98,14.00,13.86,14.00,193500,14.00
2010-07-23,13.88,14.00,13.71,13.97,70500,13.97
2010-07-22,13.90,13.99,13.76,13.98,52100,13.98
2010-07-21,14.00,14.00,13.65,13.71,131900,13.71
2010-07-20,13.62,13.98,13.57,13.96,36200,13.96
2010-07-19,13.50,13.81,13.38,13.80,55800,13.80
2010-07-16,13.55,13.63,13.32,13.46,93500,13.46
2010-07-15,13.86,13.89,13.46,13.66,39100,13.66
2010-07-14,13.43,13.82,13.43,13.81,96600,13.81
2010-07-13,13.22,13.51,12.95,13.48,81300,13.48
2010-07-12,13.09,13.14,12.80,13.03,54200,13.03
2010-07-09,13.04,13.15,12.78,13.11,98600,13.11
2010-07-08,13.12,13.34,12.85,13.11,46400,13.11
2010-07-07,12.81,13.03,12.73,13.00,74000,13.00
2010-07-06,13.13,13.13,12.50,12.73,94800,12.73
2010-07-02,13.06,13.06,12.85,12.92,51800,12.92
2010-07-01,12.98,13.01,12.52,12.94,104900,12.94
2010-06-30,12.94,13.36,12.71,12.96,59900,12.96
2010-06-29,13.33,13.34,12.66,12.98,175400,12.98
2010-06-28,13.66,13.89,13.47,13.56,57300,13.56
2010-06-25,13.44,13.80,13.00,13.72,208100,13.72
2010-06-24,13.50,13.67,13.32,13.33,49800,13.33
2010-06-23,13.58,13.62,13.19,13.57,55700,13.57
2010-06-22,13.79,13.96,13.55,13.56,76600,13.56
2010-06-21,13.88,13.90,13.56,13.74,113800,13.74
2010-06-18,13.78,13.91,13.43,13.65,215700,13.65
2010-06-17,13.54,13.79,13.52,13.69,159500,13.69
2010-06-16,13.25,13.59,13.25,13.41,173600,13.41
2010-06-15,13.54,13.54,13.12,13.35,138500,13.35
2010-06-14,13.00,13.78,12.79,13.34,141900,13.34
2010-06-11,12.60,13.00,12.60,13.00,70800,13.00
2010-06-10,12.84,12.84,12.47,12.77,181800,12.77
2010-06-09,12.77,12.77,11.87,12.59,102400,12.59
2010-06-08,12.61,12.72,12.23,12.61,143200,12.61
2010-06-07,12.55,12.61,12.30,12.52,116900,12.52
2010-06-04,12.86,13.01,12.41,12.45,101000,12.45
2010-06-03,13.16,13.33,12.94,13.24,67900,13.24
2010-06-02,13.18,13.25,12.93,13.19,87400,13.19
2010-06-01,13.00,13.45,13.00,13.02,105800,13.02
2010-05-28,13.47,13.47,13.15,13.26,60200,13.26
2010-05-27,13.53,13.60,13.20,13.55,113700,13.55
2010-05-26,13.07,13.52,13.07,13.19,177800,13.19
2010-05-25,13.00,13.37,12.82,13.01,175600,13.01
2010-05-24,12.59,13.58,12.40,13.27,281900,13.27
2010-05-21,12.24,12.69,12.16,12.57,516500,12.57
2010-05-20,12.50,12.60,12.38,12.50,119500,12.50
2010-05-19,12.63,12.97,12.60,12.90,84400,12.90
2010-05-18,12.90,13.01,12.42,12.71,165400,12.71
2010-05-17,12.82,12.91,12.40,12.75,112400,12.75
2010-05-14,12.39,12.73,12.27,12.72,92100,12.72
2010-05-13,12.75,12.95,12.10,12.47,110700,12.47
2010-05-12,12.19,13.29,12.08,12.75,166100,12.75
2010-05-11,11.66,12.23,11.66,12.11,53400,12.11
2010-05-10,11.41,11.95,11.41,11.84,46700,11.84
2010-05-07,10.70,12.03,10.70,11.21,128800,11.21
2010-05-06,11.07,11.25,10.09,10.67,78600,10.67
2010-05-05,10.95,11.11,10.74,11.07,53600,11.07
2010-05-04,11.57,11.57,10.97,11.02,77900,11.02
2010-05-03,11.40,11.76,11.31,11.76,45000,11.76
2010-04-30,11.87,11.91,11.34,11.37,73200,11.37
2010-04-29,11.60,12.04,11.56,12.02,62300,12.02
2010-04-28,11.65,11.89,11.48,11.73,42000,11.73
2010-04-27,11.87,12.01,11.45,11.60,59000,11.60
2010-04-26,11.37,12.01,11.37,11.97,46800,11.97
2010-04-23,11.69,11.81,11.47,11.52,44600,11.52
2010-04-22,11.51,11.74,11.34,11.72,24900,11.72
2010-04-21,11.48,11.62,11.44,11.62,19300,11.62
2010-04-20,11.44,11.50,11.36,11.50,18700,11.50
2010-04-19,11.43,11.51,11.30,11.41,13100,11.41
2010-04-16,11.81,11.82,11.30,11.51,39900,11.51
2010-04-15,11.79,11.92,11.67,11.82,107500,11.82
2010-04-14,11.42,11.79,11.17,11.77,60500,11.77
2010-04-13,11.41,11.46,11.10,11.36,52200,11.36
2010-04-12,11.75,11.76,11.40,11.46,51100,11.46
2010-04-09,11.91,12.00,11.75,11.78,21600,11.78
2010-04-08,11.99,12.06,11.82,11.91,20900,11.91
2010-04-07,11.74,12.01,11.74,11.98,42200,11.98
2010-04-06,11.94,12.00,11.69,11.83,52600,11.83
2010-04-05,11.84,12.19,11.72,12.03,182500,12.03
2010-04-01,11.58,11.58,11.11,11.24,67800,11.24
2010-03-31,11.99,12.05,11.50,11.54,48800,11.54
2010-03-30,12.25,12.25,11.91,12.06,42400,12.06
2010-03-29,12.16,12.16,11.92,11.99,33200,11.99
2010-03-26,11.91,12.03,11.88,12.01,48600,12.01
2010-03-25,11.91,12.06,11.89,11.89,84600,11.89
2010-03-24,12.07,12.07,11.77,11.80,44900,11.80
2010-03-23,12.03,12.20,11.65,12.13,49700,12.13
2010-03-22,12.15,12.20,11.72,12.01,96700,12.01
2010-03-19,12.59,12.59,12.09,12.28,98700,12.28
2010-03-18,12.37,12.75,12.27,12.53,78900,12.53
2010-03-17,12.43,12.46,12.35,12.42,38400,12.42
2010-03-16,12.49,12.52,12.25,12.47,41200,12.47
2010-03-15,12.69,12.73,12.43,12.48,49700,12.48
2010-03-12,12.74,12.84,12.68,12.75,38600,12.75
2010-03-11,12.65,12.83,12.65,12.75,44400,12.75
2010-03-10,12.65,12.95,12.65,12.77,46000,12.77
2010-03-09,12.54,12.82,12.33,12.69,37900,12.69
2010-03-08,12.88,12.92,12.56,12.60,52800,12.60
2010-03-05,12.63,12.91,12.63,12.84,140300,12.84
2010-03-04,12.69,12.72,12.51,12.60,54000,12.60
2010-03-03,12.72,12.83,12.56,12.70,82300,12.70
2010-03-02,12.76,12.89,12.63,12.66,109500,12.66
2010-03-01,12.41,12.80,12.08,12.70,165200,12.70
2010-02-26,12.14,12.47,12.07,12.30,95600,12.30
2010-02-25,12.42,12.42,11.77,12.17,156000,12.17
2010-02-24,12.50,12.77,12.49,12.59,100300,12.59
2010-02-23,12.53,12.57,12.26,12.48,116500,12.48
2010-02-22,12.81,12.85,12.43,12.51,134600,12.51
2010-02-19,12.70,12.93,12.63,12.81,202500,12.81
2010-02-18,12.63,12.80,12.38,12.70,93800,12.70
2010-02-17,12.48,12.69,12.48,12.60,68500,12.60
2010-02-16,12.15,12.52,12.01,12.48,102500,12.48
2010-02-12,11.72,12.19,11.62,12.12,102800,12.12
2010-02-11,11.42,11.80,11.42,11.80,81000,11.80
2010-02-10,11.38,11.60,11.35,11.48,57900,11.48
2010-02-09,11.71,11.71,11.31,11.46,143100,11.46
2010-02-08,11.14,11.60,10.98,11.55,108900,11.55
2010-02-05,11.04,11.18,10.60,11.12,149000,11.12
2010-02-04,11.12,11.23,10.83,10.83,82400,10.83
2010-02-03,10.90,11.24,10.76,11.21,140800,11.21
2010-02-02,10.68,10.98,10.68,10.90,126600,10.90
2010-02-01,10.58,10.73,10.41,10.70,49300,10.70
2010-01-29,10.69,10.75,10.49,10.57,53100,10.57
2010-01-28,10.72,10.74,10.43,10.59,59900,10.59
2010-01-27,10.57,10.74,10.55,10.70,28600,10.70
2010-01-26,10.60,10.84,10.55,10.59,42000,10.59
2010-01-25,10.78,10.85,10.65,10.67,40400,10.67
2010-01-22,10.80,10.89,10.67,10.72,63300,10.72
2010-01-21,10.80,10.96,10.76,10.78,63500,10.78
2010-01-20,10.52,10.90,10.42,10.80,89100,10.80
2010-01-19,10.50,10.83,10.30,10.62,46800,10.62
2010-01-15,10.63,10.64,10.27,10.49,47700,10.49
2010-01-14,10.53,10.60,10.48,10.60,20600,10.60
2010-01-13,10.45,10.58,10.42,10.53,36100,10.53
2010-01-12,10.40,10.49,10.25,10.44,32300,10.44
2010-01-11,10.55,10.58,10.40,10.51,46100,10.51
2010-01-08,10.33,10.57,10.08,10.51,76900,10.51
2010-01-07,10.16,10.44,10.11,10.40,81500,10.40
2010-01-06,10.11,10.32,10.05,10.26,88200,10.26
2010-01-05,10.05,10.25,10.05,10.18,78000,10.18
2010-01-04,10.15,10.20,10.00,10.15,61700,10.15
2009-12-31,10.09,10.12,10.00,10.07,82500,10.07
2009-12-30,10.04,10.09,10.00,10.09,109800,10.09
2009-12-29,10.05,10.07,9.90,10.05,76600,10.05
2009-12-28,10.09,10.09,9.90,10.00,102000,10.00
2009-12-24,10.01,10.11,9.78,10.09,55600,10.09
2009-12-23,10.05,10.15,9.99,10.09,95200,10.09
2009-12-22,10.00,10.09,9.87,10.05,127100,10.05
2009-12-21,10.05,10.10,9.75,10.04,98000,10.04
2009-12-18,10.05,10.05,9.62,10.05,292400,10.05
2009-12-17,10.02,10.05,9.79,9.95,132700,9.95
2009-12-16,10.00,10.15,9.90,10.12,127600,10.12
2009-12-15,9.87,10.15,9.87,9.89,132000,9.89
2009-12-14,10.12,10.17,9.79,9.93,74900,9.93
2009-12-11,9.96,10.27,9.71,10.11,117200,10.11
2009-12-10,10.04,10.27,9.90,9.96,115500,9.96
2009-12-09,10.52,10.52,9.75,10.03,397100,10.03
2009-12-08,9.25,9.58,9.09,9.46,72400,9.46
2009-12-07,9.11,9.34,9.02,9.27,57400,9.27
2009-12-04,8.89,9.17,8.67,9.08,79700,9.08
2009-12-03,9.32,9.38,8.71,8.77,85600,8.77
2009-12-02,9.09,9.40,9.03,9.31,82300,9.31
2009-12-01,8.32,9.05,8.23,9.05,137800,9.05
2009-11-30,8.01,8.25,7.81,8.22,84000,8.22
2009-11-27,7.85,8.07,7.85,7.90,35200,7.90
2009-11-25,8.27,8.27,8.00,8.01,35000,8.01
2009-11-24,8.27,8.33,8.08,8.23,53200,8.23
2009-11-23,8.30,8.45,8.25,8.29,45200,8.29
2009-11-20,8.13,8.38,8.10,8.21,48100,8.21
2009-11-19,8.42,8.44,8.15,8.16,39500,8.16
2009-11-18,8.50,8.59,8.35,8.47,47000,8.47
2009-11-17,8.25,8.72,8.25,8.52,264300,8.52
2009-11-16,8.23,8.31,8.21,8.31,42400,8.31
2009-11-13,8.16,8.22,8.05,8.17,36800,8.17
2009-11-12,8.35,8.35,8.10,8.13,53500,8.13
2009-11-11,8.40,8.46,8.20,8.25,56500,8.25
2009-11-10,8.59,8.61,8.33,8.33,176700,8.33
2009-11-09,8.86,8.86,8.57,8.64,56000,8.64
2009-11-06,8.62,8.78,8.62,8.75,25700,8.75
2009-11-05,8.66,8.81,8.64,8.70,91700,8.70
2009-11-04,9.03,9.13,8.58,8.64,100100,8.64
2009-11-03,8.94,9.18,8.80,9.02,52200,9.02
2009-11-02,9.62,9.64,8.95,9.02,123300,9.02
2009-10-30,9.67,9.84,9.51,9.62,73200,9.62
2009-10-29,9.91,9.94,9.69,9.79,39800,9.79
2009-10-28,10.18,10.37,9.62,9.85,68700,9.85
2009-10-27,10.22,10.38,10.06,10.11,28200,10.11
2009-10-26,10.54,10.54,10.12,10.22,34800,10.22
2009-10-23,10.57,10.61,10.27,10.43,142100,10.43
2009-10-22,10.48,10.67,10.28,10.59,47400,10.59
2009-10-21,10.44,10.62,10.27,10.44,94800,10.44
2009-10-20,10.54,10.60,10.18,10.38,47800,10.38
2009-10-19,10.33,10.56,10.32,10.52,37500,10.52
2009-10-16,10.27,10.32,10.02,10.26,42700,10.26
2009-10-15,10.32,10.41,10.25,10.32,16000,10.32
2009-10-14,10.50,10.50,10.28,10.45,20600,10.45
2009-10-13,10.26,10.39,10.15,10.34,20400,10.34
2009-10-12,10.54,10.61,10.30,10.30,25900,10.30
2009-10-09,10.21,10.40,10.21,10.40,28500,10.40
2009-10-08,10.37,10.50,10.21,10.22,53700,10.22
2009-10-07,10.22,10.39,10.08,10.27,44000,10.27
2009-10-06,9.91,10.43,9.80,10.26,55900,10.26
2009-10-05,9.78,10.04,9.77,9.80,56300,9.80
2009-10-02,9.78,9.95,9.71,9.76,71400,9.76
2009-10-01,10.23,10.24,9.89,9.90,74800,9.90
2009-09-30,10.70,10.73,10.20,10.32,88000,10.32
2009-09-29,10.88,11.01,10.76,10.81,73300,10.81
2009-09-28,10.66,11.07,10.44,10.90,117600,10.90
2009-09-25,10.77,10.77,10.36,10.57,54300,10.57
2009-09-24,10.81,11.05,10.50,10.83,76900,10.83
2009-09-23,10.90,11.08,10.77,10.77,86900,10.77
2009-09-22,11.08,11.17,10.81,10.90,92600,10.90
2009-09-21,10.75,11.18,10.60,11.07,182600,11.07
2009-09-18,10.85,10.91,10.77,10.82,91800,10.82
2009-09-17,10.87,10.99,10.68,10.83,92900,10.83
2009-09-16,10.72,10.93,10.70,10.84,53000,10.84
2009-09-15,10.70,10.81,10.50,10.65,64100,10.65
2009-09-14,10.74,10.96,10.63,10.75,57400,10.75
2009-09-11,11.22,11.22,10.75,10.79,55200,10.79
2009-09-10,10.94,11.23,10.80,11.17,45200,11.17
2009-09-09,10.80,11.10,10.75,10.97,70800,10.97
2009-09-08,11.19,11.26,10.67,10.84,67300,10.84
2009-09-04,11.44,11.44,11.00,11.13,60000,11.13
2009-09-03,10.94,11.55,10.80,11.43,89200,11.43
2009-09-02,10.76,11.34,10.58,10.91,73400,10.91
2009-09-01,10.79,11.35,10.66,10.73,113500,10.73
2009-08-31,10.62,10.90,10.51,10.89,70300,10.89
2009-08-28,10.81,11.19,10.61,10.70,69600,10.70
2009-08-27,11.02,11.02,10.64,10.88,55100,10.88
2009-08-26,10.87,11.10,10.64,11.01,84000,11.01
2009-08-25,10.76,10.99,10.75,10.94,81200,10.94
2009-08-24,10.81,11.00,10.70,10.93,66700,10.93
2009-08-21,10.68,10.99,10.57,10.93,143000,10.93
2009-08-20,10.50,10.50,10.21,10.46,64500,10.46
2009-08-19,10.25,10.57,10.19,10.54,56300,10.54
2009-08-18,10.24,10.57,10.22,10.37,80600,10.37
2009-08-17,10.07,10.24,10.00,10.19,89700,10.19
2009-08-14,10.38,10.59,10.02,10.18,68600,10.18
2009-08-13,10.62,10.69,10.25,10.37,53100,10.37
2009-08-12,10.08,10.71,10.08,10.45,69500,10.45
2009-08-11,10.17,10.18,9.80,10.02,76800,10.02
2009-08-10,10.74,10.74,10.06,10.21,97200,10.21
2009-08-07,10.48,10.83,10.26,10.65,112400,10.65
2009-08-06,10.27,10.52,9.96,10.21,130500,10.21
2009-08-05,11.48,11.54,9.95,10.15,472500,10.15
2009-08-04,11.67,11.80,11.34,11.79,147500,11.79
2009-08-03,11.80,11.80,11.34,11.64,117800,11.64
2009-07-31,11.63,11.75,11.28,11.48,94300,11.48
2009-07-30,11.56,11.79,11.25,11.56,131600,11.56
2009-07-29,11.29,11.47,11.16,11.35,78700,11.35
2009-07-28,11.34,11.57,10.90,11.42,131300,11.42
2009-07-27,11.31,11.50,10.75,11.23,135300,11.23
2009-07-24,10.90,11.10,10.75,11.01,137100,11.01
2009-07-23,10.67,10.95,10.50,10.89,156000,10.89
2009-07-22,10.75,10.75,10.40,10.62,148100,10.62
2009-07-21,10.70,10.73,10.35,10.70,229900,10.70
2009-07-20,10.43,10.75,10.10,10.65,122000,10.65
2009-07-17,10.02,10.68,9.69,10.30,137200,10.30
2009-07-16,10.45,10.48,9.73,10.27,90700,10.27
2009-07-15,10.00,10.66,9.84,10.60,84700,10.60
2009-07-14,9.71,10.00,9.71,9.94,33700,9.94
2009-07-13,9.35,9.76,9.08,9.75,64000,9.75
2009-07-10,9.27,9.63,9.06,9.35,107200,9.35
2009-07-09,9.63,9.70,9.33,9.36,86400,9.36
2009-07-08,9.14,9.61,8.88,9.54,83100,9.54
2009-07-07,9.01,9.23,8.92,9.09,78200,9.09
2009-07-06,8.89,9.14,8.87,9.03,59600,9.03
2009-07-02,9.49,9.49,8.76,8.96,96600,8.96
2009-07-01,9.93,10.36,9.62,9.64,63600,9.64
2009-06-30,9.53,10.09,9.46,9.86,79900,9.86
2009-06-29,10.18,10.45,9.47,9.48,85100,9.48
2009-06-26,9.49,10.69,9.12,10.43,389900,10.43
2009-06-25,9.05,9.58,9.02,9.58,53600,9.58
2009-06-24,9.67,9.87,9.05,9.09,57800,9.09
2009-06-23,8.94,9.75,8.85,9.64,61000,9.64
2009-06-22,9.50,9.50,8.71,8.84,88100,8.84
2009-06-19,9.44,9.63,9.44,9.62,62300,9.62
2009-06-18,9.46,9.75,9.18,9.29,37100,9.29
2009-06-17,8.69,9.77,8.61,9.50,64300,9.50
2009-06-16,8.95,9.33,8.54,8.66,45900,8.66
2009-06-15,9.50,9.74,8.78,8.83,50400,8.83
2009-06-12,9.72,9.72,9.26,9.65,33500,9.65
2009-06-11,9.15,9.61,8.95,9.51,40000,9.51
2009-06-10,9.96,9.96,8.87,9.14,69800,9.14
2009-06-09,9.96,10.00,9.78,9.78,29400,9.78
2009-06-08,10.30,10.30,9.63,9.94,79300,9.94
2009-06-05,10.62,10.80,10.20,10.49,73800,10.49
2009-06-04,10.10,10.90,9.85,10.38,75900,10.38
2009-06-03,10.62,10.62,9.69,9.93,44500,9.93
2009-06-02,10.65,10.95,10.40,10.73,100900,10.73
2009-06-01,9.95,10.73,9.80,10.73,119200,10.73
2009-05-29,9.99,10.10,9.60,9.79,85400,9.79
2009-05-28,9.67,9.96,9.27,9.95,102900,9.95
2009-05-27,9.52,9.58,9.09,9.47,51800,9.47
2009-05-26,8.72,9.80,8.71,9.56,73400,9.56
2009-05-22,9.26,9.32,8.68,8.70,24700,8.70
2009-05-21,9.33,9.36,8.96,9.23,36600,9.23
2009-05-20,9.29,9.56,8.65,9.35,56400,9.35
2009-05-19,9.33,9.44,9.07,9.21,52300,9.21
2009-05-18,9.01,9.54,8.87,9.48,69000,9.48
2009-05-15,9.32,9.44,9.10,9.18,33600,9.18
2009-05-14,9.10,9.37,9.01,9.25,40500,9.25
2009-05-13,9.00,9.22,8.97,9.06,40700,9.06
2009-05-12,9.25,9.25,8.84,9.13,66300,9.13
2009-05-11,9.08,9.30,8.98,9.21,51300,9.21
2009-05-08,8.69,9.22,8.43,9.22,53200,9.22
2009-05-07,9.20,9.20,8.45,8.52,62800,8.52
2009-05-06,9.40,9.48,8.88,9.05,53000,9.05
2009-05-05,9.19,9.39,8.96,9.34,75400,9.34
2009-05-04,7.91,9.47,7.91,9.28,168000,9.28
2009-05-01,8.44,9.48,7.60,7.80,330000,7.80
2009-04-30,9.38,9.40,7.53,7.53,152200,7.53
2009-04-29,8.66,9.18,8.51,9.12,56700,9.12
2009-04-28,8.54,8.61,8.27,8.55,74400,8.55
2009-04-27,8.76,8.98,8.45,8.70,48800,8.70
2009-04-24,8.88,9.04,8.63,8.94,53900,8.94
2009-04-23,8.69,8.87,8.47,8.76,71100,8.76
2009-04-22,8.44,8.98,8.44,8.66,76200,8.66
2009-04-21,7.99,8.60,7.94,8.60,51100,8.60
2009-04-20,8.37,8.55,7.95,7.98,49100,7.98
2009-04-17,8.38,8.59,8.15,8.58,91400,8.58
2009-04-16,8.39,8.47,8.03,8.33,88200,8.33
2009-04-15,7.97,8.19,7.79,8.08,91600,8.08
2009-04-14,8.18,8.31,7.95,8.01,65600,8.01
2009-04-13,8.31,8.50,8.07,8.34,54200,8.34
2009-04-09,8.07,8.52,7.94,8.45,113500,8.45
2009-04-08,7.64,7.93,7.37,7.92,66600,7.92
2009-04-07,7.77,7.77,7.55,7.56,74300,7.56
2009-04-06,7.72,7.91,7.44,7.91,56900,7.91
2009-04-03,7.87,7.99,7.57,7.87,57000,7.87
2009-04-02,7.35,7.90,7.35,7.87,95200,7.87
2009-04-01,7.01,7.33,6.85,7.14,161400,7.14
2009-03-31,6.84,7.14,6.76,6.99,179600,6.99
2009-03-30,6.68,6.81,6.52,6.73,173000,6.73
2009-03-27,7.35,7.49,6.78,6.80,312500,6.80
2009-03-26,7.43,7.69,7.25,7.52,177900,7.52
2009-03-25,7.46,7.80,7.06,7.29,103100,7.29
2009-03-24,8.09,8.14,7.38,7.47,78500,7.47
2009-03-23,7.67,8.32,7.55,8.24,124300,8.24
2009-03-20,7.77,7.95,7.39,7.58,142700,7.58
2009-03-19,7.14,7.90,7.14,7.71,124400,7.71
2009-03-18,7.21,7.28,6.82,7.00,86500,7.00
2009-03-17,6.98,7.33,6.83,7.28,52500,7.28
2009-03-16,7.09,7.24,6.97,7.01,73800,7.01
2009-03-13,7.00,7.07,6.90,7.00,100300,7.00
2009-03-12,6.51,7.00,6.40,6.96,79000,6.96
2009-03-11,6.38,6.55,6.16,6.50,89400,6.50
2009-03-10,6.15,6.56,6.10,6.33,79400,6.33
2009-03-09,5.90,6.08,5.80,6.00,104400,6.00
2009-03-06,5.57,6.13,5.41,6.02,282100,6.02
2009-03-05,5.83,5.94,5.51,5.54,133000,5.54
2009-03-04,5.62,6.02,5.62,5.98,326400,5.98
2009-03-03,4.83,5.81,4.77,5.53,498000,5.53
2009-03-02,4.70,4.90,4.61,4.76,434700,4.76
2009-02-27,4.63,5.10,4.55,4.70,134200,4.70
2009-02-26,4.75,4.81,4.64,4.64,94500,4.64
2009-02-25,4.85,5.07,4.57,4.70,108400,4.70
2009-02-24,4.96,5.23,4.85,4.87,240800,4.87
2009-02-23,5.24,5.39,4.90,4.90,131500,4.90
2009-02-20,5.11,5.23,4.86,5.20,194200,5.20
2009-02-19,5.55,5.58,5.09,5.25,162300,5.25
2009-02-18,5.76,5.76,5.50,5.50,122900,5.50
2009-02-17,5.98,5.99,5.64,5.68,97700,5.68
2009-02-13,5.63,6.08,5.60,5.89,88600,5.89
2009-02-12,5.76,5.82,5.54,5.61,86300,5.61
2009-02-11,5.84,6.04,5.66,5.81,131500,5.81
2009-02-10,5.78,5.97,5.70,5.84,344800,5.84
2009-02-09,5.85,5.97,5.54,5.80,361600,5.80
2009-02-06,6.69,6.70,5.75,5.92,551800,5.92
2009-02-05,6.95,7.61,6.93,7.47,77800,7.47
2009-02-04,7.37,7.38,7.00,7.02,106800,7.02
2009-02-03,8.02,8.19,7.35,7.39,97500,7.39
2009-02-02,7.05,8.16,7.01,7.97,111000,7.97
2009-01-30,7.30,7.46,7.00,7.13,78400,7.13
2009-01-29,7.66,7.70,7.20,7.20,43400,7.20
2009-01-28,7.48,7.89,7.48,7.78,32100,7.78
2009-01-27,7.50,7.59,7.38,7.45,131100,7.45
2009-01-26,7.12,7.53,7.12,7.49,94200,7.49
2009-01-23,6.84,7.35,6.84,7.14,32900,7.14
2009-01-22,7.33,7.33,6.90,7.10,73300,7.10
2009-01-21,6.72,7.57,6.68,7.52,39600,7.52
2009-01-20,7.07,7.12,6.61,6.64,81900,6.64
2009-01-16,7.47,7.56,6.90,7.15,399300,7.15
2009-01-15,7.45,7.59,7.20,7.29,73400,7.29
2009-01-14,7.81,8.10,7.19,7.45,249800,7.45
2009-01-13,8.39,8.40,7.71,7.73,123900,7.73
2009-01-12,8.36,8.68,8.31,8.42,63200,8.42
2009-01-09,8.73,8.81,8.27,8.38,90900,8.38
2009-01-08,8.63,8.77,8.08,8.77,134200,8.77
2009-01-07,8.81,9.00,8.62,8.62,413500,8.62
2009-01-06,8.76,9.07,8.69,8.95,115600,8.95
2009-01-05,8.56,8.71,8.16,8.65,90400,8.65
2009-01-02,8.34,8.63,8.05,8.50,61000,8.50
2008-12-31,7.60,8.44,7.52,8.33,128900,8.33
2008-12-30,7.57,7.74,7.40,7.57,156200,7.57
2008-12-29,7.36,7.52,6.89,7.48,113800,7.48
2008-12-26,7.30,7.44,7.27,7.36,19800,7.36
2008-12-24,7.03,7.35,7.03,7.25,56100,7.25
2008-12-23,7.53,7.62,6.86,7.01,127700,7.01
2008-12-22,8.02,8.14,7.09,7.48,94500,7.48
2008-12-19,7.57,8.38,7.29,7.95,150500,7.95
2008-12-18,7.47,8.01,7.29,7.29,105400,7.29
2008-12-17,7.50,7.74,7.42,7.43,71900,7.43
2008-12-16,7.69,7.91,7.42,7.62,122400,7.62
2008-12-15,7.94,8.23,7.36,7.48,64300,7.48
2008-12-12,7.49,7.95,7.26,7.90,76600,7.90
2008-12-11,7.84,8.16,7.55,7.57,77000,7.57
2008-12-10,7.72,8.03,7.61,7.95,149300,7.95
2008-12-09,7.57,7.98,7.53,7.65,108600,7.65
2008-12-08,7.42,7.75,7.32,7.68,309900,7.68
2008-12-05,6.97,7.93,6.85,7.30,325400,7.30
2008-12-04,6.53,7.23,6.50,6.53,150200,6.53
2008-12-03,6.32,6.89,6.32,6.84,103700,6.84
2008-12-02,6.79,6.79,6.28,6.51,97800,6.51
2008-12-01,7.34,7.37,6.63,6.63,64300,6.63
2008-11-28,7.97,8.10,6.99,7.36,80900,7.36
2008-11-26,6.48,8.31,6.32,8.10,118300,8.10
2008-11-25,6.52,6.89,6.39,6.67,63900,6.67
2008-11-24,6.70,7.20,6.12,6.43,138600,6.43
2008-11-21,5.76,6.71,5.10,6.66,447700,6.66
2008-11-20,6.09,6.48,5.54,5.61,62800,5.61
2008-11-19,6.52,6.66,5.92,6.16,82400,6.16
2008-11-18,6.54,6.61,6.35,6.52,57100,6.52
2008-11-17,6.46,6.94,6.36,6.40,64800,6.40
2008-11-14,7.02,7.22,6.50,6.50,82000,6.50
2008-11-13,6.83,7.26,6.35,7.20,97500,7.20
2008-11-12,7.29,7.32,6.83,6.84,59500,6.84
2008-11-11,8.12,8.12,7.34,7.44,71600,7.44
2008-11-10,9.00,9.22,8.15,8.18,66400,8.18
2008-11-07,8.66,9.04,8.47,8.78,46400,8.78
2008-11-06,8.48,8.86,8.44,8.55,34500,8.55
2008-11-05,9.12,9.25,8.51,8.57,41800,8.57
2008-11-04,8.91,9.28,8.83,9.21,55300,9.21
2008-11-03,8.40,9.26,8.40,8.74,38700,8.74
2008-10-31,8.18,8.44,7.67,8.40,251000,8.40
2008-10-30,8.55,8.63,8.04,8.27,77100,8.27
2008-10-29,8.09,8.77,7.65,8.36,57100,8.36
2008-10-28,7.61,8.08,7.16,8.07,61300,8.07
2008-10-27,7.39,7.68,7.01,7.42,47400,7.42
2008-10-24,7.00,7.77,6.79,7.53,61200,7.53
2008-10-23,7.81,7.97,7.06,7.52,76800,7.52
2008-10-22,8.09,8.30,7.74,7.82,61200,7.82
2008-10-21,8.54,8.63,8.11,8.19,61800,8.19
2008-10-20,8.26,8.73,8.24,8.70,56300,8.70
2008-10-17,8.64,9.00,8.26,8.45,148300,8.45
2008-10-16,8.09,8.95,7.63,8.87,89600,8.87
2008-10-15,8.88,8.88,8.02,8.02,90700,8.02
2008-10-14,9.44,9.44,8.51,8.97,86700,8.97
2008-10-13,8.81,9.27,8.12,9.26,59000,9.26
2008-10-10,7.50,8.84,6.73,8.40,169500,8.40
2008-10-09,8.67,8.94,7.74,7.79,176300,7.79
2008-10-08,8.49,9.13,8.21,8.55,211400,8.55
2008-10-07,9.42,9.42,8.53,8.63,224900,8.63
2008-10-06,8.92,9.36,8.73,9.26,117300,9.26
2008-10-03,9.70,9.90,9.12,9.13,107300,9.13
2008-10-02,9.90,10.00,8.99,9.50,555900,9.50
2008-10-01,10.67,10.74,9.93,10.10,222100,10.10
2008-09-30,9.92,11.10,9.35,10.85,411800,10.85
2008-09-29,10.51,10.57,7.85,9.79,48400,9.79
2008-09-26,10.54,10.71,10.32,10.66,91100,10.66
2008-09-25,10.95,11.21,10.35,10.73,113300,10.73
2008-09-24,10.67,11.51,10.31,10.87,198200,10.87
2008-09-23,11.03,11.03,10.55,10.67,149900,10.67
2008-09-22,11.20,12.03,10.62,11.04,307100,11.04
2008-09-19,11.38,11.45,10.32,11.15,387800,11.15
2008-09-18,10.64,10.91,10.03,10.60,275900,10.60
2008-09-17,10.11,10.59,9.70,10.43,232700,10.43
2008-09-16,9.64,10.26,9.24,10.24,144300,10.24
2008-09-15,9.70,10.10,9.70,9.82,112000,9.82
2008-09-12,10.14,10.21,9.91,10.00,69400,10.00
2008-09-11,9.79,10.26,9.79,10.21,122000,10.21
2008-09-10,10.14,10.27,9.84,9.89,86900,9.89
2008-09-09,10.14,10.19,9.79,9.93,331700,9.93
2008-09-08,10.00,10.11,9.82,10.11,158600,10.11
2008-09-05,9.98,10.15,9.61,9.65,146300,9.65
2008-09-04,10.37,10.53,9.82,9.82,100600,9.82
2008-09-03,10.50,10.71,10.40,10.45,117800,10.45
2008-09-02,11.09,11.13,10.36,10.52,177700,10.52
2008-08-29,10.41,11.13,10.38,10.96,345900,10.96
2008-08-28,10.60,10.94,10.46,10.51,216200,10.51
2008-08-27,10.49,10.74,10.43,10.52,290800,10.52
2008-08-26,10.81,11.12,10.49,10.50,231100,10.50
2008-08-25,11.12,11.17,10.79,10.82,51900,10.82
2008-08-22,10.87,11.39,10.65,11.21,75400,11.21
2008-08-21,10.64,11.05,10.64,10.72,47500,10.72
2008-08-20,10.77,10.91,10.50,10.73,95500,10.73
2008-08-19,11.45,11.57,10.66,10.71,309300,10.71
2008-08-18,12.00,12.01,11.45,11.57,204500,11.57
2008-08-15,11.80,12.28,11.02,12.00,602500,12.00
2008-08-14,12.81,12.81,11.90,11.98,177900,11.98
2008-08-13,12.48,12.98,12.16,12.93,81500,12.93
2008-08-12,12.05,12.87,12.03,12.54,129500,12.54
2008-08-11,11.59,12.68,11.53,12.14,130500,12.14
2008-08-08,11.42,11.59,11.15,11.58,171400,11.58
2008-08-07,11.15,11.50,11.15,11.42,136200,11.42
2008-08-06,10.93,11.43,10.87,11.32,144300,11.32
2008-08-05,11.10,11.24,10.80,10.98,143700,10.98
2008-08-04,10.83,11.05,10.52,10.92,89900,10.92
2008-08-01,11.06,11.06,10.51,10.98,87800,10.98
2008-07-31,10.88,11.19,10.87,10.99,250300,10.99
2008-07-30,11.30,11.43,10.86,11.01,90400,11.01
2008-07-29,10.97,11.35,10.82,11.11,130100,11.11
2008-07-28,11.39,11.63,10.80,10.95,146100,10.95
2008-07-25,11.48,11.55,11.00,11.40,126000,11.40
2008-07-24,11.60,11.83,11.24,11.35,164900,11.35
2008-07-23,11.23,11.58,11.06,11.52,435700,11.52
2008-07-22,11.12,11.30,10.37,11.20,133300,11.20
2008-07-21,11.47,11.52,11.24,11.28,92000,11.28
2008-07-18,11.72,11.91,11.33,11.37,153700,11.37
2008-07-17,11.25,11.85,10.94,11.79,193300,11.79
2008-07-16,10.12,11.29,9.80,11.18,431300,11.18
2008-07-15,10.44,10.56,9.77,10.14,294000,10.14
2008-07-14,10.75,11.24,9.66,10.56,577700,10.56
2008-07-11,10.52,10.62,10.31,10.50,190700,10.50
2008-07-10,10.43,10.94,10.43,10.64,169900,10.64
2008-07-09,11.10,11.10,10.40,10.40,265800,10.40
2008-07-08,10.70,11.16,10.55,11.12,196200,11.12
2008-07-07,11.01,11.24,10.34,10.64,183000,10.64
2008-07-03,11.17,11.28,10.51,10.95,101400,10.95
2008-07-02,11.62,11.69,10.99,11.10,205200,11.10
2008-07-01,11.36,11.66,10.92,11.59,207200,11.59
2008-06-30,11.40,11.75,11.31,11.53,142300,11.53
2008-06-27,11.64,11.97,11.20,11.36,709500,11.36
2008-06-26,11.63,11.93,11.40,11.51,187100,11.51
2008-06-25,12.00,12.15,11.75,11.81,119300,11.81
2008-06-24,11.92,12.20,11.70,11.98,157200,11.98
2008-06-23,12.35,12.62,11.99,12.07,158200,12.07
2008-06-20,12.71,12.88,12.08,12.23,199500,12.23
2008-06-19,11.78,13.00,11.78,12.78,307500,12.78
2008-06-18,10.79,11.90,10.71,11.74,318500,11.74
2008-06-17,10.89,11.16,10.68,10.85,157900,10.85
2008-06-16,11.01,11.01,10.46,10.80,168100,10.80
2008-06-13,10.76,11.21,10.52,11.07,238400,11.07
2008-06-12,10.89,11.09,10.63,10.66,184700,10.66
2008-06-11,11.33,11.43,10.76,10.76,105300,10.76
2008-06-10,11.15,11.54,10.97,11.34,99100,11.34
2008-06-09,11.53,11.66,11.07,11.24,142400,11.24
2008-06-06,12.23,12.24,11.41,11.52,146700,11.52
2008-06-05,11.48,12.38,11.03,12.30,165500,12.30
2008-06-04,11.59,11.75,11.20,11.51,146200,11.51
2008-06-03,11.24,11.74,11.23,11.66,227600,11.66
2008-06-02,11.04,11.30,10.42,10.83,185400,10.83
2008-05-30,10.95,11.13,10.67,11.10,223500,11.10
2008-05-29,10.37,11.09,10.20,10.95,138700,10.95
2008-05-28,10.38,10.54,10.27,10.42,129200,10.42
2008-05-27,9.53,10.62,9.53,10.37,224500,10.37
2008-05-23,9.68,9.96,9.45,9.50,209500,9.50
2008-05-22,9.33,9.75,9.32,9.72,127400,9.72
2008-05-21,9.33,9.67,9.10,9.33,151100,9.33
2008-05-20,9.22,9.58,9.13,9.30,127500,9.30
2008-05-19,9.19,9.45,9.11,9.29,135300,9.29
2008-05-16,9.47,9.47,9.06,9.21,92000,9.21
2008-05-15,9.10,9.52,9.10,9.41,86100,9.41
2008-05-14,8.92,9.38,8.92,9.12,137100,9.12
2008-05-13,9.00,9.08,8.64,8.91,130700,8.91
2008-05-12,8.89,9.10,8.84,8.97,91800,8.97
2008-05-09,9.00,9.05,8.67,8.84,109200,8.84
2008-05-08,8.51,9.13,8.45,9.08,192100,9.08
2008-05-07,8.68,8.72,8.33,8.44,139800,8.44
2008-05-06,8.33,8.69,8.02,8.69,185600,8.69
2008-05-05,8.70,8.73,8.27,8.36,240700,8.36
2008-05-02,9.32,9.70,8.75,8.75,661800,8.75
2008-05-01,8.13,8.45,7.80,8.44,149600,8.44
2008-04-30,8.40,8.45,8.04,8.15,141500,8.15
2008-04-29,8.48,8.79,8.13,8.40,389400,8.40
2008-04-28,8.42,8.44,8.21,8.24,83900,8.24
2008-04-25,8.86,8.86,8.41,8.43,73500,8.43
2008-04-24,8.50,8.85,8.21,8.66,68800,8.66
2008-04-23,8.63,8.67,8.39,8.51,102500,8.51
2008-04-22,8.75,8.97,8.53,8.58,82400,8.58
2008-04-21,9.09,9.33,9.03,9.03,79000,9.03
2008-04-18,8.98,9.44,8.69,9.16,74200,9.16
2008-04-17,8.74,8.86,8.74,8.80,49500,8.80
2008-04-16,8.61,8.88,8.51,8.76,143500,8.76
2008-04-15,8.75,8.81,8.47,8.57,162100,8.57
2008-04-14,8.54,8.90,8.54,8.75,102500,8.75
2008-04-11,8.55,8.71,8.51,8.59,84600,8.59
2008-04-10,8.52,8.91,8.51,8.67,63000,8.67
2008-04-09,8.51,8.74,8.50,8.54,59300,8.54
2008-04-08,8.65,8.71,8.47,8.49,86200,8.49
2008-04-07,8.74,8.95,8.53,8.75,63300,8.75
2008-04-04,8.79,8.83,8.38,8.70,72200,8.70
2008-04-03,8.11,8.93,8.11,8.76,132000,8.76
2008-04-02,7.97,8.22,7.91,8.14,129600,8.14
2008-04-01,8.12,8.15,7.94,7.99,123500,7.99
2008-03-31,7.92,8.07,7.78,8.00,86700,8.00
2008-03-28,8.25,8.44,7.91,7.93,77100,7.93
2008-03-27,8.41,8.65,8.20,8.42,61200,8.42
2008-03-26,8.60,8.68,8.19,8.37,59900,8.37
2008-03-25,8.52,8.66,8.33,8.66,35000,8.66
2008-03-24,8.27,8.60,8.15,8.56,103600,8.56
2008-03-20,8.13,8.34,7.94,8.25,159700,8.25
2008-03-19,8.26,8.37,7.99,8.05,446000,8.05
2008-03-18,8.28,8.55,7.86,8.28,104700,8.28
2008-03-17,8.16,8.33,8.01,8.05,67200,8.05
2008-03-14,8.79,8.87,8.30,8.40,141600,8.40
2008-03-13,8.35,8.77,8.23,8.75,143500,8.75
2008-03-12,7.77,8.63,7.77,8.50,201600,8.50
2008-03-11,7.58,7.83,7.39,7.76,383100,7.76
2008-03-10,7.75,7.79,7.33,7.37,365300,7.37
2008-03-07,7.88,7.97,7.61,7.73,393000,7.73
2008-03-06,8.21,8.25,7.81,7.82,251600,7.82
2008-03-05,8.95,8.96,8.12,8.21,445100,8.21
2008-03-04,9.43,9.44,8.74,8.94,285000,8.94
2008-03-03,9.62,9.75,9.40,9.49,131700,9.49
2008-02-29,9.61,9.91,9.55,9.67,226400,9.67
2008-02-28,9.93,10.30,9.63,9.66,156300,9.66
2008-02-27,9.91,10.30,9.79,9.96,109500,9.96
2008-02-26,10.10,10.21,9.77,9.97,181300,9.97
2008-02-25,10.38,10.38,9.92,10.19,161900,10.19
2008-02-22,10.40,10.40,10.07,10.34,61800,10.34
2008-02-21,10.73,10.77,10.06,10.30,295000,10.30
2008-02-20,10.61,10.87,10.59,10.63,163500,10.63
2008-02-19,11.01,11.07,10.42,10.66,198300,10.66
2008-02-15,11.32,11.45,10.72,10.91,152500,10.91
2008-02-14,11.63,11.87,11.06,11.38,113500,11.38
2008-02-13,11.49,11.61,10.76,11.58,294800,11.58
2008-02-12,11.57,11.99,11.26,11.40,104200,11.40
2008-02-11,11.67,11.77,11.20,11.49,182100,11.49
2008-02-08,12.67,13.20,11.53,11.81,357700,11.81
2008-02-07,13.02,13.80,12.30,12.47,239700,12.47
2008-02-06,13.64,13.90,12.77,12.91,120000,12.91
2008-02-05,12.85,13.64,12.57,13.56,134100,13.56
2008-02-04,12.74,13.50,12.41,13.14,143200,13.14
2008-02-01,12.08,12.89,11.85,12.80,128700,12.80
2008-01-31,11.45,12.44,11.18,12.01,75200,12.01
2008-01-30,12.23,12.57,11.52,11.61,129900,11.61
2008-01-29,12.10,12.67,12.00,12.29,455000,12.29
2008-01-28,11.44,12.03,11.11,12.00,195800,12.00
2008-01-25,11.77,11.80,11.28,11.44,112800,11.44
2008-01-24,11.84,11.84,11.11,11.58,130400,11.58
2008-01-23,11.29,11.82,11.18,11.79,135800,11.79
2008-01-22,11.47,12.39,11.26,11.54,106100,11.54
2008-01-18,12.44,12.57,11.66,11.95,158200,11.95
2008-01-17,12.24,12.60,11.90,12.45,153100,12.45
2008-01-16,12.34,12.67,11.74,12.27,106100,12.27
2008-01-15,12.10,12.45,11.61,12.33,129900,12.33
2008-01-14,12.43,12.54,11.90,12.27,95200,12.27
2008-01-11,12.36,12.75,11.87,12.32,120900,12.32
2008-01-10,12.09,12.89,11.94,12.48,154800,12.48
2008-01-09,11.56,12.45,11.34,12.16,123100,12.16
2008-01-08,11.93,12.20,11.54,11.61,188600,11.61
2008-01-07,11.59,12.27,11.59,11.90,181500,11.90
2008-01-04,12.15,12.23,11.50,11.56,193900,11.56
2008-01-03,12.49,13.00,12.21,12.31,101200,12.31
2008-01-02,12.85,13.03,12.31,12.59,163300,12.59
2007-12-31,12.13,13.26,12.13,12.90,212500,12.90
2007-12-28,12.84,12.86,12.11,12.11,85500,12.11
2007-12-27,12.93,12.96,12.16,12.68,121900,12.68
2007-12-26,12.44,12.96,12.26,12.90,82100,12.90
2007-12-24,12.79,12.89,12.33,12.72,100400,12.72
2007-12-21,12.81,13.00,12.60,12.98,162800,12.98
2007-12-20,12.50,12.66,12.01,12.64,119700,12.64
2007-12-19,12.23,12.57,11.96,12.45,140200,12.45
2007-12-18,12.10,12.28,11.97,12.23,138300,12.23
2007-12-17,12.07,12.39,11.98,12.10,206600,12.10
2007-12-14,12.33,12.64,11.96,12.17,204400,12.17
2007-12-13,13.03,13.03,12.33,12.48,193500,12.48
2007-12-12,12.98,13.99,12.65,13.12,260600,13.12
2007-12-11,13.80,13.89,12.52,12.61,200200,12.61
2007-12-10,13.66,14.09,13.52,13.82,342600,13.82
2007-12-07,12.97,15.18,12.90,13.32,1583200,13.32
2007-12-06,11.05,11.42,10.78,10.97,193800,10.97
2007-12-05,11.20,11.47,10.78,10.96,211600,10.96
2007-12-04,11.40,11.48,10.86,10.93,103700,10.93
2007-12-03,12.00,12.14,11.38,11.54,123000,11.54
2007-11-30,11.62,11.95,11.36,11.94,180500,11.94
2007-11-29,11.31,11.71,11.30,11.50,129000,11.50
2007-11-28,11.50,12.10,11.10,11.31,297700,11.31
2007-11-27,11.59,11.76,11.24,11.36,144800,11.36
2007-11-26,11.66,11.95,11.48,11.61,120600,11.61
2007-11-23,11.49,11.77,11.39,11.60,68900,11.60
2007-11-21,10.78,11.68,10.35,11.38,252100,11.38
2007-11-20,10.12,10.93,10.03,10.89,219500,10.89
2007-11-19,10.44,10.74,9.99,10.16,289700,10.16
2007-11-16,10.65,10.77,10.26,10.46,192400,10.46
2007-11-15,10.74,10.83,10.43,10.63,72300,10.63
2007-11-14,10.96,11.19,10.63,10.81,90800,10.81
2007-11-13,10.90,11.08,10.64,10.89,153100,10.89
2007-11-12,11.20,11.31,10.74,10.83,169800,10.83
2007-11-09,11.10,11.35,10.88,11.23,193400,11.23
2007-11-08,11.40,11.43,11.11,11.25,105900,11.25
2007-11-07,11.80,11.84,11.30,11.32,121100,11.32
2007-11-06,11.94,12.00,11.52,11.97,98500,11.97
2007-11-05,11.76,12.01,11.65,11.92,90900,11.92
2007-11-02,11.75,11.96,11.26,11.95,148000,11.95
2007-11-01,12.24,12.24,11.41,11.63,271200,11.63
2007-10-31,12.38,12.69,12.25,12.43,215700,12.43
2007-10-30,12.25,12.51,11.84,12.36,131100,12.36
2007-10-29,11.92,12.85,11.58,12.33,229000,12.33
2007-10-26,11.91,12.23,11.44,11.88,201000,11.88
2007-10-25,11.66,11.78,11.30,11.73,133200,11.73
2007-10-24,11.43,11.61,11.27,11.57,157800,11.57
2007-10-23,11.60,11.70,11.42,11.47,193400,11.47
2007-10-22,11.71,11.97,11.40,11.55,277600,11.55
2007-10-19,12.92,12.92,11.80,11.87,184300,11.87
2007-10-18,12.80,13.15,12.75,12.94,89600,12.94
2007-10-17,12.92,13.40,12.70,12.96,151100,12.96
2007-10-16,13.55,13.55,12.82,12.85,133200,12.85
2007-10-15,13.83,14.02,13.27,13.56,166800,13.56
2007-10-12,13.54,14.03,13.46,13.77,230200,13.77
2007-10-11,13.85,14.07,13.47,13.58,256900,13.58
2007-10-10,14.26,14.38,13.56,13.86,353500,13.86
2007-10-09,12.89,14.50,12.89,14.21,457600,14.21
2007-10-08,13.39,13.65,12.86,12.90,208200,12.90
2007-10-05,12.19,14.00,12.12,13.48,369600,13.48
2007-10-04,11.88,12.24,11.88,12.08,334600,12.08
2007-10-03,11.33,11.85,11.33,11.79,326400,11.79
2007-10-02,11.14,11.42,11.13,11.32,176900,11.32
2007-10-01,11.06,11.27,10.95,11.19,132800,11.19
2007-09-28,11.00,11.20,10.92,10.99,308500,10.99
2007-09-27,11.29,11.58,11.05,11.11,268600,11.11
2007-09-26,11.32,11.49,11.09,11.20,178800,11.20
2007-09-25,11.27,11.52,10.90,11.27,643000,11.27
2007-09-24,11.28,11.48,10.84,10.98,147700,10.98
2007-09-21,11.40,11.69,11.10,11.22,240600,11.22
2007-09-20,11.98,12.08,11.39,11.39,332500,11.39
2007-09-19,11.99,12.30,11.82,11.98,250000,11.98
2007-09-18,12.11,12.11,11.60,11.87,353500,11.87
2007-09-17,12.23,12.23,11.75,12.02,126300,12.02
2007-09-14,12.24,12.43,12.13,12.34,99300,12.34
2007-09-13,11.86,12.45,11.50,12.37,331800,12.37
2007-09-12,11.87,12.04,11.76,11.78,146900,11.78
2007-09-11,11.41,12.01,11.32,11.93,120800,11.93
2007-09-10,11.48,11.56,11.18,11.31,104100,11.31
2007-09-07,11.63,11.65,11.15,11.37,206300,11.37
2007-09-06,11.06,11.87,11.00,11.82,149900,11.82
2007-09-05,11.19,11.53,10.97,11.02,212000,11.02
2007-09-04,11.04,11.40,10.94,11.25,137900,11.25
2007-08-31,11.37,15.77,10.90,11.00,166900,11.00
2007-08-30,11.53,11.53,11.06,11.14,223000,11.14
2007-08-29,12.07,12.07,11.44,11.70,291100,11.70
2007-08-28,12.38,12.39,11.81,11.97,159500,11.97
2007-08-27,11.87,12.61,11.87,12.49,174100,12.49
2007-08-24,11.94,12.18,11.55,11.89,87300,11.89
2007-08-23,12.31,12.34,11.70,11.97,112300,11.97
2007-08-22,12.78,12.84,12.12,12.18,152600,12.18
2007-08-21,12.80,12.87,12.50,12.59,94400,12.59
2007-08-20,13.19,13.41,12.80,12.85,130500,12.85
2007-08-17,13.41,13.41,12.65,12.75,235300,12.75
2007-08-16,12.88,13.37,12.52,13.10,209900,13.10
2007-08-15,13.08,13.55,12.93,12.96,145900,12.96
2007-08-14,13.29,13.50,13.04,13.18,117100,13.18
2007-08-13,13.80,13.91,13.19,13.33,263700,13.33
2007-08-10,14.03,14.30,13.50,13.57,240000,13.57
2007-08-09,13.84,14.20,13.68,14.20,440200,14.20
2007-08-08,12.20,14.50,12.00,14.25,845400,14.25
2007-08-07,12.04,12.41,11.44,12.07,440500,12.07
2007-08-06,12.93,12.93,12.00,12.14,657300,12.14
2007-08-03,13.15,13.29,12.56,12.91,458400,12.91
2007-08-02,13.81,14.00,11.50,13.23,2238100,13.23
2007-08-01,15.28,16.81,14.78,16.81,405800,16.81
2007-07-31,15.79,15.84,15.21,15.46,408800,15.46
2007-07-30,16.79,16.84,15.38,15.58,876900,15.58
2007-07-27,17.55,17.88,16.98,17.01,93600,17.01
2007-07-26,17.47,17.66,16.81,17.50,202500,17.50
2007-07-25,17.68,17.76,16.56,17.69,333700,17.69
2007-07-24,17.91,18.11,17.40,17.50,148700,17.50
2007-07-23,18.09,18.37,17.98,18.00,53000,18.00
2007-07-20,18.34,18.50,17.95,18.05,309000,18.05
2007-07-19,18.29,18.86,18.21,18.41,125500,18.41
2007-07-18,18.06,18.40,18.00,18.14,68500,18.14
2007-07-17,18.04,18.41,18.04,18.23,89600,18.23
2007-07-16,18.16,18.38,17.81,18.00,126800,18.00
2007-07-13,18.25,18.78,18.03,18.25,99300,18.25
2007-07-12,18.35,18.38,18.07,18.38,128400,18.38
2007-07-11,18.44,18.63,18.16,18.25,61800,18.25
2007-07-10,18.76,18.79,18.47,18.51,122000,18.51
2007-07-09,19.08,19.08,18.68,18.96,64300,18.96
2007-07-06,19.01,19.30,18.78,19.11,74500,19.11
2007-07-05,19.16,19.17,18.81,19.05,164300,19.05
2007-07-03,18.95,19.16,18.56,19.16,57900,19.16
2007-07-02,18.82,18.99,18.54,18.86,100300,18.86
2007-06-29,19.12,19.12,18.75,18.78,112200,18.78
2007-06-28,19.00,19.04,18.60,19.01,183800,19.01
2007-06-27,18.29,18.99,18.29,18.97,195500,18.97
2007-06-26,18.66,19.02,18.35,18.44,180200,18.44
2007-06-25,18.88,18.97,18.40,18.48,222100,18.48
2007-06-22,19.41,19.41,18.87,18.87,365600,18.87
2007-06-21,18.19,19.78,17.89,19.37,430300,19.37
2007-06-20,18.07,18.26,18.02,18.22,174200,18.22
2007-06-19,18.35,18.44,18.05,18.06,218900,18.06
2007-06-18,18.66,18.74,18.23,18.36,126600,18.36
2007-06-15,18.65,19.00,18.35,18.56,106100,18.56
2007-06-14,18.53,18.89,18.20,18.45,104400,18.45
2007-06-13,18.35,18.65,18.25,18.60,111600,18.60
2007-06-12,18.48,18.55,18.06,18.29,174100,18.29
2007-06-11,19.28,19.28,18.49,18.49,126500,18.49
2007-06-08,18.71,19.46,18.67,19.36,92200,19.36
2007-06-07,18.96,19.40,18.65,18.79,180900,18.79
2007-06-06,19.69,19.79,18.77,18.92,160200,18.92
2007-06-05,19.90,20.02,19.70,19.83,103000,19.83
2007-06-04,19.98,20.16,19.72,19.91,135300,19.91
2007-06-01,20.19,20.25,19.56,19.94,120900,19.94
2007-05-31,20.00,20.33,19.51,19.97,157300,19.97
2007-05-30,18.98,19.99,18.97,19.90,199700,19.90
2007-05-29,18.40,19.03,18.40,18.99,162200,18.99
2007-05-25,18.33,18.61,18.08,18.32,129200,18.32
2007-05-24,19.52,19.52,18.04,18.29,175500,18.29
2007-05-23,18.90,19.72,18.90,19.60,175300,19.60
2007-05-22,18.43,18.92,18.26,18.90,119000,18.90
2007-05-21,18.17,18.49,18.08,18.40,173200,18.40
2007-05-18,18.62,18.64,18.09,18.17,149700,18.17
2007-05-17,18.80,18.89,18.46,18.53,169800,18.53
2007-05-16,18.55,18.85,18.51,18.79,117700,18.79
2007-05-15,18.72,18.86,18.52,18.55,206100,18.55
2007-05-14,19.34,19.34,18.75,18.77,149200,18.77
2007-05-11,19.14,19.35,19.10,19.35,98300,19.35
2007-05-10,19.04,19.30,18.89,19.05,105700,19.05
2007-05-09,19.12,19.20,18.84,19.16,138300,19.16
2007-05-08,19.30,19.31,18.54,19.26,152100,19.26
2007-05-07,19.95,19.96,19.16,19.29,120300,19.29
2007-05-04,20.25,20.26,19.65,19.95,212900,19.95
2007-05-03,21.05,21.09,20.00,20.22,496700,20.22
2007-05-02,21.93,22.00,20.62,21.01,456800,21.01
2007-05-01,20.97,22.00,20.80,21.74,501600,21.74
2007-04-30,21.15,21.30,20.66,20.88,280300,20.88
2007-04-27,20.70,21.26,20.24,21.08,217400,21.08
2007-04-26,19.74,20.90,19.41,20.77,282000,20.77
2007-04-25,18.75,19.75,18.59,19.70,550400,19.70
2007-04-24,17.87,18.00,17.64,17.88,125000,17.88
2007-04-23,17.94,18.18,17.88,17.91,88200,17.91
2007-04-20,18.18,18.18,17.97,18.01,59100,18.01
2007-04-19,17.86,18.20,17.85,18.01,91700,18.01
2007-04-18,18.00,18.00,17.81,17.93,60300,17.93
2007-04-17,18.08,18.20,17.84,18.01,78900,18.01
2007-04-16,17.89,18.19,17.86,18.11,93400,18.11
2007-04-13,17.67,17.94,17.51,17.87,79200,17.87
2007-04-12,17.78,17.92,17.63,17.75,160900,17.75
2007-04-11,18.01,18.02,17.70,17.96,68600,17.96
2007-04-10,18.05,18.13,17.75,18.01,119500,18.01
2007-04-09,18.07,18.20,17.93,18.11,158600,18.11
2007-04-05,17.82,18.17,17.64,18.03,197000,18.03
2007-04-04,17.89,18.02,17.21,17.75,282100,17.75
2007-04-03,17.99,18.11,17.72,17.94,616500,17.94
2007-04-02,17.00,17.10,16.49,16.68,211300,16.68
2007-03-30,17.32,17.37,16.61,16.94,170400,16.94
2007-03-29,17.87,17.87,17.01,17.39,273900,17.39
2007-03-28,17.97,18.14,17.57,17.67,415100,17.67
2007-03-27,18.43,18.66,17.90,18.04,286400,18.04
2007-03-26,18.21,18.83,18.12,18.70,391700,18.70
2007-03-23,18.45,18.54,17.87,18.02,144200,18.02
2007-03-22,18.60,18.60,18.12,18.37,145100,18.37
2007-03-21,18.10,18.65,17.86,18.60,364800,18.60
2007-03-20,17.98,18.29,17.86,18.03,236900,18.03
2007-03-19,17.95,17.99,17.75,17.90,245700,17.90
2007-03-16,17.80,17.97,17.74,17.78,313700,17.78
2007-03-15,17.75,17.90,17.74,17.80,420500,17.80
2007-03-14,17.80,17.95,17.74,17.75,1617700,17.75
2007-03-13,18.50,18.58,18.00,18.06,301100,18.06
2007-03-12,19.00,19.20,18.35,18.58,265300,18.58
2007-03-09,19.37,19.37,18.99,19.14,564500,19.14
2007-03-08,19.04,19.37,18.56,19.21,397300,19.21
2007-03-07,18.35,18.98,18.03,18.85,371600,18.85
2007-03-06,18.25,18.45,17.52,18.25,425700,18.25
2007-03-05,18.13,18.31,17.30,17.31,549300,17.31
2007-03-02,17.42,18.62,17.13,18.26,523700,18.26
2007-03-01,17.27,17.85,17.12,17.57,369300,17.57
2007-02-28,19.54,19.75,17.57,18.05,648300,18.05
2007-02-27,20.32,20.91,19.34,19.75,508200,19.75
2007-02-26,19.31,20.42,19.05,20.32,510700,20.32
2007-02-23,19.87,19.87,18.92,19.36,177300,19.36
2007-02-22,19.45,20.02,19.40,20.00,213600,20.00
2007-02-21,19.86,19.91,19.14,19.43,253000,19.43
2007-02-20,20.76,20.77,19.86,20.00,351100,20.00
2007-02-16,19.71,20.98,19.68,20.78,493900,20.78
2007-02-15,18.59,20.20,18.59,19.71,738800,19.71
2007-02-14,19.53,19.63,18.51,18.64,816200,18.64
2007-02-13,22.40,22.45,18.81,19.51,1253100,19.51
2007-02-12,24.03,24.23,22.45,22.84,592100,22.84
2007-02-09,22.00,24.15,21.87,22.75,1356000,22.75
2007-02-08,20.20,21.95,18.76,21.65,980700,21.65
2007-02-07,20.50,21.44,19.76,20.62,643600,20.62
2007-02-06,19.40,19.90,19.33,19.60,228300,19.60
2007-02-05,19.65,19.65,19.25,19.30,133600,19.30
2007-02-02,19.35,19.67,19.01,19.62,95500,19.62
2007-02-01,20.06,20.13,19.12,19.35,161300,19.35
2007-01-31,19.00,20.24,18.82,19.98,437000,19.98
2007-01-30,19.05,19.22,18.90,19.00,153700,19.00
2007-01-29,19.03,19.03,18.80,18.99,85800,18.99
2007-01-26,18.68,19.00,18.16,19.00,91900,19.00
2007-01-25,18.50,19.01,18.50,18.67,252800,18.67
2007-01-24,18.10,18.45,17.31,18.44,156100,18.44
2007-01-23,18.23,18.68,17.92,17.97,153000,17.97
2007-01-22,17.23,18.79,17.23,18.24,218400,18.24
2007-01-19,17.57,17.57,16.74,17.35,216200,17.35
2007-01-18,18.15,18.17,17.61,17.71,99300,17.71
2007-01-17,18.02,18.69,18.02,18.16,118600,18.16
2007-01-16,18.80,18.88,17.91,18.07,184900,18.07
2007-01-12,17.83,18.93,17.83,18.75,246600,18.75
2007-01-11,17.95,18.17,17.80,17.98,137600,17.98
2007-01-10,17.20,17.96,17.11,17.89,129200,17.89
2007-01-09,17.38,17.38,17.01,17.33,159400,17.33
2007-01-08,17.03,17.34,16.80,17.32,81400,17.32
2007-01-05,17.60,17.69,16.64,17.05,162000,17.05
2007-01-04,17.60,17.85,17.47,17.69,187100,17.69
2007-01-03,17.33,18.00,17.25,17.66,186400,17.66
2006-12-29,17.36,17.60,17.02,17.21,91000,17.21
2006-12-28,17.57,17.57,17.12,17.33,46600,17.33
2006-12-27,16.86,17.61,16.86,17.59,90100,17.59
2006-12-26,16.68,17.20,16.68,16.87,136600,16.87
2006-12-22,16.99,17.20,16.70,16.72,146700,16.72
2006-12-21,17.94,17.94,16.70,16.91,362200,16.91
2006-12-20,17.28,17.95,17.28,17.90,309700,17.90
2006-12-19,16.98,17.60,16.84,17.28,185100,17.28
2006-12-18,16.75,17.13,16.75,17.05,266900,17.05
2006-12-15,17.26,17.31,16.60,16.83,194500,16.83
2006-12-14,16.95,17.33,16.33,17.18,337400,17.18
2006-12-13,17.60,17.83,16.97,17.01,220900,17.01
2006-12-12,17.63,18.28,17.46,17.60,445700,17.60
2006-12-11,17.92,18.00,17.24,17.66,523200,17.66
2006-12-08,19.67,19.67,17.51,17.98,1278000,17.98
2006-12-07,18.79,20.10,18.42,19.79,1163500,19.79
2006-12-06,18.50,20.27,18.38,19.94,817000,19.94
2006-12-05,18.02,18.48,17.83,18.13,512400,18.13
2006-12-04,17.79,18.21,17.67,17.96,170900,17.96
2006-12-01,18.05,18.36,16.73,17.90,289700,17.90
2006-11-30,18.21,18.91,17.98,18.11,214300,18.11
2006-11-29,18.10,18.59,18.00,18.31,265300,18.31
2006-11-28,17.85,18.65,17.25,18.12,285600,18.12
2006-11-27,19.82,19.82,17.98,18.03,269300,18.03
2006-11-24,19.05,19.74,18.70,19.69,74100,19.69
2006-11-22,19.44,20.00,19.20,19.27,155800,19.27
2006-11-21,20.80,21.05,19.10,19.60,281400,19.60
2006-11-20,19.14,21.50,18.91,21.00,299600,21.00
2006-11-17,19.20,19.20,18.50,19.14,166100,19.14
2006-11-16,19.33,19.59,19.22,19.42,137300,19.42
2006-11-15,19.00,19.79,19.00,19.49,256900,19.49
2006-11-14,19.45,19.47,18.55,19.05,400100,19.05
2006-11-13,17.88,20.21,17.87,20.00,815000,20.00
2006-11-10,17.54,17.89,17.50,17.87,35600,17.87
2006-11-09,17.47,17.56,16.96,17.55,73600,17.55
2006-11-08,17.25,17.59,16.99,17.51,91800,17.51
2006-11-07,17.10,17.58,17.10,17.37,139800,17.37
2006-11-06,16.27,17.36,16.25,17.00,165100,17.00
2006-11-03,16.62,16.76,16.00,16.15,114300,16.15
2006-11-02,16.18,16.81,15.77,16.48,153500,16.48
2006-11-01,17.04,17.04,15.88,16.37,175500,16.37
2006-10-31,17.90,17.90,16.32,16.95,201800,16.95
2006-10-30,17.77,17.88,17.50,17.62,132400,17.62
2006-10-27,17.68,18.59,17.41,17.88,99300,17.88
2006-10-26,17.79,17.95,17.27,17.56,137900,17.56
2006-10-25,18.08,18.64,17.65,17.76,129600,17.76
2006-10-24,18.15,18.55,17.72,18.01,357500,18.01
2006-10-23,16.84,18.15,16.84,18.05,419800,18.05
2006-10-20,16.70,17.00,16.24,16.74,172700,16.74
2006-10-19,16.04,16.81,16.02,16.75,85500,16.75
2006-10-18,15.89,16.10,15.77,16.02,44600,16.02
2006-10-17,15.80,15.97,15.56,15.85,39100,15.85
2006-10-16,15.68,15.97,15.59,15.70,51900,15.70
2006-10-13,15.59,16.27,15.44,15.75,73800,15.75
2006-10-12,14.79,15.56,14.58,15.46,57300,15.46
2006-10-11,15.00,15.02,14.53,14.64,57200,14.64
2006-10-10,14.89,15.09,14.77,15.00,51900,15.00
2006-10-09,15.22,15.31,14.89,14.89,32100,14.89
2006-10-06,14.92,15.25,14.69,15.17,42400,15.17
2006-10-05,14.58,15.09,14.58,14.90,71500,14.90
2006-10-04,14.06,14.84,13.69,14.52,193200,14.52
2006-10-03,14.79,14.79,13.35,13.82,204500,13.82
2006-10-02,15.55,15.57,14.67,14.75,78100,14.75
2006-09-29,15.93,16.45,15.56,15.59,66800,15.59
2006-09-28,15.56,16.00,15.22,16.00,46100,16.00
2006-09-27,16.05,16.05,15.26,15.47,78400,15.47
2006-09-26,16.74,16.80,15.92,16.04,115400,16.04
2006-09-25,16.07,17.11,15.86,16.69,157500,16.69
2006-09-22,15.92,16.19,15.81,16.00,65400,16.00
2006-09-21,16.32,16.35,15.82,16.03,73400,16.03
2006-09-20,15.77,16.73,15.61,16.32,145700,16.32
2006-09-19,15.08,15.74,14.71,15.65,92300,15.65
2006-09-18,16.16,16.16,15.10,15.14,114100,15.14
2006-09-15,15.76,16.02,15.54,15.95,126500,15.95
2006-09-14,15.33,16.15,14.84,15.60,141700,15.60
2006-09-13,13.84,15.39,13.30,15.32,189200,15.32
2006-09-12,12.76,13.83,12.71,13.77,111800,13.77
2006-09-11,12.42,12.96,12.42,12.71,23700,12.71
2006-09-08,12.30,12.58,12.02,12.44,134100,12.44
2006-09-07,12.27,12.64,12.20,12.20,70900,12.20
2006-09-06,12.50,12.55,12.26,12.40,138200,12.40
2006-09-05,11.10,12.40,11.10,11.97,85400,11.97
2006-09-01,11.81,11.94,11.43,11.56,27700,11.56
2006-08-31,11.60,12.66,11.60,11.80,130000,11.80
2006-08-30,11.23,11.54,10.98,11.43,171100,11.43
2006-08-29,11.06,11.27,10.86,11.16,161600,11.16
2006-08-28,10.93,11.37,10.93,11.03,98000,11.03
2006-08-25,10.90,11.20,10.79,10.86,51200,10.86
2006-08-24,10.70,10.95,10.70,10.92,31800,10.92
2006-08-23,10.31,10.78,10.31,10.73,58700,10.73
2006-08-22,9.52,10.51,9.52,10.34,59000,10.34
2006-08-21,10.01,10.10,9.76,9.76,162400,9.76
2006-08-18,10.09,10.49,9.96,10.08,48000,10.08
2006-08-17,10.07,10.66,9.96,10.01,99700,10.01
2006-08-16,9.76,10.18,9.75,10.00,155100,10.00
2006-08-15,9.30,9.81,9.25,9.72,109200,9.72
2006-08-14,9.08,9.24,8.82,9.22,55400,9.22
2006-08-11,9.21,9.21,8.66,9.04,210300,9.04
2006-08-10,9.59,9.59,9.21,9.25,170500,9.25
2006-08-09,9.89,9.89,9.44,9.64,77700,9.64
2006-08-08,9.78,10.00,9.66,9.84,225400,9.84
2006-08-07,10.16,10.25,9.41,9.77,353100,9.77
2006-08-04,12.00,12.00,9.75,10.17,886600,10.17
2006-08-03,12.30,12.78,12.00,12.10,202000,12.10
2006-08-02,12.87,12.87,12.11,12.40,218700,12.40
2006-08-01,12.67,12.86,12.50,12.76,34900,12.76
2006-07-31,12.68,12.89,12.50,12.72,53800,12.72
2006-07-28,12.67,12.83,12.52,12.74,50600,12.74
2006-07-27,12.80,13.00,12.53,12.61,86400,12.61
2006-07-26,12.89,13.02,12.41,12.91,52200,12.91
2006-07-25,12.65,13.05,12.25,12.89,254600,12.89
2006-07-24,13.60,13.94,12.43,12.68,429400,12.68
2006-07-21,13.95,14.05,13.46,13.56,26300,13.56
2006-07-20,14.55,14.62,13.82,14.03,28500,14.03
2006-07-19,14.15,14.98,14.15,14.52,31500,14.52
2006-07-18,14.31,14.45,12.98,14.20,195400,14.20
2006-07-17,14.30,14.52,13.87,14.20,36700,14.20
2006-07-14,14.45,14.48,13.58,14.34,79300,14.34
2006-07-13,14.65,14.95,14.34,14.48,142900,14.48
2006-07-12,15.25,15.32,14.48,14.85,124700,14.85
2006-07-11,15.58,15.83,14.41,15.24,156200,15.24
2006-07-10,15.74,16.21,15.61,15.69,59600,15.69
2006-07-07,15.80,15.94,15.50,15.65,36600,15.65
2006-07-06,15.81,16.19,15.81,15.87,110000,15.87
2006-07-05,16.50,16.60,15.12,15.73,161700,15.73
2006-07-03,15.62,16.25,15.56,16.21,86500,16.21
2006-06-30,15.31,15.90,15.26,15.57,337200,15.57
2006-06-29,14.59,15.83,14.58,15.44,240900,15.44
2006-06-28,14.32,14.63,13.73,14.55,77600,14.55
2006-06-27,14.01,14.96,14.01,14.21,177600,14.21
2006-06-26,13.97,14.37,13.53,14.04,172000,14.04
2006-06-23,13.99,14.33,13.73,13.80,137000,13.80
2006-06-22,14.14,14.17,13.85,14.08,74600,14.08
2006-06-21,13.71,14.93,13.60,14.23,389400,14.23
2006-06-20,13.96,14.44,13.43,13.71,603200,13.71
2006-06-19,14.82,15.05,13.72,14.06,588700,14.06
2006-06-16,15.40,15.40,14.71,14.82,420600,14.82
2006-06-15,15.08,15.79,14.84,15.46,626900,15.46
2006-06-14,14.90,15.44,14.70,14.93,272000,14.93
2006-06-13,16.08,16.15,14.35,14.94,743600,14.94
2006-06-12,17.05,17.50,16.07,16.30,560200,16.30
2006-06-09,17.15,17.83,16.50,16.85,1053500,16.85
2006-06-08,16.99,17.33,15.40,17.03,981300,17.03
2006-06-07,16.46,17.43,16.46,16.99,458500,16.99
2006-06-06,17.90,17.90,16.30,16.53,1089300,16.53
2006-06-05,16.87,18.14,16.25,18.00,1006800,18.00
2006-06-02,17.53,19.00,16.80,17.00,1214500,17.00
2006-06-01,19.49,19.49,18.30,18.63,556100,18.63
2006-05-31,19.05,19.95,18.61,19.25,1037100,19.25
2006-05-30,18.00,19.01,17.62,18.85,1302500,18.85
2006-05-26,15.45,17.85,15.45,17.74,966500,17.74
2006-05-25,15.22,15.50,14.86,15.45,174200,15.45
2006-05-24,15.28,15.36,14.60,15.11,810700,15.11
2006-05-23,14.87,15.20,14.75,15.13,534000,15.13
2006-05-22,14.77,15.32,14.58,14.76,207600,14.76
2006-05-19,14.73,15.00,14.60,14.84,89200,14.84
2006-05-18,15.66,15.66,14.84,14.88,117500,14.88
2006-05-17,15.30,15.62,14.80,15.51,76800,15.51
2006-05-16,14.20,15.64,14.20,15.50,258600,15.50
2006-05-15,14.10,14.66,13.84,14.10,55200,14.10
2006-05-12,13.80,14.42,13.80,14.06,170600,14.06
2006-05-11,15.40,15.40,13.76,13.96,202000,13.96
2006-05-10,15.97,16.25,15.07,15.26,112300,15.26
2006-05-09,16.28,16.50,15.83,15.97,131700,15.97
2006-05-08,16.50,16.74,16.17,16.28,260100,16.28
2006-05-05,15.14,16.49,14.90,16.43,486500,16.43
2006-05-04,14.03,14.77,13.83,14.45,178000,14.45
2006-05-03,14.00,14.12,13.78,13.91,82800,13.91
2006-05-02,13.83,14.20,13.60,14.00,101200,14.00
2006-05-01,13.43,13.84,13.40,13.70,129700,13.70
2006-04-28,13.62,13.90,13.25,13.49,61400,13.49
2006-04-27,13.86,14.08,13.43,13.75,44800,13.75
2006-04-26,14.00,14.11,13.73,13.84,239700,13.84
2006-04-25,13.90,14.11,13.47,14.00,86600,14.00
2006-04-24,13.80,14.17,13.41,13.68,75700,13.68
2006-04-21,14.06,14.13,13.46,13.73,52100,13.73
2006-04-20,13.57,14.19,13.57,13.79,144000,13.79
2006-04-19,13.35,13.58,13.06,13.55,51700,13.55
2006-04-18,12.95,13.40,12.95,13.37,33800,13.37
2006-04-17,12.91,13.58,12.59,13.00,136800,13.00
2006-04-13,12.50,12.84,12.24,12.75,72600,12.75
2006-04-12,12.76,12.76,12.50,12.50,29100,12.50
2006-04-11,12.77,12.90,12.54,12.67,76600,12.67
2006-04-10,12.74,12.81,12.50,12.64,20100,12.64
2006-04-07,12.90,12.90,12.50,12.61,62800,12.61
2006-04-06,12.74,12.99,12.55,12.70,51400,12.70
2006-04-05,12.85,12.85,12.25,12.67,75900,12.67
2006-04-04,12.57,13.01,12.55,12.74,133200,12.74
2006-04-03,12.50,12.76,12.24,12.45,108800,12.45
2006-03-31,12.63,13.05,12.25,12.25,459100,12.25
2006-03-30,13.05,13.05,12.50,12.89,43900,12.89
2006-03-29,13.00,13.27,12.97,13.15,98600,13.15
2006-03-28,13.23,13.23,12.88,13.00,39600,13.00
2006-03-27,13.45,13.70,12.60,13.30,39500,13.30
2006-03-24,13.30,13.50,12.99,13.41,52800,13.41
2006-03-23,13.35,13.48,12.67,13.30,37700,13.30
2006-03-22,12.27,13.63,12.25,13.35,176400,13.35
2006-03-21,12.03,12.47,11.90,12.36,82300,12.36
2006-03-20,11.50,12.20,11.50,11.91,54500,11.91
2006-03-17,11.96,11.96,11.65,11.68,38100,11.68
2006-03-16,11.68,12.43,11.68,12.00,236200,12.00
2006-03-15,11.52,11.80,11.51,11.65,112900,11.65
2006-03-14,11.98,12.00,11.50,11.75,51900,11.75
2006-03-13,12.00,12.00,11.59,11.94,47800,11.94
2006-03-10,12.11,12.19,11.91,12.00,67600,12.00
2006-03-09,11.89,12.38,11.80,11.99,63700,11.99
2006-03-08,12.00,12.25,11.61,11.94,130200,11.94
2006-03-07,12.25,12.25,11.64,12.02,42800,12.02
2006-03-06,12.04,12.50,12.00,12.21,71700,12.21
2006-03-03,11.41,12.22,11.10,12.01,125900,12.01
2006-03-02,11.72,11.90,11.25,11.55,150800,11.55
2006-03-01,12.00,12.00,11.68,11.75,136500,11.75
2006-02-28,11.75,12.10,11.50,11.80,341500,11.80
2006-02-27,12.44,12.44,11.70,11.85,271000,11.85
