Date,Open,High,Low,Close,Volume,Adj Close
2012-05-04,20.62,20.62,20.38,20.43,87600,20.43
2012-05-03,20.68,20.74,20.27,20.58,233000,20.58
2012-05-02,20.67,20.77,20.65,20.71,158000,20.71
2012-05-01,20.63,20.77,20.60,20.75,514500,20.75
2012-04-30,20.66,20.71,20.59,20.67,146000,20.67
2012-04-27,20.69,20.73,20.59,20.73,211000,20.73
2012-04-26,20.55,20.68,20.52,20.66,109800,20.66
2012-04-25,20.50,20.61,20.50,20.58,99100,20.58
2012-04-24,20.35,20.43,20.29,20.40,38700,20.40
2012-04-23,20.34,20.36,20.23,20.36,62000,20.36
2012-04-20,20.45,20.62,20.40,20.50,51300,20.50
2012-04-19,20.49,20.59,20.30,20.37,110000,20.37
2012-04-18,20.46,20.65,20.41,20.43,189200,20.43
2012-04-17,20.36,20.62,20.33,20.55,101300,20.55
2012-04-16,20.35,20.41,20.18,20.25,100000,20.25
2012-04-13,20.43,20.65,20.25,20.25,76000,20.25
2012-04-12,20.25,20.50,20.25,20.45,60100,20.45
2012-04-11,20.28,20.35,20.18,20.25,117100,20.25
2012-04-10,20.32,20.65,20.01,20.12,117500,20.12
2012-04-09,20.49,20.79,20.20,20.38,83800,20.38
2012-04-05,20.49,20.57,20.40,20.52,89400,20.52
2012-04-04,20.55,20.56,20.44,20.55,121600,20.55
2012-04-03,20.61,20.71,20.55,20.63,188800,20.63
2012-04-02,20.54,20.64,20.50,20.61,117100,20.61
2012-03-30,20.55,20.59,20.40,20.54,108300,20.54
2012-03-29,20.40,20.59,20.36,20.51,74700,20.51
2012-03-28,20.68,20.68,20.40,20.52,35300,20.52
2012-03-27,20.58,20.70,20.51,20.56,105700,20.56
2012-03-26,20.45,20.59,20.45,20.57,76400,20.57
2012-03-23,20.48,20.48,20.33,20.47,81500,20.47
2012-03-22,20.41,20.41,20.25,20.38,376100,20.38
2012-03-21,20.48,20.53,20.40,20.49,162300,20.49
2012-03-20,20.42,20.60,20.35,20.49,223500,20.49
2012-03-19,20.47,20.59,20.40,20.50,151900,20.50
2012-03-16,20.45,20.62,20.40,20.53,151800,20.53
2012-03-15,20.59,20.65,20.54,20.57,37500,20.47
2012-03-14,20.58,20.60,20.52,20.57,47500,20.47
2012-03-13,20.56,20.82,20.30,20.58,149500,20.48
2012-03-12,20.45,20.54,20.43,20.52,30100,20.42
2012-03-09,20.50,20.59,20.46,20.50,28000,20.40
2012-03-08,20.38,20.46,20.35,20.43,28000,20.33
2012-03-07,20.50,20.50,20.21,20.23,127100,20.13
2012-03-06,20.32,20.33,20.12,20.23,63500,20.13
2012-03-05,20.34,20.50,20.30,20.50,147100,20.40
2012-03-02,20.43,20.49,20.32,20.40,110800,20.30
2012-03-01,20.38,20.49,20.32,20.39,221000,20.29
2012-02-29,20.37,20.39,20.27,20.35,141000,20.25
2012-02-28,20.35,20.39,20.27,20.36,107200,20.26
2012-02-27,20.26,20.41,20.24,20.36,95800,20.26
2012-02-24,20.30,20.36,20.27,20.34,36300,20.24
2012-02-23,20.23,20.55,20.21,20.31,54700,20.21
2012-02-22,20.20,20.34,20.20,20.25,52700,20.15
2012-02-21,20.30,20.33,20.21,20.32,52100,20.22
2012-02-17,20.28,20.45,20.20,20.27,51600,20.17
2012-02-16,20.27,20.31,20.23,20.28,56000,20.18
2012-02-15,20.24,20.31,20.20,20.26,30100,20.16
2012-02-14,20.29,20.40,20.19,20.27,175800,20.17
2012-02-13,20.26,20.54,20.19,20.26,57000,20.16
2012-02-10,20.15,20.30,20.13,20.13,115800,20.03
2012-02-09,20.25,20.28,20.16,20.26,46900,20.16
2012-02-08,20.24,20.30,20.20,20.25,39700,20.15
2012-02-07,20.24,20.25,20.14,20.16,75900,20.06
2012-02-06,20.21,20.24,20.10,20.24,199100,20.14
2012-02-03,20.15,20.24,20.09,20.21,212900,20.11
2012-02-02,20.12,20.14,20.04,20.12,47100,20.02
2012-02-01,20.10,20.13,20.02,20.08,82200,19.98
2012-01-31,20.14,20.14,19.90,20.00,50600,19.90
2012-01-30,19.96,20.02,19.85,20.00,108900,19.90
2012-01-27,19.95,20.08,19.95,20.03,37600,19.93
2012-01-26,20.05,20.10,19.97,20.01,55100,19.91
2012-01-25,19.95,20.15,19.89,20.13,128900,20.03
2012-01-24,19.88,19.97,19.88,19.95,130300,19.85
2012-01-23,19.97,20.01,19.90,19.97,68400,19.87
2012-01-20,19.98,19.99,19.87,19.89,34400,19.79
2012-01-19,19.99,20.04,19.89,19.94,141700,19.84
2012-01-18,19.97,20.00,19.92,19.96,77600,19.86
2012-01-17,19.93,19.95,19.87,19.91,30100,19.81
2012-01-13,19.92,19.96,19.85,19.85,125500,19.75
2012-01-12,20.07,20.07,19.85,19.94,77700,19.84
2012-01-11,19.99,20.03,19.85,19.90,167200,19.80
2012-01-10,19.96,20.00,19.89,19.94,296700,19.84
2012-01-09,19.93,20.09,19.89,19.93,146300,19.83
2012-01-06,19.92,20.29,19.81,19.89,376500,19.79
2012-01-05,20.11,20.27,19.76,19.91,196500,19.81
2012-01-04,19.96,19.96,19.80,19.86,46700,19.76
2012-01-03,19.84,20.09,19.37,19.93,253600,19.83
2011-12-30,19.76,19.76,19.39,19.62,42100,19.53
2011-12-29,19.73,19.76,19.59,19.63,201400,19.54
2011-12-28,19.74,19.77,19.59,19.70,33000,19.61
2011-12-27,19.72,19.81,19.64,19.70,29200,19.61
2011-12-23,19.75,19.82,19.70,19.78,32200,19.68
2011-12-22,19.70,19.73,19.65,19.68,11000,19.59
2011-12-21,19.41,19.74,19.41,19.59,84500,19.50
2011-12-20,19.44,19.60,19.44,19.52,45600,19.43
2011-12-19,19.27,19.48,19.21,19.25,27300,19.16
2011-12-16,19.01,19.66,17.55,19.19,66600,19.10
2011-12-15,21.08,21.16,21.07,21.09,17300,19.16
2011-12-14,20.97,21.10,20.93,21.00,8600,19.08
2011-12-13,21.26,21.26,21.08,21.08,14300,19.15
2011-12-12,21.18,21.20,21.02,21.09,15500,19.16
2011-12-09,21.16,21.22,21.09,21.20,26800,19.26
2011-12-08,21.01,21.10,20.94,21.02,111600,19.10
2011-12-07,21.12,21.15,20.98,21.09,20600,19.16
2011-12-06,21.17,21.17,21.02,21.12,49100,19.19
2011-12-05,21.27,21.27,21.03,21.13,40900,19.20
2011-12-02,21.00,21.09,20.98,20.98,38400,19.06
2011-12-01,20.81,20.98,20.36,20.94,15900,19.03
2011-11-30,20.73,20.98,20.73,20.95,110700,19.03
2011-11-29,20.31,20.66,20.25,20.53,12700,18.65
2011-11-28,20.39,20.49,20.21,20.21,39000,18.36
2011-11-25,20.02,20.17,19.97,19.97,7200,18.14
2011-11-23,20.14,20.62,19.97,20.06,94300,18.23
2011-11-22,20.23,20.43,20.23,20.28,39000,18.43
2011-11-21,20.43,20.50,20.18,20.32,46000,18.46
2011-11-18,20.39,20.67,20.37,20.48,12000,18.61
2011-11-17,20.66,20.77,20.42,20.47,17200,18.60
2011-11-16,20.73,20.90,20.73,20.73,10800,18.83
2011-11-15,20.80,20.87,20.68,20.82,7300,18.92
2011-11-14,20.56,21.06,20.43,20.66,15200,18.77
2011-11-11,20.78,20.82,20.70,20.76,21000,18.86
2011-11-10,20.04,21.08,20.04,20.55,36900,18.67
2011-11-09,20.52,20.75,20.31,20.41,17500,18.54
2011-11-08,20.71,20.84,20.53,20.72,33900,18.83
2011-11-07,20.61,20.69,20.48,20.67,22500,18.78
2011-11-04,20.53,20.63,20.49,20.57,8700,18.69
2011-11-03,20.47,20.63,20.42,20.58,10900,18.70
2011-11-02,20.44,20.79,20.22,20.38,54400,18.52
2011-11-01,20.27,20.30,20.10,20.19,17700,18.34
2011-10-31,20.70,20.70,20.52,20.52,128000,18.64
2011-10-28,20.64,20.78,20.64,20.72,12800,18.83
2011-10-27,20.65,20.87,20.47,20.67,40600,18.78
2011-10-26,20.42,20.45,20.25,20.39,8100,18.53
2011-10-25,20.44,20.44,20.32,20.32,16500,18.46
2011-10-24,20.40,20.53,20.40,20.45,19000,18.58
2011-10-21,20.25,20.49,20.12,20.27,27700,18.42
2011-10-20,20.11,20.14,19.92,20.08,17300,18.24
2011-10-19,19.92,20.13,19.92,20.00,22200,18.17
2011-10-18,19.91,20.15,19.78,20.06,26100,18.23
2011-10-17,19.99,20.00,19.84,19.89,40000,18.07
2011-10-14,20.01,20.04,19.93,20.00,10500,18.17
2011-10-13,19.77,19.83,19.67,19.80,7600,17.99
2011-10-12,19.87,19.96,19.80,19.81,17500,18.00
2011-10-11,19.62,19.77,19.58,19.68,12100,17.88
2011-10-10,19.46,19.66,19.45,19.65,20400,17.85
2011-10-07,19.23,19.24,19.08,19.19,9600,17.44
2011-10-06,18.91,19.27,18.90,19.27,27000,17.51
2011-10-05,18.64,18.99,18.64,18.97,12900,17.24
2011-10-04,18.12,18.68,17.75,18.68,57900,16.97
2011-10-03,18.71,18.83,18.29,18.41,13000,16.73
2011-09-30,18.75,19.02,18.74,18.74,11000,17.03
2011-09-29,19.20,19.20,18.82,19.06,7600,17.32
2011-09-28,19.44,19.44,18.94,18.94,26900,17.21
2011-09-27,19.30,19.75,19.18,19.18,46800,17.43
2011-09-26,18.68,19.10,18.65,19.10,324100,17.35
2011-09-23,18.55,18.76,18.44,18.64,12000,16.94
2011-09-22,18.73,18.78,18.24,18.61,28200,16.91
2011-09-21,19.42,19.51,19.13,19.13,27900,17.38
2011-09-20,19.44,19.59,19.41,19.45,16100,17.67
2011-09-19,19.11,19.49,19.11,19.44,11500,17.66
2011-09-16,19.16,19.56,19.16,19.50,12000,17.72
2011-09-15,19.58,19.66,19.53,19.53,38800,17.68
2011-09-14,19.58,19.67,19.46,19.60,17100,17.74
2011-09-13,19.14,19.58,19.13,19.56,23100,17.71
2011-09-12,19.21,19.44,19.11,19.44,35800,17.60
2011-09-09,19.45,19.45,19.16,19.21,26900,17.39
2011-09-08,19.21,19.55,19.21,19.53,16800,17.68
2011-09-07,19.40,19.56,19.35,19.49,36300,17.64
2011-09-06,19.06,19.30,19.04,19.25,10200,17.43
2011-09-02,19.12,19.41,19.12,19.30,13100,17.47
2011-09-01,19.53,19.55,19.40,19.47,17300,17.63
2011-08-31,19.46,19.59,19.36,19.51,18100,17.66
2011-08-30,19.32,19.50,19.27,19.44,19700,17.60
2011-08-29,19.48,19.48,19.34,19.37,14400,17.53
2011-08-26,18.80,19.26,18.78,19.20,34200,17.38
2011-08-25,19.08,19.24,18.98,19.02,27000,17.22
2011-08-24,19.00,19.18,19.00,19.18,12400,17.36
2011-08-23,18.82,19.07,18.74,19.01,10800,17.21
2011-08-22,18.99,18.99,18.59,18.66,4500,16.89
2011-08-19,18.52,18.88,18.41,18.59,49800,16.83
2011-08-18,18.27,19.10,18.27,18.77,28900,16.99
2011-08-17,19.88,19.95,19.55,19.64,9700,17.78
2011-08-16,19.88,19.88,19.56,19.63,8000,17.77
2011-08-15,19.68,19.84,19.48,19.82,30500,17.94
2011-08-12,19.52,19.58,19.31,19.35,9200,17.52
2011-08-11,18.56,19.48,18.56,19.28,57600,17.45
2011-08-10,18.94,19.05,18.45,18.45,18800,16.70
2011-08-09,18.70,19.27,18.02,19.27,37900,17.44
2011-08-08,19.33,19.37,18.41,18.41,56900,16.67
2011-08-05,20.06,20.06,18.81,19.75,127500,17.88
2011-08-04,20.50,20.50,19.71,19.76,72500,17.89
2011-08-03,20.60,20.76,20.45,20.75,26900,18.78
2011-08-02,20.91,20.95,20.61,20.70,23600,18.74
2011-08-01,21.20,21.30,20.78,20.93,17200,18.95
2011-07-29,20.88,21.07,20.82,20.95,13100,18.96
2011-07-28,21.06,21.20,21.01,21.02,14400,19.03
2011-07-27,21.29,21.29,21.07,21.14,108600,19.14
2011-07-26,21.28,21.40,21.28,21.28,7400,19.26
2011-07-25,21.24,21.44,21.24,21.33,20500,19.31
2011-07-22,21.36,21.45,21.34,21.45,15900,19.42
2011-07-21,21.36,21.45,21.34,21.43,11300,19.40
2011-07-20,21.18,21.41,21.16,21.24,35500,19.23
2011-07-19,21.12,21.28,21.12,21.24,8800,19.23
2011-07-18,21.19,21.19,21.02,21.09,5700,19.09
2011-07-15,21.11,21.35,20.98,21.15,29200,19.15
2011-07-14,21.18,21.23,21.14,21.14,7200,19.14
2011-07-13,21.16,21.26,21.10,21.21,81600,19.20
2011-07-12,21.09,21.21,21.09,21.16,26500,19.16
2011-07-11,21.02,21.15,21.02,21.12,22700,19.12
2011-07-08,21.12,21.20,21.12,21.14,8600,19.14
2011-07-07,21.24,21.24,21.13,21.18,58900,19.17
2011-07-06,21.15,21.19,21.12,21.14,7700,19.14
2011-07-05,21.25,21.25,21.12,21.14,11200,19.14
2011-07-01,20.69,21.22,20.69,21.18,17800,19.17
2011-06-30,21.17,21.18,21.09,21.11,18900,19.11
2011-06-29,21.00,21.27,20.99,21.11,9100,19.11
2011-06-28,20.97,21.00,20.91,20.95,20300,18.96
2011-06-27,20.92,20.94,20.74,20.82,16600,18.85
2011-06-24,20.84,20.86,20.69,20.78,16100,18.81
2011-06-23,20.75,20.92,20.68,20.92,11200,18.94
2011-06-22,20.98,20.99,20.90,20.90,15300,18.92
2011-06-21,20.90,21.02,20.87,20.90,12000,18.92
2011-06-20,20.74,20.88,20.69,20.85,55300,18.87
2011-06-17,20.93,20.93,20.58,20.72,40000,18.76
2011-06-16,20.56,20.89,20.50,20.75,112100,18.70
2011-06-15,20.91,20.91,20.58,20.60,65400,18.57
2011-06-14,20.49,21.11,20.49,20.97,93100,18.90
2011-06-13,20.67,20.82,20.67,20.71,14200,18.67
2011-06-10,20.81,20.85,20.67,20.70,261800,18.66
2011-06-09,21.01,21.13,20.90,21.06,6400,18.98
2011-06-08,20.95,21.00,20.85,20.87,11100,18.81
2011-06-07,20.99,21.12,20.84,20.99,18500,18.92
2011-06-06,21.07,21.13,20.96,20.96,17700,18.89
2011-06-03,21.19,21.30,21.07,21.14,53700,19.05
2011-06-02,21.34,21.36,21.25,21.33,11200,19.22
2011-06-01,21.36,21.57,21.30,21.30,33300,19.20
2011-05-31,21.54,21.64,21.52,21.59,22300,19.46
2011-05-27,21.50,21.55,21.45,21.48,28600,19.36
2011-05-26,21.30,21.48,21.27,21.46,22300,19.34
2011-05-25,21.38,21.43,21.31,21.43,15400,19.31
2011-05-24,21.24,21.42,21.24,21.31,26300,19.21
2011-05-23,21.32,21.37,21.21,21.25,9400,19.15
2011-05-20,21.57,21.60,21.42,21.47,7200,19.35
2011-05-19,21.60,21.60,21.54,21.54,21100,19.41
2011-05-18,21.56,21.60,21.51,21.53,23400,19.40
2011-05-17,21.43,21.50,21.40,21.47,25900,19.35
2011-05-16,21.40,21.54,21.40,21.48,42200,19.36
2011-05-13,21.44,21.54,21.43,21.47,8300,19.35
2011-05-12,21.42,21.52,21.40,21.48,43000,19.36
2011-05-11,21.62,21.62,21.45,21.49,19400,19.37
2011-05-10,21.56,21.56,21.46,21.52,12200,19.40
2011-05-09,21.37,21.51,21.37,21.47,23000,19.35
2011-05-06,21.47,21.51,21.36,21.38,25700,19.27
2011-05-05,21.49,21.49,21.34,21.36,16800,19.25
2011-05-04,21.45,21.50,21.41,21.46,8000,19.34
2011-05-03,21.45,21.51,21.41,21.47,38000,19.35
2011-05-02,21.46,21.55,21.46,21.49,20000,19.37
2011-04-29,21.46,21.53,21.46,21.46,5400,19.34
2011-04-28,21.39,21.50,21.39,21.47,22600,19.35
2011-04-27,21.40,21.47,21.37,21.47,16700,19.35
2011-04-26,21.33,21.44,21.33,21.44,11600,19.32
2011-04-25,21.30,21.39,21.30,21.39,178300,19.28
2011-04-21,21.33,21.39,21.33,21.33,19500,19.22
2011-04-20,21.40,21.40,21.29,21.37,24700,19.26
2011-04-19,21.21,21.22,21.09,21.16,23500,19.07
2011-04-18,21.16,21.16,20.94,21.06,19700,18.98
2011-04-15,21.08,21.27,21.08,21.17,21600,19.08
2011-04-14,21.17,21.21,21.15,21.16,10700,19.07
2011-04-13,21.24,21.24,21.14,21.17,20900,19.08
2011-04-12,21.13,21.21,21.13,21.20,9700,19.11
2011-04-11,21.21,21.22,21.15,21.21,65300,19.12
2011-04-08,21.14,21.18,21.11,21.13,24800,19.04
2011-04-07,21.17,21.20,21.12,21.17,20600,19.08
2011-04-06,21.17,21.21,21.13,21.15,36400,19.06
2011-04-05,21.11,21.19,21.10,21.18,16900,19.09
2011-04-04,21.14,21.18,21.10,21.17,15600,19.08
2011-04-01,21.13,21.25,21.02,21.12,22500,19.03
2011-03-31,21.03,21.13,21.03,21.13,20900,19.04
2011-03-30,21.07,21.12,21.04,21.11,55600,19.03
2011-03-29,20.93,21.04,20.93,21.01,11800,18.94
2011-03-28,21.03,21.05,20.97,20.97,26200,18.90
2011-03-25,21.02,21.06,20.97,20.97,18200,18.90
2011-03-24,20.88,20.99,20.83,20.94,17900,18.87
2011-03-23,20.80,20.93,20.72,20.87,35100,18.81
2011-03-22,20.68,20.87,20.68,20.81,18500,18.76
2011-03-21,20.72,20.89,20.71,20.76,13900,18.71
2011-03-18,20.74,20.76,20.55,20.58,17600,18.55
2011-03-17,20.55,20.60,20.41,20.53,455700,18.48
2011-03-16,20.66,20.67,20.17,20.28,17000,18.25
2011-03-15,20.48,20.76,20.30,20.67,30200,18.60
2011-03-14,20.95,20.98,20.74,20.91,26400,18.82
2011-03-11,20.86,21.12,20.84,21.04,24300,18.94
2011-03-10,21.10,21.10,20.87,20.87,17500,18.78
2011-03-09,21.26,21.30,21.13,21.23,32500,19.11
2011-03-08,21.09,21.32,21.04,21.28,20000,19.15
2011-03-07,21.23,21.31,21.02,21.12,22200,19.01
2011-03-04,21.35,21.35,21.08,21.19,39600,19.07
2011-03-03,21.15,21.34,20.88,21.33,23700,19.20
2011-03-02,20.93,21.11,20.93,21.01,28000,18.91
2011-03-01,21.27,21.36,20.99,21.01,49600,18.91
2011-02-28,21.27,21.31,21.18,21.24,30800,19.12
2011-02-25,21.08,21.17,21.08,21.14,20600,19.03
2011-02-24,20.89,21.03,20.82,20.99,86500,18.89
2011-02-23,21.03,21.08,20.83,20.95,51200,18.86
2011-02-22,21.20,21.26,21.00,21.02,57300,18.92
2011-02-18,21.32,21.43,21.31,21.36,48000,19.23
2011-02-17,21.36,21.40,21.33,21.35,36400,19.22
2011-02-16,21.31,21.37,21.31,21.33,28100,19.20
2011-02-15,21.38,21.38,21.33,21.34,14400,19.21
2011-02-14,21.31,21.39,21.31,21.34,32400,19.21
2011-02-11,21.35,21.38,21.33,21.33,18600,19.20
2011-02-10,21.25,21.35,21.25,21.34,43600,19.21
2011-02-09,21.30,21.36,21.29,21.29,35100,19.16
2011-02-08,21.29,21.35,21.28,21.32,21800,19.19
2011-02-07,21.32,21.34,21.28,21.29,62100,19.16
2011-02-04,21.22,21.32,21.22,21.32,12100,19.19
2011-02-03,21.16,21.30,21.15,21.28,20500,19.15
2011-02-02,21.15,21.26,21.15,21.18,24500,19.06
2011-02-01,21.14,21.23,21.14,21.19,55500,19.07
2011-01-31,21.04,21.17,20.86,21.02,23600,18.92
2011-01-28,21.24,21.24,20.92,20.92,33300,18.83
2011-01-27,21.19,21.20,21.10,21.13,23000,19.02
2011-01-26,21.06,21.17,21.06,21.10,52900,18.99
2011-01-25,20.99,21.07,20.96,21.05,308800,18.95
2011-01-24,21.01,21.08,21.00,21.03,97500,18.93
2011-01-21,21.01,21.11,20.92,20.97,43500,18.87
2011-01-20,21.04,21.10,21.03,21.05,32000,18.95
2011-01-19,21.08,21.12,21.04,21.11,24200,19.00
2011-01-18,20.99,21.09,20.99,21.04,44000,18.94
2011-01-14,21.01,21.05,21.01,21.03,48400,18.93
2011-01-13,21.01,21.08,21.01,21.02,17100,18.92
2011-01-12,20.99,21.06,20.99,21.02,21400,18.92
2011-01-11,20.95,21.04,20.95,21.00,22000,18.90
2011-01-10,20.90,20.99,20.90,20.95,21200,18.86
2011-01-07,20.93,20.99,20.92,20.97,43500,18.87
2011-01-06,20.92,20.99,20.92,20.95,51100,18.86
2011-01-05,20.88,21.01,20.88,21.00,67000,18.90
2011-01-04,21.03,21.03,20.92,20.94,49500,18.85
2011-01-03,20.89,21.00,20.88,20.96,98900,18.87
2010-12-31,20.89,20.90,20.77,20.89,29000,18.80
2010-12-30,20.90,20.90,20.80,20.88,34900,18.79
2010-12-29,20.78,20.90,20.78,20.83,21100,18.75
2010-12-28,21.07,21.07,20.80,20.90,190900,18.81
2010-12-27,22.09,22.19,22.09,22.16,42200,18.72
2010-12-23,22.12,22.19,22.12,22.19,33500,18.75
2010-12-22,22.09,22.19,22.09,22.16,34900,18.72
2010-12-21,22.06,22.17,22.06,22.13,75500,18.70
2010-12-20,22.00,22.09,21.92,22.06,279500,18.64
2010-12-17,22.09,22.10,21.92,22.07,15600,18.65
2010-12-16,22.11,22.16,22.11,22.12,19500,18.59
2010-12-15,22.08,22.20,22.08,22.11,22500,18.59
2010-12-14,22.17,22.21,22.12,22.17,37100,18.64
2010-12-13,22.18,22.18,22.11,22.16,24300,18.63
2010-12-10,22.18,22.18,22.11,22.15,16200,18.62
2010-12-09,22.10,22.16,22.10,22.12,30200,18.59
2010-12-08,22.20,22.20,22.01,22.11,811500,18.59
2010-12-07,22.16,22.16,22.08,22.14,17500,18.61
2010-12-06,22.06,22.14,22.05,22.05,378200,18.53
2010-12-03,21.93,22.05,21.93,22.04,126800,18.53
2010-12-02,21.93,22.00,21.88,21.95,122600,18.45
2010-12-01,21.86,21.92,21.76,21.90,73400,18.41
2010-11-30,21.68,21.73,21.51,21.59,16400,18.15
2010-11-29,21.69,21.76,21.54,21.76,10000,18.29
2010-11-26,21.65,21.82,21.65,21.72,41300,18.26
2010-11-24,21.71,21.85,21.50,21.83,147200,18.35
2010-11-23,21.68,21.68,21.55,21.63,55300,18.18
2010-11-22,21.70,21.83,21.70,21.82,82100,18.34
2010-11-19,21.82,21.82,21.56,21.75,95700,18.28
2010-11-18,21.61,21.76,21.61,21.73,56600,18.27
2010-11-17,21.59,21.70,21.59,21.65,22900,18.20
2010-11-16,21.62,21.68,21.53,21.56,65100,18.12
2010-11-15,21.73,21.75,21.68,21.72,29800,18.26
2010-11-12,21.72,21.74,21.63,21.68,19500,18.22
2010-11-11,21.72,21.75,21.69,21.74,11700,18.27
2010-11-10,21.67,21.75,21.67,21.75,18100,18.28
2010-11-09,21.75,21.75,21.68,21.68,14800,18.22
2010-11-08,21.66,21.75,21.66,21.75,13200,18.28
2010-11-05,21.77,21.77,21.65,21.73,32600,18.27
2010-11-04,21.70,21.71,21.64,21.67,22100,18.22
2010-11-03,21.50,21.60,21.44,21.60,23200,18.16
2010-11-02,21.50,21.56,21.49,21.52,27300,18.09
2010-11-01,21.50,21.53,21.34,21.42,34400,18.01
2010-10-29,21.43,21.45,21.37,21.39,11000,17.98
2010-10-28,21.43,21.45,21.35,21.41,32500,18.00
2010-10-27,21.32,21.43,21.30,21.43,28600,18.01
2010-10-26,21.40,21.42,21.34,21.39,19900,17.98
2010-10-25,21.46,21.52,21.40,21.40,35800,17.99
2010-10-22,21.35,21.42,21.35,21.42,22400,18.01
2010-10-21,21.40,21.45,21.28,21.35,28900,17.95
2010-10-20,21.28,21.36,21.23,21.32,32800,17.92
2010-10-19,21.22,21.34,21.14,21.17,68300,17.80
2010-10-18,21.36,21.41,21.28,21.41,16800,18.00
2010-10-15,21.45,21.45,21.16,21.22,26600,17.84
2010-10-14,21.37,21.43,21.37,21.43,21500,18.01
2010-10-13,21.44,21.44,21.38,21.38,33000,17.97
2010-10-12,21.35,21.43,21.35,21.37,35300,17.96
2010-10-11,21.40,21.42,21.37,21.40,17400,17.99
2010-10-08,21.31,21.40,21.31,21.40,31100,17.99
2010-10-07,21.31,21.37,21.30,21.32,25400,17.92
2010-10-06,21.38,21.38,21.30,21.32,42600,17.92
2010-10-05,21.22,21.37,21.22,21.36,76700,17.95
2010-10-04,21.19,21.22,21.11,21.15,31000,17.78
2010-10-01,21.19,21.25,21.14,21.20,27000,17.82
2010-09-30,21.19,21.25,21.08,21.18,165100,17.80
2010-09-29,21.13,21.22,21.13,21.15,25600,17.78
2010-09-28,21.14,21.20,21.03,21.16,32100,17.79
2010-09-27,21.14,21.21,21.12,21.16,29400,17.79
2010-09-24,21.13,21.18,21.11,21.13,15200,17.76
2010-09-23,20.88,21.08,20.88,20.97,53200,17.63
2010-09-22,21.04,21.07,20.98,21.01,11500,17.66
2010-09-21,21.08,21.11,21.01,21.04,91000,17.69
2010-09-20,20.92,21.13,20.92,21.10,54700,17.74
2010-09-17,21.00,21.17,20.89,20.96,271500,17.62
2010-09-16,21.06,21.14,21.06,21.08,21900,17.66
2010-09-15,21.10,21.13,21.08,21.08,13100,17.66
2010-09-14,21.09,21.13,21.06,21.10,34500,17.68
2010-09-13,21.10,21.12,21.05,21.07,24800,17.66
2010-09-10,21.07,21.10,21.03,21.09,33400,17.67
2010-09-09,21.10,21.11,21.02,21.04,36200,17.63
2010-09-08,20.96,21.05,20.96,20.98,9500,17.58
2010-09-07,21.04,21.04,20.94,20.94,15600,17.55
2010-09-03,20.93,21.05,20.93,21.00,60700,17.60
2010-09-02,20.80,20.92,20.80,20.92,211300,17.53
2010-09-01,20.60,20.85,20.60,20.81,39600,17.44
2010-08-31,20.47,20.53,20.32,20.48,39100,17.16
2010-08-30,20.54,20.66,20.44,20.44,13000,17.13
2010-08-27,20.37,20.63,20.37,20.59,16200,17.25
2010-08-26,20.47,20.54,20.37,20.41,27200,17.10
2010-08-25,20.32,20.47,20.28,20.45,34100,17.14
2010-08-24,20.51,20.51,20.33,20.38,40200,17.08
2010-08-23,20.67,20.67,20.59,20.59,52900,17.25
2010-08-20,20.58,20.66,20.48,20.66,26200,17.31
2010-08-19,20.69,20.79,20.58,20.72,35700,17.36
2010-08-18,20.70,20.79,20.70,20.72,48400,17.36
2010-08-17,20.76,20.78,20.65,20.70,40800,17.35
2010-08-16,20.52,20.64,20.42,20.57,14300,17.24
2010-08-13,20.47,20.60,20.47,20.54,62700,17.21
2010-08-12,20.49,20.59,20.48,20.58,22400,17.25
2010-08-11,20.60,20.70,20.54,20.56,53900,17.23
2010-08-10,20.70,20.75,20.64,20.69,165500,17.34
2010-08-09,20.78,20.78,20.69,20.70,114800,17.35
2010-08-06,20.63,20.72,20.63,20.69,22700,17.34
2010-08-05,20.72,20.73,20.67,20.68,340500,17.33
2010-08-04,20.76,20.76,20.68,20.73,59100,17.37
2010-08-03,20.69,20.71,20.62,20.68,70300,17.33
2010-08-02,20.63,20.71,20.56,20.65,31000,17.30
2010-07-30,20.48,20.58,20.39,20.56,43000,17.23
2010-07-29,20.51,20.60,20.45,20.55,32600,17.22
2010-07-28,20.48,20.59,20.48,20.55,74000,17.22
2010-07-27,20.68,20.68,20.52,20.60,63200,17.26
2010-07-26,20.55,20.61,20.45,20.61,35500,17.27
2010-07-23,20.28,20.47,20.28,20.43,18000,17.12
2010-07-22,20.35,20.42,20.30,20.36,35800,17.06
2010-07-21,20.42,20.42,20.07,20.10,55300,16.84
2010-07-20,20.06,20.32,20.00,20.32,32100,17.03
2010-07-19,20.15,20.22,20.00,20.13,47700,16.87
2010-07-16,20.50,20.50,19.98,20.07,99200,16.82
2010-07-15,20.48,20.60,20.27,20.57,185000,17.24
2010-07-14,20.50,20.56,20.38,20.45,54300,17.14
2010-07-13,20.42,20.58,20.41,20.51,79000,17.19
2010-07-12,20.21,20.24,20.06,20.20,56700,16.93
2010-07-09,20.07,20.21,20.00,20.21,46700,16.94
2010-07-08,20.01,20.02,19.81,19.96,49000,16.73
2010-07-07,19.19,19.87,19.19,19.86,52700,16.64
2010-07-06,19.46,19.51,19.09,19.25,64300,16.13
2010-07-02,19.25,19.32,18.99,19.17,31100,16.06
2010-07-01,19.25,19.31,18.89,19.24,156500,16.12
2010-06-30,19.51,19.62,19.22,19.30,34500,16.17
2010-06-29,19.88,20.11,19.34,20.11,222200,16.85
2010-06-28,20.19,20.19,20.00,20.08,55800,16.83
2010-06-25,20.00,20.18,19.92,20.07,61500,16.82
2010-06-24,20.25,20.25,19.94,19.94,41900,16.71
2010-06-23,20.38,20.38,20.15,20.27,62700,16.99
2010-06-22,20.57,20.60,20.31,20.35,78600,17.05
2010-06-21,21.19,21.22,20.50,20.55,390400,17.22
2010-06-18,20.63,20.67,20.52,20.60,29300,17.26
2010-06-17,20.60,20.64,20.27,20.58,188800,17.19
2010-06-16,20.52,20.64,20.52,20.63,26400,17.24
2010-06-15,20.55,20.63,20.55,20.63,46000,17.24
2010-06-14,20.57,20.58,20.48,20.49,15700,17.12
2010-06-11,20.34,20.45,20.32,20.45,21100,17.09
2010-06-10,20.20,20.35,20.20,20.35,12600,17.00
2010-06-09,20.12,20.33,19.99,20.02,20100,16.73
2010-06-08,19.92,20.11,19.85,20.10,26600,16.79
2010-06-07,20.04,20.13,19.82,19.87,218500,16.60
2010-06-04,20.15,20.27,19.99,20.04,15000,16.74
2010-06-03,20.27,20.40,20.26,20.33,36300,16.99
2010-06-02,20.10,20.29,20.05,20.27,61800,16.94
2010-06-01,20.04,20.24,19.99,19.99,18000,16.70
2010-05-28,20.25,20.27,20.13,20.15,24100,16.84
2010-05-27,20.16,20.27,20.12,20.25,35900,16.92
2010-05-26,20.10,20.21,19.89,19.94,56000,16.66
2010-05-25,19.58,19.93,19.50,19.93,60400,16.65
2010-05-24,19.82,20.10,19.82,19.94,34400,16.66
2010-05-21,19.36,19.99,19.28,19.89,132700,16.62
2010-05-20,20.09,20.10,19.70,19.74,139600,16.49
2010-05-19,20.40,20.58,20.21,20.48,42400,17.11
2010-05-18,21.06,21.07,20.50,20.61,214700,17.22
2010-05-17,20.87,20.90,20.46,20.88,19700,17.45
2010-05-14,20.86,20.92,20.67,20.78,13000,17.36
2010-05-13,21.41,21.47,21.26,21.26,50700,17.76
2010-05-12,21.27,21.45,21.26,21.41,22300,17.89
2010-05-11,20.85,21.41,20.85,21.18,28900,17.70
2010-05-10,21.07,21.24,21.00,21.16,82000,17.68
2010-05-07,20.57,20.75,20.03,20.31,169800,16.97
2010-05-06,21.18,21.30,10.00,20.70,164300,17.29
2010-05-05,21.25,21.43,21.15,21.24,74900,17.75
2010-05-04,21.53,21.80,21.26,21.38,72300,17.86
2010-05-03,21.61,21.77,21.57,21.67,83400,18.11
2010-04-30,21.78,21.78,21.53,21.55,25400,18.01
2010-04-29,21.68,21.80,21.68,21.71,42400,18.14
2010-04-28,21.44,21.63,21.44,21.59,15700,18.04
2010-04-27,21.75,21.77,21.47,21.48,53100,17.95
2010-04-26,21.85,21.86,21.74,21.77,27000,18.19
2010-04-23,21.78,21.83,21.69,21.83,28000,18.24
2010-04-22,21.72,21.76,21.54,21.72,33400,18.15
2010-04-21,21.62,21.82,21.62,21.73,247600,18.16
2010-04-20,21.82,21.82,21.65,21.71,71000,18.14
2010-04-19,21.55,21.66,21.47,21.61,18100,18.06
2010-04-16,21.87,21.87,21.35,21.55,133000,18.01
2010-04-15,21.75,21.85,21.75,21.83,111100,18.24
2010-04-14,21.87,21.87,21.79,21.79,22100,18.21
2010-04-13,21.84,21.84,21.75,21.78,114700,18.20
2010-04-12,21.86,21.86,21.77,21.77,39900,18.19
2010-04-09,21.77,21.84,21.77,21.79,34500,18.21
2010-04-08,21.80,21.85,21.69,21.80,82900,18.21
2010-04-07,21.84,21.84,21.74,21.75,43600,18.17
2010-04-06,21.75,21.81,21.75,21.79,58200,18.21
2010-04-05,21.78,21.83,21.72,21.78,77500,18.20
2010-04-01,21.66,21.72,21.62,21.68,50000,18.11
2010-03-31,21.66,21.66,21.55,21.64,28700,18.08
2010-03-30,21.70,21.71,21.58,21.66,43500,18.10
2010-03-29,21.68,21.68,21.56,21.63,32100,18.07
2010-03-26,21.51,21.61,21.43,21.56,33900,18.01
2010-03-25,21.68,21.68,21.55,21.56,48700,18.01
2010-03-24,21.49,21.57,21.49,21.56,26000,18.01
2010-03-23,21.56,21.62,21.43,21.59,109100,18.04
2010-03-22,21.41,21.56,21.33,21.56,44900,18.01
2010-03-19,21.56,21.74,21.47,21.56,31300,18.01
2010-03-18,21.76,21.77,21.71,21.76,56200,18.14
2010-03-17,21.78,21.78,21.71,21.77,26500,18.14
2010-03-16,21.68,21.77,21.68,21.75,28400,18.13
2010-03-15,21.67,21.76,21.67,21.76,24600,18.14
2010-03-12,21.70,21.75,21.69,21.74,37900,18.12
2010-03-11,21.63,21.75,21.63,21.75,41600,18.13
2010-03-10,21.77,21.77,21.67,21.73,68500,18.11
2010-03-09,21.67,21.73,21.65,21.72,133500,18.10
2010-03-08,21.72,21.72,21.63,21.71,99300,18.09
2010-03-05,21.62,21.70,21.57,21.67,76300,18.06
2010-03-04,21.49,21.60,21.49,21.59,41700,17.99
2010-03-03,21.62,21.62,21.48,21.50,82900,17.92
2010-03-02,21.59,21.59,21.46,21.53,178000,17.94
2010-03-01,21.39,21.50,21.38,21.45,43400,17.88
2010-02-26,21.18,21.40,21.18,21.36,36300,17.80
2010-02-25,21.20,21.34,21.07,21.34,19700,17.79
2010-02-24,21.21,21.33,21.18,21.29,45800,17.74
2010-02-23,21.41,21.41,21.14,21.17,82800,17.64
2010-02-22,21.29,21.41,21.26,21.29,180500,17.74
2010-02-19,21.17,21.38,21.15,21.30,18600,17.75
2010-02-18,21.03,21.29,21.03,21.29,31100,17.74
2010-02-17,21.19,21.19,21.05,21.11,35200,17.59
2010-02-16,20.85,21.05,20.78,21.03,51300,17.53
2010-02-12,20.61,20.68,20.43,20.66,42600,17.22
2010-02-11,20.56,20.75,20.40,20.71,36400,17.26
2010-02-10,20.57,20.61,20.37,20.52,40400,17.10
2010-02-09,20.48,20.68,20.48,20.57,37600,17.14
2010-02-08,20.49,20.56,20.29,20.29,36600,16.91
2010-02-05,20.37,20.48,20.03,20.48,147900,17.07
2010-02-04,20.83,20.85,20.40,20.40,78000,17.00
2010-02-03,21.10,21.14,21.00,21.00,54900,17.50
2010-02-02,20.87,21.16,20.83,21.09,59000,17.58
2010-02-01,20.66,20.90,20.58,20.89,58900,17.41
2010-01-29,20.80,20.99,20.51,20.62,192000,17.19
2010-01-28,21.00,21.08,20.66,20.79,111200,17.33
2010-01-27,20.90,21.02,20.12,20.99,55400,17.49
2010-01-26,20.82,21.09,20.82,20.90,115500,17.42
2010-01-25,21.12,21.12,20.89,20.98,67900,17.49
2010-01-22,21.20,21.24,20.78,20.78,48500,17.32
2010-01-21,21.47,21.57,21.22,21.30,48100,17.75
2010-01-20,21.59,21.62,21.41,21.55,30500,17.96
2010-01-19,21.40,21.65,21.40,21.63,155300,18.03
2010-01-15,21.57,21.57,21.36,21.45,43500,17.88
2010-01-14,21.70,21.72,21.67,21.71,25500,18.09
2010-01-13,21.73,21.73,21.64,21.67,84600,18.06
2010-01-12,21.73,21.73,21.61,21.69,53300,18.08
2010-01-11,21.73,21.73,21.50,21.70,194700,18.09
2010-01-08,21.62,21.71,21.62,21.66,46600,18.05
2010-01-07,21.71,21.71,21.47,21.64,26100,18.04
2010-01-06,21.81,21.81,21.57,21.66,26700,18.05
2010-01-05,21.90,21.90,21.55,21.69,70400,18.08
2010-01-04,21.94,21.94,21.51,21.67,88800,18.06
2009-12-31,21.65,21.65,21.50,21.51,43900,17.93
2009-12-30,21.48,21.69,21.48,21.55,54700,17.96
2009-12-29,21.66,21.68,21.52,21.56,84200,17.97
2009-12-28,21.64,21.64,21.48,21.59,137900,17.99
2009-12-24,21.43,21.66,21.43,21.51,8300,17.93
2009-12-23,21.62,21.62,21.42,21.52,24000,17.94
2009-12-22,21.58,21.58,21.40,21.49,66300,17.91
2009-12-21,21.89,21.89,21.26,21.41,308800,17.84
2009-12-18,21.35,21.44,21.24,21.30,64300,17.75
2009-12-17,21.10,21.50,21.10,21.44,43700,17.80
2009-12-16,21.60,21.60,21.35,21.39,102000,17.76
2009-12-15,21.21,22.87,21.21,21.39,240200,17.76
2009-12-14,21.01,21.36,21.01,21.36,32600,17.73
2009-12-11,21.11,21.97,21.11,21.33,24400,17.71
2009-12-10,21.09,21.29,21.09,21.22,49500,17.62
2009-12-09,21.28,21.28,21.08,21.15,39100,17.56
2009-12-08,21.10,21.18,21.09,21.14,63600,17.55
2009-12-07,21.26,21.27,21.18,21.22,18400,17.62
2009-12-04,21.25,21.27,21.14,21.23,27300,17.63
2009-12-03,21.21,21.30,21.19,21.19,26000,17.59
2009-12-02,21.26,21.27,21.16,21.24,26400,17.64
2009-12-01,21.08,21.27,21.08,21.20,45400,17.60
2009-11-30,21.07,21.40,20.93,21.05,52700,17.48
2009-11-27,20.92,21.04,20.84,20.97,9100,17.41
2009-11-25,21.49,21.49,21.13,21.21,78300,17.61
2009-11-24,21.00,21.17,21.00,21.16,116300,17.57
2009-11-23,21.01,21.36,20.98,21.15,81100,17.56
2009-11-20,20.97,21.02,20.80,21.00,166400,17.44
2009-11-19,21.03,21.03,20.86,20.93,25900,17.38
2009-11-18,20.90,20.98,20.90,20.98,27400,17.42
2009-11-17,20.88,20.96,20.88,20.89,75600,17.34
2009-11-16,20.76,20.95,20.76,20.94,14700,17.39
2009-11-13,20.93,20.93,20.68,20.79,42200,17.26
2009-11-12,20.85,20.88,20.71,20.75,51200,17.23
2009-11-11,21.02,21.02,20.75,20.83,19500,17.29
2009-11-10,20.80,21.01,20.69,20.74,27400,17.22
2009-11-09,20.54,20.74,20.54,20.74,54200,17.22
2009-11-06,20.17,20.52,20.17,20.45,38200,16.98
2009-11-05,20.41,20.46,20.26,20.46,24900,16.99
2009-11-04,20.21,20.29,20.12,20.12,34500,16.71
2009-11-03,20.07,20.10,19.92,20.10,33500,16.69
2009-11-02,20.24,20.90,19.87,20.03,102900,16.63
2009-10-30,20.40,20.40,19.85,19.93,87200,16.55
2009-10-29,19.90,20.34,19.89,20.34,39000,16.89
2009-10-28,20.22,20.22,19.93,19.93,52800,16.55
2009-10-27,20.26,20.37,20.24,20.27,19400,16.83
2009-10-26,20.69,21.23,20.26,20.31,46500,16.86
2009-10-23,21.37,21.40,20.41,20.46,41000,16.99
2009-10-22,21.57,21.57,20.43,20.60,11100,17.10
2009-10-21,20.61,20.63,20.47,20.47,49300,17.00
2009-10-20,21.02,21.02,20.50,20.54,83400,17.05
2009-10-19,20.45,20.92,20.39,20.69,167200,17.18
2009-10-16,20.41,20.78,20.04,20.20,28500,16.77
2009-10-15,20.48,20.50,20.41,20.44,90900,16.97
2009-10-14,20.39,20.48,20.38,20.46,43600,16.99
2009-10-13,20.39,20.39,20.26,20.37,44200,16.91
2009-10-12,20.38,20.39,20.30,20.33,43500,16.88
2009-10-09,20.18,20.32,20.18,20.32,36200,16.87
2009-10-08,20.49,20.49,20.16,20.18,35700,16.76
2009-10-07,19.86,20.13,19.86,20.07,49400,16.66
2009-10-06,20.11,20.11,19.93,20.07,34800,16.66
2009-10-05,19.78,19.89,19.55,19.87,49600,16.50
2009-10-02,19.50,19.88,19.43,19.53,82900,16.22
2009-10-01,19.90,19.90,19.58,19.58,27000,16.26
2009-09-30,20.24,20.24,19.88,20.07,31700,16.66
2009-09-29,20.05,20.11,19.64,20.02,14300,16.62
2009-09-28,19.94,20.13,19.94,20.12,30300,16.71
2009-09-25,19.92,20.20,19.55,19.72,39900,16.37
2009-09-24,20.20,20.25,19.79,19.86,33800,16.49
2009-09-23,20.20,20.28,20.04,20.14,40100,16.72
2009-09-22,20.25,20.25,19.99,20.11,19900,16.70
2009-09-21,19.75,20.16,19.75,20.05,23500,16.65
2009-09-18,20.10,20.28,19.90,20.02,13400,16.62
2009-09-17,19.86,20.26,19.86,20.14,49400,16.67
2009-09-16,20.25,20.26,20.10,20.10,62500,16.64
2009-09-15,19.99,20.14,19.99,20.14,127900,16.67
2009-09-14,20.23,20.23,19.92,20.08,63400,16.62
2009-09-11,19.90,20.21,19.90,20.21,17900,16.73
2009-09-10,19.91,19.98,19.90,19.96,56100,16.52
2009-09-09,19.90,19.98,19.84,19.98,57600,16.54
2009-09-08,19.80,19.89,19.80,19.84,21000,16.42
2009-09-04,19.34,19.78,19.34,19.78,76700,16.37
2009-09-03,19.44,19.57,19.36,19.57,94900,16.20
2009-09-02,19.26,19.49,19.26,19.36,22700,16.02
2009-09-01,19.62,19.78,19.38,19.39,46900,16.05
2009-08-31,19.78,19.78,19.65,19.70,21200,16.30
2009-08-28,19.86,19.86,19.75,19.82,21500,16.40
2009-08-27,19.89,19.89,19.62,19.80,24400,16.39
2009-08-26,19.73,19.82,19.67,19.81,60300,16.40
2009-08-25,19.87,19.92,19.72,19.78,122000,16.37
2009-08-24,19.79,20.00,19.67,19.67,74700,16.28
2009-08-21,19.74,19.93,19.66,19.69,115200,16.30
2009-08-20,19.72,19.72,19.56,19.61,50600,16.23
2009-08-19,19.56,19.60,19.56,19.60,20400,16.22
2009-08-18,19.74,19.74,19.54,19.60,22700,16.22
2009-08-17,19.50,19.57,19.50,19.57,42100,16.20
2009-08-14,19.68,19.72,19.55,19.57,77900,16.20
2009-08-13,19.69,19.69,19.55,19.60,31200,16.22
2009-08-12,19.42,19.74,19.42,19.59,40800,16.21
2009-08-11,19.64,19.67,19.51,19.54,36200,16.17
2009-08-10,19.47,19.75,19.44,19.59,105400,16.21
2009-08-07,19.91,19.91,19.52,19.57,50800,16.20
2009-08-06,19.47,19.72,19.47,19.53,47600,16.16
2009-08-05,19.72,19.72,19.48,19.55,30700,16.18
2009-08-04,19.56,19.56,19.48,19.49,51700,16.13
2009-08-03,19.92,19.92,19.45,19.45,103600,16.10
2009-07-31,19.62,19.62,19.42,19.47,51800,16.11
2009-07-30,19.00,19.49,19.00,19.42,155200,16.07
2009-07-29,19.46,19.46,19.32,19.39,46000,16.05
2009-07-28,19.38,19.43,19.32,19.42,36700,16.07
2009-07-27,19.45,19.50,19.34,19.43,68500,16.08
2009-07-24,19.28,19.41,19.28,19.36,17200,16.02
2009-07-23,19.23,19.41,19.23,19.38,141800,16.04
2009-07-22,19.27,19.27,18.54,19.19,33300,15.88
2009-07-21,19.49,19.49,19.05,19.23,172900,15.92
2009-07-20,19.20,19.22,19.05,19.22,180700,15.91
2009-07-17,19.16,19.20,18.92,19.04,18900,15.76
2009-07-16,18.93,19.06,18.93,19.05,35400,15.77
2009-07-15,18.58,18.96,18.58,18.96,23100,15.69
2009-07-14,18.52,18.53,18.39,18.53,49100,15.34
2009-07-13,17.99,18.44,17.96,18.43,9400,15.25
2009-07-10,17.76,17.99,17.76,17.96,8700,14.86
2009-07-09,18.12,18.14,17.99,18.07,42800,14.96
2009-07-08,18.13,18.13,17.81,17.97,15500,14.87
2009-07-07,18.39,18.39,18.03,18.03,15500,14.92
2009-07-06,18.25,18.31,18.07,18.31,39900,15.15
2009-07-02,18.73,18.75,18.26,18.26,29100,15.11
2009-07-01,18.87,18.87,18.64,18.65,34500,15.44
2009-06-30,18.78,18.78,18.48,18.55,48100,15.35
2009-06-29,18.73,18.73,18.53,18.63,14100,15.42
2009-06-26,18.30,18.66,18.30,18.55,31300,15.35
2009-06-25,18.05,18.58,18.05,18.44,30000,15.26
2009-06-24,18.39,18.39,17.75,18.32,107400,15.16
2009-06-23,18.21,18.21,18.06,18.16,42300,15.03
2009-06-22,18.57,18.57,17.85,18.18,90100,15.05
2009-06-19,18.74,18.77,18.44,18.49,27900,15.30
2009-06-18,18.88,18.88,18.54,18.62,28700,15.34
2009-06-17,18.60,18.74,18.50,18.74,60300,15.44
2009-06-16,18.54,18.63,18.53,18.59,22100,15.31
2009-06-15,18.76,18.76,18.54,18.64,30400,15.35
2009-06-12,18.62,19.49,18.40,18.64,70200,15.35
2009-06-11,18.41,18.65,18.41,18.65,23700,15.36
2009-06-10,18.74,18.74,18.51,18.54,40800,15.27
2009-06-09,19.47,19.47,18.47,18.74,34300,15.44
2009-06-08,18.73,18.76,18.51,18.76,20700,15.45
2009-06-05,18.90,18.90,18.47,18.57,51900,15.30
2009-06-04,18.66,18.66,18.48,18.55,75300,15.28
2009-06-03,18.43,18.51,18.38,18.47,53600,15.21
2009-06-02,18.76,18.76,18.45,18.55,100100,15.28
2009-06-01,18.90,18.90,18.43,18.65,43800,15.36
2009-05-29,18.44,18.44,17.93,18.29,22800,15.06
2009-05-28,17.98,18.26,17.98,18.20,11500,14.99
2009-05-27,18.27,18.30,18.04,18.04,25000,14.86
2009-05-26,17.68,18.60,17.68,18.06,39200,14.88
2009-05-22,18.10,18.10,17.96,17.96,33500,14.79
2009-05-21,17.94,19.50,17.54,18.13,85000,14.93
2009-05-20,18.48,18.48,18.16,18.18,14900,14.97
2009-05-19,18.23,18.27,17.50,18.21,44500,15.00
2009-05-18,18.11,18.18,17.97,18.18,31900,14.97
2009-05-15,18.09,18.09,17.72,17.84,42600,14.69
2009-05-14,18.23,18.23,17.50,17.96,38400,14.79
2009-05-13,17.99,18.08,17.86,18.08,20600,14.89
2009-05-12,17.94,18.00,17.89,18.00,43600,14.83
2009-05-11,17.95,17.98,17.11,17.97,69200,14.80
2009-05-08,18.20,18.20,17.88,17.97,57100,14.80
2009-05-07,18.25,18.25,17.72,17.90,106600,14.74
2009-05-06,17.89,17.92,17.81,17.91,48600,14.75
2009-05-05,17.87,17.87,17.76,17.86,95800,14.71
2009-05-04,17.66,17.82,17.66,17.79,31900,14.65
2009-05-01,17.52,17.65,17.52,17.63,11900,14.52
2009-04-30,17.70,17.70,17.52,17.54,115300,14.45
2009-04-29,17.43,17.66,17.43,17.58,36300,14.48
2009-04-28,17.24,17.42,16.80,17.40,28600,14.33
2009-04-27,17.30,17.45,17.08,17.39,72200,14.32
2009-04-24,17.53,17.53,17.33,17.33,51100,14.27
2009-04-23,17.24,17.30,17.05,17.30,56500,14.25
2009-04-22,17.20,17.33,17.05,17.05,251500,14.04
2009-04-21,16.93,17.22,16.82,17.19,1059200,14.16
2009-04-20,17.36,17.36,17.00,17.04,61100,14.03
2009-04-17,17.66,17.70,17.23,17.52,148100,14.43
2009-04-16,17.82,17.82,17.30,17.56,51800,14.46
2009-04-15,17.45,17.57,17.43,17.56,37200,14.46
2009-04-14,17.30,17.52,17.30,17.50,25500,14.41
2009-04-13,17.44,17.55,17.41,17.55,38900,14.45
2009-04-09,17.64,17.64,17.34,17.48,69300,14.40
2009-04-08,17.21,17.58,17.21,17.45,156200,14.37
2009-04-07,16.98,17.35,16.98,17.32,37800,14.27
2009-04-06,17.28,17.40,17.01,17.40,190000,14.33
2009-04-03,17.33,17.40,16.27,17.40,172500,14.33
2009-04-02,17.29,17.36,17.10,17.28,120100,14.23
2009-04-01,16.72,17.15,16.72,17.14,40500,14.12
2009-03-31,17.07,17.28,16.76,17.06,73700,14.05
2009-03-30,16.80,17.08,16.61,16.88,56900,13.90
2009-03-27,17.12,17.17,17.04,17.17,137300,14.14
2009-03-26,17.03,17.26,16.96,17.25,88000,14.21
2009-03-25,16.98,17.19,16.80,17.09,25200,14.08
2009-03-24,17.01,17.21,16.87,16.95,183600,13.96
2009-03-23,16.97,17.11,16.69,17.11,92000,14.09
2009-03-20,17.14,17.14,16.25,16.60,119200,13.67
2009-03-19,17.05,17.05,16.83,16.89,202900,13.84
2009-03-18,16.73,16.94,16.62,16.82,33600,13.78
2009-03-17,16.50,16.75,16.49,16.75,75700,13.72
2009-03-16,16.68,16.69,16.42,16.42,38100,13.45
2009-03-13,16.39,16.56,16.20,16.46,349200,13.48
2009-03-12,15.83,16.27,15.74,16.26,145500,13.32
2009-03-11,15.70,15.92,15.50,15.81,83400,12.95
2009-03-10,15.24,15.66,15.22,15.59,29200,12.77
2009-03-09,15.05,15.12,14.68,14.86,43400,12.17
2009-03-06,14.99,15.13,14.11,14.90,49700,12.21
2009-03-05,16.38,16.38,14.84,14.90,73400,12.21
2009-03-04,15.26,15.68,15.21,15.55,38700,12.74
2009-03-03,15.29,15.40,15.06,15.23,198400,12.48
2009-03-02,15.59,15.68,15.17,15.30,101700,12.53
2009-02-27,15.69,16.06,15.63,15.82,40800,12.96
2009-02-26,16.42,16.42,16.03,16.03,76400,13.13
2009-02-25,16.18,16.34,15.97,16.21,116300,13.28
2009-02-24,16.04,16.22,15.76,16.21,213800,13.28
2009-02-23,16.39,16.39,15.66,15.71,156200,12.87
2009-02-20,16.26,16.80,15.76,16.20,87900,13.27
2009-02-19,16.75,16.75,16.42,16.56,49400,13.57
2009-02-18,17.27,17.28,16.48,16.72,100400,13.70
2009-02-17,16.91,16.91,16.54,16.87,143000,13.82
2009-02-13,17.18,17.45,17.18,17.26,52900,14.14
2009-02-12,17.21,17.36,16.95,17.35,50400,14.21
2009-02-11,17.25,17.31,17.13,17.30,35900,14.17
2009-02-10,17.49,17.51,17.00,17.03,105700,13.95
2009-02-09,17.28,17.57,17.23,17.56,36000,14.38
2009-02-06,17.41,17.59,17.40,17.51,75700,14.34
2009-02-05,17.15,17.33,16.94,17.29,39100,14.16
2009-02-04,17.26,17.44,17.13,17.16,34500,14.06
2009-02-03,17.13,17.20,16.90,17.20,94400,14.09
2009-02-02,16.50,17.04,16.50,16.98,47300,13.91
2009-01-30,17.20,17.20,16.86,16.92,361500,13.86
2009-01-29,17.26,17.29,17.03,17.04,49300,13.96
2009-01-28,17.20,17.48,17.19,17.45,97400,14.29
2009-01-27,17.10,17.17,16.91,17.02,32200,13.94
2009-01-26,17.07,17.13,16.88,17.01,23600,13.93
2009-01-23,16.70,16.99,16.41,16.94,47700,13.88
2009-01-22,17.14,17.17,16.52,16.87,38300,13.82
2009-01-21,16.77,16.99,16.45,16.99,16200,13.92
2009-01-20,16.85,16.85,16.44,16.45,39300,13.48
2009-01-16,17.05,17.97,16.73,17.05,24500,13.97
2009-01-15,16.83,17.08,16.46,16.78,24600,13.75
2009-01-14,17.55,17.55,16.78,16.91,32100,13.85
2009-01-13,17.35,17.47,17.25,17.43,29700,14.28
2009-01-12,17.73,17.73,17.22,17.23,29600,14.11
2009-01-09,17.85,17.85,17.55,17.60,30300,14.42
2009-01-08,17.66,17.82,17.55,17.80,417900,14.58
2009-01-07,17.76,17.95,17.55,17.62,50900,14.43
2009-01-06,18.15,18.15,17.90,17.95,49000,14.70
2009-01-05,17.85,18.03,17.83,17.90,79800,14.66
2009-01-02,17.77,18.04,17.77,18.04,20700,14.78
2008-12-31,17.59,17.81,17.45,17.65,96700,14.46
2008-12-30,17.23,17.59,17.18,17.59,105600,14.41
2008-12-29,17.86,17.86,17.10,17.16,138000,14.06
2008-12-26,17.79,17.86,17.25,17.74,88200,14.53
2008-12-24,17.72,17.72,17.10,17.38,12600,14.24
2008-12-23,17.41,17.70,17.11,17.31,67900,14.18
2008-12-22,19.49,19.49,16.80,17.25,57600,14.13
2008-12-19,17.08,17.72,17.04,17.07,48800,13.98
2008-12-18,17.54,17.92,17.27,17.39,57600,14.25
2008-12-17,16.89,17.90,16.89,17.31,62600,14.18
2008-12-16,17.09,17.95,17.09,17.23,28000,14.11
2008-12-15,17.38,17.39,16.99,17.19,74400,14.08
2008-12-12,16.88,17.95,16.88,17.25,20400,14.13
2008-12-11,17.34,17.34,17.14,17.15,54000,14.05
2008-12-10,17.30,17.36,17.12,17.21,74000,14.10
2008-12-09,17.15,17.45,17.10,17.35,64000,14.21
2008-12-08,18.40,18.40,17.22,17.25,113200,14.13
2008-12-05,16.76,17.24,16.69,17.11,31800,14.02
2008-12-04,17.22,17.29,16.92,17.08,43300,13.99
2008-12-03,17.03,17.25,16.95,17.05,78400,13.97
2008-12-02,17.35,19.49,16.82,16.98,105000,13.91
2008-12-01,17.03,17.51,16.80,16.87,43300,13.82
2008-11-28,16.45,17.29,16.45,17.26,103300,14.14
2008-11-26,17.35,17.36,16.85,17.10,106700,14.01
2008-11-25,17.58,17.59,16.65,16.94,93400,13.88
2008-11-24,16.84,17.96,16.41,16.71,411200,13.69
2008-11-21,15.79,16.73,15.65,16.70,108200,13.68
2008-11-20,16.90,19.99,13.45,17.99,39000,14.74
2008-11-19,18.15,18.15,17.00,17.00,90300,13.93
2008-11-18,17.92,19.79,17.44,18.10,17000,14.83
2008-11-17,18.08,20.17,17.83,17.93,35400,14.69
2008-11-14,18.57,18.91,18.36,18.60,10700,15.24
2008-11-13,18.10,18.72,17.35,18.68,18800,15.30
2008-11-12,18.36,18.50,17.71,17.81,122600,14.59
2008-11-11,18.14,18.85,18.14,18.63,361900,15.26
2008-11-10,19.95,20.17,18.50,18.79,25100,15.39
2008-11-07,18.84,19.07,18.65,19.07,23700,15.62
2008-11-06,18.77,19.00,18.32,18.59,62700,15.23
2008-11-05,19.45,19.57,18.07,19.37,45400,15.87
2008-11-04,20.17,20.17,19.28,19.76,42600,16.19
2008-11-03,19.22,19.39,19.10,19.39,29700,15.88
2008-10-31,19.07,19.28,18.60,19.14,17900,15.68
2008-10-30,18.86,18.86,18.52,18.71,21400,15.33
2008-10-29,18.99,19.00,18.47,18.91,14100,15.49
2008-10-28,18.51,18.52,17.35,18.43,26500,15.10
2008-10-27,17.20,17.92,17.20,17.90,34600,14.66
2008-10-24,17.64,18.06,17.47,17.85,16400,14.62
2008-10-23,18.26,18.50,17.10,18.39,52400,15.06
2008-10-22,18.51,18.70,17.72,18.29,6400,14.98
2008-10-21,19.00,19.21,18.74,19.00,24200,15.56
2008-10-20,19.18,19.18,18.40,19.00,19500,15.56
2008-10-17,20.23,20.23,18.00,18.49,132600,15.15
2008-10-16,17.71,18.46,16.83,18.00,96600,14.74
2008-10-15,19.20,19.20,17.79,18.02,33000,14.76
2008-10-14,20.23,20.23,19.10,20.23,31100,16.57
2008-10-13,19.66,19.66,18.16,19.66,70700,16.10
2008-10-10,16.09,18.50,16.09,17.50,43300,14.34
2008-10-09,19.66,19.66,17.80,18.30,66900,14.99
2008-10-08,19.48,20.23,19.26,19.33,158100,15.83
2008-10-07,20.93,21.09,19.75,19.99,48600,16.37
2008-10-06,21.08,21.18,19.77,20.77,36800,17.01
2008-10-03,22.24,22.75,21.50,21.50,17200,17.61
2008-10-02,22.23,22.23,21.87,21.87,18900,17.91
2008-10-01,22.35,22.66,22.28,22.49,7300,18.42
2008-09-30,23.00,23.00,22.32,22.61,20800,18.52
2008-09-29,22.93,22.96,21.67,22.10,21900,18.10
2008-09-26,22.89,24.31,22.89,23.31,16300,19.09
2008-09-25,22.43,23.69,22.43,23.26,15100,19.05
2008-09-24,22.82,23.13,22.82,22.88,9800,18.74
2008-09-23,22.91,23.43,21.58,23.04,13600,18.87
2008-09-22,23.67,23.79,22.68,23.41,14600,19.18
2008-09-19,23.28,26.40,23.28,24.11,107700,19.75
2008-09-18,22.34,22.93,21.49,22.89,6900,18.75
2008-09-17,22.85,22.85,21.93,21.93,20000,17.96
2008-09-16,22.66,23.16,22.02,22.95,31300,18.80
2008-09-15,23.80,23.80,21.85,22.70,37200,18.59
2008-09-12,23.53,23.67,23.38,23.66,28200,19.38
2008-09-11,23.04,23.61,22.96,23.61,12500,19.34
2008-09-10,23.36,24.86,23.19,23.39,11900,19.16
2008-09-09,24.32,25.33,23.26,23.26,7000,19.05
2008-09-08,24.12,24.12,23.56,23.84,25100,19.53
2008-09-05,23.29,23.42,23.05,23.42,17300,19.18
2008-09-04,23.83,24.16,23.39,23.47,134900,19.23
2008-09-03,23.87,24.02,23.87,24.02,7500,19.68
2008-09-02,24.47,24.47,23.95,23.99,10000,19.65
2008-08-29,24.20,24.20,24.01,24.01,7300,19.67
2008-08-28,24.30,24.30,24.14,24.24,23400,19.86
2008-08-27,23.90,24.14,23.83,24.14,13200,19.77
2008-08-26,23.81,23.90,23.81,23.81,4800,19.50
2008-08-25,23.99,24.04,23.80,23.83,9700,19.52
2008-08-22,24.23,25.00,24.10,24.15,16300,19.78
2008-08-21,23.85,24.12,23.81,24.12,7300,19.76
2008-08-20,24.04,24.90,23.68,23.96,114000,19.63
2008-08-19,23.88,23.90,23.80,23.84,59700,19.53
2008-08-18,24.20,24.22,23.83,23.90,7200,19.58
2008-08-15,24.15,24.24,24.10,24.19,72200,19.82
2008-08-14,24.08,24.13,23.97,24.06,12700,19.71
2008-08-13,23.99,24.85,23.97,24.01,5300,19.67
2008-08-12,23.99,24.07,23.99,24.07,569200,19.72
2008-08-11,23.96,23.99,23.91,23.98,8400,19.64
2008-08-08,23.86,24.02,23.86,24.02,6300,19.68
2008-08-07,23.90,23.97,23.77,23.88,7900,19.56
2008-08-06,24.17,24.17,23.77,24.02,14100,19.68
2008-08-05,23.51,23.97,23.50,23.78,49700,19.48
2008-08-04,23.54,23.58,23.36,23.49,5400,19.24
2008-08-01,23.77,23.77,23.44,23.62,13600,19.35
2008-07-31,23.71,23.75,23.68,23.68,6200,19.40
2008-07-30,23.55,23.74,23.51,23.74,7700,19.45
2008-07-29,23.27,23.55,23.27,23.55,18900,19.29
2008-07-28,23.45,23.47,23.23,23.23,13600,19.03
2008-07-25,23.48,23.48,23.44,23.44,3000,19.20
2008-07-24,23.55,23.56,23.41,23.43,6300,19.19
2008-07-23,23.61,23.71,22.11,23.61,37500,19.34
2008-07-22,23.42,23.74,23.40,23.74,27500,19.45
2008-07-21,23.55,23.57,23.36,23.40,4700,19.17
2008-07-18,23.60,23.62,23.37,23.62,3000,19.35
2008-07-17,23.67,23.67,23.25,23.60,50200,19.33
2008-07-16,22.55,23.17,22.55,23.17,117900,18.98
2008-07-15,22.48,22.78,22.41,22.78,2800,18.66
2008-07-14,23.02,23.08,22.72,22.91,9300,18.77
2008-07-11,23.70,23.70,22.79,22.84,6700,18.71
2008-07-10,23.10,23.32,23.06,23.30,6600,19.09
2008-07-09,23.99,23.99,23.10,23.19,13500,19.00
2008-07-08,23.23,23.60,23.10,23.60,61700,19.33
2008-07-07,23.50,23.50,22.95,23.29,3000,19.08
2008-07-03,23.27,23.46,23.27,23.43,31800,19.19
2008-07-02,25.35,25.35,23.32,23.35,9700,19.13
2008-07-01,23.44,23.69,23.26,23.67,18500,19.39
2008-06-30,23.55,23.76,23.44,23.61,14200,19.34
2008-06-27,23.70,23.70,23.44,23.59,17800,19.32
2008-06-26,24.96,25.50,23.59,23.59,21300,19.32
2008-06-25,24.11,24.22,23.99,24.09,5300,19.73
2008-06-24,23.84,24.03,23.76,23.87,9300,19.55
2008-06-23,23.95,23.98,23.88,23.91,5800,19.59
2008-06-20,24.07,24.07,23.80,23.87,4500,19.55
2008-06-19,24.34,24.37,24.34,24.37,800,19.96
2008-06-18,24.50,24.60,24.39,24.51,6600,20.08
2008-06-17,24.90,24.90,24.69,24.69,5000,20.22
2008-06-16,24.88,25.03,24.55,24.97,5700,20.45
2008-06-13,24.63,24.88,24.57,24.88,8900,20.38
2008-06-12,24.31,25.06,24.31,24.39,14800,19.98
2008-06-11,24.55,24.62,24.50,24.62,128100,20.17
2008-06-10,24.84,24.87,24.71,24.87,6900,20.37
2008-06-09,25.00,25.54,24.77,24.77,5800,20.29
2008-06-06,25.32,25.49,24.99,25.00,8200,20.48
2008-06-05,25.26,25.31,25.22,25.31,600,20.73
2008-06-04,24.90,25.23,24.90,25.06,6500,20.53
2008-06-03,25.26,25.31,25.00,25.14,7400,20.59
2008-06-02,25.23,25.26,25.15,25.15,3700,20.60
2008-05-30,25.43,25.45,25.42,25.42,1000,20.82
2008-05-29,25.33,25.39,25.30,25.39,600,20.80
2008-05-28,25.34,25.34,25.07,25.21,6800,20.65
2008-05-27,25.04,25.12,24.98,25.12,3400,20.58
2008-05-23,25.14,25.14,24.94,24.99,2200,20.47
2008-05-22,25.25,25.34,25.19,25.19,6400,20.63
2008-05-21,25.46,25.46,25.22,25.37,2100,20.78
2008-05-20,25.59,25.59,25.40,25.49,4500,20.88
2008-05-19,25.60,25.68,25.52,25.52,3500,20.90
2008-05-16,25.62,25.69,25.47,25.69,5300,21.04
2008-05-15,25.70,25.70,25.52,25.52,2800,20.90
2008-05-14,25.47,25.89,25.47,25.59,5600,20.96
2008-05-13,26.15,26.15,25.39,25.47,5400,20.86
2008-05-12,25.51,25.51,25.28,25.40,14800,20.81
2008-05-09,25.18,25.24,25.18,25.22,3200,20.66
2008-05-08,25.38,25.38,25.28,25.37,2700,20.78
2008-05-07,25.33,25.46,25.24,25.30,8300,20.72
2008-05-06,25.75,25.75,25.29,25.40,1500,20.81
2008-05-05,25.42,25.42,25.34,25.34,3200,20.76
2008-05-02,25.36,25.44,25.30,25.33,10000,20.75
2008-05-01,26.60,26.60,25.05,25.30,5600,20.72
2008-04-30,25.25,26.71,25.09,26.71,6000,21.88
2008-04-29,25.09,25.13,25.09,25.13,300,20.59
2008-04-28,25.78,25.78,25.18,25.18,6200,20.63
2008-04-25,25.20,25.30,25.01,25.29,9100,20.72
2008-04-24,24.90,25.11,24.90,25.09,77700,20.55
2008-04-23,25.02,25.10,24.92,24.99,600,20.47
2008-04-22,24.82,24.82,24.70,24.74,2700,20.27
2008-04-21,24.52,24.98,24.52,24.89,2400,20.39
2008-04-18,25.39,25.40,25.34,25.37,1400,20.78
2008-04-17,24.96,25.03,24.96,25.03,3100,20.50
2008-04-16,24.99,25.05,24.89,25.02,4000,20.50
2008-04-15,24.76,24.84,24.75,24.84,1700,20.35
2008-04-14,25.37,25.37,24.80,24.85,3800,20.36
2008-04-11,24.87,24.88,24.64,24.75,4000,20.27
2008-04-10,25.10,25.10,24.96,24.96,1200,20.45
2008-04-09,25.01,25.01,24.91,24.91,4100,20.41
2008-04-08,24.56,24.97,24.56,24.97,5900,20.45
2008-04-07,24.80,24.95,24.80,24.95,700,20.44
2008-04-04,24.25,26.49,24.25,24.89,4600,20.39
2008-04-03,25.00,25.00,24.82,24.82,4200,20.33
2008-04-02,25.47,26.94,24.60,24.60,5400,20.15
2008-04-01,25.24,25.24,24.65,24.81,5700,20.32
2008-03-31,24.41,24.49,24.41,24.41,3700,20.00
2008-03-28,24.47,24.76,24.24,24.76,2400,20.28
2008-03-27,24.59,24.59,24.17,24.17,1600,19.80
2008-03-26,24.53,24.53,24.40,24.49,2600,20.06
2008-03-25,25.04,25.04,24.39,24.57,5500,20.13
2008-03-24,24.71,24.73,24.43,24.61,16100,20.16
2008-03-20,24.05,24.46,24.05,24.25,2600,19.86
2008-03-19,24.53,24.66,24.38,24.38,10900,19.97
2008-03-18,24.21,24.25,24.16,24.25,1200,19.86
2008-03-17,23.55,23.55,23.54,23.54,2000,19.28
2008-03-14,24.15,24.15,22.80,23.54,14900,19.28
2008-03-13,24.10,24.11,24.00,24.11,600,19.75
2008-03-12,24.37,24.50,24.20,24.20,3700,19.82
2008-03-11,24.16,24.16,23.96,24.07,3100,19.72
2008-03-10,23.73,23.75,23.45,23.45,14600,19.21
2008-03-07,23.89,23.89,23.77,23.83,1000,19.52
2008-03-06,23.94,23.94,23.89,23.89,500,19.57
2008-03-05,24.26,24.31,24.19,24.19,4100,19.82
2008-03-04,24.05,24.06,23.82,23.93,3100,19.60
2008-03-03,24.14,24.18,24.08,24.09,8800,19.73
2008-02-29,24.27,24.30,24.18,24.18,7900,19.81
2008-02-28,24.53,24.62,24.42,24.61,20300,20.16
2008-02-27,24.72,25.89,24.50,24.50,6300,20.07
2008-02-26,24.54,24.80,24.54,24.80,8800,20.32
2008-02-25,25.07,25.07,24.30,24.34,5200,19.94
2008-02-22,23.29,24.26,23.29,24.26,4200,19.87
2008-02-21,24.41,24.41,24.14,24.14,3100,19.77
2008-02-20,24.05,25.38,24.05,25.38,1700,20.79
2008-02-19,23.86,23.86,23.44,23.44,5100,19.20
2008-02-15,24.01,24.09,23.94,24.06,2600,19.71
2008-02-14,24.15,24.15,24.10,24.10,4400,19.74
2008-02-13,24.01,24.13,24.01,24.13,1100,19.77
2008-02-12,23.97,23.97,23.90,23.97,1200,19.64
2008-02-11,24.59,24.59,23.59,23.64,1800,19.36
2008-02-08,24.79,24.79,23.61,23.70,1500,19.41
2008-02-07,23.96,23.96,23.96,23.96,000,19.63
2008-02-06,23.97,23.97,23.96,23.96,1000,19.63
2008-02-05,23.62,23.82,23.60,23.69,4100,19.41
2008-02-04,24.00,24.00,23.94,23.96,5900,19.63
2008-02-01,23.75,24.12,23.75,24.11,3200,19.75
2008-01-31,23.50,24.01,23.50,23.98,4200,19.64
2008-01-30,23.66,24.50,23.64,23.64,6300,19.36
2008-01-29,23.94,23.94,23.66,23.72,11500,19.43
2008-01-28,23.48,23.66,23.32,23.66,19100,19.38
2008-01-25,24.06,24.06,23.31,23.33,26800,19.11
2008-01-24,23.60,23.62,23.50,23.57,2100,19.31
2008-01-23,22.85,23.50,22.57,23.47,137400,19.23
2008-01-22,22.90,23.15,22.90,23.10,10900,18.92
2008-01-18,23.44,23.44,23.04,23.30,35000,19.09
2008-01-17,24.03,24.03,23.50,23.50,900,19.25
2008-01-16,24.15,24.41,24.15,24.21,2500,19.83
2008-01-15,24.42,24.45,24.42,24.45,2500,20.03
2008-01-14,24.74,24.91,24.74,24.84,7800,20.35
2008-01-11,25.66,25.66,24.50,24.58,10500,20.13
2008-01-10,24.86,24.86,24.86,24.86,1000,20.36
2008-01-09,24.57,24.57,24.37,24.37,600,19.96
2008-01-08,24.99,25.02,24.91,24.91,5700,20.41
2008-01-07,24.69,24.99,24.61,24.99,16600,20.47
2008-01-04,24.97,24.97,24.70,24.70,12900,20.23
2008-01-03,25.15,25.20,25.15,25.20,600,20.64
2008-01-02,25.57,25.57,25.19,25.30,2600,20.72
2007-12-31,26.00,26.00,25.45,25.45,13600,20.85
2007-12-28,25.54,25.55,25.53,25.53,7400,20.91
2007-12-27,25.51,25.51,25.35,25.35,300,20.77
