Date,Open,High,Low,Close,Volume,Adj Close
2012-05-04,32.13,32.36,30.84,30.91,465100,30.91
2012-05-03,32.57,32.98,32.16,32.42,448400,32.42
2012-05-02,31.64,32.70,31.00,32.68,474300,32.68
2012-05-01,30.79,34.00,30.79,32.53,897700,32.53
2012-04-30,30.77,30.86,30.33,30.47,266000,30.47
2012-04-27,30.59,31.00,30.25,30.86,177600,30.86
2012-04-26,30.21,30.71,30.21,30.50,429800,30.50
2012-04-25,29.76,30.45,29.76,30.28,235200,30.28
2012-04-24,29.24,29.59,29.00,29.40,196000,29.40
2012-04-23,29.37,29.37,28.90,29.31,200600,29.31
2012-04-20,29.88,30.13,29.56,29.74,170600,29.74
2012-04-19,29.81,29.97,29.25,29.51,349200,29.51
2012-04-18,29.82,29.89,29.35,29.73,166700,29.73
2012-04-17,29.63,30.20,29.56,30.05,191900,30.05
2012-04-16,29.36,29.84,29.05,29.56,180000,29.56
2012-04-13,29.40,29.51,29.15,29.27,179200,29.27
2012-04-12,29.14,29.61,29.13,29.45,219800,29.45
2012-04-11,29.23,29.24,28.89,29.15,246500,29.15
2012-04-10,29.15,29.32,28.93,29.00,472800,29.00
2012-04-09,29.15,29.40,28.95,29.15,274800,29.15
2012-04-05,29.48,29.88,29.47,29.83,320100,29.83
2012-04-04,29.41,29.62,29.27,29.45,340200,29.45
2012-04-03,29.85,29.89,29.34,29.77,271400,29.77
2012-04-02,28.88,29.85,28.30,29.80,515000,29.80
2012-03-30,30.12,30.12,28.82,28.84,823200,28.84
2012-03-29,30.20,30.29,29.96,29.98,232600,29.98
2012-03-28,30.15,30.38,29.79,30.17,347600,30.17
2012-03-27,29.99,30.42,29.94,30.05,248700,30.05
2012-03-26,30.00,30.43,29.93,30.09,334600,30.09
2012-03-23,29.21,29.91,29.11,29.89,281600,29.89
2012-03-22,29.03,29.26,28.76,29.23,522700,29.23
2012-03-21,29.20,29.68,29.20,29.32,351700,29.32
2012-03-20,29.49,29.59,29.15,29.19,340500,29.19
2012-03-19,29.94,30.02,29.62,29.74,376700,29.74
2012-03-16,29.94,30.05,29.66,29.88,615300,29.88
2012-03-15,29.27,30.11,29.06,29.92,320300,29.92
2012-03-14,29.75,29.89,29.26,29.30,229900,29.30
2012-03-13,28.85,29.89,28.80,29.88,337500,29.88
2012-03-12,28.92,29.03,28.30,28.63,179500,28.63
2012-03-09,28.73,29.26,28.67,28.93,172400,28.93
2012-03-08,28.62,28.85,28.37,28.80,131100,28.80
2012-03-07,28.40,28.49,28.13,28.47,125900,28.47
2012-03-06,28.46,28.80,28.21,28.43,298300,28.43
2012-03-05,27.55,28.91,27.55,28.82,322600,28.82
2012-03-02,28.66,28.77,27.60,27.68,417500,27.68
2012-03-01,28.42,28.76,28.40,28.61,270000,28.61
2012-02-29,28.83,28.99,28.32,28.32,79400,28.32
2012-02-28,28.87,29.09,28.77,28.98,258300,28.92
2012-02-27,28.54,28.99,28.07,28.93,254500,28.87
2012-02-24,28.73,28.92,28.64,28.85,202000,28.79
2012-02-23,28.58,28.98,28.50,28.78,180400,28.72
2012-02-22,28.11,28.74,28.07,28.50,223300,28.44
2012-02-21,28.09,28.85,28.01,28.31,266600,28.25
2012-02-17,28.68,28.68,27.77,28.01,311300,27.95
2012-02-16,28.06,28.59,28.05,28.54,286700,28.48
2012-02-15,28.46,28.50,27.88,28.01,288200,27.95
2012-02-14,28.00,28.46,27.91,28.42,330100,28.36
2012-02-13,27.69,28.46,27.49,28.06,545200,28.00
2012-02-10,27.00,27.93,27.00,27.55,891300,27.49
2012-02-09,26.20,27.49,26.00,27.11,1852600,27.05
2012-02-08,24.73,25.06,24.49,24.72,283000,24.67
2012-02-07,24.87,24.89,24.61,24.75,295100,24.70
2012-02-06,24.80,25.19,24.77,24.99,297900,24.94
2012-02-03,24.99,25.24,24.88,24.99,296100,24.94
2012-02-02,24.65,24.95,24.54,24.59,324600,24.54
2012-02-01,24.10,24.69,24.03,24.56,387400,24.51
2012-01-31,23.61,24.10,23.48,24.00,238600,23.95
2012-01-30,23.56,23.97,23.35,23.42,338000,23.37
2012-01-27,24.04,24.07,23.52,23.71,328700,23.66
2012-01-26,24.60,24.60,24.06,24.20,54600,24.15
2012-01-25,24.50,24.61,24.23,24.44,109100,24.39
2012-01-24,24.05,24.63,24.05,24.55,137300,24.50
2012-01-23,24.29,24.33,23.81,24.13,103700,24.08
2012-01-20,24.62,24.65,24.15,24.31,126600,24.26
2012-01-19,24.74,24.97,24.50,24.62,98500,24.57
2012-01-18,24.15,24.73,24.13,24.73,104500,24.68
2012-01-17,24.60,24.75,24.16,24.27,195900,24.22
2012-01-13,24.27,24.48,24.13,24.28,152900,24.23
2012-01-12,24.51,24.61,24.32,24.44,143800,24.39
2012-01-11,24.66,24.86,24.40,24.42,169900,24.37
2012-01-10,24.36,24.90,24.36,24.84,164100,24.79
2012-01-09,24.25,24.25,23.77,24.09,329200,24.04
2012-01-06,24.71,24.76,24.15,24.20,300700,24.15
2012-01-05,24.25,25.00,24.02,24.76,338700,24.71
2012-01-04,24.25,24.56,24.04,24.46,259100,24.41
2012-01-03,25.01,25.01,24.29,24.45,243900,24.40
2011-12-30,24.50,24.73,24.32,24.36,142100,24.31
2011-12-29,24.20,24.57,23.91,24.48,167300,24.43
2011-12-28,23.87,24.22,23.83,24.06,180700,24.01
2011-12-27,23.75,24.13,23.54,24.00,202500,23.95
2011-12-23,23.59,23.82,23.57,23.80,170000,23.75
2011-12-22,23.50,23.78,23.38,23.55,250000,23.50
2011-12-21,23.53,23.63,22.84,23.45,311800,23.40
2011-12-20,23.48,23.88,23.48,23.70,367800,23.65
2011-12-19,24.10,24.28,22.95,23.02,455200,22.97
2011-12-16,23.15,24.01,22.94,23.96,715400,23.91
2011-12-15,22.98,23.28,22.72,22.98,313600,22.93
2011-12-14,22.30,22.81,22.07,22.59,290800,22.54
2011-12-13,23.01,23.31,22.47,22.60,405800,22.55
2011-12-12,22.72,22.84,22.24,22.82,189600,22.77
2011-12-09,22.27,23.10,22.19,23.01,284800,22.96
2011-12-08,21.98,22.49,21.79,22.16,348800,22.11
2011-12-07,21.92,22.37,21.28,22.27,351000,22.22
2011-12-06,22.80,22.80,22.10,22.12,262300,22.07
2011-12-05,23.00,23.00,22.43,22.78,292000,22.73
2011-12-02,22.67,22.90,22.54,22.72,154000,22.67
2011-12-01,22.48,22.88,22.33,22.34,237000,22.29
2011-11-30,21.43,22.60,21.22,22.55,673200,22.50
2011-11-29,20.82,20.90,20.34,20.69,255100,20.65
2011-11-28,20.66,20.85,20.19,20.80,367700,20.76
2011-11-25,19.96,20.20,19.89,19.95,128400,19.91
2011-11-23,19.90,20.26,19.83,20.05,447200,20.01
2011-11-22,20.42,20.43,20.01,20.13,215100,20.09
2011-11-21,20.74,20.84,20.13,20.38,87800,20.34
2011-11-18,21.14,21.36,20.96,21.14,245800,21.06
2011-11-17,21.38,21.47,20.98,21.12,325900,21.04
2011-11-16,21.91,21.97,21.32,21.44,310900,21.36
2011-11-15,21.52,22.29,21.47,22.20,289100,22.11
2011-11-14,21.63,21.63,21.28,21.48,284000,21.39
2011-11-11,21.76,21.87,21.63,21.78,193100,21.69
2011-11-10,21.20,21.50,21.05,21.48,365300,21.39
2011-11-09,20.74,21.20,20.64,20.82,316600,20.74
2011-11-08,21.47,21.76,21.11,21.47,425100,21.39
2011-11-07,21.31,21.40,20.53,21.23,306200,21.15
2011-11-04,21.11,21.54,21.11,21.25,499700,21.17
2011-11-03,20.86,21.44,20.55,21.35,293300,21.27
2011-11-02,20.86,20.96,20.36,20.60,412400,20.52
2011-11-01,20.89,21.43,20.58,20.59,348700,20.51
2011-10-31,21.28,22.37,21.21,21.76,344200,21.67
2011-10-28,20.80,21.73,20.56,21.62,564600,21.53
2011-10-27,20.50,21.60,20.50,21.33,534700,21.25
2011-10-26,19.83,20.14,19.16,19.87,182200,19.79
2011-10-25,20.24,20.24,19.60,19.62,201000,19.54
2011-10-24,20.30,20.47,20.08,20.30,285800,20.22
2011-10-21,20.24,20.50,20.02,20.23,258800,20.15
2011-10-20,20.08,20.30,19.62,19.88,263000,19.80
2011-10-19,20.43,20.78,20.00,20.08,257800,20.00
2011-10-18,20.06,20.84,19.63,20.58,192900,20.50
2011-10-17,20.83,20.83,19.87,19.96,243000,19.88
2011-10-14,21.21,21.21,20.63,21.04,128600,20.96
2011-10-13,20.74,21.49,20.74,20.99,181100,20.91
2011-10-12,20.28,21.15,20.16,20.87,645900,20.79
2011-10-11,20.12,20.46,19.93,20.22,283000,20.14
2011-10-10,19.88,20.40,19.83,20.34,203200,20.26
2011-10-07,19.87,19.95,19.12,19.38,345000,19.30
2011-10-06,19.93,20.04,19.63,19.78,374900,19.70
2011-10-05,20.35,20.39,19.94,20.08,214400,20.00
2011-10-04,18.50,20.46,18.49,20.34,317800,20.26
2011-10-03,19.51,19.87,18.66,18.67,384700,18.60
2011-09-30,19.77,20.12,19.45,19.72,297700,19.64
2011-09-29,20.66,20.72,19.47,20.22,239400,20.14
2011-09-28,21.37,21.37,20.08,20.22,366600,20.14
2011-09-27,21.68,22.31,21.21,21.47,344500,21.39
2011-09-26,21.00,21.39,20.54,21.27,214000,21.19
2011-09-23,20.10,21.13,20.05,20.87,280900,20.79
2011-09-22,20.05,20.44,19.62,20.11,249100,20.03
2011-09-21,21.26,21.85,20.67,20.72,154800,20.64
2011-09-20,21.62,21.98,21.34,21.38,118900,21.30
2011-09-19,21.75,21.80,21.23,21.59,233200,21.50
2011-09-16,22.30,22.80,22.01,22.21,325900,22.12
2011-09-15,21.58,22.25,21.37,22.17,173500,22.08
2011-09-14,21.32,21.75,20.46,21.37,251000,21.29
2011-09-13,20.73,21.52,20.61,21.23,637200,21.15
2011-09-12,19.59,20.69,19.59,20.64,204400,20.56
2011-09-09,20.24,20.43,19.77,19.97,214100,19.89
2011-09-08,21.03,21.14,20.37,20.47,129300,20.39
2011-09-07,20.92,21.35,20.88,21.18,242400,21.10
2011-09-06,20.03,20.57,19.63,20.53,277100,20.45
2011-09-02,21.08,21.33,20.59,20.75,231900,20.67
2011-09-01,21.54,21.88,21.30,21.57,425700,21.48
2011-08-31,21.22,21.70,21.07,21.51,325300,21.42
2011-08-30,20.38,21.16,20.38,21.07,407600,20.99
2011-08-29,19.90,20.67,19.89,20.57,344800,20.49
2011-08-26,19.44,19.88,19.02,19.68,164500,19.60
2011-08-25,20.05,20.13,19.38,19.62,255900,19.54
2011-08-24,19.35,19.88,19.33,19.81,233800,19.73
2011-08-23,18.79,19.44,18.67,19.38,186000,19.30
2011-08-22,18.94,19.02,18.45,18.65,271100,18.58
2011-08-19,18.73,19.38,18.50,18.65,296200,18.54
2011-08-18,19.95,19.95,18.97,19.24,433600,19.12
2011-08-17,20.44,20.45,19.72,20.11,462400,19.99
2011-08-16,20.13,20.57,19.92,20.34,216100,20.22
2011-08-15,20.31,20.51,20.00,20.51,171200,20.38
2011-08-12,19.83,20.31,19.44,20.09,258800,19.97
2011-08-11,18.92,20.20,18.55,19.72,497500,19.60
2011-08-10,20.32,20.45,18.76,18.89,689600,18.77
2011-08-09,19.49,20.76,18.80,20.74,782800,20.61
2011-08-08,19.95,20.95,19.00,19.00,704900,18.88
2011-08-05,21.98,22.22,19.65,20.59,600100,20.46
2011-08-04,22.15,22.52,21.43,21.78,410600,21.65
2011-08-03,21.94,22.65,21.74,22.44,510200,22.30
2011-08-02,21.71,22.29,21.71,21.91,473200,21.78
2011-08-01,21.33,23.00,21.33,21.89,1263300,21.76
2011-07-29,20.90,21.69,20.90,21.04,726600,20.91
2011-07-28,20.05,22.17,19.86,21.19,1219100,21.06
2011-07-27,19.35,19.40,18.84,19.35,330900,19.23
2011-07-26,20.04,20.04,19.42,19.49,172800,19.37
2011-07-25,19.97,20.26,19.92,20.06,88800,19.94
2011-07-22,20.50,20.50,20.04,20.21,133400,20.09
2011-07-21,20.35,20.58,20.28,20.54,222800,20.41
2011-07-20,19.78,20.32,19.61,20.26,148300,20.14
2011-07-19,19.77,20.15,19.64,19.75,200700,19.63
2011-07-18,20.18,20.30,19.63,19.65,115400,19.53
2011-07-15,20.15,20.45,20.10,20.31,204900,20.19
2011-07-14,20.19,20.35,19.97,20.13,270700,20.01
2011-07-13,20.30,20.41,20.05,20.18,155000,20.06
2011-07-12,20.09,20.34,19.92,20.11,134400,19.99
2011-07-11,20.26,20.35,20.01,20.18,178100,20.06
2011-07-08,20.43,20.63,20.09,20.51,236200,20.38
2011-07-07,20.80,20.97,20.55,20.65,374600,20.52
2011-07-06,20.60,20.63,20.05,20.58,210300,20.45
2011-07-05,20.88,21.05,20.49,20.61,188700,20.48
2011-07-01,20.60,21.01,20.42,20.88,242400,20.75
2011-06-30,20.50,20.77,20.42,20.60,223600,20.47
2011-06-29,20.72,20.75,20.42,20.57,387800,20.44
2011-06-28,20.36,20.71,20.24,20.61,676000,20.48
2011-06-27,20.39,20.61,20.27,20.52,209000,20.39
2011-06-24,20.01,20.72,20.01,20.43,391500,20.31
2011-06-23,19.42,20.06,19.19,20.01,429100,19.89
2011-06-22,19.58,19.86,19.58,19.67,203800,19.55
2011-06-21,19.66,19.96,19.63,19.72,336500,19.60
2011-06-20,18.92,19.74,18.92,19.51,354900,19.39
2011-06-17,19.20,19.55,18.88,19.49,479000,19.37
2011-06-16,19.04,19.47,18.82,19.06,224800,18.94
2011-06-15,19.44,19.47,18.95,19.03,265000,18.91
2011-06-14,19.63,19.90,19.54,19.66,161000,19.54
2011-06-13,19.77,19.82,19.44,19.44,143800,19.32
2011-06-10,19.83,20.10,19.46,19.76,330200,19.64
2011-06-09,19.15,20.14,19.05,20.01,564900,19.89
2011-06-08,18.54,18.77,18.16,18.51,562500,18.40
2011-06-07,18.44,18.78,18.21,18.64,240100,18.53
2011-06-06,18.55,18.72,18.29,18.30,258500,18.19
2011-06-03,18.45,18.65,18.33,18.57,519600,18.46
2011-06-02,18.78,18.86,18.55,18.71,184600,18.60
2011-06-01,18.96,19.03,18.71,18.78,333000,18.67
2011-05-31,19.20,19.30,18.83,19.02,256100,18.90
2011-05-27,19.25,19.32,19.00,19.03,108700,18.91
2011-05-26,18.84,19.27,18.84,19.22,318400,19.10
2011-05-25,19.42,19.66,19.05,19.09,523500,18.97
2011-05-24,18.32,18.42,18.11,18.30,394000,18.19
2011-05-23,18.80,18.82,18.29,18.29,502200,18.18
2011-05-20,19.18,19.18,18.77,19.11,366500,18.95
2011-05-19,19.42,19.65,19.21,19.21,249400,19.05
2011-05-18,19.28,19.41,19.11,19.26,1211200,19.10
2011-05-17,19.59,19.59,19.10,19.27,195500,19.11
2011-05-16,20.05,20.25,19.54,19.59,227000,19.43
2011-05-13,20.38,20.58,20.08,20.18,313900,20.02
2011-05-12,20.34,20.60,20.10,20.32,252000,20.15
2011-05-11,20.42,20.65,19.97,20.42,520900,20.25
2011-05-10,20.80,21.19,20.80,21.05,310700,20.88
2011-05-09,20.95,20.95,20.59,20.74,292000,20.57
2011-05-06,21.77,22.05,21.00,21.02,375400,20.85
2011-05-05,20.76,22.06,20.63,21.54,752600,21.36
2011-05-04,20.95,21.41,19.60,20.84,969200,20.67
2011-05-03,19.34,19.34,18.73,18.73,301300,18.58
2011-05-02,20.05,20.05,19.39,19.41,168000,19.25
2011-04-29,19.75,20.00,19.63,19.96,201000,19.80
2011-04-28,19.60,19.82,19.44,19.74,655600,19.58
2011-04-27,19.31,19.66,19.09,19.62,204000,19.46
2011-04-26,19.36,19.60,19.24,19.35,275300,19.19
2011-04-25,19.05,19.45,18.95,19.30,248300,19.14
2011-04-21,18.99,19.03,18.86,19.00,396100,18.84
2011-04-20,18.70,18.89,18.58,18.85,137900,18.70
2011-04-19,18.32,18.49,18.18,18.40,149200,18.25
2011-04-18,18.31,18.40,18.00,18.23,213400,18.08
2011-04-15,17.47,18.60,17.31,18.58,428600,18.43
2011-04-14,16.96,17.55,16.92,17.52,175400,17.38
2011-04-13,17.20,17.30,16.93,17.12,139100,16.98
2011-04-12,16.95,17.37,16.74,17.11,247100,16.97
2011-04-11,16.95,17.10,16.95,17.10,186100,16.96
2011-04-08,17.44,17.59,16.90,17.00,129900,16.86
2011-04-07,17.56,17.59,17.23,17.43,93000,17.29
2011-04-06,17.48,17.60,17.46,17.53,105600,17.39
2011-04-05,17.58,17.64,17.29,17.42,83400,17.28
2011-04-04,17.74,17.74,17.56,17.64,71200,17.50
2011-04-01,17.63,18.05,17.55,17.74,192800,17.59
2011-03-31,17.40,17.55,17.29,17.53,88100,17.39
2011-03-30,17.32,17.45,17.21,17.43,82900,17.29
2011-03-29,17.14,17.47,17.13,17.22,161000,17.08
2011-03-28,17.19,17.37,17.12,17.15,213900,17.01
2011-03-25,17.59,17.62,17.09,17.20,180200,17.06
2011-03-24,17.61,17.61,17.29,17.49,115500,17.35
2011-03-23,17.34,17.60,17.16,17.50,174000,17.36
2011-03-22,17.78,17.78,17.42,17.42,187000,17.28
2011-03-21,18.19,18.19,17.71,17.78,217500,17.63
2011-03-18,17.58,17.96,17.57,17.94,351400,17.79
2011-03-17,17.86,17.95,17.44,17.44,75000,17.30
2011-03-16,17.73,17.87,17.39,17.52,133000,17.38
2011-03-15,17.57,17.97,17.50,17.81,155000,17.66
2011-03-14,18.27,18.50,17.88,18.09,210000,17.94
2011-03-11,18.59,18.70,18.35,18.47,198900,18.32
2011-03-10,19.16,19.16,18.60,18.70,152900,18.55
2011-03-09,19.54,19.58,19.33,19.37,93800,19.21
2011-03-08,19.20,19.85,19.09,19.55,213800,19.39
2011-03-07,19.69,19.70,18.93,19.22,152600,19.06
2011-03-04,19.70,19.81,19.45,19.63,244400,19.47
2011-03-03,19.57,19.91,19.57,19.72,175800,19.56
2011-03-02,19.64,19.70,19.23,19.39,295800,19.23
2011-03-01,19.66,19.88,19.46,19.63,300800,19.43
2011-02-28,19.27,19.61,19.23,19.58,237500,19.38
2011-02-25,18.80,19.22,18.78,19.17,146100,18.97
2011-02-24,18.73,18.85,18.28,18.73,161700,18.54
2011-02-23,19.53,19.53,18.67,18.73,179500,18.54
2011-02-22,19.71,19.81,19.34,19.41,208100,19.21
2011-02-18,19.08,19.90,18.97,19.90,246600,19.70
2011-02-17,18.51,19.24,18.51,18.96,333100,18.77
2011-02-16,17.19,18.11,17.19,18.09,329300,17.91
2011-02-15,17.60,17.73,17.36,17.40,250700,17.22
2011-02-14,17.80,17.86,17.50,17.66,226500,17.48
2011-02-11,17.50,17.84,17.48,17.84,76600,17.66
2011-02-10,17.43,17.76,17.43,17.56,148300,17.38
2011-02-09,17.35,17.61,17.34,17.58,187800,17.40
2011-02-08,16.96,17.46,16.75,17.46,101300,17.28
2011-02-07,16.79,17.05,16.67,17.01,127300,16.84
2011-02-04,16.58,16.84,16.45,16.80,99300,16.63
2011-02-03,16.61,16.63,16.29,16.58,91700,16.41
2011-02-02,16.45,16.74,16.44,16.68,155600,16.51
2011-02-01,15.87,16.55,15.87,16.54,228200,16.37
2011-01-31,15.56,15.83,15.45,15.80,193200,15.64
2011-01-28,15.72,15.80,15.39,15.51,180600,15.35
2011-01-27,15.91,15.95,15.68,15.74,87500,15.58
2011-01-26,16.11,16.32,15.92,15.93,178600,15.77
2011-01-25,15.90,16.06,15.80,16.04,114100,15.88
2011-01-24,15.85,16.07,15.82,16.03,102500,15.87
2011-01-21,15.86,15.96,15.82,15.88,125500,15.72
2011-01-20,15.88,16.00,15.66,15.80,119800,15.64
2011-01-19,16.09,16.11,15.83,15.97,231800,15.81
2011-01-18,16.13,16.17,15.88,16.14,200000,15.98
2011-01-14,15.60,16.19,15.60,16.16,292400,16.00
2011-01-13,16.38,16.43,16.14,16.23,143500,16.06
2011-01-12,16.38,16.48,16.22,16.36,135500,16.19
2011-01-11,16.17,16.29,16.08,16.19,128300,16.02
2011-01-10,16.15,16.20,15.89,16.07,175100,15.91
2011-01-07,16.53,16.65,16.00,16.27,173900,16.10
2011-01-06,16.01,16.90,15.91,16.49,499700,16.32
2011-01-05,15.68,15.94,15.58,15.83,106000,15.67
2011-01-04,16.04,16.04,15.48,15.67,129200,15.51
2011-01-03,15.61,16.10,15.56,16.02,116800,15.86
2010-12-31,15.56,15.63,15.42,15.42,101000,15.26
2010-12-30,15.49,15.77,15.43,15.59,101300,15.43
2010-12-29,15.73,15.77,15.52,15.54,63600,15.38
2010-12-28,15.76,15.81,15.58,15.64,79200,15.48
2010-12-27,15.49,15.76,15.45,15.70,61900,15.54
2010-12-23,15.38,15.62,15.27,15.50,100600,15.34
2010-12-22,15.41,15.59,15.39,15.40,214300,15.24
2010-12-21,15.59,15.63,15.39,15.43,386600,15.27
2010-12-20,15.64,15.85,15.54,15.54,171700,15.38
2010-12-17,15.83,15.90,15.57,15.60,418100,15.44
2010-12-16,16.00,16.08,15.76,15.83,213500,15.67
2010-12-15,16.09,16.24,15.90,15.94,160400,15.78
2010-12-14,16.16,16.16,16.00,16.10,119300,15.94
2010-12-13,16.47,16.47,16.04,16.06,141500,15.90
2010-12-10,16.55,16.65,16.37,16.40,211000,16.23
2010-12-09,16.47,16.51,16.33,16.50,564900,16.33
2010-12-08,16.51,16.57,16.29,16.30,154800,16.13
2010-12-07,16.60,16.82,16.42,16.46,334300,16.29
2010-12-06,16.10,16.48,16.09,16.47,87700,16.30
2010-12-03,16.14,16.30,16.04,16.16,100900,16.00
2010-12-02,16.05,16.28,15.86,16.23,131400,16.06
2010-12-01,16.13,16.28,15.92,16.03,154400,15.87
2010-11-30,15.80,15.95,15.64,15.79,164000,15.63
2010-11-29,16.19,16.39,15.93,16.04,136900,15.88
2010-11-26,15.90,16.41,15.87,16.35,54300,16.18
2010-11-24,15.84,16.18,15.84,16.01,158300,15.85
2010-11-23,16.06,16.11,15.48,15.83,206700,15.67
2010-11-22,15.59,16.40,15.52,16.31,250400,16.14
2010-11-19,15.23,15.67,15.11,15.65,428000,15.49
2010-11-18,15.00,15.36,14.99,15.26,236900,15.09
2010-11-17,14.97,15.02,14.83,14.95,231800,14.79
2010-11-16,14.83,14.94,14.68,14.91,156000,14.75
2010-11-15,14.98,15.01,14.85,14.93,235600,14.77
2010-11-12,14.80,14.98,14.76,14.92,143600,14.76
2010-11-11,14.55,14.96,14.46,14.92,109700,14.76
2010-11-10,14.69,14.80,14.50,14.77,258400,14.61
2010-11-09,14.75,14.77,14.53,14.63,235200,14.47
2010-11-08,14.38,14.73,14.34,14.73,219500,14.57
2010-11-05,14.20,14.46,14.11,14.45,217400,14.29
2010-11-04,14.21,14.28,13.93,14.20,365400,14.05
2010-11-03,13.86,14.25,13.57,13.92,421300,13.77
2010-11-02,14.53,14.86,14.53,14.69,245800,14.53
2010-11-01,14.37,14.55,14.18,14.33,184000,14.17
2010-10-29,14.25,14.49,14.25,14.28,82500,14.13
2010-10-28,14.59,14.59,14.17,14.30,133700,14.14
2010-10-27,14.75,14.75,14.23,14.42,105900,14.26
2010-10-26,14.77,14.97,14.67,14.89,153600,14.73
2010-10-25,14.88,14.97,14.76,14.90,227100,14.74
2010-10-22,14.79,14.82,14.53,14.74,86600,14.58
2010-10-21,14.77,15.20,14.56,14.75,162000,14.59
2010-10-20,14.70,14.76,14.53,14.65,115000,14.49
2010-10-19,14.81,15.15,14.51,14.57,148500,14.41
2010-10-18,14.91,15.13,14.73,15.10,118400,14.94
2010-10-15,15.26,15.37,14.78,14.91,185600,14.75
2010-10-14,15.10,15.21,14.92,15.05,124600,14.89
2010-10-13,14.98,15.26,14.87,15.08,172900,14.92
2010-10-12,14.79,15.00,14.59,14.89,130500,14.73
2010-10-11,14.98,15.10,14.82,14.88,90600,14.72
2010-10-08,14.89,15.09,14.67,14.99,126700,14.83
2010-10-07,14.94,15.04,14.72,14.84,97300,14.68
2010-10-06,15.15,15.30,14.58,14.79,213700,14.63
2010-10-05,14.90,15.24,14.77,15.21,207400,15.05
2010-10-04,15.21,15.24,14.61,14.69,273700,14.53
2010-10-01,15.40,15.40,14.98,15.21,170100,15.05
2010-09-30,15.48,15.65,15.01,15.22,255600,15.05
2010-09-29,15.33,15.51,15.25,15.32,125300,15.15
2010-09-28,15.62,15.70,15.12,15.43,164000,15.26
2010-09-27,15.78,15.78,15.38,15.54,76200,15.37
2010-09-24,15.22,15.79,15.09,15.74,131800,15.57
2010-09-23,15.08,15.37,14.95,14.98,136900,14.82
2010-09-22,15.91,15.91,15.17,15.23,117900,15.06
2010-09-21,15.81,16.11,15.61,15.93,110400,15.76
2010-09-20,15.26,15.88,15.20,15.78,191000,15.61
2010-09-17,15.20,15.45,14.91,15.25,188000,15.08
2010-09-16,15.34,15.35,14.91,15.03,177600,14.87
2010-09-15,15.20,15.62,15.16,15.44,101300,15.27
2010-09-14,15.42,15.48,15.27,15.31,111500,15.14
2010-09-13,15.23,15.60,15.16,15.44,336600,15.27
2010-09-10,15.19,15.38,14.97,15.11,84300,14.95
2010-09-09,15.14,15.20,14.90,15.08,77100,14.92
2010-09-08,14.95,15.28,14.66,14.88,142100,14.72
2010-09-07,15.52,15.61,14.81,14.88,167800,14.72
2010-09-03,15.38,15.67,15.14,15.64,120700,15.47
2010-09-02,14.92,15.17,14.72,15.15,132500,14.99
2010-09-01,14.40,14.84,14.14,14.84,159800,14.68
2010-08-31,14.05,14.49,13.94,14.15,156200,14.00
2010-08-30,14.39,14.53,14.09,14.10,115200,13.95
2010-08-27,14.10,14.54,13.80,14.50,172400,14.34
2010-08-26,14.15,14.27,13.80,13.90,181100,13.75
2010-08-25,13.83,14.13,13.63,14.10,128700,13.95
2010-08-24,13.69,14.17,13.48,13.95,173400,13.80
2010-08-23,14.11,14.20,13.84,13.85,197400,13.70
2010-08-20,14.12,14.23,13.85,14.05,205900,13.89
2010-08-19,14.69,14.79,14.06,14.22,228800,14.06
2010-08-18,14.91,14.98,14.54,14.79,145800,14.62
2010-08-17,14.76,15.09,14.60,14.89,139800,14.72
2010-08-16,14.16,14.63,14.15,14.56,170500,14.39
2010-08-13,14.25,14.34,14.14,14.27,190300,14.11
2010-08-12,14.00,14.36,13.87,14.27,218600,14.11
2010-08-11,14.47,14.54,14.15,14.28,255100,14.12
2010-08-10,15.06,15.06,14.57,14.74,246000,14.57
2010-08-09,15.03,15.30,14.95,15.19,120200,15.01
2010-08-06,15.01,15.18,14.45,14.96,282700,14.79
2010-08-05,16.65,16.65,15.24,15.30,217300,15.12
2010-08-04,15.72,16.81,15.68,16.73,274700,16.54
2010-08-03,15.85,15.95,15.56,15.68,389000,15.50
2010-08-02,15.98,16.29,15.77,15.85,152100,15.67
2010-07-30,15.39,15.81,15.34,15.78,178300,15.60
2010-07-29,15.83,15.92,15.49,15.54,119800,15.36
2010-07-28,16.09,16.09,15.70,15.73,177200,15.55
2010-07-27,16.26,16.48,15.99,16.21,195800,16.02
2010-07-26,15.69,16.27,15.59,16.14,200800,15.95
2010-07-23,15.14,15.66,15.04,15.58,189800,15.40
2010-07-22,14.59,15.26,14.53,15.22,182300,15.04
2010-07-21,14.59,14.82,14.15,14.34,249200,14.17
2010-07-20,13.86,14.33,13.66,14.31,140700,14.14
2010-07-19,14.24,14.41,13.76,14.05,89600,13.89
2010-07-16,14.76,14.88,14.12,14.25,177700,14.09
2010-07-15,15.35,15.35,14.71,14.89,112700,14.72
2010-07-14,15.38,15.44,15.15,15.29,96900,15.11
2010-07-13,14.93,15.52,14.93,15.49,148200,15.31
2010-07-12,15.00,15.10,14.59,14.68,110600,14.51
2010-07-09,14.86,15.10,14.84,15.08,71700,14.91
2010-07-08,14.94,15.09,14.64,14.84,125400,14.67
2010-07-07,14.20,14.85,14.08,14.83,155000,14.66
2010-07-06,15.07,15.07,14.06,14.10,177700,13.94
2010-07-02,15.13,15.13,14.37,14.55,136000,14.38
2010-07-01,15.01,15.03,14.37,14.98,209500,14.81
2010-06-30,14.95,15.37,14.79,14.84,197000,14.67
2010-06-29,15.81,15.81,14.78,14.90,314600,14.73
2010-06-28,15.95,16.33,15.83,15.85,334900,15.67
2010-06-25,15.39,16.16,15.33,15.95,468600,15.77
2010-06-24,15.85,15.94,15.35,15.36,164000,15.18
2010-06-23,16.64,16.73,15.89,16.00,267800,15.82
2010-06-22,17.38,17.55,16.66,16.68,122300,16.49
2010-06-21,17.84,18.07,17.25,17.37,323300,17.17
2010-06-18,17.18,17.65,17.05,17.58,265200,17.38
2010-06-17,17.47,17.54,16.97,17.07,144900,16.87
2010-06-16,17.33,17.60,17.28,17.39,99200,17.19
2010-06-15,16.95,17.55,16.88,17.48,171400,17.28
2010-06-14,16.67,17.24,16.61,16.81,174700,16.62
2010-06-11,16.12,16.53,16.07,16.46,133300,16.27
2010-06-10,16.02,16.40,15.81,16.39,203700,16.20
2010-06-09,15.57,16.00,15.37,15.72,216400,15.54
2010-06-08,15.66,15.71,15.20,15.39,375200,15.21
2010-06-07,16.15,16.24,15.59,15.63,303200,15.45
2010-06-04,16.30,16.43,16.01,16.10,323800,15.91
2010-06-03,16.55,16.88,16.45,16.77,133300,16.58
2010-06-02,16.00,16.50,15.97,16.48,191300,16.29
2010-06-01,16.24,16.42,15.99,15.99,266300,15.81
2010-05-28,16.49,16.57,16.10,16.43,196400,16.24
2010-05-27,16.53,16.65,16.24,16.50,195000,16.31
2010-05-26,15.88,16.70,15.84,16.19,715300,16.00
2010-05-25,15.55,15.82,15.33,15.80,246800,15.62
2010-05-24,15.99,16.11,15.78,15.84,132500,15.66
2010-05-21,15.59,16.17,15.50,16.05,283500,15.86
2010-05-20,16.56,16.62,15.86,15.88,336100,15.69
2010-05-19,16.93,17.47,16.87,17.02,268600,16.81
2010-05-18,17.43,17.45,16.93,17.02,198400,16.81
2010-05-17,17.47,17.63,16.55,17.18,261600,16.97
2010-05-14,17.59,17.72,17.08,17.34,373600,17.13
2010-05-13,17.58,18.04,17.48,17.78,299400,17.56
2010-05-12,16.80,17.60,16.75,17.60,268800,17.39
2010-05-11,16.21,16.87,15.73,16.80,262800,16.60
2010-05-10,16.34,16.50,16.04,16.45,327300,16.25
2010-05-07,16.76,16.86,15.70,15.74,718900,15.55
2010-05-06,17.84,17.84,16.15,16.98,544400,16.77
2010-05-05,18.13,18.20,17.61,17.91,145300,17.69
2010-05-04,18.57,18.59,18.04,18.22,127000,18.00
2010-05-03,18.52,18.84,18.29,18.80,191100,18.57
2010-04-30,19.23,19.34,18.36,18.38,175700,18.16
2010-04-29,18.97,19.31,18.83,19.29,146200,19.06
2010-04-28,18.83,19.01,18.48,18.79,104800,18.56
2010-04-27,19.25,19.50,18.76,18.76,117400,18.53
2010-04-26,19.47,19.51,19.21,19.30,97400,19.07
2010-04-23,19.36,19.51,19.25,19.48,112200,19.24
2010-04-22,19.01,19.50,19.00,19.50,132000,19.26
2010-04-21,18.82,19.25,18.77,19.25,91000,19.02
2010-04-20,18.70,18.86,18.54,18.85,122300,18.62
2010-04-19,18.44,19.25,18.44,18.68,222400,18.45
2010-04-16,18.48,18.68,17.99,18.57,285000,18.34
2010-04-15,18.82,18.92,17.27,18.66,168300,18.43
2010-04-14,19.19,19.42,19.11,19.32,120000,19.08
2010-04-13,19.35,19.35,19.02,19.14,63000,18.91
2010-04-12,19.11,19.49,18.99,19.34,120700,19.10
2010-04-09,19.11,19.32,18.90,19.06,98700,18.83
2010-04-08,19.26,19.37,19.05,19.11,85900,18.88
2010-04-07,19.20,19.49,19.07,19.35,217900,19.11
2010-04-06,18.88,19.30,18.81,19.16,433500,18.93
2010-04-05,18.90,19.28,18.90,19.05,319900,18.82
2010-04-01,18.67,18.94,18.59,18.92,191500,18.69
2010-03-31,18.70,19.03,18.50,18.60,232600,18.37
2010-03-30,18.07,18.74,18.00,18.72,212400,18.49
2010-03-29,17.71,18.00,17.66,17.99,142700,17.77
2010-03-26,17.85,17.93,17.52,17.68,130200,17.46
2010-03-25,18.19,18.19,17.82,17.84,155900,17.62
2010-03-24,18.42,18.56,17.98,18.03,106900,17.81
2010-03-23,18.34,18.60,18.03,18.55,136600,18.32
2010-03-22,17.45,18.34,17.31,18.28,183700,18.06
2010-03-19,17.69,18.00,17.40,17.53,343300,17.32
2010-03-18,17.92,17.92,17.56,17.59,384200,17.38
2010-03-17,17.64,18.00,17.63,17.88,93600,17.66
2010-03-16,17.40,17.58,17.28,17.56,129900,17.35
2010-03-15,17.39,17.52,17.21,17.39,163500,17.18
2010-03-12,17.64,17.86,17.26,17.37,181600,17.16
2010-03-11,17.19,17.57,17.11,17.54,192000,17.33
2010-03-10,17.14,17.62,17.14,17.27,156600,17.06
2010-03-09,17.36,17.47,17.10,17.19,173000,16.98
2010-03-08,17.31,17.68,17.23,17.38,226300,17.17
2010-03-05,16.44,17.51,16.44,17.39,320900,17.18
2010-03-04,16.18,16.37,16.13,16.33,125100,16.13
2010-03-03,15.98,16.24,15.72,16.11,178500,15.91
2010-03-02,15.78,16.01,15.78,15.98,518900,15.78
2010-03-01,15.38,15.75,15.25,15.71,269700,15.51
2010-02-26,15.21,15.38,15.11,15.29,225000,15.09
2010-02-25,14.95,15.17,14.81,15.17,218100,14.98
2010-02-24,15.05,15.30,15.05,15.10,181700,14.91
2010-02-23,14.78,15.07,14.75,15.04,299400,14.85
2010-02-22,14.77,14.95,14.75,14.79,192400,14.60
2010-02-19,15.13,15.14,14.65,14.77,354500,14.58
2010-02-18,14.55,15.25,14.35,15.21,422200,15.02
2010-02-17,15.48,15.52,15.33,15.40,276900,15.20
2010-02-16,15.33,15.40,15.07,15.39,173600,15.19
2010-02-12,15.21,15.35,15.09,15.26,227700,15.06
2010-02-11,15.10,15.36,15.09,15.28,219200,15.08
2010-02-10,14.81,15.24,14.81,15.19,319000,15.00
2010-02-09,14.71,14.95,14.63,14.90,232600,14.71
2010-02-08,14.57,14.70,14.51,14.61,203900,14.42
2010-02-05,14.49,14.78,14.45,14.63,298000,14.44
2010-02-04,14.12,14.56,14.12,14.50,311000,14.31
2010-02-03,14.19,14.31,14.07,14.25,159300,14.07
2010-02-02,14.32,14.40,14.15,14.28,187100,14.10
2010-02-01,14.27,14.38,14.09,14.35,133900,14.17
2010-01-29,14.44,14.59,14.25,14.27,216200,14.09
2010-01-28,14.42,14.47,14.19,14.43,221400,14.25
2010-01-27,14.24,14.47,14.07,14.40,119100,14.22
2010-01-26,14.51,14.51,14.25,14.30,274200,14.12
2010-01-25,14.73,14.73,14.37,14.61,252500,14.42
2010-01-22,14.66,14.82,14.47,14.57,216100,14.38
2010-01-21,14.80,14.95,14.47,14.65,158100,14.46
2010-01-20,14.90,15.01,14.57,14.67,186100,14.48
2010-01-19,14.80,15.12,14.62,15.07,325300,14.88
2010-01-15,14.65,14.76,14.47,14.74,236900,14.55
2010-01-14,14.63,14.72,14.52,14.65,134600,14.46
2010-01-13,14.66,14.84,14.50,14.67,191100,14.48
2010-01-12,14.80,14.80,14.45,14.56,172600,14.37
2010-01-11,15.00,15.00,14.70,14.92,236800,14.73
2010-01-08,13.80,15.00,13.80,15.00,405600,14.81
2010-01-07,13.07,13.24,12.95,13.22,147700,13.05
2010-01-06,13.47,13.48,12.96,13.04,218900,12.87
2010-01-05,13.70,13.75,13.33,13.46,160200,13.29
2010-01-04,13.32,13.76,13.21,13.76,214600,13.58
2009-12-31,13.31,13.31,13.04,13.13,125400,12.96
2009-12-30,13.29,13.37,13.02,13.33,144400,13.16
2009-12-29,13.55,13.65,13.34,13.36,95000,13.19
2009-12-28,13.76,13.82,13.38,13.48,123800,13.31
2009-12-24,13.88,13.94,13.72,13.80,33300,13.62
2009-12-23,13.68,13.92,13.59,13.85,104800,13.67
2009-12-22,13.59,14.23,13.44,13.60,327600,13.43
2009-12-21,13.01,13.59,13.01,13.50,281000,13.33
2009-12-18,12.82,13.50,12.60,13.47,1007600,13.30
2009-12-17,12.29,12.59,12.23,12.46,298800,12.30
2009-12-16,12.14,12.37,12.05,12.36,194100,12.20
2009-12-15,11.74,12.20,11.74,12.01,210800,11.86
2009-12-14,11.54,11.74,11.43,11.74,196100,11.59
2009-12-11,11.40,11.69,11.31,11.50,113600,11.35
2009-12-10,11.62,11.62,11.29,11.33,461700,11.19
2009-12-09,11.52,11.61,11.36,11.61,196700,11.46
2009-12-08,11.55,11.62,11.29,11.57,169800,11.42
2009-12-07,11.50,11.70,11.48,11.66,147100,11.51
2009-12-04,11.36,11.63,11.31,11.54,204400,11.39
2009-12-03,11.06,11.29,11.06,11.13,254500,10.99
2009-12-02,10.97,11.23,10.93,11.05,127100,10.91
2009-12-01,10.82,11.01,10.72,10.93,238800,10.79
2009-11-30,10.93,11.00,10.45,10.69,350300,10.55
2009-11-27,10.73,11.12,10.73,10.93,157300,10.79
2009-11-25,11.18,11.30,11.07,11.13,135900,10.99
2009-11-24,11.25,11.25,10.95,11.16,509700,11.02
2009-11-23,11.39,11.50,11.28,11.30,241700,11.16
2009-11-20,11.52,11.59,11.08,11.21,327400,11.07
2009-11-19,11.80,11.86,11.54,11.63,314700,11.48
2009-11-18,11.99,12.07,11.77,11.90,128000,11.74
2009-11-17,12.08,12.10,11.93,11.98,128000,11.82
2009-11-16,12.01,12.15,11.95,12.07,250500,11.91
2009-11-13,12.07,12.14,11.70,11.94,276100,11.78
2009-11-12,12.10,12.27,11.92,12.03,185100,11.87
2009-11-11,12.30,12.34,12.08,12.10,163800,11.94
2009-11-10,12.00,12.26,11.93,12.19,470900,12.02
2009-11-09,12.24,12.28,12.01,12.05,192400,11.89
2009-11-06,11.83,12.27,11.78,12.16,181700,11.99
2009-11-05,11.92,12.16,11.88,12.00,524600,11.84
2009-11-04,12.26,12.30,11.70,11.75,562900,11.59
2009-11-03,11.80,12.61,11.80,12.23,475700,12.06
2009-11-02,12.42,12.46,11.88,12.24,374000,12.07
2009-10-30,12.67,12.97,12.27,12.29,358000,12.12
2009-10-29,12.75,12.86,12.52,12.75,210000,12.58
2009-10-28,12.81,13.14,12.55,12.59,308800,12.42
2009-10-27,12.97,13.37,12.75,12.78,209700,12.61
2009-10-26,13.10,13.50,12.82,12.97,230000,12.79
2009-10-23,13.94,14.00,13.03,13.05,239400,12.87
2009-10-22,13.51,14.02,13.32,13.84,289400,13.65
2009-10-21,13.61,14.04,13.46,13.50,380000,13.32
2009-10-20,13.84,14.00,13.50,13.61,264900,13.42
2009-10-19,13.80,14.18,13.73,13.84,328200,13.65
2009-10-16,14.04,14.12,13.66,13.78,406000,13.59
2009-10-15,14.05,14.21,13.88,14.15,404900,13.96
2009-10-14,14.39,14.44,14.05,14.10,304000,13.91
2009-10-13,14.15,14.27,13.88,14.26,258700,14.07
2009-10-12,14.21,14.50,14.00,14.14,192800,13.95
2009-10-09,14.05,14.26,13.97,14.20,189200,14.01
2009-10-08,14.22,14.30,13.99,14.02,345000,13.83
2009-10-07,14.13,14.29,13.96,14.08,248800,13.89
2009-10-06,14.13,14.58,13.55,14.21,334100,14.02
2009-10-05,14.00,14.50,13.91,14.36,310200,14.16
2009-10-02,13.62,14.09,13.61,13.95,232400,13.76
2009-10-01,14.46,14.59,13.85,13.87,203200,13.68
2009-09-30,14.76,14.78,14.37,14.51,230500,14.31
2009-09-29,14.96,15.03,14.48,14.74,140600,14.54
2009-09-28,14.65,15.00,14.50,14.90,139900,14.70
2009-09-25,14.42,14.68,14.34,14.53,271000,14.33
2009-09-24,14.79,14.83,14.46,14.50,299900,14.30
2009-09-23,15.00,15.04,14.72,14.80,279600,14.60
2009-09-22,14.94,15.10,14.71,14.94,311600,14.74
2009-09-21,14.55,15.00,14.43,14.87,436700,14.67
2009-09-18,14.71,15.17,14.42,14.65,1749100,14.45
2009-09-17,14.52,14.76,14.36,14.67,200100,14.47
2009-09-16,14.40,14.64,14.25,14.60,320000,14.40
2009-09-15,14.10,14.40,13.93,14.38,272700,14.18
2009-09-14,13.48,14.14,13.33,14.08,196800,13.89
2009-09-11,13.28,13.55,13.26,13.54,156000,13.36
2009-09-10,12.91,13.25,12.81,13.25,135700,13.07
2009-09-09,12.81,13.09,12.65,12.96,121100,12.78
2009-09-08,12.55,12.87,12.44,12.83,161400,12.66
2009-09-04,12.20,12.56,11.92,12.48,308100,12.31
2009-09-03,12.30,12.30,11.87,12.20,207100,12.03
2009-09-02,11.99,12.40,11.99,12.23,248300,12.06
2009-09-01,12.40,12.69,11.95,12.05,330000,11.89
2009-08-31,12.49,12.57,12.15,12.51,348400,12.34
2009-08-28,12.87,12.96,12.46,12.56,760900,12.39
2009-08-27,12.94,12.94,12.50,12.80,529900,12.63
2009-08-26,12.67,13.08,12.64,13.00,261000,12.82
2009-08-25,12.52,12.75,12.45,12.64,289600,12.47
2009-08-24,12.55,12.77,12.37,12.50,582600,12.33
2009-08-21,11.49,12.87,11.28,12.50,774200,12.33
2009-08-20,11.30,11.46,11.10,11.29,315100,11.13
2009-08-19,10.81,11.37,10.80,11.33,337400,11.17
2009-08-18,10.65,11.03,10.65,10.91,552900,10.75
2009-08-17,9.98,10.68,9.87,10.63,369300,10.48
2009-08-14,10.64,10.67,10.05,10.10,468400,9.95
2009-08-13,10.71,10.80,10.50,10.64,130100,10.49
2009-08-12,10.48,10.76,10.30,10.63,314600,10.48
2009-08-11,10.94,10.97,10.45,10.50,301100,10.35
2009-08-10,10.96,11.13,10.82,10.94,220700,10.78
2009-08-07,10.94,11.35,10.89,11.05,335800,10.89
2009-08-06,10.89,11.04,10.60,10.75,237600,10.59
2009-08-05,10.50,10.95,10.31,10.84,413700,10.68
2009-08-04,10.26,10.56,9.75,10.53,509200,10.38
2009-08-03,10.87,10.87,10.19,10.44,368500,10.29
2009-07-31,10.50,10.85,10.40,10.66,364800,10.51
2009-07-30,10.55,11.00,10.45,10.51,305100,10.36
2009-07-29,10.34,10.53,10.29,10.45,178600,10.30
2009-07-28,10.16,10.45,10.10,10.39,231800,10.24
2009-07-27,10.08,10.32,10.04,10.26,139500,10.11
2009-07-24,9.89,10.24,9.81,10.15,211700,10.00
2009-07-23,9.53,10.00,9.53,9.96,329900,9.82
2009-07-22,9.42,9.69,9.35,9.55,320700,9.41
2009-07-21,9.51,9.55,9.40,9.49,312100,9.35
2009-07-20,9.56,9.73,9.42,9.48,230000,9.34
2009-07-17,9.64,9.93,9.52,9.52,241900,9.38
2009-07-16,9.53,9.73,9.38,9.62,334600,9.48
2009-07-15,9.32,9.63,9.21,9.55,370000,9.41
2009-07-14,9.23,9.43,9.18,9.25,235100,9.12
2009-07-13,9.23,9.41,8.89,9.34,339900,9.20
2009-07-10,9.19,9.34,9.03,9.22,191400,9.09
2009-07-09,9.66,9.69,9.12,9.27,543200,9.14
2009-07-08,9.34,9.44,9.11,9.41,560400,9.27
2009-07-07,9.33,9.35,9.12,9.21,470400,9.08
2009-07-06,9.18,9.38,8.88,9.34,353000,9.20
2009-07-02,9.59,9.59,9.20,9.20,426800,9.07
2009-07-01,9.64,10.44,9.59,9.79,708000,9.65
2009-06-30,9.16,9.60,9.09,9.57,429400,9.43
2009-06-29,9.07,9.27,8.98,9.11,629000,8.98
2009-06-26,8.69,9.24,8.50,9.13,1752400,9.00
2009-06-25,8.09,8.78,8.05,8.76,349400,8.63
2009-06-24,8.18,8.24,8.02,8.17,196300,8.05
2009-06-23,8.22,8.37,8.06,8.14,223500,8.02
2009-06-22,8.69,8.80,8.25,8.25,209300,8.13
2009-06-19,8.78,8.85,8.59,8.72,285200,8.59
2009-06-18,8.52,8.80,8.41,8.70,223500,8.57
2009-06-17,8.51,8.61,8.40,8.41,456700,8.29
2009-06-16,8.61,8.76,8.46,8.51,272000,8.39
2009-06-15,8.81,8.85,8.46,8.61,384800,8.49
2009-06-12,8.43,8.88,8.43,8.86,237700,8.73
2009-06-11,8.84,8.84,8.45,8.47,183600,8.35
2009-06-10,8.60,8.74,8.20,8.72,483900,8.59
2009-06-09,8.63,8.73,8.42,8.57,237100,8.45
2009-06-08,8.95,9.09,8.56,8.61,291800,8.49
2009-06-05,8.65,9.02,8.61,8.87,410900,8.74
2009-06-04,8.40,8.65,8.24,8.55,415000,8.43
2009-06-03,8.20,8.38,8.13,8.38,351400,8.26
2009-06-02,8.20,8.47,8.16,8.20,375800,8.08
2009-06-01,7.81,8.29,7.73,8.28,258900,8.16
2009-05-29,7.58,7.85,7.45,7.65,291500,7.54
2009-05-28,7.77,7.82,7.42,7.57,257800,7.46
2009-05-27,7.89,7.98,7.66,7.71,216800,7.60
2009-05-26,7.47,7.90,7.35,7.86,349400,7.75
2009-05-22,7.75,7.78,7.49,7.52,212400,7.41
2009-05-21,7.95,8.05,7.47,7.73,339700,7.62
2009-05-20,8.28,8.51,7.99,8.00,437900,7.88
2009-05-19,7.96,8.33,7.75,8.09,294200,7.96
2009-05-18,7.97,8.11,7.74,7.89,512600,7.77
2009-05-15,8.35,8.52,7.75,7.90,709200,7.78
2009-05-14,8.04,8.74,7.98,8.36,651400,8.23
2009-05-13,8.76,8.77,7.90,8.03,692000,7.90
2009-05-12,8.84,9.13,8.69,9.04,384500,8.90
2009-05-11,9.30,9.48,8.80,8.88,386900,8.74
2009-05-08,8.35,9.50,8.35,9.48,529800,9.33
2009-05-07,8.28,8.86,7.88,8.39,777400,8.26
2009-05-06,9.19,9.62,8.97,9.29,488900,9.14
2009-05-05,8.59,9.08,8.59,9.05,654700,8.91
2009-05-04,8.53,8.82,8.35,8.80,686800,8.66
2009-05-01,8.21,8.22,7.88,8.17,707000,8.04
2009-04-30,8.42,8.60,8.04,8.04,372100,7.91
2009-04-29,8.38,8.40,8.24,8.33,552000,8.20
2009-04-28,8.10,8.29,7.79,8.14,394100,8.01
2009-04-27,8.34,8.53,8.12,8.20,344300,8.07
2009-04-24,8.53,8.59,8.18,8.48,387800,8.35
2009-04-23,8.25,8.71,8.09,8.47,442400,8.34
2009-04-22,7.87,8.47,7.26,8.26,429000,8.13
2009-04-21,7.54,8.01,7.50,7.96,288600,7.83
2009-04-20,7.87,7.99,7.50,7.52,529400,7.40
2009-04-17,8.05,8.25,7.83,8.16,271300,8.03
2009-04-16,8.06,8.08,7.79,8.02,368900,7.89
2009-04-15,7.85,8.10,7.81,8.02,198100,7.89
2009-04-14,7.77,8.24,7.68,8.01,404600,7.88
2009-04-13,7.97,8.07,7.64,7.90,265500,7.78
2009-04-09,7.53,8.13,7.53,8.09,404600,7.96
2009-04-08,7.16,7.40,7.09,7.39,183900,7.27
2009-04-07,6.90,7.32,6.88,7.20,453400,7.09
2009-04-06,7.53,7.53,7.00,7.18,438400,7.07
2009-04-03,7.24,7.67,7.12,7.64,397300,7.52
2009-04-02,7.18,7.41,7.05,7.29,503900,7.18
2009-04-01,6.48,7.05,6.34,7.00,487900,6.89
2009-03-31,6.39,6.81,6.38,6.61,323700,6.51
2009-03-30,6.46,6.54,5.51,6.33,594900,6.23
2009-03-27,6.92,7.16,6.60,6.63,529700,6.53
2009-03-26,6.27,7.18,6.19,7.02,908300,6.91
2009-03-25,5.74,6.17,5.52,6.01,1068900,5.92
2009-03-24,5.72,6.20,5.50,5.71,930600,5.62
2009-03-23,5.53,5.98,5.50,5.72,751100,5.63
2009-03-20,5.73,5.85,5.33,5.41,595300,5.33
2009-03-19,5.62,5.92,5.60,5.68,917500,5.59
2009-03-18,5.20,5.75,5.20,5.54,963000,5.45
2009-03-17,5.09,5.23,4.50,5.18,1032100,5.10
2009-03-16,4.80,5.27,4.80,5.06,1125100,4.98
2009-03-13,4.61,4.97,4.49,4.71,937400,4.64
2009-03-12,3.81,4.25,3.57,4.25,671200,4.18
2009-03-11,4.39,4.39,3.76,3.95,1086400,3.89
2009-03-10,3.78,4.35,3.78,4.14,920600,4.07
2009-03-09,3.98,4.01,3.71,3.78,414800,3.72
2009-03-06,4.46,4.53,3.90,4.03,656800,3.97
2009-03-05,4.77,4.98,4.35,4.39,346000,4.32
2009-03-04,5.04,5.18,4.89,4.90,449000,4.80
2009-03-03,5.00,5.16,4.83,4.97,658600,4.87
2009-03-02,5.41,5.48,4.87,4.97,692800,4.87
2009-02-27,5.53,5.82,5.32,5.51,662000,5.40
2009-02-26,5.52,5.66,5.37,5.40,761400,5.29
2009-02-25,5.49,5.77,4.85,5.49,1325600,5.38
2009-02-24,7.80,7.80,5.31,5.34,2055000,5.23
2009-02-23,7.91,7.91,7.60,7.65,205800,7.49
2009-02-20,8.20,8.49,7.62,7.82,552200,7.66
2009-02-19,8.11,8.57,8.09,8.40,430600,8.23
2009-02-18,7.80,8.29,7.77,8.17,389600,8.00
2009-02-17,8.31,8.43,7.60,7.75,404500,7.59
2009-02-13,8.69,8.85,8.29,8.44,287600,8.27
2009-02-12,8.54,8.83,8.29,8.64,437000,8.46
2009-02-11,8.90,9.10,8.61,8.70,427300,8.52
2009-02-10,9.07,9.10,8.61,8.83,724900,8.65
2009-02-09,9.15,9.20,8.92,9.02,363900,8.83
2009-02-06,9.40,9.50,8.82,9.16,676800,8.97
2009-02-05,9.12,9.73,8.97,9.17,887700,8.98
2009-02-04,9.07,9.22,8.82,8.89,359600,8.71
2009-02-03,8.76,9.31,8.67,9.04,1121500,8.85
2009-02-02,9.00,9.00,8.40,8.80,609100,8.62
2009-01-30,8.96,9.33,8.90,9.07,470300,8.88
2009-01-29,9.25,9.46,8.88,9.01,507900,8.82
2009-01-28,8.76,9.48,8.68,9.33,768500,9.14
2009-01-27,8.25,8.86,8.15,8.65,910300,8.47
2009-01-26,8.45,9.50,7.96,8.11,2055600,7.94
2009-01-23,8.08,9.90,8.08,8.54,3306900,8.36
2009-01-22,13.77,14.03,8.18,8.18,4708400,8.01
2009-01-21,14.00,14.40,13.58,14.11,839100,13.82
2009-01-20,15.06,15.39,14.11,14.18,465800,13.89
2009-01-16,16.66,16.66,15.16,15.44,604200,15.12
2009-01-15,16.24,16.63,15.68,16.38,249500,16.04
2009-01-14,16.88,17.05,16.09,16.29,184900,15.95
2009-01-13,16.94,17.32,16.70,17.14,294800,16.78
2009-01-12,17.12,17.25,16.80,17.00,261600,16.65
2009-01-09,18.20,18.33,17.05,17.09,207700,16.74
2009-01-08,17.81,18.19,17.68,18.14,250100,17.76
2009-01-07,18.43,18.43,17.61,18.08,243600,17.71
2009-01-06,17.86,18.93,17.86,18.83,329800,18.44
2009-01-05,18.22,18.22,17.41,17.75,151000,17.38
2009-01-02,17.53,18.10,17.20,18.00,143800,17.63
2008-12-31,16.64,17.75,16.64,17.50,187600,17.14
2008-12-30,16.27,16.57,16.03,16.55,258500,16.21
2008-12-29,17.00,17.06,16.25,16.49,228700,16.15
2008-12-26,16.68,17.15,16.68,17.09,70800,16.74
2008-12-24,16.93,17.06,16.64,16.64,44800,16.30
2008-12-23,17.50,17.93,16.83,16.92,225900,16.57
2008-12-22,17.43,17.59,16.50,17.29,164900,16.93
2008-12-19,17.03,17.81,16.94,17.39,332000,17.03
2008-12-18,17.00,17.15,16.24,16.84,183300,16.49
2008-12-17,16.79,17.23,16.48,17.00,346300,16.65
2008-12-16,15.96,17.00,15.81,16.99,181700,16.64
2008-12-15,16.61,16.97,15.14,15.54,153500,15.22
2008-12-12,15.95,16.87,15.50,16.60,115000,16.26
2008-12-11,16.56,17.37,15.87,16.21,193500,15.87
2008-12-10,16.53,17.76,16.32,16.93,269200,16.58
2008-12-09,16.89,17.33,16.21,16.45,228900,16.11
2008-12-08,17.00,17.56,16.86,17.10,284500,16.75
2008-12-05,15.53,16.70,14.85,16.65,225100,16.30
2008-12-04,16.00,16.72,15.40,15.77,205700,15.44
2008-12-03,15.46,16.53,15.12,16.23,223200,15.89
2008-12-02,15.74,15.82,14.93,15.77,229400,15.44
2008-12-01,16.80,17.04,15.29,15.36,291400,15.04
2008-11-28,17.13,17.28,16.84,17.18,103400,16.82
2008-11-26,16.22,17.50,15.91,17.42,214000,17.06
2008-11-25,14.58,16.53,14.01,16.51,539400,16.17
2008-11-24,14.18,14.59,13.53,14.41,286100,14.11
2008-11-21,12.77,14.14,12.01,14.05,346700,13.76
2008-11-20,13.08,13.95,12.52,12.61,288100,12.35
2008-11-19,14.19,14.91,13.43,13.46,270400,13.09
2008-11-18,14.77,14.84,13.83,14.22,213100,13.83
2008-11-17,14.80,15.20,14.51,14.76,301700,14.36
2008-11-14,16.54,16.56,14.71,14.91,418100,14.50
2008-11-13,15.60,16.81,14.76,16.74,249500,16.28
2008-11-12,15.84,16.35,15.51,15.55,263200,15.13
2008-11-11,16.56,16.73,15.26,16.01,550000,15.57
2008-11-10,18.02,18.20,16.85,16.98,220900,16.52
2008-11-07,17.92,18.35,17.20,17.64,242600,17.16
2008-11-06,17.84,18.27,17.74,17.81,420800,17.32
2008-11-05,18.43,19.40,17.89,18.00,467700,17.51
2008-11-04,17.25,18.75,16.42,18.67,644600,18.16
2008-11-03,17.41,17.59,15.95,16.22,306000,15.78
2008-10-31,16.89,17.75,16.41,17.41,246100,16.94
2008-10-30,16.77,16.95,16.33,16.92,192900,16.46
2008-10-29,17.11,17.43,16.12,16.37,363000,15.92
2008-10-28,15.63,16.54,13.88,16.52,644400,16.07
2008-10-27,15.97,17.21,15.42,15.44,213000,15.02
2008-10-24,16.00,17.56,15.89,16.20,440400,15.76
2008-10-23,17.27,17.61,16.47,17.05,293500,16.58
2008-10-22,18.11,18.38,17.00,17.22,229100,16.75
2008-10-21,18.94,19.28,18.46,18.46,184800,17.96
2008-10-20,19.57,19.57,18.45,19.41,250200,18.88
2008-10-17,19.07,20.20,18.67,19.15,380800,18.63
2008-10-16,18.87,19.56,18.06,19.40,319300,18.87
2008-10-15,22.34,22.34,18.44,18.44,410600,17.94
2008-10-14,23.80,23.84,20.79,21.25,430900,20.67
2008-10-13,22.98,23.98,22.18,23.23,157300,22.60
2008-10-10,19.45,22.63,18.05,22.03,858600,21.43
2008-10-09,21.25,21.45,19.76,20.23,487800,19.68
2008-10-08,20.97,22.14,20.47,20.87,398700,20.30
2008-10-07,22.06,22.37,21.37,21.51,389200,20.92
2008-10-06,23.00,23.26,21.37,21.76,371200,21.17
2008-10-03,25.44,25.95,23.69,23.72,388100,23.07
2008-10-02,26.17,26.25,25.06,25.40,801300,24.71
2008-10-01,24.93,27.04,24.25,27.04,2343300,26.30
2008-09-30,26.00,26.04,25.17,25.56,551200,24.86
2008-09-29,26.11,26.50,25.31,25.52,537200,24.82
2008-09-26,26.90,26.91,25.22,26.38,487700,25.66
2008-09-25,25.00,25.92,24.95,25.35,235600,24.66
2008-09-24,25.27,25.28,24.44,25.11,369300,24.42
2008-09-23,25.92,26.37,25.03,25.40,234900,24.71
2008-09-22,26.81,27.57,25.87,25.87,267200,25.16
2008-09-19,26.31,33.00,26.21,27.18,800600,26.44
2008-09-18,25.70,26.02,24.50,25.99,455500,25.28
2008-09-17,25.29,25.50,24.48,25.13,354600,24.44
2008-09-16,25.27,25.66,24.40,25.64,506400,24.94
2008-09-15,25.77,26.34,25.02,25.93,467800,25.22
2008-09-12,25.21,26.16,24.67,26.11,563400,25.40
2008-09-11,24.48,25.74,24.15,25.36,534400,24.67
2008-09-10,24.49,24.68,24.25,24.52,322600,23.85
2008-09-09,23.73,24.71,23.73,24.25,436700,23.59
2008-09-08,23.79,24.31,23.69,23.95,319900,23.30
2008-09-05,22.71,23.07,22.28,22.94,289900,22.31
2008-09-04,22.99,23.00,22.76,22.76,354200,22.14
2008-09-03,23.03,23.12,22.85,23.06,489000,22.43
2008-09-02,22.94,23.07,22.21,23.07,399100,22.44
2008-08-29,22.65,22.76,22.21,22.56,313700,21.94
2008-08-28,22.64,23.04,22.25,22.83,187600,22.21
2008-08-27,22.36,23.17,21.94,22.64,278800,22.02
2008-08-26,22.58,22.58,21.79,22.36,224700,21.75
2008-08-25,23.13,23.13,22.00,22.62,209400,22.00
2008-08-22,23.40,23.82,22.76,23.06,198100,22.43
2008-08-21,23.53,23.79,23.01,23.39,135300,22.75
2008-08-20,23.74,23.99,23.31,23.62,204600,22.98
2008-08-19,23.51,23.87,23.09,23.56,142400,22.83
2008-08-18,24.09,24.09,23.65,23.76,140600,23.02
2008-08-15,23.86,24.00,23.40,23.98,216000,23.24
2008-08-14,23.31,23.86,23.07,23.59,199300,22.86
2008-08-13,23.29,23.42,22.91,23.39,162100,22.66
2008-08-12,23.39,23.49,22.98,23.17,188800,22.45
2008-08-11,22.22,23.64,22.20,23.42,294400,22.69
2008-08-08,21.75,22.40,21.75,22.18,331000,21.49
2008-08-07,21.79,22.47,21.77,21.85,191100,21.17
2008-08-06,22.10,22.45,21.51,22.00,268000,21.32
2008-08-05,23.85,25.69,22.08,22.10,730900,21.41
2008-08-04,24.26,24.26,21.67,21.90,324600,21.22
2008-08-01,23.01,23.64,22.81,23.38,123800,22.66
2008-07-31,23.53,23.56,22.76,23.01,112100,22.30
2008-07-30,23.45,23.80,23.17,23.72,100900,22.98
2008-07-29,22.65,23.78,22.35,23.27,185000,22.55
2008-07-28,22.61,22.98,21.82,22.93,195000,22.22
2008-07-25,22.98,23.21,21.98,22.35,131600,21.66
2008-07-24,22.94,23.28,22.56,22.70,109500,22.00
2008-07-23,23.67,23.71,22.69,22.79,290400,22.08
2008-07-22,22.95,24.00,22.93,23.77,186100,23.03
2008-07-21,22.57,23.22,22.57,23.11,170600,22.39
2008-07-18,22.64,24.47,22.24,22.53,188600,21.83
2008-07-17,22.09,22.76,21.88,22.57,195900,21.87
2008-07-16,21.33,22.00,21.22,21.98,204300,21.30
2008-07-15,20.99,21.71,20.54,21.24,516700,20.58
2008-07-14,22.52,22.71,21.24,21.26,299600,20.60
2008-07-11,23.29,23.29,21.93,22.47,456000,21.77
2008-07-10,23.75,24.54,23.48,23.54,261200,22.81
2008-07-09,24.24,24.24,23.65,23.65,211500,22.92
2008-07-08,23.75,24.28,23.65,24.28,206700,23.53
2008-07-07,23.96,24.31,23.50,23.66,289900,22.93
2008-07-03,23.78,24.16,23.49,23.77,143300,23.03
2008-07-02,24.28,24.28,23.55,23.84,397400,23.10
2008-07-01,23.58,24.29,23.18,24.08,436700,23.33
2008-06-30,23.77,23.98,23.49,23.60,468900,22.87
2008-06-27,23.48,23.97,23.12,23.97,1082700,23.23
2008-06-26,23.55,23.70,23.29,23.60,315600,22.87
2008-06-25,22.64,24.08,22.64,23.94,432200,23.20
2008-06-24,24.11,24.18,22.78,22.78,414900,22.07
2008-06-23,25.88,26.02,24.13,24.13,545500,23.38
2008-06-20,26.57,26.73,25.40,25.65,375300,24.85
2008-06-19,26.53,26.84,26.29,26.83,215100,26.00
2008-06-18,26.90,26.95,26.23,26.41,154000,25.59
2008-06-17,26.56,27.28,26.41,27.17,291200,26.33
2008-06-16,26.47,26.49,26.09,26.45,127200,25.63
2008-06-13,25.85,26.52,25.85,26.52,262400,25.70
2008-06-12,25.09,25.80,25.09,25.45,165100,24.66
2008-06-11,25.17,25.25,24.95,24.95,117800,24.18
2008-06-10,24.95,25.34,24.68,25.19,158400,24.41
2008-06-09,25.01,25.11,24.71,24.90,142800,24.13
2008-06-06,24.97,25.19,24.81,24.87,155500,24.10
2008-06-05,25.32,25.38,24.98,25.22,152400,24.44
2008-06-04,25.34,25.96,25.18,25.27,170000,24.49
2008-06-03,25.01,25.87,24.96,25.49,512000,24.70
2008-06-02,25.58,25.77,24.76,25.07,228900,24.29
2008-05-30,26.00,26.00,25.49,25.81,323800,25.01
2008-05-29,25.95,26.00,25.33,25.93,339700,25.13
2008-05-28,26.33,26.33,25.69,25.95,176300,25.15
2008-05-27,25.75,26.82,25.75,26.00,121600,25.19
2008-05-23,26.30,26.30,25.41,25.69,180300,24.89
2008-05-22,27.05,27.38,26.45,26.48,119900,25.66
2008-05-21,27.49,27.67,27.08,27.18,124300,26.34
2008-05-20,27.45,27.60,27.09,27.46,154000,26.52
2008-05-19,26.72,27.67,26.61,27.61,195200,26.67
2008-05-16,26.94,27.24,26.70,26.84,176700,25.92
2008-05-15,27.61,27.61,26.52,26.70,186900,25.79
2008-05-14,26.94,27.77,26.94,27.72,312100,26.77
2008-05-13,25.69,27.36,25.69,26.85,319800,25.93
2008-05-12,25.50,25.74,25.00,25.73,202500,24.85
2008-05-09,24.93,25.80,24.92,25.34,165800,24.47
2008-05-08,25.15,25.36,24.99,25.01,172900,24.16
2008-05-07,25.85,26.17,24.90,25.00,223000,24.15
2008-05-06,25.26,25.97,25.20,25.94,209100,25.05
2008-05-05,25.00,25.67,24.91,25.31,327200,24.45
2008-05-02,24.19,25.08,23.89,24.90,419300,24.05
2008-05-01,22.77,24.52,22.74,24.28,644300,23.45
2008-04-30,21.75,22.18,21.59,21.90,253900,21.15
2008-04-29,22.00,22.19,21.63,21.69,126500,20.95
2008-04-28,21.59,22.01,21.59,22.00,200000,21.25
2008-04-25,22.15,22.25,21.62,21.70,160300,20.96
2008-04-24,21.43,22.23,21.39,22.03,202700,21.28
2008-04-23,21.31,21.68,21.17,21.44,140300,20.71
2008-04-22,21.74,21.97,20.63,21.30,247200,20.57
2008-04-21,22.10,22.10,21.66,21.89,106200,21.14
2008-04-18,22.39,22.49,21.83,22.20,173000,21.44
2008-04-17,22.77,22.86,22.01,22.04,165400,21.29
2008-04-16,22.50,23.02,22.46,22.93,96200,22.15
2008-04-15,22.65,22.65,22.15,22.33,112800,21.57
2008-04-14,22.85,23.45,22.35,22.53,246000,21.76
2008-04-11,23.06,23.19,22.80,22.93,203800,22.15
2008-04-10,22.92,23.38,22.86,23.31,175600,22.51
2008-04-09,23.34,23.48,22.90,22.97,249700,22.19
2008-04-08,23.42,23.50,23.13,23.39,218100,22.59
2008-04-07,23.60,23.65,23.35,23.38,145300,22.58
2008-04-04,23.75,23.77,23.20,23.51,193200,22.71
2008-04-03,23.25,23.70,23.08,23.69,173900,22.88
2008-04-02,23.62,23.78,23.31,23.45,245400,22.65
2008-04-01,23.11,23.96,22.93,23.86,334400,23.04
2008-03-31,22.29,23.09,22.14,23.01,195200,22.22
2008-03-28,21.96,22.48,21.89,22.34,176800,21.58
2008-03-27,22.00,22.11,21.47,22.03,124200,21.28
2008-03-26,21.33,22.00,21.32,21.93,89800,21.18
2008-03-25,21.28,21.64,21.22,21.51,189400,20.77
2008-03-24,20.74,21.99,20.61,21.96,390900,21.21
2008-03-20,20.91,20.92,20.65,20.70,311600,19.99
2008-03-19,21.21,21.31,20.40,20.44,116900,19.74
2008-03-18,20.19,21.15,19.44,21.10,122500,20.38
2008-03-17,20.00,20.60,19.79,19.79,145900,19.11
2008-03-14,21.23,21.23,20.05,20.44,187000,19.74
2008-03-13,21.00,21.19,20.95,21.10,134900,20.38
2008-03-12,21.80,21.80,21.18,21.20,134600,20.48
2008-03-11,21.40,21.99,21.00,21.91,199600,21.16
2008-03-10,20.79,21.00,20.55,20.78,213700,20.07
2008-03-07,20.52,20.88,20.51,20.75,189900,20.04
2008-03-06,21.97,21.97,20.66,20.75,308900,20.04
2008-03-05,21.92,21.94,21.80,21.89,226200,21.14
2008-03-04,21.85,22.74,21.81,21.89,497300,21.14
2008-03-03,22.09,22.46,21.95,22.01,300300,21.26
2008-02-29,22.92,23.93,21.91,22.03,386600,21.28
2008-02-28,21.85,22.10,21.85,22.04,332400,21.29
2008-02-27,22.01,22.16,21.90,21.98,530900,21.23
2008-02-26,21.95,22.55,21.93,22.28,280100,21.52
2008-02-25,21.94,22.06,21.80,22.05,358800,21.21
2008-02-22,21.88,22.19,21.86,21.98,503400,21.14
2008-02-21,22.18,22.51,21.92,22.03,476600,21.19
2008-02-20,21.83,22.25,21.80,22.07,253100,21.23
2008-02-19,21.97,22.19,21.79,22.03,520200,21.19
2008-02-15,21.69,22.10,21.21,21.89,728800,21.06
2008-02-14,21.49,22.66,21.20,21.82,2716500,20.99
2008-02-13,24.18,25.24,24.10,25.06,268300,24.10
2008-02-12,24.10,24.51,23.98,24.25,205100,23.33
2008-02-11,23.97,24.02,23.53,24.02,140000,23.10
2008-02-08,23.84,24.16,23.74,23.91,228500,23.00
2008-02-07,23.68,23.99,23.30,23.91,167800,23.00
2008-02-06,23.77,23.98,23.50,23.72,148600,22.82
2008-02-05,24.47,25.10,23.66,23.67,168900,22.77
2008-02-04,24.41,25.45,23.90,25.04,276100,24.09
2008-02-01,24.33,24.88,23.48,24.42,159500,23.49
2008-01-31,22.68,24.40,22.63,24.18,266800,23.26
2008-01-30,22.74,23.39,22.50,22.96,182200,22.08
2008-01-29,23.63,24.05,22.55,23.02,148600,22.14
2008-01-28,22.41,24.07,22.00,23.41,183700,22.52
2008-01-25,23.00,23.33,22.20,22.56,152100,21.70
2008-01-24,23.19,23.19,22.25,22.74,331500,21.87
2008-01-23,21.87,23.18,21.63,22.47,432700,21.61
2008-01-22,21.31,23.90,20.72,22.29,826900,21.44
2008-01-18,21.77,22.17,21.35,21.52,470000,20.70
2008-01-17,22.24,22.48,21.53,21.64,369400,20.82
2008-01-16,23.06,23.47,22.05,22.29,549500,21.44
2008-01-15,23.90,24.07,23.09,23.15,394400,22.27
2008-01-14,23.86,24.53,23.81,24.10,172300,23.18
2008-01-11,24.17,24.39,23.78,24.02,221300,23.10
2008-01-10,24.49,24.50,24.13,24.31,396100,23.38
2008-01-09,24.60,24.80,24.21,24.50,664200,23.57
2008-01-08,24.74,25.16,24.30,24.57,834500,23.63
2008-01-07,25.07,25.25,24.34,24.34,390600,23.41
2008-01-04,25.51,25.69,24.40,25.00,587100,24.05
2008-01-03,26.40,26.47,25.67,25.70,394100,24.72
2008-01-02,26.72,27.01,25.99,26.10,229700,25.11
2007-12-31,26.52,26.92,26.36,26.80,178000,25.78
2007-12-28,26.52,27.20,26.52,27.06,156300,26.03
2007-12-27,27.03,27.40,26.50,26.52,194900,25.51
2007-12-26,27.64,27.79,26.82,27.04,131700,26.01
2007-12-24,27.25,27.64,27.25,27.64,57600,26.59
2007-12-21,27.30,27.56,26.93,27.00,441300,25.97
2007-12-20,27.45,29.00,26.90,27.40,534000,26.36
2007-12-19,28.84,29.02,26.39,27.01,686600,25.98
2007-12-18,28.70,28.91,28.06,28.83,428800,27.73
2007-12-17,28.06,29.04,28.00,28.50,235200,27.41
2007-12-14,28.52,28.88,28.00,28.35,246500,27.27
2007-12-13,28.79,28.95,28.15,28.78,269600,27.68
2007-12-12,30.18,30.41,29.00,29.30,288200,28.18
2007-12-11,31.24,31.24,29.41,29.42,335100,28.30
2007-12-10,31.58,31.72,31.05,31.15,226600,29.96
2007-12-07,31.50,31.69,31.08,31.57,342900,30.37
2007-12-06,31.58,31.77,30.89,31.73,352000,30.52
2007-12-05,31.10,32.56,31.10,32.56,268600,31.32
2007-12-04,31.11,31.41,30.32,31.13,166100,29.94
2007-12-03,32.00,32.30,31.20,31.33,154500,30.14
2007-11-30,32.50,32.50,31.71,32.28,239300,31.05
2007-11-29,32.00,32.40,31.64,32.12,217500,30.90
2007-11-28,31.41,32.37,30.93,32.25,375500,31.02
2007-11-27,31.00,31.44,30.40,31.00,388000,29.82
2007-11-26,30.85,30.85,29.75,30.13,104800,28.98
2007-11-23,30.40,30.76,30.40,30.63,25800,29.46
2007-11-21,30.60,30.93,30.12,30.26,157400,29.11
2007-11-20,30.90,31.67,30.47,31.06,308000,29.88
2007-11-19,30.60,30.98,30.25,30.70,252600,29.46
2007-11-16,31.52,31.72,30.45,30.77,204900,29.52
2007-11-15,30.98,31.88,30.97,31.32,188600,30.05
2007-11-14,32.29,32.37,31.05,31.19,265000,29.93
2007-11-13,32.45,32.55,31.87,32.19,220900,30.89
2007-11-12,32.00,32.91,31.98,32.46,240900,31.15
2007-11-09,31.75,32.98,31.64,31.96,256800,30.67
2007-11-08,32.84,32.99,31.51,32.02,213300,30.72
2007-11-07,32.94,33.00,32.52,32.71,272000,31.39
2007-11-06,32.02,32.75,31.99,32.75,535500,31.42
2007-11-05,31.41,32.47,31.31,32.24,349100,30.94
2007-11-02,30.65,31.66,29.36,31.66,297600,30.38
2007-11-01,29.50,30.89,29.32,30.25,349000,29.03
2007-10-31,29.20,30.00,28.90,30.00,292500,28.79
2007-10-30,28.80,29.14,28.49,29.12,230500,27.94
2007-10-29,28.58,29.02,28.41,29.02,121700,27.85
2007-10-26,27.70,28.61,27.70,28.58,190600,27.42
2007-10-25,27.03,27.41,26.59,26.86,154400,25.77
2007-10-24,27.46,27.46,26.25,26.98,195600,25.89
2007-10-23,27.90,28.11,26.83,27.46,176900,26.35
2007-10-22,26.51,28.48,26.50,27.63,331400,26.51
2007-10-19,27.63,27.73,26.66,26.85,142600,25.76
2007-10-18,27.80,28.20,27.39,27.65,110700,26.53
2007-10-17,28.05,28.12,27.45,28.03,146500,26.90
2007-10-16,27.98,28.20,27.70,27.87,194600,26.74
2007-10-15,28.36,28.50,27.28,28.00,163700,26.87
2007-10-12,28.90,28.90,28.36,28.40,154500,27.25
2007-10-11,29.05,29.50,28.65,28.69,469100,27.53
2007-10-10,29.25,29.69,28.80,29.31,520100,28.12
2007-10-09,27.29,28.12,27.11,27.95,312500,26.82
2007-10-08,26.99,27.35,26.81,27.13,313700,26.03
2007-10-05,26.24,26.66,25.89,26.58,217800,25.50
2007-10-04,26.31,26.33,25.58,25.92,386100,24.87
2007-10-03,26.06,26.61,25.96,26.21,222500,25.15
2007-10-02,25.72,26.39,25.72,26.11,148700,25.05
2007-10-01,25.60,25.94,25.37,25.64,250300,24.60
2007-09-28,26.00,26.16,25.62,25.70,175800,24.66
2007-09-27,26.32,26.36,25.51,26.00,328100,24.95
2007-09-26,26.02,26.39,25.74,26.07,381700,25.02
2007-09-25,26.17,26.25,25.59,25.74,398700,24.70
2007-09-24,26.70,26.80,25.98,26.47,455800,25.40
2007-09-21,25.42,26.96,25.13,26.50,675100,25.43
2007-09-20,25.99,26.28,24.99,25.00,736600,23.99
2007-09-19,26.90,27.15,25.55,25.99,667500,24.94
2007-09-18,26.20,26.90,26.19,26.71,3439500,25.63
2007-09-17,26.98,27.07,25.95,26.34,453300,25.27
2007-09-14,27.17,27.35,26.93,27.00,143600,25.91
2007-09-13,27.86,28.25,27.47,27.60,134500,26.48
2007-09-12,28.15,28.39,27.66,27.69,66200,26.57
2007-09-11,28.42,28.72,28.15,28.28,162300,27.14
2007-09-10,28.67,29.27,27.36,28.09,267000,26.95
2007-09-07,29.80,29.99,28.68,28.83,202200,27.66
2007-09-06,30.22,30.49,29.89,30.20,100800,28.98
2007-09-05,29.65,30.42,29.65,30.18,115700,28.96
2007-09-04,29.63,30.26,29.63,29.91,97600,28.70
2007-08-31,31.05,31.05,29.78,29.78,270100,28.57
2007-08-30,29.89,30.26,29.89,30.02,181100,28.81
2007-08-29,29.70,30.24,29.67,30.00,176200,28.79
2007-08-28,30.00,30.13,29.42,29.63,143800,28.43
2007-08-27,29.95,30.25,29.93,30.04,74200,28.82
2007-08-24,30.00,30.44,29.71,29.92,121000,28.71
2007-08-23,30.80,30.80,29.92,29.97,99300,28.76
2007-08-22,30.99,31.15,30.70,30.74,148100,29.50
2007-08-21,30.99,31.00,30.50,30.95,116900,29.63
2007-08-20,30.25,31.00,30.25,30.90,122900,29.58
2007-08-17,30.58,32.00,29.56,30.20,188900,28.91
2007-08-16,29.94,30.50,29.54,30.45,130900,29.15
2007-08-15,30.28,30.50,29.31,30.24,122300,28.95
2007-08-14,31.35,31.50,30.06,30.18,124000,28.89
2007-08-13,31.25,31.45,30.05,31.34,158700,30.00
2007-08-10,32.79,32.80,30.72,31.00,231000,29.67
2007-08-09,31.05,33.00,31.05,32.45,371700,31.06
2007-08-08,30.50,32.51,30.40,32.00,442100,30.63
2007-08-07,30.21,30.90,29.96,30.50,313200,29.19
2007-08-06,29.77,30.76,29.15,30.25,216700,28.96
2007-08-03,30.52,30.52,29.25,29.77,293600,28.50
2007-08-02,31.60,32.90,31.14,31.76,316300,30.40
2007-08-01,31.03,31.55,30.86,31.00,181200,29.67
2007-07-31,31.04,31.49,30.91,31.03,214300,29.70
2007-07-30,30.03,30.95,29.81,30.69,215500,29.38
2007-07-27,30.29,30.45,29.55,29.56,301800,28.30
2007-07-26,28.21,31.75,27.96,30.28,667100,28.98
2007-07-25,29.32,29.44,28.52,28.89,117800,27.65
2007-07-24,29.45,29.73,28.96,29.16,103200,27.91
2007-07-23,29.79,30.30,29.41,29.86,101400,28.58
2007-07-20,30.43,30.58,29.47,29.73,270300,28.46
2007-07-19,30.15,30.73,29.95,30.50,88500,29.19
2007-07-18,29.72,30.20,29.14,30.09,199300,28.80
2007-07-17,29.71,30.26,29.70,30.00,93700,28.72
2007-07-16,29.65,29.95,29.32,29.76,82200,28.49
2007-07-13,29.96,29.96,29.56,29.79,49600,28.52
2007-07-12,29.99,30.12,29.60,30.10,142600,28.81
2007-07-11,29.95,30.52,29.66,29.88,135900,28.60
2007-07-10,29.75,30.74,29.60,30.01,195400,28.73
2007-07-09,29.24,29.99,28.69,29.93,86100,28.65
2007-07-06,28.85,29.50,28.70,29.28,60000,28.03
2007-07-05,29.68,29.68,28.83,28.90,195100,27.66
2007-07-03,29.94,29.98,29.48,29.75,129600,28.48
2007-07-02,28.61,30.00,28.61,30.00,175800,28.72
2007-06-29,28.62,29.60,28.62,29.33,349400,28.07
2007-06-28,27.91,28.68,27.84,28.43,196500,27.21
2007-06-27,27.04,28.05,26.68,27.96,123000,26.76
2007-06-26,28.48,28.50,27.20,27.25,164100,26.08
2007-06-25,26.65,29.37,26.37,29.00,190200,27.76
2007-06-22,26.17,27.08,25.87,26.77,130200,25.62
2007-06-21,26.17,26.50,25.68,26.28,76700,25.16
2007-06-20,26.08,26.48,26.08,26.33,57600,25.20
2007-06-19,25.63,26.21,25.40,25.97,52700,24.86
2007-06-18,26.20,26.23,25.66,25.77,56100,24.67
2007-06-15,26.00,26.49,25.38,26.18,163200,25.06
2007-06-14,25.95,26.00,25.75,25.98,112000,24.87
2007-06-13,24.86,25.98,24.85,25.95,129900,24.84
2007-06-12,25.06,25.10,24.63,24.84,163900,23.78
2007-06-11,25.00,25.48,24.99,25.29,86400,24.21
2007-06-08,24.74,25.11,24.74,25.01,135600,23.94
2007-06-07,24.61,25.07,24.61,24.85,201200,23.79
2007-06-06,25.14,25.14,24.58,24.61,477300,23.56
2007-06-05,25.37,25.37,25.00,25.25,144800,24.17
2007-06-04,25.25,25.70,25.19,25.37,131800,24.28
2007-06-01,25.46,25.74,25.32,25.48,94100,24.39
2007-05-31,25.49,25.70,25.35,25.45,179600,24.36
2007-05-30,25.63,25.94,25.40,25.42,113600,24.33
2007-05-29,25.32,26.10,25.32,25.88,195400,24.77
2007-05-25,25.09,25.58,25.09,25.28,48100,24.20
2007-05-24,25.25,25.59,25.00,25.04,111600,23.97
2007-05-23,25.22,25.81,25.10,25.32,214100,24.24
2007-05-22,25.01,25.25,25.01,25.14,99700,24.02
2007-05-21,25.25,25.25,24.99,25.03,254700,23.91
2007-05-18,24.97,25.26,24.90,25.19,183500,24.06
2007-05-17,24.96,25.18,24.89,24.97,149900,23.85
2007-05-16,25.10,25.25,24.99,25.00,85400,23.88
2007-05-15,24.95,25.25,24.95,25.00,159200,23.88
2007-05-14,25.09,25.25,24.86,24.92,141900,23.81
2007-05-11,25.00,25.10,24.84,25.03,135300,23.91
2007-05-10,24.88,25.38,24.73,25.01,161200,23.89
2007-05-09,24.82,25.08,24.01,25.03,519900,23.91
2007-05-08,24.80,25.06,24.71,24.89,325900,23.78
2007-05-07,24.88,25.13,24.65,24.93,427000,23.82
2007-05-04,25.45,25.45,24.75,24.84,215800,23.73
2007-05-03,24.79,26.39,24.79,25.45,674300,24.31
2007-05-02,24.77,25.07,24.68,24.75,143400,23.64
2007-05-01,24.90,25.00,24.57,24.80,149700,23.69
2007-04-30,25.23,25.46,24.93,24.93,221100,23.82
2007-04-27,25.52,25.66,25.11,25.28,222000,24.15
2007-04-26,25.59,25.69,25.40,25.57,89700,24.43
2007-04-25,25.40,25.76,25.35,25.68,134700,24.53
2007-04-24,25.55,25.70,25.19,25.31,182300,24.18
2007-04-23,25.57,25.81,25.36,25.64,221900,24.49
2007-04-20,25.99,25.99,25.55,25.62,102200,24.47
2007-04-19,25.77,26.00,25.77,25.89,80400,24.73
2007-04-18,25.87,26.15,25.79,25.97,58400,24.81
2007-04-17,25.97,26.15,25.82,26.00,114300,24.84
2007-04-16,25.45,25.95,25.20,25.89,60800,24.73
2007-04-13,24.70,25.39,24.48,25.36,142200,24.23
2007-04-12,24.60,24.87,24.54,24.64,229100,23.54
2007-04-11,24.67,24.67,24.24,24.50,160900,23.41
2007-04-10,24.23,24.76,24.15,24.67,137600,23.57
2007-04-09,24.60,24.67,24.05,24.33,108000,23.24
2007-04-05,24.65,24.65,24.05,24.55,97000,23.45
2007-04-04,24.60,24.73,24.32,24.56,122500,23.46
2007-04-03,23.90,24.61,23.82,24.56,241800,23.46
2007-04-02,24.08,24.34,23.66,23.84,171400,22.77
2007-03-30,23.97,24.11,23.40,23.64,214000,22.58
2007-03-29,24.15,24.15,23.80,23.91,99100,22.84
2007-03-28,23.90,24.20,23.88,24.01,205700,22.94
2007-03-27,24.00,24.12,23.84,23.98,202700,22.91
2007-03-26,24.02,24.34,23.85,23.98,267900,22.91
2007-03-23,24.27,24.42,24.02,24.05,163300,22.98
2007-03-22,24.09,24.32,23.79,24.20,208300,23.12
2007-03-21,23.77,24.11,23.60,23.99,171200,22.92
2007-03-20,23.68,24.00,23.54,23.70,171000,22.64
2007-03-19,24.95,24.95,23.51,23.72,214400,22.66
2007-03-16,24.29,25.02,24.21,24.31,214600,23.22
2007-03-15,24.28,24.43,24.10,24.24,119700,23.16
2007-03-14,24.26,24.42,23.95,24.22,143700,23.14
2007-03-13,24.92,24.92,24.35,24.43,145700,23.34
2007-03-12,24.91,25.18,24.70,24.93,78500,23.82
2007-03-09,24.75,25.10,24.72,25.10,98600,23.98
2007-03-08,25.20,25.25,24.63,24.82,81700,23.71
2007-03-07,26.37,26.37,25.00,25.00,173800,23.88
2007-03-06,25.10,26.50,24.50,26.50,215200,25.32
2007-03-05,24.60,25.50,24.50,24.50,154900,23.41
2007-03-02,24.66,25.15,24.55,24.69,149300,23.59
2007-03-01,24.75,25.22,24.05,24.79,171900,23.68
2007-02-28,24.80,25.50,24.51,24.92,277000,23.81
2007-02-27,26.97,26.97,24.60,24.71,200700,23.61
2007-02-26,25.25,25.54,24.95,25.04,160300,23.92
2007-02-23,25.03,25.36,24.91,25.32,155100,24.19
2007-02-22,27.22,27.22,24.95,25.04,237300,23.92
2007-02-21,25.50,25.50,25.02,25.19,158400,24.06
2007-02-20,25.39,25.92,25.24,25.65,275200,24.46
2007-02-16,25.15,25.89,25.00,25.64,316500,24.45
2007-02-15,25.25,26.40,23.46,25.15,2439800,23.98
2007-02-14,27.55,27.99,26.83,26.83,169300,25.58
2007-02-13,26.63,27.87,26.13,27.45,151200,26.17
2007-02-12,26.35,26.90,25.86,26.48,165200,25.25
2007-02-09,26.80,26.80,26.00,26.36,87800,25.13
2007-02-08,26.63,26.82,26.48,26.76,34800,25.51
2007-02-07,26.58,26.84,26.18,26.62,84000,25.38
2007-02-06,26.73,26.74,26.30,26.58,116500,25.34
2007-02-05,27.14,27.14,26.17,26.73,69100,25.49
2007-02-02,27.03,27.40,26.66,27.14,128800,25.88
2007-02-01,26.75,27.10,26.22,27.03,155000,25.77
2007-01-31,26.51,26.91,26.13,26.66,86700,25.42
2007-01-30,26.41,26.82,26.34,26.59,77400,25.35
2007-01-29,26.00,26.50,26.00,26.32,195500,25.09
2007-01-26,26.58,26.58,25.98,26.19,103900,24.97
2007-01-25,26.80,26.86,26.43,26.51,90600,25.28
2007-01-24,26.30,27.00,26.22,26.81,202900,25.56
2007-01-23,26.31,26.38,26.04,26.16,80100,24.94
2007-01-22,26.20,26.46,25.99,26.32,77200,25.09
2007-01-19,26.01,26.44,26.00,26.31,47900,25.09
2007-01-18,26.75,26.86,25.65,26.01,275400,24.80
2007-01-17,26.78,27.09,26.61,26.72,89900,25.48
2007-01-16,26.30,27.00,26.30,26.78,153700,25.53
2007-01-12,25.95,26.33,25.85,26.30,103900,25.08
2007-01-11,26.43,26.64,25.99,26.05,87400,24.84
2007-01-10,26.22,26.31,24.95,26.26,487500,25.04
2007-01-09,28.00,28.00,26.20,26.28,199900,25.06
2007-01-08,26.55,27.03,25.73,26.15,307100,24.93
2007-01-05,28.30,28.31,26.81,27.46,104800,26.18
2007-01-04,27.84,28.55,27.20,28.41,70200,27.09
2007-01-03,28.20,29.01,27.61,27.84,98600,26.54
2006-12-29,29.05,29.05,28.03,28.25,55600,26.93
2006-12-28,29.03,29.25,28.81,29.05,37800,27.70
2006-12-27,28.57,29.15,28.57,28.94,28000,27.59
2006-12-26,28.20,28.56,28.09,28.36,51400,27.04
2006-12-22,28.46,28.50,28.10,28.29,30800,26.97
2006-12-21,28.83,29.04,28.38,28.44,110700,27.12
2006-12-20,29.06,29.18,28.60,28.83,63700,27.49
2006-12-19,29.15,29.20,29.01,29.05,181900,27.70
2006-12-18,29.29,29.29,29.05,29.17,86900,27.81
2006-12-15,29.15,29.32,29.00,29.11,120100,27.75
2006-12-14,29.08,29.44,29.04,29.11,92400,27.75
2006-12-13,29.15,29.15,28.69,29.09,206000,27.74
2006-12-12,29.04,29.15,28.65,28.99,181500,27.64
2006-12-11,29.04,29.15,29.00,29.03,97400,27.68
2006-12-08,28.95,29.20,28.90,29.05,92000,27.70
2006-12-07,28.96,29.28,28.75,29.01,331500,27.66
2006-12-06,28.57,28.98,28.47,28.96,162500,27.61
2006-12-05,28.80,28.90,28.54,28.69,104200,27.35
2006-12-04,28.33,28.89,28.29,28.66,122500,27.33
2006-12-01,28.28,28.75,28.21,28.39,236900,27.07
2006-11-30,27.00,28.49,27.00,28.40,347500,27.08
2006-11-29,26.32,26.49,26.13,26.40,57300,25.17
2006-11-28,26.39,26.45,26.02,26.32,83300,25.09
2006-11-27,27.05,27.20,26.28,26.36,64700,25.13
2006-11-24,27.11,27.35,27.10,27.21,12200,25.94
2006-11-22,27.25,27.45,27.18,27.18,68000,25.91
2006-11-21,27.23,27.39,27.09,27.24,75000,25.97
2006-11-20,27.18,27.25,26.93,27.21,123900,25.92
2006-11-17,27.40,27.50,27.15,27.23,55600,25.94
2006-11-16,27.60,27.63,27.40,27.50,67700,26.20
2006-11-15,27.39,27.60,27.27,27.42,86900,26.12
2006-11-14,26.50,27.34,26.36,27.29,121500,26.00
2006-11-13,26.50,26.69,26.23,26.45,78700,25.20
2006-11-10,26.04,26.91,26.04,26.59,123800,25.33
2006-11-09,26.93,26.93,25.75,26.02,86900,24.79
2006-11-08,26.84,27.05,26.69,26.90,111700,25.62
2006-11-07,26.40,27.06,26.40,26.91,221900,25.63
2006-11-06,25.75,26.50,25.50,26.50,305500,25.24
2006-11-03,27.50,27.55,24.08,25.20,797900,24.00
2006-11-02,26.30,26.90,26.17,26.90,97400,25.62
2006-11-01,26.70,26.90,26.30,26.45,84100,25.20
2006-10-31,26.55,27.00,26.50,26.72,119700,25.45
2006-10-30,26.60,26.75,26.15,26.50,119100,25.24
2006-10-27,26.55,26.87,26.52,26.73,151300,25.46
2006-10-26,26.25,26.68,26.09,26.58,78300,25.32
2006-10-25,27.00,27.04,26.03,26.16,78800,24.92
2006-10-24,26.95,27.06,26.91,26.99,50400,25.71
2006-10-23,27.00,27.15,26.91,26.98,75700,25.70
2006-10-20,27.47,27.47,27.07,27.10,92900,25.81
2006-10-19,27.20,27.35,27.05,27.35,86500,26.05
2006-10-18,27.45,27.51,27.23,27.25,65600,25.96
2006-10-17,27.25,27.77,27.20,27.35,225500,26.05
2006-10-16,27.30,27.84,27.17,27.40,98600,26.10
2006-10-13,26.52,27.50,26.46,27.38,140900,26.08
2006-10-12,26.50,26.51,25.15,26.42,519300,25.17
2006-10-11,27.10,27.44,26.85,27.13,45100,25.84
2006-10-10,27.39,27.39,27.01,27.14,49200,25.85
2006-10-09,26.90,27.50,26.75,27.40,73100,26.10
2006-10-06,27.11,27.12,26.85,27.01,74500,25.73
2006-10-05,26.99,27.25,26.81,27.25,102300,25.96
2006-10-04,26.10,26.95,26.03,26.88,115200,25.61
2006-10-03,25.45,26.30,25.45,26.20,149700,24.96
2006-10-02,26.00,26.05,25.31,25.48,101100,24.27
2006-09-29,25.20,26.26,25.20,26.00,143400,24.77
2006-09-28,25.10,25.47,25.00,25.20,116700,24.00
2006-09-27,25.05,25.24,25.00,25.00,121900,23.81
2006-09-26,25.51,25.69,24.81,25.10,326100,23.91
2006-09-25,25.72,25.85,25.01,25.52,74800,24.31
2006-09-22,26.06,26.06,25.60,25.70,70800,24.48
2006-09-21,27.00,27.00,26.19,26.25,82400,25.00
2006-09-20,26.98,27.00,26.81,27.00,52300,25.72
2006-09-19,26.25,26.92,25.75,26.89,99900,25.61
2006-09-18,26.11,26.49,25.93,26.23,85500,24.99
2006-09-15,26.95,26.95,26.29,26.34,87700,25.09
2006-09-14,26.60,26.80,25.95,26.71,91600,25.44
2006-09-13,26.20,26.97,26.20,26.75,58900,25.48
2006-09-12,26.73,26.85,26.08,26.33,103100,25.08
2006-09-11,26.95,27.00,26.30,26.78,42900,25.51
2006-09-08,26.70,27.24,26.70,26.99,61000,25.71
2006-09-07,26.79,26.88,26.30,26.68,82700,25.41
2006-09-06,27.26,27.26,26.36,26.99,92600,25.71
2006-09-05,27.45,27.50,27.00,27.36,114300,26.06
2006-09-01,27.05,27.20,26.63,27.20,87700,25.91
2006-08-31,27.15,27.49,27.01,27.01,168900,25.73
2006-08-30,26.90,27.29,26.81,27.00,299100,25.72
2006-08-29,26.00,26.94,25.93,26.90,188800,25.62
2006-08-28,25.36,26.45,25.24,26.02,116600,24.79
2006-08-25,25.40,25.80,25.40,25.61,58500,24.40
2006-08-24,25.25,25.55,24.90,25.47,177000,24.26
2006-08-23,26.60,26.86,25.76,25.87,139400,24.64
2006-08-22,27.00,27.15,26.60,26.61,152600,25.32
2006-08-21,27.40,27.49,26.89,27.20,67800,25.89
2006-08-18,27.73,27.73,27.05,27.50,66800,26.17
2006-08-17,26.98,27.86,26.81,27.53,119400,26.20
2006-08-16,26.85,27.14,26.75,26.98,90500,25.68
2006-08-15,25.46,26.50,25.20,26.28,183200,25.01
2006-08-14,24.81,25.46,24.81,25.31,152100,24.09
2006-08-11,24.95,25.04,24.66,24.71,90800,23.52
2006-08-10,25.00,25.10,24.89,24.95,96400,23.74
2006-08-09,25.25,25.25,24.93,25.01,248300,23.80
2006-08-08,25.50,26.00,25.07,25.18,132200,23.96
2006-08-07,25.40,25.48,25.10,25.45,92800,24.22
2006-08-04,26.08,26.35,24.92,25.50,273400,24.27
2006-08-03,25.40,27.15,25.40,26.00,391400,24.74
2006-08-02,24.72,24.82,23.85,23.98,300600,22.82
2006-08-01,25.93,25.93,24.40,24.47,91200,23.29
2006-07-31,25.48,26.10,25.44,26.05,70200,24.79
2006-07-28,24.60,25.66,24.60,25.62,128100,24.38
2006-07-27,25.80,25.85,24.50,24.56,197400,23.37
2006-07-26,25.30,25.87,25.15,25.71,120500,24.47
2006-07-25,24.90,25.40,24.72,25.20,90300,23.98
2006-07-24,24.33,25.15,24.33,24.85,78800,23.65
2006-07-21,25.12,25.12,23.97,24.11,200100,22.94
2006-07-20,24.43,25.38,24.17,25.12,143400,23.91
2006-07-19,23.79,24.35,23.70,24.35,66100,23.17
2006-07-18,23.81,23.96,23.12,23.75,96100,22.60
2006-07-17,24.30,24.34,23.63,23.81,116900,22.66
2006-07-14,25.18,25.21,24.00,24.33,284900,23.15
2006-07-13,25.75,25.81,25.17,25.17,467200,23.95
2006-07-12,26.65,26.80,25.74,25.75,191600,24.51
2006-07-11,26.85,26.85,26.10,26.68,109800,25.39
2006-07-10,27.40,27.54,26.63,26.85,52700,25.55
2006-07-07,27.40,27.80,27.20,27.37,74300,26.05
2006-07-06,27.98,27.98,27.20,27.50,93700,26.17
2006-07-05,29.00,29.02,27.81,27.95,147200,26.60
2006-07-03,28.13,29.00,28.13,29.00,99800,27.60
2006-06-30,28.20,28.31,27.75,27.88,482700,26.53
2006-06-29,26.48,28.15,26.48,28.01,151900,26.66
2006-06-28,25.95,26.37,25.95,26.23,90600,24.96
2006-06-27,25.58,25.89,25.50,25.83,108500,24.58
2006-06-26,25.50,25.65,25.27,25.57,49500,24.33
2006-06-23,25.12,25.55,25.05,25.52,64200,24.29
2006-06-22,25.75,25.75,25.08,25.24,62400,24.02
2006-06-21,25.36,25.81,25.28,25.65,47600,24.41
2006-06-20,25.20,25.50,25.07,25.35,49300,24.12
2006-06-19,26.59,26.59,25.02,25.15,172400,23.93
2006-06-16,26.67,26.72,26.25,26.69,176400,25.40
2006-06-15,26.00,26.74,26.00,26.67,113900,25.38
2006-06-14,25.25,26.00,25.25,25.88,130100,24.63
2006-06-13,25.22,25.39,24.85,25.25,260600,24.03
2006-06-12,25.38,25.43,25.03,25.18,49300,23.96
2006-06-09,25.42,25.65,25.16,25.41,46400,24.18
2006-06-08,25.35,25.43,24.88,25.39,78700,24.16
2006-06-07,25.00,25.50,24.95,25.36,195200,24.13
2006-06-06,25.09,25.20,24.42,25.02,368200,23.81
2006-06-05,26.36,26.36,25.11,25.23,254800,24.01
2006-06-02,26.60,26.76,26.04,26.31,215000,25.04
2006-06-01,26.58,26.58,26.19,26.50,118100,25.22
2006-05-31,26.60,26.71,26.49,26.58,321500,25.30
2006-05-30,26.50,26.82,26.45,26.54,115700,25.26
2006-05-26,26.65,26.80,26.55,26.68,51000,25.39
2006-05-25,25.85,27.22,25.85,26.65,200800,25.36
2006-05-24,27.33,27.40,25.51,25.95,404900,24.70
2006-05-23,28.00,28.20,27.25,27.34,160600,26.02
2006-05-22,28.00,28.15,27.86,28.00,160600,26.65
2006-05-19,28.00,28.25,27.85,28.15,139400,26.79
2006-05-18,28.09,28.75,28.02,28.10,191200,26.74
2006-05-17,28.44,28.50,28.01,28.09,191300,26.73
2006-05-16,28.00,28.74,27.96,28.44,264300,27.07
2006-05-15,28.55,28.72,27.75,28.00,142900,26.65
2006-05-12,29.10,29.10,28.38,28.65,243100,27.27
2006-05-11,29.50,29.50,28.99,29.06,220000,27.66
2006-05-10,29.10,29.60,28.75,29.41,166100,27.99
2006-05-09,29.08,29.14,28.85,28.91,105400,27.51
2006-05-08,29.00,29.90,28.91,29.07,403500,27.67
2006-05-05,28.34,29.30,28.26,29.25,264700,27.84
2006-05-04,27.50,28.09,26.41,27.30,176800,25.98
2006-05-03,27.70,27.80,26.93,26.96,142700,25.66
2006-05-02,26.05,27.70,25.70,27.50,297000,26.17
2006-05-01,26.24,26.24,25.85,26.01,97900,24.75
2006-04-28,26.35,26.64,26.15,26.24,99500,24.97
2006-04-27,26.75,26.83,26.25,26.25,59500,24.98
2006-04-26,26.11,26.82,26.07,26.80,165900,25.50
2006-04-25,26.10,26.20,26.00,26.09,71900,24.83
2006-04-24,26.07,26.09,25.80,26.01,61000,24.75
2006-04-21,26.05,26.10,25.85,26.07,73600,24.81
2006-04-20,25.80,26.00,25.60,25.95,213400,24.70
2006-04-19,25.50,25.85,25.45,25.85,158800,24.60
2006-04-18,25.51,25.80,25.30,25.48,162200,24.25
2006-04-17,26.00,26.06,25.00,25.51,122400,24.28
2006-04-13,25.80,26.15,25.76,26.02,259200,24.76
2006-04-12,25.95,26.10,25.76,25.80,205600,24.55
2006-04-11,26.04,26.05,25.85,26.03,126400,24.77
2006-04-10,26.00,26.21,25.85,26.04,127700,24.78
2006-04-07,26.25,26.35,25.70,26.01,95700,24.75
2006-04-06,25.80,26.37,25.70,26.25,144100,24.98
2006-04-05,25.13,25.69,25.13,25.60,144500,24.36
2006-04-04,25.05,25.29,25.00,25.12,138800,23.91
2006-04-03,24.68,25.10,24.38,25.10,167100,23.89
2006-03-31,24.13,24.78,23.98,24.77,136600,23.57
2006-03-30,24.45,24.58,24.15,24.33,105900,23.15
2006-03-29,23.93,24.60,23.75,24.58,136700,23.39
2006-03-28,23.94,23.99,23.76,23.93,109600,22.77
2006-03-27,23.75,24.00,23.60,23.94,99300,22.78
2006-03-24,23.19,23.80,23.15,23.75,150100,22.60
2006-03-23,23.65,23.69,23.11,23.18,203600,22.06
2006-03-22,23.44,23.85,23.39,23.60,262900,22.46
2006-03-21,22.50,23.88,22.46,23.43,552000,22.30
2006-03-20,21.85,22.24,21.80,22.14,224300,21.07
2006-03-17,22.00,22.05,21.75,21.83,243000,20.78
2006-03-16,21.60,22.01,21.60,21.88,402500,20.82
2006-03-15,21.70,21.79,21.62,21.63,120000,20.58
2006-03-14,21.90,21.93,21.67,21.75,169400,20.70
2006-03-13,22.21,22.30,21.66,21.93,133000,20.87
2006-03-10,22.59,22.68,22.20,22.20,120400,21.13
2006-03-09,22.46,22.65,22.40,22.59,96000,21.50
2006-03-08,22.33,22.90,22.25,22.42,159400,21.34
2006-03-07,22.31,22.34,22.18,22.33,154100,21.25
2006-03-06,22.11,22.50,22.11,22.32,206600,21.24
2006-03-03,22.20,22.28,21.90,22.10,215800,21.03
2006-03-02,22.01,22.54,22.01,22.48,124900,21.39
2006-03-01,22.05,22.05,21.95,22.01,165100,20.95
2006-02-28,21.92,22.07,21.88,22.05,208600,20.98
2006-02-27,22.01,22.04,21.73,22.00,179900,20.94
2006-02-24,22.00,22.09,22.00,22.01,215900,20.95
2006-02-23,22.00,22.40,21.93,22.08,142500,21.01
2006-02-22,21.95,22.28,21.73,22.07,228000,21.00
2006-02-21,22.50,22.60,22.10,22.20,427600,21.13
2006-02-17,22.00,23.20,21.92,23.02,355200,21.91
2006-02-16,24.02,24.02,22.50,23.45,738200,22.32
2006-02-15,24.15,24.25,24.00,24.24,128300,23.07
2006-02-14,23.60,24.19,23.53,24.10,112700,22.94
2006-02-13,23.99,24.00,23.41,23.54,93300,22.40
2006-02-10,24.14,24.14,23.87,24.00,65500,22.84
2006-02-09,24.21,24.25,24.03,24.13,56300,22.96
2006-02-08,24.05,24.35,24.02,24.29,121900,23.12
2006-02-07,24.18,24.29,24.03,24.29,85300,23.12
2006-02-06,24.21,24.30,23.39,24.18,102900,23.01
2006-02-03,24.05,24.28,23.98,24.17,30300,23.00
2006-02-02,24.55,24.64,24.15,24.15,97700,22.98
2006-02-01,24.55,24.59,24.45,24.55,252900,23.36
2006-01-31,24.25,24.62,24.22,24.61,340100,23.42
2006-01-30,23.15,24.95,23.15,24.50,1073800,23.32
2006-01-27,24.00,25.62,23.95,25.08,475900,23.87
2006-01-26,23.10,24.32,23.05,24.31,193700,23.14
2006-01-25,22.54,23.24,22.50,23.10,137400,21.98
2006-01-24,22.02,22.60,22.02,22.54,102500,21.45
2006-01-23,21.96,22.05,21.87,22.01,57400,20.95
2006-01-20,21.75,21.96,21.75,21.96,39700,20.90
2006-01-19,21.70,21.85,21.64,21.75,204000,20.70
2006-01-18,22.20,22.20,21.40,21.72,85100,20.67
2006-01-17,22.35,22.38,22.13,22.27,23900,21.19
2006-01-13,21.33,22.27,21.33,22.27,30200,21.19
2006-01-12,22.14,22.14,21.22,21.32,148700,20.29
2006-01-11,22.10,22.30,21.90,22.22,94000,21.15
2006-01-10,22.00,22.12,22.00,22.10,9100,21.03
2006-01-09,21.90,22.05,21.80,22.01,67200,20.95
2006-01-06,21.89,22.02,21.85,21.99,20200,20.93
2006-01-05,22.23,22.25,21.79,21.89,105700,20.83
2006-01-04,22.00,22.36,21.95,22.31,61300,21.23
2006-01-03,21.50,22.00,21.50,21.88,59200,20.82
2005-12-30,21.45,21.70,21.27,21.66,34800,20.61
2005-12-29,21.55,21.78,21.37,21.60,29800,20.56
2005-12-28,20.90,21.53,20.77,21.49,137100,20.45
2005-12-27,21.50,21.60,21.00,21.03,84800,20.01
2005-12-23,21.60,21.65,21.45,21.54,83800,20.50
2005-12-22,21.70,21.75,21.54,21.55,99800,20.51
2005-12-21,21.75,21.85,21.50,21.65,188900,20.60
2005-12-20,22.40,22.43,21.65,21.75,243100,20.70
2005-12-19,22.75,22.75,22.29,22.42,37900,21.34
2005-12-16,23.39,23.40,22.81,22.84,73900,21.74
2005-12-15,23.25,23.35,23.00,23.33,22300,22.20
2005-12-14,22.90,23.25,22.90,23.25,117800,22.13
2005-12-13,22.60,23.00,22.60,22.95,18700,21.84
2005-12-12,22.46,22.85,22.30,22.60,44000,21.51
2005-12-09,21.60,22.68,21.60,22.60,88600,21.51
2005-12-08,21.74,21.81,21.20,21.61,104500,20.57
2005-12-07,22.45,22.47,21.70,21.75,230600,20.70
2005-12-06,22.54,23.00,22.45,22.50,56700,21.41
2005-12-05,22.34,22.60,21.95,22.53,64000,21.44
2005-12-02,21.75,22.36,21.75,22.34,51600,21.26
2005-12-01,21.33,21.75,21.29,21.75,92400,20.70
2005-11-30,21.80,21.80,21.30,21.33,268200,20.30
2005-11-29,22.15,22.15,21.72,21.81,134800,20.76
2005-11-28,22.80,22.80,22.02,22.22,41600,21.15
2005-11-25,22.87,22.92,22.80,22.85,1500,21.75
2005-11-23,23.10,23.10,22.86,22.86,9200,21.76
2005-11-22,23.33,23.33,22.93,23.10,90000,21.98
2005-11-21,22.55,23.65,22.47,23.32,52700,22.19
2005-11-18,22.25,22.61,21.75,22.61,52300,21.52
2005-11-17,21.85,22.39,21.85,22.10,84900,21.03
2005-11-16,21.85,21.99,21.67,21.98,29700,20.92
2005-11-15,21.46,22.00,21.41,21.81,208800,20.76
2005-11-14,21.80,21.95,21.13,21.46,35200,20.42
2005-11-11,22.52,22.60,21.45,21.85,120300,20.79
2005-11-10,22.95,22.95,22.65,22.70,179500,21.60
2005-11-09,23.02,23.06,22.89,22.95,94500,21.84
2005-11-08,23.12,23.12,22.90,23.00,95900,21.89
2005-11-07,23.50,23.50,23.25,23.26,27300,22.14
2005-11-04,23.65,24.01,22.20,23.56,112400,22.42
2005-11-03,24.31,24.50,23.65,23.65,181500,22.51
2005-11-02,23.91,24.45,23.91,24.30,145800,23.13
2005-11-01,24.12,24.15,23.52,23.91,56000,22.75
2005-10-31,24.35,24.53,24.12,24.22,122800,23.05
2005-10-28,24.05,25.05,24.03,24.42,48100,23.24
2005-10-27,24.61,24.65,23.80,23.96,52200,22.80
2005-10-26,25.00,25.00,24.61,24.65,31200,23.46
2005-10-25,25.25,25.25,24.85,25.00,27900,23.79
2005-10-24,25.40,25.45,25.15,25.25,47500,24.03
2005-10-21,25.30,25.47,25.11,25.47,32300,24.24
2005-10-20,25.00,25.65,25.00,25.37,19800,24.14
2005-10-19,25.60,25.60,24.91,24.99,43400,23.78
2005-10-18,25.95,25.95,25.60,25.68,33300,24.44
2005-10-17,26.20,26.30,25.82,25.89,20100,24.64
2005-10-14,25.90,25.96,25.50,25.96,56000,24.71
2005-10-13,26.40,26.40,25.63,25.94,46900,24.69
2005-10-12,26.25,26.25,25.28,26.25,161500,24.98
2005-10-11,25.65,26.15,25.60,26.13,18700,24.87
2005-10-10,25.70,25.70,25.55,25.65,49400,24.41
2005-10-07,25.66,25.79,25.52,25.72,32000,24.48
2005-10-06,26.15,26.15,25.11,25.51,164700,24.28
2005-10-05,25.10,26.50,25.00,26.15,148500,24.89
2005-10-04,24.43,25.34,24.43,25.06,111900,23.85
2005-10-03,23.85,24.84,23.80,24.43,73400,23.25
2005-09-30,24.00,24.16,23.70,23.86,255400,22.71
2005-09-29,24.52,24.52,24.00,24.00,42800,22.84
2005-09-28,24.40,24.52,24.03,24.52,89400,23.34
2005-09-27,23.80,24.48,23.75,24.46,49200,23.28
2005-09-26,23.60,23.90,23.59,23.80,135600,22.65
2005-09-23,23.12,23.50,23.00,23.50,30600,22.36
2005-09-22,22.77,23.25,22.75,23.12,191800,22.00
2005-09-21,24.02,24.02,22.20,22.67,304800,21.57
2005-09-20,25.28,25.35,24.07,24.17,230600,23.00
2005-09-19,25.70,25.70,25.20,25.28,73900,24.06
2005-09-16,26.15,26.20,25.30,25.76,33200,24.52
2005-09-15,26.27,26.45,25.85,26.26,34500,24.99
2005-09-14,25.88,26.55,25.82,26.27,46500,25.00
2005-09-13,26.25,26.25,25.88,25.88,54600,24.63
2005-09-12,26.60,26.90,26.05,26.24,115900,24.97
2005-09-09,25.45,26.96,25.40,26.66,61400,25.37
2005-09-08,25.25,25.44,25.20,25.44,28600,24.21
2005-09-07,25.25,25.47,25.20,25.30,51700,24.08
2005-09-06,25.25,25.25,24.83,25.15,80900,23.93
2005-09-02,25.20,26.10,25.15,25.70,49500,24.46
2005-09-01,25.37,25.40,25.10,25.25,53400,24.03
2005-08-31,25.30,26.20,25.17,25.38,90300,24.15
2005-08-30,25.30,25.30,24.71,25.10,149800,23.89
2005-08-29,26.70,26.83,25.30,25.35,61800,24.12
2005-08-26,27.32,27.60,26.60,26.65,134900,25.36
2005-08-25,27.60,27.73,27.30,27.30,33000,25.98
2005-08-24,27.00,27.67,27.00,27.56,260100,26.23
2005-08-23,27.00,27.49,26.95,27.01,294300,25.70
2005-08-22,27.05,27.25,26.75,27.00,103200,25.70
2005-08-19,26.52,27.45,26.52,27.00,91400,25.70
2005-08-18,26.15,26.70,26.05,26.54,108700,25.26
2005-08-17,26.73,26.85,26.10,26.25,241500,24.98
2005-08-16,26.51,27.10,26.36,26.83,141900,25.53
