Date,Open,High,Low,Close,Volume,Adj Close
2012-05-04,29.19,29.58,29.14,29.41,13981100,29.41
2012-05-03,29.48,29.58,28.99,29.29,14076600,29.29
2012-05-02,29.68,29.78,29.50,29.78,10306600,29.78
2012-05-01,30.36,30.44,29.99,30.06,8863900,30.06
2012-04-30,29.87,30.19,29.69,30.11,10917200,30.11
2012-04-27,30.48,30.52,30.26,30.37,6603700,30.37
2012-04-26,29.89,30.39,29.78,30.18,10694700,30.18
2012-04-25,30.00,30.00,29.09,29.86,25133400,29.86
2012-04-24,30.13,30.23,29.77,29.93,8464100,29.93
2012-04-23,29.84,29.99,29.60,29.97,15640700,29.97
2012-04-20,30.77,30.85,30.65,30.75,6894700,30.75
2012-04-19,30.87,31.11,30.72,30.80,11094700,30.80
2012-04-18,30.62,30.76,30.45,30.64,8206300,30.64
2012-04-17,30.88,30.99,30.47,30.80,11351500,30.80
2012-04-16,30.66,30.79,30.39,30.56,9050700,30.56
2012-04-13,31.28,31.30,30.42,30.55,17038300,30.55
2012-04-12,30.70,31.64,30.69,31.42,15191400,31.42
2012-04-11,30.74,30.92,30.47,30.65,9003700,30.65
2012-04-10,30.68,30.94,30.23,30.79,15207100,30.79
2012-04-09,30.79,30.86,30.41,30.59,9255100,30.59
2012-04-05,30.57,30.90,30.53,30.72,12145300,30.72
2012-04-04,30.64,30.78,30.11,30.33,25914100,30.33
2012-04-03,32.04,32.34,31.54,31.65,24183000,31.65
2012-04-02,31.53,32.29,31.47,32.05,15583200,32.05
2012-03-30,31.58,31.70,31.32,31.38,7605400,31.38
2012-03-29,31.00,31.36,30.72,31.35,15314700,31.35
2012-03-28,31.50,31.57,30.86,31.15,18452600,31.15
2012-03-27,32.07,32.18,31.55,31.59,11821800,31.59
2012-03-26,31.74,32.00,31.63,31.94,12620800,31.94
2012-03-23,30.86,31.37,30.75,31.24,13833600,31.24
2012-03-22,30.53,30.77,30.21,30.54,23529500,30.54
2012-03-21,31.16,31.48,31.02,31.21,11741000,31.21
2012-03-20,31.36,31.57,30.86,31.15,18666000,31.15
2012-03-19,31.59,32.14,31.52,31.98,14902200,31.98
2012-03-16,31.65,31.78,31.45,31.59,12580000,31.59
2012-03-15,31.21,31.96,31.02,31.53,17868900,31.53
2012-03-14,31.76,32.18,30.73,31.27,38707200,31.27
2012-03-13,32.34,32.81,32.04,32.26,27155800,32.26
2012-03-12,32.91,32.92,32.41,32.63,12605000,32.63
2012-03-09,32.44,33.44,32.29,33.22,19462800,33.22
2012-03-08,32.75,32.99,32.41,32.85,14553100,32.85
2012-03-07,32.04,32.63,31.86,32.41,18763400,32.41
2012-03-06,31.80,32.20,31.54,32.01,33233800,32.01
2012-03-05,33.60,33.60,32.57,33.03,25192700,33.03
2012-03-02,33.95,34.06,33.35,33.76,23927800,33.76
2012-03-01,33.74,34.64,33.71,34.44,30473500,34.44
2012-02-29,36.00,36.44,32.90,33.55,91191400,33.55
2012-02-28,35.02,36.17,34.91,35.83,34929700,35.83
2012-02-27,34.34,34.63,34.18,34.36,16037000,34.36
2012-02-24,34.43,34.65,34.22,34.37,16620000,34.37
2012-02-23,33.83,34.61,33.62,34.40,32913600,34.40
2012-02-22,33.09,33.54,33.03,33.44,22325300,33.44
2012-02-21,32.92,33.48,32.85,33.38,20558700,33.38
2012-02-17,32.65,32.65,32.13,32.28,10418300,32.28
2012-02-16,31.92,32.62,31.82,32.57,14189400,32.57
2012-02-15,32.91,32.91,32.17,32.45,15222400,32.45
2012-02-14,32.79,32.87,32.32,32.54,11658800,32.54
2012-02-13,32.72,32.89,32.50,32.75,9454700,32.75
2012-02-10,32.55,32.90,32.38,32.51,12264400,32.51
2012-02-09,33.37,33.47,32.80,32.90,15517500,32.90
2012-02-08,33.26,33.43,32.70,33.04,15945800,33.04
2012-02-07,32.52,33.40,32.37,33.26,19307900,33.26
2012-02-06,32.41,32.91,32.37,32.68,13363300,32.68
2012-02-03,32.96,33.07,32.37,32.69,24871800,32.69
2012-02-02,32.83,33.45,32.72,33.36,22923500,33.36
2012-02-01,32.97,33.06,32.61,32.77,18468200,32.77
2012-01-31,33.07,33.10,32.02,32.28,19342100,32.28
2012-01-30,32.49,32.77,32.35,32.53,15145600,32.53
2012-01-27,32.48,33.00,32.47,32.96,15487000,32.96
2012-01-26,32.85,32.87,32.34,32.43,23222600,32.43
2012-01-25,30.94,32.48,30.67,32.37,36068400,32.37
2012-01-24,31.29,31.44,31.02,31.08,13426200,31.08
2012-01-23,31.15,31.83,31.15,31.39,19887300,31.39
2012-01-20,29.70,31.25,29.59,31.22,27640900,31.22
2012-01-19,29.63,29.81,29.51,29.74,13069100,29.74
2012-01-18,29.32,29.75,29.25,29.65,15381300,29.65
2012-01-17,29.39,29.60,29.08,29.19,11337700,29.19
2012-01-13,28.94,29.15,28.63,28.82,14796400,28.82
2012-01-12,29.60,29.84,29.11,29.31,17588800,29.31
2012-01-11,28.94,29.38,28.83,29.14,15710300,29.14
2012-01-10,29.22,29.37,28.98,29.05,19052400,29.05
2012-01-09,28.34,28.41,27.99,28.13,11620700,28.13
2012-01-06,28.58,28.61,27.83,27.91,20679500,27.91
2012-01-05,28.00,28.65,27.95,28.51,13858900,28.51
2012-01-04,28.42,28.74,28.26,28.39,18062600,28.39
2012-01-03,27.97,28.92,27.92,28.83,28140300,28.83
2011-12-30,27.24,27.71,26.86,26.94,21977000,26.94
2011-12-29,25.79,27.11,25.65,27.07,24820300,27.07
2011-12-28,27.58,27.59,26.12,26.27,30748600,26.27
2011-12-27,28.06,28.37,27.85,27.87,10869900,27.87
2011-12-23,28.57,28.61,28.25,28.28,5800600,28.28
2011-12-22,28.48,28.56,28.22,28.36,12715000,28.36
2011-12-21,28.57,28.79,28.35,28.60,10949100,28.60
2011-12-20,28.64,28.82,28.50,28.77,11520400,28.77
2011-12-19,28.27,28.46,27.90,27.96,18832000,27.96
2011-12-16,28.66,28.99,28.50,28.85,15321300,28.85
2011-12-15,28.41,28.50,27.70,28.22,22183200,28.22
2011-12-14,28.37,28.68,27.75,28.07,49466400,28.07
2011-12-13,30.42,31.13,29.58,29.82,26517800,29.82
2011-12-12,30.35,30.51,30.03,30.49,16225100,30.49
2011-12-09,31.06,31.46,30.93,31.33,11551400,31.33
2011-12-08,31.12,31.32,30.52,30.70,22262600,30.70
2011-12-07,31.82,31.92,31.38,31.61,12008900,31.61
2011-12-06,30.98,32.01,30.75,31.93,19142700,31.93
2011-12-05,31.94,32.10,31.00,31.05,13961900,31.05
2011-12-02,32.39,32.43,31.46,31.65,14457900,31.65
2011-12-01,32.14,32.53,31.70,31.86,12874700,31.86
2011-11-30,31.45,32.06,31.39,32.00,18798800,32.00
2011-11-29,31.00,31.33,30.89,31.03,14929300,31.03
2011-11-28,31.29,31.45,31.11,31.27,18248800,31.27
2011-11-25,30.26,30.92,30.18,30.20,9356800,30.20
2011-11-23,30.86,31.24,30.53,30.93,19296000,30.93
2011-11-22,30.91,32.17,30.87,31.89,23759800,31.89
2011-11-21,30.48,30.85,29.83,30.76,22505200,30.76
2011-11-18,31.07,31.72,30.86,31.40,24129900,31.40
2011-11-17,32.14,32.21,30.21,30.64,36372600,30.64
2011-11-16,33.13,33.37,32.64,32.82,17896600,32.82
2011-11-15,33.64,33.89,33.16,33.66,12579900,33.66
2011-11-14,33.57,33.62,33.03,33.33,9356200,33.33
2011-11-11,33.20,33.90,33.18,33.74,12228700,33.74
2011-11-10,33.25,33.28,32.23,33.14,18061400,33.14
2011-11-09,33.75,33.87,32.83,33.10,24966800,33.10
2011-11-08,33.96,34.39,33.68,34.00,19289400,34.00
2011-11-07,33.66,34.08,33.61,34.08,13485500,34.08
2011-11-04,33.29,33.48,32.90,33.20,12377200,33.20
2011-11-03,33.80,33.81,32.90,33.62,18462600,33.62
2011-11-02,33.03,33.52,32.82,33.25,17271700,33.25
2011-11-01,31.70,32.77,31.50,32.33,36658100,32.33
2011-10-31,33.61,33.61,33.20,33.44,16399300,33.44
2011-10-28,34.25,34.39,33.79,34.27,18050800,34.27
2011-10-27,33.01,34.44,32.74,34.10,35039500,34.10
2011-10-26,32.83,32.91,32.24,32.50,25725700,32.50
2011-10-25,30.84,32.50,30.52,32.43,37034500,32.43
2011-10-24,30.60,31.19,30.56,30.87,15344400,30.87
2011-10-21,30.45,30.59,30.13,30.48,17199800,30.48
2011-10-20,29.96,30.54,29.14,29.73,31597000,29.73
2011-10-19,30.94,31.13,30.08,30.23,19587100,30.23
2011-10-18,30.23,31.49,29.72,31.33,25004800,31.33
2011-10-17,31.37,31.39,30.63,31.04,18892700,31.04
2011-10-14,31.32,31.63,30.89,31.34,14422500,31.34
2011-10-13,31.24,31.25,30.61,30.94,15787800,30.94
2011-10-12,31.80,31.96,31.35,31.77,18917900,31.77
2011-10-11,30.98,31.42,30.84,31.38,15015300,31.38
2011-10-10,31.20,31.49,30.93,31.26,18707600,31.26
2011-10-07,31.46,31.72,29.88,30.23,32204400,30.23
2011-10-06,30.04,31.36,29.86,31.20,37463100,31.20
2011-10-05,28.88,29.82,28.47,29.66,30733100,29.66
2011-10-04,29.59,29.66,27.90,29.09,47067400,29.09
2011-10-03,29.99,30.16,29.39,29.49,25217400,29.49
2011-09-30,29.57,29.81,28.87,28.91,29043000,28.91
2011-09-29,29.96,30.19,29.03,29.96,37721400,29.96
2011-09-28,30.75,30.99,28.70,28.87,56766500,28.87
2011-09-27,32.02,32.62,30.57,31.17,64718700,31.17
2011-09-26,27.51,29.99,27.41,29.77,74390200,29.77
2011-09-23,31.80,32.54,29.05,29.98,97735200,29.98
2011-09-22,36.22,36.32,34.51,34.92,63122700,34.92
2011-09-21,39.10,39.64,38.34,38.56,23297700,38.56
2011-09-20,38.26,39.25,38.16,38.83,17303600,38.83
2011-09-19,39.17,39.18,37.94,38.65,24745100,38.65
2011-09-16,38.98,39.84,38.96,39.39,20079300,39.39
2011-09-15,39.08,39.32,38.30,38.79,23078700,38.79
2011-09-14,39.69,39.81,39.19,39.60,18285300,39.60
2011-09-13,39.54,40.23,39.30,39.87,20585500,39.87
2011-09-12,39.79,40.20,38.65,39.14,32851400,39.14
2011-09-09,40.53,41.23,40.02,40.52,24466000,40.52
2011-09-08,41.46,41.49,40.95,41.22,19450600,41.22
2011-09-07,39.56,40.74,39.21,40.53,25514600,40.53
2011-09-06,41.13,41.58,40.46,41.05,35066800,41.05
2011-09-02,41.80,42.30,41.55,42.18,26245800,42.18
2011-09-01,40.40,40.74,40.00,40.52,16977300,40.52
2011-08-31,40.52,40.95,40.05,40.45,22205700,40.45
2011-08-30,40.32,40.54,39.70,40.40,23521000,40.40
2011-08-29,39.84,39.96,39.25,39.72,25627000,39.72
2011-08-26,39.99,40.42,39.08,40.41,29627300,40.41
2011-08-25,38.41,40.12,38.06,40.00,36160900,40.00
2011-08-24,40.09,40.35,38.05,38.83,60277700,38.83
2011-08-23,41.86,42.29,40.41,40.63,56241400,40.63
2011-08-22,42.11,42.78,41.91,42.63,51905300,42.63
2011-08-19,41.25,41.73,40.36,41.68,49198900,41.68
2011-08-18,39.75,39.87,39.32,39.66,25741000,39.66
2011-08-17,39.18,39.55,38.80,39.33,19931100,39.33
2011-08-16,38.56,39.12,38.50,39.03,21810700,39.03
2011-08-15,38.30,38.79,38.18,38.67,21712500,38.67
2011-08-12,37.46,38.20,37.30,38.12,22208100,38.12
2011-08-11,37.57,38.09,36.94,37.80,40419900,37.80
2011-08-10,37.40,38.52,37.17,38.44,50407200,38.44
2011-08-09,37.04,37.47,36.04,36.32,64605400,36.32
2011-08-08,38.42,38.60,37.50,37.97,54812200,37.97
2011-08-05,38.35,38.49,36.55,37.32,63053600,37.32
2011-08-04,41.08,41.19,37.11,37.61,98565800,37.61
2011-08-03,40.00,40.96,39.90,40.55,65540000,40.55
2011-08-02,39.14,39.83,38.72,39.82,31128400,39.82
2011-08-01,38.27,39.03,38.03,38.29,26906700,38.29
2011-07-29,39.21,39.42,38.68,38.85,26365000,38.85
2011-07-28,39.22,39.30,38.31,38.76,30827000,38.76
2011-07-27,40.31,40.35,39.08,39.17,49270500,39.17
2011-07-26,39.34,39.92,38.97,39.89,28078500,39.89
2011-07-25,39.56,39.78,38.83,39.31,33218500,39.31
2011-07-22,38.85,39.27,38.78,39.07,35008100,39.07
2011-07-21,38.93,39.03,37.86,38.31,46865800,38.31
2011-07-20,37.52,39.12,37.23,39.12,44992300,39.12
2011-07-19,39.43,39.45,37.61,38.01,58124000,38.01
2011-07-18,39.30,39.69,39.06,39.47,51852400,39.47
2011-07-15,37.54,38.27,37.52,38.24,35558700,38.24
2011-07-14,38.11,38.37,37.30,37.41,58735600,37.41
2011-07-13,36.35,37.35,36.29,37.23,56285400,37.23
2011-07-12,34.36,35.52,34.02,35.20,33234900,35.20
2011-07-11,35.75,35.86,34.63,34.90,32289700,34.90
2011-07-08,35.85,35.90,35.29,35.75,23478300,35.75
2011-07-07,35.43,35.72,35.26,35.50,22622400,35.50
2011-07-06,34.83,35.35,34.76,35.10,25465600,35.10
2011-07-05,34.05,34.78,33.96,34.63,24668400,34.63
2011-07-01,33.06,33.22,32.61,33.00,21958000,33.00
2011-06-30,34.16,34.18,33.58,33.84,20783900,33.84
2011-06-29,33.33,34.04,33.19,34.01,25531400,34.01
2011-06-28,32.89,33.17,32.66,33.00,18315100,33.00
2011-06-27,32.98,33.20,32.53,32.63,30743400,32.63
2011-06-24,33.95,34.09,33.29,33.36,36428000,33.36
2011-06-23,34.76,34.77,33.78,34.37,39493300,34.37
2011-06-22,35.57,35.85,35.40,35.50,20993100,35.50
2011-06-21,35.21,35.66,35.17,35.51,21215100,35.51
2011-06-20,34.94,35.23,34.72,35.09,21152200,35.09
2011-06-17,34.49,35.03,34.48,34.95,23631400,34.95
2011-06-16,34.60,34.89,34.28,34.65,22448300,34.65
2011-06-15,34.38,35.07,34.21,34.88,40317200,34.88
2011-06-14,33.77,34.72,33.75,34.67,30302900,34.67
2011-06-13,34.68,34.85,33.69,33.87,46549600,33.87
2011-06-10,35.76,35.96,35.18,35.25,34964900,35.25
2011-06-09,36.32,36.71,36.17,36.67,24752400,36.67
2011-06-08,35.60,36.04,35.45,36.03,25070000,36.03
2011-06-07,36.43,36.44,35.54,36.12,31854100,36.12
2011-06-06,36.19,36.37,35.46,35.71,39562100,35.71
2011-06-03,34.73,35.55,34.61,35.34,48082700,35.34
2011-06-02,36.20,36.29,34.68,35.29,59348300,35.29
2011-06-01,37.05,37.50,35.49,35.75,52612300,35.75
2011-05-31,37.67,37.72,37.03,37.60,37608700,37.60
2011-05-27,37.07,37.28,36.53,37.03,32825800,37.03
2011-05-26,36.54,36.72,35.80,36.51,48073400,36.51
2011-05-25,36.92,37.07,36.25,36.92,57110500,36.92
2011-05-24,35.07,35.86,34.92,35.77,54234000,35.77
2011-05-23,33.81,34.35,33.78,34.27,38000000,34.27
2011-05-20,33.97,34.53,33.38,34.18,57289600,34.18
2011-05-19,34.44,34.61,33.70,34.26,50110400,34.26
2011-05-18,33.97,34.69,33.68,34.23,60400600,34.23
2011-05-17,32.58,33.15,32.19,33.09,78692400,33.09
2011-05-16,33.82,34.46,32.76,32.85,87605400,32.85
2011-05-13,34.43,34.94,33.11,34.39,117648900,34.39
2011-05-12,32.98,34.69,31.97,33.32,184555100,33.32
2011-05-11,36.48,36.59,34.18,34.39,153442100,34.39
2011-05-10,37.24,37.90,37.05,37.52,92370300,37.52
2011-05-09,36.17,37.04,35.80,36.98,109357800,36.98
2011-05-06,33.93,35.57,33.60,34.48,188891100,34.48
2011-05-05,36.53,36.89,33.58,33.72,295400000,33.72
2011-05-04,40.30,40.44,38.01,38.27,184837300,38.27
2011-05-03,42.70,43.24,39.62,40.58,218026800,40.58
2011-05-02,44.10,46.23,42.47,42.83,185210100,42.83
2011-04-29,47.62,47.98,46.55,46.88,106191100,46.88
2011-04-28,47.34,48.35,46.12,47.26,180431400,47.26
2011-04-27,44.80,47.15,43.76,47.00,155811200,47.00
2011-04-26,44.70,44.71,43.55,44.03,125900000,44.03
2011-04-25,46.98,47.00,44.53,45.83,189846200,45.83
2011-04-21,44.71,45.57,44.36,45.54,89536100,45.54
2011-04-20,43.64,44.31,43.15,44.12,89730500,44.12
2011-04-19,42.24,43.12,41.90,43.00,50201400,43.00
2011-04-18,42.12,42.50,41.17,42.42,74928100,42.42
2011-04-15,41.41,41.87,41.15,41.84,57370400,41.84
2011-04-14,39.98,41.08,39.88,41.07,46549600,41.07
2011-04-13,39.51,39.78,39.11,39.57,40670600,39.57
2011-04-12,39.63,39.67,38.73,39.09,68270300,39.09
2011-04-11,40.24,40.33,38.80,39.21,78124900,39.21
2011-04-08,39.30,39.90,39.09,39.86,43207100,39.86
2011-04-07,38.54,38.74,38.39,38.73,25025600,38.73
2011-04-06,38.66,38.82,38.26,38.62,34570400,38.62
2011-04-05,37.48,38.35,37.46,38.34,30148000,38.34
2011-04-04,37.61,37.68,37.36,37.58,20807300,37.58
2011-04-01,36.40,36.96,36.18,36.86,24877600,36.86
2011-03-31,36.92,37.05,36.55,36.77,21038500,36.77
2011-03-30,36.69,36.74,36.07,36.53,28574000,36.53
2011-03-29,35.99,36.32,35.84,36.17,16106700,36.17
2011-03-28,35.76,36.35,35.74,36.19,20887900,36.19
2011-03-25,36.61,36.82,35.99,36.39,33971100,36.39
2011-03-24,36.80,37.26,35.96,36.12,55088500,36.12
2011-03-23,35.60,36.51,35.54,36.47,30855800,36.47
2011-03-22,35.11,35.60,35.05,35.54,17466000,35.54
2011-03-21,35.01,35.41,34.88,35.30,21791800,35.30
2011-03-18,34.13,34.44,34.06,34.27,19286100,34.27
2011-03-17,33.54,33.86,33.25,33.51,21484100,33.51
2011-03-16,33.77,34.25,33.04,33.37,34346600,33.37
2011-03-15,33.11,33.99,33.01,33.61,43262700,33.61
2011-03-14,35.13,35.42,34.82,35.01,21237600,35.01
2011-03-11,33.40,35.32,33.34,35.03,41463800,35.03
2011-03-10,34.50,34.54,33.83,34.36,40591600,34.36
2011-03-09,35.53,35.53,34.77,35.27,31505000,35.27
2011-03-08,35.31,35.31,34.76,35.18,34850100,35.18
2011-03-07,35.57,35.78,34.97,35.23,53340300,35.23
2011-03-04,33.86,34.74,33.86,34.69,38079800,34.69
2011-03-03,33.64,33.80,33.24,33.42,31662300,33.42
2011-03-02,34.05,34.18,33.42,33.84,36642000,33.84
2011-03-01,33.58,33.90,33.45,33.87,31545600,33.87
2011-02-28,32.68,33.20,32.49,33.11,37430700,33.11
2011-02-25,32.10,32.58,31.81,32.56,30347800,32.56
2011-02-24,32.52,32.62,30.96,31.20,46100700,31.20
2011-02-23,32.39,33.00,32.37,32.71,34711900,32.71
2011-02-22,32.55,32.68,31.90,32.26,46249900,32.26
2011-02-18,31.08,32.13,31.06,31.79,50249400,31.79
2011-02-17,30.12,31.06,30.07,31.03,31664500,31.03
2011-02-16,30.04,30.27,29.58,29.96,19782500,29.96
2011-02-15,30.05,30.18,29.87,30.00,16597300,30.00
2011-02-14,29.61,30.02,29.60,29.96,17216000,29.96
2011-02-11,29.42,29.54,29.02,29.21,18114100,29.21
2011-02-10,29.22,29.59,29.15,29.46,13957500,29.46
2011-02-09,29.72,29.80,29.38,29.52,25352700,29.52
2011-02-08,29.00,29.67,28.98,29.64,23349600,29.64
2011-02-07,28.54,28.79,28.41,28.66,15832500,28.66
2011-02-04,28.33,28.64,28.09,28.40,20918400,28.40
2011-02-03,27.72,28.34,27.34,28.29,26512700,28.29
2011-02-02,27.68,27.97,27.47,27.69,14845900,27.69
2011-02-01,27.71,27.99,27.23,27.87,24054300,27.87
2011-01-31,27.16,27.79,27.16,27.39,21967800,27.39
2011-01-28,26.13,27.41,26.11,27.30,32836300,27.30
2011-01-27,26.95,27.11,26.15,26.29,28289500,26.29
2011-01-26,26.19,26.89,26.06,26.89,21807700,26.89
2011-01-25,26.25,26.34,26.03,26.23,24669100,26.23
2011-01-24,26.58,26.91,26.22,26.36,22919800,26.36
2011-01-21,26.61,26.97,26.54,26.83,27184400,26.83
2011-01-20,27.24,27.25,26.77,26.85,42432500,26.85
2011-01-19,28.76,28.77,27.98,28.08,21051600,28.08
2011-01-18,28.12,28.41,28.10,28.15,16220700,28.15
2011-01-14,27.98,28.06,27.45,27.74,43193100,27.74
2011-01-13,28.98,29.00,27.86,28.00,30349200,28.00
2011-01-12,28.95,29.02,28.70,29.00,17531300,29.00
2011-01-11,28.86,28.95,28.64,28.89,17722500,28.89
2011-01-10,28.29,28.45,28.07,28.29,19203000,28.29
2011-01-07,28.23,28.68,27.91,28.10,28776900,28.10
2011-01-06,28.65,28.67,28.14,28.42,27531100,28.42
2011-01-05,28.48,28.75,27.91,28.61,40481100,28.61
2011-01-04,29.61,29.64,28.63,29.08,42017600,29.08
2011-01-03,30.29,30.44,29.78,29.98,25541500,29.98
2010-12-31,29.93,30.25,29.90,30.18,14098500,30.18
2010-12-30,30.00,30.08,29.64,29.76,15640200,29.76
2010-12-29,29.80,29.99,29.74,29.87,19095200,29.87
2010-12-28,29.09,29.65,29.01,29.53,23355600,29.53
2010-12-27,28.56,28.64,28.43,28.59,8561800,28.59
2010-12-23,28.39,28.73,28.26,28.61,12007900,28.61
2010-12-22,28.68,28.73,28.55,28.57,8366300,28.57
2010-12-21,28.54,28.74,28.35,28.64,14884500,28.64
2010-12-20,28.55,28.86,28.13,28.71,17485400,28.71
2010-12-17,28.27,28.61,28.02,28.51,21774000,28.51
2010-12-16,28.24,28.29,27.67,28.28,32660000,28.28
2010-12-15,28.41,28.80,28.05,28.08,27848600,28.08
2010-12-14,28.69,29.15,28.57,28.81,26307900,28.81
2010-12-13,28.84,29.04,28.59,28.87,25945200,28.87
2010-12-10,27.80,28.11,27.38,27.98,30602700,27.98
2010-12-09,28.10,28.36,27.83,28.03,36776700,28.03
2010-12-08,28.33,28.46,27.34,27.70,58267000,27.70
2010-12-07,29.95,30.00,28.03,28.08,69216700,28.08
2010-12-06,28.99,29.64,28.88,29.51,57612000,29.51
2010-12-03,28.33,28.77,28.28,28.60,29411000,28.60
2010-12-02,27.85,28.38,27.78,27.93,30352000,27.93
2010-12-01,27.78,28.03,27.47,27.81,29936000,27.81
2010-11-30,26.94,27.72,26.84,27.44,32242300,27.44
2010-11-29,26.28,26.67,25.91,26.55,20304600,26.55
2010-11-26,26.05,26.34,25.95,26.13,13118100,26.13
2010-11-24,26.77,27.02,26.53,26.94,15111900,26.94
2010-11-23,26.99,27.15,26.58,26.87,26405600,26.87
2010-11-22,26.64,27.22,26.50,27.17,27446500,27.17
2010-11-19,26.02,26.80,25.78,26.74,29116900,26.74
2010-11-18,25.85,26.46,25.77,26.35,30965500,26.35
2010-11-17,24.99,25.35,24.87,25.00,25951700,25.00
2010-11-16,24.90,25.07,24.44,24.93,43522600,24.93
2010-11-15,25.55,25.90,24.92,24.93,34815000,24.93
2010-11-12,26.57,26.73,25.22,25.52,57133100,25.52
2010-11-11,26.86,27.16,26.33,27.11,31448300,27.11
2010-11-10,27.10,27.13,25.91,26.72,79896900,26.72
2010-11-09,27.80,28.72,25.85,26.18,149077700,26.18
2010-11-08,26.19,27.15,26.04,27.15,35265800,27.15
2010-11-05,25.58,26.34,25.50,26.20,35502100,26.20
2010-11-04,24.95,25.69,24.88,25.63,30484700,25.63
2010-11-03,24.26,24.35,23.41,24.25,45009400,24.25
2010-11-02,24.29,24.37,24.12,24.31,15796500,24.31
2010-11-01,24.35,24.42,23.97,24.07,20949500,24.07
2010-10-29,23.57,24.17,23.49,24.17,17780800,24.17
2010-10-28,23.25,23.50,23.06,23.43,13864500,23.43
2010-10-27,23.15,23.17,22.84,23.07,12703300,23.07
2010-10-26,22.76,23.42,22.70,23.28,15000100,23.28
2010-10-25,23.23,23.30,22.90,23.10,14021700,23.10
2010-10-22,22.68,22.77,22.56,22.76,11465000,22.76
2010-10-21,23.33,23.49,22.52,22.59,32857100,22.59
2010-10-20,23.03,23.44,23.00,23.33,13691700,23.33
2010-10-19,23.11,23.47,22.76,22.84,29774500,22.84
2010-10-18,23.58,23.98,23.51,23.96,13188700,23.96
2010-10-15,23.99,24.01,23.54,23.75,24750500,23.75
2010-10-14,23.60,24.06,23.56,24.03,30955800,24.03
2010-10-13,23.03,23.50,22.99,23.49,16908400,23.49
2010-10-12,22.75,22.98,22.51,22.84,14459200,22.84
2010-10-11,22.65,22.87,22.54,22.78,11580800,22.78
2010-10-08,22.27,22.80,22.21,22.73,16732900,22.73
2010-10-07,22.87,22.88,21.97,22.02,30087300,22.02
2010-10-06,22.40,22.69,22.35,22.69,17622400,22.69
2010-10-05,21.85,22.41,21.82,22.34,19354600,22.34
2010-10-04,21.60,21.64,21.42,21.51,10358800,21.51
2010-10-01,21.52,21.72,21.50,21.65,14836200,21.65
2010-09-30,21.49,21.57,21.08,21.31,12657500,21.31
2010-09-29,21.35,21.52,21.27,21.40,12120800,21.40
2010-09-28,20.84,21.30,20.73,21.29,17651200,21.29
2010-09-27,21.05,21.07,20.89,20.99,9748300,20.99
2010-09-24,20.92,21.02,20.85,21.01,13451900,21.01
2010-09-23,20.58,20.80,20.46,20.66,9166200,20.66
2010-09-22,20.68,20.72,20.49,20.71,20484700,20.71
2010-09-21,20.24,20.63,20.06,20.59,16032200,20.59
2010-09-20,20.41,20.51,20.26,20.29,11597200,20.29
2010-09-17,20.36,20.42,20.16,20.29,11043100,20.29
2010-09-16,20.25,20.39,20.19,20.35,11318400,20.35
2010-09-15,20.02,20.19,19.99,20.17,8041800,20.17
2010-09-14,19.81,20.10,19.81,20.05,12760200,20.05
2010-09-13,19.58,19.81,19.49,19.54,10580600,19.54
2010-09-10,19.45,19.62,19.36,19.42,6910700,19.42
2010-09-09,19.51,19.63,19.31,19.32,8130900,19.32
2010-09-08,19.50,19.63,19.45,19.50,12990600,19.50
2010-09-07,19.53,19.55,19.30,19.36,7105700,19.36
2010-09-03,19.18,19.53,19.10,19.42,12428000,19.42
2010-09-02,19.20,19.29,19.09,19.28,7828100,19.28
2010-09-01,18.96,18.98,18.88,18.96,5899600,18.96
2010-08-31,18.83,19.00,18.80,18.93,8232600,18.93
2010-08-30,18.68,18.75,18.60,18.63,5612500,18.63
2010-08-27,18.73,18.93,18.55,18.70,10175700,18.70
2010-08-26,18.67,18.75,18.51,18.59,9658700,18.59
2010-08-25,18.35,18.64,18.29,18.54,15011900,18.54
2010-08-24,17.49,18.09,17.48,17.99,10394800,17.99
2010-08-23,17.60,17.68,17.52,17.61,4677000,17.61
2010-08-20,17.72,17.73,17.48,17.59,9454000,17.59
2010-08-19,18.14,18.19,17.84,17.92,6356700,17.92
2010-08-18,17.82,18.09,17.79,18.02,7124700,18.02
2010-08-17,18.11,18.23,18.06,18.12,5123600,18.12
2010-08-16,18.02,18.06,17.96,18.00,5565100,18.00
2010-08-13,17.70,17.76,17.58,17.74,3010500,17.74
2010-08-12,17.60,17.73,17.59,17.69,3930900,17.69
2010-08-11,17.72,17.78,17.43,17.53,6636400,17.53
2010-08-10,17.67,18.08,17.63,17.97,6611600,17.97
2010-08-09,18.03,18.04,17.84,17.96,3412100,17.96
2010-08-06,18.09,18.19,18.03,18.07,4264700,18.07
2010-08-05,18.00,18.02,17.81,17.96,4187100,17.96
2010-08-04,18.25,18.30,17.84,17.93,7366300,17.93
2010-08-03,18.05,18.21,18.00,18.02,5851800,18.02
2010-08-02,18.02,18.18,17.94,17.96,10398300,17.96
2010-07-30,17.48,17.75,17.38,17.58,7140400,17.58
2010-07-29,17.21,17.33,17.16,17.24,4432500,17.24
2010-07-28,17.11,17.22,17.06,17.16,6900900,17.16
2010-07-27,17.62,17.63,17.21,17.30,11020000,17.30
2010-07-26,17.80,17.84,17.67,17.78,4752900,17.78
2010-07-23,17.80,17.86,17.68,17.72,5449600,17.72
2010-07-22,17.43,17.81,17.42,17.71,7937500,17.71
2010-07-21,17.48,17.53,17.21,17.31,7198800,17.31
2010-07-20,17.22,17.43,17.18,17.33,6423300,17.33
2010-07-19,17.31,17.40,17.07,17.27,8971100,17.27
2010-07-16,17.57,17.57,17.36,17.49,9995600,17.49
2010-07-15,18.05,18.06,17.79,17.95,5841300,17.95
2010-07-14,17.85,18.10,17.76,17.96,6033600,17.96
2010-07-13,17.88,17.96,17.82,17.82,6930500,17.82
2010-07-12,17.64,17.71,17.40,17.62,5234100,17.62
2010-07-09,17.70,17.85,17.65,17.73,4669400,17.73
2010-07-08,17.69,17.70,17.35,17.61,7703000,17.61
2010-07-07,17.39,17.71,17.37,17.65,6382400,17.65
2010-07-06,17.49,17.65,17.24,17.40,7384300,17.40
2010-07-02,17.55,17.56,17.26,17.46,7196200,17.46
2010-07-01,18.06,18.07,17.36,17.44,18835800,17.44
2010-06-30,18.11,18.33,18.10,18.21,5405200,18.21
2010-06-29,18.27,18.31,18.01,18.13,7380300,18.13
2010-06-28,18.74,18.85,18.26,18.38,9375200,18.38
2010-06-25,18.52,18.75,18.44,18.67,6324500,18.67
2010-06-24,18.01,18.45,17.99,18.26,5558100,18.26
2010-06-23,18.29,18.29,17.95,18.18,7992000,18.18
2010-06-22,18.52,18.60,18.37,18.42,5624900,18.42
2010-06-21,18.92,18.94,18.27,18.33,9942000,18.33
2010-06-18,18.70,18.88,18.65,18.75,9481400,18.75
2010-06-17,18.45,18.49,18.30,18.33,6895600,18.33
2010-06-16,18.15,18.20,18.01,18.08,4138500,18.08
2010-06-15,18.04,18.30,17.95,18.19,6959200,18.19
2010-06-14,18.10,18.20,17.86,17.86,5932400,17.86
2010-06-11,17.97,17.98,17.71,17.85,5563100,17.85
2010-06-10,17.63,18.07,17.61,17.86,7705400,17.86
2010-06-09,17.91,18.00,17.72,17.76,6964700,17.76
2010-06-08,17.98,18.11,17.86,17.89,9528800,17.89
2010-06-07,16.98,17.91,16.97,17.81,14269200,17.81
2010-06-04,17.28,17.32,16.94,17.05,16468400,17.05
2010-06-03,17.96,17.99,17.46,17.64,8540300,17.64
2010-06-02,17.85,17.99,17.71,17.98,10515500,17.98
2010-06-01,18.17,18.35,18.00,18.02,8308700,18.02
2010-05-28,18.04,18.07,17.88,18.03,7096600,18.03
2010-05-27,17.87,18.20,17.87,18.12,7467100,18.12
2010-05-26,17.85,18.04,17.74,17.74,8855300,17.74
2010-05-25,17.29,17.54,17.17,17.54,9419200,17.54
2010-05-24,17.49,17.72,17.40,17.56,10021200,17.56
2010-05-21,17.18,17.51,17.05,17.29,12477900,17.29
2010-05-20,17.34,17.60,17.16,17.35,20414900,17.35
2010-05-19,18.22,18.27,17.56,17.87,20683700,17.87
2010-05-18,18.53,18.75,18.43,18.57,13512000,18.57
2010-05-17,18.96,18.99,18.36,18.53,14636800,18.53
2010-05-14,19.23,19.25,18.57,18.93,16161200,18.93
2010-05-13,19.23,19.44,18.95,18.99,15260200,18.99
2010-05-12,19.14,19.33,19.11,19.12,22013700,19.12
2010-05-11,18.69,19.02,18.65,18.95,29551700,18.95
2010-05-10,18.23,18.29,18.05,18.11,11350400,18.11
2010-05-07,17.36,18.30,17.12,18.00,22925400,18.00
2010-05-06,17.17,17.35,16.91,17.32,22286100,17.32
2010-05-05,16.91,17.28,16.73,17.11,22204800,17.11
2010-05-04,18.22,18.24,17.45,17.59,18605100,17.59
2010-05-03,18.41,18.50,18.25,18.42,9041400,18.42
2010-04-30,18.35,18.40,18.22,18.26,7331200,18.26
2010-04-29,17.75,18.21,17.75,18.14,10749500,18.14
2010-04-28,17.63,17.89,17.48,17.75,13065600,17.75
2010-04-27,17.82,18.05,17.71,17.88,13468900,17.88
2010-04-26,17.93,18.04,17.89,17.93,7029400,17.93
2010-04-23,17.57,17.91,17.50,17.91,5771300,17.91
2010-04-22,17.60,17.69,17.43,17.64,3201300,17.64
2010-04-21,17.56,17.79,17.49,17.77,4965000,17.77
2010-04-20,17.58,17.69,17.47,17.48,4658700,17.48
2010-04-19,17.29,17.43,17.25,17.38,7938100,17.38
2010-04-16,17.87,17.96,17.26,17.41,14532400,17.41
2010-04-15,17.99,18.17,17.97,18.07,5964800,18.07
2010-04-14,18.08,18.13,17.98,18.07,7389200,18.07
2010-04-13,17.94,17.94,17.59,17.84,10595200,17.84
2010-04-12,18.03,18.13,17.79,17.80,11745000,17.80
2010-04-09,17.93,18.08,17.92,18.01,8924900,18.01
2010-04-08,17.65,17.78,17.61,17.72,7223200,17.72
2010-04-07,17.73,17.90,17.73,17.77,7859700,17.77
2010-04-06,17.68,17.74,17.56,17.61,6045500,17.61
2010-04-05,17.62,17.78,17.57,17.75,7501200,17.75
2010-04-01,17.58,17.64,17.47,17.54,9625900,17.54
2010-03-31,17.20,17.29,17.08,17.14,8725200,17.14
2010-03-30,17.01,17.05,16.89,16.95,5954700,16.95
2010-03-29,16.94,17.09,16.89,17.04,9624900,17.04
2010-03-26,16.48,16.64,16.35,16.61,9090700,16.61
2010-03-25,16.43,16.49,16.25,16.32,10296300,16.32
2010-03-24,16.37,16.44,16.26,16.29,8797700,16.29
2010-03-23,16.52,16.82,16.45,16.72,8120800,16.72
2010-03-22,16.33,16.64,16.29,16.60,7588600,16.60
2010-03-19,17.03,17.04,16.64,16.65,10855700,16.65
2010-03-18,17.12,17.20,16.98,17.08,7116700,17.08
2010-03-17,17.06,17.20,17.05,17.08,6398100,17.08
2010-03-16,17.10,17.15,16.98,17.05,8699500,17.05
2010-03-15,16.71,16.82,16.67,16.74,4834300,16.74
2010-03-12,16.84,16.91,16.63,16.76,7147100,16.76
2010-03-11,16.63,16.84,16.56,16.81,7328800,16.81
2010-03-10,17.03,17.31,16.60,16.66,17111900,16.66
2010-03-09,16.71,17.07,16.68,16.92,7135900,16.92
2010-03-08,17.15,17.17,16.78,16.89,6989300,16.89
2010-03-05,16.94,17.16,16.91,17.01,8306900,17.01
2010-03-04,16.92,16.96,16.73,16.79,8859400,16.79
2010-03-03,16.87,17.02,16.81,16.82,14361200,16.82
2010-03-02,16.31,16.76,16.30,16.56,14692800,16.56
2010-03-01,16.23,16.30,16.10,16.11,6948400,16.11
2010-02-26,15.92,16.22,15.82,16.07,10803600,16.07
2010-02-25,15.38,15.86,15.35,15.77,11448700,15.77
2010-02-24,15.54,15.70,15.53,15.62,6956400,15.62
2010-02-23,15.70,15.74,15.49,15.57,11098000,15.57
2010-02-22,16.06,16.09,15.83,15.90,7402000,15.90
2010-02-19,15.84,16.20,15.69,15.97,13879600,15.97
2010-02-18,15.90,15.96,15.66,15.88,9713400,15.88
2010-02-17,15.89,15.98,15.59,15.74,12203900,15.74
2010-02-16,15.55,15.91,15.49,15.82,15854400,15.82
2010-02-12,15.05,15.26,14.93,15.24,11327700,15.24
2010-02-11,15.00,15.46,14.90,15.37,13030900,15.37
2010-02-10,15.06,15.10,14.80,14.95,8823900,14.95
2010-02-09,14.97,15.30,14.87,15.12,14775100,15.12
2010-02-08,14.80,14.98,14.69,14.75,13174200,14.75
2010-02-05,14.87,14.94,14.37,14.90,31691600,14.90
2010-02-04,15.77,15.77,15.01,15.04,29822600,15.04
2010-02-03,16.23,16.32,15.97,16.07,10828800,16.07
2010-02-02,16.47,16.47,16.28,16.35,10819800,16.35
2010-02-01,16.02,16.39,15.94,16.36,12442600,16.36
2010-01-29,15.87,16.01,15.72,15.90,15405700,15.90
2010-01-28,16.38,16.38,15.70,15.92,20523400,15.92
2010-01-27,16.35,16.42,16.12,16.26,11295600,16.26
2010-01-26,16.18,16.61,16.14,16.43,20906900,16.43
2010-01-25,16.74,16.86,16.67,16.83,8190200,16.83
2010-01-22,16.83,16.86,16.55,16.78,17047800,16.78
2010-01-21,17.48,17.60,17.01,17.07,14711800,17.07
2010-01-20,17.97,17.98,17.46,17.57,18988600,17.57
2010-01-19,18.19,18.45,18.17,18.45,8637200,18.45
2010-01-15,18.19,18.20,18.04,18.05,9979700,18.05
2010-01-14,18.22,18.38,18.10,18.31,8812200,18.31
2010-01-13,18.05,18.27,17.85,18.27,15448700,18.27
2010-01-12,18.16,18.27,17.81,17.91,13602000,17.91
2010-01-11,18.44,18.45,18.20,18.21,19132300,18.21
2010-01-08,18.14,18.16,17.93,18.15,11736100,18.15
2010-01-07,17.86,18.02,17.80,17.89,12587200,17.89
2010-01-06,17.66,17.90,17.63,17.86,14047000,17.86
2010-01-05,17.24,17.55,17.18,17.51,13318600,17.51
2010-01-04,17.05,17.25,17.02,17.23,9720500,17.23
2009-12-31,16.67,16.70,16.52,16.54,8028900,16.54
2009-12-30,16.55,16.61,16.45,16.53,10739300,16.53
2009-12-29,17.13,17.13,16.75,16.81,10457700,16.81
2009-12-28,17.28,17.30,17.12,17.22,5945000,17.22
2009-12-24,17.00,17.20,16.98,17.17,3427100,17.17
2009-12-23,16.78,16.91,16.74,16.81,6151300,16.81
2009-12-22,16.64,16.85,16.45,16.64,11800700,16.64
2009-12-21,17.04,17.05,16.64,16.69,10017500,16.69
2009-12-18,16.90,17.05,16.78,16.95,9771700,16.95
2009-12-17,17.14,17.21,16.77,16.79,10773700,16.79
2009-12-16,17.19,17.48,17.17,17.36,11033700,17.36
2009-12-15,17.00,17.18,16.95,17.09,9390900,17.09
2009-12-14,16.92,17.09,16.86,17.08,10173500,17.08
2009-12-11,16.99,17.03,16.58,16.87,16362600,16.87
2009-12-10,17.05,17.18,16.82,17.09,12602200,17.09
2009-12-09,17.39,17.56,16.80,17.15,21212900,17.15
2009-12-08,17.62,17.70,17.22,17.30,17822900,17.30
2009-12-07,17.65,18.02,17.54,17.82,25103200,17.82
2009-12-04,18.46,18.47,17.94,18.15,28995100,18.15
2009-12-03,18.63,18.78,18.48,18.62,15043000,18.62
2009-12-02,18.95,19.11,18.80,18.89,18299500,18.89
2009-12-01,18.51,18.94,18.41,18.78,17215000,18.78
2009-11-30,17.84,18.19,17.80,18.15,10227100,18.15
2009-11-27,17.62,18.18,17.60,17.95,16294600,17.95
2009-11-25,18.33,18.53,18.26,18.52,12886600,18.52
2009-11-24,18.29,18.29,18.02,18.25,21885600,18.25
2009-11-23,18.52,18.61,18.23,18.27,15210400,18.27
2009-11-20,17.93,18.23,17.91,18.22,8589000,18.22
2009-11-19,18.18,18.26,17.85,18.26,10109500,18.26
2009-11-18,18.44,18.52,18.07,18.23,17415200,18.23
2009-11-17,17.95,18.13,17.88,18.13,10102300,18.13
2009-11-16,17.55,18.13,17.53,18.01,20473200,18.01
2009-11-13,16.84,17.16,16.73,17.15,9618800,17.15
2009-11-12,17.12,17.26,16.90,16.92,12543100,16.92
2009-11-11,17.40,17.42,17.11,17.29,10216000,17.29
2009-11-10,17.09,17.25,16.86,17.03,10181700,17.03
2009-11-09,17.40,17.42,17.16,17.29,10263000,17.29
2009-11-06,17.15,17.32,16.98,17.09,9660100,17.09
2009-11-05,17.16,17.21,17.05,17.12,7547800,17.12
2009-11-04,17.17,17.33,17.02,17.14,19863000,17.14
2009-11-03,16.01,17.04,16.00,17.00,22120600,17.00
2009-11-02,16.18,16.44,16.05,16.16,9505800,16.16
2009-10-30,16.24,16.29,15.87,16.07,10853300,16.07
2009-10-29,16.17,16.41,16.15,16.41,9964500,16.41
2009-10-28,16.08,16.23,15.82,15.86,16764500,15.86
2009-10-27,16.66,16.70,16.19,16.34,14432500,16.34
2009-10-26,17.37,17.47,16.69,16.79,12688800,16.79
2009-10-23,17.61,17.63,17.17,17.40,8874100,17.40
2009-10-22,17.16,17.36,17.05,17.32,7630000,17.32
2009-10-21,17.18,17.52,17.17,17.36,8579700,17.36
2009-10-20,17.49,17.49,17.11,17.20,7500600,17.20
2009-10-19,17.16,17.44,17.03,17.44,7272900,17.44
2009-10-16,17.06,17.27,17.01,17.18,7638900,17.18
2009-10-15,17.24,17.44,17.02,17.06,10962800,17.06
2009-10-14,17.58,17.64,17.48,17.56,9556300,17.56
2009-10-13,17.43,17.59,17.26,17.48,9725200,17.48
2009-10-12,17.53,17.64,17.44,17.48,7301400,17.48
2009-10-09,17.42,17.52,17.26,17.44,8299200,17.44
2009-10-08,17.33,17.62,17.22,17.52,15328000,17.52
2009-10-07,17.09,17.28,17.00,17.25,11125500,17.25
2009-10-06,16.84,17.13,16.82,17.08,15556700,17.08
2009-10-05,15.94,16.39,15.87,16.38,7011300,16.38
2009-10-02,15.82,16.19,15.78,15.82,8836900,15.82
2009-10-01,16.39,16.44,16.04,16.04,7781400,16.04
2009-09-30,16.12,16.41,15.95,16.38,9303800,16.38
2009-09-29,15.88,15.96,15.78,15.89,4861300,15.89
2009-09-28,15.73,16.03,15.73,15.91,5757000,15.91
2009-09-25,15.78,15.94,15.72,15.74,8774100,15.74
2009-09-24,16.56,16.59,15.88,15.99,16308800,15.99
2009-09-23,16.68,16.80,16.40,16.54,8814700,16.54
2009-09-22,16.94,16.95,16.78,16.88,6778700,16.88
2009-09-21,16.45,16.66,16.35,16.54,12253500,16.54
2009-09-18,16.93,16.96,16.68,16.70,14298500,16.70
2009-09-17,17.11,17.26,16.89,16.95,10812400,16.95
2009-09-16,17.05,17.19,16.95,17.14,12847800,17.14
2009-09-15,16.30,16.78,16.29,16.78,9474100,16.78
2009-09-14,16.31,16.40,16.21,16.31,7228200,16.31
2009-09-11,16.64,16.69,16.34,16.50,12920500,16.50
2009-09-10,16.02,16.42,16.00,16.41,10956200,16.41
2009-09-09,16.26,16.43,15.98,16.06,13854400,16.06
2009-09-08,16.45,16.50,16.09,16.15,16659300,16.15
2009-09-04,15.73,16.08,15.57,15.97,12453600,15.97
2009-09-03,15.49,16.02,15.42,15.87,27304000,15.87
2009-09-02,14.78,15.23,14.61,15.22,16416500,15.22
2009-09-01,14.57,14.86,14.45,14.76,8150900,14.76
2009-08-31,14.38,14.67,14.34,14.62,6354900,14.62
2009-08-28,14.51,14.62,14.45,14.50,12934000,14.50
2009-08-27,14.07,14.11,13.83,14.08,4907300,14.08
2009-08-26,14.05,14.10,13.94,14.09,3437000,14.09
2009-08-25,14.09,14.20,13.98,14.04,4618900,14.04
2009-08-24,14.19,14.24,13.83,13.90,5792500,13.90
2009-08-21,13.97,14.04,13.87,13.92,6143400,13.92
2009-08-20,13.61,13.73,13.60,13.70,3806900,13.70
2009-08-19,13.38,13.74,13.33,13.57,7370100,13.57
2009-08-18,13.67,13.82,13.64,13.72,6563600,13.72
2009-08-17,13.83,13.84,13.59,13.75,10269700,13.75
2009-08-14,14.77,14.78,14.35,14.43,8384300,14.43
2009-08-13,14.63,14.80,14.54,14.79,8781100,14.79
2009-08-12,14.04,14.38,14.03,14.34,5729000,14.34
2009-08-11,14.06,14.16,14.01,14.09,5382900,14.09
2009-08-10,14.20,14.29,14.08,14.15,4726200,14.15
2009-08-07,14.58,14.65,14.33,14.39,10907300,14.39
2009-08-06,14.72,14.75,14.19,14.32,14043100,14.32
2009-08-05,14.60,14.60,14.38,14.52,9826600,14.52
2009-08-04,14.18,14.54,14.11,14.35,9102400,14.35
2009-08-03,14.17,14.24,14.00,14.03,9965000,14.03
2009-07-31,13.26,13.76,13.23,13.70,8532400,13.70
2009-07-30,13.24,13.38,13.18,13.25,4995200,13.25
2009-07-29,13.39,13.41,12.97,13.12,6991100,13.12
2009-07-28,13.66,13.70,13.39,13.52,5557500,13.52
2009-07-27,13.86,13.88,13.74,13.84,5099600,13.84
2009-07-24,13.60,13.69,13.54,13.66,3931000,13.66
2009-07-23,13.45,13.66,13.44,13.52,7806800,13.52
2009-07-22,13.22,13.55,13.21,13.45,6534300,13.45
2009-07-21,13.46,13.47,13.26,13.33,5985800,13.33
2009-07-20,13.50,13.53,13.39,13.45,7807400,13.45
2009-07-17,13.20,13.29,13.17,13.17,4724300,13.17
2009-07-16,13.01,13.14,13.00,13.09,5610600,13.09
2009-07-15,13.07,13.11,13.00,13.06,10015000,13.06
2009-07-14,12.73,12.81,12.67,12.72,8602900,12.72
2009-07-13,12.35,12.66,12.27,12.66,9497900,12.66
2009-07-10,12.42,12.50,12.34,12.50,8364300,12.50
2009-07-09,12.62,12.85,12.58,12.67,5803600,12.67
2009-07-08,12.74,12.78,12.55,12.69,9116000,12.69
2009-07-07,12.98,13.04,12.88,12.89,7234800,12.89
2009-07-06,12.85,13.10,12.81,13.10,6916200,13.10
2009-07-02,13.22,13.23,13.14,13.16,8255600,13.16
2009-07-01,13.58,13.65,13.48,13.55,6504000,13.55
2009-06-30,13.75,13.78,13.27,13.38,8965600,13.38
2009-06-29,13.77,13.79,13.65,13.66,7672200,13.66
2009-06-26,14.03,14.04,13.86,13.90,6655500,13.90
2009-06-25,13.80,13.86,13.73,13.81,5608200,13.81
2009-06-24,13.82,13.90,13.59,13.68,7252900,13.68
2009-06-23,13.64,13.69,13.43,13.62,7879200,13.62
2009-06-22,13.61,13.70,13.48,13.54,15928700,13.54
2009-06-19,14.07,14.17,13.93,13.99,8423300,13.99
2009-06-18,14.01,14.11,13.93,13.97,7278500,13.97
2009-06-17,13.94,14.15,13.83,14.12,7719800,14.12
2009-06-16,14.01,14.08,13.88,13.99,8988200,13.99
2009-06-15,14.19,14.21,13.82,13.83,21654900,13.83
2009-06-12,14.70,14.86,14.58,14.63,8109500,14.63
2009-06-11,14.86,15.32,14.84,15.13,7843700,15.13
2009-06-10,15.18,15.19,14.81,15.01,9563500,15.01
2009-06-09,15.02,15.07,14.85,15.03,9427900,15.03
2009-06-08,14.72,14.80,14.51,14.76,15987400,14.76
2009-06-05,15.00,15.33,14.93,15.01,17540500,15.01
2009-06-04,15.19,15.71,15.18,15.63,12430800,15.63
2009-06-03,15.58,15.66,15.01,15.14,19153900,15.14
2009-06-02,15.50,15.78,15.49,15.75,11832600,15.75
2009-06-01,15.59,15.65,15.30,15.35,13000200,15.35
2009-05-29,15.24,15.48,15.15,15.47,21367400,15.47
2009-05-28,14.93,15.05,14.81,14.93,10852300,14.93
2009-05-27,14.41,14.79,14.35,14.58,10357700,14.58
2009-05-26,14.22,14.46,14.20,14.42,7102400,14.42
2009-05-22,14.55,14.56,14.41,14.50,9627300,14.50
2009-05-21,13.98,14.34,13.88,14.34,9357900,14.34
2009-05-20,14.05,14.18,14.00,14.10,11120600,14.10
2009-05-19,13.75,14.09,13.73,13.98,7025300,13.98
2009-05-18,13.67,13.71,13.42,13.58,7043900,13.58
2009-05-15,13.71,13.99,13.69,13.77,5797200,13.77
2009-05-14,13.75,13.89,13.65,13.85,4247800,13.85
2009-05-13,13.73,14.01,13.69,13.81,9133400,13.81
2009-05-12,14.00,14.06,13.89,14.02,7750500,14.02
2009-05-11,13.64,13.79,13.62,13.74,4446700,13.74
2009-05-08,13.72,13.81,13.60,13.79,5663500,13.79
2009-05-07,13.75,13.89,13.48,13.60,8205600,13.60
2009-05-06,13.52,13.64,13.46,13.52,9540900,13.52
2009-05-05,13.30,13.34,13.04,13.14,13863500,13.14
2009-05-04,12.41,12.97,12.41,12.83,9504600,12.83
2009-05-01,12.14,12.45,12.10,12.31,4395000,12.31
2009-04-30,12.18,12.30,12.02,12.21,5622100,12.21
2009-04-29,12.46,12.63,12.41,12.55,6444100,12.55
2009-04-28,12.27,12.34,12.19,12.30,3961900,12.30
2009-04-27,12.84,12.88,12.61,12.66,6018800,12.66
2009-04-24,12.72,12.81,12.59,12.67,6905900,12.67
2009-04-23,12.19,12.70,12.16,12.54,7717100,12.54
2009-04-22,11.99,12.19,11.94,12.13,5045100,12.13
2009-04-21,12.00,12.02,11.72,11.86,2103100,11.86
2009-04-20,11.90,12.01,11.87,11.89,7191600,11.89
2009-04-17,11.85,11.88,11.64,11.68,10872200,11.68
2009-04-16,12.44,12.46,11.99,12.06,11331700,12.06
2009-04-15,12.60,12.67,12.53,12.55,5903500,12.55
2009-04-14,12.55,12.65,12.41,12.54,4727500,12.54
2009-04-13,12.62,12.68,12.52,12.57,6662500,12.57
2009-04-09,12.04,12.26,12.00,12.17,4169000,12.17
2009-04-08,12.22,12.26,12.01,12.14,8930100,12.14
2009-04-07,12.00,12.20,12.00,12.07,7275000,12.07
2009-04-06,12.17,12.20,11.94,11.94,11698900,11.94
2009-04-03,12.69,12.75,12.53,12.60,6953200,12.60
2009-04-02,12.50,13.00,12.42,12.77,9795500,12.77
2009-04-01,12.92,12.93,12.70,12.84,4745600,12.84
2009-03-31,13.03,13.03,12.41,12.79,9990800,12.79
2009-03-30,12.91,13.16,12.81,12.85,9262800,12.85
2009-03-27,13.12,13.21,13.08,13.15,5839200,13.15
2009-03-26,13.48,13.59,13.35,13.35,7016300,13.35
2009-03-25,13.08,13.44,12.97,13.35,12472400,13.35
2009-03-24,13.28,13.33,13.10,13.25,9762400,13.25
2009-03-23,13.60,13.73,13.46,13.46,10194000,13.46
2009-03-20,13.39,13.69,13.34,13.61,11684600,13.61
2009-03-19,13.15,13.51,13.12,13.42,21524700,13.42
2009-03-18,12.38,12.86,11.75,12.77,28368700,12.77
2009-03-17,12.73,12.76,12.49,12.60,6519300,12.60
2009-03-16,12.79,12.81,12.61,12.79,6291000,12.79
2009-03-13,13.02,13.09,12.86,13.05,6915100,13.05
2009-03-12,12.70,12.91,12.65,12.79,6725100,12.79
2009-03-11,12.53,12.73,12.42,12.59,8451900,12.59
2009-03-10,12.58,12.63,12.31,12.45,11240200,12.45
2009-03-09,13.24,13.25,12.61,12.77,12168700,12.77
2009-03-06,13.15,13.44,13.11,13.18,15270300,13.18
2009-03-05,12.89,13.16,12.74,13.15,16978600,13.15
2009-03-04,12.90,12.94,12.63,12.78,11956900,12.78
2009-03-03,12.55,12.66,12.26,12.65,17107800,12.65
2009-03-02,12.98,13.02,12.52,12.77,21687600,12.77
2009-02-27,13.11,13.19,12.65,12.88,13164300,12.88
2009-02-26,13.29,13.29,12.76,12.97,29544200,12.97
2009-02-25,13.68,13.96,13.41,13.49,18935000,13.49
2009-02-24,14.34,14.34,13.51,13.61,26832200,13.61
2009-02-23,14.03,14.45,13.92,14.34,16847700,14.34
2009-02-20,14.30,14.44,14.19,14.25,16630100,14.25
2009-02-19,13.93,13.96,13.71,13.89,18684500,13.89
2009-02-18,13.99,14.24,13.92,14.17,21364600,14.17
2009-02-17,13.85,14.05,13.80,13.99,26706000,13.99
2009-02-13,13.18,13.55,13.13,13.54,9889400,13.54
2009-02-12,13.31,13.42,13.22,13.33,9434500,13.33
2009-02-11,13.16,13.52,13.11,13.34,12295800,13.34
2009-02-10,13.00,13.06,12.91,12.98,8244200,12.98
2009-02-09,12.86,12.89,12.65,12.72,6692900,12.72
2009-02-06,12.80,13.04,12.78,12.91,8382500,12.91
2009-02-05,12.69,12.80,12.55,12.75,9704900,12.75
2009-02-04,12.38,12.45,12.30,12.42,5675400,12.42
2009-02-03,12.18,12.32,12.02,12.32,7182800,12.32
2009-02-02,12.28,12.42,12.20,12.21,6993500,12.21
2009-01-30,12.36,12.53,12.18,12.52,11986500,12.52
2009-01-29,11.70,12.29,11.65,12.26,9450200,12.26
2009-01-28,11.95,12.03,11.75,11.86,5344500,11.86
2009-01-27,11.85,12.08,11.79,11.85,6521900,11.85
2009-01-26,11.99,12.16,11.90,11.90,14350600,11.90
2009-01-23,11.45,11.95,11.14,11.85,16664600,11.85
2009-01-22,11.25,11.37,11.21,11.33,4693900,11.33
2009-01-21,11.24,11.29,10.92,11.18,4819200,11.18
2009-01-20,11.14,11.26,10.99,11.09,5968600,11.09
2009-01-16,10.88,11.16,10.82,11.11,6300100,11.11
2009-01-15,10.40,10.53,10.20,10.49,4699800,10.49
2009-01-14,10.37,10.52,10.21,10.45,7125900,10.45
2009-01-13,10.42,10.74,10.42,10.60,11174000,10.60
2009-01-12,10.84,10.93,10.42,10.50,8508700,10.50
2009-01-09,10.92,11.47,10.85,11.10,8502300,11.10
2009-01-08,11.03,11.09,10.91,10.99,9004900,10.99
2009-01-07,11.13,11.17,10.76,10.86,9931000,10.86
2009-01-06,11.03,11.40,10.97,11.34,6880100,11.34
2009-01-05,10.67,11.15,10.66,11.11,10780200,11.11
2009-01-02,11.07,11.43,11.04,11.41,6437500,11.41
2008-12-31,10.72,11.28,10.63,11.20,5710000,11.20
2008-12-30,10.80,11.00,10.70,10.82,4834800,10.82
2008-12-29,10.98,11.04,10.62,10.77,7259500,10.77
2008-12-26,10.25,10.64,10.18,10.64,3597700,10.64
2008-12-24,10.18,10.30,10.18,10.28,1731500,10.28
2008-12-23,10.52,10.59,10.00,10.16,4656400,10.16
2008-12-22,10.84,10.85,10.62,10.73,3612600,10.73
2008-12-19,10.70,10.86,10.65,10.67,5255400,10.67
2008-12-18,11.03,11.08,10.81,10.84,6905000,10.84
2008-12-17,11.06,11.48,11.03,11.29,11292600,11.29
2008-12-16,11.03,11.06,10.43,11.03,8576800,11.03
2008-12-15,10.23,10.61,10.15,10.55,5704500,10.55
2008-12-12,9.97,10.25,9.96,10.14,3206000,10.14
2008-12-11,10.31,10.39,10.18,10.20,4825500,10.20
2008-12-10,10.02,10.16,9.90,10.12,4995400,10.12
2008-12-09,9.65,9.85,9.58,9.70,3855800,9.70
2008-12-08,9.99,10.23,9.80,9.89,4888200,9.89
2008-12-05,9.20,9.40,9.02,9.40,3182600,9.40
2008-12-04,9.30,9.58,9.29,9.38,2333300,9.38
2008-12-03,9.30,9.62,9.30,9.51,2416200,9.51
2008-12-02,9.47,9.59,9.31,9.49,4614400,9.49
2008-12-01,9.27,9.33,9.14,9.18,5474800,9.18
2008-11-28,10.10,10.23,10.01,10.23,2357600,10.23
2008-11-26,10.25,10.34,10.05,10.19,3197000,10.19
2008-11-25,10.29,10.38,9.91,10.19,3681000,10.19
2008-11-24,10.10,10.55,10.07,10.43,7193500,10.43
2008-11-21,9.35,9.55,9.16,9.52,7798400,9.52
2008-11-20,9.10,9.13,8.71,8.86,4602800,8.86
2008-11-19,9.47,9.75,9.10,9.10,4129100,9.10
2008-11-18,9.17,9.64,9.17,9.48,4055100,9.48
2008-11-17,9.25,9.41,9.15,9.18,3651800,9.18
2008-11-14,9.50,9.54,9.31,9.36,3134700,9.36
2008-11-13,9.12,9.31,8.69,9.30,5706200,9.30
2008-11-12,9.48,9.57,9.15,9.17,3800000,9.17
2008-11-11,9.86,9.89,9.44,9.64,3249300,9.64
2008-11-10,10.34,10.41,9.96,10.06,3357600,10.06
2008-11-07,9.97,10.07,9.82,9.94,2393100,9.94
2008-11-06,10.58,10.67,9.76,9.90,5050500,9.90
2008-11-05,10.15,10.46,10.01,10.21,5451500,10.21
2008-11-04,10.14,10.41,9.93,10.12,5953300,10.12
2008-11-03,9.71,9.88,9.58,9.62,2861100,9.62
2008-10-31,9.54,9.86,9.43,9.58,4592000,9.58
2008-10-30,9.89,9.99,9.45,9.68,4404000,9.68
2008-10-29,9.60,10.06,9.48,9.67,8141100,9.67
2008-10-28,8.95,9.05,8.45,9.05,5734800,9.05
2008-10-27,8.85,9.16,8.76,8.85,4741500,8.85
2008-10-24,8.71,9.49,8.66,9.13,7268100,9.13
2008-10-23,9.23,9.78,8.82,9.38,8477700,9.38
2008-10-22,9.76,9.85,9.27,9.45,7341700,9.45
2008-10-21,9.70,10.10,9.61,9.98,5335200,9.98
2008-10-20,9.48,9.79,9.40,9.77,4588700,9.77
2008-10-17,9.25,9.40,9.00,9.23,6389400,9.23
2008-10-16,10.00,10.05,9.09,9.60,11001400,9.60
2008-10-15,10.28,10.49,9.91,10.27,7344800,10.27
2008-10-14,10.77,10.94,10.59,10.86,4935200,10.86
2008-10-13,10.56,10.75,10.21,10.59,6386200,10.59
2008-10-10,11.39,11.70,9.27,9.80,24731700,9.80
2008-10-09,11.51,11.98,11.50,11.95,4550400,11.95
2008-10-08,11.82,11.89,11.45,11.51,7531900,11.51
2008-10-07,11.55,11.60,11.09,11.38,5687200,11.38
2008-10-06,11.25,11.31,10.75,10.75,8906500,10.75
2008-10-03,10.94,11.60,10.90,10.99,6744500,10.99
2008-10-02,11.76,11.82,10.70,10.80,12586100,10.80
2008-10-01,12.16,12.83,12.15,12.33,5635500,12.33
2008-09-30,12.43,12.44,11.60,11.85,10228800,11.85
2008-09-29,12.75,13.37,12.65,12.95,10712300,12.95
2008-09-26,13.14,13.54,13.07,13.15,6236300,13.15
2008-09-25,13.32,13.62,12.87,13.03,9986200,13.03
2008-09-24,13.42,13.50,13.01,13.09,4996000,13.09
2008-09-23,13.31,13.62,12.83,13.18,10307300,13.18
2008-09-22,12.91,13.50,12.89,13.35,14206000,13.35
2008-09-19,12.46,12.52,11.97,12.46,7588400,12.46
2008-09-18,12.33,12.86,11.55,11.89,23211200,11.89
2008-09-17,10.74,12.00,10.70,11.90,20616900,11.90
2008-09-16,10.54,10.58,10.28,10.40,9450400,10.40
2008-09-15,10.82,11.03,10.61,10.95,8565000,10.95
2008-09-12,10.58,10.80,10.43,10.75,10385300,10.75
2008-09-11,10.60,10.63,10.15,10.32,13044400,10.32
2008-09-10,11.36,11.40,10.57,10.60,18520900,10.60
2008-09-09,11.84,11.84,11.14,11.18,8801500,11.18
2008-09-08,12.35,12.44,11.75,11.95,5575000,11.95
2008-09-05,12.79,12.82,11.93,12.03,8561200,12.03
2008-09-04,12.87,12.91,12.47,12.63,4266600,12.63
2008-09-03,12.75,12.85,12.54,12.75,4006900,12.75
2008-09-02,12.46,13.07,12.34,12.94,6491800,12.94
2008-08-29,13.62,13.64,13.37,13.37,2427700,13.37
2008-08-28,13.79,13.80,13.35,13.55,3768400,13.55
2008-08-27,13.43,13.50,13.28,13.35,3205100,13.35
2008-08-26,13.32,13.59,13.32,13.45,3704900,13.45
2008-08-25,13.37,13.43,13.18,13.33,3743200,13.33
2008-08-22,13.35,13.53,13.09,13.26,5912400,13.26
2008-08-21,13.58,13.75,13.41,13.69,8109600,13.69
2008-08-20,13.05,13.18,12.67,13.18,7325200,13.18
2008-08-19,12.77,13.24,12.68,13.09,13125600,13.09
2008-08-18,12.95,13.13,12.92,12.93,8961400,12.93
2008-08-15,13.02,13.16,12.61,12.70,20581900,12.70
2008-08-14,14.36,14.41,13.97,14.06,6392800,14.06
2008-08-13,14.35,14.79,14.30,14.79,7372600,14.79
2008-08-12,14.49,14.60,14.25,14.40,5363000,14.40
2008-08-11,15.19,15.24,14.36,14.40,9288800,14.40
2008-08-08,15.37,15.46,15.08,15.19,8273100,15.19
2008-08-07,16.40,16.41,15.86,16.07,4446200,16.07
2008-08-06,16.45,16.45,16.23,16.37,2219900,16.37
2008-08-05,16.56,16.67,16.20,16.22,11273300,16.22
2008-08-04,17.10,17.26,16.71,16.74,4818300,16.74
2008-08-01,17.26,17.55,17.20,17.28,2315500,17.28
2008-07-31,17.63,17.68,17.43,17.53,2272100,17.53
2008-07-30,16.82,17.42,16.63,17.36,5148300,17.36
2008-07-29,17.20,17.21,16.89,17.19,2891300,17.19
2008-07-28,17.24,17.37,17.07,17.36,2705600,17.36
2008-07-25,17.11,17.29,16.87,17.25,3697600,17.25
2008-07-24,17.30,17.39,16.93,17.26,4347500,17.26
2008-07-23,175.97,176.44,170.87,171.90,14818200,17.19
2008-07-22,183.72,183.97,176.58,177.59,10094000,17.76
2008-07-21,181.52,182.68,180.45,182.28,6467000,18.23
2008-07-18,181.14,182.70,178.58,179.68,6924000,17.97
2008-07-17,185.82,189.53,181.31,183.20,12963000,18.32
2008-07-16,187.78,188.78,184.21,185.45,8989000,18.55
2008-07-15,190.19,191.69,183.55,187.00,18068000,18.70
2008-07-14,187.08,190.33,186.26,189.35,11712000,18.93
2008-07-11,185.45,187.10,184.25,186.39,11226000,18.64
2008-07-10,180.26,181.53,179.51,181.20,7385000,18.12
2008-07-09,177.99,179.58,177.26,179.50,4780000,17.95
2008-07-08,174.88,177.17,173.23,176.64,7646000,17.66
2008-07-07,177.15,178.61,173.70,176.00,11171000,17.60
2008-07-03,179.25,180.89,178.78,180.01,6194000,18.00
2008-07-02,178.72,182.15,178.32,182.15,8095000,18.22
2008-07-01,177.23,180.20,176.00,179.00,9338000,17.90
2008-06-30,174.61,174.61,170.24,172.63,6083000,17.26
2008-06-27,172.40,174.93,171.56,173.30,9590000,17.33
2008-06-26,170.64,171.86,169.44,170.25,6336000,17.02
2008-06-25,165.83,166.26,163.11,166.26,6746000,16.63
2008-06-24,165.80,167.39,164.50,164.92,4272000,16.49
2008-06-23,165.04,166.83,164.50,166.30,10344000,16.63
2008-06-20,172.45,173.57,171.89,171.96,2710000,17.20
2008-06-19,174.32,174.69,171.29,171.53,4221000,17.15
2008-06-18,171.68,172.72,170.00,171.89,5292000,17.19
2008-06-17,167.40,170.37,167.26,169.02,3760000,16.90
2008-06-16,172.07,172.45,169.45,169.50,8537000,16.95
2008-06-13,163.28,164.37,162.57,163.31,6552000,16.33
2008-06-12,162.92,164.24,161.35,163.50,6790000,16.35
2008-06-11,166.18,167.61,165.70,167.00,5742000,16.70
2008-06-10,167.09,167.98,163.47,164.40,8035000,16.44
2008-06-09,171.49,172.85,169.27,169.44,6299000,16.94
2008-06-06,171.48,174.13,170.54,174.00,11170000,17.40
2008-06-05,167.19,170.23,166.75,169.72,7061000,16.97
2008-06-04,165.00,167.58,164.27,166.41,4107000,16.64
2008-06-03,163.81,167.08,163.29,165.87,5137000,16.59
2008-06-02,164.94,168.06,164.56,166.42,4520000,16.64
2008-05-30,166.41,167.66,165.51,166.73,5082000,16.67
2008-05-29,167.16,169.37,163.31,164.78,11399000,16.48
2008-05-28,171.55,174.59,171.07,172.65,4686000,17.26
2008-05-27,176.32,176.48,172.08,172.56,7592000,17.26
2008-05-23,179.80,181.13,178.00,180.21,4879000,18.02
2008-05-22,177.02,179.31,176.36,177.80,8862000,17.78
2008-05-21,174.65,179.47,174.42,178.60,9281000,17.86
2008-05-20,169.13,175.56,168.98,175.00,11803000,17.50
2008-05-19,168.83,168.83,166.66,168.19,6116000,16.82
2008-05-16,167.59,168.88,166.82,167.50,12022000,16.75
2008-05-15,167.61,167.90,163.84,165.55,8872000,16.56
2008-05-14,166.85,166.88,163.51,163.66,8035000,16.37
2008-05-13,165.96,167.27,163.77,165.54,6996000,16.55
2008-05-12,167.59,171.61,167.09,169.97,6891000,17.00
2008-05-09,166.83,167.50,163.14,166.65,10422000,16.67
2008-05-08,166.66,168.11,166.26,167.00,7544000,16.70
2008-05-07,164.33,165.67,163.35,165.03,4896000,16.50
2008-05-06,165.94,168.41,165.75,167.30,12753000,16.73
2008-05-05,165.94,166.55,164.51,165.74,5059000,16.57
2008-05-02,161.04,163.78,160.90,162.57,8164000,16.26
2008-05-01,162.75,162.81,158.40,159.94,12268000,15.99
2008-04-30,164.96,167.41,163.72,167.20,16599000,16.72
2008-04-29,164.46,165.41,163.37,163.82,13866000,16.38
2008-04-28,167.09,170.00,166.46,168.40,10327000,16.84
2008-04-25,166.89,167.48,164.97,166.85,8034000,16.68
2008-04-24,166.35,168.13,164.98,165.52,11903000,16.55
2008-04-23,169.73,172.22,168.10,170.01,9673000,17.00
2008-04-22,173.64,177.82,173.22,174.77,11311000,17.48
2008-04-21,174.76,175.44,171.21,172.67,9794000,17.27
2008-04-18,174.00,177.94,173.32,176.71,6412000,17.67
2008-04-17,182.93,183.90,180.05,180.10,6842000,18.01
2008-04-16,182.05,183.77,180.40,181.54,9419000,18.15
2008-04-15,175.82,177.21,175.33,176.82,7488000,17.68
2008-04-14,175.02,177.25,174.94,175.15,4690000,17.51
2008-04-11,177.05,178.14,173.11,175.78,4515000,17.58
2008-04-10,179.94,180.68,176.50,178.12,6915000,17.81
2008-04-09,176.89,182.18,176.71,180.15,7926000,18.01
2008-04-08,174.49,175.95,173.93,175.07,7220000,17.51
2008-04-07,178.28,180.93,177.85,179.50,10284000,17.95
2008-04-04,173.25,176.64,172.72,176.15,7540000,17.61
2008-04-03,170.33,174.03,167.81,172.30,12184000,17.23
2008-04-02,166.42,172.98,166.42,172.46,11218000,17.25
2008-04-01,164.88,168.10,161.71,166.00,20755000,16.60
2008-03-31,179.58,180.04,169.00,170.41,15952000,17.04
2008-03-28,176.92,178.71,174.96,177.50,9809000,17.75
2008-03-27,180.23,184.78,179.14,183.20,8938000,18.32
2008-03-26,177.50,182.77,176.88,182.25,18015000,18.23
2008-03-25,173.21,177.79,171.79,177.75,15950000,17.77
2008-03-24,167.71,170.74,166.67,167.87,14535000,16.79
2008-03-20,170.00,172.78,165.14,167.01,31674000,16.70
2008-03-19,191.93,192.00,180.05,182.51,30945000,18.25
2008-03-18,200.19,201.60,193.53,193.79,16147000,19.38
2008-03-17,200.98,205.32,195.00,199.80,18705000,19.98
2008-03-14,203.75,207.30,202.70,204.21,10932000,20.42
2008-03-13,205.21,206.99,201.15,204.06,18464000,20.41
2008-03-12,196.87,200.41,195.70,199.70,11605000,19.97
2008-03-11,197.65,198.77,191.61,195.20,12405000,19.52
2008-03-10,193.15,197.27,191.14,194.75,18260000,19.48
2008-03-07,200.43,203.64,196.81,200.40,15772000,20.04
2008-03-06,206.19,206.19,196.70,200.75,18597000,20.08
2008-03-05,198.70,206.80,198.34,206.21,18681000,20.62
2008-03-04,202.14,203.50,193.65,196.20,21984000,19.62
2008-03-03,202.18,204.43,198.79,201.63,16658000,20.16
2008-02-29,196.49,197.19,193.15,196.68,13612000,19.67
2008-02-28,192.28,196.95,190.94,196.66,15289000,19.67
2008-02-27,190.86,191.86,187.43,191.33,12190000,19.13
2008-02-26,180.91,187.30,180.19,186.00,8300000,18.60
2008-02-25,180.06,180.10,177.32,179.90,8990000,17.99
2008-02-22,178.31,180.16,175.98,179.16,7159000,17.92
2008-02-21,177.62,179.23,176.33,176.96,10583000,17.70
2008-02-20,172.01,177.05,171.60,177.00,6872000,17.70
2008-02-19,172.65,174.45,172.07,173.78,5627000,17.38
2008-02-15,173.36,173.38,168.04,169.52,4681000,16.95
2008-02-14,171.01,172.88,170.34,170.87,5359000,17.09
2008-02-13,169.15,172.44,168.67,171.32,4654000,17.13
2008-02-12,173.93,174.46,169.80,170.33,7378000,17.03
2008-02-11,171.09,174.00,169.75,174.00,7923000,17.40
2008-02-08,167.91,170.33,167.91,170.26,7492000,17.03
2008-02-07,165.21,167.05,164.26,166.70,5826000,16.67
2008-02-06,164.82,165.13,163.29,163.75,3611000,16.38
2008-02-05,162.64,163.86,161.10,161.67,5955000,16.17
2008-02-04,163.78,166.50,162.53,165.15,5135000,16.51
2008-02-01,170.29,170.39,165.28,166.19,14471000,16.62
2008-01-31,166.85,169.04,165.60,168.18,7923000,16.82
2008-01-30,165.67,168.00,164.66,166.75,7389000,16.67
2008-01-29,165.86,166.52,163.86,165.34,7336000,16.53
2008-01-28,163.82,166.08,163.11,165.50,8722000,16.55
2008-01-25,163.40,163.99,161.79,162.98,5275000,16.30
2008-01-24,163.90,163.90,160.24,163.00,9828000,16.30
2008-01-23,157.22,160.55,156.22,159.00,7342000,15.90
2008-01-22,155.00,160.88,154.42,159.02,11000000,15.90
2008-01-18,160.99,161.30,158.43,160.30,6625000,16.03
2008-01-17,158.99,159.64,156.55,157.17,7716000,15.72
2008-01-16,158.66,160.43,155.83,156.54,8020000,15.65
2008-01-15,161.88,163.56,158.06,158.34,9125000,15.83
2008-01-14,161.55,164.45,160.96,162.80,8343000,16.28
2008-01-11,159.45,161.84,158.17,160.77,5611000,16.08
2008-01-10,154.94,161.32,154.65,160.61,7623000,16.06
2008-01-09,155.22,157.31,154.37,155.20,10621000,15.52
2008-01-08,153.20,156.27,153.20,155.90,6153000,15.59
2008-01-07,151.61,152.34,149.67,150.53,5132000,15.05
2008-01-04,152.51,152.65,150.14,151.67,4055000,15.17
2008-01-03,150.99,153.00,150.15,152.85,5530000,15.28
2008-01-02,148.56,151.88,148.56,151.80,6721000,15.18
2007-12-31,147.26,147.56,145.83,146.97,2957000,14.70
2007-12-28,147.15,147.65,145.93,146.52,5088000,14.65
2007-12-27,145.51,146.37,144.13,145.26,2936000,14.53
2007-12-26,146.10,146.55,145.50,145.97,3291000,14.60
2007-12-24,143.31,144.73,143.00,144.63,1039000,14.46
2007-12-21,143.00,143.30,142.11,142.15,1433000,14.22
2007-12-20,139.70,141.95,138.89,140.90,2716000,14.09
2007-12-19,139.84,140.59,139.04,139.85,2421000,13.98
2007-12-18,139.53,139.75,137.69,139.01,2661000,13.90
2007-12-17,136.07,138.06,135.88,137.13,2472000,13.71
2007-12-14,138.19,138.31,136.41,137.39,5031000,13.74
2007-12-13,143.19,143.19,138.65,140.14,4799000,14.01
2007-12-12,146.01,146.65,145.00,145.48,4413000,14.55
2007-12-11,145.79,146.73,143.15,143.50,3343000,14.35
2007-12-10,144.60,146.24,144.07,145.62,3159000,14.56
2007-12-07,142.90,143.15,141.49,142.76,2508000,14.28
2007-12-06,139.61,144.66,139.61,143.76,3732000,14.38
2007-12-05,141.01,142.54,140.23,141.30,3128000,14.13
2007-12-04,143.00,143.00,141.27,142.07,1954000,14.21
2007-12-03,139.45,141.25,138.10,140.07,3857000,14.01
2007-11-30,140.00,140.00,137.00,139.00,6576000,13.90
2007-11-29,141.19,142.78,140.71,141.01,7243000,14.10
2007-11-28,143.11,144.00,141.45,142.97,4329000,14.30
2007-11-27,144.00,144.40,142.11,143.45,4166000,14.35
2007-11-26,147.29,147.93,145.00,146.29,6186000,14.63
2007-11-23,145.89,147.80,145.18,146.63,2285000,14.66
2007-11-21,145.89,145.89,142.22,143.45,4349000,14.35
2007-11-20,145.10,147.11,143.56,146.60,4456000,14.66
2007-11-19,145.10,145.10,140.03,140.71,5379000,14.07
2007-11-16,145.31,146.00,143.14,143.40,4843000,14.34
2007-11-15,144.89,146.44,142.36,143.45,6263000,14.35
2007-11-14,149.22,150.08,147.66,148.67,4471000,14.87
2007-11-13,147.28,148.07,143.75,144.60,7824000,14.46
2007-11-12,147.19,147.62,143.15,143.15,11137000,14.31
2007-11-09,153.49,154.86,151.82,152.90,7480000,15.29
2007-11-08,155.02,157.20,150.15,153.29,13388000,15.33
2007-11-07,154.50,155.47,151.08,151.71,19573000,15.17
2007-11-06,151.99,153.75,150.87,153.75,11126000,15.38
2007-11-05,144.49,147.27,143.90,146.18,5995000,14.62
2007-11-02,141.48,145.76,139.84,145.30,6353000,14.53
2007-11-01,140.19,141.80,138.19,140.03,7163000,14.00
2007-10-31,142.61,144.44,141.18,143.60,8551000,14.36
2007-10-30,141.13,142.27,140.37,141.13,4220000,14.11
2007-10-29,142.95,143.89,141.33,143.89,5450000,14.39
2007-10-26,139.77,141.55,139.77,141.33,5102000,14.13
2007-10-25,137.27,139.14,136.79,137.62,5275000,13.76
2007-10-24,134.29,135.31,133.22,134.76,2647000,13.48
2007-10-23,134.85,135.49,133.88,134.62,2122000,13.46
2007-10-22,132.87,134.12,132.63,133.48,2688000,13.35
2007-10-19,137.53,137.56,131.20,134.54,5533000,13.45
2007-10-18,136.33,137.07,136.14,137.00,1939000,13.70
2007-10-17,136.91,137.30,134.65,135.22,2734000,13.52
2007-10-16,136.99,137.15,134.65,134.99,3370000,13.50
2007-10-15,138.74,139.07,136.52,136.90,3398000,13.69
2007-10-12,137.10,137.50,136.34,137.40,2069000,13.74
2007-10-11,135.87,138.20,135.51,136.40,5113000,13.64
2007-10-10,135.40,135.55,134.54,134.86,1738000,13.49
2007-10-09,132.78,134.93,132.62,133.95,2644000,13.40
2007-10-08,132.22,132.61,131.26,131.88,1810000,13.19
2007-10-05,132.45,134.18,132.30,132.95,4957000,13.30
2007-10-04,130.70,133.25,130.50,132.85,3209000,13.28
2007-10-03,133.20,133.86,131.52,132.17,2199000,13.22
2007-10-02,132.99,132.99,129.68,132.31,5346000,13.23
2007-10-01,136.10,136.86,135.50,136.46,4884000,13.65
2007-09-28,135.81,137.72,135.81,136.55,3754000,13.65
2007-09-27,134.53,134.90,133.40,134.25,3954000,13.43
2007-09-26,133.66,135.29,132.48,133.30,3320000,13.33
2007-09-25,132.91,134.14,132.68,133.67,2978000,13.37
2007-09-24,133.75,135.04,133.30,134.27,3149000,13.43
2007-09-21,134.25,134.87,132.36,134.19,7460000,13.42
2007-09-20,132.06,134.14,131.82,133.20,8017000,13.32
2007-09-19,129.49,129.99,128.52,128.68,4229000,12.87
2007-09-18,127.57,130.00,125.97,128.68,4912000,12.87
2007-09-17,125.81,127.45,125.76,127.07,3956000,12.71
2007-09-14,125.13,127.10,124.39,124.80,3510000,12.48
2007-09-13,125.42,125.55,123.31,124.69,2995000,12.47
2007-09-12,125.68,125.99,124.28,125.72,3858000,12.57
2007-09-11,125.44,127.17,124.93,126.40,4942000,12.64
2007-09-10,125.10,125.29,123.36,124.83,3815000,12.48
2007-09-07,124.50,125.41,123.33,124.42,4467000,12.44
2007-09-06,122.49,124.52,121.50,123.64,7814000,12.36
2007-09-05,121.00,121.79,120.82,121.50,1473000,12.15
2007-09-04,120.19,122.70,119.65,121.87,3157000,12.19
2007-08-31,119.57,120.10,118.89,119.98,3125000,12.00
2007-08-30,116.96,118.18,116.61,117.00,3302000,11.70
2007-08-29,117.00,118.47,117.00,118.15,3041000,11.81
2007-08-28,117.10,118.22,115.92,116.43,3538000,11.64
2007-08-27,118.71,118.71,116.57,116.92,4581000,11.69
2007-08-24,115.99,119.17,115.64,119.00,3618000,11.90
2007-08-23,117.02,117.70,115.59,116.23,2484000,11.62
2007-08-22,116.74,117.11,114.86,115.71,5220000,11.57
2007-08-21,115.80,116.82,113.86,115.10,5649000,11.51
2007-08-20,117.41,118.54,116.05,117.29,5645000,11.73
2007-08-17,118.20,118.80,116.10,116.64,5223000,11.66
2007-08-16,122.63,123.25,110.00,117.80,15371000,11.78
2007-08-15,123.68,126.29,123.08,123.85,5059000,12.39
2007-08-14,127.44,128.06,125.99,126.23,2831000,12.62
2007-08-13,127.49,127.77,126.69,127.14,2076000,12.71
2007-08-10,126.91,129.37,126.26,127.65,4727000,12.77
2007-08-09,126.78,127.60,125.29,125.94,5276000,12.59
2007-08-08,130.64,131.19,129.83,130.54,1703000,13.05
2007-08-07,128.24,130.38,128.11,130.34,1770000,13.03
2007-08-06,130.24,130.24,128.28,128.83,2263000,12.88
2007-08-03,129.30,130.90,129.16,130.27,2999000,13.03
2007-08-02,128.90,129.31,128.38,128.99,1460000,12.90
2007-08-01,128.66,129.52,128.09,128.90,2701000,12.89
2007-07-31,128.99,129.18,127.90,128.02,2418000,12.80
2007-07-30,126.86,128.34,126.38,127.90,2021000,12.79
2007-07-27,126.10,126.86,125.26,126.21,2738000,12.62
2007-07-26,128.49,129.76,126.20,127.05,5764000,12.70
2007-07-25,130.58,131.03,129.60,130.28,4363000,13.03
2007-07-24,133.74,133.90,131.64,132.05,5609000,13.20
2007-07-23,132.40,132.53,131.64,132.15,2057000,13.22
2007-07-20,132.66,133.50,132.19,132.33,3274000,13.23
2007-07-19,132.27,132.44,131.42,131.69,3236000,13.17
2007-07-18,128.61,131.92,128.61,131.15,6206000,13.11
2007-07-17,129.20,129.87,128.14,128.15,1866000,12.81
2007-07-16,128.94,129.88,128.71,128.94,2172000,12.89
2007-07-13,130.48,130.78,129.30,129.63,2489000,12.96
2007-07-12,129.43,130.62,129.16,130.03,4231000,13.00
2007-07-11,128.56,128.65,127.63,128.45,3395000,12.85
2007-07-10,127.32,129.24,127.32,128.70,3292000,12.87
2007-07-09,127.49,127.85,126.50,126.80,2974000,12.68
2007-07-06,124.75,127.00,124.22,126.80,3851000,12.68
2007-07-05,124.97,125.10,123.50,124.65,2759000,12.47
2007-07-03,125.11,125.53,123.84,125.32,1651000,12.53
2007-07-02,124.96,125.99,124.20,125.88,2154000,12.59
2007-06-29,124.11,124.69,122.32,123.50,4074000,12.35
2007-06-28,123.00,124.30,123.00,124.00,6540000,12.40
2007-06-27,122.12,123.06,121.19,122.10,5526000,12.21
2007-06-26,125.79,126.85,120.87,121.45,16545000,12.15
2007-06-25,127.56,129.66,127.37,128.25,4184000,12.82
2007-06-22,130.63,130.67,129.20,130.06,2259000,13.01
2007-06-21,131.58,131.58,128.93,130.12,4428000,13.01
2007-06-20,132.00,132.11,130.79,130.81,1849000,13.08
2007-06-19,130.81,132.87,130.81,132.65,2273000,13.27
2007-06-18,132.81,132.82,131.24,131.63,3363000,13.16
2007-06-15,131.50,131.82,131.07,131.61,3017000,13.16
2007-06-14,130.10,131.33,129.83,130.71,2230000,13.07
2007-06-13,129.15,131.03,129.15,130.65,2794000,13.06
2007-06-12,129.65,130.65,129.30,129.31,3107000,12.93
2007-06-11,130.36,132.28,130.14,131.54,4326000,13.15
2007-06-08,132.65,132.92,128.65,130.30,9788000,13.03
2007-06-07,135.65,137.00,133.39,133.63,5698000,13.36
2007-06-06,136.49,136.70,135.39,136.38,3207000,13.64
2007-06-05,136.40,137.36,136.21,137.00,2579000,13.70
2007-06-04,136.69,137.37,135.98,136.48,5667000,13.65
2007-06-01,135.11,136.49,134.39,136.37,9093000,13.64
2007-05-31,134.01,134.45,132.88,133.83,5872000,13.38
2007-05-30,129.96,131.20,129.95,131.01,1615000,13.10
2007-05-29,129.00,132.00,129.00,130.96,3076000,13.10
2007-05-25,128.47,128.93,128.03,128.80,2299000,12.88
2007-05-24,129.64,129.91,127.01,127.68,3845000,12.77
2007-05-23,129.82,130.55,129.51,129.51,2483000,12.95
2007-05-22,129.40,129.81,128.12,128.90,2346000,12.89
2007-05-21,127.86,130.32,127.72,129.99,7990000,13.00
2007-05-18,128.12,129.40,127.39,129.04,3340000,12.90
2007-05-17,126.72,127.99,126.18,127.70,4683000,12.77
2007-05-16,130.09,130.50,127.66,128.60,7592000,12.86
2007-05-15,130.46,132.00,130.41,131.23,2300000,13.12
2007-05-14,130.57,130.92,129.82,130.50,2400000,13.05
2007-05-11,131.10,132.35,130.52,131.47,2564000,13.15
2007-05-10,131.29,132.26,129.31,129.53,5708000,12.95
2007-05-09,132.80,133.48,131.00,133.24,3451000,13.32
2007-05-08,133.72,134.77,132.39,134.00,3901000,13.40
2007-05-07,134.76,135.25,134.39,134.56,2083000,13.46
2007-05-04,134.63,135.35,133.35,133.83,3658000,13.38
2007-05-03,131.92,133.91,131.64,133.17,3279000,13.32
2007-05-02,130.30,132.30,130.25,131.70,5016000,13.17
2007-05-01,131.88,133.39,130.70,131.88,6185000,13.19
2007-04-30,134.69,134.71,132.92,133.35,2690000,13.34
2007-04-27,133.40,134.96,133.05,134.89,4855000,13.49
2007-04-26,133.90,134.30,131.19,132.60,7092000,13.26
2007-04-25,138.11,138.26,136.88,137.46,1925000,13.75
2007-04-24,139.44,139.44,136.13,137.10,3572000,13.71
2007-04-23,138.84,140.30,137.94,139.30,4154000,13.93
2007-04-20,138.41,139.08,138.15,138.71,6954000,13.87
2007-04-19,136.51,136.86,134.89,135.59,5659000,13.56
2007-04-18,139.41,139.73,138.02,138.80,4527000,13.88
2007-04-17,139.81,140.00,138.38,138.38,3771000,13.84
2007-04-16,139.67,140.37,137.65,139.80,5080000,13.98
2007-04-13,140.04,141.00,139.22,139.90,5249000,13.99
2007-04-12,137.78,138.61,136.13,138.11,4753000,13.81
2007-04-11,139.00,139.68,136.00,137.74,4527000,13.77
2007-04-10,139.30,139.30,137.86,138.48,4980000,13.85
2007-04-09,137.49,138.23,136.52,137.00,3865000,13.70
2007-04-05,135.88,136.82,135.72,136.60,4649000,13.66
2007-04-04,135.03,136.04,134.74,135.75,4861000,13.57
2007-04-03,132.49,134.34,132.42,133.38,3628000,13.34
2007-04-02,131.00,132.96,129.21,132.42,8105000,13.24
2007-03-30,133.18,133.75,132.23,133.52,2943000,13.35
2007-03-29,132.16,132.91,130.79,132.54,3675000,13.25
2007-03-28,133.73,134.24,132.48,133.28,3748000,13.33
2007-03-27,132.71,133.09,131.23,131.86,2385000,13.19
2007-03-26,133.09,133.41,132.50,133.32,2263000,13.33
2007-03-23,132.75,132.87,130.54,131.22,5107000,13.12
2007-03-22,133.22,134.56,133.00,133.89,4386000,13.39
2007-03-21,132.87,133.35,131.01,133.20,4177000,13.32
2007-03-20,132.82,133.36,132.19,132.57,3295000,13.26
2007-03-19,130.69,131.72,130.29,131.03,2539000,13.10
2007-03-16,129.97,131.44,129.83,130.92,3625000,13.09
2007-03-15,128.58,130.50,128.41,129.31,9109000,12.93
2007-03-14,127.30,128.10,125.49,128.01,4516000,12.80
2007-03-13,129.25,129.59,126.77,126.90,5264000,12.69
2007-03-12,128.04,130.26,127.80,129.46,3220000,12.95
2007-03-09,129.89,130.05,127.25,128.55,4350000,12.85
2007-03-08,129.95,130.58,128.81,129.15,8082000,12.91
2007-03-07,127.92,130.03,127.65,129.00,5896000,12.90
2007-03-06,127.36,129.29,126.81,128.96,8040000,12.90
2007-03-05,125.32,128.18,123.56,125.49,12229000,12.55
2007-03-02,129.80,131.30,126.75,128.78,13176000,12.88
2007-03-01,141.30,141.50,133.50,135.40,8133000,13.54
2007-02-28,141.30,142.07,139.18,141.25,5025000,14.12
2007-02-27,142.53,146.25,138.77,140.39,8511000,14.04
2007-02-26,146.11,147.00,144.33,146.99,3934000,14.70
2007-02-23,145.00,146.30,144.55,145.28,4370000,14.53
2007-02-22,142.15,142.96,141.00,141.85,3498000,14.19
2007-02-21,138.15,143.00,137.86,141.84,6374000,14.18
2007-02-20,138.54,139.04,136.01,137.90,4188000,13.79
2007-02-16,138.43,139.80,138.00,139.01,2063000,13.90
2007-02-15,139.18,139.64,137.70,139.52,3591000,13.95
2007-02-14,139.87,140.81,138.69,140.22,4756000,14.02
2007-02-13,138.60,139.34,137.54,138.01,4228000,13.80
2007-02-12,136.71,137.20,134.27,135.95,4220000,13.60
2007-02-09,138.39,138.81,137.51,138.06,3938000,13.81
2007-02-08,136.20,137.91,136.20,137.49,3416000,13.75
2007-02-07,136.00,137.27,135.74,135.89,3242000,13.59
2007-02-06,136.86,136.86,135.08,136.10,2904000,13.61
2007-02-05,134.84,135.12,134.13,134.38,2627000,13.44
2007-02-02,134.52,134.72,131.48,133.92,5934000,13.39
2007-02-01,136.99,137.25,135.90,136.05,3182000,13.60
2007-01-31,132.75,136.02,132.54,135.16,4175000,13.52
2007-01-30,132.41,133.44,132.41,133.28,2304000,13.33
2007-01-29,131.90,133.12,130.97,131.28,3407000,13.13
2007-01-26,133.52,134.02,132.57,133.55,2460000,13.35
2007-01-25,133.99,134.75,132.23,132.49,4432000,13.25
2007-01-24,130.98,132.30,130.02,132.05,5075000,13.20
2007-01-23,131.46,132.57,130.60,132.49,4278000,13.25
2007-01-22,128.53,131.00,128.40,128.74,3507000,12.87
2007-01-19,126.56,128.30,126.03,128.01,1943000,12.80
2007-01-18,128.12,128.79,125.50,126.02,3570000,12.60
2007-01-17,125.25,128.65,125.24,127.37,4836000,12.74
2007-01-16,127.85,128.00,125.06,125.42,2397000,12.54
2007-01-12,124.43,128.43,124.40,127.80,4004000,12.78
2007-01-11,123.91,124.94,122.75,122.90,2752000,12.29
2007-01-10,123.07,124.21,121.51,123.73,3109000,12.37
2007-01-09,121.95,125.00,121.95,124.25,3176000,12.43
2007-01-08,122.26,123.10,120.54,122.18,2836000,12.22
2007-01-05,123.63,123.80,120.05,121.80,10127000,12.18
2007-01-04,126.04,127.97,125.45,125.80,3220000,12.58
2007-01-03,129.96,131.16,124.70,125.58,7480000,12.56
2006-12-29,127.80,128.64,127.35,128.64,2390000,12.86
2006-12-28,128.45,128.63,127.53,128.02,2410000,12.80
2006-12-27,127.40,128.04,126.78,127.80,1885000,12.78
2006-12-26,126.85,127.40,125.88,126.23,2273000,12.62
2006-12-22,125.01,125.89,124.41,125.89,3586000,12.59
2006-12-21,124.22,124.72,123.14,123.50,3443000,12.35
2006-12-20,125.30,125.52,123.63,124.60,8333000,12.46
2006-12-19,124.19,126.86,124.10,126.50,9772000,12.65
2006-12-18,125.50,126.35,122.59,124.47,17189000,12.45
2006-12-15,136.63,136.63,127.49,128.15,15330000,12.81
2006-12-14,137.89,138.32,137.02,137.17,2041000,13.72
2006-12-13,136.27,137.94,135.48,137.50,3561000,13.75
2006-12-12,138.34,138.75,137.65,138.13,2183000,13.81
2006-12-11,136.60,138.80,136.51,138.15,3395000,13.81
2006-12-08,138.84,139.68,136.38,136.80,5636000,13.68
2006-12-07,136.36,139.00,134.30,138.86,5499000,13.89
2006-12-06,136.70,138.13,135.08,135.70,6175000,13.57
2006-12-05,141.36,141.70,137.51,138.16,5819000,13.82
2006-12-04,139.62,140.90,139.10,140.85,2519000,14.09
2006-12-01,139.35,140.47,139.00,139.58,4149000,13.96
2006-11-30,138.25,139.68,137.90,139.68,5011000,13.97
2006-11-29,136.33,137.05,135.07,135.68,4715000,13.57
2006-11-28,135.25,137.36,133.96,137.34,5954000,13.73
2006-11-27,135.00,135.44,134.32,134.95,2921000,13.49
2006-11-24,134.80,134.95,133.85,134.11,2422000,13.41
2006-11-22,130.79,132.11,129.55,130.33,3126000,13.03
2006-11-21,130.02,130.74,129.25,130.30,4085000,13.03
2006-11-20,129.06,129.64,127.00,127.05,3309000,12.70
2006-11-17,127.19,128.36,126.71,127.64,3239000,12.76
2006-11-16,130.88,131.25,127.35,127.55,5420000,12.76
2006-11-15,125.90,129.18,125.71,128.63,6295000,12.86
2006-11-14,129.57,129.68,127.01,127.76,5012000,12.78
2006-11-13,127.21,129.00,126.90,128.60,3321000,12.86
2006-11-10,130.03,130.74,128.33,129.67,3935000,12.97
2006-11-09,127.52,130.35,127.11,130.28,6290000,13.03
2006-11-08,126.04,126.92,123.85,124.17,3494000,12.42
2006-11-07,126.25,127.15,125.61,125.95,4536000,12.60
2006-11-06,125.18,127.35,125.02,126.10,3112000,12.61
2006-11-03,124.80,126.08,124.14,125.52,3447000,12.55
2006-11-02,124.99,126.00,124.90,125.15,3494000,12.52
2006-11-01,124.90,125.13,122.89,124.44,4034000,12.44
2006-10-31,120.24,122.70,119.96,122.68,3581000,12.27
2006-10-30,121.20,122.30,120.73,121.06,3466000,12.11
2006-10-27,121.16,121.34,119.41,120.11,1943000,12.01
2006-10-26,120.63,121.98,120.42,121.06,4842000,12.11
2006-10-25,117.48,119.24,116.71,118.95,3547000,11.90
2006-10-24,113.93,118.22,112.25,117.89,3779000,11.79
2006-10-23,116.30,117.32,115.63,116.39,2789000,11.64
2006-10-20,119.83,120.55,118.01,118.77,1949000,11.88
2006-10-19,119.11,120.73,119.01,120.70,2958000,12.07
2006-10-18,118.08,118.75,116.74,117.22,2932000,11.72
2006-10-17,118.98,118.98,115.63,116.88,4617000,11.69
2006-10-16,117.83,118.50,117.35,118.45,5366000,11.85
2006-10-13,115.10,116.39,114.53,116.39,2600000,11.64
2006-10-12,111.10,113.50,111.10,112.91,1273000,11.29
2006-10-11,112.75,114.20,111.55,111.73,2093000,11.17
2006-10-10,111.40,112.70,110.60,111.18,1644000,11.12
2006-10-09,114.00,114.12,112.10,112.78,1821000,11.28
2006-10-06,109.60,111.37,107.77,110.95,2112000,11.10
2006-10-05,110.90,111.00,109.03,110.78,3305000,11.08
2006-10-04,109.25,109.28,105.41,108.00,6287000,10.80
2006-10-03,111.43,111.43,107.92,108.10,4700000,10.81
2006-10-02,116.30,116.74,114.14,114.35,2158000,11.44
2006-09-29,114.30,114.94,112.00,114.51,2786000,11.45
2006-09-28,116.57,116.80,115.00,115.41,2480000,11.54
2006-09-27,115.84,116.50,114.50,116.20,2676000,11.62
2006-09-26,112.75,114.65,111.95,113.78,2550000,11.38
2006-09-25,110.80,112.75,110.30,111.88,2775000,11.19
2006-09-22,113.58,113.68,110.64,111.51,2708000,11.15
2006-09-21,108.87,112.00,108.44,111.85,3542000,11.19
2006-09-20,110.02,111.45,108.54,108.86,3960000,10.89
2006-09-19,111.13,111.88,107.31,107.88,5779000,10.79
2006-09-18,108.01,112.10,108.01,111.70,6093000,11.17
2006-09-15,106.91,109.43,104.61,107.99,6352000,10.80
2006-09-14,112.20,112.50,106.56,107.00,7086000,10.70
2006-09-13,111.90,112.80,110.00,111.85,3694000,11.19
2006-09-12,111.23,112.76,109.59,110.19,5852000,11.02
2006-09-11,116.54,117.00,110.55,110.75,12051000,11.07
2006-09-08,121.18,122.40,120.01,121.30,7386000,12.13
2006-09-07,128.00,128.38,123.90,125.70,5737000,12.57
2006-09-06,130.66,132.25,129.70,129.88,3501000,12.99
2006-09-05,131.77,132.20,129.36,129.75,6456000,12.98
2006-09-01,128.25,129.78,126.75,129.60,4296000,12.96
2006-08-31,126.56,129.17,126.20,129.08,4310000,12.91
2006-08-30,124.40,125.25,123.36,125.11,2982000,12.51
2006-08-29,120.59,122.90,118.53,122.75,3214000,12.27
2006-08-28,124.10,124.14,119.80,120.32,4205000,12.03
2006-08-25,123.46,124.35,122.92,124.20,1733000,12.42
2006-08-24,125.68,125.99,122.89,123.60,2887000,12.36
2006-08-23,126.00,126.35,124.12,125.00,3628000,12.50
2006-08-22,121.76,123.20,121.01,122.95,2165000,12.30
2006-08-21,123.71,124.42,123.21,124.12,2415000,12.41
2006-08-18,120.85,121.21,118.50,120.60,2293000,12.06
2006-08-17,122.05,122.05,119.05,119.67,2984000,11.97
2006-08-16,123.29,124.30,122.50,123.24,2334000,12.32
2006-08-15,120.15,121.27,119.50,121.05,1557000,12.10
2006-08-14,119.11,122.25,118.39,120.48,3472000,12.05
2006-08-11,122.66,123.72,117.76,119.19,4086000,11.92
2006-08-10,123.27,123.97,120.60,121.21,3909000,12.12
2006-08-09,124.30,126.50,124.30,125.18,3686000,12.52
2006-08-08,122.27,123.59,122.00,122.60,1655000,12.26
2006-08-07,124.75,124.75,121.64,123.10,3070000,12.31
2006-08-04,124.82,125.80,122.91,123.83,3716000,12.38
2006-08-03,121.15,122.25,119.95,120.80,2456000,12.08
2006-08-02,118.99,122.53,118.99,121.70,4575000,12.17
2006-08-01,114.14,117.66,114.00,117.60,2751000,11.76
2006-07-31,114.15,114.56,112.43,114.15,2537000,11.41
2006-07-28,113.50,114.25,113.01,114.00,1826000,11.40
2006-07-27,114.56,114.89,112.69,113.75,2943000,11.38
2006-07-26,109.44,111.78,108.65,111.07,2060000,11.11
2006-07-25,109.72,110.00,107.80,109.93,2733000,10.99
2006-07-24,108.03,109.20,106.30,109.18,3195000,10.92
2006-07-21,112.44,112.44,107.17,108.38,2633000,10.84
2006-07-20,110.01,112.90,108.91,109.00,2429000,10.90
2006-07-19,106.83,111.71,106.58,111.39,2368000,11.14
2006-07-18,110.69,110.78,104.70,105.95,4719000,10.60
2006-07-17,112.58,113.00,108.56,108.97,6461000,10.90
2006-07-14,116.52,117.10,114.74,114.99,2867000,11.50
2006-07-13,116.59,116.60,113.61,116.50,4515000,11.65
2006-07-12,117.30,118.30,113.75,115.92,5695000,11.59
2006-07-11,113.15,116.20,112.89,115.70,2908000,11.57
2006-07-10,111.57,112.58,110.51,110.84,2749000,11.08
2006-07-07,115.00,115.10,113.00,113.25,3436000,11.32
2006-07-06,114.20,116.75,113.25,115.99,3919000,11.60
2006-07-05,114.98,115.25,112.49,114.70,3619000,11.47
2006-07-03,113.19,114.68,112.70,113.80,2103000,11.38
2006-06-30,110.07,111.55,109.34,111.39,7536000,11.14
2006-06-29,104.09,108.00,104.09,107.82,6410000,10.78
2006-06-28,103.85,103.87,101.85,102.45,2816000,10.24
2006-06-27,104.99,106.88,102.14,102.14,5217000,10.21
2006-06-26,104.20,104.45,101.32,103.17,2010000,10.32
2006-06-23,102.05,104.75,101.87,103.53,5332000,10.35
2006-06-22,104.00,104.89,102.45,102.57,2434000,10.26
2006-06-21,102.64,106.26,102.46,105.00,3908000,10.50
2006-06-20,100.60,103.50,99.69,102.86,2978000,10.29
2006-06-19,100.02,100.92,99.15,99.47,3696000,9.95
2006-06-16,101.67,103.37,98.59,102.90,4103000,10.29
2006-06-15,101.40,103.51,100.25,102.64,8796000,10.26
2006-06-14,98.80,99.87,95.49,96.70,9620000,9.67
2006-06-13,103.73,104.50,95.63,96.25,20708000,9.62
2006-06-12,112.60,113.23,109.16,109.30,5380000,10.93
2006-06-09,115.00,115.50,111.03,111.92,4204000,11.19
2006-06-08,116.88,117.00,111.34,112.35,6754000,11.23
2006-06-07,115.95,120.43,115.30,118.70,6712000,11.87
2006-06-06,118.68,119.48,116.80,118.35,6764000,11.84
2006-06-05,122.80,123.80,120.76,120.92,4317000,12.09
2006-06-02,121.90,123.11,120.03,121.75,3807000,12.18
2006-06-01,118.25,122.56,118.10,120.40,8007000,12.04
2006-05-31,130.65,131.30,123.66,126.28,6342000,12.63
2006-05-30,132.00,133.60,130.28,130.97,6204000,13.10
2006-05-26,127.69,127.77,124.90,126.70,3477000,12.67
2006-05-25,125.55,127.90,124.39,126.85,4998000,12.69
2006-05-24,126.98,128.95,124.23,125.45,5349000,12.55
2006-05-23,129.85,132.52,128.90,130.45,8188000,13.05
2006-05-22,123.98,126.00,122.54,125.15,5949000,12.52
2006-05-19,122.91,126.83,121.68,126.00,8460000,12.60
2006-05-18,132.20,133.65,126.02,126.02,8020000,12.60
2006-05-17,135.55,137.48,129.21,130.90,7821000,13.09
2006-05-16,135.10,136.75,132.75,135.80,7200000,13.58
2006-05-15,133.94,137.80,132.04,132.70,12581000,13.27
2006-05-12,148.90,149.00,142.17,144.64,10129000,14.46
2006-05-11,150.82,152.50,148.00,148.60,12533000,14.86
2006-05-10,142.90,145.75,142.50,145.26,13913000,14.53
2006-05-09,140.98,146.25,140.60,145.00,11054000,14.50
2006-05-08,138.00,140.00,135.06,140.00,9453000,14.00
2006-05-05,140.00,140.30,137.50,139.95,6586000,13.99
2006-05-04,139.50,142.87,136.80,140.00,11075000,14.00
2006-05-03,144.50,144.64,134.13,139.25,15141000,13.93
2006-05-02,142.45,144.00,141.00,143.65,12511000,14.36
2006-05-01,139.20,141.79,137.50,138.70,14835000,13.87
2006-04-28,129.00,139.80,128.70,138.12,23432000,13.81
