Date,Open,High,Low,Close,Volume,Adj Close
2012-05-04,4.40,5.00,4.30,4.80,1862300,4.80
2012-05-03,4.75,5.01,4.12,4.42,10428400,4.42
2012-05-02,6.58,6.63,6.18,6.34,1028500,6.34
2012-05-01,6.78,6.96,6.62,6.64,771400,6.64
2012-04-30,6.87,7.01,6.52,6.78,1808600,6.78
2012-04-27,7.03,7.06,6.74,6.89,1255400,6.89
2012-04-26,7.12,7.24,6.98,7.00,686500,7.00
2012-04-25,7.19,7.25,6.98,7.16,639600,7.16
2012-04-24,6.97,7.17,6.94,7.12,441700,7.12
2012-04-23,6.76,7.02,6.51,6.97,892700,6.97
2012-04-20,7.78,7.78,6.84,6.99,1548700,6.99
2012-04-19,7.64,7.70,7.29,7.50,1299700,7.50
2012-04-18,7.50,7.75,7.38,7.67,1236500,7.67
2012-04-17,7.15,7.85,7.00,7.61,1778400,7.61
2012-04-16,7.12,7.24,7.01,7.14,657500,7.14
2012-04-13,7.29,7.32,7.00,7.08,957300,7.08
2012-04-12,7.01,7.36,6.92,7.34,1778800,7.34
2012-04-11,7.05,7.30,6.95,7.04,775300,7.04
2012-04-10,7.05,7.16,7.00,7.00,449400,7.00
2012-04-09,7.09,7.16,6.80,7.04,760700,7.04
2012-04-05,7.26,7.48,7.22,7.25,669800,7.25
2012-04-04,7.34,7.44,7.20,7.34,687000,7.34
2012-04-03,7.67,7.80,7.30,7.43,1307100,7.43
2012-04-02,7.33,7.78,7.20,7.70,2595000,7.70
2012-03-30,7.80,8.16,7.11,7.20,3451100,7.20
2012-03-29,6.42,7.42,6.41,7.20,3140300,7.20
2012-03-28,6.70,6.84,5.93,6.51,1652600,6.51
2012-03-27,6.80,6.97,6.60,6.68,1444400,6.68
2012-03-26,6.44,6.77,6.44,6.68,2826600,6.68
2012-03-23,7.64,7.69,5.99,6.33,12224800,6.33
2012-03-22,8.37,8.48,8.10,8.15,881900,8.15
2012-03-21,8.53,8.65,8.33,8.45,626800,8.45
2012-03-20,8.42,8.66,8.36,8.55,487400,8.55
2012-03-19,8.83,8.97,8.33,8.44,857400,8.44
2012-03-16,8.62,9.06,8.61,8.75,1334200,8.75
2012-03-15,9.21,9.91,7.70,8.51,4596100,8.51
2012-03-14,9.27,9.33,9.09,9.25,700900,9.25
2012-03-13,9.11,9.37,8.88,9.30,578800,9.30
2012-03-12,9.25,9.32,8.99,9.08,390400,9.08
2012-03-09,9.27,9.37,9.13,9.23,408200,9.23
2012-03-08,9.25,9.40,9.06,9.24,758800,9.24
2012-03-07,9.04,9.23,8.90,9.10,965200,9.10
2012-03-06,8.84,9.03,8.59,8.79,1257600,8.79
2012-03-05,9.69,9.80,8.75,8.86,1773300,8.86
2012-03-02,9.90,10.15,9.66,9.71,783500,9.71
2012-03-01,10.15,10.24,9.72,9.87,1003100,9.87
2012-02-29,11.12,11.15,10.00,10.12,1718500,10.12
2012-02-28,11.94,11.95,10.60,11.01,1805200,11.01
2012-02-27,11.25,11.42,11.02,11.38,279000,11.38
2012-02-24,11.26,11.58,11.21,11.31,385700,11.31
2012-02-23,11.11,11.42,11.05,11.22,438700,11.22
2012-02-22,11.38,11.45,11.04,11.10,335000,11.10
2012-02-21,11.21,11.60,11.21,11.40,480600,11.40
2012-02-17,11.17,11.32,11.01,11.13,663200,11.13
2012-02-16,11.02,11.33,10.81,11.05,463500,11.05
2012-02-15,11.00,11.30,10.75,11.00,828500,11.00
2012-02-14,11.42,11.42,10.77,10.89,953800,10.89
2012-02-13,12.00,12.10,11.19,11.25,1100500,11.25
2012-02-10,12.27,12.30,11.56,11.85,1164600,11.85
2012-02-09,12.49,12.59,12.23,12.58,680000,12.58
2012-02-08,12.30,12.65,12.29,12.47,626300,12.47
2012-02-07,12.13,12.35,12.05,12.25,650800,12.25
2012-02-06,11.93,12.30,11.76,12.25,812200,12.25
2012-02-03,11.86,12.08,11.46,12.04,841200,12.04
2012-02-02,11.39,11.80,11.26,11.80,1056100,11.80
2012-02-01,10.86,11.44,10.77,11.41,1660600,11.41
2012-01-31,10.65,11.00,10.60,10.83,505800,10.83
2012-01-30,10.86,10.90,10.55,10.61,393800,10.61
2012-01-27,10.93,10.99,10.75,10.95,650000,10.95
2012-01-26,10.92,11.50,10.91,10.96,1239300,10.96
2012-01-25,10.51,10.93,10.35,10.90,650900,10.90
2012-01-24,10.00,10.60,9.86,10.57,648300,10.57
2012-01-23,10.20,10.31,9.93,10.10,333200,10.10
2012-01-20,9.74,10.32,9.64,10.26,1220500,10.26
2012-01-19,9.54,10.01,9.50,9.78,675900,9.78
2012-01-18,9.23,9.53,9.21,9.53,998700,9.53
2012-01-17,9.50,9.59,9.17,9.26,354600,9.26
2012-01-13,9.50,9.70,9.30,9.44,534000,9.44
2012-01-12,9.42,9.76,9.37,9.62,880100,9.62
2012-01-11,8.89,9.45,8.86,9.28,1147900,9.28
2012-01-10,8.87,9.06,8.77,8.94,544000,8.94
2012-01-09,8.64,8.86,8.56,8.69,517400,8.69
2012-01-06,9.20,9.24,8.51,8.58,3315500,8.58
2012-01-05,8.36,8.61,8.25,8.42,457800,8.42
2012-01-04,8.64,8.73,8.40,8.40,498900,8.40
2012-01-03,8.67,8.95,8.53,8.67,610500,8.67
2011-12-30,8.37,8.71,8.34,8.45,688900,8.45
2011-12-29,8.22,8.50,8.22,8.32,553900,8.32
2011-12-28,8.59,8.59,8.12,8.16,410600,8.16
2011-12-27,8.48,8.78,8.45,8.51,203600,8.51
2011-12-23,8.47,8.72,8.42,8.52,307600,8.52
2011-12-22,8.33,8.55,8.33,8.43,743500,8.43
2011-12-21,8.63,8.70,8.30,8.31,485800,8.31
2011-12-20,8.54,8.75,8.47,8.59,520800,8.59
2011-12-19,8.80,8.94,8.29,8.34,855200,8.34
2011-12-16,9.01,9.21,8.65,8.76,862100,8.76
2011-12-15,9.19,9.27,8.80,8.93,620400,8.93
2011-12-14,9.02,9.17,8.90,9.08,477400,9.08
2011-12-13,9.42,9.53,9.00,9.10,601100,9.10
2011-12-12,9.54,9.54,9.14,9.34,1050900,9.34
2011-12-09,8.97,9.87,8.88,9.77,871900,9.77
2011-12-08,9.31,9.39,8.86,8.94,721600,8.94
2011-12-07,9.11,9.53,9.09,9.38,558100,9.38
2011-12-06,9.54,9.65,9.07,9.16,658000,9.16
2011-12-05,9.58,9.76,9.47,9.54,470800,9.54
2011-12-02,9.22,9.59,9.17,9.41,918600,9.41
2011-12-01,8.88,9.09,8.67,8.99,672500,8.99
2011-11-30,9.08,9.31,8.84,8.92,1899200,8.92
2011-11-29,8.90,8.98,8.52,8.70,542600,8.70
2011-11-28,9.59,9.60,8.56,8.91,1494800,8.91
2011-11-25,9.18,9.69,8.79,8.90,396100,8.90
2011-11-23,9.45,9.55,9.08,9.18,653500,9.18
2011-11-22,10.44,10.50,9.43,9.52,1224200,9.52
2011-11-21,10.14,10.67,9.79,10.49,1143200,10.49
2011-11-18,10.86,11.01,10.21,10.40,1146700,10.40
2011-11-17,11.58,11.82,10.36,10.71,2035500,10.71
2011-11-16,11.96,12.19,11.52,11.56,1406400,11.56
2011-11-15,11.68,12.02,11.43,11.92,957300,11.92
2011-11-14,11.98,12.22,11.74,11.84,844200,11.84
2011-11-11,12.09,12.42,11.75,12.37,1109500,12.37
2011-11-10,10.99,12.38,10.85,12.01,2449600,12.01
2011-11-09,9.11,11.39,9.00,11.21,5729600,11.21
2011-11-08,8.13,8.40,8.12,8.36,626500,8.36
2011-11-07,8.35,8.52,7.93,8.03,748600,8.03
2011-11-04,8.31,8.54,8.20,8.34,588200,8.34
2011-11-03,8.59,8.59,7.97,8.40,764700,8.40
2011-11-02,8.66,8.67,8.26,8.45,355000,8.45
2011-11-01,8.59,8.87,8.32,8.48,612300,8.48
2011-10-31,9.11,9.23,8.91,9.00,265900,9.00
2011-10-28,9.35,9.70,9.19,9.30,416700,9.30
2011-10-27,9.05,9.65,9.05,9.31,624600,9.31
2011-10-26,9.13,9.40,8.46,8.69,729400,8.69
2011-10-25,9.54,9.54,8.87,8.97,469800,8.97
2011-10-24,9.06,9.69,8.71,9.59,645600,9.59
2011-10-21,8.94,9.00,8.51,8.98,347600,8.98
2011-10-20,8.65,8.80,8.33,8.76,347000,8.76
2011-10-19,8.93,8.93,8.55,8.60,542100,8.60
2011-10-18,8.68,9.00,8.36,8.95,374500,8.95
2011-10-17,8.93,9.08,8.60,8.64,293300,8.64
2011-10-14,8.99,9.08,8.41,9.06,412800,9.06
2011-10-13,8.50,8.97,8.17,8.82,624200,8.82
2011-10-12,8.60,8.64,8.25,8.58,581200,8.58
2011-10-11,8.47,8.72,8.33,8.47,453000,8.47
2011-10-10,8.20,8.55,8.19,8.52,497800,8.52
2011-10-07,8.35,8.42,7.88,8.01,486600,8.01
2011-10-06,7.95,8.34,7.89,8.31,426100,8.31
2011-10-05,8.15,8.19,7.68,7.96,684500,7.96
2011-10-04,7.57,8.11,7.38,8.11,636900,8.11
2011-10-03,8.28,8.46,7.49,7.53,809600,7.53
2011-09-30,8.55,8.71,8.36,8.40,611200,8.40
2011-09-29,9.17,9.17,8.49,8.68,504900,8.68
2011-09-28,9.27,9.45,8.88,8.89,289700,8.89
2011-09-27,9.39,9.54,9.15,9.27,530900,9.27
2011-09-26,9.16,9.40,8.87,9.17,464700,9.17
2011-09-23,8.78,9.13,8.56,9.10,523400,9.10
2011-09-22,8.40,8.85,8.34,8.78,509300,8.78
2011-09-21,9.23,9.45,8.74,8.76,433800,8.76
2011-09-20,9.31,9.57,9.17,9.25,757200,9.25
2011-09-19,9.61,9.68,8.82,9.14,820000,9.14
2011-09-16,10.04,10.28,9.65,9.81,1363400,9.81
2011-09-15,9.73,10.05,9.30,9.95,2647900,9.95
2011-09-14,10.24,10.75,10.07,10.62,389900,10.62
2011-09-13,9.74,10.25,9.70,10.08,236800,10.08
2011-09-12,9.28,9.85,9.19,9.69,180600,9.69
2011-09-09,9.80,10.11,9.43,9.51,224700,9.51
2011-09-08,10.06,10.39,9.90,9.98,201600,9.98
2011-09-07,10.03,10.26,10.03,10.17,284000,10.17
2011-09-06,9.42,9.81,9.40,9.79,279400,9.79
2011-09-02,9.96,10.18,9.59,9.78,296100,9.78
2011-09-01,11.10,11.33,10.16,10.24,412300,10.24
2011-08-31,11.10,11.37,10.77,11.07,218800,11.07
2011-08-30,10.98,11.32,10.56,11.18,283100,11.18
2011-08-29,10.60,11.20,10.60,11.11,541900,11.11
2011-08-26,9.83,10.54,9.80,10.49,366400,10.49
2011-08-25,10.21,10.34,9.78,9.85,224600,9.85
2011-08-24,10.09,10.33,10.02,10.11,219500,10.11
2011-08-23,9.30,10.24,9.26,10.14,528600,10.14
2011-08-22,9.32,9.44,9.05,9.23,365900,9.23
2011-08-19,9.13,9.56,8.96,9.04,388600,9.04
2011-08-18,9.80,9.86,9.21,9.27,456800,9.27
2011-08-17,10.16,10.26,9.74,10.09,1459800,10.09
2011-08-16,10.25,10.33,9.93,10.10,431200,10.10
2011-08-15,10.59,10.93,10.25,10.41,485700,10.41
2011-08-12,10.36,10.52,9.96,10.47,519400,10.47
2011-08-11,9.90,10.34,9.71,10.16,470900,10.16
2011-08-10,10.18,10.43,9.76,9.87,740900,9.87
2011-08-09,9.47,10.49,8.84,10.48,1368600,10.48
2011-08-08,8.98,9.15,8.47,8.80,954500,8.80
2011-08-05,9.83,10.10,9.22,9.49,559900,9.49
2011-08-04,10.38,10.40,9.67,9.68,553600,9.68
2011-08-03,10.70,10.86,10.00,10.38,501300,10.38
2011-08-02,11.64,11.68,10.47,10.63,596500,10.63
2011-08-01,11.81,11.81,11.30,11.68,377900,11.68
2011-07-29,11.81,11.81,11.56,11.65,249100,11.65
2011-07-28,11.84,12.03,11.70,11.95,319000,11.95
2011-07-27,11.85,11.98,11.66,11.81,350400,11.81
2011-07-26,11.75,11.98,11.65,11.84,271300,11.84
2011-07-25,11.36,11.89,11.34,11.74,309700,11.74
2011-07-22,11.56,11.61,11.02,11.46,498200,11.46
2011-07-21,11.83,12.01,11.57,11.61,211000,11.61
2011-07-20,11.55,11.85,11.50,11.80,295700,11.80
2011-07-19,11.81,11.91,11.43,11.50,511500,11.50
2011-07-18,12.13,12.13,11.61,11.98,229700,11.98
2011-07-15,12.23,12.23,11.95,12.14,261500,12.14
2011-07-14,12.30,12.30,12.04,12.16,229200,12.16
2011-07-13,12.19,12.32,12.04,12.30,211100,12.30
2011-07-12,12.31,12.31,11.96,12.08,425400,12.08
2011-07-11,12.23,12.36,12.02,12.31,164700,12.31
2011-07-08,12.01,12.48,11.93,12.37,170100,12.37
2011-07-07,12.31,12.40,12.16,12.19,219300,12.19
2011-07-06,11.85,12.32,11.64,12.21,256900,12.21
2011-07-05,11.85,12.07,11.56,11.89,411300,11.89
2011-07-01,11.98,12.07,11.63,11.91,339900,11.91
2011-06-30,12.31,12.35,11.93,11.94,257000,11.94
2011-06-29,12.47,12.47,11.98,12.21,285200,12.21
2011-06-28,12.04,12.59,11.85,12.43,386500,12.43
2011-06-27,11.97,12.10,11.96,12.00,181500,12.00
2011-06-24,12.05,12.17,11.75,12.00,1848700,12.00
2011-06-23,11.93,12.20,11.85,12.04,291500,12.04
2011-06-22,12.31,12.40,12.02,12.08,275600,12.08
2011-06-21,12.34,12.41,12.16,12.39,438800,12.39
2011-06-20,12.28,12.40,12.03,12.21,164900,12.21
2011-06-17,12.36,12.47,12.23,12.30,440700,12.30
2011-06-16,12.41,12.51,11.98,12.25,368100,12.25
2011-06-15,12.46,12.73,12.20,12.40,408600,12.40
2011-06-14,12.44,12.65,12.22,12.60,637400,12.60
2011-06-13,11.75,12.48,11.71,12.23,782700,12.23
2011-06-10,11.61,11.82,11.44,11.68,235600,11.68
2011-06-09,11.78,12.00,11.68,11.71,209000,11.71
2011-06-08,11.69,11.90,11.62,11.76,246700,11.76
2011-06-07,11.49,11.84,11.41,11.73,335300,11.73
2011-06-06,11.67,11.90,11.24,11.38,292700,11.38
2011-06-03,11.83,11.94,11.65,11.71,239900,11.71
2011-06-02,11.88,12.01,11.63,11.93,151500,11.93
2011-06-01,12.24,12.28,11.83,11.84,257500,11.84
2011-05-31,12.18,12.28,12.00,12.25,251200,12.25
2011-05-27,12.11,12.33,11.95,12.03,233100,12.03
2011-05-26,11.62,12.24,11.56,12.06,264900,12.06
2011-05-25,11.57,11.84,11.51,11.66,263400,11.66
2011-05-24,11.58,11.89,11.51,11.58,426600,11.58
2011-05-23,11.69,11.69,11.50,11.51,191100,11.51
2011-05-20,12.13,12.18,11.96,11.97,182700,11.97
2011-05-19,12.36,12.46,12.05,12.23,216900,12.23
2011-05-18,11.92,12.48,11.89,12.26,429000,12.26
2011-05-17,11.65,12.00,11.58,11.89,356700,11.89
2011-05-16,11.45,11.68,11.33,11.48,407500,11.48
2011-05-13,11.89,11.94,11.27,11.55,521200,11.55
2011-05-12,11.64,12.04,11.50,11.86,636000,11.86
2011-05-11,11.70,11.81,11.37,11.60,424000,11.60
2011-05-10,11.15,12.07,11.05,11.72,921700,11.72
2011-05-09,10.75,10.90,10.63,10.88,264500,10.88
2011-05-06,11.02,11.13,10.65,10.75,275000,10.75
2011-05-05,10.95,11.28,10.75,10.81,241000,10.81
2011-05-04,11.03,11.28,10.90,10.99,297000,10.99
2011-05-03,10.84,11.08,10.80,10.98,362000,10.98
2011-05-02,11.60,11.74,10.88,10.88,414200,10.88
2011-04-29,10.83,11.57,10.80,11.51,415000,11.51
2011-04-28,10.82,11.00,10.63,10.79,230400,10.79
2011-04-27,11.01,11.09,10.57,10.83,266000,10.83
2011-04-26,10.84,11.10,10.73,10.92,404900,10.92
2011-04-25,10.80,10.80,10.57,10.75,212000,10.75
2011-04-21,11.05,11.09,10.55,10.76,242200,10.76
2011-04-20,10.77,11.17,10.77,10.90,369800,10.90
2011-04-19,11.00,11.04,10.28,10.65,351400,10.65
2011-04-18,10.54,11.00,10.53,10.91,319200,10.91
2011-04-15,11.02,11.43,10.75,10.77,638100,10.77
2011-04-14,11.16,11.20,9.74,11.08,2829100,11.08
2011-04-13,11.95,11.99,11.23,11.24,539900,11.24
2011-04-12,12.35,12.65,11.70,11.80,1801900,11.80
2011-04-11,11.54,11.74,11.46,11.53,267900,11.53
2011-04-08,11.66,11.89,11.49,11.51,209400,11.51
2011-04-07,11.77,11.87,11.49,11.56,303100,11.56
2011-04-06,11.76,12.08,11.66,11.77,334300,11.77
2011-04-05,11.84,12.01,11.58,11.65,224600,11.65
2011-04-04,12.10,12.18,11.76,11.84,242600,11.84
2011-04-01,12.13,12.34,11.97,12.02,214600,12.02
2011-03-31,11.93,12.11,11.83,12.04,180300,12.04
2011-03-30,12.00,12.21,11.85,11.95,218600,11.95
2011-03-29,11.62,12.07,11.62,11.93,302100,11.93
2011-03-28,11.72,11.80,11.40,11.66,654700,11.66
2011-03-25,11.70,11.84,11.58,11.68,419600,11.68
2011-03-24,11.71,11.74,11.55,11.70,277800,11.70
2011-03-23,11.27,11.81,11.18,11.70,496400,11.70
2011-03-22,11.82,11.82,11.04,11.26,545400,11.26
2011-03-21,11.92,12.20,11.66,11.82,333900,11.82
2011-03-18,12.02,12.11,11.52,11.70,634700,11.70
2011-03-17,12.93,12.93,11.74,11.84,846000,11.84
2011-03-16,13.08,14.26,12.57,12.58,487300,12.58
2011-03-15,12.58,13.38,12.39,13.26,161100,13.26
2011-03-14,13.07,13.33,12.86,13.15,243800,13.15
2011-03-11,12.82,13.35,12.66,13.10,112000,13.10
2011-03-10,13.06,13.06,12.77,12.87,198100,12.87
2011-03-09,13.50,13.53,13.20,13.36,52100,13.36
2011-03-08,13.03,13.58,12.69,13.57,102400,13.57
2011-03-07,13.66,13.71,12.76,13.00,132500,13.00
2011-03-04,13.11,13.64,12.97,13.62,155700,13.62
2011-03-03,13.00,13.75,13.00,13.10,163000,13.10
2011-03-02,12.40,12.85,12.39,12.75,244400,12.75
2011-03-01,13.09,13.09,12.25,12.38,231000,12.38
2011-02-28,13.39,13.50,12.75,13.00,191800,13.00
2011-02-25,13.14,13.46,12.97,13.25,191200,13.25
2011-02-24,12.92,13.06,12.88,13.02,293400,13.02
2011-02-23,13.12,13.27,12.52,12.87,254700,12.87
2011-02-22,13.66,13.78,13.02,13.08,294300,13.08
2011-02-18,14.27,14.27,13.67,13.97,96200,13.97
2011-02-17,13.82,14.25,13.78,14.16,205700,14.16
2011-02-16,13.86,14.01,13.72,13.89,64300,13.89
2011-02-15,13.90,14.24,13.75,13.77,91100,13.77
2011-02-14,14.10,14.32,13.80,13.97,82200,13.97
2011-02-11,14.01,14.24,13.88,14.19,62600,14.19
2011-02-10,14.06,14.20,13.81,14.08,130000,14.08
2011-02-09,14.31,14.46,14.02,14.19,63400,14.19
2011-02-08,14.32,14.53,14.08,14.42,79700,14.42
2011-02-07,14.50,14.94,14.32,14.32,117100,14.32
2011-02-04,14.61,14.63,13.92,14.50,198700,14.50
2011-02-03,14.55,14.67,14.24,14.60,230500,14.60
2011-02-02,14.49,14.86,14.48,14.51,177900,14.51
2011-02-01,14.00,14.89,13.80,14.57,350700,14.57
2011-01-31,14.50,14.66,13.52,13.78,435100,13.78
2011-01-28,14.34,14.55,13.54,13.55,154200,13.55
2011-01-27,14.37,14.72,14.25,14.42,98200,14.42
2011-01-26,14.30,14.80,14.21,14.36,153500,14.36
2011-01-25,14.02,14.25,14.02,14.24,279600,14.24
2011-01-24,13.94,14.30,13.66,14.03,233700,14.03
2011-01-21,14.43,14.47,13.89,13.91,225700,13.91
2011-01-20,14.86,14.98,14.12,14.36,565100,14.36
2011-01-19,15.69,15.77,14.83,14.96,235300,14.96
2011-01-18,15.74,15.90,15.49,15.74,102100,15.74
2011-01-14,15.95,15.95,15.12,15.77,340300,15.77
2011-01-13,16.26,16.26,15.72,15.92,127900,15.92
2011-01-12,16.69,16.69,15.86,16.24,251500,16.24
2011-01-11,16.33,16.85,16.14,16.40,109500,16.40
2011-01-10,16.27,16.34,15.76,16.26,131100,16.26
2011-01-07,16.55,16.58,16.13,16.40,170600,16.40
2011-01-06,16.65,16.86,16.36,16.45,139400,16.45
2011-01-05,16.07,16.75,15.63,16.56,380200,16.56
2011-01-04,17.00,17.32,16.00,16.14,475500,16.14
2011-01-03,16.15,16.99,16.07,16.94,570300,16.94
2010-12-31,15.82,16.09,15.75,16.04,108000,16.04
2010-12-30,16.10,16.32,15.84,15.84,78400,15.84
2010-12-29,16.06,16.27,15.97,16.16,80600,16.16
2010-12-28,16.03,16.18,15.88,16.06,65100,16.06
2010-12-27,16.00,16.13,15.74,16.00,92200,16.00
2010-12-23,16.13,16.27,15.79,16.05,176000,16.05
2010-12-22,16.30,16.66,16.12,16.18,234700,16.18
2010-12-21,15.82,16.66,15.46,16.33,340800,16.33
2010-12-20,16.00,16.00,15.18,15.77,299500,15.77
2010-12-17,15.57,16.40,15.41,15.90,1364000,15.90
2010-12-16,15.06,15.50,14.93,15.45,235900,15.45
2010-12-15,14.87,15.27,14.77,14.99,173300,14.99
2010-12-14,15.27,15.27,14.67,14.89,208700,14.89
2010-12-13,15.08,15.60,15.02,15.15,292800,15.15
2010-12-10,14.55,15.75,14.33,15.46,397800,15.46
2010-12-09,14.56,14.68,14.36,14.51,121800,14.51
2010-12-08,14.15,14.57,14.10,14.43,143900,14.43
2010-12-07,14.49,14.49,14.08,14.13,146600,14.13
2010-12-06,14.01,14.36,13.92,14.30,165700,14.30
2010-12-03,14.05,14.22,13.84,14.07,202600,14.07
2010-12-02,14.04,14.29,13.88,14.11,184600,14.11
2010-12-01,13.89,14.08,13.76,13.98,271800,13.98
2010-11-30,12.99,13.77,12.99,13.77,362000,13.77
2010-11-29,12.99,13.33,12.82,13.24,167800,13.24
2010-11-26,13.20,13.24,12.93,13.10,108200,13.10
2010-11-24,13.17,13.44,12.94,13.31,312700,13.31
2010-11-23,12.60,13.15,12.35,13.02,489000,13.02
2010-11-22,12.07,12.71,12.02,12.56,589100,12.56
2010-11-19,12.28,12.59,12.00,12.08,1707000,12.08
2010-11-18,12.63,12.68,12.24,12.43,169800,12.43
2010-11-17,12.55,12.72,12.08,12.37,91100,12.37
2010-11-16,12.60,12.60,11.92,12.48,171900,12.48
2010-11-15,12.80,12.95,12.62,12.67,89700,12.67
2010-11-12,13.20,13.40,12.70,12.78,140700,12.78
2010-11-11,13.69,13.80,13.27,13.36,62800,13.36
2010-11-10,13.44,13.91,13.32,13.87,150000,13.87
2010-11-09,14.02,14.36,13.03,13.38,218200,13.38
2010-11-08,14.65,14.65,13.50,13.97,282100,13.97
2010-11-05,14.56,14.74,14.31,14.67,213600,14.67
2010-11-04,14.17,14.71,14.14,14.50,233700,14.50
2010-11-03,13.77,14.05,13.58,14.01,104200,14.01
2010-11-02,13.71,14.10,13.59,13.80,197300,13.80
2010-11-01,13.82,13.98,13.52,13.52,146600,13.52
2010-10-29,13.60,13.81,13.40,13.77,113200,13.77
2010-10-28,13.75,13.86,12.87,13.61,192000,13.61
2010-10-27,13.20,13.73,13.04,13.67,165500,13.67
2010-10-26,12.83,13.43,12.67,13.32,146900,13.32
2010-10-25,13.15,13.44,12.88,12.98,202400,12.98
2010-10-22,13.07,13.13,12.90,13.00,116100,13.00
2010-10-21,12.90,13.35,12.57,12.93,134300,12.93
2010-10-20,12.50,12.95,12.41,12.79,102800,12.79
2010-10-19,12.77,12.84,12.25,12.47,182200,12.47
2010-10-18,12.65,13.50,12.53,12.98,233800,12.98
2010-10-15,12.41,12.90,12.15,12.65,218500,12.65
2010-10-14,12.70,12.77,12.14,12.35,256000,12.35
2010-10-13,12.79,13.18,11.79,12.65,1189000,12.65
2010-10-12,12.72,12.94,12.52,12.69,293400,12.69
2010-10-11,12.14,13.10,11.99,12.71,277800,12.71
2010-10-08,11.43,12.36,11.43,12.12,153200,12.12
2010-10-07,11.67,11.67,11.45,11.56,97900,11.56
2010-10-06,11.66,11.75,11.50,11.56,242300,11.56
2010-10-05,11.35,11.76,11.28,11.65,272800,11.65
2010-10-04,11.46,11.79,10.82,11.19,243900,11.19
2010-10-01,12.08,12.08,11.48,11.52,204800,11.52
2010-09-30,11.91,12.19,11.69,11.99,158200,11.99
2010-09-29,11.64,11.86,11.51,11.79,164200,11.79
2010-09-28,12.08,12.17,11.36,11.64,160200,11.64
2010-09-27,12.16,12.20,11.85,12.01,213200,12.01
2010-09-24,11.43,12.23,11.39,12.12,439600,12.12
2010-09-23,11.20,11.43,11.03,11.30,206200,11.30
2010-09-22,11.11,11.43,11.11,11.39,373700,11.39
2010-09-21,10.99,11.25,10.90,11.20,260700,11.20
2010-09-20,10.80,11.00,10.70,11.00,292200,11.00
2010-09-17,10.80,10.95,10.66,10.80,291100,10.80
2010-09-16,10.70,10.80,10.56,10.74,506100,10.74
2010-09-15,10.14,10.63,10.00,10.53,360400,10.53
2010-09-14,10.34,10.58,10.01,10.15,228300,10.15
2010-09-13,10.14,10.55,9.86,10.45,320700,10.45
2010-09-10,9.86,10.14,9.67,10.06,235200,10.06
2010-09-09,9.57,10.13,9.46,9.87,384400,9.87
2010-09-08,9.28,9.46,9.03,9.45,141100,9.45
2010-09-07,9.50,9.53,9.24,9.27,280700,9.27
2010-09-03,9.54,9.60,9.44,9.45,453100,9.45
2010-09-02,9.34,9.50,9.25,9.44,333900,9.44
2010-09-01,8.72,9.39,8.60,9.32,247800,9.32
2010-08-31,8.58,8.76,8.38,8.59,198900,8.59
2010-08-30,8.70,8.75,8.54,8.62,207200,8.62
2010-08-27,8.42,8.73,8.25,8.71,304600,8.71
2010-08-26,8.35,8.66,7.90,8.15,296600,8.15
2010-08-25,8.39,8.79,8.16,8.29,290100,8.29
2010-08-24,8.37,8.50,8.11,8.46,335100,8.46
2010-08-23,8.93,9.08,8.41,8.47,365300,8.47
2010-08-20,8.73,9.01,8.52,8.85,485600,8.85
2010-08-19,9.44,9.55,8.45,8.80,595300,8.80
2010-08-18,9.40,9.57,9.15,9.49,291000,9.49
2010-08-17,9.17,9.44,9.04,9.38,513800,9.38
2010-08-16,8.38,9.11,8.38,9.08,454800,9.08
2010-08-13,8.37,8.70,7.98,8.05,526500,8.05
2010-08-12,8.30,8.69,7.94,8.20,342800,8.20
2010-08-11,9.33,9.65,8.20,8.28,454000,8.28
2010-08-10,9.51,9.62,9.33,9.37,176500,9.37
2010-08-09,9.49,9.73,9.45,9.61,150200,9.61
2010-08-06,9.51,9.81,9.41,9.44,96400,9.44
2010-08-05,9.74,9.85,9.51,9.52,95700,9.52
2010-08-04,9.70,9.80,9.63,9.71,121400,9.71
2010-08-03,9.79,10.05,9.68,9.69,83900,9.69
2010-08-02,9.89,10.00,9.59,9.81,71700,9.81
2010-07-30,9.47,9.99,9.28,9.79,142800,9.79
2010-07-29,9.95,10.12,9.34,9.59,220400,9.59
2010-07-28,10.53,10.53,9.89,9.91,209000,9.91
2010-07-27,10.54,10.68,10.35,10.53,134200,10.53
2010-07-26,10.00,10.47,9.94,10.46,223800,10.46
2010-07-23,9.90,10.01,9.77,9.98,136300,9.98
2010-07-22,9.17,9.93,9.09,9.91,419900,9.91
2010-07-21,9.22,9.28,8.99,9.06,138700,9.06
2010-07-20,8.90,9.19,8.62,9.17,110500,9.17
2010-07-19,8.97,9.00,8.76,8.97,90600,8.97
2010-07-16,9.05,9.26,8.87,8.90,130800,8.90
2010-07-15,9.37,9.39,8.84,9.05,230400,9.05
2010-07-14,9.41,9.60,8.92,9.35,206300,9.35
2010-07-13,9.64,9.85,9.44,9.46,230100,9.46
2010-07-12,9.23,9.53,9.06,9.49,158600,9.49
2010-07-09,9.26,9.33,8.92,9.28,111200,9.28
2010-07-08,9.60,9.65,8.76,8.93,163900,8.93
2010-07-07,8.98,9.24,8.79,9.03,306300,9.03
2010-07-06,9.17,9.17,8.16,8.44,251200,8.44
2010-07-02,8.64,9.11,8.59,9.06,183300,9.06
2010-07-01,8.77,9.00,8.19,8.60,362500,8.60
2010-06-30,8.80,9.28,8.71,8.82,298500,8.82
2010-06-29,8.99,9.03,8.54,8.77,386000,8.77
2010-06-28,9.58,9.58,8.71,9.10,339300,9.10
2010-06-25,9.65,9.88,9.43,9.55,3157600,9.55
2010-06-24,9.69,9.90,9.54,9.61,179500,9.61
2010-06-23,9.83,10.15,9.60,9.73,243700,9.73
2010-06-22,10.13,10.39,9.82,9.87,184400,9.87
2010-06-21,11.21,11.65,9.80,10.19,457300,10.19
2010-06-18,10.62,11.22,10.33,11.20,231600,11.20
2010-06-17,10.92,11.13,10.30,10.59,240000,10.59
2010-06-16,11.00,11.21,10.90,10.95,136800,10.95
2010-06-15,10.85,11.00,10.47,11.00,156300,11.00
2010-06-14,11.00,11.19,10.54,10.86,195800,10.86
2010-06-11,10.28,11.22,10.06,10.91,285300,10.91
2010-06-10,9.59,10.45,9.59,10.31,522400,10.31
2010-06-09,9.32,9.68,9.32,9.50,463800,9.50
2010-06-08,9.57,9.60,8.99,9.20,579800,9.20
2010-06-07,10.25,10.35,9.59,9.59,231400,9.59
2010-06-04,10.44,10.46,10.00,10.31,211400,10.31
2010-06-03,10.64,10.66,10.07,10.53,311200,10.53
2010-06-02,10.69,11.35,10.41,10.54,220300,10.54
2010-06-01,11.00,11.06,10.40,10.42,143200,10.42
2010-05-28,11.24,11.69,10.92,11.03,109600,11.03
2010-05-27,11.00,11.35,10.89,11.29,106200,11.29
2010-05-26,11.10,11.70,10.65,10.75,352000,10.75
2010-05-25,11.47,11.71,10.74,10.95,336100,10.95
2010-05-24,11.72,12.00,11.61,11.88,159500,11.88
2010-05-21,11.75,12.45,11.47,11.72,151500,11.72
2010-05-20,11.18,12.13,11.00,11.75,550100,11.75
2010-05-19,12.13,12.19,11.18,11.40,608400,11.40
2010-05-18,12.93,13.35,12.05,12.15,370400,12.15
2010-05-17,14.06,14.37,12.01,12.75,377700,12.75
2010-05-14,14.04,14.05,13.35,13.80,158900,13.80
2010-05-13,13.67,14.40,13.46,14.03,225700,14.03
2010-05-12,12.60,14.00,12.60,13.68,353000,13.68
2010-05-11,12.96,12.96,12.40,12.53,182300,12.53
2010-05-10,13.07,13.14,12.20,12.53,365300,12.53
2010-05-07,13.37,13.37,12.36,12.36,95300,12.36
2010-05-06,13.03,13.65,12.24,13.28,246500,13.28
2010-05-05,14.56,14.59,13.03,13.04,237000,13.04
2010-05-04,14.69,14.71,13.89,14.68,146800,14.68
2010-05-03,14.55,15.04,14.33,14.89,66500,14.89
2010-04-30,14.70,15.01,14.47,14.47,41300,14.47
2010-04-29,14.35,15.19,14.30,14.72,300500,14.72
2010-04-28,13.77,14.35,13.50,14.26,136900,14.26
2010-04-27,13.52,13.75,13.35,13.74,289200,13.74
2010-04-26,13.33,13.52,13.25,13.47,148200,13.47
2010-04-23,13.24,13.54,13.18,13.31,222900,13.31
2010-04-22,13.17,13.50,13.03,13.16,706000,13.16
2010-04-21,13.03,13.42,12.97,12.97,49500,12.97
2010-04-20,13.24,13.52,12.69,13.11,129000,13.11
2010-04-19,13.64,13.94,13.20,13.20,49500,13.20
2010-04-16,14.03,14.05,13.26,13.45,102900,13.45
2010-04-15,14.00,14.15,13.76,14.00,71400,14.00
2010-04-14,14.01,14.10,13.75,14.00,73200,14.00
2010-04-13,14.00,14.05,13.81,13.97,72000,13.97
2010-04-12,13.75,14.07,13.67,13.93,128300,13.93
2010-04-09,13.73,13.91,13.66,13.68,106000,13.68
2010-04-08,13.75,13.80,13.22,13.66,36700,13.66
2010-04-07,13.81,13.89,13.60,13.77,109700,13.77
2010-04-06,13.58,13.89,13.24,13.80,90100,13.80
2010-04-05,13.00,13.65,12.71,13.52,75500,13.52
2010-04-01,13.01,13.22,12.62,12.94,179300,12.94
2010-03-31,12.93,13.10,12.72,12.88,112300,12.88
2010-03-30,13.25,13.69,12.95,12.95,166900,12.95
2010-03-29,12.69,13.17,12.62,13.12,133100,13.12
2010-03-26,12.80,12.80,12.46,12.68,258600,12.68
2010-03-25,12.50,12.78,12.22,12.76,263800,12.76
2010-03-24,12.00,12.51,11.84,12.50,200200,12.50
2010-03-23,11.92,12.15,11.81,12.00,27500,12.00
2010-03-22,12.00,12.00,11.77,11.96,56400,11.96
2010-03-19,12.40,12.40,11.65,12.00,271600,12.00
2010-03-18,12.50,12.50,12.01,12.35,76900,12.35
2010-03-17,12.20,12.65,12.20,12.44,200500,12.44
2010-03-16,11.54,12.25,11.33,12.24,230200,12.24
2010-03-15,10.84,11.69,10.77,11.54,180400,11.54
2010-03-12,10.80,10.80,10.40,10.60,50700,10.60
2010-03-11,10.72,10.93,10.60,10.89,102100,10.89
2010-03-10,10.50,10.84,10.38,10.80,56500,10.80
2010-03-09,10.49,10.50,10.35,10.50,47200,10.50
2010-03-08,10.58,10.59,10.32,10.44,48300,10.44
2010-03-05,9.98,10.59,9.98,10.45,45100,10.45
2010-03-04,9.73,9.99,9.73,9.98,358000,9.98
2010-03-03,10.23,10.36,9.64,9.73,118800,9.73
2010-03-02,9.88,10.20,9.88,10.20,14900,10.20
2010-03-01,9.83,10.06,9.70,10.00,73300,10.00
2010-02-26,9.84,9.90,9.61,9.70,75400,9.70
2010-02-25,9.70,9.73,9.45,9.47,37700,9.47
2010-02-24,9.67,9.98,9.67,9.76,11000,9.76
2010-02-23,9.77,9.89,9.55,9.69,32000,9.69
2010-02-22,9.74,9.82,9.61,9.72,10300,9.72
2010-02-19,9.86,9.92,9.51,9.75,56400,9.75
2010-02-18,9.95,9.95,9.63,9.74,41200,9.74
2010-02-17,10.08,10.08,9.71,9.98,36700,9.98
2010-02-16,9.67,10.29,9.67,10.08,27100,10.08
2010-02-12,9.88,9.90,9.56,9.65,13400,9.65
2010-02-11,9.90,10.00,9.67,9.80,28700,9.80
2010-02-10,9.55,10.16,9.52,9.89,50500,9.89
2010-02-09,9.85,10.00,9.59,9.60,56400,9.60
2010-02-08,10.00,10.00,9.81,9.83,35800,9.83
2010-02-05,10.05,10.16,9.75,9.92,120800,9.92
2010-02-04,10.14,10.24,9.86,10.18,88500,10.18
2010-02-03,10.11,10.24,9.58,10.20,196600,10.20
2010-02-02,10.02,10.44,10.00,10.17,101400,10.17
2010-02-01,10.40,10.44,9.71,9.97,214400,9.97
2010-01-29,10.51,10.55,10.25,10.37,177100,10.37
2010-01-28,10.49,10.49,10.28,10.46,121800,10.46
2010-01-27,10.45,10.49,10.17,10.45,95100,10.45
2010-01-26,10.55,10.65,10.29,10.50,160600,10.50
2010-01-25,10.70,10.70,10.50,10.58,200600,10.58
2010-01-22,10.53,10.75,10.38,10.50,320800,10.50
2010-01-21,10.90,10.95,10.50,10.68,809700,10.68
2010-01-20,10.52,11.08,10.52,10.80,81700,10.80
2010-01-19,10.30,11.43,10.30,11.14,84400,11.14
2010-01-15,10.82,10.82,10.10,10.47,29600,10.47
2010-01-14,11.04,11.27,10.36,10.60,30000,10.60
2010-01-13,11.34,11.34,10.89,10.95,15200,10.95
2010-01-12,11.25,11.25,10.77,11.04,14000,11.04
2010-01-11,11.14,11.32,11.11,11.15,41100,11.15
2010-01-08,11.10,11.20,10.76,11.00,56400,11.00
2010-01-07,11.20,11.20,10.69,11.17,37200,11.17
2010-01-06,11.18,11.24,10.78,11.24,15800,11.24
2010-01-05,11.00,11.05,10.80,11.05,10200,11.05
2010-01-04,11.04,11.16,10.71,11.03,34300,11.03
2009-12-31,10.97,11.10,10.63,11.00,40100,11.00
2009-12-30,10.99,11.00,10.66,10.96,19000,10.96
2009-12-29,10.50,11.21,10.48,11.00,81900,11.00
2009-12-28,10.64,10.80,10.57,10.80,10400,10.80
2009-12-24,10.50,10.60,10.50,10.58,3100,10.58
2009-12-23,10.89,10.89,10.27,10.59,6700,10.59
2009-12-22,10.32,10.50,10.21,10.47,9700,10.47
2009-12-21,10.41,10.57,10.34,10.57,25200,10.57
2009-12-18,10.79,10.98,10.31,10.53,41700,10.53
2009-12-17,10.50,10.50,10.12,10.50,14000,10.50
2009-12-16,10.58,10.68,10.01,10.35,22600,10.35
2009-12-15,10.39,10.69,10.15,10.49,6600,10.49
2009-12-14,10.71,10.71,10.27,10.50,12900,10.50
2009-12-11,10.64,10.74,10.43,10.51,15900,10.51
2009-12-10,10.49,10.75,10.38,10.70,28000,10.70
2009-12-09,10.54,10.54,10.10,10.46,16200,10.46
2009-12-08,10.26,10.54,10.11,10.50,42700,10.50
2009-12-07,10.74,10.74,10.10,10.42,20700,10.42
2009-12-04,10.65,10.75,10.45,10.60,63100,10.60
2009-12-03,10.00,10.75,10.00,10.50,25900,10.50
2009-12-02,9.78,10.33,9.66,10.33,56900,10.33
2009-12-01,9.75,9.77,9.35,9.70,122800,9.70
2009-11-30,10.95,10.95,9.22,9.95,292400,9.95
2009-11-27,10.87,11.00,10.16,10.60,12800,10.60
2009-11-25,10.99,11.00,10.87,10.98,11500,10.98
2009-11-24,10.84,11.06,10.74,10.98,143000,10.98
2009-11-23,10.31,10.99,10.31,10.80,36400,10.80
2009-11-20,10.90,11.12,10.09,10.40,142100,10.40
2009-11-19,11.15,11.15,10.31,10.90,54700,10.90
2009-11-18,10.79,11.10,10.67,11.08,20400,11.08
2009-11-17,10.95,11.00,10.51,10.85,19800,10.85
2009-11-16,10.02,10.96,10.01,10.87,39400,10.87
2009-11-13,9.86,10.40,9.64,10.05,35900,10.05
2009-11-12,10.40,10.40,9.61,9.74,31100,9.74
2009-11-11,10.00,10.49,9.97,10.49,21600,10.49
2009-11-10,9.91,10.39,9.83,10.00,118300,10.00
2009-11-09,9.85,9.97,9.69,9.97,17600,9.97
2009-11-06,9.60,9.85,9.59,9.84,26300,9.84
2009-11-05,9.36,9.74,9.30,9.62,21100,9.62
2009-11-04,9.50,9.98,9.35,9.50,24500,9.50
2009-11-03,9.40,9.74,9.25,9.41,24800,9.41
2009-11-02,9.27,10.19,9.26,9.26,43700,9.26
2009-10-30,9.95,9.99,9.30,9.69,49200,9.69
2009-10-29,9.50,9.76,9.44,9.50,20900,9.50
2009-10-28,9.29,9.60,9.26,9.56,40100,9.56
2009-10-27,9.60,9.95,8.55,9.75,53900,9.75
2009-10-26,9.44,9.75,9.15,9.45,59300,9.45
2009-10-23,10.50,10.50,9.40,9.60,222600,9.60
2009-10-22,10.30,10.59,10.26,10.49,11700,10.49
2009-10-21,10.74,10.91,10.26,10.59,8700,10.59
2009-10-20,10.72,10.80,10.01,10.48,22900,10.48
2009-10-19,10.50,10.94,10.30,10.72,29000,10.72
2009-10-16,11.00,11.00,10.15,10.50,8800,10.50
2009-10-15,11.20,11.26,10.76,11.00,22000,11.00
2009-10-14,11.31,11.70,11.03,11.47,31500,11.47
2009-10-13,11.34,11.55,11.30,11.55,4000,11.55
2009-10-12,11.74,11.78,11.13,11.50,31500,11.50
2009-10-09,10.77,11.74,10.77,11.63,39200,11.63
2009-10-08,11.58,11.60,10.81,11.16,93600,11.16
2009-10-07,11.49,11.95,11.35,11.50,48600,11.50
2009-10-06,9.98,11.40,9.80,11.27,203000,11.27
2009-10-05,10.59,10.69,9.40,9.61,90700,9.61
2009-10-02,9.91,10.69,9.91,10.29,103300,10.29
2009-10-01,10.03,10.25,9.63,10.17,43400,10.17
2009-09-30,10.48,10.59,9.85,9.91,51400,9.91
2009-09-29,9.75,10.13,9.72,10.13,45600,10.13
2009-09-28,9.45,10.14,9.25,9.78,56500,9.78
2009-09-25,9.28,9.46,8.92,9.30,59500,9.30
2009-09-24,8.91,9.20,8.65,9.08,21700,9.08
2009-09-23,8.64,9.15,8.57,8.84,60800,8.84
2009-09-22,8.86,9.19,8.58,8.95,43600,8.95
2009-09-21,8.40,9.18,8.39,8.98,84100,8.98
2009-09-18,8.48,8.50,8.12,8.40,51800,8.40
2009-09-17,7.50,8.50,7.50,8.41,117400,8.41
2009-09-16,7.48,7.50,7.30,7.49,13200,7.49
2009-09-15,7.35,7.44,7.15,7.44,21300,7.44
2009-09-14,7.71,7.71,7.37,7.55,19500,7.55
2009-09-11,7.76,7.76,7.56,7.72,15700,7.72
2009-09-10,7.80,7.89,7.62,7.88,17000,7.88
2009-09-09,7.69,7.84,7.42,7.80,11600,7.80
2009-09-08,7.81,7.90,7.36,7.68,16200,7.68
2009-09-04,7.90,7.90,7.60,7.90,7700,7.90
2009-09-03,7.86,7.90,7.62,7.89,24600,7.89
2009-09-02,7.89,7.89,7.60,7.88,4800,7.88
2009-09-01,7.60,7.90,7.30,7.78,18600,7.78
2009-08-31,7.50,7.95,7.15,7.90,71000,7.90
2009-08-28,7.30,7.40,7.09,7.39,78300,7.39
2009-08-27,7.20,7.39,7.10,7.29,29900,7.29
2009-08-26,7.20,7.40,7.16,7.34,6800,7.34
2009-08-25,7.15,7.49,7.15,7.39,17200,7.39
2009-08-24,7.10,7.39,7.06,7.34,38200,7.34
2009-08-21,7.45,7.45,7.10,7.12,35400,7.12
2009-08-20,7.42,7.50,7.25,7.39,32100,7.39
2009-08-19,7.49,7.55,7.04,7.34,55800,7.34
2009-08-18,7.01,7.14,7.00,7.01,60300,7.01
2009-08-17,7.06,7.20,7.00,7.05,90300,7.05
2009-08-14,7.45,7.50,7.00,7.15,111200,7.15
2009-08-13,7.00,7.95,7.00,7.51,294500,7.51
2009-08-12,7.19,7.33,7.14,7.33,6000,7.33
2009-08-11,7.00,7.19,6.85,7.19,9800,7.19
2009-08-10,6.99,7.19,6.89,7.14,26300,7.14
2009-08-07,6.75,6.99,6.75,6.99,10200,6.99
2009-08-06,6.79,6.90,6.79,6.80,2800,6.80
2009-08-05,6.79,6.79,6.50,6.75,10800,6.75
2009-08-04,6.79,6.79,6.79,6.79,100,6.79
2009-08-03,6.50,6.80,6.40,6.79,84800,6.79
2009-07-31,6.85,6.85,6.85,6.85,900,6.85
2009-07-30,6.50,6.85,6.50,6.85,300,6.85
2009-07-29,6.90,6.90,6.90,6.90,100,6.90
2009-07-28,6.50,6.90,6.50,6.85,2900,6.85
2009-07-27,7.00,7.00,7.00,7.00,800,7.00
2009-07-24,6.75,6.90,6.75,6.90,20100,6.90
2009-07-23,6.90,6.90,6.90,6.90,200,6.90
2009-07-22,6.90,6.90,6.50,6.90,3900,6.90
2009-07-21,6.99,6.99,6.50,6.90,2600,6.90
2009-07-20,6.90,6.90,6.90,6.90,100,6.90
2009-07-17,6.90,6.90,6.90,6.90,200,6.90
2009-07-16,6.90,6.90,6.90,6.90,5300,6.90
2009-07-15,6.00,6.95,6.00,6.95,1800,6.95
2009-07-14,6.98,6.98,6.98,6.98,100,6.98
2009-07-13,6.96,6.99,6.50,6.99,9400,6.99
2009-07-10,6.84,7.00,6.84,7.00,400,7.00
2009-07-09,7.10,7.10,6.50,6.75,1800,6.75
2009-07-08,7.00,7.00,6.01,6.99,1400,6.99
2009-07-07,7.25,7.25,7.00,7.00,86100,7.00
2009-07-06,7.29,7.29,7.00,7.20,11600,7.20
2009-07-02,7.30,7.30,7.00,7.30,5000,7.30
2009-07-01,7.47,7.47,7.05,7.05,700,7.05
2009-06-30,7.50,7.50,7.35,7.37,16200,7.37
2009-06-29,7.51,7.52,7.00,7.39,17200,7.39
2009-06-26,7.00,7.51,7.00,7.51,13500,7.51
2009-06-25,7.48,7.69,7.48,7.69,2600,7.69
2009-06-24,6.50,7.01,5.77,7.01,4900,7.01
2009-06-23,6.00,7.79,6.00,7.24,3400,7.24
2009-06-22,7.84,7.84,7.00,7.35,55400,7.35
2009-06-19,7.50,7.85,7.00,7.50,36900,7.50
2009-06-18,7.85,7.90,7.75,7.90,8400,7.90
2009-06-17,7.00,7.95,7.00,7.95,600,7.95
2009-06-16,7.98,7.98,7.50,7.98,700,7.98
2009-06-15,7.99,8.00,7.50,7.99,15400,7.99
2009-06-12,7.51,7.99,7.51,7.99,600,7.99
2009-06-11,7.99,7.99,7.56,7.99,500,7.99
2009-06-10,8.00,8.00,7.50,8.00,3700,8.00
2009-06-09,8.00,8.00,7.73,8.00,2100,8.00
2009-06-08,7.50,8.20,7.50,7.95,7800,7.95
2009-06-05,8.20,8.20,8.20,8.20,100,8.20
2009-06-04,7.70,8.19,7.70,8.15,900,8.15
2009-06-03,8.20,8.20,8.20,8.20,100,8.20
2009-06-02,8.20,8.20,8.20,8.20,100,8.20
2009-06-01,8.25,8.25,7.60,8.20,2100,8.20
2009-05-29,8.00,8.27,7.10,8.27,38200,8.27
2009-05-28,8.30,8.30,8.10,8.25,12100,8.25
2009-05-27,8.30,8.30,7.50,8.25,2600,8.25
2009-05-26,8.39,8.39,7.50,8.38,700,8.38
2009-05-22,7.50,8.39,7.50,8.39,2500,8.39
2009-05-21,8.50,8.50,8.50,8.50,100,8.50
2009-05-20,8.50,8.50,8.50,8.50,100,8.50
2009-05-19,8.50,8.52,7.50,8.35,2600,8.35
2009-05-18,8.54,8.74,7.50,8.40,1900,8.40
2009-05-15,8.90,8.90,8.55,8.55,600,8.55
2009-05-14,7.50,8.49,7.50,8.49,300,8.49
2009-05-13,8.25,8.49,8.25,8.49,1600,8.49
2009-05-12,7.90,8.49,7.55,8.49,3400,8.49
2009-05-11,8.60,8.60,8.60,8.60,100,8.60
2009-05-08,8.60,8.60,7.55,8.44,2000,8.44
2009-05-07,8.00,8.70,7.55,8.38,2100,8.38
2009-05-06,8.74,8.74,8.74,8.74,100,8.74
2009-05-05,8.99,8.99,8.52,8.52,300,8.52
2009-05-04,7.55,8.74,7.55,8.74,1000,8.74
2009-05-01,8.75,8.75,8.75,8.75,100,8.75
2009-04-30,9.00,9.45,8.00,8.87,3400,8.87
2009-04-29,8.39,8.40,8.39,8.39,800,8.39
2009-04-28,7.25,8.31,7.25,8.31,1200,8.31
2009-04-27,8.25,8.49,8.25,8.49,200,8.49
2009-04-24,9.00,9.10,8.20,8.50,3200,8.50
2009-04-23,8.20,8.35,8.20,8.35,1700,8.35
2009-04-22,8.74,8.74,8.74,8.74,100,8.74
2009-04-21,8.50,8.70,7.50,8.69,1400,8.69
2009-04-20,8.49,8.49,8.00,8.45,4200,8.45
2009-04-17,8.37,9.24,8.02,8.40,15500,8.40
2009-04-16,8.01,8.45,7.00,8.37,30300,8.37
2009-04-15,8.75,8.75,8.06,8.55,1100,8.55
2009-04-14,8.80,9.24,8.00,8.40,7200,8.40
2009-04-13,8.60,8.80,8.00,8.80,5100,8.80
2009-04-09,8.50,8.65,8.05,8.40,10900,8.40
2009-04-08,8.55,8.70,7.50,8.50,30000,8.50
2009-04-07,8.80,8.80,8.27,8.48,7200,8.48
2009-04-06,8.90,8.90,7.50,8.70,4000,8.70
2009-04-03,8.17,8.90,8.00,8.90,28300,8.90
2009-04-02,8.99,9.00,8.00,8.98,10900,8.98
2009-04-01,8.99,9.10,7.30,9.00,4100,9.00
2009-03-31,8.35,9.24,8.10,9.20,24100,9.20
2009-03-30,8.30,8.50,8.30,8.50,26700,8.50
2009-03-27,7.50,8.45,7.50,8.45,41800,8.45
2009-03-26,8.20,8.70,8.20,8.70,23300,8.70
2009-03-25,8.75,8.75,8.10,8.35,12800,8.35
2009-03-24,8.25,8.77,8.20,8.20,23800,8.20
2009-03-23,8.50,8.99,7.75,8.90,1400,8.90
2009-03-20,8.94,8.94,7.06,8.50,700,8.50
2009-03-19,8.00,8.98,8.00,8.98,1700,8.98
2009-03-18,7.00,8.99,7.00,8.99,5000,8.99
2009-03-17,8.95,9.25,7.00,9.25,4000,9.25
2009-03-16,8.00,8.99,7.00,8.95,2300,8.95
2009-03-13,5.51,8.94,5.51,8.49,2200,8.49
2009-03-12,8.50,8.99,7.00,8.99,4000,8.99
2009-03-11,8.00,8.25,7.00,8.25,3100,8.25
2009-03-10,8.00,8.00,8.00,8.00,200,8.00
2009-03-09,7.00,7.00,7.00,7.00,28600,7.00
2009-03-06,0.20,0.20,0.18,0.20,600,7.00
2009-03-05,0.20,0.21,0.19,0.21,4800,7.35
2009-03-04,0.15,0.20,0.15,0.20,1200,7.00
2009-03-03,0.18,0.20,0.18,0.20,8600,7.00
2009-03-02,0.16,0.20,0.15,0.20,6300,7.00
2009-02-27,0.16,0.22,0.16,0.22,4900,7.70
2009-02-26,0.15,0.21,0.15,0.21,3400,7.35
2009-02-25,0.18,0.21,0.16,0.21,11900,7.35
2009-02-24,0.18,0.20,0.16,0.20,6500,7.00
2009-02-23,0.18,0.20,0.14,0.18,4500,6.30
2009-02-20,0.18,0.20,0.16,0.20,2000,7.00
2009-02-19,0.14,0.20,0.14,0.20,700,7.00
2009-02-18,0.19,0.20,0.14,0.20,1000,7.00
2009-02-17,0.19,0.20,0.15,0.20,200,7.00
2009-02-13,0.20,0.20,0.20,0.20,000,7.00
2009-02-12,0.20,0.20,0.20,0.20,000,7.00
2009-02-11,0.20,0.20,0.16,0.20,800,7.00
2009-02-10,0.20,0.20,0.20,0.20,000,7.00
2009-02-09,0.18,0.19,0.18,0.19,000,6.65
2009-02-06,0.18,0.19,0.15,0.19,2600,6.65
2009-02-05,0.18,0.18,0.15,0.18,1200,6.30
2009-02-04,0.18,0.18,0.16,0.18,1200,6.30
2009-02-03,0.16,0.18,0.16,0.18,300,6.30
2009-02-02,0.16,0.17,0.15,0.17,900,5.95
2009-01-30,0.18,0.19,0.16,0.19,2600,6.65
2009-01-29,0.16,0.18,0.16,0.18,3100,6.30
2009-01-28,0.18,0.18,0.18,0.18,000,6.30
2009-01-27,0.16,0.18,0.15,0.18,100,6.30
2009-01-26,0.17,0.18,0.17,0.18,400,6.30
2009-01-23,0.19,0.19,0.17,0.18,1300,6.30
2009-01-22,0.17,0.19,0.17,0.18,3200,6.30
2009-01-21,0.18,0.19,0.18,0.19,2300,6.65
2009-01-20,0.18,0.19,0.18,0.19,1700,6.65
2009-01-16,0.20,0.20,0.18,0.19,100,6.65
2009-01-15,0.20,0.20,0.18,0.19,4300,6.65
2009-01-14,0.17,0.20,0.17,0.20,3800,7.00
2009-01-13,0.20,0.21,0.17,0.20,2500,7.00
2009-01-12,0.20,0.20,0.17,0.20,1500,7.00
2009-01-09,0.20,0.21,0.19,0.21,12500,7.35
2009-01-08,0.19,0.21,0.19,0.21,1200,7.35
2009-01-07,0.19,0.21,0.19,0.21,2600,7.35
2009-01-06,0.19,0.20,0.19,0.20,1600,7.00
2009-01-05,0.20,0.20,0.18,0.19,2900,6.65
2009-01-02,0.17,0.20,0.17,0.20,5600,7.00
2008-12-31,0.12,0.21,0.11,0.15,60900,5.25
2008-12-30,0.11,0.13,0.11,0.11,3000,3.85
2008-12-29,0.12,0.14,0.12,0.13,1400,4.55
2008-12-26,0.14,0.14,0.14,0.14,400,4.90
2008-12-24,0.12,0.14,0.12,0.14,700,4.90
2008-12-23,0.14,0.14,0.12,0.14,500,4.90
2008-12-22,0.12,0.13,0.12,0.13,300,4.55
2008-12-19,0.14,0.15,0.12,0.14,900,4.90
2008-12-18,0.13,0.15,0.13,0.14,1700,4.90
2008-12-17,0.16,0.17,0.12,0.13,3200,4.55
2008-12-16,0.16,0.17,0.15,0.16,800,5.60
2008-12-15,0.14,0.17,0.14,0.17,1500,5.95
2008-12-12,0.15,0.15,0.13,0.14,1300,4.90
2008-12-11,0.15,0.15,0.13,0.15,1500,5.25
2008-12-10,0.13,0.15,0.13,0.15,1200,5.25
2008-12-09,0.15,0.17,0.15,0.15,800,5.25
2008-12-08,0.17,0.17,0.13,0.17,6600,5.95
2008-12-05,0.18,0.18,0.17,0.18,500,6.30
2008-12-04,0.17,0.18,0.17,0.18,400,6.30
2008-12-03,0.16,0.18,0.14,0.17,2000,5.95
2008-12-02,0.17,0.18,0.17,0.17,2400,5.95
2008-12-01,0.18,0.20,0.17,0.20,1600,7.00
2008-11-28,0.21,0.22,0.19,0.22,3000,7.70
2008-11-26,0.17,0.23,0.17,0.21,2800,7.35
2008-11-25,0.19,0.20,0.16,0.17,2800,5.95
2008-11-24,0.20,0.22,0.18,0.22,3300,7.70
2008-11-21,0.19,0.19,0.18,0.19,800,6.65
2008-11-20,0.19,0.22,0.18,0.20,1300,7.00
2008-11-19,0.19,0.22,0.19,0.22,400,7.70
2008-11-18,0.20,0.22,0.20,0.22,300,7.70
2008-11-17,0.22,0.22,0.19,0.22,000,7.70
2008-11-14,0.21,0.22,0.21,0.22,400,7.70
2008-11-13,0.21,0.22,0.19,0.21,2300,7.35
2008-11-12,0.20,0.22,0.19,0.22,2600,7.70
2008-11-11,0.18,0.21,0.18,0.20,1500,7.00
2008-11-10,0.18,0.21,0.18,0.21,2400,7.35
2008-11-07,0.22,0.22,0.18,0.21,4400,7.35
2008-11-06,0.22,0.23,0.15,0.22,6000,7.70
2008-11-05,0.22,0.22,0.18,0.18,11800,6.30
2008-11-04,0.25,0.25,0.21,0.23,1800,8.05
2008-11-03,0.25,0.25,0.22,0.24,900,8.40
2008-10-31,0.23,0.25,0.23,0.25,6700,8.75
2008-10-30,0.23,0.23,0.21,0.23,1900,8.05
2008-10-29,0.22,0.23,0.21,0.22,2500,7.70
2008-10-28,0.23,0.23,0.22,0.22,300,7.70
2008-10-27,0.22,0.23,0.22,0.23,500,8.05
2008-10-24,0.25,0.25,0.21,0.21,2500,7.35
2008-10-23,0.22,0.25,0.22,0.23,1600,8.05
2008-10-22,0.23,0.25,0.22,0.25,500,8.75
2008-10-21,0.25,0.25,0.25,0.25,000,8.75
2008-10-20,0.25,0.25,0.23,0.25,300,8.75
2008-10-17,0.25,0.25,0.25,0.25,000,8.75
2008-10-16,0.21,0.25,0.21,0.25,4900,8.75
2008-10-15,0.26,0.26,0.24,0.25,3700,8.75
2008-10-14,0.23,0.26,0.23,0.25,2800,8.75
2008-10-13,0.23,0.26,0.23,0.23,6200,8.05
2008-10-10,0.23,0.24,0.20,0.23,2200,8.05
2008-10-09,0.24,0.24,0.22,0.22,2100,7.70
2008-10-08,0.23,0.25,0.21,0.23,5200,8.05
2008-10-07,0.25,0.25,0.23,0.25,2300,8.75
2008-10-06,0.25,0.26,0.20,0.25,19300,8.75
2008-10-03,0.27,0.27,0.25,0.26,2700,9.10
2008-10-02,0.25,0.27,0.24,0.26,2600,9.10
2008-10-01,0.25,0.27,0.23,0.27,1500,9.45
2008-09-30,0.20,0.27,0.19,0.26,19500,9.10
2008-09-29,0.24,0.24,0.19,0.19,3900,6.65
2008-09-26,0.21,0.25,0.21,0.24,400,8.40
2008-09-25,0.22,0.25,0.21,0.24,2100,8.40
2008-09-24,0.24,0.24,0.20,0.22,1400,7.70
2008-09-23,0.19,0.26,0.19,0.25,2200,8.75
2008-09-22,0.22,0.22,0.20,0.22,6300,7.70
2008-09-19,0.21,0.23,0.21,0.23,2100,8.05
2008-09-18,0.19,0.21,0.17,0.21,13900,7.35
2008-09-17,0.22,0.22,0.18,0.20,8300,7.00
2008-09-16,0.19,0.24,0.18,0.24,11900,8.40
2008-09-15,0.27,0.27,0.24,0.24,2400,8.40
2008-09-12,0.27,0.28,0.27,0.28,1000,9.80
2008-09-11,0.28,0.29,0.26,0.28,3400,9.80
2008-09-10,0.26,0.30,0.26,0.28,20900,9.80
2008-09-09,0.26,0.27,0.25,0.26,10600,9.10
2008-09-08,0.26,0.27,0.26,0.26,1100,9.10
2008-09-05,0.25,0.26,0.25,0.26,1200,9.10
2008-09-04,0.25,0.26,0.25,0.25,3600,8.75
2008-09-03,0.25,0.26,0.24,0.25,1100,8.75
2008-09-02,0.27,0.27,0.25,0.25,3700,8.75
2008-08-29,0.27,0.28,0.27,0.27,3800,9.45
2008-08-28,0.28,0.28,0.25,0.25,900,8.75
2008-08-27,0.28,0.28,0.28,0.28,1500,9.80
2008-08-26,0.27,0.28,0.27,0.27,900,9.45
2008-08-25,0.26,0.27,0.26,0.27,2200,9.45
2008-08-22,0.25,0.25,0.23,0.25,3400,8.75
2008-08-21,0.25,0.29,0.24,0.25,3100,8.75
2008-08-20,0.22,0.29,0.22,0.29,6300,10.15
2008-08-19,0.23,0.23,0.18,0.20,12400,7.00
2008-08-18,0.28,0.28,0.22,0.24,11000,8.40
2008-08-15,0.28,0.28,0.22,0.27,26300,9.45
2008-08-14,0.28,0.29,0.25,0.28,9100,9.80
2008-08-13,0.31,0.31,0.25,0.28,3200,9.80
2008-08-12,0.32,0.33,0.30,0.31,2200,10.85
2008-08-11,0.30,0.34,0.30,0.30,8100,10.50
2008-08-08,0.30,0.30,0.30,0.30,300,10.50
2008-08-07,0.30,0.31,0.29,0.30,6200,10.50
2008-08-06,0.31,0.31,0.30,0.31,400,10.85
2008-08-05,0.26,0.31,0.26,0.30,4700,10.50
2008-08-04,0.30,0.30,0.27,0.27,4300,9.45
2008-08-01,0.32,0.32,0.26,0.30,5200,10.50
2008-07-31,0.32,0.35,0.30,0.32,17900,11.20
2008-07-30,0.27,0.32,0.26,0.32,10600,11.20
2008-07-29,0.25,0.26,0.25,0.26,10900,9.10
2008-07-28,0.25,0.26,0.25,0.26,600,9.10
2008-07-25,0.25,0.27,0.25,0.26,2100,9.10
2008-07-24,0.27,0.27,0.27,0.27,1300,9.45
2008-07-23,0.27,0.27,0.27,0.27,2700,9.45
2008-07-22,0.27,0.27,0.27,0.27,1600,9.45
2008-07-21,0.26,0.28,0.26,0.27,9100,9.45
2008-07-18,0.27,0.28,0.26,0.26,1500,9.10
2008-07-17,0.26,0.28,0.26,0.28,2600,9.80
2008-07-16,0.25,0.26,0.25,0.26,700,9.10
2008-07-15,0.24,0.26,0.23,0.25,1300,8.75
2008-07-14,0.23,0.26,0.23,0.25,3300,8.75
2008-07-11,0.23,0.23,0.22,0.23,2700,8.05
2008-07-10,0.24,0.24,0.22,0.22,2200,7.70
2008-07-09,0.26,0.26,0.23,0.23,7200,8.05
2008-07-08,0.27,0.27,0.26,0.27,6200,9.45
2008-07-07,0.26,0.27,0.24,0.27,6800,9.45
2008-07-03,0.25,0.26,0.25,0.26,1200,9.10
2008-07-02,0.28,0.30,0.22,0.25,24400,8.75
2008-07-01,0.32,0.32,0.29,0.32,1800,11.20
2008-06-30,0.33,0.33,0.32,0.33,1600,11.55
2008-06-27,0.33,0.33,0.31,0.32,2500,11.20
2008-06-26,0.31,0.34,0.31,0.33,10500,11.55
2008-06-25,0.29,0.35,0.29,0.32,8600,11.20
2008-06-24,0.30,0.30,0.29,0.29,3000,10.15
2008-06-23,0.29,0.30,0.29,0.29,3800,10.15
2008-06-20,0.31,0.33,0.28,0.28,4000,9.80
2008-06-19,0.34,0.34,0.30,0.31,2000,10.85
2008-06-18,0.26,0.35,0.26,0.34,30900,11.90
2008-06-17,0.24,0.28,0.24,0.27,7900,9.45
2008-06-16,0.22,0.24,0.21,0.23,6500,8.05
2008-06-13,0.23,0.23,0.19,0.22,34700,7.70
2008-06-12,0.21,0.24,0.21,0.23,3200,8.05
2008-06-11,0.18,0.23,0.18,0.22,17200,7.70
2008-06-10,0.19,0.19,0.17,0.18,5700,6.30
2008-06-09,0.20,0.20,0.19,0.19,5100,6.65
2008-06-06,0.20,0.20,0.18,0.19,6300,6.65
2008-06-05,0.21,0.21,0.20,0.21,5500,7.35
2008-06-04,0.25,0.25,0.20,0.21,40300,7.35
2008-06-03,0.27,0.28,0.26,0.26,5300,9.10
2008-06-02,0.28,0.28,0.24,0.27,5000,9.45
2008-05-30,0.30,0.30,0.27,0.28,3300,9.80
2008-05-29,0.30,0.30,0.30,0.30,1700,10.50
2008-05-28,0.29,0.30,0.29,0.30,1100,10.50
2008-05-27,0.30,0.32,0.29,0.29,3400,10.15
2008-05-23,0.32,0.33,0.29,0.32,2100,11.20
2008-05-22,0.32,0.35,0.29,0.30,11200,10.50
2008-05-21,0.35,0.35,0.31,0.31,3300,10.85
2008-05-20,0.35,0.36,0.35,0.35,3900,12.25
2008-05-19,0.39,0.39,0.34,0.34,2800,11.90
2008-05-16,0.38,0.41,0.38,0.38,6700,13.30
2008-05-15,0.38,0.38,0.37,0.38,3200,13.30
2008-05-14,0.34,0.40,0.33,0.38,11200,13.30
2008-05-13,0.31,0.34,0.31,0.34,7100,11.90
2008-05-12,0.28,0.31,0.26,0.31,4800,10.85
2008-05-09,0.28,0.29,0.23,0.28,14800,9.80
2008-05-08,0.34,0.34,0.27,0.28,17300,9.80
2008-05-07,0.32,0.34,0.32,0.34,4900,11.90
2008-05-06,0.37,0.38,0.30,0.33,8300,11.55
2008-05-05,0.44,0.44,0.36,0.37,3300,12.95
2008-05-02,0.37,0.41,0.37,0.40,14500,14.00
2008-05-01,0.40,0.41,0.36,0.37,10700,12.95
2008-04-30,0.35,0.49,0.34,0.42,30300,14.70
2008-04-29,0.31,0.35,0.30,0.34,7500,11.90
2008-04-28,0.28,0.35,0.27,0.35,18900,12.25
2008-04-25,0.27,0.28,0.27,0.28,5400,9.80
2008-04-24,0.25,0.27,0.25,0.27,4900,9.45
2008-04-23,0.24,0.24,0.23,0.24,3700,8.40
2008-04-22,0.24,0.24,0.22,0.22,2700,7.70
2008-04-21,0.27,0.27,0.22,0.24,6500,8.40
2008-04-18,0.22,0.25,0.22,0.25,5000,8.75
2008-04-17,0.21,0.22,0.19,0.22,2300,7.70
2008-04-16,0.24,0.25,0.20,0.21,6400,7.35
2008-04-15,0.22,0.25,0.21,0.23,9500,8.05
2008-04-14,0.19,0.22,0.19,0.21,7100,7.35
2008-04-11,0.18,0.19,0.18,0.19,4400,6.65
2008-04-10,0.18,0.18,0.18,0.18,2200,6.30
2008-04-09,0.18,0.18,0.18,0.18,1600,6.30
2008-04-08,0.16,0.18,0.15,0.18,11400,6.30
2008-04-07,0.18,0.19,0.13,0.15,12700,5.25
2008-04-04,0.19,0.19,0.17,0.18,7800,6.30
2008-04-03,0.22,0.22,0.18,0.19,13400,6.65
2008-04-02,0.26,0.28,0.19,0.23,22600,8.05
2008-04-01,0.23,0.28,0.22,0.27,46700,9.45
2008-03-31,0.13,0.22,0.13,0.22,22700,7.70
2008-03-28,0.14,0.14,0.12,0.13,1100,4.55
2008-03-27,0.15,0.15,0.11,0.13,24300,4.55
2008-03-26,0.11,0.16,0.11,0.14,31800,4.90
2008-03-25,0.08,0.11,0.08,0.11,14800,3.85
2008-03-24,0.07,0.08,0.06,0.08,11800,2.80
2008-03-20,0.06,0.07,0.06,0.06,20500,2.10
2008-03-19,0.08,0.08,0.05,0.06,35300,2.10
2008-03-18,0.11,0.12,0.07,0.08,17800,2.80
2008-03-17,0.09,0.11,0.09,0.10,13200,3.50
2008-03-14,0.10,0.10,0.08,0.08,19200,2.80
2008-03-13,0.13,0.13,0.10,0.10,29900,3.50
2008-03-12,0.16,0.16,0.13,0.13,8000,4.55
2008-03-11,0.16,0.16,0.15,0.15,7000,5.25
2008-03-10,0.16,0.16,0.15,0.15,400,5.25
2008-03-07,0.17,0.17,0.16,0.16,4200,5.60
2008-03-06,0.18,0.18,0.15,0.16,1400,5.60
2008-03-05,0.18,0.18,0.17,0.17,200,5.95
2008-03-04,0.16,0.18,0.16,0.18,2100,6.30
2008-03-03,0.16,0.17,0.16,0.17,5000,5.95
2008-02-29,0.16,0.16,0.15,0.16,3600,5.60
2008-02-28,0.16,0.17,0.15,0.16,7300,5.60
2008-02-27,0.17,0.17,0.16,0.16,3000,5.60
2008-02-26,0.17,0.17,0.15,0.16,11700,5.60
2008-02-25,0.18,0.18,0.16,0.17,4700,5.95
2008-02-22,0.20,0.20,0.18,0.19,2800,6.65
2008-02-21,0.20,0.20,0.20,0.20,700,7.00
2008-02-20,0.20,0.20,0.20,0.20,3100,7.00
2008-02-19,0.18,0.21,0.18,0.20,3900,7.00
2008-02-15,0.18,0.18,0.18,0.18,2400,6.30
2008-02-14,0.17,0.17,0.16,0.17,6700,5.95
2008-02-13,0.17,0.18,0.17,0.17,1000,5.95
2008-02-12,0.18,0.18,0.16,0.17,21000,5.95
2008-02-11,0.18,0.18,0.18,0.18,300,6.30
2008-02-08,0.18,0.19,0.17,0.18,2600,6.30
2008-02-07,0.19,0.19,0.17,0.18,5600,6.30
2008-02-06,0.19,0.21,0.19,0.20,2100,7.00
2008-02-05,0.20,0.20,0.18,0.19,7900,6.65
2008-02-04,0.20,0.20,0.19,0.20,700,7.00
2008-02-01,0.21,0.21,0.19,0.20,4400,7.00
2008-01-31,0.23,0.24,0.21,0.21,14300,7.35
2008-01-30,0.22,0.23,0.20,0.23,13200,8.05
2008-01-29,0.22,0.22,0.22,0.22,1600,7.70
2008-01-28,0.23,0.24,0.22,0.22,5700,7.70
2008-01-25,0.20,0.23,0.20,0.21,1000,7.35
2008-01-24,0.20,0.21,0.20,0.20,500,7.00
2008-01-23,0.23,0.23,0.20,0.20,6300,7.00
2008-01-22,0.23,0.23,0.20,0.22,2100,7.70
2008-01-18,0.23,0.24,0.23,0.23,2900,8.05
2008-01-17,0.22,0.23,0.22,0.22,1900,7.70
2008-01-16,0.23,0.25,0.22,0.24,9600,8.40
2008-01-15,0.19,0.23,0.17,0.21,2700,7.35
2008-01-14,0.19,0.25,0.17,0.19,2500,6.65
2008-01-11,0.19,0.19,0.19,0.19,100,6.65
2008-01-10,0.18,0.18,0.17,0.18,39400,6.30
2008-01-09,0.18,0.19,0.17,0.18,6000,6.30
2008-01-08,0.21,0.21,0.18,0.19,3100,6.65
2008-01-07,0.24,0.25,0.23,0.25,500,8.75
2008-01-04,0.24,0.25,0.24,0.24,400,8.40
2008-01-03,0.22,0.27,0.21,0.24,13000,8.40
2008-01-02,0.17,0.22,0.17,0.22,6700,7.70
2007-12-31,0.16,0.18,0.16,0.17,24700,5.95
2007-12-28,0.15,0.19,0.15,0.17,11900,5.95
2007-12-27,0.16,0.17,0.15,0.16,17800,5.60
2007-12-26,0.19,0.20,0.16,0.16,7400,5.60
2007-12-24,0.21,0.21,0.19,0.19,3700,6.65
2007-12-21,0.20,0.22,0.20,0.21,9900,7.35
2007-12-20,0.21,0.21,0.19,0.20,13400,7.00
2007-12-19,0.16,0.24,0.16,0.20,54700,7.00
2007-12-18,0.20,0.21,0.14,0.14,32100,4.90
2007-12-17,0.28,0.28,0.20,0.21,14100,7.35
2007-12-14,0.30,0.30,0.23,0.24,3000,8.40
2007-12-13,0.33,0.33,0.26,0.27,7300,9.45
2007-12-12,0.28,0.41,0.25,0.26,9800,9.10
2007-12-11,0.24,0.28,0.22,0.28,3000,9.80
2007-12-10,0.22,0.24,0.20,0.24,9600,8.40
2007-12-07,0.26,0.27,0.22,0.24,9100,8.40
2007-12-06,0.27,0.29,0.26,0.28,4600,9.80
2007-12-05,0.31,0.31,0.25,0.28,16400,9.80
2007-12-04,0.34,0.35,0.28,0.31,7800,10.85
2007-12-03,0.38,0.42,0.33,0.38,1900,13.30
2007-11-30,0.42,0.50,0.38,0.42,8700,14.70
2007-11-29,0.30,0.42,0.30,0.40,37400,14.00
2007-11-28,0.34,0.34,0.27,0.30,23000,10.50
2007-11-27,0.34,0.34,0.26,0.29,3600,10.15
2007-11-26,0.39,0.39,0.27,0.31,20200,10.85
2007-11-23,0.39,0.39,0.39,0.39,1000,13.65
2007-11-21,0.40,0.44,0.36,0.39,17200,13.65
2007-11-20,0.51,0.51,0.33,0.40,37400,14.00
2007-11-19,0.63,0.63,0.46,0.52,9000,18.20
2007-11-16,0.64,0.65,0.64,0.65,600,22.75
2007-11-15,0.67,0.68,0.63,0.63,1200,22.05
2007-11-14,0.69,0.69,0.68,0.68,900,23.80
2007-11-13,0.68,0.70,0.66,0.70,1000,24.50
2007-11-12,0.70,0.70,0.66,0.66,1000,23.10
2007-11-09,0.64,0.70,0.64,0.70,4700,24.50
2007-11-08,0.65,0.66,0.62,0.64,3100,22.40
2007-11-07,0.69,0.69,0.60,0.66,15800,23.10
2007-11-06,0.70,0.70,0.68,0.69,2100,24.15
2007-11-05,0.74,0.74,0.66,0.67,4400,23.45
2007-11-02,0.71,0.79,0.71,0.74,2900,25.90
2007-11-01,0.80,0.80,0.70,0.71,4800,24.85
2007-10-31,0.86,0.89,0.78,0.78,1400,27.30
2007-10-30,0.85,0.88,0.80,0.85,3300,29.75
2007-10-29,0.90,0.90,0.84,0.88,1700,30.80
2007-10-26,0.81,0.95,0.80,0.89,1900,31.15
2007-10-25,0.92,0.92,0.80,0.82,1400,28.70
2007-10-24,0.91,0.95,0.86,0.86,1000,30.10
2007-10-23,0.97,0.99,0.86,0.90,2000,31.50
2007-10-22,0.97,0.97,0.97,0.97,300,33.95
2007-10-19,0.95,0.99,0.95,0.99,700,34.65
2007-10-18,1.00,1.00,0.97,0.98,500,34.30
2007-10-17,1.00,1.02,0.95,1.00,400,35.00
2007-10-16,1.01,1.01,0.98,1.00,1100,35.00
2007-10-15,1.07,1.10,1.01,1.01,700,35.35
2007-10-12,1.08,1.08,1.01,1.07,1300,37.45
2007-10-11,1.15,1.17,1.02,1.02,2100,35.70
2007-10-10,1.09,1.18,1.08,1.15,3800,40.25
2007-10-09,0.90,1.01,0.90,1.00,2700,35.00
2007-10-08,0.93,0.93,0.86,0.90,1400,31.50
2007-10-05,0.90,0.92,0.89,0.90,2300,31.50
2007-10-04,0.90,0.90,0.86,0.88,2300,30.80
2007-10-03,0.83,0.90,0.82,0.89,4000,31.15
2007-10-02,0.77,0.82,0.77,0.81,3200,28.35
2007-10-01,0.80,0.81,0.75,0.81,1100,28.35
2007-09-28,0.82,0.82,0.80,0.80,600,28.00
2007-09-27,0.77,0.84,0.76,0.78,1300,27.30
2007-09-26,0.78,0.80,0.75,0.78,1900,27.30
2007-09-25,0.87,0.87,0.83,0.84,900,29.40
2007-09-24,0.89,0.89,0.84,0.87,800,30.45
2007-09-21,0.90,0.93,0.90,0.90,2500,31.50
2007-09-20,0.72,0.95,0.72,0.88,3500,30.80
2007-09-19,0.70,0.72,0.69,0.72,3300,25.20
2007-09-18,0.68,0.72,0.68,0.72,1100,25.20
2007-09-17,0.69,0.70,0.69,0.70,1800,24.50
2007-09-14,0.77,0.77,0.70,0.70,5200,24.50
2007-09-13,0.77,0.77,0.71,0.77,900,26.95
2007-09-12,0.84,0.84,0.74,0.75,1900,26.25
2007-09-11,0.77,0.83,0.75,0.78,2500,27.30
2007-09-10,0.90,0.90,0.75,0.75,3500,26.25
2007-09-07,0.93,0.98,0.90,0.90,900,31.50
2007-09-06,0.90,0.98,0.85,0.98,1500,34.30
2007-09-05,0.95,0.95,0.95,0.95,900,33.25
2007-09-04,0.99,0.99,0.87,0.95,500,33.25
2007-08-31,0.86,0.99,0.86,0.99,3500,34.65
2007-08-30,0.87,0.95,0.86,0.86,1200,30.10
2007-08-29,0.73,0.98,0.71,0.94,3600,32.90
2007-08-28,0.80,0.80,0.55,0.75,28100,26.25
2007-08-27,0.90,0.90,0.78,0.79,7600,27.65
2007-08-24,0.93,0.93,0.87,0.87,2900,30.45
2007-08-23,1.01,1.01,0.90,0.93,15900,32.55
2007-08-22,1.12,1.15,0.99,0.99,3300,34.65
2007-08-21,1.13,1.17,1.11,1.13,8800,39.55
2007-08-20,1.11,1.12,1.10,1.10,400,38.50
2007-08-17,1.20,1.20,1.09,1.11,2800,38.85
2007-08-16,1.34,1.35,1.15,1.17,9700,40.95
2007-08-15,1.31,1.32,1.31,1.32,100,46.20
2007-08-14,1.31,1.31,1.31,1.31,100,45.85
2007-08-13,1.45,1.45,1.33,1.34,2200,46.90
2007-08-10,1.28,1.40,1.27,1.40,3000,49.00
2007-08-09,1.30,1.31,1.26,1.26,1200,44.10
2007-08-08,1.19,1.32,1.19,1.28,4700,44.80
2007-08-07,1.18,1.22,1.18,1.20,6700,42.00
2007-08-06,1.21,1.26,1.15,1.17,10800,40.95
2007-08-03,1.22,1.25,1.20,1.22,2400,42.70
2007-08-02,1.23,1.23,1.18,1.20,3500,42.00
2007-08-01,1.25,1.25,1.18,1.21,5800,42.35
2007-07-31,1.31,1.34,1.23,1.23,2600,43.05
2007-07-30,1.38,1.38,1.32,1.35,2100,47.25
2007-07-27,1.54,1.65,1.35,1.35,8400,47.25
2007-07-26,1.43,1.55,1.43,1.51,3500,52.85
2007-07-25,1.36,1.44,1.36,1.42,5600,49.70
2007-07-24,1.43,1.44,1.31,1.37,14400,47.95
2007-07-23,1.56,1.60,1.40,1.44,7900,50.40
2007-07-20,1.60,1.60,1.56,1.57,4300,54.95
2007-07-19,1.60,1.70,1.58,1.60,4200,56.00
2007-07-18,1.68,1.69,1.56,1.61,7500,56.35
2007-07-17,1.78,1.78,1.68,1.69,3600,59.15
2007-07-16,1.79,1.80,1.78,1.78,600,62.30
2007-07-13,1.79,1.80,1.78,1.79,1100,62.65
2007-07-12,1.82,1.82,1.77,1.78,3700,62.30
2007-07-11,1.83,1.83,1.76,1.80,4300,63.00
2007-07-10,1.82,1.85,1.82,1.82,5300,63.70
2007-07-09,1.84,1.85,1.80,1.82,3900,63.70
2007-07-06,1.74,1.91,1.74,1.83,4900,64.05
2007-07-05,1.90,1.90,1.72,1.74,17300,60.90
2007-07-03,1.99,2.00,1.90,1.90,2000,66.50
2007-07-02,2.18,2.18,1.96,2.00,6100,70.00
2007-06-29,2.13,2.24,2.12,2.17,13300,75.95
2007-06-28,2.02,2.13,2.02,2.10,5400,73.50
2007-06-27,2.03,2.03,1.98,2.03,6800,71.05
2007-06-26,1.90,2.00,1.90,1.99,3400,69.65
2007-06-25,1.90,1.91,1.89,1.90,2100,66.50
2007-06-22,1.93,1.96,1.89,1.91,4300,66.85
2007-06-21,1.89,1.91,1.89,1.90,3700,66.50
2007-06-20,1.95,1.95,1.86,1.88,4700,65.80
2007-06-19,1.90,1.97,1.90,1.95,3600,68.25
2007-06-18,1.97,2.04,1.90,1.90,5800,66.50
2007-06-15,1.95,2.00,1.84,1.90,5300,66.50
2007-06-14,2.10,2.12,1.89,1.90,10200,66.50
2007-06-13,2.13,2.15,2.06,2.09,3800,73.15
2007-06-12,2.15,2.18,2.12,2.14,2200,74.90
2007-06-11,2.17,2.18,2.15,2.16,1600,75.60
2007-06-08,2.19,2.24,2.14,2.14,5200,74.90
2007-06-07,2.30,2.33,2.19,2.20,3800,77.00
2007-06-06,2.50,2.50,2.25,2.35,6700,82.25
2007-06-05,2.66,2.69,2.49,2.58,17400,90.30
2007-06-04,2.67,2.69,2.65,2.65,700,92.75
2007-06-01,2.50,2.71,2.49,2.65,5600,92.75
2007-05-31,2.39,2.79,2.35,2.48,8800,86.80
2007-05-30,2.17,2.30,2.10,2.30,2700,80.50
2007-05-29,2.18,2.29,2.15,2.15,3700,75.25
2007-05-25,2.10,2.20,2.09,2.15,4400,75.25
2007-05-24,2.22,2.22,1.95,2.10,6700,73.50
2007-05-23,2.41,2.41,2.21,2.25,2100,78.75
2007-05-22,2.45,2.46,2.36,2.38,2400,83.30
2007-05-21,2.36,2.42,2.20,2.42,5900,84.70
2007-05-18,2.55,2.57,2.35,2.35,7600,82.25
2007-05-17,2.67,2.67,2.50,2.57,9400,89.95
2007-05-16,2.64,2.70,2.62,2.67,5800,93.45
2007-05-15,2.59,2.70,2.59,2.66,3400,93.10
2007-05-14,2.78,2.81,2.55,2.60,5300,91.00
2007-05-11,2.77,2.93,2.77,2.83,1500,99.05
2007-05-10,2.55,2.80,2.50,2.74,6600,95.90
2007-05-09,2.61,2.61,2.55,2.55,1600,89.25
2007-05-08,2.60,2.74,2.57,2.65,1400,92.75
2007-05-07,2.70,2.71,2.60,2.60,1100,91.00
2007-05-04,2.70,2.85,2.50,2.70,3500,94.50
2007-05-03,2.68,2.74,2.55,2.60,2300,91.00
2007-05-02,2.80,2.80,2.56,2.65,2200,92.75
2007-05-01,2.80,2.80,2.77,2.77,300,96.95
2007-04-30,2.76,3.05,2.76,2.76,4600,96.60
2007-04-27,2.59,2.73,2.55,2.73,2200,95.55
2007-04-26,2.70,2.70,2.57,2.62,1800,91.70
2007-04-25,2.72,2.78,2.67,2.70,13700,94.50
2007-04-24,2.80,2.80,2.58,2.70,8200,94.50
2007-04-23,2.90,2.90,2.80,2.80,2300,98.00
2007-04-20,2.90,2.95,2.90,2.90,700,101.49
2007-04-19,2.97,2.97,2.90,2.90,1900,101.49
2007-04-18,2.95,2.99,2.90,2.96,3600,103.59
2007-04-17,3.01,3.01,2.95,2.95,2400,103.24
2007-04-16,2.97,3.10,2.97,3.01,2900,105.34
2007-04-13,2.98,2.98,2.95,2.96,500,103.59
2007-04-12,3.04,3.08,2.98,2.98,1000,104.29
2007-04-11,3.02,3.05,3.00,3.02,2000,105.69
2007-04-10,3.06,3.06,2.90,3.03,11200,106.04
2007-04-09,3.11,3.12,3.04,3.07,2200,107.44
2007-04-05,3.18,3.18,3.05,3.10,3300,108.49
2007-04-04,3.19,3.19,3.00,3.17,1900,110.94
2007-04-03,2.95,3.15,2.95,3.15,4500,110.24
2007-04-02,2.89,3.02,2.85,2.95,11700,103.24
2007-03-30,2.82,2.90,2.75,2.89,7900,101.14
2007-03-29,2.53,2.80,2.49,2.79,9700,97.65
2007-03-28,2.72,2.75,2.45,2.53,12300,88.55
2007-03-27,2.85,3.00,2.68,2.68,2100,93.80
2007-03-26,2.70,3.02,2.64,2.85,10000,99.75
2007-03-23,2.83,2.83,2.42,2.64,23200,92.40
2007-03-22,3.01,3.01,2.79,2.80,10100,98.00
2007-03-21,3.00,3.03,2.92,2.95,6400,103.24
2007-03-20,3.06,3.10,2.86,2.95,7400,103.24
2007-03-19,3.45,3.46,3.07,3.10,3300,108.49
2007-03-16,3.75,3.80,3.35,3.45,2300,120.74
2007-03-15,3.55,3.74,3.55,3.70,4400,129.49
2007-03-14,3.52,3.55,3.37,3.55,2700,124.24
2007-03-13,3.58,3.58,3.40,3.50,900,122.49
2007-03-12,3.80,3.80,3.58,3.58,1200,125.29
2007-03-09,3.80,3.80,3.68,3.68,1100,128.79
2007-03-08,3.68,3.80,3.68,3.68,3700,128.79
2007-03-07,3.80,3.90,3.60,3.60,1900,125.99
2007-03-06,3.36,3.85,3.36,3.70,6100,129.49
2007-03-05,3.63,3.70,3.27,3.38,6700,118.29
2007-03-02,3.72,3.85,3.59,3.65,10200,127.74
2007-03-01,4.02,4.02,3.70,3.75,5500,131.24
2007-02-28,4.18,4.25,4.03,4.03,10600,141.04
2007-02-27,4.49,4.49,4.08,4.20,13100,146.99
2007-02-26,4.06,4.41,4.06,4.40,7700,153.99
2007-02-23,3.99,4.08,3.98,4.05,11100,141.74
2007-02-22,4.06,4.10,3.85,3.99,3700,139.64
2007-02-21,4.17,4.21,4.08,4.14,7500,144.89
2007-02-20,3.90,4.20,3.90,4.15,3800,145.24
2007-02-16,3.93,4.09,3.80,3.94,5700,137.89
2007-02-15,3.88,3.96,3.88,3.90,4100,136.49
2007-02-14,3.77,3.87,3.65,3.85,6200,134.74
2007-02-13,3.88,3.88,3.65,3.80,5100,132.99
2007-02-12,4.03,4.10,3.80,3.88,6900,135.79
2007-02-09,3.76,4.13,3.65,3.90,17500,136.49
2007-02-08,3.32,3.79,3.29,3.75,21900,131.24
2007-02-07,3.19,3.29,3.17,3.23,17900,113.04
2007-02-06,3.20,3.20,3.08,3.15,2400,110.24
2007-02-05,3.15,3.22,3.08,3.19,5700,111.64
2007-02-02,3.10,3.20,3.08,3.10,1200,108.49
2007-02-01,3.05,3.20,3.00,3.10,5300,108.49
2007-01-31,2.91,3.15,2.90,3.03,3000,106.04
2007-01-30,3.02,3.08,2.86,2.89,5800,101.14
2007-01-29,3.48,3.48,2.97,3.10,15600,108.49
2007-01-26,2.65,2.92,2.65,2.89,1500,101.14
2007-01-25,2.75,2.80,2.62,2.75,7500,96.25
2007-01-24,2.75,2.83,2.70,2.70,2600,94.50
2007-01-23,2.79,2.80,2.74,2.74,3600,95.90
2007-01-22,2.80,2.80,2.74,2.74,400,95.90
2007-01-19,3.00,3.07,2.78,2.80,2800,98.00
2007-01-18,3.00,3.05,2.96,2.97,4300,103.94
2007-01-17,2.78,3.00,2.76,2.99,1200,104.64
2007-01-16,3.05,3.08,2.77,2.80,6100,98.00
2007-01-12,3.00,3.03,2.99,3.00,1400,104.99
2007-01-11,2.75,3.00,2.75,2.99,1600,104.64
2007-01-10,2.60,2.75,2.58,2.75,700,96.25
2007-01-09,2.66,2.70,2.60,2.61,2300,91.35
2007-01-08,2.80,2.80,2.65,2.65,2300,92.75
2007-01-05,2.77,2.95,2.75,2.75,7500,96.25
2007-01-04,2.65,2.75,2.62,2.71,12000,94.85
2007-01-03,3.05,3.05,2.60,2.70,9000,94.50
2006-12-29,2.99,3.05,2.82,3.05,20500,106.74
2006-12-28,3.40,3.40,2.93,3.00,17500,104.99
2006-12-27,3.37,3.42,3.37,3.42,1300,119.69
2006-12-26,3.28,3.39,3.28,3.34,1600,116.89
2006-12-22,3.36,3.39,3.27,3.36,2700,117.59
2006-12-21,3.21,3.36,3.21,3.36,8800,117.59
2006-12-20,3.10,3.20,3.10,3.20,8500,111.99
2006-12-19,3.05,3.11,3.05,3.06,1500,107.09
2006-12-18,2.99,3.08,2.97,3.05,1900,106.74
2006-12-15,3.05,3.05,2.93,2.93,500,102.54
2006-12-14,3.05,3.09,3.00,3.00,700,104.99
2006-12-13,3.04,3.05,3.04,3.05,000,106.74
2006-12-12,3.00,3.05,2.99,2.99,1100,104.64
2006-12-11,2.90,3.09,2.90,3.01,11300,105.34
2006-12-08,2.89,2.89,2.89,2.89,200,101.14
2006-12-07,2.85,2.89,2.74,2.80,1300,98.00
2006-12-06,2.92,2.92,2.90,2.90,1200,101.49
2006-12-05,2.91,2.95,2.85,2.85,1000,99.75
2006-12-04,2.92,2.92,2.85,2.91,500,101.84
2006-12-01,2.80,2.93,2.78,2.82,4200,98.70
2006-11-30,2.38,2.85,2.36,2.85,7300,99.75
2006-11-29,2.45,2.60,2.30,2.30,1100,80.50
2006-11-28,2.50,2.50,2.37,2.45,900,85.75
2006-11-27,2.70,2.72,2.60,2.60,2100,91.00
2006-11-24,2.79,2.79,2.65,2.65,400,92.75
2006-11-22,2.70,2.80,2.65,2.79,2800,97.65
2006-11-21,2.65,2.72,2.60,2.72,700,95.20
2006-11-20,2.74,2.74,2.57,2.60,400,91.00
2006-11-17,2.65,2.75,2.45,2.74,3900,95.90
2006-11-16,2.00,2.73,2.00,2.72,8700,95.20
2006-11-15,2.00,2.00,1.92,2.00,400,70.00
2006-11-14,2.00,2.03,2.00,2.03,100,71.05
2006-11-13,2.05,2.10,1.96,1.96,700,68.60
2006-11-10,2.02,2.05,2.02,2.04,200,71.40
2006-11-09,2.05,2.05,2.00,2.00,900,70.00
2006-11-08,1.82,2.10,1.82,2.00,4800,70.00
2006-11-07,2.20,2.20,1.90,2.00,1800,70.00
2006-11-06,2.30,2.30,2.20,2.25,200,78.75
2006-11-03,2.25,2.25,2.21,2.21,100,77.35
2006-11-02,2.38,2.38,2.35,2.35,200,82.25
2006-11-01,2.45,2.50,2.38,2.38,200,83.30
2006-10-31,2.30,2.45,2.25,2.45,600,85.75
2006-10-30,2.40,2.40,2.25,2.30,500,80.50
2006-10-27,2.40,2.40,2.40,2.40,000,84.00
2006-10-26,2.50,2.50,2.40,2.40,1000,84.00
2006-10-25,2.55,2.55,2.55,2.55,000,89.25
2006-10-24,2.45,2.45,2.45,2.45,000,85.75
2006-10-23,2.55,2.57,2.53,2.57,200,89.95
2006-10-20,2.60,2.60,2.50,2.53,300,88.55
2006-10-19,2.60,2.70,2.50,2.65,2100,92.75
2006-10-18,2.55,2.65,2.40,2.50,900,87.50
2006-10-17,2.74,2.74,2.50,2.60,2200,91.00
2006-10-16,2.64,2.70,2.57,2.57,1700,89.95
2006-10-13,2.64,2.70,2.64,2.65,1600,92.75
2006-10-12,2.45,2.70,2.45,2.69,5500,94.15
2006-10-11,2.40,2.50,2.40,2.50,3000,87.50
2006-10-10,2.65,2.74,2.25,2.40,4400,84.00
2006-10-09,2.30,2.70,2.30,2.52,20500,88.20
2006-10-06,2.25,2.25,2.20,2.22,1000,77.70
2006-10-05,2.25,2.25,2.25,2.25,000,78.75
2006-10-04,2.47,2.47,2.21,2.25,2100,78.75
2006-10-03,2.40,2.55,2.39,2.44,3000,85.40
2006-10-02,2.45,2.45,2.37,2.37,100,82.95
2006-09-29,2.45,2.50,2.40,2.40,1700,84.00
2006-09-28,2.45,2.45,2.37,2.45,400,85.75
2006-09-27,2.49,2.50,2.32,2.45,600,85.75
2006-09-26,2.21,2.55,2.20,2.50,1500,87.50
2006-09-25,2.55,2.55,2.43,2.45,200,85.75
2006-09-22,2.30,2.49,2.17,2.49,1200,87.15
2006-09-21,2.45,2.54,2.35,2.54,1100,88.90
2006-09-20,2.49,2.50,2.38,2.40,1900,84.00
2006-09-19,2.39,2.65,2.35,2.56,1000,89.60
2006-09-18,2.25,2.45,2.25,2.40,900,84.00
2006-09-15,2.24,2.25,2.24,2.25,300,78.75
2006-09-14,2.25,2.25,2.24,2.25,1000,78.75
2006-09-13,2.25,2.34,2.20,2.25,2100,78.75
2006-09-12,2.34,2.34,2.20,2.25,1000,78.75
2006-09-11,2.25,2.35,2.17,2.17,800,75.95
2006-09-08,2.00,2.25,2.00,2.25,2600,78.75
2006-09-07,1.95,2.15,1.85,2.05,2100,71.75
2006-09-06,2.10,2.10,1.98,2.01,1600,70.35
2006-09-05,2.00,2.13,1.92,2.13,2400,74.55
2006-09-01,1.80,1.99,1.80,1.99,500,69.65
2006-08-31,1.73,1.95,1.72,1.88,1600,65.80
2006-08-30,1.45,1.74,1.45,1.72,3500,60.20
2006-08-29,1.40,1.56,1.20,1.40,2100,49.00
2006-08-28,1.65,1.65,1.25,1.35,3500,47.25
2006-08-25,1.75,1.75,1.73,1.75,400,61.25
2006-08-24,1.94,1.95,1.76,1.76,400,61.60
2006-08-23,1.75,1.90,1.75,1.75,700,61.25
2006-08-22,1.61,1.61,1.60,1.60,500,56.00
2006-08-21,1.73,1.75,1.72,1.72,100,60.20
2006-08-18,1.55,1.72,1.55,1.72,200,60.20
2006-08-17,1.75,1.75,1.50,1.55,1500,54.25
2006-08-16,1.75,1.95,1.75,1.80,800,63.00
2006-08-15,1.76,1.80,1.70,1.75,800,61.25
2006-08-14,1.92,1.95,1.80,1.90,1300,66.50
2006-08-11,1.97,1.97,1.97,1.97,000,68.95
2006-08-10,2.15,2.20,1.85,1.97,3000,68.95
2006-08-09,2.30,2.30,2.05,2.10,1200,73.50
2006-08-08,2.40,2.40,2.27,2.30,700,80.50
2006-08-07,2.46,2.50,2.30,2.50,500,87.50
2006-08-04,2.60,2.60,2.50,2.50,600,87.50
2006-08-03,2.51,2.55,2.40,2.55,1700,89.25
2006-08-02,2.67,2.70,2.60,2.60,600,91.00
2006-08-01,2.83,2.83,2.60,2.70,400,94.50
2006-07-31,3.00,3.00,2.80,2.97,400,103.94
2006-07-28,2.75,3.15,2.74,3.00,1900,104.99
2006-07-27,2.75,2.83,2.75,2.80,200,98.00
2006-07-26,2.80,2.85,2.80,2.85,100,99.75
2006-07-25,2.80,2.80,2.80,2.80,000,98.00
2006-07-24,2.75,2.85,2.45,2.85,500,99.75
2006-07-21,2.75,2.85,2.50,2.85,800,99.75
2006-07-20,2.85,2.90,2.75,2.90,200,101.49
2006-07-19,3.05,3.05,2.85,2.85,400,99.75
2006-07-18,3.00,3.00,2.80,2.95,500,103.24
2006-07-17,2.90,2.93,2.78,2.90,1100,101.49
2006-07-14,3.00,3.05,2.96,3.05,600,106.74
2006-07-13,3.10,3.25,2.84,2.90,3400,101.49
2006-07-12,3.25,3.45,3.07,3.10,600,108.49
2006-07-11,3.28,3.28,3.16,3.20,200,111.99
2006-07-10,3.40,3.40,3.40,3.40,000,118.99
2006-07-07,3.12,3.43,3.11,3.43,1000,120.04
2006-07-06,3.40,3.44,3.26,3.30,1200,115.49
2006-07-05,3.25,3.38,3.15,3.38,1800,118.29
2006-07-03,3.21,3.30,3.20,3.30,1100,115.49
2006-06-30,2.99,3.25,2.99,3.21,5300,112.34
2006-06-29,2.94,3.03,2.90,2.95,10500,103.24
2006-06-28,2.80,2.90,2.80,2.85,3200,99.75
2006-06-27,2.65,2.80,2.61,2.65,1400,92.75
2006-06-26,2.65,2.65,2.60,2.60,200,91.00
2006-06-23,2.65,2.70,2.50,2.60,2300,91.00
2006-06-22,2.76,2.78,2.60,2.60,2800,91.00
2006-06-21,2.85,2.92,2.65,2.77,5500,96.95
2006-06-20,2.75,2.91,2.70,2.75,5100,96.25
2006-06-19,2.90,2.90,2.30,2.75,7200,96.25
2006-06-16,2.30,2.90,2.30,2.90,6000,101.49
2006-06-15,2.30,2.45,2.27,2.38,700,83.30
2006-06-14,2.40,2.40,2.20,2.25,1600,78.75
2006-06-13,2.50,2.50,2.40,2.40,200,84.00
2006-06-12,2.65,2.70,2.50,2.50,400,87.50
2006-06-09,2.75,2.80,2.60,2.70,1500,94.50
2006-06-08,2.42,2.93,2.30,2.75,4800,96.25
2006-06-07,1.95,2.51,1.95,2.49,7500,87.15
2006-06-06,1.95,1.95,1.95,1.95,900,68.25
2006-06-05,2.00,2.01,1.94,1.95,1900,68.25
2006-06-02,2.10,2.10,1.98,2.00,2200,70.00
2006-06-01,1.95,1.96,1.89,1.94,9300,67.90
2006-05-31,2.07,2.10,1.85,1.95,5700,68.25
2006-05-30,2.20,2.20,2.05,2.05,1400,71.75
2006-05-26,2.15,2.20,2.00,2.15,20200,75.25
2006-05-25,2.25,2.30,2.05,2.20,1600,77.00
2006-05-24,2.40,2.40,2.10,2.20,1700,77.00
2006-05-23,2.41,2.51,2.30,2.40,1800,84.00
2006-05-22,2.71,2.71,2.40,2.42,1000,84.70
2006-05-19,2.58,2.72,2.55,2.72,300,95.20
2006-05-18,2.52,2.68,2.50,2.68,4000,93.80
2006-05-17,2.50,2.54,2.49,2.53,2600,88.55
2006-05-16,2.51,2.51,2.40,2.50,800,87.50
2006-05-15,2.65,2.65,2.48,2.48,1900,86.80
2006-05-12,2.72,2.72,2.70,2.70,300,94.50
2006-05-11,2.68,2.75,2.68,2.72,400,95.20
2006-05-10,2.87,3.07,2.67,2.67,17600,93.45
2006-05-09,2.92,2.92,2.80,2.90,700,101.49
2006-05-08,2.97,2.97,2.95,2.97,1000,103.94
2006-05-05,2.90,2.95,2.90,2.95,1300,103.24
2006-05-04,2.85,2.90,2.85,2.89,1000,101.14
2006-05-03,2.60,2.93,2.60,2.80,5600,98.00
2006-05-02,3.00,3.10,2.48,2.48,27300,86.80
2006-05-01,3.10,3.10,3.00,3.00,1300,104.99
2006-04-28,3.00,3.15,3.00,3.10,5500,108.49
2006-04-27,3.17,3.20,2.95,2.98,6700,104.29
2006-04-26,3.06,3.20,3.05,3.20,4200,111.99
2006-04-25,3.60,3.60,2.95,3.05,6900,106.74
2006-04-24,3.79,3.84,3.55,3.55,500,124.24
2006-04-21,3.50,3.76,3.49,3.76,2300,131.59
2006-04-20,3.20,3.55,3.15,3.50,3300,122.49
2006-04-19,3.08,3.21,3.01,3.20,2100,111.99
2006-04-18,2.87,3.06,2.87,3.06,1900,107.09
2006-04-17,2.86,2.87,2.86,2.87,100,100.44
2006-04-13,2.85,2.85,2.85,2.85,000,99.75
2006-04-12,2.93,2.95,2.83,2.84,200,99.40
2006-04-11,2.90,2.95,2.90,2.95,100,103.24
2006-04-10,2.95,2.95,2.95,2.95,000,103.24
2006-04-07,2.97,2.97,2.88,2.88,800,100.79
2006-04-06,2.95,2.97,2.95,2.97,300,103.94
2006-04-05,2.90,3.00,2.90,3.00,800,104.99
2006-04-04,2.85,2.85,2.80,2.80,100,98.00
2006-04-03,2.99,3.00,2.90,2.90,1000,101.49
2006-03-31,2.95,2.95,2.95,2.95,200,103.24
2006-03-30,3.00,3.00,2.95,2.95,600,103.24
2006-03-29,2.76,3.06,2.76,3.04,1800,106.39
2006-03-28,2.82,2.82,2.76,2.76,400,96.60
2006-03-27,2.90,2.90,2.82,2.82,600,98.70
2006-03-24,2.95,2.95,2.90,2.91,700,101.84
2006-03-23,2.91,2.95,2.91,2.95,100,103.24
2006-03-22,2.95,2.95,2.90,2.95,100,103.24
2006-03-21,3.00,3.00,2.99,3.00,1200,104.99
2006-03-20,2.95,3.00,2.95,3.00,300,104.99
2006-03-17,2.90,3.00,2.90,3.00,200,104.99
2006-03-16,3.00,3.07,2.50,3.00,11500,104.99
2006-03-15,3.16,3.16,3.00,3.06,1400,107.09
2006-03-14,3.23,3.24,3.13,3.13,700,109.54
2006-03-13,3.10,3.25,3.10,3.23,6900,113.04
2006-03-10,3.00,3.00,3.00,3.00,000,104.99
2006-03-09,3.00,3.01,3.00,3.00,200,104.99
2006-03-08,2.99,3.15,2.89,3.15,800,110.24
2006-03-07,2.95,3.05,2.95,3.00,1800,104.99
2006-03-06,3.05,3.05,2.85,2.85,200,99.75
2006-03-03,2.98,3.05,2.98,3.04,900,106.39
2006-03-02,2.89,3.00,2.89,2.95,500,103.24
2006-03-01,2.70,2.89,2.70,2.89,400,101.14
2006-02-28,2.80,2.80,2.75,2.80,200,98.00
2006-02-27,2.70,2.80,2.70,2.80,100,98.00
2006-02-24,2.60,2.80,2.60,2.69,1000,94.15
2006-02-23,2.60,2.65,2.55,2.60,500,91.00
2006-02-22,2.58,2.60,2.58,2.60,200,91.00
2006-02-21,2.55,2.55,2.50,2.50,200,87.50
2006-02-17,2.55,2.56,2.51,2.55,600,89.25
2006-02-16,2.45,2.59,2.45,2.59,100,90.65
2006-02-15,2.40,2.45,2.38,2.45,700,85.75
2006-02-14,2.55,2.55,2.40,2.40,300,84.00
2006-02-13,2.55,2.55,2.55,2.55,100,89.25
2006-02-10,2.61,2.61,2.60,2.60,200,91.00
2006-02-09,2.75,2.75,2.58,2.61,300,91.35
2006-02-08,2.75,2.76,2.35,2.60,900,91.00
2006-02-07,2.94,2.94,2.75,2.75,200,96.25
2006-02-06,3.10,3.10,2.98,2.98,600,104.29
2006-02-03,3.15,3.15,3.10,3.10,000,108.49
2006-02-02,3.15,3.20,3.10,3.10,100,108.49
2006-02-01,3.05,3.19,3.05,3.19,300,111.64
2006-01-31,2.98,3.20,2.98,3.15,600,110.24
2006-01-30,3.06,3.06,3.00,3.00,700,104.99
2006-01-27,3.05,3.07,3.00,3.05,500,106.74
2006-01-26,3.00,3.07,3.00,3.07,300,107.44
2006-01-25,3.06,3.06,3.05,3.05,100,106.74
2006-01-24,3.25,3.28,3.20,3.20,700,111.99
2006-01-23,2.97,3.25,2.97,3.25,300,113.74
2006-01-20,2.91,3.00,2.91,2.97,300,103.94
2006-01-19,3.10,3.10,2.90,2.92,700,102.19
2006-01-18,3.20,3.20,3.15,3.15,200,110.24
2006-01-17,3.36,3.38,3.10,3.16,700,110.59
2006-01-13,3.38,3.38,3.36,3.36,000,117.59
2006-01-12,3.45,3.47,3.40,3.40,500,118.99
2006-01-11,3.45,3.45,3.35,3.39,100,118.64
2006-01-10,3.45,3.50,3.45,3.50,100,122.49
2006-01-09,3.55,3.65,3.45,3.45,800,120.74
2006-01-06,3.55,3.60,3.50,3.55,200,124.24
2006-01-05,3.49,3.55,3.49,3.55,500,124.24
2006-01-04,3.45,3.50,3.41,3.48,500,121.79
2006-01-03,3.33,3.50,3.33,3.50,1100,122.49
2005-12-30,3.25,3.30,3.20,3.30,900,115.49
2005-12-29,3.00,3.30,2.98,3.30,1200,115.49
2005-12-28,3.25,3.25,3.00,3.00,600,104.99
2005-12-27,3.22,3.29,3.20,3.20,100,111.99
2005-12-23,3.25,3.25,3.20,3.23,100,113.04
2005-12-22,3.15,3.18,3.10,3.15,200,110.24
2005-12-21,3.22,3.22,3.20,3.20,100,111.99
2005-12-20,3.20,3.25,3.20,3.25,700,113.74
2005-12-19,3.15,3.30,3.05,3.10,300,108.49
2005-12-16,3.10,3.20,3.01,3.05,100,106.74
2005-12-15,3.20,3.25,3.00,3.00,200,104.99
2005-12-14,3.15,3.30,3.10,3.10,1900,108.49
2005-12-13,3.10,3.15,3.10,3.15,500,110.24
2005-12-12,3.20,3.20,3.10,3.10,800,108.49
2005-12-09,3.21,3.28,3.20,3.22,300,112.69
2005-12-08,3.25,3.25,3.25,3.25,000,113.74
2005-12-07,3.30,3.30,3.25,3.25,700,113.74
2005-12-06,3.45,3.45,3.30,3.30,1700,115.49
2005-12-05,3.40,3.55,3.40,3.52,800,123.19
2005-12-02,3.25,3.40,3.22,3.40,1800,118.99
2005-12-01,3.10,3.25,3.00,3.25,1700,113.74
2005-11-30,3.25,3.40,3.10,3.10,1500,108.49
2005-11-29,3.45,3.50,2.65,3.25,7200,113.74
2005-11-28,3.64,3.80,3.20,3.40,3200,118.99
2005-11-25,3.75,3.80,3.65,3.70,400,129.49
2005-11-23,3.85,4.20,3.60,3.80,1600,132.99
2005-11-22,3.55,3.60,3.55,3.60,100,125.99
2005-11-21,3.65,3.75,3.55,3.60,600,125.99
2005-11-18,3.50,3.65,3.40,3.65,2000,127.74
2005-11-17,3.80,3.80,3.40,3.45,1100,120.74
2005-11-16,3.50,3.95,3.50,3.80,800,132.99
2005-11-15,3.55,3.55,3.50,3.50,400,122.49
2005-11-14,3.56,3.60,3.55,3.55,300,124.24
2005-11-11,3.50,3.55,3.45,3.50,1000,122.49
2005-11-10,3.40,3.45,3.31,3.45,1000,120.74
